161681.50	0.000e+00	0.000e+00	0.000e+00
161682.50	0.000e+00	0.000e+00	0.000e+00
161683.50	0.000e+00	0.000e+00	0.000e+00
161684.50	0.000e+00	0.000e+00	0.000e+00
161685.50	0.000e+00	0.000e+00	0.000e+00
161686.50	0.000e+00	0.000e+00	0.000e+00
161687.50	0.000e+00	0.000e+00	0.000e+00
161688.50	0.000e+00	0.000e+00	0.000e+00
161689.50	0.000e+00	0.000e+00	0.000e+00
161690.50	0.000e+00	0.000e+00	0.000e+00
161691.50	0.000e+00	0.000e+00	0.000e+00
161692.50	0.000e+00	0.000e+00	0.000e+00
161693.50	0.000e+00	0.000e+00	0.000e+00
161694.50	0.000e+00	0.000e+00	0.000e+00
161695.50	0.000e+00	0.000e+00	0.000e+00
161696.50	0.000e+00	0.000e+00	0.000e+00
161697.50	0.000e+00	0.000e+00	0.000e+00
161698.50	0.000e+00	0.000e+00	0.000e+00
161699.50	0.000e+00	0.000e+00	0.000e+00
161700.50	0.000e+00	0.000e+00	0.000e+00
161701.50	0.000e+00	0.000e+00	0.000e+00
161702.50	0.000e+00	0.000e+00	0.000e+00
161703.50	0.000e+00	0.000e+00	0.000e+00
161704.50	0.000e+00	0.000e+00	0.000e+00
161705.50	0.000e+00	0.000e+00	0.000e+00
161706.50	0.000e+00	0.000e+00	0.000e+00
161707.50	0.000e+00	0.000e+00	0.000e+00
161708.50	0.000e+00	0.000e+00	0.000e+00
161709.50	0.000e+00	0.000e+00	0.000e+00
161710.50	0.000e+00	0.000e+00	0.000e+00
161711.50	0.000e+00	0.000e+00	0.000e+00
161712.50	0.000e+00	0.000e+00	0.000e+00
161713.50	0.000e+00	0.000e+00	0.000e+00
161714.50	0.000e+00	0.000e+00	0.000e+00
161715.50	0.000e+00	0.000e+00	0.000e+00
161716.50	0.000e+00	0.000e+00	0.000e+00
161717.50	0.000e+00	0.000e+00	0.000e+00
161718.50	0.000e+00	0.000e+00	0.000e+00
161719.50	0.000e+00	0.000e+00	0.000e+00
161720.50	0.000e+00	0.000e+00	0.000e+00
161721.50	0.000e+00	0.000e+00	0.000e+00
161722.50	0.000e+00	0.000e+00	0.000e+00
161723.50	0.000e+00	0.000e+00	0.000e+00
161724.50	0.000e+00	0.000e+00	0.000e+00
161725.50	0.000e+00	0.000e+00	0.000e+00
161726.50	0.000e+00	0.000e+00	0.000e+00
161727.50	0.000e+00	0.000e+00	0.000e+00
161728.50	0.000e+00	0.000e+00	0.000e+00
161729.50	0.000e+00	0.000e+00	0.000e+00
161730.50	0.000e+00	0.000e+00	0.000e+00
161731.50	0.000e+00	0.000e+00	0.000e+00
161732.50	0.000e+00	0.000e+00	0.000e+00
161733.50	0.000e+00	0.000e+00	0.000e+00
161734.50	0.000e+00	0.000e+00	0.000e+00
161735.50	0.000e+00	0.000e+00	0.000e+00
161736.50	0.000e+00	0.000e+00	0.000e+00
161737.50	0.000e+00	0.000e+00	0.000e+00
161738.50	0.000e+00	0.000e+00	0.000e+00
161739.50	0.000e+00	0.000e+00	0.000e+00
161740.50	0.000e+00	0.000e+00	0.000e+00
161741.50	0.000e+00	0.000e+00	0.000e+00
161742.50	0.000e+00	0.000e+00	0.000e+00
161743.50	0.000e+00	0.000e+00	0.000e+00
161744.50	0.000e+00	0.000e+00	0.000e+00
161745.50	0.000e+00	0.000e+00	0.000e+00
161746.50	0.000e+00	0.000e+00	0.000e+00
161747.50	0.000e+00	0.000e+00	0.000e+00
161748.50	0.000e+00	0.000e+00	0.000e+00
161749.50	0.000e+00	0.000e+00	0.000e+00
161750.50	0.000e+00	0.000e+00	0.000e+00
161751.50	0.000e+00	0.000e+00	0.000e+00
161752.50	0.000e+00	0.000e+00	0.000e+00
161753.50	0.000e+00	0.000e+00	0.000e+00
161754.50	0.000e+00	0.000e+00	0.000e+00
161755.50	0.000e+00	0.000e+00	0.000e+00
161756.50	0.000e+00	0.000e+00	0.000e+00
161757.50	0.000e+00	0.000e+00	0.000e+00
161758.50	0.000e+00	0.000e+00	0.000e+00
161759.50	0.000e+00	0.000e+00	0.000e+00
161760.50	0.000e+00	0.000e+00	0.000e+00
161761.50	0.000e+00	0.000e+00	0.000e+00
161762.50	0.000e+00	0.000e+00	0.000e+00
161763.50	0.000e+00	0.000e+00	0.000e+00
161764.50	0.000e+00	0.000e+00	0.000e+00
161765.50	0.000e+00	0.000e+00	0.000e+00
161766.50	0.000e+00	0.000e+00	0.000e+00
161767.50	0.000e+00	0.000e+00	0.000e+00
161768.50	0.000e+00	0.000e+00	0.000e+00
161769.50	0.000e+00	0.000e+00	0.000e+00
161770.50	0.000e+00	0.000e+00	0.000e+00
161771.50	0.000e+00	0.000e+00	0.000e+00
161772.50	0.000e+00	0.000e+00	0.000e+00
161773.50	0.000e+00	0.000e+00	0.000e+00
161774.50	0.000e+00	0.000e+00	0.000e+00
161775.50	0.000e+00	0.000e+00	0.000e+00
161776.50	0.000e+00	0.000e+00	0.000e+00
161777.50	0.000e+00	0.000e+00	0.000e+00
161778.50	0.000e+00	0.000e+00	0.000e+00
161779.50	0.000e+00	0.000e+00	0.000e+00
161780.50	0.000e+00	0.000e+00	0.000e+00
161781.50	0.000e+00	0.000e+00	0.000e+00
161782.50	0.000e+00	0.000e+00	0.000e+00
161783.50	0.000e+00	0.000e+00	0.000e+00
161784.50	0.000e+00	0.000e+00	0.000e+00
161785.50	0.000e+00	0.000e+00	0.000e+00
161786.50	0.000e+00	0.000e+00	0.000e+00
161787.50	0.000e+00	0.000e+00	0.000e+00
161788.50	0.000e+00	0.000e+00	0.000e+00
161789.50	0.000e+00	0.000e+00	0.000e+00
161790.50	0.000e+00	0.000e+00	0.000e+00
161791.50	0.000e+00	0.000e+00	0.000e+00
161792.50	0.000e+00	0.000e+00	0.000e+00
161793.50	0.000e+00	0.000e+00	0.000e+00
161794.50	0.000e+00	0.000e+00	0.000e+00
161795.50	0.000e+00	0.000e+00	0.000e+00
161796.50	0.000e+00	0.000e+00	0.000e+00
161797.50	0.000e+00	0.000e+00	0.000e+00
161798.50	0.000e+00	0.000e+00	0.000e+00
161799.50	0.000e+00	0.000e+00	0.000e+00
161800.50	0.000e+00	0.000e+00	0.000e+00
161801.50	0.000e+00	0.000e+00	0.000e+00
161802.50	0.000e+00	0.000e+00	0.000e+00
161803.50	0.000e+00	0.000e+00	0.000e+00
161804.50	0.000e+00	0.000e+00	0.000e+00
161805.50	0.000e+00	0.000e+00	0.000e+00
161806.50	0.000e+00	0.000e+00	0.000e+00
161807.50	0.000e+00	0.000e+00	0.000e+00
161808.50	0.000e+00	0.000e+00	0.000e+00
161809.50	0.000e+00	0.000e+00	0.000e+00
161810.50	0.000e+00	0.000e+00	0.000e+00
161811.50	0.000e+00	0.000e+00	0.000e+00
161812.50	0.000e+00	0.000e+00	0.000e+00
161813.50	0.000e+00	0.000e+00	0.000e+00
161814.50	0.000e+00	0.000e+00	0.000e+00
161815.50	0.000e+00	0.000e+00	0.000e+00
161816.50	0.000e+00	0.000e+00	0.000e+00
161817.50	0.000e+00	0.000e+00	0.000e+00
161818.50	0.000e+00	0.000e+00	0.000e+00
161819.50	0.000e+00	0.000e+00	0.000e+00
161820.50	0.000e+00	0.000e+00	0.000e+00
161821.50	0.000e+00	0.000e+00	0.000e+00
161822.50	0.000e+00	0.000e+00	0.000e+00
161823.50	0.000e+00	0.000e+00	0.000e+00
161824.50	0.000e+00	0.000e+00	0.000e+00
161825.50	0.000e+00	0.000e+00	0.000e+00
161826.50	0.000e+00	0.000e+00	0.000e+00
161827.50	0.000e+00	0.000e+00	0.000e+00
161828.50	0.000e+00	0.000e+00	0.000e+00
161829.50	0.000e+00	0.000e+00	0.000e+00
161830.50	0.000e+00	0.000e+00	0.000e+00
161831.50	0.000e+00	0.000e+00	0.000e+00
161832.50	0.000e+00	0.000e+00	0.000e+00
161833.50	0.000e+00	0.000e+00	0.000e+00
161834.50	0.000e+00	0.000e+00	0.000e+00
161835.50	0.000e+00	0.000e+00	0.000e+00
161836.50	0.000e+00	0.000e+00	0.000e+00
161837.50	0.000e+00	0.000e+00	0.000e+00
161838.50	0.000e+00	0.000e+00	0.000e+00
161839.50	0.000e+00	0.000e+00	0.000e+00
161840.50	0.000e+00	0.000e+00	0.000e+00
161841.50	0.000e+00	0.000e+00	0.000e+00
161842.50	0.000e+00	0.000e+00	0.000e+00
161843.50	0.000e+00	0.000e+00	0.000e+00
161844.50	0.000e+00	0.000e+00	0.000e+00
161845.50	0.000e+00	0.000e+00	0.000e+00
161846.50	0.000e+00	0.000e+00	0.000e+00
161847.50	0.000e+00	0.000e+00	0.000e+00
161848.50	0.000e+00	0.000e+00	0.000e+00
161849.50	0.000e+00	0.000e+00	0.000e+00
161850.50	0.000e+00	0.000e+00	0.000e+00
161851.50	0.000e+00	0.000e+00	0.000e+00
161852.50	0.000e+00	0.000e+00	0.000e+00
161853.50	0.000e+00	0.000e+00	0.000e+00
161854.50	0.000e+00	0.000e+00	0.000e+00
161855.50	0.000e+00	0.000e+00	0.000e+00
161856.50	0.000e+00	0.000e+00	0.000e+00
161857.50	0.000e+00	0.000e+00	0.000e+00
161858.50	0.000e+00	0.000e+00	0.000e+00
161859.50	0.000e+00	0.000e+00	0.000e+00
161860.50	0.000e+00	0.000e+00	0.000e+00
161861.50	0.000e+00	0.000e+00	0.000e+00
161862.50	0.000e+00	0.000e+00	0.000e+00
161863.50	0.000e+00	0.000e+00	0.000e+00
161864.50	0.000e+00	0.000e+00	0.000e+00
161865.50	0.000e+00	0.000e+00	0.000e+00
161866.50	0.000e+00	0.000e+00	0.000e+00
161867.50	0.000e+00	0.000e+00	0.000e+00
161868.50	0.000e+00	0.000e+00	0.000e+00
161869.50	0.000e+00	0.000e+00	0.000e+00
161870.50	0.000e+00	0.000e+00	0.000e+00
161871.50	0.000e+00	0.000e+00	0.000e+00
161872.50	0.000e+00	0.000e+00	0.000e+00
161873.50	0.000e+00	0.000e+00	0.000e+00
161874.50	0.000e+00	0.000e+00	0.000e+00
161875.50	0.000e+00	0.000e+00	0.000e+00
161876.50	0.000e+00	0.000e+00	0.000e+00
161877.50	0.000e+00	0.000e+00	0.000e+00
161878.50	0.000e+00	0.000e+00	0.000e+00
161879.50	0.000e+00	0.000e+00	0.000e+00
161880.50	0.000e+00	0.000e+00	0.000e+00
161881.50	0.000e+00	0.000e+00	0.000e+00
161882.50	0.000e+00	0.000e+00	0.000e+00
161883.50	0.000e+00	0.000e+00	0.000e+00
161884.50	0.000e+00	0.000e+00	0.000e+00
161885.50	0.000e+00	0.000e+00	0.000e+00
161886.50	0.000e+00	0.000e+00	0.000e+00
161887.50	0.000e+00	0.000e+00	0.000e+00
161888.50	0.000e+00	0.000e+00	0.000e+00
161889.50	0.000e+00	0.000e+00	0.000e+00
161890.50	0.000e+00	0.000e+00	0.000e+00
161891.50	0.000e+00	0.000e+00	0.000e+00
161892.50	0.000e+00	0.000e+00	0.000e+00
161893.50	0.000e+00	0.000e+00	0.000e+00
161894.50	0.000e+00	0.000e+00	0.000e+00
161895.50	1.248e-06	-9.984e-06	7.517e-05
161896.50	4.819e-06	-5.098e-05	3.024e-04
161897.50	3.840e-04	-1.651e-03	2.746e-02
161898.50	6.106e-04	2.160e-02	7.680e-03
161899.50	-2.256e-03	-4.915e-02	-7.651e-02
161900.50	-1.315e-02	-3.821e-01	-2.909e-01
161901.50	-4.618e-02	-2.630e+00	9.888e-01
161902.50	-3.110e-01	-1.747e+01	6.950e+00
161903.50	-8.966e-01	-4.272e+01	8.592e+00
161904.50	-1.613e+00	-7.901e+01	2.102e+01
161905.50	-2.755e+00	-1.325e+02	3.504e+01
161906.50	-3.446e+00	-1.613e+02	4.013e+01
161907.50	-4.042e+00	-1.690e+02	2.102e+01
161908.50	-4.810e+00	-1.930e+02	1.834e+01
161909.50	-3.005e+00	-1.162e+02	8.678e+00
161910.50	-1.776e+00	-6.317e+01	5.962e-01
161911.50	-1.219e+00	-3.523e+01	-8.928e+00
161912.50	1.277e-01	1.037e+01	-2.122e+00
161913.50	2.880e-01	1.622e+01	-2.899e+00
161914.50	7.853e-01	3.542e+01	-6.307e+00
161915.50	6.883e-01	3.610e+01	-1.152e+01
161916.50	8.573e-01	4.003e+01	-8.851e+00
161917.50	1.162e+00	4.838e+01	-6.211e+00
161918.50	8.755e-01	4.176e+01	-1.104e+01
161919.50	1.162e+00	4.762e+01	-6.269e+00
161920.50	1.248e+00	5.299e+01	-1.094e+01
161921.50	8.832e-01	3.542e+01	-3.360e+00
161922.50	9.418e-01	4.042e+01	-7.603e+00
161923.50	6.998e-01	3.264e+01	-8.870e+00
161924.50	8.026e-01	3.245e+01	-4.090e+00
161925.50	8.160e-01	3.370e+01	-5.002e+00
161926.50	6.326e-01	2.698e+01	-5.251e+00
161927.50	7.104e-01	2.966e+01	-5.568e+00
161928.50	5.750e-01	2.218e+01	-1.622e+00
161929.50	6.989e-01	2.678e+01	-1.757e+00
161930.50	6.058e-01	2.323e+01	-8.170e-01
161931.50	4.771e-01	1.958e+01	-2.698e+00
161932.50	4.618e-01	1.939e+01	-3.744e+00
161933.50	4.608e-01	1.968e+01	-3.792e+00
161934.50	4.867e-01	1.776e+01	4.656e-01
161935.50	4.013e-01	1.622e+01	-2.102e+00
161936.50	3.696e-01	1.517e+01	-2.054e+00
161937.50	4.157e-01	1.507e+01	1.747e-01
161938.50	2.582e-01	1.142e+01	-2.170e+00
161939.50	2.122e-01	9.696e+00	-2.323e+00
161940.50	2.918e-01	1.181e+01	-1.488e+00
161941.50	3.533e-01	1.411e+01	-1.344e+00
161942.50	2.630e-01	1.066e+01	-1.066e+00
161943.50	3.014e-01	1.066e+01	-1.008e-01
161944.50	2.275e-01	9.561e+00	-1.373e+00
161945.50	2.122e-01	8.659e+00	-7.613e-01
161946.50	2.006e-01	8.688e+00	-1.613e+00
161947.50	1.776e-01	7.440e+00	-1.344e+00
161948.50	1.949e-01	7.277e+00	-1.651e-01
161949.50	1.517e-01	5.232e+00	6.970e-01
161950.50	1.392e-01	7.286e+00	-2.928e+00
161951.50	1.565e-01	7.008e+00	-1.382e+00
161952.50	1.613e-01	5.270e+00	6.864e-01
161953.50	1.901e-01	6.278e+00	7.382e-01
161954.50	1.248e-01	5.030e+00	-4.291e-01
161955.50	1.469e-01	5.472e+00	-2.275e-01
161956.50	1.027e-01	4.819e+00	-1.248e+00
161957.50	1.162e-01	4.406e+00	-1.056e-01
161958.50	9.206e-02	3.878e+00	-2.083e-01
161959.50	1.315e-01	4.704e+00	1.536e-01
161960.50	5.482e-02	2.554e+00	-5.414e-01
161961.50	1.056e-01	4.618e+00	-8.899e-01
161962.50	1.027e-01	3.686e+00	6.269e-02
161963.50	4.656e-02	1.402e+00	7.018e-01
161964.50	8.688e-02	3.830e+00	-1.248e+00
161965.50	1.114e-01	3.686e+00	6.173e-01
161966.50	6.682e-02	2.458e+00	-1.930e-02
161967.50	7.738e-02	3.466e+00	-7.613e-01
161968.50	1.075e-02	1.738e+00	-1.536e+00
161969.50	8.083e-02	3.274e+00	-1.315e-01
161970.50	8.765e-02	2.390e+00	1.046e+00
161971.50	3.456e-02	2.054e+00	-8.525e-01
161972.50	6.672e-02	2.275e+00	-2.630e-01
161973.50	3.600e-02	1.603e+00	-3.245e-01
161974.50	6.019e-02	2.122e+00	2.016e-01
161975.50	4.982e-02	1.190e+00	9.504e-01
161976.50	5.088e-02	1.872e+00	-8.611e-02
161977.50	4.627e-02	1.814e+00	-3.619e-01
161978.50	4.531e-02	1.786e+00	-2.122e-01
161979.50	5.309e-02	1.824e+00	-1.382e-01
161980.50	4.570e-02	1.488e+00	1.334e-01
161981.50	3.130e-02	1.632e+00	-5.290e-01
161982.50	9.235e-03	1.162e+00	-8.467e-01
161983.50	3.725e-02	1.325e+00	1.805e-01
161984.50	4.147e-02	1.258e+00	9.005e-02
161985.50	4.282e-02	1.546e+00	-4.579e-01
161986.50	1.651e-02	1.229e+00	-4.061e-01
161987.50	2.717e-04	4.070e-01	-2.141e-01
161988.50	2.486e-02	1.027e+00	-1.651e-01
161989.50	1.757e-02	1.334e+00	-3.418e-01
161990.50	1.354e-02	1.171e+00	-5.069e-01
161991.50	2.717e-02	8.832e-01	9.888e-02
161992.50	6.845e-03	4.368e-01	-2.160e-01
161993.50	9.888e-03	9.792e-02	2.995e-01
161994.50	5.472e-02	1.507e+00	4.022e-01
161995.50	3.264e-02	1.171e+00	-3.024e-01
161996.50	2.650e-02	1.152e+00	-1.901e-01
161997.50	1.786e-02	6.835e-01	1.536e-01
161998.50	2.208e-02	1.066e+00	-2.669e-01
161999.50	6.528e-03	6.749e-01	-3.101e-01
162000.50	1.373e-02	2.813e-01	1.402e-02
162001.50	5.510e-03	2.381e-01	-1.315e-01
162002.50	2.419e-02	9.571e-01	-1.862e-02
162003.50	8.717e-03	4.426e-01	-3.802e-02
162004.50	2.045e-04	5.539e-02	-2.957e-01
162005.50	6.701e-03	1.882e-01	-6.538e-02
162006.50	2.045e-02	7.805e-01	8.755e-02
162007.50	5.923e-03	1.709e-01	-4.166e-02
162008.50	-1.046e-02	-9.514e-03	-2.995e-01
162009.50	2.074e-02	7.728e-01	1.814e-02
162010.50	1.123e-02	4.109e-01	-1.248e-01
162011.50	1.642e-02	7.190e-01	-6.691e-02
162012.50	1.085e-02	4.742e-01	-1.565e-01
162013.50	4.090e-03	2.419e-01	3.619e-02
162014.50	9.600e-03	5.827e-01	-3.302e-01
162015.50	4.128e-04	-4.877e-02	6.672e-02
162016.50	1.920e-02	7.037e-01	1.114e-01
162017.50	2.054e-02	4.320e-01	2.266e-01
162018.50	-2.832e-03	1.123e-01	-7.536e-02
162019.50	-3.571e-03	1.661e-01	-1.555e-01
162020.50	1.334e-03	3.878e-01	-4.090e-01
162021.50	1.334e-02	5.405e-01	-8.208e-02
162022.50	-2.774e-03	1.421e-02	-1.526e-01
162023.50	1.632e-04	6.547e-02	-6.010e-02
162024.50	4.973e-03	3.024e-01	7.958e-03
162025.50	1.517e-02	4.147e-01	2.803e-01
162026.50	1.296e-02	4.042e-01	6.086e-02
162027.50	2.045e-02	6.490e-01	7.661e-02
162028.50	8.803e-03	4.733e-01	-2.074e-01
162029.50	3.120e-03	2.371e-01	-8.803e-03
162030.50	7.709e-03	2.218e-01	2.448e-02
162031.50	7.757e-03	2.851e-01	-3.322e-02
162032.50	4.685e-03	1.805e-01	1.690e-01
162033.50	-8.765e-03	-1.315e-01	-6.250e-02
162034.50	-2.381e-02	-3.888e-01	-4.666e-01
162035.50	9.552e-03	2.486e-01	-5.434e-03
162036.50	-4.579e-03	2.074e-02	-3.898e-01
162037.50	1.834e-03	1.114e-01	-5.242e-02
162038.50	5.290e-03	1.450e-01	1.286e-01
162039.50	1.382e-02	2.976e-01	3.494e-01
162040.50	8.026e-03	1.757e-01	9.888e-02
162041.50	6.154e-03	2.765e-01	-1.258e-01
162042.50	1.277e-02	3.984e-01	-5.731e-02
162043.50	1.382e-02	3.523e-01	1.363e-01
162044.50	4.272e-03	4.608e-02	2.102e-01
162045.50	-6.624e-03	8.266e-02	-3.610e-01
162046.50	5.002e-03	1.334e-01	1.450e-02
162047.50	-7.354e-03	5.904e-02	-2.035e-01
162048.50	-3.245e-03	-6.566e-02	-4.858e-02
162049.50	7.882e-03	1.248e-01	1.094e-01
162050.50	-1.162e-02	-3.523e-01	-1.133e-01
162051.50	-4.378e-03	2.371e-01	-5.002e-01
162052.50	-9.014e-04	-2.554e-02	-1.181e-01
162053.50	6.816e-03	1.344e-01	2.045e-01
162054.50	1.421e-02	6.566e-01	-2.102e-01
162055.50	-1.171e-02	-2.237e-01	1.027e-02
162056.50	8.870e-03	7.238e-02	3.955e-01
162057.50	1.027e-02	1.987e-01	3.331e-01
162058.50	-1.402e-02	-2.371e-01	-3.744e-01
162059.50	-7.114e-03	3.571e-02	-1.056e-01
162060.50	1.450e-02	2.362e-01	3.514e-01
162061.50	1.507e-02	3.235e-01	1.152e-01
162062.50	2.314e-03	3.350e-02	2.438e-02
162063.50	1.824e-02	3.082e-01	2.131e-01
162064.50	8.352e-03	3.830e-02	3.619e-01
162065.50	3.226e-03	7.958e-02	-1.315e-02
162066.50	-7.939e-03	1.133e-01	-3.283e-01
162067.50	-7.200e-03	-1.526e-01	4.598e-02
162068.50	1.603e-02	2.659e-01	8.208e-02
162069.50	-5.194e-03	-4.301e-02	-1.296e-01
162070.50	-3.926e-03	1.277e-02	8.054e-02
162071.50	1.104e-02	9.245e-02	1.584e-01
162072.50	5.741e-03	9.523e-02	8.352e-02
162073.50	-1.008e-02	-8.381e-02	-1.546e-01
162074.50	3.446e-03	1.690e-01	1.997e-02
162075.50	1.018e-03	2.851e-03	-1.498e-01
162076.50	1.229e-02	3.667e-01	6.643e-02
162077.50	-4.406e-03	-1.795e-01	1.152e-01
162078.50	-1.142e-02	-3.053e-01	1.008e-01
162079.50	5.808e-03	1.190e-01	7.574e-02
162080.50	4.406e-03	4.320e-02	-2.227e-01
162081.50	6.682e-03	1.853e-01	1.757e-01
162082.50	1.066e-02	4.032e-01	-1.037e-01
162083.50	-1.488e-02	-3.446e-01	-1.018e-01
162084.50	-1.238e-02	-3.475e-01	-1.651e-01
162085.50	3.264e-03	1.450e-01	-5.578e-02
162086.50	7.286e-03	3.024e-02	2.467e-01
162087.50	-1.622e-04	9.888e-04	5.395e-02
162088.50	-8.957e-03	-4.186e-02	-2.563e-01
162089.50	8.410e-04	2.179e-01	-1.805e-01
162090.50	-2.333e-03	4.704e-02	-6.835e-02
162091.50	-4.483e-03	-1.690e-03	-1.450e-01
162092.50	1.114e-02	1.670e-01	1.459e-01
162093.50	-2.256e-03	2.938e-03	2.150e-02
162094.50	-1.334e-04	5.117e-02	-2.477e-02
162095.50	-1.296e-02	-1.334e-01	-1.834e-01
162096.50	8.640e-03	5.290e-02	1.613e-01
162097.50	1.142e-02	7.574e-02	2.342e-01
162098.50	-6.816e-03	-9.120e-03	-3.581e-01
162099.50	6.029e-03	7.094e-02	6.326e-02
162100.50	1.056e-03	1.546e-01	-1.181e-02
162101.50	-1.402e-03	-4.128e-02	1.382e-01
162102.50	6.221e-03	7.776e-02	2.688e-02
162103.50	7.834e-04	6.422e-02	-2.170e-01
162104.50	-7.325e-04	1.613e-02	-1.066e-01
162105.50	-1.834e-03	-2.400e-02	1.824e-02
162106.50	-6.163e-03	-1.190e-01	1.123e-01
162107.50	-3.283e-03	-1.114e-01	2.506e-01
162108.50	-5.261e-03	6.413e-02	2.467e-02
162109.50	-1.258e-03	1.392e-01	-1.440e-01
162110.50	1.507e-02	1.766e-01	1.747e-01
162111.50	-8.410e-03	-2.160e-01	-1.210e-01
162112.50	2.150e-03	-8.717e-02	2.861e-02
162113.50	6.950e-03	1.632e-01	-1.171e-01
162114.50	-3.648e-03	2.074e-02	-2.438e-02
162115.50	2.141e-03	1.488e-01	-1.920e-01
162116.50	2.928e-03	9.110e-02	-3.946e-02
162117.50	-1.344e-03	9.312e-02	-1.622e-01
162118.50	-1.670e-03	-9.581e-02	1.469e-01
162119.50	4.358e-03	1.181e-01	3.245e-02
162120.50	3.139e-03	-1.709e-02	1.334e-01
162121.50	-1.229e-03	1.037e-01	-1.584e-01
162122.50	-5.107e-03	-6.413e-02	-1.766e-02
162123.50	1.210e-02	2.016e-01	2.630e-01
162124.50	-1.171e-03	-3.581e-02	-9.485e-02
162125.50	-8.515e-03	-1.507e-01	3.830e-02
162126.50	1.814e-04	3.859e-02	-3.648e-02
162127.50	-3.744e-03	8.707e-02	-9.456e-02
162128.50	4.550e-03	6.230e-02	1.037e-01
162129.50	1.978e-03	3.120e-02	-4.570e-03
162130.50	-1.018e-03	-1.325e-01	5.424e-02
162131.50	3.782e-03	1.334e-01	-2.323e-02
162132.50	5.107e-03	1.296e-01	4.320e-02
162133.50	6.970e-03	1.853e-01	1.181e-02
162134.50	2.813e-03	-6.730e-02	1.536e-01
162135.50	-2.726e-03	-2.400e-02	-5.894e-02
162136.50	9.245e-04	-3.514e-02	-2.381e-02
162137.50	-5.309e-03	-6.989e-02	1.555e-03
162138.50	1.382e-03	1.056e-01	-3.638e-02
162139.50	-5.683e-04	-1.872e-01	1.536e-01
162140.50	-2.477e-03	-2.534e-02	-9.475e-02
162141.50	3.494e-04	3.456e-02	-3.341e-03
162142.50	-1.085e-02	-1.104e-01	-1.094e-01
162143.50	-1.478e-03	-1.306e-01	1.978e-01
162144.50	8.237e-03	1.584e-01	-3.475e-02
162145.50	-5.933e-04	4.762e-02	1.430e-02
162146.50	2.582e-03	7.632e-02	2.314e-02
162147.50	-3.322e-03	-8.208e-02	-3.091e-02
162148.50	-9.600e-03	-1.968e-01	-1.325e-01
162149.50	6.826e-04	3.293e-02	-2.400e-02
162150.50	2.189e-03	5.146e-02	-6.134e-02
162151.50	1.018e-03	1.392e-02	-1.152e-02
162152.50	4.627e-03	5.203e-02	1.354e-01
162153.50	5.309e-03	-5.280e-02	1.574e-01
162154.50	6.941e-04	-3.811e-03	-2.131e-02
162155.50	-1.200e-03	1.574e-01	-1.344e-01
162156.50	4.829e-03	1.402e-01	2.390e-02
162157.50	-1.229e-03	-4.090e-02	7.632e-02
162158.50	-6.605e-03	2.784e-02	-1.949e-01
162159.50	-1.469e-05	-2.688e-02	1.546e-02
162160.50	-8.093e-03	-2.198e-01	-3.648e-02
162161.50	2.851e-03	5.462e-02	6.115e-02
162162.50	4.406e-03	1.085e-01	1.286e-02
162163.50	2.976e-03	1.190e-01	-3.168e-02
162164.50	-5.136e-03	-2.189e-02	-2.179e-01
162165.50	-2.573e-03	-9.062e-02	-1.066e-02
162166.50	-1.181e-03	-1.142e-01	1.238e-01
162167.50	2.707e-03	1.056e-01	4.253e-02
162168.50	-5.808e-03	1.584e-02	-2.218e-01
162169.50	-4.406e-03	-1.680e-01	-1.018e-01
162170.50	3.830e-04	4.358e-02	-2.304e-02
162171.50	2.707e-03	8.861e-02	6.826e-02
162172.50	6.000e-03	2.237e-01	-8.630e-02
162173.50	-2.323e-03	1.133e-02	9.158e-03
162174.50	7.075e-04	1.651e-02	3.706e-03
162175.50	3.504e-03	1.027e-01	1.517e-02
162176.50	7.066e-03	8.102e-02	7.066e-02
162177.50	2.102e-03	9.139e-02	-1.190e-04
162178.50	2.890e-03	7.354e-03	1.104e-01
162179.50	-4.483e-03	-1.152e-01	-3.302e-02
162180.50	-2.237e-03	8.122e-02	-1.565e-01
162181.50	-8.218e-03	-1.430e-01	-1.162e-01
162182.50	-5.203e-03	-1.536e-01	1.238e-03
162183.50	-2.275e-03	-5.530e-03	-4.992e-02
162184.50	1.056e-03	-2.246e-02	7.162e-02
162185.50	2.381e-03	8.438e-02	5.635e-02
162186.50	-1.690e-03	-1.210e-02	-4.819e-02
162187.50	1.008e-03	-2.707e-02	8.054e-02
162188.50	8.851e-04	2.294e-02	4.195e-02
162189.50	-5.683e-03	-1.008e-01	-1.104e-01
162190.50	2.957e-03	4.099e-02	1.901e-02
162191.50	5.222e-04	8.544e-03	3.446e-03
162192.50	-1.363e-03	-5.683e-02	-1.478e-02
162193.50	3.408e-03	2.573e-02	4.195e-02
162194.50	1.824e-03	1.670e-02	7.306e-02
162195.50	1.738e-04	5.491e-02	-8.400e-03
162196.50	-2.218e-03	8.534e-04	-6.931e-02
162197.50	2.189e-03	1.066e-01	1.603e-02
162198.50	-2.256e-03	5.693e-02	-1.181e-01
162199.50	-1.718e-03	-6.845e-02	3.139e-02
162200.50	-8.208e-03	-1.018e-01	-2.352e-02
162201.50	7.354e-04	-4.771e-02	3.706e-02
162202.50	1.162e-03	-5.933e-04	-4.848e-02
162203.50	-1.843e-03	-2.621e-03	-3.802e-02
162204.50	1.728e-03	1.421e-02	3.024e-02
162205.50	1.123e-03	6.038e-02	-7.555e-02
162206.50	7.094e-04	2.275e-02	1.133e-03
162207.50	3.494e-03	-1.536e-02	4.157e-02
162208.50	2.918e-03	7.766e-02	1.075e-02
162209.50	-5.069e-03	-3.955e-03	-9.149e-02
162210.50	-2.717e-04	-4.205e-02	1.190e-01
162211.50	2.755e-03	-9.216e-02	-5.510e-03
162212.50	-1.920e-03	-4.330e-02	-5.866e-02
162213.50	5.645e-03	9.101e-02	1.046e-01
162214.50	-3.542e-03	-4.022e-02	-5.549e-02
162215.50	5.952e-04	-3.245e-02	-2.496e-02
162216.50	-8.352e-04	-4.531e-03	4.051e-02
162217.50	7.200e-03	1.526e-01	4.550e-02
162218.50	-4.291e-04	8.141e-02	-2.890e-04
162219.50	-9.341e-04	-1.142e-02	9.226e-02
162220.50	-5.856e-03	-2.246e-02	-1.296e-01
162221.50	4.502e-03	-1.421e-01	-9.514e-04
162222.50	-1.978e-03	2.842e-02	-6.816e-03
162223.50	3.120e-03	2.054e-02	1.114e-01
162224.50	-3.898e-03	-1.642e-02	-7.814e-03
162225.50	5.299e-03	1.277e-01	3.245e-02
162226.50	3.254e-03	6.211e-02	-1.296e-02
162227.50	-3.514e-03	-9.187e-02	-4.502e-03
162228.50	2.285e-03	6.864e-02	1.584e-02
162229.50	6.307e-04	4.944e-02	-6.653e-03
162230.50	-3.485e-03	-1.229e-01	1.363e-03
162231.50	2.659e-03	6.893e-02	4.474e-02
162232.50	8.582e-04	-4.598e-02	5.184e-02
162233.50	-1.555e-03	-2.621e-03	-6.826e-02
162234.50	2.141e-03	4.762e-02	-5.376e-02
162235.50	-3.446e-03	-6.470e-02	-2.765e-02
162236.50	3.398e-03	1.075e-01	2.429e-02
162237.50	-1.056e-03	-4.560e-02	-6.077e-02
162238.50	-7.440e-03	-7.565e-02	-1.133e-01
162239.50	2.026e-03	-1.632e-02	2.198e-02
162240.50	3.946e-03	2.285e-02	1.229e-01
162241.50	6.960e-04	1.834e-02	-4.550e-02
162242.50	1.104e-03	7.421e-02	-6.115e-02
162243.50	-2.246e-03	4.416e-02	-4.867e-02
162244.50	8.496e-04	-1.680e-02	3.552e-03
162245.50	7.978e-04	-3.936e-02	1.248e-01
162246.50	-1.699e-03	1.354e-02	2.698e-03
162247.50	2.275e-03	6.154e-02	-9.139e-02
162248.50	2.083e-03	6.154e-02	1.757e-02
162249.50	1.018e-03	1.008e-01	-3.686e-02
162250.50	-8.074e-03	-1.123e-01	-8.813e-03
162251.50	-2.112e-03	-6.307e-02	2.429e-02
162252.50	4.186e-03	3.485e-02	3.120e-02
162253.50	-1.872e-03	2.410e-02	-9.466e-02
162254.50	-1.123e-02	-7.296e-02	-1.296e-01
162255.50	3.235e-03	-2.957e-02	-1.411e-02
162256.50	-2.870e-03	-9.590e-02	1.555e-02
162257.50	4.234e-03	3.350e-02	9.034e-02
162258.50	1.805e-03	3.389e-02	-1.968e-03
162259.50	2.314e-03	7.373e-02	8.208e-03
162260.50	7.987e-03	1.392e-01	1.210e-02
162261.50	-2.333e-03	-1.258e-01	6.547e-02
162262.50	-1.478e-03	-5.530e-02	3.638e-02
162263.50	6.902e-04	1.046e-02	3.427e-02
162264.50	-9.149e-03	-8.544e-02	-9.888e-02
162265.50	2.160e-03	-4.742e-02	1.296e-01
162266.50	1.258e-03	-4.790e-02	1.114e-01
162267.50	-1.392e-03	5.942e-02	-4.320e-02
162268.50	3.456e-04	6.499e-02	-8.525e-02
162269.50	1.363e-04	-1.958e-02	-2.938e-02
162270.50	-3.638e-05	-6.125e-02	-9.034e-03
162271.50	5.165e-03	2.890e-02	-9.024e-03
162272.50	-1.478e-03	4.742e-02	-3.274e-02
162273.50	1.306e-03	-2.074e-02	-1.891e-02
162274.50	-2.112e-03	-3.466e-02	-3.235e-02
162275.50	3.629e-04	-2.736e-02	1.075e-01
162276.50	-2.438e-04	4.666e-02	-5.914e-02
162277.50	1.507e-03	1.248e-01	-5.530e-02
162278.50	-1.027e-03	-3.994e-02	-2.218e-02
162279.50	1.891e-03	6.134e-04	2.870e-02
