161681.50	0.000e+00	0.000e+00	0.000e+00
161682.50	0.000e+00	0.000e+00	0.000e+00
161683.50	0.000e+00	0.000e+00	0.000e+00
161684.50	0.000e+00	0.000e+00	0.000e+00
161685.50	0.000e+00	0.000e+00	0.000e+00
161686.50	0.000e+00	0.000e+00	0.000e+00
161687.50	0.000e+00	0.000e+00	0.000e+00
161688.50	0.000e+00	0.000e+00	0.000e+00
161689.50	0.000e+00	0.000e+00	0.000e+00
161690.50	0.000e+00	0.000e+00	0.000e+00
161691.50	0.000e+00	0.000e+00	0.000e+00
161692.50	0.000e+00	0.000e+00	0.000e+00
161693.50	0.000e+00	0.000e+00	0.000e+00
161694.50	0.000e+00	0.000e+00	0.000e+00
161695.50	0.000e+00	0.000e+00	0.000e+00
161696.50	0.000e+00	0.000e+00	0.000e+00
161697.50	0.000e+00	0.000e+00	0.000e+00
161698.50	0.000e+00	0.000e+00	0.000e+00
161699.50	0.000e+00	0.000e+00	0.000e+00
161700.50	0.000e+00	0.000e+00	0.000e+00
161701.50	0.000e+00	0.000e+00	0.000e+00
161702.50	0.000e+00	0.000e+00	0.000e+00
161703.50	0.000e+00	0.000e+00	0.000e+00
161704.50	0.000e+00	0.000e+00	0.000e+00
161705.50	0.000e+00	0.000e+00	0.000e+00
161706.50	0.000e+00	0.000e+00	0.000e+00
161707.50	0.000e+00	0.000e+00	0.000e+00
161708.50	0.000e+00	0.000e+00	0.000e+00
161709.50	0.000e+00	0.000e+00	0.000e+00
161710.50	0.000e+00	0.000e+00	0.000e+00
161711.50	0.000e+00	0.000e+00	0.000e+00
161712.50	0.000e+00	0.000e+00	0.000e+00
161713.50	0.000e+00	0.000e+00	0.000e+00
161714.50	0.000e+00	0.000e+00	0.000e+00
161715.50	0.000e+00	0.000e+00	0.000e+00
161716.50	0.000e+00	0.000e+00	0.000e+00
161717.50	0.000e+00	0.000e+00	0.000e+00
161718.50	0.000e+00	0.000e+00	0.000e+00
161719.50	0.000e+00	0.000e+00	0.000e+00
161720.50	0.000e+00	0.000e+00	0.000e+00
161721.50	0.000e+00	0.000e+00	0.000e+00
161722.50	0.000e+00	0.000e+00	0.000e+00
161723.50	0.000e+00	0.000e+00	0.000e+00
161724.50	0.000e+00	0.000e+00	0.000e+00
161725.50	0.000e+00	0.000e+00	0.000e+00
161726.50	0.000e+00	0.000e+00	0.000e+00
161727.50	0.000e+00	0.000e+00	0.000e+00
161728.50	0.000e+00	0.000e+00	0.000e+00
161729.50	0.000e+00	0.000e+00	0.000e+00
161730.50	0.000e+00	0.000e+00	0.000e+00
161731.50	0.000e+00	0.000e+00	0.000e+00
161732.50	0.000e+00	0.000e+00	0.000e+00
161733.50	0.000e+00	0.000e+00	0.000e+00
161734.50	0.000e+00	0.000e+00	0.000e+00
161735.50	0.000e+00	0.000e+00	0.000e+00
161736.50	0.000e+00	0.000e+00	0.000e+00
161737.50	0.000e+00	0.000e+00	0.000e+00
161738.50	0.000e+00	0.000e+00	0.000e+00
161739.50	0.000e+00	0.000e+00	0.000e+00
161740.50	0.000e+00	0.000e+00	0.000e+00
161741.50	0.000e+00	0.000e+00	0.000e+00
161742.50	0.000e+00	0.000e+00	0.000e+00
161743.50	0.000e+00	0.000e+00	0.000e+00
161744.50	0.000e+00	0.000e+00	0.000e+00
161745.50	0.000e+00	0.000e+00	0.000e+00
161746.50	0.000e+00	0.000e+00	0.000e+00
161747.50	0.000e+00	0.000e+00	0.000e+00
161748.50	0.000e+00	0.000e+00	0.000e+00
161749.50	0.000e+00	0.000e+00	0.000e+00
161750.50	0.000e+00	0.000e+00	0.000e+00
161751.50	0.000e+00	0.000e+00	0.000e+00
161752.50	0.000e+00	0.000e+00	0.000e+00
161753.50	0.000e+00	0.000e+00	0.000e+00
161754.50	0.000e+00	0.000e+00	0.000e+00
161755.50	0.000e+00	0.000e+00	0.000e+00
161756.50	0.000e+00	0.000e+00	0.000e+00
161757.50	0.000e+00	0.000e+00	0.000e+00
161758.50	0.000e+00	0.000e+00	0.000e+00
161759.50	0.000e+00	0.000e+00	0.000e+00
161760.50	0.000e+00	0.000e+00	0.000e+00
161761.50	0.000e+00	0.000e+00	0.000e+00
161762.50	0.000e+00	0.000e+00	0.000e+00
161763.50	0.000e+00	0.000e+00	0.000e+00
161764.50	0.000e+00	0.000e+00	0.000e+00
161765.50	0.000e+00	0.000e+00	0.000e+00
161766.50	0.000e+00	0.000e+00	0.000e+00
161767.50	0.000e+00	0.000e+00	0.000e+00
161768.50	0.000e+00	0.000e+00	0.000e+00
161769.50	0.000e+00	0.000e+00	0.000e+00
161770.50	0.000e+00	0.000e+00	0.000e+00
161771.50	0.000e+00	0.000e+00	0.000e+00
161772.50	0.000e+00	0.000e+00	0.000e+00
161773.50	0.000e+00	0.000e+00	0.000e+00
161774.50	0.000e+00	0.000e+00	0.000e+00
161775.50	0.000e+00	0.000e+00	0.000e+00
161776.50	0.000e+00	0.000e+00	0.000e+00
161777.50	0.000e+00	0.000e+00	0.000e+00
161778.50	0.000e+00	0.000e+00	0.000e+00
161779.50	0.000e+00	0.000e+00	0.000e+00
161780.50	0.000e+00	0.000e+00	0.000e+00
161781.50	0.000e+00	0.000e+00	0.000e+00
161782.50	0.000e+00	0.000e+00	0.000e+00
161783.50	0.000e+00	0.000e+00	0.000e+00
161784.50	0.000e+00	0.000e+00	0.000e+00
161785.50	0.000e+00	0.000e+00	0.000e+00
161786.50	0.000e+00	0.000e+00	0.000e+00
161787.50	0.000e+00	0.000e+00	0.000e+00
161788.50	0.000e+00	0.000e+00	0.000e+00
161789.50	0.000e+00	0.000e+00	0.000e+00
161790.50	0.000e+00	0.000e+00	0.000e+00
161791.50	0.000e+00	0.000e+00	0.000e+00
161792.50	0.000e+00	0.000e+00	0.000e+00
161793.50	0.000e+00	0.000e+00	0.000e+00
161794.50	0.000e+00	0.000e+00	0.000e+00
161795.50	0.000e+00	0.000e+00	0.000e+00
161796.50	0.000e+00	0.000e+00	0.000e+00
161797.50	0.000e+00	0.000e+00	0.000e+00
161798.50	0.000e+00	0.000e+00	0.000e+00
161799.50	0.000e+00	0.000e+00	0.000e+00
161800.50	0.000e+00	0.000e+00	0.000e+00
161801.50	0.000e+00	0.000e+00	0.000e+00
161802.50	0.000e+00	0.000e+00	0.000e+00
161803.50	0.000e+00	0.000e+00	0.000e+00
161804.50	0.000e+00	0.000e+00	0.000e+00
161805.50	0.000e+00	0.000e+00	0.000e+00
161806.50	0.000e+00	0.000e+00	0.000e+00
161807.50	0.000e+00	0.000e+00	0.000e+00
161808.50	0.000e+00	0.000e+00	0.000e+00
161809.50	0.000e+00	0.000e+00	0.000e+00
161810.50	0.000e+00	0.000e+00	0.000e+00
161811.50	0.000e+00	0.000e+00	0.000e+00
161812.50	0.000e+00	0.000e+00	0.000e+00
161813.50	0.000e+00	0.000e+00	0.000e+00
161814.50	0.000e+00	0.000e+00	0.000e+00
161815.50	0.000e+00	0.000e+00	0.000e+00
161816.50	0.000e+00	0.000e+00	0.000e+00
161817.50	0.000e+00	0.000e+00	0.000e+00
161818.50	0.000e+00	0.000e+00	0.000e+00
161819.50	0.000e+00	0.000e+00	0.000e+00
161820.50	0.000e+00	0.000e+00	0.000e+00
161821.50	0.000e+00	0.000e+00	0.000e+00
161822.50	0.000e+00	0.000e+00	0.000e+00
161823.50	0.000e+00	0.000e+00	0.000e+00
161824.50	0.000e+00	0.000e+00	0.000e+00
161825.50	0.000e+00	0.000e+00	0.000e+00
161826.50	0.000e+00	0.000e+00	0.000e+00
161827.50	0.000e+00	0.000e+00	0.000e+00
161828.50	0.000e+00	0.000e+00	0.000e+00
161829.50	0.000e+00	0.000e+00	0.000e+00
161830.50	0.000e+00	0.000e+00	0.000e+00
161831.50	0.000e+00	0.000e+00	0.000e+00
161832.50	0.000e+00	0.000e+00	0.000e+00
161833.50	0.000e+00	0.000e+00	0.000e+00
161834.50	0.000e+00	0.000e+00	0.000e+00
161835.50	0.000e+00	0.000e+00	0.000e+00
161836.50	0.000e+00	0.000e+00	0.000e+00
161837.50	0.000e+00	0.000e+00	0.000e+00
161838.50	0.000e+00	0.000e+00	0.000e+00
161839.50	0.000e+00	0.000e+00	0.000e+00
161840.50	0.000e+00	0.000e+00	0.000e+00
161841.50	0.000e+00	0.000e+00	0.000e+00
161842.50	0.000e+00	0.000e+00	0.000e+00
161843.50	0.000e+00	0.000e+00	0.000e+00
161844.50	0.000e+00	0.000e+00	0.000e+00
161845.50	0.000e+00	0.000e+00	0.000e+00
161846.50	0.000e+00	0.000e+00	0.000e+00
161847.50	0.000e+00	0.000e+00	0.000e+00
161848.50	0.000e+00	0.000e+00	0.000e+00
161849.50	0.000e+00	0.000e+00	0.000e+00
161850.50	0.000e+00	0.000e+00	0.000e+00
161851.50	0.000e+00	0.000e+00	0.000e+00
161852.50	0.000e+00	0.000e+00	0.000e+00
161853.50	0.000e+00	0.000e+00	0.000e+00
161854.50	0.000e+00	0.000e+00	0.000e+00
161855.50	0.000e+00	0.000e+00	0.000e+00
161856.50	0.000e+00	0.000e+00	0.000e+00
161857.50	0.000e+00	0.000e+00	0.000e+00
161858.50	0.000e+00	0.000e+00	0.000e+00
161859.50	0.000e+00	0.000e+00	0.000e+00
161860.50	0.000e+00	0.000e+00	0.000e+00
161861.50	0.000e+00	0.000e+00	0.000e+00
161862.50	0.000e+00	0.000e+00	0.000e+00
161863.50	0.000e+00	0.000e+00	0.000e+00
161864.50	0.000e+00	0.000e+00	0.000e+00
161865.50	0.000e+00	0.000e+00	0.000e+00
161866.50	0.000e+00	0.000e+00	0.000e+00
161867.50	0.000e+00	0.000e+00	0.000e+00
161868.50	0.000e+00	0.000e+00	0.000e+00
161869.50	0.000e+00	0.000e+00	0.000e+00
161870.50	0.000e+00	0.000e+00	0.000e+00
161871.50	0.000e+00	0.000e+00	0.000e+00
161872.50	0.000e+00	0.000e+00	0.000e+00
161873.50	0.000e+00	0.000e+00	0.000e+00
161874.50	0.000e+00	0.000e+00	0.000e+00
161875.50	0.000e+00	0.000e+00	0.000e+00
161876.50	0.000e+00	0.000e+00	0.000e+00
161877.50	0.000e+00	0.000e+00	0.000e+00
161878.50	0.000e+00	0.000e+00	0.000e+00
161879.50	0.000e+00	0.000e+00	0.000e+00
161880.50	0.000e+00	0.000e+00	0.000e+00
161881.50	0.000e+00	0.000e+00	0.000e+00
161882.50	0.000e+00	0.000e+00	0.000e+00
161883.50	0.000e+00	0.000e+00	0.000e+00
161884.50	0.000e+00	0.000e+00	0.000e+00
161885.50	0.000e+00	0.000e+00	0.000e+00
161886.50	0.000e+00	0.000e+00	0.000e+00
161887.50	0.000e+00	0.000e+00	0.000e+00
161888.50	0.000e+00	0.000e+00	0.000e+00
161889.50	0.000e+00	0.000e+00	0.000e+00
161890.50	0.000e+00	0.000e+00	0.000e+00
161891.50	0.000e+00	0.000e+00	0.000e+00
161892.50	0.000e+00	0.000e+00	0.000e+00
161893.50	0.000e+00	0.000e+00	0.000e+00
161894.50	0.000e+00	0.000e+00	0.000e+00
161895.50	0.000e+00	0.000e+00	0.000e+00
161896.50	0.000e+00	0.000e+00	0.000e+00
161897.50	0.000e+00	0.000e+00	0.000e+00
161898.50	0.000e+00	0.000e+00	0.000e+00
161899.50	0.000e+00	0.000e+00	0.000e+00
161900.50	0.000e+00	0.000e+00	0.000e+00
161901.50	0.000e+00	0.000e+00	0.000e+00
161902.50	0.000e+00	0.000e+00	0.000e+00
161903.50	-1.238e-05	5.030e-05	4.147e-04
161904.50	-5.971e-06	7.910e-05	1.594e-04
161905.50	8.947e-06	5.885e-05	-3.418e-04
161906.50	-1.248e-04	3.418e-03	1.373e-03
161907.50	-3.859e-04	2.688e-02	-8.880e-03
161908.50	-1.373e-02	2.304e-01	2.429e-01
161909.50	2.467e-02	-2.122e+00	8.352e-01
161910.50	3.494e-01	-1.229e+01	-1.056e+00
161911.50	5.981e-01	-2.266e+01	-2.678e-01
161912.50	1.459e+00	-4.694e+01	-6.422e+00
161913.50	1.776e+00	-5.923e+01	-5.251e+00
161914.50	3.130e+00	-9.792e+01	-1.277e+01
161915.50	4.262e+00	-1.440e+02	-7.363e+00
161916.50	5.069e+00	-1.594e+02	-1.613e+01
161917.50	4.627e+00	-1.450e+02	-1.200e+01
161918.50	5.059e+00	-1.450e+02	-2.150e+01
161919.50	4.723e+00	-1.402e+02	-1.344e+01
161920.50	4.051e+00	-1.018e+02	-2.333e+01
161921.50	2.035e+00	-5.126e+01	-8.150e+00
161922.50	1.430e+00	-4.022e+01	-6.278e-01
161923.50	5.760e-01	-1.565e+00	-7.373e+00
161924.50	-8.659e-02	1.200e+01	-8.746e-01
161925.50	-3.629e-01	1.296e+01	5.290e+00
161926.50	-1.066e+00	3.610e+01	4.742e+00
161927.50	-1.354e+00	3.859e+01	8.947e+00
161928.50	-1.402e+00	5.251e+01	-6.192e-01
161929.50	-1.440e+00	4.723e+01	3.888e+00
161930.50	-1.469e+00	4.762e+01	3.754e+00
161931.50	-1.661e+00	5.155e+01	4.771e+00
161932.50	-1.642e+00	4.618e+01	8.083e+00
161933.50	-1.238e+00	3.802e+01	3.821e+00
161934.50	-1.507e+00	4.541e+01	4.848e+00
161935.50	-1.536e+00	4.522e+01	5.011e+00
161936.50	-1.306e+00	3.936e+01	3.878e+00
161937.50	-1.277e+00	4.042e+01	1.968e+00
161938.50	-1.392e+00	3.821e+01	6.422e+00
161939.50	-1.085e+00	3.360e+01	2.448e+00
161940.50	-1.018e+00	3.005e+01	2.995e+00
161941.50	-9.571e-01	2.659e+01	4.570e+00
161942.50	-9.590e-01	2.717e+01	3.802e+00
161943.50	-8.534e-01	2.362e+01	3.581e+00
161944.50	-7.325e-01	2.333e+01	7.910e-01
161945.50	-8.160e-01	2.179e+01	4.243e+00
161946.50	-6.278e-01	1.978e+01	6.134e-01
161947.50	-5.933e-01	1.882e+01	8.294e-01
161948.50	-6.173e-01	1.882e+01	1.421e+00
161949.50	-5.885e-01	1.690e+01	2.035e+00
161950.50	-5.290e-01	1.546e+01	1.315e+00
161951.50	-5.184e-01	1.565e+01	1.200e+00
161952.50	-4.771e-01	1.354e+01	1.584e+00
161953.50	-5.318e-01	1.248e+01	4.061e+00
161954.50	-4.349e-01	1.286e+01	1.229e+00
161955.50	-3.494e-01	1.094e+01	1.786e-01
161956.50	-4.195e-01	1.152e+01	1.574e+00
161957.50	-3.696e-01	1.075e+01	1.075e+00
161958.50	-4.358e-01	1.046e+01	2.966e+00
161959.50	-3.706e-01	9.130e+00	2.371e+00
161960.50	-2.362e-01	9.072e+00	-9.504e-01
161961.50	-3.523e-01	8.842e+00	1.853e+00
161962.50	-3.456e-01	9.168e+00	1.661e+00
161963.50	-2.141e-01	6.912e+00	3.821e-02
161964.50	-1.632e-01	6.048e+00	-4.224e-01
161965.50	-2.381e-01	6.451e+00	1.094e+00
161966.50	-2.736e-01	7.008e+00	1.430e+00
161967.50	-2.371e-01	6.490e+00	9.600e-01
161968.50	-2.458e-01	5.578e+00	1.910e+00
161969.50	-2.246e-01	5.645e+00	1.229e+00
161970.50	-1.690e-01	4.186e+00	8.870e-01
161971.50	-1.066e-01	4.934e+00	-1.056e+00
161972.50	-1.392e-01	3.686e+00	6.710e-01
161973.50	-1.786e-01	4.858e+00	6.221e-01
161974.50	-1.296e-01	4.147e+00	-6.778e-02
161975.50	-2.131e-01	4.454e+00	1.910e+00
161976.50	-1.622e-01	4.714e+00	3.773e-01
161977.50	-1.402e-01	4.522e+00	5.040e-02
161978.50	-1.085e-01	3.091e+00	2.899e-01
161979.50	-9.370e-02	2.342e+00	7.632e-01
161980.50	-1.392e-01	4.320e+00	2.285e-01
161981.50	-1.277e-01	3.120e+00	6.624e-01
161982.50	-4.752e-02	1.997e+00	-3.571e-01
161983.50	-8.544e-02	2.333e+00	2.832e-01
161984.50	-5.654e-02	2.602e+00	-6.662e-01
161985.50	-9.984e-02	3.331e+00	-1.728e-01
161986.50	-7.795e-02	1.488e+00	8.592e-01
161987.50	-8.669e-02	1.872e+00	6.701e-01
161988.50	-1.306e-01	3.408e+00	5.616e-01
161989.50	-9.984e-02	1.709e+00	1.066e+00
161990.50	-6.058e-02	2.208e+00	-1.469e-01
161991.50	-8.765e-02	2.256e+00	3.763e-01
161992.50	-5.770e-02	1.949e+00	-6.115e-02
161993.50	-6.941e-02	1.757e+00	4.445e-01
161994.50	-9.792e-02	1.997e+00	8.851e-01
161995.50	-7.142e-02	1.872e+00	2.458e-01
161996.50	-6.125e-02	1.507e+00	2.832e-01
161997.50	-5.357e-02	1.872e+00	-2.189e-01
161998.50	-8.390e-02	1.661e+00	6.845e-01
161999.50	-4.186e-02	1.277e+00	2.054e-01
162000.50	-2.822e-02	9.984e-01	-1.123e-02
162001.50	-2.083e-02	6.720e-01	-9.024e-02
162002.50	-1.651e-02	8.237e-01	-2.467e-01
162003.50	-6.970e-02	1.344e+00	6.528e-01
162004.50	-5.338e-02	1.354e+00	2.966e-01
162005.50	-5.405e-02	1.114e+00	5.366e-01
162006.50	-4.214e-02	9.312e-01	2.410e-01
162007.50	-3.744e-02	1.027e+00	8.515e-02
162008.50	-3.494e-03	1.651e-01	4.080e-02
162009.50	-3.840e-02	1.152e+00	-1.008e-01
162010.50	-2.064e-02	1.104e+00	-2.678e-01
162011.50	-4.925e-02	8.208e-01	6.086e-01
162012.50	-2.285e-02	9.888e-01	-1.872e-01
162013.50	-1.392e-02	5.434e-01	-5.328e-02
162014.50	-2.506e-02	2.995e-01	3.206e-01
162015.50	-1.738e-02	7.315e-01	2.515e-02
162016.50	1.085e-02	6.998e-04	-1.766e-01
162017.50	-2.832e-02	8.621e-01	-5.750e-02
162018.50	-3.677e-02	1.210e+00	7.805e-03
162019.50	-3.773e-02	6.605e-01	3.936e-01
162020.50	-3.792e-02	6.115e-01	3.677e-01
162021.50	-1.075e-02	3.418e-01	-1.718e-02
162022.50	-2.976e-02	3.782e-01	4.397e-01
162023.50	8.112e-03	6.326e-01	-5.923e-01
162024.50	-2.381e-02	5.414e-01	1.152e-01
162025.50	-3.792e-02	6.144e-01	2.736e-01
162026.50	-1.450e-02	4.176e-01	-9.888e-02
162027.50	-3.638e-02	9.139e-01	2.093e-02
162028.50	-5.942e-03	1.123e-01	-7.469e-02
162029.50	-1.296e-02	1.584e-01	1.709e-01
162030.50	-6.288e-02	8.563e-01	9.053e-01
162031.50	-1.200e-02	4.022e-02	2.419e-01
162032.50	-1.046e-02	6.682e-01	-2.371e-01
162033.50	-1.968e-02	5.194e-01	1.430e-01
162034.50	9.485e-03	5.539e-01	-5.981e-01
162035.50	-1.104e-02	3.408e-01	6.461e-02
162036.50	-1.718e-02	4.378e-01	9.696e-02
162037.50	-8.054e-03	2.381e-01	-4.896e-03
162038.50	1.814e-02	2.765e-01	-5.194e-01
162039.50	9.600e-05	4.378e-02	1.085e-03
162040.50	-1.421e-02	1.843e-01	1.325e-01
162041.50	-2.323e-03	8.467e-02	-6.720e-02
162042.50	-2.275e-02	2.765e-01	2.986e-01
162043.50	-2.630e-02	6.691e-01	8.928e-02
162044.50	-5.146e-02	6.845e-01	6.134e-01
162045.50	-5.827e-03	5.098e-01	-1.968e-01
162046.50	2.851e-05	2.074e-01	-2.496e-01
162047.50	-5.616e-03	3.427e-01	-2.112e-03
162048.50	3.398e-03	-5.856e-02	-1.430e-02
162049.50	-9.600e-03	-1.094e-01	3.149e-01
162050.50	1.478e-03	2.323e-01	-1.805e-01
162051.50	-1.354e-02	3.322e-01	1.200e-01
162052.50	-3.312e-02	3.686e-01	5.443e-01
162053.50	-1.546e-02	5.875e-02	2.880e-01
162054.50	1.008e-03	9.984e-02	-1.171e-01
162055.50	-7.478e-03	1.747e-01	-4.061e-03
162056.50	-2.947e-03	-1.171e-01	2.352e-01
162057.50	3.466e-03	-1.286e-01	2.045e-02
162058.50	-6.509e-03	1.450e-01	1.402e-02
162059.50	-9.034e-03	4.637e-01	-1.862e-01
162060.50	5.539e-03	1.478e-02	-1.411e-01
162061.50	-1.632e-02	5.568e-02	2.880e-01
162062.50	-1.555e-02	2.477e-01	1.872e-01
162063.50	-4.416e-03	2.726e-01	-1.651e-01
162064.50	-1.651e-02	5.453e-01	-4.589e-02
162065.50	-1.594e-03	6.778e-02	-2.294e-02
162066.50	-8.179e-03	1.104e-01	1.488e-01
162067.50	2.237e-04	2.093e-01	-6.490e-02
162068.50	-6.480e-03	2.016e-01	1.728e-02
162069.50	-5.078e-03	1.210e-01	9.437e-03
162070.50	-2.093e-03	1.104e-01	-9.005e-02
162071.50	3.821e-03	-2.554e-01	2.544e-02
162072.50	-2.246e-02	1.344e-01	4.512e-01
162073.50	-1.728e-03	1.373e-01	-2.093e-02
162074.50	-2.765e-02	4.800e-01	2.784e-01
162075.50	-3.312e-03	1.238e-02	-3.667e-02
162076.50	-1.872e-03	1.728e-01	-8.592e-02
162077.50	-1.133e-02	1.286e-01	1.046e-01
162078.50	-9.456e-04	4.013e-01	-2.400e-01
162079.50	-2.467e-05	-4.243e-02	3.274e-02
162080.50	3.533e-03	1.315e-01	-1.181e-01
162081.50	-1.114e-02	2.179e-01	1.075e-01
162082.50	-1.795e-02	2.870e-01	2.640e-01
162083.50	-3.725e-03	3.696e-02	1.008e-01
162084.50	2.717e-03	-2.698e-03	-4.186e-02
162085.50	-2.544e-03	9.245e-02	-4.310e-03
162086.50	3.149e-03	7.622e-02	-7.757e-02
162087.50	-1.622e-02	8.736e-02	2.880e-01
162088.50	-5.299e-03	1.296e-01	1.402e-01
162089.50	2.813e-02	-2.746e-01	-4.502e-01
162090.50	-3.907e-03	1.238e-01	3.043e-02
162091.50	-1.680e-02	1.085e-01	3.446e-01
162092.50	-1.008e-03	-2.717e-02	4.147e-02
162093.50	1.997e-03	2.448e-01	-3.014e-01
162094.50	-8.371e-03	6.970e-02	3.485e-02
162095.50	-7.171e-04	2.947e-01	-1.565e-01
162096.50	-8.218e-03	-8.688e-02	2.256e-01
162097.50	-6.835e-04	-2.410e-02	-5.530e-02
162098.50	5.165e-03	-2.918e-01	-3.677e-02
162099.50	-5.616e-03	7.853e-02	8.045e-02
162100.50	-6.490e-03	2.275e-02	1.277e-01
162101.50	1.229e-03	1.526e-01	-6.749e-02
162102.50	-5.789e-03	2.966e-01	-1.238e-01
162103.50	-1.152e-02	1.680e-01	1.536e-01
162104.50	-7.056e-04	1.325e-01	-1.238e-01
162105.50	-6.336e-03	1.296e-01	5.280e-02
162106.50	-5.990e-03	2.774e-01	-1.219e-01
162107.50	1.565e-02	-1.286e-01	-2.035e-01
162108.50	8.160e-03	-1.018e-01	-1.229e-01
162109.50	-1.642e-02	2.275e-01	2.122e-01
162110.50	-1.219e-02	3.706e-01	-4.205e-02
162111.50	-8.890e-03	6.557e-02	1.920e-01
162112.50	2.227e-02	-4.474e-01	-1.968e-01
162113.50	-4.118e-03	-8.026e-02	7.555e-02
162114.50	3.792e-04	1.200e-02	-2.083e-02
162115.50	-6.010e-03	1.421e-01	-2.794e-02
162116.50	-1.574e-02	9.091e-02	2.477e-01
162117.50	-8.765e-03	1.152e-01	1.085e-01
162118.50	-1.344e-02	2.064e-01	1.210e-01
162119.50	4.666e-03	-1.219e-01	-1.171e-02
162120.50	7.219e-03	-7.008e-02	1.910e-03
162121.50	-1.114e-02	2.525e-02	2.371e-01
162122.50	1.392e-03	-8.275e-03	-1.363e-02
162123.50	2.198e-03	1.229e-01	-9.696e-02
162124.50	-3.667e-03	-2.957e-02	8.909e-02
162125.50	-1.526e-02	4.522e-02	2.486e-01
162126.50	2.554e-03	-8.822e-02	1.008e-01
162127.50	9.062e-03	-7.910e-02	-8.256e-02
162128.50	5.501e-03	1.690e-01	-2.102e-01
162129.50	-9.984e-03	6.624e-02	1.968e-01
162130.50	-2.582e-03	4.138e-02	-1.738e-02
162131.50	1.555e-03	4.752e-02	-6.826e-02
162132.50	-2.304e-03	2.832e-02	-6.720e-02
162133.50	3.158e-04	6.720e-02	-1.296e-01
162134.50	9.888e-03	-2.765e-01	-1.594e-02
162135.50	-9.408e-03	1.229e-01	1.171e-01
162136.50	2.899e-05	3.821e-02	3.811e-02
162137.50	-2.602e-03	-5.107e-02	5.107e-02
162138.50	-7.066e-05	9.696e-02	-9.600e-02
162139.50	-1.613e-02	1.008e-01	2.438e-01
162140.50	-3.552e-03	-5.338e-03	8.237e-02
162141.50	4.934e-03	-1.536e-01	-1.584e-02
162142.50	-1.296e-03	4.886e-02	2.371e-02
162143.50	-8.026e-03	5.568e-02	1.075e-01
162144.50	6.768e-03	-3.101e-02	-7.728e-02
162145.50	-8.688e-03	-5.434e-02	1.766e-01
162146.50	5.059e-03	4.867e-02	-1.286e-01
162147.50	3.667e-03	9.034e-02	-7.066e-02
162148.50	-9.091e-03	2.851e-02	1.613e-01
162149.50	1.277e-02	-1.402e-01	-1.229e-01
162150.50	6.422e-04	-8.861e-02	1.008e-02
162151.50	-1.882e-02	2.688e-01	7.939e-02
162152.50	-4.349e-03	-1.757e-02	1.901e-01
162153.50	-3.168e-04	1.373e-01	-7.498e-02
162154.50	-7.181e-03	1.901e-01	9.533e-02
162155.50	-1.872e-03	8.774e-02	-2.707e-02
162156.50	1.027e-02	-9.005e-02	-1.363e-01
162157.50	6.250e-03	5.290e-02	-1.181e-01
162158.50	5.683e-03	-9.514e-02	-1.747e-02
162159.50	-1.133e-03	6.115e-02	-1.094e-01
162160.50	-1.920e-03	5.338e-02	-1.709e-02
162161.50	-7.680e-03	7.747e-02	8.198e-02
162162.50	-1.766e-03	7.594e-02	9.792e-03
162163.50	-6.778e-03	2.083e-01	2.784e-03
162164.50	1.114e-03	-1.872e-01	1.104e-01
162165.50	-1.114e-02	5.702e-02	2.304e-01
162166.50	-2.150e-03	1.862e-01	-4.704e-02
162167.50	-6.403e-04	3.773e-02	-5.462e-02
162168.50	-6.470e-03	2.026e-01	2.794e-02
162169.50	3.869e-03	-1.824e-02	-7.104e-02
162170.50	9.446e-04	1.296e-01	-8.323e-02
162171.50	-1.018e-03	-6.595e-02	7.814e-02
162172.50	-8.266e-03	4.829e-02	-1.824e-02
162173.50	3.216e-03	-8.582e-02	-3.859e-02
162174.50	-3.120e-03	-2.131e-02	6.010e-02
162175.50	1.546e-03	9.792e-02	-8.294e-02
162176.50	3.533e-03	-6.950e-02	1.507e-02
162177.50	2.515e-06	1.402e-02	-3.341e-02
162178.50	3.514e-03	4.099e-02	-1.286e-01
162179.50	-1.728e-03	-5.971e-02	1.018e-01
162180.50	-1.411e-03	-7.555e-02	7.459e-02
162181.50	3.283e-03	-3.802e-03	-7.834e-02
162182.50	1.565e-03	3.130e-02	-1.094e-01
162183.50	3.936e-04	-2.726e-02	1.411e-02
162184.50	-8.602e-03	1.171e-01	6.518e-02
162185.50	-2.726e-04	3.926e-02	-9.542e-02
162186.50	1.690e-03	-1.267e-01	4.166e-02
162187.50	8.102e-03	-1.488e-01	1.325e-01
162188.50	9.696e-03	6.979e-02	-1.123e-01
162189.50	-2.746e-04	-1.286e-02	5.952e-03
162190.50	5.722e-03	-7.459e-02	-5.366e-02
162191.50	-4.090e-03	7.450e-02	-2.534e-02
162192.50	-5.645e-03	2.150e-01	-9.696e-02
162193.50	-1.085e-03	-4.416e-02	7.997e-02
162194.50	6.403e-03	-8.054e-02	-8.314e-02
162195.50	-2.208e-03	5.760e-02	2.112e-03
162196.50	4.858e-03	-3.139e-05	-9.561e-02
162197.50	6.720e-04	-6.298e-02	2.227e-02
162198.50	-1.459e-02	1.171e-01	1.766e-01
162199.50	-2.554e-03	6.134e-02	2.640e-02
162200.50	2.640e-03	-9.350e-02	-2.918e-02
162201.50	1.757e-03	-8.208e-02	-5.126e-03
162202.50	-8.698e-03	-4.858e-02	2.093e-01
162203.50	-6.403e-03	1.402e-01	-1.152e-02
162204.50	-4.166e-03	1.939e-01	-4.742e-02
162205.50	8.506e-05	-8.093e-02	6.470e-02
162206.50	4.541e-03	-9.494e-02	-6.326e-02
162207.50	7.584e-03	-1.258e-01	6.038e-02
162208.50	4.714e-03	1.152e-01	-6.336e-02
162209.50	5.894e-03	-3.696e-02	5.520e-04
162210.50	-2.736e-03	-9.984e-02	5.616e-02
162211.50	-5.078e-03	1.152e-03	-1.834e-02
162212.50	3.072e-03	-6.989e-02	-3.792e-03
162213.50	4.531e-03	1.882e-02	-1.085e-01
162214.50	-2.803e-03	-2.208e-03	1.411e-01
162215.50	-7.584e-03	2.870e-02	6.086e-02
162216.50	-3.341e-03	9.600e-02	-1.546e-01
162217.50	9.408e-03	-2.410e-02	-7.363e-02
162218.50	-4.742e-03	1.075e-01	-3.946e-02
162219.50	6.614e-03	2.122e-02	-1.718e-01
162220.50	1.690e-03	6.230e-02	-4.896e-02
162221.50	-6.000e-04	-6.422e-02	9.350e-02
162222.50	-4.426e-03	-5.952e-03	2.525e-02
162223.50	1.114e-03	6.029e-02	-3.485e-02
162224.50	2.784e-03	-4.886e-02	-4.310e-02
162225.50	-7.008e-03	6.432e-02	1.229e-01
162226.50	1.546e-04	5.981e-02	6.029e-03
162227.50	5.875e-04	-1.219e-01	1.114e-01
162228.50	-4.954e-04	-9.600e-02	5.923e-02
162229.50	1.315e-02	-1.315e-01	-1.882e-01
162230.50	4.954e-03	-5.520e-02	-6.365e-02
162231.50	-1.488e-02	1.459e-01	1.037e-01
162232.50	-2.669e-03	5.213e-02	5.789e-02
162233.50	7.718e-04	-5.222e-02	1.094e-02
162234.50	-4.666e-03	4.176e-02	2.678e-02
162235.50	1.747e-03	8.496e-02	-1.517e-01
162236.50	-4.848e-03	1.488e-01	3.830e-02
162237.50	-2.006e-03	6.442e-02	-5.722e-02
162238.50	3.331e-03	-8.746e-02	3.197e-02
162239.50	1.162e-03	-1.565e-02	-1.546e-02
162240.50	-4.733e-03	-9.984e-02	1.325e-01
162241.50	6.058e-03	-1.123e-01	-6.576e-02
162242.50	-1.757e-03	-1.594e-03	2.227e-02
162243.50	-9.235e-03	1.546e-01	1.133e-01
162244.50	-2.688e-03	9.130e-02	-4.378e-03
162245.50	1.680e-03	-4.138e-02	4.224e-03
162246.50	6.394e-04	-2.650e-02	3.139e-03
162247.50	-2.746e-03	-6.278e-02	5.462e-02
162248.50	-6.566e-03	5.510e-02	9.542e-02
162249.50	8.938e-03	-7.728e-02	-1.306e-01
162250.50	6.768e-03	-3.542e-02	-1.133e-01
162251.50	9.600e-04	1.488e-02	5.885e-03
162252.50	3.370e-03	-1.066e-02	-1.738e-02
162253.50	2.659e-03	3.629e-03	-1.142e-02
162254.50	2.131e-03	-6.893e-02	3.581e-02
162255.50	2.467e-03	-6.720e-02	-4.109e-03
162256.50	-6.854e-03	3.158e-02	5.261e-02
162257.50	-4.061e-03	1.181e-01	-3.408e-02
162258.50	-8.285e-03	7.930e-02	7.978e-02
162259.50	-7.450e-04	-1.795e-02	-3.254e-02
162260.50	3.936e-03	-2.150e-02	-7.709e-02
162261.50	-1.478e-03	2.467e-02	7.805e-02
162262.50	-2.870e-03	-2.448e-02	4.637e-02
162263.50	1.795e-04	-5.347e-04	5.587e-03
162264.50	-1.075e-03	2.026e-02	-8.314e-02
162265.50	4.781e-03	-5.184e-04	-1.162e-01
162266.50	8.755e-03	-5.338e-02	2.304e-02
162267.50	-1.498e-02	6.096e-02	1.094e-01
162268.50	-3.466e-03	4.618e-02	5.933e-02
162269.50	1.699e-03	-8.957e-02	2.976e-02
162270.50	5.462e-03	-4.022e-02	4.493e-03
162271.50	3.082e-03	-1.114e-03	-5.002e-02
162272.50	-8.525e-04	4.925e-02	-1.469e-02
162273.50	-1.402e-03	-3.888e-02	5.002e-02
162274.50	-4.435e-03	2.208e-02	4.061e-03
162275.50	-1.363e-03	4.819e-02	-2.410e-02
162276.50	2.198e-03	-4.531e-02	7.613e-03
162277.50	2.458e-04	3.005e-02	-3.178e-02
162278.50	-2.986e-03	3.869e-02	8.390e-02
162279.50	9.043e-04	7.978e-03	-3.878e-02
