161681.50	0.000e+00	0.000e+00	0.000e+00
161682.50	0.000e+00	0.000e+00	0.000e+00
161683.50	0.000e+00	0.000e+00	0.000e+00
161684.50	0.000e+00	0.000e+00	0.000e+00
161685.50	0.000e+00	0.000e+00	0.000e+00
161686.50	0.000e+00	0.000e+00	0.000e+00
161687.50	0.000e+00	0.000e+00	0.000e+00
161688.50	0.000e+00	0.000e+00	0.000e+00
161689.50	0.000e+00	0.000e+00	0.000e+00
161690.50	0.000e+00	0.000e+00	0.000e+00
161691.50	0.000e+00	0.000e+00	0.000e+00
161692.50	0.000e+00	0.000e+00	0.000e+00
161693.50	0.000e+00	0.000e+00	0.000e+00
161694.50	0.000e+00	0.000e+00	0.000e+00
161695.50	0.000e+00	0.000e+00	0.000e+00
161696.50	0.000e+00	0.000e+00	0.000e+00
161697.50	0.000e+00	0.000e+00	0.000e+00
161698.50	0.000e+00	0.000e+00	0.000e+00
161699.50	0.000e+00	0.000e+00	0.000e+00
161700.50	0.000e+00	0.000e+00	0.000e+00
161701.50	0.000e+00	0.000e+00	0.000e+00
161702.50	0.000e+00	0.000e+00	0.000e+00
161703.50	0.000e+00	0.000e+00	0.000e+00
161704.50	0.000e+00	0.000e+00	0.000e+00
161705.50	0.000e+00	0.000e+00	0.000e+00
161706.50	0.000e+00	0.000e+00	0.000e+00
161707.50	0.000e+00	0.000e+00	0.000e+00
161708.50	0.000e+00	0.000e+00	0.000e+00
161709.50	0.000e+00	0.000e+00	0.000e+00
161710.50	0.000e+00	0.000e+00	0.000e+00
161711.50	0.000e+00	0.000e+00	0.000e+00
161712.50	0.000e+00	0.000e+00	0.000e+00
161713.50	0.000e+00	0.000e+00	0.000e+00
161714.50	0.000e+00	0.000e+00	0.000e+00
161715.50	0.000e+00	0.000e+00	0.000e+00
161716.50	0.000e+00	0.000e+00	0.000e+00
161717.50	0.000e+00	0.000e+00	0.000e+00
161718.50	0.000e+00	0.000e+00	0.000e+00
161719.50	0.000e+00	0.000e+00	0.000e+00
161720.50	0.000e+00	0.000e+00	0.000e+00
161721.50	0.000e+00	0.000e+00	0.000e+00
161722.50	0.000e+00	0.000e+00	0.000e+00
161723.50	0.000e+00	0.000e+00	0.000e+00
161724.50	0.000e+00	0.000e+00	0.000e+00
161725.50	0.000e+00	0.000e+00	0.000e+00
161726.50	0.000e+00	0.000e+00	0.000e+00
161727.50	0.000e+00	0.000e+00	0.000e+00
161728.50	0.000e+00	0.000e+00	0.000e+00
161729.50	0.000e+00	0.000e+00	0.000e+00
161730.50	0.000e+00	0.000e+00	0.000e+00
161731.50	0.000e+00	0.000e+00	0.000e+00
161732.50	0.000e+00	0.000e+00	0.000e+00
161733.50	0.000e+00	0.000e+00	0.000e+00
161734.50	0.000e+00	0.000e+00	0.000e+00
161735.50	0.000e+00	0.000e+00	0.000e+00
161736.50	0.000e+00	0.000e+00	0.000e+00
161737.50	0.000e+00	0.000e+00	0.000e+00
161738.50	0.000e+00	0.000e+00	0.000e+00
161739.50	0.000e+00	0.000e+00	0.000e+00
161740.50	0.000e+00	0.000e+00	0.000e+00
161741.50	0.000e+00	0.000e+00	0.000e+00
161742.50	0.000e+00	0.000e+00	0.000e+00
161743.50	0.000e+00	0.000e+00	0.000e+00
161744.50	0.000e+00	0.000e+00	0.000e+00
161745.50	0.000e+00	0.000e+00	0.000e+00
161746.50	0.000e+00	0.000e+00	0.000e+00
161747.50	0.000e+00	0.000e+00	0.000e+00
161748.50	0.000e+00	0.000e+00	0.000e+00
161749.50	0.000e+00	0.000e+00	0.000e+00
161750.50	0.000e+00	0.000e+00	0.000e+00
161751.50	0.000e+00	0.000e+00	0.000e+00
161752.50	0.000e+00	0.000e+00	0.000e+00
161753.50	0.000e+00	0.000e+00	0.000e+00
161754.50	0.000e+00	0.000e+00	0.000e+00
161755.50	0.000e+00	0.000e+00	0.000e+00
161756.50	0.000e+00	0.000e+00	0.000e+00
161757.50	0.000e+00	0.000e+00	0.000e+00
161758.50	0.000e+00	0.000e+00	0.000e+00
161759.50	0.000e+00	0.000e+00	0.000e+00
161760.50	0.000e+00	0.000e+00	0.000e+00
161761.50	0.000e+00	0.000e+00	0.000e+00
161762.50	0.000e+00	0.000e+00	0.000e+00
161763.50	0.000e+00	0.000e+00	0.000e+00
161764.50	0.000e+00	0.000e+00	0.000e+00
161765.50	0.000e+00	0.000e+00	0.000e+00
161766.50	0.000e+00	0.000e+00	0.000e+00
161767.50	0.000e+00	0.000e+00	0.000e+00
161768.50	0.000e+00	0.000e+00	0.000e+00
161769.50	0.000e+00	0.000e+00	0.000e+00
161770.50	0.000e+00	0.000e+00	0.000e+00
161771.50	0.000e+00	0.000e+00	0.000e+00
161772.50	0.000e+00	0.000e+00	0.000e+00
161773.50	0.000e+00	0.000e+00	0.000e+00
161774.50	0.000e+00	0.000e+00	0.000e+00
161775.50	0.000e+00	0.000e+00	0.000e+00
161776.50	0.000e+00	0.000e+00	0.000e+00
161777.50	0.000e+00	0.000e+00	0.000e+00
161778.50	0.000e+00	0.000e+00	0.000e+00
161779.50	0.000e+00	0.000e+00	0.000e+00
161780.50	0.000e+00	0.000e+00	0.000e+00
161781.50	0.000e+00	0.000e+00	0.000e+00
161782.50	0.000e+00	0.000e+00	0.000e+00
161783.50	0.000e+00	0.000e+00	0.000e+00
161784.50	0.000e+00	0.000e+00	0.000e+00
161785.50	0.000e+00	0.000e+00	0.000e+00
161786.50	0.000e+00	0.000e+00	0.000e+00
161787.50	0.000e+00	0.000e+00	0.000e+00
161788.50	0.000e+00	0.000e+00	0.000e+00
161789.50	0.000e+00	0.000e+00	0.000e+00
161790.50	0.000e+00	0.000e+00	0.000e+00
161791.50	0.000e+00	0.000e+00	0.000e+00
161792.50	0.000e+00	0.000e+00	0.000e+00
161793.50	0.000e+00	0.000e+00	0.000e+00
161794.50	0.000e+00	0.000e+00	0.000e+00
161795.50	0.000e+00	0.000e+00	0.000e+00
161796.50	0.000e+00	0.000e+00	0.000e+00
161797.50	0.000e+00	0.000e+00	0.000e+00
161798.50	0.000e+00	0.000e+00	0.000e+00
161799.50	0.000e+00	0.000e+00	0.000e+00
161800.50	0.000e+00	0.000e+00	0.000e+00
161801.50	0.000e+00	0.000e+00	0.000e+00
161802.50	0.000e+00	0.000e+00	0.000e+00
161803.50	0.000e+00	0.000e+00	0.000e+00
161804.50	0.000e+00	0.000e+00	0.000e+00
161805.50	0.000e+00	0.000e+00	0.000e+00
161806.50	0.000e+00	0.000e+00	0.000e+00
161807.50	0.000e+00	0.000e+00	0.000e+00
161808.50	0.000e+00	0.000e+00	0.000e+00
161809.50	0.000e+00	0.000e+00	0.000e+00
161810.50	0.000e+00	0.000e+00	0.000e+00
161811.50	0.000e+00	0.000e+00	0.000e+00
161812.50	0.000e+00	0.000e+00	0.000e+00
161813.50	0.000e+00	0.000e+00	0.000e+00
161814.50	0.000e+00	0.000e+00	0.000e+00
161815.50	0.000e+00	0.000e+00	0.000e+00
161816.50	0.000e+00	0.000e+00	0.000e+00
161817.50	0.000e+00	0.000e+00	0.000e+00
161818.50	0.000e+00	0.000e+00	0.000e+00
161819.50	0.000e+00	0.000e+00	0.000e+00
161820.50	0.000e+00	0.000e+00	0.000e+00
161821.50	0.000e+00	0.000e+00	0.000e+00
161822.50	0.000e+00	0.000e+00	0.000e+00
161823.50	0.000e+00	0.000e+00	0.000e+00
161824.50	0.000e+00	0.000e+00	0.000e+00
161825.50	0.000e+00	0.000e+00	0.000e+00
161826.50	0.000e+00	0.000e+00	0.000e+00
161827.50	0.000e+00	0.000e+00	0.000e+00
161828.50	0.000e+00	0.000e+00	0.000e+00
161829.50	0.000e+00	0.000e+00	0.000e+00
161830.50	0.000e+00	0.000e+00	0.000e+00
161831.50	0.000e+00	0.000e+00	0.000e+00
161832.50	0.000e+00	0.000e+00	0.000e+00
161833.50	0.000e+00	0.000e+00	0.000e+00
161834.50	0.000e+00	0.000e+00	0.000e+00
161835.50	0.000e+00	0.000e+00	0.000e+00
161836.50	0.000e+00	0.000e+00	0.000e+00
161837.50	0.000e+00	0.000e+00	0.000e+00
161838.50	0.000e+00	0.000e+00	0.000e+00
161839.50	0.000e+00	0.000e+00	0.000e+00
161840.50	0.000e+00	0.000e+00	0.000e+00
161841.50	0.000e+00	0.000e+00	0.000e+00
161842.50	0.000e+00	0.000e+00	0.000e+00
161843.50	0.000e+00	0.000e+00	0.000e+00
161844.50	0.000e+00	0.000e+00	0.000e+00
161845.50	0.000e+00	0.000e+00	0.000e+00
161846.50	0.000e+00	0.000e+00	0.000e+00
161847.50	0.000e+00	0.000e+00	0.000e+00
161848.50	0.000e+00	0.000e+00	0.000e+00
161849.50	0.000e+00	0.000e+00	0.000e+00
161850.50	0.000e+00	0.000e+00	0.000e+00
161851.50	0.000e+00	0.000e+00	0.000e+00
161852.50	0.000e+00	0.000e+00	0.000e+00
161853.50	0.000e+00	0.000e+00	0.000e+00
161854.50	0.000e+00	0.000e+00	0.000e+00
161855.50	0.000e+00	0.000e+00	0.000e+00
161856.50	0.000e+00	0.000e+00	0.000e+00
161857.50	0.000e+00	0.000e+00	0.000e+00
161858.50	0.000e+00	0.000e+00	0.000e+00
161859.50	0.000e+00	0.000e+00	0.000e+00
161860.50	0.000e+00	0.000e+00	0.000e+00
161861.50	0.000e+00	0.000e+00	0.000e+00
161862.50	0.000e+00	0.000e+00	0.000e+00
161863.50	0.000e+00	0.000e+00	0.000e+00
161864.50	0.000e+00	0.000e+00	0.000e+00
161865.50	0.000e+00	0.000e+00	0.000e+00
161866.50	0.000e+00	0.000e+00	0.000e+00
161867.50	0.000e+00	0.000e+00	0.000e+00
161868.50	0.000e+00	0.000e+00	0.000e+00
161869.50	0.000e+00	0.000e+00	0.000e+00
161870.50	0.000e+00	0.000e+00	0.000e+00
161871.50	0.000e+00	0.000e+00	0.000e+00
161872.50	0.000e+00	0.000e+00	0.000e+00
161873.50	0.000e+00	0.000e+00	0.000e+00
161874.50	0.000e+00	0.000e+00	0.000e+00
161875.50	0.000e+00	0.000e+00	0.000e+00
161876.50	0.000e+00	0.000e+00	0.000e+00
161877.50	0.000e+00	0.000e+00	0.000e+00
161878.50	0.000e+00	0.000e+00	0.000e+00
161879.50	0.000e+00	0.000e+00	0.000e+00
161880.50	0.000e+00	0.000e+00	0.000e+00
161881.50	0.000e+00	0.000e+00	0.000e+00
161882.50	0.000e+00	0.000e+00	0.000e+00
161883.50	0.000e+00	0.000e+00	0.000e+00
161884.50	0.000e+00	0.000e+00	0.000e+00
161885.50	0.000e+00	0.000e+00	0.000e+00
161886.50	0.000e+00	0.000e+00	0.000e+00
161887.50	0.000e+00	0.000e+00	0.000e+00
161888.50	0.000e+00	0.000e+00	0.000e+00
161889.50	0.000e+00	0.000e+00	0.000e+00
161890.50	0.000e+00	0.000e+00	0.000e+00
161891.50	0.000e+00	0.000e+00	0.000e+00
161892.50	0.000e+00	0.000e+00	0.000e+00
161893.50	-1.651e-03	-1.344e-02	3.456e-02
161894.50	-2.496e-04	3.274e-06	4.234e-03
161895.50	-8.726e-04	2.458e-03	1.901e-02
161896.50	9.341e-04	-5.040e-03	-2.400e-02
161897.50	2.602e-05	2.563e-03	-1.526e-03
161898.50	2.573e-04	2.304e-03	-5.222e-03
161899.50	1.440e-04	-1.104e-02	-1.238e-02
161900.50	-8.016e-04	-1.200e-02	1.642e-02
161901.50	5.213e-04	1.181e-02	-7.498e-03
161902.50	5.549e-05	6.346e-04	-1.594e-03
161903.50	-2.419e-04	-9.984e-04	2.909e-03
161904.50	3.994e-04	4.694e-04	-6.355e-03
161905.50	2.832e-03	-1.920e-02	-9.005e-02
161906.50	2.160e-03	-1.930e-04	-5.846e-02
161907.50	-4.205e-03	-3.062e-02	9.561e-02
161908.50	-9.792e-03	-3.610e-01	3.206e-02
161909.50	-5.270e-02	-2.016e+00	5.990e-02
161910.50	5.549e-03	-5.376e+00	-4.138e+00
161911.50	-3.907e-01	-2.074e+01	-4.090e+00
161912.50	-2.515e-01	-2.774e+01	-1.354e+01
161913.50	-9.005e-01	-5.098e+01	-1.267e+01
161914.50	-1.258e+00	-7.459e+01	-2.102e+01
161915.50	-1.910e+00	-9.696e+01	-2.045e+01
161916.50	-2.064e+00	-1.094e+02	-2.582e+01
161917.50	-3.062e+00	-1.296e+02	-1.498e+01
161918.50	-2.621e+00	-1.152e+02	-1.747e+01
161919.50	-2.342e+00	-1.075e+02	-2.083e+01
161920.50	-2.304e+00	-8.515e+01	-6.125e+00
161921.50	-1.507e+00	-4.234e+01	5.280e+00
161922.50	-8.726e-01	-2.688e+01	7.661e-01
161923.50	-5.309e-01	-3.859e+00	8.880e+00
161924.50	2.198e-02	1.805e+00	-1.594e+00
161925.50	1.853e-01	2.102e+01	9.427e+00
161926.50	4.963e-01	2.602e+01	5.050e+00
161927.50	2.602e-01	3.034e+01	1.459e+01
161928.50	5.472e-01	3.034e+01	7.219e+00
161929.50	1.008e+00	3.504e+01	-6.730e-01
161930.50	6.288e-01	3.245e+01	7.267e+00
161931.50	1.229e+00	4.195e+01	-2.026e-01
161932.50	4.877e-01	3.322e+01	1.190e+01
161933.50	7.296e-01	3.802e+01	9.792e+00
161934.50	6.538e-01	3.149e+01	6.374e+00
161935.50	8.304e-01	3.370e+01	4.003e+00
161936.50	8.438e-01	3.168e+01	2.669e+00
161937.50	6.576e-01	3.091e+01	6.278e+00
161938.50	7.786e-01	2.755e+01	8.774e-01
161939.50	6.950e-01	2.630e+01	2.112e+00
161940.50	6.029e-01	2.467e+01	2.621e+00
161941.50	5.587e-01	2.323e+01	3.245e+00
161942.50	4.637e-01	1.853e+01	1.738e+00
161943.50	4.925e-01	2.006e+01	2.544e+00
161944.50	3.629e-01	1.718e+01	3.542e+00
161945.50	2.918e-01	1.738e+01	5.616e+00
161946.50	5.539e-01	1.930e+01	6.960e-01
161947.50	2.534e-01	1.373e+01	3.763e+00
161948.50	3.686e-01	1.603e+01	2.803e+00
161949.50	3.062e-01	1.181e+01	9.101e-01
161950.50	3.312e-01	1.277e+01	1.210e+00
161951.50	3.360e-01	1.248e+01	9.226e-01
161952.50	4.243e-01	1.344e+01	-6.739e-01
161953.50	2.458e-01	9.792e+00	9.331e-01
161954.50	1.603e-01	7.421e+00	1.066e+00
161955.50	1.123e-01	6.682e+00	2.026e+00
161956.50	1.930e-01	8.698e+00	1.613e+00
161957.50	2.381e-01	9.696e+00	1.229e+00
161958.50	3.869e-02	6.758e+00	4.080e+00
161959.50	2.947e-01	8.304e+00	-1.142e+00
161960.50	2.160e-01	8.525e+00	1.037e+00
161961.50	1.632e-01	6.979e+00	9.984e-01
161962.50	2.093e-01	6.854e+00	-2.746e-01
161963.50	4.819e-02	6.835e+00	3.638e+00
161964.50	1.478e-01	4.704e+00	-2.515e-01
161965.50	1.488e-01	6.029e+00	7.747e-01
161966.50	1.142e-01	3.542e+00	-1.968e-01
161967.50	1.277e-01	4.896e+00	3.629e-01
161968.50	6.269e-02	2.870e+00	5.002e-01
161969.50	8.842e-02	4.032e+00	8.285e-01
161970.50	6.864e-02	4.560e+00	1.670e+00
161971.50	8.957e-02	3.312e+00	2.832e-01
161972.50	8.150e-02	3.120e+00	2.496e-01
161973.50	1.104e-01	3.830e+00	-8.602e-02
161974.50	1.757e-01	5.462e+00	-1.469e-01
161975.50	1.526e-02	2.179e+00	1.142e+00
161976.50	5.462e-02	2.746e+00	5.174e-01
161977.50	5.635e-02	2.909e+00	6.250e-01
161978.50	3.638e-02	1.872e+00	4.867e-01
161979.50	9.091e-02	2.755e+00	-3.120e-01
161980.50	5.904e-02	1.901e+00	-1.747e-01
161981.50	6.355e-02	2.083e+00	-2.362e-02
161982.50	6.854e-02	2.544e+00	2.237e-01
161983.50	4.061e-02	2.266e+00	7.046e-01
161984.50	3.158e-02	1.786e+00	5.914e-01
161985.50	-2.314e-03	1.075e+00	8.822e-01
161986.50	1.862e-02	1.478e+00	5.366e-01
161987.50	6.259e-02	1.805e+00	-1.526e-01
161988.50	6.768e-02	2.054e+00	-9.696e-02
161989.50	-4.781e-03	1.027e+00	6.662e-01
161990.50	3.494e-02	1.882e+00	5.424e-01
161991.50	4.973e-02	1.574e+00	1.046e-01
161992.50	-1.286e-03	1.085e+00	6.442e-01
161993.50	1.603e-02	1.565e+00	6.950e-01
161994.50	2.323e-02	1.699e+00	6.019e-01
161995.50	5.117e-02	1.709e+00	-5.290e-02
161996.50	-4.925e-03	5.789e-01	4.310e-01
161997.50	2.390e-02	1.162e+00	2.813e-01
161998.50	6.509e-02	1.978e+00	-1.162e-01
161999.50	4.282e-02	8.842e-01	-2.275e-01
162000.50	3.110e-02	1.046e+00	8.112e-02
162001.50	2.160e-02	1.037e+00	2.141e-01
162002.50	-1.181e-02	3.120e-01	2.602e-01
162003.50	7.786e-04	-7.219e-02	-3.331e-01
162004.50	6.182e-02	1.766e+00	-1.699e-01
162005.50	-1.344e-02	7.027e-01	7.738e-01
162006.50	8.515e-02	1.286e+00	-9.264e-01
162007.50	3.014e-02	8.227e-01	-2.381e-01
162008.50	-2.842e-03	6.816e-01	6.758e-01
162009.50	2.429e-02	4.416e-01	-1.248e-01
162010.50	2.054e-02	1.094e+00	2.851e-01
162011.50	3.158e-02	6.701e-01	-2.659e-01
162012.50	-5.011e-03	3.110e-01	2.314e-01
162013.50	2.035e-02	7.152e-01	2.736e-02
162014.50	4.886e-02	1.267e+00	-2.592e-01
162015.50	-3.350e-02	-1.469e-02	7.594e-01
162016.50	6.019e-03	7.421e-01	2.986e-01
162017.50	1.968e-02	7.843e-01	1.978e-01
162018.50	1.162e-03	1.258e-01	-1.085e-01
162019.50	-4.934e-03	3.014e-01	3.379e-01
162020.50	1.171e-03	5.338e-02	-8.794e-03
162021.50	2.698e-02	1.104e+00	1.402e-01
162022.50	5.030e-03	4.838e-01	2.726e-01
162023.50	3.802e-03	-5.443e-03	7.018e-02
162024.50	1.354e-02	5.414e-01	-5.990e-02
162025.50	2.362e-02	4.186e-01	-2.102e-01
162026.50	3.034e-02	5.434e-01	-4.138e-01
162027.50	-5.866e-03	2.669e-01	1.939e-01
162028.50	-1.123e-03	9.062e-02	8.563e-02
162029.50	1.968e-02	5.770e-01	5.328e-02
162030.50	-6.586e-04	1.450e-01	3.696e-02
162031.50	2.141e-02	2.438e-01	-3.600e-01
162032.50	1.402e-02	4.166e-01	-1.258e-01
162033.50	-1.718e-02	1.066e-01	3.091e-01
162034.50	2.582e-02	6.586e-01	-1.306e-01
162035.50	1.296e-02	3.130e-01	-7.018e-02
162036.50	-1.171e-02	8.198e-02	2.362e-01
162037.50	-2.429e-02	-1.862e-01	5.174e-01
162038.50	2.486e-02	3.283e-01	-3.600e-01
162039.50	1.046e-02	2.861e-01	-5.261e-02
162040.50	2.822e-02	9.984e-02	-5.846e-01
162041.50	2.102e-03	9.696e-02	4.704e-02
162042.50	-5.827e-03	7.632e-02	1.133e-01
162043.50	-5.136e-03	2.419e-01	2.736e-01
162044.50	-1.392e-03	4.589e-01	3.648e-01
162045.50	-6.835e-03	6.768e-03	1.536e-01
162046.50	1.325e-03	3.446e-01	3.600e-01
162047.50	1.200e-02	1.267e-01	-2.496e-01
162048.50	-1.056e-02	-8.765e-02	7.862e-02
162049.50	2.899e-02	5.635e-01	-1.709e-01
162050.50	1.171e-02	1.651e-01	-1.632e-01
162051.50	1.478e-02	4.618e-01	8.006e-02
162052.50	-1.018e-02	1.469e-02	2.429e-01
162053.50	-1.315e-02	-8.592e-02	1.920e-01
162054.50	3.245e-02	2.602e-01	-5.318e-01
162055.50	1.594e-02	2.362e-01	-2.736e-01
162056.50	-1.382e-02	1.133e-01	3.494e-01
162057.50	-9.178e-03	3.370e-01	4.742e-01
162058.50	2.083e-03	3.370e-01	1.738e-01
162059.50	-6.941e-03	-7.526e-02	3.043e-02
162060.50	8.122e-03	-2.256e-01	-3.562e-01
162061.50	4.963e-03	-1.277e-01	-1.862e-01
162062.50	-2.918e-03	3.926e-01	3.005e-01
162063.50	6.221e-03	1.181e-01	-4.829e-02
162064.50	2.410e-03	1.853e-01	5.846e-02
162065.50	5.942e-03	2.890e-01	4.838e-02
162066.50	-8.746e-03	-2.966e-01	-1.248e-02
162067.50	1.939e-02	3.686e-01	-4.272e-02
162068.50	-7.920e-03	2.323e-01	3.110e-01
162069.50	1.430e-02	1.181e-01	-1.891e-01
162070.50	-1.546e-02	-4.742e-02	3.082e-01
162071.50	-7.978e-03	1.296e-01	2.794e-01
162072.50	-3.629e-03	-3.821e-02	-4.685e-02
162073.50	8.006e-03	6.029e-02	-1.690e-01
162074.50	6.422e-03	1.238e-01	-7.834e-02
162075.50	-1.450e-02	-3.562e-01	6.806e-02
162076.50	-7.574e-03	-7.536e-02	7.258e-02
162077.50	6.768e-03	9.792e-02	-1.171e-01
162078.50	-3.245e-03	5.750e-02	1.594e-01
162079.50	8.880e-03	6.422e-02	-1.142e-01
162080.50	-3.408e-03	3.427e-01	2.794e-01
162081.50	-7.344e-03	1.738e-02	1.459e-01
162082.50	9.600e-05	-1.075e-02	-1.171e-02
162083.50	-1.094e-03	1.392e-01	1.411e-01
162084.50	1.766e-02	2.477e-01	-1.910e-01
162085.50	-2.678e-04	5.270e-02	1.642e-02
162086.50	-9.600e-03	-1.766e-01	-5.203e-02
162087.50	-7.670e-06	2.659e-02	-1.306e-02
162088.50	1.699e-03	1.872e-01	2.112e-01
162089.50	2.525e-04	1.450e-01	7.555e-02
162090.50	8.198e-03	-2.726e-02	-1.661e-01
162091.50	-2.746e-03	-7.094e-02	1.267e-01
162092.50	-6.806e-04	1.469e-01	1.421e-01
162093.50	6.778e-03	9.888e-02	-6.672e-02
162094.50	-6.048e-03	-1.622e-01	1.210e-02
162095.50	-9.792e-03	-5.232e-02	2.506e-02
162096.50	1.162e-02	-4.483e-02	-3.024e-01
162097.50	3.475e-03	-6.134e-02	-1.930e-01
162098.50	3.946e-03	9.331e-02	3.024e-02
162099.50	-6.490e-03	4.752e-02	3.677e-01
162100.50	-1.526e-05	2.016e-01	1.056e-01
162101.50	2.496e-03	4.330e-02	-8.928e-05
162102.50	-1.152e-02	-6.758e-02	9.360e-02
162103.50	7.958e-03	2.870e-01	-4.099e-02
162104.50	-1.085e-03	-2.275e-01	-1.709e-01
162105.50	2.294e-03	-5.885e-02	-1.037e-01
162106.50	-5.347e-03	-1.056e-01	5.270e-02
162107.50	9.322e-03	1.738e-01	1.478e-02
162108.50	9.197e-03	1.747e-01	4.166e-02
162109.50	-6.739e-03	-1.574e-01	1.037e-01
162110.50	-6.787e-03	6.547e-02	1.862e-01
162111.50	2.774e-04	1.373e-01	1.555e-01
162112.50	-9.600e-03	-3.264e-03	1.507e-01
162113.50	4.579e-04	1.795e-01	-3.283e-02
162114.50	-8.669e-03	-4.118e-02	1.114e-01
162115.50	-6.461e-03	-2.371e-02	1.411e-01
162116.50	9.197e-04	2.237e-01	1.421e-01
162117.50	6.288e-03	-4.406e-02	-1.229e-01
162118.50	1.661e-02	2.650e-01	-1.152e-01
162119.50	-3.408e-03	-1.459e-01	-1.411e-02
162120.50	1.008e-02	2.304e-01	-1.267e-01
162121.50	-1.027e-03	-4.387e-02	4.320e-03
162122.50	1.027e-02	3.331e-02	-1.680e-01
162123.50	2.659e-03	5.827e-04	-6.845e-02
162124.50	-5.318e-03	-3.888e-02	1.094e-01
162125.50	-1.286e-03	-7.267e-02	-2.237e-02
162126.50	-4.330e-03	-6.182e-02	1.219e-02
162127.50	-3.965e-04	8.054e-03	1.498e-03
162128.50	2.486e-03	7.296e-02	-1.277e-02
162129.50	-1.152e-03	4.512e-02	1.267e-01
162130.50	9.418e-03	-1.987e-02	-3.130e-01
162131.50	2.640e-04	-1.805e-01	-1.680e-01
162132.50	-2.218e-03	2.803e-02	7.277e-02
162133.50	-1.786e-03	3.379e-02	2.621e-02
162134.50	1.968e-04	1.200e-01	6.509e-02
162135.50	4.762e-03	4.570e-02	-8.678e-02
162136.50	-5.549e-03	4.867e-03	1.152e-01
162137.50	-7.056e-03	-1.430e-01	4.445e-02
162138.50	3.101e-03	-7.872e-02	-1.210e-01
162139.50	4.733e-03	1.258e-01	-1.498e-02
162140.50	-6.317e-03	-1.018e-01	1.162e-01
162141.50	3.408e-03	-5.664e-03	-1.018e-01
162142.50	3.341e-03	1.507e-01	-1.421e-02
162143.50	-3.523e-03	-6.298e-03	5.405e-02
162144.50	-2.582e-03	-1.277e-01	-2.266e-02
162145.50	4.330e-03	5.760e-02	-6.960e-02
162146.50	2.909e-03	6.614e-02	7.738e-02
162147.50	3.158e-04	9.494e-02	8.477e-02
162148.50	-5.875e-03	8.141e-02	1.920e-01
162149.50	-2.794e-03	-7.546e-03	1.123e-01
162150.50	6.883e-03	-8.640e-02	-2.227e-01
162151.50	4.963e-03	7.834e-03	-1.459e-01
162152.50	-1.622e-03	3.062e-02	1.094e-01
162153.50	-1.440e-02	-1.594e-01	1.632e-01
162154.50	-5.818e-03	-4.934e-02	7.574e-02
162155.50	6.326e-03	1.574e-01	-2.419e-02
162156.50	5.242e-03	8.054e-02	-8.774e-02
162157.50	1.114e-03	9.235e-02	1.094e-04
162158.50	8.486e-03	8.669e-02	-1.094e-01
162159.50	2.314e-03	1.104e-01	-3.197e-03
162160.50	-3.168e-03	8.227e-02	1.248e-01
162161.50	4.426e-03	-1.085e-01	-1.258e-01
162162.50	-1.306e-02	-1.718e-01	1.238e-01
162163.50	-2.794e-03	5.078e-02	1.718e-02
162164.50	-3.187e-03	2.026e-02	7.488e-02
162165.50	2.208e-03	1.066e-01	-1.738e-02
162166.50	-3.869e-03	-5.741e-02	5.136e-02
162167.50	6.922e-04	-2.890e-02	-4.032e-02
162168.50	6.768e-03	1.142e-01	-1.114e-01
162169.50	3.706e-03	5.914e-02	-4.762e-02
162170.50	2.093e-03	9.331e-02	2.112e-02
162171.50	1.661e-03	-3.158e-02	-3.341e-02
162172.50	-3.226e-03	-4.723e-02	2.870e-02
162173.50	-5.395e-05	7.066e-02	4.598e-02
162174.50	-6.768e-03	-1.085e-01	1.027e-01
162175.50	-1.133e-02	-1.430e-01	1.680e-01
162176.50	1.046e-02	1.027e-01	-1.747e-01
162177.50	9.168e-04	-3.149e-02	-3.686e-03
162178.50	2.784e-03	-6.374e-02	-1.344e-01
162179.50	-3.898e-03	-1.200e-01	3.907e-02
162180.50	1.219e-02	2.765e-02	-9.888e-02
162181.50	-1.488e-02	-8.736e-02	-2.074e-02
162182.50	-1.085e-02	-7.987e-02	1.238e-01
162183.50	-2.285e-03	6.288e-02	2.064e-02
162184.50	3.811e-03	1.085e-01	2.323e-02
162185.50	8.477e-03	1.440e-02	9.043e-03
162186.50	-5.414e-03	-6.749e-02	5.798e-02
162187.50	8.093e-03	1.450e-01	-5.251e-02
162188.50	5.962e-03	7.997e-02	-5.088e-02
162189.50	8.054e-03	3.859e-03	4.339e-03
162190.50	-4.646e-03	-9.792e-03	5.990e-02
162191.50	2.006e-03	-8.496e-02	-1.459e-01
162192.50	-4.512e-03	-7.450e-03	8.390e-02
162193.50	-5.923e-03	6.576e-02	1.555e-01
162194.50	-3.888e-03	-9.053e-02	-7.478e-03
162195.50	-1.296e-03	1.997e-02	7.507e-02
162196.50	-1.478e-02	-2.026e-01	1.114e-01
162197.50	7.843e-04	-1.104e-01	-1.037e-01
162198.50	8.861e-03	5.434e-02	-1.334e-01
162199.50	5.693e-03	1.027e-01	2.669e-02
162200.50	2.765e-03	6.826e-02	-6.557e-03
162201.50	2.794e-03	9.437e-03	-5.568e-02
162202.50	5.155e-03	8.650e-02	-7.517e-02
162203.50	4.886e-05	-3.437e-02	-2.304e-03
162204.50	2.102e-03	7.555e-02	-1.814e-02
162205.50	-2.102e-03	3.302e-03	5.059e-02
162206.50	-3.120e-03	1.834e-01	-2.045e-02
162207.50	3.610e-03	-1.814e-03	-4.992e-02
162208.50	-3.562e-03	2.582e-02	1.978e-01
162209.50	-3.725e-03	-1.450e-02	4.589e-02
162210.50	2.861e-03	1.872e-03	-5.856e-02
162211.50	5.002e-03	6.413e-02	-4.675e-02
162212.50	-1.891e-03	-1.152e-01	-9.379e-02
162213.50	-3.658e-03	-1.334e-01	-5.328e-02
162214.50	-8.640e-03	-3.293e-03	1.690e-01
162215.50	-1.421e-03	-5.222e-02	-2.035e-02
162216.50	-4.646e-03	-3.091e-02	5.443e-02
162217.50	2.237e-03	2.563e-02	1.690e-02
162218.50	3.446e-03	4.973e-02	-1.891e-02
162219.50	-1.085e-02	-1.286e-01	7.392e-02
162220.50	-5.011e-03	6.662e-02	1.517e-01
162221.50	2.544e-03	-7.421e-03	-2.736e-02
162222.50	6.365e-03	3.878e-02	-5.597e-02
162223.50	-7.200e-03	-4.646e-02	5.549e-02
162224.50	1.008e-02	9.696e-02	-1.430e-01
162225.50	-1.402e-03	-1.622e-01	1.526e-02
162226.50	-8.957e-04	-9.696e-02	-7.075e-02
162227.50	1.258e-04	-1.632e-03	-2.736e-02
162228.50	-6.086e-03	8.083e-02	1.987e-01
162229.50	-1.085e-02	9.888e-03	1.459e-01
162230.50	-5.117e-04	7.930e-02	-1.094e-02
162231.50	7.277e-04	1.757e-02	7.238e-02
162232.50	3.456e-03	5.098e-02	-2.102e-02
162233.50	6.029e-03	6.605e-02	-5.251e-02
162234.50	1.891e-03	7.171e-02	-3.101e-02
162235.50	-6.192e-03	7.267e-03	1.075e-01
162236.50	-1.459e-03	-5.242e-02	-1.766e-02
162237.50	1.670e-03	2.554e-02	3.158e-02
162238.50	7.133e-03	-4.627e-02	-5.616e-02
162239.50	8.218e-03	-1.286e-02	-5.856e-02
162240.50	3.091e-03	9.427e-03	-1.123e-01
162241.50	-1.786e-03	7.459e-02	-5.482e-02
162242.50	-1.498e-03	3.850e-02	3.264e-02
162243.50	-4.474e-04	1.402e-02	2.275e-02
162244.50	-8.966e-03	-1.402e-02	1.354e-02
162245.50	9.571e-03	3.677e-02	3.974e-03
162246.50	1.642e-02	9.014e-02	-9.226e-02
162247.50	-1.882e-03	6.134e-03	1.363e-02
162248.50	4.502e-04	3.494e-05	-5.107e-02
162249.50	-5.510e-03	-1.056e-01	2.525e-02
162250.50	-5.482e-03	-7.075e-02	1.882e-02
162251.50	-1.248e-02	-1.354e-01	5.846e-02
162252.50	5.357e-02	3.158e-01	-3.312e-02
162253.50	1.296e-02	1.181e-01	-5.904e-02
162254.50	-9.600e-03	5.990e-03	-1.584e-02
162255.50	-5.194e-03	1.123e-03	-7.949e-02
162256.50	-1.930e-03	1.709e-02	2.986e-02
162257.50	-4.762e-04	4.339e-02	7.296e-02
162258.50	4.915e-03	5.702e-02	-4.358e-02
162259.50	-3.293e-03	-1.104e-02	4.896e-02
162260.50	-2.976e-03	-4.205e-02	2.966e-02
162261.50	-4.262e-04	-2.026e-02	-1.046e-02
162262.50	-1.546e-03	-7.248e-02	-4.416e-02
162263.50	5.482e-03	-7.680e-02	-1.891e-01
162264.50	3.715e-03	8.832e-02	-1.181e-02
162265.50	1.498e-03	2.774e-02	-1.258e-02
162266.50	-3.101e-03	-4.454e-03	8.774e-02
162267.50	1.229e-03	-1.258e-01	-9.581e-02
162268.50	-5.405e-03	-2.458e-02	1.546e-02
162269.50	-1.142e-02	1.085e-01	1.027e-01
162270.50	4.598e-03	3.216e-02	-4.627e-02
162271.50	-7.363e-04	-8.822e-02	-5.683e-02
162272.50	-6.182e-03	-6.029e-02	4.618e-02
162273.50	2.813e-03	-1.315e-02	-9.341e-02
162274.50	1.882e-02	1.210e-02	-1.238e-01
162275.50	3.178e-03	7.968e-02	8.506e-02
162276.50	-4.531e-03	-3.965e-02	-4.262e-02
162277.50	-1.296e-02	-5.549e-02	1.738e-01
162278.50	-9.005e-03	-1.430e-02	-5.030e-03
162279.50	1.488e-02	8.083e-02	-1.056e-01
