161681.50	0.000e+00	0.000e+00	0.000e+00
161682.50	0.000e+00	0.000e+00	0.000e+00
161683.50	0.000e+00	0.000e+00	0.000e+00
161684.50	0.000e+00	0.000e+00	0.000e+00
161685.50	0.000e+00	0.000e+00	0.000e+00
161686.50	0.000e+00	0.000e+00	0.000e+00
161687.50	0.000e+00	0.000e+00	0.000e+00
161688.50	0.000e+00	0.000e+00	0.000e+00
161689.50	0.000e+00	0.000e+00	0.000e+00
161690.50	0.000e+00	0.000e+00	0.000e+00
161691.50	0.000e+00	0.000e+00	0.000e+00
161692.50	0.000e+00	0.000e+00	0.000e+00
161693.50	0.000e+00	0.000e+00	0.000e+00
161694.50	0.000e+00	0.000e+00	0.000e+00
161695.50	0.000e+00	0.000e+00	0.000e+00
161696.50	0.000e+00	0.000e+00	0.000e+00
161697.50	0.000e+00	0.000e+00	0.000e+00
161698.50	0.000e+00	0.000e+00	0.000e+00
161699.50	0.000e+00	0.000e+00	0.000e+00
161700.50	0.000e+00	0.000e+00	0.000e+00
161701.50	0.000e+00	0.000e+00	0.000e+00
161702.50	0.000e+00	0.000e+00	0.000e+00
161703.50	0.000e+00	0.000e+00	0.000e+00
161704.50	0.000e+00	0.000e+00	0.000e+00
161705.50	0.000e+00	0.000e+00	0.000e+00
161706.50	0.000e+00	0.000e+00	0.000e+00
161707.50	0.000e+00	0.000e+00	0.000e+00
161708.50	0.000e+00	0.000e+00	0.000e+00
161709.50	0.000e+00	0.000e+00	0.000e+00
161710.50	0.000e+00	0.000e+00	0.000e+00
161711.50	0.000e+00	0.000e+00	0.000e+00
161712.50	0.000e+00	0.000e+00	0.000e+00
161713.50	0.000e+00	0.000e+00	0.000e+00
161714.50	0.000e+00	0.000e+00	0.000e+00
161715.50	0.000e+00	0.000e+00	0.000e+00
161716.50	0.000e+00	0.000e+00	0.000e+00
161717.50	0.000e+00	0.000e+00	0.000e+00
161718.50	0.000e+00	0.000e+00	0.000e+00
161719.50	0.000e+00	0.000e+00	0.000e+00
161720.50	0.000e+00	0.000e+00	0.000e+00
161721.50	0.000e+00	0.000e+00	0.000e+00
161722.50	0.000e+00	0.000e+00	0.000e+00
161723.50	0.000e+00	0.000e+00	0.000e+00
161724.50	0.000e+00	0.000e+00	0.000e+00
161725.50	0.000e+00	0.000e+00	0.000e+00
161726.50	0.000e+00	0.000e+00	0.000e+00
161727.50	0.000e+00	0.000e+00	0.000e+00
161728.50	0.000e+00	0.000e+00	0.000e+00
161729.50	0.000e+00	0.000e+00	0.000e+00
161730.50	0.000e+00	0.000e+00	0.000e+00
161731.50	0.000e+00	0.000e+00	0.000e+00
161732.50	0.000e+00	0.000e+00	0.000e+00
161733.50	0.000e+00	0.000e+00	0.000e+00
161734.50	0.000e+00	0.000e+00	0.000e+00
161735.50	0.000e+00	0.000e+00	0.000e+00
161736.50	0.000e+00	0.000e+00	0.000e+00
161737.50	0.000e+00	0.000e+00	0.000e+00
161738.50	0.000e+00	0.000e+00	0.000e+00
161739.50	0.000e+00	0.000e+00	0.000e+00
161740.50	0.000e+00	0.000e+00	0.000e+00
161741.50	0.000e+00	0.000e+00	0.000e+00
161742.50	0.000e+00	0.000e+00	0.000e+00
161743.50	0.000e+00	0.000e+00	0.000e+00
161744.50	0.000e+00	0.000e+00	0.000e+00
161745.50	0.000e+00	0.000e+00	0.000e+00
161746.50	0.000e+00	0.000e+00	0.000e+00
161747.50	0.000e+00	0.000e+00	0.000e+00
161748.50	0.000e+00	0.000e+00	0.000e+00
161749.50	0.000e+00	0.000e+00	0.000e+00
161750.50	0.000e+00	0.000e+00	0.000e+00
161751.50	0.000e+00	0.000e+00	0.000e+00
161752.50	0.000e+00	0.000e+00	0.000e+00
161753.50	0.000e+00	0.000e+00	0.000e+00
161754.50	0.000e+00	0.000e+00	0.000e+00
161755.50	0.000e+00	0.000e+00	0.000e+00
161756.50	0.000e+00	0.000e+00	0.000e+00
161757.50	0.000e+00	0.000e+00	0.000e+00
161758.50	0.000e+00	0.000e+00	0.000e+00
161759.50	0.000e+00	0.000e+00	0.000e+00
161760.50	0.000e+00	0.000e+00	0.000e+00
161761.50	0.000e+00	0.000e+00	0.000e+00
161762.50	0.000e+00	0.000e+00	0.000e+00
161763.50	0.000e+00	0.000e+00	0.000e+00
161764.50	0.000e+00	0.000e+00	0.000e+00
161765.50	0.000e+00	0.000e+00	0.000e+00
161766.50	0.000e+00	0.000e+00	0.000e+00
161767.50	0.000e+00	0.000e+00	0.000e+00
161768.50	0.000e+00	0.000e+00	0.000e+00
161769.50	0.000e+00	0.000e+00	0.000e+00
161770.50	0.000e+00	0.000e+00	0.000e+00
161771.50	0.000e+00	0.000e+00	0.000e+00
161772.50	0.000e+00	0.000e+00	0.000e+00
161773.50	0.000e+00	0.000e+00	0.000e+00
161774.50	0.000e+00	0.000e+00	0.000e+00
161775.50	0.000e+00	0.000e+00	0.000e+00
161776.50	0.000e+00	0.000e+00	0.000e+00
161777.50	0.000e+00	0.000e+00	0.000e+00
161778.50	0.000e+00	0.000e+00	0.000e+00
161779.50	0.000e+00	0.000e+00	0.000e+00
161780.50	0.000e+00	0.000e+00	0.000e+00
161781.50	0.000e+00	0.000e+00	0.000e+00
161782.50	0.000e+00	0.000e+00	0.000e+00
161783.50	0.000e+00	0.000e+00	0.000e+00
161784.50	0.000e+00	0.000e+00	0.000e+00
161785.50	0.000e+00	0.000e+00	0.000e+00
161786.50	0.000e+00	0.000e+00	0.000e+00
161787.50	0.000e+00	0.000e+00	0.000e+00
161788.50	0.000e+00	0.000e+00	0.000e+00
161789.50	0.000e+00	0.000e+00	0.000e+00
161790.50	0.000e+00	0.000e+00	0.000e+00
161791.50	0.000e+00	0.000e+00	0.000e+00
161792.50	0.000e+00	0.000e+00	0.000e+00
161793.50	0.000e+00	0.000e+00	0.000e+00
161794.50	0.000e+00	0.000e+00	0.000e+00
161795.50	0.000e+00	0.000e+00	0.000e+00
161796.50	0.000e+00	0.000e+00	0.000e+00
161797.50	0.000e+00	0.000e+00	0.000e+00
161798.50	0.000e+00	0.000e+00	0.000e+00
161799.50	0.000e+00	0.000e+00	0.000e+00
161800.50	0.000e+00	0.000e+00	0.000e+00
161801.50	0.000e+00	0.000e+00	0.000e+00
161802.50	0.000e+00	0.000e+00	0.000e+00
161803.50	0.000e+00	0.000e+00	0.000e+00
161804.50	0.000e+00	0.000e+00	0.000e+00
161805.50	0.000e+00	0.000e+00	0.000e+00
161806.50	0.000e+00	0.000e+00	0.000e+00
161807.50	0.000e+00	0.000e+00	0.000e+00
161808.50	0.000e+00	0.000e+00	0.000e+00
161809.50	0.000e+00	0.000e+00	0.000e+00
161810.50	0.000e+00	0.000e+00	0.000e+00
161811.50	0.000e+00	0.000e+00	0.000e+00
161812.50	0.000e+00	0.000e+00	0.000e+00
161813.50	0.000e+00	0.000e+00	0.000e+00
161814.50	0.000e+00	0.000e+00	0.000e+00
161815.50	0.000e+00	0.000e+00	0.000e+00
161816.50	0.000e+00	0.000e+00	0.000e+00
161817.50	0.000e+00	0.000e+00	0.000e+00
161818.50	0.000e+00	0.000e+00	0.000e+00
161819.50	0.000e+00	0.000e+00	0.000e+00
161820.50	0.000e+00	0.000e+00	0.000e+00
161821.50	0.000e+00	0.000e+00	0.000e+00
161822.50	0.000e+00	0.000e+00	0.000e+00
161823.50	0.000e+00	0.000e+00	0.000e+00
161824.50	0.000e+00	0.000e+00	0.000e+00
161825.50	0.000e+00	0.000e+00	0.000e+00
161826.50	0.000e+00	0.000e+00	0.000e+00
161827.50	0.000e+00	0.000e+00	0.000e+00
161828.50	0.000e+00	0.000e+00	0.000e+00
161829.50	0.000e+00	0.000e+00	0.000e+00
161830.50	0.000e+00	0.000e+00	0.000e+00
161831.50	0.000e+00	0.000e+00	0.000e+00
161832.50	0.000e+00	0.000e+00	0.000e+00
161833.50	0.000e+00	0.000e+00	0.000e+00
161834.50	0.000e+00	0.000e+00	0.000e+00
161835.50	0.000e+00	0.000e+00	0.000e+00
161836.50	0.000e+00	0.000e+00	0.000e+00
161837.50	0.000e+00	0.000e+00	0.000e+00
161838.50	0.000e+00	0.000e+00	0.000e+00
161839.50	0.000e+00	0.000e+00	0.000e+00
161840.50	0.000e+00	0.000e+00	0.000e+00
161841.50	0.000e+00	0.000e+00	0.000e+00
161842.50	0.000e+00	0.000e+00	0.000e+00
161843.50	0.000e+00	0.000e+00	0.000e+00
161844.50	0.000e+00	0.000e+00	0.000e+00
161845.50	0.000e+00	0.000e+00	0.000e+00
161846.50	0.000e+00	0.000e+00	0.000e+00
161847.50	0.000e+00	0.000e+00	0.000e+00
161848.50	0.000e+00	0.000e+00	0.000e+00
161849.50	0.000e+00	0.000e+00	0.000e+00
161850.50	0.000e+00	0.000e+00	0.000e+00
161851.50	0.000e+00	0.000e+00	0.000e+00
161852.50	0.000e+00	0.000e+00	0.000e+00
161853.50	0.000e+00	0.000e+00	0.000e+00
161854.50	0.000e+00	0.000e+00	0.000e+00
161855.50	0.000e+00	0.000e+00	0.000e+00
161856.50	0.000e+00	0.000e+00	0.000e+00
161857.50	0.000e+00	0.000e+00	0.000e+00
161858.50	0.000e+00	0.000e+00	0.000e+00
161859.50	0.000e+00	0.000e+00	0.000e+00
161860.50	0.000e+00	0.000e+00	0.000e+00
161861.50	0.000e+00	0.000e+00	0.000e+00
161862.50	0.000e+00	0.000e+00	0.000e+00
161863.50	0.000e+00	0.000e+00	0.000e+00
161864.50	0.000e+00	0.000e+00	0.000e+00
161865.50	0.000e+00	0.000e+00	0.000e+00
161866.50	0.000e+00	0.000e+00	0.000e+00
161867.50	0.000e+00	0.000e+00	0.000e+00
161868.50	0.000e+00	0.000e+00	0.000e+00
161869.50	0.000e+00	0.000e+00	0.000e+00
161870.50	0.000e+00	0.000e+00	0.000e+00
161871.50	0.000e+00	0.000e+00	0.000e+00
161872.50	0.000e+00	0.000e+00	0.000e+00
161873.50	0.000e+00	0.000e+00	0.000e+00
161874.50	0.000e+00	0.000e+00	0.000e+00
161875.50	0.000e+00	0.000e+00	0.000e+00
161876.50	0.000e+00	0.000e+00	0.000e+00
161877.50	0.000e+00	0.000e+00	0.000e+00
161878.50	0.000e+00	0.000e+00	0.000e+00
161879.50	0.000e+00	0.000e+00	0.000e+00
161880.50	0.000e+00	0.000e+00	0.000e+00
161881.50	0.000e+00	0.000e+00	0.000e+00
161882.50	0.000e+00	0.000e+00	0.000e+00
161883.50	0.000e+00	0.000e+00	0.000e+00
161884.50	0.000e+00	0.000e+00	0.000e+00
161885.50	0.000e+00	0.000e+00	0.000e+00
161886.50	0.000e+00	0.000e+00	0.000e+00
161887.50	0.000e+00	0.000e+00	0.000e+00
161888.50	0.000e+00	0.000e+00	0.000e+00
161889.50	0.000e+00	0.000e+00	0.000e+00
161890.50	0.000e+00	0.000e+00	0.000e+00
161891.50	0.000e+00	0.000e+00	0.000e+00
161892.50	0.000e+00	0.000e+00	0.000e+00
161893.50	0.000e+00	0.000e+00	0.000e+00
161894.50	0.000e+00	0.000e+00	0.000e+00
161895.50	0.000e+00	0.000e+00	0.000e+00
161896.50	0.000e+00	0.000e+00	0.000e+00
161897.50	0.000e+00	0.000e+00	0.000e+00
161898.50	0.000e+00	0.000e+00	0.000e+00
161899.50	0.000e+00	0.000e+00	0.000e+00
161900.50	0.000e+00	0.000e+00	0.000e+00
161901.50	0.000e+00	0.000e+00	0.000e+00
161902.50	0.000e+00	0.000e+00	0.000e+00
161903.50	0.000e+00	0.000e+00	0.000e+00
161904.50	0.000e+00	0.000e+00	0.000e+00
161905.50	0.000e+00	0.000e+00	0.000e+00
161906.50	0.000e+00	0.000e+00	0.000e+00
161907.50	0.000e+00	0.000e+00	0.000e+00
161908.50	0.000e+00	0.000e+00	0.000e+00
161909.50	6.442e-06	-9.984e-06	3.043e-04
161910.50	1.997e-05	-5.530e-03	9.120e-03
161911.50	1.066e-03	2.131e-02	3.014e-02
161912.50	-1.901e-03	-3.523e-02	-6.374e-02
161913.50	-1.296e-02	-2.966e-01	-3.418e-01
161914.50	-5.078e-02	-2.160e+00	1.910e-01
161915.50	-8.765e-02	-6.509e+00	4.608e+00
161916.50	-4.752e-01	-2.160e+01	4.723e+00
161917.50	-7.632e-01	-3.504e+01	8.621e+00
161918.50	-1.258e+00	-5.798e+01	1.603e+01
161919.50	-2.093e+00	-9.427e+01	2.429e+01
161920.50	-2.410e+00	-1.094e+02	3.120e+01
161921.50	-3.024e+00	-1.258e+02	2.486e+01
161922.50	-3.245e+00	-1.248e+02	1.459e+01
161923.50	-3.754e+00	-1.402e+02	1.296e+01
161924.50	-2.678e+00	-9.984e+01	1.258e+01
161925.50	-1.517e+00	-5.357e+01	4.541e+00
161926.50	-1.306e+00	-3.696e+01	-6.691e+00
161927.50	-3.984e-01	-7.517e+00	-4.387e+00
161928.50	3.005e-01	1.123e+01	3.302e+00
161929.50	-4.358e-02	8.726e+00	-1.018e+01
161930.50	7.728e-01	2.899e+01	1.354e-01
161931.50	6.566e-01	3.293e+01	-1.219e+01
161932.50	6.192e-01	3.091e+01	-1.094e+01
161933.50	1.162e+00	4.253e+01	-2.064e+00
161934.50	8.947e-01	3.850e+01	-9.696e+00
161935.50	6.883e-01	3.504e+01	-1.334e+01
161936.50	1.037e+00	3.811e+01	-3.533e+00
161937.50	1.008e+00	3.782e+01	-4.800e+00
161938.50	8.477e-01	3.408e+01	-6.826e+00
161939.50	8.467e-01	3.350e+01	-5.866e+00
161940.50	5.213e-01	2.582e+01	-1.056e+01
161941.50	8.822e-01	3.091e+01	-1.699e+00
161942.50	5.616e-01	2.371e+01	-5.683e+00
161943.50	7.402e-01	2.707e+01	-2.813e+00
161944.50	7.018e-01	2.726e+01	-4.003e+00
161945.50	6.854e-01	2.352e+01	-6.970e-01
161946.50	4.003e-01	1.747e+01	-4.445e+00
161947.50	5.914e-01	2.122e+01	-2.122e+00
161948.50	4.646e-01	1.738e+01	-1.920e+00
161949.50	5.146e-01	1.843e+01	-1.344e+00
161950.50	4.445e-01	1.670e+01	-1.632e+00
161951.50	4.733e-01	1.594e+01	2.938e-01
161952.50	3.802e-01	1.661e+01	-5.021e+00
161953.50	3.034e-01	1.152e+01	-1.258e+00
161954.50	3.638e-01	1.219e+01	1.210e-02
161955.50	2.246e-01	1.075e+01	-3.360e+00
161956.50	2.573e-01	1.152e+01	-3.869e+00
161957.50	3.168e-01	1.056e+01	5.126e-01
161958.50	3.696e-01	1.171e+01	1.190e+00
161959.50	2.602e-01	1.018e+01	-1.766e+00
161960.50	3.034e-01	1.085e+01	-6.931e-01
161961.50	1.728e-01	6.778e+00	-1.258e+00
161962.50	1.958e-01	8.122e+00	-1.901e+00
161963.50	1.834e-01	7.498e+00	-1.555e+00
161964.50	1.181e-01	5.126e+00	-1.046e+00
161965.50	2.467e-01	7.642e+00	4.589e-01
161966.50	1.853e-01	7.200e+00	-9.533e-01
161967.50	1.411e-01	5.837e+00	-1.171e+00
161968.50	1.315e-01	4.982e+00	-3.965e-01
161969.50	1.210e-01	5.222e+00	-1.555e+00
161970.50	1.728e-01	4.934e+00	1.046e+00
161971.50	1.622e-01	5.722e+00	-1.123e-01
161972.50	1.411e-01	5.030e+00	-2.112e-01
161973.50	1.661e-01	5.923e+00	-2.688e-01
161974.50	9.984e-02	3.706e+00	-6.547e-01
161975.50	4.877e-02	2.410e+00	-6.720e-01
161976.50	1.008e-01	4.061e+00	-5.539e-01
161977.50	1.142e-01	4.426e+00	-9.274e-01
161978.50	4.262e-02	1.661e+00	-1.699e-02
161979.50	1.277e-01	3.706e+00	6.422e-01
161980.50	8.573e-02	2.736e+00	3.523e-01
161981.50	6.048e-02	2.438e+00	-1.738e-01
161982.50	1.190e-01	4.032e+00	-3.398e-01
161983.50	4.147e-02	2.102e+00	-8.534e-01
161984.50	4.550e-02	2.573e+00	-9.984e-01
161985.50	6.816e-02	2.410e+00	-6.730e-03
161986.50	6.518e-02	2.755e+00	-5.098e-01
161987.50	4.157e-02	1.142e+00	1.344e-01
161988.50	7.584e-02	2.486e+00	-6.672e-02
161989.50	3.514e-02	1.440e+00	-1.354e-01
161990.50	5.645e-02	1.709e+00	3.379e-01
161991.50	5.549e-02	2.294e+00	-7.267e-01
161992.50	6.605e-02	1.978e+00	3.792e-01
161993.50	5.482e-02	1.891e+00	-6.230e-02
161994.50	4.272e-02	1.248e+00	1.987e-01
161995.50	4.934e-02	1.459e+00	3.763e-01
161996.50	2.659e-02	1.651e+00	-9.408e-01
161997.50	4.214e-02	1.584e+00	-2.621e-01
161998.50	2.112e-02	1.267e+00	-7.728e-01
161999.50	2.947e-02	9.034e-01	8.746e-02
162000.50	3.302e-02	1.930e+00	-9.792e-01
162001.50	1.805e-02	1.094e+00	-2.458e-01
162002.50	5.626e-02	1.171e+00	8.602e-01
162003.50	4.291e-02	1.325e+00	6.634e-03
162004.50	2.592e-02	1.430e+00	-6.806e-01
162005.50	1.718e-02	7.786e-01	-1.411e-01
162006.50	4.397e-03	4.848e-01	-2.842e-01
162007.50	1.402e-02	7.507e-01	-5.376e-01
162008.50	2.650e-02	8.659e-01	-2.592e-01
162009.50	4.003e-02	1.075e+00	1.373e-01
162010.50	8.573e-03	5.510e-01	-1.526e-01
162011.50	3.408e-02	8.467e-01	4.358e-01
162012.50	1.853e-02	5.069e-01	3.379e-01
162013.50	3.149e-02	9.504e-01	1.037e-01
162014.50	1.373e-02	7.056e-01	-4.694e-01
162015.50	4.522e-02	1.498e+00	2.333e-02
162016.50	-8.851e-03	3.120e-01	-4.829e-01
162017.50	4.762e-03	2.630e-01	-3.053e-01
162018.50	8.630e-03	4.627e-01	-2.573e-01
162019.50	-1.392e-02	-1.478e-01	-2.314e-01
162020.50	2.602e-02	7.661e-01	2.333e-01
162021.50	2.650e-02	8.515e-01	-1.402e-02
162022.50	2.477e-02	3.485e-01	6.317e-01
162023.50	1.498e-03	2.947e-01	-4.656e-01
162024.50	-6.317e-03	-1.824e-01	3.725e-02
162025.50	6.000e-03	3.005e-01	-9.792e-02
162026.50	5.366e-03	3.619e-01	-2.458e-01
162027.50	2.688e-02	9.389e-01	5.981e-02
162028.50	-2.256e-03	3.014e-01	-5.808e-01
162029.50	2.218e-02	4.416e-01	5.530e-01
162030.50	2.237e-03	4.330e-02	1.498e-02
162031.50	1.978e-02	7.882e-01	-9.187e-02
162032.50	-3.293e-04	3.638e-01	-3.043e-01
162033.50	1.171e-02	2.861e-01	9.418e-02
162034.50	-4.301e-04	2.064e-01	-3.226e-01
162035.50	-1.238e-03	2.707e-01	-3.600e-01
162036.50	3.216e-02	7.987e-01	1.478e-01
162037.50	9.888e-03	3.677e-01	-1.507e-01
162038.50	-6.125e-04	1.824e-01	1.853e-02
162039.50	-1.200e-03	1.210e-01	1.786e-01
162040.50	-5.434e-03	2.198e-01	-2.957e-01
162041.50	2.381e-03	3.197e-01	-4.003e-01
162042.50	1.411e-02	-3.677e-02	5.472e-01
162043.50	2.659e-03	2.083e-01	-4.157e-02
162044.50	2.784e-02	9.888e-01	-1.363e-01
162045.50	2.640e-03	4.387e-01	-4.829e-01
162046.50	1.200e-03	9.888e-02	5.520e-02
162047.50	2.342e-02	2.918e-01	4.224e-01
162048.50	-2.227e-03	1.277e-03	5.904e-02
162049.50	-5.990e-03	-6.413e-02	-5.117e-02
162050.50	1.123e-02	4.886e-01	-1.258e-01
162051.50	-2.285e-02	-3.667e-01	-4.742e-01
162052.50	-6.259e-03	-5.126e-02	-2.525e-01
162053.50	-5.059e-03	1.805e-01	-2.986e-01
162054.50	1.757e-02	3.312e-01	2.371e-01
162055.50	-1.738e-03	-2.016e-01	2.707e-01
162056.50	9.408e-03	9.984e-02	1.814e-01
162057.50	5.933e-04	1.296e-01	2.208e-02
162058.50	2.774e-03	2.813e-01	-1.968e-01
162059.50	2.256e-02	5.875e-01	1.526e-01
162060.50	1.411e-02	2.746e-01	2.218e-01
162061.50	6.624e-03	2.045e-01	-2.179e-01
162062.50	1.104e-02	2.400e-01	1.248e-01
162063.50	-1.133e-02	-1.642e-01	-2.794e-01
162064.50	-9.206e-03	-1.728e-01	-1.958e-01
162065.50	-6.912e-03	-2.237e-01	4.406e-02
162066.50	3.648e-03	3.600e-01	2.534e-02
162067.50	-1.670e-03	8.208e-02	-1.507e-02
162068.50	5.923e-03	1.210e-01	-5.299e-02
162069.50	2.630e-03	5.491e-02	-1.661e-02
162070.50	1.334e-02	3.408e-01	1.622e-01
162071.50	-1.488e-02	-3.648e-02	-3.725e-01
162072.50	-3.418e-03	-3.850e-02	-1.027e-01
162073.50	9.600e-03	6.163e-03	4.637e-01
162074.50	-1.248e-04	3.283e-02	-8.515e-02
162075.50	2.102e-02	5.136e-01	2.064e-01
162076.50	6.720e-03	7.334e-03	3.082e-01
162077.50	-1.210e-03	2.294e-01	-1.296e-01
162078.50	-1.133e-02	-2.218e-01	-2.122e-01
162079.50	1.690e-03	2.582e-01	-2.544e-01
162080.50	6.182e-04	-1.171e-01	1.334e-01
162081.50	1.315e-02	3.667e-01	8.861e-02
162082.50	7.286e-03	1.997e-01	-2.678e-02
162083.50	8.659e-03	1.008e-01	1.210e-01
162084.50	-9.523e-03	-2.765e-01	1.459e-01
162085.50	-7.046e-04	4.954e-02	9.984e-03
162086.50	1.459e-02	9.984e-02	2.746e-01
162087.50	4.186e-03	1.306e-01	6.662e-03
162088.50	1.469e-02	3.245e-01	1.066e-02
162089.50	3.619e-04	2.246e-02	-3.062e-02
162090.50	2.563e-03	1.306e-01	2.458e-02
162091.50	-5.299e-04	-9.350e-02	1.075e-01
162092.50	-7.296e-04	8.285e-02	-1.238e-01
162093.50	-1.910e-02	-1.613e-01	-4.128e-01
162094.50	5.549e-03	-7.373e-02	2.640e-01
162095.50	-7.690e-03	-2.726e-01	6.163e-02
162096.50	-9.514e-04	-2.736e-02	-2.093e-03
162097.50	4.560e-03	2.774e-01	-4.992e-02
162098.50	3.398e-03	3.869e-02	-2.563e-02
162099.50	8.112e-03	1.814e-01	-9.696e-03
162100.50	-3.408e-03	6.115e-02	-1.334e-01
162101.50	-4.694e-03	-5.242e-02	5.616e-02
162102.50	6.211e-05	-2.102e-02	-5.914e-03
162103.50	1.104e-03	1.421e-01	-1.114e-01
162104.50	-1.488e-02	-2.438e-01	-2.957e-01
162105.50	7.565e-03	1.027e-01	-6.029e-02
162106.50	6.768e-03	-8.554e-02	3.667e-01
162107.50	-2.390e-03	-8.035e-02	-5.251e-02
162108.50	-6.576e-03	3.542e-02	-2.208e-01
162109.50	1.421e-03	3.811e-02	-1.555e-02
162110.50	-5.491e-03	-4.397e-02	1.085e-02
162111.50	1.114e-02	3.226e-01	6.307e-02
162112.50	1.306e-02	1.114e-01	3.197e-01
162113.50	-1.094e-02	-2.064e-01	-2.707e-01
162114.50	-5.347e-03	-1.555e-01	-3.859e-02
162115.50	8.438e-03	3.610e-01	-9.024e-02
162116.50	1.555e-03	1.056e-01	1.114e-01
162117.50	7.162e-03	-6.960e-02	2.832e-01
162118.50	-1.622e-02	-1.315e-01	-2.304e-01
162119.50	4.877e-03	1.690e-01	1.853e-02
162120.50	8.333e-03	1.622e-01	-4.272e-02
162121.50	7.738e-03	1.747e-01	7.210e-02
162122.50	1.939e-03	-2.678e-03	1.046e-02
162123.50	-2.822e-03	-4.387e-02	-7.190e-02
162124.50	-1.814e-02	-3.264e-01	-2.208e-02
162125.50	-6.125e-03	2.890e-02	-1.200e-01
162126.50	3.264e-03	1.603e-01	1.392e-02
162127.50	-2.554e-03	-1.238e-01	4.186e-02
162128.50	6.854e-03	1.488e-01	1.786e-01
162129.50	4.234e-03	3.514e-02	-9.341e-02
162130.50	-1.834e-03	1.114e-01	-1.901e-01
162131.50	6.096e-03	4.541e-02	9.888e-02
162132.50	-7.123e-03	8.054e-02	-3.254e-01
162133.50	-8.362e-04	8.794e-03	-1.133e-01
162134.50	4.205e-03	5.664e-02	6.403e-02
162135.50	4.166e-03	5.789e-02	2.362e-02
162136.50	-3.917e-03	-1.334e-02	-1.546e-01
162137.50	-1.085e-03	-1.190e-01	1.498e-01
162138.50	8.765e-03	2.285e-01	1.670e-01
162139.50	6.998e-03	1.910e-01	8.006e-02
162140.50	-2.275e-03	-9.024e-02	3.437e-02
162141.50	6.595e-03	3.610e-02	4.810e-02
162142.50	3.398e-03	-3.091e-02	1.210e-01
162143.50	-3.706e-03	1.306e-02	-9.168e-02
162144.50	-5.770e-03	-1.037e-01	-3.197e-02
162145.50	4.637e-03	7.651e-02	-2.189e-03
162146.50	-4.829e-03	-4.099e-02	-2.035e-02
162147.50	-1.680e-03	-7.046e-03	-2.237e-02
162148.50	1.469e-03	3.437e-02	1.286e-01
162149.50	1.411e-03	7.200e-02	-6.720e-02
162150.50	5.942e-03	1.162e-01	-2.602e-02
162151.50	5.674e-03	2.112e-02	8.717e-02
162152.50	4.858e-04	1.075e-01	-1.277e-01
162153.50	-9.322e-05	-2.611e-02	1.594e-01
162154.50	-1.008e-02	-1.728e-01	6.221e-02
162155.50	4.368e-03	-1.411e-02	-1.066e-01
162156.50	8.861e-03	2.074e-01	3.389e-02
162157.50	-1.027e-02	-7.277e-02	-1.478e-01
162158.50	1.411e-03	1.152e-01	-8.266e-02
162159.50	-8.582e-03	-2.803e-01	1.018e-01
162160.50	-2.918e-03	-5.280e-02	5.165e-02
162161.50	5.606e-03	-1.958e-02	1.133e-01
162162.50	-1.046e-03	-8.813e-03	-9.341e-02
162163.50	-6.374e-03	5.222e-03	-1.402e-01
162164.50	-4.810e-03	-6.144e-02	3.581e-02
162165.50	-2.880e-03	-1.382e-01	5.194e-02
162166.50	1.834e-03	1.478e-01	-5.482e-02
162167.50	-1.450e-03	-8.410e-05	-3.408e-02
162168.50	-2.640e-03	-1.392e-02	-4.579e-02
162169.50	1.046e-02	1.718e-01	1.392e-01
162170.50	-9.024e-04	8.726e-03	-7.229e-02
162171.50	3.763e-03	4.550e-02	9.984e-02
162172.50	-3.677e-03	-2.986e-02	-2.304e-02
162173.50	6.614e-04	-5.002e-02	2.986e-02
162174.50	1.085e-02	1.008e-01	1.267e-01
162175.50	-4.752e-03	-4.618e-02	-8.611e-02
162176.50	2.016e-03	-4.829e-02	-2.899e-02
162177.50	2.026e-03	7.162e-02	-2.496e-02
162178.50	-2.957e-03	-2.736e-02	-4.896e-02
162179.50	-4.848e-04	-5.338e-02	-1.162e-02
162180.50	4.061e-03	1.603e-01	-1.661e-02
162181.50	-1.594e-03	4.243e-02	-1.306e-01
162182.50	-7.910e-03	-1.066e-01	-1.373e-01
162183.50	2.707e-03	6.144e-02	7.325e-02
162184.50	2.554e-03	6.720e-03	1.075e-01
162185.50	2.410e-03	4.099e-02	1.094e-01
162186.50	-2.861e-03	-8.851e-02	4.858e-02
162187.50	-5.290e-03	5.088e-02	-2.544e-01
162188.50	1.258e-03	8.304e-02	-4.733e-02
162189.50	-6.403e-04	7.430e-02	-1.603e-01
162190.50	-3.341e-03	-7.718e-02	-4.627e-02
162191.50	2.035e-03	1.258e-01	-6.269e-02
162192.50	3.946e-03	7.958e-02	7.776e-02
162193.50	-6.768e-03	-1.632e-01	4.502e-03
162194.50	7.248e-03	1.469e-01	1.238e-01
162195.50	-6.845e-04	1.363e-02	-1.517e-02
162196.50	5.098e-03	1.440e-01	1.229e-03
162197.50	-5.021e-03	-1.267e-01	8.371e-03
162198.50	-1.766e-03	2.237e-02	-1.584e-01
162199.50	-2.544e-03	-7.075e-02	-1.603e-02
162200.50	1.152e-03	2.506e-03	2.266e-02
162201.50	-1.162e-04	-6.230e-02	1.046e-01
162202.50	-7.325e-03	-1.229e-01	-1.296e-01
162203.50	-5.366e-03	-1.133e-01	-6.797e-04
162204.50	5.222e-03	6.653e-02	9.888e-02
162205.50	-1.690e-04	9.600e-03	2.995e-02
162206.50	3.514e-03	1.776e-01	-1.114e-01
162207.50	-3.120e-03	-1.152e-01	-5.827e-02
162208.50	-2.688e-03	-7.421e-02	8.208e-02
162209.50	4.070e-03	5.328e-02	4.550e-02
162210.50	-9.034e-03	-7.930e-02	-5.952e-02
162211.50	7.382e-03	1.478e-01	-2.573e-02
162212.50	1.075e-02	8.794e-02	1.651e-01
162213.50	-7.315e-03	-9.101e-02	-8.362e-02
162214.50	-5.510e-04	-7.181e-02	-6.384e-02
162215.50	2.352e-03	4.186e-02	-3.206e-03
162216.50	-8.006e-03	-2.438e-02	1.152e-02
162217.50	4.656e-03	1.517e-01	-1.085e-01
162218.50	-3.811e-03	-4.550e-02	-6.778e-02
162219.50	1.488e-03	1.757e-02	2.285e-02
162220.50	2.986e-03	5.942e-02	-3.936e-03
162221.50	-4.090e-03	-8.515e-02	-6.346e-02
162222.50	-1.267e-03	6.941e-03	-1.402e-02
162223.50	-2.746e-03	-3.696e-03	-9.485e-02
162224.50	2.899e-03	4.954e-02	4.550e-02
162225.50	5.309e-04	-9.274e-02	3.418e-02
162226.50	-1.949e-03	-5.165e-02	7.152e-02
162227.50	3.254e-03	9.600e-02	2.122e-02
162228.50	2.822e-03	7.046e-02	2.774e-02
162229.50	-3.072e-03	-6.605e-02	-4.896e-02
162230.50	-2.122e-03	-1.066e-01	3.168e-02
162231.50	-2.938e-03	-1.066e-01	7.027e-02
162232.50	2.198e-03	3.533e-02	4.454e-03
162233.50	2.342e-03	6.490e-02	1.238e-02
162234.50	8.976e-03	1.382e-01	3.629e-02
162235.50	-1.776e-03	-2.669e-02	-5.578e-04
162236.50	1.526e-04	-1.027e-02	4.378e-02
162237.50	2.909e-03	4.963e-02	3.590e-03
162238.50	4.061e-04	5.136e-03	-1.526e-02
162239.50	-3.706e-03	-5.309e-02	-4.291e-02
162240.50	1.046e-03	5.885e-02	-5.952e-02
162241.50	-2.371e-03	5.069e-02	-6.096e-02
162242.50	3.926e-03	-2.294e-03	1.402e-01
162243.50	-6.538e-04	2.995e-02	-1.507e-02
162244.50	-2.736e-03	2.371e-02	-3.456e-02
162245.50	2.477e-03	1.613e-02	6.835e-02
162246.50	1.171e-04	-3.907e-03	4.589e-02
162247.50	1.238e-04	-4.234e-05	2.381e-02
162248.50	-2.448e-03	-5.654e-02	-5.606e-02
162249.50	1.882e-04	-8.381e-02	6.893e-02
162250.50	7.584e-03	4.301e-02	8.659e-02
162251.50	-2.064e-03	-8.698e-02	-1.392e-02
162252.50	5.789e-04	4.291e-02	-2.333e-02
162253.50	9.168e-04	5.798e-02	-5.434e-02
162254.50	-1.574e-03	-1.094e-02	-7.498e-02
162255.50	-9.888e-04	4.982e-02	-8.966e-02
162256.50	-2.698e-03	-4.042e-02	-3.600e-02
162257.50	-4.406e-03	-4.790e-02	-1.594e-03
162258.50	-4.829e-03	6.134e-02	-1.517e-01
162259.50	3.754e-03	1.555e-01	-4.675e-02
162260.50	-8.678e-04	-1.440e-03	5.520e-02
162261.50	-2.736e-04	-1.459e-02	8.486e-02
162262.50	-8.707e-05	2.563e-02	-5.578e-02
162263.50	6.470e-03	9.197e-02	9.418e-02
162264.50	-1.469e-03	-6.413e-02	4.550e-02
162265.50	-9.600e-04	-2.890e-02	-7.565e-02
162266.50	-6.346e-03	-4.032e-02	-7.363e-02
162267.50	5.040e-03	8.496e-02	3.974e-03
162268.50	4.742e-03	3.936e-02	1.565e-02
162269.50	1.104e-03	-2.640e-02	7.286e-03
162270.50	1.757e-03	1.085e-02	1.786e-02
162271.50	-3.984e-03	-5.328e-02	-4.368e-02
162272.50	-3.264e-03	-1.834e-02	-2.198e-02
162273.50	-5.530e-03	-9.600e-02	-9.696e-03
162274.50	4.032e-03	3.293e-02	-3.120e-02
162275.50	4.080e-03	9.696e-03	8.438e-02
162276.50	7.296e-05	-1.104e-01	7.891e-02
162277.50	-2.314e-03	-4.272e-02	5.098e-02
162278.50	-1.891e-03	3.235e-02	-1.027e-01
162279.50	6.576e-04	1.286e-02	1.219e-01
