161681.50	0.000e+00	0.000e+00	0.000e+00
161682.50	0.000e+00	0.000e+00	0.000e+00
161683.50	0.000e+00	0.000e+00	0.000e+00
161684.50	0.000e+00	0.000e+00	0.000e+00
161685.50	0.000e+00	0.000e+00	0.000e+00
161686.50	0.000e+00	0.000e+00	0.000e+00
161687.50	0.000e+00	0.000e+00	0.000e+00
161688.50	0.000e+00	0.000e+00	0.000e+00
161689.50	0.000e+00	0.000e+00	0.000e+00
161690.50	0.000e+00	0.000e+00	0.000e+00
161691.50	0.000e+00	0.000e+00	0.000e+00
161692.50	0.000e+00	0.000e+00	0.000e+00
161693.50	0.000e+00	0.000e+00	0.000e+00
161694.50	0.000e+00	0.000e+00	0.000e+00
161695.50	0.000e+00	0.000e+00	0.000e+00
161696.50	0.000e+00	0.000e+00	0.000e+00
161697.50	0.000e+00	0.000e+00	0.000e+00
161698.50	0.000e+00	0.000e+00	0.000e+00
161699.50	0.000e+00	0.000e+00	0.000e+00
161700.50	0.000e+00	0.000e+00	0.000e+00
161701.50	0.000e+00	0.000e+00	0.000e+00
161702.50	0.000e+00	0.000e+00	0.000e+00
161703.50	0.000e+00	0.000e+00	0.000e+00
161704.50	0.000e+00	0.000e+00	0.000e+00
161705.50	0.000e+00	0.000e+00	0.000e+00
161706.50	0.000e+00	0.000e+00	0.000e+00
161707.50	0.000e+00	0.000e+00	0.000e+00
161708.50	0.000e+00	0.000e+00	0.000e+00
161709.50	0.000e+00	0.000e+00	0.000e+00
161710.50	0.000e+00	0.000e+00	0.000e+00
161711.50	0.000e+00	0.000e+00	0.000e+00
161712.50	0.000e+00	0.000e+00	0.000e+00
161713.50	0.000e+00	0.000e+00	0.000e+00
161714.50	0.000e+00	0.000e+00	0.000e+00
161715.50	0.000e+00	0.000e+00	0.000e+00
161716.50	0.000e+00	0.000e+00	0.000e+00
161717.50	0.000e+00	0.000e+00	0.000e+00
161718.50	0.000e+00	0.000e+00	0.000e+00
161719.50	0.000e+00	0.000e+00	0.000e+00
161720.50	0.000e+00	0.000e+00	0.000e+00
161721.50	0.000e+00	0.000e+00	0.000e+00
161722.50	0.000e+00	0.000e+00	0.000e+00
161723.50	0.000e+00	0.000e+00	0.000e+00
161724.50	0.000e+00	0.000e+00	0.000e+00
161725.50	0.000e+00	0.000e+00	0.000e+00
161726.50	0.000e+00	0.000e+00	0.000e+00
161727.50	0.000e+00	0.000e+00	0.000e+00
161728.50	0.000e+00	0.000e+00	0.000e+00
161729.50	0.000e+00	0.000e+00	0.000e+00
161730.50	0.000e+00	0.000e+00	0.000e+00
161731.50	0.000e+00	0.000e+00	0.000e+00
161732.50	0.000e+00	0.000e+00	0.000e+00
161733.50	0.000e+00	0.000e+00	0.000e+00
161734.50	0.000e+00	0.000e+00	0.000e+00
161735.50	0.000e+00	0.000e+00	0.000e+00
161736.50	0.000e+00	0.000e+00	0.000e+00
161737.50	0.000e+00	0.000e+00	0.000e+00
161738.50	0.000e+00	0.000e+00	0.000e+00
161739.50	0.000e+00	0.000e+00	0.000e+00
161740.50	0.000e+00	0.000e+00	0.000e+00
161741.50	0.000e+00	0.000e+00	0.000e+00
161742.50	0.000e+00	0.000e+00	0.000e+00
161743.50	0.000e+00	0.000e+00	0.000e+00
161744.50	0.000e+00	0.000e+00	0.000e+00
161745.50	0.000e+00	0.000e+00	0.000e+00
161746.50	0.000e+00	0.000e+00	0.000e+00
161747.50	0.000e+00	0.000e+00	0.000e+00
161748.50	0.000e+00	0.000e+00	0.000e+00
161749.50	0.000e+00	0.000e+00	0.000e+00
161750.50	0.000e+00	0.000e+00	0.000e+00
161751.50	0.000e+00	0.000e+00	0.000e+00
161752.50	0.000e+00	0.000e+00	0.000e+00
161753.50	0.000e+00	0.000e+00	0.000e+00
161754.50	0.000e+00	0.000e+00	0.000e+00
161755.50	0.000e+00	0.000e+00	0.000e+00
161756.50	0.000e+00	0.000e+00	0.000e+00
161757.50	0.000e+00	0.000e+00	0.000e+00
161758.50	0.000e+00	0.000e+00	0.000e+00
161759.50	0.000e+00	0.000e+00	0.000e+00
161760.50	0.000e+00	0.000e+00	0.000e+00
161761.50	0.000e+00	0.000e+00	0.000e+00
161762.50	0.000e+00	0.000e+00	0.000e+00
161763.50	0.000e+00	0.000e+00	0.000e+00
161764.50	0.000e+00	0.000e+00	0.000e+00
161765.50	0.000e+00	0.000e+00	0.000e+00
161766.50	0.000e+00	0.000e+00	0.000e+00
161767.50	0.000e+00	0.000e+00	0.000e+00
161768.50	0.000e+00	0.000e+00	0.000e+00
161769.50	0.000e+00	0.000e+00	0.000e+00
161770.50	0.000e+00	0.000e+00	0.000e+00
161771.50	0.000e+00	0.000e+00	0.000e+00
161772.50	0.000e+00	0.000e+00	0.000e+00
161773.50	0.000e+00	0.000e+00	0.000e+00
161774.50	0.000e+00	0.000e+00	0.000e+00
161775.50	0.000e+00	0.000e+00	0.000e+00
161776.50	0.000e+00	0.000e+00	0.000e+00
161777.50	0.000e+00	0.000e+00	0.000e+00
161778.50	0.000e+00	0.000e+00	0.000e+00
161779.50	0.000e+00	0.000e+00	0.000e+00
161780.50	0.000e+00	0.000e+00	0.000e+00
161781.50	0.000e+00	0.000e+00	0.000e+00
161782.50	0.000e+00	0.000e+00	0.000e+00
161783.50	0.000e+00	0.000e+00	0.000e+00
161784.50	0.000e+00	0.000e+00	0.000e+00
161785.50	0.000e+00	0.000e+00	0.000e+00
161786.50	0.000e+00	0.000e+00	0.000e+00
161787.50	0.000e+00	0.000e+00	0.000e+00
161788.50	0.000e+00	0.000e+00	0.000e+00
161789.50	-9.485e-05	-2.611e-03	8.304e-04
161790.50	3.504e-04	-4.080e-03	-1.190e-02
161791.50	1.046e-04	1.037e-02	2.371e-03
161792.50	-6.634e-05	2.832e-03	6.019e-03
161793.50	-1.670e-04	-6.077e-03	-1.910e-03
161794.50	-1.354e-03	-1.853e-02	3.043e-03
161795.50	1.114e-03	-4.234e-03	-4.003e-03
161796.50	3.946e-04	1.411e-02	7.354e-03
161797.50	4.454e-04	-8.554e-03	-9.792e-03
161798.50	-2.630e-04	8.880e-04	1.037e-04
161799.50	-1.987e-04	-2.477e-02	-9.370e-04
161800.50	2.170e-04	-2.611e-01	-1.037e-01
161801.50	-4.848e-03	2.486e-01	4.022e-01
161802.50	-1.056e-03	-9.235e-02	8.688e-02
161803.50	6.077e-03	2.582e-02	-3.734e-01
161804.50	-2.774e-03	5.530e-03	1.334e-01
161805.50	1.709e-03	9.437e-02	-8.122e-02
161806.50	9.792e-04	-3.322e-01	-2.112e-01
161807.50	-8.822e-03	-8.400e-01	2.698e-01
161808.50	-1.325e-02	-1.229e+00	5.280e-01
161809.50	-1.699e-02	-5.203e+00	-5.664e-01
161810.50	-1.027e-01	-2.275e+01	-3.350e-01
161811.50	-2.554e-01	-6.614e+01	-3.139e+00
161812.50	-6.538e-01	-1.594e+02	-2.938e+00
161813.50	-1.190e+00	-3.014e+02	-5.443e+00
161814.50	-1.363e+00	-3.418e+02	-6.643e-01
161815.50	-1.315e+00	-3.696e+02	-7.382e+00
161816.50	-9.984e-01	-2.899e+02	-1.930e+00
161817.50	1.258e-01	-2.045e+01	-7.152e+00
161818.50	3.782e-01	9.792e+01	6.182e+00
161819.50	5.866e-01	1.325e+02	-7.248e-01
161820.50	4.867e-01	1.258e+02	2.918e+00
161821.50	3.974e-01	1.008e+02	1.325e+00
161822.50	4.262e-01	9.494e+01	-2.563e+00
161823.50	3.283e-01	8.131e+01	1.171e+00
161824.50	2.458e-01	7.478e+01	3.898e+00
161825.50	2.400e-01	6.019e+01	4.963e-01
161826.50	1.958e-01	5.328e+01	1.066e+00
161827.50	2.602e-01	6.010e+01	-1.834e+00
161828.50	1.978e-01	4.483e+01	-1.670e+00
161829.50	1.882e-01	4.406e+01	-1.670e+00
161830.50	1.459e-01	3.994e+01	1.018e+00
161831.50	1.277e-01	3.562e+01	8.851e-01
161832.50	1.142e-01	3.427e+01	1.632e+00
161833.50	1.008e-01	2.947e+01	1.085e+00
161834.50	8.534e-02	3.101e+01	2.688e+00
161835.50	7.286e-02	2.707e+01	2.486e+00
161836.50	6.374e-02	2.189e+01	1.066e+00
161837.50	1.037e-01	1.853e+01	-1.834e+00
161838.50	8.246e-02	1.949e+01	-6.288e-01
161839.50	6.480e-02	2.016e+01	3.514e-01
161840.50	5.520e-02	1.690e+01	8.890e-01
161841.50	4.320e-02	1.709e+01	1.238e+00
161842.50	3.350e-02	1.478e+01	9.245e-01
161843.50	5.779e-02	1.872e+01	6.202e-01
161844.50	7.776e-02	1.450e+01	-1.718e+00
161845.50	3.917e-02	1.344e+01	1.008e+00
161846.50	6.941e-02	1.200e+01	-2.035e+00
161847.50	4.099e-02	1.114e+01	1.862e-01
161848.50	4.070e-02	1.027e+01	-5.904e-01
161849.50	1.834e-02	1.114e+01	1.872e+00
161850.50	2.621e-02	9.600e+00	1.430e-01
161851.50	1.862e-02	8.515e+00	4.646e-01
161852.50	-1.325e-02	9.024e+00	3.254e+00
161853.50	2.842e-02	6.106e+00	-6.115e-01
161854.50	3.024e-02	8.909e+00	1.248e-02
161855.50	2.506e-02	7.296e+00	1.066e-01
161856.50	2.352e-02	5.558e+00	-3.610e-01
161857.50	2.131e-02	7.037e+00	7.200e-01
161858.50	2.150e-02	7.354e+00	3.130e-01
161859.50	6.144e-03	3.322e+00	4.685e-01
161860.50	-3.418e-03	5.030e+00	1.805e+00
161861.50	1.632e-02	5.664e+00	2.371e-01
161862.50	1.046e-02	4.186e+00	9.187e-02
161863.50	1.661e-02	5.117e+00	-3.072e-01
161864.50	9.542e-03	3.821e+00	1.363e-02
161865.50	1.603e-02	4.646e+00	-1.834e-01
161866.50	1.613e-02	3.293e+00	-1.411e-02
161867.50	5.462e-03	4.656e+00	1.373e+00
161868.50	1.402e-02	3.187e+00	-4.656e-01
161869.50	8.506e-03	2.909e+00	9.792e-02
161870.50	1.411e-02	3.859e+00	-6.000e-01
161871.50	3.773e-03	2.803e+00	1.459e-01
161872.50	1.296e-02	3.130e+00	5.126e-02
161873.50	3.187e-03	3.024e+00	2.006e-01
161874.50	-4.013e-03	2.506e+00	1.075e+00
161875.50	1.248e-02	2.736e+00	-8.448e-02
161876.50	2.976e-03	2.275e+00	3.254e-01
161877.50	2.419e-03	1.546e+00	6.250e-02
161878.50	1.114e-02	2.342e+00	-4.512e-01
161879.50	7.574e-03	2.467e+00	7.786e-02
161880.50	-5.030e-03	2.006e+00	5.616e-01
161881.50	6.480e-03	1.949e+00	-2.890e-01
161882.50	1.738e-02	2.246e+00	-4.560e-01
161883.50	8.419e-03	8.506e-01	-1.795e-01
161884.50	-1.200e-04	9.600e-01	5.376e-02
161885.50	-9.600e-04	1.680e+00	2.870e-01
161886.50	8.285e-03	1.594e+00	-2.323e-01
161887.50	9.696e-03	1.930e+00	-4.330e-02
161888.50	1.075e-02	1.373e+00	-4.742e-01
161889.50	-4.003e-03	5.491e-01	3.974e-01
161890.50	1.795e-03	1.104e+00	-1.738e-01
161891.50	9.475e-04	9.302e-01	-2.131e-01
161892.50	4.886e-03	1.555e+00	-2.323e-02
161893.50	4.464e-03	1.430e+00	3.600e-01
161894.50	2.285e-03	4.589e-01	-2.419e-01
161895.50	5.866e-04	1.267e+00	1.862e-01
161896.50	-5.942e-03	1.008e+00	6.509e-01
161897.50	4.349e-03	1.363e+00	5.923e-02
161898.50	-6.739e-04	1.008e+00	4.445e-01
161899.50	1.728e-03	9.792e-01	4.608e-02
161900.50	5.539e-05	3.533e-01	9.418e-02
161901.50	-1.680e-03	-1.200e-01	-2.448e-01
161902.50	3.341e-03	7.786e-01	-4.666e-01
161903.50	1.584e-03	7.075e-01	1.680e-01
161904.50	9.264e-03	1.008e+00	-5.040e-01
161905.50	-2.160e-03	2.957e-01	1.248e-01
161906.50	7.382e-03	1.094e+00	1.229e-01
161907.50	-4.762e-03	4.877e-01	2.726e-01
161908.50	1.891e-03	7.882e-01	-1.142e-01
161909.50	3.840e-03	1.066e+00	2.304e-01
161910.50	-2.390e-03	5.558e-01	2.669e-01
161911.50	9.168e-04	1.574e-01	-4.368e-02
161912.50	-9.792e-04	5.270e-01	5.338e-02
161913.50	7.248e-03	5.674e-01	-1.680e-01
161914.50	6.029e-03	8.870e-01	3.245e-02
161915.50	2.621e-04	1.584e-01	1.718e-01
161916.50	4.445e-03	3.878e-01	-4.435e-01
161917.50	-1.651e-02	-1.546e-01	2.640e-01
161918.50	-1.450e-04	1.536e-01	-1.190e-01
161919.50	-1.373e-04	3.514e-01	3.293e-01
161920.50	9.600e-03	7.334e-01	-4.646e-01
161921.50	1.008e-02	3.917e-01	-1.565e-01
161922.50	2.256e-03	4.589e-01	6.480e-02
161923.50	-2.563e-03	3.341e-01	-1.229e-01
161924.50	3.187e-03	7.142e-01	-2.746e-01
161925.50	7.459e-03	1.853e-01	-3.274e-01
161926.50	1.392e-03	3.158e-01	1.910e-01
161927.50	5.952e-03	4.157e-01	1.642e-01
161928.50	-9.120e-03	-1.142e-01	-1.104e-01
161929.50	-1.517e-02	-5.549e-02	5.654e-01
161930.50	4.723e-03	4.253e-01	3.101e-02
161931.50	-6.067e-04	1.968e-01	2.870e-01
161932.50	-1.766e-03	2.477e-01	-6.538e-01
161933.50	-1.152e-03	-8.515e-02	1.104e-01
161934.50	4.291e-03	3.917e-01	-9.792e-02
161935.50	7.584e-04	6.125e-01	-2.141e-01
161936.50	-9.331e-03	1.862e-01	6.048e-01
161937.50	4.714e-03	-1.027e-01	-1.747e-02
161938.50	4.867e-03	5.530e-01	1.277e-01
161939.50	-1.219e-03	2.842e-01	-6.950e-02
161940.50	-6.835e-03	-5.558e-02	6.528e-02
161941.50	1.584e-03	1.517e-01	8.381e-02
161942.50	9.984e-03	4.781e-01	2.515e-01
161943.50	7.680e-03	2.736e-01	-2.525e-01
161944.50	-5.117e-03	-4.790e-02	-1.526e-01
161945.50	2.122e-03	2.074e-01	2.083e-01
161946.50	-2.774e-03	2.122e-01	1.094e-01
161947.50	-3.293e-03	2.362e-01	1.286e-01
161948.50	6.710e-02	1.805e-01	8.928e-02
161949.50	8.515e-02	-1.613e-01	3.494e-02
161950.50	1.085e-03	1.584e-01	1.008e-01
161951.50	4.061e-03	-1.565e-01	-8.928e-02
161952.50	-2.218e-02	-2.227e-01	1.018e-01
161953.50	-4.186e-03	-2.218e-02	-2.678e-01
161954.50	-5.366e-03	1.440e-01	1.248e-01
161955.50	5.414e-03	3.379e-01	1.056e-01
161956.50	3.302e-03	7.939e-02	-1.824e-01
161957.50	-3.043e-03	4.138e-01	5.837e-02
161958.50	1.488e-03	1.488e-02	-9.984e-04
161959.50	-1.469e-02	3.821e-01	-2.304e-01
161960.50	4.445e-02	-2.102e-01	1.690e-01
161961.50	7.939e-02	-2.035e-01	-9.984e-02
161962.50	-1.152e-01	2.390e-01	-2.429e-02
161963.50	-1.632e-02	2.150e-01	-1.546e-01
161964.50	1.872e-03	1.171e-01	2.035e-01
161965.50	2.851e-03	2.659e-01	-1.834e-02
161966.50	-2.429e-03	9.792e-02	-6.499e-02
161967.50	-2.525e-03	-1.805e-01	-1.469e-01
161968.50	-1.670e-02	4.464e-01	4.627e-02
161969.50	-6.125e-03	1.469e-01	3.178e-01
161970.50	-3.139e-04	1.565e-01	-7.056e-02
161971.50	-2.467e-03	4.291e-02	8.448e-02
161972.50	-8.563e-04	7.075e-02	7.152e-02
161973.50	5.549e-04	6.941e-02	1.891e-02
161974.50	2.957e-03	1.296e-01	-2.563e-01
161975.50	2.717e-03	1.814e-01	-9.696e-03
161976.50	-4.810e-03	8.506e-03	2.746e-01
161977.50	-3.725e-03	-2.755e-01	-2.698e-02
161978.50	4.627e-03	1.997e-01	-1.066e-01
161979.50	1.469e-03	-2.496e-02	-1.478e-01
161980.50	1.910e-02	2.352e-02	3.782e-01
161981.50	-5.098e-04	1.392e-01	1.056e-01
161982.50	6.672e-03	1.987e-01	2.822e-02
161983.50	-4.493e-02	-8.851e-02	-2.717e-01
161984.50	-7.354e-02	2.016e-01	-3.715e-01
161985.50	-6.797e-03	4.570e-02	-7.238e-02
161986.50	3.984e-03	-6.086e-02	-4.752e-02
161987.50	3.245e-04	1.987e-01	-3.686e-02
161988.50	2.371e-03	3.158e-01	1.834e-02
161989.50	-2.093e-03	-1.267e-01	2.074e-01
161990.50	-1.613e-03	-1.766e-01	8.102e-02
161991.50	-2.611e-03	-1.488e-01	3.082e-01
161992.50	2.640e-04	2.582e-01	-1.392e-01
161993.50	2.592e-03	2.342e-01	-1.968e-01
161994.50	-2.957e-03	-2.141e-01	1.056e-01
161995.50	-1.027e-03	1.114e-02	-5.059e-02
161996.50	-7.546e-04	2.275e-01	-1.584e-02
161997.50	1.162e-03	1.056e-01	-9.581e-02
161998.50	7.248e-03	3.034e-01	6.365e-02
161999.50	-3.917e-03	2.515e-02	3.773e-01
162000.50	-7.574e-03	3.917e-02	1.843e-01
162001.50	1.181e-03	3.936e-02	1.277e-02
162002.50	2.554e-03	-8.746e-02	1.536e-01
162003.50	5.482e-03	9.091e-02	-1.709e-01
162004.50	1.958e-03	1.027e-01	-2.746e-01
162005.50	-3.475e-03	7.968e-03	1.085e-01
162006.50	-2.890e-03	-3.014e-02	4.224e-02
162007.50	6.826e-03	7.814e-03	-1.853e-01
162008.50	-1.517e-03	1.997e-01	2.352e-01
162009.50	2.746e-03	5.213e-02	-1.296e-01
162010.50	-6.461e-05	-2.861e-02	1.248e-01
162011.50	-3.619e-04	7.478e-02	1.632e-01
162012.50	3.658e-02	2.803e-01	3.062e-01
162013.50	-1.488e-02	3.302e-01	-2.515e-01
162014.50	-4.992e-03	9.456e-03	-4.339e-02
162015.50	2.832e-03	-1.046e-02	-3.456e-02
162016.50	-2.208e-02	-5.904e-02	-2.083e-01
162017.50	1.440e-02	-2.112e-01	3.091e-01
162018.50	5.645e-03	2.006e-02	1.181e-01
162019.50	-7.258e-03	-2.678e-02	-2.266e-03
162020.50	-1.056e-04	-5.194e-03	-1.632e-01
162021.50	2.746e-03	-3.418e-02	-9.984e-02
162022.50	-6.912e-03	1.776e-01	2.045e-01
162023.50	-5.731e-03	5.299e-02	5.414e-02
162024.50	2.832e-03	6.816e-03	-2.064e-01
162025.50	-2.083e-02	-3.293e-01	5.674e-02
162026.50	-2.006e-04	7.286e-02	-1.565e-02
162027.50	4.541e-03	7.104e-02	-3.946e-02
162028.50	4.301e-03	3.686e-02	-2.707e-02
162029.50	2.285e-03	7.613e-02	-7.488e-02
162030.50	-2.813e-03	8.314e-02	1.661e-02
162031.50	-1.478e-04	3.226e-03	8.573e-02
162032.50	-1.747e-03	-3.811e-03	4.109e-03
162033.50	-6.067e-03	-2.218e-02	3.360e-02
162034.50	-2.381e-03	-5.520e-03	2.410e-02
162035.50	-1.805e-03	-1.200e-01	1.296e-01
162036.50	3.226e-03	-5.184e-02	-4.243e-02
162037.50	-3.274e-03	6.240e-02	-1.085e-01
162038.50	-3.274e-03	-4.531e-02	1.632e-01
162039.50	-3.456e-04	2.486e-02	1.152e-02
162040.50	5.462e-04	-6.278e-02	2.726e-02
162041.50	-2.006e-04	-1.498e-01	-1.526e-01
162042.50	2.006e-03	1.824e-01	-6.691e-04
162043.50	1.709e-03	2.141e-02	8.717e-02
162044.50	2.765e-03	3.331e-02	-2.986e-02
162045.50	1.037e-02	7.277e-02	1.891e-02
162046.50	-3.590e-03	-2.890e-02	-6.259e-02
162047.50	3.014e-03	6.931e-02	-9.696e-02
162048.50	-1.190e-03	-8.352e-02	3.715e-02
162049.50	-2.928e-03	-1.910e-01	5.722e-02
162050.50	-2.227e-03	-2.035e-01	9.034e-02
162051.50	1.968e-04	6.288e-02	-1.747e-02
162052.50	-3.763e-03	1.104e-01	1.286e-01
162053.50	1.622e-02	1.277e-01	4.762e-02
162054.50	-4.992e-03	-4.195e-02	5.578e-02
162055.50	-1.728e-03	-3.418e-01	-2.227e-01
162056.50	5.040e-03	5.875e-02	-4.205e-02
162057.50	-3.686e-04	6.432e-03	-4.118e-02
162058.50	6.662e-03	-9.235e-02	2.650e-03
162059.50	-2.102e-02	1.584e-01	-7.958e-02
162060.50	1.056e-03	1.872e-01	-6.317e-02
162061.50	2.602e-03	-3.245e-02	-5.107e-02
162062.50	-1.354e-04	1.507e-01	8.832e-02
162063.50	-4.714e-03	-9.792e-02	3.456e-02
162064.50	-7.536e-04	5.462e-03	-1.094e-02
162065.50	-7.152e-04	2.016e-01	1.555e-02
162066.50	-5.818e-04	9.178e-02	-1.133e-01
162067.50	-1.085e-03	-6.864e-02	1.037e-01
162068.50	-2.410e-03	-9.302e-02	6.250e-02
162069.50	6.922e-04	2.707e-01	-5.261e-02
162070.50	8.698e-03	3.878e-03	-1.498e-01
162071.50	9.888e-04	-8.640e-03	3.187e-03
162072.50	-9.120e-04	6.701e-03	1.104e-01
162073.50	4.147e-03	-3.245e-02	-7.325e-02
162074.50	4.541e-04	-3.542e-02	-2.899e-02
162075.50	-3.485e-03	-1.459e-01	2.074e-02
162076.50	1.690e-03	-6.173e-02	-1.210e-01
162077.50	4.406e-04	6.557e-02	-8.957e-02
162078.50	2.842e-03	5.059e-02	-9.581e-02
162079.50	-4.570e-03	-9.235e-02	9.888e-02
162080.50	-3.014e-03	1.229e-01	1.738e-02
162081.50	-8.102e-04	7.133e-02	1.181e-01
162082.50	9.206e-04	-8.170e-02	1.488e-02
162083.50	3.101e-03	-1.210e-01	-2.064e-01
162084.50	2.016e-04	-1.843e-01	-1.402e-01
162085.50	-2.160e-03	2.400e-02	1.200e-01
162086.50	-1.795e-03	5.885e-02	1.987e-02
162087.50	6.365e-04	6.490e-02	1.123e-01
162088.50	-2.602e-03	1.142e-01	8.976e-02
162089.50	-1.123e-03	-1.584e-02	7.066e-02
162090.50	2.026e-03	4.541e-02	-1.219e-01
162091.50	1.354e-03	1.114e-01	3.149e-03
162092.50	-1.670e-03	6.787e-02	1.920e-01
162093.50	1.613e-03	5.491e-02	-4.262e-02
162094.50	8.525e-04	1.094e-02	-7.286e-03
162095.50	-3.984e-04	-1.622e-02	-5.664e-03
162096.50	-7.565e-04	-6.749e-02	6.826e-02
162097.50	1.450e-03	6.528e-02	-7.584e-02
162098.50	-1.584e-03	1.776e-02	-8.362e-02
162099.50	-9.984e-04	-5.462e-02	-2.678e-02
162100.50	1.891e-03	-4.387e-02	-4.234e-03
162101.50	-6.835e-04	-1.834e-02	-3.869e-03
162102.50	-1.315e-04	5.270e-02	2.074e-02
162103.50	2.227e-03	-1.267e-01	-1.613e-01
162104.50	-4.128e-03	6.144e-02	2.102e-02
162105.50	-2.333e-03	3.629e-02	7.882e-02
162106.50	-1.622e-03	-7.459e-03	1.056e-01
162107.50	-6.816e-04	1.421e-01	4.954e-02
162108.50	1.354e-03	3.398e-02	-8.083e-02
162109.50	-4.253e-04	4.637e-02	5.866e-02
162110.50	1.104e-04	-5.462e-02	1.478e-02
162111.50	1.565e-03	1.306e-02	4.272e-02
162112.50	5.165e-03	-1.258e-01	-7.517e-02
162113.50	4.224e-03	-2.294e-02	4.781e-03
162114.50	-2.467e-03	6.480e-02	-3.667e-02
162115.50	-2.352e-03	-9.581e-02	7.853e-02
162116.50	-5.731e-04	-3.610e-02	-6.854e-02
162117.50	-2.294e-04	-1.018e-01	-2.774e-02
162118.50	-2.275e-03	-4.560e-03	-1.114e-01
162119.50	-1.814e-03	4.147e-02	-1.382e-02
162120.50	1.603e-03	1.008e-01	7.642e-02
162121.50	4.205e-03	1.085e-01	2.400e-02
162122.50	-1.248e-03	6.278e-02	1.123e-01
162123.50	-4.109e-03	-1.210e-01	-3.226e-02
162124.50	-1.930e-04	1.200e-01	-1.248e-01
162125.50	-1.258e-03	-1.613e-02	2.669e-04
162126.50	2.726e-03	2.131e-02	-1.056e-02
162127.50	-1.795e-03	8.707e-02	2.198e-01
162128.50	1.968e-03	-1.018e-02	1.536e-01
162129.50	4.541e-03	-6.422e-02	-1.037e-01
162130.50	1.776e-03	-3.197e-02	-1.008e-01
162131.50	2.122e-03	3.744e-03	-3.830e-02
162132.50	-9.341e-04	-2.362e-02	-2.304e-02
162133.50	-1.018e-03	-3.869e-02	4.445e-03
162134.50	7.171e-04	1.632e-02	-3.101e-02
162135.50	-1.152e-04	7.594e-03	-3.936e-02
162136.50	-2.112e-03	-3.917e-02	9.696e-02
162137.50	-2.669e-04	7.392e-02	1.181e-02
162138.50	1.402e-03	-6.672e-02	-2.698e-02
162139.50	-2.496e-03	2.275e-02	8.506e-03
162140.50	4.579e-03	4.646e-02	-2.467e-02
162141.50	4.426e-03	-2.573e-02	-9.542e-02
162142.50	-2.208e-03	-6.835e-02	7.958e-02
162143.50	1.565e-03	-1.248e-02	-9.187e-02
162144.50	-5.568e-03	1.190e-01	2.995e-03
162145.50	-9.264e-04	3.379e-02	-6.950e-02
162146.50	1.018e-03	3.782e-02	-8.170e-02
162147.50	-2.054e-03	-2.976e-02	1.162e-01
162148.50	1.306e-03	3.485e-02	-2.362e-02
162149.50	4.771e-03	-3.581e-02	-9.696e-02
162150.50	1.632e-03	-3.110e-02	5.683e-02
162151.50	4.090e-05	2.256e-02	6.931e-03
162152.50	1.786e-03	3.274e-03	-1.987e-02
162153.50	1.776e-03	8.496e-03	-8.314e-02
162154.50	-1.066e-03	1.574e-04	1.027e-01
162155.50	1.949e-03	-1.056e-02	-2.026e-03
162156.50	-1.354e-03	-4.618e-02	4.464e-02
162157.50	3.043e-03	7.834e-02	2.544e-02
162158.50	-2.784e-03	1.334e-02	3.226e-02
162159.50	-2.525e-04	1.795e-02	-3.446e-02
162160.50	-5.126e-04	-7.046e-02	-2.314e-02
162161.50	4.906e-04	-1.766e-02	4.397e-02
162162.50	-2.966e-04	-6.931e-04	-3.725e-02
162163.50	-5.770e-04	6.989e-02	-1.248e-02
162164.50	-8.208e-03	4.042e-02	4.963e-02
162165.50	1.190e-02	4.272e-02	7.267e-03
162166.50	1.488e-03	1.018e-01	3.158e-02
162167.50	7.190e-03	-1.162e-02	-2.746e-01
162168.50	-6.682e-03	-6.211e-02	1.699e-01
162169.50	1.459e-03	-1.094e-01	-1.238e-01
162170.50	-4.109e-03	-8.957e-02	4.858e-04
162171.50	-2.746e-03	-8.304e-02	-2.371e-02
162172.50	-6.528e-03	-5.558e-02	6.374e-02
162173.50	-3.504e-03	-5.846e-02	6.518e-02
162174.50	-7.949e-03	1.565e-02	1.430e-01
162175.50	1.910e-03	5.923e-02	-7.958e-03
162176.50	4.330e-03	4.128e-02	2.381e-02
162177.50	-2.554e-03	-9.206e-02	-2.362e-03
162178.50	-1.421e-03	3.475e-02	-1.469e-02
162179.50	-7.699e-03	-6.365e-02	-4.080e-02
162180.50	3.043e-03	-1.430e-02	-7.728e-02
162181.50	4.464e-03	2.602e-02	-1.037e-01
162182.50	-6.586e-03	-2.506e-03	1.200e-01
162183.50	8.208e-03	5.866e-02	-8.342e-02
162184.50	-5.165e-04	3.350e-02	-1.814e-02
162185.50	-2.486e-03	2.429e-02	1.939e-02
162186.50	-2.669e-02	-1.430e-01	2.717e-02
162187.50	-8.765e-03	-4.637e-02	6.547e-03
162188.50	-1.594e-02	-7.104e-02	1.277e-01
162189.50	1.123e-02	1.574e-01	-7.210e-03
162190.50	3.485e-03	2.266e-02	-5.770e-02
162191.50	1.709e-02	1.075e-01	-6.989e-02
162192.50	3.610e-03	-1.680e-02	6.422e-02
162193.50	-3.571e-03	-1.267e-01	4.358e-02
162194.50	-2.995e-03	-2.707e-02	8.266e-02
162195.50	-7.334e-05	8.275e-02	8.554e-02
162196.50	1.219e-03	2.611e-02	2.256e-02
162197.50	-4.195e-03	-4.464e-02	2.371e-02
162198.50	-9.206e-03	3.370e-03	-7.248e-02
162199.50	1.498e-03	-1.267e-01	-1.219e-01
162200.50	4.742e-02	2.563e-01	-6.250e-03
162201.50	6.854e-04	4.214e-02	-4.406e-02
162202.50	-5.395e-03	-1.392e-02	1.248e-01
162203.50	2.371e-04	2.890e-02	-4.742e-02
162204.50	6.192e-03	1.286e-01	-1.267e-02
162205.50	3.187e-03	-1.056e-02	3.907e-02
162206.50	-6.019e-03	2.026e-02	5.626e-02
162207.50	1.152e-03	1.498e-01	-6.883e-03
162208.50	-6.480e-03	1.123e-02	7.651e-02
162209.50	-1.037e-03	-3.907e-02	2.928e-02
162210.50	-1.546e-02	-2.755e-01	-3.581e-02
162211.50	-8.083e-04	6.586e-02	-2.909e-02
162212.50	5.194e-04	-1.046e-02	-5.664e-02
162213.50	9.302e-04	4.925e-02	-5.136e-02
162214.50	-4.205e-04	-3.158e-02	3.840e-02
162215.50	2.880e-03	3.696e-02	7.805e-02
162216.50	4.992e-03	6.384e-02	-7.987e-03
162217.50	-2.938e-03	-7.546e-02	-5.194e-02
162218.50	-5.318e-04	-9.696e-02	-7.478e-02
162219.50	1.555e-03	4.368e-02	-4.973e-02
162220.50	1.363e-03	2.477e-02	-2.122e-03
162221.50	-3.187e-04	3.398e-02	1.584e-02
162222.50	-2.093e-03	1.162e-02	4.483e-02
162223.50	9.235e-04	-5.107e-03	-5.386e-03
162224.50	1.248e-02	8.141e-02	1.018e-02
162225.50	8.256e-03	-1.958e-02	4.234e-02
162226.50	-3.677e-04	-6.096e-02	-2.429e-02
162227.50	-3.821e-03	2.208e-02	2.669e-02
162228.50	1.939e-04	7.603e-02	2.381e-02
162229.50	-4.618e-04	3.629e-02	-7.709e-03
162230.50	3.264e-03	1.930e-02	1.738e-02
162231.50	3.005e-03	-6.403e-02	5.424e-03
162232.50	-3.293e-03	-2.630e-03	-1.680e-02
162233.50	-1.046e-03	5.539e-02	4.714e-02
162234.50	1.882e-03	3.994e-02	4.282e-02
162235.50	2.525e-03	5.366e-03	-2.976e-02
162236.50	1.459e-04	-4.848e-02	-4.906e-02
162237.50	-4.157e-03	-1.334e-01	1.507e-02
162238.50	-7.680e-03	-1.690e-02	-6.682e-03
162239.50	-5.558e-03	-4.195e-02	-1.987e-02
162240.50	-6.298e-03	1.066e-01	4.886e-02
162241.50	3.533e-03	-6.355e-02	1.834e-02
162242.50	-9.888e-04	3.686e-02	-4.589e-02
162243.50	2.189e-03	2.861e-03	-2.083e-02
162244.50	4.474e-03	-2.467e-02	-4.387e-02
162245.50	6.922e-04	4.291e-03	9.696e-02
162246.50	-3.658e-03	-1.555e-02	1.555e-02
162247.50	5.290e-03	9.696e-03	-7.018e-02
162248.50	2.246e-03	7.978e-02	-1.200e-01
162249.50	-7.094e-03	-4.435e-02	1.997e-02
162250.50	-6.662e-03	-6.566e-02	3.043e-02
162251.50	-1.478e-03	-2.851e-02	-2.803e-02
162252.50	-2.976e-03	3.235e-02	-1.094e-02
162253.50	-7.642e-03	2.410e-02	5.386e-02
162254.50	1.680e-02	1.440e-01	6.163e-02
162255.50	3.494e-02	3.082e-02	1.190e-01
162256.50	1.901e-02	-5.309e-02	3.226e-02
162257.50	9.514e-03	-1.027e-02	-1.133e-01
162258.50	-1.354e-02	-1.910e-03	-1.258e-01
162259.50	1.027e-02	-1.200e-02	-9.888e-03
162260.50	1.056e-02	-1.200e-02	-8.410e-02
162261.50	-1.920e-02	-1.229e-02	1.306e-01
162262.50	-5.050e-02	-1.843e-01	7.459e-02
162263.50	1.190e-03	-6.058e-02	-1.536e-02
162264.50	-1.142e-05	-1.661e-02	3.706e-02
162265.50	-1.402e-03	2.563e-02	-1.536e-02
162266.50	3.235e-04	-7.258e-03	-3.542e-03
162267.50	-2.198e-04	2.813e-02	3.542e-03
162268.50	1.248e-03	5.261e-02	-4.138e-02
162269.50	-4.368e-04	-2.774e-02	-1.978e-02
162270.50	5.981e-04	1.651e-03	-5.203e-02
162271.50	-8.496e-03	1.219e-03	3.178e-02
162272.50	1.603e-03	8.285e-02	-1.872e-02
162273.50	3.571e-04	8.419e-02	-5.962e-03
162274.50	-1.219e-03	-1.584e-02	6.461e-03
162275.50	1.814e-03	1.690e-02	1.325e-02
162276.50	-1.747e-04	-4.886e-02	-8.707e-03
162277.50	-3.888e-04	6.288e-03	2.765e-02
162278.50	5.088e-04	2.362e-02	-1.142e-02
162279.50	-2.803e-03	-2.467e-02	-1.306e-02
