161681.50	0.000e+00	0.000e+00	0.000e+00
161682.50	0.000e+00	0.000e+00	0.000e+00
161683.50	0.000e+00	0.000e+00	0.000e+00
161684.50	0.000e+00	0.000e+00	0.000e+00
161685.50	0.000e+00	0.000e+00	0.000e+00
161686.50	0.000e+00	0.000e+00	0.000e+00
161687.50	0.000e+00	0.000e+00	0.000e+00
161688.50	0.000e+00	0.000e+00	0.000e+00
161689.50	0.000e+00	0.000e+00	0.000e+00
161690.50	0.000e+00	0.000e+00	0.000e+00
161691.50	0.000e+00	0.000e+00	0.000e+00
161692.50	0.000e+00	0.000e+00	0.000e+00
161693.50	0.000e+00	0.000e+00	0.000e+00
161694.50	0.000e+00	0.000e+00	0.000e+00
161695.50	0.000e+00	0.000e+00	0.000e+00
161696.50	0.000e+00	0.000e+00	0.000e+00
161697.50	0.000e+00	0.000e+00	0.000e+00
161698.50	0.000e+00	0.000e+00	0.000e+00
161699.50	0.000e+00	0.000e+00	0.000e+00
161700.50	0.000e+00	0.000e+00	0.000e+00
161701.50	0.000e+00	0.000e+00	0.000e+00
161702.50	0.000e+00	0.000e+00	0.000e+00
161703.50	0.000e+00	0.000e+00	0.000e+00
161704.50	0.000e+00	0.000e+00	0.000e+00
161705.50	0.000e+00	0.000e+00	0.000e+00
161706.50	0.000e+00	0.000e+00	0.000e+00
161707.50	0.000e+00	0.000e+00	0.000e+00
161708.50	0.000e+00	0.000e+00	0.000e+00
161709.50	0.000e+00	0.000e+00	0.000e+00
161710.50	0.000e+00	0.000e+00	0.000e+00
161711.50	0.000e+00	0.000e+00	0.000e+00
161712.50	0.000e+00	0.000e+00	0.000e+00
161713.50	0.000e+00	0.000e+00	0.000e+00
161714.50	0.000e+00	0.000e+00	0.000e+00
161715.50	0.000e+00	0.000e+00	0.000e+00
161716.50	0.000e+00	0.000e+00	0.000e+00
161717.50	0.000e+00	0.000e+00	0.000e+00
161718.50	0.000e+00	0.000e+00	0.000e+00
161719.50	0.000e+00	0.000e+00	0.000e+00
161720.50	0.000e+00	0.000e+00	0.000e+00
161721.50	0.000e+00	0.000e+00	0.000e+00
161722.50	0.000e+00	0.000e+00	0.000e+00
161723.50	0.000e+00	0.000e+00	0.000e+00
161724.50	0.000e+00	0.000e+00	0.000e+00
161725.50	0.000e+00	0.000e+00	0.000e+00
161726.50	0.000e+00	0.000e+00	0.000e+00
161727.50	0.000e+00	0.000e+00	0.000e+00
161728.50	0.000e+00	0.000e+00	0.000e+00
161729.50	0.000e+00	0.000e+00	0.000e+00
161730.50	0.000e+00	0.000e+00	0.000e+00
161731.50	0.000e+00	0.000e+00	0.000e+00
161732.50	0.000e+00	0.000e+00	0.000e+00
161733.50	0.000e+00	0.000e+00	0.000e+00
161734.50	0.000e+00	0.000e+00	0.000e+00
161735.50	0.000e+00	0.000e+00	0.000e+00
161736.50	0.000e+00	0.000e+00	0.000e+00
161737.50	0.000e+00	0.000e+00	0.000e+00
161738.50	0.000e+00	0.000e+00	0.000e+00
161739.50	0.000e+00	0.000e+00	0.000e+00
161740.50	0.000e+00	0.000e+00	0.000e+00
161741.50	0.000e+00	0.000e+00	0.000e+00
161742.50	0.000e+00	0.000e+00	0.000e+00
161743.50	0.000e+00	0.000e+00	0.000e+00
161744.50	0.000e+00	0.000e+00	0.000e+00
161745.50	0.000e+00	0.000e+00	0.000e+00
161746.50	0.000e+00	0.000e+00	0.000e+00
161747.50	0.000e+00	0.000e+00	0.000e+00
161748.50	0.000e+00	0.000e+00	0.000e+00
161749.50	0.000e+00	0.000e+00	0.000e+00
161750.50	0.000e+00	0.000e+00	0.000e+00
161751.50	0.000e+00	0.000e+00	0.000e+00
161752.50	0.000e+00	0.000e+00	0.000e+00
161753.50	0.000e+00	0.000e+00	0.000e+00
161754.50	0.000e+00	0.000e+00	0.000e+00
161755.50	0.000e+00	0.000e+00	0.000e+00
161756.50	0.000e+00	0.000e+00	0.000e+00
161757.50	0.000e+00	0.000e+00	0.000e+00
161758.50	0.000e+00	0.000e+00	0.000e+00
161759.50	0.000e+00	0.000e+00	0.000e+00
161760.50	0.000e+00	0.000e+00	0.000e+00
161761.50	0.000e+00	0.000e+00	0.000e+00
161762.50	0.000e+00	0.000e+00	0.000e+00
161763.50	0.000e+00	0.000e+00	0.000e+00
161764.50	0.000e+00	0.000e+00	0.000e+00
161765.50	0.000e+00	0.000e+00	0.000e+00
161766.50	0.000e+00	0.000e+00	0.000e+00
161767.50	0.000e+00	0.000e+00	0.000e+00
161768.50	0.000e+00	0.000e+00	0.000e+00
161769.50	0.000e+00	0.000e+00	0.000e+00
161770.50	0.000e+00	0.000e+00	0.000e+00
161771.50	0.000e+00	0.000e+00	0.000e+00
161772.50	0.000e+00	0.000e+00	0.000e+00
161773.50	0.000e+00	0.000e+00	0.000e+00
161774.50	0.000e+00	0.000e+00	0.000e+00
161775.50	0.000e+00	0.000e+00	0.000e+00
161776.50	0.000e+00	0.000e+00	0.000e+00
161777.50	0.000e+00	0.000e+00	0.000e+00
161778.50	0.000e+00	0.000e+00	0.000e+00
161779.50	0.000e+00	0.000e+00	0.000e+00
161780.50	0.000e+00	0.000e+00	0.000e+00
161781.50	0.000e+00	0.000e+00	0.000e+00
161782.50	0.000e+00	0.000e+00	0.000e+00
161783.50	0.000e+00	0.000e+00	0.000e+00
161784.50	0.000e+00	0.000e+00	0.000e+00
161785.50	0.000e+00	0.000e+00	0.000e+00
161786.50	0.000e+00	0.000e+00	0.000e+00
161787.50	0.000e+00	0.000e+00	0.000e+00
161788.50	0.000e+00	0.000e+00	0.000e+00
161789.50	0.000e+00	0.000e+00	0.000e+00
161790.50	0.000e+00	0.000e+00	0.000e+00
161791.50	0.000e+00	0.000e+00	0.000e+00
161792.50	0.000e+00	0.000e+00	0.000e+00
161793.50	0.000e+00	0.000e+00	0.000e+00
161794.50	0.000e+00	0.000e+00	0.000e+00
161795.50	0.000e+00	0.000e+00	0.000e+00
161796.50	0.000e+00	0.000e+00	0.000e+00
161797.50	0.000e+00	0.000e+00	0.000e+00
161798.50	0.000e+00	0.000e+00	0.000e+00
161799.50	0.000e+00	0.000e+00	0.000e+00
161800.50	0.000e+00	0.000e+00	0.000e+00
161801.50	0.000e+00	0.000e+00	0.000e+00
161802.50	0.000e+00	0.000e+00	0.000e+00
161803.50	0.000e+00	0.000e+00	0.000e+00
161804.50	0.000e+00	0.000e+00	0.000e+00
161805.50	0.000e+00	0.000e+00	0.000e+00
161806.50	0.000e+00	0.000e+00	0.000e+00
161807.50	0.000e+00	0.000e+00	0.000e+00
161808.50	0.000e+00	0.000e+00	0.000e+00
161809.50	0.000e+00	0.000e+00	0.000e+00
161810.50	0.000e+00	0.000e+00	0.000e+00
161811.50	0.000e+00	0.000e+00	0.000e+00
161812.50	0.000e+00	0.000e+00	0.000e+00
161813.50	0.000e+00	0.000e+00	0.000e+00
161814.50	0.000e+00	0.000e+00	0.000e+00
161815.50	0.000e+00	0.000e+00	0.000e+00
161816.50	0.000e+00	0.000e+00	0.000e+00
161817.50	0.000e+00	0.000e+00	0.000e+00
161818.50	0.000e+00	0.000e+00	0.000e+00
161819.50	0.000e+00	0.000e+00	0.000e+00
161820.50	0.000e+00	0.000e+00	0.000e+00
161821.50	0.000e+00	0.000e+00	0.000e+00
161822.50	0.000e+00	0.000e+00	0.000e+00
161823.50	0.000e+00	0.000e+00	0.000e+00
161824.50	0.000e+00	0.000e+00	0.000e+00
161825.50	0.000e+00	0.000e+00	0.000e+00
161826.50	0.000e+00	0.000e+00	0.000e+00
161827.50	0.000e+00	0.000e+00	0.000e+00
161828.50	0.000e+00	0.000e+00	0.000e+00
161829.50	0.000e+00	0.000e+00	0.000e+00
161830.50	0.000e+00	0.000e+00	0.000e+00
161831.50	0.000e+00	0.000e+00	0.000e+00
161832.50	0.000e+00	0.000e+00	0.000e+00
161833.50	0.000e+00	0.000e+00	0.000e+00
161834.50	0.000e+00	0.000e+00	0.000e+00
161835.50	0.000e+00	0.000e+00	0.000e+00
161836.50	0.000e+00	0.000e+00	0.000e+00
161837.50	0.000e+00	0.000e+00	0.000e+00
161838.50	0.000e+00	0.000e+00	0.000e+00
161839.50	0.000e+00	0.000e+00	0.000e+00
161840.50	0.000e+00	0.000e+00	0.000e+00
161841.50	0.000e+00	0.000e+00	0.000e+00
161842.50	0.000e+00	0.000e+00	0.000e+00
161843.50	0.000e+00	0.000e+00	0.000e+00
161844.50	0.000e+00	0.000e+00	0.000e+00
161845.50	0.000e+00	0.000e+00	0.000e+00
161846.50	0.000e+00	0.000e+00	0.000e+00
161847.50	0.000e+00	0.000e+00	0.000e+00
161848.50	0.000e+00	0.000e+00	0.000e+00
161849.50	0.000e+00	0.000e+00	0.000e+00
161850.50	0.000e+00	0.000e+00	0.000e+00
161851.50	0.000e+00	0.000e+00	0.000e+00
161852.50	0.000e+00	0.000e+00	0.000e+00
161853.50	0.000e+00	0.000e+00	0.000e+00
161854.50	0.000e+00	0.000e+00	0.000e+00
161855.50	0.000e+00	0.000e+00	0.000e+00
161856.50	0.000e+00	0.000e+00	0.000e+00
161857.50	0.000e+00	0.000e+00	0.000e+00
161858.50	0.000e+00	0.000e+00	0.000e+00
161859.50	0.000e+00	0.000e+00	0.000e+00
161860.50	0.000e+00	0.000e+00	0.000e+00
161861.50	0.000e+00	0.000e+00	0.000e+00
161862.50	0.000e+00	0.000e+00	0.000e+00
161863.50	0.000e+00	0.000e+00	0.000e+00
161864.50	0.000e+00	0.000e+00	0.000e+00
161865.50	0.000e+00	0.000e+00	0.000e+00
161866.50	0.000e+00	0.000e+00	0.000e+00
161867.50	0.000e+00	0.000e+00	0.000e+00
161868.50	0.000e+00	0.000e+00	0.000e+00
161869.50	0.000e+00	0.000e+00	0.000e+00
161870.50	0.000e+00	0.000e+00	0.000e+00
161871.50	0.000e+00	0.000e+00	0.000e+00
161872.50	0.000e+00	0.000e+00	0.000e+00
161873.50	0.000e+00	0.000e+00	0.000e+00
161874.50	0.000e+00	0.000e+00	0.000e+00
161875.50	0.000e+00	0.000e+00	0.000e+00
161876.50	0.000e+00	0.000e+00	0.000e+00
161877.50	0.000e+00	0.000e+00	0.000e+00
161878.50	0.000e+00	0.000e+00	0.000e+00
161879.50	0.000e+00	0.000e+00	0.000e+00
161880.50	0.000e+00	0.000e+00	0.000e+00
161881.50	0.000e+00	0.000e+00	0.000e+00
161882.50	0.000e+00	0.000e+00	0.000e+00
161883.50	0.000e+00	0.000e+00	0.000e+00
161884.50	0.000e+00	0.000e+00	0.000e+00
161885.50	0.000e+00	0.000e+00	0.000e+00
161886.50	0.000e+00	0.000e+00	0.000e+00
161887.50	0.000e+00	0.000e+00	0.000e+00
161888.50	0.000e+00	0.000e+00	0.000e+00
161889.50	0.000e+00	0.000e+00	0.000e+00
161890.50	0.000e+00	0.000e+00	0.000e+00
161891.50	0.000e+00	0.000e+00	0.000e+00
161892.50	0.000e+00	0.000e+00	0.000e+00
161893.50	0.000e+00	0.000e+00	0.000e+00
161894.50	0.000e+00	0.000e+00	0.000e+00
161895.50	0.000e+00	0.000e+00	0.000e+00
161896.50	0.000e+00	0.000e+00	0.000e+00
161897.50	0.000e+00	0.000e+00	0.000e+00
161898.50	0.000e+00	0.000e+00	0.000e+00
161899.50	0.000e+00	0.000e+00	0.000e+00
161900.50	0.000e+00	0.000e+00	0.000e+00
161901.50	0.000e+00	0.000e+00	0.000e+00
161902.50	0.000e+00	0.000e+00	0.000e+00
161903.50	0.000e+00	0.000e+00	0.000e+00
161904.50	0.000e+00	0.000e+00	0.000e+00
161905.50	0.000e+00	0.000e+00	0.000e+00
161906.50	0.000e+00	0.000e+00	0.000e+00
161907.50	0.000e+00	0.000e+00	0.000e+00
161908.50	0.000e+00	0.000e+00	0.000e+00
161909.50	0.000e+00	0.000e+00	0.000e+00
161910.50	5.750e-06	2.381e-03	5.616e-05
161911.50	5.789e-05	6.595e-04	1.507e-03
161912.50	-1.699e-04	-3.504e-02	-7.382e-03
161913.50	-2.822e-04	-4.368e-02	-7.949e-03
161914.50	-8.179e-03	-2.218e-01	-3.005e-01
161915.50	-6.672e-03	-2.323e+00	-2.803e-01
161916.50	5.760e-02	-8.525e+00	2.160e+00
161917.50	1.450e-01	-2.352e+01	5.146e+00
161918.50	2.170e-01	-4.445e+01	7.430e+00
161919.50	4.694e-01	-6.922e+01	1.574e+01
161920.50	7.536e-01	-1.046e+02	2.477e+01
161921.50	1.181e+00	-1.507e+02	3.811e+01
161922.50	1.267e+00	-1.498e+02	3.936e+01
161923.50	7.939e-01	-1.488e+02	2.304e+01
161924.50	5.933e-01	-1.517e+02	1.603e+01
161925.50	8.851e-01	-1.171e+02	2.410e+01
161926.50	2.947e-01	-5.702e+01	6.096e+00
161927.50	5.654e-01	-3.821e+01	1.488e+01
161928.50	2.410e-01	-1.085e+01	4.733e+00
161929.50	-1.805e-01	1.450e+01	-8.102e+00
161930.50	-1.613e-01	2.400e+01	-6.518e+00
161931.50	-3.014e-01	3.466e+01	-1.094e+01
161932.50	-1.459e-01	4.195e+01	-6.154e+00
161933.50	-5.482e-01	4.368e+01	-1.699e+01
161934.50	-4.195e-01	4.896e+01	-1.306e+01
161935.50	-9.696e-02	4.176e+01	-4.387e+00
161936.50	-4.301e-01	4.291e+01	-1.334e+01
161937.50	-4.176e-01	4.070e+01	-1.296e+01
161938.50	-5.270e-01	4.157e+01	-1.584e+01
161939.50	-1.248e-01	4.195e+01	-3.744e+00
161940.50	-9.302e-02	3.725e+01	-2.746e+00
161941.50	-2.266e-01	3.514e+01	-6.845e+00
161942.50	-1.958e-01	3.312e+01	-6.000e+00
161943.50	-3.322e-01	3.206e+01	-9.341e+00
161944.50	-1.277e-01	3.005e+01	-3.850e+00
161945.50	-9.158e-02	2.659e+01	-2.467e+00
161946.50	-1.872e-01	2.794e+01	-5.194e+00
161947.50	-2.640e-01	2.285e+01	-7.248e+00
161948.50	-1.123e-01	2.419e+01	-2.573e+00
161949.50	-2.170e-01	1.987e+01	-5.933e+00
161950.50	-2.122e-02	1.872e+01	-9.888e-01
161951.50	-6.566e-02	1.843e+01	-2.006e+00
161952.50	-1.018e-01	1.814e+01	-2.458e+00
161953.50	-7.546e-02	1.536e+01	-2.035e+00
161954.50	-1.008e-01	1.354e+01	-2.794e+00
161955.50	-6.058e-03	1.411e+01	-2.765e-01
161956.50	-1.958e-01	1.498e+01	-5.472e+00
161957.50	-4.675e-02	1.152e+01	-1.114e+00
161958.50	-9.312e-03	1.354e+01	-1.939e-01
161959.50	-1.584e-01	1.210e+01	-4.387e+00
161960.50	-6.758e-02	1.027e+01	-1.690e+00
161961.50	-6.701e-02	1.037e+01	-1.958e+00
161962.50	-4.416e-02	9.696e+00	-1.027e+00
161963.50	-6.720e-02	8.525e+00	-1.786e+00
161964.50	-5.194e-02	7.430e+00	-1.248e+00
161965.50	-4.090e-02	7.824e+00	-1.171e+00
161966.50	-6.547e-02	6.845e+00	-1.411e+00
161967.50	-2.458e-02	8.016e+00	-6.960e-01
161968.50	-5.251e-02	7.363e+00	-1.450e+00
161969.50	-4.714e-02	4.272e+00	-1.334e+00
161970.50	-6.499e-02	6.682e+00	-1.786e+00
161971.50	9.379e-04	6.662e+00	-6.749e-02
161972.50	4.013e-02	6.394e+00	1.027e+00
161973.50	-9.984e-03	4.694e+00	8.995e-02
161974.50	-4.781e-02	5.635e+00	-9.197e-01
161975.50	-4.858e-02	4.243e+00	-1.181e+00
161976.50	-5.894e-02	4.368e+00	-1.402e+00
161977.50	3.888e-02	4.426e+00	9.504e-01
161978.50	-2.602e-02	5.146e+00	-7.066e-01
161979.50	-2.986e-03	4.253e+00	-1.190e-01
161980.50	-6.835e-02	4.061e+00	-1.574e+00
161981.50	3.840e-03	3.437e+00	-1.248e-01
161982.50	1.027e-03	3.245e+00	1.171e-01
161983.50	-2.861e-02	2.736e+00	-8.074e-01
161984.50	-1.104e-02	3.043e+00	-2.669e-01
161985.50	-7.277e-03	3.456e+00	-3.014e-02
161986.50	-1.459e-02	2.717e+00	-2.669e-01
161987.50	-1.949e-02	2.179e+00	-7.382e-01
161988.50	-9.130e-03	2.909e+00	-3.533e-01
161989.50	-3.907e-02	2.381e+00	-1.018e+00
161990.50	-4.166e-02	2.054e+00	-1.046e+00
161991.50	1.152e-02	2.794e+00	4.637e-01
161992.50	-2.266e-02	9.984e-01	-4.157e-01
161993.50	1.267e-03	2.064e+00	8.890e-02
161994.50	-2.141e-02	2.045e+00	-6.643e-01
161995.50	-1.728e-02	2.621e+00	-5.376e-01
161996.50	1.027e-03	1.603e+00	1.555e-01
161997.50	-8.534e-03	8.726e-01	-1.152e-01
161998.50	-1.709e-02	1.277e+00	-3.341e-01
161999.50	-9.792e-03	1.920e+00	-3.610e-01
162000.50	-2.208e-02	9.792e-01	-5.011e-01
162001.50	1.382e-02	1.152e+00	3.542e-01
162002.50	-9.792e-03	1.526e+00	-2.707e-01
162003.50	-1.286e-02	1.075e+00	-3.610e-01
162004.50	-2.208e-02	1.440e+00	-5.702e-01
162005.50	-1.354e-02	8.256e-01	-3.005e-01
162006.50	-4.589e-02	1.066e+00	-1.133e+00
162007.50	-1.930e-03	2.189e+00	4.099e-02
162008.50	-1.286e-02	3.850e-01	-2.160e-01
162009.50	1.123e-02	6.624e-01	2.102e-01
162010.50	-4.742e-03	9.101e-01	-4.896e-02
162011.50	1.162e-02	1.526e+00	2.285e-01
162012.50	-5.942e-03	8.458e-01	-2.947e-01
162013.50	-2.774e-02	1.997e-01	-6.797e-01
162014.50	-1.843e-03	5.376e-01	2.304e-02
162015.50	-9.206e-03	2.650e-01	-2.611e-01
162016.50	-6.048e-03	1.066e+00	-1.632e-01
162017.50	-1.363e-03	9.110e-01	-1.114e-01
162018.50	-1.546e-02	6.826e-01	-4.176e-01
162019.50	2.419e-02	6.403e-01	5.472e-01
162020.50	-1.949e-02	3.053e-01	-4.397e-01
162021.50	-6.605e-03	5.021e-01	-1.805e-01
162022.50	-4.166e-03	7.469e-01	-2.237e-03
162023.50	-2.899e-03	8.189e-01	-1.114e-01
162024.50	-8.602e-03	-2.448e-01	-1.987e-01
162025.50	-4.426e-03	6.586e-01	-1.258e-01
162026.50	-1.949e-02	5.568e-01	-5.683e-01
162027.50	-7.709e-03	7.056e-01	-2.448e-01
162028.50	9.561e-03	6.922e-01	3.686e-01
162029.50	-1.469e-02	6.624e-01	-4.397e-01
162030.50	-7.594e-03	5.866e-01	-2.928e-01
162031.50	5.616e-03	-2.602e-02	2.582e-01
162032.50	2.371e-02	6.643e-01	4.742e-01
162033.50	-1.027e-02	7.181e-01	-4.368e-02
162034.50	-2.717e-03	-6.691e-02	-4.243e-02
162035.50	-2.803e-02	2.525e-01	-4.915e-01
162036.50	-8.371e-03	4.771e-01	-1.536e-01
162037.50	1.258e-02	4.733e-01	3.360e-01
162038.50	1.229e-02	1.373e-01	3.840e-01
162039.50	1.843e-02	5.040e-02	3.418e-01
162040.50	-7.718e-03	3.629e-01	-2.688e-01
162041.50	-1.987e-02	3.811e-01	-6.634e-01
162042.50	6.528e-03	3.226e-01	1.824e-01
162043.50	-1.037e-02	4.032e-01	-2.515e-01
162044.50	-1.738e-02	7.229e-01	-4.118e-01
162045.50	1.776e-03	1.286e-01	1.133e-01
162046.50	1.046e-02	-2.813e-02	3.648e-01
162047.50	-2.074e-02	1.680e-01	-4.070e-01
162048.50	7.901e-04	-3.898e-02	8.573e-02
162049.50	9.197e-03	1.411e-01	1.325e-01
162050.50	-1.373e-02	2.899e-01	-3.187e-01
162051.50	-9.197e-03	2.285e-01	-1.613e-01
162052.50	-8.602e-03	-1.555e-01	-3.331e-03
162053.50	-7.834e-03	2.342e-01	-2.381e-01
162054.50	3.610e-03	2.525e-01	9.888e-02
162055.50	7.757e-03	3.264e-01	1.440e-01
162056.50	-9.888e-03	5.011e-01	-2.294e-01
162057.50	-3.350e-03	3.590e-01	-2.006e-01
162058.50	-1.766e-02	1.766e-01	-4.291e-01
162059.50	3.629e-03	3.370e-01	8.323e-02
162060.50	-5.232e-03	1.766e-01	-1.843e-01
162061.50	2.371e-03	5.549e-02	9.226e-02
162062.50	5.731e-03	-3.398e-02	2.074e-01
162063.50	1.987e-03	-4.224e-03	6.029e-02
162064.50	-5.510e-03	-5.251e-01	-1.210e-01
162065.50	-1.450e-02	1.027e-02	-4.022e-01
162066.50	-3.283e-03	2.179e-01	5.683e-02
162067.50	-2.304e-03	3.763e-01	-1.315e-01
162068.50	2.630e-03	2.688e-01	1.402e-01
162069.50	-1.277e-03	8.208e-02	3.149e-02
162070.50	3.725e-04	2.611e-01	4.819e-02
162071.50	6.384e-03	2.112e-01	1.843e-01
162072.50	-3.773e-03	2.381e-01	-8.611e-02
162073.50	1.152e-03	6.490e-02	1.766e-01
162074.50	7.651e-03	6.538e-02	2.035e-01
162075.50	1.536e-03	2.813e-01	-1.901e-03
162076.50	1.181e-02	-5.789e-02	2.227e-01
162077.50	2.486e-03	-2.170e-01	1.190e-02
162078.50	-8.467e-03	4.080e-01	-7.718e-02
162079.50	3.043e-04	3.773e-01	-6.355e-02
162080.50	-4.493e-03	3.792e-01	-2.688e-01
162081.50	-2.851e-03	1.824e-01	-5.030e-03
162082.50	-1.824e-02	5.395e-02	-3.302e-01
162083.50	5.405e-03	-1.306e-01	1.325e-01
162084.50	3.533e-03	-2.198e-01	1.286e-01
162085.50	-3.869e-03	1.306e-01	-7.622e-02
162086.50	-7.901e-04	-1.997e-01	3.014e-02
162087.50	2.083e-03	1.968e-01	5.798e-02
162088.50	-1.277e-02	1.661e-01	-2.890e-01
162089.50	4.723e-03	-7.651e-02	1.363e-01
162090.50	-7.190e-03	2.362e-01	-2.006e-01
162091.50	3.610e-03	2.208e-01	8.131e-02
162092.50	3.005e-04	3.466e-01	-3.686e-03
162093.50	1.718e-03	-3.206e-01	-4.349e-02
162094.50	8.851e-03	1.469e-01	2.525e-01
162095.50	1.018e-03	2.851e-01	-7.651e-02
162096.50	-1.354e-03	4.829e-02	-6.038e-04
162097.50	-7.171e-03	-8.246e-02	-2.006e-01
162098.50	-7.075e-03	1.795e-01	-1.133e-01
162099.50	-1.795e-03	-2.170e-02	2.189e-02
162100.50	-1.411e-02	-1.958e-01	-2.813e-01
162101.50	-2.669e-03	3.360e-01	-1.738e-03
162102.50	4.128e-03	8.314e-02	7.834e-02
162103.50	-1.661e-05	-1.306e-01	-2.237e-02
162104.50	4.502e-03	8.256e-02	-2.448e-02
162105.50	-2.544e-03	1.939e-01	-8.362e-02
162106.50	-1.594e-03	-7.939e-02	-1.027e-02
162107.50	6.960e-03	-6.355e-02	2.400e-01
162108.50	-1.162e-03	-1.795e-01	-2.794e-02
162109.50	2.131e-03	-6.144e-02	3.494e-03
162110.50	6.739e-04	1.920e-01	5.808e-02
162111.50	-8.054e-03	2.976e-01	-1.430e-01
162112.50	-5.875e-03	-1.440e-01	-1.584e-01
162113.50	3.389e-03	2.314e-01	1.171e-01
162114.50	4.541e-03	1.248e-01	7.939e-02
162115.50	-6.048e-03	5.933e-02	-2.237e-01
162116.50	-5.491e-03	-1.142e-02	-1.354e-01
162117.50	3.792e-03	5.530e-02	1.430e-01
162118.50	7.882e-04	-1.978e-02	-2.160e-02
162119.50	-2.438e-03	1.651e-01	-9.206e-02
162120.50	6.854e-03	1.411e-01	1.469e-01
162121.50	-4.781e-03	8.064e-02	-1.392e-01
162122.50	-1.709e-03	4.234e-03	-3.370e-02
162123.50	9.187e-04	5.856e-02	-4.224e-02
162124.50	-4.915e-03	-8.419e-02	-5.232e-02
162125.50	-9.494e-04	2.525e-01	6.077e-02
162126.50	-6.029e-03	2.006e-01	-1.565e-01
162127.50	7.526e-03	2.669e-02	1.498e-01
162128.50	2.294e-03	-2.947e-02	6.557e-02
162129.50	1.085e-02	-1.008e-01	2.515e-01
162130.50	-4.320e-03	-5.078e-02	-5.078e-02
162131.50	5.203e-04	1.546e-01	-1.114e-02
162132.50	-2.304e-03	-2.314e-02	-3.014e-02
162133.50	-3.955e-03	1.709e-01	2.294e-02
162134.50	-9.984e-03	1.008e-01	-2.189e-01
162135.50	5.232e-03	-5.194e-03	1.862e-01
162136.50	4.349e-04	-7.901e-02	-4.752e-02
162137.50	4.790e-03	-1.738e-01	6.691e-02
162138.50	-7.114e-03	2.304e-02	-1.219e-01
162139.50	3.638e-03	3.418e-02	1.315e-01
162140.50	-7.334e-03	1.152e-01	-1.526e-01
162141.50	-1.402e-03	1.382e-01	-7.824e-02
162142.50	4.406e-03	5.885e-03	1.114e-01
162143.50	1.075e-02	-1.622e-01	1.594e-01
162144.50	-6.672e-04	-4.214e-01	6.499e-02
162145.50	-2.390e-03	1.114e-01	4.061e-02
162146.50	6.605e-03	1.546e-01	1.622e-01
162147.50	4.378e-03	-1.949e-02	2.122e-02
162148.50	3.638e-03	-4.694e-02	-4.378e-03
162149.50	3.850e-04	6.038e-02	5.779e-02
162150.50	-6.134e-03	1.536e-01	-9.888e-02
162151.50	-5.750e-04	1.219e-01	-8.438e-02
162152.50	-3.014e-03	-1.978e-03	-1.027e-01
162153.50	1.123e-03	-1.958e-01	7.766e-02
162154.50	-2.314e-03	-1.853e-02	-8.602e-02
162155.50	-1.142e-04	-6.288e-02	1.008e-01
162156.50	-2.198e-03	3.216e-02	-9.600e-02
162157.50	-6.979e-03	4.166e-02	-1.661e-01
162158.50	-2.352e-03	3.158e-03	-4.666e-02
162159.50	-1.517e-04	8.333e-02	1.526e-02
162160.50	-2.602e-03	-6.970e-02	-5.827e-02
162161.50	-1.670e-03	2.352e-01	-4.723e-02
162162.50	4.186e-04	-7.757e-02	5.942e-02
162163.50	-1.805e-03	-1.622e-01	-1.795e-02
162164.50	5.078e-03	2.141e-02	4.291e-02
162165.50	-4.138e-03	7.661e-02	-6.902e-02
162166.50	3.178e-03	5.146e-02	7.670e-02
162167.50	-1.498e-03	4.454e-02	-3.139e-02
162168.50	7.258e-04	2.947e-02	1.210e-02
162169.50	4.157e-03	-6.902e-02	7.162e-02
162170.50	-1.258e-04	-1.469e-01	-6.595e-03
162171.50	-5.366e-03	-7.690e-02	-9.792e-02
162172.50	-7.018e-03	-2.429e-02	-1.766e-01
162173.50	1.046e-03	-4.118e-02	-5.088e-02
162174.50	4.349e-03	1.766e-01	9.053e-02
162175.50	2.333e-03	3.494e-02	3.763e-02
162176.50	-1.114e-03	-4.925e-02	-6.528e-02
162177.50	-7.046e-03	1.565e-01	-1.363e-01
162178.50	-4.272e-03	1.997e-02	-3.456e-02
162179.50	9.053e-04	-7.747e-02	4.944e-02
162180.50	6.125e-03	1.978e-01	1.699e-01
162181.50	-2.006e-03	5.338e-02	1.210e-02
162182.50	-6.950e-03	1.498e-01	-1.853e-01
162183.50	5.914e-03	-1.574e-01	1.046e-01
162184.50	3.667e-03	-5.904e-02	5.664e-02
162185.50	1.622e-03	5.971e-02	-4.810e-02
162186.50	1.670e-03	6.144e-02	-2.592e-02
162187.50	-6.336e-03	8.429e-02	-8.314e-02
162188.50	6.067e-03	-9.888e-02	1.814e-01
162189.50	-3.062e-03	6.739e-02	-5.971e-02
162190.50	-5.155e-03	-3.850e-03	-1.085e-01
162191.50	-1.853e-03	-6.384e-02	3.216e-02
162192.50	5.894e-04	5.184e-02	-2.448e-02
162193.50	4.589e-03	-1.008e-01	6.067e-02
162194.50	-8.381e-04	-3.178e-02	4.694e-02
162195.50	-1.190e-02	6.653e-03	-2.650e-01
162196.50	-7.968e-03	-4.627e-02	-1.037e-01
162197.50	2.851e-03	-4.579e-03	6.653e-02
162198.50	6.682e-03	7.584e-02	7.776e-02
162199.50	-2.323e-04	2.755e-02	2.966e-03
162200.50	2.621e-03	-5.510e-03	5.184e-02
162201.50	-7.786e-04	6.950e-02	-2.026e-02
162202.50	6.586e-04	1.843e-02	-2.640e-02
162203.50	4.666e-03	7.872e-02	7.334e-02
162204.50	2.496e-03	8.678e-02	-4.694e-02
162205.50	-2.813e-03	4.800e-02	-4.186e-02
162206.50	8.122e-03	1.488e-01	1.363e-01
162207.50	2.112e-03	-1.267e-02	4.109e-02
162208.50	6.250e-04	2.074e-02	-4.349e-03
162209.50	1.171e-03	6.048e-02	1.382e-02
162210.50	3.139e-03	1.440e-03	1.008e-02
162211.50	2.467e-03	-2.938e-02	3.696e-02
162212.50	-3.254e-03	-2.842e-02	-4.483e-03
162213.50	1.411e-04	4.627e-02	1.488e-02
162214.50	1.296e-02	1.680e-01	7.018e-02
162215.50	-6.778e-04	-1.210e-01	-4.531e-02
162216.50	-4.022e-03	-2.131e-01	-4.387e-02
162217.50	-5.952e-04	3.475e-02	-8.803e-04
162218.50	-4.435e-03	4.810e-02	1.114e-02
162219.50	6.902e-03	4.531e-02	1.334e-01
162220.50	4.224e-03	-1.027e-01	-4.493e-02
162221.50	-2.861e-03	6.970e-02	-1.181e-01
162222.50	5.683e-03	-8.515e-02	2.736e-02
162223.50	-1.248e-03	-1.008e-01	1.661e-02
162224.50	-1.747e-02	-2.986e-02	-1.622e-01
162225.50	-6.883e-03	-5.136e-03	-3.552e-02
162226.50	-2.717e-03	6.960e-02	-9.350e-02
162227.50	-2.938e-03	5.894e-02	-2.803e-02
162228.50	-7.354e-03	-2.429e-02	-1.661e-01
162229.50	-5.558e-04	6.125e-02	-4.982e-02
162230.50	6.077e-03	-7.987e-02	1.075e-01
162231.50	5.770e-03	-6.710e-02	1.123e-01
162232.50	5.299e-04	-2.362e-02	-1.114e-01
162233.50	-1.104e-02	-1.824e-01	-4.915e-02
162234.50	-6.144e-03	1.200e-01	-1.075e-02
162235.50	2.554e-03	9.158e-02	1.152e-01
162236.50	6.067e-03	-5.674e-03	1.478e-01
162237.50	-6.816e-03	-1.248e-01	-4.349e-02
162238.50	-5.549e-03	-1.315e-01	-1.488e-01
162239.50	2.102e-03	9.293e-02	2.602e-02
162240.50	3.533e-03	5.366e-02	-1.507e-03
162241.50	-2.554e-03	-2.256e-02	-1.930e-02
162242.50	2.582e-03	1.382e-01	1.670e-02
162243.50	3.322e-03	-5.338e-02	3.082e-02
162244.50	7.949e-04	-5.875e-02	1.238e-02
162245.50	-8.890e-03	4.378e-02	-1.459e-01
162246.50	6.000e-04	8.506e-02	1.258e-02
162247.50	2.141e-03	-1.478e-02	7.642e-02
162248.50	5.098e-03	-4.426e-02	1.373e-01
162249.50	-1.987e-03	7.392e-02	-9.485e-02
162250.50	-2.678e-03	-4.877e-03	5.846e-03
162251.50	-3.485e-04	-6.874e-02	-3.168e-02
162252.50	-3.350e-03	-8.189e-02	-6.058e-02
162253.50	-1.363e-03	9.293e-03	2.448e-02
162254.50	-1.901e-03	4.954e-02	-4.810e-02
162255.50	-3.072e-03	6.202e-02	-6.758e-02
162256.50	1.344e-03	8.448e-02	4.061e-02
162257.50	7.354e-03	5.242e-02	1.344e-01
162258.50	3.936e-03	3.533e-03	5.866e-02
162259.50	3.254e-03	-2.256e-02	-2.515e-02
162260.50	2.467e-03	4.022e-02	9.792e-03
162261.50	-7.949e-03	7.718e-02	-8.179e-02
162262.50	5.088e-03	-1.152e-01	1.738e-01
162263.50	-8.774e-04	-8.054e-03	-1.430e-02
162264.50	-9.101e-04	-8.458e-02	3.350e-03
162265.50	-1.440e-03	2.794e-02	-7.315e-02
162266.50	-5.597e-04	2.131e-02	-4.954e-02
162267.50	5.203e-04	5.078e-03	-9.475e-03
162268.50	2.112e-03	3.494e-02	3.600e-02
162269.50	1.910e-02	-1.507e-01	1.584e-01
162270.50	-2.794e-03	2.525e-02	3.773e-03
162271.50	-3.667e-03	1.267e-01	-5.971e-02
162272.50	-5.309e-03	7.162e-02	-5.491e-02
162273.50	2.294e-03	3.504e-02	1.382e-02
162274.50	-3.763e-04	2.227e-02	-3.898e-02
162275.50	-3.725e-03	-6.269e-02	-4.992e-02
162276.50	2.659e-04	-7.325e-02	-9.293e-03
162277.50	5.232e-03	2.640e-02	9.696e-02
162278.50	5.146e-03	4.282e-02	-4.282e-02
162279.50	4.502e-04	7.344e-02	1.181e-02
