161681.50	0.000e+00	0.000e+00	0.000e+00
161682.50	0.000e+00	0.000e+00	0.000e+00
161683.50	0.000e+00	0.000e+00	0.000e+00
161684.50	0.000e+00	0.000e+00	0.000e+00
161685.50	0.000e+00	0.000e+00	0.000e+00
161686.50	0.000e+00	0.000e+00	0.000e+00
161687.50	0.000e+00	0.000e+00	0.000e+00
161688.50	0.000e+00	0.000e+00	0.000e+00
161689.50	0.000e+00	0.000e+00	0.000e+00
161690.50	0.000e+00	0.000e+00	0.000e+00
161691.50	0.000e+00	0.000e+00	0.000e+00
161692.50	0.000e+00	0.000e+00	0.000e+00
161693.50	0.000e+00	0.000e+00	0.000e+00
161694.50	0.000e+00	0.000e+00	0.000e+00
161695.50	0.000e+00	0.000e+00	0.000e+00
161696.50	0.000e+00	0.000e+00	0.000e+00
161697.50	0.000e+00	0.000e+00	0.000e+00
161698.50	0.000e+00	0.000e+00	0.000e+00
161699.50	0.000e+00	0.000e+00	0.000e+00
161700.50	0.000e+00	0.000e+00	0.000e+00
161701.50	0.000e+00	0.000e+00	0.000e+00
161702.50	0.000e+00	0.000e+00	0.000e+00
161703.50	0.000e+00	0.000e+00	0.000e+00
161704.50	0.000e+00	0.000e+00	0.000e+00
161705.50	0.000e+00	0.000e+00	0.000e+00
161706.50	0.000e+00	0.000e+00	0.000e+00
161707.50	0.000e+00	0.000e+00	0.000e+00
161708.50	0.000e+00	0.000e+00	0.000e+00
161709.50	0.000e+00	0.000e+00	0.000e+00
161710.50	0.000e+00	0.000e+00	0.000e+00
161711.50	0.000e+00	0.000e+00	0.000e+00
161712.50	0.000e+00	0.000e+00	0.000e+00
161713.50	0.000e+00	0.000e+00	0.000e+00
161714.50	0.000e+00	0.000e+00	0.000e+00
161715.50	0.000e+00	0.000e+00	0.000e+00
161716.50	0.000e+00	0.000e+00	0.000e+00
161717.50	0.000e+00	0.000e+00	0.000e+00
161718.50	0.000e+00	0.000e+00	0.000e+00
161719.50	0.000e+00	0.000e+00	0.000e+00
161720.50	0.000e+00	0.000e+00	0.000e+00
161721.50	0.000e+00	0.000e+00	0.000e+00
161722.50	0.000e+00	0.000e+00	0.000e+00
161723.50	0.000e+00	0.000e+00	0.000e+00
161724.50	0.000e+00	0.000e+00	0.000e+00
161725.50	0.000e+00	0.000e+00	0.000e+00
161726.50	0.000e+00	0.000e+00	0.000e+00
161727.50	0.000e+00	0.000e+00	0.000e+00
161728.50	0.000e+00	0.000e+00	0.000e+00
161729.50	0.000e+00	0.000e+00	0.000e+00
161730.50	0.000e+00	0.000e+00	0.000e+00
161731.50	0.000e+00	0.000e+00	0.000e+00
161732.50	0.000e+00	0.000e+00	0.000e+00
161733.50	0.000e+00	0.000e+00	0.000e+00
161734.50	0.000e+00	0.000e+00	0.000e+00
161735.50	0.000e+00	0.000e+00	0.000e+00
161736.50	0.000e+00	0.000e+00	0.000e+00
161737.50	0.000e+00	0.000e+00	0.000e+00
161738.50	0.000e+00	0.000e+00	0.000e+00
161739.50	0.000e+00	0.000e+00	0.000e+00
161740.50	0.000e+00	0.000e+00	0.000e+00
161741.50	0.000e+00	0.000e+00	0.000e+00
161742.50	0.000e+00	0.000e+00	0.000e+00
161743.50	0.000e+00	0.000e+00	0.000e+00
161744.50	0.000e+00	0.000e+00	0.000e+00
161745.50	0.000e+00	0.000e+00	0.000e+00
161746.50	0.000e+00	0.000e+00	0.000e+00
161747.50	0.000e+00	0.000e+00	0.000e+00
161748.50	0.000e+00	0.000e+00	0.000e+00
161749.50	0.000e+00	0.000e+00	0.000e+00
161750.50	0.000e+00	0.000e+00	0.000e+00
161751.50	0.000e+00	0.000e+00	0.000e+00
161752.50	0.000e+00	0.000e+00	0.000e+00
161753.50	0.000e+00	0.000e+00	0.000e+00
161754.50	0.000e+00	0.000e+00	0.000e+00
161755.50	0.000e+00	0.000e+00	0.000e+00
161756.50	0.000e+00	0.000e+00	0.000e+00
161757.50	0.000e+00	0.000e+00	0.000e+00
161758.50	0.000e+00	0.000e+00	0.000e+00
161759.50	0.000e+00	0.000e+00	0.000e+00
161760.50	0.000e+00	0.000e+00	0.000e+00
161761.50	0.000e+00	0.000e+00	0.000e+00
161762.50	0.000e+00	0.000e+00	0.000e+00
161763.50	0.000e+00	0.000e+00	0.000e+00
161764.50	0.000e+00	0.000e+00	0.000e+00
161765.50	0.000e+00	0.000e+00	0.000e+00
161766.50	0.000e+00	0.000e+00	0.000e+00
161767.50	0.000e+00	0.000e+00	0.000e+00
161768.50	0.000e+00	0.000e+00	0.000e+00
161769.50	0.000e+00	0.000e+00	0.000e+00
161770.50	0.000e+00	0.000e+00	0.000e+00
161771.50	0.000e+00	0.000e+00	0.000e+00
161772.50	0.000e+00	0.000e+00	0.000e+00
161773.50	0.000e+00	0.000e+00	0.000e+00
161774.50	0.000e+00	0.000e+00	0.000e+00
161775.50	0.000e+00	0.000e+00	0.000e+00
161776.50	0.000e+00	0.000e+00	0.000e+00
161777.50	0.000e+00	0.000e+00	0.000e+00
161778.50	0.000e+00	0.000e+00	0.000e+00
161779.50	0.000e+00	0.000e+00	0.000e+00
161780.50	0.000e+00	0.000e+00	0.000e+00
161781.50	0.000e+00	0.000e+00	0.000e+00
161782.50	0.000e+00	0.000e+00	0.000e+00
161783.50	0.000e+00	0.000e+00	0.000e+00
161784.50	0.000e+00	0.000e+00	0.000e+00
161785.50	0.000e+00	0.000e+00	0.000e+00
161786.50	0.000e+00	0.000e+00	0.000e+00
161787.50	0.000e+00	0.000e+00	0.000e+00
161788.50	0.000e+00	0.000e+00	0.000e+00
161789.50	0.000e+00	0.000e+00	0.000e+00
161790.50	0.000e+00	0.000e+00	0.000e+00
161791.50	0.000e+00	0.000e+00	0.000e+00
161792.50	0.000e+00	0.000e+00	0.000e+00
161793.50	0.000e+00	0.000e+00	0.000e+00
161794.50	0.000e+00	0.000e+00	0.000e+00
161795.50	0.000e+00	0.000e+00	0.000e+00
161796.50	0.000e+00	0.000e+00	0.000e+00
161797.50	0.000e+00	0.000e+00	0.000e+00
161798.50	0.000e+00	0.000e+00	0.000e+00
161799.50	0.000e+00	0.000e+00	0.000e+00
161800.50	0.000e+00	0.000e+00	0.000e+00
161801.50	0.000e+00	0.000e+00	0.000e+00
161802.50	0.000e+00	0.000e+00	0.000e+00
161803.50	0.000e+00	0.000e+00	0.000e+00
161804.50	0.000e+00	0.000e+00	0.000e+00
161805.50	0.000e+00	0.000e+00	0.000e+00
161806.50	0.000e+00	0.000e+00	0.000e+00
161807.50	0.000e+00	0.000e+00	0.000e+00
161808.50	0.000e+00	0.000e+00	0.000e+00
161809.50	0.000e+00	0.000e+00	0.000e+00
161810.50	0.000e+00	0.000e+00	0.000e+00
161811.50	0.000e+00	0.000e+00	0.000e+00
161812.50	0.000e+00	0.000e+00	0.000e+00
161813.50	0.000e+00	0.000e+00	0.000e+00
161814.50	0.000e+00	0.000e+00	0.000e+00
161815.50	0.000e+00	0.000e+00	0.000e+00
161816.50	0.000e+00	0.000e+00	0.000e+00
161817.50	0.000e+00	0.000e+00	0.000e+00
161818.50	0.000e+00	0.000e+00	0.000e+00
161819.50	0.000e+00	0.000e+00	0.000e+00
161820.50	0.000e+00	0.000e+00	0.000e+00
161821.50	0.000e+00	0.000e+00	0.000e+00
161822.50	0.000e+00	0.000e+00	0.000e+00
161823.50	0.000e+00	0.000e+00	0.000e+00
161824.50	0.000e+00	0.000e+00	0.000e+00
161825.50	0.000e+00	0.000e+00	0.000e+00
161826.50	0.000e+00	0.000e+00	0.000e+00
161827.50	0.000e+00	0.000e+00	0.000e+00
161828.50	0.000e+00	0.000e+00	0.000e+00
161829.50	0.000e+00	0.000e+00	0.000e+00
161830.50	0.000e+00	0.000e+00	0.000e+00
161831.50	0.000e+00	0.000e+00	0.000e+00
161832.50	0.000e+00	0.000e+00	0.000e+00
161833.50	0.000e+00	0.000e+00	0.000e+00
161834.50	0.000e+00	0.000e+00	0.000e+00
161835.50	0.000e+00	0.000e+00	0.000e+00
161836.50	0.000e+00	0.000e+00	0.000e+00
161837.50	0.000e+00	0.000e+00	0.000e+00
161838.50	0.000e+00	0.000e+00	0.000e+00
161839.50	0.000e+00	0.000e+00	0.000e+00
161840.50	0.000e+00	0.000e+00	0.000e+00
161841.50	0.000e+00	0.000e+00	0.000e+00
161842.50	0.000e+00	0.000e+00	0.000e+00
161843.50	0.000e+00	0.000e+00	0.000e+00
161844.50	0.000e+00	0.000e+00	0.000e+00
161845.50	0.000e+00	0.000e+00	0.000e+00
161846.50	0.000e+00	0.000e+00	0.000e+00
161847.50	0.000e+00	0.000e+00	0.000e+00
161848.50	0.000e+00	0.000e+00	0.000e+00
161849.50	0.000e+00	0.000e+00	0.000e+00
161850.50	0.000e+00	0.000e+00	0.000e+00
161851.50	0.000e+00	0.000e+00	0.000e+00
161852.50	0.000e+00	0.000e+00	0.000e+00
161853.50	0.000e+00	0.000e+00	0.000e+00
161854.50	0.000e+00	0.000e+00	0.000e+00
161855.50	0.000e+00	0.000e+00	0.000e+00
161856.50	0.000e+00	0.000e+00	0.000e+00
161857.50	0.000e+00	0.000e+00	0.000e+00
161858.50	0.000e+00	0.000e+00	0.000e+00
161859.50	0.000e+00	0.000e+00	0.000e+00
161860.50	0.000e+00	0.000e+00	0.000e+00
161861.50	0.000e+00	0.000e+00	0.000e+00
161862.50	0.000e+00	0.000e+00	0.000e+00
161863.50	0.000e+00	0.000e+00	0.000e+00
161864.50	0.000e+00	0.000e+00	0.000e+00
161865.50	0.000e+00	0.000e+00	0.000e+00
161866.50	0.000e+00	0.000e+00	0.000e+00
161867.50	0.000e+00	0.000e+00	0.000e+00
161868.50	0.000e+00	0.000e+00	0.000e+00
161869.50	0.000e+00	0.000e+00	0.000e+00
161870.50	0.000e+00	0.000e+00	0.000e+00
161871.50	0.000e+00	0.000e+00	0.000e+00
161872.50	0.000e+00	0.000e+00	0.000e+00
161873.50	0.000e+00	0.000e+00	0.000e+00
161874.50	0.000e+00	0.000e+00	0.000e+00
161875.50	0.000e+00	0.000e+00	0.000e+00
161876.50	0.000e+00	0.000e+00	0.000e+00
161877.50	0.000e+00	0.000e+00	0.000e+00
161878.50	0.000e+00	0.000e+00	0.000e+00
161879.50	0.000e+00	0.000e+00	0.000e+00
161880.50	0.000e+00	0.000e+00	0.000e+00
161881.50	0.000e+00	0.000e+00	0.000e+00
161882.50	0.000e+00	0.000e+00	0.000e+00
161883.50	0.000e+00	0.000e+00	0.000e+00
161884.50	0.000e+00	0.000e+00	0.000e+00
161885.50	0.000e+00	0.000e+00	0.000e+00
161886.50	0.000e+00	0.000e+00	0.000e+00
161887.50	0.000e+00	0.000e+00	0.000e+00
161888.50	0.000e+00	0.000e+00	0.000e+00
161889.50	0.000e+00	0.000e+00	0.000e+00
161890.50	0.000e+00	0.000e+00	0.000e+00
161891.50	0.000e+00	0.000e+00	0.000e+00
161892.50	0.000e+00	0.000e+00	0.000e+00
161893.50	0.000e+00	0.000e+00	0.000e+00
161894.50	0.000e+00	0.000e+00	0.000e+00
161895.50	0.000e+00	0.000e+00	0.000e+00
161896.50	0.000e+00	0.000e+00	0.000e+00
161897.50	0.000e+00	0.000e+00	0.000e+00
161898.50	0.000e+00	0.000e+00	0.000e+00
161899.50	0.000e+00	0.000e+00	0.000e+00
161900.50	0.000e+00	0.000e+00	0.000e+00
161901.50	0.000e+00	0.000e+00	0.000e+00
161902.50	0.000e+00	0.000e+00	0.000e+00
161903.50	0.000e+00	0.000e+00	0.000e+00
161904.50	0.000e+00	0.000e+00	0.000e+00
161905.50	0.000e+00	0.000e+00	0.000e+00
161906.50	0.000e+00	0.000e+00	0.000e+00
161907.50	0.000e+00	0.000e+00	0.000e+00
161908.50	-6.163e-05	5.021e-04	1.632e-03
161909.50	-2.122e-03	-1.238e-02	3.331e-02
161910.50	7.018e-04	-4.493e-03	-1.680e-02
161911.50	-2.179e-04	2.314e-03	4.397e-03
161912.50	-9.302e-04	-9.398e-03	7.363e-03
161913.50	-1.430e-06	5.674e-03	6.307e-03
161914.50	5.837e-04	-6.989e-05	-1.152e-02
161915.50	1.286e-04	2.208e-03	-1.930e-03
161916.50	-1.747e-04	7.776e-04	2.026e-03
161917.50	1.286e-04	3.792e-03	1.411e-03
161918.50	-2.515e-05	-5.117e-03	-2.966e-03
161919.50	1.891e-03	-3.658e-02	-7.546e-02
161920.50	1.891e-03	2.794e-02	-2.909e-02
161921.50	1.238e-03	5.232e-02	1.478e-03
161922.50	-2.486e-02	-9.350e-01	2.131e-03
161923.50	-4.435e-02	-1.824e+00	-1.402e-01
161924.50	8.064e-03	-4.368e+00	-3.504e+00
161925.50	-2.851e-01	-1.478e+01	-3.322e+00
161926.50	-2.256e-01	-1.910e+01	-8.304e+00
161927.50	-4.186e-01	-2.957e+01	-1.123e+01
161928.50	-8.102e-01	-4.426e+01	-1.200e+01
161929.50	-1.219e+00	-6.221e+01	-1.536e+01
161930.50	-1.555e+00	-7.402e+01	-1.574e+01
161931.50	-1.354e+00	-7.738e+01	-2.419e+01
161932.50	-2.621e+00	-1.056e+02	-1.382e+01
161933.50	-2.141e+00	-8.678e+01	-1.238e+01
161934.50	-2.160e+00	-9.034e+01	-1.584e+01
161935.50	-1.162e+00	-6.470e+01	-2.198e+01
161936.50	-2.534e+00	-7.536e+01	3.725e+00
161937.50	-1.344e+00	-3.859e+01	2.227e+00
161938.50	-9.245e-01	-2.371e+01	3.168e+00
161939.50	-3.888e-01	-3.475e+00	5.261e+00
161940.50	-2.333e-01	-5.539e+00	-2.899e-01
161941.50	1.085e-01	1.142e+01	4.522e+00
161942.50	5.837e-01	2.198e+01	8.237e-01
161943.50	1.066e-01	2.179e+01	1.267e+01
161944.50	3.984e-01	2.496e+01	7.651e+00
161945.50	4.675e-01	2.333e+01	5.232e+00
161946.50	6.797e-01	2.496e+01	1.488e+00
161947.50	7.709e-01	3.245e+01	5.309e+00
161948.50	8.150e-01	3.178e+01	4.099e+00
161949.50	4.704e-01	2.842e+01	9.792e+00
161950.50	8.160e-01	3.293e+01	4.944e+00
161951.50	5.702e-01	2.966e+01	8.314e+00
161952.50	7.690e-01	3.053e+01	4.877e+00
161953.50	6.038e-01	2.659e+01	5.136e+00
161954.50	7.344e-01	2.438e+01	8.266e-01
161955.50	8.323e-01	2.822e+01	1.469e+00
161956.50	7.200e-01	2.698e+01	3.283e+00
161957.50	5.117e-01	2.112e+01	3.600e+00
161958.50	6.432e-01	2.208e+01	1.142e+00
161959.50	4.541e-01	1.766e+01	2.602e+00
161960.50	3.734e-01	1.603e+01	2.707e+00
161961.50	3.734e-01	1.910e+01	5.846e+00
161962.50	3.341e-01	1.757e+01	5.232e+00
161963.50	3.245e-01	1.382e+01	2.726e+00
161964.50	3.254e-01	1.277e+01	2.006e+00
161965.50	3.475e-01	1.354e+01	1.949e+00
161966.50	5.146e-01	1.546e+01	-2.256e-01
161967.50	3.773e-01	1.325e+01	6.787e-01
161968.50	3.226e-01	1.181e+01	1.162e+00
161969.50	2.170e-01	1.104e+01	3.130e+00
161970.50	2.458e-01	9.888e+00	1.526e+00
161971.50	3.197e-01	8.630e+00	-1.229e+00
161972.50	1.632e-01	5.578e+00	1.248e-01
161973.50	6.029e-02	5.933e+00	2.842e+00
161974.50	1.872e-01	8.381e+00	2.170e+00
161975.50	1.526e-01	7.747e+00	1.997e+00
161976.50	2.266e-01	7.699e+00	4.224e-01
161977.50	2.246e-01	8.534e+00	1.133e+00
161978.50	1.738e-01	6.768e+00	8.534e-01
161979.50	2.198e-01	6.950e+00	3.446e-01
161980.50	1.402e-01	6.077e+00	1.190e+00
161981.50	1.306e-01	4.858e+00	4.186e-01
161982.50	1.152e-01	4.973e+00	1.027e+00
161983.50	9.888e-02	4.522e+00	1.046e+00
161984.50	1.670e-01	3.581e+00	-1.066e+00
161985.50	3.840e-02	4.272e+00	2.390e+00
161986.50	4.253e-02	3.034e+00	1.248e+00
161987.50	7.219e-02	3.139e+00	3.091e-01
161988.50	9.168e-02	3.427e+00	3.830e-01
161989.50	1.373e-01	5.251e+00	8.477e-01
161990.50	1.402e-01	4.445e+00	-3.955e-02
161991.50	3.686e-02	2.093e+00	5.510e-01
161992.50	1.210e-01	3.398e+00	-1.325e-01
161993.50	7.238e-02	2.938e+00	4.934e-01
161994.50	8.582e-02	3.245e+00	3.600e-01
161995.50	6.346e-02	1.814e+00	-2.112e-01
161996.50	4.339e-02	1.363e+00	-6.029e-02
161997.50	2.438e-02	1.776e+00	5.942e-01
161998.50	4.445e-02	2.438e+00	8.112e-01
161999.50	3.782e-02	1.872e+00	4.771e-01
162000.50	5.549e-02	2.458e+00	6.634e-01
162001.50	4.800e-02	1.738e+00	3.024e-01
162002.50	3.235e-02	1.430e+00	3.206e-01
162003.50	5.568e-02	1.450e+00	-1.882e-01
162004.50	3.994e-02	1.997e+00	5.174e-01
162005.50	3.197e-02	1.738e+00	5.280e-01
162006.50	3.782e-02	1.286e+00	6.547e-02
162007.50	2.899e-02	1.402e+00	3.302e-01
162008.50	5.011e-02	2.006e+00	4.003e-01
162009.50	1.325e-02	1.200e+00	4.800e-01
162010.50	4.339e-02	2.045e+00	4.829e-01
162011.50	2.621e-02	1.392e+00	3.936e-01
162012.50	5.443e-03	7.325e-01	4.646e-01
162013.50	-1.459e-03	9.274e-01	6.451e-01
162014.50	6.970e-02	2.438e+00	2.832e-01
162015.50	1.824e-02	6.461e-01	1.373e-02
162016.50	1.680e-02	4.214e-01	-1.382e-01
162017.50	4.406e-02	1.210e+00	-2.506e-01
162018.50	-1.546e-02	2.688e-01	4.262e-01
162019.50	2.861e-02	4.637e-01	-4.896e-01
162020.50	3.946e-02	1.152e+00	8.266e-02
162021.50	4.080e-02	1.325e+00	7.862e-02
162022.50	-3.360e-03	5.414e-01	5.050e-01
162023.50	4.973e-02	9.062e-01	-4.493e-01
162024.50	4.637e-02	1.152e+00	-1.814e-01
162025.50	-2.064e-02	-1.344e-02	5.818e-01
162026.50	1.536e-02	7.162e-01	7.786e-02
162027.50	1.421e-02	6.038e-01	-3.062e-02
162028.50	7.066e-02	1.440e+00	-4.627e-01
162029.50	5.501e-02	1.478e+00	1.469e-01
162030.50	5.011e-02	8.352e-01	-5.222e-01
162031.50	-3.418e-02	-1.958e-01	6.336e-01
162032.50	2.861e-02	7.469e-01	5.827e-03
162033.50	-4.838e-02	-3.494e-01	5.616e-01
162034.50	-3.341e-03	4.032e-01	1.498e-01
162035.50	2.208e-02	1.066e+00	2.285e-01
162036.50	4.195e-04	3.158e-01	2.054e-01
162037.50	7.277e-03	6.490e-01	4.934e-01
162038.50	-1.056e-02	5.213e-01	5.472e-01
162039.50	4.234e-02	6.797e-01	-4.426e-01
162040.50	1.344e-02	3.782e-01	-5.366e-02
162041.50	5.741e-03	-8.794e-02	-8.678e-02
162042.50	1.286e-03	2.707e-01	1.123e-01
162043.50	1.315e-02	4.656e-01	1.200e-01
162044.50	2.717e-02	7.651e-01	-5.827e-02
162045.50	1.862e-02	4.166e-01	-2.362e-01
162046.50	2.294e-02	4.483e-01	-2.246e-01
162047.50	-7.392e-03	-8.947e-02	-5.712e-02
162048.50	2.582e-02	3.898e-01	-4.099e-01
162049.50	-2.054e-02	1.085e-01	4.291e-01
162050.50	1.430e-02	1.997e-01	-2.016e-01
162051.50	1.901e-02	3.014e-01	-8.342e-02
162052.50	7.651e-03	2.189e-01	2.083e-02
162053.50	6.442e-03	2.746e-01	4.147e-02
162054.50	-1.094e-02	-4.368e-02	1.008e-01
162055.50	-7.018e-03	-2.506e-01	-1.162e-01
162056.50	6.979e-03	2.093e-01	1.584e-02
162057.50	-2.938e-03	2.592e-01	3.082e-01
162058.50	-5.213e-03	1.114e-01	1.680e-01
162059.50	2.275e-02	3.370e-01	-2.938e-01
162060.50	-2.352e-03	1.910e-01	1.382e-01
162061.50	-2.362e-03	2.534e-01	2.554e-01
162062.50	-8.304e-03	-4.502e-02	1.958e-01
162063.50	6.634e-03	1.536e-01	3.782e-02
162064.50	-1.795e-03	2.746e-01	1.373e-01
162065.50	7.997e-03	2.899e-01	8.218e-02
162066.50	2.189e-02	5.712e-01	9.888e-03
162067.50	2.630e-03	2.294e-01	1.267e-01
162068.50	9.984e-03	6.778e-02	-2.218e-01
162069.50	-6.835e-03	1.210e-01	1.987e-01
162070.50	4.714e-03	8.198e-02	-3.082e-02
162071.50	1.747e-02	2.131e-01	-1.651e-01
162072.50	1.488e-02	3.869e-01	-1.066e-01
162073.50	4.406e-03	8.650e-02	-6.518e-02
162074.50	3.792e-03	-1.133e-01	-1.718e-01
162075.50	-5.914e-03	2.083e-01	3.552e-01
162076.50	-1.046e-02	2.189e-01	3.821e-01
162077.50	-6.384e-03	-1.565e-02	4.234e-02
162078.50	3.322e-02	3.773e-01	-5.318e-01
162079.50	-7.258e-03	-1.430e-01	1.008e-01
162080.50	1.219e-02	3.466e-01	-1.037e-02
162081.50	-1.171e-02	1.709e-01	3.494e-01
162082.50	-2.122e-02	7.027e-02	4.003e-01
162083.50	2.150e-02	2.851e-01	-1.968e-01
162084.50	-1.181e-02	-2.429e-01	7.795e-02
162085.50	1.315e-03	2.448e-02	8.890e-02
162086.50	9.984e-03	2.688e-01	4.618e-02
162087.50	8.861e-04	9.149e-02	-6.250e-03
162088.50	3.638e-03	6.518e-02	-5.693e-02
162089.50	-6.797e-03	7.776e-02	2.602e-01
162090.50	-3.091e-03	-1.325e-01	-6.288e-02
162091.50	-1.824e-03	1.344e-01	1.008e-01
162092.50	6.701e-03	-3.590e-02	-2.544e-01
162093.50	8.698e-03	4.819e-02	-1.258e-01
162094.50	-6.768e-03	1.306e-01	2.554e-01
162095.50	1.018e-02	-9.226e-02	-2.256e-01
162096.50	-2.314e-03	2.525e-01	1.978e-01
162097.50	-9.984e-03	1.488e-02	1.910e-01
162098.50	8.054e-03	1.066e-01	-1.315e-01
162099.50	-6.826e-03	-8.026e-02	1.181e-01
162100.50	-1.210e-02	1.219e-01	2.506e-01
162101.50	-1.344e-02	-1.853e-01	1.037e-01
162102.50	-3.869e-03	9.456e-02	1.958e-01
162103.50	6.442e-03	1.248e-01	3.840e-02
162104.50	1.574e-02	2.179e-01	-1.584e-01
162105.50	7.440e-03	-9.888e-02	-2.678e-01
162106.50	-1.027e-02	4.704e-02	1.680e-01
162107.50	-1.699e-02	-1.757e-01	1.382e-01
162108.50	1.085e-02	6.019e-02	-8.602e-02
162109.50	6.941e-03	1.085e-01	9.446e-02
162110.50	-3.773e-03	3.206e-02	7.267e-02
162111.50	1.229e-02	5.443e-02	-2.160e-01
162112.50	1.066e-02	1.296e-01	-1.181e-01
162113.50	-6.922e-03	-6.250e-02	7.037e-02
162114.50	3.763e-03	6.000e-02	-1.066e-01
162115.50	-1.306e-02	-7.920e-02	1.574e-01
162116.50	2.486e-04	-4.262e-02	-3.178e-02
162117.50	1.603e-02	1.766e-01	-1.814e-01
162118.50	-7.354e-03	1.949e-02	1.661e-01
162119.50	3.974e-03	1.190e-02	-2.899e-02
162120.50	-5.818e-03	-7.354e-02	1.056e-01
162121.50	1.910e-05	3.936e-02	7.805e-02
162122.50	-4.627e-03	-6.134e-02	8.285e-02
162123.50	5.789e-03	-1.478e-01	-2.650e-01
162124.50	5.501e-03	3.149e-01	1.421e-01
162125.50	-1.258e-02	-2.534e-02	2.016e-01
162126.50	4.195e-03	1.574e-01	-4.502e-02
162127.50	-4.733e-03	4.522e-02	2.141e-01
162128.50	7.776e-03	2.026e-01	-1.229e-02
162129.50	9.984e-03	-4.733e-02	-2.006e-01
162130.50	-8.650e-03	1.200e-01	2.813e-01
162131.50	8.640e-05	6.912e-02	2.467e-02
162132.50	-1.046e-02	-7.958e-02	7.498e-02
162133.50	-4.733e-03	-1.219e-01	3.562e-02
162134.50	4.138e-03	4.915e-02	-4.013e-02
162135.50	-3.763e-03	-7.757e-02	5.530e-02
162136.50	6.298e-03	1.526e-01	6.566e-02
162137.50	-3.043e-03	-1.296e-01	-1.046e-01
162138.50	1.008e-02	2.429e-01	-1.853e-02
162139.50	-7.795e-03	-1.133e-01	1.248e-01
162140.50	2.218e-03	1.536e-01	-6.931e-02
162141.50	1.526e-02	2.198e-01	-2.064e-01
162142.50	1.286e-02	9.984e-02	-2.093e-01
162143.50	4.714e-03	3.744e-02	-1.248e-01
162144.50	-7.651e-03	-6.614e-02	1.574e-01
162145.50	-4.570e-03	-1.594e-01	-4.243e-02
162146.50	3.581e-03	6.192e-02	-7.440e-02
162147.50	6.490e-03	-1.296e-02	-2.822e-02
162148.50	-5.942e-03	-2.294e-02	1.325e-02
162149.50	-1.459e-02	-2.794e-01	8.525e-02
162150.50	3.216e-03	-1.757e-01	-1.421e-01
162151.50	2.822e-07	2.928e-02	-4.061e-02
162152.50	2.083e-03	3.312e-01	2.458e-01
162153.50	9.494e-04	8.966e-02	6.931e-02
162154.50	7.373e-03	-3.850e-03	-1.373e-01
162155.50	-6.845e-03	-2.832e-01	-5.232e-02
162156.50	2.803e-03	7.738e-02	1.757e-02
162157.50	-6.038e-04	3.312e-02	3.418e-02
162158.50	-5.578e-03	-1.507e-01	-8.918e-03
162159.50	1.190e-02	2.026e-01	-5.357e-02
162160.50	-1.536e-02	2.045e-02	4.109e-01
162161.50	-1.238e-02	-1.104e-01	1.123e-01
162162.50	1.824e-03	-8.899e-02	-1.075e-01
162163.50	-1.229e-03	1.123e-01	1.517e-01
162164.50	1.008e-02	2.602e-02	-2.726e-01
162165.50	7.459e-04	-2.246e-02	-4.646e-02
162166.50	-9.350e-03	5.309e-02	2.294e-01
162167.50	2.458e-03	1.066e-01	2.573e-02
162168.50	3.888e-03	6.067e-02	-2.803e-02
162169.50	8.995e-03	-5.174e-02	-2.246e-01
162170.50	1.325e-02	1.978e-01	-1.066e-01
162171.50	6.317e-03	-2.525e-02	-1.920e-01
162172.50	-1.382e-03	-3.331e-02	-1.738e-02
162173.50	3.533e-03	8.525e-02	5.434e-02
162174.50	-2.947e-03	1.008e-01	1.344e-01
162175.50	-3.187e-03	5.981e-02	1.133e-01
162176.50	7.997e-03	-3.062e-02	-1.843e-01
162177.50	4.416e-03	1.862e-01	3.648e-02
162178.50	-4.819e-03	1.123e-01	1.843e-01
162179.50	-1.680e-03	-7.411e-02	-5.040e-02
162180.50	-1.008e-03	-2.006e-02	-7.046e-02
162181.50	-9.696e-03	1.738e-02	2.074e-01
162182.50	-4.166e-03	-8.573e-02	5.510e-03
162183.50	-3.466e-03	-5.194e-02	6.518e-02
162184.50	-1.680e-04	-7.354e-02	-1.411e-01
162185.50	-6.490e-03	-7.834e-02	3.197e-02
162186.50	-3.437e-03	1.978e-02	5.510e-02
162187.50	4.214e-03	6.115e-02	1.373e-02
162188.50	5.155e-03	1.094e-01	-4.944e-02
162189.50	1.075e-03	1.565e-02	-2.726e-03
162190.50	2.554e-03	-2.160e-02	-3.811e-02
162191.50	3.984e-03	-3.034e-02	-9.206e-02
162192.50	-3.725e-03	6.480e-02	1.296e-01
162193.50	-4.291e-03	-2.285e-02	8.400e-02
162194.50	-5.434e-03	-1.594e-01	-2.208e-02
162195.50	-6.902e-03	-6.144e-02	9.485e-02
162196.50	-2.323e-03	-4.829e-02	3.946e-03
162197.50	5.280e-03	2.333e-02	-9.696e-02
162198.50	-1.795e-03	1.536e-02	3.110e-02
162199.50	-4.157e-03	-1.181e-02	7.699e-02
162200.50	1.133e-02	1.171e-01	-1.594e-01
162201.50	1.392e-03	8.755e-02	2.045e-02
162202.50	-1.152e-03	4.800e-02	6.432e-02
162203.50	7.229e-03	1.046e-01	-5.789e-02
162204.50	-1.766e-02	-3.360e-01	9.072e-02
162205.50	-2.314e-03	-4.608e-03	2.074e-02
162206.50	3.725e-03	-2.496e-02	-3.418e-02
162207.50	-3.629e-03	-7.872e-03	9.322e-02
162208.50	8.160e-03	6.288e-03	-1.632e-01
162209.50	6.230e-03	7.613e-02	-8.659e-02
162210.50	2.429e-03	1.315e-02	-7.805e-02
162211.50	-5.952e-04	4.579e-02	7.699e-03
162212.50	-7.776e-03	-4.080e-02	1.190e-01
162213.50	-1.104e-02	-1.219e-01	4.032e-02
162214.50	6.480e-03	5.309e-02	-7.699e-02
162215.50	8.832e-03	8.410e-02	-9.197e-02
162216.50	-6.211e-03	4.118e-02	1.910e-01
162217.50	1.104e-03	-3.610e-02	-6.998e-02
162218.50	-7.488e-03	-5.050e-02	9.523e-02
162219.50	-3.120e-03	-5.779e-02	3.206e-02
162220.50	7.008e-03	1.142e-01	-9.984e-02
162221.50	1.325e-03	7.162e-02	-1.498e-02
162222.50	2.621e-03	3.322e-02	-6.547e-02
162223.50	-8.448e-03	-1.795e-02	1.536e-01
162224.50	1.373e-02	1.123e-02	-8.880e-02
162225.50	-8.102e-05	6.115e-02	6.528e-02
162226.50	4.416e-04	-2.362e-02	-3.638e-02
162227.50	4.790e-04	-4.109e-02	-8.131e-02
162228.50	-4.272e-03	1.018e-02	1.296e-01
162229.50	3.926e-03	1.229e-01	2.448e-02
162230.50	-9.523e-04	1.142e-02	7.670e-02
162231.50	-2.438e-04	-9.168e-02	-6.941e-03
162232.50	3.629e-03	6.000e-02	-7.056e-02
162233.50	-6.298e-03	-5.424e-02	4.493e-02
162234.50	-8.698e-03	-1.027e-01	6.682e-02
162235.50	-7.430e-03	-3.427e-02	1.018e-01
162236.50	6.422e-03	7.094e-02	-8.352e-02
162237.50	-1.584e-03	-9.149e-02	3.091e-02
162238.50	3.917e-03	-1.670e-02	-1.450e-02
162239.50	-4.819e-03	-1.056e-01	2.640e-02
162240.50	-4.954e-04	-6.374e-04	-2.688e-02
162241.50	-2.131e-03	1.469e-01	9.427e-02
162242.50	3.350e-03	-4.090e-02	-8.602e-02
162243.50	-4.646e-03	-1.066e-01	2.256e-02
162244.50	3.149e-03	7.066e-02	7.872e-02
162245.50	-1.142e-02	-3.091e-02	-2.054e-02
162246.50	4.512e-03	4.051e-02	-8.419e-02
162247.50	-1.325e-03	1.094e-02	3.062e-02
162248.50	-2.218e-03	-1.632e-02	-1.920e-02
162249.50	3.830e-03	2.131e-02	5.030e-03
162250.50	6.931e-04	-3.590e-02	3.235e-02
162251.50	-1.373e-03	-4.291e-02	-1.786e-02
162252.50	3.725e-03	1.738e-01	7.104e-02
162253.50	3.254e-03	6.950e-02	-1.546e-02
162254.50	-4.512e-04	7.008e-02	5.962e-03
162255.50	4.522e-03	-1.622e-02	-1.229e-01
162256.50	-5.434e-03	-1.642e-01	-8.294e-03
162257.50	1.066e-03	4.454e-02	2.218e-02
162258.50	4.195e-04	6.202e-02	4.627e-02
162259.50	1.824e-03	1.344e-01	2.851e-02
162260.50	1.930e-03	1.709e-02	-4.858e-02
162261.50	1.968e-03	1.450e-02	-3.053e-03
162262.50	-5.491e-03	3.830e-02	1.469e-01
162263.50	7.277e-03	7.805e-02	-2.611e-02
162264.50	-1.526e-03	-1.133e-01	-2.938e-02
162265.50	2.496e-03	-4.243e-02	-1.133e-01
162266.50	-1.699e-03	-2.659e-02	1.325e-03
162267.50	3.139e-03	1.075e-02	-6.374e-02
162268.50	-7.306e-04	-4.272e-02	-2.102e-02
162269.50	-1.027e-04	-3.571e-02	-6.278e-02
162270.50	-3.984e-03	5.789e-02	1.085e-01
162271.50	4.349e-03	9.888e-02	-1.805e-02
162272.50	-2.122e-03	-8.726e-03	7.152e-02
162273.50	-4.646e-03	-9.168e-02	-6.470e-03
162274.50	8.544e-04	7.709e-02	3.379e-03
162275.50	-5.923e-03	-5.242e-02	6.422e-02
162276.50	-1.795e-03	-3.840e-02	-1.661e-02
162277.50	-4.138e-03	-3.542e-02	8.275e-03
162278.50	2.659e-03	5.021e-02	5.002e-02
162279.50	1.488e-02	1.354e-01	-1.776e-01
