161681.50	0.000e+00	0.000e+00	0.000e+00
161682.50	0.000e+00	0.000e+00	0.000e+00
161683.50	0.000e+00	0.000e+00	0.000e+00
161684.50	0.000e+00	0.000e+00	0.000e+00
161685.50	0.000e+00	0.000e+00	0.000e+00
161686.50	0.000e+00	0.000e+00	0.000e+00
161687.50	0.000e+00	0.000e+00	0.000e+00
161688.50	0.000e+00	0.000e+00	0.000e+00
161689.50	0.000e+00	0.000e+00	0.000e+00
161690.50	0.000e+00	0.000e+00	0.000e+00
161691.50	0.000e+00	0.000e+00	0.000e+00
161692.50	0.000e+00	0.000e+00	0.000e+00
161693.50	0.000e+00	0.000e+00	0.000e+00
161694.50	0.000e+00	0.000e+00	0.000e+00
161695.50	0.000e+00	0.000e+00	0.000e+00
161696.50	0.000e+00	0.000e+00	0.000e+00
161697.50	0.000e+00	0.000e+00	0.000e+00
161698.50	0.000e+00	0.000e+00	0.000e+00
161699.50	0.000e+00	0.000e+00	0.000e+00
161700.50	0.000e+00	0.000e+00	0.000e+00
161701.50	0.000e+00	0.000e+00	0.000e+00
161702.50	0.000e+00	0.000e+00	0.000e+00
161703.50	0.000e+00	0.000e+00	0.000e+00
161704.50	0.000e+00	0.000e+00	0.000e+00
161705.50	0.000e+00	0.000e+00	0.000e+00
161706.50	0.000e+00	0.000e+00	0.000e+00
161707.50	0.000e+00	0.000e+00	0.000e+00
161708.50	0.000e+00	0.000e+00	0.000e+00
161709.50	0.000e+00	0.000e+00	0.000e+00
161710.50	0.000e+00	0.000e+00	0.000e+00
161711.50	0.000e+00	0.000e+00	0.000e+00
161712.50	0.000e+00	0.000e+00	0.000e+00
161713.50	0.000e+00	0.000e+00	0.000e+00
161714.50	0.000e+00	0.000e+00	0.000e+00
161715.50	0.000e+00	0.000e+00	0.000e+00
161716.50	0.000e+00	0.000e+00	0.000e+00
161717.50	0.000e+00	0.000e+00	0.000e+00
161718.50	0.000e+00	0.000e+00	0.000e+00
161719.50	0.000e+00	0.000e+00	0.000e+00
161720.50	0.000e+00	0.000e+00	0.000e+00
161721.50	0.000e+00	0.000e+00	0.000e+00
161722.50	0.000e+00	0.000e+00	0.000e+00
161723.50	0.000e+00	0.000e+00	0.000e+00
161724.50	0.000e+00	0.000e+00	0.000e+00
161725.50	0.000e+00	0.000e+00	0.000e+00
161726.50	0.000e+00	0.000e+00	0.000e+00
161727.50	0.000e+00	0.000e+00	0.000e+00
161728.50	0.000e+00	0.000e+00	0.000e+00
161729.50	0.000e+00	0.000e+00	0.000e+00
161730.50	0.000e+00	0.000e+00	0.000e+00
161731.50	0.000e+00	0.000e+00	0.000e+00
161732.50	0.000e+00	0.000e+00	0.000e+00
161733.50	0.000e+00	0.000e+00	0.000e+00
161734.50	0.000e+00	0.000e+00	0.000e+00
161735.50	0.000e+00	0.000e+00	0.000e+00
161736.50	0.000e+00	0.000e+00	0.000e+00
161737.50	0.000e+00	0.000e+00	0.000e+00
161738.50	0.000e+00	0.000e+00	0.000e+00
161739.50	0.000e+00	0.000e+00	0.000e+00
161740.50	0.000e+00	0.000e+00	0.000e+00
161741.50	0.000e+00	0.000e+00	0.000e+00
161742.50	0.000e+00	0.000e+00	0.000e+00
161743.50	0.000e+00	0.000e+00	0.000e+00
161744.50	0.000e+00	0.000e+00	0.000e+00
161745.50	0.000e+00	0.000e+00	0.000e+00
161746.50	0.000e+00	0.000e+00	0.000e+00
161747.50	0.000e+00	0.000e+00	0.000e+00
161748.50	0.000e+00	0.000e+00	0.000e+00
161749.50	0.000e+00	0.000e+00	0.000e+00
161750.50	0.000e+00	0.000e+00	0.000e+00
161751.50	0.000e+00	0.000e+00	0.000e+00
161752.50	0.000e+00	0.000e+00	0.000e+00
161753.50	0.000e+00	0.000e+00	0.000e+00
161754.50	0.000e+00	0.000e+00	0.000e+00
161755.50	0.000e+00	0.000e+00	0.000e+00
161756.50	0.000e+00	0.000e+00	0.000e+00
161757.50	0.000e+00	0.000e+00	0.000e+00
161758.50	0.000e+00	0.000e+00	0.000e+00
161759.50	0.000e+00	0.000e+00	0.000e+00
161760.50	0.000e+00	0.000e+00	0.000e+00
161761.50	0.000e+00	0.000e+00	0.000e+00
161762.50	0.000e+00	0.000e+00	0.000e+00
161763.50	0.000e+00	0.000e+00	0.000e+00
161764.50	0.000e+00	0.000e+00	0.000e+00
161765.50	0.000e+00	0.000e+00	0.000e+00
161766.50	0.000e+00	0.000e+00	0.000e+00
161767.50	0.000e+00	0.000e+00	0.000e+00
161768.50	0.000e+00	0.000e+00	0.000e+00
161769.50	0.000e+00	0.000e+00	0.000e+00
161770.50	0.000e+00	0.000e+00	0.000e+00
161771.50	0.000e+00	0.000e+00	0.000e+00
161772.50	0.000e+00	0.000e+00	0.000e+00
161773.50	0.000e+00	0.000e+00	0.000e+00
161774.50	0.000e+00	0.000e+00	0.000e+00
161775.50	0.000e+00	0.000e+00	0.000e+00
161776.50	0.000e+00	0.000e+00	0.000e+00
161777.50	0.000e+00	0.000e+00	0.000e+00
161778.50	0.000e+00	0.000e+00	0.000e+00
161779.50	0.000e+00	0.000e+00	0.000e+00
161780.50	0.000e+00	0.000e+00	0.000e+00
161781.50	0.000e+00	0.000e+00	0.000e+00
161782.50	0.000e+00	0.000e+00	0.000e+00
161783.50	0.000e+00	0.000e+00	0.000e+00
161784.50	0.000e+00	0.000e+00	0.000e+00
161785.50	0.000e+00	0.000e+00	0.000e+00
161786.50	0.000e+00	0.000e+00	0.000e+00
161787.50	0.000e+00	0.000e+00	0.000e+00
161788.50	0.000e+00	0.000e+00	0.000e+00
161789.50	0.000e+00	0.000e+00	0.000e+00
161790.50	0.000e+00	0.000e+00	0.000e+00
161791.50	0.000e+00	0.000e+00	0.000e+00
161792.50	0.000e+00	0.000e+00	0.000e+00
161793.50	0.000e+00	0.000e+00	0.000e+00
161794.50	0.000e+00	0.000e+00	0.000e+00
161795.50	0.000e+00	0.000e+00	0.000e+00
161796.50	0.000e+00	0.000e+00	0.000e+00
161797.50	0.000e+00	0.000e+00	0.000e+00
161798.50	0.000e+00	0.000e+00	0.000e+00
161799.50	0.000e+00	0.000e+00	0.000e+00
161800.50	0.000e+00	0.000e+00	0.000e+00
161801.50	0.000e+00	0.000e+00	0.000e+00
161802.50	0.000e+00	0.000e+00	0.000e+00
161803.50	0.000e+00	0.000e+00	0.000e+00
161804.50	0.000e+00	0.000e+00	0.000e+00
161805.50	0.000e+00	0.000e+00	0.000e+00
161806.50	0.000e+00	0.000e+00	0.000e+00
161807.50	0.000e+00	0.000e+00	0.000e+00
161808.50	0.000e+00	0.000e+00	0.000e+00
161809.50	0.000e+00	0.000e+00	0.000e+00
161810.50	0.000e+00	0.000e+00	0.000e+00
161811.50	0.000e+00	0.000e+00	0.000e+00
161812.50	0.000e+00	0.000e+00	0.000e+00
161813.50	0.000e+00	0.000e+00	0.000e+00
161814.50	0.000e+00	0.000e+00	0.000e+00
161815.50	0.000e+00	0.000e+00	0.000e+00
161816.50	0.000e+00	0.000e+00	0.000e+00
161817.50	0.000e+00	0.000e+00	0.000e+00
161818.50	0.000e+00	0.000e+00	0.000e+00
161819.50	0.000e+00	0.000e+00	0.000e+00
161820.50	0.000e+00	0.000e+00	0.000e+00
161821.50	0.000e+00	0.000e+00	0.000e+00
161822.50	0.000e+00	0.000e+00	0.000e+00
161823.50	0.000e+00	0.000e+00	0.000e+00
161824.50	0.000e+00	0.000e+00	0.000e+00
161825.50	0.000e+00	0.000e+00	0.000e+00
161826.50	0.000e+00	0.000e+00	0.000e+00
161827.50	0.000e+00	0.000e+00	0.000e+00
161828.50	0.000e+00	0.000e+00	0.000e+00
161829.50	0.000e+00	0.000e+00	0.000e+00
161830.50	0.000e+00	0.000e+00	0.000e+00
161831.50	0.000e+00	0.000e+00	0.000e+00
161832.50	0.000e+00	0.000e+00	0.000e+00
161833.50	0.000e+00	0.000e+00	0.000e+00
161834.50	0.000e+00	0.000e+00	0.000e+00
161835.50	0.000e+00	0.000e+00	0.000e+00
161836.50	0.000e+00	0.000e+00	0.000e+00
161837.50	0.000e+00	0.000e+00	0.000e+00
161838.50	0.000e+00	0.000e+00	0.000e+00
161839.50	0.000e+00	0.000e+00	0.000e+00
161840.50	0.000e+00	0.000e+00	0.000e+00
161841.50	0.000e+00	0.000e+00	0.000e+00
161842.50	0.000e+00	0.000e+00	0.000e+00
161843.50	0.000e+00	0.000e+00	0.000e+00
161844.50	0.000e+00	0.000e+00	0.000e+00
161845.50	0.000e+00	0.000e+00	0.000e+00
161846.50	0.000e+00	0.000e+00	0.000e+00
161847.50	0.000e+00	0.000e+00	0.000e+00
161848.50	0.000e+00	0.000e+00	0.000e+00
161849.50	0.000e+00	0.000e+00	0.000e+00
161850.50	0.000e+00	0.000e+00	0.000e+00
161851.50	0.000e+00	0.000e+00	0.000e+00
161852.50	0.000e+00	0.000e+00	0.000e+00
161853.50	0.000e+00	0.000e+00	0.000e+00
161854.50	0.000e+00	0.000e+00	0.000e+00
161855.50	0.000e+00	0.000e+00	0.000e+00
161856.50	0.000e+00	0.000e+00	0.000e+00
161857.50	0.000e+00	0.000e+00	0.000e+00
161858.50	0.000e+00	0.000e+00	0.000e+00
161859.50	0.000e+00	0.000e+00	0.000e+00
161860.50	0.000e+00	0.000e+00	0.000e+00
161861.50	0.000e+00	0.000e+00	0.000e+00
161862.50	0.000e+00	0.000e+00	0.000e+00
161863.50	0.000e+00	0.000e+00	0.000e+00
161864.50	0.000e+00	0.000e+00	0.000e+00
161865.50	0.000e+00	0.000e+00	0.000e+00
161866.50	0.000e+00	0.000e+00	0.000e+00
161867.50	0.000e+00	0.000e+00	0.000e+00
161868.50	0.000e+00	0.000e+00	0.000e+00
161869.50	0.000e+00	0.000e+00	0.000e+00
161870.50	0.000e+00	0.000e+00	0.000e+00
161871.50	0.000e+00	0.000e+00	0.000e+00
161872.50	0.000e+00	0.000e+00	0.000e+00
161873.50	0.000e+00	0.000e+00	0.000e+00
161874.50	0.000e+00	0.000e+00	0.000e+00
161875.50	0.000e+00	0.000e+00	0.000e+00
161876.50	0.000e+00	0.000e+00	0.000e+00
161877.50	0.000e+00	0.000e+00	0.000e+00
161878.50	0.000e+00	0.000e+00	0.000e+00
161879.50	0.000e+00	0.000e+00	0.000e+00
161880.50	0.000e+00	0.000e+00	0.000e+00
161881.50	0.000e+00	0.000e+00	0.000e+00
161882.50	0.000e+00	0.000e+00	0.000e+00
161883.50	0.000e+00	0.000e+00	0.000e+00
161884.50	0.000e+00	0.000e+00	0.000e+00
161885.50	0.000e+00	0.000e+00	0.000e+00
161886.50	0.000e+00	0.000e+00	0.000e+00
161887.50	0.000e+00	0.000e+00	0.000e+00
161888.50	0.000e+00	0.000e+00	0.000e+00
161889.50	0.000e+00	0.000e+00	0.000e+00
161890.50	0.000e+00	0.000e+00	0.000e+00
161891.50	0.000e+00	0.000e+00	0.000e+00
161892.50	0.000e+00	0.000e+00	0.000e+00
161893.50	0.000e+00	0.000e+00	0.000e+00
161894.50	0.000e+00	0.000e+00	0.000e+00
161895.50	0.000e+00	0.000e+00	0.000e+00
161896.50	0.000e+00	0.000e+00	0.000e+00
161897.50	0.000e+00	0.000e+00	0.000e+00
161898.50	0.000e+00	0.000e+00	0.000e+00
161899.50	0.000e+00	0.000e+00	0.000e+00
161900.50	0.000e+00	0.000e+00	0.000e+00
161901.50	0.000e+00	0.000e+00	0.000e+00
161902.50	0.000e+00	0.000e+00	0.000e+00
161903.50	0.000e+00	0.000e+00	0.000e+00
161904.50	0.000e+00	0.000e+00	0.000e+00
161905.50	0.000e+00	0.000e+00	0.000e+00
161906.50	0.000e+00	0.000e+00	0.000e+00
161907.50	0.000e+00	0.000e+00	0.000e+00
161908.50	0.000e+00	0.000e+00	0.000e+00
161909.50	0.000e+00	0.000e+00	0.000e+00
161910.50	0.000e+00	0.000e+00	0.000e+00
161911.50	0.000e+00	0.000e+00	0.000e+00
161912.50	0.000e+00	0.000e+00	0.000e+00
161913.50	0.000e+00	0.000e+00	0.000e+00
161914.50	0.000e+00	0.000e+00	0.000e+00
161915.50	0.000e+00	0.000e+00	0.000e+00
161916.50	0.000e+00	0.000e+00	0.000e+00
161917.50	-2.150e-06	1.200e-04	5.558e-04
161918.50	-5.405e-05	-5.990e-04	2.179e-03
161919.50	-2.189e-05	-3.715e-04	5.395e-04
161920.50	1.037e-05	-8.717e-05	-8.266e-04
161921.50	1.296e-05	-1.094e-04	-1.181e-03
161922.50	-2.621e-04	-7.882e-03	-2.160e-03
161923.50	1.498e-03	3.494e-02	-3.187e-02
161924.50	-9.792e-03	-2.678e-01	-3.216e-02
161925.50	-5.558e-02	-1.555e+00	-3.830e-01
161926.50	-2.371e-02	-5.424e-01	4.138e-01
161927.50	-2.563e-01	-6.566e+00	4.147e-01
161928.50	-6.374e-01	-1.661e+01	-1.555e+00
161929.50	-7.382e-01	-1.939e+01	-3.610e+00
161930.50	-1.392e+00	-3.437e+01	1.075e+00
161931.50	-1.824e+00	-4.474e+01	-2.294e-01
161932.50	-3.072e+00	-7.306e+01	7.622e+00
161933.50	-2.554e+00	-6.134e+01	-1.478e+00
161934.50	-4.013e+00	-9.514e+01	-1.440e+00
161935.50	-3.638e+00	-8.736e+01	-1.277e+01
161936.50	-3.638e+00	-8.371e+01	1.104e+00
161937.50	-3.389e+00	-7.574e+01	3.936e+00
161938.50	-3.706e+00	-8.141e+01	4.166e+00
161939.50	-1.757e+00	-3.830e+01	-5.472e+00
161940.50	-1.267e+00	-2.544e+01	1.978e+00
161941.50	-9.888e-01	-1.843e+01	3.706e+00
161942.50	-5.962e-01	-1.027e+01	6.883e-01
161943.50	8.611e-01	2.141e+01	-2.314e+00
161944.50	2.611e-01	9.130e+00	1.680e+00
161945.50	6.998e-01	1.891e+01	2.736e+00
161946.50	9.389e-01	2.390e+01	1.507e+00
161947.50	1.200e+00	2.880e+01	6.336e-01
161948.50	8.131e-01	1.939e+01	-5.654e+00
161949.50	1.152e+00	2.698e+01	-7.651e-01
161950.50	1.344e+00	3.139e+01	2.928e+00
161951.50	1.133e+00	2.688e+01	-9.888e-02
161952.50	1.085e+00	2.438e+01	-3.110e+00
161953.50	1.334e+00	3.072e+01	6.979e-01
161954.50	1.162e+00	2.678e+01	-3.696e-01
161955.50	1.133e+00	2.611e+01	3.197e+00
161956.50	1.123e+00	2.534e+01	-2.630e-01
161957.50	1.104e+00	2.506e+01	4.915e-01
161958.50	9.696e-01	2.227e+01	1.094e-01
161959.50	9.014e-01	2.026e+01	-1.066e+00
161960.50	7.786e-01	1.786e+01	2.554e-01
161961.50	9.984e-01	2.122e+01	-3.869e+00
161962.50	7.776e-01	1.757e+01	1.373e+00
161963.50	7.507e-01	1.670e+01	-6.758e-01
161964.50	7.459e-01	1.632e+01	-2.083e+00
161965.50	6.739e-01	1.526e+01	1.728e+00
161966.50	5.366e-01	1.248e+01	1.968e+00
161967.50	6.067e-01	1.373e+01	7.056e-01
161968.50	5.299e-01	1.181e+01	1.949e-02
161969.50	4.253e-01	9.264e+00	-1.104e+00
161970.50	3.590e-01	8.141e+00	-1.056e+00
161971.50	5.174e-01	1.181e+01	9.984e-01
161972.50	3.830e-01	8.650e+00	6.653e-02
161973.50	4.637e-01	1.037e+01	-5.251e-02
161974.50	4.685e-01	1.037e+01	2.438e-02
161975.50	3.590e-01	8.083e+00	6.307e-01
161976.50	2.870e-01	6.653e+00	8.045e-01
161977.50	4.195e-01	9.264e+00	1.699e-01
161978.50	2.400e-01	5.530e+00	2.419e-01
161979.50	2.774e-01	6.259e+00	-7.277e-01
161980.50	2.765e-01	6.298e+00	9.984e-01
161981.50	2.582e-01	5.549e+00	-1.507e+00
161982.50	2.371e-01	5.443e+00	-1.421e-01
161983.50	2.275e-01	4.858e+00	-5.261e-01
161984.50	2.074e-01	4.493e+00	-8.707e-03
161985.50	2.131e-01	4.762e+00	4.205e-01
161986.50	1.488e-01	3.427e+00	5.030e-01
161987.50	1.997e-01	4.723e+00	5.270e-01
161988.50	1.085e-01	2.323e+00	-2.669e-01
161989.50	2.026e-01	4.541e+00	2.554e-01
161990.50	1.603e-01	3.552e+00	-1.094e-01
161991.50	1.507e-01	3.341e+00	-2.160e-02
161992.50	1.776e-01	3.898e+00	3.619e-01
161993.50	1.958e-01	4.368e+00	5.472e-01
161994.50	1.210e-01	2.774e+00	3.859e-01
161995.50	8.429e-02	1.987e+00	5.222e-01
161996.50	1.018e-01	2.266e+00	-6.854e-01
161997.50	1.200e-01	2.458e+00	-2.736e-01
161998.50	1.162e-01	2.506e+00	-5.213e-01
161999.50	7.478e-02	1.757e+00	-2.256e-01
162000.50	1.123e-01	2.554e+00	2.256e-01
162001.50	7.824e-02	1.862e+00	1.373e-01
162002.50	1.123e-01	2.582e+00	8.496e-01
162003.50	3.206e-02	8.669e-01	4.003e-01
162004.50	4.358e-02	9.494e-01	-3.523e-01
162005.50	5.309e-02	1.363e+00	6.317e-01
162006.50	8.342e-02	1.738e+00	-1.690e-01
162007.50	6.758e-02	1.536e+00	4.301e-01
162008.50	7.987e-02	1.843e+00	1.344e-01
162009.50	7.642e-02	1.670e+00	-8.160e-02
162010.50	3.974e-02	1.133e+00	8.995e-01
162011.50	1.104e-01	2.218e+00	-1.344e+00
162012.50	7.930e-02	1.613e+00	6.384e-02
162013.50	2.707e-02	8.630e-01	1.075e+00
162014.50	5.942e-02	1.286e+00	-6.643e-01
162015.50	8.093e-02	1.987e+00	3.437e-01
162016.50	3.734e-02	6.730e-01	-5.299e-01
162017.50	3.408e-02	7.450e-01	-1.728e-01
162018.50	3.542e-02	7.891e-01	2.026e-02
162019.50	1.958e-02	6.240e-01	-4.819e-02
162020.50	3.072e-02	7.248e-01	2.054e-01
162021.50	3.821e-02	8.784e-01	4.694e-02
162022.50	2.611e-02	5.904e-01	2.150e-01
162023.50	9.696e-03	2.006e-01	-3.610e-01
162024.50	5.501e-02	1.046e+00	-5.856e-02
162025.50	2.698e-02	8.246e-01	6.211e-01
162026.50	6.163e-02	1.210e+00	-2.122e-01
162027.50	5.549e-02	1.238e+00	-6.240e-02
162028.50	4.454e-02	9.504e-01	2.611e-02
162029.50	3.139e-02	5.789e-01	-4.666e-01
162030.50	1.286e-02	3.312e-01	-2.976e-01
162031.50	7.133e-02	1.181e+00	-1.709e-01
162032.50	2.371e-02	5.299e-01	3.398e-01
162033.50	2.438e-04	3.446e-01	5.645e-01
162034.50	-8.006e-03	3.523e-01	7.018e-01
162035.50	5.338e-02	8.554e-01	-3.955e-01
162036.50	4.349e-02	7.402e-01	-6.211e-01
162037.50	-3.139e-02	-3.648e-01	-1.066e-01
162038.50	4.099e-02	7.920e-01	5.606e-02
162039.50	1.814e-02	3.590e-01	-1.699e-01
162040.50	1.997e-02	4.550e-01	1.469e-01
162041.50	1.680e-02	3.024e-01	-3.014e-01
162042.50	1.066e-02	2.765e-01	3.274e-01
162043.50	-4.512e-03	-1.920e-01	9.792e-02
162044.50	2.966e-02	7.066e-01	-3.254e-01
162045.50	8.986e-03	1.670e-01	-2.429e-01
162046.50	8.563e-03	2.381e-01	-1.709e-01
162047.50	2.237e-02	5.760e-01	9.043e-02
162048.50	1.670e-02	3.926e-01	-5.981e-02
162049.50	5.962e-03	1.382e-01	-1.603e-02
162050.50	1.805e-02	3.936e-01	2.966e-02
162051.50	-2.650e-03	-8.102e-02	-2.285e-01
162052.50	1.910e-02	4.685e-01	2.054e-01
162053.50	1.862e-02	3.139e-01	-1.565e-01
162054.50	-1.181e-02	-1.517e-01	-1.334e-01
162055.50	-1.085e-03	5.002e-02	6.586e-03
162056.50	2.506e-02	5.165e-01	4.464e-01
162057.50	2.842e-02	5.155e-01	-1.574e-01
162058.50	2.074e-02	3.859e-01	-7.430e-02
162059.50	7.440e-03	1.267e-01	9.370e-02
162060.50	1.478e-02	2.429e-01	1.930e-01
162061.50	-5.098e-03	-6.566e-02	2.410e-01
162062.50	-6.672e-03	-5.472e-02	2.314e-01
162063.50	2.630e-02	5.923e-01	2.006e-01
162064.50	-5.434e-03	-6.528e-02	5.213e-02
162065.50	1.094e-02	2.794e-01	-2.323e-01
162066.50	2.909e-02	5.318e-01	-1.910e-01
162067.50	-1.162e-02	-1.344e-01	2.976e-01
162068.50	3.024e-02	6.422e-01	2.544e-01
162069.50	1.402e-02	1.891e-01	-3.984e-01
162070.50	-7.085e-04	6.682e-02	-7.382e-02
162071.50	6.691e-03	1.795e-01	2.794e-02
162072.50	8.870e-03	1.334e-01	-1.920e-01
162073.50	-5.808e-03	-1.008e-01	-8.227e-02
162074.50	1.776e-02	3.763e-01	1.661e-01
162075.50	7.296e-03	1.373e-01	-3.005e-01
162076.50	4.858e-03	3.523e-02	-9.600e-02
162077.50	1.872e-02	3.725e-01	2.659e-01
162078.50	-1.123e-02	-2.794e-01	-3.206e-01
162079.50	-1.008e-02	-5.818e-02	2.083e-01
162080.50	4.579e-03	4.445e-02	-1.786e-01
162081.50	2.333e-04	2.966e-02	-7.603e-02
162082.50	4.589e-03	1.670e-02	-1.210e-01
162083.50	8.112e-03	2.429e-01	1.699e-01
162084.50	2.390e-03	8.832e-02	1.459e-02
162085.50	3.600e-03	1.066e-01	-3.120e-02
162086.50	9.561e-03	2.083e-01	8.582e-02
162087.50	4.502e-03	1.536e-01	1.382e-01
162088.50	1.104e-02	2.400e-01	-1.133e-01
162089.50	3.446e-03	1.085e-01	-8.141e-02
162090.50	-1.248e-03	-4.694e-02	-3.341e-01
162091.50	-5.885e-03	-1.517e-01	2.458e-01
162092.50	-2.448e-03	-3.792e-02	9.696e-02
162093.50	-6.893e-03	-5.933e-02	1.478e-01
162094.50	2.803e-03	6.211e-02	-1.373e-01
162095.50	-5.712e-03	-1.066e-01	2.477e-02
162096.50	6.576e-03	2.333e-01	2.909e-01
162097.50	-6.538e-04	6.413e-04	-4.493e-02
162098.50	-2.899e-04	9.600e-02	2.544e-01
162099.50	6.922e-03	2.362e-01	2.736e-01
162100.50	-6.394e-03	-1.306e-01	-1.152e-01
162101.50	2.746e-03	-3.370e-02	-2.621e-02
162102.50	1.056e-02	9.600e-02	-1.114e-01
162103.50	-5.712e-03	-9.542e-02	1.267e-01
162104.50	7.258e-03	2.438e-01	-4.493e-02
162105.50	1.526e-03	9.792e-02	1.613e-01
162106.50	6.288e-03	1.728e-01	4.013e-02
162107.50	6.893e-03	8.592e-02	-1.200e-01
162108.50	-1.507e-02	-3.178e-01	-9.418e-03
162109.50	3.082e-03	-6.221e-02	9.053e-02
162110.50	-7.536e-03	-1.046e-01	1.229e-01
162111.50	-2.554e-02	-3.629e-01	-4.435e-01
162112.50	1.267e-02	2.352e-01	-1.229e-01
162113.50	-3.322e-03	-7.747e-02	2.515e-01
162114.50	4.646e-03	7.824e-02	1.181e-01
162115.50	-3.158e-03	-7.219e-02	-1.728e-01
162116.50	1.286e-02	2.861e-01	1.469e-01
162117.50	-5.846e-05	-6.038e-02	5.770e-03
162118.50	8.016e-03	1.315e-01	4.445e-02
162119.50	-3.552e-03	-9.792e-02	-2.890e-01
162120.50	-4.608e-04	1.718e-02	2.813e-01
162121.50	-5.098e-03	-1.229e-01	7.114e-02
162122.50	8.294e-05	6.720e-02	5.347e-02
162123.50	1.162e-02	2.678e-01	1.286e-01
162124.50	5.482e-03	1.046e-01	-7.555e-02
162125.50	-1.987e-03	-4.022e-02	5.530e-02
162126.50	1.440e-02	1.056e-01	3.475e-01
162127.50	-8.467e-03	-4.070e-04	-1.757e-01
162128.50	-6.125e-03	-1.046e-01	9.888e-03
162129.50	2.074e-02	2.045e-01	-7.920e-02
162130.50	-1.517e-02	-7.622e-02	-2.122e-01
162131.50	9.590e-03	1.968e-01	-1.306e-01
162132.50	-3.082e-03	-2.659e-02	-5.981e-02
162133.50	3.485e-03	5.914e-02	3.984e-02
162134.50	1.843e-04	-1.546e-02	1.526e-01
162135.50	-1.296e-02	-1.555e-01	-1.210e-01
162136.50	-2.429e-03	-3.235e-02	-2.765e-02
162137.50	5.088e-03	1.171e-01	1.162e-02
162138.50	1.565e-02	2.784e-01	-4.877e-02
162139.50	-3.840e-03	-2.275e-02	1.536e-01
162140.50	-3.907e-03	9.696e-03	1.891e-01
162141.50	6.221e-04	2.736e-02	1.056e-01
162142.50	2.554e-03	-1.402e-02	-2.170e-01
162143.50	1.786e-03	5.558e-05	-1.622e-01
162144.50	6.173e-03	7.181e-02	-1.805e-01
162145.50	-2.486e-03	-2.275e-02	1.075e-01
162146.50	4.435e-03	7.661e-02	7.517e-03
162147.50	-8.640e-03	-1.728e-01	-8.918e-02
162148.50	1.901e-03	5.770e-02	-1.229e-02
162149.50	5.069e-03	1.075e-01	1.997e-02
162150.50	8.707e-03	2.016e-01	-8.842e-02
162151.50	2.822e-05	-6.336e-04	1.056e-01
162152.50	-6.528e-04	4.138e-02	1.603e-01
162153.50	-6.384e-03	-8.045e-02	1.536e-02
162154.50	8.150e-03	8.054e-02	-1.238e-01
162155.50	3.254e-03	6.624e-02	1.248e-01
162156.50	-1.046e-03	-4.550e-02	1.546e-01
162157.50	-4.877e-03	-1.162e-01	8.678e-02
162158.50	-6.998e-04	2.938e-02	-1.632e-02
162159.50	1.114e-02	2.026e-01	-3.955e-02
162160.50	1.075e-02	2.429e-01	1.555e-01
162161.50	2.016e-03	6.787e-02	1.286e-01
162162.50	-2.899e-03	-8.938e-03	-1.382e-01
162163.50	-6.768e-04	-5.578e-02	-1.594e-01
162164.50	1.853e-03	5.520e-02	-1.142e-02
162165.50	-7.306e-03	-1.181e-01	3.878e-02
162166.50	-1.958e-03	-2.870e-02	5.539e-02
162167.50	4.790e-03	5.510e-02	-3.600e-02
162168.50	-1.018e-02	-2.198e-01	-1.286e-02
162169.50	9.043e-04	3.859e-02	4.061e-02
162170.50	5.491e-03	1.210e-01	-9.293e-02
162171.50	-8.323e-03	-1.632e-01	-1.152e-01
162172.50	-4.387e-03	-1.104e-01	-1.440e-02
162173.50	6.787e-03	1.747e-01	1.114e-01
162174.50	-1.104e-03	2.131e-02	4.608e-02
162175.50	4.080e-03	3.994e-02	-1.037e-01
162176.50	3.715e-03	6.077e-02	8.467e-02
162177.50	2.016e-03	7.238e-02	1.133e-01
162178.50	-6.240e-03	-1.421e-01	-6.624e-02
162179.50	3.475e-04	-5.309e-02	3.638e-02
162180.50	1.286e-02	1.930e-01	-1.363e-01
162181.50	1.574e-03	3.168e-02	-1.718e-01
162182.50	-7.728e-03	-1.536e-01	1.507e-02
162183.50	4.368e-04	7.133e-02	-5.261e-03
162184.50	4.867e-03	1.344e-01	-3.110e-02
162185.50	-1.690e-03	-8.890e-02	-8.054e-02
162186.50	-1.430e-02	-2.995e-01	-7.632e-03
162187.50	7.171e-03	8.832e-02	7.296e-02
162188.50	9.792e-03	1.834e-01	5.827e-02
162189.50	4.714e-03	1.229e-01	4.877e-02
162190.50	-1.123e-02	-2.448e-01	-1.843e-01
162191.50	7.574e-03	1.392e-01	1.805e-01
162192.50	1.834e-03	6.067e-02	5.174e-02
162193.50	7.094e-03	8.630e-02	7.066e-03
162194.50	-2.592e-03	-2.208e-02	6.115e-02
162195.50	1.382e-04	-1.037e-02	-1.258e-02
162196.50	-4.090e-03	-8.592e-02	-2.390e-02
162197.50	3.264e-03	1.210e-01	-6.758e-02
162198.50	-7.651e-03	-1.555e-01	-9.561e-02
162199.50	6.211e-03	1.181e-01	-1.440e-03
162200.50	-9.600e-04	-1.296e-02	-1.450e-02
162201.50	-5.875e-03	-5.894e-02	2.803e-02
162202.50	-2.765e-04	-1.421e-02	-2.938e-03
162203.50	-2.832e-03	-5.088e-02	1.200e-01
162204.50	3.581e-03	5.885e-02	-3.322e-02
162205.50	4.992e-03	1.171e-01	-2.189e-03
162206.50	-2.630e-03	-3.494e-02	4.205e-02
162207.50	-3.638e-03	-1.795e-02	2.870e-02
162208.50	-4.867e-03	-2.544e-02	6.000e-02
162209.50	-6.077e-04	1.862e-03	-1.603e-02
162210.50	8.774e-04	-1.248e-02	-3.965e-02
162211.50	-7.968e-03	-2.160e-01	-6.480e-02
162212.50	-6.374e-03	-1.056e-01	1.027e-01
162213.50	8.314e-03	1.152e-01	-2.208e-02
162214.50	1.786e-03	-1.315e-02	-1.325e-01
162215.50	5.568e-03	9.792e-02	-1.286e-01
162216.50	9.984e-03	1.517e-01	3.149e-03
162217.50	-8.266e-03	-7.325e-02	-1.325e-01
162218.50	-1.267e-03	-2.957e-02	4.531e-02
162219.50	-8.256e-03	-1.190e-01	1.459e-01
162220.50	8.179e-03	1.574e-01	1.450e-02
162221.50	1.344e-03	4.762e-02	-1.142e-01
162222.50	6.096e-04	3.936e-02	6.624e-02
162223.50	-1.085e-03	-3.754e-02	-1.776e-01
162224.50	-7.613e-03	-1.238e-01	1.171e-02
162225.50	-2.045e-03	-6.346e-02	6.883e-03
162226.50	-7.824e-03	-1.661e-01	2.237e-02
162227.50	-5.712e-03	-8.918e-02	-5.808e-02
162228.50	5.088e-03	9.600e-02	6.634e-02
162229.50	7.373e-03	1.325e-01	8.602e-02
162230.50	-8.390e-04	-5.386e-02	4.627e-02
162231.50	-5.213e-03	-5.290e-02	-8.122e-02
162232.50	1.795e-03	5.290e-02	-1.421e-01
162233.50	-1.334e-05	-2.659e-02	8.784e-02
162234.50	-8.774e-03	-1.747e-01	-6.739e-04
162235.50	3.994e-03	7.008e-02	4.435e-02
162236.50	9.696e-04	6.144e-02	6.288e-02
162237.50	4.378e-03	9.206e-02	2.256e-02
162238.50	-2.678e-03	-7.632e-02	-2.294e-02
162239.50	-1.622e-03	1.075e-03	-5.539e-02
162240.50	-1.046e-03	-1.248e-02	-1.037e-01
162241.50	1.277e-03	2.630e-02	-2.794e-02
162242.50	-8.304e-04	3.043e-03	-1.258e-01
162243.50	7.267e-03	9.408e-02	1.104e-01
162244.50	-2.122e-04	-5.530e-03	-2.419e-02
162245.50	-1.488e-03	2.755e-02	-2.045e-02
162246.50	1.642e-03	7.277e-02	1.670e-02
162247.50	-3.802e-03	-5.712e-02	1.210e-01
162248.50	3.245e-03	4.253e-02	1.978e-02
162249.50	-8.323e-03	-1.344e-01	4.090e-02
162250.50	1.181e-02	1.565e-01	-1.229e-01
162251.50	7.450e-03	1.546e-01	-1.315e-02
162252.50	3.418e-03	7.872e-02	2.544e-02
162253.50	-3.053e-03	-2.458e-02	2.035e-02
162254.50	1.670e-03	3.446e-02	-1.507e-02
162255.50	-9.264e-03	-1.286e-01	9.379e-02
162256.50	2.794e-05	-4.253e-02	-1.267e-02
162257.50	7.478e-04	3.283e-03	1.200e-01
162258.50	9.600e-04	3.418e-02	-7.546e-02
162259.50	-1.555e-03	-3.082e-02	4.944e-02
162260.50	-8.275e-03	-1.814e-01	-6.317e-02
162261.50	4.109e-03	5.962e-02	-1.382e-02
162262.50	2.410e-03	3.917e-02	1.296e-02
162263.50	-1.574e-03	-6.010e-02	3.389e-02
162264.50	-2.688e-03	-4.397e-02	-2.803e-02
162265.50	3.197e-03	7.123e-02	4.358e-02
162266.50	1.594e-03	1.248e-02	-3.552e-02
162267.50	-1.642e-03	-6.643e-03	2.611e-02
162268.50	6.941e-03	1.056e-01	-9.466e-03
162269.50	1.229e-03	5.635e-02	-5.155e-03
162270.50	5.856e-03	1.114e-01	-5.578e-02
162271.50	-1.046e-03	-4.368e-02	-3.398e-02
162272.50	-1.075e-02	-1.162e-01	-5.453e-02
162273.50	-9.696e-03	-1.430e-01	3.226e-02
162274.50	-3.014e-03	-6.278e-02	-2.477e-02
162275.50	5.088e-03	8.669e-02	2.554e-02
162276.50	7.891e-03	1.018e-01	3.830e-03
162277.50	-6.941e-04	-1.219e-02	-3.715e-02
162278.50	-4.291e-03	-1.104e-01	4.618e-04
162279.50	-1.853e-03	-2.995e-03	-3.802e-02
