161681.50	0.000e+00	0.000e+00	0.000e+00
161682.50	0.000e+00	0.000e+00	0.000e+00
161683.50	0.000e+00	0.000e+00	0.000e+00
161684.50	0.000e+00	0.000e+00	0.000e+00
161685.50	0.000e+00	0.000e+00	0.000e+00
161686.50	0.000e+00	0.000e+00	0.000e+00
161687.50	0.000e+00	0.000e+00	0.000e+00
161688.50	0.000e+00	0.000e+00	0.000e+00
161689.50	0.000e+00	0.000e+00	0.000e+00
161690.50	0.000e+00	0.000e+00	0.000e+00
161691.50	0.000e+00	0.000e+00	0.000e+00
161692.50	0.000e+00	0.000e+00	0.000e+00
161693.50	0.000e+00	0.000e+00	0.000e+00
161694.50	0.000e+00	0.000e+00	0.000e+00
161695.50	0.000e+00	0.000e+00	0.000e+00
161696.50	0.000e+00	0.000e+00	0.000e+00
161697.50	0.000e+00	0.000e+00	0.000e+00
161698.50	0.000e+00	0.000e+00	0.000e+00
161699.50	0.000e+00	0.000e+00	0.000e+00
161700.50	0.000e+00	0.000e+00	0.000e+00
161701.50	0.000e+00	0.000e+00	0.000e+00
161702.50	0.000e+00	0.000e+00	0.000e+00
161703.50	0.000e+00	0.000e+00	0.000e+00
161704.50	0.000e+00	0.000e+00	0.000e+00
161705.50	0.000e+00	0.000e+00	0.000e+00
161706.50	0.000e+00	0.000e+00	0.000e+00
161707.50	0.000e+00	0.000e+00	0.000e+00
161708.50	0.000e+00	0.000e+00	0.000e+00
161709.50	0.000e+00	0.000e+00	0.000e+00
161710.50	0.000e+00	0.000e+00	0.000e+00
161711.50	0.000e+00	0.000e+00	0.000e+00
161712.50	0.000e+00	0.000e+00	0.000e+00
161713.50	0.000e+00	0.000e+00	0.000e+00
161714.50	0.000e+00	0.000e+00	0.000e+00
161715.50	0.000e+00	0.000e+00	0.000e+00
161716.50	0.000e+00	0.000e+00	0.000e+00
161717.50	0.000e+00	0.000e+00	0.000e+00
161718.50	0.000e+00	0.000e+00	0.000e+00
161719.50	0.000e+00	0.000e+00	0.000e+00
161720.50	0.000e+00	0.000e+00	0.000e+00
161721.50	0.000e+00	0.000e+00	0.000e+00
161722.50	0.000e+00	0.000e+00	0.000e+00
161723.50	0.000e+00	0.000e+00	0.000e+00
161724.50	0.000e+00	0.000e+00	0.000e+00
161725.50	0.000e+00	0.000e+00	0.000e+00
161726.50	0.000e+00	0.000e+00	0.000e+00
161727.50	0.000e+00	0.000e+00	0.000e+00
161728.50	0.000e+00	0.000e+00	0.000e+00
161729.50	0.000e+00	0.000e+00	0.000e+00
161730.50	0.000e+00	0.000e+00	0.000e+00
161731.50	0.000e+00	0.000e+00	0.000e+00
161732.50	0.000e+00	0.000e+00	0.000e+00
161733.50	0.000e+00	0.000e+00	0.000e+00
161734.50	0.000e+00	0.000e+00	0.000e+00
161735.50	0.000e+00	0.000e+00	0.000e+00
161736.50	0.000e+00	0.000e+00	0.000e+00
161737.50	0.000e+00	0.000e+00	0.000e+00
161738.50	0.000e+00	0.000e+00	0.000e+00
161739.50	0.000e+00	0.000e+00	0.000e+00
161740.50	0.000e+00	0.000e+00	0.000e+00
161741.50	0.000e+00	0.000e+00	0.000e+00
161742.50	0.000e+00	0.000e+00	0.000e+00
161743.50	0.000e+00	0.000e+00	0.000e+00
161744.50	0.000e+00	0.000e+00	0.000e+00
161745.50	0.000e+00	0.000e+00	0.000e+00
161746.50	0.000e+00	0.000e+00	0.000e+00
161747.50	0.000e+00	0.000e+00	0.000e+00
161748.50	0.000e+00	0.000e+00	0.000e+00
161749.50	0.000e+00	0.000e+00	0.000e+00
161750.50	0.000e+00	0.000e+00	0.000e+00
161751.50	0.000e+00	0.000e+00	0.000e+00
161752.50	0.000e+00	0.000e+00	0.000e+00
161753.50	0.000e+00	0.000e+00	0.000e+00
161754.50	0.000e+00	0.000e+00	0.000e+00
161755.50	0.000e+00	0.000e+00	0.000e+00
161756.50	0.000e+00	0.000e+00	0.000e+00
161757.50	0.000e+00	0.000e+00	0.000e+00
161758.50	0.000e+00	0.000e+00	0.000e+00
161759.50	0.000e+00	0.000e+00	0.000e+00
161760.50	0.000e+00	0.000e+00	0.000e+00
161761.50	0.000e+00	0.000e+00	0.000e+00
161762.50	0.000e+00	0.000e+00	0.000e+00
161763.50	0.000e+00	0.000e+00	0.000e+00
161764.50	0.000e+00	0.000e+00	0.000e+00
161765.50	0.000e+00	0.000e+00	0.000e+00
161766.50	0.000e+00	0.000e+00	0.000e+00
161767.50	0.000e+00	0.000e+00	0.000e+00
161768.50	0.000e+00	0.000e+00	0.000e+00
161769.50	0.000e+00	0.000e+00	0.000e+00
161770.50	0.000e+00	0.000e+00	0.000e+00
161771.50	0.000e+00	0.000e+00	0.000e+00
161772.50	0.000e+00	0.000e+00	0.000e+00
161773.50	0.000e+00	0.000e+00	0.000e+00
161774.50	0.000e+00	0.000e+00	0.000e+00
161775.50	0.000e+00	0.000e+00	0.000e+00
161776.50	0.000e+00	0.000e+00	0.000e+00
161777.50	0.000e+00	0.000e+00	0.000e+00
161778.50	0.000e+00	0.000e+00	0.000e+00
161779.50	0.000e+00	0.000e+00	0.000e+00
161780.50	0.000e+00	0.000e+00	0.000e+00
161781.50	0.000e+00	0.000e+00	0.000e+00
161782.50	0.000e+00	0.000e+00	0.000e+00
161783.50	0.000e+00	0.000e+00	0.000e+00
161784.50	0.000e+00	0.000e+00	0.000e+00
161785.50	0.000e+00	0.000e+00	0.000e+00
161786.50	0.000e+00	0.000e+00	0.000e+00
161787.50	0.000e+00	0.000e+00	0.000e+00
161788.50	0.000e+00	0.000e+00	0.000e+00
161789.50	0.000e+00	0.000e+00	0.000e+00
161790.50	0.000e+00	0.000e+00	0.000e+00
161791.50	0.000e+00	0.000e+00	0.000e+00
161792.50	0.000e+00	0.000e+00	0.000e+00
161793.50	0.000e+00	0.000e+00	0.000e+00
161794.50	0.000e+00	0.000e+00	0.000e+00
161795.50	0.000e+00	0.000e+00	0.000e+00
161796.50	-1.219e-06	-1.738e-04	3.389e-04
161797.50	-6.326e-06	-8.573e-04	4.070e-04
161798.50	-2.352e-05	-3.878e-04	2.486e-03
161799.50	-1.843e-05	1.018e-02	2.822e-04
161800.50	6.336e-05	-5.146e-03	-5.021e-03
161801.50	-3.811e-05	-7.920e-04	1.670e-03
161802.50	3.043e-04	1.757e-02	-1.219e-02
161803.50	-7.536e-05	-1.718e-02	-2.496e-03
161804.50	1.536e-03	-2.122e-02	-1.238e-01
161805.50	1.210e-03	-1.421e-01	-1.498e-02
161806.50	2.957e-03	-2.429e-01	-1.747e-01
161807.50	-1.152e-02	1.891e-01	4.685e-01
161808.50	2.218e-03	-1.747e-01	6.691e-03
161809.50	4.090e-03	2.650e-01	-1.670e-01
161810.50	2.909e-03	-5.635e-01	-1.238e-01
161811.50	-8.160e-03	-1.680e+00	4.541e-01
161812.50	-1.776e-03	-5.520e+00	1.229e-01
161813.50	5.078e-02	-3.187e+01	-2.592e+00
161814.50	1.238e-01	-9.466e+01	-6.307e+00
161815.50	2.237e-01	-2.400e+02	-1.123e+01
161816.50	2.419e-01	-4.032e+02	-1.066e+01
161817.50	2.458e-01	-3.744e+02	-9.379e+00
161818.50	4.666e-01	-4.109e+02	-2.141e+01
161819.50	1.757e-01	-1.104e+02	-5.866e+00
161820.50	5.779e-02	1.075e+02	-4.349e-01
161821.50	-2.131e-01	1.440e+02	1.450e+01
161822.50	-1.373e-01	1.306e+02	8.851e+00
161823.50	1.958e-02	1.104e+02	-5.242e-01
161824.50	-6.941e-02	9.792e+01	4.627e+00
161825.50	-9.984e-03	8.794e+01	4.397e-01
161826.50	-6.701e-02	7.536e+01	4.416e+00
161827.50	-1.267e-01	7.133e+01	6.662e+00
161828.50	6.614e-02	5.654e+01	-3.658e+00
161829.50	1.066e-02	5.578e+01	-1.421e+00
161830.50	-1.171e-02	5.414e+01	-2.458e-01
161831.50	-3.245e-02	4.397e+01	1.402e+00
161832.50	-3.341e-02	4.387e+01	8.602e-01
161833.50	1.171e-02	3.715e+01	-2.717e-01
161834.50	-8.438e-02	3.427e+01	3.907e+00
161835.50	-3.696e-02	3.331e+01	1.574e+00
161836.50	-8.198e-02	3.053e+01	4.253e+00
161837.50	-6.672e-02	2.803e+01	3.235e+00
161838.50	-3.466e-02	2.381e+01	1.507e+00
161839.50	-2.928e-02	2.342e+01	7.526e-01
161840.50	4.973e-03	2.006e+01	-4.435e-01
161841.50	4.109e-03	1.834e+01	-7.882e-01
161842.50	6.566e-04	1.824e+01	-4.186e-01
161843.50	-4.205e-02	1.824e+01	1.757e+00
161844.50	-2.698e-03	1.526e+01	7.277e-02
161845.50	-2.141e-02	1.670e+01	7.747e-01
161846.50	-1.920e-02	1.738e+01	3.734e-01
161847.50	-1.834e-02	1.555e+01	1.450e-01
161848.50	-1.622e-02	1.133e+01	7.066e-01
161849.50	-8.803e-03	1.210e+01	3.600e-01
161850.50	7.642e-03	9.984e+00	-8.275e-01
161851.50	-2.064e-02	1.056e+01	8.736e-01
161852.50	-2.429e-02	1.104e+01	1.018e+00
161853.50	-2.698e-02	8.602e+00	9.600e-01
161854.50	-3.101e-02	8.074e+00	1.277e+00
161855.50	-1.949e-02	8.122e+00	6.998e-01
161856.50	-1.488e-02	9.197e+00	7.958e-01
161857.50	-6.806e-03	7.440e+00	-2.381e-02
161858.50	-3.658e-02	6.336e+00	1.258e+00
161859.50	-1.690e-02	6.778e+00	9.696e-01
161860.50	-2.995e-02	7.286e+00	1.315e+00
161861.50	1.776e-02	6.010e+00	-6.614e-01
161862.50	-5.952e-03	4.618e+00	4.176e-01
161863.50	-5.107e-03	4.531e+00	-2.611e-01
161864.50	-5.875e-03	4.320e+00	5.674e-02
161865.50	-2.438e-05	4.954e+00	-7.670e-02
161866.50	-2.054e-02	4.042e+00	4.973e-01
161867.50	-1.546e-02	3.955e+00	7.354e-01
161868.50	-1.786e-02	4.762e+00	1.334e+00
161869.50	9.178e-03	5.338e+00	-1.037e+00
161870.50	1.066e-02	3.648e+00	-9.984e-01
161871.50	-1.517e-02	2.621e+00	7.843e-01
161872.50	-1.363e-02	3.283e+00	2.966e-01
161873.50	-7.997e-03	3.667e+00	4.944e-01
161874.50	1.459e-03	3.398e+00	-5.059e-01
161875.50	-2.506e-03	2.179e+00	5.270e-02
161876.50	-3.850e-02	3.341e+00	1.536e+00
161877.50	-1.930e-02	1.594e+00	1.056e+00
161878.50	1.373e-03	2.342e+00	-6.010e-02
161879.50	-5.779e-03	2.438e+00	-7.306e-02
161880.50	-9.082e-03	3.082e+00	3.946e-01
161881.50	5.520e-03	1.766e+00	-7.008e-01
161882.50	-7.066e-03	1.670e+00	4.685e-02
161883.50	-1.574e-04	1.978e+00	3.850e-01
161884.50	8.746e-03	1.661e+00	-5.347e-01
161885.50	2.170e-04	1.651e+00	-4.474e-01
161886.50	-5.021e-03	2.410e+00	-9.082e-02
161887.50	6.634e-03	1.382e+00	-1.459e-01
161888.50	2.016e-03	1.411e+00	2.880e-02
161889.50	-6.461e-03	1.258e+00	1.325e-01
161890.50	-3.667e-03	1.114e+00	1.709e-01
161891.50	-8.198e-04	1.296e+00	-1.008e-01
161892.50	-1.094e-02	1.843e+00	4.157e-01
161893.50	-9.696e-03	1.738e+00	4.483e-01
161894.50	2.755e-03	9.034e-01	-1.094e-01
161895.50	3.994e-03	5.770e-01	5.165e-03
161896.50	-9.408e-03	1.152e+00	3.878e-01
161897.50	4.618e-03	7.901e-01	-2.602e-01
161898.50	-8.285e-03	1.728e+00	-2.410e-02
161899.50	-1.891e-02	7.613e-01	6.374e-01
161900.50	6.970e-03	9.984e-01	-1.853e-01
161901.50	3.821e-03	4.416e-01	3.706e-01
161902.50	1.882e-04	7.229e-01	2.179e-03
161903.50	-6.365e-05	1.123e+00	-5.242e-01
161904.50	-1.046e-02	4.032e-01	7.546e-02
161905.50	-1.891e-02	5.962e-01	5.683e-01
161906.50	-2.160e-03	8.054e-01	4.330e-02
161907.50	1.286e-02	7.027e-01	-3.523e-01
161908.50	-3.994e-03	6.499e-01	4.378e-02
161909.50	9.984e-03	8.400e-01	-5.136e-01
161910.50	4.973e-03	7.334e-01	-4.013e-02
161911.50	4.579e-04	4.656e-01	1.670e-01
161912.50	3.677e-03	3.926e-01	-1.651e-01
161913.50	-2.112e-02	3.331e-01	5.069e-01
161914.50	1.162e-02	3.034e-01	-4.627e-01
161915.50	-1.142e-03	6.029e-01	3.514e-01
161916.50	2.026e-03	5.088e-01	3.245e-02
161917.50	-1.440e-02	5.443e-01	5.366e-01
161918.50	-3.235e-03	1.334e+00	5.386e-02
161919.50	5.597e-03	5.213e-02	-2.314e-01
161920.50	7.670e-03	1.450e-01	-4.762e-01
161921.50	3.158e-03	6.010e-01	-2.755e-01
161922.50	8.765e-04	2.333e-01	-1.728e-02
161923.50	-5.933e-03	3.504e-01	1.488e-01
161924.50	-2.602e-03	2.160e-02	1.738e-01
161925.50	-1.162e-02	7.651e-01	4.685e-01
161926.50	-1.344e-02	5.645e-01	3.034e-01
161927.50	8.208e-03	2.352e-02	-4.685e-01
161928.50	6.067e-03	4.435e-01	-8.851e-02
161929.50	-2.256e-03	1.939e-01	-4.253e-02
161930.50	2.371e-03	3.974e-01	-2.112e-01
161931.50	-4.704e-04	1.958e-01	1.853e-01
161932.50	2.198e-04	3.725e-01	-8.717e-02
161933.50	-1.603e-03	-1.920e-01	1.210e-01
161934.50	8.726e-04	7.968e-01	1.440e-01
161935.50	-1.949e-03	2.784e-01	2.314e-02
161936.50	-7.661e-04	-2.112e-01	-1.382e-01
161937.50	-1.152e-02	2.630e-01	4.310e-01
161938.50	5.280e-03	2.525e-01	-2.947e-01
161939.50	-2.678e-03	2.813e-01	-9.331e-02
161940.50	3.581e-03	7.085e-02	5.664e-01
161941.50	5.107e-04	3.139e-01	-4.493e-01
161942.50	-7.469e-04	1.526e-01	-3.091e-01
161943.50	-1.450e-02	5.491e-01	1.152e-01
161944.50	-1.018e-02	6.307e-02	1.334e-01
161945.50	1.920e-02	-9.984e-02	3.629e-01
161946.50	-1.997e-03	1.680e-01	1.978e-01
161947.50	-3.091e-03	4.234e-01	-3.850e-02
161948.50	2.448e-03	2.746e-01	-1.718e-01
161949.50	-4.627e-03	-8.554e-02	1.258e-01
161950.50	-4.646e-05	4.906e-01	-4.819e-02
161951.50	-5.875e-03	3.072e-01	1.162e-01
161952.50	-3.773e-03	1.728e-01	-2.890e-03
161953.50	2.026e-03	2.266e-01	-1.709e-01
161954.50	-5.078e-04	-1.834e-03	-7.622e-03
161955.50	4.003e-04	8.822e-02	-3.754e-02
161956.50	-1.085e-03	3.072e-02	-2.419e-02
161957.50	-4.320e-04	-7.507e-02	7.872e-02
161958.50	6.221e-03	-8.006e-02	-4.109e-01
161959.50	-2.746e-03	2.141e-01	7.334e-02
161960.50	-3.158e-03	-5.491e-03	8.650e-02
161961.50	1.958e-03	1.334e-01	1.286e-01
161962.50	-4.886e-03	3.178e-01	-7.162e-03
161963.50	-3.658e-03	9.312e-02	1.334e-01
161964.50	-2.717e-03	-6.864e-03	2.698e-02
161965.50	-3.917e-03	1.315e-01	1.056e-01
161966.50	-3.600e-03	-3.110e-02	1.296e-01
161967.50	-9.696e-04	-2.803e-01	2.131e-01
161968.50	6.643e-03	2.707e-01	-2.746e-01
161969.50	-3.610e-03	1.555e-01	1.440e-01
161970.50	-2.755e-03	3.149e-01	1.699e-01
161971.50	4.771e-03	2.352e-01	-2.381e-01
161972.50	2.285e-03	-6.058e-03	-5.539e-02
161973.50	1.862e-03	-1.277e-01	-1.670e-01
161974.50	1.027e-03	1.805e-01	-1.258e-01
161975.50	-4.790e-03	3.821e-01	-2.237e-02
161976.50	-5.222e-03	-4.666e-02	-1.997e-02
161977.50	-1.200e-03	2.851e-01	1.392e-01
161978.50	-3.418e-03	1.795e-01	1.277e-01
161979.50	-6.643e-04	1.901e-01	1.267e-01
161980.50	4.157e-04	4.032e-02	2.995e-02
161981.50	2.698e-03	1.296e-01	-9.792e-02
161982.50	-1.872e-03	-2.410e-02	1.450e-01
161983.50	5.376e-03	7.046e-02	-3.754e-02
161984.50	2.659e-04	-2.736e-01	-2.592e-02
161985.50	4.934e-03	1.430e-01	-1.114e-01
161986.50	-4.771e-03	8.525e-02	1.814e-01
161987.50	9.696e-04	7.459e-02	-1.584e-01
161988.50	-1.747e-03	-6.797e-02	1.142e-01
161989.50	4.646e-03	-1.891e-01	-5.136e-02
161990.50	-3.062e-03	-1.315e-01	1.296e-01
161991.50	1.411e-03	1.872e-01	9.984e-02
161992.50	-2.294e-03	4.358e-02	5.875e-02
161993.50	-4.915e-03	3.206e-01	-5.107e-02
161994.50	6.384e-04	-6.038e-02	-4.358e-02
161995.50	1.555e-03	-3.917e-02	-1.344e-01
161996.50	1.363e-03	5.798e-02	3.734e-02
161997.50	-5.117e-03	9.120e-03	5.597e-02
161998.50	4.138e-05	1.219e-01	1.104e-01
161999.50	-4.234e-03	9.984e-03	1.430e-01
162000.50	-3.206e-03	3.206e-02	5.021e-02
162001.50	4.109e-04	1.795e-01	2.659e-02
162002.50	2.880e-04	5.597e-02	-6.019e-02
162003.50	6.797e-03	1.354e-01	-1.411e-01
162004.50	8.285e-04	-1.008e-01	8.150e-02
162005.50	2.477e-03	1.181e-01	-2.861e-02
162006.50	4.656e-03	1.248e-01	-9.888e-02
162007.50	6.202e-04	3.408e-02	-1.546e-01
162008.50	-1.104e-02	7.651e-02	4.166e-01
162009.50	6.326e-03	1.142e-01	1.632e-02
162010.50	-8.170e-04	2.122e-02	4.243e-02
162011.50	3.475e-03	-1.094e-01	-3.264e-02
162012.50	-7.354e-04	-1.958e-02	2.669e-02
162013.50	-3.974e-03	1.814e-01	1.392e-01
162014.50	-1.747e-03	-5.942e-02	1.037e-01
162015.50	8.333e-04	-3.379e-02	3.072e-02
162016.50	-4.186e-04	-4.214e-02	8.237e-02
162017.50	4.704e-03	-1.152e-01	-9.888e-02
162018.50	3.389e-03	1.699e-01	-2.880e-01
162019.50	4.339e-03	2.419e-01	1.325e-01
162020.50	7.229e-03	2.390e-01	-1.555e-01
162021.50	-2.170e-02	9.475e-02	1.776e-01
162022.50	3.466e-03	-1.747e-02	-1.373e-01
162023.50	7.430e-03	5.904e-02	-1.853e-01
162024.50	-2.650e-03	-1.171e-01	3.619e-02
162025.50	-1.536e-03	-2.342e-02	1.018e-01
162026.50	-2.237e-03	-1.430e-01	1.411e-03
162027.50	1.968e-03	7.306e-02	-1.181e-01
162028.50	5.011e-03	1.421e-01	4.224e-02
162029.50	-9.696e-03	9.696e-03	1.987e-01
162030.50	-8.218e-03	-1.085e-01	4.579e-02
162031.50	-8.774e-03	-1.776e-01	1.066e-02
162032.50	1.910e-02	1.354e-01	-2.592e-01
162033.50	-1.392e-02	-1.805e-01	2.976e-02
162034.50	-6.490e-03	7.757e-02	1.738e-01
162035.50	-2.688e-03	2.861e-02	8.131e-02
162036.50	-5.222e-03	2.122e-01	1.488e-01
162037.50	-6.874e-04	1.478e-01	1.094e-01
162038.50	7.440e-03	9.130e-02	-1.690e-01
162039.50	-7.699e-04	2.822e-02	1.786e-01
162040.50	-6.989e-04	-1.123e-01	5.098e-02
162041.50	5.213e-03	-5.846e-03	-5.846e-02
162042.50	1.008e-03	-9.696e-02	-2.976e-02
162043.50	-1.171e-03	-6.998e-02	2.381e-02
162044.50	2.621e-03	1.210e-01	-1.718e-01
162045.50	1.834e-03	-1.171e-01	-1.939e-02
162046.50	-6.509e-03	2.285e-02	-1.526e-02
162047.50	-1.853e-03	-6.624e-02	1.248e-01
162048.50	-1.690e-03	-3.101e-02	1.152e-01
162049.50	-4.579e-04	1.085e-01	-1.066e-02
162050.50	3.302e-03	1.469e-01	-4.387e-02
162051.50	-8.390e-03	1.680e-02	1.152e-01
162052.50	-2.592e-03	1.296e-01	-8.822e-02
162053.50	4.867e-03	-1.094e-01	-1.680e-01
162054.50	1.517e-03	2.237e-02	-6.480e-02
162055.50	-1.363e-04	-1.238e-01	6.096e-02
162056.50	-3.216e-03	-5.885e-02	8.170e-02
162057.50	-9.053e-04	-1.478e-01	1.171e-03
162058.50	-1.334e-03	-9.888e-03	7.680e-02
162059.50	3.062e-03	9.696e-02	-2.208e-02
162060.50	5.318e-03	-6.528e-05	-3.811e-02
162061.50	4.790e-04	-5.453e-03	-1.037e-01
162062.50	9.984e-04	-1.670e-02	1.766e-02
162063.50	2.429e-03	2.678e-02	-2.035e-02
162064.50	-1.133e-03	9.984e-02	-6.950e-02
162065.50	1.133e-02	9.091e-02	-1.334e-01
162066.50	-2.736e-03	-6.739e-02	1.392e-03
162067.50	-1.190e-02	-4.099e-02	7.181e-02
162068.50	-3.072e-03	2.534e-02	4.435e-02
162069.50	-3.994e-03	-5.136e-02	2.534e-02
162070.50	-3.341e-03	3.437e-02	7.296e-02
162071.50	2.419e-03	5.203e-02	2.323e-02
162072.50	3.005e-04	6.010e-02	-5.683e-02
162073.50	4.886e-04	7.325e-02	-6.394e-02
162074.50	8.909e-02	-2.314e-01	-1.315e-01
162075.50	7.373e-02	-2.227e-01	5.165e-02
162076.50	-6.010e-04	1.027e-02	1.805e-01
162077.50	-3.466e-03	1.162e-01	-1.507e-02
162078.50	2.717e-03	-1.258e-01	-8.726e-02
162079.50	1.229e-02	-3.869e-03	-6.230e-02
162080.50	-9.600e-04	-1.306e-02	-1.085e-01
162081.50	-2.486e-03	-5.578e-03	-5.741e-02
162082.50	-2.035e-02	1.402e-01	5.357e-02
162083.50	-2.198e-03	3.898e-02	-1.766e-01
162084.50	-3.322e-03	-7.277e-03	8.918e-02
162085.50	-8.083e-04	-1.094e-02	1.123e-01
162086.50	4.339e-03	-2.928e-02	1.306e-02
162087.50	7.603e-03	3.917e-02	-1.824e-01
162088.50	1.056e-03	1.152e-01	7.891e-02
162089.50	-8.890e-03	6.077e-02	3.264e-02
162090.50	7.565e-05	-2.285e-03	-2.534e-02
162091.50	-2.237e-03	-9.696e-02	1.171e-01
162092.50	1.075e-02	-1.027e-01	-5.885e-02
162093.50	-2.054e-03	-3.869e-02	-2.054e-02
162094.50	6.624e-04	-4.253e-02	-9.600e-03
162095.50	-1.920e-03	2.736e-02	-5.050e-02
162096.50	-2.102e-02	5.875e-02	7.728e-02
162097.50	-1.488e-02	5.117e-02	2.102e-01
162098.50	9.696e-02	-1.440e-01	6.883e-03
162099.50	3.302e-02	-6.614e-02	-1.296e-01
162100.50	2.909e-03	1.632e-01	3.254e-02
162101.50	5.702e-03	-2.458e-01	-1.296e-01
162102.50	-8.006e-02	2.323e-01	2.102e-01
162103.50	-5.069e-02	2.400e-01	-6.960e-03
162104.50	9.792e-04	-8.602e-02	1.104e-01
162105.50	1.709e-03	8.659e-02	-9.792e-02
162106.50	1.171e-03	6.144e-02	2.237e-02
162107.50	4.330e-03	-2.995e-02	7.622e-02
162108.50	-1.997e-03	-4.522e-02	-1.382e-03
162109.50	-7.411e-04	1.478e-01	-3.581e-02
162110.50	-1.238e-02	1.565e-02	-7.296e-02
162111.50	-6.096e-03	-1.171e-01	-5.587e-03
162112.50	1.517e-03	2.602e-03	-1.450e-02
162113.50	1.152e-03	-7.958e-02	1.661e-02
162114.50	2.285e-04	2.477e-02	3.610e-02
162115.50	2.486e-03	6.038e-03	9.072e-03
162116.50	-3.571e-04	2.131e-02	3.773e-02
162117.50	-5.155e-03	2.083e-02	2.419e-01
162118.50	-1.008e-04	-1.238e-01	-1.267e-01
162119.50	-1.114e-03	1.008e-01	-4.723e-02
162120.50	-3.005e-03	9.888e-02	7.862e-02
162121.50	2.630e-04	5.933e-02	-1.958e-02
162122.50	3.130e-02	-6.653e-02	5.981e-02
162123.50	4.723e-02	-1.066e-01	2.256e-02
162124.50	-1.142e-03	6.240e-02	-7.498e-02
162125.50	-1.478e-01	2.035e-01	-1.910e-01
162126.50	-3.514e-02	5.165e-02	-2.035e-01
162127.50	7.181e-03	1.152e-01	-6.029e-02
162128.50	5.472e-04	7.968e-02	1.114e-01
162129.50	-7.286e-04	6.624e-02	1.046e-01
162130.50	-1.334e-04	-6.461e-02	5.069e-02
162131.50	-3.840e-04	-2.218e-02	1.555e-03
162132.50	-1.238e-03	-8.870e-02	-8.870e-03
162133.50	8.112e-06	-4.099e-02	4.714e-02
162134.50	-2.851e-04	-6.326e-02	-1.200e-01
162135.50	-6.067e-05	-6.048e-02	-3.619e-03
162136.50	4.531e-04	1.085e-02	4.291e-03
162137.50	-2.822e-03	-3.024e-02	3.082e-02
162138.50	-7.296e-04	9.091e-02	-3.235e-03
162139.50	-9.984e-04	1.363e-01	-2.275e-02
162140.50	-9.197e-05	-3.331e-03	4.214e-02
162141.50	3.946e-03	1.392e-02	-1.459e-01
162142.50	1.651e-03	5.846e-02	-1.123e-01
162143.50	-3.658e-03	-1.142e-01	4.032e-02
162144.50	-6.192e-06	-7.238e-02	-1.488e-02
162145.50	5.078e-03	-5.837e-02	9.494e-02
162146.50	2.630e-03	-4.704e-03	5.261e-02
162147.50	-4.272e-04	8.467e-02	-1.056e-01
162148.50	-2.736e-03	8.064e-02	-2.371e-03
162149.50	-4.368e-04	-4.838e-02	9.696e-03
162150.50	1.267e-03	1.114e-02	-4.656e-02
162151.50	-2.131e-04	1.440e-02	8.438e-02
162152.50	2.083e-03	-1.123e-01	-3.398e-03
162153.50	8.995e-03	-6.096e-02	-5.808e-03
162154.50	4.445e-03	-1.786e-02	7.613e-02
162155.50	-2.266e-03	-2.851e-02	4.445e-02
162156.50	1.037e-03	1.786e-02	-4.042e-02
162157.50	1.642e-03	3.226e-02	-1.411e-01
162158.50	-1.930e-03	3.379e-04	-5.674e-02
162159.50	-3.302e-03	-4.032e-02	-8.016e-02
162160.50	-2.064e-03	-3.619e-02	3.034e-03
162161.50	2.304e-03	-4.570e-02	-3.696e-02
162162.50	-3.514e-02	-1.037e-01	6.662e-02
162163.50	-7.555e-03	5.242e-02	-3.725e-02
162164.50	-4.858e-03	2.890e-02	3.370e-02
162165.50	1.104e-02	5.846e-02	3.869e-02
162166.50	-1.152e-02	-1.776e-02	1.814e-01
162167.50	4.714e-03	1.008e-01	4.790e-02
162168.50	-3.994e-04	-3.475e-02	1.766e-02
162169.50	-1.325e-02	-4.483e-02	6.710e-02
162170.50	1.613e-02	-3.888e-02	-1.795e-01
162171.50	3.494e-02	2.256e-01	-6.346e-02
162172.50	4.109e-03	7.661e-02	-4.762e-02
162173.50	-1.738e-03	2.045e-02	7.190e-02
162174.50	1.958e-04	6.163e-03	-7.114e-02
162175.50	-2.822e-03	2.688e-02	-4.147e-03
162176.50	-2.813e-03	-2.515e-02	8.650e-02
162177.50	-5.923e-03	-2.726e-02	7.718e-02
162178.50	3.331e-04	-1.613e-02	4.733e-02
162179.50	4.253e-03	-5.808e-02	-9.888e-02
162180.50	-6.221e-03	3.984e-02	3.782e-03
162181.50	-3.466e-03	-2.227e-02	3.715e-02
162182.50	-1.354e-02	-4.666e-02	4.502e-02
162183.50	1.882e-02	4.723e-02	-1.354e-01
162184.50	-1.296e-02	-1.085e-02	8.717e-02
162185.50	7.402e-04	5.578e-02	-4.762e-02
162186.50	1.315e-03	3.830e-02	-1.555e-02
162187.50	1.670e-03	4.493e-02	-3.830e-02
162188.50	-4.349e-04	-4.752e-02	3.523e-02
162189.50	1.171e-04	-1.776e-02	6.326e-03
162190.50	2.928e-03	4.483e-02	9.984e-03
162191.50	2.477e-03	-2.438e-02	-4.320e-03
162192.50	6.086e-03	-5.376e-02	8.218e-04
162193.50	4.666e-03	3.763e-02	-9.101e-03
162194.50	4.272e-03	-5.299e-03	-1.651e-02
162195.50	9.888e-03	5.837e-02	5.184e-03
162196.50	4.906e-03	-2.448e-03	-6.288e-03
162197.50	6.413e-05	-2.083e-02	-5.290e-02
162198.50	-3.869e-04	-5.626e-02	1.421e-03
162199.50	-4.598e-03	-3.792e-02	3.418e-02
162200.50	-1.421e-03	-5.098e-02	5.722e-02
162201.50	-2.755e-03	-2.083e-02	2.746e-02
162202.50	-2.179e-04	1.690e-02	-4.099e-02
162203.50	1.603e-03	5.002e-02	3.840e-02
162204.50	-3.792e-03	6.106e-02	-5.674e-02
162205.50	-4.339e-03	6.682e-02	-5.530e-02
162206.50	3.014e-03	4.550e-02	2.179e-02
162207.50	-5.146e-03	5.962e-03	2.525e-02
162208.50	-2.986e-03	-7.478e-03	-2.544e-02
162209.50	-1.901e-03	-4.138e-02	7.190e-02
162210.50	7.718e-03	3.869e-02	-5.098e-02
162211.50	5.933e-04	4.272e-02	4.762e-02
162212.50	4.560e-03	1.862e-02	-2.755e-02
162213.50	-4.934e-04	-2.928e-02	6.989e-02
162214.50	1.651e-03	-6.077e-02	-2.323e-02
162215.50	2.131e-03	-4.570e-02	-5.866e-02
162216.50	1.613e-02	2.170e-01	7.910e-02
162217.50	1.949e-02	1.315e-01	7.450e-02
162218.50	3.715e-03	-3.322e-03	-7.478e-02
162219.50	8.861e-04	1.162e-02	-1.584e-02
162220.50	6.355e-04	5.530e-02	3.427e-02
162221.50	-9.120e-04	-2.899e-02	3.792e-02
162222.50	-4.406e-02	-1.632e-01	9.245e-02
162223.50	-4.272e-02	-1.718e-01	3.936e-02
162224.50	-1.622e-03	4.138e-02	-4.022e-03
162225.50	1.747e-03	-4.733e-02	-7.018e-02
162226.50	-9.149e-04	-3.034e-02	4.262e-02
162227.50	5.424e-03	-1.200e-02	-4.234e-02
162228.50	2.938e-03	-8.794e-02	-4.166e-02
162229.50	-4.320e-03	-7.795e-02	-3.379e-03
162230.50	-4.032e-03	-1.814e-02	-2.458e-02
162231.50	2.717e-03	2.611e-02	-1.632e-02
162232.50	-6.883e-04	2.630e-02	-1.258e-02
162233.50	-1.843e-03	2.285e-02	3.898e-02
162234.50	3.101e-03	2.909e-02	2.870e-02
162235.50	-8.563e-04	-1.968e-02	3.091e-02
162236.50	-1.018e-02	-2.746e-02	8.986e-02
162237.50	3.619e-04	3.034e-02	4.272e-03
162238.50	5.962e-03	5.309e-02	-1.430e-01
162239.50	-2.266e-04	5.261e-02	-2.227e-02
162240.50	2.506e-03	-6.797e-02	-5.414e-02
162241.50	-4.800e-03	1.085e-02	7.171e-02
162242.50	-2.179e-03	1.258e-02	4.829e-02
162243.50	-5.328e-03	2.938e-02	9.792e-02
162244.50	-1.853e-03	6.442e-02	3.850e-03
162245.50	4.368e-03	-5.357e-03	4.925e-02
162246.50	1.306e-03	7.075e-03	3.082e-02
162247.50	4.138e-03	-3.571e-02	-4.070e-02
162248.50	-9.792e-04	-1.670e-02	-6.403e-02
162249.50	5.626e-04	6.038e-02	-2.611e-04
162250.50	3.130e-03	1.267e-02	2.602e-02
162251.50	2.314e-03	5.952e-03	-8.650e-02
162252.50	-9.197e-04	-8.362e-02	2.227e-02
162253.50	-5.491e-04	-9.245e-02	2.467e-02
162254.50	-4.349e-04	7.104e-02	-7.018e-02
162255.50	1.680e-03	-1.978e-02	-2.410e-02
162256.50	-8.410e-04	-9.888e-02	4.858e-02
162257.50	-2.410e-03	3.014e-03	4.550e-02
162258.50	-5.837e-04	1.786e-03	-1.584e-02
162259.50	6.672e-03	-5.597e-02	-9.792e-02
162260.50	-2.352e-03	3.600e-02	-5.222e-02
162261.50	-8.064e-04	4.771e-02	-7.373e-03
162262.50	-5.184e-04	-2.102e-02	-2.736e-02
162263.50	1.104e-03	1.430e-02	-3.043e-02
162264.50	3.264e-03	3.139e-02	6.605e-03
162265.50	6.192e-04	1.853e-02	-2.429e-02
162266.50	-7.392e-05	5.242e-02	4.742e-02
162267.50	-4.003e-03	9.341e-05	6.701e-02
162268.50	2.093e-04	-2.966e-02	4.032e-02
162269.50	-6.250e-04	5.194e-02	1.027e-04
162270.50	-2.333e-03	2.669e-02	6.058e-02
162271.50	3.494e-03	2.669e-02	-5.491e-02
162272.50	9.024e-04	1.690e-02	-2.122e-02
162273.50	-4.723e-04	-1.814e-02	3.312e-02
162274.50	-8.074e-04	3.091e-03	-5.030e-02
162275.50	-6.269e-03	2.218e-02	1.786e-02
162276.50	2.333e-02	-1.066e-01	2.122e-02
162277.50	-2.947e-03	1.104e-03	4.234e-02
162278.50	-2.659e-03	-4.906e-02	-1.066e-01
162279.50	-1.613e-02	9.792e-02	4.877e-03
