161681.50	0.000e+00	0.000e+00	0.000e+00
161682.50	0.000e+00	0.000e+00	0.000e+00
161683.50	0.000e+00	0.000e+00	0.000e+00
161684.50	0.000e+00	0.000e+00	0.000e+00
161685.50	0.000e+00	0.000e+00	0.000e+00
161686.50	0.000e+00	0.000e+00	0.000e+00
161687.50	0.000e+00	0.000e+00	0.000e+00
161688.50	0.000e+00	0.000e+00	0.000e+00
161689.50	0.000e+00	0.000e+00	0.000e+00
161690.50	0.000e+00	0.000e+00	0.000e+00
161691.50	0.000e+00	0.000e+00	0.000e+00
161692.50	0.000e+00	0.000e+00	0.000e+00
161693.50	0.000e+00	0.000e+00	0.000e+00
161694.50	0.000e+00	0.000e+00	0.000e+00
161695.50	0.000e+00	0.000e+00	0.000e+00
161696.50	0.000e+00	0.000e+00	0.000e+00
161697.50	0.000e+00	0.000e+00	0.000e+00
161698.50	0.000e+00	0.000e+00	0.000e+00
161699.50	0.000e+00	0.000e+00	0.000e+00
161700.50	0.000e+00	0.000e+00	0.000e+00
161701.50	0.000e+00	0.000e+00	0.000e+00
161702.50	0.000e+00	0.000e+00	0.000e+00
161703.50	0.000e+00	0.000e+00	0.000e+00
161704.50	0.000e+00	0.000e+00	0.000e+00
161705.50	0.000e+00	0.000e+00	0.000e+00
161706.50	0.000e+00	0.000e+00	0.000e+00
161707.50	0.000e+00	0.000e+00	0.000e+00
161708.50	0.000e+00	0.000e+00	0.000e+00
161709.50	0.000e+00	0.000e+00	0.000e+00
161710.50	0.000e+00	0.000e+00	0.000e+00
161711.50	0.000e+00	0.000e+00	0.000e+00
161712.50	0.000e+00	0.000e+00	0.000e+00
161713.50	0.000e+00	0.000e+00	0.000e+00
161714.50	0.000e+00	0.000e+00	0.000e+00
161715.50	0.000e+00	0.000e+00	0.000e+00
161716.50	0.000e+00	0.000e+00	0.000e+00
161717.50	0.000e+00	0.000e+00	0.000e+00
161718.50	0.000e+00	0.000e+00	0.000e+00
161719.50	0.000e+00	0.000e+00	0.000e+00
161720.50	0.000e+00	0.000e+00	0.000e+00
161721.50	0.000e+00	0.000e+00	0.000e+00
161722.50	0.000e+00	0.000e+00	0.000e+00
161723.50	0.000e+00	0.000e+00	0.000e+00
161724.50	0.000e+00	0.000e+00	0.000e+00
161725.50	0.000e+00	0.000e+00	0.000e+00
161726.50	0.000e+00	0.000e+00	0.000e+00
161727.50	0.000e+00	0.000e+00	0.000e+00
161728.50	0.000e+00	0.000e+00	0.000e+00
161729.50	0.000e+00	0.000e+00	0.000e+00
161730.50	0.000e+00	0.000e+00	0.000e+00
161731.50	0.000e+00	0.000e+00	0.000e+00
161732.50	0.000e+00	0.000e+00	0.000e+00
161733.50	0.000e+00	0.000e+00	0.000e+00
161734.50	0.000e+00	0.000e+00	0.000e+00
161735.50	0.000e+00	0.000e+00	0.000e+00
161736.50	0.000e+00	0.000e+00	0.000e+00
161737.50	0.000e+00	0.000e+00	0.000e+00
161738.50	0.000e+00	0.000e+00	0.000e+00
161739.50	0.000e+00	0.000e+00	0.000e+00
161740.50	0.000e+00	0.000e+00	0.000e+00
161741.50	0.000e+00	0.000e+00	0.000e+00
161742.50	0.000e+00	0.000e+00	0.000e+00
161743.50	0.000e+00	0.000e+00	0.000e+00
161744.50	0.000e+00	0.000e+00	0.000e+00
161745.50	0.000e+00	0.000e+00	0.000e+00
161746.50	0.000e+00	0.000e+00	0.000e+00
161747.50	0.000e+00	0.000e+00	0.000e+00
161748.50	0.000e+00	0.000e+00	0.000e+00
161749.50	0.000e+00	0.000e+00	0.000e+00
161750.50	0.000e+00	0.000e+00	0.000e+00
161751.50	0.000e+00	0.000e+00	0.000e+00
161752.50	0.000e+00	0.000e+00	0.000e+00
161753.50	0.000e+00	0.000e+00	0.000e+00
161754.50	0.000e+00	0.000e+00	0.000e+00
161755.50	0.000e+00	0.000e+00	0.000e+00
161756.50	0.000e+00	0.000e+00	0.000e+00
161757.50	0.000e+00	0.000e+00	0.000e+00
161758.50	0.000e+00	0.000e+00	0.000e+00
161759.50	0.000e+00	0.000e+00	0.000e+00
161760.50	0.000e+00	0.000e+00	0.000e+00
161761.50	0.000e+00	0.000e+00	0.000e+00
161762.50	0.000e+00	0.000e+00	0.000e+00
161763.50	0.000e+00	0.000e+00	0.000e+00
161764.50	0.000e+00	0.000e+00	0.000e+00
161765.50	0.000e+00	0.000e+00	0.000e+00
161766.50	0.000e+00	0.000e+00	0.000e+00
161767.50	0.000e+00	0.000e+00	0.000e+00
161768.50	0.000e+00	0.000e+00	0.000e+00
161769.50	0.000e+00	0.000e+00	0.000e+00
161770.50	0.000e+00	0.000e+00	0.000e+00
161771.50	0.000e+00	0.000e+00	0.000e+00
161772.50	0.000e+00	0.000e+00	0.000e+00
161773.50	0.000e+00	0.000e+00	0.000e+00
161774.50	0.000e+00	0.000e+00	0.000e+00
161775.50	0.000e+00	0.000e+00	0.000e+00
161776.50	0.000e+00	0.000e+00	0.000e+00
161777.50	0.000e+00	0.000e+00	0.000e+00
161778.50	0.000e+00	0.000e+00	0.000e+00
161779.50	0.000e+00	0.000e+00	0.000e+00
161780.50	0.000e+00	0.000e+00	0.000e+00
161781.50	0.000e+00	0.000e+00	0.000e+00
161782.50	0.000e+00	0.000e+00	0.000e+00
161783.50	0.000e+00	0.000e+00	0.000e+00
161784.50	0.000e+00	0.000e+00	0.000e+00
161785.50	0.000e+00	0.000e+00	0.000e+00
161786.50	0.000e+00	0.000e+00	0.000e+00
161787.50	0.000e+00	0.000e+00	0.000e+00
161788.50	0.000e+00	0.000e+00	0.000e+00
161789.50	0.000e+00	0.000e+00	0.000e+00
161790.50	-7.229e-06	2.467e-04	-5.270e-04
161791.50	7.834e-06	-7.910e-04	5.827e-04
161792.50	1.190e-05	-2.707e-03	4.234e-04
161793.50	-4.560e-06	2.890e-03	-1.603e-04
161794.50	-1.402e-05	-6.355e-04	-2.419e-03
161795.50	1.286e-06	9.293e-04	4.982e-04
161796.50	5.664e-06	-2.554e-03	3.600e-04
161797.50	-1.123e-04	-9.331e-03	1.795e-03
161798.50	4.963e-05	8.880e-03	-2.669e-03
161799.50	1.699e-04	3.043e-02	-7.786e-02
161800.50	-3.264e-04	-8.208e-02	7.334e-02
161801.50	1.824e-04	1.181e-02	-2.083e-02
161802.50	5.942e-04	5.213e-02	8.362e-03
161803.50	-5.558e-04	2.342e-03	-9.792e-03
161804.50	1.440e-04	1.478e-02	1.114e-02
161805.50	8.294e-06	-6.250e-02	1.046e-01
161806.50	-1.642e-03	-1.325e-02	9.888e-02
161807.50	4.560e-04	-3.878e-02	3.206e-03
161808.50	7.258e-05	-9.101e-03	-6.029e-02
161809.50	2.563e-03	-1.805e-01	1.411e-01
161810.50	1.834e-03	3.197e-01	1.757e-01
161811.50	-8.362e-04	-1.766e-01	-6.422e-02
161812.50	1.690e-06	-1.152e+00	1.738e-03
161813.50	3.821e-05	-6.259e+00	-1.728e-01
161814.50	8.774e-03	-2.438e+01	5.078e+00
161815.50	8.150e-03	-7.171e+01	1.690e+00
161816.50	2.851e-02	-1.949e+02	6.134e+00
161817.50	6.077e-02	-3.686e+02	2.688e+01
161818.50	6.106e-02	-3.398e+02	1.171e+01
161819.50	7.891e-02	-4.262e+02	4.013e+01
161820.50	7.728e-02	-2.006e+02	-3.034e+00
161821.50	6.691e-02	4.368e+01	-9.082e+00
161822.50	3.965e-02	1.190e+02	-1.680e+01
161823.50	4.042e-02	1.382e+02	-6.106e+00
161824.50	1.949e-02	1.181e+02	-1.526e+00
161825.50	5.942e-03	1.037e+02	-2.045e+01
161826.50	-3.379e-04	8.890e+01	-1.939e-01
161827.50	-5.818e-03	7.958e+01	-2.045e+00
161828.50	-8.621e-03	6.912e+01	-1.517e-01
161829.50	1.613e-03	6.614e+01	-3.312e+00
161830.50	-9.888e-03	5.789e+01	-2.525e+00
161831.50	-6.989e-03	5.136e+01	-4.790e+00
161832.50	-6.346e-03	4.714e+01	-1.882e+00
161833.50	-1.910e-02	4.666e+01	-4.512e+00
161834.50	-1.066e-02	3.418e+01	8.342e-01
161835.50	-1.709e-02	3.523e+01	-1.066e+00
161836.50	-1.382e-02	2.995e+01	-5.328e+00
161837.50	1.440e-03	3.360e+01	-5.040e-01
161838.50	-6.806e-03	2.765e+01	1.622e+00
161839.50	-5.731e-03	2.669e+01	-2.794e+00
161840.50	-1.891e-03	2.506e+01	6.422e-01
161841.50	-2.333e-02	2.160e+01	-2.736e+00
161842.50	-9.187e-03	2.006e+01	6.883e-01
161843.50	-3.446e-03	2.006e+01	6.374e-01
161844.50	-1.085e-02	1.459e+01	-2.736e+00
161845.50	-1.229e-02	1.651e+01	-5.309e-01
161846.50	-1.181e-02	1.709e+01	1.766e+00
161847.50	-1.987e-03	1.555e+01	1.565e+00
161848.50	-3.955e-03	1.469e+01	-3.907e-01
161849.50	-1.344e-02	1.210e+01	-4.195e+00
161850.50	-3.542e-03	1.286e+01	-9.984e-01
161851.50	-6.614e-03	1.171e+01	-2.755e-01
161852.50	-1.546e-02	9.034e+00	5.952e-01
161853.50	-3.715e-03	1.085e+01	-1.565e+00
161854.50	-4.627e-03	9.984e+00	-6.979e-02
161855.50	-1.133e-02	1.066e+01	-4.426e-01
161856.50	-5.261e-04	7.526e+00	-6.883e-02
161857.50	-1.574e-02	7.824e+00	1.306e-01
161858.50	-9.696e-03	7.738e+00	4.685e-01
161859.50	4.877e-03	5.549e+00	1.651e+00
161860.50	-7.450e-03	6.912e+00	3.792e-01
161861.50	-1.008e-03	6.461e+00	2.640e-01
161862.50	-4.090e-03	6.019e+00	1.085e+00
161863.50	1.536e-04	5.242e+00	8.035e-01
161864.50	-2.467e-03	5.059e+00	-5.674e-01
161865.50	-1.094e-02	6.067e+00	6.653e-02
161866.50	-9.197e-03	5.472e+00	-1.258e+00
161867.50	-4.608e-03	4.051e+00	8.112e-01
161868.50	1.728e-03	3.878e+00	-7.123e-01
161869.50	-5.702e-03	5.664e+00	-1.210e+00
161870.50	-7.392e-03	4.666e+00	-5.280e-01
161871.50	-1.037e-02	2.688e+00	4.522e-01
161872.50	-4.531e-03	3.648e+00	4.522e-01
161873.50	6.787e-03	3.773e+00	1.421e-01
161874.50	4.138e-03	2.467e+00	5.808e-01
161875.50	-6.067e-03	2.611e+00	3.965e-01
161876.50	2.208e-04	2.669e+00	-7.709e-01
161877.50	3.235e-03	3.715e+00	-6.826e-01
161878.50	-9.082e-03	2.362e+00	3.245e-01
161879.50	-5.126e-03	2.957e+00	6.922e-01
161880.50	-2.813e-04	2.045e+00	-4.118e-01
161881.50	-8.381e-03	2.141e+00	2.803e-01
161882.50	-9.523e-05	1.709e+00	1.939e-01
161883.50	-6.470e-03	2.515e+00	-3.984e-01
161884.50	-1.219e-03	1.958e+00	-9.398e-01
161885.50	6.557e-03	1.546e+00	2.342e-01
161886.50	-3.907e-03	2.419e+00	-1.008e+00
161887.50	-2.563e-03	1.517e+00	5.520e-01
161888.50	-4.070e-04	2.093e+00	7.939e-01
161889.50	-4.474e-03	2.006e+00	3.936e-02
161890.50	3.773e-03	1.296e+00	-1.296e-01
161891.50	-3.686e-03	1.344e+00	-4.387e-01
161892.50	-4.426e-03	1.853e+00	2.870e-01
161893.50	-6.854e-03	1.075e+00	-4.138e-01
161894.50	-5.990e-04	1.085e+00	-3.235e-01
161895.50	3.350e-03	1.363e+00	-6.730e-01
161896.50	-5.683e-04	1.200e+00	2.400e-01
161897.50	-5.702e-03	9.888e-01	-1.325e-01
161898.50	5.050e-03	1.114e+00	7.814e-01
161899.50	1.373e-03	7.891e-01	-1.056e+00
161900.50	-2.102e-03	4.013e-01	4.051e-01
161901.50	-1.824e-03	7.344e-01	1.728e-01
161902.50	-6.854e-03	1.046e+00	-6.269e-01
161903.50	-3.187e-03	6.058e-01	1.430e-01
161904.50	1.027e-03	7.603e-01	1.574e-01
161905.50	-3.245e-03	1.670e-01	7.066e-01
161906.50	-1.891e-03	6.662e-01	-1.210e-01
161907.50	-5.760e-03	6.989e-01	1.094e-01
161908.50	-1.267e-02	9.187e-01	-4.992e-01
161909.50	-5.818e-03	6.998e-01	-4.368e-01
161910.50	6.691e-03	5.059e-01	8.208e-01
161911.50	-1.296e-03	4.339e-01	1.757e-04
161912.50	-2.150e-03	8.477e-01	-5.030e-01
161913.50	2.390e-03	5.462e-01	-1.891e-01
161914.50	-7.987e-03	8.506e-01	-2.890e-01
161915.50	2.486e-03	5.030e-01	-6.163e-01
161916.50	-5.635e-03	7.027e-01	-2.035e-01
161917.50	-7.824e-03	5.443e-01	3.677e-01
161918.50	7.421e-03	3.965e-01	3.014e-01
161919.50	5.059e-03	3.955e-01	2.563e-02
161920.50	-5.520e-04	2.054e-01	4.406e-01
161921.50	2.074e-03	1.210e+00	-1.277e-01
161922.50	-5.587e-04	3.216e-01	-7.776e-02
161923.50	-1.046e-02	2.611e-01	1.277e-01
161924.50	-2.986e-03	4.675e-01	2.112e-01
161925.50	-1.805e-04	1.594e-01	-4.195e-01
161926.50	-3.398e-03	2.669e-01	-1.882e-01
161927.50	2.650e-04	-6.298e-02	7.507e-02
161928.50	3.110e-03	4.944e-01	-1.008e-01
161929.50	-4.042e-03	-2.102e-01	-3.014e-01
161930.50	-2.141e-03	6.691e-01	3.312e-01
161931.50	-2.179e-03	6.058e-01	2.342e-01
161932.50	8.851e-05	1.488e-01	-2.246e-01
161933.50	5.827e-03	7.699e-02	-3.936e-01
161934.50	2.851e-03	3.206e-01	3.850e-02
161935.50	6.960e-04	7.430e-01	1.546e-01
161936.50	-6.394e-04	4.128e-01	-8.448e-02
161937.50	-1.498e-03	6.701e-02	8.448e-02
161938.50	-2.448e-03	1.363e-01	-1.037e-01
161939.50	1.968e-03	1.853e-01	-2.746e-01
161940.50	-3.466e-03	5.098e-01	-2.122e-02
161941.50	-1.018e-02	3.446e-01	1.507e-01
161942.50	3.648e-03	2.698e-01	3.370e-01
161943.50	-1.555e-03	2.006e-01	1.574e-01
161944.50	3.120e-03	1.363e-01	-2.093e-01
161945.50	-2.659e-03	3.331e-01	-1.930e-01
161946.50	-1.930e-03	-1.786e-01	-7.200e-02
161947.50	2.064e-03	1.219e-03	-6.250e-02
161948.50	-2.150e-04	-5.558e-02	2.851e-02
161949.50	-3.485e-03	1.142e-01	6.115e-02
161950.50	-9.504e-04	3.523e-01	-1.066e-01
161951.50	4.138e-03	4.714e-01	3.792e-01
161952.50	1.219e-03	-9.110e-02	1.306e-01
161953.50	-4.320e-03	-3.571e-02	3.802e-02
161954.50	-3.005e-03	-2.813e-02	-3.542e-02
161955.50	1.862e-03	1.997e-01	2.314e-01
161956.50	-2.304e-03	5.011e-02	-4.723e-01
161957.50	3.418e-03	5.222e-01	1.930e-01
161958.50	5.184e-03	1.709e-01	2.045e-01
161959.50	-1.382e-03	-1.190e-01	-7.834e-02
161960.50	-1.651e-03	2.342e-01	-1.411e-01
161961.50	1.171e-03	1.699e-01	1.670e-01
161962.50	-2.141e-03	-1.824e-01	8.717e-02
161963.50	-3.034e-04	-1.747e-01	1.488e-01
161964.50	-4.742e-03	1.046e-01	-1.190e-01
161965.50	-2.554e-03	3.974e-01	-6.106e-02
161966.50	1.018e-03	1.498e-01	1.171e-01
161967.50	-2.717e-03	3.408e-01	-2.141e-02
161968.50	-1.709e-03	-1.488e-02	-1.526e-01
161969.50	-2.947e-03	1.469e-01	-1.440e-01
161970.50	-7.949e-04	3.168e-02	9.475e-02
161971.50	-3.706e-03	5.270e-02	-1.133e-01
161972.50	-2.006e-03	6.269e-02	8.275e-02
161973.50	1.267e-03	1.546e-02	-2.458e-01
161974.50	-9.062e-04	2.285e-01	-1.882e-01
161975.50	2.266e-03	-3.859e-02	-3.850e-01
161976.50	2.112e-03	1.018e-01	2.890e-01
161977.50	1.488e-03	2.045e-01	1.046e-01
161978.50	2.995e-04	5.789e-02	-9.158e-02
161979.50	-2.486e-03	-6.192e-02	-9.696e-02
161980.50	2.707e-03	2.630e-01	2.170e-01
161981.50	1.718e-03	3.859e-02	4.570e-02
161982.50	-4.330e-03	2.947e-01	1.056e-01
161983.50	-1.939e-04	-7.613e-02	-7.594e-02
161984.50	-1.037e-03	9.130e-02	-1.632e-01
161985.50	1.066e-04	7.786e-02	-1.632e-01
161986.50	6.461e-03	1.075e-01	1.526e-01
161987.50	3.302e-03	1.373e-01	-1.200e-01
161988.50	-2.429e-03	-1.190e-01	-1.171e-02
161989.50	-2.602e-04	-2.160e-01	-3.946e-02
161990.50	2.035e-03	9.600e-02	1.171e-01
161991.50	-4.954e-03	-1.402e-02	1.901e-02
161992.50	-2.448e-03	-1.814e-02	2.630e-01
161993.50	-1.152e-03	-1.277e-02	-1.699e-03
161994.50	2.045e-03	8.659e-02	6.029e-02
161995.50	-1.872e-03	2.947e-01	-1.219e-01
161996.50	-1.382e-04	-6.950e-02	1.162e-01
161997.50	-4.944e-03	1.565e-01	-3.350e-02
161998.50	1.037e-03	5.318e-02	-2.179e-01
161999.50	9.034e-04	2.122e-01	-4.454e-02
162000.50	2.678e-04	2.544e-01	1.507e-01
162001.50	-2.525e-04	-1.046e-02	2.314e-01
162002.50	1.421e-04	6.230e-02	2.650e-02
162003.50	-1.757e-03	-1.277e-01	-5.760e-02
162004.50	3.917e-04	1.459e-01	1.219e-01
162005.50	-1.920e-03	-1.344e-02	1.152e-01
162006.50	2.640e-04	-4.147e-02	8.486e-02
162007.50	2.218e-03	-1.939e-02	-5.654e-02
162008.50	-2.141e-04	1.862e-01	7.459e-02
162009.50	-2.976e-03	3.322e-01	1.459e-01
162010.50	4.464e-03	1.939e-01	3.466e-02
162011.50	-3.773e-04	7.258e-02	-1.421e-02
162012.50	-2.496e-03	-2.227e-02	-1.152e-01
162013.50	5.520e-05	-1.901e-02	8.064e-02
162014.50	2.947e-02	-1.392e-01	-1.661e-01
162015.50	1.939e-02	-1.632e-02	7.210e-02
162016.50	1.354e-03	-4.368e-02	3.802e-02
162017.50	-2.554e-03	6.960e-03	4.771e-02
162018.50	2.448e-03	2.026e-01	-2.189e-02
162019.50	-2.150e-03	-9.485e-02	5.952e-02
162020.50	2.582e-03	9.101e-02	-2.659e-02
162021.50	-2.794e-03	-2.170e-01	-9.792e-02
162022.50	-1.315e-03	5.059e-04	-2.026e-02
162023.50	-4.166e-04	1.219e-01	-5.904e-02
162024.50	2.774e-03	6.499e-02	3.043e-02
162025.50	2.275e-03	2.890e-01	4.704e-02
162026.50	-2.899e-03	-2.870e-02	5.837e-04
162027.50	-6.787e-03	-1.363e-01	1.939e-01
162028.50	-1.757e-03	-5.789e-02	3.898e-02
162029.50	1.603e-03	-8.688e-02	-2.122e-01
162030.50	1.075e-02	1.718e-01	-4.618e-02
162031.50	3.187e-03	1.718e-01	5.866e-02
162032.50	-3.274e-02	-1.296e-01	1.478e-02
162033.50	-9.158e-03	-6.394e-02	1.229e-02
162034.50	-1.229e-02	-7.699e-02	-1.056e-01
162035.50	-8.429e-04	8.074e-02	2.592e-01
162036.50	1.056e-02	-5.309e-02	-1.459e-02
162037.50	2.246e-03	-2.064e-01	-1.450e-01
162038.50	4.406e-03	1.526e-01	2.746e-04
162039.50	3.082e-03	1.373e-01	-6.528e-02
162040.50	-2.966e-03	-3.398e-01	-1.546e-02
162041.50	1.277e-03	1.402e-01	1.555e-02
162042.50	3.686e-03	1.968e-01	1.958e-02
162043.50	-7.565e-03	-2.506e-02	9.984e-02
162044.50	1.325e-02	-6.883e-02	-9.792e-02
162045.50	-5.069e-03	-8.064e-02	-1.027e-01
162046.50	1.075e-02	1.354e-01	-3.475e-02
162047.50	6.970e-03	8.218e-02	7.123e-02
162048.50	-9.542e-04	-4.272e-02	-7.382e-02
162049.50	-7.642e-04	4.867e-02	-6.605e-02
162050.50	2.371e-03	-1.046e-01	6.653e-02
162051.50	6.758e-03	2.102e-01	2.150e-02
162052.50	-5.328e-04	6.893e-02	-3.667e-02
162053.50	-1.238e-03	-1.018e-01	-1.997e-01
162054.50	-6.912e-04	-1.027e-01	1.392e-01
162055.50	7.094e-03	1.056e-01	9.014e-02
162056.50	8.928e-04	-2.131e-02	-1.910e-01
162057.50	-3.955e-03	7.862e-02	-4.339e-02
162058.50	6.797e-03	-4.915e-02	7.373e-02
162059.50	7.171e-03	1.296e-01	1.114e-03
162060.50	2.726e-03	-1.190e-01	5.933e-02
162061.50	2.880e-03	-2.458e-02	2.678e-01
162062.50	-4.675e-04	1.642e-01	-1.862e-02
162063.50	1.133e-02	1.555e-01	4.003e-02
162064.50	-1.862e-02	-1.392e-01	-8.803e-02
162065.50	-6.192e-03	-1.507e-01	-3.619e-02
162066.50	-4.176e-03	6.874e-02	-1.430e-01
162067.50	8.659e-04	-8.448e-03	-5.318e-02
162068.50	-1.104e-03	-4.819e-03	-1.488e-01
162069.50	-9.149e-03	3.226e-02	-6.461e-02
162070.50	-2.880e-03	-1.238e-01	-1.920e-02
162071.50	-6.442e-03	-2.400e-01	9.552e-03
162072.50	-2.525e-03	5.194e-02	1.354e-01
162073.50	3.370e-03	1.402e-01	6.240e-02
162074.50	2.410e-03	4.819e-02	2.016e-02
162075.50	-1.114e-02	5.395e-02	9.888e-02
162076.50	2.218e-03	7.354e-02	-2.582e-02
162077.50	1.738e-03	8.928e-02	-1.373e-02
162078.50	6.154e-04	-8.371e-03	1.354e-02
162079.50	-1.171e-03	-7.709e-02	-2.822e-02
162080.50	-3.120e-04	3.840e-02	-8.429e-03
162081.50	2.640e-04	-2.755e-02	1.142e-01
162082.50	3.466e-05	-5.414e-02	-5.309e-02
162083.50	-3.014e-04	4.387e-02	3.677e-03
162084.50	-1.277e-03	3.235e-02	-5.366e-02
162085.50	1.171e-03	1.526e-01	-1.373e-02
162086.50	4.128e-03	-1.862e-01	-9.696e-03
162087.50	-3.446e-03	-9.120e-02	-1.795e-01
162088.50	2.045e-04	-1.344e-02	4.032e-02
162089.50	-4.915e-04	-1.363e-01	1.027e-01
162090.50	-3.264e-03	1.430e-01	-8.640e-02
162091.50	-1.229e-03	1.344e-01	9.139e-02
162092.50	2.851e-03	6.662e-02	7.526e-02
162093.50	2.467e-04	-5.021e-02	2.947e-02
162094.50	-1.546e-03	6.240e-02	2.544e-03
162095.50	3.245e-02	4.531e-02	1.152e-02
162096.50	2.275e-03	7.738e-03	3.446e-02
162097.50	2.458e-03	1.814e-01	2.170e-02
162098.50	8.928e-03	4.301e-02	-6.739e-02
162099.50	-1.834e-03	5.914e-02	-1.651e-01
162100.50	1.728e-02	2.064e-01	-1.478e-01
162101.50	-4.109e-02	-2.045e-01	6.134e-02
162102.50	-2.918e-02	-1.142e-01	1.085e-01
162103.50	8.928e-04	1.142e-01	5.981e-02
162104.50	-1.334e-03	-3.734e-02	-2.016e-02
162105.50	1.507e-03	-9.571e-02	8.438e-02
162106.50	3.197e-03	2.621e-02	-9.331e-02
162107.50	8.074e-04	-2.026e-02	-1.690e-01
162108.50	4.234e-03	-8.544e-03	-2.064e-02
162109.50	-4.099e-03	-5.146e-03	-2.083e-01
162110.50	-6.653e-04	2.304e-02	7.123e-02
162111.50	-9.110e-04	-2.755e-02	4.483e-02
162112.50	-1.152e-03	-6.202e-02	2.995e-02
162113.50	-5.635e-03	9.370e-02	1.776e-01
162114.50	9.984e-04	-5.866e-02	5.424e-02
162115.50	-4.550e-03	-3.562e-02	-8.995e-02
162116.50	5.674e-03	-3.773e-02	7.651e-02
162117.50	-1.123e-04	6.518e-02	1.517e-02
162118.50	-2.573e-03	-6.230e-02	-8.429e-02
162119.50	-1.670e-03	5.770e-03	5.030e-02
162120.50	2.160e-04	-5.635e-02	-6.451e-02
162121.50	1.757e-03	2.784e-02	-9.168e-03
162122.50	1.392e-03	2.842e-02	-7.258e-02
162123.50	3.437e-06	4.608e-02	1.046e-02
162124.50	-3.341e-04	-7.507e-02	4.963e-02
162125.50	-7.526e-04	1.421e-02	3.370e-02
162126.50	7.018e-04	1.747e-01	-2.227e-01
162127.50	-3.302e-03	4.934e-02	1.555e-02
162128.50	4.483e-03	-3.955e-02	4.301e-03
162129.50	-3.235e-03	-1.286e-02	-4.022e-02
162130.50	-9.984e-03	1.786e-01	-1.037e-02
162131.50	1.843e-03	-1.248e-02	3.389e-02
162132.50	9.561e-04	4.512e-02	1.008e-01
162133.50	-3.610e-04	6.346e-02	3.936e-02
162134.50	-3.350e-04	-2.842e-02	-6.010e-03
162135.50	-5.059e-03	-1.056e-01	-3.110e-03
162136.50	1.238e-03	6.691e-02	-3.494e-02
162137.50	1.334e-03	1.555e-02	7.565e-02
162138.50	1.430e-03	2.074e-03	5.011e-02
162139.50	-1.056e-03	-3.533e-02	-1.488e-01
162140.50	6.835e-04	-2.064e-02	-2.006e-02
162141.50	4.042e-03	-1.862e-03	7.622e-02
162142.50	-5.328e-04	-5.587e-03	1.018e-01
162143.50	-1.382e-03	4.954e-02	-6.845e-02
162144.50	-7.421e-04	-9.302e-02	5.645e-02
162145.50	-9.456e-04	-4.800e-02	7.238e-02
162146.50	-9.437e-04	-1.046e-01	5.693e-02
162147.50	6.653e-03	6.058e-02	6.586e-03
162148.50	-3.398e-04	4.829e-03	-1.286e-01
162149.50	-6.624e-04	1.661e-02	-1.507e-01
162150.50	1.939e-03	4.205e-02	-4.349e-02
162151.50	-3.437e-03	-1.411e-02	1.152e-01
162152.50	-5.722e-04	2.323e-02	-1.171e-02
162153.50	2.832e-03	-1.142e-02	6.384e-02
162154.50	3.398e-03	-1.123e-01	7.987e-02
162155.50	-8.573e-04	6.989e-02	-2.870e-03
162156.50	-2.400e-04	-3.130e-02	-3.312e-02
162157.50	1.862e-03	2.659e-02	2.074e-03
162158.50	-3.744e-05	4.339e-03	4.781e-02
162159.50	-6.067e-04	-4.589e-02	-3.264e-02
162160.50	-2.774e-03	1.027e-01	5.549e-02
162161.50	1.334e-03	-5.453e-02	-4.963e-02
162162.50	9.110e-04	-4.282e-02	-1.162e-02
162163.50	-2.102e-03	-2.275e-03	1.536e-02
162164.50	8.717e-04	-2.150e-02	-5.981e-02
162165.50	-2.285e-03	4.915e-02	-4.061e-02
162166.50	-3.629e-04	4.483e-02	5.021e-03
162167.50	1.373e-03	-3.926e-02	7.008e-02
162168.50	1.757e-03	-2.438e-02	-6.902e-04
162169.50	-6.336e-04	-3.053e-02	-1.037e-02
162170.50	1.450e-03	2.429e-02	4.474e-02
162171.50	8.496e-04	-4.838e-02	-4.608e-02
162172.50	2.899e-03	-8.822e-02	-3.802e-02
162173.50	7.824e-03	-7.910e-02	-5.654e-02
162174.50	-3.024e-04	-1.248e-02	-3.994e-02
162175.50	-3.658e-03	9.331e-03	4.675e-03
162176.50	-9.696e-04	8.918e-02	1.162e-02
162177.50	5.347e-04	3.658e-02	-7.574e-02
162178.50	1.267e-03	6.278e-02	1.354e-01
162179.50	-1.440e-03	-2.218e-02	-1.027e-02
162180.50	-1.661e-03	1.411e-03	-9.600e-02
162181.50	-8.102e-04	-9.293e-02	7.392e-03
162182.50	-6.874e-04	-7.421e-03	6.797e-02
162183.50	5.712e-04	-1.181e-02	-2.074e-02
162184.50	-1.642e-03	1.133e-01	4.637e-02
162185.50	-2.563e-04	2.966e-03	-1.968e-02
162186.50	4.224e-04	7.181e-02	-6.394e-03
162187.50	-1.075e-03	-2.976e-02	1.584e-02
162188.50	3.619e-03	-2.035e-02	2.381e-02
162189.50	2.045e-03	-1.469e-02	3.514e-02
162190.50	-8.160e-04	-7.546e-03	2.266e-02
162191.50	4.262e-04	-4.646e-02	-2.918e-02
162192.50	3.658e-05	-4.368e-02	-1.862e-02
162193.50	2.554e-03	3.581e-02	6.701e-02
162194.50	9.350e-03	-4.272e-02	1.699e-02
162195.50	-3.341e-02	1.776e-01	-7.546e-02
162196.50	2.083e-03	5.088e-02	7.190e-02
162197.50	2.899e-03	-2.573e-02	3.610e-02
162198.50	1.046e-03	4.138e-02	-4.339e-02
162199.50	-1.046e-03	-2.150e-02	2.314e-02
162200.50	3.840e-03	1.363e-02	-1.546e-02
162201.50	1.920e-03	1.411e-02	6.480e-02
162202.50	6.182e-04	-1.709e-02	3.370e-02
162203.50	1.315e-03	-4.378e-02	-7.738e-02
162204.50	-4.378e-04	4.003e-02	1.066e-02
162205.50	-9.283e-04	3.754e-02	1.133e-02
162206.50	4.531e-04	2.602e-02	3.053e-02
162207.50	-3.888e-04	-8.381e-03	-9.043e-02
162208.50	-1.373e-03	-7.315e-02	2.746e-02
162209.50	-4.944e-03	-1.258e-02	-4.675e-02
162210.50	-4.742e-03	3.158e-02	-8.870e-02
162211.50	-1.334e-02	-1.632e-02	1.920e-02
162212.50	1.766e-04	-6.163e-02	-7.718e-03
162213.50	-1.114e-03	-8.986e-02	-3.696e-02
162214.50	1.114e-03	6.518e-03	1.517e-02
162215.50	1.901e-03	9.696e-02	7.354e-02
162216.50	-2.006e-03	-4.368e-03	-3.427e-03
162217.50	-1.210e-03	-1.066e-01	7.478e-02
162218.50	5.098e-04	5.155e-02	1.008e-01
162219.50	-6.115e-04	4.157e-02	1.402e-03
162220.50	6.307e-04	1.267e-02	-1.190e-02
162221.50	-8.726e-04	2.102e-02	-5.472e-02
162222.50	5.789e-04	6.605e-03	-3.946e-02
162223.50	2.035e-04	5.443e-02	-4.358e-02
162224.50	-2.294e-04	-1.776e-02	5.203e-02
162225.50	-7.334e-04	9.408e-03	-1.142e-02
162226.50	2.707e-04	-5.213e-02	5.405e-03
162227.50	5.098e-04	1.411e-02	-6.874e-03
162228.50	-3.466e-03	5.002e-02	2.074e-02
162229.50	3.907e-03	-2.621e-03	-4.608e-02
162230.50	9.120e-03	-4.406e-02	-7.114e-03
162231.50	-2.630e-03	3.552e-02	9.139e-02
162232.50	-3.120e-03	-2.477e-02	2.899e-02
162233.50	-3.715e-04	-3.629e-02	-4.714e-02
162234.50	1.306e-03	-5.616e-02	-3.216e-02
162235.50	2.755e-04	1.430e-02	6.230e-03
162236.50	-3.610e-04	3.629e-02	-7.939e-02
162237.50	-5.568e-04	1.843e-02	-8.851e-02
162238.50	7.757e-04	-6.490e-02	2.093e-02
162239.50	7.440e-04	4.483e-02	-1.334e-03
162240.50	1.315e-03	3.696e-02	5.510e-02
162241.50	-1.891e-03	-4.464e-02	7.286e-02
162242.50	4.109e-04	4.166e-02	-3.005e-02
162243.50	-1.555e-05	2.410e-02	5.626e-02
162244.50	1.363e-04	2.602e-04	-1.834e-02
162245.50	1.133e-03	7.824e-02	-1.066e-02
162246.50	-1.632e-03	-2.909e-02	-1.306e-02
162247.50	-8.170e-04	-8.554e-02	1.046e-02
162248.50	-4.013e-03	5.107e-02	3.773e-03
162249.50	1.843e-03	4.877e-02	-7.066e-02
162250.50	-1.786e-04	-1.430e-02	4.282e-02
162251.50	-3.149e-03	4.080e-02	-2.880e-03
162252.50	-3.888e-04	-5.626e-02	5.078e-02
162253.50	7.133e-04	-3.226e-02	5.443e-02
162254.50	-8.678e-04	3.264e-02	-3.322e-02
162255.50	-4.176e-04	2.304e-03	-1.046e-02
162256.50	-2.602e-03	3.302e-02	-4.934e-03
162257.50	9.139e-04	4.032e-02	-4.906e-03
162258.50	-6.950e-04	-2.304e-02	8.400e-03
162259.50	8.429e-04	-4.234e-02	-4.464e-02
162260.50	1.162e-03	4.752e-02	5.088e-03
162261.50	4.589e-04	-3.725e-02	-2.390e-02
162262.50	-2.141e-03	-5.011e-02	-4.666e-03
162263.50	-1.853e-03	5.414e-02	-1.430e-02
162264.50	-2.093e-03	4.176e-02	5.155e-03
162265.50	4.061e-03	-1.949e-02	1.574e-02
162266.50	2.448e-02	-5.030e-02	-3.446e-02
162267.50	3.168e-03	7.123e-03	-5.251e-02
162268.50	-3.197e-03	1.949e-02	9.888e-02
162269.50	-5.942e-04	-4.272e-02	-2.880e-02
162270.50	-8.074e-04	4.464e-03	1.373e-03
162271.50	-1.075e-03	-5.280e-02	-4.234e-02
162272.50	-6.307e-03	-9.888e-03	5.098e-02
162273.50	-2.026e-04	2.813e-02	3.936e-02
162274.50	-3.370e-03	4.426e-02	-3.082e-02
162275.50	-1.181e-05	-3.571e-02	2.842e-03
162276.50	-1.306e-03	1.709e-02	-4.022e-02
162277.50	2.208e-04	1.853e-02	-2.870e-02
162278.50	1.469e-03	9.792e-04	-4.339e-02
162279.50	-1.363e-03	3.206e-02	1.622e-02
