161681.50	0.000e+00	0.000e+00	0.000e+00
161682.50	0.000e+00	0.000e+00	0.000e+00
161683.50	0.000e+00	0.000e+00	0.000e+00
161684.50	0.000e+00	0.000e+00	0.000e+00
161685.50	0.000e+00	0.000e+00	0.000e+00
161686.50	0.000e+00	0.000e+00	0.000e+00
161687.50	0.000e+00	0.000e+00	0.000e+00
161688.50	0.000e+00	0.000e+00	0.000e+00
161689.50	0.000e+00	0.000e+00	0.000e+00
161690.50	0.000e+00	0.000e+00	0.000e+00
161691.50	0.000e+00	0.000e+00	0.000e+00
161692.50	0.000e+00	0.000e+00	0.000e+00
161693.50	0.000e+00	0.000e+00	0.000e+00
161694.50	0.000e+00	0.000e+00	0.000e+00
161695.50	0.000e+00	0.000e+00	0.000e+00
161696.50	0.000e+00	0.000e+00	0.000e+00
161697.50	0.000e+00	0.000e+00	0.000e+00
161698.50	0.000e+00	0.000e+00	0.000e+00
161699.50	0.000e+00	0.000e+00	0.000e+00
161700.50	0.000e+00	0.000e+00	0.000e+00
161701.50	0.000e+00	0.000e+00	0.000e+00
161702.50	0.000e+00	0.000e+00	0.000e+00
161703.50	0.000e+00	0.000e+00	0.000e+00
161704.50	0.000e+00	0.000e+00	0.000e+00
161705.50	0.000e+00	0.000e+00	0.000e+00
161706.50	0.000e+00	0.000e+00	0.000e+00
161707.50	0.000e+00	0.000e+00	0.000e+00
161708.50	0.000e+00	0.000e+00	0.000e+00
161709.50	0.000e+00	0.000e+00	0.000e+00
161710.50	0.000e+00	0.000e+00	0.000e+00
161711.50	0.000e+00	0.000e+00	0.000e+00
161712.50	0.000e+00	0.000e+00	0.000e+00
161713.50	0.000e+00	0.000e+00	0.000e+00
161714.50	0.000e+00	0.000e+00	0.000e+00
161715.50	0.000e+00	0.000e+00	0.000e+00
161716.50	0.000e+00	0.000e+00	0.000e+00
161717.50	0.000e+00	0.000e+00	0.000e+00
161718.50	0.000e+00	0.000e+00	0.000e+00
161719.50	0.000e+00	0.000e+00	0.000e+00
161720.50	0.000e+00	0.000e+00	0.000e+00
161721.50	0.000e+00	0.000e+00	0.000e+00
161722.50	0.000e+00	0.000e+00	0.000e+00
161723.50	0.000e+00	0.000e+00	0.000e+00
161724.50	0.000e+00	0.000e+00	0.000e+00
161725.50	0.000e+00	0.000e+00	0.000e+00
161726.50	0.000e+00	0.000e+00	0.000e+00
161727.50	0.000e+00	0.000e+00	0.000e+00
161728.50	0.000e+00	0.000e+00	0.000e+00
161729.50	0.000e+00	0.000e+00	0.000e+00
161730.50	0.000e+00	0.000e+00	0.000e+00
161731.50	0.000e+00	0.000e+00	0.000e+00
161732.50	0.000e+00	0.000e+00	0.000e+00
161733.50	0.000e+00	0.000e+00	0.000e+00
161734.50	0.000e+00	0.000e+00	0.000e+00
161735.50	0.000e+00	0.000e+00	0.000e+00
161736.50	0.000e+00	0.000e+00	0.000e+00
161737.50	0.000e+00	0.000e+00	0.000e+00
161738.50	0.000e+00	0.000e+00	0.000e+00
161739.50	0.000e+00	0.000e+00	0.000e+00
161740.50	0.000e+00	0.000e+00	0.000e+00
161741.50	0.000e+00	0.000e+00	0.000e+00
161742.50	0.000e+00	0.000e+00	0.000e+00
161743.50	0.000e+00	0.000e+00	0.000e+00
161744.50	0.000e+00	0.000e+00	0.000e+00
161745.50	0.000e+00	0.000e+00	0.000e+00
161746.50	0.000e+00	0.000e+00	0.000e+00
161747.50	0.000e+00	0.000e+00	0.000e+00
161748.50	0.000e+00	0.000e+00	0.000e+00
161749.50	0.000e+00	0.000e+00	0.000e+00
161750.50	0.000e+00	0.000e+00	0.000e+00
161751.50	0.000e+00	0.000e+00	0.000e+00
161752.50	0.000e+00	0.000e+00	0.000e+00
161753.50	0.000e+00	0.000e+00	0.000e+00
161754.50	0.000e+00	0.000e+00	0.000e+00
161755.50	0.000e+00	0.000e+00	0.000e+00
161756.50	0.000e+00	0.000e+00	0.000e+00
161757.50	0.000e+00	0.000e+00	0.000e+00
161758.50	0.000e+00	0.000e+00	0.000e+00
161759.50	0.000e+00	0.000e+00	0.000e+00
161760.50	0.000e+00	0.000e+00	0.000e+00
161761.50	0.000e+00	0.000e+00	0.000e+00
161762.50	0.000e+00	0.000e+00	0.000e+00
161763.50	0.000e+00	0.000e+00	0.000e+00
161764.50	0.000e+00	0.000e+00	0.000e+00
161765.50	0.000e+00	0.000e+00	0.000e+00
161766.50	0.000e+00	0.000e+00	0.000e+00
161767.50	0.000e+00	0.000e+00	0.000e+00
161768.50	0.000e+00	0.000e+00	0.000e+00
161769.50	0.000e+00	0.000e+00	0.000e+00
161770.50	0.000e+00	0.000e+00	0.000e+00
161771.50	0.000e+00	0.000e+00	0.000e+00
161772.50	0.000e+00	0.000e+00	0.000e+00
161773.50	0.000e+00	0.000e+00	0.000e+00
161774.50	0.000e+00	0.000e+00	0.000e+00
161775.50	0.000e+00	0.000e+00	0.000e+00
161776.50	0.000e+00	0.000e+00	0.000e+00
161777.50	0.000e+00	0.000e+00	0.000e+00
161778.50	0.000e+00	0.000e+00	0.000e+00
161779.50	0.000e+00	0.000e+00	0.000e+00
161780.50	0.000e+00	0.000e+00	0.000e+00
161781.50	0.000e+00	0.000e+00	0.000e+00
161782.50	0.000e+00	0.000e+00	0.000e+00
161783.50	0.000e+00	0.000e+00	0.000e+00
161784.50	0.000e+00	0.000e+00	0.000e+00
161785.50	0.000e+00	0.000e+00	0.000e+00
161786.50	0.000e+00	0.000e+00	0.000e+00
161787.50	0.000e+00	0.000e+00	0.000e+00
161788.50	0.000e+00	0.000e+00	0.000e+00
161789.50	0.000e+00	0.000e+00	0.000e+00
161790.50	0.000e+00	0.000e+00	0.000e+00
161791.50	0.000e+00	0.000e+00	0.000e+00
161792.50	0.000e+00	0.000e+00	0.000e+00
161793.50	0.000e+00	0.000e+00	0.000e+00
161794.50	0.000e+00	0.000e+00	0.000e+00
161795.50	0.000e+00	0.000e+00	0.000e+00
161796.50	0.000e+00	0.000e+00	0.000e+00
161797.50	0.000e+00	0.000e+00	0.000e+00
161798.50	-5.002e-05	1.997e-04	1.421e-03
161799.50	1.277e-05	3.139e-03	1.037e-03
161800.50	-8.371e-05	-1.776e-03	2.170e-03
161801.50	-3.504e-05	-4.090e-03	2.813e-03
161802.50	2.755e-04	-2.928e-03	-1.046e-02
161803.50	-3.360e-04	-3.600e-03	6.902e-03
161804.50	1.114e-04	-1.315e-04	-9.533e-04
161805.50	-3.408e-04	1.162e-02	7.344e-03
161806.50	1.114e-04	-4.080e-04	-9.274e-04
161807.50	-1.123e-03	-7.402e-02	4.147e-03
161808.50	1.171e-03	4.992e-02	-1.498e-02
161809.50	4.282e-04	1.325e-03	-1.181e-02
161810.50	-3.072e-04	5.568e-04	7.190e-03
161811.50	2.659e-03	-1.766e-01	-2.285e-01
161812.50	-1.066e-02	1.085e-01	5.213e-01
161813.50	8.784e-04	-3.878e-02	-4.982e-02
161814.50	9.370e-03	8.371e-02	-3.859e-01
161815.50	-1.037e-02	-6.442e-01	1.488e-01
161816.50	-1.056e-02	-2.083e+00	-5.155e-01
161817.50	-1.565e-01	-1.469e+01	9.427e-01
161818.50	-4.819e-01	-7.219e+01	-1.008e+01
161819.50	-1.824e+00	-2.314e+02	-1.171e+01
161820.50	-3.370e+00	-4.349e+02	-1.574e+01
161821.50	-3.322e+00	-4.406e+02	-1.152e+01
161822.50	-2.890e+00	-4.042e+02	-1.046e+01
161823.50	1.104e-01	-2.794e+01	-8.371e+00
161824.50	1.181e+00	1.354e+02	4.291e-02
161825.50	9.379e-01	1.440e+02	1.507e+01
161826.50	8.582e-01	1.229e+02	9.053e+00
161827.50	7.930e-01	9.888e+01	1.814e+00
161828.50	7.133e-01	9.370e+01	3.754e+00
161829.50	5.664e-01	7.757e+01	3.744e+00
161830.50	6.240e-01	7.939e+01	1.920e+00
161831.50	4.694e-01	6.115e+01	1.555e+00
161832.50	4.531e-01	5.606e+01	2.016e-01
161833.50	4.061e-01	5.261e+01	1.133e+00
161834.50	4.579e-01	4.934e+01	-2.794e+00
161835.50	3.456e-01	4.454e+01	2.918e-01
161836.50	2.390e-01	3.696e+01	2.938e+00
161837.50	2.592e-01	3.677e+01	2.189e+00
161838.50	2.400e-01	3.158e+01	6.230e-01
161839.50	2.179e-01	3.341e+01	3.379e+00
161840.50	2.381e-01	2.995e+01	2.947e-02
161841.50	1.958e-01	2.794e+01	1.949e+00
161842.50	1.248e-01	2.218e+01	2.909e+00
161843.50	1.459e-01	2.237e+01	1.872e+00
161844.50	1.373e-01	1.814e+01	-2.122e-02
161845.50	1.526e-01	1.805e+01	1.248e-01
161846.50	1.315e-01	1.795e+01	3.619e-01
161847.50	1.210e-01	1.824e+01	9.082e-01
161848.50	1.363e-01	1.690e+01	-1.114e-01
161849.50	1.440e-01	1.718e+01	-5.597e-01
161850.50	8.170e-02	1.248e+01	6.672e-01
161851.50	5.395e-02	1.133e+01	1.939e+00
161852.50	1.344e-01	1.469e+01	-1.142e+00
161853.50	1.104e-01	1.306e+01	-1.670e-01
161854.50	8.054e-02	1.008e+01	-2.938e-01
161855.50	5.203e-02	1.085e+01	1.363e+00
161856.50	7.862e-02	9.341e+00	-3.379e-01
161857.50	2.506e-02	8.611e+00	2.582e+00
161858.50	5.885e-02	9.398e+00	7.210e-01
161859.50	2.966e-02	8.074e+00	1.978e+00
161860.50	6.749e-02	6.288e+00	-1.306e+00
161861.50	3.466e-02	7.037e+00	1.114e+00
161862.50	4.339e-02	6.710e+00	9.696e-02
161863.50	5.712e-02	6.768e+00	2.179e-01
161864.50	4.109e-02	4.560e+00	-4.858e-02
161865.50	6.038e-03	5.059e+00	1.814e+00
161866.50	2.323e-02	6.067e+00	1.248e+00
161867.50	7.210e-02	4.762e+00	-2.035e+00
161868.50	3.235e-02	5.309e+00	2.822e-01
161869.50	5.405e-03	5.338e+00	1.786e+00
161870.50	2.515e-02	4.618e+00	7.210e-01
161871.50	4.032e-02	4.320e+00	-1.939e-01
161872.50	1.046e-02	2.947e+00	5.606e-02
161873.50	2.640e-02	2.861e+00	-4.195e-01
161874.50	1.594e-02	3.610e+00	7.795e-01
161875.50	2.362e-02	2.362e+00	-9.696e-01
161876.50	7.949e-03	3.562e+00	-2.016e-02
161877.50	5.894e-03	4.157e+00	1.171e+00
161878.50	3.197e-02	2.592e+00	-2.467e-01
161879.50	1.248e-02	3.360e+00	8.342e-01
161880.50	1.997e-02	3.101e+00	8.669e-01
161881.50	3.744e-02	1.536e+00	-4.138e-01
161882.50	2.054e-02	2.006e+00	-4.541e-01
161883.50	1.450e-02	3.206e+00	4.522e-01
161884.50	3.091e-02	2.726e+00	-1.757e-01
161885.50	3.533e-03	1.814e+00	1.267e-01
161886.50	1.517e-02	2.304e+00	4.694e-01
161887.50	1.757e-02	1.622e+00	-3.235e-01
161888.50	8.227e-03	5.194e-01	-2.419e-01
161889.50	-4.819e-04	1.056e+00	3.043e-01
161890.50	2.141e-03	1.594e+00	2.064e-01
161891.50	1.814e-02	1.603e+00	-2.630e-01
161892.50	1.315e-02	2.064e+00	6.509e-02
161893.50	1.344e-02	1.738e+00	5.856e-02
161894.50	1.171e-02	1.613e+00	8.534e-03
161895.50	1.565e-02	1.354e+00	-3.437e-02
161896.50	1.248e-02	9.494e-01	-2.554e-01
161897.50	1.238e-03	8.256e-01	9.571e-02
161898.50	1.613e-02	1.190e+00	-3.638e-01
161899.50	1.382e-02	1.334e+00	-1.315e-01
161900.50	7.277e-03	1.469e+00	3.898e-01
161901.50	-9.446e-03	1.402e+00	6.701e-01
161902.50	1.949e-03	9.101e-01	2.381e-01
161903.50	7.584e-03	4.138e-01	-4.493e-02
161904.50	3.754e-03	3.552e-01	-2.582e-02
161905.50	9.888e-03	1.066e+00	-1.066e-01
161906.50	1.133e-02	9.053e-01	1.594e-01
161907.50	6.269e-03	1.008e-01	-2.506e-01
161908.50	-4.512e-03	3.658e-01	-3.974e-02
161909.50	3.053e-04	1.459e+00	4.205e-01
161910.50	5.011e-03	7.344e-01	-2.448e-02
161911.50	-3.965e-04	4.973e-01	2.813e-01
161912.50	2.362e-03	6.576e-01	3.312e-02
161913.50	1.325e-02	4.598e-01	-4.138e-01
161914.50	3.398e-03	4.570e-01	-5.203e-01
161915.50	7.056e-03	1.018e+00	2.525e-01
161916.50	-9.187e-03	5.654e-01	8.198e-01
161917.50	4.176e-03	4.157e-01	-1.296e-01
161918.50	2.861e-03	1.152e+00	3.034e-01
161919.50	-4.339e-03	3.610e-01	3.408e-01
161920.50	1.594e-03	1.258e-01	-1.411e-01
161921.50	6.326e-03	8.515e-01	-1.354e-02
161922.50	7.094e-03	3.610e-01	-3.370e-01
161923.50	5.078e-03	9.264e-01	-2.064e-03
161924.50	1.382e-02	-1.901e-01	-8.419e-01
161925.50	3.168e-03	2.717e-01	-2.179e-02
161926.50	1.891e-03	5.069e-01	-5.578e-02
161927.50	-2.794e-03	4.195e-01	3.494e-01
161928.50	-1.018e-02	-2.381e-02	2.640e-01
161929.50	-3.322e-03	-1.958e-01	9.322e-02
161930.50	-5.462e-04	6.538e-01	2.621e-01
161931.50	3.456e-03	8.438e-02	7.661e-02
161932.50	2.976e-03	7.229e-01	7.402e-02
161933.50	9.427e-03	1.450e-01	-5.222e-01
161934.50	7.498e-03	2.630e-01	-1.930e-01
161935.50	1.286e-02	5.885e-01	-3.149e-01
161936.50	4.013e-03	-3.648e-03	-3.677e-01
161937.50	6.605e-04	3.792e-01	5.290e-02
161938.50	-5.683e-03	1.008e-01	4.339e-01
161939.50	-5.702e-03	1.709e-01	1.517e-01
161940.50	-1.142e-03	3.706e-01	9.264e-02
161941.50	9.110e-04	3.888e-01	-6.115e-02
161942.50	4.906e-03	2.045e-01	7.430e-03
161943.50	-6.595e-03	-1.440e-01	3.936e-01
161944.50	-1.123e-03	2.141e-01	2.784e-01
161945.50	-6.125e-03	-4.042e-02	1.805e-01
161946.50	5.635e-03	5.539e-01	6.125e-02
161947.50	1.152e-04	3.600e-01	-5.558e-02
161948.50	2.832e-03	4.310e-01	-3.696e-02
161949.50	-5.558e-03	-1.690e-02	2.938e-01
161950.50	1.613e-03	3.840e-02	-2.563e-01
161951.50	4.906e-03	2.726e-01	-3.178e-01
161952.50	-9.418e-03	3.341e-02	1.670e-01
161953.50	6.307e-03	-4.243e-02	-1.939e-01
161954.50	3.446e-03	1.709e-01	4.243e-02
161955.50	-7.824e-04	-1.334e-01	8.784e-02
161956.50	5.510e-03	-9.984e-02	-2.890e-01
161957.50	-6.538e-04	1.152e-01	1.603e-02
161958.50	3.370e-03	6.672e-01	2.150e-02
161959.50	3.264e-03	3.274e-01	2.640e-01
161960.50	2.304e-03	-1.027e-01	-1.392e-01
161961.50	-6.125e-05	1.978e-01	3.523e-04
161962.50	-4.272e-04	3.389e-01	1.344e-01
161963.50	-1.018e-03	1.123e-01	-5.021e-02
161964.50	-3.629e-03	8.640e-02	2.947e-02
161965.50	-1.258e-03	1.910e-01	1.325e-02
161966.50	-5.885e-03	-2.525e-01	1.613e-02
161967.50	2.602e-03	8.170e-02	-1.622e-01
161968.50	-3.139e-03	7.651e-02	1.834e-01
161969.50	1.853e-03	1.430e-01	-1.382e-01
161970.50	5.501e-03	2.496e-01	-2.371e-01
161971.50	3.312e-02	1.786e-01	1.699e-01
161972.50	-1.642e-02	4.522e-01	-8.736e-03
161973.50	-3.053e-03	4.752e-01	-9.485e-02
161974.50	-2.832e-03	-2.592e-01	-5.846e-02
161975.50	-1.037e-02	5.558e-02	2.928e-01
161976.50	-9.456e-03	1.862e-01	-7.181e-02
161977.50	6.874e-03	-1.901e-01	3.082e-01
161978.50	2.986e-03	-2.266e-01	1.661e-01
161979.50	-3.744e-03	-1.766e-01	5.693e-02
161980.50	2.410e-03	1.939e-01	2.400e-02
161981.50	6.758e-03	-1.584e-01	-2.218e-01
161982.50	2.784e-03	8.160e-02	-1.171e-01
161983.50	-7.776e-03	2.659e-01	3.485e-01
161984.50	4.310e-03	2.256e-01	-1.594e-01
161985.50	5.434e-03	-2.314e-01	-7.622e-02
161986.50	-1.248e-02	-1.200e-01	1.171e-01
161987.50	-2.390e-03	1.776e-01	1.488e-02
161988.50	-6.432e-05	3.110e-01	8.237e-02
161989.50	-4.560e-03	-1.296e-01	-3.581e-01
161990.50	-8.630e-04	1.574e-01	9.792e-02
161991.50	2.458e-03	3.475e-02	1.603e-02
161992.50	6.893e-03	2.496e-02	4.176e-02
161993.50	1.910e-03	1.296e-01	1.469e-01
161994.50	8.237e-04	1.805e-01	9.254e-02
161995.50	-2.170e-02	1.642e-01	1.757e-01
161996.50	8.467e-03	-1.382e-01	-2.045e-01
161997.50	-9.245e-03	-2.851e-01	1.104e-01
161998.50	-1.814e-03	-2.208e-01	3.053e-02
161999.50	7.344e-03	2.467e-01	-4.570e-02
162000.50	7.133e-04	1.123e-01	1.258e-02
162001.50	6.240e-03	-1.728e-01	-1.027e-01
162002.50	2.554e-03	1.882e-01	4.646e-02
162003.50	1.123e-02	1.891e-01	-7.690e-02
162004.50	6.365e-03	1.142e-01	-1.190e-01
162005.50	-6.365e-04	-3.677e-02	-1.238e-01
162006.50	-8.131e-03	-6.691e-02	2.170e-01
162007.50	-3.533e-03	1.565e-02	1.795e-01
162008.50	5.808e-03	1.354e-01	-1.315e-02
162009.50	5.405e-03	3.331e-03	-5.798e-02
162010.50	6.019e-03	9.542e-03	1.555e-01
162011.50	-2.266e-02	3.792e-01	1.920e-01
162012.50	-4.752e-04	1.277e-01	1.296e-01
162013.50	3.043e-04	8.669e-02	-3.370e-02
162014.50	-5.923e-03	5.184e-02	1.651e-01
162015.50	1.104e-03	9.302e-03	-1.142e-01
162016.50	5.242e-03	-2.006e-02	-2.602e-01
162017.50	5.453e-03	1.315e-01	-8.198e-02
162018.50	2.966e-03	-6.278e-02	4.906e-02
162019.50	-5.568e-03	-8.035e-03	9.581e-02
162020.50	-1.008e-02	5.645e-02	2.938e-01
162021.50	4.243e-04	1.920e-01	9.696e-03
162022.50	1.123e-03	1.402e-01	1.757e-02
162023.50	-4.762e-04	-8.736e-02	2.141e-03
162024.50	4.406e-03	-5.146e-02	-2.899e-01
162025.50	5.078e-03	1.853e-01	-1.171e-01
162026.50	-1.526e-03	-4.646e-03	1.248e-01
162027.50	3.043e-03	4.070e-02	-4.445e-02
162028.50	-1.114e-04	-1.728e-01	-1.267e-01
162029.50	-4.608e-03	1.075e-01	1.056e-01
162030.50	2.822e-04	8.486e-02	9.062e-02
162031.50	-1.075e-02	-1.805e-01	2.314e-01
162032.50	1.651e-03	-1.229e-01	-3.494e-02
162033.50	6.518e-03	1.565e-01	-2.016e-01
162034.50	-1.392e-03	-2.083e-02	1.085e-01
162035.50	1.738e-03	1.814e-01	-9.696e-02
162036.50	-2.083e-03	2.074e-02	1.056e-02
162037.50	9.466e-04	-7.200e-02	6.163e-02
162038.50	-2.064e-03	1.910e-02	1.690e-01
162039.50	-3.101e-03	-7.853e-02	1.853e-02
162040.50	-9.293e-05	1.546e-01	-6.682e-02
162041.50	-2.861e-04	-9.984e-02	-3.552e-02
162042.50	2.237e-03	6.682e-02	2.448e-02
162043.50	-5.232e-03	-2.640e-01	2.218e-01
162044.50	-2.832e-03	-9.437e-02	2.477e-02
162045.50	-2.563e-03	1.565e-01	2.102e-02
162046.50	-3.168e-03	2.726e-02	2.861e-02
162047.50	5.242e-03	1.200e-01	-1.709e-01
162048.50	2.602e-03	1.123e-03	3.715e-02
162049.50	-1.834e-03	-1.008e-01	3.542e-02
162050.50	7.939e-04	-1.498e-02	-5.866e-02
162051.50	2.371e-03	3.264e-02	1.622e-02
162052.50	9.984e-04	-1.066e-01	-2.534e-01
162053.50	-2.141e-03	-7.709e-03	-6.518e-02
162054.50	7.027e-03	-6.154e-02	-1.171e-01
162055.50	4.166e-03	5.962e-02	2.842e-02
162056.50	-3.600e-03	-2.976e-02	1.354e-01
162057.50	-3.821e-04	-6.202e-02	-4.387e-02
162058.50	5.050e-04	1.018e-01	-7.171e-02
162059.50	-2.381e-03	-1.584e-02	1.402e-01
162060.50	1.277e-03	8.611e-03	4.282e-02
162061.50	5.779e-06	1.325e-01	8.074e-02
162062.50	4.838e-04	8.035e-02	-1.066e-01
162063.50	-3.418e-03	4.810e-03	1.354e-01
162064.50	-5.040e-03	-2.669e-02	1.334e-01
162065.50	-1.056e-03	-6.864e-02	-1.171e-01
162066.50	7.046e-04	7.862e-02	4.301e-02
162067.50	-7.699e-04	-1.344e-01	-1.258e-02
162068.50	1.795e-03	-5.770e-02	-1.584e-01
162069.50	2.006e-03	6.835e-02	-8.698e-02
162070.50	6.058e-04	-4.627e-02	-2.755e-02
162071.50	-4.330e-04	3.370e-02	-3.600e-02
162072.50	1.229e-03	1.190e-01	5.338e-02
162073.50	6.346e-04	8.112e-02	4.531e-02
162074.50	8.054e-04	3.581e-02	6.557e-03
162075.50	1.421e-03	3.763e-02	-1.459e-02
162076.50	-2.486e-03	-4.762e-02	2.602e-02
162077.50	3.494e-03	-1.738e-02	-1.862e-01
162078.50	-5.078e-03	-3.677e-02	7.498e-02
162079.50	4.310e-03	8.323e-02	1.709e-02
162080.50	5.779e-03	1.325e-01	-1.258e-01
162081.50	-2.275e-03	-1.181e-01	-1.805e-01
162082.50	2.621e-03	9.792e-02	9.350e-03
162083.50	-5.040e-04	-2.957e-02	-1.075e-02
162084.50	-9.091e-04	6.614e-03	1.565e-01
162085.50	2.102e-03	2.986e-02	6.086e-03
162086.50	-2.026e-03	-1.219e-01	9.792e-02
162087.50	7.027e-04	1.027e-02	-1.603e-01
162088.50	-3.168e-04	-1.459e-02	-1.296e-02
162089.50	-4.531e-03	-1.181e-01	1.824e-01
162090.50	5.731e-03	-3.053e-02	-1.363e-01
162091.50	-4.733e-04	2.246e-01	1.728e-03
162092.50	6.422e-03	6.163e-02	-3.926e-03
162093.50	-1.690e-03	-1.277e-01	1.786e-02
162094.50	-7.498e-03	-1.354e-01	5.510e-02
162095.50	2.755e-03	7.776e-02	1.094e-02
162096.50	-2.784e-03	6.422e-02	7.709e-04
162097.50	5.741e-04	-2.640e-02	-3.178e-02
162098.50	1.296e-04	9.485e-02	-6.106e-02
162099.50	3.552e-04	-3.322e-02	-3.226e-02
162100.50	6.480e-03	1.498e-01	-4.147e-02
162101.50	2.170e-03	-4.838e-03	-5.299e-02
162102.50	7.584e-04	-1.286e-03	1.085e-01
162103.50	-1.229e-03	5.414e-02	7.459e-02
162104.50	-1.891e-03	-7.142e-02	-4.694e-02
162105.50	-2.429e-03	-2.256e-02	2.544e-02
162106.50	1.440e-04	3.494e-02	9.696e-02
162107.50	2.285e-03	1.008e-01	2.045e-03
162108.50	4.426e-04	-1.536e-02	-2.678e-02
162109.50	-2.266e-04	-6.605e-02	-5.770e-02
162110.50	2.006e-04	-5.750e-02	-1.046e-02
162111.50	-2.131e-03	-3.168e-02	4.176e-02
162112.50	-5.088e-04	4.003e-03	-8.160e-02
162113.50	6.269e-04	1.114e-02	4.502e-02
162114.50	9.446e-03	1.142e-01	-5.798e-02
162115.50	8.918e-03	7.267e-02	2.237e-02
162116.50	-9.984e-03	6.125e-02	1.958e-01
162117.50	-1.104e-02	-1.718e-02	3.072e-02
162118.50	2.659e-03	9.062e-02	2.016e-02
162119.50	2.179e-02	-1.450e-02	2.765e-02
162120.50	-1.622e-02	-2.102e-02	-1.901e-01
162121.50	8.918e-03	-1.574e-01	-3.590e-02
162122.50	-8.045e-03	-3.178e-02	2.083e-01
162123.50	-4.349e-03	9.293e-02	-2.630e-02
162124.50	8.083e-04	5.587e-02	-6.931e-02
162125.50	1.123e-02	-9.888e-02	4.608e-02
162126.50	1.334e-02	4.618e-02	-7.872e-02
162127.50	-1.238e-02	-7.162e-02	1.709e-01
162128.50	1.632e-03	-7.517e-02	-1.363e-01
162129.50	-1.786e-02	-6.154e-02	1.133e-01
162130.50	2.016e-03	-6.787e-02	-1.958e-02
162131.50	8.429e-03	2.170e-02	3.965e-02
162132.50	1.958e-03	-1.229e-01	-1.277e-01
162133.50	-1.296e-02	9.158e-03	3.946e-02
162134.50	1.536e-05	3.917e-02	-6.374e-02
162135.50	-1.114e-04	8.861e-02	-8.083e-02
162136.50	5.587e-04	1.987e-01	-6.970e-02
162137.50	-3.802e-03	3.590e-02	9.446e-02
162138.50	-5.280e-03	7.478e-02	1.210e-02
162139.50	2.938e-03	-2.323e-03	-3.734e-02
162140.50	6.624e-03	-7.718e-02	-1.219e-01
162141.50	-7.978e-04	3.043e-02	6.710e-02
162142.50	6.230e-04	-3.245e-03	1.085e-01
162143.50	9.485e-04	2.458e-04	-1.181e-01
162144.50	-5.261e-04	-9.024e-02	-6.154e-02
162145.50	-2.227e-03	-2.064e-02	1.690e-01
162146.50	3.331e-03	5.376e-02	3.149e-02
162147.50	-4.963e-04	9.888e-02	6.029e-02
162148.50	2.534e-03	-3.360e-02	-2.448e-03
162149.50	2.045e-03	-1.190e-01	-1.747e-01
162150.50	-1.507e-03	5.645e-02	4.234e-02
162151.50	-2.074e-03	-9.792e-02	1.517e-03
162152.50	7.613e-04	1.949e-02	2.544e-02
162153.50	2.390e-03	5.760e-02	-1.142e-02
162154.50	-2.170e-03	-2.448e-02	4.666e-02
162155.50	1.210e-03	7.181e-02	-3.043e-03
162156.50	4.790e-03	4.070e-03	-9.696e-03
162157.50	-1.094e-02	-4.378e-02	5.894e-02
162158.50	3.763e-03	1.037e-01	-8.035e-02
162159.50	4.944e-03	-1.238e-01	5.597e-02
162160.50	-1.094e-03	3.821e-02	1.133e-01
162161.50	-8.486e-04	-4.829e-02	2.822e-03
162162.50	8.275e-03	9.034e-02	-1.526e-01
162163.50	7.190e-03	-4.080e-02	-1.373e-01
162164.50	-1.219e-03	1.027e-02	-2.486e-02
162165.50	-3.514e-03	-2.016e-02	1.651e-02
162166.50	-9.888e-04	-7.114e-02	6.346e-02
162167.50	1.094e-02	-4.176e-02	-5.328e-02
162168.50	-3.322e-03	4.598e-03	-4.397e-02
162169.50	-3.658e-03	1.306e-01	1.094e-02
162170.50	-5.770e-03	5.798e-02	-1.632e-02
162171.50	1.162e-03	-3.350e-02	-7.286e-02
162172.50	-1.402e-03	3.850e-02	5.894e-02
162173.50	1.325e-03	-1.958e-02	8.995e-02
162174.50	-7.334e-04	-5.395e-02	4.224e-03
162175.50	2.362e-04	-6.941e-02	1.843e-02
162176.50	7.392e-03	-1.632e-03	-5.318e-02
162177.50	1.267e-02	1.056e-01	-5.434e-03
162178.50	-2.592e-02	-4.378e-02	5.443e-02
162179.50	-1.613e-02	1.171e-02	6.163e-02
162180.50	9.235e-04	7.584e-02	-2.582e-02
162181.50	2.083e-03	7.238e-04	1.603e-02
162182.50	-3.754e-04	-1.258e-02	1.382e-02
162183.50	2.150e-03	-2.640e-02	-1.392e-03
162184.50	1.210e-03	1.738e-02	9.984e-03
162185.50	-1.392e-03	6.106e-03	-5.837e-02
162186.50	3.322e-03	-6.931e-02	2.016e-02
162187.50	-4.262e-04	-9.514e-02	-4.906e-02
162188.50	-3.994e-03	2.602e-02	4.733e-02
162189.50	-1.757e-03	-2.448e-02	3.235e-02
162190.50	-2.458e-05	-7.776e-03	-6.730e-02
162191.50	7.354e-03	-1.478e-02	4.320e-02
162192.50	-6.269e-04	-3.773e-02	-1.584e-02
162193.50	-3.782e-04	-2.170e-02	-3.418e-02
162194.50	-2.995e-04	-1.354e-02	3.946e-02
162195.50	2.352e-03	-5.357e-03	-6.835e-02
162196.50	1.142e-02	1.123e-01	-3.562e-02
162197.50	-5.933e-03	-3.514e-02	8.390e-02
162198.50	3.370e-03	-2.957e-02	-8.352e-02
162199.50	2.390e-03	8.736e-04	6.787e-02
162200.50	-1.382e-03	3.773e-02	-4.704e-02
162201.50	5.338e-03	5.827e-02	-4.752e-02
162202.50	4.224e-04	-2.602e-02	1.190e-02
162203.50	-1.699e-03	3.360e-02	4.426e-02
162204.50	8.467e-04	4.214e-02	-3.158e-02
162205.50	-7.392e-03	-3.331e-02	8.054e-02
162206.50	-2.794e-03	-1.786e-02	3.542e-02
162207.50	-3.091e-03	4.666e-02	7.392e-02
162208.50	-1.978e-03	7.046e-03	1.238e-02
162209.50	2.035e-03	-2.093e-02	-1.805e-02
162210.50	1.930e-03	7.661e-02	-5.395e-02
162211.50	-1.498e-03	6.701e-02	1.776e-02
162212.50	-9.350e-04	-5.002e-02	3.965e-02
162213.50	1.949e-03	-2.256e-02	-9.283e-02
162214.50	1.171e-03	-1.056e-02	-3.686e-02
162215.50	-4.570e-04	-1.277e-02	5.203e-02
162216.50	1.622e-03	8.976e-02	3.408e-02
162217.50	-3.917e-03	-3.053e-02	6.144e-02
162218.50	-2.870e-03	-1.133e-02	1.142e-02
162219.50	1.075e-02	7.670e-02	-1.421e-01
162220.50	-6.355e-03	-7.786e-02	1.814e-02
162221.50	1.392e-03	1.190e-02	-2.573e-02
162222.50	-1.670e-03	2.218e-02	2.995e-02
162223.50	-4.704e-03	-7.555e-02	-2.400e-02
162224.50	-9.274e-04	1.584e-02	-8.026e-02
162225.50	-1.344e-03	-1.114e-01	-6.576e-02
162226.50	1.392e-03	5.530e-02	2.438e-02
162227.50	1.738e-03	1.987e-01	7.498e-02
162228.50	-9.581e-03	-4.243e-02	4.925e-02
162229.50	-1.286e-03	-4.733e-02	2.035e-02
162230.50	9.494e-04	-1.046e-02	-1.133e-02
162231.50	-2.602e-03	-3.715e-02	5.942e-02
162232.50	2.554e-03	8.525e-02	-9.581e-02
162233.50	3.072e-03	7.651e-02	2.266e-02
162234.50	-4.627e-03	-1.882e-02	4.560e-02
162235.50	-1.296e-03	-1.862e-02	1.766e-02
162236.50	4.214e-03	8.102e-02	-5.222e-02
162237.50	-2.851e-03	-3.024e-02	3.734e-02
162238.50	3.725e-04	-3.120e-02	4.426e-03
162239.50	-7.574e-03	-4.070e-02	7.814e-02
162240.50	1.008e-03	-2.218e-02	-7.104e-02
162241.50	-7.027e-04	2.064e-02	3.763e-02
162242.50	-5.645e-04	-1.824e-02	-2.458e-02
162243.50	-6.614e-03	-6.653e-02	7.766e-02
162244.50	-1.930e-03	-6.835e-02	-2.026e-02
162245.50	-9.494e-04	-1.190e-02	-3.398e-02
162246.50	2.765e-03	2.813e-02	3.773e-03
162247.50	-2.323e-03	-7.104e-02	7.632e-02
162248.50	-2.611e-03	-5.155e-02	3.341e-02
162249.50	2.275e-03	5.645e-02	1.872e-02
162250.50	2.592e-03	-3.254e-02	-4.454e-02
162251.50	2.266e-06	-5.990e-02	5.952e-02
162252.50	3.686e-03	2.006e-02	-1.766e-02
162253.50	2.938e-04	5.338e-02	-5.155e-02
162254.50	1.680e-04	9.561e-03	-2.064e-02
162255.50	6.134e-03	4.819e-02	-3.370e-02
162256.50	-3.350e-03	3.475e-02	7.613e-02
162257.50	-6.173e-03	2.602e-02	5.472e-02
162258.50	-5.088e-03	-3.360e-02	5.837e-02
162259.50	7.162e-04	3.446e-02	-5.837e-02
162260.50	6.432e-03	9.398e-03	-4.166e-02
162261.50	4.262e-03	-5.242e-02	-9.984e-02
162262.50	8.966e-05	8.688e-03	-2.381e-03
162263.50	-3.763e-04	-4.608e-02	2.918e-02
162264.50	-2.851e-03	-4.896e-02	8.976e-03
162265.50	-8.189e-03	3.456e-03	1.834e-02
162266.50	-2.976e-03	2.064e-02	1.306e-02
162267.50	2.477e-03	6.787e-02	-2.054e-02
162268.50	9.600e-04	4.118e-03	-1.766e-02
162269.50	-2.208e-03	6.202e-03	6.202e-02
162270.50	1.939e-03	9.984e-03	-3.600e-02
162271.50	-4.138e-04	-2.794e-02	-1.162e-02
162272.50	-1.651e-03	-3.120e-02	3.898e-02
162273.50	7.546e-03	3.398e-02	-6.586e-02
162274.50	9.984e-04	-4.646e-02	-4.694e-03
162275.50	-1.430e-03	6.826e-04	-1.392e-02
162276.50	-1.421e-03	7.613e-04	-3.302e-02
162277.50	4.128e-04	4.262e-03	-1.210e-02
162278.50	-2.486e-03	8.918e-03	5.222e-02
162279.50	2.678e-03	-2.755e-02	8.275e-03
