161681.50	0.000e+00	0.000e+00	0.000e+00
161682.50	0.000e+00	0.000e+00	0.000e+00
161683.50	0.000e+00	0.000e+00	0.000e+00
161684.50	0.000e+00	0.000e+00	0.000e+00
161685.50	0.000e+00	0.000e+00	0.000e+00
161686.50	0.000e+00	0.000e+00	0.000e+00
161687.50	0.000e+00	0.000e+00	0.000e+00
161688.50	0.000e+00	0.000e+00	0.000e+00
161689.50	0.000e+00	0.000e+00	0.000e+00
161690.50	0.000e+00	0.000e+00	0.000e+00
161691.50	0.000e+00	0.000e+00	0.000e+00
161692.50	0.000e+00	0.000e+00	0.000e+00
161693.50	0.000e+00	0.000e+00	0.000e+00
161694.50	0.000e+00	0.000e+00	0.000e+00
161695.50	0.000e+00	0.000e+00	0.000e+00
161696.50	0.000e+00	0.000e+00	0.000e+00
161697.50	0.000e+00	0.000e+00	0.000e+00
161698.50	0.000e+00	0.000e+00	0.000e+00
161699.50	0.000e+00	0.000e+00	0.000e+00
161700.50	0.000e+00	0.000e+00	0.000e+00
161701.50	0.000e+00	0.000e+00	0.000e+00
161702.50	0.000e+00	0.000e+00	0.000e+00
161703.50	0.000e+00	0.000e+00	0.000e+00
161704.50	0.000e+00	0.000e+00	0.000e+00
161705.50	0.000e+00	0.000e+00	0.000e+00
161706.50	0.000e+00	0.000e+00	0.000e+00
161707.50	0.000e+00	0.000e+00	0.000e+00
161708.50	0.000e+00	0.000e+00	0.000e+00
161709.50	0.000e+00	0.000e+00	0.000e+00
161710.50	0.000e+00	0.000e+00	0.000e+00
161711.50	0.000e+00	0.000e+00	0.000e+00
161712.50	0.000e+00	0.000e+00	0.000e+00
161713.50	0.000e+00	0.000e+00	0.000e+00
161714.50	0.000e+00	0.000e+00	0.000e+00
161715.50	0.000e+00	0.000e+00	0.000e+00
161716.50	0.000e+00	0.000e+00	0.000e+00
161717.50	0.000e+00	0.000e+00	0.000e+00
161718.50	0.000e+00	0.000e+00	0.000e+00
161719.50	0.000e+00	0.000e+00	0.000e+00
161720.50	0.000e+00	0.000e+00	0.000e+00
161721.50	0.000e+00	0.000e+00	0.000e+00
161722.50	0.000e+00	0.000e+00	0.000e+00
161723.50	0.000e+00	0.000e+00	0.000e+00
161724.50	0.000e+00	0.000e+00	0.000e+00
161725.50	0.000e+00	0.000e+00	0.000e+00
161726.50	0.000e+00	0.000e+00	0.000e+00
161727.50	0.000e+00	0.000e+00	0.000e+00
161728.50	0.000e+00	0.000e+00	0.000e+00
161729.50	0.000e+00	0.000e+00	0.000e+00
161730.50	0.000e+00	0.000e+00	0.000e+00
161731.50	0.000e+00	0.000e+00	0.000e+00
161732.50	0.000e+00	0.000e+00	0.000e+00
161733.50	0.000e+00	0.000e+00	0.000e+00
161734.50	0.000e+00	0.000e+00	0.000e+00
161735.50	0.000e+00	0.000e+00	0.000e+00
161736.50	0.000e+00	0.000e+00	0.000e+00
161737.50	0.000e+00	0.000e+00	0.000e+00
161738.50	0.000e+00	0.000e+00	0.000e+00
161739.50	0.000e+00	0.000e+00	0.000e+00
161740.50	0.000e+00	0.000e+00	0.000e+00
161741.50	0.000e+00	0.000e+00	0.000e+00
161742.50	0.000e+00	0.000e+00	0.000e+00
161743.50	0.000e+00	0.000e+00	0.000e+00
161744.50	0.000e+00	0.000e+00	0.000e+00
161745.50	0.000e+00	0.000e+00	0.000e+00
161746.50	0.000e+00	0.000e+00	0.000e+00
161747.50	0.000e+00	0.000e+00	0.000e+00
161748.50	0.000e+00	0.000e+00	0.000e+00
161749.50	0.000e+00	0.000e+00	0.000e+00
161750.50	0.000e+00	0.000e+00	0.000e+00
161751.50	0.000e+00	0.000e+00	0.000e+00
161752.50	0.000e+00	0.000e+00	0.000e+00
161753.50	0.000e+00	0.000e+00	0.000e+00
161754.50	0.000e+00	0.000e+00	0.000e+00
161755.50	0.000e+00	0.000e+00	0.000e+00
161756.50	0.000e+00	0.000e+00	0.000e+00
161757.50	0.000e+00	0.000e+00	0.000e+00
161758.50	0.000e+00	0.000e+00	0.000e+00
161759.50	0.000e+00	0.000e+00	0.000e+00
161760.50	0.000e+00	0.000e+00	0.000e+00
161761.50	0.000e+00	0.000e+00	0.000e+00
161762.50	0.000e+00	0.000e+00	0.000e+00
161763.50	0.000e+00	0.000e+00	0.000e+00
161764.50	0.000e+00	0.000e+00	0.000e+00
161765.50	0.000e+00	0.000e+00	0.000e+00
161766.50	0.000e+00	0.000e+00	0.000e+00
161767.50	0.000e+00	0.000e+00	0.000e+00
161768.50	0.000e+00	0.000e+00	0.000e+00
161769.50	0.000e+00	0.000e+00	0.000e+00
161770.50	0.000e+00	0.000e+00	0.000e+00
161771.50	0.000e+00	0.000e+00	0.000e+00
161772.50	0.000e+00	0.000e+00	0.000e+00
161773.50	0.000e+00	0.000e+00	0.000e+00
161774.50	0.000e+00	0.000e+00	0.000e+00
161775.50	0.000e+00	0.000e+00	0.000e+00
161776.50	0.000e+00	0.000e+00	0.000e+00
161777.50	0.000e+00	0.000e+00	0.000e+00
161778.50	0.000e+00	0.000e+00	0.000e+00
161779.50	0.000e+00	0.000e+00	0.000e+00
161780.50	0.000e+00	0.000e+00	0.000e+00
161781.50	0.000e+00	0.000e+00	0.000e+00
161782.50	0.000e+00	0.000e+00	0.000e+00
161783.50	0.000e+00	0.000e+00	0.000e+00
161784.50	-6.365e-06	-1.258e-03	5.011e-03
161785.50	1.834e-04	-7.459e-03	-2.160e-02
161786.50	-8.448e-05	-1.507e-03	1.267e-02
161787.50	6.154e-05	6.298e-03	3.562e-03
161788.50	-2.669e-05	5.981e-03	6.634e-03
161789.50	9.302e-05	-3.427e-03	-1.114e-02
161790.50	3.293e-04	-1.488e-03	9.696e-03
161791.50	2.064e-04	-4.598e-03	1.248e-02
161792.50	-1.555e-04	-1.238e-02	-2.208e-02
161793.50	-1.066e-04	1.699e-02	-1.315e-03
161794.50	-2.083e-04	2.506e-02	9.091e-03
161795.50	1.008e-03	-5.578e-03	-2.179e-02
161796.50	3.254e-04	-1.229e-02	-3.082e-02
161797.50	3.504e-04	-1.037e-01	-3.936e-03
161798.50	-1.152e-04	-2.861e-02	1.027e-01
161799.50	4.560e-05	1.018e-01	1.594e-01
161800.50	-4.483e-03	-6.451e-02	1.507e-01
161801.50	2.467e-03	1.997e-02	-3.523e-01
161802.50	-7.776e-04	-2.486e-02	9.984e-02
161803.50	1.661e-03	1.786e-01	1.286e-03
161804.50	-1.603e-03	-5.549e-01	-6.067e-02
161805.50	-6.720e-03	-7.066e-01	3.168e-01
161806.50	-5.098e-03	-1.046e+00	2.438e-01
161807.50	-4.291e-03	-4.157e+00	-2.784e-01
161808.50	-4.858e-02	-1.670e+01	8.102e-01
161809.50	-7.795e-02	-4.934e+01	-2.966e+00
161810.50	-2.525e-01	-1.142e+02	5.261e-01
161811.50	-4.349e-01	-2.294e+02	-3.110e+00
161812.50	-6.768e-01	-3.504e+02	-1.325e+00
161813.50	-6.326e-01	-2.928e+02	9.274e+00
161814.50	-5.798e-01	-3.725e+02	-6.749e+00
161815.50	-1.440e-01	-1.507e+02	-4.570e+00
161816.50	1.795e-01	3.744e+01	-2.957e+00
161817.50	2.477e-01	1.171e+02	3.341e+00
161818.50	3.139e-01	1.258e+02	-2.400e+00
161819.50	2.256e-01	1.190e+02	2.554e+00
161820.50	2.602e-01	9.984e+01	-4.704e+00
161821.50	2.170e-01	8.746e+01	-3.312e+00
161822.50	1.171e-01	7.882e+01	4.195e+00
161823.50	8.851e-02	6.970e+01	3.917e+00
161824.50	1.277e-01	5.626e+01	-1.094e+00
161825.50	1.210e-01	5.750e+01	-7.709e-01
161826.50	1.286e-01	5.251e+01	-3.274e+00
161827.50	1.018e-01	4.618e+01	-1.968e+00
161828.50	9.264e-02	4.397e+01	-6.442e-01
161829.50	4.531e-02	3.590e+01	1.939e+00
161830.50	5.165e-02	3.619e+01	1.066e+00
161831.50	6.854e-02	3.187e+01	-1.315e+00
161832.50	2.323e-02	2.909e+01	2.525e+00
161833.50	2.438e-02	2.966e+01	2.813e+00
161834.50	3.187e-02	2.477e+01	1.536e+00
161835.50	4.800e-02	2.074e+01	-1.680e+00
161836.50	4.147e-02	1.930e+01	-6.317e-01
161837.50	3.197e-02	1.949e+01	-4.723e-01
161838.50	2.947e-02	1.728e+01	-1.133e-01
161839.50	1.123e-02	1.843e+01	1.930e+00
161840.50	1.862e-02	1.565e+01	5.789e-01
161841.50	2.966e-02	1.786e+01	4.339e-01
161842.50	2.179e-02	1.661e+01	6.269e-01
161843.50	6.662e-03	1.315e+01	1.632e-01
161844.50	5.645e-02	1.459e+01	-2.928e+00
161845.50	1.536e-02	1.056e+01	-3.139e-01
161846.50	2.410e-02	1.046e+01	-2.218e-01
161847.50	1.526e-02	1.037e+01	-4.685e-01
161848.50	-1.210e-02	1.085e+01	2.371e+00
161849.50	-1.315e-03	8.179e+00	9.552e-01
161850.50	1.642e-02	8.256e+00	-5.712e-01
161851.50	4.416e-03	8.726e+00	3.523e-01
161852.50	6.490e-03	8.352e+00	1.114e+00
161853.50	1.325e-03	7.507e+00	1.584e+00
161854.50	1.901e-02	7.190e+00	-9.984e-01
161855.50	1.459e-02	5.395e+00	-6.077e-01
161856.50	-1.258e-02	6.806e+00	1.565e+00
161857.50	-9.888e-03	6.115e+00	1.728e+00
161858.50	8.198e-03	5.894e+00	-3.850e-01
161859.50	8.899e-04	4.051e+00	3.571e-01
161860.50	9.312e-03	4.013e+00	1.622e-02
161861.50	2.755e-03	4.829e+00	-2.611e-01
161862.50	-3.456e-03	4.368e+00	-1.315e-01
161863.50	1.056e-02	4.752e+00	1.085e-01
161864.50	1.219e-02	5.482e+00	-3.158e-01
161865.50	-4.176e-03	3.312e+00	5.338e-01
161866.50	3.763e-03	3.552e+00	4.301e-01
161867.50	4.733e-03	3.312e+00	3.302e-01
161868.50	4.992e-03	2.784e+00	6.941e-02
161869.50	-5.827e-03	2.659e+00	-1.478e-01
161870.50	-3.466e-03	4.339e+00	7.814e-01
161871.50	7.286e-03	2.909e+00	-1.142e-01
161872.50	-2.707e-03	2.947e+00	2.909e-01
161873.50	1.181e-02	2.669e+00	-3.984e-01
161874.50	1.411e-03	1.949e+00	2.544e-01
161875.50	4.541e-03	1.882e+00	-6.528e-01
161876.50	-7.661e-03	2.083e+00	6.893e-01
161877.50	1.594e-02	2.102e+00	-2.218e-01
161878.50	8.986e-04	2.381e+00	-1.277e-01
161879.50	-7.642e-03	2.717e+00	6.192e-01
161880.50	6.403e-03	2.256e+00	-2.726e-01
161881.50	-3.514e-03	5.059e-01	-2.371e-01
161882.50	6.154e-03	1.200e+00	-4.301e-01
161883.50	8.678e-03	1.622e+00	-1.584e-01
161884.50	-3.725e-03	1.757e+00	4.646e-01
161885.50	3.389e-03	1.392e+00	-4.915e-01
161886.50	-6.202e-03	1.306e+00	1.709e-01
161887.50	-2.054e-03	2.160e+00	1.104e-01
161888.50	6.144e-03	1.114e+00	-4.176e-01
161889.50	7.670e-03	5.683e-01	-1.181e-01
161890.50	2.429e-04	1.114e+00	3.398e-01
161891.50	4.915e-03	5.472e-01	-1.248e-01
161892.50	-3.667e-03	1.334e+00	8.880e-02
161893.50	-6.154e-03	1.373e+00	2.611e-01
161894.50	-2.832e-04	6.528e-01	3.715e-01
161895.50	6.250e-04	1.651e+00	3.946e-01
161896.50	4.166e-03	7.315e-01	-1.795e-01
161897.50	-1.594e-03	3.946e-01	3.024e-01
161898.50	7.008e-03	1.104e+00	-7.584e-01
161899.50	-9.600e-03	7.373e-01	2.947e-01
161900.50	3.043e-03	5.981e-01	-5.635e-02
161901.50	7.536e-04	7.517e-01	4.829e-03
161902.50	5.251e-03	6.413e-01	-1.094e-01
161903.50	-8.141e-03	1.469e-01	-9.312e-02
161904.50	-2.611e-03	4.656e-01	1.238e-01
161905.50	-1.555e-03	8.861e-01	-1.536e-01
161906.50	2.400e-03	8.035e-01	-1.814e-01
161907.50	-5.750e-03	8.371e-01	6.394e-01
161908.50	-4.387e-03	9.581e-01	3.226e-01
161909.50	1.315e-03	6.067e-01	-2.736e-01
161910.50	6.739e-03	2.419e-01	-3.619e-01
161911.50	7.008e-03	8.256e-01	-4.954e-02
161912.50	-1.325e-02	2.122e-01	2.870e-01
161913.50	-1.085e-03	2.506e-01	3.955e-01
161914.50	1.498e-02	8.064e-01	-4.963e-01
161915.50	2.237e-04	-7.459e-02	8.256e-03
161916.50	-3.254e-04	2.698e-01	-1.824e-01
161917.50	8.842e-04	3.706e-01	1.632e-01
161918.50	-1.949e-03	5.299e-01	-2.918e-02
161919.50	6.125e-04	4.675e-01	2.390e-02
161920.50	2.237e-03	4.608e-01	-3.283e-01
161921.50	4.867e-04	6.653e-01	-4.733e-02
161922.50	-9.600e-04	4.877e-02	-2.938e-01
161923.50	2.678e-03	4.560e-01	-8.496e-02
161924.50	-8.141e-04	3.677e-02	6.643e-02
161925.50	2.323e-03	4.896e-01	-2.006e-01
161926.50	-4.445e-03	3.782e-01	3.437e-01
161927.50	-1.574e-03	3.965e-01	5.050e-01
161928.50	-2.736e-03	1.757e-01	4.982e-04
161929.50	-4.090e-03	7.056e-02	3.706e-02
161930.50	6.384e-03	2.150e-01	-3.283e-01
161931.50	2.794e-03	-2.006e-01	-5.194e-02
161932.50	4.723e-04	2.112e-01	1.114e-03
161933.50	-2.928e-03	1.910e-01	-1.219e-01
161934.50	1.584e-03	4.445e-01	-5.510e-02
161935.50	2.746e-03	3.955e-01	3.235e-01
161936.50	-9.888e-03	4.963e-01	2.198e-01
161937.50	-4.810e-03	2.573e-01	3.322e-01
161938.50	-4.493e-03	1.133e-01	3.053e-02
161939.50	9.696e-03	-1.267e-01	-5.981e-01
161940.50	3.562e-03	4.925e-01	-2.506e-01
161941.50	2.544e-04	2.592e-01	1.939e-01
161942.50	3.408e-03	1.891e-01	-1.018e-02
161943.50	3.283e-03	4.358e-01	-5.626e-02
161944.50	-9.552e-03	-1.258e-01	4.474e-01
161945.50	-6.000e-03	9.370e-02	4.483e-01
161946.50	2.064e-03	5.654e-02	5.280e-02
161947.50	-7.968e-03	-5.146e-02	5.213e-02
161948.50	5.654e-05	1.315e-01	-1.171e-01
161949.50	1.834e-03	5.050e-01	-4.714e-02
161950.50	-2.861e-03	-4.358e-03	8.266e-03
161951.50	3.946e-03	1.382e-01	-3.494e-01
161952.50	4.944e-03	-2.918e-02	-1.421e-02
161953.50	-1.853e-03	9.418e-02	2.218e-01
161954.50	-1.075e-03	3.264e-01	3.082e-01
161955.50	4.243e-04	-1.670e-01	-1.978e-01
161956.50	-1.834e-03	-3.533e-02	3.734e-02
161957.50	-6.922e-04	2.198e-01	-1.555e-01
161958.50	2.525e-03	7.104e-02	-2.064e-01
161959.50	3.802e-03	1.910e-01	-3.523e-02
161960.50	4.512e-03	8.726e-03	-3.178e-01
161961.50	-3.802e-03	3.072e-01	6.547e-03
161962.50	1.171e-02	7.382e-02	-2.304e-01
161963.50	6.826e-04	1.584e-01	-2.688e-03
161964.50	2.285e-04	1.114e-01	6.662e-02
161965.50	5.750e-04	1.939e-01	-2.947e-03
161966.50	-5.088e-03	7.718e-02	3.984e-01
161967.50	3.734e-03	1.891e-01	1.478e-01
161968.50	1.728e-04	6.163e-02	-4.426e-03
161969.50	-7.805e-03	-2.573e-01	-4.186e-02
161970.50	6.730e-03	9.360e-03	-1.267e-01
161971.50	-7.037e-04	1.728e-01	1.229e-01
161972.50	-1.459e-02	1.325e-01	2.275e-01
161973.50	-3.523e-03	1.632e-01	-2.054e-01
161974.50	7.565e-03	1.267e-01	-1.306e-01
161975.50	2.381e-03	-2.515e-02	-1.046e-02
161976.50	-9.235e-03	6.864e-02	1.526e-01
161977.50	-6.029e-04	8.227e-02	7.354e-02
161978.50	1.094e-03	-2.707e-02	-5.827e-02
161979.50	-6.912e-03	1.190e-01	-4.349e-02
161980.50	4.483e-03	2.266e-01	-9.456e-02
161981.50	-1.075e-02	3.936e-02	8.294e-02
161982.50	4.042e-03	-1.037e-01	-3.206e-02
161983.50	9.552e-03	1.066e-01	-2.726e-02
161984.50	-8.150e-04	-2.755e-02	1.162e-01
161985.50	3.130e-03	2.314e-02	-2.822e-02
161986.50	5.069e-03	-1.142e-01	-7.056e-02
161987.50	-1.267e-02	-8.640e-02	1.066e-01
161988.50	-1.680e-03	1.690e-01	-3.955e-02
161989.50	6.451e-03	3.062e-01	1.939e-02
161990.50	-2.438e-03	-8.717e-02	-3.734e-03
161991.50	1.978e-03	5.798e-02	-4.090e-02
161992.50	1.795e-03	1.546e-01	-1.747e-01
161993.50	-5.702e-03	-5.194e-02	8.582e-02
161994.50	-6.019e-03	2.486e-02	3.994e-01
161995.50	-8.390e-05	4.176e-02	-7.958e-02
161996.50	-3.600e-04	3.024e-01	1.958e-01
161997.50	-5.616e-03	1.094e-01	1.363e-01
161998.50	-2.506e-03	9.456e-02	1.594e-01
161999.50	7.258e-03	1.709e-01	-4.454e-02
162000.50	-9.235e-04	-2.074e-03	6.528e-02
162001.50	1.123e-02	-1.709e-01	1.613e-02
162002.50	7.152e-03	4.896e-02	4.886e-02
162003.50	-2.323e-02	-5.616e-02	5.846e-02
162004.50	-7.594e-03	-8.832e-02	-2.074e-01
162005.50	-2.650e-04	1.248e-01	-3.763e-02
162006.50	4.781e-03	5.251e-02	-5.126e-03
162007.50	2.314e-03	1.142e-01	-2.054e-01
162008.50	3.485e-03	5.731e-02	-6.960e-02
162009.50	3.053e-05	5.002e-02	2.064e-01
162010.50	2.659e-03	2.016e-01	6.106e-02
162011.50	-5.357e-03	-2.726e-02	1.402e-01
162012.50	-5.962e-03	4.070e-02	-1.363e-01
162013.50	-1.949e-03	-6.701e-02	1.997e-01
162014.50	7.104e-04	9.149e-02	1.334e-01
162015.50	4.368e-04	-1.459e-01	8.150e-02
162016.50	-8.611e-04	2.112e-02	-1.363e-01
162017.50	-2.515e-03	-9.542e-02	-9.360e-02
162018.50	-6.874e-04	1.075e-01	2.976e-02
162019.50	3.139e-03	9.466e-02	-9.158e-03
162020.50	5.222e-03	1.824e-01	-2.045e-01
162021.50	-8.006e-04	2.477e-02	1.162e-01
162022.50	1.584e-03	-1.046e-01	-1.190e-02
162023.50	-2.755e-03	1.958e-01	-9.696e-02
162024.50	-5.702e-03	-9.062e-02	5.318e-02
162025.50	-8.237e-04	9.139e-02	1.046e-01
162026.50	-1.382e-03	9.581e-03	4.234e-02
162027.50	1.536e-03	-6.941e-02	8.294e-02
162028.50	-1.066e-03	3.389e-03	-3.840e-02
162029.50	4.954e-04	-1.805e-01	-1.306e-01
162030.50	1.238e-03	1.507e-01	8.678e-02
162031.50	-4.330e-03	1.277e-01	1.891e-01
162032.50	2.323e-04	-8.227e-02	-1.344e-01
162033.50	-2.880e-03	3.907e-02	1.728e-01
162034.50	1.344e-03	-9.206e-02	-2.928e-02
162035.50	5.674e-03	1.344e-01	-2.390e-01
162036.50	-1.718e-03	2.294e-01	8.554e-02
162037.50	2.707e-04	-2.285e-01	-5.539e-02
162038.50	-2.189e-03	5.539e-02	-8.074e-02
162039.50	-2.554e-04	-2.285e-01	-2.928e-02
162040.50	-3.264e-04	4.934e-02	9.552e-02
162041.50	4.061e-03	2.774e-02	-6.182e-03
162042.50	-3.773e-04	4.502e-02	6.250e-02
162043.50	-3.322e-03	4.147e-02	3.379e-02
162044.50	2.237e-02	2.947e-02	1.613e-01
162045.50	8.630e-03	9.427e-02	7.968e-02
162046.50	-2.506e-02	7.258e-03	-1.181e-01
162047.50	-1.152e-03	5.280e-02	-3.994e-02
162048.50	-1.997e-02	1.853e-01	-3.552e-01
162049.50	2.122e-02	-2.189e-01	1.142e-01
162050.50	4.397e-03	-1.229e-02	5.827e-02
162051.50	-2.525e-03	-8.861e-02	2.112e-01
162052.50	-4.454e-04	1.776e-02	-8.851e-02
162053.50	4.714e-03	-3.398e-01	-1.037e-01
162054.50	-1.056e-03	4.349e-02	1.642e-02
162055.50	2.016e-03	1.834e-01	1.440e-01
162056.50	-2.794e-04	6.509e-02	-6.269e-02
162057.50	-1.325e-03	-1.997e-02	-2.419e-02
162058.50	-3.686e-03	-1.843e-01	-1.085e-01
162059.50	4.080e-03	-2.323e-02	-6.317e-02
162060.50	-9.322e-04	3.485e-02	-3.878e-02
162061.50	-5.818e-04	-1.459e-01	-2.774e-02
162062.50	-2.506e-03	1.853e-01	8.179e-02
162063.50	4.896e-04	4.493e-02	-8.410e-02
162064.50	-1.920e-03	9.418e-02	6.826e-02
162065.50	-1.862e-04	6.144e-02	-1.382e-01
162066.50	3.869e-04	9.533e-02	-5.837e-02
162067.50	-1.824e-03	1.277e-01	1.901e-01
162068.50	3.466e-03	2.486e-03	-6.749e-02
162069.50	9.984e-05	-1.584e-02	-7.373e-02
162070.50	-4.512e-04	-5.472e-02	-7.901e-02
162071.50	1.066e-01	-2.237e-01	2.208e-01
162072.50	4.339e-02	-3.955e-02	2.563e-01
162073.50	9.888e-04	-1.248e-01	-3.629e-02
162074.50	-1.382e-03	-1.382e-01	-3.024e-02
162075.50	5.443e-03	-3.917e-02	-7.718e-02
162076.50	4.032e-03	-3.283e-02	-5.232e-03
162077.50	4.291e-03	8.611e-02	-7.862e-02
162078.50	-2.246e-03	1.056e-01	3.254e-02
162079.50	-1.238e-02	-2.054e-02	4.992e-02
162080.50	-4.771e-04	-6.115e-02	-8.400e-02
162081.50	-1.200e-03	-8.256e-03	-8.861e-02
162082.50	-1.104e-03	-6.202e-03	-4.464e-02
162083.50	-8.813e-04	-6.077e-03	4.704e-02
162084.50	-1.469e-03	1.968e-01	1.037e-01
162085.50	-3.821e-03	-9.523e-02	5.856e-02
162086.50	3.744e-03	-9.091e-03	-8.966e-02
162087.50	9.341e-04	-6.470e-04	7.402e-02
162088.50	-3.754e-04	9.696e-02	4.781e-02
162089.50	9.984e-03	3.571e-03	8.688e-03
162090.50	7.939e-03	1.843e-02	-1.488e-01
162091.50	-4.886e-03	4.522e-02	3.600e-02
162092.50	-1.210e-02	7.901e-02	6.346e-02
162093.50	2.438e-03	8.275e-02	-3.274e-02
162094.50	1.469e-01	-4.685e-01	-6.173e-03
162095.50	8.246e-03	-9.101e-02	-4.589e-02
162096.50	-5.251e-02	1.622e-01	-5.894e-02
162097.50	-1.171e-01	3.226e-01	-1.248e-01
162098.50	3.245e-03	2.419e-03	1.872e-01
162099.50	-3.072e-04	5.952e-02	1.930e-02
162100.50	-3.274e-04	-6.010e-02	1.469e-02
162101.50	6.115e-04	-1.862e-03	1.200e-03
162102.50	-2.794e-03	1.536e-02	5.923e-02
162103.50	1.680e-03	-4.627e-02	-1.171e-01
162104.50	-2.122e-04	2.496e-02	-3.168e-02
162105.50	1.920e-03	8.707e-02	-2.774e-02
162106.50	-1.133e-02	1.546e-01	1.315e-01
162107.50	-1.373e-02	-1.392e-01	-2.947e-02
162108.50	1.786e-03	6.538e-02	-8.400e-02
162109.50	4.080e-03	9.139e-02	-4.118e-02
162110.50	2.246e-03	-8.141e-02	-1.910e-03
162111.50	-1.766e-02	-5.107e-02	1.325e-02
162112.50	-1.085e-03	1.325e-03	5.270e-02
162113.50	3.782e-04	8.256e-04	-3.523e-02
162114.50	2.285e-03	-3.610e-02	-7.613e-02
162115.50	6.154e-03	-3.696e-02	-4.752e-02
162116.50	-3.686e-06	-9.418e-03	1.670e-01
162117.50	-4.704e-02	-1.690e-01	9.984e-02
162118.50	1.219e-02	5.818e-02	-1.757e-01
162119.50	-1.440e-02	-5.693e-02	1.315e-01
162120.50	1.306e-02	1.142e-01	1.306e-02
162121.50	8.102e-03	3.187e-02	-5.174e-02
162122.50	-1.498e-03	1.766e-02	8.736e-02
162123.50	-2.026e-02	1.402e-01	3.197e-02
162124.50	2.045e-02	7.450e-02	6.221e-02
162125.50	1.325e-02	2.458e-02	-6.739e-02
162126.50	-3.014e-03	3.187e-02	6.816e-02
162127.50	-9.984e-03	-1.200e-03	7.363e-02
162128.50	2.448e-02	5.683e-04	-2.131e-01
162129.50	2.477e-02	1.901e-01	1.507e-01
162130.50	-9.984e-02	7.555e-02	-2.256e-01
162131.50	-3.667e-02	-9.600e-02	-1.133e-01
162132.50	3.120e-04	-3.792e-02	-1.738e-01
162133.50	4.301e-03	1.450e-02	1.757e-02
162134.50	4.992e-03	3.610e-02	5.357e-02
162135.50	-3.302e-04	2.774e-02	5.520e-02
162136.50	1.037e-03	-1.334e-02	9.110e-03
162137.50	-6.048e-04	-5.837e-03	-1.997e-02
162138.50	2.602e-03	-1.094e-01	-1.296e-01
162139.50	-4.733e-03	2.938e-02	6.547e-02
162140.50	-8.189e-03	4.570e-02	1.939e-02
162141.50	6.701e-03	-8.765e-02	-9.062e-02
162142.50	-1.670e-02	-4.474e-02	1.142e-01
162143.50	7.104e-04	8.266e-02	-3.379e-02
162144.50	1.872e-03	1.133e-01	-5.952e-02
162145.50	-4.224e-03	-3.869e-02	-1.296e-02
162146.50	2.736e-04	1.690e-02	-5.107e-02
162147.50	-1.670e-03	1.430e-01	9.178e-03
162148.50	1.085e-02	-5.270e-02	-2.064e-02
162149.50	1.910e-03	-3.331e-03	-1.536e-02
162150.50	9.408e-03	-6.854e-02	-5.376e-02
162151.50	4.925e-03	-7.430e-02	-9.984e-03
162152.50	-5.347e-03	3.974e-02	4.877e-02
162153.50	4.234e-03	-4.387e-02	8.784e-02
162154.50	3.686e-04	-1.018e-01	7.152e-02
162155.50	-1.315e-03	2.410e-02	1.085e-02
162156.50	-1.392e-03	6.739e-02	6.701e-02
162157.50	-1.699e-03	9.696e-02	3.168e-02
162158.50	1.910e-04	-3.283e-02	4.694e-02
162159.50	-4.090e-03	1.171e-02	2.650e-02
162160.50	3.696e-03	-6.624e-02	-4.493e-02
162161.50	3.130e-03	-4.310e-02	-1.123e-01
162162.50	-8.486e-03	1.334e-02	-1.997e-02
162163.50	-8.698e-03	-7.603e-02	5.837e-02
162164.50	-3.859e-03	-4.147e-02	-4.800e-02
162165.50	-2.765e-03	-1.018e-01	1.853e-02
162166.50	1.814e-03	3.254e-02	1.142e-02
162167.50	-3.379e-03	-2.899e-02	2.592e-02
162168.50	4.454e-03	6.154e-02	-6.336e-02
162169.50	2.995e-03	-4.541e-02	8.342e-02
162170.50	7.853e-03	5.894e-02	-3.168e-02
162171.50	-7.747e-03	-5.251e-03	2.640e-02
162172.50	-5.184e-03	-1.219e-01	-2.371e-03
162173.50	-1.267e-03	-4.877e-03	6.662e-02
162174.50	4.781e-03	-5.386e-03	-5.971e-02
162175.50	3.283e-04	-3.034e-02	-1.382e-02
162176.50	-9.696e-04	-1.555e-02	-2.410e-02
162177.50	1.162e-03	-6.422e-03	-6.701e-03
162178.50	4.301e-03	1.987e-01	4.666e-02
162179.50	3.264e-02	2.410e-01	9.984e-02
162180.50	-8.803e-04	3.696e-02	-1.872e-02
162181.50	9.984e-03	1.766e-02	-7.574e-02
162182.50	2.246e-04	1.536e-02	2.179e-02
162183.50	4.819e-03	3.840e-02	-1.200e-01
162184.50	1.546e-02	4.560e-03	-1.834e-01
162185.50	-3.821e-02	-2.467e-01	1.814e-01
162186.50	-2.928e-02	-3.034e-03	-3.101e-02
162187.50	-2.266e-03	3.571e-02	4.253e-02
162188.50	3.610e-03	-9.341e-02	-9.561e-02
162189.50	-2.726e-03	-4.483e-02	5.683e-02
162190.50	-4.282e-03	-6.307e-02	9.005e-02
162191.50	-4.243e-03	1.181e-01	2.515e-02
162192.50	2.486e-03	7.018e-02	-1.843e-02
162193.50	-3.178e-03	2.774e-03	3.619e-02
162194.50	1.872e-02	1.824e-02	-1.565e-02
162195.50	8.016e-04	8.333e-03	-4.762e-02
162196.50	-1.094e-04	1.459e-02	-1.027e-01
162197.50	5.165e-04	-9.542e-02	3.542e-02
162198.50	-2.333e-03	6.125e-02	3.178e-03
162199.50	1.690e-04	2.813e-02	4.886e-02
162200.50	-8.400e-05	-2.688e-02	3.226e-02
162201.50	-2.861e-04	-2.371e-02	8.918e-02
162202.50	2.467e-04	6.374e-02	-5.568e-02
162203.50	1.843e-03	4.080e-02	4.224e-02
162204.50	-5.856e-04	-7.008e-03	2.458e-02
162205.50	1.315e-03	-1.805e-04	2.208e-02
162206.50	-1.555e-05	3.485e-02	1.114e-03
162207.50	-1.037e-03	7.008e-02	3.782e-03
162208.50	-1.718e-03	-3.331e-02	6.595e-03
162209.50	2.486e-04	5.894e-02	-4.291e-02
162210.50	-6.077e-04	6.528e-02	1.958e-02
162211.50	-5.069e-04	-9.792e-03	-5.587e-02
162212.50	2.554e-04	-2.813e-02	-1.891e-02
162213.50	1.565e-03	-9.206e-02	1.478e-02
162214.50	-3.187e-04	-2.237e-02	1.229e-02
162215.50	-2.035e-03	-2.246e-02	8.755e-03
162216.50	1.094e-03	-8.842e-02	6.518e-03
162217.50	-1.171e-03	9.091e-03	-5.366e-02
162218.50	1.430e-03	-7.027e-02	2.218e-02
162219.50	7.728e-04	-3.686e-02	3.446e-02
162220.50	1.238e-04	1.104e-02	3.456e-02
162221.50	-8.976e-04	6.595e-02	-1.939e-02
162222.50	1.066e-03	2.371e-02	-5.990e-02
162223.50	-1.670e-03	2.093e-03	2.314e-02
162224.50	-1.114e-04	-3.062e-02	6.499e-04
162225.50	4.474e-04	1.046e-02	4.925e-02
162226.50	4.243e-04	7.133e-02	5.117e-03
162227.50	-6.259e-04	6.749e-03	2.256e-03
162228.50	-1.421e-03	4.493e-02	-3.830e-02
162229.50	-2.294e-03	2.266e-02	3.610e-02
162230.50	-4.598e-04	-5.280e-02	6.134e-02
162231.50	1.392e-03	-1.373e-02	6.797e-02
162232.50	3.754e-04	-1.325e-02	-4.445e-02
162233.50	-1.277e-03	-5.808e-03	2.659e-03
162234.50	9.379e-04	2.765e-02	3.389e-03
162235.50	1.296e-03	5.165e-02	5.981e-03
162236.50	9.888e-04	2.429e-03	-3.264e-03
162237.50	-4.723e-04	-7.728e-02	-6.125e-02
162238.50	2.189e-03	1.757e-02	2.035e-02
162239.50	1.018e-03	-2.774e-02	-1.661e-02
162240.50	-1.200e-03	-2.966e-02	-2.698e-02
162241.50	-9.888e-04	9.072e-03	4.656e-02
162242.50	9.235e-04	-3.763e-02	-4.042e-02
162243.50	-3.581e-03	4.061e-02	-4.838e-02
162244.50	2.602e-03	-4.099e-02	-5.472e-02
162245.50	1.267e-03	3.706e-02	-6.182e-03
162246.50	6.278e-04	6.682e-02	-7.219e-02
162247.50	2.986e-03	2.976e-02	1.200e-02
162248.50	-3.350e-04	-1.190e-02	-3.946e-03
162249.50	1.315e-03	-3.773e-02	3.907e-02
162250.50	4.272e-04	-1.584e-02	3.552e-02
162251.50	-2.122e-03	2.544e-02	3.120e-02
162252.50	8.131e-04	-8.544e-03	-2.755e-02
162253.50	8.362e-04	-3.206e-02	-1.718e-02
162254.50	3.427e-03	-4.320e-02	8.016e-03
162255.50	2.237e-03	5.203e-02	8.765e-02
162256.50	4.646e-04	-1.258e-02	-1.834e-02
162257.50	-1.882e-04	2.726e-02	-1.229e-02
162258.50	-2.256e-03	-7.190e-02	-1.795e-02
162259.50	1.075e-03	1.162e-02	1.142e-02
162260.50	6.365e-04	3.917e-02	3.302e-02
162261.50	-3.984e-04	3.264e-02	-1.718e-03
162262.50	-3.341e-03	-2.160e-02	3.360e-02
162263.50	-1.392e-04	-2.054e-02	1.603e-02
162264.50	4.022e-03	-4.685e-02	-6.451e-02
162265.50	-7.488e-04	3.322e-02	1.766e-02
162266.50	-1.987e-03	-3.110e-02	4.877e-02
162267.50	-2.246e-03	7.382e-03	-1.094e-02
162268.50	-6.653e-04	8.813e-03	-4.080e-02
162269.50	4.378e-03	1.478e-02	3.994e-02
162270.50	2.534e-03	2.410e-02	-3.389e-02
162271.50	8.102e-04	6.950e-03	-4.867e-02
162272.50	-1.315e-04	-1.507e-02	-4.032e-02
162273.50	-5.606e-03	3.754e-03	1.373e-02
162274.50	1.651e-04	2.054e-02	-1.046e-02
162275.50	2.218e-03	4.320e-02	7.334e-03
162276.50	-5.626e-04	6.259e-02	7.190e-02
162277.50	9.792e-05	1.210e-02	-2.304e-02
162278.50	4.138e-04	-2.400e-02	-1.757e-02
162279.50	2.659e-03	-1.200e-02	-1.872e-02
