161681.50	0.000e+00	0.000e+00	0.000e+00
161682.50	0.000e+00	0.000e+00	0.000e+00
161683.50	0.000e+00	0.000e+00	0.000e+00
161684.50	0.000e+00	0.000e+00	0.000e+00
161685.50	0.000e+00	0.000e+00	0.000e+00
161686.50	0.000e+00	0.000e+00	0.000e+00
161687.50	0.000e+00	0.000e+00	0.000e+00
161688.50	0.000e+00	0.000e+00	0.000e+00
161689.50	0.000e+00	0.000e+00	0.000e+00
161690.50	0.000e+00	0.000e+00	0.000e+00
161691.50	0.000e+00	0.000e+00	0.000e+00
161692.50	0.000e+00	0.000e+00	0.000e+00
161693.50	0.000e+00	0.000e+00	0.000e+00
161694.50	0.000e+00	0.000e+00	0.000e+00
161695.50	0.000e+00	0.000e+00	0.000e+00
161696.50	0.000e+00	0.000e+00	0.000e+00
161697.50	0.000e+00	0.000e+00	0.000e+00
161698.50	0.000e+00	0.000e+00	0.000e+00
161699.50	0.000e+00	0.000e+00	0.000e+00
161700.50	0.000e+00	0.000e+00	0.000e+00
161701.50	0.000e+00	0.000e+00	0.000e+00
161702.50	0.000e+00	0.000e+00	0.000e+00
161703.50	0.000e+00	0.000e+00	0.000e+00
161704.50	0.000e+00	0.000e+00	0.000e+00
161705.50	0.000e+00	0.000e+00	0.000e+00
161706.50	0.000e+00	0.000e+00	0.000e+00
161707.50	0.000e+00	0.000e+00	0.000e+00
161708.50	0.000e+00	0.000e+00	0.000e+00
161709.50	0.000e+00	0.000e+00	0.000e+00
161710.50	0.000e+00	0.000e+00	0.000e+00
161711.50	0.000e+00	0.000e+00	0.000e+00
161712.50	0.000e+00	0.000e+00	0.000e+00
161713.50	0.000e+00	0.000e+00	0.000e+00
161714.50	0.000e+00	0.000e+00	0.000e+00
161715.50	0.000e+00	0.000e+00	0.000e+00
161716.50	0.000e+00	0.000e+00	0.000e+00
161717.50	0.000e+00	0.000e+00	0.000e+00
161718.50	0.000e+00	0.000e+00	0.000e+00
161719.50	0.000e+00	0.000e+00	0.000e+00
161720.50	0.000e+00	0.000e+00	0.000e+00
161721.50	0.000e+00	0.000e+00	0.000e+00
161722.50	0.000e+00	0.000e+00	0.000e+00
161723.50	0.000e+00	0.000e+00	0.000e+00
161724.50	0.000e+00	0.000e+00	0.000e+00
161725.50	0.000e+00	0.000e+00	0.000e+00
161726.50	0.000e+00	0.000e+00	0.000e+00
161727.50	0.000e+00	0.000e+00	0.000e+00
161728.50	0.000e+00	0.000e+00	0.000e+00
161729.50	0.000e+00	0.000e+00	0.000e+00
161730.50	0.000e+00	0.000e+00	0.000e+00
161731.50	0.000e+00	0.000e+00	0.000e+00
161732.50	0.000e+00	0.000e+00	0.000e+00
161733.50	0.000e+00	0.000e+00	0.000e+00
161734.50	0.000e+00	0.000e+00	0.000e+00
161735.50	0.000e+00	0.000e+00	0.000e+00
161736.50	0.000e+00	0.000e+00	0.000e+00
161737.50	0.000e+00	0.000e+00	0.000e+00
161738.50	0.000e+00	0.000e+00	0.000e+00
161739.50	0.000e+00	0.000e+00	0.000e+00
161740.50	0.000e+00	0.000e+00	0.000e+00
161741.50	0.000e+00	0.000e+00	0.000e+00
161742.50	0.000e+00	0.000e+00	0.000e+00
161743.50	0.000e+00	0.000e+00	0.000e+00
161744.50	0.000e+00	0.000e+00	0.000e+00
161745.50	0.000e+00	0.000e+00	0.000e+00
161746.50	0.000e+00	0.000e+00	0.000e+00
161747.50	0.000e+00	0.000e+00	0.000e+00
161748.50	0.000e+00	0.000e+00	0.000e+00
161749.50	0.000e+00	0.000e+00	0.000e+00
161750.50	0.000e+00	0.000e+00	0.000e+00
161751.50	0.000e+00	0.000e+00	0.000e+00
161752.50	0.000e+00	0.000e+00	0.000e+00
161753.50	0.000e+00	0.000e+00	0.000e+00
161754.50	0.000e+00	0.000e+00	0.000e+00
161755.50	0.000e+00	0.000e+00	0.000e+00
161756.50	0.000e+00	0.000e+00	0.000e+00
161757.50	0.000e+00	0.000e+00	0.000e+00
161758.50	0.000e+00	0.000e+00	0.000e+00
161759.50	0.000e+00	0.000e+00	0.000e+00
161760.50	0.000e+00	0.000e+00	0.000e+00
161761.50	0.000e+00	0.000e+00	0.000e+00
161762.50	0.000e+00	0.000e+00	0.000e+00
161763.50	0.000e+00	0.000e+00	0.000e+00
161764.50	0.000e+00	0.000e+00	0.000e+00
161765.50	0.000e+00	0.000e+00	0.000e+00
161766.50	0.000e+00	0.000e+00	0.000e+00
161767.50	0.000e+00	0.000e+00	0.000e+00
161768.50	0.000e+00	0.000e+00	0.000e+00
161769.50	0.000e+00	0.000e+00	0.000e+00
161770.50	0.000e+00	0.000e+00	0.000e+00
161771.50	0.000e+00	0.000e+00	0.000e+00
161772.50	0.000e+00	0.000e+00	0.000e+00
161773.50	0.000e+00	0.000e+00	0.000e+00
161774.50	0.000e+00	0.000e+00	0.000e+00
161775.50	0.000e+00	0.000e+00	0.000e+00
161776.50	0.000e+00	0.000e+00	0.000e+00
161777.50	0.000e+00	0.000e+00	0.000e+00
161778.50	0.000e+00	0.000e+00	0.000e+00
161779.50	0.000e+00	0.000e+00	0.000e+00
161780.50	0.000e+00	0.000e+00	0.000e+00
161781.50	0.000e+00	0.000e+00	0.000e+00
161782.50	0.000e+00	0.000e+00	0.000e+00
161783.50	0.000e+00	0.000e+00	0.000e+00
161784.50	0.000e+00	0.000e+00	0.000e+00
161785.50	0.000e+00	0.000e+00	0.000e+00
161786.50	0.000e+00	0.000e+00	0.000e+00
161787.50	0.000e+00	0.000e+00	0.000e+00
161788.50	0.000e+00	0.000e+00	0.000e+00
161789.50	0.000e+00	0.000e+00	0.000e+00
161790.50	0.000e+00	0.000e+00	0.000e+00
161791.50	0.000e+00	0.000e+00	0.000e+00
161792.50	0.000e+00	0.000e+00	0.000e+00
161793.50	0.000e+00	0.000e+00	0.000e+00
161794.50	0.000e+00	0.000e+00	0.000e+00
161795.50	0.000e+00	0.000e+00	0.000e+00
161796.50	0.000e+00	0.000e+00	0.000e+00
161797.50	0.000e+00	0.000e+00	0.000e+00
161798.50	0.000e+00	0.000e+00	0.000e+00
161799.50	0.000e+00	0.000e+00	0.000e+00
161800.50	0.000e+00	0.000e+00	0.000e+00
161801.50	2.573e-06	-2.390e-03	-2.419e-04
161802.50	-2.630e-05	-3.398e-03	1.133e-03
161803.50	-2.285e-05	-3.475e-03	-1.171e-03
161804.50	-1.402e-05	1.133e-03	-2.237e-03
161805.50	3.830e-04	5.136e-03	-1.642e-02
161806.50	2.314e-04	2.506e-02	-7.651e-03
161807.50	-1.094e-03	-8.333e-03	2.794e-02
161808.50	1.066e-04	1.651e-03	-3.149e-03
161809.50	4.013e-04	-5.338e-03	9.264e-04
161810.50	1.382e-04	2.611e-03	-5.530e-03
161811.50	1.075e-03	1.613e-02	-1.632e-02
161812.50	-6.278e-04	-1.114e-02	3.782e-03
161813.50	-4.330e-05	-2.266e-04	2.006e-03
161814.50	-2.266e-04	8.813e-03	1.488e-02
161815.50	2.506e-04	-1.325e-03	-3.552e-03
161816.50	1.008e-03	-2.419e-02	-1.632e-02
161817.50	2.189e-03	-4.406e-02	-4.166e-02
161818.50	1.670e-04	-5.443e-02	-5.002e-03
161819.50	2.419e-05	-2.486e-02	-4.723e-02
161820.50	5.424e-04	2.429e-02	-4.253e-02
161821.50	-1.603e-03	2.669e-01	-1.814e-02
161822.50	6.682e-03	-3.283e-01	-4.109e-01
161823.50	1.670e-01	-1.094e+01	1.949e+00
161824.50	1.373e+00	-8.381e+01	6.883e-01
161825.50	5.597e+00	-3.571e+02	-1.920e+00
161826.50	8.602e+00	-5.789e+02	1.190e+01
161827.50	9.370e+00	-6.557e+02	3.907e+00
161828.50	2.890e+00	-2.083e+02	-8.832e+00
161829.50	-2.131e+00	1.402e+02	7.286e+00
161830.50	-2.563e+00	1.872e+02	-6.173e+00
161831.50	-1.978e+00	1.421e+02	-1.440e+00
161832.50	-1.680e+00	1.190e+02	-3.149e+00
161833.50	-1.517e+00	1.046e+02	2.707e+00
161834.50	-1.517e+00	1.046e+02	-1.718e-01
161835.50	-1.229e+00	8.602e+01	-3.514e+00
161836.50	-1.056e+00	7.258e+01	4.166e-01
161837.50	-9.322e-01	6.912e+01	-8.150e+00
161838.50	-8.611e-01	6.058e+01	-3.072e+00
161839.50	-8.496e-01	5.453e+01	5.789e+00
161840.50	-7.094e-01	4.973e+01	-3.187e+00
161841.50	-6.797e-01	4.781e+01	-4.195e+00
161842.50	-6.490e-01	4.330e+01	-2.650e-01
161843.50	-5.741e-01	3.667e+01	2.678e+00
161844.50	-6.019e-01	3.667e+01	4.090e+00
161845.50	-5.146e-01	3.350e+01	3.187e-01
161846.50	-4.387e-01	2.938e+01	5.443e-01
161847.50	-3.955e-01	2.630e+01	-4.858e-01
161848.50	-4.042e-01	2.813e+01	-3.062e+00
161849.50	-2.870e-01	2.064e+01	-1.594e+00
161850.50	-3.187e-01	2.045e+01	1.306e+00
161851.50	-3.754e-01	2.582e+01	-1.075e+00
161852.50	-3.139e-01	2.083e+01	-1.440e-01
161853.50	-2.765e-01	1.709e+01	1.814e+00
161854.50	-2.582e-01	1.651e+01	6.701e-01
161855.50	-2.304e-01	1.507e+01	1.795e-01
161856.50	-2.246e-01	1.498e+01	-1.277e+00
161857.50	-2.026e-01	1.354e+01	-8.179e-01
161858.50	-2.112e-01	1.421e+01	-2.640e-01
161859.50	-1.891e-01	1.123e+01	1.546e+00
161860.50	-1.747e-01	1.181e+01	-5.693e-01
161861.50	-1.709e-01	1.133e+01	-1.344e-01
161862.50	-1.382e-01	9.274e+00	-4.378e-01
161863.50	-1.430e-01	1.008e+01	-7.546e-01
161864.50	-1.296e-01	7.805e+00	1.306e+00
161865.50	-1.469e-01	9.283e+00	4.118e-01
161866.50	-1.469e-01	7.747e+00	2.669e+00
161867.50	-1.114e-01	7.181e+00	-3.043e-01
161868.50	-1.046e-01	6.614e+00	-3.734e-01
161869.50	-1.392e-01	7.709e+00	1.824e+00
161870.50	-1.046e-01	7.018e+00	6.499e-01
161871.50	-9.600e-02	6.086e+00	-4.618e-02
161872.50	-8.390e-02	5.866e+00	-1.584e+00
161873.50	-1.162e-01	6.720e+00	1.104e+00
161874.50	-6.922e-02	4.147e+00	5.616e-01
161875.50	-7.526e-02	4.992e+00	-2.314e-01
161876.50	-7.392e-02	4.800e+00	-2.822e-02
161877.50	-7.027e-02	4.042e+00	-7.478e-01
161878.50	-4.214e-02	5.155e+00	2.669e-01
161879.50	-7.882e-02	3.638e+00	7.930e-02
161880.50	-6.720e-02	3.869e+00	3.408e-01
161881.50	-9.302e-02	4.781e+00	1.152e+00
161882.50	-5.549e-02	3.466e+00	2.957e-01
161883.50	-4.829e-02	3.082e+00	1.267e-01
161884.50	-4.262e-02	2.198e+00	2.688e-01
161885.50	-5.251e-02	3.379e+00	2.688e-01
161886.50	-1.680e-02	1.824e+00	-5.395e-01
161887.50	-5.194e-02	3.322e+00	-4.157e-01
161888.50	-4.685e-02	2.890e+00	-2.323e-01
161889.50	-4.675e-02	2.707e+00	-1.757e-01
161890.50	-4.963e-02	2.659e+00	-1.133e-01
161891.50	-4.042e-02	2.227e+00	3.427e-01
161892.50	-4.070e-02	2.275e+00	1.037e+00
161893.50	-3.206e-02	1.488e+00	-1.392e-02
161894.50	-2.515e-02	1.834e+00	-8.237e-02
161895.50	-3.149e-02	1.450e+00	8.102e-01
161896.50	-2.592e-02	2.189e+00	-8.659e-01
161897.50	-1.891e-02	1.661e+00	2.054e-01
161898.50	-1.296e-02	2.554e+00	-6.259e-01
161899.50	-3.974e-02	1.709e+00	-4.387e-01
161900.50	-3.869e-02	1.104e+00	-1.258e-01
161901.50	-2.342e-02	1.872e+00	-6.874e-01
161902.50	-2.554e-02	1.123e+00	8.458e-01
161903.50	-1.958e-02	8.218e-01	4.570e-01
161904.50	-1.766e-02	1.392e+00	-1.363e-01
161905.50	-1.229e-02	7.229e-01	-6.000e-02
161906.50	-2.006e-02	1.238e+00	-5.952e-02
161907.50	-1.478e-02	8.995e-01	-3.475e-02
161908.50	-2.438e-02	6.989e-01	4.166e-01
161909.50	-7.574e-03	6.365e-01	-3.158e-01
161910.50	-1.613e-02	8.438e-01	-2.890e-01
161911.50	-1.709e-02	9.600e-01	6.749e-02
161912.50	-2.822e-03	7.296e-01	-3.821e-01
161913.50	-1.238e-02	6.029e-01	2.928e-01
161914.50	-2.774e-02	1.555e+00	1.987e-02
161915.50	-6.749e-03	5.779e-01	-3.216e-01
161916.50	-2.515e-02	1.306e+00	-2.054e-01
161917.50	-1.968e-02	1.085e+00	1.498e-01
161918.50	-1.555e-02	8.160e-01	1.910e-01
161919.50	-1.286e-02	9.024e-01	3.926e-01
161920.50	-4.838e-03	2.141e-01	5.251e-03
161921.50	-2.938e-03	3.485e-01	-2.880e-03
161922.50	-7.075e-03	5.712e-01	-4.243e-02
161923.50	-7.930e-03	8.314e-01	-3.130e-01
161924.50	-1.469e-02	5.674e-01	1.421e-01
161925.50	-8.237e-03	6.077e-01	-2.333e-01
161926.50	-1.613e-02	1.018e+00	-2.198e-01
161927.50	3.802e-03	1.795e-01	-4.147e-01
161928.50	-2.064e-03	1.277e-01	-7.507e-02
161929.50	-1.325e-03	1.363e-01	6.019e-02
161930.50	-8.515e-03	3.197e-01	3.062e-01
161931.50	-7.910e-03	4.704e-01	-1.094e-01
161932.50	-5.626e-03	3.274e-01	8.390e-02
161933.50	5.866e-03	1.018e-01	1.565e-02
161934.50	-9.158e-03	4.234e-01	2.314e-01
161935.50	-8.486e-03	5.174e-01	-2.630e-01
161936.50	-1.363e-02	9.149e-01	-1.440e-01
161937.50	-4.378e-03	7.190e-02	2.093e-02
161938.50	-4.723e-03	2.438e-01	3.331e-01
161939.50	-1.488e-02	6.374e-01	1.920e-01
161940.50	-3.638e-03	8.630e-02	2.093e-01
161941.50	-5.626e-03	-3.062e-03	2.304e-01
161942.50	-1.277e-02	4.454e-01	1.958e-01
161943.50	-2.851e-03	3.734e-01	1.440e-01
161944.50	-6.720e-03	4.685e-01	-4.339e-01
161945.50	-5.424e-03	3.274e-01	-1.258e-01
161946.50	-6.787e-03	2.045e-01	-1.670e-01
161947.50	-4.435e-03	2.237e-03	3.840e-02
161948.50	-6.902e-03	4.128e-01	6.662e-02
161949.50	-3.034e-03	3.504e-01	-1.632e-02
161950.50	-1.488e-02	7.210e-01	2.198e-01
161951.50	3.590e-03	-3.053e-01	1.488e-01
161952.50	1.958e-03	-1.546e-01	-1.450e-01
161953.50	-1.632e-02	6.710e-01	6.845e-02
161954.50	-1.008e-02	2.966e-01	1.997e-02
161955.50	3.581e-03	2.563e-03	-1.613e-01
161956.50	1.229e-03	2.006e-01	5.472e-02
161957.50	-3.840e-03	1.133e-01	-4.118e-01
161958.50	-8.323e-03	3.302e-01	7.027e-02
161959.50	3.629e-03	-1.507e-02	8.227e-02
161960.50	-3.475e-03	6.874e-02	4.762e-02
161961.50	-4.070e-03	4.349e-01	4.090e-02
161962.50	-4.915e-03	1.594e-01	1.066e-01
161963.50	-2.736e-03	3.130e-01	-2.189e-01
161964.50	-1.862e-04	2.746e-02	1.824e-01
161965.50	-4.214e-03	1.450e-01	-1.104e-01
161966.50	-6.931e-03	1.142e-01	2.304e-01
161967.50	-1.363e-04	2.102e-01	-1.344e-02
161968.50	-9.581e-03	3.523e-01	1.037e-01
161969.50	5.290e-03	-2.112e-01	-3.514e-01
161970.50	1.978e-03	-1.258e-01	1.920e-02
161971.50	-6.413e-03	2.630e-01	2.141e-01
161972.50	-5.597e-03	3.456e-02	9.504e-02
161973.50	-1.709e-03	3.456e-01	-1.757e-01
161974.50	-4.541e-03	1.814e-01	-6.595e-02
161975.50	-7.661e-04	-1.315e-01	1.008e-01
161976.50	-5.232e-03	1.574e-01	5.155e-02
161977.50	2.074e-03	1.334e-01	-2.928e-01
161978.50	-2.986e-03	8.554e-02	1.267e-01
161979.50	-2.362e-03	9.696e-02	3.715e-01
161980.50	4.954e-04	3.264e-02	-1.738e-01
161981.50	1.498e-03	-2.352e-02	2.160e-01
161982.50	-4.138e-04	2.342e-01	-1.699e-01
161983.50	-2.554e-03	-2.227e-01	2.995e-01
161984.50	-5.366e-03	2.362e-01	-2.093e-01
161985.50	5.635e-04	-3.869e-02	-1.488e-02
161986.50	1.392e-03	1.315e-01	-1.094e-01
161987.50	-4.435e-03	1.862e-01	-9.984e-03
161988.50	-5.405e-04	1.949e-01	-2.765e-01
161989.50	-9.226e-04	-1.680e-02	2.813e-01
161990.50	-8.813e-04	7.574e-02	1.402e-01
161991.50	-1.085e-02	4.877e-01	1.133e-01
161992.50	-1.939e-04	1.987e-01	3.504e-02
161993.50	1.402e-03	-1.200e-01	-1.104e-01
161994.50	-2.246e-03	7.354e-02	-7.805e-02
161995.50	-2.534e-03	4.714e-02	-8.966e-03
161996.50	-2.314e-03	3.158e-02	9.590e-02
161997.50	7.142e-05	1.536e-01	-8.458e-02
161998.50	-3.206e-03	3.034e-01	-3.014e-02
161999.50	-8.410e-03	1.210e-01	2.064e-01
162000.50	1.104e-02	-3.226e-01	-1.555e-01
162001.50	7.402e-03	-2.256e-01	-2.621e-01
162002.50	-1.354e-02	3.101e-01	1.488e-01
162003.50	-5.462e-03	2.016e-01	-5.011e-03
162004.50	-1.622e-03	1.469e-01	-2.928e-02
162005.50	-7.488e-04	1.440e-01	7.728e-02
162006.50	6.643e-03	4.262e-02	-7.440e-02
162007.50	3.293e-03	8.477e-02	6.739e-03
162008.50	-8.861e-04	-1.642e-01	-8.861e-02
162009.50	-4.186e-03	9.254e-02	1.507e-01
162010.50	-4.704e-03	-4.867e-02	1.718e-01
162011.50	-1.421e-03	9.888e-02	-1.642e-01
162012.50	4.531e-03	3.725e-02	-1.728e-01
162013.50	-5.635e-03	-1.258e-01	1.747e-01
162014.50	-1.603e-02	2.429e-02	-7.354e-02
162015.50	-6.000e-03	1.603e-01	2.477e-01
162016.50	-6.163e-03	2.774e-01	1.824e-01
162017.50	-6.374e-03	3.792e-01	5.568e-02
162018.50	7.162e-04	-6.509e-02	-1.315e-02
162019.50	-1.622e-03	4.320e-02	-6.480e-02
162020.50	2.851e-03	-1.421e-01	-5.779e-02
162021.50	-6.518e-05	-9.466e-02	-8.045e-02
162022.50	-3.917e-03	-3.437e-02	4.589e-02
162023.50	-5.827e-03	6.758e-02	-1.248e-01
162024.50	-1.786e-02	1.757e-01	3.322e-02
162025.50	4.224e-03	-1.709e-01	2.064e-01
162026.50	-2.755e-03	8.083e-03	9.696e-02
162027.50	7.258e-03	1.699e-02	-3.226e-02
162028.50	3.072e-04	9.379e-02	8.218e-02
162029.50	2.736e-04	-9.187e-02	7.594e-02
162030.50	-4.032e-03	1.805e-01	6.154e-02
162031.50	1.718e-03	9.370e-02	7.738e-03
162032.50	-1.075e-03	-1.229e-01	6.365e-02
162033.50	-1.037e-03	7.949e-02	1.162e-01
162034.50	-1.238e-03	2.189e-02	-4.214e-02
162035.50	2.189e-03	1.296e-01	-1.075e-01
162036.50	3.206e-02	-5.088e-02	-7.190e-02
162037.50	8.467e-04	1.584e-01	-7.210e-02
162038.50	-6.989e-04	1.814e-02	7.123e-02
162039.50	-9.158e-04	-2.611e-01	-3.504e-02
162040.50	-7.776e-04	-5.520e-02	1.747e-01
162041.50	-4.627e-03	1.114e-01	2.890e-01
162042.50	-8.832e-04	4.934e-02	-9.130e-02
162043.50	-6.749e-05	-1.027e-01	-1.046e-01
162044.50	-2.755e-03	7.622e-02	-1.267e-02
162045.50	8.122e-04	6.518e-02	-4.570e-02
162046.50	2.179e-03	8.102e-02	-4.589e-02
162047.50	-2.390e-05	-2.381e-02	-1.046e-02
162048.50	2.170e-03	1.066e-01	-1.075e-01
162049.50	-2.419e-03	1.200e-01	1.402e-02
162050.50	-5.472e-03	2.054e-01	3.197e-02
162051.50	-1.488e-03	1.085e-01	-2.218e-02
162052.50	2.928e-03	-5.885e-02	-1.699e-02
162053.50	3.523e-03	-1.306e-01	-5.251e-02
162054.50	2.102e-03	-1.363e-01	4.310e-02
162055.50	1.046e-03	-3.936e-02	-1.238e-01
162056.50	-2.995e-03	1.248e-01	4.502e-02
162057.50	4.762e-03	-1.584e-01	-7.546e-02
162058.50	4.070e-03	-1.603e-01	4.234e-02
162059.50	2.150e-03	8.054e-03	-7.824e-02
162060.50	-2.861e-03	9.984e-02	-5.501e-02
162061.50	-1.968e-03	4.406e-02	-3.072e-02
162062.50	7.987e-04	-2.122e-02	-5.770e-03
162063.50	-3.293e-03	5.290e-02	-3.754e-02
162064.50	-1.910e-03	6.336e-02	7.546e-02
162065.50	-1.382e-03	4.992e-02	-1.939e-02
162066.50	9.082e-03	1.094e-01	2.650e-02
162067.50	1.517e-02	5.894e-02	7.450e-02
162068.50	7.546e-03	-1.478e-01	6.106e-02
162069.50	1.584e-03	4.675e-03	1.478e-02
162070.50	-2.707e-03	1.411e-01	-8.294e-03
162071.50	2.650e-04	7.766e-03	-1.459e-01
162072.50	-1.229e-03	2.707e-02	-1.766e-01
162073.50	-1.190e-03	-8.688e-02	3.418e-02
162074.50	-1.123e-02	-7.728e-02	2.054e-02
162075.50	-2.342e-02	4.378e-02	1.373e-01
162076.50	3.590e-04	1.373e-01	1.613e-01
162077.50	3.974e-04	6.470e-02	1.757e-02
162078.50	-4.157e-03	4.714e-02	-5.866e-02
162079.50	1.930e-03	2.573e-02	-8.122e-02
162080.50	4.070e-03	-1.939e-01	7.603e-03
162081.50	5.491e-04	-9.216e-03	1.056e-01
162082.50	-1.325e-03	4.982e-03	1.008e-02
162083.50	-5.472e-04	4.445e-02	-6.797e-02
162084.50	-4.944e-03	1.229e-01	3.888e-02
162085.50	2.515e-03	-1.325e-01	-4.042e-02
162086.50	-1.603e-03	3.322e-02	9.984e-02
162087.50	-2.314e-03	-1.248e-02	5.885e-02
162088.50	-2.342e-05	-3.850e-02	-4.022e-02
162089.50	-5.405e-04	3.715e-02	5.357e-02
162090.50	-1.987e-03	3.936e-02	1.670e-02
162091.50	-1.901e-03	6.173e-02	-2.870e-02
162092.50	-2.333e-03	1.680e-01	-6.038e-02
162093.50	4.694e-04	-1.123e-02	-1.248e-01
162094.50	3.907e-03	-1.037e-02	-1.114e-01
162095.50	2.544e-03	-2.525e-02	-5.510e-02
162096.50	-6.835e-03	1.344e-01	5.011e-02
162097.50	-2.563e-03	-4.483e-02	4.560e-02
162098.50	3.974e-03	9.571e-03	-2.218e-02
162099.50	-2.592e-03	6.653e-02	-4.675e-02
162100.50	1.219e-03	1.008e-01	8.698e-03
162101.50	-4.128e-03	1.411e-01	-4.675e-02
162102.50	2.035e-03	4.963e-02	-7.690e-03
162103.50	3.043e-04	1.267e-02	1.325e-01
162104.50	4.042e-03	-1.939e-01	-7.901e-04
162105.50	-3.014e-03	-7.286e-03	-1.008e-01
162106.50	-1.382e-03	-3.926e-02	6.115e-02
162107.50	1.008e-03	-5.520e-02	-7.488e-03
162108.50	8.122e-03	-8.390e-02	-2.544e-02
162109.50	-1.795e-03	1.757e-01	6.816e-02
162110.50	-3.456e-03	9.494e-02	1.210e-01
162111.50	-2.122e-03	6.182e-02	1.795e-02
162112.50	5.654e-04	-6.192e-02	-4.733e-02
162113.50	-3.571e-03	-6.682e-03	-2.093e-04
162114.50	4.253e-03	-1.219e-01	6.778e-02
162115.50	3.744e-03	-8.563e-02	-3.062e-02
162116.50	-5.674e-04	-9.389e-02	-1.526e-02
162117.50	-4.637e-03	9.427e-02	-7.776e-03
162118.50	-8.218e-03	-9.888e-02	9.888e-02
162119.50	4.205e-03	2.515e-02	-1.478e-02
162120.50	-6.029e-03	5.827e-02	-1.171e-01
162121.50	2.621e-03	-1.843e-02	-1.987e-01
162122.50	-1.766e-05	-7.306e-02	9.984e-02
162123.50	5.318e-04	8.429e-02	4.416e-02
162124.50	2.736e-03	-1.469e-02	-2.506e-02
162125.50	-1.142e-03	4.090e-02	-1.248e-02
162126.50	-1.171e-03	-6.038e-02	1.085e-02
162127.50	-3.475e-04	3.792e-02	4.858e-02
162128.50	-2.880e-03	8.304e-02	6.998e-02
162129.50	6.490e-03	-1.027e-01	-1.085e-01
162130.50	6.931e-03	-1.843e-01	7.219e-02
162131.50	-2.784e-03	-3.437e-02	7.210e-02
162132.50	-1.037e-03	5.030e-02	-3.322e-02
162133.50	4.138e-04	5.146e-02	-1.363e-02
162134.50	-1.277e-03	8.813e-03	-5.539e-02
162135.50	9.379e-04	1.795e-02	3.034e-02
162136.50	4.656e-03	3.235e-02	-1.344e-02
162137.50	-1.613e-03	-1.920e-02	6.394e-02
162138.50	9.600e-05	7.786e-06	-8.237e-02
162139.50	-1.690e-03	-4.339e-02	4.234e-02
162140.50	-2.803e-03	1.056e-01	2.006e-03
162141.50	1.402e-04	-2.381e-02	3.994e-03
162142.50	-4.762e-04	1.075e-01	-6.902e-02
162143.50	2.525e-03	3.331e-02	-2.659e-02
162144.50	-7.056e-04	1.526e-02	1.219e-02
162145.50	-1.709e-03	-2.842e-02	2.342e-02
162146.50	3.715e-03	-3.120e-02	7.555e-03
162147.50	-2.362e-03	-3.226e-02	-4.464e-02
162148.50	4.685e-04	2.390e-02	-7.872e-02
162149.50	1.507e-03	-8.563e-02	-1.114e-01
162150.50	-3.379e-03	1.430e-02	7.805e-02
162151.50	-2.794e-03	4.675e-02	-1.162e-03
162152.50	6.346e-04	-8.870e-02	-5.894e-02
162153.50	2.246e-03	-2.179e-02	-1.277e-01
162154.50	2.006e-03	4.109e-02	-5.693e-02
162155.50	-1.949e-03	-3.878e-02	4.877e-02
162156.50	-1.968e-03	-9.600e-02	9.984e-02
162157.50	-3.120e-03	-8.938e-03	6.298e-02
162158.50	1.843e-03	5.549e-02	-1.286e-02
162159.50	1.008e-03	2.102e-02	4.291e-02
162160.50	-6.019e-04	-6.182e-03	1.882e-01
162161.50	-3.754e-03	-1.123e-02	-4.944e-02
162162.50	7.949e-04	-6.739e-02	-2.102e-02
162163.50	-1.622e-03	4.819e-02	-7.450e-02
162164.50	-1.325e-03	1.008e-01	4.531e-03
162165.50	2.986e-04	6.067e-02	-4.906e-02
162166.50	7.181e-04	8.717e-02	-1.411e-02
162167.50	1.978e-03	-2.170e-02	1.459e-02
162168.50	-2.170e-03	1.920e-02	5.549e-02
162169.50	-4.224e-04	-6.960e-02	1.853e-02
162170.50	-3.859e-05	7.555e-02	-8.093e-02
162171.50	4.032e-03	-4.819e-02	-8.218e-03
162172.50	-1.018e-03	5.347e-02	8.506e-02
162173.50	1.882e-03	-3.254e-02	1.296e-03
162174.50	-1.958e-03	3.312e-02	2.035e-02
162175.50	-2.746e-03	-1.440e-02	4.320e-02
162176.50	-2.861e-03	-3.322e-02	-5.693e-02
162177.50	-3.494e-03	8.246e-02	-1.248e-01
162178.50	6.998e-04	7.306e-02	8.304e-02
162179.50	4.675e-03	-1.229e-01	-4.282e-03
162180.50	6.758e-05	-2.938e-02	-4.550e-02
162181.50	-9.014e-04	6.854e-02	-3.264e-02
162182.50	-1.248e-03	1.747e-02	8.698e-02
162183.50	-2.938e-03	-2.477e-02	5.318e-02
162184.50	-2.765e-03	4.944e-03	1.622e-02
162185.50	4.800e-03	-2.477e-02	-3.629e-02
162186.50	1.882e-03	-3.293e-03	5.443e-02
162187.50	-1.440e-03	3.715e-02	-3.782e-02
162188.50	-9.341e-04	7.104e-02	-5.366e-02
162189.50	2.832e-03	-3.312e-03	1.171e-02
162190.50	3.763e-04	-1.622e-03	-2.218e-02
162191.50	1.834e-03	3.850e-02	7.690e-03
162192.50	3.456e-05	-3.379e-03	6.134e-02
162193.50	-1.709e-03	-2.890e-02	-4.829e-02
162194.50	-1.171e-03	5.405e-02	5.338e-02
162195.50	1.834e-04	-5.309e-03	-4.915e-02
162196.50	-9.005e-04	1.248e-02	-2.563e-02
162197.50	1.056e-03	-4.973e-02	3.955e-02
162198.50	1.670e-03	-8.237e-02	-2.227e-02
162199.50	-1.402e-03	-4.109e-02	3.091e-02
162200.50	3.830e-02	3.725e-03	2.726e-01
162201.50	-5.952e-02	4.723e-01	-8.966e-02
162202.50	-1.584e-02	-1.805e-01	-3.197e-01
162203.50	6.048e-02	-1.555e-01	9.792e-02
162204.50	6.403e-03	-5.328e-02	1.536e-02
162205.50	9.600e-04	-1.162e-01	1.910e-02
162206.50	1.008e-04	-3.888e-02	-5.539e-02
162207.50	-2.803e-04	1.450e-01	4.214e-02
162208.50	-2.342e-03	-4.128e-03	4.272e-02
162209.50	-4.666e-03	-5.251e-03	2.035e-02
162210.50	1.958e-03	8.515e-03	-3.043e-02
162211.50	2.026e-03	-2.275e-02	8.669e-03
162212.50	-3.946e-04	-2.054e-02	4.061e-02
162213.50	1.805e-03	-5.338e-02	-1.709e-02
162214.50	1.440e-03	8.534e-03	-1.373e-02
162215.50	-1.104e-03	3.802e-02	-1.056e-01
162216.50	-4.061e-04	-2.813e-02	2.006e-02
162217.50	-8.333e-04	4.090e-02	-1.910e-02
162218.50	1.968e-03	-6.115e-02	5.040e-03
162219.50	-4.416e-04	-4.022e-02	9.293e-02
162220.50	2.304e-03	-4.330e-02	1.622e-02
162221.50	9.293e-04	-1.632e-02	-3.293e-03
162222.50	-3.427e-03	1.219e-01	-7.306e-02
162223.50	-4.512e-04	1.162e-02	-3.350e-02
162224.50	-1.277e-03	7.152e-02	-8.582e-02
162225.50	1.478e-03	-5.616e-02	1.805e-02
162226.50	-2.285e-05	-2.074e-02	4.445e-02
162227.50	4.704e-03	-3.946e-02	7.622e-02
162228.50	-4.666e-03	1.133e-01	3.350e-02
162229.50	-2.976e-03	9.264e-02	3.130e-02
162230.50	1.373e-03	-2.150e-02	-4.685e-02
162231.50	-1.882e-04	-3.120e-02	1.027e-02
162232.50	-1.834e-03	8.275e-02	6.355e-03
162233.50	8.160e-04	-1.651e-02	4.406e-04
162234.50	-5.626e-04	4.118e-02	-5.808e-02
162235.50	-3.686e-04	5.933e-04	-2.150e-02
162236.50	1.133e-03	-2.362e-02	-2.544e-02
162237.50	1.488e-03	4.051e-03	8.813e-03
162238.50	4.397e-03	-3.130e-02	-1.430e-02
162239.50	9.696e-04	-5.462e-02	7.075e-02
162240.50	-5.395e-03	-5.846e-03	-3.226e-02
162241.50	-6.038e-04	-5.328e-02	-1.325e-02
162242.50	-1.584e-03	-1.949e-02	3.206e-02
162243.50	-1.536e-03	7.248e-02	5.117e-03
162244.50	8.822e-04	2.064e-02	-2.371e-02
162245.50	2.160e-03	1.651e-03	-1.910e-02
162246.50	-4.579e-04	-7.248e-03	-1.382e-02
162247.50	-3.101e-04	-3.418e-02	4.877e-03
162248.50	4.070e-03	-6.461e-02	-3.600e-03
162249.50	1.546e-03	-4.992e-03	2.582e-02
162250.50	5.040e-04	-1.190e-02	4.090e-02
162251.50	-2.822e-04	8.246e-02	-4.339e-02
162252.50	-1.920e-03	-7.747e-04	-4.810e-02
162253.50	-3.715e-03	-1.162e-02	4.838e-02
162254.50	-7.325e-03	8.534e-02	4.080e-02
162255.50	-3.101e-04	1.661e-02	4.358e-02
162256.50	2.486e-04	1.747e-02	2.285e-02
162257.50	1.190e-03	2.765e-02	-1.738e-03
162258.50	-3.158e-03	7.949e-02	6.998e-02
162259.50	8.534e-04	-3.466e-02	-5.395e-03
162260.50	6.787e-03	-6.240e-03	2.179e-03
162261.50	-4.358e-03	4.666e-03	2.083e-02
162262.50	-1.853e-03	-5.981e-02	-3.888e-02
162263.50	-9.696e-05	-7.824e-03	2.189e-02
162264.50	7.920e-04	1.555e-03	-3.350e-02
162265.50	-4.483e-04	8.026e-03	-2.986e-02
162266.50	-5.434e-04	-1.421e-02	1.171e-02
162267.50	5.405e-04	-3.782e-02	7.594e-03
162268.50	2.678e-03	-2.995e-02	-3.139e-03
162269.50	-2.419e-04	-3.120e-02	5.194e-02
162270.50	2.083e-03	-1.162e-01	-5.184e-02
162271.50	-1.421e-04	-2.698e-02	-6.864e-02
162272.50	-3.235e-03	1.344e-01	-1.776e-02
162273.50	6.394e-04	3.053e-02	8.294e-02
162274.50	-1.085e-03	-2.928e-02	-2.064e-02
162275.50	-2.870e-03	8.256e-02	3.274e-02
162276.50	-2.890e-03	8.390e-02	2.006e-03
162277.50	-1.690e-04	2.237e-02	-1.699e-02
162278.50	1.891e-03	-3.014e-02	-2.294e-02
162279.50	2.630e-04	-4.541e-03	9.235e-02
