161681.50	0.000e+00	0.000e+00	0.000e+00
161682.50	0.000e+00	0.000e+00	0.000e+00
161683.50	0.000e+00	0.000e+00	0.000e+00
161684.50	0.000e+00	0.000e+00	0.000e+00
161685.50	0.000e+00	0.000e+00	0.000e+00
161686.50	0.000e+00	0.000e+00	0.000e+00
161687.50	0.000e+00	0.000e+00	0.000e+00
161688.50	0.000e+00	0.000e+00	0.000e+00
161689.50	0.000e+00	0.000e+00	0.000e+00
161690.50	0.000e+00	0.000e+00	0.000e+00
161691.50	0.000e+00	0.000e+00	0.000e+00
161692.50	0.000e+00	0.000e+00	0.000e+00
161693.50	0.000e+00	0.000e+00	0.000e+00
161694.50	0.000e+00	0.000e+00	0.000e+00
161695.50	0.000e+00	0.000e+00	0.000e+00
161696.50	0.000e+00	0.000e+00	0.000e+00
161697.50	0.000e+00	0.000e+00	0.000e+00
161698.50	0.000e+00	0.000e+00	0.000e+00
161699.50	0.000e+00	0.000e+00	0.000e+00
161700.50	0.000e+00	0.000e+00	0.000e+00
161701.50	0.000e+00	0.000e+00	0.000e+00
161702.50	0.000e+00	0.000e+00	0.000e+00
161703.50	0.000e+00	0.000e+00	0.000e+00
161704.50	0.000e+00	0.000e+00	0.000e+00
161705.50	0.000e+00	0.000e+00	0.000e+00
161706.50	0.000e+00	0.000e+00	0.000e+00
161707.50	0.000e+00	0.000e+00	0.000e+00
161708.50	0.000e+00	0.000e+00	0.000e+00
161709.50	0.000e+00	0.000e+00	0.000e+00
161710.50	0.000e+00	0.000e+00	0.000e+00
161711.50	0.000e+00	0.000e+00	0.000e+00
161712.50	0.000e+00	0.000e+00	0.000e+00
161713.50	0.000e+00	0.000e+00	0.000e+00
161714.50	0.000e+00	0.000e+00	0.000e+00
161715.50	0.000e+00	0.000e+00	0.000e+00
161716.50	0.000e+00	0.000e+00	0.000e+00
161717.50	0.000e+00	0.000e+00	0.000e+00
161718.50	0.000e+00	0.000e+00	0.000e+00
161719.50	0.000e+00	0.000e+00	0.000e+00
161720.50	0.000e+00	0.000e+00	0.000e+00
161721.50	0.000e+00	0.000e+00	0.000e+00
161722.50	0.000e+00	0.000e+00	0.000e+00
161723.50	0.000e+00	0.000e+00	0.000e+00
161724.50	0.000e+00	0.000e+00	0.000e+00
161725.50	0.000e+00	0.000e+00	0.000e+00
161726.50	0.000e+00	0.000e+00	0.000e+00
161727.50	0.000e+00	0.000e+00	0.000e+00
161728.50	0.000e+00	0.000e+00	0.000e+00
161729.50	0.000e+00	0.000e+00	0.000e+00
161730.50	0.000e+00	0.000e+00	0.000e+00
161731.50	0.000e+00	0.000e+00	0.000e+00
161732.50	0.000e+00	0.000e+00	0.000e+00
161733.50	0.000e+00	0.000e+00	0.000e+00
161734.50	0.000e+00	0.000e+00	0.000e+00
161735.50	0.000e+00	0.000e+00	0.000e+00
161736.50	0.000e+00	0.000e+00	0.000e+00
161737.50	0.000e+00	0.000e+00	0.000e+00
161738.50	0.000e+00	0.000e+00	0.000e+00
161739.50	0.000e+00	0.000e+00	0.000e+00
161740.50	0.000e+00	0.000e+00	0.000e+00
161741.50	0.000e+00	0.000e+00	0.000e+00
161742.50	0.000e+00	0.000e+00	0.000e+00
161743.50	0.000e+00	0.000e+00	0.000e+00
161744.50	0.000e+00	0.000e+00	0.000e+00
161745.50	0.000e+00	0.000e+00	0.000e+00
161746.50	0.000e+00	0.000e+00	0.000e+00
161747.50	0.000e+00	0.000e+00	0.000e+00
161748.50	0.000e+00	0.000e+00	0.000e+00
161749.50	0.000e+00	0.000e+00	0.000e+00
161750.50	0.000e+00	0.000e+00	0.000e+00
161751.50	0.000e+00	0.000e+00	0.000e+00
161752.50	0.000e+00	0.000e+00	0.000e+00
161753.50	0.000e+00	0.000e+00	0.000e+00
161754.50	0.000e+00	0.000e+00	0.000e+00
161755.50	0.000e+00	0.000e+00	0.000e+00
161756.50	0.000e+00	0.000e+00	0.000e+00
161757.50	0.000e+00	0.000e+00	0.000e+00
161758.50	0.000e+00	0.000e+00	0.000e+00
161759.50	0.000e+00	0.000e+00	0.000e+00
161760.50	0.000e+00	0.000e+00	0.000e+00
161761.50	0.000e+00	0.000e+00	0.000e+00
161762.50	0.000e+00	0.000e+00	0.000e+00
161763.50	0.000e+00	0.000e+00	0.000e+00
161764.50	0.000e+00	0.000e+00	0.000e+00
161765.50	0.000e+00	0.000e+00	0.000e+00
161766.50	0.000e+00	0.000e+00	0.000e+00
161767.50	0.000e+00	0.000e+00	0.000e+00
161768.50	0.000e+00	0.000e+00	0.000e+00
161769.50	0.000e+00	0.000e+00	0.000e+00
161770.50	0.000e+00	0.000e+00	0.000e+00
161771.50	0.000e+00	0.000e+00	0.000e+00
161772.50	0.000e+00	0.000e+00	0.000e+00
161773.50	0.000e+00	0.000e+00	0.000e+00
161774.50	0.000e+00	0.000e+00	0.000e+00
161775.50	0.000e+00	0.000e+00	0.000e+00
161776.50	0.000e+00	0.000e+00	0.000e+00
161777.50	0.000e+00	0.000e+00	0.000e+00
161778.50	0.000e+00	0.000e+00	0.000e+00
161779.50	0.000e+00	0.000e+00	0.000e+00
161780.50	0.000e+00	0.000e+00	0.000e+00
161781.50	0.000e+00	0.000e+00	0.000e+00
161782.50	0.000e+00	0.000e+00	0.000e+00
161783.50	0.000e+00	0.000e+00	0.000e+00
161784.50	0.000e+00	0.000e+00	0.000e+00
161785.50	0.000e+00	0.000e+00	0.000e+00
161786.50	0.000e+00	0.000e+00	0.000e+00
161787.50	0.000e+00	0.000e+00	0.000e+00
161788.50	0.000e+00	0.000e+00	0.000e+00
161789.50	0.000e+00	0.000e+00	0.000e+00
161790.50	0.000e+00	0.000e+00	0.000e+00
161791.50	0.000e+00	0.000e+00	0.000e+00
161792.50	0.000e+00	0.000e+00	0.000e+00
161793.50	0.000e+00	0.000e+00	0.000e+00
161794.50	0.000e+00	0.000e+00	0.000e+00
161795.50	0.000e+00	0.000e+00	0.000e+00
161796.50	0.000e+00	0.000e+00	0.000e+00
161797.50	0.000e+00	0.000e+00	0.000e+00
161798.50	0.000e+00	0.000e+00	0.000e+00
161799.50	0.000e+00	0.000e+00	0.000e+00
161800.50	0.000e+00	0.000e+00	0.000e+00
161801.50	0.000e+00	0.000e+00	0.000e+00
161802.50	0.000e+00	0.000e+00	0.000e+00
161803.50	0.000e+00	0.000e+00	0.000e+00
161804.50	0.000e+00	0.000e+00	0.000e+00
161805.50	0.000e+00	0.000e+00	0.000e+00
161806.50	0.000e+00	0.000e+00	0.000e+00
161807.50	-3.946e-05	3.917e-04	1.190e-03
161808.50	-2.880e-04	-4.560e-03	6.950e-03
161809.50	4.032e-04	1.699e-03	-1.056e-02
161810.50	6.653e-05	2.717e-04	-4.829e-04
161811.50	3.754e-05	3.744e-04	-3.158e-04
161812.50	1.267e-04	3.946e-03	-2.890e-03
161813.50	-3.226e-04	-9.264e-03	5.491e-03
161814.50	-8.410e-05	4.819e-03	4.195e-03
161815.50	4.656e-04	5.760e-03	-6.691e-03
161816.50	-1.334e-03	-6.557e-02	-1.363e-02
161817.50	6.614e-04	3.974e-02	8.909e-03
161818.50	-2.486e-04	-6.691e-03	3.610e-03
161819.50	5.126e-05	-3.686e-02	-1.584e-02
161820.50	5.386e-03	-1.373e-01	-2.650e-01
161821.50	-1.354e-02	-2.410e-01	3.370e-01
161822.50	-2.352e-02	-3.974e+00	-1.142e+00
161823.50	-3.562e-01	-3.936e+01	-4.925e+00
161824.50	-2.054e+00	-2.275e+02	-2.362e+01
161825.50	-5.136e+00	-5.280e+02	-2.285e+01
161826.50	-5.299e+00	-5.750e+02	-2.381e+01
161827.50	-2.861e+00	-3.341e+02	-1.162e+01
161828.50	1.181e+00	1.085e+02	3.773e+00
161829.50	1.594e+00	1.584e+02	3.312e+00
161830.50	1.210e+00	1.411e+02	1.286e+01
161831.50	8.832e-01	1.114e+02	1.392e+01
161832.50	8.544e-01	9.264e+01	5.770e+00
161833.50	9.062e-01	9.197e+01	2.256e+00
161834.50	6.701e-01	7.469e+01	5.011e+00
161835.50	7.363e-01	7.402e+01	1.392e+00
161836.50	6.086e-01	6.038e+01	9.600e-02
161837.50	4.637e-01	5.453e+01	4.694e+00
161838.50	5.136e-01	5.030e+01	5.933e-01
161839.50	5.798e-01	4.867e+01	-4.387e+00
161840.50	3.850e-01	3.974e+01	1.382e+00
161841.50	3.101e-01	4.099e+01	4.666e+00
161842.50	2.717e-01	3.302e+01	2.573e+00
161843.50	2.986e-01	3.082e+01	4.022e-01
161844.50	2.832e-01	3.331e+01	2.851e+00
161845.50	2.496e-01	2.717e+01	1.363e+00
161846.50	2.102e-01	2.621e+01	3.226e+00
161847.50	2.285e-01	2.429e+01	6.682e-01
161848.50	2.006e-01	2.064e+01	5.760e-01
161849.50	1.786e-01	2.054e+01	1.584e+00
161850.50	1.142e-01	1.507e+01	1.248e+00
161851.50	1.939e-01	2.102e+01	1.066e+00
161852.50	1.411e-01	1.594e+01	7.546e-01
161853.50	1.843e-01	1.795e+01	-6.701e-01
161854.50	1.709e-01	1.478e+01	-7.805e-01
161855.50	9.475e-02	1.229e+01	1.373e+00
161856.50	9.888e-02	1.296e+01	1.450e+00
161857.50	1.190e-01	1.334e+01	5.414e-01
161858.50	1.430e-01	1.248e+01	-9.696e-01
161859.50	1.373e-01	1.142e+01	-8.486e-01
161860.50	8.918e-02	1.027e+01	5.539e-01
161861.50	3.178e-02	8.851e+00	2.582e+00
161862.50	4.867e-02	8.794e+00	1.862e+00
161863.50	7.200e-02	7.142e+00	9.696e-02
161864.50	5.760e-02	9.696e+00	1.651e+00
161865.50	8.275e-02	6.614e+00	-9.312e-01
161866.50	4.003e-02	6.250e+00	9.888e-01
161867.50	5.059e-02	6.336e+00	7.152e-01
161868.50	4.896e-02	5.376e+00	3.398e-01
161869.50	5.261e-02	6.528e+00	9.792e-01
161870.50	3.658e-02	5.885e+00	8.880e-01
161871.50	4.982e-02	4.435e+00	-2.880e-01
161872.50	3.686e-02	4.675e+00	2.842e-01
161873.50	5.827e-02	5.155e+00	-4.253e-01
161874.50	3.254e-02	4.666e+00	7.094e-01
161875.50	3.754e-02	5.338e+00	6.230e-01
161876.50	1.987e-02	4.051e+00	9.888e-01
161877.50	5.558e-02	4.426e+00	-5.040e-01
161878.50	2.592e-02	2.678e+00	-2.726e-01
161879.50	3.379e-02	2.630e+00	-2.218e-01
161880.50	1.104e-02	3.168e+00	6.912e-01
161881.50	2.054e-02	3.869e+00	9.024e-01
161882.50	4.243e-02	2.842e+00	-5.722e-01
161883.50	1.939e-02	2.525e+00	-2.410e-01
161884.50	2.083e-02	2.429e+00	1.613e-02
161885.50	2.006e-02	3.619e+00	9.552e-01
161886.50	2.688e-04	1.843e+00	8.112e-01
161887.50	2.784e-02	2.064e+00	-3.514e-01
161888.50	1.939e-02	2.237e+00	2.150e-01
161889.50	2.179e-02	2.621e+00	-8.928e-02
161890.50	1.978e-02	2.794e+00	3.504e-01
161891.50	5.760e-03	1.334e+00	6.826e-01
161892.50	3.005e-02	1.354e+00	-5.798e-01
161893.50	1.142e-02	1.027e+00	-2.246e-01
161894.50	1.642e-02	2.131e+00	-1.219e-01
161895.50	8.621e-03	1.296e+00	3.341e-01
161896.50	4.666e-03	1.334e+00	-6.710e-02
161897.50	9.158e-03	1.862e+00	3.552e-01
161898.50	2.045e-02	1.181e+00	-2.006e-01
161899.50	1.200e-02	1.603e+00	-2.736e-02
161900.50	1.238e-02	1.411e+00	2.458e-01
161901.50	-7.680e-03	6.739e-01	2.870e-01
161902.50	2.323e-02	1.622e+00	-1.018e-01
161903.50	1.392e-02	1.152e+00	-3.350e-03
161904.50	2.189e-02	1.517e+00	-2.304e-01
161905.50	3.178e-02	1.670e+00	-3.158e-01
161906.50	-1.114e-02	8.275e-01	7.901e-01
161907.50	1.344e-02	7.738e-01	-4.752e-01
161908.50	3.398e-03	5.098e-01	5.213e-04
161909.50	9.696e-03	9.600e-01	1.238e-02
161910.50	-6.710e-03	2.918e-01	3.120e-01
161911.50	-8.131e-06	5.309e-01	4.579e-01
161912.50	2.554e-03	7.718e-01	2.842e-01
161913.50	1.613e-02	1.085e+00	-2.486e-01
161914.50	8.400e-03	2.131e-01	-4.042e-01
161915.50	8.314e-03	4.445e-01	-3.715e-01
161916.50	-8.611e-03	9.696e-01	8.803e-01
161917.50	1.018e-02	8.966e-01	-3.206e-02
161918.50	6.106e-03	6.374e-01	-4.301e-01
161919.50	-4.234e-03	2.102e-01	2.496e-01
161920.50	1.200e-02	7.958e-01	-7.997e-02
161921.50	-9.091e-04	9.293e-01	4.531e-01
161922.50	1.584e-02	3.850e-01	-4.838e-01
161923.50	-5.270e-03	4.070e-01	3.293e-01
161924.50	6.058e-03	1.200e+00	4.176e-01
161925.50	-6.202e-03	5.232e-01	2.947e-01
161926.50	-1.373e-02	4.522e-02	6.211e-01
161927.50	2.179e-02	8.237e-01	-3.974e-01
161928.50	1.286e-02	3.082e-01	-5.750e-01
161929.50	4.474e-03	-8.304e-02	-4.157e-01
161930.50	2.784e-01	1.258e+00	-1.296e+00
161931.50	-3.965e-02	-3.197e-01	-3.014e-01
161932.50	-2.112e-01	-1.142e-01	8.294e-01
161933.50	4.522e-02	1.373e+00	8.256e-01
161934.50	-3.782e-02	-1.210e-01	9.792e-02
161935.50	-3.168e-02	-3.370e-02	4.262e-01
161936.50	-4.685e-03	-2.890e-01	-1.450e-02
161937.50	1.171e-02	5.722e-01	-2.256e-01
161938.50	1.958e-03	3.178e-01	1.718e-01
161939.50	5.683e-03	1.315e-01	-4.042e-01
161940.50	9.888e-03	2.045e-01	-3.715e-01
161941.50	1.171e-02	5.520e-01	-5.491e-03
161942.50	1.450e-02	9.101e-01	-2.573e-01
161943.50	-2.966e-03	-1.498e-01	-7.718e-02
161944.50	3.389e-03	4.118e-01	-8.640e-02
161945.50	-6.461e-03	5.837e-02	4.214e-01
161946.50	-7.853e-03	8.861e-02	5.434e-01
161947.50	-9.792e-03	2.467e-01	6.806e-01
161948.50	1.757e-03	9.984e-02	-2.986e-02
161949.50	-2.410e-03	-9.245e-02	-4.733e-02
161950.50	1.296e-02	3.110e-01	-4.118e-01
161951.50	5.136e-03	1.766e-01	-6.298e-02
161952.50	-2.573e-03	3.341e-01	4.109e-01
161953.50	7.469e-03	8.861e-01	-4.915e-02
161954.50	6.470e-03	6.845e-02	-5.050e-01
161955.50	-1.267e-02	-2.448e-01	4.147e-01
161956.50	3.946e-03	1.901e-01	1.421e-01
161957.50	-2.390e-03	1.200e-01	7.613e-02
161958.50	6.787e-03	1.526e-01	-2.467e-01
161959.50	-9.792e-04	-8.333e-02	-1.402e-01
161960.50	-4.742e-03	-1.565e-01	1.603e-01
161961.50	1.997e-03	-2.515e-02	-1.709e-01
161962.50	5.549e-03	1.968e-01	-2.765e-02
161963.50	2.544e-02	2.918e-01	1.229e-01
161964.50	-1.200e-02	3.475e-01	-2.227e-01
161965.50	-4.416e-03	4.042e-01	5.885e-02
161966.50	1.661e-03	3.648e-01	3.610e-02
161967.50	2.918e-03	1.200e-01	-1.008e-01
161968.50	-1.018e-02	-1.450e-02	-1.402e-01
161969.50	2.890e-03	2.458e-01	-7.651e-02
161970.50	4.886e-03	-2.342e-01	1.738e-01
161971.50	-8.256e-03	6.701e-02	3.216e-01
161972.50	-2.448e-03	2.160e-01	-1.978e-02
161973.50	1.450e-03	2.746e-01	-1.094e-01
161974.50	1.219e-03	7.219e-02	-4.579e-02
161975.50	8.102e-04	4.819e-02	-2.256e-02
161976.50	3.955e-04	9.418e-02	4.109e-03
161977.50	5.107e-03	1.056e-01	-4.195e-02
161978.50	-1.056e-02	3.965e-02	2.045e-01
161979.50	7.210e-04	5.309e-02	-1.622e-01
161980.50	-4.954e-03	5.462e-02	3.437e-01
161981.50	1.315e-03	1.882e-02	5.059e-02
161982.50	7.939e-03	5.126e-02	-1.699e-01
161983.50	-5.626e-03	-1.248e-01	1.862e-01
161984.50	-1.046e-02	-9.264e-02	2.381e-01
161985.50	2.640e-03	1.018e-01	-2.813e-02
161986.50	1.632e-04	1.738e-01	4.349e-02
161987.50	-3.552e-03	-1.642e-01	-4.061e-02
161988.50	9.984e-04	-1.997e-01	-2.582e-01
161989.50	6.144e-03	2.093e-01	-2.333e-02
161990.50	2.890e-03	1.430e-01	3.533e-02
161991.50	2.678e-03	1.402e-01	2.842e-01
161992.50	2.813e-03	4.013e-01	-1.392e-02
161993.50	-5.405e-03	-1.958e-01	1.075e-01
161994.50	1.056e-03	5.386e-02	-1.008e-01
161995.50	2.400e-03	1.411e-01	-9.331e-02
161996.50	4.061e-03	3.974e-02	7.699e-02
161997.50	4.560e-03	1.066e-02	-2.784e-02
161998.50	2.698e-03	-1.910e-01	-1.219e-01
161999.50	1.498e-03	-1.258e-01	2.899e-02
162000.50	-8.410e-03	4.416e-01	-1.008e-01
162001.50	-1.882e-03	2.506e-01	3.005e-01
162002.50	8.784e-04	7.382e-02	-9.149e-02
162003.50	-2.909e-03	-1.632e-01	7.219e-02
162004.50	-2.323e-03	1.344e-01	1.229e-01
162005.50	-5.107e-03	-2.112e-01	-9.984e-03
162006.50	9.360e-05	2.995e-02	2.016e-02
162007.50	1.997e-03	2.669e-02	-3.581e-02
162008.50	-1.795e-03	1.478e-01	7.334e-02
162009.50	7.469e-04	4.186e-02	-2.102e-01
162010.50	-9.696e-05	-2.822e-02	-4.694e-02
162011.50	-1.997e-03	-3.235e-02	1.344e-01
162012.50	9.523e-03	3.350e-01	-2.160e-02
162013.50	4.579e-03	3.907e-02	7.181e-02
162014.50	-1.123e-02	-8.131e-02	3.754e-01
162015.50	-2.218e-03	-9.888e-02	-6.480e-02
162016.50	2.698e-03	1.478e-01	-5.558e-02
162017.50	-2.678e-03	1.824e-01	2.093e-01
162018.50	9.984e-03	2.323e-01	-2.323e-01
162019.50	1.738e-03	1.267e-01	-4.358e-02
162020.50	-6.730e-03	-5.962e-02	-6.298e-02
162021.50	-7.075e-03	-1.843e-01	6.970e-02
162022.50	9.216e-04	1.910e-01	2.861e-02
162023.50	1.008e-03	1.411e-01	3.677e-02
162024.50	2.650e-03	7.526e-02	5.194e-02
162025.50	-4.176e-03	1.066e-02	6.566e-02
162026.50	3.821e-04	2.227e-02	2.467e-02
162027.50	6.739e-05	-5.520e-02	-4.579e-03
162028.50	9.888e-04	2.170e-01	5.760e-02
162029.50	-8.160e-03	-1.200e-01	-1.565e-01
162030.50	6.922e-03	7.190e-02	-1.632e-01
162031.50	5.971e-03	3.187e-03	2.813e-02
162032.50	-2.602e-03	-1.517e-01	1.584e-01
162033.50	8.582e-03	1.238e-01	1.037e-02
162034.50	-2.746e-04	8.650e-02	-1.651e-02
162035.50	-8.362e-03	-1.786e-01	-1.718e-02
162036.50	-2.208e-02	-2.045e-01	2.016e-01
162037.50	1.843e-04	2.054e-02	6.835e-02
162038.50	-4.781e-03	-3.514e-02	1.814e-02
162039.50	4.685e-03	2.486e-01	-9.418e-02
162040.50	-5.462e-04	-7.382e-02	1.574e-01
162041.50	-6.336e-03	-9.187e-02	1.469e-01
162042.50	4.474e-03	5.184e-02	-1.987e-01
162043.50	8.246e-03	5.366e-02	-3.120e-01
162044.50	1.421e-02	2.323e-01	-2.035e-02
162045.50	6.643e-03	1.200e-01	7.747e-02
162046.50	-7.229e-03	-2.362e-01	7.968e-02
162047.50	-9.197e-03	-2.659e-03	2.362e-01
162048.50	1.891e-03	-2.477e-02	-4.138e-02
162049.50	-1.238e-04	1.498e-01	-2.554e-02
162050.50	-3.331e-03	-1.152e-01	7.670e-02
162051.50	4.166e-03	-4.925e-02	-1.949e-01
162052.50	9.792e-04	-8.534e-02	3.206e-02
162053.50	-4.022e-04	1.162e-01	1.171e-03
162054.50	1.066e-03	-6.538e-02	-9.696e-02
162055.50	-3.946e-04	7.018e-02	8.419e-02
162056.50	7.747e-04	7.267e-02	-1.104e-01
162057.50	-1.584e-03	-2.054e-02	-3.552e-02
162058.50	2.621e-03	6.307e-02	-2.458e-02
162059.50	5.962e-04	6.893e-02	-5.376e-02
162060.50	-3.888e-03	-1.574e-01	8.698e-02
162061.50	-4.464e-04	-2.515e-02	1.133e-02
162062.50	5.616e-03	2.429e-02	-3.158e-02
162063.50	1.930e-02	1.891e-01	1.469e-02
162064.50	-1.709e-02	-8.237e-02	-1.286e-01
162065.50	2.726e-03	9.216e-02	1.200e-01
162066.50	2.218e-03	-6.269e-02	7.459e-02
162067.50	-3.792e-03	-6.394e-02	4.205e-02
162068.50	-2.995e-03	-9.043e-02	-3.475e-02
162069.50	3.350e-03	1.402e-01	-7.363e-02
162070.50	-2.438e-03	8.410e-02	8.506e-02
162071.50	-9.542e-04	2.256e-02	6.576e-02
162072.50	-1.277e-03	-1.526e-01	-7.584e-03
162073.50	1.968e-04	-6.374e-02	-1.200e-01
162074.50	-9.274e-04	-9.149e-02	-1.459e-02
162075.50	6.912e-04	-1.632e-02	-4.042e-02
162076.50	1.565e-03	6.874e-02	-1.152e-01
162077.50	-2.717e-03	1.747e-02	8.035e-02
162078.50	-3.110e-03	9.446e-03	1.824e-01
162079.50	-6.298e-04	-4.339e-02	4.090e-02
162080.50	5.328e-03	9.696e-02	-1.699e-02
162081.50	1.181e-02	3.542e-02	-3.226e-02
162082.50	-3.149e-03	1.008e-01	7.450e-02
162083.50	-1.171e-03	1.008e-01	-4.790e-02
162084.50	-6.480e-03	-4.474e-02	-5.635e-02
162085.50	-3.312e-03	1.094e-02	-4.589e-02
162086.50	3.850e-03	-1.363e-01	5.088e-02
162087.50	5.530e-03	1.469e-02	-5.366e-02
162088.50	-5.270e-05	-1.190e-01	-6.931e-02
162089.50	3.082e-03	2.496e-02	-2.966e-02
162090.50	1.181e-03	1.872e-01	-7.747e-02
162091.50	-5.395e-03	-5.510e-02	-6.298e-03
162092.50	-3.024e-03	9.696e-02	1.354e-01
162093.50	8.938e-04	2.410e-02	2.611e-02
162094.50	-4.838e-03	-9.139e-02	-5.203e-02
162095.50	-3.341e-03	-5.770e-02	9.888e-03
162096.50	1.718e-03	4.733e-03	9.254e-02
162097.50	5.040e-03	1.238e-01	-7.699e-02
162098.50	1.507e-03	-4.042e-03	-1.546e-02
162099.50	-3.504e-04	-8.650e-02	-6.346e-02
162100.50	2.602e-03	-3.811e-02	-9.245e-02
162101.50	-3.715e-04	-1.037e-02	-1.517e-01
162102.50	-1.306e-03	-7.133e-02	4.560e-02
162103.50	4.176e-04	1.008e-01	1.402e-02
162104.50	-3.696e-03	3.389e-02	1.968e-01
162105.50	-2.707e-05	6.125e-02	1.536e-01
162106.50	-1.517e-03	-2.822e-02	-2.035e-02
162107.50	-2.717e-03	-5.338e-02	-1.258e-02
162108.50	6.115e-03	3.389e-02	-8.131e-02
162109.50	-2.890e-03	4.714e-02	-5.203e-02
162110.50	-2.381e-03	2.506e-02	-1.670e-02
162111.50	8.410e-04	-2.054e-02	6.989e-02
162112.50	2.093e-04	1.574e-02	-1.709e-02
162113.50	1.142e-03	1.258e-02	-7.651e-02
162114.50	9.408e-04	1.498e-01	9.197e-03
162115.50	-3.811e-04	-2.813e-02	-3.936e-02
162116.50	5.098e-04	-1.603e-02	-1.901e-02
162117.50	1.046e-03	1.488e-02	4.646e-02
162118.50	1.123e-03	1.229e-01	-1.402e-02
162119.50	-5.021e-03	1.642e-02	3.869e-02
162120.50	4.762e-03	5.712e-03	-3.302e-03
162121.50	-3.014e-03	-8.208e-02	1.603e-02
162122.50	-3.014e-03	5.894e-02	1.258e-01
162123.50	-4.550e-03	5.222e-02	1.642e-01
162124.50	1.373e-02	-1.037e-01	-7.498e-02
162125.50	6.845e-03	2.314e-02	-2.659e-02
162126.50	-4.474e-03	-7.114e-02	1.190e-01
162127.50	-1.373e-04	-6.835e-02	-3.830e-02
162128.50	6.278e-03	-6.182e-02	-7.574e-02
162129.50	-3.955e-03	2.323e-02	-5.462e-03
162130.50	-1.450e-03	-3.734e-02	-4.982e-02
162131.50	-2.294e-03	2.438e-02	2.506e-02
162132.50	1.862e-03	1.565e-02	-1.306e-02
162133.50	-9.792e-04	2.736e-02	-6.403e-02
162134.50	3.514e-03	-4.013e-02	-8.131e-02
162135.50	-5.981e-03	-9.494e-02	4.723e-02
162136.50	1.459e-03	9.581e-03	-9.696e-03
162137.50	1.075e-03	6.682e-02	-4.205e-03
162138.50	1.459e-03	7.891e-02	2.141e-02
162139.50	-2.304e-04	3.898e-02	-4.723e-02
162140.50	-1.958e-03	-9.427e-02	6.326e-03
162141.50	-1.661e-03	3.581e-02	-6.317e-03
162142.50	2.746e-04	9.187e-02	3.658e-02
162143.50	1.478e-03	2.765e-02	-1.238e-02
162144.50	2.256e-03	1.104e-01	3.446e-02
162145.50	2.746e-03	-1.046e-01	-8.227e-02
162146.50	-1.315e-03	-1.008e-01	-4.128e-02
162147.50	-2.563e-03	5.933e-02	3.005e-02
162148.50	1.526e-03	1.037e-01	6.221e-02
162149.50	3.821e-03	-7.891e-02	-1.939e-02
162150.50	-5.472e-04	-1.738e-02	2.976e-02
162151.50	3.187e-03	4.022e-03	-3.312e-02
162152.50	-6.970e-04	-6.048e-02	2.342e-02
162153.50	4.435e-03	1.306e-01	-1.267e-01
162154.50	-1.440e-03	-1.037e-01	-4.272e-02
162155.50	-4.397e-03	5.491e-02	1.104e-01
162156.50	5.558e-03	1.344e-02	2.698e-02
162157.50	4.090e-03	1.546e-02	8.918e-02
162158.50	-5.482e-03	-1.075e-01	9.168e-02
162159.50	1.478e-04	-2.122e-02	-8.179e-02
162160.50	2.976e-03	4.272e-03	-2.573e-02
162161.50	-2.045e-04	5.568e-02	-1.066e-02
162162.50	2.755e-03	2.438e-02	-1.133e-01
162163.50	-4.502e-03	3.965e-02	1.152e-01
162164.50	4.013e-03	2.323e-05	2.323e-02
162165.50	4.157e-03	1.699e-02	-6.922e-02
162166.50	1.046e-03	-4.589e-02	-4.128e-02
162167.50	-1.344e-03	4.397e-02	-1.440e-02
162168.50	6.374e-04	5.741e-02	-4.349e-02
162169.50	-9.696e-04	5.942e-02	-4.282e-02
162170.50	-7.632e-04	9.792e-03	9.437e-02
162171.50	-2.275e-03	-9.581e-02	3.014e-02
162172.50	2.352e-03	1.421e-02	-5.280e-02
162173.50	1.114e-02	5.462e-02	-1.469e-01
162174.50	3.600e-03	2.141e-02	-4.272e-02
162175.50	7.478e-03	-1.162e-02	-4.656e-02
162176.50	-2.141e-02	-9.331e-02	6.480e-02
162177.50	-3.091e-03	-3.168e-02	2.861e-02
162178.50	6.422e-03	6.288e-02	2.448e-02
162179.50	2.141e-03	3.062e-02	-7.920e-03
162180.50	-1.277e-03	-7.008e-02	7.478e-02
162181.50	1.718e-03	6.442e-02	4.579e-02
162182.50	3.206e-04	5.232e-02	-8.784e-02
162183.50	-7.171e-03	2.419e-02	7.325e-02
162184.50	-2.093e-03	7.997e-02	1.670e-02
162185.50	-3.408e-04	-9.581e-02	-7.584e-02
162186.50	3.619e-03	-1.075e-02	-2.093e-02
162187.50	9.888e-03	-1.584e-02	6.509e-03
162188.50	-8.698e-03	-9.888e-03	8.102e-02
162189.50	-4.262e-03	-1.229e-02	6.566e-02
162190.50	-1.075e-02	5.626e-03	-2.400e-02
162191.50	-2.525e-03	1.872e-02	4.915e-02
162192.50	6.672e-03	2.093e-02	-4.531e-02
162193.50	-1.958e-04	-5.981e-02	-1.997e-02
162194.50	9.888e-03	6.998e-02	-1.402e-02
162195.50	-1.210e-02	-1.219e-01	-8.563e-02
162196.50	-5.587e-03	-2.928e-03	3.168e-02
162197.50	-1.267e-03	-4.560e-02	-6.854e-04
162198.50	-2.621e-03	-5.136e-02	8.131e-02
162199.50	-5.290e-04	-4.080e-02	5.357e-02
162200.50	-1.066e-03	-1.747e-02	-5.520e-02
162201.50	-3.370e-03	-4.282e-02	1.056e-01
162202.50	-1.046e-03	-9.542e-02	-4.176e-02
162203.50	-7.766e-04	3.350e-02	8.832e-02
162204.50	1.315e-03	1.085e-04	-6.893e-02
162205.50	1.613e-03	8.861e-02	-1.459e-01
162206.50	-2.909e-04	6.365e-02	4.531e-02
162207.50	2.851e-03	1.008e-02	-5.155e-02
162208.50	4.406e-03	3.245e-02	-2.150e-02
162209.50	1.574e-03	1.142e-02	2.870e-02
162210.50	-2.938e-03	-9.120e-02	1.248e-02
162211.50	6.422e-04	4.147e-02	1.757e-02
162212.50	3.014e-04	2.736e-02	6.038e-02
162213.50	-2.438e-03	2.976e-02	4.637e-02
162214.50	4.666e-03	5.654e-02	-9.888e-03
162215.50	-4.579e-03	-3.485e-02	-5.290e-02
162216.50	1.334e-05	-2.650e-02	-3.658e-02
162217.50	1.354e-03	7.920e-02	-4.406e-02
162218.50	-1.526e-03	7.296e-03	2.083e-02
162219.50	-3.264e-03	-1.872e-02	-2.006e-02
162220.50	-1.056e-03	4.934e-03	2.352e-02
162221.50	1.670e-03	4.349e-02	-3.379e-02
162222.50	-1.248e-03	3.926e-02	8.803e-02
162223.50	2.400e-04	-4.032e-02	-9.187e-03
162224.50	-2.573e-04	-4.858e-02	6.566e-02
162225.50	-1.133e-03	-3.638e-02	2.842e-02
162226.50	4.598e-04	8.976e-02	-1.814e-02
162227.50	-2.784e-03	1.565e-02	4.915e-02
162228.50	-1.440e-04	-1.834e-02	5.462e-02
162229.50	1.450e-03	-5.126e-02	-8.352e-02
162230.50	-3.667e-03	-6.701e-02	-2.208e-02
162231.50	7.037e-04	9.696e-02	8.362e-02
162232.50	4.474e-03	-2.179e-02	-7.402e-02
162233.50	1.421e-02	2.026e-02	-1.421e-01
162234.50	3.110e-04	3.302e-02	1.795e-02
162235.50	-1.267e-03	1.776e-02	2.966e-03
162236.50	-8.237e-03	-5.203e-02	3.053e-02
162237.50	-1.162e-03	1.190e-01	6.374e-02
162238.50	-1.114e-03	1.651e-02	4.186e-02
162239.50	7.133e-04	-2.890e-02	-2.342e-02
162240.50	1.056e-03	1.008e-02	4.080e-02
162241.50	-7.882e-04	-6.451e-02	-1.594e-02
162242.50	9.360e-04	8.717e-02	-3.379e-02
162243.50	-1.334e-03	2.592e-02	-1.565e-02
162244.50	-2.438e-05	-3.014e-02	-6.566e-02
162245.50	-6.442e-04	-1.363e-02	1.296e-02
162246.50	2.573e-04	1.373e-02	2.006e-02
162247.50	1.354e-03	-6.442e-02	-2.602e-02
162248.50	1.901e-02	1.085e-01	-1.018e-01
162249.50	9.984e-03	1.210e-02	-1.517e-01
162250.50	-2.794e-02	-1.613e-01	8.611e-02
162251.50	-1.114e-02	-7.450e-02	2.755e-02
162252.50	5.779e-03	1.104e-01	3.552e-02
162253.50	4.810e-03	-2.630e-02	-3.158e-02
162254.50	-9.360e-03	-6.528e-02	2.947e-02
162255.50	-1.344e-03	-7.094e-04	1.027e-01
162256.50	5.328e-04	-2.890e-02	-7.411e-04
162257.50	-1.718e-03	-4.963e-02	-1.344e-02
162258.50	-1.027e-03	9.322e-03	5.136e-02
162259.50	-1.997e-03	-3.331e-02	7.133e-02
162260.50	-3.562e-03	-6.048e-02	-5.616e-03
162261.50	-1.728e-03	-7.661e-02	-9.984e-03
162262.50	1.248e-02	5.078e-02	-6.010e-03
162263.50	1.661e-03	2.534e-02	-1.459e-02
162264.50	-1.834e-03	5.088e-02	3.552e-02
162265.50	-3.821e-04	4.858e-02	-1.536e-02
162266.50	2.045e-03	3.562e-02	-3.792e-02
162267.50	1.747e-03	6.384e-03	-5.155e-02
162268.50	-1.046e-03	-7.094e-02	9.062e-03
162269.50	7.603e-04	1.027e-02	-8.458e-03
162270.50	1.622e-03	4.886e-02	-1.613e-02
162271.50	1.978e-03	8.707e-02	2.842e-02
162272.50	-1.939e-03	-4.829e-02	2.237e-02
162273.50	4.627e-03	4.042e-02	-4.829e-02
162274.50	-7.574e-04	-6.000e-03	3.667e-03
162275.50	4.118e-03	1.478e-03	-1.478e-02
162276.50	-3.341e-03	-2.832e-02	-2.698e-02
162277.50	-3.216e-03	-2.429e-02	1.258e-02
162278.50	-1.181e-03	4.963e-02	1.690e-02
162279.50	-1.699e-03	-3.984e-04	1.949e-02
