161681.50	0.000e+00	0.000e+00	0.000e+00
161682.50	0.000e+00	0.000e+00	0.000e+00
161683.50	0.000e+00	0.000e+00	0.000e+00
161684.50	0.000e+00	0.000e+00	0.000e+00
161685.50	0.000e+00	0.000e+00	0.000e+00
161686.50	0.000e+00	0.000e+00	0.000e+00
161687.50	0.000e+00	0.000e+00	0.000e+00
161688.50	0.000e+00	0.000e+00	0.000e+00
161689.50	0.000e+00	0.000e+00	0.000e+00
161690.50	0.000e+00	0.000e+00	0.000e+00
161691.50	0.000e+00	0.000e+00	0.000e+00
161692.50	0.000e+00	0.000e+00	0.000e+00
161693.50	0.000e+00	0.000e+00	0.000e+00
161694.50	0.000e+00	0.000e+00	0.000e+00
161695.50	0.000e+00	0.000e+00	0.000e+00
161696.50	0.000e+00	0.000e+00	0.000e+00
161697.50	0.000e+00	0.000e+00	0.000e+00
161698.50	0.000e+00	0.000e+00	0.000e+00
161699.50	0.000e+00	0.000e+00	0.000e+00
161700.50	0.000e+00	0.000e+00	0.000e+00
161701.50	0.000e+00	0.000e+00	0.000e+00
161702.50	0.000e+00	0.000e+00	0.000e+00
161703.50	0.000e+00	0.000e+00	0.000e+00
161704.50	0.000e+00	0.000e+00	0.000e+00
161705.50	0.000e+00	0.000e+00	0.000e+00
161706.50	0.000e+00	0.000e+00	0.000e+00
161707.50	0.000e+00	0.000e+00	0.000e+00
161708.50	0.000e+00	0.000e+00	0.000e+00
161709.50	0.000e+00	0.000e+00	0.000e+00
161710.50	0.000e+00	0.000e+00	0.000e+00
161711.50	0.000e+00	0.000e+00	0.000e+00
161712.50	0.000e+00	0.000e+00	0.000e+00
161713.50	0.000e+00	0.000e+00	0.000e+00
161714.50	0.000e+00	0.000e+00	0.000e+00
161715.50	0.000e+00	0.000e+00	0.000e+00
161716.50	0.000e+00	0.000e+00	0.000e+00
161717.50	0.000e+00	0.000e+00	0.000e+00
161718.50	0.000e+00	0.000e+00	0.000e+00
161719.50	0.000e+00	0.000e+00	0.000e+00
161720.50	0.000e+00	0.000e+00	0.000e+00
161721.50	0.000e+00	0.000e+00	0.000e+00
161722.50	0.000e+00	0.000e+00	0.000e+00
161723.50	0.000e+00	0.000e+00	0.000e+00
161724.50	0.000e+00	0.000e+00	0.000e+00
161725.50	0.000e+00	0.000e+00	0.000e+00
161726.50	0.000e+00	0.000e+00	0.000e+00
161727.50	0.000e+00	0.000e+00	0.000e+00
161728.50	0.000e+00	0.000e+00	0.000e+00
161729.50	0.000e+00	0.000e+00	0.000e+00
161730.50	0.000e+00	0.000e+00	0.000e+00
161731.50	0.000e+00	0.000e+00	0.000e+00
161732.50	0.000e+00	0.000e+00	0.000e+00
161733.50	0.000e+00	0.000e+00	0.000e+00
161734.50	0.000e+00	0.000e+00	0.000e+00
161735.50	0.000e+00	0.000e+00	0.000e+00
161736.50	0.000e+00	0.000e+00	0.000e+00
161737.50	0.000e+00	0.000e+00	0.000e+00
161738.50	0.000e+00	0.000e+00	0.000e+00
161739.50	0.000e+00	0.000e+00	0.000e+00
161740.50	0.000e+00	0.000e+00	0.000e+00
161741.50	0.000e+00	0.000e+00	0.000e+00
161742.50	0.000e+00	0.000e+00	0.000e+00
161743.50	0.000e+00	0.000e+00	0.000e+00
161744.50	0.000e+00	0.000e+00	0.000e+00
161745.50	0.000e+00	0.000e+00	0.000e+00
161746.50	0.000e+00	0.000e+00	0.000e+00
161747.50	0.000e+00	0.000e+00	0.000e+00
161748.50	0.000e+00	0.000e+00	0.000e+00
161749.50	0.000e+00	0.000e+00	0.000e+00
161750.50	0.000e+00	0.000e+00	0.000e+00
161751.50	0.000e+00	0.000e+00	0.000e+00
161752.50	0.000e+00	0.000e+00	0.000e+00
161753.50	0.000e+00	0.000e+00	0.000e+00
161754.50	0.000e+00	0.000e+00	0.000e+00
161755.50	0.000e+00	0.000e+00	0.000e+00
161756.50	0.000e+00	0.000e+00	0.000e+00
161757.50	0.000e+00	0.000e+00	0.000e+00
161758.50	0.000e+00	0.000e+00	0.000e+00
161759.50	0.000e+00	0.000e+00	0.000e+00
161760.50	0.000e+00	0.000e+00	0.000e+00
161761.50	0.000e+00	0.000e+00	0.000e+00
161762.50	0.000e+00	0.000e+00	0.000e+00
161763.50	0.000e+00	0.000e+00	0.000e+00
161764.50	0.000e+00	0.000e+00	0.000e+00
161765.50	0.000e+00	0.000e+00	0.000e+00
161766.50	0.000e+00	0.000e+00	0.000e+00
161767.50	0.000e+00	0.000e+00	0.000e+00
161768.50	0.000e+00	0.000e+00	0.000e+00
161769.50	0.000e+00	0.000e+00	0.000e+00
161770.50	0.000e+00	0.000e+00	0.000e+00
161771.50	0.000e+00	0.000e+00	0.000e+00
161772.50	0.000e+00	0.000e+00	0.000e+00
161773.50	0.000e+00	0.000e+00	0.000e+00
161774.50	0.000e+00	0.000e+00	0.000e+00
161775.50	0.000e+00	0.000e+00	0.000e+00
161776.50	0.000e+00	0.000e+00	0.000e+00
161777.50	0.000e+00	0.000e+00	0.000e+00
161778.50	0.000e+00	0.000e+00	0.000e+00
161779.50	0.000e+00	0.000e+00	0.000e+00
161780.50	0.000e+00	0.000e+00	0.000e+00
161781.50	0.000e+00	0.000e+00	0.000e+00
161782.50	0.000e+00	0.000e+00	0.000e+00
161783.50	0.000e+00	0.000e+00	0.000e+00
161784.50	0.000e+00	0.000e+00	0.000e+00
161785.50	0.000e+00	0.000e+00	0.000e+00
161786.50	-2.726e-05	5.251e-04	9.466e-04
161787.50	-3.974e-05	1.882e-04	1.075e-03
161788.50	-1.642e-04	-4.963e-03	-1.267e-02
161789.50	4.320e-04	7.373e-03	-9.456e-03
161790.50	2.861e-04	1.574e-02	1.776e-02
161791.50	1.171e-04	-1.066e-02	-1.690e-02
161792.50	1.056e-03	1.469e-02	-2.352e-02
161793.50	-7.968e-05	1.757e-03	2.746e-02
161794.50	4.896e-04	5.040e-02	2.755e-02
161795.50	-4.637e-05	-4.397e-02	-6.470e-03
161796.50	-1.046e-03	-3.206e-02	-2.208e-03
161797.50	1.363e-03	3.667e-02	-2.410e-02
161798.50	-1.978e-03	-3.005e-01	1.238e-01
161799.50	-3.830e-04	1.997e-01	1.277e-01
161800.50	-1.824e-03	2.390e-02	2.170e-01
161801.50	1.603e-03	-5.894e-02	-3.082e-01
161802.50	1.373e-03	1.411e-01	-4.541e-02
161803.50	8.304e-04	-9.264e-02	3.408e-02
161804.50	-3.898e-03	-3.629e-01	-1.334e-03
161805.50	-3.398e-03	-5.856e-01	2.294e-01
161806.50	-5.107e-03	-4.723e-01	3.562e-01
161807.50	-1.574e-02	-4.541e+00	-1.037e-01
161808.50	-5.789e-02	-1.392e+01	1.066e+00
161809.50	-1.181e-01	-4.138e+01	-1.661e+00
161810.50	-3.245e-01	-1.037e+02	5.654e-01
161811.50	-5.971e-01	-2.045e+02	-3.907e-01
161812.50	-1.018e+00	-3.466e+02	3.206e+00
161813.50	-8.563e-01	-2.851e+02	1.056e+01
161814.50	-9.514e-01	-3.725e+02	-1.680e+00
161815.50	-4.166e-01	-1.910e+02	-3.907e-01
161816.50	1.882e-01	1.536e+01	-6.115e+00
161817.50	3.398e-01	1.037e+02	5.914e-01
161818.50	4.339e-01	1.296e+02	-3.533e+00
161819.50	3.475e-01	1.171e+02	-2.496e-02
161820.50	3.648e-01	1.094e+02	-4.262e+00
161821.50	3.024e-01	8.438e+01	-6.442e+00
161822.50	1.834e-01	8.160e+01	5.789e+00
161823.50	1.632e-01	6.950e+01	2.755e+00
161824.50	1.862e-01	5.846e+01	-2.746e+00
161825.50	1.699e-01	5.674e+01	-5.424e-01
161826.50	1.584e-01	5.347e+01	-1.901e+00
161827.50	1.507e-01	4.810e+01	-2.611e+00
161828.50	1.411e-01	4.243e+01	-2.880e+00
161829.50	7.382e-02	3.696e+01	2.534e+00
161830.50	9.091e-02	3.523e+01	3.773e-01
161831.50	9.082e-02	3.206e+01	-1.277e+00
161832.50	7.488e-02	3.101e+01	8.237e-01
161833.50	5.414e-02	2.774e+01	2.198e+00
161834.50	6.211e-02	2.659e+01	1.258e+00
161835.50	6.182e-02	2.179e+01	-2.150e-01
161836.50	6.691e-02	2.045e+01	-2.122e+00
161837.50	3.264e-02	1.805e+01	1.430e+00
161838.50	3.514e-02	1.718e+01	-4.157e-01
161839.50	5.530e-02	1.786e+01	-3.782e-01
161840.50	2.976e-02	1.718e+01	1.114e+00
161841.50	3.408e-02	1.699e+01	1.181e+00
161842.50	3.168e-02	1.526e+01	8.966e-01
161843.50	4.646e-02	1.526e+01	-1.114e+00
161844.50	3.907e-02	1.325e+01	-1.104e+00
161845.50	4.378e-02	1.142e+01	-1.853e+00
161846.50	3.091e-02	1.094e+01	-4.426e-01
161847.50	2.467e-02	1.104e+01	-1.661e-01
161848.50	1.373e-02	9.792e+00	8.794e-01
161849.50	1.200e-02	8.947e+00	1.536e+00
161850.50	4.762e-03	8.707e+00	7.968e-01
161851.50	3.005e-02	8.554e+00	-1.258e+00
161852.50	1.133e-03	7.334e+00	1.056e+00
161853.50	2.554e-02	7.930e+00	-8.621e-02
161854.50	-6.509e-04	6.010e+00	1.853e+00
161855.50	1.766e-02	7.258e+00	-1.584e-01
161856.50	1.046e-03	6.499e+00	7.046e-01
161857.50	1.200e-02	5.501e+00	-1.181e-01
161858.50	3.926e-03	5.722e+00	1.258e+00
161859.50	7.930e-03	3.888e+00	2.870e-01
161860.50	2.650e-02	5.645e+00	-7.066e-01
161861.50	1.152e-03	5.491e+00	5.866e-01
161862.50	8.506e-03	3.446e+00	-4.214e-01
161863.50	3.821e-03	4.723e+00	-5.222e-01
161864.50	1.517e-02	3.984e+00	-4.022e-01
161865.50	1.200e-02	3.859e+00	3.091e-01
161866.50	4.090e-03	3.658e+00	5.501e-01
161867.50	7.219e-03	3.821e+00	5.126e-01
161868.50	-4.502e-03	2.890e+00	9.360e-01
161869.50	4.474e-03	3.946e+00	3.139e-01
161870.50	1.200e-02	2.189e+00	-6.538e-01
161871.50	-1.824e-03	3.331e+00	3.878e-01
161872.50	9.696e-03	3.158e+00	-4.790e-01
161873.50	7.661e-03	2.515e+00	2.707e-01
161874.50	1.171e-02	2.400e+00	-9.216e-01
161875.50	7.757e-03	3.110e+00	1.584e-01
161876.50	3.024e-04	1.238e+00	1.853e-01
161877.50	-7.843e-04	2.026e+00	1.987e-01
161878.50	-2.083e-05	2.333e+00	3.763e-01
161879.50	7.786e-04	1.824e+00	1.661e-01
161880.50	8.486e-03	2.477e+00	-6.826e-01
161881.50	2.995e-03	1.334e+00	2.352e-01
161882.50	2.573e-03	1.142e+00	-2.218e-01
161883.50	1.987e-03	1.459e+00	-6.854e-02
161884.50	2.237e-04	1.114e+00	1.008e-01
161885.50	2.496e-03	1.718e+00	-1.517e-01
161886.50	3.235e-03	2.458e+00	1.162e-01
161887.50	1.536e-03	1.162e+00	-2.486e-01
161888.50	5.578e-03	1.123e+00	-6.643e-02
161889.50	1.133e-02	3.043e-01	-7.776e-01
161890.50	-3.629e-03	1.171e+00	8.918e-01
161891.50	2.035e-03	1.805e+00	-1.642e-01
161892.50	-4.138e-03	8.563e-01	9.792e-03
161893.50	-1.344e-04	5.914e-01	-2.170e-01
161894.50	6.422e-03	1.190e+00	2.515e-01
161895.50	1.757e-03	8.602e-01	2.890e-01
161896.50	-1.008e-03	9.696e-01	1.670e-01
161897.50	-1.325e-03	8.986e-01	-3.293e-02
161898.50	1.939e-03	8.208e-01	1.075e-01
161899.50	3.715e-04	6.336e-01	-6.605e-02
161900.50	-2.755e-04	7.958e-01	-1.584e-01
161901.50	-5.530e-04	7.718e-01	2.669e-01
161902.50	1.325e-02	6.144e-01	-8.861e-01
161903.50	-1.747e-03	4.176e-01	1.344e-01
161904.50	-6.950e-03	2.803e-01	6.864e-01
161905.50	-6.595e-03	5.808e-01	4.896e-01
161906.50	3.600e-03	9.984e-01	-3.773e-01
161907.50	6.403e-03	1.363e+00	-3.715e-01
161908.50	-2.784e-03	6.710e-01	-3.552e-01
161909.50	8.035e-04	4.070e-01	3.744e-01
161910.50	1.920e-03	5.443e-01	2.515e-01
161911.50	-6.010e-04	6.490e-01	2.237e-01
161912.50	-1.478e-02	8.870e-02	1.200e-01
161913.50	-2.947e-03	1.834e-01	-2.352e-01
161914.50	8.304e-03	3.485e-01	7.718e-03
161915.50	1.046e-02	4.416e-01	-3.350e-01
161916.50	-8.842e-04	-4.051e-02	-4.138e-01
161917.50	7.450e-04	8.208e-01	6.000e-01
161918.50	1.670e-03	3.312e-01	-1.613e-01
161919.50	2.717e-03	5.050e-01	-1.622e-01
161920.50	5.702e-03	7.133e-01	1.613e-01
161921.50	2.573e-03	1.584e-01	-3.878e-01
161922.50	3.763e-03	3.581e-01	-3.686e-01
161923.50	2.784e-03	4.925e-01	5.635e-02
161924.50	-1.200e-03	7.709e-02	7.498e-02
161925.50	-2.179e-03	1.613e-01	-3.379e-01
161926.50	-7.373e-03	6.269e-01	5.693e-01
161927.50	-4.195e-03	1.613e-01	-5.117e-02
161928.50	3.427e-03	4.320e-01	-1.776e-03
161929.50	5.184e-03	1.930e-01	-8.794e-03
161930.50	-1.488e-03	6.086e-02	2.986e-01
161931.50	-2.525e-03	-3.034e-01	-2.150e-01
161932.50	1.690e-03	4.493e-01	-3.629e-01
161933.50	-6.691e-04	3.101e-01	3.552e-01
161934.50	1.382e-03	4.349e-01	-1.882e-01
161935.50	-3.427e-03	4.886e-01	1.286e-01
161936.50	3.101e-03	6.336e-02	1.834e-01
161937.50	-2.928e-03	4.061e-01	-1.200e-01
161938.50	4.320e-03	4.138e-01	1.987e-01
161939.50	-9.341e-04	7.181e-02	-4.742e-02
161940.50	-3.072e-03	-6.816e-02	1.315e-01
161941.50	3.110e-03	3.274e-02	-4.301e-01
161942.50	4.464e-04	3.840e-01	1.786e-01
161943.50	-1.958e-03	1.853e-01	2.813e-01
161944.50	-8.314e-04	3.350e-01	-2.122e-01
161945.50	-8.246e-04	-1.594e-01	3.562e-01
161946.50	1.920e-03	-2.122e-02	2.093e-01
161947.50	-5.712e-03	3.514e-01	2.918e-01
161948.50	-2.026e-03	3.456e-01	2.333e-01
161949.50	-2.352e-03	-2.640e-01	-4.445e-01
161950.50	5.290e-03	3.696e-01	-2.035e-01
161951.50	-7.085e-03	1.459e-02	4.723e-03
161952.50	-1.882e-03	-1.066e-01	1.699e-01
161953.50	7.018e-04	-4.762e-03	3.581e-02
161954.50	-8.525e-05	3.466e-01	2.371e-01
161955.50	3.187e-04	1.229e-02	-2.870e-02
161956.50	7.181e-03	1.651e-01	-2.678e-01
161957.50	2.957e-03	2.016e-01	-1.478e-01
161958.50	3.677e-03	1.622e-01	-3.504e-01
161959.50	-1.997e-03	1.747e-01	6.192e-02
161960.50	1.546e-03	7.094e-02	-9.984e-02
161961.50	4.656e-04	9.984e-02	-2.592e-01
161962.50	-1.843e-03	1.181e-01	-7.402e-02
161963.50	3.658e-03	1.450e-01	-1.210e-01
161964.50	6.221e-03	1.258e-01	-7.901e-02
161965.50	1.498e-03	2.112e-01	2.995e-01
161966.50	-8.611e-03	5.155e-03	1.834e-01
161967.50	1.046e-02	-1.306e-01	-1.027e-01
161968.50	4.934e-03	9.984e-02	6.029e-02
161969.50	-5.712e-03	3.149e-01	3.494e-01
161970.50	6.115e-03	-2.275e-01	4.435e-02
161971.50	1.133e-02	-1.546e-03	-6.326e-02
161972.50	-5.539e-03	2.736e-01	1.901e-01
161973.50	-1.498e-03	1.267e-01	-1.286e-01
161974.50	-1.334e-02	-3.283e-01	2.688e-02
161975.50	-7.190e-03	4.598e-02	-1.613e-01
161976.50	-2.822e-03	1.738e-01	1.325e-01
161977.50	1.690e-03	1.027e-01	6.960e-02
161978.50	2.410e-03	6.221e-02	-1.248e-01
161979.50	2.477e-03	2.947e-01	1.171e-01
161980.50	4.579e-03	-1.238e-01	-2.141e-01
161981.50	-2.189e-03	5.597e-03	-1.757e-01
161982.50	-2.237e-04	5.482e-02	-2.112e-01
161983.50	-6.125e-03	1.325e-01	3.341e-01
161984.50	4.090e-03	1.267e-01	1.507e-02
161985.50	7.373e-03	1.459e-02	-7.286e-02
161986.50	-2.256e-03	-8.429e-02	1.786e-02
161987.50	1.027e-03	9.984e-02	-1.162e-01
161988.50	-3.629e-03	9.792e-02	1.229e-01
161989.50	6.970e-04	6.010e-02	-1.766e-01
161990.50	-1.786e-02	1.277e-01	-1.978e-02
161991.50	-2.486e-05	2.947e-01	2.131e-01
161992.50	-5.568e-03	-2.659e-01	1.862e-01
161993.50	1.325e-02	1.334e-01	1.430e-01
161994.50	-2.160e-02	-1.344e-02	6.672e-02
161995.50	-1.277e-03	9.082e-02	7.296e-02
161996.50	4.819e-03	1.027e-01	5.885e-02
161997.50	1.786e-03	1.555e-01	7.862e-02
161998.50	7.526e-03	3.197e-02	-1.651e-01
161999.50	1.728e-03	-3.811e-02	9.888e-02
162000.50	-7.219e-03	-3.696e-03	2.698e-01
162001.50	3.504e-03	1.277e-01	-5.472e-03
162002.50	3.158e-03	-1.248e-01	-1.613e-01
162003.50	-3.206e-03	4.003e-03	2.314e-01
162004.50	-3.859e-03	4.205e-02	9.696e-02
162005.50	-1.968e-03	2.467e-01	-5.194e-02
162006.50	-1.344e-03	1.622e-01	-5.578e-02
162007.50	-3.878e-04	7.334e-02	-9.446e-02
162008.50	-1.248e-03	-7.987e-02	-2.304e-01
162009.50	-1.037e-03	5.050e-02	-8.400e-02
162010.50	-1.891e-03	1.210e-01	-3.389e-02
162011.50	-4.032e-04	-9.696e-02	4.301e-01
162012.50	-1.027e-02	4.502e-02	2.275e-01
162013.50	6.077e-04	-2.064e-02	-2.035e-01
162014.50	1.325e-04	7.248e-02	-6.202e-02
162015.50	6.720e-04	1.085e-01	1.776e-01
162016.50	2.131e-03	3.264e-02	-9.984e-02
162017.50	-2.429e-03	-2.333e-02	-1.450e-01
162018.50	1.171e-04	4.042e-02	1.718e-01
162019.50	5.472e-06	-1.066e-01	9.888e-02
162020.50	8.266e-03	-8.429e-03	-9.984e-02
162021.50	7.440e-03	3.053e-02	-1.546e-01
162022.50	-7.814e-04	4.694e-02	-6.125e-02
162023.50	6.835e-04	2.448e-01	1.958e-01
162024.50	-2.659e-03	-1.440e-02	-6.509e-02
162025.50	2.861e-04	-1.200e-01	-1.824e-02
162026.50	-2.419e-03	-3.370e-02	-8.966e-02
162027.50	6.010e-04	-1.037e-01	7.488e-02
162028.50	-3.955e-03	1.901e-01	2.659e-01
162029.50	-1.901e-03	-2.342e-02	-1.210e-02
162030.50	-2.525e-03	1.814e-03	1.354e-01
162031.50	-1.411e-03	3.350e-02	-1.478e-02
162032.50	2.256e-03	9.514e-02	-1.286e-01
162033.50	-2.304e-03	-3.494e-02	1.046e-01
162034.50	1.776e-03	6.125e-03	-8.688e-02
162035.50	2.093e-03	-1.046e-01	-1.382e-01
162036.50	2.928e-03	2.486e-02	-1.661e-01
162037.50	-1.421e-03	8.170e-02	1.968e-02
162038.50	-2.928e-03	2.544e-02	-1.114e-02
162039.50	-4.166e-03	-4.310e-02	-4.483e-02
162040.50	1.507e-03	-8.736e-02	8.794e-02
162041.50	3.254e-03	-3.494e-03	-1.450e-02
162042.50	-2.698e-03	-7.162e-02	-8.246e-02
162043.50	-2.918e-03	7.718e-02	1.891e-01
162044.50	4.579e-04	2.822e-02	-2.899e-02
162045.50	2.131e-03	-7.286e-02	-4.234e-02
162046.50	1.498e-04	1.958e-01	4.598e-02
162047.50	2.774e-03	-1.114e-01	-5.376e-02
162048.50	-1.315e-03	-6.749e-02	5.914e-02
162049.50	-6.432e-04	-1.526e-01	-3.283e-02
162050.50	4.051e-03	1.104e-01	-9.792e-02
162051.50	9.888e-04	5.270e-02	2.054e-02
162052.50	-5.174e-03	-7.997e-02	7.603e-02
162053.50	-1.594e-03	6.307e-02	-3.130e-02
162054.50	3.101e-03	-4.925e-02	1.037e-03
162055.50	1.075e-04	-1.066e-01	-6.749e-02
162056.50	-8.323e-04	-1.440e-02	-5.270e-03
162057.50	-9.245e-04	8.045e-02	-6.835e-02
162058.50	9.254e-04	1.882e-02	9.130e-02
162059.50	1.738e-03	8.755e-02	1.344e-01
162060.50	-1.526e-03	1.238e-01	3.610e-02
162061.50	9.322e-04	4.138e-02	-1.997e-01
162062.50	8.861e-04	-9.389e-02	-9.254e-02
162063.50	6.442e-04	5.664e-02	-3.754e-02
162064.50	4.166e-03	-1.786e-01	-2.774e-02
162065.50	5.635e-03	7.728e-02	-8.746e-03
162066.50	3.053e-03	1.066e-01	-3.206e-02
162067.50	3.274e-03	3.686e-02	-6.634e-02
162068.50	5.251e-03	6.922e-02	-3.446e-04
162069.50	2.861e-03	-3.946e-02	2.390e-01
162070.50	1.392e-03	3.734e-02	2.352e-02
162071.50	-9.341e-03	-7.344e-02	6.605e-03
162072.50	-1.114e-02	-8.822e-04	-7.286e-02
162073.50	3.418e-04	1.574e-03	-7.613e-02
162074.50	1.402e-03	-1.757e-01	2.064e-02
162075.50	-1.123e-03	-1.046e-01	4.272e-02
162076.50	2.477e-03	1.402e-01	1.402e-02
162077.50	1.699e-03	1.574e-01	-6.182e-02
162078.50	2.842e-03	5.040e-02	8.458e-02
162079.50	5.894e-03	-1.469e-01	-1.037e-01
162080.50	9.389e-03	1.162e-01	6.086e-03
162081.50	-2.371e-02	7.181e-02	-1.200e-01
162082.50	2.957e-03	-1.238e-01	6.749e-02
162083.50	-7.306e-03	-5.395e-02	-1.997e-02
162084.50	4.282e-04	3.274e-02	9.984e-03
162085.50	-5.011e-04	-8.976e-03	-1.402e-02
162086.50	3.600e-02	1.738e-01	1.987e-01
162087.50	-1.142e-02	1.949e-01	3.514e-02
162088.50	-1.402e-02	1.469e-01	-1.853e-01
162089.50	5.194e-04	3.686e-02	1.066e-01
162090.50	-2.054e-02	1.814e-01	-9.600e-02
162091.50	1.632e-02	-2.630e-01	7.094e-02
162092.50	2.899e-03	1.200e-02	6.653e-02
162093.50	1.862e-03	-8.813e-02	-9.888e-02
162094.50	-3.427e-04	-1.277e-01	-5.146e-02
162095.50	3.427e-04	5.424e-02	4.982e-02
162096.50	-4.042e-04	-2.803e-03	-1.210e-03
162097.50	1.622e-03	7.018e-02	9.149e-03
162098.50	8.208e-04	7.171e-02	2.803e-02
162099.50	-3.658e-03	-2.314e-01	2.746e-02
162100.50	-8.218e-03	-1.747e-01	-3.331e-02
162101.50	2.630e-03	4.752e-02	-7.603e-02
162102.50	2.285e-03	4.781e-02	-5.453e-02
162103.50	-2.880e-03	8.227e-02	-5.328e-02
162104.50	-2.112e-04	9.101e-02	2.458e-02
162105.50	7.997e-04	4.867e-02	-7.546e-02
162106.50	3.264e-03	-7.680e-02	-1.037e-01
162107.50	2.496e-03	-1.037e-01	7.757e-02
162108.50	2.362e-03	1.286e-01	1.459e-01
162109.50	-2.141e-03	1.373e-01	-5.299e-02
162110.50	-7.584e-04	-7.402e-02	-1.238e-01
162111.50	-3.101e-04	-6.989e-02	9.600e-02
162112.50	-5.405e-04	-5.011e-02	-6.835e-02
162113.50	-5.126e-04	3.130e-02	7.805e-02
162114.50	8.544e-04	-2.573e-02	3.408e-02
162115.50	-1.536e-03	-2.122e-02	-5.971e-02
162116.50	3.005e-03	7.210e-02	-1.565e-01
162117.50	8.650e-03	8.093e-02	-5.750e-02
162118.50	-9.005e-03	-1.565e-01	3.734e-02
162119.50	-5.203e-02	-2.880e-01	7.085e-02
162120.50	7.795e-03	1.325e-01	1.651e-01
162121.50	1.392e-02	1.584e-01	8.774e-02
162122.50	-4.541e-03	-3.187e-03	5.635e-02
162123.50	3.091e-03	5.789e-02	8.698e-02
162124.50	-1.363e-03	9.331e-02	1.296e-01
162125.50	7.430e-05	-4.550e-02	-7.949e-02
162126.50	9.331e-04	7.440e-02	-3.283e-02
162127.50	2.381e-03	3.869e-02	-4.627e-02
162128.50	1.190e-02	1.834e-02	-3.043e-02
162129.50	1.363e-01	-2.448e-01	2.102e-01
162130.50	-3.197e-04	4.531e-02	-2.563e-02
162131.50	1.814e-02	1.027e-01	-4.618e-02
162132.50	2.016e-02	1.882e-01	1.066e-01
162133.50	3.014e-04	-2.026e-02	7.776e-03
162134.50	3.696e-03	-6.710e-02	-1.459e-01
162135.50	9.062e-03	-6.173e-02	-1.027e-01
162136.50	-2.429e-03	-1.008e-01	3.514e-02
162137.50	3.437e-03	1.728e-02	2.995e-02
162138.50	-1.123e-02	-7.037e-02	-6.374e-02
162139.50	2.045e-03	1.421e-02	-1.757e-02
162140.50	-8.179e-03	-8.160e-02	-2.102e-02
162141.50	-5.107e-03	1.622e-01	1.181e-01
162142.50	1.459e-03	1.450e-03	-3.504e-02
162143.50	-8.851e-03	-4.502e-02	4.867e-02
162144.50	-1.094e-02	-6.240e-03	-4.886e-02
162145.50	-6.595e-04	1.181e-01	-2.918e-02
162146.50	3.456e-03	-7.507e-02	-5.107e-02
162147.50	2.880e-04	-1.546e-02	1.229e-04
162148.50	-6.278e-04	-5.136e-03	9.696e-02
162149.50	4.666e-03	1.795e-02	-1.152e-01
162150.50	-3.850e-03	-1.459e-01	2.870e-03
162151.50	5.078e-03	-5.731e-02	-1.603e-01
162152.50	-6.307e-03	1.363e-01	-9.043e-03
162153.50	2.160e-03	4.205e-02	3.802e-02
162154.50	7.085e-02	-2.083e-01	1.450e-01
162155.50	8.371e-02	-1.968e-01	1.210e-01
162156.50	2.141e-04	3.715e-02	-3.840e-02
162157.50	-9.331e-02	2.947e-01	2.726e-02
162158.50	-6.528e-02	1.555e-01	-1.181e-01
162159.50	1.795e-03	-5.779e-02	2.227e-02
162160.50	8.218e-04	3.571e-02	4.224e-02
162161.50	7.507e-03	9.043e-02	-2.256e-02
162162.50	-5.549e-03	-1.267e-01	1.651e-01
162163.50	-5.050e-03	-7.190e-02	-8.006e-03
162164.50	-1.171e-04	-1.680e-02	2.150e-03
162165.50	-2.179e-03	-6.806e-03	-9.590e-02
162166.50	-9.408e-03	-9.389e-02	-1.094e-02
162167.50	-3.024e-03	-1.018e-01	6.720e-02
162168.50	-1.805e-02	8.208e-02	-1.459e-01
162169.50	-5.885e-03	8.448e-02	-4.243e-02
162170.50	-3.312e-03	-8.592e-02	1.574e-02
162171.50	5.136e-03	-8.957e-03	-5.635e-02
162172.50	5.981e-03	5.117e-02	9.034e-02
162173.50	-7.373e-05	8.746e-02	-6.547e-03
162174.50	-6.864e-03	-8.774e-02	3.456e-02
162175.50	3.994e-04	-3.850e-02	-5.011e-02
162176.50	8.515e-04	4.378e-03	-5.309e-02
162177.50	-2.131e-02	8.352e-03	-3.034e-03
162178.50	-1.920e-03	-2.093e-02	1.238e-02
162179.50	1.056e-03	2.448e-02	1.008e-01
162180.50	-4.464e-04	1.152e-01	1.757e-02
162181.50	1.142e-03	3.139e-02	-9.514e-03
162182.50	-1.075e-03	1.661e-02	-8.198e-02
162183.50	1.680e-06	-1.027e-02	1.613e-02
162184.50	3.302e-02	2.083e-01	1.219e-01
162185.50	2.208e-03	1.181e-01	7.114e-02
162186.50	1.056e-02	1.229e-02	-6.547e-02
162187.50	8.851e-03	5.078e-03	-1.651e-01
162188.50	7.862e-03	6.566e-02	1.190e-01
162189.50	2.419e-02	-3.302e-03	-3.590e-02
162190.50	9.984e-04	-7.085e-02	-7.901e-02
162191.50	-6.346e-02	-3.082e-01	6.125e-02
162192.50	-1.738e-04	-1.661e-03	-3.197e-03
162193.50	4.858e-04	-3.984e-02	-4.272e-02
162194.50	-1.286e-03	8.544e-02	2.064e-02
162195.50	3.965e-03	5.894e-02	1.440e-01
162196.50	-9.533e-02	6.451e-02	-2.006e-01
162197.50	-4.109e-02	2.122e-02	-2.726e-02
162198.50	-2.650e-03	-2.438e-03	6.307e-02
162199.50	1.229e-03	2.419e-02	-5.078e-02
162200.50	1.622e-03	-1.334e-02	1.747e-02
162201.50	1.747e-03	-8.390e-02	1.901e-02
162202.50	-7.382e-04	2.650e-02	3.974e-02
162203.50	4.560e-04	5.971e-03	-1.046e-02
162204.50	1.680e-03	5.539e-03	-3.802e-02
162205.50	1.210e-03	2.141e-03	-1.498e-02
162206.50	-9.696e-04	1.498e-02	8.717e-03
162207.50	-1.085e-03	3.216e-02	2.448e-02
162208.50	4.224e-04	1.114e-01	-3.408e-02
162209.50	1.267e-03	-9.178e-03	-1.286e-02
162210.50	-4.032e-04	-4.675e-02	-7.286e-02
162211.50	-4.186e-04	-3.907e-02	3.648e-02
162212.50	-1.210e-04	-9.888e-03	4.493e-02
162213.50	-5.923e-04	-5.914e-07	1.373e-02
162214.50	2.006e-03	-3.965e-02	5.366e-02
162215.50	-2.198e-03	-3.504e-02	-7.747e-02
162216.50	7.920e-04	-5.866e-02	2.179e-02
162217.50	-1.766e-04	-4.416e-02	-4.867e-02
162218.50	2.141e-03	-1.834e-02	8.074e-02
162219.50	-4.982e-04	2.947e-02	-1.066e-01
162220.50	2.486e-04	-2.064e-02	1.488e-02
162221.50	-1.334e-03	8.179e-02	5.299e-02
162222.50	-4.128e-04	-1.872e-02	-2.275e-03
162223.50	-1.546e-04	3.955e-02	6.269e-02
162224.50	-1.267e-03	9.696e-03	9.398e-03
162225.50	-2.016e-03	3.226e-02	3.802e-02
162226.50	-2.189e-04	7.334e-02	3.370e-02
162227.50	1.104e-03	3.878e-02	-3.715e-02
162228.50	-5.482e-04	-9.408e-03	-2.275e-02
162229.50	1.699e-04	-4.080e-02	1.430e-02
162230.50	1.814e-03	-4.493e-02	-6.518e-02
162231.50	-3.024e-03	-1.354e-03	-3.514e-02
162232.50	-1.373e-03	1.334e-02	4.330e-02
162233.50	2.237e-05	-6.202e-02	-5.904e-02
162234.50	6.864e-04	-2.294e-02	6.413e-02
162235.50	1.565e-03	8.842e-03	-3.235e-02
162236.50	1.066e-04	-2.208e-02	9.466e-02
162237.50	-2.170e-04	-5.395e-02	-3.226e-02
162238.50	-6.547e-04	4.090e-02	1.939e-03
162239.50	6.931e-05	8.918e-02	1.046e-01
162240.50	1.546e-03	1.008e-02	-1.046e-02
162241.50	-4.118e-04	-5.299e-03	-5.050e-02
162242.50	-1.315e-03	-2.438e-02	-2.573e-02
162243.50	-5.558e-04	-3.475e-02	-5.510e-02
162244.50	-1.507e-03	-5.434e-03	-1.670e-02
162245.50	9.888e-04	-1.795e-02	-6.730e-02
162246.50	-5.558e-04	1.382e-03	-7.920e-02
162247.50	-1.075e-03	-8.746e-03	-2.890e-02
162248.50	4.685e-06	-1.171e-02	3.283e-02
162249.50	1.805e-03	2.554e-02	-7.210e-02
162250.50	-5.011e-04	3.485e-03	2.794e-02
162251.50	-1.978e-03	-4.579e-03	4.646e-02
162252.50	2.054e-03	-2.890e-03	1.978e-02
162253.50	8.458e-04	4.080e-02	1.066e-01
162254.50	-7.094e-04	-5.184e-02	1.786e-02
162255.50	2.237e-03	9.984e-02	-6.806e-03
162256.50	5.693e-03	4.954e-02	-2.515e-04
162257.50	1.296e-02	-7.834e-02	-1.632e-02
162258.50	3.715e-03	4.666e-02	-1.104e-03
162259.50	-2.419e-04	1.786e-02	4.070e-04
162260.50	5.088e-03	-2.026e-02	4.310e-03
162261.50	2.026e-03	9.696e-04	1.344e-02
162262.50	6.835e-04	-2.880e-02	2.909e-02
162263.50	2.064e-04	-7.603e-03	2.794e-02
162264.50	7.334e-04	-3.168e-03	9.082e-03
162265.50	6.998e-04	-1.920e-02	-3.283e-02
162266.50	-5.405e-04	-3.331e-02	-5.530e-02
162267.50	-2.803e-04	-1.574e-02	7.411e-02
162268.50	6.672e-04	-5.184e-02	1.363e-03
162269.50	2.669e-03	-7.728e-03	-2.726e-02
162270.50	-6.269e-04	3.821e-02	1.238e-03
162271.50	-9.178e-04	3.024e-02	-3.926e-03
162272.50	3.773e-04	2.640e-02	4.454e-02
162273.50	9.792e-04	5.405e-02	-7.181e-03
162274.50	-2.947e-03	5.587e-02	-3.398e-03
162275.50	-1.363e-03	2.179e-02	-4.733e-02
162276.50	1.469e-04	-3.494e-02	-5.021e-02
162277.50	1.555e-03	-2.630e-02	-2.371e-02
162278.50	1.526e-05	1.680e-02	-2.746e-02
162279.50	1.277e-03	5.011e-02	-3.350e-02
