161681.50	0.000e+00	0.000e+00	0.000e+00
161682.50	0.000e+00	0.000e+00	0.000e+00
161683.50	0.000e+00	0.000e+00	0.000e+00
161684.50	0.000e+00	0.000e+00	0.000e+00
161685.50	0.000e+00	0.000e+00	0.000e+00
161686.50	0.000e+00	0.000e+00	0.000e+00
161687.50	0.000e+00	0.000e+00	0.000e+00
161688.50	0.000e+00	0.000e+00	0.000e+00
161689.50	0.000e+00	0.000e+00	0.000e+00
161690.50	0.000e+00	0.000e+00	0.000e+00
161691.50	0.000e+00	0.000e+00	0.000e+00
161692.50	0.000e+00	0.000e+00	0.000e+00
161693.50	0.000e+00	0.000e+00	0.000e+00
161694.50	0.000e+00	0.000e+00	0.000e+00
161695.50	0.000e+00	0.000e+00	0.000e+00
161696.50	0.000e+00	0.000e+00	0.000e+00
161697.50	0.000e+00	0.000e+00	0.000e+00
161698.50	0.000e+00	0.000e+00	0.000e+00
161699.50	0.000e+00	0.000e+00	0.000e+00
161700.50	0.000e+00	0.000e+00	0.000e+00
161701.50	0.000e+00	0.000e+00	0.000e+00
161702.50	0.000e+00	0.000e+00	0.000e+00
161703.50	0.000e+00	0.000e+00	0.000e+00
161704.50	0.000e+00	0.000e+00	0.000e+00
161705.50	0.000e+00	0.000e+00	0.000e+00
161706.50	0.000e+00	0.000e+00	0.000e+00
161707.50	0.000e+00	0.000e+00	0.000e+00
161708.50	0.000e+00	0.000e+00	0.000e+00
161709.50	0.000e+00	0.000e+00	0.000e+00
161710.50	0.000e+00	0.000e+00	0.000e+00
161711.50	0.000e+00	0.000e+00	0.000e+00
161712.50	0.000e+00	0.000e+00	0.000e+00
161713.50	0.000e+00	0.000e+00	0.000e+00
161714.50	0.000e+00	0.000e+00	0.000e+00
161715.50	0.000e+00	0.000e+00	0.000e+00
161716.50	0.000e+00	0.000e+00	0.000e+00
161717.50	0.000e+00	0.000e+00	0.000e+00
161718.50	0.000e+00	0.000e+00	0.000e+00
161719.50	0.000e+00	0.000e+00	0.000e+00
161720.50	0.000e+00	0.000e+00	0.000e+00
161721.50	0.000e+00	0.000e+00	0.000e+00
161722.50	0.000e+00	0.000e+00	0.000e+00
161723.50	0.000e+00	0.000e+00	0.000e+00
161724.50	0.000e+00	0.000e+00	0.000e+00
161725.50	0.000e+00	0.000e+00	0.000e+00
161726.50	0.000e+00	0.000e+00	0.000e+00
161727.50	0.000e+00	0.000e+00	0.000e+00
161728.50	0.000e+00	0.000e+00	0.000e+00
161729.50	0.000e+00	0.000e+00	0.000e+00
161730.50	0.000e+00	0.000e+00	0.000e+00
161731.50	0.000e+00	0.000e+00	0.000e+00
161732.50	0.000e+00	0.000e+00	0.000e+00
161733.50	0.000e+00	0.000e+00	0.000e+00
161734.50	0.000e+00	0.000e+00	0.000e+00
161735.50	0.000e+00	0.000e+00	0.000e+00
161736.50	0.000e+00	0.000e+00	0.000e+00
161737.50	0.000e+00	0.000e+00	0.000e+00
161738.50	0.000e+00	0.000e+00	0.000e+00
161739.50	0.000e+00	0.000e+00	0.000e+00
161740.50	0.000e+00	0.000e+00	0.000e+00
161741.50	0.000e+00	0.000e+00	0.000e+00
161742.50	0.000e+00	0.000e+00	0.000e+00
161743.50	0.000e+00	0.000e+00	0.000e+00
161744.50	0.000e+00	0.000e+00	0.000e+00
161745.50	0.000e+00	0.000e+00	0.000e+00
161746.50	0.000e+00	0.000e+00	0.000e+00
161747.50	0.000e+00	0.000e+00	0.000e+00
161748.50	0.000e+00	0.000e+00	0.000e+00
161749.50	0.000e+00	0.000e+00	0.000e+00
161750.50	0.000e+00	0.000e+00	0.000e+00
161751.50	0.000e+00	0.000e+00	0.000e+00
161752.50	0.000e+00	0.000e+00	0.000e+00
161753.50	0.000e+00	0.000e+00	0.000e+00
161754.50	0.000e+00	0.000e+00	0.000e+00
161755.50	0.000e+00	0.000e+00	0.000e+00
161756.50	0.000e+00	0.000e+00	0.000e+00
161757.50	0.000e+00	0.000e+00	0.000e+00
161758.50	0.000e+00	0.000e+00	0.000e+00
161759.50	0.000e+00	0.000e+00	0.000e+00
161760.50	0.000e+00	0.000e+00	0.000e+00
161761.50	0.000e+00	0.000e+00	0.000e+00
161762.50	0.000e+00	0.000e+00	0.000e+00
161763.50	0.000e+00	0.000e+00	0.000e+00
161764.50	0.000e+00	0.000e+00	0.000e+00
161765.50	0.000e+00	0.000e+00	0.000e+00
161766.50	0.000e+00	0.000e+00	0.000e+00
161767.50	0.000e+00	0.000e+00	0.000e+00
161768.50	0.000e+00	0.000e+00	0.000e+00
161769.50	0.000e+00	0.000e+00	0.000e+00
161770.50	0.000e+00	0.000e+00	0.000e+00
161771.50	0.000e+00	0.000e+00	0.000e+00
161772.50	0.000e+00	0.000e+00	0.000e+00
161773.50	0.000e+00	0.000e+00	0.000e+00
161774.50	0.000e+00	0.000e+00	0.000e+00
161775.50	0.000e+00	0.000e+00	0.000e+00
161776.50	0.000e+00	0.000e+00	0.000e+00
161777.50	0.000e+00	0.000e+00	0.000e+00
161778.50	0.000e+00	0.000e+00	0.000e+00
161779.50	0.000e+00	0.000e+00	0.000e+00
161780.50	0.000e+00	0.000e+00	0.000e+00
161781.50	0.000e+00	0.000e+00	0.000e+00
161782.50	0.000e+00	0.000e+00	0.000e+00
161783.50	0.000e+00	0.000e+00	0.000e+00
161784.50	0.000e+00	0.000e+00	0.000e+00
161785.50	0.000e+00	0.000e+00	0.000e+00
161786.50	0.000e+00	0.000e+00	0.000e+00
161787.50	0.000e+00	0.000e+00	0.000e+00
161788.50	0.000e+00	0.000e+00	0.000e+00
161789.50	0.000e+00	0.000e+00	0.000e+00
161790.50	0.000e+00	0.000e+00	0.000e+00
161791.50	0.000e+00	0.000e+00	0.000e+00
161792.50	0.000e+00	0.000e+00	0.000e+00
161793.50	0.000e+00	0.000e+00	0.000e+00
161794.50	0.000e+00	0.000e+00	0.000e+00
161795.50	0.000e+00	0.000e+00	0.000e+00
161796.50	0.000e+00	0.000e+00	0.000e+00
161797.50	0.000e+00	0.000e+00	0.000e+00
161798.50	0.000e+00	0.000e+00	0.000e+00
161799.50	0.000e+00	0.000e+00	0.000e+00
161800.50	0.000e+00	0.000e+00	0.000e+00
161801.50	0.000e+00	0.000e+00	0.000e+00
161802.50	0.000e+00	0.000e+00	0.000e+00
161803.50	0.000e+00	0.000e+00	0.000e+00
161804.50	0.000e+00	0.000e+00	0.000e+00
161805.50	0.000e+00	0.000e+00	0.000e+00
161806.50	0.000e+00	0.000e+00	0.000e+00
161807.50	0.000e+00	0.000e+00	0.000e+00
161808.50	0.000e+00	0.000e+00	0.000e+00
161809.50	0.000e+00	0.000e+00	0.000e+00
161810.50	0.000e+00	0.000e+00	0.000e+00
161811.50	0.000e+00	0.000e+00	0.000e+00
161812.50	0.000e+00	0.000e+00	0.000e+00
161813.50	0.000e+00	0.000e+00	0.000e+00
161814.50	0.000e+00	0.000e+00	0.000e+00
161815.50	0.000e+00	0.000e+00	0.000e+00
161816.50	-1.066e-06	-9.312e-06	-1.142e-04
161817.50	-4.118e-05	7.133e-04	-1.824e-03
161818.50	3.984e-05	-6.557e-04	1.958e-03
161819.50	-2.016e-04	2.083e-03	-3.264e-03
161820.50	1.382e-04	1.987e-03	3.130e-03
161821.50	1.594e-05	-1.363e-03	5.366e-05
161822.50	4.800e-05	7.258e-05	-2.467e-03
161823.50	4.176e-05	-3.254e-03	-2.496e-03
161824.50	-4.560e-04	9.696e-03	9.216e-03
161825.50	3.283e-04	-1.123e-02	8.035e-03
161826.50	4.214e-04	-1.738e-02	-1.354e-04
161827.50	1.738e-04	8.006e-03	-1.478e-02
161828.50	3.686e-04	-3.667e-04	-1.123e-02
161829.50	6.922e-04	-3.005e-02	3.725e-02
161830.50	6.739e-05	8.352e-03	-1.267e-02
161831.50	-2.630e-04	1.171e-02	-9.456e-03
161832.50	-3.734e-04	4.704e-03	1.075e-02
161833.50	-5.491e-04	8.554e-03	4.205e-02
161834.50	-2.986e-03	1.037e-01	-6.970e-02
161835.50	4.051e-03	-1.133e-01	-8.438e-02
161836.50	1.181e-03	5.779e-02	-1.680e-01
161837.50	6.691e-02	-3.370e+00	2.669e-01
161838.50	6.758e-01	-3.149e+01	-6.202e-02
161839.50	1.162e+01	-5.434e+02	3.974e+00
161840.50	2.918e+01	-1.440e+03	2.467e+01
161841.50	1.104e+00	-5.405e+01	-2.170e+01
161842.50	-5.174e+00	2.611e+02	2.966e+00
161843.50	-3.936e+00	1.978e+02	-8.851e-01
161844.50	-2.803e+00	1.402e+02	-2.342e+00
161845.50	-2.122e+00	1.094e+02	-6.691e+00
161846.50	-2.304e+00	1.123e+02	4.483e+00
161847.50	-2.045e+00	9.696e+01	7.440e+00
161848.50	-1.824e+00	9.062e+01	-2.976e+00
161849.50	-1.661e+00	8.352e+01	-5.050e+00
161850.50	-1.344e+00	6.778e+01	-4.877e+00
161851.50	-1.238e+00	6.192e+01	-4.186e+00
161852.50	-1.286e+00	6.240e+01	-1.056e+00
161853.50	-9.792e-01	4.752e+01	-9.091e-01
161854.50	-1.046e+00	5.040e+01	6.106e-01
161855.50	-8.880e-01	4.339e+01	-1.565e+00
161856.50	-8.477e-01	3.984e+01	2.496e+00
161857.50	-7.469e-01	3.466e+01	1.882e+00
161858.50	-7.056e-01	3.341e+01	-5.117e-01
161859.50	-7.402e-01	3.398e+01	2.342e+00
161860.50	-5.866e-01	2.966e+01	-3.571e+00
161861.50	-5.030e-01	2.506e+01	-2.064e+00
161862.50	-5.885e-01	2.726e+01	9.696e-01
161863.50	-5.472e-01	2.477e+01	2.554e+00
161864.50	-4.694e-01	2.246e+01	-9.283e-01
161865.50	-4.771e-01	2.150e+01	2.150e+00
161866.50	-3.850e-01	1.891e+01	-2.064e+00
161867.50	-3.322e-01	1.594e+01	5.050e-01
161868.50	-3.370e-01	1.738e+01	-2.371e+00
161869.50	-2.918e-01	1.536e+01	-2.986e+00
161870.50	-3.082e-01	1.459e+01	-1.066e-01
161871.50	-2.957e-01	1.296e+01	1.824e+00
161872.50	-2.822e-01	1.277e+01	7.776e-01
161873.50	-3.110e-01	1.402e+01	5.002e-01
161874.50	-2.381e-01	1.046e+01	1.277e+00
161875.50	-2.026e-01	9.312e+00	5.203e-01
161876.50	-2.054e-01	9.696e+00	-1.795e-01
161877.50	-1.958e-01	9.283e+00	5.866e-01
161878.50	-2.256e-01	9.888e+00	5.021e-01
161879.50	-1.776e-01	9.523e+00	-3.120e-01
161880.50	-1.536e-01	6.787e+00	-5.971e-01
161881.50	-1.526e-01	6.278e+00	1.219e+00
161882.50	-1.718e-01	7.968e+00	-2.150e-01
161883.50	-1.507e-01	6.624e+00	1.027e+00
161884.50	-1.430e-01	6.672e+00	2.842e-01
161885.50	-1.373e-01	6.614e+00	-7.795e-01
161886.50	-1.104e-01	5.011e+00	7.872e-01
161887.50	-1.478e-01	6.019e+00	1.066e+00
161888.50	-9.888e-02	4.762e+00	-3.830e-01
161889.50	-1.133e-01	5.251e+00	1.373e-01
161890.50	-1.440e-01	6.134e+00	6.653e-01
161891.50	-1.056e-01	4.714e+00	2.179e-01
161892.50	-7.027e-02	3.312e+00	-3.418e-01
161893.50	-7.690e-02	3.533e+00	2.400e-01
161894.50	-1.334e-01	5.510e+00	6.634e-01
161895.50	-7.642e-02	3.322e+00	9.293e-02
161896.50	-5.856e-02	2.918e+00	-6.720e-01
161897.50	-7.709e-02	3.206e+00	1.238e+00
161898.50	-6.739e-02	3.072e+00	-4.320e-01
161899.50	-7.718e-02	3.523e+00	-6.902e-02
161900.50	-5.462e-02	2.496e+00	-1.968e-01
161901.50	-4.992e-02	2.525e+00	-1.670e-01
161902.50	-5.818e-02	2.400e+00	4.378e-01
161903.50	-5.232e-02	2.237e+00	-1.478e-01
161904.50	-4.925e-02	2.294e+00	-4.733e-01
161905.50	-6.259e-02	2.928e+00	8.256e-02
161906.50	-6.586e-02	2.659e+00	1.085e+00
161907.50	-4.080e-02	1.958e+00	-6.566e-01
161908.50	-5.683e-02	2.323e+00	7.603e-01
161909.50	-3.226e-02	1.642e+00	-4.147e-01
161910.50	-3.600e-02	1.517e+00	3.206e-01
161911.50	-4.310e-02	2.122e+00	-1.661e-01
161912.50	-2.496e-02	1.546e+00	-1.085e+00
161913.50	-3.898e-02	1.430e+00	-6.989e-03
161914.50	-4.138e-02	1.670e+00	5.107e-01
161915.50	-1.382e-02	5.501e-01	1.882e-01
161916.50	-4.733e-02	1.709e+00	2.131e-01
161917.50	-3.283e-02	1.334e+00	1.344e-01
161918.50	-2.938e-02	1.277e+00	-2.342e-01
161919.50	-2.035e-02	7.152e-01	-2.506e-02
161920.50	-2.957e-02	1.018e+00	4.694e-01
161921.50	-2.554e-02	1.075e+00	3.667e-01
161922.50	-2.179e-02	9.696e-01	-3.974e-01
161923.50	-2.064e-02	1.114e+00	1.709e-01
161924.50	-9.888e-03	8.525e-01	-5.107e-01
161925.50	-2.266e-02	1.085e+00	-6.365e-01
161926.50	-2.045e-02	1.114e+00	-2.630e-01
161927.50	-1.152e-02	7.066e-01	-2.765e-01
161928.50	-1.670e-02	9.005e-01	-3.331e-01
161929.50	-3.005e-03	3.178e-01	-3.792e-02
161930.50	-2.957e-02	9.600e-01	4.330e-01
161931.50	-1.363e-02	5.549e-01	-8.189e-02
161932.50	-2.400e-02	1.046e+00	3.024e-01
161933.50	-2.938e-02	1.056e+00	2.515e-01
161934.50	-2.006e-02	1.027e+00	-2.026e-01
161935.50	-2.294e-02	9.888e-01	-1.286e-01
161936.50	-1.699e-02	5.030e-01	1.862e-01
161937.50	-9.283e-03	3.850e-01	-1.584e-02
161938.50	-1.229e-02	4.118e-01	-2.266e-01
161939.50	-7.862e-03	6.010e-01	-1.766e-01
161940.50	-1.162e-02	2.506e-01	4.099e-01
161941.50	-1.181e-02	7.526e-01	2.218e-02
161942.50	1.757e-03	1.968e-01	-6.077e-01
161943.50	-1.104e-02	4.032e-01	-1.344e-02
161944.50	-1.123e-02	4.973e-01	-4.358e-01
161945.50	-2.314e-03	1.613e-01	4.810e-01
161946.50	-1.210e-02	3.754e-01	6.701e-02
161947.50	-5.856e-03	1.766e-01	8.544e-02
161948.50	-3.677e-02	1.354e+00	-7.373e-02
161949.50	-2.131e-03	2.563e-01	-1.613e-01
161950.50	-4.618e-03	2.525e-01	-8.496e-02
161951.50	-2.314e-02	8.707e-01	4.646e-01
161952.50	3.917e-03	-3.437e-01	1.843e-01
161953.50	-2.947e-03	2.909e-01	2.554e-01
161954.50	-8.170e-03	2.822e-01	1.440e-01
161955.50	-9.370e-03	2.784e-01	-9.792e-04
161956.50	-4.810e-03	1.795e-01	-3.562e-01
161957.50	-8.266e-03	4.752e-01	-2.410e-01
161958.50	-4.512e-03	1.632e-01	1.757e-01
161959.50	-1.094e-02	4.003e-01	4.560e-01
161960.50	-1.018e-02	3.437e-01	1.229e-01
161961.50	-5.280e-03	2.813e-01	2.640e-01
161962.50	-3.792e-03	2.362e-01	-3.091e-01
161963.50	-3.418e-03	3.014e-01	-1.526e-01
161964.50	-9.523e-03	2.688e-01	-7.430e-02
161965.50	1.776e-03	2.170e-01	-6.000e-02
161966.50	8.496e-04	7.066e-02	2.266e-01
161967.50	-1.066e-02	3.110e-01	1.363e-01
161968.50	-4.157e-03	5.683e-02	1.805e-01
161969.50	-6.730e-03	3.149e-01	-2.880e-01
161970.50	-9.341e-03	3.370e-01	1.469e-01
161971.50	-9.792e-03	2.707e-01	-2.621e-01
161972.50	2.198e-04	-6.902e-03	-7.498e-02
161973.50	3.062e-03	-1.536e-02	-4.608e-01
161974.50	-1.037e-03	1.248e-01	-3.946e-02
161975.50	-1.075e-02	2.755e-01	2.112e-01
161976.50	-5.664e-03	3.053e-01	3.216e-02
161977.50	-4.262e-03	9.494e-02	7.210e-03
161978.50	2.304e-03	-3.974e-02	2.256e-01
161979.50	-5.549e-03	4.147e-01	-3.341e-01
161980.50	-7.190e-03	2.765e-01	-1.354e-01
161981.50	9.696e-04	-2.083e-02	6.144e-02
161982.50	-5.539e-03	2.630e-01	4.944e-02
161983.50	-1.258e-02	2.093e-01	4.570e-01
161984.50	2.870e-03	-1.642e-01	2.602e-01
161985.50	5.280e-03	3.302e-02	-1.939e-01
161986.50	-5.270e-03	3.427e-01	5.338e-02
161987.50	-3.101e-03	1.200e-01	-2.189e-02
161988.50	6.845e-03	-2.294e-01	-3.581e-01
161989.50	-4.032e-03	-7.738e-03	2.275e-01
161990.50	-5.424e-03	1.834e-01	1.363e-01
161991.50	-9.187e-03	3.658e-02	3.024e-01
161992.50	6.384e-03	5.299e-02	-4.656e-01
161993.50	-1.814e-02	4.570e-01	1.363e-01
161994.50	-3.110e-03	9.590e-02	1.123e-01
161995.50	7.565e-04	-9.187e-03	2.544e-01
161996.50	1.949e-02	-2.131e-01	-2.342e-01
161997.50	-4.435e-03	2.294e-02	6.029e-02
161998.50	-6.701e-03	5.242e-01	-1.478e-01
161999.50	-2.006e-04	2.390e-01	1.210e-01
162000.50	-6.797e-03	3.859e-01	6.566e-02
162001.50	8.870e-03	1.267e-01	1.104e-01
162002.50	2.563e-03	-5.597e-02	-2.170e-01
162003.50	2.803e-03	7.306e-02	-1.027e-01
162004.50	2.160e-03	4.214e-02	-1.094e-01
162005.50	6.365e-04	5.587e-02	8.870e-02
162006.50	1.795e-04	-1.555e-01	6.566e-02
162007.50	-3.293e-02	1.354e-01	1.334e-02
162008.50	-1.910e-02	2.995e-01	-1.402e-01
162009.50	-1.190e-03	2.746e-02	-1.056e-01
162010.50	-3.034e-03	1.555e-01	2.006e-02
162011.50	-7.805e-03	2.054e-02	4.915e-01
162012.50	1.747e-03	-1.459e-01	-1.267e-01
162013.50	1.229e-04	-3.581e-02	-2.160e-02
162014.50	-6.922e-04	-8.006e-02	3.120e-02
162015.50	-1.843e-04	1.325e-01	-3.773e-02
162016.50	1.978e-03	2.362e-02	-7.891e-02
162017.50	-7.440e-03	3.034e-01	9.274e-02
162018.50	-5.203e-03	2.294e-01	-1.104e-01
162019.50	-4.781e-03	1.584e-01	5.011e-02
162020.50	3.034e-03	-9.888e-02	-2.976e-02
162021.50	2.784e-03	-1.008e-01	5.011e-02
162022.50	-5.875e-03	2.429e-01	-2.486e-01
162023.50	-1.085e-03	6.432e-02	-2.976e-02
162024.50	-1.075e-03	1.766e-04	8.938e-02
162025.50	-8.333e-04	5.549e-02	1.920e-02
162026.50	-3.322e-03	2.026e-01	2.006e-02
162027.50	-6.413e-03	1.680e-01	2.083e-01
162028.50	3.178e-03	-2.582e-01	6.480e-02
162029.50	-4.608e-03	7.450e-02	-1.786e-02
162030.50	-7.133e-03	1.891e-01	1.517e-01
162031.50	2.131e-04	-3.072e-02	-6.106e-02
162032.50	-1.546e-03	3.235e-02	-3.264e-02
162033.50	-1.248e-03	1.978e-02	2.563e-01
162034.50	-2.016e-03	9.398e-02	1.651e-01
162035.50	-3.715e-03	2.208e-01	-1.306e-01
162036.50	4.042e-04	1.315e-01	-1.930e-01
162037.50	1.718e-03	-4.022e-03	-7.632e-02
162038.50	3.619e-03	-7.478e-02	8.448e-02
162039.50	-7.632e-05	-1.786e-02	8.256e-02
162040.50	-3.638e-04	-6.518e-02	-4.733e-02
162041.50	2.294e-03	3.082e-02	9.792e-02
162042.50	-3.350e-03	-5.683e-03	1.642e-01
162043.50	-6.317e-03	1.862e-01	-8.573e-02
162044.50	-1.008e-02	2.698e-01	1.056e-01
162045.50	1.440e-03	6.806e-02	-2.390e-02
162046.50	-2.150e-03	-1.613e-02	2.582e-02
162047.50	-2.285e-04	1.421e-02	1.709e-02
162048.50	6.432e-03	-1.574e-01	-2.045e-01
162049.50	-7.834e-04	-1.363e-01	1.142e-01
162050.50	-3.562e-03	1.632e-01	1.238e-01
162051.50	-1.008e-03	2.630e-02	-1.325e-01
162052.50	1.354e-03	-6.374e-02	6.634e-02
162053.50	8.765e-04	-9.014e-02	1.478e-01
162054.50	-3.898e-03	1.814e-01	-7.498e-02
162055.50	1.114e-03	-7.738e-02	7.392e-02
162056.50	-3.178e-03	3.811e-02	-3.725e-02
162057.50	7.526e-04	-8.371e-02	-1.958e-01
162058.50	3.888e-03	-1.766e-01	-7.891e-02
162059.50	-3.168e-03	1.459e-02	1.056e-01
162060.50	-1.882e-03	7.517e-02	9.600e-02
162061.50	1.037e-03	-5.405e-02	1.987e-02
162062.50	-2.323e-03	1.498e-01	-1.200e-01
162063.50	6.029e-03	-5.568e-02	4.781e-02
162064.50	-8.189e-03	2.093e-01	3.792e-02
162065.50	9.322e-04	5.107e-02	-1.757e-01
162066.50	4.493e-03	-5.520e-03	-3.686e-02
162067.50	-2.150e-03	-5.395e-03	-3.130e-02
162068.50	5.328e-03	-2.947e-02	-1.094e-01
162069.50	-7.747e-04	5.136e-02	-3.782e-02
162070.50	1.334e-03	-1.123e-02	4.349e-02
162071.50	-4.310e-03	1.027e-01	2.659e-02
162072.50	-4.723e-03	1.306e-01	-3.878e-02
162073.50	-6.950e-03	1.344e-01	4.512e-03
162074.50	8.688e-03	-2.650e-01	-1.622e-02
162075.50	-9.274e-04	1.670e-02	2.630e-02
162076.50	-1.632e-03	-5.798e-03	1.306e-02
162077.50	-4.934e-03	2.218e-01	1.661e-03
162078.50	-3.446e-03	1.085e-01	-9.696e-02
162079.50	3.504e-03	-9.350e-02	4.589e-02
162080.50	1.181e-03	3.331e-02	6.499e-03
162081.50	7.795e-03	-3.014e-02	-4.790e-02
162082.50	-7.171e-03	1.565e-01	-1.267e-02
162083.50	-2.448e-03	5.126e-02	1.075e-01
162084.50	-5.837e-03	-1.354e-01	1.517e-01
162085.50	4.714e-03	-8.621e-02	-3.494e-02
162086.50	3.907e-03	-8.688e-02	-5.722e-02
162087.50	6.854e-04	-3.677e-03	1.805e-01
162088.50	-8.976e-04	3.677e-03	6.499e-02
162089.50	-4.925e-03	6.634e-02	-1.603e-01
162090.50	-3.734e-03	9.024e-02	-4.426e-02
162091.50	-6.278e-04	6.499e-02	-7.046e-02
162092.50	2.006e-04	-5.702e-02	1.181e-01
162093.50	1.459e-03	-9.561e-02	-9.350e-02
162094.50	-9.792e-04	1.037e-01	7.306e-02
162095.50	-2.995e-03	1.190e-01	-1.200e-02
162096.50	-1.949e-05	4.474e-02	3.158e-02
162097.50	-5.472e-04	2.736e-02	-2.650e-02
162098.50	3.120e-03	-9.792e-03	-4.858e-02
162099.50	-3.859e-03	1.133e-01	1.517e-01
162100.50	2.266e-04	1.037e-01	9.254e-02
162101.50	-1.690e-03	5.482e-03	-1.306e-01
162102.50	2.323e-04	1.315e-04	-9.082e-02
162103.50	-1.843e-03	-8.918e-02	1.603e-01
162104.50	1.757e-03	-5.808e-02	-8.698e-02
162105.50	1.286e-03	-2.016e-02	-2.323e-02
162106.50	3.562e-03	-4.454e-02	3.590e-02
162107.50	1.478e-03	1.008e-01	-6.960e-03
162108.50	4.454e-03	-4.925e-03	-1.277e-01
162109.50	-3.168e-04	7.805e-02	-6.298e-02
162110.50	-3.110e-03	-2.938e-02	1.008e-02
162111.50	-1.373e-03	-9.984e-02	4.157e-02
162112.50	2.448e-03	1.824e-02	-1.229e-01
162113.50	4.080e-04	-3.197e-02	-1.661e-01
162114.50	-4.272e-03	8.640e-02	3.725e-02
162115.50	-1.498e-03	9.552e-02	6.787e-02
162116.50	-5.213e-03	1.123e-01	1.450e-01
162117.50	-2.323e-03	4.906e-02	2.160e-02
162118.50	8.429e-04	-6.672e-02	-9.600e-02
162119.50	-2.208e-03	6.048e-02	1.709e-01
162120.50	-2.746e-03	-5.030e-03	9.456e-02
162121.50	-4.205e-04	-3.398e-02	7.498e-03
162122.50	3.782e-03	-6.998e-02	-8.246e-02
162123.50	4.627e-03	-4.022e-02	-2.592e-02
162124.50	-2.026e-03	2.208e-02	5.213e-04
162125.50	-5.779e-04	-3.274e-02	4.954e-02
162126.50	1.613e-03	5.933e-02	3.302e-03
162127.50	1.930e-03	-7.296e-02	1.411e-02
162128.50	4.435e-03	-1.440e-02	4.637e-02
162129.50	-5.453e-04	-2.918e-02	-7.200e-02
162130.50	1.258e-03	-2.141e-02	-4.819e-02
162131.50	-5.472e-03	5.405e-02	-3.773e-02
162132.50	1.536e-04	4.416e-02	-6.499e-02
162133.50	3.437e-04	1.258e-01	1.469e-02
162134.50	2.774e-03	-3.264e-02	-6.826e-02
162135.50	1.584e-03	-1.373e-01	1.162e-02
162136.50	-8.285e-03	1.238e-01	9.370e-02
162137.50	-6.461e-03	7.853e-03	6.067e-02
162138.50	3.466e-04	1.814e-01	-1.622e-02
162139.50	-4.531e-04	-3.072e-02	4.003e-02
162140.50	9.792e-04	-8.448e-02	-3.514e-02
162141.50	8.611e-03	-2.256e-01	-1.622e-02
162142.50	-5.376e-04	2.122e-02	7.075e-02
162143.50	-3.466e-03	4.013e-02	6.346e-03
162144.50	-2.342e-03	2.890e-02	-4.982e-02
162145.50	-1.210e-03	2.736e-02	-3.888e-02
162146.50	2.083e-03	6.902e-02	3.475e-02
162147.50	5.722e-03	-4.253e-02	-5.405e-02
162148.50	3.370e-03	-1.104e-01	1.046e-01
162149.50	-1.882e-03	-1.181e-01	-9.533e-03
162150.50	-2.093e-04	9.043e-03	3.302e-02
162151.50	-2.650e-03	5.702e-02	4.560e-02
162152.50	-3.408e-03	1.046e-01	-3.466e-02
162153.50	-9.792e-04	-2.083e-02	7.248e-03
162154.50	-1.123e-03	-7.421e-02	-4.042e-02
162155.50	1.968e-03	-6.422e-02	-8.544e-02
162156.50	-5.587e-03	7.181e-02	6.576e-02
162157.50	-1.085e-03	1.123e-01	-6.730e-02
162158.50	-1.766e-03	-1.882e-02	6.778e-02
162159.50	6.682e-04	-7.190e-02	-1.334e-01
162160.50	-2.429e-03	3.610e-02	-2.630e-03
162161.50	1.949e-04	4.589e-03	-1.373e-02
162162.50	2.256e-03	-1.296e-01	-7.853e-02
162163.50	2.102e-03	-1.142e-01	8.237e-03
162164.50	2.304e-03	-3.984e-03	2.659e-02
162165.50	1.402e-03	-2.275e-02	4.061e-02
162166.50	-2.122e-03	3.082e-02	-4.685e-02
162167.50	-3.408e-03	4.042e-02	-2.822e-02
162168.50	7.968e-05	4.166e-02	-4.934e-02
162169.50	-3.418e-03	9.014e-02	2.746e-02
162170.50	2.746e-03	-8.755e-02	8.602e-02
162171.50	1.296e-02	-5.395e-02	-8.563e-02
162172.50	9.139e-03	-3.773e-02	-3.485e-02
162173.50	3.053e-03	-6.518e-02	-7.642e-02
162174.50	1.584e-03	3.581e-02	-6.211e-03
162175.50	-8.122e-04	7.670e-02	9.984e-02
162176.50	-2.246e-03	5.770e-02	7.334e-03
162177.50	-3.610e-03	1.258e-01	5.693e-02
162178.50	-1.478e-02	8.717e-02	2.678e-02
162179.50	-5.760e-03	-4.090e-02	2.544e-02
162180.50	1.795e-03	-2.419e-02	-8.688e-02
162181.50	1.421e-03	-5.779e-02	1.066e-01
162182.50	-1.824e-04	-2.198e-02	1.066e-01
162183.50	-2.813e-03	5.472e-02	5.338e-03
162184.50	-2.285e-03	7.315e-03	1.018e-01
162185.50	-1.824e-03	-9.274e-02	-5.904e-02
162186.50	1.325e-03	5.914e-02	2.909e-02
162187.50	7.805e-03	5.712e-02	-6.461e-02
162188.50	-1.594e-03	7.344e-02	-1.450e-02
162189.50	7.920e-04	-7.469e-02	-2.870e-02
162190.50	-1.814e-03	1.123e-01	-3.302e-02
162191.50	1.046e-03	6.950e-02	-6.701e-02
162192.50	1.286e-03	-6.902e-02	-3.053e-02
162193.50	-6.787e-04	1.373e-02	-4.550e-03
162194.50	-2.851e-03	2.707e-02	1.613e-02
162195.50	2.621e-03	-5.923e-02	-3.686e-02
162196.50	1.171e-04	5.530e-02	2.256e-02
162197.50	-2.093e-03	7.526e-02	-2.141e-02
162198.50	-3.043e-03	6.768e-02	-1.334e-02
162199.50	4.330e-03	-1.104e-01	-3.984e-02
162200.50	-2.947e-03	-1.344e-03	1.344e-01
162201.50	-2.160e-03	-4.896e-02	1.680e-02
162202.50	-8.592e-04	1.910e-02	-4.118e-03
162203.50	-9.792e-04	-3.984e-02	2.851e-02
162204.50	3.120e-03	-5.318e-02	-8.477e-02
162205.50	-7.862e-03	-1.046e-02	3.427e-02
162206.50	-5.558e-03	-2.803e-03	4.858e-02
162207.50	1.757e-04	6.451e-02	-3.235e-02
162208.50	4.464e-03	-6.970e-02	-8.179e-02
162209.50	3.955e-03	9.130e-02	2.054e-02
162210.50	-2.141e-03	2.266e-02	-1.152e-02
162211.50	1.181e-03	-8.755e-02	9.792e-02
162212.50	1.114e-03	1.526e-02	-4.848e-02
162213.50	-2.131e-03	3.322e-02	-1.709e-02
162214.50	-2.784e-03	2.794e-02	4.800e-02
162215.50	7.258e-03	-8.621e-02	-1.382e-03
162216.50	2.995e-03	-4.800e-02	-4.166e-02
162217.50	-1.421e-03	-1.680e-03	3.187e-03
162218.50	-1.267e-03	8.410e-02	-3.763e-02
162219.50	-2.458e-03	1.565e-02	5.107e-02
162220.50	8.112e-04	-2.755e-02	-6.269e-03
162221.50	-4.378e-04	-2.726e-02	3.456e-02
162222.50	-1.210e-03	8.582e-02	-4.512e-02
162223.50	2.333e-04	3.475e-02	5.482e-02
162224.50	5.712e-04	-3.043e-02	3.197e-02
162225.50	-1.680e-03	-2.419e-02	4.464e-02
162226.50	-1.498e-03	2.429e-02	-6.413e-02
162227.50	-1.171e-03	-3.667e-02	-3.686e-02
162228.50	3.504e-03	-2.026e-02	-4.445e-02
162229.50	3.475e-03	8.035e-02	2.851e-02
162230.50	-5.482e-03	3.936e-02	8.381e-02
162231.50	3.850e-03	-9.552e-02	-5.818e-04
162232.50	-4.598e-03	4.080e-02	-7.891e-02
162233.50	2.870e-03	-1.766e-02	1.987e-02
162234.50	5.443e-03	-2.064e-02	-9.370e-02
162235.50	1.066e-03	1.747e-02	1.315e-02
162236.50	-6.787e-04	2.582e-02	-6.634e-02
162237.50	6.154e-04	-4.742e-02	3.994e-02
162238.50	-1.747e-03	1.450e-02	-6.010e-02
162239.50	-4.013e-03	8.179e-02	2.275e-03
162240.50	-3.245e-03	3.571e-02	8.477e-02
162241.50	1.680e-03	-4.637e-02	3.696e-02
162242.50	-8.371e-04	3.898e-02	-5.789e-02
162243.50	1.843e-03	-3.408e-02	-7.805e-02
162244.50	7.430e-04	-4.781e-02	-2.294e-02
162245.50	4.474e-04	5.424e-04	2.352e-02
162246.50	-1.248e-03	4.858e-02	6.538e-02
162247.50	4.646e-04	-1.027e-02	-2.333e-02
162248.50	4.512e-04	1.670e-03	1.190e-02
162249.50	2.083e-04	6.288e-02	-7.056e-03
162250.50	-6.883e-04	2.544e-03	-2.496e-02
162251.50	-9.043e-04	5.578e-03	5.722e-02
162252.50	-6.624e-04	4.666e-02	-2.986e-02
162253.50	3.082e-03	-7.699e-02	2.064e-02
162254.50	-4.118e-03	5.318e-02	-2.189e-03
162255.50	-5.770e-04	3.178e-02	4.138e-02
162256.50	-4.992e-03	5.827e-02	-3.101e-03
162257.50	-6.134e-05	-4.579e-02	1.622e-02
162258.50	2.554e-03	-3.456e-02	5.146e-02
162259.50	1.536e-03	2.803e-02	-1.699e-02
162260.50	-9.206e-04	-2.928e-02	1.382e-01
162261.50	1.248e-03	1.958e-03	-1.834e-02
162262.50	-1.555e-03	-8.803e-03	-1.670e-02
162263.50	1.267e-04	-5.405e-04	-3.168e-02
162264.50	-1.670e-03	4.579e-02	8.189e-03
162265.50	-2.467e-04	6.298e-02	-4.790e-02
162266.50	-1.670e-05	-1.910e-03	-8.717e-03
162267.50	-3.101e-04	-4.925e-02	-9.984e-04
162268.50	-1.728e-03	2.822e-02	2.640e-03
162269.50	-2.352e-04	-2.678e-02	5.242e-03
162270.50	-8.899e-04	9.389e-03	-9.322e-03
162271.50	-1.786e-03	-8.986e-03	-2.918e-02
162272.50	3.994e-04	-1.027e-02	9.792e-03
162273.50	2.746e-04	7.680e-03	-6.778e-03
162274.50	-1.709e-05	6.403e-02	-7.478e-02
162275.50	2.045e-03	-6.000e-02	-6.518e-02
162276.50	-3.859e-04	1.949e-03	-1.296e-02
162277.50	1.421e-03	-1.190e-02	1.526e-02
162278.50	3.552e-03	-2.150e-02	-2.054e-02
162279.50	-2.899e-03	7.142e-02	8.765e-02
