161681.50	0.000e+00	0.000e+00	0.000e+00
161682.50	0.000e+00	0.000e+00	0.000e+00
161683.50	0.000e+00	0.000e+00	0.000e+00
161684.50	0.000e+00	0.000e+00	0.000e+00
161685.50	0.000e+00	0.000e+00	0.000e+00
161686.50	0.000e+00	0.000e+00	0.000e+00
161687.50	0.000e+00	0.000e+00	0.000e+00
161688.50	0.000e+00	0.000e+00	0.000e+00
161689.50	0.000e+00	0.000e+00	0.000e+00
161690.50	0.000e+00	0.000e+00	0.000e+00
161691.50	0.000e+00	0.000e+00	0.000e+00
161692.50	0.000e+00	0.000e+00	0.000e+00
161693.50	0.000e+00	0.000e+00	0.000e+00
161694.50	0.000e+00	0.000e+00	0.000e+00
161695.50	0.000e+00	0.000e+00	0.000e+00
161696.50	0.000e+00	0.000e+00	0.000e+00
161697.50	0.000e+00	0.000e+00	0.000e+00
161698.50	0.000e+00	0.000e+00	0.000e+00
161699.50	0.000e+00	0.000e+00	0.000e+00
161700.50	0.000e+00	0.000e+00	0.000e+00
161701.50	0.000e+00	0.000e+00	0.000e+00
161702.50	0.000e+00	0.000e+00	0.000e+00
161703.50	0.000e+00	0.000e+00	0.000e+00
161704.50	0.000e+00	0.000e+00	0.000e+00
161705.50	0.000e+00	0.000e+00	0.000e+00
161706.50	0.000e+00	0.000e+00	0.000e+00
161707.50	0.000e+00	0.000e+00	0.000e+00
161708.50	0.000e+00	0.000e+00	0.000e+00
161709.50	0.000e+00	0.000e+00	0.000e+00
161710.50	0.000e+00	0.000e+00	0.000e+00
161711.50	0.000e+00	0.000e+00	0.000e+00
161712.50	0.000e+00	0.000e+00	0.000e+00
161713.50	0.000e+00	0.000e+00	0.000e+00
161714.50	0.000e+00	0.000e+00	0.000e+00
161715.50	0.000e+00	0.000e+00	0.000e+00
161716.50	0.000e+00	0.000e+00	0.000e+00
161717.50	0.000e+00	0.000e+00	0.000e+00
161718.50	0.000e+00	0.000e+00	0.000e+00
161719.50	0.000e+00	0.000e+00	0.000e+00
161720.50	0.000e+00	0.000e+00	0.000e+00
161721.50	0.000e+00	0.000e+00	0.000e+00
161722.50	0.000e+00	0.000e+00	0.000e+00
161723.50	0.000e+00	0.000e+00	0.000e+00
161724.50	0.000e+00	0.000e+00	0.000e+00
161725.50	0.000e+00	0.000e+00	0.000e+00
161726.50	0.000e+00	0.000e+00	0.000e+00
161727.50	0.000e+00	0.000e+00	0.000e+00
161728.50	0.000e+00	0.000e+00	0.000e+00
161729.50	0.000e+00	0.000e+00	0.000e+00
161730.50	0.000e+00	0.000e+00	0.000e+00
161731.50	0.000e+00	0.000e+00	0.000e+00
161732.50	0.000e+00	0.000e+00	0.000e+00
161733.50	0.000e+00	0.000e+00	0.000e+00
161734.50	0.000e+00	0.000e+00	0.000e+00
161735.50	0.000e+00	0.000e+00	0.000e+00
161736.50	0.000e+00	0.000e+00	0.000e+00
161737.50	0.000e+00	0.000e+00	0.000e+00
161738.50	0.000e+00	0.000e+00	0.000e+00
161739.50	0.000e+00	0.000e+00	0.000e+00
161740.50	0.000e+00	0.000e+00	0.000e+00
161741.50	0.000e+00	0.000e+00	0.000e+00
161742.50	0.000e+00	0.000e+00	0.000e+00
161743.50	0.000e+00	0.000e+00	0.000e+00
161744.50	0.000e+00	0.000e+00	0.000e+00
161745.50	0.000e+00	0.000e+00	0.000e+00
161746.50	0.000e+00	0.000e+00	0.000e+00
161747.50	0.000e+00	0.000e+00	0.000e+00
161748.50	0.000e+00	0.000e+00	0.000e+00
161749.50	0.000e+00	0.000e+00	0.000e+00
161750.50	0.000e+00	0.000e+00	0.000e+00
161751.50	0.000e+00	0.000e+00	0.000e+00
161752.50	0.000e+00	0.000e+00	0.000e+00
161753.50	0.000e+00	0.000e+00	0.000e+00
161754.50	0.000e+00	0.000e+00	0.000e+00
161755.50	0.000e+00	0.000e+00	0.000e+00
161756.50	0.000e+00	0.000e+00	0.000e+00
161757.50	0.000e+00	0.000e+00	0.000e+00
161758.50	0.000e+00	0.000e+00	0.000e+00
161759.50	0.000e+00	0.000e+00	0.000e+00
161760.50	0.000e+00	0.000e+00	0.000e+00
161761.50	0.000e+00	0.000e+00	0.000e+00
161762.50	0.000e+00	0.000e+00	0.000e+00
161763.50	0.000e+00	0.000e+00	0.000e+00
161764.50	0.000e+00	0.000e+00	0.000e+00
161765.50	0.000e+00	0.000e+00	0.000e+00
161766.50	0.000e+00	0.000e+00	0.000e+00
161767.50	0.000e+00	0.000e+00	0.000e+00
161768.50	0.000e+00	0.000e+00	0.000e+00
161769.50	0.000e+00	0.000e+00	0.000e+00
161770.50	0.000e+00	0.000e+00	0.000e+00
161771.50	0.000e+00	0.000e+00	0.000e+00
161772.50	0.000e+00	0.000e+00	0.000e+00
161773.50	0.000e+00	0.000e+00	0.000e+00
161774.50	0.000e+00	0.000e+00	0.000e+00
161775.50	0.000e+00	0.000e+00	0.000e+00
161776.50	0.000e+00	0.000e+00	0.000e+00
161777.50	0.000e+00	0.000e+00	0.000e+00
161778.50	0.000e+00	0.000e+00	0.000e+00
161779.50	0.000e+00	0.000e+00	0.000e+00
161780.50	0.000e+00	0.000e+00	0.000e+00
161781.50	0.000e+00	0.000e+00	0.000e+00
161782.50	0.000e+00	0.000e+00	0.000e+00
161783.50	0.000e+00	0.000e+00	0.000e+00
161784.50	0.000e+00	0.000e+00	0.000e+00
161785.50	0.000e+00	0.000e+00	0.000e+00
161786.50	0.000e+00	0.000e+00	0.000e+00
161787.50	0.000e+00	0.000e+00	0.000e+00
161788.50	0.000e+00	0.000e+00	0.000e+00
161789.50	0.000e+00	0.000e+00	0.000e+00
161790.50	0.000e+00	0.000e+00	0.000e+00
161791.50	0.000e+00	0.000e+00	0.000e+00
161792.50	0.000e+00	0.000e+00	0.000e+00
161793.50	0.000e+00	0.000e+00	0.000e+00
161794.50	0.000e+00	0.000e+00	0.000e+00
161795.50	0.000e+00	0.000e+00	0.000e+00
161796.50	0.000e+00	0.000e+00	0.000e+00
161797.50	0.000e+00	0.000e+00	0.000e+00
161798.50	0.000e+00	0.000e+00	0.000e+00
161799.50	0.000e+00	0.000e+00	0.000e+00
161800.50	0.000e+00	0.000e+00	0.000e+00
161801.50	0.000e+00	0.000e+00	0.000e+00
161802.50	0.000e+00	0.000e+00	0.000e+00
161803.50	0.000e+00	0.000e+00	0.000e+00
161804.50	0.000e+00	0.000e+00	0.000e+00
161805.50	0.000e+00	0.000e+00	0.000e+00
161806.50	0.000e+00	0.000e+00	0.000e+00
161807.50	0.000e+00	0.000e+00	0.000e+00
161808.50	0.000e+00	0.000e+00	0.000e+00
161809.50	0.000e+00	0.000e+00	0.000e+00
161810.50	0.000e+00	0.000e+00	0.000e+00
161811.50	0.000e+00	0.000e+00	0.000e+00
161812.50	0.000e+00	0.000e+00	0.000e+00
161813.50	0.000e+00	0.000e+00	0.000e+00
161814.50	0.000e+00	0.000e+00	0.000e+00
161815.50	-1.949e-05	2.582e-03	1.469e-04
161816.50	5.030e-05	-1.603e-03	-1.171e-03
161817.50	-2.314e-05	-2.592e-04	5.146e-04
161818.50	6.269e-06	-8.141e-04	2.477e-04
161819.50	1.363e-05	-3.706e-04	-2.554e-04
161820.50	2.035e-05	-5.731e-04	-5.030e-04
161821.50	1.968e-05	-5.290e-04	-2.266e-04
161822.50	-1.910e-05	8.890e-04	3.254e-04
161823.50	3.802e-05	-2.093e-03	9.600e-05
161824.50	4.176e-06	-5.616e-04	-3.226e-04
161825.50	-2.352e-05	1.258e-04	1.008e-03
161826.50	7.229e-05	9.168e-05	-9.984e-04
161827.50	-4.944e-06	-7.747e-04	1.008e-04
161828.50	-1.738e-04	-2.256e-03	5.539e-03
161829.50	1.603e-04	1.344e-03	-5.242e-03
161830.50	1.114e-04	8.314e-04	-5.290e-03
161831.50	3.283e-03	-2.026e-02	-7.958e-02
161832.50	5.770e-04	-6.941e-02	8.842e-02
161833.50	-1.824e-03	1.450e-02	2.198e-02
161834.50	-1.459e-03	8.554e-02	-9.245e-03
161835.50	8.640e-03	-2.141e-01	-2.102e-01
161836.50	4.627e-02	-2.477e+00	-3.264e-01
161837.50	4.099e-01	-2.976e+01	1.718e+00
161838.50	9.014e+00	-6.029e+02	2.765e+00
161839.50	2.390e+01	-1.469e+03	-1.162e+02
161840.50	-1.238e+00	1.344e+02	-3.149e+01
161841.50	-3.658e+00	2.333e+02	2.045e+01
161842.50	-2.890e+00	1.642e+02	2.486e+01
161843.50	-2.189e+00	1.402e+02	9.523e+00
161844.50	-1.939e+00	1.162e+02	1.238e+01
161845.50	-1.661e+00	1.037e+02	7.546e+00
161846.50	-1.574e+00	9.696e+01	7.334e+00
161847.50	-1.421e+00	8.506e+01	8.390e+00
161848.50	-1.296e+00	8.131e+01	5.021e+00
161849.50	-8.525e-01	6.288e+01	-2.688e+00
161850.50	-9.197e-01	6.211e+01	8.890e-01
161851.50	-6.912e-01	5.693e+01	-5.357e+00
161852.50	-7.507e-01	4.944e+01	4.781e-01
161853.50	-7.661e-01	4.819e+01	2.429e+00
161854.50	-7.766e-01	4.800e+01	3.043e+00
161855.50	-7.354e-01	3.878e+01	6.835e+00
161856.50	-5.558e-01	3.446e+01	2.419e+00
161857.50	-4.925e-01	2.851e+01	2.659e+00
161858.50	-5.482e-01	2.870e+01	4.195e+00
161859.50	-5.462e-01	3.120e+01	3.158e+00
161860.50	-5.126e-01	2.861e+01	3.494e+00
161861.50	-3.350e-01	2.467e+01	-1.373e+00
161862.50	-3.331e-01	2.333e+01	-7.085e-01
161863.50	-3.350e-01	2.074e+01	8.275e-01
161864.50	-3.043e-01	2.093e+01	-2.698e-01
161865.50	-3.187e-01	1.728e+01	2.352e+00
161866.50	-3.322e-01	1.814e+01	2.170e+00
161867.50	-3.216e-01	1.584e+01	3.533e+00
161868.50	-2.141e-01	1.517e+01	-4.493e-01
161869.50	-1.661e-01	1.354e+01	-1.478e+00
161870.50	-2.371e-01	1.459e+01	6.768e-01
161871.50	-2.285e-01	1.363e+01	6.931e-01
161872.50	-1.334e-01	1.027e+01	-7.238e-01
161873.50	-2.256e-01	1.200e+01	1.699e+00
161874.50	-1.690e-01	1.056e+01	5.731e-01
161875.50	-1.421e-01	9.110e+00	1.920e-01
161876.50	-1.536e-01	8.438e+00	1.123e+00
161877.50	-1.920e-01	9.235e+00	2.064e+00
161878.50	-1.766e-01	8.477e+00	1.805e+00
161879.50	-1.402e-01	8.035e+00	3.965e-01
161880.50	-1.123e-01	6.211e+00	8.064e-01
161881.50	-1.229e-01	5.923e+00	1.315e+00
161882.50	-1.190e-01	8.150e+00	-2.582e-01
161883.50	-1.190e-01	5.414e+00	1.219e+00
161884.50	-1.238e-01	5.846e+00	1.114e+00
161885.50	-6.288e-02	5.069e+00	-3.485e-01
161886.50	-1.162e-01	6.595e+00	5.347e-01
161887.50	-7.373e-02	5.491e+00	-4.714e-01
161888.50	-9.696e-02	5.251e+00	3.005e-01
161889.50	-8.678e-02	3.802e+00	1.181e+00
161890.50	-7.978e-02	4.934e+00	1.411e-01
161891.50	-6.950e-02	3.533e+00	6.326e-01
161892.50	-5.933e-02	3.427e+00	1.642e-01
161893.50	-4.531e-02	2.890e+00	3.130e-01
161894.50	-4.858e-02	3.427e+00	-2.650e-01
161895.50	-7.219e-02	4.003e+00	3.600e-01
161896.50	-3.754e-02	2.995e+00	-4.502e-01
161897.50	-8.938e-02	4.522e+00	4.550e-01
161898.50	-2.352e-02	2.170e+00	-1.949e-01
161899.50	-5.146e-02	2.774e+00	4.349e-01
161900.50	-4.819e-02	3.427e+00	-3.226e-01
161901.50	-7.776e-02	2.314e+00	1.507e+00
161902.50	-3.034e-02	1.901e+00	6.163e-02
161903.50	-4.925e-02	2.986e+00	-1.315e-01
161904.50	-6.960e-02	2.755e+00	9.696e-01
161905.50	-4.042e-02	1.901e+00	3.206e-01
161906.50	-2.870e-02	1.354e+00	1.094e-01
161907.50	-3.158e-02	2.314e+00	-1.958e-01
161908.50	-4.291e-02	2.006e+00	3.840e-01
161909.50	-1.661e-02	1.526e+00	-1.402e-01
161910.50	-2.246e-02	1.718e+00	-1.382e-01
161911.50	-1.162e-02	9.379e-01	2.467e-02
161912.50	-1.834e-02	1.104e+00	-8.640e-02
161913.50	-3.677e-02	1.459e+00	6.826e-01
161914.50	-3.302e-02	1.786e+00	-7.210e-03
161915.50	-1.498e-02	1.296e+00	-3.523e-01
161916.50	-7.392e-03	9.226e-01	-3.706e-01
161917.50	-2.102e-02	1.248e+00	8.803e-02
161918.50	-3.821e-02	1.190e+00	6.960e-01
161919.50	-2.496e-02	5.107e-01	7.334e-01
161920.50	-2.304e-02	1.248e+00	5.933e-02
161921.50	-2.659e-02	1.613e+00	2.141e-01
161922.50	-2.669e-02	1.747e+00	-9.888e-03
161923.50	-2.198e-02	8.131e-01	2.342e-01
161924.50	-3.331e-03	8.822e-01	-5.597e-01
161925.50	-9.293e-03	6.048e-01	-1.114e-01
161926.50	-2.323e-02	1.210e+00	1.267e-01
161927.50	1.690e-02	1.027e-01	-6.528e-01
161928.50	-1.574e-02	6.806e-01	3.638e-01
161929.50	-2.294e-02	1.210e+00	1.094e-01
161930.50	-5.760e-03	8.102e-01	-1.373e-01
161931.50	-5.923e-04	3.696e-01	-3.466e-01
161932.50	-1.642e-02	4.723e-01	3.206e-01
161933.50	-2.525e-02	6.451e-01	3.302e-01
161934.50	-2.534e-03	3.264e-01	-2.890e-01
161935.50	-4.282e-03	7.027e-01	-4.224e-02
161936.50	-1.210e-02	6.902e-01	1.738e-01
161937.50	-1.728e-02	4.186e-01	2.352e-01
161938.50	-8.938e-03	6.806e-01	-1.152e-01
161939.50	-4.771e-03	5.990e-01	-1.718e-01
161940.50	-1.248e-02	8.525e-01	7.200e-02
161941.50	-9.341e-04	1.690e-02	-1.795e-01
161942.50	-5.971e-03	1.747e-01	-1.498e-02
161943.50	7.238e-03	5.357e-02	-1.930e-01
161944.50	-2.227e-02	3.590e-01	5.242e-01
161945.50	-2.794e-02	7.757e-01	5.242e-01
161946.50	-1.094e-02	2.630e-01	4.637e-01
161947.50	1.709e-03	5.597e-01	-3.427e-01
161948.50	-1.738e-02	8.880e-01	1.594e-02
161949.50	1.277e-02	-1.882e-01	-2.755e-01
161950.50	-4.128e-04	-1.325e-01	-3.034e-02
161951.50	-1.517e-02	1.094e-01	4.829e-01
161952.50	3.005e-03	3.744e-01	-4.550e-01
161953.50	-1.277e-02	7.766e-01	2.966e-02
161954.50	-1.469e-02	4.992e-01	2.150e-01
161955.50	-1.651e-03	3.581e-01	-1.584e-01
161956.50	-1.642e-02	8.477e-01	1.776e-01
161957.50	-7.853e-03	3.379e-01	9.322e-02
161958.50	4.522e-03	-2.371e-01	-1.056e-01
161959.50	-6.221e-03	2.150e-01	4.435e-02
161960.50	-6.077e-03	5.347e-02	1.824e-01
161961.50	-1.286e-02	3.312e-01	2.006e-01
161962.50	-4.762e-04	3.254e-02	-9.600e-02
161963.50	-7.037e-03	2.573e-01	2.640e-02
161964.50	1.094e-02	-7.872e-02	-3.629e-01
161965.50	-1.805e-02	5.510e-01	1.757e-01
161966.50	-8.496e-03	2.237e-01	7.354e-02
161967.50	-1.421e-04	4.982e-01	-2.160e-01
161968.50	-6.067e-03	3.677e-01	7.872e-02
161969.50	-1.651e-02	1.075e-01	4.915e-01
161970.50	-2.371e-04	1.709e-01	-9.792e-03
161971.50	-4.099e-03	3.619e-01	-8.294e-02
161972.50	2.794e-03	3.418e-01	-2.333e-01
161973.50	-7.690e-03	1.718e-01	3.994e-01
161974.50	-7.334e-03	2.266e-01	3.302e-02
161975.50	6.355e-03	5.520e-02	-1.690e-01
161976.50	-5.760e-03	3.139e-02	2.218e-01
161977.50	4.944e-03	6.298e-02	-3.802e-01
161978.50	6.048e-03	4.685e-02	-1.296e-01
161979.50	-4.042e-03	1.133e-01	-1.805e-02
161980.50	-1.776e-02	1.478e-01	6.336e-01
161981.50	-1.094e-03	-1.123e-01	2.006e-02
161982.50	1.046e-02	1.632e-02	-1.594e-01
161983.50	6.595e-03	-1.248e-02	-2.342e-01
161984.50	6.614e-04	2.362e-01	-2.102e-01
161985.50	4.080e-03	1.315e-01	-2.102e-01
161986.50	-1.392e-02	3.523e-02	4.320e-01
161987.50	-9.149e-03	4.032e-01	2.611e-02
161988.50	-6.557e-03	2.822e-01	7.354e-02
161989.50	-4.646e-03	-5.635e-02	2.275e-02
161990.50	-5.318e-03	-8.938e-02	4.368e-02
161991.50	-5.050e-03	2.669e-01	3.254e-02
161992.50	-4.666e-03	2.534e-01	1.114e-01
161993.50	-7.766e-03	3.350e-01	5.011e-02
161994.50	-2.774e-03	-2.237e-02	1.440e-01
161995.50	-1.267e-03	-2.141e-01	6.115e-02
161996.50	1.757e-04	1.718e-02	1.219e-02
161997.50	-5.606e-03	2.083e-01	6.845e-02
161998.50	-3.427e-04	-8.419e-02	2.976e-01
161999.50	-2.256e-03	1.382e-01	3.552e-01
162000.50	-6.307e-02	6.019e-01	-3.187e-01
162001.50	2.170e-02	-1.517e-01	-4.762e-01
162002.50	2.880e-02	1.008e-01	3.878e-01
162003.50	1.046e-02	-1.680e-01	-1.910e-01
162004.50	-5.597e-03	1.699e-01	1.027e-01
162005.50	2.419e-03	-7.642e-02	-1.814e-01
162006.50	-6.826e-03	2.208e-01	8.333e-02
162007.50	-8.227e-03	2.333e-01	8.237e-02
162008.50	7.891e-03	-3.024e-02	-3.110e-01
162009.50	-2.294e-03	-1.152e-01	1.738e-01
162010.50	-9.437e-03	2.486e-01	8.832e-02
162011.50	4.522e-03	2.496e-01	-1.190e-01
162012.50	7.949e-03	4.896e-02	-2.352e-01
162013.50	-3.043e-06	1.027e-01	-9.072e-02
162014.50	2.390e-04	1.123e-01	-4.042e-02
162015.50	-9.888e-04	-1.363e-01	1.603e-01
162016.50	-2.746e-03	-1.152e-02	1.776e-01
162017.50	-4.445e-03	2.640e-01	-3.533e-02
162018.50	-1.440e-03	-3.149e-02	6.816e-02
162019.50	-3.235e-03	4.790e-02	1.718e-01
162020.50	1.766e-03	8.851e-02	-1.507e-01
162021.50	-4.022e-03	3.254e-01	-4.435e-02
162022.50	4.368e-03	7.862e-02	-1.766e-01
162023.50	-4.272e-03	4.205e-02	6.528e-02
162024.50	-7.661e-04	1.315e-01	-4.032e-02
162025.50	6.202e-03	-4.186e-03	-6.758e-02
162026.50	1.786e-04	9.696e-02	1.651e-01
162027.50	4.896e-03	-1.296e-01	2.746e-01
162028.50	-3.667e-03	-1.594e-01	1.363e-01
162029.50	-5.578e-03	-2.141e-02	4.685e-02
162030.50	-1.123e-02	-1.200e-01	1.987e-01
162031.50	-4.234e-03	2.726e-02	2.899e-01
162032.50	-1.786e-03	1.632e-01	-5.866e-02
162033.50	-5.770e-03	1.766e-01	7.200e-02
162034.50	4.262e-03	1.142e-01	-4.147e-02
162035.50	7.056e-03	7.286e-02	-2.419e-01
162036.50	1.104e-02	-1.440e-01	-2.554e-01
162037.50	-2.093e-02	-8.467e-02	3.283e-01
162038.50	-6.038e-03	9.571e-03	2.227e-01
162039.50	-2.275e-04	3.370e-03	-6.307e-02
162040.50	3.072e-03	1.987e-01	-1.430e-01
162041.50	1.354e-02	2.390e-02	-2.429e-01
162042.50	3.542e-04	-2.928e-02	-3.408e-02
162043.50	-2.400e-02	3.533e-03	1.498e-01
162044.50	6.422e-03	8.650e-02	-1.334e-01
162045.50	5.626e-03	-9.888e-02	-1.402e-01
162046.50	7.766e-03	-1.555e-01	9.696e-02
162047.50	-1.901e-03	1.459e-01	-7.018e-03
162048.50	-2.774e-03	-1.008e-01	1.699e-01
162049.50	-9.792e-03	2.333e-01	1.392e-01
162050.50	2.352e-03	1.152e-01	-1.008e-01
162051.50	-1.296e-02	-3.706e-02	1.411e-01
162052.50	7.728e-04	-5.232e-02	2.621e-02
162053.50	1.882e-03	-1.162e-01	-9.888e-02
162054.50	-6.422e-03	8.717e-02	1.632e-01
162055.50	5.050e-04	3.398e-02	-7.430e-02
162056.50	4.723e-03	-5.030e-02	-1.651e-01
162057.50	-5.136e-03	1.392e-01	9.005e-02
162058.50	6.605e-04	-9.197e-02	2.400e-02
162059.50	1.853e-03	4.320e-02	2.333e-03
162060.50	6.538e-04	-6.902e-02	5.088e-02
162061.50	4.925e-03	-1.200e-01	-7.536e-02
162062.50	-3.072e-03	-5.030e-02	4.982e-02
162063.50	-3.667e-03	2.093e-01	-3.091e-02
162064.50	6.259e-03	3.274e-03	-1.018e-01
162065.50	-1.114e-02	2.112e-01	1.680e-01
162066.50	-3.571e-04	4.570e-02	-7.114e-02
162067.50	-2.074e-03	1.766e-01	-4.742e-02
162068.50	-1.123e-03	4.627e-03	-2.957e-03
162069.50	-8.467e-05	-1.114e-01	1.814e-02
162070.50	8.544e-03	-8.611e-02	-1.286e-01
162071.50	-2.755e-04	1.526e-01	-3.274e-02
162072.50	-4.886e-04	5.635e-02	7.123e-02
162073.50	-1.392e-03	-1.565e-02	-3.859e-02
162074.50	-4.560e-03	2.074e-01	3.926e-02
162075.50	-2.410e-03	1.325e-02	9.514e-02
162076.50	-4.147e-03	-1.603e-01	8.938e-02
162077.50	4.474e-03	-9.034e-02	-6.720e-02
162078.50	-2.803e-03	9.130e-02	-8.534e-03
162079.50	-3.043e-03	2.746e-02	1.526e-01
162080.50	-6.989e-05	-2.544e-02	3.158e-02
162081.50	-1.690e-03	-1.565e-01	2.342e-02
162082.50	2.640e-03	3.110e-02	-2.342e-01
162083.50	-2.928e-04	1.258e-01	7.104e-02
162084.50	-3.782e-03	2.208e-02	1.229e-01
162085.50	-7.056e-03	3.245e-02	1.670e-01
162086.50	9.984e-04	-4.464e-02	-6.029e-02
162087.50	6.432e-03	5.530e-02	-1.699e-01
162088.50	2.707e-03	-1.670e-01	4.474e-02
162089.50	3.667e-04	6.941e-02	-1.133e-01
162090.50	-6.950e-03	1.747e-01	-7.862e-02
162091.50	-2.870e-03	-6.941e-02	-7.978e-02
162092.50	-1.824e-03	1.142e-02	1.824e-01
162093.50	8.170e-03	1.786e-02	9.091e-02
162094.50	-1.210e-02	1.584e-01	-7.997e-02
162095.50	2.890e-03	1.046e-01	-3.878e-02
162096.50	-4.579e-04	1.642e-01	1.306e-03
162097.50	-8.928e-03	-9.206e-02	7.066e-02
162098.50	7.882e-03	7.968e-02	7.402e-02
162099.50	6.566e-03	-1.526e-01	-6.634e-02
162100.50	7.824e-03	-1.613e-02	-1.392e-01
162101.50	-5.558e-04	1.450e-01	1.661e-02
162102.50	-1.718e-03	9.696e-02	1.046e-01
162103.50	1.584e-03	-1.210e-01	5.654e-02
162104.50	5.712e-04	1.546e-02	-1.872e-02
162105.50	6.730e-03	-3.629e-02	-1.123e-02
162106.50	-7.805e-03	1.152e-01	3.792e-02
162107.50	-8.419e-04	-4.022e-02	-2.448e-02
162108.50	9.341e-03	-2.093e-01	-9.888e-02
162109.50	-7.277e-03	1.651e-01	3.187e-02
162110.50	-2.746e-03	2.554e-02	-1.632e-03
162111.50	5.491e-04	-8.016e-02	-1.690e-02
162112.50	-4.531e-03	-7.075e-02	8.122e-02
162113.50	-4.310e-04	-6.941e-02	-1.968e-02
162114.50	1.008e-02	-2.448e-02	-7.085e-02
162115.50	8.045e-03	4.560e-02	-5.818e-02
162116.50	4.186e-03	1.872e-01	-9.571e-02
162117.50	1.315e-02	1.690e-01	-7.382e-02
162118.50	1.277e-02	3.610e-01	5.395e-02
162119.50	1.882e-02	-3.389e-02	-1.085e-01
162120.50	1.910e-02	-1.670e-01	-4.051e-02
162121.50	-3.878e-02	-5.837e-02	1.046e-01
162122.50	-3.562e-02	-1.219e-01	1.238e-01
162123.50	-1.507e-02	6.394e-02	1.248e-01
162124.50	1.440e-02	-7.325e-02	-3.667e-03
162125.50	-8.256e-03	-1.786e-01	1.133e-01
162126.50	1.094e-03	4.090e-02	3.226e-03
162127.50	-5.770e-03	-3.341e-02	3.178e-02
162128.50	-6.643e-04	-5.357e-02	3.600e-02
162129.50	-1.738e-03	5.885e-02	-1.795e-02
162130.50	-1.882e-03	3.850e-02	9.350e-02
162131.50	2.621e-04	3.677e-02	4.147e-03
162132.50	8.611e-03	2.054e-01	-1.382e-01
162133.50	-2.179e-03	5.587e-02	-1.286e-01
162134.50	-1.027e-03	-4.742e-02	9.561e-03
162135.50	2.986e-03	-4.032e-02	-2.899e-02
162136.50	3.869e-03	-1.536e-01	-3.082e-03
162137.50	6.499e-03	-9.331e-02	-1.085e-01
162138.50	-1.402e-05	4.570e-02	-6.998e-02
162139.50	4.090e-03	2.966e-02	-8.045e-02
162140.50	-6.000e-03	-3.091e-02	8.381e-02
162141.50	-6.173e-03	-7.546e-02	6.048e-02
162142.50	-3.302e-03	4.013e-02	3.648e-02
162143.50	4.502e-03	-7.488e-02	-1.219e-02
162144.50	6.355e-03	4.656e-02	-6.490e-03
162145.50	6.211e-03	-1.805e-02	-3.235e-02
162146.50	1.258e-03	-3.024e-02	-4.858e-02
162147.50	-2.045e-03	-4.253e-03	5.750e-02
162148.50	-1.238e-03	5.146e-02	4.829e-02
162149.50	-1.162e-03	4.003e-02	-4.349e-02
162150.50	-5.702e-04	-2.256e-02	-1.162e-01
162151.50	-3.821e-04	-1.757e-02	-5.866e-02
162152.50	8.582e-04	2.525e-02	-3.955e-02
162153.50	-9.888e-04	5.683e-02	3.581e-02
162154.50	-2.592e-03	9.552e-04	1.104e-01
162155.50	2.947e-05	-1.920e-02	-6.173e-02
162156.50	-3.590e-03	-3.341e-02	4.435e-02
162157.50	-2.717e-03	-9.418e-02	1.066e-01
162158.50	-2.621e-03	6.144e-02	8.966e-02
162159.50	-1.085e-04	-4.195e-02	3.360e-02
162160.50	8.458e-03	4.080e-02	-1.142e-01
162161.50	-7.258e-03	3.293e-02	1.104e-01
162162.50	-1.507e-03	2.362e-02	1.382e-02
162163.50	3.504e-03	-4.973e-02	-9.696e-02
162164.50	9.427e-04	-1.008e-02	-1.507e-02
162165.50	2.160e-04	-5.270e-02	1.094e-01
162166.50	-2.717e-03	-1.997e-02	3.245e-02
162167.50	-1.469e-04	-4.205e-02	-1.478e-02
162168.50	-4.531e-03	4.435e-02	-1.037e-02
162169.50	-3.696e-03	3.734e-02	-4.771e-02
162170.50	8.573e-04	-6.806e-02	3.005e-02
162171.50	4.742e-03	-1.622e-01	-4.013e-02
162172.50	-2.275e-03	4.608e-02	-1.728e-03
162173.50	-1.632e-02	7.872e-02	1.603e-02
162174.50	1.757e-03	5.040e-02	3.648e-02
162175.50	1.037e-02	-1.584e-02	-5.347e-02
162176.50	1.056e-02	-8.928e-02	-2.573e-02
162177.50	-7.392e-03	7.421e-02	1.498e-01
162178.50	3.581e-03	-3.888e-02	-7.574e-02
162179.50	3.005e-03	2.621e-02	-7.862e-02
162180.50	-6.653e-03	9.264e-02	1.162e-02
162181.50	-3.254e-04	4.195e-02	-9.984e-02
162182.50	-2.006e-03	6.922e-02	4.733e-03
162183.50	6.739e-04	5.146e-02	-1.056e-01
162184.50	-5.664e-03	-2.870e-02	6.077e-02
162185.50	-4.522e-03	-8.342e-03	7.152e-02
162186.50	3.197e-03	-3.994e-02	2.899e-02
162187.50	-1.037e-03	5.126e-03	-3.101e-02
162188.50	-6.173e-04	2.486e-02	-1.709e-03
162189.50	-4.560e-03	8.659e-03	1.133e-01
162190.50	-1.824e-03	-1.075e-02	-1.478e-02
162191.50	-2.150e-03	-2.861e-02	2.986e-02
162192.50	-7.882e-04	1.008e-04	2.784e-02
162193.50	6.509e-03	-4.013e-02	-8.544e-02
162194.50	-3.101e-03	5.146e-02	5.491e-02
162195.50	3.974e-05	-2.419e-02	2.774e-02
162196.50	1.939e-03	4.282e-02	-4.301e-02
162197.50	-1.315e-04	3.350e-02	1.613e-02
162198.50	1.450e-03	-6.739e-02	3.878e-02
162199.50	4.397e-05	-5.770e-03	1.872e-02
162200.50	-2.986e-03	7.891e-02	1.402e-02
162201.50	-1.613e-03	-1.834e-02	4.589e-03
162202.50	2.563e-03	-3.581e-02	-3.994e-02
162203.50	4.992e-03	-3.706e-03	-8.842e-02
162204.50	2.640e-03	-1.786e-02	-9.206e-02
162205.50	1.747e-03	1.555e-02	1.555e-02
162206.50	2.851e-03	5.962e-03	-4.608e-02
162207.50	1.373e-03	1.171e-03	-3.590e-02
162208.50	-5.933e-03	9.600e-02	4.848e-02
162209.50	2.678e-03	-4.685e-02	-2.707e-02
162210.50	-1.085e-03	7.248e-02	8.851e-03
162211.50	-3.763e-04	5.011e-03	-3.341e-02
162212.50	2.016e-03	-2.957e-02	2.602e-02
162213.50	-1.046e-04	7.901e-04	5.712e-03
162214.50	-1.267e-04	-2.592e-02	-2.083e-02
162215.50	1.123e-03	-4.848e-02	5.386e-02
162216.50	-1.075e-03	5.885e-02	6.874e-02
162217.50	-2.400e-03	1.325e-02	2.218e-02
162218.50	1.229e-03	-9.350e-03	8.928e-03
162219.50	-4.128e-03	6.960e-02	6.182e-02
162220.50	-3.341e-04	3.494e-02	-1.690e-02
162221.50	9.398e-03	4.675e-02	-9.034e-02
162222.50	-6.096e-03	1.392e-01	1.258e-02
162223.50	-2.189e-04	-1.402e-02	-1.930e-02
162224.50	-2.016e-03	-2.333e-03	1.901e-02
162225.50	-3.293e-03	-1.219e-01	5.242e-02
162226.50	-1.958e-04	-7.901e-02	4.906e-02
162227.50	1.037e-03	-2.851e-02	-3.965e-02
162228.50	7.776e-05	-2.621e-03	-1.498e-03
162229.50	1.584e-03	2.765e-02	-9.341e-02
162230.50	-8.122e-04	7.872e-05	3.485e-02
162231.50	-1.315e-03	4.627e-03	5.069e-02
162232.50	-1.354e-05	7.162e-02	7.459e-02
162233.50	-1.200e-03	6.010e-02	9.168e-03
162234.50	6.509e-04	-6.298e-03	-5.606e-03
162235.50	1.094e-03	5.568e-03	-2.026e-02
162236.50	2.602e-03	-3.254e-02	-8.275e-02
162237.50	8.659e-04	7.104e-02	-4.858e-02
162238.50	-3.552e-03	-2.813e-03	5.395e-02
162239.50	-5.606e-03	-1.872e-02	4.291e-02
162240.50	1.939e-04	-5.482e-02	1.114e-02
162241.50	-1.862e-03	-1.574e-02	-1.498e-02
162242.50	-2.582e-03	-4.675e-02	9.888e-02
162243.50	-2.755e-03	3.514e-02	7.162e-02
162244.50	2.429e-03	-5.222e-02	-3.370e-02
162245.50	-1.229e-03	-1.248e-02	-1.402e-03
162246.50	-1.306e-03	-6.557e-03	1.344e-02
162247.50	1.882e-03	2.112e-02	-7.238e-02
162248.50	3.974e-03	-4.589e-02	-5.683e-02
162249.50	3.658e-03	-3.370e-02	-5.866e-02
162250.50	2.323e-04	1.834e-02	1.363e-03
162251.50	1.181e-03	1.123e-02	-7.728e-03
162252.50	2.986e-03	-1.421e-02	-2.707e-02
162253.50	1.853e-03	3.120e-02	-4.560e-02
162254.50	2.275e-03	5.530e-02	-6.912e-02
162255.50	-3.043e-03	-1.123e-03	5.981e-02
162256.50	-1.718e-03	-7.546e-02	8.669e-02
162257.50	2.947e-03	-7.210e-02	4.646e-02
162258.50	5.011e-03	-3.715e-02	-7.018e-02
162259.50	-3.590e-03	2.803e-02	-2.515e-02
162260.50	-2.563e-03	4.906e-02	-4.608e-02
162261.50	-1.229e-03	6.480e-02	3.562e-02
162262.50	-1.066e-03	2.736e-02	3.389e-02
162263.50	4.099e-03	-6.163e-03	4.483e-02
162264.50	2.371e-03	1.046e-02	4.368e-02
162265.50	-3.398e-03	4.589e-03	-7.478e-02
162266.50	2.467e-03	-1.507e-02	-2.707e-02
162267.50	5.030e-04	-3.034e-02	2.275e-02
162268.50	2.842e-04	5.462e-03	-2.371e-02
162269.50	-1.728e-03	3.715e-02	2.890e-02
162270.50	8.054e-04	1.142e-02	-5.942e-02
162271.50	3.139e-03	-3.206e-02	-8.074e-02
162272.50	9.600e-04	6.902e-02	5.904e-02
162273.50	-3.994e-03	5.059e-02	1.066e-01
162274.50	-3.360e-03	-8.237e-03	8.986e-02
162275.50	-6.038e-04	-1.824e-02	4.867e-02
162276.50	1.920e-03	-7.075e-03	-1.027e-01
162277.50	-4.291e-05	1.949e-02	-1.978e-02
162278.50	-1.709e-03	8.141e-02	6.518e-03
162279.50	-9.542e-04	-5.722e-02	5.923e-02
