161681.50	0.000e+00	0.000e+00	0.000e+00
161682.50	0.000e+00	0.000e+00	0.000e+00
161683.50	0.000e+00	0.000e+00	0.000e+00
161684.50	0.000e+00	0.000e+00	0.000e+00
161685.50	0.000e+00	0.000e+00	0.000e+00
161686.50	0.000e+00	0.000e+00	0.000e+00
161687.50	0.000e+00	0.000e+00	0.000e+00
161688.50	0.000e+00	0.000e+00	0.000e+00
161689.50	0.000e+00	0.000e+00	0.000e+00
161690.50	0.000e+00	0.000e+00	0.000e+00
161691.50	0.000e+00	0.000e+00	0.000e+00
161692.50	0.000e+00	0.000e+00	0.000e+00
161693.50	0.000e+00	0.000e+00	0.000e+00
161694.50	0.000e+00	0.000e+00	0.000e+00
161695.50	0.000e+00	0.000e+00	0.000e+00
161696.50	0.000e+00	0.000e+00	0.000e+00
161697.50	0.000e+00	0.000e+00	0.000e+00
161698.50	0.000e+00	0.000e+00	0.000e+00
161699.50	0.000e+00	0.000e+00	0.000e+00
161700.50	0.000e+00	0.000e+00	0.000e+00
161701.50	0.000e+00	0.000e+00	0.000e+00
161702.50	0.000e+00	0.000e+00	0.000e+00
161703.50	0.000e+00	0.000e+00	0.000e+00
161704.50	0.000e+00	0.000e+00	0.000e+00
161705.50	0.000e+00	0.000e+00	0.000e+00
161706.50	0.000e+00	0.000e+00	0.000e+00
161707.50	0.000e+00	0.000e+00	0.000e+00
161708.50	0.000e+00	0.000e+00	0.000e+00
161709.50	0.000e+00	0.000e+00	0.000e+00
161710.50	0.000e+00	0.000e+00	0.000e+00
161711.50	0.000e+00	0.000e+00	0.000e+00
161712.50	0.000e+00	0.000e+00	0.000e+00
161713.50	0.000e+00	0.000e+00	0.000e+00
161714.50	0.000e+00	0.000e+00	0.000e+00
161715.50	0.000e+00	0.000e+00	0.000e+00
161716.50	0.000e+00	0.000e+00	0.000e+00
161717.50	0.000e+00	0.000e+00	0.000e+00
161718.50	0.000e+00	0.000e+00	0.000e+00
161719.50	0.000e+00	0.000e+00	0.000e+00
161720.50	0.000e+00	0.000e+00	0.000e+00
161721.50	0.000e+00	0.000e+00	0.000e+00
161722.50	0.000e+00	0.000e+00	0.000e+00
161723.50	0.000e+00	0.000e+00	0.000e+00
161724.50	0.000e+00	0.000e+00	0.000e+00
161725.50	0.000e+00	0.000e+00	0.000e+00
161726.50	0.000e+00	0.000e+00	0.000e+00
161727.50	0.000e+00	0.000e+00	0.000e+00
161728.50	0.000e+00	0.000e+00	0.000e+00
161729.50	0.000e+00	0.000e+00	0.000e+00
161730.50	0.000e+00	0.000e+00	0.000e+00
161731.50	0.000e+00	0.000e+00	0.000e+00
161732.50	0.000e+00	0.000e+00	0.000e+00
161733.50	0.000e+00	0.000e+00	0.000e+00
161734.50	0.000e+00	0.000e+00	0.000e+00
161735.50	0.000e+00	0.000e+00	0.000e+00
161736.50	0.000e+00	0.000e+00	0.000e+00
161737.50	0.000e+00	0.000e+00	0.000e+00
161738.50	0.000e+00	0.000e+00	0.000e+00
161739.50	0.000e+00	0.000e+00	0.000e+00
161740.50	0.000e+00	0.000e+00	0.000e+00
161741.50	0.000e+00	0.000e+00	0.000e+00
161742.50	0.000e+00	0.000e+00	0.000e+00
161743.50	0.000e+00	0.000e+00	0.000e+00
161744.50	0.000e+00	0.000e+00	0.000e+00
161745.50	0.000e+00	0.000e+00	0.000e+00
161746.50	0.000e+00	0.000e+00	0.000e+00
161747.50	0.000e+00	0.000e+00	0.000e+00
161748.50	0.000e+00	0.000e+00	0.000e+00
161749.50	0.000e+00	0.000e+00	0.000e+00
161750.50	0.000e+00	0.000e+00	0.000e+00
161751.50	0.000e+00	0.000e+00	0.000e+00
161752.50	0.000e+00	0.000e+00	0.000e+00
161753.50	0.000e+00	0.000e+00	0.000e+00
161754.50	0.000e+00	0.000e+00	0.000e+00
161755.50	0.000e+00	0.000e+00	0.000e+00
161756.50	0.000e+00	0.000e+00	0.000e+00
161757.50	0.000e+00	0.000e+00	0.000e+00
161758.50	0.000e+00	0.000e+00	0.000e+00
161759.50	0.000e+00	0.000e+00	0.000e+00
161760.50	0.000e+00	0.000e+00	0.000e+00
161761.50	0.000e+00	0.000e+00	0.000e+00
161762.50	0.000e+00	0.000e+00	0.000e+00
161763.50	0.000e+00	0.000e+00	0.000e+00
161764.50	0.000e+00	0.000e+00	0.000e+00
161765.50	0.000e+00	0.000e+00	0.000e+00
161766.50	0.000e+00	0.000e+00	0.000e+00
161767.50	0.000e+00	0.000e+00	0.000e+00
161768.50	0.000e+00	0.000e+00	0.000e+00
161769.50	0.000e+00	0.000e+00	0.000e+00
161770.50	0.000e+00	0.000e+00	0.000e+00
161771.50	0.000e+00	0.000e+00	0.000e+00
161772.50	0.000e+00	0.000e+00	0.000e+00
161773.50	0.000e+00	0.000e+00	0.000e+00
161774.50	0.000e+00	0.000e+00	0.000e+00
161775.50	0.000e+00	0.000e+00	0.000e+00
161776.50	0.000e+00	0.000e+00	0.000e+00
161777.50	0.000e+00	0.000e+00	0.000e+00
161778.50	0.000e+00	0.000e+00	0.000e+00
161779.50	0.000e+00	0.000e+00	0.000e+00
161780.50	0.000e+00	0.000e+00	0.000e+00
161781.50	0.000e+00	0.000e+00	0.000e+00
161782.50	0.000e+00	0.000e+00	0.000e+00
161783.50	0.000e+00	0.000e+00	0.000e+00
161784.50	0.000e+00	0.000e+00	0.000e+00
161785.50	0.000e+00	0.000e+00	0.000e+00
161786.50	0.000e+00	0.000e+00	0.000e+00
161787.50	0.000e+00	0.000e+00	0.000e+00
161788.50	0.000e+00	0.000e+00	0.000e+00
161789.50	0.000e+00	0.000e+00	0.000e+00
161790.50	0.000e+00	0.000e+00	0.000e+00
161791.50	0.000e+00	0.000e+00	0.000e+00
161792.50	0.000e+00	0.000e+00	0.000e+00
161793.50	0.000e+00	0.000e+00	0.000e+00
161794.50	0.000e+00	0.000e+00	0.000e+00
161795.50	0.000e+00	0.000e+00	0.000e+00
161796.50	0.000e+00	0.000e+00	0.000e+00
161797.50	0.000e+00	0.000e+00	0.000e+00
161798.50	0.000e+00	0.000e+00	0.000e+00
161799.50	0.000e+00	0.000e+00	0.000e+00
161800.50	0.000e+00	0.000e+00	0.000e+00
161801.50	0.000e+00	0.000e+00	0.000e+00
161802.50	0.000e+00	0.000e+00	0.000e+00
161803.50	0.000e+00	0.000e+00	0.000e+00
161804.50	0.000e+00	0.000e+00	0.000e+00
161805.50	0.000e+00	0.000e+00	0.000e+00
161806.50	0.000e+00	0.000e+00	0.000e+00
161807.50	0.000e+00	0.000e+00	0.000e+00
161808.50	0.000e+00	0.000e+00	0.000e+00
161809.50	0.000e+00	0.000e+00	0.000e+00
161810.50	0.000e+00	0.000e+00	0.000e+00
161811.50	0.000e+00	0.000e+00	0.000e+00
161812.50	0.000e+00	0.000e+00	0.000e+00
161813.50	0.000e+00	0.000e+00	0.000e+00
161814.50	0.000e+00	0.000e+00	0.000e+00
161815.50	0.000e+00	0.000e+00	0.000e+00
161816.50	0.000e+00	0.000e+00	0.000e+00
161817.50	0.000e+00	0.000e+00	0.000e+00
161818.50	0.000e+00	0.000e+00	0.000e+00
161819.50	0.000e+00	0.000e+00	0.000e+00
161820.50	0.000e+00	0.000e+00	0.000e+00
161821.50	0.000e+00	0.000e+00	0.000e+00
161822.50	0.000e+00	0.000e+00	0.000e+00
161823.50	0.000e+00	0.000e+00	0.000e+00
161824.50	2.496e-06	1.757e-04	-4.704e-08
161825.50	-1.114e-04	5.395e-04	2.371e-03
161826.50	3.907e-05	-1.488e-03	-1.152e-03
161827.50	-5.328e-07	7.958e-04	4.397e-04
161828.50	3.370e-05	3.293e-04	-9.408e-04
161829.50	5.539e-06	-1.478e-03	-7.344e-04
161830.50	-3.974e-04	-3.600e-02	1.085e-04
161831.50	-3.043e-04	-6.845e-02	-2.525e-02
161832.50	5.482e-05	2.640e-02	7.123e-03
161833.50	2.880e-04	2.227e-02	3.178e-03
161834.50	1.440e-03	-3.235e-02	-8.208e-02
161835.50	-1.613e-03	-7.642e-02	1.824e-02
161836.50	-3.763e-02	-2.275e+00	1.382e-01
161837.50	-2.045e-01	-2.573e+01	-7.440e+00
161838.50	-5.366e+00	-5.213e+02	-1.008e+02
161839.50	-1.632e+01	-1.229e+03	-5.213e+01
161840.50	2.112e-01	5.501e+01	3.264e+01
161841.50	2.400e+00	1.949e+02	1.805e+01
161842.50	2.016e+00	1.507e+02	8.016e+00
161843.50	1.632e+00	1.171e+02	3.456e+00
161844.50	9.005e-01	9.792e+01	2.237e+01
161845.50	1.286e+00	9.888e+01	6.826e+00
161846.50	1.123e+00	8.563e+01	4.963e+00
161847.50	7.085e-01	6.547e+01	9.696e+00
161848.50	1.018e+00	7.133e+01	1.008e+00
161849.50	9.293e-01	5.885e+01	-3.120e+00
161850.50	6.182e-01	5.683e+01	8.342e+00
161851.50	6.240e-01	5.030e+01	3.821e+00
161852.50	6.365e-01	4.080e+01	-1.853e+00
161853.50	5.558e-01	4.262e+01	2.333e+00
161854.50	5.299e-01	3.763e+01	8.986e-01
161855.50	4.176e-01	3.562e+01	3.754e+00
161856.50	3.427e-01	3.110e+01	4.397e+00
161857.50	3.398e-01	2.736e+01	2.045e+00
161858.50	3.811e-01	2.650e+01	-2.842e-01
161859.50	3.504e-01	2.515e+01	4.310e-01
161860.50	2.131e-01	2.381e+01	5.222e+00
161861.50	2.621e-01	2.218e+01	2.179e+00
161862.50	3.370e-01	2.112e+01	-1.411e+00
161863.50	2.131e-01	1.930e+01	2.486e+00
161864.50	2.045e-01	1.622e+01	1.142e+00
161865.50	1.757e-01	1.594e+01	1.440e+00
161866.50	2.275e-01	1.565e+01	-3.418e-01
161867.50	1.661e-01	1.565e+01	2.630e+00
161868.50	1.834e-01	1.469e+01	1.123e+00
161869.50	1.968e-01	1.258e+01	-4.378e-01
161870.50	1.056e-01	1.104e+01	2.150e+00
161871.50	2.525e-01	1.402e+01	-2.198e+00
161872.50	1.421e-01	1.152e+01	7.709e-01
161873.50	1.373e-01	9.888e+00	2.314e-01
161874.50	1.142e-01	8.976e+00	5.520e-01
161875.50	5.933e-02	7.488e+00	1.699e+00
161876.50	9.792e-02	8.016e+00	5.107e-01
161877.50	1.027e-01	8.659e+00	5.904e-01
161878.50	5.203e-02	7.344e+00	2.141e+00
161879.50	4.877e-02	6.749e+00	1.920e+00
161880.50	1.085e-01	7.584e+00	1.987e-01
161881.50	2.544e-02	4.550e+00	1.603e+00
161882.50	5.472e-02	4.790e+00	5.462e-01
161883.50	1.046e-01	6.739e+00	-2.717e-01
161884.50	3.965e-02	4.272e+00	6.749e-01
161885.50	6.499e-02	4.445e+00	3.994e-02
161886.50	8.256e-02	5.174e+00	-6.317e-01
161887.50	2.352e-02	3.936e+00	9.254e-01
161888.50	6.874e-02	4.224e+00	-4.138e-01
161889.50	7.066e-02	4.051e+00	-5.386e-01
161890.50	4.176e-02	5.165e+00	1.450e+00
161891.50	5.587e-02	4.061e+00	2.746e-01
161892.50	2.275e-02	3.331e+00	8.323e-01
161893.50	5.376e-02	3.408e+00	-2.621e-01
161894.50	2.755e-02	1.958e+00	-2.006e-02
161895.50	5.539e-02	2.909e+00	-6.490e-01
161896.50	1.133e-02	2.563e+00	9.005e-01
161897.50	4.685e-02	3.206e+00	-9.168e-02
161898.50	1.075e-02	1.834e+00	3.869e-01
161899.50	9.283e-03	2.208e+00	6.845e-01
161900.50	2.256e-02	2.160e+00	4.186e-01
161901.50	2.938e-02	2.611e+00	3.274e-01
161902.50	3.754e-02	1.978e+00	-5.952e-01
161903.50	-2.544e-03	1.286e+00	1.046e+00
161904.50	5.827e-03	2.198e+00	9.696e-01
161905.50	4.013e-02	2.093e+00	-1.267e-01
161906.50	2.890e-02	1.920e+00	-1.411e-01
161907.50	3.744e-02	2.064e+00	-3.850e-01
161908.50	1.814e-02	2.189e+00	4.080e-01
161909.50	2.362e-02	1.085e+00	-3.514e-01
161910.50	2.160e-02	1.114e+00	-3.149e-01
161911.50	2.371e-02	1.363e+00	-6.384e-02
161912.50	1.277e-02	1.094e+00	5.482e-02
161913.50	2.102e-03	1.229e+00	5.251e-01
161914.50	2.064e-02	1.565e+00	2.861e-02
161915.50	6.029e-03	1.584e+00	6.000e-01
161916.50	1.594e-02	1.085e+00	-2.496e-02
161917.50	-5.808e-03	3.590e-02	2.544e-01
161918.50	1.632e-02	8.256e-01	-3.638e-01
161919.50	2.592e-02	1.469e+00	-8.640e-02
161920.50	5.981e-03	1.238e+00	6.019e-01
161921.50	2.016e-02	6.614e-01	-2.477e-01
161922.50	2.362e-02	8.256e-01	-3.984e-01
161923.50	1.517e-02	5.789e-01	-2.784e-01
161924.50	2.323e-02	1.344e+00	-1.171e-01
161925.50	8.362e-04	9.600e-01	3.101e-01
161926.50	6.538e-04	7.718e-01	3.523e-01
161927.50	-1.440e-03	4.858e-02	-2.899e-02
161928.50	-2.227e-03	5.376e-01	2.851e-01
161929.50	1.210e-02	1.018e+00	1.411e-01
161930.50	1.286e-02	1.027e+00	2.122e-01
161931.50	1.123e-02	1.536e-01	-2.400e-01
161932.50	-8.410e-03	4.195e-01	2.160e-01
161933.50	4.944e-03	7.718e-01	3.043e-01
161934.50	9.792e-03	4.214e-01	-1.142e-01
161935.50	1.162e-02	7.258e-01	-1.526e-01
161936.50	1.056e-02	8.506e-01	7.459e-02
161937.50	7.728e-03	7.363e-01	6.480e-02
161938.50	5.290e-03	1.171e-01	-1.882e-01
161939.50	-1.046e-02	1.238e-01	4.358e-01
161940.50	2.314e-02	6.029e-01	-4.656e-01
161941.50	6.758e-03	4.003e-01	7.190e-02
161942.50	-1.325e-03	7.085e-01	6.029e-01
161943.50	-1.709e-02	1.910e-01	8.400e-01
161944.50	3.043e-02	4.502e-01	-8.102e-01
161945.50	-6.163e-04	4.992e-01	1.594e-01
161946.50	7.008e-03	3.811e-01	-2.314e-02
161947.50	6.950e-03	2.371e-01	-1.008e-02
161948.50	-1.354e-04	2.602e-01	-5.021e-01
161949.50	1.123e-02	6.912e-01	-1.882e-01
161950.50	4.339e-04	8.246e-03	-2.506e-01
161951.50	-3.715e-03	1.498e-01	1.814e-01
161952.50	-1.680e-02	-7.402e-02	3.571e-01
161953.50	7.872e-03	4.205e-01	9.888e-02
161954.50	-5.722e-03	1.152e-03	3.360e-01
161955.50	5.242e-03	2.650e-03	-1.978e-01
161956.50	1.181e-02	1.430e-01	-3.264e-01
161957.50	1.459e-02	6.086e-01	-2.880e-01
161958.50	-7.334e-03	5.731e-02	3.101e-01
161959.50	2.659e-03	3.139e-01	1.795e-01
161960.50	-1.018e-03	8.928e-02	6.182e-02
161961.50	-1.891e-03	8.621e-02	6.624e-02
161962.50	8.477e-03	2.208e-01	-3.571e-01
161963.50	1.056e-02	3.773e-01	-1.574e-01
161964.50	-5.530e-03	1.430e-01	1.910e-01
161965.50	5.107e-03	6.067e-01	1.574e-01
161966.50	-9.984e-03	1.949e-01	4.790e-01
161967.50	1.363e-03	1.373e-01	8.938e-02
161968.50	2.035e-03	-6.384e-02	-1.037e-01
161969.50	3.648e-03	1.670e-01	-1.642e-01
161970.50	1.872e-02	3.888e-01	-3.869e-02
161971.50	2.362e-02	5.165e-01	4.186e-01
161972.50	-8.496e-03	-1.066e-01	-5.808e-01
161973.50	1.584e-03	3.379e-02	1.027e-01
161974.50	7.085e-03	4.493e-01	-2.486e-01
161975.50	8.851e-03	7.142e-02	-1.891e-01
161976.50	-1.690e-02	-3.082e-01	8.198e-02
161977.50	-1.354e-02	-2.390e-01	1.219e-01
161978.50	5.818e-03	3.974e-01	-8.534e-02
161979.50	4.234e-04	-8.736e-02	-1.114e-01
161980.50	-5.453e-03	1.046e-01	2.678e-01
161981.50	1.987e-03	1.795e-01	1.277e-01
161982.50	1.114e-02	3.744e-01	7.776e-02
161983.50	6.509e-04	2.928e-01	-1.210e-02
161984.50	-7.354e-03	1.440e-01	1.181e-01
161985.50	-1.478e-03	-2.131e-01	-1.027e-01
161986.50	-3.734e-03	-1.632e-01	5.059e-02
161987.50	1.094e-02	4.627e-01	-1.709e-01
161988.50	-4.819e-03	-4.867e-02	-6.317e-02
161989.50	-2.794e-03	2.112e-01	-2.227e-02
161990.50	-5.366e-04	-9.600e-03	2.131e-01
161991.50	2.611e-04	2.928e-01	1.728e-01
161992.50	5.885e-03	9.552e-02	-6.221e-02
161993.50	5.962e-04	1.142e-01	4.310e-02
161994.50	-2.544e-03	1.258e-01	1.584e-01
161995.50	-2.534e-03	-5.405e-02	7.315e-02
161996.50	1.190e-05	-8.093e-02	1.392e-01
161997.50	3.677e-03	1.526e-01	-3.206e-03
161998.50	-4.915e-03	-1.805e-01	-6.154e-02
161999.50	-2.054e-03	2.582e-02	8.045e-02
162000.50	-1.901e-03	1.296e-01	1.949e-01
162001.50	-3.888e-04	-1.949e-01	5.443e-03
162002.50	1.603e-02	-4.829e-02	-2.736e-01
162003.50	-1.584e-02	1.459e-01	8.669e-02
162004.50	-4.358e-03	1.392e-01	1.325e-01
162005.50	4.080e-03	9.888e-02	8.544e-02
162006.50	-5.424e-03	-3.053e-01	7.200e-02
162007.50	-1.200e-04	2.054e-01	-1.507e-01
162008.50	5.338e-03	1.267e-01	-2.784e-01
162009.50	-4.704e-03	6.605e-02	2.275e-01
162010.50	2.630e-03	2.678e-01	1.430e-01
162011.50	-6.605e-04	-5.914e-02	-7.334e-02
162012.50	2.976e-03	6.883e-02	1.843e-02
162013.50	1.882e-03	1.171e-01	4.656e-04
162014.50	2.256e-03	1.018e-01	-5.443e-02
162015.50	5.923e-03	1.526e-01	-7.546e-03
162016.50	-9.178e-03	-1.805e-01	1.546e-01
162017.50	1.104e-03	1.344e-01	1.718e-01
162018.50	-3.619e-03	-1.104e-01	7.757e-02
162019.50	1.066e-02	1.373e-01	-8.774e-02
162020.50	2.266e-03	2.698e-02	-7.757e-02
162021.50	-2.045e-03	2.093e-02	-7.037e-02
162022.50	-5.069e-03	3.888e-02	4.214e-02
162023.50	-2.774e-03	-1.248e-01	9.437e-02
162024.50	1.632e-03	-3.264e-02	-5.654e-02
162025.50	-2.573e-03	2.054e-01	1.190e-01
162026.50	-5.866e-03	-2.870e-02	1.987e-01
162027.50	6.365e-03	3.638e-01	-8.602e-04
162028.50	7.670e-05	-2.765e-02	-1.123e-01
162029.50	2.160e-03	-1.162e-02	-8.918e-02
162030.50	2.333e-03	-2.582e-02	-1.594e-01
162031.50	5.645e-03	2.266e-01	7.382e-03
162032.50	1.930e-03	5.770e-02	5.770e-03
162033.50	5.846e-04	-5.088e-02	4.214e-03
162034.50	-2.832e-03	1.680e-01	7.430e-02
162035.50	-5.270e-03	3.302e-02	1.613e-01
162036.50	1.978e-03	-1.718e-01	-7.392e-02
162037.50	-3.053e-04	-2.784e-01	-1.190e-01
162038.50	1.219e-03	1.910e-01	1.104e-01
162039.50	8.544e-04	1.958e-01	7.056e-02
162040.50	-1.882e-04	5.069e-02	6.106e-02
162041.50	-4.080e-03	-1.258e-02	3.197e-02
162042.50	1.738e-03	4.646e-02	1.066e-01
162043.50	7.114e-03	1.555e-01	-1.613e-01
162044.50	2.784e-03	2.592e-01	-1.651e-02
162045.50	2.371e-03	5.174e-02	9.571e-02
162046.50	-5.434e-03	-1.315e-01	1.229e-01
162047.50	-3.792e-03	-3.158e-01	-4.426e-02
162048.50	-8.112e-04	1.142e-01	7.882e-02
162049.50	2.448e-03	1.786e-01	-2.880e-02
162050.50	-1.651e-04	-2.909e-02	-3.398e-02
162051.50	-8.515e-03	-1.056e-01	3.994e-02
162052.50	4.320e-03	-9.542e-02	-1.786e-01
162053.50	1.363e-03	9.888e-02	3.514e-02
162054.50	2.256e-04	1.728e-02	-9.696e-02
162055.50	-1.133e-02	-2.400e-01	1.382e-01
162056.50	-1.210e-03	1.776e-02	7.248e-03
162057.50	1.354e-05	-1.363e-02	3.005e-02
162058.50	-5.366e-04	-4.512e-02	-1.920e-02
162059.50	-3.744e-03	-3.888e-03	1.027e-01
162060.50	6.816e-03	1.027e-01	-1.843e-01
162061.50	2.851e-03	-8.083e-02	-1.258e-01
162062.50	1.046e-03	1.056e-01	9.312e-02
162063.50	-5.184e-05	1.056e-01	-8.410e-03
162064.50	6.154e-03	1.056e-01	-1.162e-02
162065.50	-6.000e-03	-2.352e-02	1.344e-01
162066.50	1.238e-03	5.866e-02	-6.192e-02
162067.50	4.579e-03	2.582e-01	1.286e-01
162068.50	-4.358e-03	5.251e-02	1.786e-01
162069.50	-1.949e-03	-1.526e-02	-1.450e-01
162070.50	-6.029e-03	-2.698e-01	-1.450e-02
162071.50	1.056e-03	-2.544e-02	-2.947e-02
162072.50	6.000e-04	-1.392e-02	1.037e-01
162073.50	3.667e-03	-8.246e-02	-8.400e-02
162074.50	2.064e-03	-1.930e-03	-1.690e-01
162075.50	7.354e-03	1.286e-01	-1.978e-01
162076.50	-3.571e-03	-5.290e-02	6.259e-02
162077.50	9.389e-04	-1.958e-02	2.947e-02
162078.50	-2.765e-03	-1.958e-02	4.589e-02
162079.50	6.701e-03	8.688e-02	-1.392e-01
162080.50	3.043e-03	-9.312e-03	-1.104e-01
162081.50	1.603e-03	-5.347e-02	1.968e-02
162082.50	-7.526e-03	-3.600e-02	-3.091e-02
162083.50	4.906e-03	2.198e-02	4.867e-02
162084.50	4.666e-03	1.133e-01	1.536e-01
162085.50	-1.066e-03	2.947e-02	7.094e-02
162086.50	-3.341e-03	2.246e-02	6.528e-02
162087.50	-2.976e-03	-1.277e-01	1.008e-01
162088.50	1.594e-03	-4.848e-02	-3.274e-02
162089.50	-6.298e-04	1.133e-01	9.792e-03
162090.50	-9.293e-03	6.269e-02	2.352e-01
162091.50	-3.850e-03	-1.162e-01	-4.694e-02
162092.50	4.320e-03	-5.942e-02	-2.342e-01
162093.50	1.814e-03	-2.621e-03	-1.382e-02
162094.50	-1.344e-03	-7.920e-02	8.525e-02
162095.50	1.949e-03	-1.910e-02	-4.589e-02
162096.50	5.693e-03	1.469e-01	-1.344e-01
162097.50	-5.059e-03	2.803e-02	1.267e-01
162098.50	-7.478e-03	4.694e-03	5.990e-02
162099.50	-3.216e-04	5.952e-02	3.590e-02
162100.50	3.149e-03	6.134e-02	4.771e-02
162101.50	-2.688e-03	-7.267e-02	-2.064e-02
162102.50	-2.880e-03	-1.258e-02	9.360e-02
162103.50	4.522e-03	8.467e-02	-5.510e-02
162104.50	2.486e-04	-2.218e-01	1.574e-02
162105.50	3.341e-03	3.379e-02	-1.325e-01
162106.50	-2.429e-03	5.501e-02	-5.530e-02
162107.50	3.696e-03	5.942e-02	-6.768e-02
162108.50	-4.330e-04	5.453e-02	-4.742e-02
162109.50	-5.722e-04	2.602e-03	4.704e-02
162110.50	2.093e-03	-8.717e-02	-3.024e-02
162111.50	2.448e-03	1.238e-01	-1.046e-01
162112.50	1.949e-03	7.613e-02	-1.344e-04
162113.50	-3.091e-04	-2.698e-02	3.456e-02
162114.50	-1.306e-03	1.997e-02	7.181e-02
162115.50	-9.600e-03	6.547e-02	7.526e-02
162116.50	-5.261e-03	-5.078e-02	9.437e-02
162117.50	-4.272e-03	-1.181e-01	5.539e-02
162118.50	3.581e-03	-4.973e-02	-1.632e-01
162119.50	-4.128e-03	-4.502e-02	7.123e-03
162120.50	-7.939e-05	8.755e-02	-4.234e-02
162121.50	1.373e-02	1.286e-01	-1.162e-02
162122.50	3.590e-03	1.843e-01	-5.770e-03
162123.50	-1.411e-03	-3.350e-02	4.272e-02
162124.50	-6.298e-05	-1.056e-01	-5.904e-02
162125.50	-1.594e-02	-1.190e-01	7.670e-02
162126.50	6.346e-03	1.354e-01	-1.642e-01
162127.50	3.658e-03	3.811e-03	1.171e-02
162128.50	8.813e-03	5.731e-02	-3.101e-02
162129.50	-6.634e-03	-5.165e-02	1.392e-01
162130.50	1.574e-03	-4.003e-03	-9.130e-02
162131.50	3.091e-03	6.384e-02	-4.042e-02
162132.50	5.914e-03	5.635e-02	8.506e-02
162133.50	-3.149e-02	-9.005e-02	1.939e-01
162134.50	6.307e-03	2.179e-02	1.104e-01
162135.50	1.910e-03	-2.669e-03	1.978e-02
162136.50	-2.026e-04	-5.386e-02	-4.502e-03
162137.50	-1.536e-03	-5.146e-02	-5.040e-02
162138.50	-6.394e-03	-1.229e-02	1.267e-01
162139.50	-3.648e-03	-1.190e-02	-5.606e-02
162140.50	8.131e-03	2.659e-02	-1.776e-01
162141.50	1.363e-02	-2.266e-03	-2.179e-01
162142.50	3.341e-04	-6.221e-02	1.949e-03
162143.50	-3.312e-03	3.744e-02	1.104e-01
162144.50	2.870e-04	2.957e-02	-1.123e-02
162145.50	5.270e-03	-1.142e-03	-1.968e-02
162146.50	-5.798e-04	-8.285e-02	-1.373e-02
162147.50	-2.390e-04	1.440e-01	2.794e-02
162148.50	-4.378e-03	-6.912e-02	8.179e-02
162149.50	3.427e-04	5.222e-02	-3.168e-03
162150.50	-2.160e-03	-1.229e-03	1.123e-02
162151.50	-1.440e-03	-1.306e-02	9.600e-03
162152.50	5.405e-04	3.619e-02	-1.018e-02
162153.50	1.219e-03	-1.843e-02	2.736e-02
162154.50	1.248e-03	6.912e-02	1.699e-02
162155.50	-2.650e-03	-1.882e-02	-1.133e-02
162156.50	-7.181e-03	4.493e-03	1.603e-01
162157.50	1.766e-04	-4.157e-02	-8.698e-03
162158.50	5.443e-03	9.158e-02	-1.152e-01
162159.50	-1.536e-03	-9.888e-02	7.238e-02
162160.50	-3.312e-04	-6.528e-02	-9.322e-02
162161.50	2.304e-03	6.749e-02	-6.182e-02
162162.50	7.498e-04	2.554e-02	1.267e-02
162163.50	6.845e-04	8.035e-03	-3.014e-02
162164.50	4.867e-03	1.133e-01	-1.085e-02
162165.50	-6.240e-04	-9.446e-02	-6.778e-02
162166.50	1.392e-03	6.586e-02	-4.128e-02
162167.50	-2.323e-03	-5.088e-02	4.819e-02
162168.50	-2.698e-03	-9.504e-02	8.986e-02
162169.50	-3.878e-04	-6.624e-02	-4.349e-02
162170.50	3.581e-03	7.114e-02	-4.992e-02
162171.50	1.651e-03	1.930e-01	2.880e-03
162172.50	8.909e-04	-1.805e-02	-8.938e-02
162173.50	-1.853e-03	-2.966e-02	3.245e-02
162174.50	-4.589e-03	-9.792e-02	6.941e-02
162175.50	2.544e-03	1.104e-01	-1.786e-02
162176.50	7.056e-03	2.333e-02	6.403e-02
162177.50	-2.438e-03	-6.470e-02	1.949e-02
162178.50	1.392e-04	-3.370e-02	-3.763e-03
162179.50	-4.262e-03	-4.205e-02	7.325e-02
162180.50	-4.426e-03	4.099e-02	9.888e-02
162181.50	6.250e-03	1.114e-01	-9.984e-02
162182.50	2.438e-03	-1.584e-01	-1.680e-01
162183.50	-6.038e-04	-7.114e-03	6.835e-02
162184.50	-2.726e-03	-1.450e-02	7.642e-02
162185.50	3.034e-04	9.197e-03	7.046e-02
162186.50	1.200e-03	3.437e-02	-4.598e-02
162187.50	-1.661e-03	2.650e-02	3.062e-02
162188.50	1.690e-03	1.882e-03	-2.957e-02
162189.50	1.632e-03	3.571e-02	-3.619e-02
162190.50	-4.109e-04	-5.155e-03	9.043e-03
162191.50	1.891e-03	6.086e-02	-5.770e-02
162192.50	-7.478e-04	-8.352e-03	8.707e-03
162193.50	1.968e-03	1.286e-02	-9.984e-02
162194.50	2.026e-03	3.014e-02	-1.488e-02
162195.50	-5.568e-04	1.190e-02	6.653e-02
162196.50	-1.085e-03	2.640e-03	2.640e-02
162197.50	1.152e-03	-2.131e-02	-6.566e-02
162198.50	2.160e-03	5.347e-02	2.717e-02
162199.50	2.083e-03	-9.696e-03	-1.046e-01
162200.50	-1.709e-03	-2.630e-02	-3.830e-02
162201.50	-9.888e-05	3.754e-03	4.032e-02
162202.50	-6.989e-04	3.658e-02	1.171e-01
162203.50	9.283e-02	8.419e-02	-1.306e-01
162204.50	1.008e-01	-5.741e-02	-1.450e-01
162205.50	-4.272e-03	4.608e-02	7.363e-02
162206.50	6.883e-05	7.488e-03	-3.408e-03
162207.50	2.765e-03	3.456e-02	3.101e-02
162208.50	3.514e-03	-4.272e-03	-8.122e-02
162209.50	1.200e-03	2.918e-02	-5.962e-02
162210.50	-6.461e-04	-1.766e-02	1.085e-02
162211.50	1.171e-02	-1.123e-01	-6.835e-02
162212.50	-7.162e-04	9.456e-03	-2.218e-02
162213.50	4.646e-03	4.214e-02	-3.994e-02
162214.50	3.821e-03	9.034e-02	8.467e-03
162215.50	-1.382e-03	2.390e-02	3.974e-02
162216.50	-3.533e-03	-2.813e-02	-1.901e-02
162217.50	-5.971e-03	-5.107e-02	2.842e-02
162218.50	1.334e-01	1.229e-01	-1.805e-01
162219.50	9.984e-02	3.475e-02	-2.362e-01
162220.50	-2.746e-03	-7.325e-02	2.304e-02
162221.50	7.008e-03	1.315e-01	1.018e-01
162222.50	-2.189e-02	4.522e-01	3.792e-01
162223.50	-2.448e-01	-4.598e-01	1.267e-01
162224.50	-4.886e-03	-8.563e-02	1.546e-02
162225.50	-3.072e-03	-2.064e-02	3.370e-02
162226.50	-3.226e-02	-1.344e-01	2.861e-03
162227.50	-1.430e-01	-2.880e-01	9.696e-03
162228.50	5.712e-04	4.800e-02	-4.608e-02
162229.50	-1.392e-03	6.864e-02	1.584e-02
162230.50	3.648e-03	4.666e-03	-6.710e-02
162231.50	-7.699e-04	3.581e-02	-1.171e-02
162232.50	-1.411e-03	1.910e-02	5.894e-02
162233.50	-2.131e-03	-5.933e-02	1.968e-02
162234.50	-1.469e-03	-1.853e-02	4.416e-02
162235.50	1.526e-03	6.653e-02	4.176e-02
162236.50	-3.389e-04	4.147e-02	-2.525e-02
162237.50	2.285e-03	-4.070e-02	-1.632e-02
162238.50	-4.426e-04	6.470e-03	1.814e-02
162239.50	-2.765e-03	-7.997e-02	6.336e-02
162240.50	5.299e-04	-3.590e-02	-5.290e-02
162241.50	-1.498e-03	5.942e-02	1.325e-01
162242.50	1.354e-03	5.558e-02	-9.792e-03
162243.50	-3.206e-03	-4.435e-02	1.901e-02
162244.50	-2.170e-03	-2.467e-02	2.698e-02
162245.50	5.069e-03	3.754e-02	-3.965e-02
162246.50	1.210e-03	-3.235e-02	-9.245e-02
162247.50	2.170e-03	4.080e-02	5.990e-03
162248.50	-2.304e-03	-2.861e-02	5.194e-02
162249.50	-1.949e-03	-2.650e-02	5.414e-02
162250.50	1.181e-03	7.613e-03	-4.560e-02
162251.50	6.403e-04	7.613e-02	-7.574e-03
162252.50	7.920e-04	-1.123e-02	1.210e-02
162253.50	7.603e-05	2.371e-02	3.514e-02
162254.50	2.630e-03	-3.322e-02	-1.843e-03
162255.50	-1.382e-04	4.205e-02	-1.440e-02
162256.50	-2.822e-03	1.277e-02	3.686e-02
162257.50	4.061e-04	-2.458e-02	4.157e-02
162258.50	-3.418e-04	-5.299e-03	2.054e-02
162259.50	2.160e-03	-1.171e-03	1.181e-02
162260.50	3.360e-03	3.658e-02	-3.274e-02
162261.50	2.582e-03	-2.534e-02	-1.066e-01
162262.50	-6.912e-03	1.402e-02	2.832e-02
162263.50	1.018e-03	-2.160e-02	1.891e-02
162264.50	-1.200e-03	-4.982e-02	-1.219e-02
162265.50	-2.198e-04	3.226e-02	1.373e-02
162266.50	1.411e-03	4.915e-02	-3.350e-02
162267.50	-1.517e-03	-9.514e-03	-2.342e-03
162268.50	9.158e-04	3.715e-02	2.400e-02
162269.50	2.294e-04	3.552e-02	-2.131e-02
162270.50	-8.698e-04	-2.803e-02	7.123e-03
162271.50	-7.901e-04	2.285e-02	1.114e-02
162272.50	-2.045e-03	-3.590e-02	-1.162e-03
162273.50	-1.344e-03	9.350e-03	2.112e-02
162274.50	-7.440e-04	-4.848e-02	-2.266e-02
162275.50	1.690e-03	-3.504e-02	-7.306e-02
162276.50	1.555e-03	-1.766e-02	-4.003e-02
162277.50	1.728e-03	-1.517e-02	-1.123e-02
162278.50	-5.251e-04	2.602e-02	2.784e-02
162279.50	9.005e-04	-5.261e-02	-6.826e-02
