161681.50	0.000e+00	0.000e+00	0.000e+00
161682.50	0.000e+00	0.000e+00	0.000e+00
161683.50	0.000e+00	0.000e+00	0.000e+00
161684.50	0.000e+00	0.000e+00	0.000e+00
161685.50	0.000e+00	0.000e+00	0.000e+00
161686.50	0.000e+00	0.000e+00	0.000e+00
161687.50	0.000e+00	0.000e+00	0.000e+00
161688.50	0.000e+00	0.000e+00	0.000e+00
161689.50	0.000e+00	0.000e+00	0.000e+00
161690.50	0.000e+00	0.000e+00	0.000e+00
161691.50	0.000e+00	0.000e+00	0.000e+00
161692.50	0.000e+00	0.000e+00	0.000e+00
161693.50	0.000e+00	0.000e+00	0.000e+00
161694.50	0.000e+00	0.000e+00	0.000e+00
161695.50	0.000e+00	0.000e+00	0.000e+00
161696.50	0.000e+00	0.000e+00	0.000e+00
161697.50	0.000e+00	0.000e+00	0.000e+00
161698.50	0.000e+00	0.000e+00	0.000e+00
161699.50	0.000e+00	0.000e+00	0.000e+00
161700.50	0.000e+00	0.000e+00	0.000e+00
161701.50	0.000e+00	0.000e+00	0.000e+00
161702.50	0.000e+00	0.000e+00	0.000e+00
161703.50	0.000e+00	0.000e+00	0.000e+00
161704.50	0.000e+00	0.000e+00	0.000e+00
161705.50	0.000e+00	0.000e+00	0.000e+00
161706.50	0.000e+00	0.000e+00	0.000e+00
161707.50	0.000e+00	0.000e+00	0.000e+00
161708.50	0.000e+00	0.000e+00	0.000e+00
161709.50	0.000e+00	0.000e+00	0.000e+00
161710.50	0.000e+00	0.000e+00	0.000e+00
161711.50	0.000e+00	0.000e+00	0.000e+00
161712.50	0.000e+00	0.000e+00	0.000e+00
161713.50	0.000e+00	0.000e+00	0.000e+00
161714.50	0.000e+00	0.000e+00	0.000e+00
161715.50	0.000e+00	0.000e+00	0.000e+00
161716.50	0.000e+00	0.000e+00	0.000e+00
161717.50	0.000e+00	0.000e+00	0.000e+00
161718.50	0.000e+00	0.000e+00	0.000e+00
161719.50	0.000e+00	0.000e+00	0.000e+00
161720.50	0.000e+00	0.000e+00	0.000e+00
161721.50	0.000e+00	0.000e+00	0.000e+00
161722.50	0.000e+00	0.000e+00	0.000e+00
161723.50	0.000e+00	0.000e+00	0.000e+00
161724.50	0.000e+00	0.000e+00	0.000e+00
161725.50	0.000e+00	0.000e+00	0.000e+00
161726.50	0.000e+00	0.000e+00	0.000e+00
161727.50	0.000e+00	0.000e+00	0.000e+00
161728.50	0.000e+00	0.000e+00	0.000e+00
161729.50	0.000e+00	0.000e+00	0.000e+00
161730.50	0.000e+00	0.000e+00	0.000e+00
161731.50	0.000e+00	0.000e+00	0.000e+00
161732.50	0.000e+00	0.000e+00	0.000e+00
161733.50	0.000e+00	0.000e+00	0.000e+00
161734.50	0.000e+00	0.000e+00	0.000e+00
161735.50	0.000e+00	0.000e+00	0.000e+00
161736.50	0.000e+00	0.000e+00	0.000e+00
161737.50	0.000e+00	0.000e+00	0.000e+00
161738.50	0.000e+00	0.000e+00	0.000e+00
161739.50	0.000e+00	0.000e+00	0.000e+00
161740.50	0.000e+00	0.000e+00	0.000e+00
161741.50	0.000e+00	0.000e+00	0.000e+00
161742.50	0.000e+00	0.000e+00	0.000e+00
161743.50	0.000e+00	0.000e+00	0.000e+00
161744.50	0.000e+00	0.000e+00	0.000e+00
161745.50	0.000e+00	0.000e+00	0.000e+00
161746.50	0.000e+00	0.000e+00	0.000e+00
161747.50	0.000e+00	0.000e+00	0.000e+00
161748.50	0.000e+00	0.000e+00	0.000e+00
161749.50	0.000e+00	0.000e+00	0.000e+00
161750.50	0.000e+00	0.000e+00	0.000e+00
161751.50	0.000e+00	0.000e+00	0.000e+00
161752.50	0.000e+00	0.000e+00	0.000e+00
161753.50	0.000e+00	0.000e+00	0.000e+00
161754.50	0.000e+00	0.000e+00	0.000e+00
161755.50	0.000e+00	0.000e+00	0.000e+00
161756.50	0.000e+00	0.000e+00	0.000e+00
161757.50	0.000e+00	0.000e+00	0.000e+00
161758.50	0.000e+00	0.000e+00	0.000e+00
161759.50	0.000e+00	0.000e+00	0.000e+00
161760.50	0.000e+00	0.000e+00	0.000e+00
161761.50	0.000e+00	0.000e+00	0.000e+00
161762.50	0.000e+00	0.000e+00	0.000e+00
161763.50	0.000e+00	0.000e+00	0.000e+00
161764.50	0.000e+00	0.000e+00	0.000e+00
161765.50	0.000e+00	0.000e+00	0.000e+00
161766.50	0.000e+00	0.000e+00	0.000e+00
161767.50	0.000e+00	0.000e+00	0.000e+00
161768.50	0.000e+00	0.000e+00	0.000e+00
161769.50	0.000e+00	0.000e+00	0.000e+00
161770.50	0.000e+00	0.000e+00	0.000e+00
161771.50	0.000e+00	0.000e+00	0.000e+00
161772.50	0.000e+00	0.000e+00	0.000e+00
161773.50	0.000e+00	0.000e+00	0.000e+00
161774.50	0.000e+00	0.000e+00	0.000e+00
161775.50	0.000e+00	0.000e+00	0.000e+00
161776.50	0.000e+00	0.000e+00	0.000e+00
161777.50	0.000e+00	0.000e+00	0.000e+00
161778.50	0.000e+00	0.000e+00	0.000e+00
161779.50	0.000e+00	0.000e+00	0.000e+00
161780.50	0.000e+00	0.000e+00	0.000e+00
161781.50	0.000e+00	0.000e+00	0.000e+00
161782.50	0.000e+00	0.000e+00	0.000e+00
161783.50	0.000e+00	0.000e+00	0.000e+00
161784.50	0.000e+00	0.000e+00	0.000e+00
161785.50	0.000e+00	0.000e+00	0.000e+00
161786.50	0.000e+00	0.000e+00	0.000e+00
161787.50	0.000e+00	0.000e+00	0.000e+00
161788.50	0.000e+00	0.000e+00	0.000e+00
161789.50	0.000e+00	0.000e+00	0.000e+00
161790.50	0.000e+00	0.000e+00	0.000e+00
161791.50	0.000e+00	0.000e+00	0.000e+00
161792.50	0.000e+00	0.000e+00	0.000e+00
161793.50	0.000e+00	0.000e+00	0.000e+00
161794.50	0.000e+00	0.000e+00	0.000e+00
161795.50	0.000e+00	0.000e+00	0.000e+00
161796.50	0.000e+00	0.000e+00	0.000e+00
161797.50	0.000e+00	0.000e+00	0.000e+00
161798.50	0.000e+00	0.000e+00	0.000e+00
161799.50	0.000e+00	0.000e+00	0.000e+00
161800.50	0.000e+00	0.000e+00	0.000e+00
161801.50	0.000e+00	0.000e+00	0.000e+00
161802.50	0.000e+00	0.000e+00	0.000e+00
161803.50	0.000e+00	0.000e+00	0.000e+00
161804.50	0.000e+00	0.000e+00	0.000e+00
161805.50	0.000e+00	0.000e+00	0.000e+00
161806.50	0.000e+00	0.000e+00	0.000e+00
161807.50	0.000e+00	0.000e+00	0.000e+00
161808.50	0.000e+00	0.000e+00	0.000e+00
161809.50	0.000e+00	0.000e+00	0.000e+00
161810.50	0.000e+00	0.000e+00	0.000e+00
161811.50	0.000e+00	0.000e+00	0.000e+00
161812.50	0.000e+00	0.000e+00	0.000e+00
161813.50	0.000e+00	0.000e+00	0.000e+00
161814.50	0.000e+00	0.000e+00	0.000e+00
161815.50	0.000e+00	0.000e+00	0.000e+00
161816.50	0.000e+00	0.000e+00	0.000e+00
161817.50	0.000e+00	0.000e+00	0.000e+00
161818.50	0.000e+00	0.000e+00	0.000e+00
161819.50	0.000e+00	0.000e+00	0.000e+00
161820.50	0.000e+00	0.000e+00	0.000e+00
161821.50	0.000e+00	0.000e+00	0.000e+00
161822.50	0.000e+00	0.000e+00	0.000e+00
161823.50	0.000e+00	0.000e+00	0.000e+00
161824.50	0.000e+00	0.000e+00	0.000e+00
161825.50	0.000e+00	0.000e+00	0.000e+00
161826.50	5.750e-07	1.930e-04	-7.574e-04
161827.50	8.986e-04	-1.459e-02	1.114e-01
161828.50	8.429e-05	-2.256e-03	1.594e-03
161829.50	-6.221e-04	-3.504e-02	-5.482e-03
161830.50	4.320e-04	1.786e-02	6.096e-03
161831.50	2.602e-04	2.851e-02	-2.304e-02
161832.50	3.494e-04	1.114e-02	1.229e-02
161833.50	-1.632e-04	-1.642e-02	-1.978e-02
161834.50	-1.478e-05	-7.661e-03	8.438e-03
161835.50	2.400e-04	1.478e-02	-1.987e-03
161836.50	-1.344e-03	-1.075e-01	4.867e-02
161837.50	1.210e-03	2.352e-02	1.478e-01
161838.50	-1.862e-02	-1.459e+00	3.850e-01
161839.50	-3.149e-01	-2.218e+01	2.573e+00
161840.50	-5.971e+00	-4.291e+02	7.613e+01
161841.50	-1.517e+01	-1.104e+03	1.162e+02
161842.50	-2.717e+00	-1.978e+02	-4.541e+01
161843.50	2.592e+00	1.891e+02	-3.024e+01
161844.50	2.266e+00	1.613e+02	-1.238e+01
161845.50	1.747e+00	1.238e+02	-1.430e+01
161846.50	1.440e+00	1.046e+02	-1.094e+01
161847.50	1.296e+00	9.466e+01	-1.219e+01
161848.50	1.210e+00	8.822e+01	-9.398e+00
161849.50	9.888e-01	6.816e+01	1.104e+00
161850.50	9.226e-01	6.634e+01	-7.699e+00
161851.50	8.678e-01	6.221e+01	-4.291e+00
161852.50	7.603e-01	5.462e+01	-4.397e+00
161853.50	6.614e-01	4.877e+01	-5.309e+00
161854.50	6.509e-01	4.781e+01	-6.086e+00
161855.50	5.683e-01	4.013e+01	-5.059e-01
161856.50	5.750e-01	4.013e+01	-7.709e-01
161857.50	4.675e-01	3.350e+01	-1.018e+00
161858.50	4.157e-01	3.120e+01	-6.221e+00
161859.50	4.013e-01	2.803e+01	-1.066e-02
161860.50	3.677e-01	2.794e+01	-4.042e+00
161861.50	3.293e-01	2.467e+01	-3.360e+00
161862.50	3.878e-01	2.650e+01	9.696e-01
161863.50	2.966e-01	2.179e+01	-1.853e+00
161864.50	3.446e-01	2.333e+01	1.277e-01
161865.50	2.419e-01	1.824e+01	-2.054e+00
161866.50	2.141e-01	1.632e+01	-2.083e+00
161867.50	2.170e-01	1.546e+01	1.949e-01
161868.50	2.026e-01	1.507e+01	-2.170e+00
161869.50	1.718e-01	1.248e+01	-3.110e-02
161870.50	1.930e-01	1.421e+01	-6.202e-01
161871.50	1.910e-01	1.430e+01	-1.776e+00
161872.50	2.035e-01	1.334e+01	1.968e+00
161873.50	1.411e-01	1.104e+01	-1.229e+00
161874.50	1.776e-01	1.248e+01	-3.734e-01
161875.50	1.085e-01	8.611e+00	-1.344e+00
161876.50	1.546e-01	1.114e+01	-9.053e-01
161877.50	1.382e-01	9.322e+00	7.027e-01
161878.50	9.888e-02	8.333e+00	-1.469e+00
161879.50	8.477e-02	6.000e+00	8.218e-01
161880.50	8.746e-02	6.547e+00	-5.894e-01
161881.50	9.888e-02	7.190e+00	-8.832e-01
161882.50	9.245e-02	6.547e+00	-2.189e-02
161883.50	8.947e-02	6.086e+00	2.189e-01
161884.50	6.970e-02	5.443e+00	-4.963e-01
161885.50	9.101e-02	6.048e+00	2.131e-01
161886.50	6.163e-02	4.925e+00	-4.301e-01
161887.50	7.718e-02	5.069e+00	5.338e-01
161888.50	7.114e-02	4.445e+00	7.037e-01
161889.50	6.902e-02	5.117e+00	-2.784e-01
161890.50	7.229e-02	5.174e+00	6.230e-01
161891.50	5.645e-02	4.502e+00	-8.784e-01
161892.50	4.896e-02	3.571e+00	1.910e-01
161893.50	4.723e-02	3.149e+00	-5.002e-01
161894.50	4.445e-02	3.590e+00	1.114e-01
161895.50	5.482e-02	3.926e+00	-3.696e-02
161896.50	3.754e-02	2.774e+00	-3.696e-01
161897.50	5.117e-02	3.734e+00	1.872e-01
161898.50	3.494e-02	2.736e+00	1.939e-01
161899.50	3.725e-02	2.851e+00	-1.949e-01
161900.50	3.754e-02	2.803e+00	-3.878e-01
161901.50	1.853e-02	1.910e+00	-7.824e-01
161902.50	2.122e-02	2.198e+00	-7.046e-01
161903.50	2.832e-02	2.822e+00	-9.696e-01
161904.50	4.080e-02	2.573e+00	1.843e-01
161905.50	3.283e-02	1.757e+00	6.902e-01
161906.50	3.091e-02	2.160e+00	3.034e-02
161907.50	2.957e-02	2.266e+00	3.082e-02
161908.50	2.237e-02	1.306e+00	1.795e-01
161909.50	1.843e-02	1.142e+00	-2.842e-01
161910.50	2.294e-02	1.690e+00	6.067e-02
161911.50	2.947e-02	1.526e+00	5.117e-01
161912.50	1.584e-02	1.373e+00	-6.048e-01
161913.50	2.630e-02	1.910e+00	-1.459e-01
161914.50	2.227e-03	7.286e-01	-5.789e-01
161915.50	1.478e-02	1.258e+00	2.400e-01
161916.50	1.978e-02	1.190e+00	6.787e-01
161917.50	3.619e-02	1.939e+00	4.781e-01
161918.50	3.101e-03	3.235e-01	-4.454e-03
161919.50	1.584e-02	1.229e+00	-8.006e-01
161920.50	1.066e-02	6.163e-01	5.040e-01
161921.50	7.843e-03	7.862e-01	6.384e-02
161922.50	2.698e-03	5.482e-01	-4.282e-01
161923.50	1.363e-02	9.158e-01	-3.312e-01
161924.50	1.507e-02	1.210e+00	-1.430e-01
161925.50	7.574e-03	1.046e+00	-5.597e-01
161926.50	7.728e-03	1.075e+00	-2.813e-01
161927.50	1.162e-02	7.536e-01	2.285e-01
161928.50	8.093e-03	8.659e-01	-2.640e-01
161929.50	8.669e-03	6.394e-01	2.621e-01
161930.50	3.936e-03	4.483e-01	7.766e-02
161931.50	1.018e-02	5.030e-01	-5.434e-01
161932.50	3.350e-02	1.670e+00	6.854e-01
161933.50	5.165e-04	2.333e-01	-2.746e-01
161934.50	-5.530e-03	1.171e-01	-3.101e-01
161935.50	9.888e-03	7.469e-01	2.362e-01
161936.50	1.142e-02	7.027e-01	1.373e-01
161937.50	9.312e-03	5.203e-01	-3.907e-01
161938.50	5.712e-03	3.850e-01	-6.451e-02
161939.50	1.382e-02	9.283e-01	2.294e-02
161940.50	-3.245e-03	9.696e-02	-1.306e-01
161941.50	1.824e-03	4.349e-01	-2.074e-01
161942.50	6.374e-03	5.222e-01	-2.074e-02
161943.50	4.416e-03	3.091e-01	7.382e-02
161944.50	5.290e-03	2.640e-01	9.984e-02
161945.50	3.168e-03	3.312e-01	-1.709e-01
161946.50	5.347e-04	9.139e-02	9.888e-02
161947.50	3.965e-03	4.339e-01	-2.880e-01
161948.50	7.757e-03	4.762e-01	-1.795e-02
161949.50	-5.165e-03	2.189e-01	-3.466e-02
161950.50	7.901e-03	4.454e-01	1.882e-01
161951.50	8.150e-03	6.336e-01	-1.190e-01
161952.50	1.037e-02	2.707e-01	-3.082e-02
161953.50	-2.621e-03	8.602e-02	-1.046e-01
161954.50	4.013e-03	5.270e-01	-4.762e-01
161955.50	-9.984e-04	-1.891e-01	-1.382e-02
161956.50	1.526e-03	1.987e-01	-2.621e-01
161957.50	2.131e-03	4.982e-01	1.949e-01
161958.50	6.701e-03	3.984e-01	2.237e-01
161959.50	1.286e-02	5.626e-01	4.070e-01
161960.50	-2.074e-03	3.130e-01	-1.843e-01
161961.50	-6.259e-03	-3.754e-01	-7.651e-02
161962.50	-3.638e-03	7.795e-02	-2.419e-01
161963.50	-1.632e-03	-6.806e-02	9.552e-02
161964.50	4.157e-04	-1.037e-01	1.334e-01
161965.50	6.624e-03	6.864e-01	-2.813e-01
161966.50	2.554e-04	-1.258e-01	1.978e-01
161967.50	4.147e-03	3.706e-01	2.506e-01
161968.50	-2.342e-03	-1.718e-02	-1.430e-01
161969.50	2.275e-03	1.699e-01	1.229e-01
161970.50	1.085e-03	2.544e-01	-1.046e-01
161971.50	-1.709e-04	2.477e-01	-2.256e-01
161972.50	7.747e-03	3.245e-01	-1.680e-01
161973.50	3.917e-03	1.670e-01	-9.984e-02
161974.50	6.154e-03	2.890e-01	-2.304e-01
161975.50	8.400e-04	9.696e-02	2.314e-01
161976.50	5.856e-03	1.699e-01	3.946e-01
161977.50	-2.218e-03	-1.430e-01	2.986e-01
161978.50	-4.080e-03	-1.862e-01	-1.594e-01
161979.50	1.152e-03	-3.379e-02	1.699e-02
161980.50	2.726e-03	3.341e-01	-1.622e-01
161981.50	6.720e-03	2.333e-01	1.738e-01
161982.50	4.157e-03	3.658e-01	1.411e-01
161983.50	-2.189e-03	-9.062e-02	6.115e-02
161984.50	9.456e-04	2.150e-01	-1.526e-01
161985.50	6.461e-03	2.227e-01	2.458e-01
161986.50	-3.725e-04	1.133e-01	-3.888e-02
161987.50	-4.570e-04	-1.824e-02	9.888e-02
161988.50	3.312e-03	2.669e-01	4.282e-02
161989.50	2.314e-03	3.053e-01	-1.277e-01
161990.50	-4.166e-03	-9.533e-02	-8.602e-02
161991.50	-5.328e-03	1.853e-01	-4.042e-01
161992.50	7.430e-03	1.584e-01	-2.995e-02
161993.50	-4.406e-03	-2.746e-01	1.824e-01
161994.50	2.822e-04	5.030e-02	5.338e-02
161995.50	-4.454e-03	-9.590e-02	6.547e-02
161996.50	6.902e-03	2.803e-01	-1.171e-02
161997.50	-3.264e-03	6.672e-02	-8.266e-02
161998.50	-5.030e-03	-1.718e-01	-2.218e-01
161999.50	-9.792e-04	-1.325e-01	1.766e-02
162000.50	2.669e-03	-1.862e-02	4.109e-02
162001.50	9.984e-03	3.859e-01	-8.256e-02
162002.50	-3.782e-03	2.544e-01	-1.488e-01
162003.50	-3.475e-03	-5.923e-02	3.139e-02
162004.50	2.218e-03	-2.726e-01	2.054e-01
162005.50	4.646e-03	1.478e-01	7.834e-02
162006.50	7.296e-03	2.822e-01	9.984e-02
162007.50	3.360e-03	1.834e-01	1.459e-02
162008.50	-1.517e-03	1.718e-01	-1.766e-02
162009.50	6.509e-05	5.990e-02	-2.525e-01
162010.50	-1.642e-03	-1.085e-01	-7.382e-02
162011.50	-2.794e-03	1.085e-01	-2.448e-01
162012.50	-1.498e-03	-1.181e-01	2.630e-01
162013.50	1.526e-03	2.035e-01	-6.547e-03
162014.50	-2.352e-03	9.446e-02	-1.949e-01
162015.50	3.005e-03	-4.070e-03	1.670e-01
162016.50	5.424e-03	1.344e-01	-7.037e-02
162017.50	4.675e-03	2.246e-01	2.323e-01
162018.50	-4.090e-03	-5.510e-03	-7.363e-02
162019.50	-1.651e-03	2.035e-01	-7.306e-02
162020.50	6.163e-04	-1.910e-01	5.155e-02
162021.50	4.886e-03	-1.670e-02	1.795e-02
162022.50	3.178e-03	7.258e-02	3.965e-02
162023.50	-1.488e-03	7.949e-02	1.142e-01
162024.50	-2.198e-03	2.093e-02	7.248e-02
162025.50	1.354e-03	1.738e-02	6.845e-02
162026.50	-3.197e-03	4.243e-02	-1.267e-01
162027.50	-2.438e-03	-3.427e-02	-9.466e-02
162028.50	2.189e-03	1.114e-02	1.747e-01
162029.50	-1.747e-03	-1.123e-01	-2.198e-02
162030.50	3.312e-04	-3.581e-02	-5.424e-02
162031.50	5.472e-03	1.142e-01	1.210e-01
162032.50	-1.469e-03	-1.718e-02	-3.082e-02
162033.50	-1.133e-03	1.325e-01	-8.736e-02
162034.50	3.686e-03	1.805e-01	1.430e-01
162035.50	-1.238e-03	-1.843e-01	3.408e-01
162036.50	-2.150e-03	-6.864e-02	-1.210e-01
162037.50	6.864e-04	-1.747e-02	-5.347e-03
162038.50	2.122e-03	1.056e-01	-1.104e-02
162039.50	1.363e-03	-9.389e-03	6.326e-03
162040.50	4.358e-03	2.371e-01	-3.677e-02
162041.50	-2.842e-04	-9.984e-02	1.382e-02
162042.50	1.382e-02	-5.558e-02	-9.264e-02
162043.50	-2.515e-03	7.766e-02	5.549e-02
162044.50	3.466e-03	5.846e-02	6.528e-02
162045.50	-1.795e-03	-1.325e-02	-3.504e-02
162046.50	1.882e-03	2.678e-01	-2.746e-03
162047.50	6.403e-03	2.112e-01	-5.194e-02
162048.50	1.027e-03	-1.325e-01	1.613e-01
162049.50	1.478e-03	8.832e-02	-7.507e-02
162050.50	-2.928e-03	6.288e-02	-3.859e-02
162051.50	-6.000e-03	-1.901e-01	1.421e-01
162052.50	3.293e-03	6.048e-02	-1.382e-01
162053.50	3.398e-03	3.408e-02	-1.747e-02
162054.50	6.749e-03	2.246e-01	-2.304e-02
162055.50	3.955e-03	-1.440e-01	-2.448e-02
162056.50	-2.890e-02	4.243e-01	2.640e-02
162057.50	-5.693e-03	-2.592e-01	4.742e-02
162058.50	3.648e-03	9.178e-02	1.555e-01
162059.50	-3.053e-03	4.800e-02	3.062e-02
162060.50	-2.419e-04	-1.651e-01	-1.296e-01
162061.50	1.392e-03	8.822e-02	-2.410e-01
162062.50	3.283e-03	-6.298e-02	6.749e-02
162063.50	-4.090e-03	-1.171e-01	-2.064e-02
162064.50	-3.619e-04	-1.978e-02	7.507e-03
162065.50	-5.990e-03	-1.229e-01	1.450e-02
162066.50	-1.469e-03	-8.822e-02	9.168e-02
162067.50	-3.226e-03	-1.277e-02	-2.189e-01
162068.50	4.157e-03	5.827e-02	-2.323e-02
162069.50	3.014e-04	-5.750e-03	3.706e-03
162070.50	-1.690e-03	-1.325e-01	1.594e-01
162071.50	4.195e-03	3.936e-02	3.926e-02
162072.50	8.102e-04	6.730e-02	-1.949e-01
162073.50	-8.909e-03	-5.933e-02	4.954e-02
162074.50	3.370e-03	8.131e-02	1.306e-01
162075.50	6.797e-03	2.400e-01	-3.197e-02
162076.50	-1.670e-03	-9.792e-02	-1.872e-02
162077.50	-3.062e-04	3.744e-02	-5.472e-02
162078.50	5.117e-03	1.027e-01	1.354e-01
162079.50	1.795e-03	-6.019e-02	2.774e-02
162080.50	1.939e-03	1.411e-01	-5.366e-02
162081.50	1.238e-03	-1.162e-02	-2.534e-01
162082.50	5.904e-04	2.035e-02	-1.949e-02
162083.50	-8.035e-04	1.382e-01	-9.149e-03
162084.50	-3.552e-03	3.053e-03	2.208e-01
162085.50	9.984e-04	-5.712e-02	-1.488e-02
162086.50	3.398e-04	5.885e-02	4.781e-03
162087.50	1.373e-03	1.075e-03	4.262e-02
162088.50	1.574e-04	7.373e-02	-2.131e-01
162089.50	-2.966e-03	-2.813e-01	-1.344e-01
162090.50	-2.515e-03	9.792e-03	1.411e-01
162091.50	-2.170e-03	7.306e-02	-5.894e-03
162092.50	-3.274e-04	4.032e-02	-3.226e-02
162093.50	-1.267e-03	-6.173e-02	-6.163e-02
162094.50	-9.792e-04	-5.635e-02	-2.880e-02
162095.50	-1.555e-03	-2.966e-02	1.229e-01
162096.50	1.546e-04	-1.699e-02	7.488e-02
162097.50	5.952e-03	1.699e-01	-1.277e-03
162098.50	1.238e-03	9.696e-02	-7.066e-02
162099.50	-3.216e-03	-7.421e-02	-1.142e-01
162100.50	3.206e-03	-6.336e-02	4.358e-02
162101.50	4.810e-03	6.739e-02	-3.658e-02
162102.50	2.813e-03	2.390e-03	-9.792e-03
162103.50	-2.026e-03	2.333e-02	8.131e-02
162104.50	-3.821e-04	-9.437e-02	7.200e-02
162105.50	1.104e-03	-1.104e-01	1.027e-01
162106.50	1.190e-03	3.226e-02	-3.235e-02
162107.50	4.579e-04	1.229e-01	-1.488e-01
162108.50	-2.448e-03	-6.797e-02	-1.507e-02
162109.50	1.085e-04	-3.667e-02	-1.008e-01
162110.50	-3.235e-03	-1.536e-01	2.467e-02
162111.50	2.410e-04	1.162e-01	-5.184e-02
162112.50	5.491e-03	4.032e-02	5.981e-02
162113.50	1.056e-02	9.302e-02	3.888e-02
162114.50	2.880e-03	-1.018e-02	1.046e-02
162115.50	-1.536e-02	-6.163e-02	-1.181e-01
162116.50	1.450e-03	2.822e-02	-1.344e-01
162117.50	2.774e-03	2.390e-02	1.027e-01
162118.50	1.642e-03	-2.074e-02	2.582e-04
162119.50	-2.995e-03	-6.125e-02	-1.027e-02
162120.50	6.307e-03	1.354e-01	-1.104e-02
162121.50	2.189e-03	-3.782e-02	1.056e-01
162122.50	-9.888e-03	-7.114e-03	1.824e-02
162123.50	1.862e-03	1.334e-01	2.774e-02
162124.50	9.984e-03	5.539e-02	6.230e-02
162125.50	-5.078e-03	-1.709e-02	-1.354e-02
162126.50	6.086e-03	1.728e-01	-4.982e-02
162127.50	-3.984e-03	2.304e-02	3.398e-02
162128.50	-5.347e-03	-8.006e-02	-3.677e-02
162129.50	-1.421e-02	-1.142e-01	8.563e-02
162130.50	-1.133e-05	1.094e-01	-3.514e-02
162131.50	-8.976e-03	4.829e-02	5.242e-02
162132.50	-1.037e-03	-1.939e-02	-8.179e-02
162133.50	1.181e-02	4.003e-02	2.822e-02
162134.50	-2.074e-03	2.726e-02	-4.819e-02
162135.50	-1.786e-03	-6.096e-02	-3.331e-02
162136.50	2.419e-04	-3.082e-02	-3.264e-02
162137.50	6.106e-04	-2.525e-02	-5.606e-03
162138.50	-9.418e-03	-1.939e-01	1.114e-01
162139.50	8.870e-03	1.354e-01	-3.072e-02
162140.50	3.293e-03	1.210e-01	2.947e-02
162141.50	-2.976e-03	4.090e-02	-1.219e-02
162142.50	1.805e-03	-5.827e-02	-3.485e-02
162143.50	5.021e-03	8.602e-02	1.670e-02
162144.50	1.258e-02	8.266e-02	-2.726e-02
162145.50	2.074e-03	-3.110e-02	1.344e-01
162146.50	-2.918e-02	-1.766e-01	-1.488e-01
162147.50	4.109e-03	1.843e-01	2.794e-02
162148.50	-2.755e-03	-6.211e-02	-9.475e-03
162149.50	-3.322e-03	-1.402e-01	-4.003e-02
162150.50	4.925e-03	8.573e-02	-6.461e-02
162151.50	7.690e-03	-5.251e-02	6.634e-04
162152.50	-3.610e-03	-5.971e-02	-8.218e-02
162153.50	-3.456e-03	-3.562e-02	-3.936e-02
162154.50	-2.621e-04	-1.843e-02	-7.488e-02
162155.50	-6.250e-03	-9.226e-02	-4.176e-02
162156.50	-1.190e-04	-3.504e-03	5.990e-02
162157.50	2.035e-03	4.925e-02	8.669e-02
162158.50	3.706e-03	5.549e-03	-8.870e-03
162159.50	9.888e-03	6.902e-02	-2.947e-02
162160.50	-5.069e-03	-6.691e-02	1.373e-01
162161.50	-1.680e-05	4.646e-02	8.592e-02
162162.50	-2.381e-03	-6.701e-02	-5.424e-02
162163.50	-1.142e-02	-7.690e-02	-2.362e-02
162164.50	2.746e-03	2.448e-02	5.107e-03
162165.50	6.595e-04	7.882e-02	-2.515e-02
162166.50	-4.176e-04	-4.646e-03	4.406e-02
162167.50	6.115e-03	7.392e-02	2.832e-02
162168.50	-7.622e-04	1.008e-02	-8.035e-02
162169.50	9.696e-04	4.166e-03	-7.843e-02
162170.50	2.861e-03	1.248e-01	-1.430e-02
162171.50	1.546e-03	1.229e-01	7.853e-02
162172.50	-3.024e-04	-6.115e-02	5.242e-03
162173.50	4.656e-03	-2.045e-02	2.256e-02
162174.50	-1.786e-04	-1.027e-01	4.637e-02
162175.50	1.699e-03	1.027e-01	3.984e-02
162176.50	-2.208e-03	2.419e-02	-4.032e-02
162177.50	4.877e-03	3.994e-02	1.622e-02
162178.50	1.603e-04	2.976e-02	-8.918e-02
162179.50	-7.699e-03	-1.920e-01	-2.477e-02
162180.50	-4.387e-04	6.778e-02	3.648e-02
162181.50	7.363e-03	-1.056e-02	-9.888e-02
162182.50	1.114e-02	1.190e-01	1.402e-02
162183.50	-1.190e-03	-7.075e-02	-6.893e-03
162184.50	-3.878e-03	7.315e-02	9.984e-02
162185.50	-2.592e-03	-7.459e-03	4.454e-04
162186.50	5.232e-04	-9.542e-03	-2.640e-02
162187.50	1.805e-03	4.714e-02	-1.709e-02
162188.50	-2.640e-03	-5.261e-02	4.416e-02
162189.50	-1.382e-03	1.277e-02	-1.622e-02
162190.50	1.277e-03	-6.970e-03	-1.104e-01
162191.50	8.170e-04	7.306e-02	-4.886e-02
162192.50	-4.646e-04	-7.056e-03	4.992e-02
162193.50	-1.354e-03	-1.910e-02	4.310e-02
162194.50	-1.037e-03	3.446e-02	-5.712e-02
162195.50	-5.434e-03	-8.707e-02	-6.797e-02
162196.50	-2.534e-03	-3.715e-02	9.466e-02
162197.50	-3.341e-03	-1.315e-02	4.963e-02
162198.50	-4.099e-04	-4.781e-02	2.458e-02
162199.50	-5.952e-04	-1.354e-02	-1.200e-02
162200.50	5.702e-03	1.181e-01	6.787e-02
162201.50	9.254e-05	-8.208e-04	3.254e-02
162202.50	-2.477e-03	-2.141e-02	1.622e-02
162203.50	-1.632e-03	-1.104e-02	4.253e-03
162204.50	9.024e-04	-3.514e-02	1.930e-02
162205.50	-7.565e-05	9.178e-02	-2.957e-02
162206.50	-3.485e-04	1.181e-02	2.256e-02
162207.50	2.371e-03	-7.930e-02	2.074e-02
162208.50	1.008e-03	-4.090e-02	-8.765e-02
162209.50	-2.218e-03	-8.765e-02	-2.938e-02
162210.50	-2.141e-03	-1.123e-01	-3.590e-02
162211.50	-2.160e-03	2.131e-05	-1.277e-02
162212.50	-2.016e-03	1.200e-03	2.938e-02
162213.50	1.258e-02	-1.258e-01	1.171e-01
162214.50	-3.888e-03	-2.448e-02	-5.501e-02
162215.50	1.690e-03	-3.437e-04	4.627e-03
162216.50	-2.899e-03	2.621e-02	-9.158e-02
162217.50	-5.117e-05	4.320e-02	7.555e-02
162218.50	-1.949e-04	-5.270e-02	-9.792e-02
162219.50	4.118e-03	5.856e-02	4.291e-02
162220.50	2.832e-03	1.094e-01	5.616e-02
162221.50	-2.054e-03	-3.907e-02	9.245e-03
162222.50	2.083e-04	3.110e-02	-5.194e-02
162223.50	3.562e-03	9.110e-02	-2.669e-02
162224.50	8.938e-05	-2.736e-03	-4.032e-02
162225.50	-1.258e-03	5.664e-02	3.456e-02
162226.50	-2.006e-03	-9.178e-03	1.469e-02
162227.50	1.978e-03	2.006e-02	4.810e-02
162228.50	4.013e-03	5.760e-02	7.027e-02
162229.50	1.277e-03	5.635e-02	-8.362e-02
162230.50	8.314e-04	2.131e-03	1.613e-02
162231.50	-1.238e-03	-1.315e-01	3.197e-02
162232.50	-2.736e-03	-9.542e-03	-8.794e-02
162233.50	-7.402e-04	2.102e-02	1.565e-02
162234.50	-1.939e-03	-3.158e-02	-5.597e-03
162235.50	-2.506e-04	3.235e-02	-5.990e-02
162236.50	-6.480e-04	1.843e-02	-5.290e-03
162237.50	1.747e-03	-3.850e-02	4.522e-02
162238.50	2.506e-03	4.800e-02	-1.392e-02
162239.50	2.986e-03	3.658e-02	-2.256e-02
162240.50	1.200e-03	3.706e-02	7.968e-02
162241.50	1.238e-04	-2.736e-02	5.126e-02
162242.50	-5.578e-03	-7.872e-02	-6.864e-02
162243.50	1.171e-03	-1.171e-02	-2.208e-02
162244.50	2.112e-04	1.632e-02	3.091e-02
162245.50	-2.554e-04	-1.373e-02	1.949e-02
162246.50	-1.056e-03	-1.632e-02	-1.536e-02
162247.50	3.245e-04	-2.947e-02	-8.851e-02
162248.50	-3.773e-03	1.344e-02	-2.179e-03
162249.50	1.142e-03	-1.949e-02	2.218e-02
162250.50	-1.738e-04	-6.931e-02	1.853e-02
162251.50	-1.834e-03	4.454e-02	-5.981e-02
162252.50	3.226e-03	8.563e-02	7.440e-02
162253.50	-1.546e-03	-7.114e-02	5.942e-02
162254.50	2.266e-03	-1.507e-02	-3.533e-02
162255.50	-2.006e-03	-1.824e-02	-1.200e-02
162256.50	-2.947e-03	-2.122e-02	2.966e-02
162257.50	-1.162e-03	-7.766e-02	-3.648e-03
162258.50	-4.541e-04	-1.594e-02	7.085e-03
162259.50	6.634e-04	-2.323e-02	7.690e-02
162260.50	1.862e-03	8.669e-02	-5.136e-02
162261.50	6.134e-04	-1.738e-02	4.502e-03
162262.50	-2.198e-03	-6.077e-02	-6.950e-02
162263.50	2.746e-04	3.754e-02	-2.870e-03
162264.50	8.832e-04	5.597e-02	3.101e-02
162265.50	-2.880e-03	2.880e-02	4.138e-03
162266.50	-5.530e-05	5.626e-03	-3.869e-02
162267.50	-5.702e-04	3.226e-03	-1.018e-02
162268.50	-6.269e-04	2.045e-02	-2.918e-02
162269.50	-5.750e-04	6.931e-03	5.338e-02
162270.50	4.224e-04	-3.562e-02	-9.053e-03
162271.50	4.627e-03	-1.123e-02	3.427e-02
162272.50	2.899e-03	-1.920e-02	1.632e-03
162273.50	-8.736e-04	8.976e-03	-4.042e-02
162274.50	-4.915e-03	1.526e-03	1.123e-02
162275.50	-4.944e-03	-1.066e-02	7.574e-03
162276.50	1.478e-04	2.275e-02	-1.613e-03
162277.50	-6.595e-04	-4.349e-02	-4.637e-02
162278.50	-1.286e-03	-3.648e-02	-2.774e-02
162279.50	-2.381e-03	-1.699e-02	-4.349e-02
