161681.50	0.000e+00	0.000e+00	0.000e+00
161682.50	0.000e+00	0.000e+00	0.000e+00
161683.50	0.000e+00	0.000e+00	0.000e+00
161684.50	0.000e+00	0.000e+00	0.000e+00
161685.50	0.000e+00	0.000e+00	0.000e+00
161686.50	0.000e+00	0.000e+00	0.000e+00
161687.50	0.000e+00	0.000e+00	0.000e+00
161688.50	0.000e+00	0.000e+00	0.000e+00
161689.50	0.000e+00	0.000e+00	0.000e+00
161690.50	0.000e+00	0.000e+00	0.000e+00
161691.50	0.000e+00	0.000e+00	0.000e+00
161692.50	0.000e+00	0.000e+00	0.000e+00
161693.50	0.000e+00	0.000e+00	0.000e+00
161694.50	0.000e+00	0.000e+00	0.000e+00
161695.50	0.000e+00	0.000e+00	0.000e+00
161696.50	0.000e+00	0.000e+00	0.000e+00
161697.50	0.000e+00	0.000e+00	0.000e+00
161698.50	0.000e+00	0.000e+00	0.000e+00
161699.50	0.000e+00	0.000e+00	0.000e+00
161700.50	0.000e+00	0.000e+00	0.000e+00
161701.50	0.000e+00	0.000e+00	0.000e+00
161702.50	0.000e+00	0.000e+00	0.000e+00
161703.50	0.000e+00	0.000e+00	0.000e+00
161704.50	0.000e+00	0.000e+00	0.000e+00
161705.50	0.000e+00	0.000e+00	0.000e+00
161706.50	0.000e+00	0.000e+00	0.000e+00
161707.50	0.000e+00	0.000e+00	0.000e+00
161708.50	0.000e+00	0.000e+00	0.000e+00
161709.50	0.000e+00	0.000e+00	0.000e+00
161710.50	0.000e+00	0.000e+00	0.000e+00
161711.50	0.000e+00	0.000e+00	0.000e+00
161712.50	0.000e+00	0.000e+00	0.000e+00
161713.50	0.000e+00	0.000e+00	0.000e+00
161714.50	0.000e+00	0.000e+00	0.000e+00
161715.50	0.000e+00	0.000e+00	0.000e+00
161716.50	0.000e+00	0.000e+00	0.000e+00
161717.50	0.000e+00	0.000e+00	0.000e+00
161718.50	0.000e+00	0.000e+00	0.000e+00
161719.50	0.000e+00	0.000e+00	0.000e+00
161720.50	0.000e+00	0.000e+00	0.000e+00
161721.50	0.000e+00	0.000e+00	0.000e+00
161722.50	0.000e+00	0.000e+00	0.000e+00
161723.50	0.000e+00	0.000e+00	0.000e+00
161724.50	0.000e+00	0.000e+00	0.000e+00
161725.50	0.000e+00	0.000e+00	0.000e+00
161726.50	0.000e+00	0.000e+00	0.000e+00
161727.50	0.000e+00	0.000e+00	0.000e+00
161728.50	0.000e+00	0.000e+00	0.000e+00
161729.50	0.000e+00	0.000e+00	0.000e+00
161730.50	0.000e+00	0.000e+00	0.000e+00
161731.50	0.000e+00	0.000e+00	0.000e+00
161732.50	0.000e+00	0.000e+00	0.000e+00
161733.50	0.000e+00	0.000e+00	0.000e+00
161734.50	0.000e+00	0.000e+00	0.000e+00
161735.50	0.000e+00	0.000e+00	0.000e+00
161736.50	0.000e+00	0.000e+00	0.000e+00
161737.50	0.000e+00	0.000e+00	0.000e+00
161738.50	0.000e+00	0.000e+00	0.000e+00
161739.50	0.000e+00	0.000e+00	0.000e+00
161740.50	0.000e+00	0.000e+00	0.000e+00
161741.50	0.000e+00	0.000e+00	0.000e+00
161742.50	0.000e+00	0.000e+00	0.000e+00
161743.50	0.000e+00	0.000e+00	0.000e+00
161744.50	0.000e+00	0.000e+00	0.000e+00
161745.50	0.000e+00	0.000e+00	0.000e+00
161746.50	0.000e+00	0.000e+00	0.000e+00
161747.50	0.000e+00	0.000e+00	0.000e+00
161748.50	0.000e+00	0.000e+00	0.000e+00
161749.50	0.000e+00	0.000e+00	0.000e+00
161750.50	0.000e+00	0.000e+00	0.000e+00
161751.50	0.000e+00	0.000e+00	0.000e+00
161752.50	0.000e+00	0.000e+00	0.000e+00
161753.50	0.000e+00	0.000e+00	0.000e+00
161754.50	0.000e+00	0.000e+00	0.000e+00
161755.50	0.000e+00	0.000e+00	0.000e+00
161756.50	0.000e+00	0.000e+00	0.000e+00
161757.50	0.000e+00	0.000e+00	0.000e+00
161758.50	0.000e+00	0.000e+00	0.000e+00
161759.50	0.000e+00	0.000e+00	0.000e+00
161760.50	0.000e+00	0.000e+00	0.000e+00
161761.50	0.000e+00	0.000e+00	0.000e+00
161762.50	0.000e+00	0.000e+00	0.000e+00
161763.50	0.000e+00	0.000e+00	0.000e+00
161764.50	0.000e+00	0.000e+00	0.000e+00
161765.50	0.000e+00	0.000e+00	0.000e+00
161766.50	0.000e+00	0.000e+00	0.000e+00
161767.50	0.000e+00	0.000e+00	0.000e+00
161768.50	0.000e+00	0.000e+00	0.000e+00
161769.50	0.000e+00	0.000e+00	0.000e+00
161770.50	0.000e+00	0.000e+00	0.000e+00
161771.50	0.000e+00	0.000e+00	0.000e+00
161772.50	0.000e+00	0.000e+00	0.000e+00
161773.50	0.000e+00	0.000e+00	0.000e+00
161774.50	0.000e+00	0.000e+00	0.000e+00
161775.50	0.000e+00	0.000e+00	0.000e+00
161776.50	0.000e+00	0.000e+00	0.000e+00
161777.50	0.000e+00	0.000e+00	0.000e+00
161778.50	0.000e+00	0.000e+00	0.000e+00
161779.50	0.000e+00	0.000e+00	0.000e+00
161780.50	0.000e+00	0.000e+00	0.000e+00
161781.50	0.000e+00	0.000e+00	0.000e+00
161782.50	0.000e+00	0.000e+00	0.000e+00
161783.50	0.000e+00	0.000e+00	0.000e+00
161784.50	0.000e+00	0.000e+00	0.000e+00
161785.50	0.000e+00	0.000e+00	0.000e+00
161786.50	0.000e+00	0.000e+00	0.000e+00
161787.50	0.000e+00	0.000e+00	0.000e+00
161788.50	0.000e+00	0.000e+00	0.000e+00
161789.50	0.000e+00	0.000e+00	0.000e+00
161790.50	0.000e+00	0.000e+00	0.000e+00
161791.50	0.000e+00	0.000e+00	0.000e+00
161792.50	0.000e+00	0.000e+00	0.000e+00
161793.50	0.000e+00	0.000e+00	0.000e+00
161794.50	0.000e+00	0.000e+00	0.000e+00
161795.50	0.000e+00	0.000e+00	0.000e+00
161796.50	0.000e+00	0.000e+00	0.000e+00
161797.50	0.000e+00	0.000e+00	0.000e+00
161798.50	0.000e+00	0.000e+00	0.000e+00
161799.50	0.000e+00	0.000e+00	0.000e+00
161800.50	0.000e+00	0.000e+00	0.000e+00
161801.50	0.000e+00	0.000e+00	0.000e+00
161802.50	0.000e+00	0.000e+00	0.000e+00
161803.50	0.000e+00	0.000e+00	0.000e+00
161804.50	0.000e+00	0.000e+00	0.000e+00
161805.50	0.000e+00	0.000e+00	0.000e+00
161806.50	0.000e+00	0.000e+00	0.000e+00
161807.50	0.000e+00	0.000e+00	0.000e+00
161808.50	0.000e+00	0.000e+00	0.000e+00
161809.50	0.000e+00	0.000e+00	0.000e+00
161810.50	0.000e+00	0.000e+00	0.000e+00
161811.50	0.000e+00	0.000e+00	0.000e+00
161812.50	0.000e+00	0.000e+00	0.000e+00
161813.50	0.000e+00	0.000e+00	0.000e+00
161814.50	0.000e+00	0.000e+00	0.000e+00
161815.50	0.000e+00	0.000e+00	0.000e+00
161816.50	0.000e+00	0.000e+00	0.000e+00
161817.50	0.000e+00	0.000e+00	0.000e+00
161818.50	0.000e+00	0.000e+00	0.000e+00
161819.50	9.274e-06	3.590e-04	4.128e-04
161820.50	1.037e-05	1.229e-03	-5.616e-04
161821.50	-1.200e-05	-4.896e-04	-1.248e-04
161822.50	-1.306e-05	-1.104e-03	3.619e-04
161823.50	2.054e-05	3.226e-04	5.194e-04
161824.50	1.181e-05	4.550e-04	-2.669e-04
161825.50	-3.350e-06	-3.974e-05	-2.198e-05
161826.50	-6.643e-06	-8.381e-05	-6.048e-04
161827.50	-6.182e-06	-1.286e-04	-2.506e-04
161828.50	3.139e-05	6.912e-04	1.718e-03
161829.50	1.603e-05	1.603e-03	4.915e-04
161830.50	-2.506e-05	-1.958e-03	-6.653e-04
161831.50	4.003e-05	7.901e-04	-6.010e-06
161832.50	2.880e-04	-2.573e-02	2.746e-02
161833.50	-2.736e-05	-1.469e-02	-1.594e-02
161834.50	1.248e-04	3.619e-03	-8.342e-03
161835.50	2.688e-03	-3.456e-02	9.062e-02
161836.50	3.235e-04	3.398e-02	2.275e-02
161837.50	-2.861e-04	-3.619e-02	3.034e-02
161838.50	-3.466e-04	-2.842e-01	7.699e-04
161839.50	2.957e-02	-5.837e+00	2.333e+00
161840.50	1.709e-01	-1.373e+02	1.210e+01
161841.50	1.690e+00	-1.037e+03	1.306e+02
161842.50	1.286e+00	-7.670e+02	1.066e+02
161843.50	-5.126e-01	1.680e+02	-5.328e+01
161844.50	-4.022e-01	1.978e+02	-4.099e+01
161845.50	-6.173e-02	1.536e+02	-9.379e+00
161846.50	-2.266e-01	1.200e+02	-2.170e+01
161847.50	-1.728e-01	1.114e+02	-1.440e+01
161848.50	-1.219e-01	9.696e+01	-1.104e+01
161849.50	-1.085e-01	8.064e+01	-9.888e+00
161850.50	-7.930e-02	7.862e+01	-7.392e+00
161851.50	-1.478e-01	6.365e+01	-1.104e+01
161852.50	-7.594e-02	6.115e+01	-6.202e+00
161853.50	-3.350e-02	5.779e+01	-1.661e+00
161854.50	-4.656e-02	5.357e+01	-4.320e+00
161855.50	-6.595e-02	4.214e+01	-4.051e+00
161856.50	-7.402e-02	4.080e+01	-5.165e+00
161857.50	-7.459e-02	3.974e+01	-5.866e+00
161858.50	-8.093e-02	3.917e+01	-6.029e+00
161859.50	-7.814e-02	3.158e+01	-5.702e+00
161860.50	-1.104e-02	3.005e+01	-6.173e-01
161861.50	-6.125e-03	2.650e+01	-2.611e-01
161862.50	-3.331e-02	2.669e+01	-1.594e+00
161863.50	-3.101e-02	2.400e+01	-1.997e+00
161864.50	-2.621e-02	2.218e+01	-1.709e+00
161865.50	-3.936e-02	2.227e+01	-1.738e+00
161866.50	-3.274e-02	1.949e+01	-1.670e+00
161867.50	-3.072e-03	1.555e+01	6.374e-01
161868.50	-4.522e-02	1.728e+01	-3.130e+00
161869.50	-1.354e-02	1.517e+01	-4.445e-01
161870.50	-2.582e-02	1.709e+01	-1.968e+00
161871.50	-2.957e-02	1.526e+01	-1.853e+00
161872.50	-1.094e-02	1.171e+01	-6.893e-02
161873.50	-3.610e-02	1.238e+01	-2.035e+00
161874.50	-3.533e-02	1.104e+01	-2.160e+00
161875.50	-2.256e-02	1.286e+01	-1.123e+00
161876.50	-2.198e-02	9.888e+00	-4.838e-01
161877.50	-7.680e-03	9.437e+00	-7.296e-02
161878.50	-1.315e-02	8.640e+00	-1.104e+00
161879.50	-1.478e-02	9.178e+00	-6.451e-01
161880.50	-8.304e-03	7.459e+00	-1.152e-01
161881.50	-1.901e-02	7.738e+00	-5.702e-01
161882.50	7.200e-03	6.518e+00	5.722e-01
161883.50	-5.510e-03	7.181e+00	1.987e-01
161884.50	-1.123e-02	5.510e+00	-9.696e-01
161885.50	-1.997e-02	6.230e+00	-8.861e-01
161886.50	1.354e-02	5.616e+00	1.296e+00
161887.50	1.066e-02	6.230e+00	1.018e+00
161888.50	1.594e-03	5.453e+00	3.389e-01
161889.50	-9.158e-03	5.328e+00	-5.117e-02
161890.50	-2.035e-03	4.042e+00	-1.690e-01
161891.50	-1.133e-02	4.685e+00	-5.616e-01
161892.50	-7.142e-03	3.629e+00	-4.867e-01
161893.50	3.523e-03	6.010e+00	4.051e-01
161894.50	-1.210e-02	3.869e+00	-5.760e-01
161895.50	-2.362e-02	3.360e+00	-1.248e+00
161896.50	-1.411e-02	4.099e+00	-4.291e-01
161897.50	-1.478e-02	2.381e+00	-8.141e-01
161898.50	-3.130e-04	2.707e+00	-5.251e-03
161899.50	-6.883e-04	2.822e+00	-6.125e-02
161900.50	-1.094e-02	2.611e+00	-6.211e-01
161901.50	6.173e-03	3.110e+00	5.424e-01
161902.50	2.496e-03	2.227e+00	5.078e-01
161903.50	-1.056e-02	2.928e+00	-4.464e-01
161904.50	-3.514e-03	3.091e+00	-1.834e-01
161905.50	-4.704e-03	2.102e+00	1.891e-02
161906.50	-5.270e-03	2.237e+00	-2.314e-01
161907.50	-2.966e-03	2.074e+00	-1.757e-01
161908.50	-4.291e-03	1.392e+00	-4.454e-01
161909.50	-8.438e-03	1.517e+00	-3.149e-01
161910.50	-8.938e-03	2.035e+00	-1.805e-01
161911.50	-4.454e-03	1.699e+00	-2.342e-01
161912.50	-1.066e-02	1.949e+00	-7.843e-01
161913.50	2.237e-03	2.218e+00	4.368e-02
161914.50	1.498e-03	1.373e+00	4.205e-01
161915.50	-6.403e-03	7.651e-01	-4.608e-01
161916.50	-6.566e-04	1.795e+00	2.208e-01
161917.50	9.398e-04	3.072e-01	2.822e-01
161918.50	3.850e-03	1.094e+00	6.989e-02
161919.50	-6.787e-03	1.469e+00	-3.005e-02
161920.50	1.939e-03	1.795e+00	2.458e-01
161921.50	-1.910e-04	1.123e+00	1.574e-01
161922.50	-2.294e-03	1.008e+00	-2.410e-02
161923.50	-9.696e-03	1.094e+00	-4.042e-01
161924.50	-1.757e-02	1.094e+00	-9.984e-01
161925.50	-2.774e-03	5.722e-01	-4.675e-01
161926.50	-3.763e-03	6.816e-01	-2.563e-01
161927.50	2.294e-03	5.376e-01	2.582e-01
161928.50	-5.338e-03	3.917e-01	-4.646e-01
161929.50	4.406e-03	9.888e-01	1.200e-01
161930.50	2.218e-03	3.216e-01	-1.757e-01
161931.50	3.734e-03	3.830e-01	2.957e-02
161932.50	-8.323e-03	5.606e-01	-2.496e-01
161933.50	1.296e-03	9.149e-01	-2.371e-01
161934.50	1.229e-02	5.770e-01	-2.246e-01
161935.50	4.522e-03	3.542e-01	1.987e-01
161936.50	-1.018e-02	7.104e-01	4.589e-01
161937.50	-6.749e-03	1.056e+00	1.814e-02
161938.50	6.816e-03	4.157e-01	2.774e-01
161939.50	6.221e-03	4.675e-01	2.774e-01
161940.50	-1.834e-02	5.184e-01	-3.830e-01
161941.50	-5.069e-03	4.387e-01	-6.710e-02
161942.50	2.227e-03	6.931e-01	-9.888e-02
161943.50	-2.198e-04	6.442e-01	1.459e-01
161944.50	-5.136e-03	7.546e-01	-1.008e-01
161945.50	-9.888e-04	5.030e-01	-4.310e-01
161946.50	-9.888e-04	6.749e-01	-7.642e-03
161947.50	-3.398e-03	4.234e-01	3.706e-01
161948.50	-8.342e-03	7.814e-01	-2.582e-01
161949.50	-1.334e-02	-2.323e-01	-7.440e-01
161950.50	9.302e-04	2.890e-01	-8.237e-02
161951.50	-1.210e-03	2.957e-01	1.603e-01
161952.50	2.083e-03	-5.261e-01	-2.803e-03
161953.50	1.949e-03	4.042e-01	3.216e-01
161954.50	-1.008e-02	-3.926e-02	-2.947e-02
161955.50	7.200e-05	7.853e-01	-4.445e-02
161956.50	-1.459e-03	2.851e-01	-5.078e-01
161957.50	6.058e-04	3.360e-01	-5.098e-02
161958.50	-6.346e-03	1.133e-01	-4.368e-01
161959.50	4.282e-03	4.531e-01	3.178e-01
161960.50	1.747e-03	3.312e-01	6.854e-02
161961.50	-2.381e-03	-5.232e-02	5.616e-02
161962.50	5.232e-03	4.589e-01	-4.637e-01
161963.50	1.171e-03	-2.707e-02	2.477e-01
161964.50	-1.392e-02	7.402e-02	2.477e-01
161965.50	3.408e-03	2.198e-01	1.277e-02
161966.50	-2.467e-03	2.390e-01	-1.133e-01
161967.50	-2.429e-04	2.630e-01	2.880e-02
161968.50	8.640e-04	1.306e-01	1.142e-01
161969.50	3.840e-03	1.200e-01	-2.947e-02
161970.50	-4.560e-03	-9.024e-03	-1.075e-01
161971.50	-1.690e-03	6.202e-01	-4.128e-01
161972.50	8.237e-03	3.504e-01	4.915e-01
161973.50	5.443e-04	2.784e-01	1.709e-01
161974.50	-5.683e-03	-2.381e-01	-1.738e-01
161975.50	-5.626e-03	-2.554e-01	-2.899e-01
161976.50	4.253e-04	1.114e-01	-1.824e-01
161977.50	3.379e-03	4.963e-01	1.114e-01
161978.50	-2.698e-03	2.602e-01	2.650e-02
161979.50	1.075e-02	1.229e-01	4.349e-01
161980.50	-1.584e-02	1.498e-01	-2.947e-01
161981.50	1.939e-03	-1.152e-01	2.342e-01
161982.50	-2.141e-03	3.216e-01	-2.880e-02
161983.50	-4.886e-03	3.926e-02	-1.891e-01
161984.50	-1.747e-03	1.037e-01	1.728e-01
161985.50	-2.333e-03	2.496e-01	-2.794e-01
161986.50	2.746e-04	-1.728e-02	-2.659e-01
161987.50	7.373e-03	2.208e-01	2.659e-01
161988.50	4.022e-03	9.389e-02	2.582e-01
161989.50	7.997e-03	4.368e-01	3.734e-01
161990.50	1.680e-03	-1.958e-01	-1.219e-01
161991.50	5.146e-04	-8.842e-02	1.594e-01
161992.50	-7.037e-03	7.306e-03	-6.768e-03
161993.50	-4.550e-03	1.958e-01	-3.715e-01
161994.50	-2.899e-03	1.632e-02	-1.517e-01
161995.50	-2.419e-05	2.275e-01	-4.272e-02
161996.50	-1.594e-03	1.046e-01	6.778e-02
161997.50	-3.235e-03	1.920e-02	-6.317e-02
161998.50	3.926e-03	2.035e-01	1.075e-01
161999.50	5.088e-03	2.707e-02	2.160e-01
162000.50	-1.104e-03	2.256e-01	1.642e-02
162001.50	-6.643e-03	-6.691e-03	-2.851e-01
162002.50	-1.037e-02	4.080e-01	-3.350e-01
162003.50	-7.584e-03	3.619e-01	4.214e-02
162004.50	3.667e-03	2.035e-02	2.122e-02
162005.50	-3.005e-03	-1.181e-01	-1.517e-01
162006.50	2.582e-04	-1.824e-01	5.731e-02
162007.50	-1.046e-03	2.582e-01	-3.878e-02
162008.50	5.126e-03	3.408e-01	1.526e-01
162009.50	-1.882e-03	-1.958e-01	-4.320e-02
162010.50	1.469e-03	-1.709e-01	-1.747e-01
162011.50	9.043e-03	-1.210e-01	-1.363e-01
162012.50	-6.749e-03	-1.315e-01	8.198e-02
162013.50	-4.685e-04	3.110e-01	-3.994e-02
162014.50	-2.227e-03	-8.726e-02	6.538e-02
162015.50	3.034e-03	1.162e-01	1.277e-01
162016.50	3.168e-03	2.717e-01	2.755e-01
162017.50	-2.928e-04	1.824e-01	-7.210e-02
162018.50	-7.171e-03	3.312e-02	-1.766e-01
162019.50	-3.562e-03	8.822e-02	-6.365e-02
162020.50	8.726e-04	6.192e-03	-9.600e-02
162021.50	2.678e-03	1.766e-01	1.853e-01
162022.50	5.098e-03	2.429e-01	1.872e-01
162023.50	-5.462e-03	-2.285e-01	-1.325e-02
162024.50	-4.954e-03	-3.168e-02	3.187e-02
162025.50	-1.738e-03	5.933e-02	2.237e-02
162026.50	3.936e-03	-3.187e-02	5.117e-02
162027.50	-3.139e-03	7.162e-02	5.770e-03
162028.50	-2.774e-03	7.152e-02	-1.930e-01
162029.50	-9.235e-03	-1.123e-01	-1.440e-02
162030.50	8.198e-03	1.574e-01	3.773e-01
162031.50	1.171e-03	1.949e-01	-1.459e-01
162032.50	1.661e-03	8.650e-02	-1.277e-01
162033.50	-1.546e-03	6.010e-02	7.536e-02
162034.50	-5.318e-03	3.696e-02	-9.792e-02
162035.50	1.709e-03	1.152e-02	-4.435e-02
162036.50	1.766e-03	-3.763e-02	1.210e-01
162037.50	7.939e-03	1.642e-01	1.805e-01
162038.50	2.179e-03	3.024e-02	-1.910e-01
162039.50	5.242e-03	-1.469e-01	1.661e-01
162040.50	2.544e-03	9.888e-03	1.152e-01
162041.50	-3.379e-04	2.064e-01	-2.266e-02
162042.50	4.829e-03	1.181e-01	-1.152e-01
162043.50	-1.421e-02	-1.373e-01	-2.611e-01
162044.50	-3.600e-04	4.416e-02	4.541e-02
162045.50	-4.157e-03	3.994e-02	-1.642e-01
162046.50	7.786e-03	4.954e-02	2.698e-01
162047.50	1.594e-03	4.291e-02	2.237e-01
162048.50	-2.899e-03	1.085e-01	-2.794e-01
162049.50	-6.960e-04	1.603e-01	3.322e-03
162050.50	1.882e-03	-5.338e-02	1.210e-01
162051.50	1.978e-03	1.901e-02	1.210e-01
162052.50	6.883e-04	4.886e-02	-1.296e-02
162053.50	-2.582e-03	-1.824e-01	-9.533e-02
162054.50	5.338e-03	-1.238e-01	7.843e-03
162055.50	2.794e-03	-2.746e-02	9.072e-02
162056.50	-3.878e-03	-4.320e-02	-1.133e-01
162057.50	3.562e-03	8.726e-03	9.370e-02
162058.50	-3.629e-04	2.381e-01	1.248e-02
162059.50	6.778e-02	9.888e-02	-3.696e-02
162060.50	5.232e-03	-2.688e-03	1.085e-02
162061.50	-2.131e-03	1.421e-01	-8.870e-02
162062.50	1.430e-03	-9.091e-02	9.418e-02
162063.50	-5.933e-03	2.218e-02	-1.094e-01
162064.50	-3.034e-04	1.680e-01	5.443e-02
162065.50	3.389e-02	-9.091e-02	-1.488e-01
162066.50	1.786e-02	-3.830e-02	2.112e-01
162067.50	-2.842e-04	-8.640e-02	-1.152e-01
162068.50	1.459e-03	-7.757e-02	-8.410e-02
162069.50	3.677e-03	-2.381e-01	1.094e-01
162070.50	-1.997e-01	7.632e-02	-2.957e-01
162071.50	1.277e-03	-9.446e-03	1.882e-01
162072.50	4.666e-03	-4.013e-02	8.947e-02
162073.50	-7.421e-04	-7.450e-03	-5.510e-02
162074.50	1.728e-03	1.200e-01	-1.872e-01
162075.50	-4.627e-03	5.962e-03	-2.746e-02
162076.50	-1.171e-04	-5.568e-02	-1.171e-01
162077.50	6.797e-03	1.046e-01	3.821e-02
162078.50	2.246e-03	-8.438e-02	5.846e-02
162079.50	-6.096e-04	-5.347e-02	-3.158e-02
162080.50	4.426e-02	2.266e-02	1.584e-01
162081.50	9.888e-03	2.630e-02	-6.614e-02
162082.50	-2.122e-03	-9.792e-02	-2.150e-02
162083.50	-2.314e-03	-2.669e-02	-8.275e-02
162084.50	-2.256e-03	-9.888e-02	-6.346e-02
162085.50	1.805e-03	1.776e-01	1.219e-01
162086.50	-1.334e-03	1.795e-02	1.075e-01
162087.50	-3.907e-03	1.267e-01	-8.400e-04
162088.50	2.333e-03	-1.536e-02	5.501e-02
162089.50	-3.235e-03	-2.045e-01	-9.888e-02
162090.50	2.093e-03	9.158e-02	1.392e-01
162091.50	-1.766e-03	-4.723e-02	-6.432e-02
162092.50	3.744e-03	-3.763e-02	9.792e-02
162093.50	-4.550e-03	3.341e-03	-1.632e-01
162094.50	2.726e-04	-5.942e-02	5.664e-02
162095.50	-2.285e-03	7.536e-02	-8.294e-02
162096.50	7.968e-03	-4.608e-02	-1.056e-01
162097.50	-5.290e-03	4.531e-02	-1.373e-01
162098.50	-1.085e-03	4.973e-02	2.640e-02
162099.50	2.515e-03	-1.699e-04	1.565e-02
162100.50	5.347e-03	8.803e-02	8.458e-02
162101.50	-8.995e-04	-1.690e-02	4.358e-02
162102.50	6.106e-03	-2.563e-02	1.805e-01
162103.50	2.131e-03	1.430e-01	-8.304e-03
162104.50	-3.677e-03	1.344e-01	-1.507e-01
162105.50	-1.709e-03	1.766e-02	5.712e-03
162106.50	2.112e-03	-1.930e-02	1.373e-01
162107.50	7.056e-04	1.766e-01	4.262e-02
162108.50	-2.342e-03	4.810e-02	-1.248e-01
162109.50	-2.122e-03	-9.600e-02	-8.458e-02
162110.50	-5.674e-04	6.941e-02	-9.053e-02
162111.50	9.552e-04	4.416e-02	-1.507e-02
162112.50	-1.757e-03	-8.803e-02	-6.826e-02
162113.50	4.454e-03	-3.638e-02	5.021e-02
162114.50	2.870e-03	3.821e-03	5.530e-02
162115.50	-2.150e-03	-2.477e-02	1.027e-01
162116.50	3.274e-03	2.765e-02	-1.267e-01
162117.50	-2.928e-03	1.037e-01	2.352e-03
162118.50	-5.136e-03	2.688e-02	3.965e-02
162119.50	-2.957e-03	-2.342e-02	-5.558e-02
162120.50	4.195e-04	-5.299e-02	-1.517e-02
162121.50	-3.322e-03	8.160e-02	1.200e-03
162122.50	9.456e-04	7.834e-02	5.693e-02
162123.50	-6.682e-04	5.501e-02	-2.630e-02
162124.50	-3.667e-03	-9.984e-02	-6.576e-02
162125.50	2.122e-02	-7.334e-03	9.514e-02
162126.50	-3.782e-02	-1.488e-01	-9.600e-02
162127.50	4.435e-03	-1.766e-02	-2.198e-02
162128.50	-4.118e-03	-9.139e-03	-1.104e-02
162129.50	1.651e-03	1.786e-01	2.170e-02
162130.50	-5.165e-04	2.755e-02	2.102e-02
162131.50	3.187e-04	-2.515e-02	3.456e-02
162132.50	-1.085e-03	-6.374e-02	-8.554e-02
162133.50	6.998e-03	7.181e-02	3.946e-02
162134.50	1.603e-03	1.834e-02	-5.453e-02
162135.50	-6.634e-04	7.354e-02	5.328e-02
162136.50	-2.054e-03	-6.317e-03	-1.152e-01
162137.50	3.725e-04	2.381e-02	3.226e-02
162138.50	1.210e-04	-1.392e-02	5.549e-02
162139.50	-1.862e-03	4.166e-02	-1.690e-02
162140.50	-1.680e-03	-2.611e-02	-6.902e-03
162141.50	-2.458e-03	4.042e-02	-9.696e-03
162142.50	1.526e-03	-9.014e-02	2.688e-02
162143.50	-4.262e-04	-6.240e-02	-1.526e-02
162144.50	-8.419e-03	1.613e-01	-6.202e-02
162145.50	5.635e-03	1.498e-03	-9.178e-03
162146.50	4.387e-03	1.219e-02	3.859e-02
162147.50	-2.160e-04	1.565e-01	-2.899e-02
162148.50	2.592e-03	-3.043e-02	1.075e-01
162149.50	9.024e-04	-1.258e-02	-7.248e-02
162150.50	-4.762e-04	-3.533e-02	1.306e-01
162151.50	8.784e-03	-1.843e-02	-1.229e-02
162152.50	-1.306e-03	3.350e-02	-9.696e-02
162153.50	-2.093e-03	4.003e-02	-5.251e-02
162154.50	1.248e-03	-6.595e-02	3.254e-02
162155.50	8.016e-03	-1.229e-01	6.922e-02
162156.50	5.232e-03	7.709e-02	-6.010e-03
162157.50	-2.093e-03	5.021e-02	-3.197e-02
162158.50	-3.523e-03	-6.518e-02	2.285e-02
162159.50	7.190e-04	9.062e-02	6.173e-02
162160.50	7.690e-04	-3.149e-02	3.754e-02
162161.50	-2.582e-03	-5.587e-02	-1.478e-01
162162.50	-5.146e-03	1.958e-03	-7.805e-02
162163.50	4.819e-03	1.594e-01	1.507e-02
162164.50	-1.411e-04	1.536e-02	2.813e-03
162165.50	-1.171e-03	-1.181e-01	-5.261e-02
162166.50	-2.371e-03	-9.475e-02	-1.968e-02
162167.50	1.478e-03	-9.696e-03	-3.859e-03
162168.50	1.267e-03	4.128e-02	3.859e-02
162169.50	-1.987e-03	-4.771e-02	-7.910e-02
162170.50	3.322e-03	8.698e-02	1.814e-02
162171.50	-4.042e-05	-1.459e-02	5.414e-02
162172.50	5.597e-03	1.018e-01	-1.709e-02
162173.50	-8.016e-03	-4.358e-02	1.757e-02
162174.50	-3.235e-03	-1.133e-01	9.792e-02
162175.50	1.238e-02	1.200e-02	-4.810e-02
162176.50	4.272e-03	5.770e-02	8.842e-03
162177.50	-1.488e-02	-1.200e-02	1.018e-03
162178.50	-2.880e-03	-4.272e-02	-6.374e-02
162179.50	7.728e-03	7.872e-02	1.642e-02
162180.50	2.323e-03	5.741e-02	3.178e-02
162181.50	6.125e-03	-8.294e-03	5.962e-02
162182.50	-4.003e-03	4.963e-02	-5.741e-02
162183.50	4.963e-03	-7.622e-02	-3.043e-02
162184.50	4.474e-03	-3.533e-02	3.840e-02
162185.50	-1.171e-02	-2.880e-02	3.811e-02
162186.50	-1.123e-03	-1.459e-02	9.533e-03
162187.50	-4.646e-03	-1.142e-01	-3.178e-02
162188.50	2.371e-03	-8.755e-02	7.670e-02
162189.50	-1.930e-04	9.696e-02	6.019e-02
162190.50	-3.696e-03	7.315e-02	-1.152e-01
162191.50	2.131e-03	-1.027e-01	5.827e-03
162192.50	4.819e-04	-7.046e-02	3.206e-02
162193.50	-5.050e-03	7.488e-02	-8.995e-02
162194.50	-1.536e-03	6.816e-02	-7.642e-02
162195.50	7.920e-04	5.136e-02	2.285e-02
162196.50	1.075e-03	6.250e-02	6.614e-02
162197.50	-1.066e-03	8.630e-02	3.149e-02
162198.50	-1.075e-04	7.152e-02	1.795e-02
162199.50	-6.605e-04	-9.053e-02	7.440e-03
162200.50	7.978e-04	-2.678e-02	-4.627e-02
162201.50	-2.179e-03	2.006e-02	3.552e-02
162202.50	3.552e-03	5.107e-02	1.123e-01
162203.50	-2.266e-03	2.928e-02	-1.238e-02
162204.50	9.475e-04	-1.018e-02	3.101e-02
162205.50	9.888e-04	-9.888e-02	-9.792e-02
162206.50	2.515e-03	1.910e-03	3.446e-02
162207.50	3.398e-02	1.834e-01	1.373e-01
162208.50	-1.853e-03	9.581e-03	-2.515e-02
162209.50	1.603e-03	1.488e-02	9.792e-03
162210.50	1.094e-02	4.397e-02	-1.354e-02
162211.50	2.054e-03	1.709e-02	-1.824e-02
162212.50	-5.376e-04	-4.291e-02	-3.600e-02
162213.50	1.786e-02	1.392e-01	-1.075e-01
162214.50	-5.165e-02	-2.275e-01	-9.389e-02
162215.50	-2.410e-02	-3.283e-02	-7.632e-02
162216.50	-1.699e-04	-1.056e-03	-8.170e-03
162217.50	2.054e-03	-1.123e-02	3.677e-02
162218.50	1.085e-03	2.198e-02	1.469e-02
162219.50	3.792e-03	5.030e-02	3.542e-02
162220.50	-2.141e-04	-3.667e-02	5.914e-03
162221.50	-4.550e-04	-7.709e-02	-1.066e-02
162222.50	-2.112e-03	1.162e-02	-5.386e-02
162223.50	-6.125e-04	-3.974e-02	-7.565e-03
162224.50	7.133e-04	-2.938e-02	6.614e-02
162225.50	1.402e-04	-1.018e-02	-4.272e-04
162226.50	3.341e-04	-6.576e-02	3.494e-02
162227.50	-2.083e-03	-3.235e-02	-2.458e-02
162228.50	-1.853e-03	-4.474e-02	-1.766e-02
162229.50	1.210e-03	-2.755e-02	-8.563e-03
162230.50	-5.107e-03	3.024e-02	-8.227e-02
162231.50	-2.294e-03	-7.738e-02	-1.219e-02
162232.50	1.834e-03	7.085e-02	3.994e-02
162233.50	3.926e-03	1.814e-02	4.886e-02
162234.50	1.450e-03	-2.170e-02	-8.918e-02
162235.50	-2.054e-03	-1.565e-02	-2.496e-02
162236.50	4.003e-03	2.678e-02	1.152e-01
162237.50	1.200e-03	7.037e-02	6.480e-02
162238.50	3.245e-04	-4.166e-03	4.954e-02
162239.50	-5.549e-03	-4.013e-02	-3.024e-02
162240.50	-1.008e-03	1.670e-02	1.862e-02
162241.50	2.477e-03	8.064e-02	4.973e-02
162242.50	1.584e-04	7.210e-02	-2.362e-02
162243.50	-9.571e-04	6.826e-02	8.112e-03
162244.50	9.437e-04	-5.827e-02	6.182e-02
162245.50	-3.850e-04	-5.443e-02	-1.776e-02
162246.50	-5.482e-04	-1.363e-02	-2.285e-02
162247.50	-2.112e-04	3.782e-02	1.613e-02
162248.50	3.552e-03	-1.238e-02	7.162e-02
162249.50	-3.494e-05	-9.792e-02	-1.258e-02
162250.50	1.027e-03	-2.592e-02	3.514e-02
162251.50	-1.210e-03	-8.534e-03	-6.518e-02
162252.50	1.421e-03	-6.643e-02	-4.618e-02
162253.50	1.680e-03	8.429e-02	2.746e-02
162254.50	-3.091e-03	-3.821e-02	-1.334e-03
162255.50	1.229e-03	-2.947e-02	-3.782e-02
162256.50	7.373e-05	-2.909e-02	3.773e-02
162257.50	-2.054e-03	-3.034e-02	-7.997e-02
162258.50	-5.194e-04	4.771e-02	-6.134e-02
162259.50	5.645e-03	-5.222e-02	-9.120e-03
162260.50	2.851e-04	7.536e-02	3.494e-02
162261.50	-9.466e-03	1.200e-01	2.477e-03
162262.50	3.571e-04	-8.554e-02	6.298e-02
162263.50	-1.709e-03	6.720e-02	-2.918e-02
162264.50	2.899e-03	1.181e-01	2.285e-02
162265.50	8.208e-03	5.875e-02	-8.525e-03
162266.50	-1.286e-03	-1.709e-02	4.253e-02
162267.50	-1.517e-03	6.278e-02	2.650e-02
162268.50	2.525e-03	-2.342e-02	-6.365e-04
162269.50	1.114e-03	6.864e-03	-4.195e-02
162270.50	-2.112e-03	-6.797e-02	-3.360e-03
162271.50	-1.594e-03	-9.350e-02	-1.325e-02
162272.50	4.790e-03	-1.910e-02	1.699e-02
162273.50	3.398e-03	-4.608e-04	-3.139e-03
162274.50	-2.006e-04	-2.746e-02	-2.458e-02
162275.50	-1.517e-03	7.661e-03	-6.595e-02
162276.50	1.152e-03	1.978e-02	2.342e-02
162277.50	8.189e-04	4.214e-03	3.005e-02
162278.50	-4.925e-04	1.795e-03	2.054e-02
162279.50	-3.158e-04	-2.707e-02	2.400e-02
