161681.50	0.000e+00	0.000e+00	0.000e+00
161682.50	0.000e+00	0.000e+00	0.000e+00
161683.50	0.000e+00	0.000e+00	0.000e+00
161684.50	0.000e+00	0.000e+00	0.000e+00
161685.50	0.000e+00	0.000e+00	0.000e+00
161686.50	0.000e+00	0.000e+00	0.000e+00
161687.50	0.000e+00	0.000e+00	0.000e+00
161688.50	0.000e+00	0.000e+00	0.000e+00
161689.50	0.000e+00	0.000e+00	0.000e+00
161690.50	0.000e+00	0.000e+00	0.000e+00
161691.50	0.000e+00	0.000e+00	0.000e+00
161692.50	0.000e+00	0.000e+00	0.000e+00
161693.50	0.000e+00	0.000e+00	0.000e+00
161694.50	0.000e+00	0.000e+00	0.000e+00
161695.50	0.000e+00	0.000e+00	0.000e+00
161696.50	0.000e+00	0.000e+00	0.000e+00
161697.50	0.000e+00	0.000e+00	0.000e+00
161698.50	0.000e+00	0.000e+00	0.000e+00
161699.50	0.000e+00	0.000e+00	0.000e+00
161700.50	0.000e+00	0.000e+00	0.000e+00
161701.50	0.000e+00	0.000e+00	0.000e+00
161702.50	0.000e+00	0.000e+00	0.000e+00
161703.50	0.000e+00	0.000e+00	0.000e+00
161704.50	0.000e+00	0.000e+00	0.000e+00
161705.50	0.000e+00	0.000e+00	0.000e+00
161706.50	0.000e+00	0.000e+00	0.000e+00
161707.50	0.000e+00	0.000e+00	0.000e+00
161708.50	0.000e+00	0.000e+00	0.000e+00
161709.50	0.000e+00	0.000e+00	0.000e+00
161710.50	0.000e+00	0.000e+00	0.000e+00
161711.50	0.000e+00	0.000e+00	0.000e+00
161712.50	0.000e+00	0.000e+00	0.000e+00
161713.50	0.000e+00	0.000e+00	0.000e+00
161714.50	0.000e+00	0.000e+00	0.000e+00
161715.50	0.000e+00	0.000e+00	0.000e+00
161716.50	0.000e+00	0.000e+00	0.000e+00
161717.50	0.000e+00	0.000e+00	0.000e+00
161718.50	0.000e+00	0.000e+00	0.000e+00
161719.50	0.000e+00	0.000e+00	0.000e+00
161720.50	0.000e+00	0.000e+00	0.000e+00
161721.50	0.000e+00	0.000e+00	0.000e+00
161722.50	0.000e+00	0.000e+00	0.000e+00
161723.50	0.000e+00	0.000e+00	0.000e+00
161724.50	0.000e+00	0.000e+00	0.000e+00
161725.50	0.000e+00	0.000e+00	0.000e+00
161726.50	0.000e+00	0.000e+00	0.000e+00
161727.50	0.000e+00	0.000e+00	0.000e+00
161728.50	0.000e+00	0.000e+00	0.000e+00
161729.50	0.000e+00	0.000e+00	0.000e+00
161730.50	0.000e+00	0.000e+00	0.000e+00
161731.50	0.000e+00	0.000e+00	0.000e+00
161732.50	0.000e+00	0.000e+00	0.000e+00
161733.50	0.000e+00	0.000e+00	0.000e+00
161734.50	0.000e+00	0.000e+00	0.000e+00
161735.50	0.000e+00	0.000e+00	0.000e+00
161736.50	0.000e+00	0.000e+00	0.000e+00
161737.50	0.000e+00	0.000e+00	0.000e+00
161738.50	0.000e+00	0.000e+00	0.000e+00
161739.50	0.000e+00	0.000e+00	0.000e+00
161740.50	0.000e+00	0.000e+00	0.000e+00
161741.50	0.000e+00	0.000e+00	0.000e+00
161742.50	0.000e+00	0.000e+00	0.000e+00
161743.50	0.000e+00	0.000e+00	0.000e+00
161744.50	0.000e+00	0.000e+00	0.000e+00
161745.50	0.000e+00	0.000e+00	0.000e+00
161746.50	0.000e+00	0.000e+00	0.000e+00
161747.50	0.000e+00	0.000e+00	0.000e+00
161748.50	0.000e+00	0.000e+00	0.000e+00
161749.50	0.000e+00	0.000e+00	0.000e+00
161750.50	0.000e+00	0.000e+00	0.000e+00
161751.50	0.000e+00	0.000e+00	0.000e+00
161752.50	0.000e+00	0.000e+00	0.000e+00
161753.50	0.000e+00	0.000e+00	0.000e+00
161754.50	0.000e+00	0.000e+00	0.000e+00
161755.50	0.000e+00	0.000e+00	0.000e+00
161756.50	0.000e+00	0.000e+00	0.000e+00
161757.50	0.000e+00	0.000e+00	0.000e+00
161758.50	0.000e+00	0.000e+00	0.000e+00
161759.50	0.000e+00	0.000e+00	0.000e+00
161760.50	0.000e+00	0.000e+00	0.000e+00
161761.50	0.000e+00	0.000e+00	0.000e+00
161762.50	0.000e+00	0.000e+00	0.000e+00
161763.50	0.000e+00	0.000e+00	0.000e+00
161764.50	0.000e+00	0.000e+00	0.000e+00
161765.50	0.000e+00	0.000e+00	0.000e+00
161766.50	0.000e+00	0.000e+00	0.000e+00
161767.50	0.000e+00	0.000e+00	0.000e+00
161768.50	0.000e+00	0.000e+00	0.000e+00
161769.50	0.000e+00	0.000e+00	0.000e+00
161770.50	0.000e+00	0.000e+00	0.000e+00
161771.50	0.000e+00	0.000e+00	0.000e+00
161772.50	0.000e+00	0.000e+00	0.000e+00
161773.50	0.000e+00	0.000e+00	0.000e+00
161774.50	0.000e+00	0.000e+00	0.000e+00
161775.50	0.000e+00	0.000e+00	0.000e+00
161776.50	0.000e+00	0.000e+00	0.000e+00
161777.50	0.000e+00	0.000e+00	0.000e+00
161778.50	0.000e+00	0.000e+00	0.000e+00
161779.50	0.000e+00	0.000e+00	0.000e+00
161780.50	0.000e+00	0.000e+00	0.000e+00
161781.50	0.000e+00	0.000e+00	0.000e+00
161782.50	0.000e+00	0.000e+00	0.000e+00
161783.50	0.000e+00	0.000e+00	0.000e+00
161784.50	0.000e+00	0.000e+00	0.000e+00
161785.50	0.000e+00	0.000e+00	0.000e+00
161786.50	0.000e+00	0.000e+00	0.000e+00
161787.50	0.000e+00	0.000e+00	0.000e+00
161788.50	0.000e+00	0.000e+00	0.000e+00
161789.50	0.000e+00	0.000e+00	0.000e+00
161790.50	0.000e+00	0.000e+00	0.000e+00
161791.50	0.000e+00	0.000e+00	0.000e+00
161792.50	0.000e+00	0.000e+00	0.000e+00
161793.50	0.000e+00	0.000e+00	0.000e+00
161794.50	0.000e+00	0.000e+00	0.000e+00
161795.50	0.000e+00	0.000e+00	0.000e+00
161796.50	0.000e+00	0.000e+00	0.000e+00
161797.50	0.000e+00	0.000e+00	0.000e+00
161798.50	0.000e+00	0.000e+00	0.000e+00
161799.50	0.000e+00	0.000e+00	0.000e+00
161800.50	0.000e+00	0.000e+00	0.000e+00
161801.50	0.000e+00	0.000e+00	0.000e+00
161802.50	0.000e+00	0.000e+00	0.000e+00
161803.50	0.000e+00	0.000e+00	0.000e+00
161804.50	0.000e+00	0.000e+00	0.000e+00
161805.50	0.000e+00	0.000e+00	0.000e+00
161806.50	0.000e+00	0.000e+00	0.000e+00
161807.50	0.000e+00	0.000e+00	0.000e+00
161808.50	0.000e+00	0.000e+00	0.000e+00
161809.50	0.000e+00	0.000e+00	0.000e+00
161810.50	0.000e+00	0.000e+00	0.000e+00
161811.50	0.000e+00	0.000e+00	0.000e+00
161812.50	0.000e+00	0.000e+00	0.000e+00
161813.50	0.000e+00	0.000e+00	0.000e+00
161814.50	0.000e+00	0.000e+00	0.000e+00
161815.50	0.000e+00	0.000e+00	0.000e+00
161816.50	0.000e+00	0.000e+00	0.000e+00
161817.50	0.000e+00	0.000e+00	0.000e+00
161818.50	0.000e+00	0.000e+00	0.000e+00
161819.50	0.000e+00	0.000e+00	0.000e+00
161820.50	0.000e+00	0.000e+00	0.000e+00
161821.50	0.000e+00	0.000e+00	0.000e+00
161822.50	0.000e+00	0.000e+00	0.000e+00
161823.50	0.000e+00	0.000e+00	0.000e+00
161824.50	0.000e+00	0.000e+00	0.000e+00
161825.50	0.000e+00	0.000e+00	0.000e+00
161826.50	0.000e+00	0.000e+00	0.000e+00
161827.50	0.000e+00	0.000e+00	0.000e+00
161828.50	0.000e+00	0.000e+00	0.000e+00
161829.50	0.000e+00	0.000e+00	0.000e+00
161830.50	0.000e+00	0.000e+00	0.000e+00
161831.50	0.000e+00	0.000e+00	0.000e+00
161832.50	0.000e+00	0.000e+00	0.000e+00
161833.50	0.000e+00	0.000e+00	0.000e+00
161834.50	0.000e+00	0.000e+00	0.000e+00
161835.50	0.000e+00	0.000e+00	0.000e+00
161836.50	0.000e+00	0.000e+00	0.000e+00
161837.50	0.000e+00	0.000e+00	0.000e+00
161838.50	0.000e+00	0.000e+00	0.000e+00
161839.50	0.000e+00	0.000e+00	0.000e+00
161840.50	0.000e+00	0.000e+00	0.000e+00
161841.50	0.000e+00	0.000e+00	0.000e+00
161842.50	0.000e+00	0.000e+00	0.000e+00
161843.50	0.000e+00	0.000e+00	0.000e+00
161844.50	0.000e+00	0.000e+00	0.000e+00
161845.50	-1.795e-07	-1.171e-03	9.005e-04
161846.50	8.986e-05	-8.726e-04	-2.986e-03
161847.50	-1.094e-04	-1.651e-03	4.531e-03
161848.50	5.827e-04	-2.026e-02	-2.093e-02
161849.50	5.299e-04	-2.669e-03	-1.805e-02
161850.50	-4.186e-04	1.037e-02	1.238e-02
161851.50	-1.162e-04	-3.350e-02	3.533e-03
161852.50	5.203e-03	-1.786e-01	-1.478e-01
161853.50	1.661e-03	-3.754e+00	-4.061e-02
161854.50	4.454e-01	-1.162e+02	-1.325e+01
161855.50	4.848e+00	-9.504e+02	-1.402e+02
161856.50	2.746e+00	-6.048e+02	-7.258e+01
161857.50	2.822e-01	1.834e+01	-2.726e+00
161858.50	-7.814e-01	1.094e+02	2.496e+01
161859.50	-7.123e-01	1.056e+02	2.150e+01
161860.50	-5.242e-01	1.104e+02	1.603e+01
161861.50	-7.190e-01	1.114e+02	2.064e+01
161862.50	-5.251e-01	9.514e+01	1.555e+01
161863.50	-5.021e-01	8.064e+01	1.430e+01
161864.50	-4.186e-01	7.834e+01	1.200e+01
161865.50	-2.122e-01	6.950e+01	5.789e+00
161866.50	-2.467e-01	6.442e+01	7.219e+00
161867.50	-1.430e-01	5.251e+01	3.840e+00
161868.50	-1.488e-01	5.539e+01	3.965e+00
161869.50	-2.477e-02	4.733e+01	5.750e-01
161870.50	-1.526e-01	4.234e+01	3.792e+00
161871.50	-1.622e-01	4.474e+01	4.579e+00
161872.50	-2.189e-01	3.888e+01	5.798e+00
161873.50	-1.670e-01	2.803e+01	4.733e+00
161874.50	-1.066e-01	3.072e+01	2.650e+00
161875.50	-1.997e-01	2.832e+01	5.510e+00
161876.50	3.254e-02	2.746e+01	-8.995e-01
161877.50	-1.488e-01	2.496e+01	3.926e+00
161878.50	-9.226e-02	2.208e+01	2.198e+00
161879.50	-7.238e-02	2.170e+01	1.661e+00
161880.50	-4.522e-02	2.179e+01	9.792e-01
161881.50	-2.246e-01	1.757e+01	6.010e+00
161882.50	-9.485e-02	1.680e+01	2.371e+00
161883.50	-7.805e-02	1.834e+01	1.939e+00
161884.50	-5.213e-02	1.930e+01	1.450e+00
161885.50	-7.517e-02	1.181e+01	1.939e+00
161886.50	-2.678e-02	1.402e+01	5.482e-01
161887.50	-1.258e-01	1.421e+01	3.187e+00
161888.50	-5.779e-02	1.258e+01	1.354e+00
161889.50	-6.067e-02	1.190e+01	1.469e+00
161890.50	-8.054e-02	9.139e+00	1.958e+00
161891.50	-9.561e-03	8.170e+00	1.104e-01
161892.50	-6.355e-02	9.581e+00	1.661e+00
161893.50	1.699e-03	9.312e+00	1.066e-02
161894.50	-2.275e-02	8.909e+00	5.818e-01
161895.50	-2.659e-02	7.824e+00	6.845e-01
161896.50	-6.173e-02	6.509e+00	1.430e+00
161897.50	-2.342e-02	6.202e+00	5.453e-01
161898.50	8.352e-03	6.230e+00	-4.570e-01
161899.50	-8.208e-02	6.163e+00	2.150e+00
161900.50	-5.424e-02	7.680e+00	1.267e+00
161901.50	-4.848e-02	5.088e+00	1.104e+00
161902.50	-2.026e-02	5.462e+00	4.896e-01
161903.50	-4.109e-02	5.050e+00	1.075e+00
161904.50	-5.472e-03	3.754e+00	3.437e-02
161905.50	9.888e-03	4.406e+00	-3.341e-01
161906.50	-6.355e-02	4.589e+00	1.661e+00
161907.50	-4.224e-02	4.867e+00	1.027e+00
161908.50	-1.853e-02	4.570e+00	4.685e-01
161909.50	-8.054e-03	3.782e+00	-8.918e-02
161910.50	3.888e-03	2.803e+00	3.197e-02
161911.50	-4.406e-02	4.166e+00	1.258e+00
161912.50	-1.786e-02	2.333e+00	2.294e-01
161913.50	-2.506e-03	2.227e+00	-1.267e-01
161914.50	-3.235e-02	2.410e+00	6.970e-01
161915.50	5.962e-03	2.544e+00	-2.122e-01
161916.50	-4.282e-02	2.870e+00	1.133e+00
161917.50	1.152e-02	1.440e+00	-3.686e-01
161918.50	1.814e-02	2.218e+00	-4.771e-01
161919.50	-9.034e-03	2.227e+00	2.064e-01
161920.50	-1.152e-02	2.285e+00	1.795e-01
161921.50	-5.856e-03	2.342e+00	1.373e-01
161922.50	-3.072e-02	1.536e+00	8.640e-01
161923.50	-1.670e-02	3.091e+00	3.600e-01
161924.50	-1.488e-02	1.709e+00	3.264e-01
161925.50	-1.651e-02	2.102e+00	3.485e-01
161926.50	-1.133e-02	2.150e+00	3.197e-01
161927.50	-1.594e-03	1.882e+00	-2.390e-02
161928.50	-4.704e-02	1.363e+00	1.094e+00
161929.50	-1.517e-02	1.306e+00	5.328e-01
161930.50	-1.728e-02	1.958e+00	6.077e-01
161931.50	3.274e-03	1.123e+00	-2.794e-01
161932.50	-4.493e-03	1.152e+00	-2.966e-02
161933.50	8.016e-03	9.696e-01	-1.776e-01
161934.50	1.776e-03	1.325e+00	-1.574e-01
161935.50	-2.400e-02	5.702e-01	6.346e-01
161936.50	-7.949e-03	7.238e-01	2.083e-01
161937.50	-1.786e-03	9.696e-01	1.277e-02
161938.50	-8.928e-03	7.968e-01	2.227e-01
161939.50	-8.256e-04	2.294e+00	-4.243e-02
161940.50	8.688e-03	8.592e-01	-1.997e-01
161941.50	-6.374e-03	3.965e-01	1.334e-01
161942.50	1.747e-02	5.664e-01	-4.714e-01
161943.50	1.546e-03	3.168e-01	-2.304e-01
161944.50	-5.866e-03	9.696e-01	1.891e-01
161945.50	1.958e-03	1.488e+00	-9.446e-02
161946.50	-1.392e-02	2.074e-01	3.245e-01
161947.50	-9.888e-03	3.523e-01	3.024e-01
161948.50	-7.498e-03	1.142e+00	1.315e-01
161949.50	-1.824e-02	1.594e-01	4.320e-01
161950.50	-1.565e-02	2.630e-01	3.821e-01
161951.50	3.734e-03	3.197e-01	-1.171e-01
161952.50	-9.389e-04	7.238e-01	-6.029e-02
161953.50	1.402e-02	4.349e-01	-4.070e-01
161954.50	-3.619e-03	7.920e-01	2.314e-01
161955.50	-5.674e-03	3.360e-01	1.238e-01
161956.50	-1.670e-02	9.696e-01	4.646e-01
161957.50	-1.114e-03	5.674e-01	-5.683e-02
161958.50	8.803e-03	2.947e-01	-3.216e-01
161959.50	8.266e-03	1.507e-01	-2.304e-01
161960.50	-1.402e-02	5.942e-01	3.552e-01
161961.50	1.872e-03	6.058e-01	-3.571e-02
161962.50	-9.158e-03	2.861e-01	2.362e-01
161963.50	-1.296e-02	1.018e-01	4.243e-01
161964.50	-1.392e-02	2.352e-01	2.995e-01
161965.50	-8.726e-03	4.128e-01	1.757e-01
161966.50	5.597e-03	1.747e-01	-2.371e-01
161967.50	1.766e-03	5.837e-01	3.811e-02
161968.50	1.766e-03	5.702e-01	1.738e-02
161969.50	1.171e-02	4.992e-01	-3.206e-01
161970.50	-1.104e-02	3.370e-01	3.581e-01
161971.50	-3.130e-03	1.190e-01	-2.563e-02
161972.50	-1.843e-02	1.939e-01	3.274e-01
161973.50	2.746e-03	-2.026e-02	-1.814e-01
161974.50	-2.429e-03	3.379e-01	3.130e-02
161975.50	2.784e-03	7.670e-02	-1.536e-02
161976.50	8.083e-03	6.163e-01	-2.122e-01
161977.50	1.190e-02	4.262e-01	-1.834e-01
161978.50	8.170e-04	-8.592e-02	-1.478e-01
161979.50	-5.366e-03	2.880e-01	-1.248e-01
161980.50	-1.402e-03	4.195e-01	9.696e-02
161981.50	-9.341e-03	-2.045e-02	2.448e-01
161982.50	-5.587e-03	-2.467e-01	9.984e-02
161983.50	-1.853e-03	8.141e-02	6.125e-02
161984.50	1.718e-03	4.013e-01	-8.803e-02
161985.50	2.774e-03	2.064e-01	-1.296e-01
161986.50	-2.688e-03	9.792e-02	2.880e-02
161987.50	1.210e-03	1.181e-01	-4.589e-02
161988.50	-2.669e-03	-1.949e-01	1.325e-01
161989.50	-1.805e-03	-4.291e-02	1.642e-01
161990.50	-1.181e-02	4.022e-01	2.794e-01
161991.50	3.504e-03	5.866e-01	-2.035e-01
161992.50	-9.600e-03	1.344e-01	2.890e-01
161993.50	-7.133e-03	5.952e-02	2.650e-01
161994.50	5.645e-03	4.474e-01	-1.949e-01
161995.50	-4.723e-03	2.659e-01	1.171e-01
161996.50	-6.691e-03	-2.832e-01	1.334e-01
161997.50	2.390e-03	1.882e-01	9.235e-02
161998.50	-1.574e-04	1.642e-01	3.350e-02
161999.50	1.229e-02	2.592e-01	-2.525e-01
162000.50	-1.968e-02	1.373e-01	4.272e-01
162001.50	4.934e-04	9.408e-02	-1.258e-02
162002.50	4.205e-03	4.464e-01	-1.238e-01
162003.50	7.296e-03	4.963e-02	-1.891e-01
162004.50	-6.854e-03	-5.770e-03	8.995e-02
162005.50	6.106e-03	3.725e-01	-1.862e-01
162006.50	2.515e-03	-4.397e-02	-1.594e-01
162007.50	-4.915e-03	2.525e-01	1.114e-01
162008.50	-5.539e-03	2.141e-01	9.389e-02
162009.50	-9.005e-04	-2.102e-01	7.574e-02
162010.50	-2.467e-03	-4.877e-02	5.011e-02
162011.50	-1.450e-02	9.331e-02	2.304e-01
162012.50	1.795e-02	2.160e-01	-2.803e-01
162013.50	4.310e-03	-1.334e-01	-1.229e-01
162014.50	-5.904e-03	2.198e-01	1.402e-01
162015.50	-5.616e-03	1.267e-01	1.008e-01
162016.50	6.787e-03	1.488e-01	-1.517e-01
162017.50	-7.507e-03	-2.851e-01	2.256e-01
162018.50	2.246e-03	-1.958e-02	4.838e-02
162019.50	1.315e-03	1.219e-01	-9.888e-02
162020.50	-1.498e-02	2.237e-01	2.630e-01
162021.50	-8.362e-03	8.573e-02	2.544e-01
162022.50	-4.003e-03	-2.525e-02	9.888e-02
162023.50	-3.974e-03	2.294e-01	8.266e-02
162024.50	-9.888e-05	1.142e-01	-5.366e-04
162025.50	2.381e-04	-1.738e-01	-2.995e-02
162026.50	7.670e-03	3.130e-01	-2.861e-01
162027.50	-9.370e-03	8.246e-02	2.957e-01
162028.50	1.536e-03	1.517e-01	-8.362e-03
162029.50	1.085e-03	-2.688e-01	-1.267e-01
162030.50	-1.565e-02	2.486e-01	3.456e-01
162031.50	-7.066e-03	-4.003e-02	9.984e-02
162032.50	7.834e-03	1.613e-01	-1.066e-01
162033.50	7.133e-03	5.040e-02	-1.075e-01
162034.50	-1.882e-03	-1.018e-01	5.942e-02
162035.50	6.826e-04	-1.190e-03	1.152e-02
162036.50	-6.336e-03	-1.133e-01	7.104e-02
162037.50	5.146e-03	2.122e-01	-1.085e-01
162038.50	8.707e-03	-1.546e-01	-6.000e-02
162039.50	-2.813e-03	2.813e-01	6.202e-02
162040.50	-1.258e-02	6.816e-03	2.621e-01
162041.50	-5.174e-03	6.960e-02	6.778e-02
162042.50	1.162e-02	-7.738e-02	-2.880e-01
162043.50	-5.482e-04	4.464e-02	8.026e-02
162044.50	-2.006e-03	-9.888e-02	3.379e-02
162045.50	-1.862e-02	1.056e-01	4.531e-01
162046.50	-4.387e-03	8.544e-02	4.838e-02
162047.50	1.181e-02	8.208e-02	-2.947e-01
162048.50	4.061e-03	-5.741e-03	-1.718e-01
162049.50	-1.776e-03	2.486e-01	-1.661e-02
162050.50	4.685e-04	-2.294e-02	-1.152e-02
162051.50	-2.986e-04	-5.030e-02	-1.843e-02
162052.50	4.243e-03	1.373e-03	-1.363e-01
162053.50	-3.024e-03	-6.202e-03	4.262e-02
162054.50	-6.509e-03	2.227e-01	1.114e-01
162055.50	-1.421e-03	-7.901e-02	1.344e-01
162056.50	7.555e-03	6.144e-02	-1.421e-01
162057.50	2.544e-03	5.779e-02	-5.405e-03
162058.50	-1.930e-03	1.334e-01	-5.914e-02
162059.50	5.088e-04	7.642e-02	-7.392e-02
162060.50	6.154e-04	1.162e-01	-2.093e-02
162061.50	-1.344e-03	2.227e-01	8.227e-02
162062.50	-3.523e-03	-1.354e-01	1.661e-01
162063.50	-2.563e-03	-1.008e-01	1.334e-01
162064.50	1.363e-05	-2.256e-02	3.130e-02
162065.50	-4.675e-03	1.411e-01	7.296e-02
162066.50	-2.429e-03	-8.102e-02	2.381e-02
162067.50	5.453e-03	-7.008e-02	-1.987e-01
162068.50	-9.283e-04	-1.478e-01	-1.459e-03
162069.50	1.171e-04	-5.731e-02	-4.445e-02
162070.50	2.256e-03	7.258e-02	-6.211e-02
162071.50	-8.736e-04	1.699e-01	-3.466e-03
162072.50	9.696e-04	1.008e-01	-4.157e-02
162073.50	-4.186e-03	1.507e-01	8.976e-02
162074.50	-1.133e-04	8.486e-03	-2.150e-02
162075.50	3.437e-03	3.437e-02	-2.669e-02
162076.50	-2.755e-03	-1.210e-01	1.718e-01
162077.50	-3.360e-03	1.411e-01	6.269e-02
162078.50	1.603e-03	-7.670e-02	-4.282e-02
162079.50	5.318e-04	4.656e-02	3.792e-03
162080.50	-6.979e-03	5.386e-02	9.792e-02
162081.50	-1.853e-03	-8.803e-02	5.165e-02
162082.50	3.418e-03	-7.450e-03	-8.890e-02
162083.50	4.781e-03	7.162e-02	-1.286e-01
162084.50	4.579e-03	7.546e-02	-1.123e-01
162085.50	-1.277e-03	-1.411e-01	3.773e-02
162086.50	3.110e-03	-7.680e-03	-8.352e-02
162087.50	-9.091e-03	-4.080e-02	3.974e-04
162088.50	-7.594e-03	-4.694e-02	1.296e-01
162089.50	9.139e-04	5.501e-03	-2.640e-02
162090.50	-3.456e-03	-4.022e-02	4.195e-02
162091.50	1.978e-02	8.083e-02	-2.054e-01
162092.50	-6.595e-03	-1.507e-01	1.450e-01
162093.50	-1.930e-02	-1.987e-01	1.939e-01
162094.50	5.990e-03	-1.373e-01	-7.162e-02
162095.50	1.402e-02	2.323e-01	-1.296e-01
162096.50	1.114e-03	1.315e-01	-1.642e-02
162097.50	-4.992e-03	1.834e-01	5.616e-02
162098.50	-9.485e-04	-1.248e-02	1.344e-01
162099.50	-2.458e-03	7.997e-03	5.098e-02
162100.50	1.286e-03	1.853e-01	-1.162e-02
162101.50	4.291e-03	4.358e-02	-7.037e-02
162102.50	-1.315e-04	5.674e-02	2.352e-02
162103.50	-1.555e-02	1.210e-03	3.542e-01
162104.50	-4.550e-03	-4.262e-02	1.459e-01
162105.50	-1.411e-03	3.302e-02	5.405e-03
162106.50	-7.277e-03	5.510e-02	1.171e-01
162107.50	1.642e-03	-1.027e-01	-4.570e-02
162108.50	6.874e-03	8.429e-02	-1.949e-01
162109.50	4.282e-03	-4.896e-02	-7.258e-02
162110.50	7.843e-04	-1.862e-01	-4.109e-02
162111.50	-7.843e-03	-4.896e-02	8.813e-02
162112.50	7.238e-03	-1.795e-01	-1.056e-01
162113.50	-1.757e-03	5.443e-02	-6.941e-02
162114.50	2.928e-03	-1.363e-02	-8.918e-02
162115.50	-3.024e-03	6.134e-02	9.427e-02
162116.50	-1.018e-02	1.450e-01	1.373e-01
162117.50	7.661e-03	-8.573e-03	-9.293e-02
162118.50	9.235e-03	1.094e-01	-9.888e-02
162119.50	-5.606e-05	1.469e-02	-6.182e-04
162120.50	-4.330e-03	3.360e-02	9.187e-02
162121.50	1.066e-04	-3.821e-02	-1.238e-03
162122.50	1.786e-03	1.584e-02	2.506e-02
162123.50	3.984e-03	3.168e-02	-1.018e-01
162124.50	-1.498e-03	7.843e-02	-2.707e-02
162125.50	-2.506e-03	-6.518e-02	2.352e-02
162126.50	-8.218e-03	-1.037e-01	2.189e-01
162127.50	7.037e-04	7.056e-02	-6.643e-02
162128.50	1.171e-02	1.507e-02	-1.382e-01
162129.50	4.032e-03	-2.534e-02	-4.042e-02
162130.50	-3.984e-04	2.237e-02	-9.408e-03
162131.50	-5.184e-03	3.907e-02	5.866e-02
162132.50	-3.187e-04	1.680e-02	-3.370e-02
162133.50	2.986e-04	-4.502e-02	-3.302e-02
162134.50	6.758e-04	8.112e-02	2.755e-02
162135.50	-2.390e-03	6.403e-02	1.901e-02
162136.50	2.218e-03	-5.731e-03	3.158e-02
162137.50	9.888e-04	1.286e-02	-4.771e-04
162138.50	5.126e-03	-3.965e-02	-7.891e-02
162139.50	-7.891e-04	2.170e-04	5.146e-02
162140.50	-1.882e-03	5.232e-02	2.074e-02
162141.50	3.850e-04	7.728e-03	-3.667e-02
162142.50	-5.798e-03	3.552e-02	9.888e-02
162143.50	1.421e-03	-4.166e-02	-1.056e-01
162144.50	1.853e-04	3.840e-02	2.006e-02
162145.50	-1.555e-03	2.006e-02	2.774e-02
162146.50	-1.824e-03	-6.912e-03	7.286e-02
162147.50	9.792e-04	1.402e-01	3.840e-02
162148.50	4.982e-03	2.179e-02	-1.296e-01
162149.50	9.888e-04	-1.315e-01	7.642e-03
162150.50	8.803e-04	-1.325e-01	-3.830e-03
162151.50	1.949e-03	5.318e-02	-1.094e-01
162152.50	-1.517e-02	-3.053e-02	2.717e-01
162153.50	-5.328e-03	2.659e-02	1.085e-01
162154.50	5.731e-03	1.123e-01	-1.478e-01
162155.50	-2.899e-03	-1.382e-01	3.994e-02
162156.50	2.477e-03	-2.275e-02	-8.131e-02
162157.50	-1.046e-02	-4.829e-02	-6.336e-02
162158.50	4.426e-03	7.747e-02	4.454e-02
162159.50	-3.898e-03	-8.880e-02	3.235e-02
162160.50	1.478e-03	2.736e-02	-4.310e-02
162161.50	3.101e-03	5.626e-02	-5.952e-02
162162.50	-5.366e-03	-4.944e-03	9.792e-02
162163.50	-1.997e-03	-6.643e-02	3.034e-03
162164.50	-4.397e-03	-1.075e-01	2.966e-02
162165.50	7.008e-04	1.728e-01	3.994e-02
162166.50	2.909e-03	-7.622e-04	-1.056e-02
162167.50	6.442e-03	3.149e-02	-9.101e-02
162168.50	-6.749e-04	2.746e-02	2.227e-02
162169.50	-7.757e-04	-1.670e-02	2.717e-02
162170.50	4.550e-03	-1.152e-02	-5.885e-02
162171.50	7.104e-04	-6.029e-02	-2.506e-02
162172.50	2.486e-03	-6.163e-02	-7.402e-02
162173.50	7.267e-03	-5.626e-02	-9.600e-02
162174.50	-2.054e-03	-1.229e-02	1.008e-01
162175.50	-2.525e-04	-7.690e-02	-4.694e-03
162176.50	-7.488e-03	9.696e-02	7.843e-02
162177.50	1.718e-03	8.918e-02	-5.770e-02
162178.50	-2.765e-03	-3.168e-02	1.133e-01
162179.50	2.794e-03	-6.058e-02	-2.966e-02
162180.50	-2.045e-03	5.990e-02	6.221e-03
162181.50	1.469e-03	7.555e-02	-6.240e-03
162182.50	-1.152e-04	-3.043e-02	-7.085e-03
162183.50	4.704e-03	1.171e-01	-1.008e-01
162184.50	-4.723e-03	6.557e-02	8.755e-02
162185.50	5.923e-05	-8.659e-04	-2.054e-02
162186.50	2.160e-03	3.110e-02	-6.048e-02
162187.50	-2.112e-03	9.158e-02	-1.632e-02
162188.50	-4.454e-05	-3.283e-02	1.075e-02
162189.50	7.334e-04	-5.914e-02	-9.590e-03
162190.50	2.678e-03	5.424e-02	-7.258e-02
162191.50	3.149e-03	-8.515e-02	-4.339e-02
162192.50	2.170e-03	-6.144e-02	-6.115e-02
162193.50	1.603e-03	-1.018e-01	-3.754e-03
162194.50	-3.850e-03	-2.189e-02	3.427e-02
162195.50	-3.120e-03	-4.954e-02	7.219e-02
162196.50	1.920e-03	2.669e-02	9.888e-02
162197.50	6.346e-03	-1.286e-02	-1.440e-01
162198.50	-3.984e-03	-4.954e-02	1.027e-01
162199.50	-7.046e-04	2.227e-02	9.312e-03
162200.50	7.891e-05	4.714e-02	-1.114e-03
162201.50	-1.757e-03	3.427e-02	2.477e-02
162202.50	4.723e-03	6.931e-02	-7.027e-02
162203.50	-3.821e-03	-1.440e-03	1.152e-01
162204.50	7.891e-03	-5.789e-02	2.083e-02
162205.50	-9.533e-03	1.296e-01	-7.267e-02
162206.50	7.526e-04	-4.426e-02	6.307e-02
162207.50	-1.613e-03	-1.152e-02	5.472e-02
162208.50	-2.592e-03	-9.360e-03	-3.120e-02
162209.50	3.792e-03	2.342e-02	-2.861e-02
162210.50	-4.022e-03	5.462e-02	7.661e-02
162211.50	3.821e-03	-1.248e-02	-1.277e-01
162212.50	1.776e-03	-3.514e-02	2.170e-02
162213.50	-2.256e-05	-6.432e-02	-2.746e-02
162214.50	-4.877e-04	-6.989e-02	4.781e-03
162215.50	-3.974e-03	8.726e-02	1.075e-01
162216.50	-2.016e-03	-5.827e-02	3.062e-02
162217.50	-3.043e-03	6.038e-02	7.526e-02
162218.50	-1.699e-03	2.995e-02	1.440e-02
162219.50	-2.314e-04	-2.102e-02	4.608e-02
162220.50	4.723e-03	-1.478e-01	-1.210e-01
162221.50	3.389e-03	-5.242e-02	-5.587e-02
162222.50	1.008e-04	1.373e-01	-5.674e-02
162223.50	6.192e-04	8.189e-03	-1.728e-02
162224.50	-1.901e-03	5.078e-03	6.355e-02
162225.50	-1.440e-03	5.050e-02	6.634e-02
162226.50	8.861e-04	7.027e-02	-2.323e-02
162227.50	2.909e-03	1.901e-03	-5.424e-02
162228.50	-2.515e-03	-3.437e-02	1.488e-02
162229.50	-2.410e-03	5.059e-02	1.046e-02
162230.50	3.792e-03	-4.157e-02	-9.168e-02
162231.50	2.016e-03	8.218e-02	-1.747e-03
162232.50	2.237e-03	-1.488e-03	-7.459e-02
162233.50	-6.173e-03	1.872e-02	1.517e-01
162234.50	1.565e-03	-4.685e-02	8.640e-03
162235.50	-3.178e-03	2.582e-03	2.765e-02
162236.50	1.680e-03	-3.850e-02	-3.043e-02
162237.50	-2.074e-04	-1.498e-02	2.851e-02
162238.50	3.062e-03	2.093e-03	-3.677e-02
162239.50	1.181e-02	1.200e-01	-1.238e-01
162240.50	-2.995e-03	-1.392e-01	6.499e-02
162241.50	8.899e-03	1.430e-02	-1.363e-02
162242.50	2.179e-03	2.861e-02	5.251e-02
162243.50	4.176e-03	-3.715e-02	-8.938e-02
162244.50	-4.637e-03	-8.880e-02	-5.069e-02
162245.50	-1.536e-02	-4.061e-03	1.066e-02
162246.50	1.949e-03	7.670e-02	7.910e-03
162247.50	-2.746e-03	-1.872e-02	-6.509e-03
162248.50	4.781e-04	5.770e-02	-4.637e-02
162249.50	-2.909e-04	-1.392e-02	-2.842e-02
162250.50	-1.392e-03	7.469e-03	1.910e-03
162251.50	2.755e-03	8.870e-03	-2.717e-02
162252.50	5.971e-05	9.888e-02	9.350e-03
162253.50	-1.546e-03	5.818e-02	2.035e-02
162254.50	-4.992e-03	-9.888e-02	8.688e-02
162255.50	-3.014e-03	-4.090e-03	6.096e-02
162256.50	6.902e-04	-6.797e-02	-1.968e-02
162257.50	-1.306e-03	1.133e-02	-2.688e-02
162258.50	1.219e-04	3.437e-02	-9.792e-03
162259.50	-8.189e-04	2.640e-02	3.245e-02
162260.50	6.682e-04	-1.594e-02	-9.984e-03
162261.50	1.939e-03	5.827e-02	-2.333e-02
162262.50	-1.162e-03	-8.746e-03	1.085e-02
162263.50	2.630e-05	7.450e-03	3.475e-02
162264.50	-6.144e-04	6.365e-02	4.771e-02
162265.50	1.747e-03	-1.018e-03	2.477e-02
162266.50	3.802e-03	-2.208e-02	-1.258e-01
162267.50	1.181e-03	-5.338e-02	-1.709e-02
162268.50	-3.158e-03	-3.120e-02	7.277e-02
162269.50	8.995e-04	-6.278e-02	-3.456e-03
162270.50	3.523e-03	-4.637e-02	-1.747e-02
162271.50	-3.226e-03	2.256e-02	3.322e-02
162272.50	1.632e-03	4.714e-02	-2.890e-02
162273.50	-3.581e-04	-5.222e-03	1.498e-02
162274.50	8.717e-04	-6.912e-02	3.446e-04
162275.50	2.515e-03	-1.738e-02	-2.784e-02
162276.50	-7.661e-04	3.226e-03	-1.661e-02
162277.50	-4.886e-03	1.325e-02	6.413e-02
162278.50	2.957e-04	-5.731e-02	2.400e-02
162279.50	2.218e-03	-2.938e-02	-3.955e-02
