161681.50	0.000e+00	0.000e+00	0.000e+00
161682.50	0.000e+00	0.000e+00	0.000e+00
161683.50	0.000e+00	0.000e+00	0.000e+00
161684.50	0.000e+00	0.000e+00	0.000e+00
161685.50	0.000e+00	0.000e+00	0.000e+00
161686.50	0.000e+00	0.000e+00	0.000e+00
161687.50	0.000e+00	0.000e+00	0.000e+00
161688.50	0.000e+00	0.000e+00	0.000e+00
161689.50	0.000e+00	0.000e+00	0.000e+00
161690.50	0.000e+00	0.000e+00	0.000e+00
161691.50	0.000e+00	0.000e+00	0.000e+00
161692.50	0.000e+00	0.000e+00	0.000e+00
161693.50	0.000e+00	0.000e+00	0.000e+00
161694.50	0.000e+00	0.000e+00	0.000e+00
161695.50	0.000e+00	0.000e+00	0.000e+00
161696.50	0.000e+00	0.000e+00	0.000e+00
161697.50	0.000e+00	0.000e+00	0.000e+00
161698.50	0.000e+00	0.000e+00	0.000e+00
161699.50	0.000e+00	0.000e+00	0.000e+00
161700.50	0.000e+00	0.000e+00	0.000e+00
161701.50	0.000e+00	0.000e+00	0.000e+00
161702.50	0.000e+00	0.000e+00	0.000e+00
161703.50	0.000e+00	0.000e+00	0.000e+00
161704.50	0.000e+00	0.000e+00	0.000e+00
161705.50	0.000e+00	0.000e+00	0.000e+00
161706.50	0.000e+00	0.000e+00	0.000e+00
161707.50	0.000e+00	0.000e+00	0.000e+00
161708.50	0.000e+00	0.000e+00	0.000e+00
161709.50	0.000e+00	0.000e+00	0.000e+00
161710.50	0.000e+00	0.000e+00	0.000e+00
161711.50	0.000e+00	0.000e+00	0.000e+00
161712.50	0.000e+00	0.000e+00	0.000e+00
161713.50	0.000e+00	0.000e+00	0.000e+00
161714.50	0.000e+00	0.000e+00	0.000e+00
161715.50	0.000e+00	0.000e+00	0.000e+00
161716.50	0.000e+00	0.000e+00	0.000e+00
161717.50	0.000e+00	0.000e+00	0.000e+00
161718.50	0.000e+00	0.000e+00	0.000e+00
161719.50	0.000e+00	0.000e+00	0.000e+00
161720.50	0.000e+00	0.000e+00	0.000e+00
161721.50	0.000e+00	0.000e+00	0.000e+00
161722.50	0.000e+00	0.000e+00	0.000e+00
161723.50	0.000e+00	0.000e+00	0.000e+00
161724.50	0.000e+00	0.000e+00	0.000e+00
161725.50	0.000e+00	0.000e+00	0.000e+00
161726.50	0.000e+00	0.000e+00	0.000e+00
161727.50	0.000e+00	0.000e+00	0.000e+00
161728.50	0.000e+00	0.000e+00	0.000e+00
161729.50	0.000e+00	0.000e+00	0.000e+00
161730.50	0.000e+00	0.000e+00	0.000e+00
161731.50	0.000e+00	0.000e+00	0.000e+00
161732.50	0.000e+00	0.000e+00	0.000e+00
161733.50	0.000e+00	0.000e+00	0.000e+00
161734.50	0.000e+00	0.000e+00	0.000e+00
161735.50	0.000e+00	0.000e+00	0.000e+00
161736.50	0.000e+00	0.000e+00	0.000e+00
161737.50	0.000e+00	0.000e+00	0.000e+00
161738.50	0.000e+00	0.000e+00	0.000e+00
161739.50	0.000e+00	0.000e+00	0.000e+00
161740.50	0.000e+00	0.000e+00	0.000e+00
161741.50	0.000e+00	0.000e+00	0.000e+00
161742.50	0.000e+00	0.000e+00	0.000e+00
161743.50	0.000e+00	0.000e+00	0.000e+00
161744.50	0.000e+00	0.000e+00	0.000e+00
161745.50	0.000e+00	0.000e+00	0.000e+00
161746.50	0.000e+00	0.000e+00	0.000e+00
161747.50	0.000e+00	0.000e+00	0.000e+00
161748.50	0.000e+00	0.000e+00	0.000e+00
161749.50	0.000e+00	0.000e+00	0.000e+00
161750.50	0.000e+00	0.000e+00	0.000e+00
161751.50	0.000e+00	0.000e+00	0.000e+00
161752.50	0.000e+00	0.000e+00	0.000e+00
161753.50	0.000e+00	0.000e+00	0.000e+00
161754.50	0.000e+00	0.000e+00	0.000e+00
161755.50	0.000e+00	0.000e+00	0.000e+00
161756.50	0.000e+00	0.000e+00	0.000e+00
161757.50	0.000e+00	0.000e+00	0.000e+00
161758.50	0.000e+00	0.000e+00	0.000e+00
161759.50	0.000e+00	0.000e+00	0.000e+00
161760.50	0.000e+00	0.000e+00	0.000e+00
161761.50	0.000e+00	0.000e+00	0.000e+00
161762.50	0.000e+00	0.000e+00	0.000e+00
161763.50	0.000e+00	0.000e+00	0.000e+00
161764.50	0.000e+00	0.000e+00	0.000e+00
161765.50	0.000e+00	0.000e+00	0.000e+00
161766.50	0.000e+00	0.000e+00	0.000e+00
161767.50	0.000e+00	0.000e+00	0.000e+00
161768.50	0.000e+00	0.000e+00	0.000e+00
161769.50	0.000e+00	0.000e+00	0.000e+00
161770.50	0.000e+00	0.000e+00	0.000e+00
161771.50	0.000e+00	0.000e+00	0.000e+00
161772.50	0.000e+00	0.000e+00	0.000e+00
161773.50	0.000e+00	0.000e+00	0.000e+00
161774.50	0.000e+00	0.000e+00	0.000e+00
161775.50	0.000e+00	0.000e+00	0.000e+00
161776.50	0.000e+00	0.000e+00	0.000e+00
161777.50	0.000e+00	0.000e+00	0.000e+00
161778.50	0.000e+00	0.000e+00	0.000e+00
161779.50	0.000e+00	0.000e+00	0.000e+00
161780.50	0.000e+00	0.000e+00	0.000e+00
161781.50	0.000e+00	0.000e+00	0.000e+00
161782.50	0.000e+00	0.000e+00	0.000e+00
161783.50	0.000e+00	0.000e+00	0.000e+00
161784.50	0.000e+00	0.000e+00	0.000e+00
161785.50	0.000e+00	0.000e+00	0.000e+00
161786.50	0.000e+00	0.000e+00	0.000e+00
161787.50	0.000e+00	0.000e+00	0.000e+00
161788.50	0.000e+00	0.000e+00	0.000e+00
161789.50	0.000e+00	0.000e+00	0.000e+00
161790.50	0.000e+00	0.000e+00	0.000e+00
161791.50	0.000e+00	0.000e+00	0.000e+00
161792.50	0.000e+00	0.000e+00	0.000e+00
161793.50	0.000e+00	0.000e+00	0.000e+00
161794.50	0.000e+00	0.000e+00	0.000e+00
161795.50	0.000e+00	0.000e+00	0.000e+00
161796.50	0.000e+00	0.000e+00	0.000e+00
161797.50	0.000e+00	0.000e+00	0.000e+00
161798.50	0.000e+00	0.000e+00	0.000e+00
161799.50	0.000e+00	0.000e+00	0.000e+00
161800.50	0.000e+00	0.000e+00	0.000e+00
161801.50	0.000e+00	0.000e+00	0.000e+00
161802.50	0.000e+00	0.000e+00	0.000e+00
161803.50	0.000e+00	0.000e+00	0.000e+00
161804.50	0.000e+00	0.000e+00	0.000e+00
161805.50	0.000e+00	0.000e+00	0.000e+00
161806.50	0.000e+00	0.000e+00	0.000e+00
161807.50	0.000e+00	0.000e+00	0.000e+00
161808.50	0.000e+00	0.000e+00	0.000e+00
161809.50	0.000e+00	0.000e+00	0.000e+00
161810.50	0.000e+00	0.000e+00	0.000e+00
161811.50	0.000e+00	0.000e+00	0.000e+00
161812.50	0.000e+00	0.000e+00	0.000e+00
161813.50	0.000e+00	0.000e+00	0.000e+00
161814.50	0.000e+00	0.000e+00	0.000e+00
161815.50	0.000e+00	0.000e+00	0.000e+00
161816.50	0.000e+00	0.000e+00	0.000e+00
161817.50	0.000e+00	0.000e+00	0.000e+00
161818.50	0.000e+00	0.000e+00	0.000e+00
161819.50	0.000e+00	0.000e+00	0.000e+00
161820.50	0.000e+00	0.000e+00	0.000e+00
161821.50	0.000e+00	0.000e+00	0.000e+00
161822.50	0.000e+00	0.000e+00	0.000e+00
161823.50	0.000e+00	0.000e+00	0.000e+00
161824.50	0.000e+00	0.000e+00	0.000e+00
161825.50	0.000e+00	0.000e+00	0.000e+00
161826.50	0.000e+00	0.000e+00	0.000e+00
161827.50	0.000e+00	0.000e+00	0.000e+00
161828.50	0.000e+00	0.000e+00	0.000e+00
161829.50	0.000e+00	0.000e+00	0.000e+00
161830.50	0.000e+00	0.000e+00	0.000e+00
161831.50	0.000e+00	0.000e+00	0.000e+00
161832.50	0.000e+00	0.000e+00	0.000e+00
161833.50	0.000e+00	0.000e+00	0.000e+00
161834.50	0.000e+00	0.000e+00	0.000e+00
161835.50	0.000e+00	0.000e+00	0.000e+00
161836.50	0.000e+00	0.000e+00	0.000e+00
161837.50	0.000e+00	0.000e+00	0.000e+00
161838.50	0.000e+00	0.000e+00	0.000e+00
161839.50	0.000e+00	0.000e+00	0.000e+00
161840.50	0.000e+00	0.000e+00	0.000e+00
161841.50	0.000e+00	0.000e+00	0.000e+00
161842.50	0.000e+00	0.000e+00	0.000e+00
161843.50	0.000e+00	0.000e+00	0.000e+00
161844.50	9.034e-07	7.594e-04	6.710e-04
161845.50	-2.304e-04	-1.526e-02	-8.448e-04
161846.50	-2.736e-04	-7.190e-02	-3.331e-02
161847.50	6.979e-04	5.318e-02	5.242e-03
161848.50	-3.062e-04	2.986e-03	1.210e-02
161849.50	4.877e-05	2.093e-03	1.142e-03
161850.50	1.238e-04	4.771e-03	-2.294e-03
161851.50	4.272e-05	-5.530e-02	-4.445e-02
161852.50	-1.661e-03	-2.237e-01	-7.997e-02
161853.50	-1.229e-04	-6.634e-01	-4.368e-01
161854.50	-1.526e-01	-1.354e+01	-3.312e+00
161855.50	-3.350e+00	-3.274e+02	-8.890e+01
161856.50	-1.469e+01	-9.696e+02	-1.104e+02
161857.50	-5.222e+00	-2.170e+02	3.379e+01
161858.50	6.384e-01	5.558e+01	9.274e+00
161859.50	1.162e+00	1.037e+02	2.630e+01
161860.50	1.632e+00	1.085e+02	1.344e+01
161861.50	1.411e+00	9.206e+01	1.037e+01
161862.50	1.315e+00	9.302e+01	1.526e+01
161863.50	1.133e+00	7.968e+01	1.334e+01
161864.50	1.046e+00	7.085e+01	1.008e+01
161865.50	1.238e+00	6.701e+01	5.645e-01
161866.50	1.210e+00	6.451e+01	-1.440e-01
161867.50	8.640e-01	5.261e+01	4.445e+00
161868.50	9.158e-01	5.194e+01	1.882e+00
161869.50	8.170e-01	5.184e+01	5.299e+00
161870.50	5.117e-01	3.562e+01	5.578e+00
161871.50	6.269e-01	3.965e+01	4.070e+00
161872.50	5.837e-01	3.590e+01	2.899e+00
161873.50	5.030e-01	3.322e+01	4.541e+00
161874.50	4.646e-01	2.640e+01	8.947e-01
161875.50	4.714e-01	2.525e+01	-1.517e-01
161876.50	4.426e-01	2.698e+01	2.064e+00
161877.50	4.608e-01	2.534e+01	2.659e-01
161878.50	4.320e-01	2.256e+01	-1.632e-01
161879.50	2.880e-01	2.352e+01	4.790e+00
161880.50	2.534e-01	1.834e+01	2.832e+00
161881.50	2.813e-01	1.891e+01	2.112e+00
161882.50	1.757e-01	1.402e+01	2.592e+00
161883.50	2.218e-01	1.555e+01	2.448e+00
161884.50	2.890e-01	1.488e+01	-4.205e-01
161885.50	1.718e-01	1.200e+01	1.978e+00
161886.50	1.987e-01	1.229e+01	7.891e-01
161887.50	2.928e-01	1.584e+01	-1.267e-01
161888.50	2.467e-01	1.325e+01	-7.440e-03
161889.50	1.805e-01	1.133e+01	1.018e+00
161890.50	1.392e-01	9.984e+00	1.594e+00
161891.50	1.651e-01	9.696e+00	4.502e-01
161892.50	1.930e-01	8.986e+00	-8.054e-01
161893.50	1.286e-01	8.525e+00	1.296e+00
161894.50	1.066e-01	8.592e+00	1.786e+00
161895.50	8.880e-02	6.826e+00	1.450e+00
161896.50	1.325e-01	7.843e+00	2.371e-01
161897.50	6.586e-02	6.797e+00	2.074e+00
161898.50	4.387e-02	4.474e+00	1.363e+00
161899.50	8.774e-02	7.267e+00	1.546e+00
161900.50	7.046e-02	4.790e+00	6.634e-01
161901.50	1.008e-01	4.762e+00	-7.430e-01
161902.50	1.104e-01	6.086e+00	-9.398e-02
161903.50	7.114e-02	3.331e+00	-3.658e-01
161904.50	5.107e-02	3.917e+00	7.517e-01
161905.50	6.403e-02	3.619e+00	2.640e-01
161906.50	8.198e-02	4.963e+00	1.718e-01
161907.50	8.486e-02	5.904e+00	1.018e+00
161908.50	6.269e-02	2.698e+00	-5.923e-01
161909.50	4.118e-02	3.370e+00	5.962e-01
161910.50	2.842e-02	3.216e+00	8.506e-01
161911.50	6.134e-02	3.926e+00	3.331e-01
161912.50	4.003e-02	2.534e+00	4.944e-02
161913.50	5.098e-02	2.938e+00	1.834e-01
161914.50	3.552e-02	1.718e+00	-5.078e-02
161915.50	4.973e-02	2.678e+00	-2.256e-01
161916.50	4.819e-02	2.429e+00	2.208e-02
161917.50	2.323e-02	1.632e+00	3.773e-01
161918.50	2.976e-02	2.410e+00	3.139e-01
161919.50	1.133e-02	2.227e+00	7.910e-01
161920.50	9.792e-03	1.757e+00	6.096e-01
161921.50	1.728e-02	1.757e+00	3.821e-01
161922.50	9.600e-03	1.594e+00	8.218e-01
161923.50	2.285e-02	2.266e+00	6.826e-01
161924.50	3.494e-02	2.429e+00	5.366e-01
161925.50	5.453e-02	2.371e+00	-3.946e-01
161926.50	7.008e-03	9.696e-01	3.072e-01
161927.50	2.851e-02	1.354e+00	-1.277e-01
161928.50	3.302e-02	1.219e+00	-4.416e-01
161929.50	3.792e-02	1.094e+00	-5.616e-01
161930.50	2.074e-02	1.709e+00	6.403e-01
161931.50	2.688e-02	1.392e+00	6.154e-02
161932.50	2.592e-02	1.210e+00	5.078e-02
161933.50	2.861e-03	2.227e-01	-1.075e-01
161934.50	1.891e-02	1.325e+00	1.603e-01
161935.50	3.984e-03	6.432e-01	1.622e-01
161936.50	3.379e-02	1.680e+00	-1.402e-01
161937.50	1.430e-02	7.670e-01	-3.763e-04
161938.50	2.352e-02	8.054e-01	-3.350e-01
161939.50	2.784e-03	8.640e-01	5.059e-01
161940.50	1.277e-03	6.096e-01	3.619e-01
161941.50	2.208e-02	8.246e-01	-3.197e-01
161942.50	1.258e-02	1.181e+00	1.603e-01
161943.50	2.573e-02	1.411e+00	-7.363e-02
161944.50	1.392e-03	4.646e-01	3.446e-01
161945.50	1.411e-02	2.275e-01	-1.306e-01
161946.50	1.690e-02	9.696e-01	8.640e-02
161947.50	-1.392e-02	4.531e-01	5.731e-01
161948.50	1.814e-02	7.094e-01	-1.920e-01
161949.50	1.728e-02	9.696e-01	-2.342e-03
161950.50	1.334e-02	2.390e-01	-2.390e-01
161951.50	7.334e-03	5.002e-01	-9.235e-03
161952.50	1.478e-02	1.421e+00	4.541e-01
161953.50	2.621e-04	9.187e-02	1.786e-02
161954.50	-7.546e-03	-3.254e-01	4.474e-02
161955.50	1.805e-02	1.142e+00	1.363e-01
161956.50	1.795e-03	3.341e-01	1.392e-01
161957.50	7.526e-03	4.819e-01	-4.810e-02
161958.50	2.227e-02	6.586e-01	-3.926e-01
161959.50	2.074e-03	3.715e-01	1.814e-02
161960.50	-2.256e-04	5.280e-01	2.621e-01
161961.50	-1.469e-02	1.008e-01	6.125e-01
161962.50	-5.635e-03	5.424e-01	4.406e-01
161963.50	2.534e-02	7.066e-01	-5.328e-01
161964.50	-5.654e-03	-5.558e-02	-9.696e-03
161965.50	1.536e-02	3.475e-01	-6.490e-02
161966.50	7.594e-03	2.275e-01	-9.360e-02
161967.50	-1.085e-02	-3.811e-02	3.466e-01
161968.50	1.536e-02	2.333e-01	-2.976e-01
161969.50	-8.918e-04	3.926e-01	2.774e-01
161970.50	3.101e-03	1.738e-01	-6.922e-02
161971.50	-2.467e-03	3.408e-02	1.536e-01
161972.50	2.400e-02	6.998e-01	-3.984e-01
161973.50	9.984e-03	5.203e-01	-8.083e-02
161974.50	7.834e-03	3.274e-02	-2.966e-01
161975.50	4.378e-03	-5.837e-02	-1.306e-01
161976.50	1.238e-02	2.534e-01	-2.218e-01
161977.50	-9.984e-03	3.667e-01	4.733e-01
161978.50	-1.853e-02	-4.483e-02	5.213e-01
161979.50	-1.286e-03	-2.592e-01	-2.371e-01
161980.50	1.315e-02	3.984e-01	-8.266e-02
161981.50	7.930e-04	3.590e-01	9.360e-02
161982.50	4.330e-03	4.502e-01	3.130e-01
161983.50	1.286e-03	-1.392e-01	-3.034e-01
161984.50	8.755e-03	6.672e-01	1.296e-01
161985.50	1.046e-02	1.594e-01	-1.862e-01
161986.50	3.235e-03	2.822e-01	-7.315e-02
161987.50	-1.421e-02	-2.218e-01	2.746e-01
161988.50	1.738e-03	2.102e-01	6.682e-02
161989.50	7.114e-04	8.515e-02	5.424e-02
161990.50	-1.354e-03	2.688e-01	2.006e-01
161991.50	-6.346e-04	-1.286e-01	-1.142e-01
161992.50	6.845e-03	-1.469e-01	-3.226e-01
161993.50	8.640e-03	2.803e-01	-1.939e-01
161994.50	2.755e-04	3.955e-01	4.397e-01
161995.50	1.546e-02	3.571e-01	9.024e-03
161996.50	-2.832e-03	1.958e-01	1.728e-01
161997.50	6.106e-03	-4.147e-01	-5.155e-01
161998.50	3.322e-03	1.104e-01	-2.429e-01
161999.50	-2.400e-03	-7.440e-02	9.446e-02
162000.50	-7.104e-03	2.976e-02	1.718e-01
162001.50	-3.590e-03	1.411e-01	2.064e-01
162002.50	2.688e-03	3.139e-01	6.970e-02
162003.50	1.133e-02	4.771e-01	-2.707e-02
162004.50	-1.018e-02	5.491e-02	3.946e-01
162005.50	-1.171e-02	-2.822e-01	8.755e-02
162006.50	1.190e-03	1.402e-01	-4.675e-02
162007.50	3.283e-03	3.293e-01	9.533e-02
162008.50	-9.533e-04	9.360e-03	5.059e-02
162009.50	9.475e-03	6.720e-02	-2.602e-01
162010.50	-5.050e-04	1.027e-01	-2.131e-02
162011.50	3.984e-02	5.424e-01	1.459e-01
162012.50	-4.022e-03	-2.170e-01	-1.603e-01
162013.50	-1.210e-02	2.400e-02	1.766e-01
162014.50	8.400e-03	1.440e-01	-1.354e-01
162015.50	-6.787e-03	-1.075e-03	2.006e-01
162016.50	-3.293e-03	2.026e-01	1.219e-01
162017.50	-1.267e-03	1.075e-01	9.696e-02
162018.50	5.741e-04	1.056e-01	-1.085e-01
162019.50	9.322e-03	4.992e-02	-1.814e-01
162020.50	-9.005e-06	-1.603e-01	-6.720e-02
162021.50	-9.600e-04	-1.853e-01	-1.152e-01
162022.50	-1.795e-02	-1.987e-02	1.670e-01
162023.50	-7.325e-03	1.939e-02	2.832e-01
162024.50	2.054e-03	1.066e-01	1.306e-02
162025.50	3.187e-03	2.698e-01	1.306e-01
162026.50	-3.869e-03	-3.888e-02	1.776e-01
162027.50	-2.573e-03	3.878e-02	5.443e-02
162028.50	6.653e-03	-4.051e-02	-3.034e-01
162029.50	3.840e-03	-1.661e-01	-1.555e-01
162030.50	-1.027e-02	-6.163e-02	2.563e-01
162031.50	-8.554e-03	9.514e-02	5.894e-02
162032.50	1.267e-02	4.483e-01	-2.995e-02
162033.50	1.440e-03	4.627e-02	4.234e-02
162034.50	5.981e-03	5.203e-02	-1.219e-01
162035.50	5.885e-03	-1.248e-01	-6.835e-02
162036.50	-5.645e-03	1.056e-01	4.675e-02
162037.50	-1.296e-03	2.246e-02	9.379e-02
162038.50	-2.966e-03	-6.874e-02	1.354e-01
162039.50	9.091e-03	-2.131e-01	-2.093e-02
162040.50	4.848e-03	2.390e-01	-1.421e-01
162041.50	-8.458e-03	1.037e-01	5.770e-02
162042.50	2.650e-04	-8.986e-02	-1.565e-02
162043.50	1.373e-03	-9.696e-02	3.936e-02
162044.50	-2.890e-03	-9.062e-02	-2.909e-02
162045.50	-2.496e-03	1.402e-01	1.210e-01
162046.50	-5.971e-03	3.734e-02	6.125e-02
162047.50	-1.142e-03	1.238e-01	7.392e-02
162048.50	3.610e-03	2.986e-01	4.714e-02
162049.50	-2.170e-04	2.198e-01	1.450e-01
162050.50	-1.123e-04	-5.184e-02	-2.909e-02
162051.50	2.400e-04	8.083e-03	-1.738e-02
162052.50	-6.893e-03	-1.027e-01	7.440e-02
162053.50	-1.133e-04	1.066e-01	1.210e-01
162054.50	8.237e-04	-2.938e-01	-6.096e-02
162055.50	9.187e-03	3.600e-01	-6.662e-02
162056.50	7.363e-03	9.389e-02	-1.536e-01
162057.50	-8.794e-03	-2.237e-01	-3.427e-03
162058.50	1.325e-04	5.904e-02	2.208e-02
162059.50	4.810e-03	-1.661e-02	-4.675e-02
162060.50	-6.538e-03	1.469e-01	1.728e-01
162061.50	1.094e-03	-4.003e-04	2.563e-02
162062.50	-2.218e-04	2.573e-01	1.949e-01
162063.50	5.107e-03	2.390e-02	-1.517e-01
162064.50	6.826e-03	1.027e-01	-8.986e-02
162065.50	-3.418e-03	-8.832e-02	-5.539e-02
162066.50	9.984e-03	5.357e-02	-2.237e-01
162067.50	-2.410e-03	-3.706e-02	5.914e-02
162068.50	-7.507e-04	1.901e-01	2.698e-02
162069.50	2.131e-03	-1.670e-01	-1.546e-01
162070.50	-3.302e-03	-2.573e-02	2.438e-02
162071.50	4.205e-03	-4.464e-02	-8.880e-02
162072.50	-8.131e-03	-7.459e-02	8.294e-02
162073.50	-1.094e-02	8.419e-02	2.861e-01
162074.50	-8.736e-03	-2.736e-01	-8.880e-03
162075.50	-1.325e-03	3.850e-02	9.984e-02
162076.50	-7.939e-04	-4.013e-02	-5.222e-02
162077.50	-9.561e-03	-8.957e-03	2.179e-01
162078.50	3.043e-03	4.195e-02	-1.546e-01
162079.50	-4.080e-04	3.293e-02	-7.690e-02
162080.50	3.245e-03	-9.696e-02	-1.747e-02
162081.50	5.693e-03	1.238e-01	1.171e-01
162082.50	-1.776e-03	4.646e-02	1.670e-01
162083.50	1.046e-02	3.677e-02	-1.459e-01
162084.50	-3.581e-03	-1.248e-01	1.968e-02
162085.50	5.194e-03	9.043e-02	-2.246e-02
162086.50	3.667e-04	3.936e-02	-1.344e-01
162087.50	1.210e-05	-8.102e-02	-1.104e-01
162088.50	2.256e-03	1.824e-01	-9.696e-03
162089.50	6.010e-03	8.266e-02	-2.458e-02
162090.50	1.642e-03	-2.237e-02	6.614e-02
162091.50	2.304e-03	-5.885e-02	-1.459e-01
162092.50	-1.987e-03	-1.363e-01	-8.688e-02
162093.50	-3.043e-03	-4.666e-02	6.240e-02
162094.50	2.093e-03	1.046e-01	5.261e-02
162095.50	-2.534e-03	8.870e-02	4.426e-02
162096.50	6.835e-03	6.998e-02	-9.264e-02
162097.50	-5.117e-04	-4.051e-02	-4.618e-02
162098.50	-3.850e-03	8.640e-03	9.235e-02
162099.50	-2.419e-03	-1.008e-01	4.723e-02
162100.50	-5.165e-03	-7.334e-02	4.426e-02
162101.50	8.304e-04	-1.190e-02	-3.542e-02
162102.50	1.498e-03	1.315e-01	5.184e-02
162103.50	4.157e-03	1.718e-01	6.490e-03
162104.50	1.488e-03	1.152e-01	6.557e-02
162105.50	-1.085e-02	-3.053e-02	8.256e-02
162106.50	2.266e-03	-5.923e-02	-7.939e-02
162107.50	9.389e-03	1.306e-01	-1.469e-01
162108.50	-1.613e-03	-7.075e-02	-2.074e-02
162109.50	-4.752e-03	-1.613e-02	8.746e-02
162110.50	-2.256e-03	-5.856e-02	-1.411e-02
162111.50	-5.712e-03	-3.274e-02	1.181e-01
162112.50	-2.093e-03	1.152e-01	1.632e-01
162113.50	-6.125e-03	-1.114e-01	1.834e-01
162114.50	3.936e-03	-5.011e-02	-1.968e-01
162115.50	1.152e-03	-4.310e-02	2.630e-02
162116.50	1.018e-03	7.622e-02	3.965e-02
162117.50	-2.429e-03	1.142e-02	-9.696e-03
162118.50	-2.746e-03	-1.325e-01	-3.648e-02
162119.50	-1.046e-03	-8.957e-02	-5.856e-02
162120.50	1.200e-03	-4.790e-03	-1.027e-01
162121.50	-1.334e-03	7.699e-02	4.531e-03
162122.50	4.752e-03	8.294e-02	-3.840e-02
162123.50	1.037e-03	-6.566e-02	3.600e-02
162124.50	2.189e-03	1.786e-01	1.766e-02
162125.50	6.106e-03	1.574e-01	-7.651e-03
162126.50	-4.138e-03	-1.248e-01	3.485e-02
162127.50	-1.709e-03	-1.430e-01	-6.298e-02
162128.50	8.870e-03	2.333e-01	-1.104e-01
162129.50	-8.563e-03	-4.195e-02	1.930e-01
162130.50	-3.590e-03	-8.198e-02	-2.534e-03
162131.50	-1.306e-03	7.469e-03	5.654e-02
162132.50	-1.056e-04	2.362e-02	1.315e-02
162133.50	3.590e-03	-5.827e-02	-1.286e-01
162134.50	1.805e-03	3.830e-02	-9.494e-02
162135.50	-1.248e-04	3.811e-02	-1.488e-02
162136.50	3.590e-04	1.008e-01	6.115e-02
162137.50	-2.150e-03	-7.037e-02	7.363e-02
162138.50	3.898e-04	-1.258e-02	5.280e-02
162139.50	-4.886e-03	-1.238e-01	3.370e-02
162140.50	4.704e-03	1.786e-01	-3.331e-02
162141.50	-4.627e-03	-7.958e-02	4.675e-02
162142.50	-2.909e-03	-4.368e-03	8.774e-02
162143.50	-3.802e-03	-8.573e-02	-2.026e-02
162144.50	3.370e-04	-4.416e-02	-3.024e-02
162145.50	2.726e-03	8.707e-02	7.613e-04
162146.50	2.611e-03	9.888e-02	-1.296e-01
162147.50	1.747e-04	5.338e-02	4.234e-02
162148.50	1.747e-03	-3.389e-02	-3.686e-02
162149.50	1.555e-03	-6.288e-03	-1.498e-02
162150.50	3.715e-03	7.219e-02	-3.773e-02
162151.50	4.243e-03	7.306e-02	-2.208e-02
162152.50	-3.187e-04	6.605e-03	5.539e-02
162153.50	4.579e-03	1.152e-01	5.443e-03
162154.50	3.974e-03	5.126e-02	-3.878e-02
162155.50	-8.448e-03	-5.318e-02	1.584e-01
162156.50	3.062e-03	-4.378e-02	-9.600e-02
162157.50	-3.590e-03	-1.123e-01	-2.323e-02
162158.50	-2.640e-04	3.994e-02	1.469e-02
162159.50	-9.350e-04	-8.314e-02	-6.192e-02
162160.50	-4.435e-03	-1.296e-01	1.507e-02
162161.50	6.691e-03	7.229e-03	-1.334e-01
162162.50	1.267e-02	-9.398e-03	-7.181e-02
162163.50	7.325e-04	6.394e-02	5.126e-02
162164.50	-2.573e-03	-4.166e-03	9.091e-02
162165.50	3.418e-03	4.704e-03	-9.984e-02
162166.50	-4.176e-03	1.094e-02	5.952e-02
162167.50	-1.536e-03	-1.334e-02	6.595e-02
162168.50	-4.157e-03	-6.518e-02	1.008e-01
162169.50	3.590e-04	1.190e-02	-7.085e-02
162170.50	4.147e-03	7.786e-02	-1.296e-01
162171.50	1.478e-03	1.162e-01	9.792e-02
162172.50	-1.776e-02	6.480e-02	1.411e-01
162173.50	-4.205e-03	-1.094e-01	4.886e-02
162174.50	-4.272e-03	-5.981e-02	8.419e-02
162175.50	-2.246e-03	-6.230e-02	-2.698e-02
162176.50	6.672e-03	1.853e-01	-3.638e-02
162177.50	-2.160e-03	-1.958e-02	3.552e-02
162178.50	1.421e-03	8.256e-02	-6.307e-02
162179.50	-6.490e-04	-1.219e-01	-4.070e-02
162180.50	-5.434e-03	-3.677e-02	7.190e-02
162181.50	-1.238e-04	4.243e-02	6.758e-02
162182.50	-1.882e-03	-1.152e-01	9.696e-04
162183.50	-4.406e-04	1.680e-02	1.709e-02
162184.50	9.350e-04	-6.374e-03	-1.910e-02
162185.50	5.491e-03	5.261e-02	-1.114e-01
162186.50	2.726e-03	-4.627e-02	-1.325e-01
162187.50	-5.078e-04	1.766e-02	3.226e-02
162188.50	-7.670e-04	3.773e-02	5.501e-02
162189.50	4.147e-03	6.835e-02	-2.736e-02
162190.50	2.938e-03	2.861e-02	2.294e-02
162191.50	-2.659e-03	-1.661e-01	-9.984e-03
162192.50	-3.514e-03	4.531e-02	8.602e-02
162193.50	-6.653e-04	7.987e-03	1.085e-02
162194.50	-1.555e-03	5.453e-02	7.968e-03
162195.50	-1.248e-03	-4.790e-02	1.018e-02
162196.50	4.003e-03	-3.840e-02	-7.478e-02
162197.50	-4.512e-04	1.027e-01	3.418e-02
162198.50	-1.075e-03	1.450e-02	2.986e-02
162199.50	6.230e-03	1.018e-01	-6.336e-02
162200.50	2.458e-04	-5.952e-02	-8.592e-02
162201.50	-1.459e-03	-9.984e-02	-3.034e-02
162202.50	2.832e-04	-3.734e-02	-3.744e-02
162203.50	-7.738e-05	-6.854e-02	-5.030e-02
162204.50	-1.738e-03	3.475e-02	6.106e-02
162205.50	2.717e-05	2.515e-02	-4.474e-04
162206.50	-3.523e-03	1.766e-02	6.749e-02
162207.50	1.949e-03	-1.018e-02	2.592e-02
162208.50	4.800e-04	-3.830e-02	-1.574e-02
162209.50	9.888e-04	2.131e-02	3.398e-02
162210.50	-2.122e-03	-4.896e-03	2.899e-02
162211.50	2.448e-03	1.517e-01	3.830e-03
162212.50	3.043e-03	-1.526e-02	-1.094e-01
162213.50	-1.488e-03	-3.610e-02	2.784e-02
162214.50	1.181e-03	-9.235e-03	8.083e-03
162215.50	8.237e-04	2.448e-02	-5.405e-03
162216.50	3.850e-04	-2.218e-02	-3.168e-02
162217.50	1.565e-03	7.430e-02	3.178e-02
162218.50	-4.166e-05	-2.938e-03	-2.698e-02
162219.50	4.954e-05	5.558e-02	2.506e-02
162220.50	2.986e-03	2.093e-02	-4.906e-03
162221.50	2.074e-03	-9.888e-04	-3.638e-02
162222.50	-1.958e-04	2.582e-02	-5.606e-02
162223.50	-5.779e-04	6.173e-02	2.352e-02
162224.50	-3.475e-04	-1.286e-02	-2.218e-02
162225.50	8.899e-04	1.469e-04	5.827e-04
162226.50	-4.330e-03	-1.997e-02	4.637e-02
162227.50	-1.805e-03	-2.842e-02	2.534e-02
162228.50	1.238e-03	-8.573e-03	-5.117e-02
162229.50	-2.131e-03	-7.997e-02	-4.214e-03
162230.50	-4.291e-03	1.315e-02	7.162e-02
162231.50	-1.824e-03	8.131e-03	9.533e-03
162232.50	-2.774e-03	-1.354e-01	-4.973e-02
162233.50	-1.114e-03	-7.056e-02	-4.608e-02
162234.50	1.402e-03	1.008e-01	-4.541e-03
162235.50	3.523e-03	1.651e-03	-7.421e-02
162236.50	1.411e-03	-2.938e-03	-7.104e-02
162237.50	7.766e-06	1.402e-02	5.472e-02
162238.50	-1.603e-03	-2.083e-02	9.120e-02
162239.50	-4.195e-04	-4.867e-02	-1.392e-02
162240.50	1.546e-03	2.256e-02	-2.458e-02
162241.50	-9.792e-03	-5.309e-02	2.371e-02
162242.50	6.595e-04	2.563e-02	3.619e-02
162243.50	1.018e-03	3.974e-02	-2.947e-02
162244.50	5.482e-03	-2.141e-02	-7.786e-02
162245.50	8.131e-03	5.664e-02	-3.254e-02
162246.50	-6.576e-05	-4.042e-03	2.707e-02
162247.50	-4.157e-03	-9.792e-02	2.736e-02
162248.50	5.712e-03	-3.149e-02	-3.206e-02
162249.50	-3.341e-03	-1.306e-02	-2.362e-02
162250.50	-1.085e-03	-1.142e-02	-2.938e-02
162251.50	-1.411e-02	-6.211e-02	4.397e-02
162252.50	-1.114e-02	9.792e-03	1.450e-01
162253.50	3.034e-03	4.042e-02	1.286e-02
162254.50	2.160e-02	1.584e-01	-5.395e-02
162255.50	-4.166e-03	4.042e-02	7.152e-02
162256.50	-1.824e-03	1.488e-02	2.554e-02
162257.50	-3.782e-03	-3.120e-02	-4.301e-03
162258.50	-9.005e-03	-9.984e-02	1.488e-02
162259.50	8.074e-03	5.654e-02	-8.131e-02
162260.50	1.325e-02	9.888e-02	1.834e-02
162261.50	3.533e-03	8.285e-02	4.483e-02
162262.50	-1.238e-03	-6.240e-02	-7.622e-02
162263.50	-2.880e-03	-1.238e-02	-1.536e-02
162264.50	-1.795e-03	1.114e-02	-4.282e-02
162265.50	-2.486e-04	-4.474e-03	6.518e-02
162266.50	2.275e-03	4.973e-02	5.107e-02
162267.50	-5.165e-04	-4.963e-02	2.496e-02
162268.50	-3.005e-03	-4.579e-02	2.918e-02
162269.50	-2.822e-03	-3.677e-02	2.995e-02
162270.50	4.502e-04	-2.928e-02	-1.574e-02
162271.50	4.061e-03	6.624e-02	-1.402e-02
162272.50	-3.398e-03	3.245e-02	2.486e-02
162273.50	-2.813e-04	-1.978e-02	3.734e-02
162274.50	-3.437e-03	-3.850e-04	8.525e-02
162275.50	-1.008e-03	-1.018e-01	-5.443e-02
162276.50	-1.776e-03	3.283e-03	-1.661e-02
162277.50	1.507e-04	7.210e-02	-1.162e-02
162278.50	-1.325e-03	1.046e-02	-3.974e-02
162279.50	1.142e-03	3.398e-02	1.411e-02
