161681.50	0.000e+00	0.000e+00	0.000e+00
161682.50	0.000e+00	0.000e+00	0.000e+00
161683.50	0.000e+00	0.000e+00	0.000e+00
161684.50	0.000e+00	0.000e+00	0.000e+00
161685.50	0.000e+00	0.000e+00	0.000e+00
161686.50	0.000e+00	0.000e+00	0.000e+00
161687.50	0.000e+00	0.000e+00	0.000e+00
161688.50	0.000e+00	0.000e+00	0.000e+00
161689.50	0.000e+00	0.000e+00	0.000e+00
161690.50	0.000e+00	0.000e+00	0.000e+00
161691.50	0.000e+00	0.000e+00	0.000e+00
161692.50	0.000e+00	0.000e+00	0.000e+00
161693.50	0.000e+00	0.000e+00	0.000e+00
161694.50	0.000e+00	0.000e+00	0.000e+00
161695.50	0.000e+00	0.000e+00	0.000e+00
161696.50	0.000e+00	0.000e+00	0.000e+00
161697.50	0.000e+00	0.000e+00	0.000e+00
161698.50	0.000e+00	0.000e+00	0.000e+00
161699.50	0.000e+00	0.000e+00	0.000e+00
161700.50	0.000e+00	0.000e+00	0.000e+00
161701.50	0.000e+00	0.000e+00	0.000e+00
161702.50	0.000e+00	0.000e+00	0.000e+00
161703.50	0.000e+00	0.000e+00	0.000e+00
161704.50	0.000e+00	0.000e+00	0.000e+00
161705.50	0.000e+00	0.000e+00	0.000e+00
161706.50	0.000e+00	0.000e+00	0.000e+00
161707.50	0.000e+00	0.000e+00	0.000e+00
161708.50	0.000e+00	0.000e+00	0.000e+00
161709.50	0.000e+00	0.000e+00	0.000e+00
161710.50	0.000e+00	0.000e+00	0.000e+00
161711.50	0.000e+00	0.000e+00	0.000e+00
161712.50	0.000e+00	0.000e+00	0.000e+00
161713.50	0.000e+00	0.000e+00	0.000e+00
161714.50	0.000e+00	0.000e+00	0.000e+00
161715.50	0.000e+00	0.000e+00	0.000e+00
161716.50	0.000e+00	0.000e+00	0.000e+00
161717.50	0.000e+00	0.000e+00	0.000e+00
161718.50	0.000e+00	0.000e+00	0.000e+00
161719.50	0.000e+00	0.000e+00	0.000e+00
161720.50	0.000e+00	0.000e+00	0.000e+00
161721.50	0.000e+00	0.000e+00	0.000e+00
161722.50	0.000e+00	0.000e+00	0.000e+00
161723.50	0.000e+00	0.000e+00	0.000e+00
161724.50	0.000e+00	0.000e+00	0.000e+00
161725.50	0.000e+00	0.000e+00	0.000e+00
161726.50	0.000e+00	0.000e+00	0.000e+00
161727.50	0.000e+00	0.000e+00	0.000e+00
161728.50	0.000e+00	0.000e+00	0.000e+00
161729.50	0.000e+00	0.000e+00	0.000e+00
161730.50	0.000e+00	0.000e+00	0.000e+00
161731.50	0.000e+00	0.000e+00	0.000e+00
161732.50	0.000e+00	0.000e+00	0.000e+00
161733.50	0.000e+00	0.000e+00	0.000e+00
161734.50	0.000e+00	0.000e+00	0.000e+00
161735.50	0.000e+00	0.000e+00	0.000e+00
161736.50	0.000e+00	0.000e+00	0.000e+00
161737.50	0.000e+00	0.000e+00	0.000e+00
161738.50	0.000e+00	0.000e+00	0.000e+00
161739.50	0.000e+00	0.000e+00	0.000e+00
161740.50	0.000e+00	0.000e+00	0.000e+00
161741.50	0.000e+00	0.000e+00	0.000e+00
161742.50	0.000e+00	0.000e+00	0.000e+00
161743.50	0.000e+00	0.000e+00	0.000e+00
161744.50	0.000e+00	0.000e+00	0.000e+00
161745.50	0.000e+00	0.000e+00	0.000e+00
161746.50	0.000e+00	0.000e+00	0.000e+00
161747.50	0.000e+00	0.000e+00	0.000e+00
161748.50	0.000e+00	0.000e+00	0.000e+00
161749.50	0.000e+00	0.000e+00	0.000e+00
161750.50	0.000e+00	0.000e+00	0.000e+00
161751.50	0.000e+00	0.000e+00	0.000e+00
161752.50	0.000e+00	0.000e+00	0.000e+00
161753.50	0.000e+00	0.000e+00	0.000e+00
161754.50	0.000e+00	0.000e+00	0.000e+00
161755.50	0.000e+00	0.000e+00	0.000e+00
161756.50	0.000e+00	0.000e+00	0.000e+00
161757.50	0.000e+00	0.000e+00	0.000e+00
161758.50	0.000e+00	0.000e+00	0.000e+00
161759.50	0.000e+00	0.000e+00	0.000e+00
161760.50	0.000e+00	0.000e+00	0.000e+00
161761.50	0.000e+00	0.000e+00	0.000e+00
161762.50	0.000e+00	0.000e+00	0.000e+00
161763.50	0.000e+00	0.000e+00	0.000e+00
161764.50	0.000e+00	0.000e+00	0.000e+00
161765.50	0.000e+00	0.000e+00	0.000e+00
161766.50	0.000e+00	0.000e+00	0.000e+00
161767.50	0.000e+00	0.000e+00	0.000e+00
161768.50	0.000e+00	0.000e+00	0.000e+00
161769.50	0.000e+00	0.000e+00	0.000e+00
161770.50	0.000e+00	0.000e+00	0.000e+00
161771.50	0.000e+00	0.000e+00	0.000e+00
161772.50	0.000e+00	0.000e+00	0.000e+00
161773.50	0.000e+00	0.000e+00	0.000e+00
161774.50	0.000e+00	0.000e+00	0.000e+00
161775.50	0.000e+00	0.000e+00	0.000e+00
161776.50	0.000e+00	0.000e+00	0.000e+00
161777.50	0.000e+00	0.000e+00	0.000e+00
161778.50	0.000e+00	0.000e+00	0.000e+00
161779.50	0.000e+00	0.000e+00	0.000e+00
161780.50	0.000e+00	0.000e+00	0.000e+00
161781.50	0.000e+00	0.000e+00	0.000e+00
161782.50	0.000e+00	0.000e+00	0.000e+00
161783.50	0.000e+00	0.000e+00	0.000e+00
161784.50	0.000e+00	0.000e+00	0.000e+00
161785.50	0.000e+00	0.000e+00	0.000e+00
161786.50	0.000e+00	0.000e+00	0.000e+00
161787.50	0.000e+00	0.000e+00	0.000e+00
161788.50	0.000e+00	0.000e+00	0.000e+00
161789.50	0.000e+00	0.000e+00	0.000e+00
161790.50	0.000e+00	0.000e+00	0.000e+00
161791.50	0.000e+00	0.000e+00	0.000e+00
161792.50	0.000e+00	0.000e+00	0.000e+00
161793.50	0.000e+00	0.000e+00	0.000e+00
161794.50	0.000e+00	0.000e+00	0.000e+00
161795.50	0.000e+00	0.000e+00	0.000e+00
161796.50	0.000e+00	0.000e+00	0.000e+00
161797.50	0.000e+00	0.000e+00	0.000e+00
161798.50	0.000e+00	0.000e+00	0.000e+00
161799.50	0.000e+00	0.000e+00	0.000e+00
161800.50	0.000e+00	0.000e+00	0.000e+00
161801.50	0.000e+00	0.000e+00	0.000e+00
161802.50	0.000e+00	0.000e+00	0.000e+00
161803.50	0.000e+00	0.000e+00	0.000e+00
161804.50	0.000e+00	0.000e+00	0.000e+00
161805.50	0.000e+00	0.000e+00	0.000e+00
161806.50	0.000e+00	0.000e+00	0.000e+00
161807.50	0.000e+00	0.000e+00	0.000e+00
161808.50	0.000e+00	0.000e+00	0.000e+00
161809.50	0.000e+00	0.000e+00	0.000e+00
161810.50	0.000e+00	0.000e+00	0.000e+00
161811.50	0.000e+00	0.000e+00	0.000e+00
161812.50	0.000e+00	0.000e+00	0.000e+00
161813.50	0.000e+00	0.000e+00	0.000e+00
161814.50	0.000e+00	0.000e+00	0.000e+00
161815.50	0.000e+00	0.000e+00	0.000e+00
161816.50	0.000e+00	0.000e+00	0.000e+00
161817.50	0.000e+00	0.000e+00	0.000e+00
161818.50	0.000e+00	0.000e+00	0.000e+00
161819.50	0.000e+00	0.000e+00	0.000e+00
161820.50	0.000e+00	0.000e+00	0.000e+00
161821.50	0.000e+00	0.000e+00	0.000e+00
161822.50	0.000e+00	0.000e+00	0.000e+00
161823.50	0.000e+00	0.000e+00	0.000e+00
161824.50	0.000e+00	0.000e+00	0.000e+00
161825.50	0.000e+00	0.000e+00	0.000e+00
161826.50	0.000e+00	0.000e+00	0.000e+00
161827.50	0.000e+00	0.000e+00	0.000e+00
161828.50	0.000e+00	0.000e+00	0.000e+00
161829.50	0.000e+00	0.000e+00	0.000e+00
161830.50	0.000e+00	0.000e+00	0.000e+00
161831.50	0.000e+00	0.000e+00	0.000e+00
161832.50	0.000e+00	0.000e+00	0.000e+00
161833.50	0.000e+00	0.000e+00	0.000e+00
161834.50	0.000e+00	0.000e+00	0.000e+00
161835.50	0.000e+00	0.000e+00	0.000e+00
161836.50	0.000e+00	0.000e+00	0.000e+00
161837.50	0.000e+00	0.000e+00	0.000e+00
161838.50	0.000e+00	0.000e+00	0.000e+00
161839.50	1.728e-07	4.742e-07	6.605e-06
161840.50	2.400e-06	7.402e-04	-6.384e-05
161841.50	1.277e-05	-2.429e-04	4.474e-04
161842.50	-2.890e-06	-9.494e-05	-1.920e-05
161843.50	-7.104e-06	4.368e-05	-2.813e-04
161844.50	-4.752e-06	5.078e-05	-7.517e-05
161845.50	3.466e-05	3.984e-03	1.248e-03
161846.50	-6.643e-06	-4.224e-04	-1.162e-03
161847.50	8.141e-06	-2.294e-03	1.622e-03
161848.50	2.122e-05	-1.190e-03	8.458e-04
161849.50	6.547e-06	-3.014e-03	2.294e-03
161850.50	-1.795e-05	1.133e-03	-9.341e-04
161851.50	-1.402e-04	-6.163e-03	-7.469e-03
161852.50	-9.024e-05	-2.179e-02	-9.437e-03
161853.50	-4.762e-04	-2.640e-03	-2.765e-02
161854.50	1.037e-03	5.146e-02	5.597e-02
161855.50	-6.192e-04	-1.229e-01	-3.600e-02
161856.50	4.474e-03	-4.109e-01	2.851e-01
161857.50	8.150e-03	-3.149e+00	3.763e-01
161858.50	7.632e-02	-4.109e+01	4.080e+00
161859.50	2.774e+00	-1.027e+03	1.622e+02
161860.50	2.150e+00	-7.085e+02	1.094e+02
161861.50	-3.706e-01	8.352e+01	-3.379e+01
161862.50	-5.779e-01	1.334e+02	-3.658e+01
161863.50	-2.438e-01	1.421e+02	-1.728e+01
161864.50	-4.416e-01	1.046e+02	-2.563e+01
161865.50	-1.546e-01	1.008e+02	-1.027e+01
161866.50	-4.042e-01	1.018e+02	-2.410e+01
161867.50	-1.699e-01	8.246e+01	-9.302e+00
161868.50	-1.661e-01	7.958e+01	-9.235e+00
161869.50	-1.814e-01	6.586e+01	-9.523e+00
161870.50	-1.027e-01	5.664e+01	-5.789e+00
161871.50	-1.766e-01	5.770e+01	-9.466e+00
161872.50	-9.888e-02	5.107e+01	-4.522e+00
161873.50	-1.344e-01	4.310e+01	-7.133e+00
161874.50	-1.498e-01	4.406e+01	-8.141e+00
161875.50	-9.427e-02	3.850e+01	-4.858e+00
161876.50	-1.872e-01	3.984e+01	-9.792e+00
161877.50	-3.677e-02	3.571e+01	-1.901e+00
161878.50	-1.018e-01	3.062e+01	-4.829e+00
161879.50	-6.720e-02	2.755e+01	-3.350e+00
161880.50	-3.120e-02	2.630e+01	-1.181e+00
161881.50	-5.021e-02	2.208e+01	-2.112e+00
161882.50	-4.762e-02	2.362e+01	-2.189e+00
161883.50	-1.315e-03	2.218e+01	2.093e-01
161884.50	2.381e-04	1.872e+01	8.659e-02
161885.50	-5.539e-02	1.699e+01	-2.582e+00
161886.50	-5.338e-02	1.872e+01	-2.390e+00
161887.50	-3.398e-02	1.478e+01	-1.046e+00
161888.50	-4.138e-02	1.440e+01	-1.930e+00
161889.50	-5.002e-02	1.430e+01	-2.093e+00
161890.50	-1.795e-02	1.603e+01	-1.162e+00
161891.50	-5.606e-02	1.546e+01	-2.410e+00
161892.50	-5.011e-02	1.181e+01	-2.131e+00
161893.50	-3.898e-02	1.008e+01	-1.526e+00
161894.50	-3.706e-02	9.312e+00	-1.949e+00
161895.50	-3.677e-02	1.008e+01	-9.101e-01
161896.50	-1.555e-02	1.046e+01	-6.346e-01
161897.50	6.566e-03	8.285e+00	4.330e-01
161898.50	-2.410e-02	8.602e+00	-1.190e+00
161899.50	4.330e-04	7.402e+00	-3.101e-03
161900.50	-4.838e-02	7.920e+00	-2.045e+00
161901.50	-2.966e-02	6.173e+00	-1.219e+00
161902.50	-5.213e-03	6.000e+00	3.648e-01
161903.50	3.917e-03	6.307e+00	3.504e-01
161904.50	-1.114e-02	5.827e+00	-3.302e-01
161905.50	-8.573e-04	6.010e+00	2.918e-01
161906.50	2.813e-02	5.626e+00	1.459e+00
161907.50	7.843e-03	5.232e+00	7.306e-01
161908.50	-2.458e-02	3.994e+00	-1.430e+00
161909.50	-2.736e-02	4.368e+00	-1.219e+00
161910.50	-2.362e-03	4.330e+00	1.709e-02
161911.50	7.718e-03	4.579e+00	1.978e-01
161912.50	-9.235e-03	4.080e+00	-4.138e-02
161913.50	-1.296e-02	5.098e+00	-5.942e-01
161914.50	-7.949e-03	3.187e+00	-3.859e-01
161915.50	-3.878e-02	3.274e+00	-1.219e+00
161916.50	-8.362e-03	2.861e+00	-6.557e-02
161917.50	-8.371e-03	3.907e+00	-2.688e-01
161918.50	-1.402e-02	2.861e+00	-7.594e-01
161919.50	-1.267e-02	2.880e+00	-5.405e-01
161920.50	-1.094e-02	2.477e+00	-2.938e-01
161921.50	5.078e-03	2.486e+00	3.610e-01
161922.50	2.208e-02	2.592e+00	1.085e+00
161923.50	4.022e-03	2.678e+00	3.168e-01
161924.50	-3.130e-02	1.776e+00	-1.459e+00
161925.50	-7.094e-03	2.419e+00	-3.178e-01
161926.50	-7.219e-03	1.958e+00	-2.707e-01
161927.50	-8.064e-03	2.026e+00	-2.592e-01
161928.50	-1.200e-02	1.066e+00	-2.314e-01
161929.50	-2.870e-03	1.267e+00	1.238e-02
161930.50	-2.506e-02	1.814e+00	-1.133e+00
161931.50	-6.653e-04	1.891e+00	1.824e-01
161932.50	-1.008e-02	2.083e+00	-4.176e-01
161933.50	-8.554e-03	2.102e+00	-3.955e-01
161934.50	-7.142e-03	1.450e+00	-5.194e-01
161935.50	1.056e-02	-3.206e-01	6.624e-01
161936.50	-4.022e-03	1.325e+00	5.462e-02
161937.50	3.014e-03	1.325e+00	-2.506e-01
161938.50	-6.509e-03	1.738e+00	-1.517e-01
161939.50	-9.792e-04	7.171e-01	2.285e-01
161940.50	7.219e-03	1.459e+00	1.699e-01
161941.50	-1.555e-02	6.624e-01	-7.488e-01
161942.50	-2.832e-03	1.296e+00	-3.754e-02
161943.50	4.800e-03	-4.090e-03	4.733e-02
161944.50	-1.814e-02	8.438e-01	-3.859e-01
161945.50	-9.696e-03	9.792e-01	-1.834e-01
161946.50	6.710e-03	5.626e-01	3.283e-01
161947.50	4.474e-03	7.354e-01	8.544e-02
161948.50	-1.373e-02	1.267e+00	-5.885e-01
161949.50	-2.198e-04	7.891e-01	-4.214e-02
161950.50	-1.661e-02	7.210e-01	-5.846e-01
161951.50	-3.014e-03	6.317e-01	7.478e-02
161952.50	3.264e-03	-1.152e-01	4.618e-02
161953.50	-6.557e-03	6.758e-01	-8.122e-03
161954.50	-7.661e-03	8.755e-01	-2.582e-01
161955.50	-1.229e-02	5.702e-01	-5.030e-01
161956.50	7.056e-03	2.688e-01	2.861e-02
161957.50	-3.005e-03	9.168e-01	-2.362e-01
161958.50	9.072e-03	9.120e-01	3.754e-01
161959.50	-7.190e-03	3.475e-01	-2.630e-01
161960.50	-4.637e-03	8.208e-01	-7.882e-02
161961.50	1.430e-02	2.688e-01	5.568e-01
161962.50	-8.698e-03	4.061e-01	-2.093e-01
161963.50	-1.546e-03	3.917e-01	-1.075e-01
161964.50	5.626e-03	1.805e-01	2.064e-01
161965.50	4.214e-04	6.480e-01	9.062e-03
161966.50	2.650e-04	1.162e+00	6.653e-02
161967.50	-3.312e-03	3.245e-01	-1.104e-01
161968.50	-1.037e-02	1.565e-01	-5.318e-01
161969.50	-9.216e-03	3.398e-01	-1.651e-01
161970.50	-5.990e-04	3.984e-01	6.758e-02
161971.50	3.341e-03	2.035e-01	1.046e-01
161972.50	-8.986e-03	-1.469e-01	-1.258e-01
161973.50	-1.795e-03	4.589e-02	-7.680e-02
161974.50	6.480e-05	3.216e-01	7.450e-02
161975.50	4.243e-04	6.883e-02	1.478e-02
161976.50	-1.008e-02	4.214e-01	-5.914e-01
161977.50	-3.888e-03	3.168e-01	-4.051e-02
161978.50	3.331e-03	1.114e-01	1.152e-01
161979.50	1.306e-02	9.053e-01	4.070e-01
161980.50	-6.672e-03	7.469e-02	-2.602e-01
161981.50	-4.042e-03	-4.858e-02	-3.744e-01
161982.50	-5.414e-03	3.830e-02	-3.082e-01
161983.50	8.141e-04	5.136e-01	1.363e-01
161984.50	3.302e-03	-2.362e-02	2.659e-01
161985.50	1.286e-02	2.294e-01	2.986e-01
161986.50	1.123e-02	-7.766e-03	-1.642e-01
161987.50	-2.755e-03	1.018e-01	1.651e-01
161988.50	-5.395e-03	3.533e-01	-4.349e-02
161989.50	-4.454e-03	1.440e-01	8.410e-03
161990.50	-8.957e-03	4.186e-01	-2.352e-01
161991.50	1.133e-02	2.698e-01	1.546e-02
161992.50	-6.317e-03	2.266e-02	6.442e-02
161993.50	-5.674e-03	-1.238e-01	1.843e-01
161994.50	-2.045e-02	3.504e-02	-4.176e-01
161995.50	-4.243e-04	-1.814e-01	-1.546e-01
161996.50	5.011e-03	2.650e-01	2.822e-01
161997.50	2.054e-04	3.590e-01	-2.438e-01
161998.50	-5.434e-04	5.030e-01	5.578e-02
161999.50	-3.149e-03	-2.515e-01	-5.731e-02
162000.50	8.208e-04	-4.925e-02	-8.736e-03
162001.50	1.315e-03	1.728e-01	-6.768e-03
162002.50	-7.642e-03	5.222e-01	-1.786e-01
162003.50	4.762e-03	1.114e-01	2.803e-01
162004.50	1.200e-02	2.746e-01	3.590e-02
162005.50	-3.955e-03	2.438e-01	1.354e-01
162006.50	-6.403e-03	2.102e-01	-2.880e-01
162007.50	3.370e-03	-1.958e-01	1.958e-01
162008.50	2.611e-03	2.102e-01	8.554e-02
162009.50	-4.934e-03	-5.606e-02	-1.190e-01
162010.50	-6.346e-03	1.219e-02	-2.208e-02
162011.50	-1.066e-02	1.267e-01	-1.190e-01
162012.50	-9.024e-03	1.843e-01	-2.822e-01
162013.50	7.267e-03	9.053e-02	1.574e-01
162014.50	8.573e-03	9.696e-02	3.610e-01
162015.50	-1.738e-03	-3.053e-01	-5.654e-02
162016.50	3.802e-04	6.653e-01	-1.978e-01
162017.50	7.930e-04	-1.738e-01	1.094e-01
162018.50	9.053e-03	-2.592e-02	3.235e-01
162019.50	-4.022e-03	5.558e-01	-2.054e-01
162020.50	1.459e-03	1.075e-01	-5.347e-02
162021.50	-3.936e-03	7.152e-02	-9.600e-03
162022.50	1.334e-03	-2.112e-01	6.989e-03
162023.50	2.506e-03	-3.984e-02	9.590e-02
162024.50	-6.922e-03	2.294e-01	-1.507e-01
162025.50	2.342e-03	9.984e-02	1.872e-02
162026.50	3.658e-03	-1.094e-01	2.266e-01
162027.50	-2.525e-03	4.301e-02	-8.851e-02
162028.50	-2.554e-03	-3.101e-02	-2.438e-01
162029.50	-4.656e-03	1.018e-01	-7.373e-02
162030.50	2.870e-04	3.322e-01	-4.666e-02
162031.50	2.496e-03	-1.056e-01	9.475e-02
162032.50	-5.750e-03	-1.219e-01	-2.976e-01
162033.50	1.133e-03	2.362e-02	2.150e-01
162034.50	-4.541e-03	3.149e-01	-7.507e-02
162035.50	-6.173e-03	5.347e-02	-1.142e-01
162036.50	-3.523e-03	2.083e-01	-1.200e-01
162037.50	3.744e-03	2.429e-01	2.563e-01
162038.50	-2.237e-03	-7.757e-02	-1.546e-01
162039.50	1.008e-04	-1.901e-05	9.888e-02
162040.50	-4.416e-04	5.597e-02	6.557e-02
162041.50	3.370e-03	2.112e-01	8.592e-02
162042.50	8.266e-03	5.011e-02	1.920e-01
162043.50	-5.981e-04	-6.134e-02	-1.786e-02
162044.50	-4.627e-03	1.459e-01	-1.651e-01
162045.50	-1.363e-03	2.938e-02	-1.334e-01
162046.50	-1.190e-03	-1.738e-01	9.082e-02
162047.50	4.867e-03	8.006e-02	1.306e-01
162048.50	-4.867e-03	-2.390e-02	-5.990e-02
162049.50	-5.856e-05	-9.466e-02	-1.795e-02
162050.50	-8.179e-03	-3.485e-02	-3.034e-01
162051.50	8.784e-04	1.555e-01	5.635e-02
162052.50	3.725e-03	3.206e-01	1.229e-01
162053.50	2.323e-04	7.603e-02	-8.947e-02
162054.50	-2.698e-03	1.315e-01	-8.755e-02
162055.50	-4.435e-03	-6.624e-02	-1.920e-01
162056.50	1.584e-03	-2.477e-01	8.726e-02
162057.50	1.555e-03	4.128e-02	-7.363e-02
162058.50	1.526e-03	1.286e-01	2.122e-01
162059.50	-3.792e-03	-1.776e-02	1.238e-02
162060.50	-2.285e-03	9.504e-02	-8.544e-03
162061.50	-5.587e-03	1.104e-01	-1.958e-01
162062.50	8.678e-04	-5.866e-02	-7.334e-03
162063.50	6.509e-03	1.565e-01	2.362e-01
162064.50	-6.096e-04	-4.051e-02	-1.795e-03
162065.50	1.296e-03	7.882e-02	1.200e-02
162066.50	3.792e-03	8.506e-02	-6.480e-02
162067.50	8.640e-03	-2.237e-01	9.888e-03
162068.50	-3.024e-03	5.184e-02	2.275e-01
162069.50	-6.576e-03	8.496e-02	-1.037e-01
162070.50	3.926e-03	7.546e-02	1.786e-02
162071.50	-1.450e-03	6.058e-02	-1.075e-02
162072.50	5.990e-03	4.685e-02	4.368e-02
162073.50	4.445e-03	-6.307e-02	1.018e-01
162074.50	1.421e-04	-9.600e-02	-5.818e-02
162075.50	-2.880e-03	6.307e-02	-1.210e-01
162076.50	2.410e-03	-1.690e-02	4.032e-02
162077.50	-5.328e-04	1.238e-01	-1.066e-01
162078.50	-1.843e-03	-1.037e-01	7.699e-03
162079.50	2.669e-03	-4.070e-02	1.008e-01
162080.50	6.403e-03	1.392e-02	1.258e-02
162081.50	-5.990e-03	1.114e-01	-1.920e-01
162082.50	-9.984e-04	5.587e-02	1.622e-01
162083.50	4.013e-03	-5.347e-02	5.366e-02
162084.50	1.306e-03	4.051e-02	-2.746e-02
162085.50	-2.390e-03	-8.688e-02	3.091e-02
162086.50	6.970e-04	-6.010e-02	1.306e-01
162087.50	-4.253e-03	2.112e-01	-2.467e-02
162088.50	-5.117e-05	5.290e-02	6.749e-02
162089.50	-4.397e-03	-7.805e-02	-1.075e-01
162090.50	3.974e-03	9.130e-02	-8.160e-02
162091.50	-2.122e-03	1.690e-02	-3.648e-02
162092.50	-3.101e-03	8.342e-03	-7.066e-02
162093.50	-8.515e-03	-3.043e-02	-1.536e-01
162094.50	-2.179e-03	-1.440e-01	1.018e-01
162095.50	7.085e-03	-6.960e-02	1.718e-01
162096.50	-1.555e-03	6.643e-02	2.650e-02
162097.50	-3.331e-03	-3.456e-02	-1.382e-01
162098.50	6.979e-03	-1.930e-02	1.507e-01
162099.50	-3.725e-04	1.152e-01	9.091e-02
162100.50	4.330e-04	9.792e-03	3.360e-05
162101.50	2.784e-03	-3.533e-02	8.563e-02
162102.50	1.507e-03	-2.246e-03	-3.072e-02
162103.50	6.000e-03	-5.674e-02	-1.267e-01
162104.50	-7.565e-03	1.046e-01	-1.027e-01
162105.50	-8.765e-03	-6.816e-02	-9.984e-02
162106.50	4.397e-03	-4.157e-02	1.584e-01
162107.50	-4.195e-03	-5.328e-02	-9.792e-02
162108.50	1.718e-03	9.408e-03	-8.246e-02
162109.50	4.042e-03	-3.254e-02	-2.400e-02
162110.50	-6.643e-03	-4.560e-02	8.496e-03
162111.50	-1.229e-02	7.306e-02	-2.419e-01
162112.50	2.256e-03	-2.765e-02	1.267e-01
162113.50	-4.963e-04	1.114e-01	-6.000e-02
162114.50	1.018e-03	-8.899e-02	1.603e-01
162115.50	3.197e-04	1.354e-01	-2.698e-02
162116.50	-8.198e-05	-2.131e-04	3.936e-03
162117.50	-4.512e-03	-6.538e-02	-1.546e-01
162118.50	-3.725e-03	-1.258e-01	-1.046e-02
162119.50	6.682e-03	1.018e-01	1.574e-01
162120.50	5.635e-03	1.162e-01	2.170e-02
162121.50	-7.651e-03	2.179e-02	-1.094e-01
162122.50	2.765e-04	-1.018e-01	-1.709e-02
162123.50	5.568e-04	-2.851e-02	4.685e-02
162124.50	1.766e-03	1.286e-01	1.229e-01
162125.50	-3.994e-03	2.218e-02	-1.536e-01
162126.50	-1.018e-03	-4.022e-02	-1.258e-01
162127.50	-5.222e-04	4.157e-02	7.632e-02
162128.50	5.712e-03	1.181e-01	1.853e-01
162129.50	8.438e-03	6.480e-02	5.338e-02
162130.50	2.179e-03	3.965e-02	1.382e-02
162131.50	-3.629e-03	3.533e-02	-1.507e-02
162132.50	1.718e-03	2.928e-02	7.738e-02
162133.50	-4.301e-03	2.131e-01	-2.237e-01
162134.50	-6.845e-03	-9.139e-02	-2.045e-01
162135.50	-8.746e-04	7.430e-02	-6.970e-02
162136.50	1.930e-03	6.269e-02	3.984e-02
162137.50	-7.334e-04	-1.171e-01	6.230e-02
162138.50	1.286e-02	-2.995e-02	3.859e-02
162139.50	2.726e-04	1.286e-01	-5.789e-02
162140.50	-9.792e-03	-4.272e-02	-8.486e-02
162141.50	1.296e-03	3.341e-02	4.522e-02
162142.50	-6.173e-04	-8.592e-02	-1.037e-01
162143.50	6.374e-04	-6.125e-03	7.402e-03
162144.50	9.360e-04	-5.981e-02	4.406e-02
162145.50	4.637e-04	-5.712e-02	-4.963e-02
162146.50	1.632e-04	1.910e-01	4.397e-02
162147.50	-1.949e-03	1.766e-01	5.606e-02
162148.50	2.832e-04	-5.309e-02	1.488e-02
162149.50	-2.726e-03	-4.061e-02	-8.102e-02
162150.50	4.522e-05	5.174e-02	9.552e-03
162151.50	3.149e-03	1.622e-02	8.976e-02
162152.50	-4.896e-04	-1.939e-01	3.802e-02
162153.50	3.389e-03	1.786e-02	1.373e-01
162154.50	-8.371e-04	9.168e-03	-5.366e-02
162155.50	1.133e-03	-4.032e-02	6.768e-02
162156.50	-1.190e-03	5.040e-02	-1.862e-02
162157.50	-4.118e-03	5.856e-02	-1.738e-03
162158.50	1.766e-03	-2.112e-02	5.501e-02
162159.50	2.640e-04	6.806e-03	-5.251e-02
162160.50	9.696e-04	8.486e-02	3.610e-03
162161.50	-7.622e-03	-3.283e-02	-1.277e-01
162162.50	2.150e-03	-7.248e-02	6.019e-02
162163.50	-7.680e-04	2.131e-03	-1.056e-01
162164.50	-1.565e-03	2.141e-02	-1.382e-02
162165.50	1.277e-04	6.010e-02	-2.083e-02
162166.50	-2.285e-03	-9.888e-02	9.696e-03
162167.50	1.824e-03	-3.466e-02	9.446e-02
162168.50	4.589e-03	4.061e-02	9.533e-02
162169.50	-2.698e-04	7.536e-02	-1.392e-01
162170.50	-2.947e-03	6.278e-02	-3.139e-02
162171.50	-3.082e-03	-2.006e-02	-9.696e-03
162172.50	2.179e-04	6.672e-02	1.651e-02
162173.50	-2.294e-03	-6.442e-02	-1.517e-01
162174.50	5.280e-04	-2.554e-03	-6.826e-04
162175.50	-3.955e-03	-5.990e-02	-1.536e-02
162176.50	4.531e-04	-3.245e-02	-2.573e-02
162177.50	-1.171e-03	-1.056e-01	-4.358e-02
162178.50	-2.122e-03	-9.206e-03	5.712e-02
162179.50	5.347e-03	2.909e-02	1.795e-01
162180.50	1.402e-03	-5.165e-02	5.491e-02
162181.50	-2.390e-03	-9.523e-02	-1.075e-01
162182.50	1.123e-03	4.810e-02	7.430e-03
162183.50	-4.666e-03	-4.397e-02	-6.883e-02
162184.50	-3.283e-04	8.429e-02	2.909e-02
162185.50	4.224e-04	8.813e-02	1.094e-02
162186.50	3.302e-03	9.235e-02	3.293e-02
162187.50	2.323e-04	2.170e-02	2.861e-02
162188.50	1.248e-03	-7.901e-03	2.918e-02
162189.50	1.440e-03	-1.459e-02	-3.149e-03
162190.50	-2.736e-03	-1.085e-01	-4.502e-02
162191.50	-2.026e-03	1.363e-02	2.698e-03
162192.50	2.880e-03	7.632e-02	-1.440e-02
162193.50	-3.274e-03	1.190e-02	-6.787e-02
162194.50	1.046e-03	-2.400e-04	3.792e-03
162195.50	2.208e-03	-1.642e-01	1.507e-02
162196.50	-6.211e-05	3.331e-02	-6.941e-03
162197.50	-2.573e-03	4.915e-02	-1.930e-02
162198.50	3.005e-03	2.899e-02	-9.254e-02
162199.50	4.944e-04	-6.653e-04	-2.122e-02
162200.50	-5.760e-04	3.274e-02	-4.186e-02
162201.50	-2.717e-04	3.139e-02	4.051e-02
162202.50	-3.629e-06	-5.165e-03	6.125e-02
162203.50	1.651e-03	1.565e-02	7.546e-02
162204.50	4.762e-04	-5.309e-02	5.501e-03
162205.50	-1.018e-03	1.306e-02	-2.890e-02
162206.50	2.016e-03	4.051e-02	5.875e-02
162207.50	-1.824e-03	-1.085e-03	1.315e-02
162208.50	1.440e-03	-5.856e-02	-1.411e-02
162209.50	-5.059e-04	-3.965e-02	-7.171e-02
162210.50	-1.661e-03	-2.438e-02	-2.515e-02
162211.50	1.056e-03	2.698e-02	-2.371e-02
162212.50	5.059e-04	4.656e-02	2.458e-02
162213.50	-4.195e-03	4.800e-02	4.214e-02
162214.50	-1.997e-03	3.389e-03	1.296e-01
162215.50	8.544e-03	5.405e-02	3.523e-02
162216.50	-4.310e-03	-1.968e-02	-6.595e-02
162217.50	-1.670e-03	-1.622e-01	-1.066e-01
162218.50	3.389e-03	1.661e-02	-6.115e-03
162219.50	8.746e-04	4.656e-02	9.696e-02
162220.50	-1.997e-03	2.621e-02	-4.186e-02
162221.50	1.766e-04	2.064e-02	-3.974e-02
162222.50	-1.459e-03	7.594e-02	-1.536e-03
162223.50	-4.704e-03	5.357e-02	-7.891e-02
162224.50	1.008e-02	-9.696e-03	8.342e-02
162225.50	1.238e-02	1.085e-01	1.392e-01
162226.50	-3.283e-02	-1.200e-01	-8.486e-02
162227.50	2.515e-03	-1.171e-02	3.542e-02
162228.50	1.987e-04	3.274e-02	7.478e-03
162229.50	-7.450e-03	-4.243e-02	-1.574e-01
162230.50	-2.381e-03	-4.752e-02	-6.826e-02
162231.50	3.485e-03	3.418e-02	6.720e-02
162232.50	6.941e-04	-4.368e-02	3.206e-02
162233.50	8.534e-03	-2.659e-02	3.734e-02
162234.50	4.080e-03	-4.397e-02	3.514e-02
162235.50	-3.264e-03	-3.562e-02	-1.546e-03
162236.50	-3.725e-03	4.886e-02	-7.104e-02
162237.50	-6.547e-04	6.403e-02	-6.864e-03
162238.50	4.445e-03	1.210e-03	7.190e-02
162239.50	5.597e-04	-1.306e-02	-1.930e-02
162240.50	-2.256e-03	-3.091e-02	-7.603e-02
162241.50	-4.762e-04	5.414e-02	2.170e-02
162242.50	-1.651e-03	1.037e-02	1.795e-02
162243.50	9.504e-04	5.798e-03	3.149e-02
162244.50	3.946e-03	-3.946e-02	2.429e-02
162245.50	-3.350e-03	3.293e-02	-7.680e-02
162246.50	-3.360e-03	2.410e-02	-6.576e-02
162247.50	2.986e-04	-6.653e-02	2.602e-02
162248.50	1.805e-03	1.853e-02	7.094e-02
162249.50	-1.094e-02	-4.061e-02	-6.922e-02
162250.50	1.056e-03	5.414e-02	-3.168e-02
162251.50	5.414e-03	8.803e-02	7.978e-02
162252.50	-9.245e-04	-3.667e-02	1.267e-03
162253.50	7.325e-04	-1.075e-02	7.037e-02
162254.50	-2.256e-03	-6.893e-02	-6.173e-03
162255.50	-3.763e-04	-3.293e-02	-1.296e-02
162256.50	1.555e-03	1.373e-02	-2.765e-02
162257.50	3.514e-04	3.638e-02	1.891e-02
162258.50	3.504e-03	3.149e-02	2.832e-02
162259.50	9.542e-03	7.517e-02	-2.630e-03
162260.50	6.067e-03	-3.101e-03	-6.624e-02
162261.50	-1.670e-03	-3.053e-02	-6.403e-02
162262.50	-3.331e-03	-4.771e-02	3.082e-03
162263.50	-2.314e-03	2.899e-02	7.037e-03
162264.50	5.309e-04	5.453e-02	5.568e-03
162265.50	3.379e-03	6.902e-03	4.762e-02
162266.50	3.245e-03	-9.696e-02	1.402e-02
162267.50	-2.774e-03	-2.016e-03	-1.171e-01
162268.50	1.440e-03	6.336e-03	5.338e-02
162269.50	5.491e-03	-3.782e-02	6.960e-02
162270.50	-1.440e-03	-1.709e-02	-2.266e-02
162271.50	-1.238e-03	-8.246e-02	1.162e-02
162272.50	-2.208e-03	-6.499e-02	-4.781e-02
162273.50	1.392e-03	4.704e-02	-4.531e-03
162274.50	2.726e-03	8.765e-02	5.760e-02
162275.50	2.477e-03	4.493e-02	5.971e-02
162276.50	1.853e-03	-7.594e-02	5.165e-02
162277.50	-1.814e-03	2.794e-03	-8.515e-02
162278.50	3.427e-03	-5.914e-03	-2.285e-03
162279.50	9.888e-03	1.277e-02	7.363e-02
