161681.50	0.000e+00	0.000e+00	0.000e+00
161682.50	0.000e+00	0.000e+00	0.000e+00
161683.50	0.000e+00	0.000e+00	0.000e+00
161684.50	0.000e+00	0.000e+00	0.000e+00
161685.50	0.000e+00	0.000e+00	0.000e+00
161686.50	0.000e+00	0.000e+00	0.000e+00
161687.50	0.000e+00	0.000e+00	0.000e+00
161688.50	0.000e+00	0.000e+00	0.000e+00
161689.50	0.000e+00	0.000e+00	0.000e+00
161690.50	0.000e+00	0.000e+00	0.000e+00
161691.50	0.000e+00	0.000e+00	0.000e+00
161692.50	0.000e+00	0.000e+00	0.000e+00
161693.50	0.000e+00	0.000e+00	0.000e+00
161694.50	0.000e+00	0.000e+00	0.000e+00
161695.50	0.000e+00	0.000e+00	0.000e+00
161696.50	0.000e+00	0.000e+00	0.000e+00
161697.50	0.000e+00	0.000e+00	0.000e+00
161698.50	0.000e+00	0.000e+00	0.000e+00
161699.50	0.000e+00	0.000e+00	0.000e+00
161700.50	0.000e+00	0.000e+00	0.000e+00
161701.50	0.000e+00	0.000e+00	0.000e+00
161702.50	0.000e+00	0.000e+00	0.000e+00
161703.50	0.000e+00	0.000e+00	0.000e+00
161704.50	0.000e+00	0.000e+00	0.000e+00
161705.50	0.000e+00	0.000e+00	0.000e+00
161706.50	0.000e+00	0.000e+00	0.000e+00
161707.50	0.000e+00	0.000e+00	0.000e+00
161708.50	0.000e+00	0.000e+00	0.000e+00
161709.50	0.000e+00	0.000e+00	0.000e+00
161710.50	0.000e+00	0.000e+00	0.000e+00
161711.50	0.000e+00	0.000e+00	0.000e+00
161712.50	0.000e+00	0.000e+00	0.000e+00
161713.50	0.000e+00	0.000e+00	0.000e+00
161714.50	0.000e+00	0.000e+00	0.000e+00
161715.50	0.000e+00	0.000e+00	0.000e+00
161716.50	0.000e+00	0.000e+00	0.000e+00
161717.50	0.000e+00	0.000e+00	0.000e+00
161718.50	0.000e+00	0.000e+00	0.000e+00
161719.50	0.000e+00	0.000e+00	0.000e+00
161720.50	0.000e+00	0.000e+00	0.000e+00
161721.50	0.000e+00	0.000e+00	0.000e+00
161722.50	0.000e+00	0.000e+00	0.000e+00
161723.50	0.000e+00	0.000e+00	0.000e+00
161724.50	0.000e+00	0.000e+00	0.000e+00
161725.50	0.000e+00	0.000e+00	0.000e+00
161726.50	0.000e+00	0.000e+00	0.000e+00
161727.50	0.000e+00	0.000e+00	0.000e+00
161728.50	0.000e+00	0.000e+00	0.000e+00
161729.50	0.000e+00	0.000e+00	0.000e+00
161730.50	0.000e+00	0.000e+00	0.000e+00
161731.50	0.000e+00	0.000e+00	0.000e+00
161732.50	0.000e+00	0.000e+00	0.000e+00
161733.50	0.000e+00	0.000e+00	0.000e+00
161734.50	0.000e+00	0.000e+00	0.000e+00
161735.50	0.000e+00	0.000e+00	0.000e+00
161736.50	0.000e+00	0.000e+00	0.000e+00
161737.50	0.000e+00	0.000e+00	0.000e+00
161738.50	0.000e+00	0.000e+00	0.000e+00
161739.50	0.000e+00	0.000e+00	0.000e+00
161740.50	0.000e+00	0.000e+00	0.000e+00
161741.50	0.000e+00	0.000e+00	0.000e+00
161742.50	0.000e+00	0.000e+00	0.000e+00
161743.50	0.000e+00	0.000e+00	0.000e+00
161744.50	0.000e+00	0.000e+00	0.000e+00
161745.50	0.000e+00	0.000e+00	0.000e+00
161746.50	0.000e+00	0.000e+00	0.000e+00
161747.50	0.000e+00	0.000e+00	0.000e+00
161748.50	0.000e+00	0.000e+00	0.000e+00
161749.50	0.000e+00	0.000e+00	0.000e+00
161750.50	0.000e+00	0.000e+00	0.000e+00
161751.50	0.000e+00	0.000e+00	0.000e+00
161752.50	0.000e+00	0.000e+00	0.000e+00
161753.50	0.000e+00	0.000e+00	0.000e+00
161754.50	0.000e+00	0.000e+00	0.000e+00
161755.50	0.000e+00	0.000e+00	0.000e+00
161756.50	0.000e+00	0.000e+00	0.000e+00
161757.50	0.000e+00	0.000e+00	0.000e+00
161758.50	0.000e+00	0.000e+00	0.000e+00
161759.50	0.000e+00	0.000e+00	0.000e+00
161760.50	0.000e+00	0.000e+00	0.000e+00
161761.50	0.000e+00	0.000e+00	0.000e+00
161762.50	0.000e+00	0.000e+00	0.000e+00
161763.50	0.000e+00	0.000e+00	0.000e+00
161764.50	0.000e+00	0.000e+00	0.000e+00
161765.50	0.000e+00	0.000e+00	0.000e+00
161766.50	0.000e+00	0.000e+00	0.000e+00
161767.50	0.000e+00	0.000e+00	0.000e+00
161768.50	0.000e+00	0.000e+00	0.000e+00
161769.50	0.000e+00	0.000e+00	0.000e+00
161770.50	0.000e+00	0.000e+00	0.000e+00
161771.50	0.000e+00	0.000e+00	0.000e+00
161772.50	0.000e+00	0.000e+00	0.000e+00
161773.50	0.000e+00	0.000e+00	0.000e+00
161774.50	0.000e+00	0.000e+00	0.000e+00
161775.50	0.000e+00	0.000e+00	0.000e+00
161776.50	0.000e+00	0.000e+00	0.000e+00
161777.50	0.000e+00	0.000e+00	0.000e+00
161778.50	0.000e+00	0.000e+00	0.000e+00
161779.50	0.000e+00	0.000e+00	0.000e+00
161780.50	0.000e+00	0.000e+00	0.000e+00
161781.50	0.000e+00	0.000e+00	0.000e+00
161782.50	0.000e+00	0.000e+00	0.000e+00
161783.50	0.000e+00	0.000e+00	0.000e+00
161784.50	0.000e+00	0.000e+00	0.000e+00
161785.50	0.000e+00	0.000e+00	0.000e+00
161786.50	0.000e+00	0.000e+00	0.000e+00
161787.50	0.000e+00	0.000e+00	0.000e+00
161788.50	0.000e+00	0.000e+00	0.000e+00
161789.50	0.000e+00	0.000e+00	0.000e+00
161790.50	0.000e+00	0.000e+00	0.000e+00
161791.50	0.000e+00	0.000e+00	0.000e+00
161792.50	0.000e+00	0.000e+00	0.000e+00
161793.50	0.000e+00	0.000e+00	0.000e+00
161794.50	0.000e+00	0.000e+00	0.000e+00
161795.50	0.000e+00	0.000e+00	0.000e+00
161796.50	0.000e+00	0.000e+00	0.000e+00
161797.50	0.000e+00	0.000e+00	0.000e+00
161798.50	0.000e+00	0.000e+00	0.000e+00
161799.50	0.000e+00	0.000e+00	0.000e+00
161800.50	0.000e+00	0.000e+00	0.000e+00
161801.50	0.000e+00	0.000e+00	0.000e+00
161802.50	0.000e+00	0.000e+00	0.000e+00
161803.50	0.000e+00	0.000e+00	0.000e+00
161804.50	0.000e+00	0.000e+00	0.000e+00
161805.50	0.000e+00	0.000e+00	0.000e+00
161806.50	0.000e+00	0.000e+00	0.000e+00
161807.50	0.000e+00	0.000e+00	0.000e+00
161808.50	0.000e+00	0.000e+00	0.000e+00
161809.50	0.000e+00	0.000e+00	0.000e+00
161810.50	0.000e+00	0.000e+00	0.000e+00
161811.50	0.000e+00	0.000e+00	0.000e+00
161812.50	0.000e+00	0.000e+00	0.000e+00
161813.50	0.000e+00	0.000e+00	0.000e+00
161814.50	0.000e+00	0.000e+00	0.000e+00
161815.50	0.000e+00	0.000e+00	0.000e+00
161816.50	0.000e+00	0.000e+00	0.000e+00
161817.50	0.000e+00	0.000e+00	0.000e+00
161818.50	0.000e+00	0.000e+00	0.000e+00
161819.50	0.000e+00	0.000e+00	0.000e+00
161820.50	0.000e+00	0.000e+00	0.000e+00
161821.50	0.000e+00	0.000e+00	0.000e+00
161822.50	0.000e+00	0.000e+00	0.000e+00
161823.50	0.000e+00	0.000e+00	0.000e+00
161824.50	0.000e+00	0.000e+00	0.000e+00
161825.50	0.000e+00	0.000e+00	0.000e+00
161826.50	0.000e+00	0.000e+00	0.000e+00
161827.50	0.000e+00	0.000e+00	0.000e+00
161828.50	0.000e+00	0.000e+00	0.000e+00
161829.50	0.000e+00	0.000e+00	0.000e+00
161830.50	0.000e+00	0.000e+00	0.000e+00
161831.50	0.000e+00	0.000e+00	0.000e+00
161832.50	0.000e+00	0.000e+00	0.000e+00
161833.50	0.000e+00	0.000e+00	0.000e+00
161834.50	0.000e+00	0.000e+00	0.000e+00
161835.50	0.000e+00	0.000e+00	0.000e+00
161836.50	0.000e+00	0.000e+00	0.000e+00
161837.50	0.000e+00	0.000e+00	0.000e+00
161838.50	0.000e+00	0.000e+00	0.000e+00
161839.50	0.000e+00	0.000e+00	0.000e+00
161840.50	0.000e+00	0.000e+00	0.000e+00
161841.50	0.000e+00	0.000e+00	0.000e+00
161842.50	0.000e+00	0.000e+00	0.000e+00
161843.50	0.000e+00	0.000e+00	0.000e+00
161844.50	0.000e+00	0.000e+00	0.000e+00
161845.50	0.000e+00	0.000e+00	0.000e+00
161846.50	0.000e+00	0.000e+00	0.000e+00
161847.50	-5.232e-05	5.194e-03	-5.203e-03
161848.50	-8.698e-05	4.589e-04	4.800e-03
161849.50	1.690e-06	-2.688e-03	4.109e-03
161850.50	9.322e-05	-6.106e-03	2.746e-03
161851.50	3.888e-05	5.578e-03	-1.104e-02
161852.50	1.920e-04	-3.600e-03	-2.592e-03
161853.50	5.242e-05	-2.890e-03	1.968e-03
161854.50	5.587e-05	-3.168e-03	1.555e-03
161855.50	-6.461e-05	1.824e-03	-3.840e-04
161856.50	-2.995e-05	4.771e-04	1.786e-03
161857.50	5.597e-05	-6.768e-03	3.360e-02
161858.50	3.024e-04	3.734e-03	-5.462e-03
161859.50	4.819e-04	-3.677e-03	-1.546e-02
161860.50	-1.248e-04	-1.075e-03	3.226e-03
161861.50	-3.706e-04	-6.614e-03	1.555e-02
161862.50	-9.984e-04	3.571e-02	-1.661e-03
161863.50	4.109e-03	-1.421e-01	-3.264e-02
161864.50	1.843e-02	-5.683e-01	-3.619e-01
161865.50	2.150e-01	-7.622e+00	-9.216e-01
161866.50	4.234e+00	-1.584e+02	1.882e+00
161867.50	1.747e+01	-6.250e+02	8.726e+00
161868.50	2.074e+01	-7.075e+02	1.373e+01
161869.50	7.853e+00	-2.390e+02	-1.334e+01
161870.50	3.043e-01	8.237e+00	4.301e+00
161871.50	-2.573e+00	1.018e+02	-7.344e+00
161872.50	-2.851e+00	1.066e+02	-6.451e+00
161873.50	-3.053e+00	1.085e+02	-2.352e+00
161874.50	-2.890e+00	9.888e+01	3.264e+00
161875.50	-2.822e+00	9.600e+01	4.224e+00
161876.50	-2.698e+00	9.130e+01	2.726e+00
161877.50	-2.381e+00	8.208e+01	-1.027e+00
161878.50	-2.045e+00	6.970e+01	-3.139e-01
161879.50	-1.968e+00	6.806e+01	-7.085e+00
161880.50	-1.757e+00	5.904e+01	1.382e+00
161881.50	-1.718e+00	5.914e+01	-5.021e+00
161882.50	-1.334e+00	4.550e+01	-1.142e+00
161883.50	-1.382e+00	4.646e+01	-9.696e-01
161884.50	-1.325e+00	4.397e+01	5.347e-01
161885.50	-1.286e+00	4.262e+01	1.075e+00
161886.50	-9.370e-01	3.187e+01	-2.064e+00
161887.50	-1.037e+00	3.350e+01	4.262e+00
161888.50	-9.408e-01	3.197e+01	-2.006e+00
161889.50	-9.696e-01	3.149e+01	2.045e+00
161890.50	-8.390e-01	2.832e+01	-1.094e+00
161891.50	-6.797e-01	2.362e+01	-3.859e+00
161892.50	-6.240e-01	2.074e+01	5.750e-01
161893.50	-6.845e-01	2.246e+01	6.134e-01
161894.50	-6.902e-01	2.246e+01	1.661e-01
161895.50	-5.491e-01	1.853e+01	-1.862e+00
161896.50	-5.779e-01	1.901e+01	6.874e-01
161897.50	-5.645e-01	1.776e+01	2.419e+00
161898.50	-4.656e-01	1.584e+01	-1.258e+00
161899.50	-4.454e-01	1.469e+01	3.254e-01
161900.50	-4.454e-01	1.469e+01	2.237e-01
161901.50	-4.022e-01	1.315e+01	6.518e-02
161902.50	-3.379e-01	1.104e+01	-5.002e-01
161903.50	-3.168e-01	1.037e+01	1.872e-01
161904.50	-3.427e-01	1.094e+01	4.666e-01
161905.50	-3.494e-01	1.142e+01	-5.366e-01
161906.50	-2.573e-01	8.573e+00	4.627e-02
161907.50	-2.198e-01	6.835e+00	1.066e+00
161908.50	-2.429e-01	8.285e+00	-4.704e-01
161909.50	-2.755e-01	8.688e+00	1.142e+00
161910.50	-2.467e-01	8.208e+00	-5.530e-01
161911.50	-2.486e-01	7.930e+00	7.402e-02
161912.50	-2.630e-01	8.102e+00	1.181e+00
161913.50	-1.603e-01	5.146e+00	1.334e+00
161914.50	-1.795e-01	5.664e+00	-9.581e-02
161915.50	-1.795e-01	6.250e+00	-6.730e-01
161916.50	-2.381e-01	7.421e+00	6.211e-01
161917.50	-1.373e-01	4.560e+00	1.603e-01
161918.50	-1.824e-01	5.770e+00	1.546e-01
161919.50	-1.248e-01	4.022e+00	-9.418e-01
161920.50	-1.123e-01	3.677e+00	-3.053e-01
161921.50	-1.123e-01	3.734e+00	4.560e-01
161922.50	-1.862e-01	5.482e+00	1.094e+00
161923.50	-1.248e-01	4.032e+00	-1.190e-02
161924.50	-1.738e-01	4.934e+00	6.480e-03
161925.50	-7.862e-02	3.466e+00	-3.149e-01
161926.50	-1.574e-01	4.925e+00	-1.757e-01
161927.50	-6.106e-02	1.709e+00	1.200e+00
161928.50	-1.104e-01	3.110e+00	-3.274e-02
161929.50	-7.219e-02	2.458e+00	2.698e-01
161930.50	-8.573e-02	2.678e+00	2.832e-01
161931.50	-8.755e-02	2.986e+00	6.307e-01
161932.50	-9.254e-02	3.379e+00	-5.962e-01
161933.50	-5.357e-02	2.054e+00	-4.829e-01
161934.50	-5.885e-02	1.862e+00	-6.413e-02
161935.50	-5.664e-02	1.613e+00	-3.629e-01
161936.50	-8.659e-02	2.390e+00	3.216e-01
161937.50	-4.186e-02	1.526e+00	-2.131e-01
161938.50	-7.133e-02	2.506e+00	-4.454e-02
161939.50	-8.198e-02	2.189e+00	1.594e-01
161940.50	-6.941e-02	2.045e+00	5.280e-01
161941.50	-1.766e-02	8.880e-01	-2.237e-02
161942.50	-6.355e-02	1.872e+00	5.846e-01
161943.50	-5.923e-02	1.709e+00	5.683e-01
161944.50	-3.850e-02	1.152e+00	-6.086e-01
161945.50	-4.646e-02	1.622e+00	-3.590e-01
161946.50	-5.712e-02	1.574e+00	6.595e-01
161947.50	-3.427e-02	1.008e+00	1.459e-01
161948.50	-4.656e-02	1.805e+00	-8.054e-01
161949.50	-5.002e-02	1.459e+00	8.314e-02
161950.50	-3.840e-02	1.056e+00	-2.957e-01
161951.50	-1.795e-03	-1.594e-01	3.936e-01
161952.50	-4.406e-02	1.402e+00	-6.365e-02
161953.50	-2.832e-02	1.171e+00	-5.453e-01
161954.50	-3.773e-02	1.114e+00	5.942e-02
161955.50	-3.475e-02	7.642e-01	6.595e-01
161956.50	-4.435e-02	1.238e+00	1.766e-01
161957.50	-8.976e-03	4.291e-01	-2.102e-01
161958.50	-9.226e-03	5.894e-01	-8.294e-02
161959.50	-2.275e-02	7.200e-01	4.282e-02
161960.50	-4.762e-02	1.315e+00	-2.707e-01
161961.50	-2.890e-02	9.600e-01	-5.222e-01
161962.50	-1.949e-02	8.822e-01	-3.158e-01
161963.50	-1.805e-02	5.203e-01	-1.459e-01
161964.50	-2.170e-02	5.885e-01	4.493e-01
161965.50	-3.466e-02	1.162e+00	3.082e-02
161966.50	-4.656e-03	2.928e-03	-3.312e-01
161967.50	-2.045e-02	7.987e-01	-4.090e-01
161968.50	-3.034e-02	9.149e-01	-1.210e-01
161969.50	-2.227e-02	6.000e-01	-1.200e-02
161970.50	-2.026e-02	5.098e-01	1.162e-01
161971.50	-6.374e-03	4.426e-01	-1.901e-01
161972.50	-1.354e-02	4.128e-01	1.834e-01
161973.50	-2.314e-02	4.522e-01	5.722e-03
161974.50	-2.611e-02	6.595e-01	-1.920e-01
161975.50	-4.838e-03	2.371e-01	2.525e-01
161976.50	-2.131e-02	6.528e-01	4.061e-03
161977.50	7.046e-03	3.341e-02	4.742e-01
161978.50	-1.440e-02	2.794e-01	1.075e-01
161979.50	-2.054e-02	6.662e-01	-1.661e-01
161980.50	-1.613e-02	5.472e-01	-1.498e-01
161981.50	-2.285e-02	6.230e-01	2.054e-01
161982.50	7.795e-03	-2.438e-01	-6.259e-02
161983.50	-1.200e-02	4.090e-01	-2.093e-01
161984.50	-2.803e-02	8.515e-01	3.178e-01
161985.50	-4.426e-03	4.435e-02	1.690e-01
161986.50	-6.374e-03	3.072e-01	-2.419e-01
161987.50	-2.016e-02	3.811e-01	2.093e-01
161988.50	6.979e-03	-1.286e-01	2.342e-01
161989.50	-7.853e-03	3.235e-01	-2.928e-02
161990.50	-1.843e-02	5.904e-01	-1.296e-01
161991.50	-2.064e-02	5.434e-01	6.096e-02
161992.50	1.594e-02	-2.496e-01	-2.170e-01
161993.50	-1.824e-02	4.022e-01	-1.632e-01
161994.50	-1.459e-02	2.765e-01	2.650e-01
161995.50	-5.981e-03	1.296e-01	-9.158e-02
161996.50	-1.133e-02	4.138e-01	7.910e-02
161997.50	3.974e-03	1.709e-01	-2.390e-01
161998.50	7.008e-03	-2.035e-01	7.670e-02
161999.50	-1.277e-02	2.189e-01	2.822e-02
162000.50	-5.693e-03	1.258e-01	-6.384e-03
162001.50	-1.430e-02	4.080e-01	1.373e-01
162002.50	1.718e-03	-9.226e-02	-3.245e-02
162003.50	-1.008e-02	1.843e-01	-1.488e-01
162004.50	-1.382e-02	2.016e-01	3.427e-01
162005.50	-5.222e-03	1.555e-01	1.075e-01
162006.50	-6.730e-03	2.717e-01	-1.766e-01
162007.50	-4.627e-03	2.035e-01	-1.805e-01
162008.50	-1.037e-02	1.114e-01	2.314e-01
162009.50	-1.469e-02	3.139e-01	1.142e-01
162010.50	-2.813e-04	4.723e-02	-6.173e-02
162011.50	1.123e-02	3.427e-02	-2.918e-01
162012.50	-2.266e-02	6.365e-01	-3.187e-03
162013.50	-3.427e-03	-1.373e-03	1.411e-01
162014.50	4.176e-03	-2.438e-01	4.166e-01
162015.50	-6.077e-03	1.891e-01	-3.082e-02
162016.50	-6.374e-03	2.093e-01	2.784e-01
162017.50	-2.189e-02	4.810e-01	3.725e-01
162018.50	-1.085e-02	2.438e-01	-2.304e-01
162019.50	-1.114e-02	3.811e-01	-2.659e-01
162020.50	-1.334e-02	4.109e-01	1.018e-01
162021.50	6.922e-03	-1.382e-01	5.098e-02
162022.50	7.066e-03	-9.504e-02	-2.669e-01
162023.50	-2.976e-04	6.432e-02	2.160e-03
162024.50	-5.434e-03	2.803e-01	2.112e-02
162025.50	-7.334e-03	2.554e-01	9.696e-02
162026.50	-3.677e-04	2.045e-02	2.141e-02
162027.50	-6.182e-04	-7.939e-02	3.696e-02
162028.50	2.026e-03	-7.162e-02	2.170e-02
162029.50	-1.210e-02	2.813e-01	-2.410e-02
162030.50	3.629e-03	-2.246e-01	-1.056e-01
162031.50	8.477e-04	-4.925e-03	-2.976e-01
162032.50	5.203e-03	-5.914e-02	-1.421e-02
162033.50	2.794e-04	1.622e-02	9.523e-02
162034.50	-8.035e-03	2.333e-01	-1.306e-01
162035.50	-5.808e-03	1.114e-01	-6.144e-02
162036.50	-6.509e-03	1.901e-01	2.755e-01
162037.50	-8.736e-03	1.949e-01	-7.738e-02
162038.50	-7.248e-03	3.638e-03	4.560e-01
162039.50	1.872e-03	-1.037e-01	1.200e-01
162040.50	-1.354e-03	9.110e-02	-3.696e-01
162041.50	4.186e-04	3.245e-02	-3.792e-01
162042.50	-6.662e-04	1.536e-01	-2.256e-01
162043.50	3.293e-03	9.888e-02	-1.814e-01
162044.50	-1.306e-02	1.642e-01	2.707e-01
162045.50	1.296e-03	-2.400e-01	2.064e-01
162046.50	-5.318e-03	1.459e-01	2.736e-01
162047.50	-9.888e-04	8.938e-02	-7.430e-02
162048.50	-2.698e-04	7.421e-02	1.574e-01
162049.50	-9.446e-03	2.563e-01	1.565e-01
162050.50	-1.536e-03	2.621e-02	1.258e-01
162051.50	-1.507e-03	7.219e-02	-8.813e-02
162052.50	-1.901e-03	2.016e-02	-4.954e-02
162053.50	-1.872e-03	1.008e-01	-8.333e-03
162054.50	-3.178e-03	1.488e-01	-3.494e-02
162055.50	-6.605e-03	3.494e-01	-5.213e-02
162056.50	-4.915e-03	1.661e-01	-1.834e-01
162057.50	-3.974e-03	-1.190e-02	2.102e-01
162058.50	2.784e-05	-1.661e-01	3.466e-01
162059.50	-3.773e-03	1.171e-01	-7.709e-02
162060.50	-2.486e-03	9.053e-02	9.206e-02
162061.50	-8.362e-03	2.573e-01	-2.112e-02
162062.50	-3.408e-04	5.981e-02	-1.622e-01
162063.50	-8.582e-03	1.267e-01	1.757e-01
162064.50	1.296e-04	7.968e-02	-6.442e-02
162065.50	1.085e-02	-8.726e-02	-1.776e-01
162066.50	4.694e-03	-5.251e-02	8.064e-02
162067.50	-1.498e-03	2.006e-02	-6.547e-02
162068.50	1.162e-02	-3.322e-01	1.949e-01
162069.50	-9.485e-03	1.766e-01	6.970e-03
162070.50	-5.837e-04	1.075e-02	-6.480e-03
162071.50	-5.558e-04	-3.466e-02	3.062e-03
162072.50	4.397e-04	-6.470e-02	5.462e-02
162073.50	1.757e-03	-1.219e-02	-2.006e-01
162074.50	-6.298e-03	1.469e-01	-8.525e-02
162075.50	-1.901e-03	7.008e-02	-1.286e-01
162076.50	1.488e-03	2.208e-02	3.062e-02
162077.50	-1.133e-03	-3.542e-03	3.341e-02
162078.50	1.008e-02	-2.630e-01	-6.874e-02
162079.50	2.477e-03	-1.286e-01	6.269e-02
162080.50	-7.373e-03	1.805e-01	6.845e-03
162081.50	-1.018e-02	2.995e-01	1.037e-01
162082.50	-2.573e-03	-5.270e-03	1.411e-01
162083.50	1.354e-03	-6.413e-02	3.686e-02
162084.50	-9.792e-03	2.880e-01	-2.563e-02
162085.50	1.824e-03	-1.181e-01	-1.315e-02
162086.50	1.056e-04	3.523e-02	-2.707e-01
162087.50	4.195e-03	-7.776e-02	-2.006e-01
162088.50	3.782e-04	-1.315e-02	1.200e-01
162089.50	-4.541e-04	9.206e-02	2.438e-01
162090.50	-3.389e-03	1.162e-01	-1.334e-01
162091.50	2.640e-03	-1.354e-01	1.162e-01
162092.50	1.056e-03	9.888e-03	3.859e-02
162093.50	-9.533e-04	-2.064e-02	2.074e-02
162094.50	-1.392e-03	3.878e-02	1.306e-01
162095.50	-9.043e-03	2.486e-01	-5.203e-02
162096.50	4.022e-04	4.349e-03	5.587e-02
162097.50	-4.387e-03	-3.197e-02	1.517e-02
162098.50	-9.091e-04	2.141e-03	-8.208e-02
162099.50	-2.362e-03	1.709e-02	1.498e-01
162100.50	1.891e-04	8.323e-02	-1.392e-01
162101.50	2.506e-03	3.082e-03	-2.429e-01
162102.50	2.995e-03	-1.248e-01	-3.475e-02
162103.50	8.227e-03	1.699e-02	3.283e-02
162104.50	-3.994e-03	8.832e-02	-3.427e-02
162105.50	-1.229e-02	1.891e-01	1.939e-01
162106.50	-4.598e-03	1.718e-01	-7.709e-02
162107.50	1.901e-03	-3.898e-02	-1.382e-02
162108.50	1.229e-02	-2.410e-01	-4.800e-02
162109.50	-1.392e-03	-6.336e-02	9.792e-02
162110.50	2.198e-04	-1.296e-01	1.766e-01
162111.50	-5.530e-03	1.661e-01	-2.256e-02
162112.50	2.611e-04	7.949e-02	-3.437e-02
162113.50	6.806e-04	6.278e-02	-1.075e-01
162114.50	-2.726e-03	4.109e-02	-1.142e-01
162115.50	-2.429e-03	6.182e-02	1.152e-01
162116.50	-5.808e-03	1.258e-01	-5.856e-02
162117.50	-2.678e-03	1.056e-01	-1.738e-02
162118.50	-1.978e-03	8.429e-02	-1.690e-01
162119.50	-9.514e-04	9.274e-03	1.277e-01
162120.50	-1.757e-04	3.898e-02	3.504e-02
162121.50	1.469e-03	-1.930e-02	-6.787e-02
162122.50	-3.158e-03	-9.446e-04	1.296e-01
162123.50	-5.549e-03	7.968e-02	-1.786e-02
162124.50	5.328e-03	-7.210e-02	-8.832e-02
162125.50	3.898e-03	-2.554e-02	-1.219e-01
162126.50	-1.584e-03	1.181e-01	-5.395e-02
162127.50	9.888e-05	-5.520e-02	5.270e-02
162128.50	-2.045e-03	-1.440e-01	1.997e-01
162129.50	-8.256e-03	-7.363e-02	6.787e-02
162130.50	-9.293e-04	1.238e-01	1.085e-01
162131.50	-1.277e-03	1.594e-01	1.315e-01
162132.50	-2.410e-03	7.171e-02	-6.298e-02
162133.50	5.654e-03	-1.046e-01	-1.267e-02
162134.50	-9.350e-04	-1.334e-02	7.142e-02
162135.50	-5.674e-03	1.680e-01	-8.323e-02
162136.50	1.517e-03	-1.085e-01	3.533e-02
162137.50	9.571e-04	-3.763e-02	3.744e-02
162138.50	1.709e-03	-3.446e-02	-2.813e-02
162139.50	-3.130e-03	8.083e-02	-1.565e-01
162140.50	-2.218e-03	5.290e-02	2.141e-02
162141.50	1.056e-02	-1.325e-01	1.152e-04
162142.50	-9.091e-03	-9.418e-03	6.566e-02
162143.50	2.602e-03	-5.635e-02	1.594e-02
162144.50	1.171e-03	2.554e-04	-1.008e-01
162145.50	3.821e-03	-1.450e-01	1.478e-02
162146.50	1.795e-03	4.493e-02	-1.114e-01
162147.50	-4.445e-03	1.488e-01	-6.960e-02
162148.50	2.342e-03	-1.478e-02	3.514e-02
162149.50	8.102e-04	5.040e-02	-8.160e-02
162150.50	5.030e-04	-4.464e-03	7.613e-02
162151.50	1.526e-04	1.027e-02	4.608e-02
162152.50	9.264e-04	3.974e-02	-3.197e-02
162153.50	5.021e-03	-7.334e-02	2.381e-03
162154.50	1.862e-03	-3.274e-02	6.019e-03
162155.50	-3.878e-03	3.139e-02	1.104e-01
162156.50	-4.742e-03	1.277e-01	1.085e-02
162157.50	1.133e-03	3.629e-03	1.690e-01
162158.50	-1.757e-03	-8.534e-03	6.355e-02
162159.50	-4.771e-03	9.091e-02	6.250e-02
162160.50	6.403e-03	-1.094e-01	-1.286e-01
162161.50	-8.458e-03	5.069e-02	-6.768e-02
162162.50	-8.890e-05	4.013e-03	-9.379e-02
162163.50	-1.574e-03	5.376e-02	8.150e-02
162164.50	2.813e-03	-2.563e-02	-9.254e-02
162165.50	2.717e-03	9.696e-03	-1.085e-01
162166.50	7.536e-05	1.584e-02	-4.157e-02
162167.50	1.718e-03	-2.746e-02	-2.746e-02
162168.50	4.099e-03	-1.123e-01	8.477e-02
162169.50	2.112e-03	-7.238e-02	6.144e-02
162170.50	-2.458e-03	5.530e-02	-4.906e-02
162171.50	1.805e-04	1.910e-02	-3.619e-02
162172.50	2.544e-06	1.594e-01	-2.294e-01
162173.50	2.640e-03	-4.320e-02	9.245e-02
162174.50	4.694e-03	-3.648e-02	-4.886e-02
162175.50	-4.666e-03	-1.526e-03	-5.386e-02
162176.50	-4.627e-03	-2.323e-02	2.602e-02
162177.50	2.208e-03	-3.706e-02	-6.230e-03
162178.50	-6.720e-04	3.053e-02	1.008e-02
162179.50	9.792e-04	-3.830e-02	4.512e-02
162180.50	-5.117e-03	-1.037e-02	3.907e-02
162181.50	-1.238e-03	5.386e-03	3.840e-02
162182.50	3.840e-03	-1.526e-01	-4.349e-04
162183.50	-6.701e-03	9.523e-02	-3.552e-02
162184.50	3.216e-03	-1.133e-01	2.736e-02
162185.50	-3.744e-04	-1.056e-02	9.888e-02
162186.50	-2.698e-03	1.046e-01	1.814e-02
162187.50	7.248e-03	-9.312e-02	-4.819e-02
162188.50	-4.589e-03	6.077e-02	8.544e-02
162189.50	2.813e-03	1.114e-02	7.075e-04
162190.50	2.938e-04	2.976e-03	-5.539e-02
162191.50	5.107e-04	-3.197e-02	-1.699e-03
162192.50	-1.267e-03	2.026e-02	6.902e-02
162193.50	1.526e-03	-2.506e-02	-6.614e-02
162194.50	5.011e-03	-2.208e-02	-9.245e-02
162195.50	3.850e-03	-6.490e-02	-3.130e-03
162196.50	-8.448e-03	1.046e-01	9.254e-02
162197.50	2.669e-04	-1.354e-02	-2.448e-02
162198.50	3.216e-03	2.515e-02	1.872e-02
162199.50	-3.130e-04	1.642e-01	1.392e-01
162200.50	1.766e-03	-4.886e-02	3.235e-02
162201.50	-1.190e-03	3.792e-02	-1.526e-02
162202.50	1.766e-03	-5.693e-02	-4.858e-02
162203.50	2.237e-03	4.176e-03	-3.542e-02
162204.50	-1.181e-03	-7.440e-03	-1.258e-01
162205.50	4.771e-03	-2.534e-02	7.219e-02
162206.50	-3.072e-05	9.254e-02	-1.075e-01
162207.50	-9.792e-04	4.790e-02	-2.602e-02
162208.50	1.670e-03	2.054e-02	-2.237e-02
162209.50	-1.526e-02	-1.546e-02	7.094e-04
162210.50	-2.102e-03	-6.691e-02	1.152e-02
162211.50	6.710e-03	-1.171e-01	-1.037e-01
162212.50	-9.600e-05	-2.054e-03	-5.462e-02
162213.50	8.333e-04	-1.546e-02	-1.229e-02
162214.50	-3.398e-03	4.656e-02	4.992e-02
162215.50	-1.075e-03	-9.888e-04	8.400e-02
162216.50	2.131e-04	-1.440e-02	-2.995e-02
162217.50	6.202e-04	-1.939e-02	1.210e-02
162218.50	-3.984e-03	4.906e-02	5.597e-02
162219.50	-4.522e-03	7.603e-02	3.322e-02
162220.50	3.974e-04	-3.926e-02	7.651e-03
162221.50	-3.418e-03	6.806e-02	-5.472e-02
162222.50	-4.109e-03	5.558e-02	9.408e-02
162223.50	-4.512e-03	1.152e-01	7.805e-03
162224.50	-1.142e-03	4.147e-02	8.534e-02
162225.50	-3.197e-03	2.746e-02	1.488e-02
162226.50	-5.088e-04	-2.918e-02	-2.333e-02
162227.50	5.827e-04	-7.507e-02	7.670e-03
162228.50	1.171e-03	1.162e-02	-6.998e-02
162229.50	2.266e-03	3.725e-02	4.886e-02
162230.50	1.786e-03	3.398e-02	-1.507e-01
162231.50	-9.264e-04	-7.910e-03	-5.251e-02
162232.50	-1.622e-03	4.502e-04	-9.696e-03
162233.50	-4.637e-04	-1.958e-02	7.296e-03
162234.50	3.936e-03	-1.229e-01	-6.317e-02
162235.50	1.776e-03	-4.051e-02	7.517e-02
162236.50	2.227e-03	-2.918e-02	1.296e-02
162237.50	1.392e-03	1.306e-02	-4.262e-05
162238.50	1.574e-03	-4.541e-05	2.563e-02
162239.50	-2.093e-03	1.862e-03	8.899e-02
162240.50	-4.906e-03	5.962e-02	-1.440e-02
162241.50	-3.408e-03	4.819e-02	2.486e-02
162242.50	1.920e-04	-4.867e-02	3.658e-02
162243.50	-1.718e-03	3.994e-02	-5.549e-02
162244.50	-2.630e-04	3.686e-02	-5.117e-02
162245.50	1.066e-03	3.360e-02	9.552e-03
162246.50	-2.410e-03	3.907e-02	-1.334e-02
162247.50	6.730e-04	-1.373e-03	4.982e-02
162248.50	6.470e-04	1.469e-02	1.440e-02
162249.50	2.928e-03	-9.053e-02	8.592e-02
162250.50	-7.824e-04	-3.034e-02	-5.654e-02
162251.50	1.622e-04	-9.293e-03	-6.307e-02
162252.50	7.738e-06	5.933e-02	-2.851e-02
162253.50	-3.062e-03	9.283e-02	2.755e-02
162254.50	-1.728e-03	2.851e-02	6.326e-02
162255.50	1.565e-03	-5.395e-03	-5.693e-02
162256.50	1.728e-03	-3.475e-02	1.056e-02
162257.50	-6.432e-04	9.245e-03	-6.662e-04
162258.50	-1.747e-03	2.054e-02	5.894e-02
162259.50	1.747e-03	-2.851e-02	1.757e-02
162260.50	5.098e-04	-4.195e-02	2.621e-02
162261.50	-1.162e-03	2.342e-02	-1.018e-02
162262.50	4.838e-03	-1.555e-02	-5.174e-02
162263.50	4.387e-03	-9.600e-03	-2.256e-03
162264.50	7.248e-03	-1.094e-01	-3.533e-02
162265.50	-8.333e-03	1.085e-01	3.293e-03
162266.50	-3.590e-04	1.632e-02	-3.226e-02
162267.50	-1.978e-03	2.822e-02	-7.507e-02
162268.50	1.699e-03	-2.410e-02	1.018e-02
162269.50	1.037e-03	-9.274e-03	-2.477e-03
162270.50	-1.872e-04	1.728e-02	-8.496e-02
162271.50	1.546e-03	-8.563e-02	3.504e-02
162272.50	-2.314e-03	1.162e-02	3.226e-02
162273.50	-3.274e-03	2.467e-02	9.398e-02
162274.50	-2.899e-03	5.213e-02	1.709e-02
162275.50	5.990e-04	-3.888e-03	2.227e-02
162276.50	1.824e-03	-3.091e-02	1.834e-02
162277.50	1.450e-03	3.293e-02	1.622e-02
162278.50	-3.658e-03	5.539e-02	-9.427e-02
162279.50	-9.696e-04	-6.480e-03	9.571e-02
