161681.50	0.000e+00	0.000e+00	0.000e+00
161682.50	0.000e+00	0.000e+00	0.000e+00
161683.50	0.000e+00	0.000e+00	0.000e+00
161684.50	0.000e+00	0.000e+00	0.000e+00
161685.50	0.000e+00	0.000e+00	0.000e+00
161686.50	0.000e+00	0.000e+00	0.000e+00
161687.50	0.000e+00	0.000e+00	0.000e+00
161688.50	0.000e+00	0.000e+00	0.000e+00
161689.50	0.000e+00	0.000e+00	0.000e+00
161690.50	0.000e+00	0.000e+00	0.000e+00
161691.50	0.000e+00	0.000e+00	0.000e+00
161692.50	0.000e+00	0.000e+00	0.000e+00
161693.50	0.000e+00	0.000e+00	0.000e+00
161694.50	0.000e+00	0.000e+00	0.000e+00
161695.50	0.000e+00	0.000e+00	0.000e+00
161696.50	0.000e+00	0.000e+00	0.000e+00
161697.50	0.000e+00	0.000e+00	0.000e+00
161698.50	0.000e+00	0.000e+00	0.000e+00
161699.50	0.000e+00	0.000e+00	0.000e+00
161700.50	0.000e+00	0.000e+00	0.000e+00
161701.50	0.000e+00	0.000e+00	0.000e+00
161702.50	0.000e+00	0.000e+00	0.000e+00
161703.50	0.000e+00	0.000e+00	0.000e+00
161704.50	0.000e+00	0.000e+00	0.000e+00
161705.50	0.000e+00	0.000e+00	0.000e+00
161706.50	0.000e+00	0.000e+00	0.000e+00
161707.50	0.000e+00	0.000e+00	0.000e+00
161708.50	0.000e+00	0.000e+00	0.000e+00
161709.50	0.000e+00	0.000e+00	0.000e+00
161710.50	0.000e+00	0.000e+00	0.000e+00
161711.50	0.000e+00	0.000e+00	0.000e+00
161712.50	0.000e+00	0.000e+00	0.000e+00
161713.50	0.000e+00	0.000e+00	0.000e+00
161714.50	0.000e+00	0.000e+00	0.000e+00
161715.50	0.000e+00	0.000e+00	0.000e+00
161716.50	0.000e+00	0.000e+00	0.000e+00
161717.50	0.000e+00	0.000e+00	0.000e+00
161718.50	0.000e+00	0.000e+00	0.000e+00
161719.50	0.000e+00	0.000e+00	0.000e+00
161720.50	0.000e+00	0.000e+00	0.000e+00
161721.50	0.000e+00	0.000e+00	0.000e+00
161722.50	0.000e+00	0.000e+00	0.000e+00
161723.50	0.000e+00	0.000e+00	0.000e+00
161724.50	0.000e+00	0.000e+00	0.000e+00
161725.50	0.000e+00	0.000e+00	0.000e+00
161726.50	0.000e+00	0.000e+00	0.000e+00
161727.50	0.000e+00	0.000e+00	0.000e+00
161728.50	0.000e+00	0.000e+00	0.000e+00
161729.50	0.000e+00	0.000e+00	0.000e+00
161730.50	0.000e+00	0.000e+00	0.000e+00
161731.50	0.000e+00	0.000e+00	0.000e+00
161732.50	0.000e+00	0.000e+00	0.000e+00
161733.50	0.000e+00	0.000e+00	0.000e+00
161734.50	0.000e+00	0.000e+00	0.000e+00
161735.50	0.000e+00	0.000e+00	0.000e+00
161736.50	0.000e+00	0.000e+00	0.000e+00
161737.50	0.000e+00	0.000e+00	0.000e+00
161738.50	0.000e+00	0.000e+00	0.000e+00
161739.50	0.000e+00	0.000e+00	0.000e+00
161740.50	0.000e+00	0.000e+00	0.000e+00
161741.50	0.000e+00	0.000e+00	0.000e+00
161742.50	0.000e+00	0.000e+00	0.000e+00
161743.50	0.000e+00	0.000e+00	0.000e+00
161744.50	0.000e+00	0.000e+00	0.000e+00
161745.50	0.000e+00	0.000e+00	0.000e+00
161746.50	0.000e+00	0.000e+00	0.000e+00
161747.50	0.000e+00	0.000e+00	0.000e+00
161748.50	0.000e+00	0.000e+00	0.000e+00
161749.50	0.000e+00	0.000e+00	0.000e+00
161750.50	0.000e+00	0.000e+00	0.000e+00
161751.50	0.000e+00	0.000e+00	0.000e+00
161752.50	0.000e+00	0.000e+00	0.000e+00
161753.50	0.000e+00	0.000e+00	0.000e+00
161754.50	0.000e+00	0.000e+00	0.000e+00
161755.50	0.000e+00	0.000e+00	0.000e+00
161756.50	0.000e+00	0.000e+00	0.000e+00
161757.50	0.000e+00	0.000e+00	0.000e+00
161758.50	0.000e+00	0.000e+00	0.000e+00
161759.50	0.000e+00	0.000e+00	0.000e+00
161760.50	0.000e+00	0.000e+00	0.000e+00
161761.50	0.000e+00	0.000e+00	0.000e+00
161762.50	0.000e+00	0.000e+00	0.000e+00
161763.50	0.000e+00	0.000e+00	0.000e+00
161764.50	0.000e+00	0.000e+00	0.000e+00
161765.50	0.000e+00	0.000e+00	0.000e+00
161766.50	0.000e+00	0.000e+00	0.000e+00
161767.50	0.000e+00	0.000e+00	0.000e+00
161768.50	0.000e+00	0.000e+00	0.000e+00
161769.50	0.000e+00	0.000e+00	0.000e+00
161770.50	0.000e+00	0.000e+00	0.000e+00
161771.50	0.000e+00	0.000e+00	0.000e+00
161772.50	0.000e+00	0.000e+00	0.000e+00
161773.50	0.000e+00	0.000e+00	0.000e+00
161774.50	0.000e+00	0.000e+00	0.000e+00
161775.50	0.000e+00	0.000e+00	0.000e+00
161776.50	0.000e+00	0.000e+00	0.000e+00
161777.50	0.000e+00	0.000e+00	0.000e+00
161778.50	0.000e+00	0.000e+00	0.000e+00
161779.50	0.000e+00	0.000e+00	0.000e+00
161780.50	0.000e+00	0.000e+00	0.000e+00
161781.50	0.000e+00	0.000e+00	0.000e+00
161782.50	0.000e+00	0.000e+00	0.000e+00
161783.50	0.000e+00	0.000e+00	0.000e+00
161784.50	0.000e+00	0.000e+00	0.000e+00
161785.50	0.000e+00	0.000e+00	0.000e+00
161786.50	0.000e+00	0.000e+00	0.000e+00
161787.50	0.000e+00	0.000e+00	0.000e+00
161788.50	0.000e+00	0.000e+00	0.000e+00
161789.50	0.000e+00	0.000e+00	0.000e+00
161790.50	0.000e+00	0.000e+00	0.000e+00
161791.50	0.000e+00	0.000e+00	0.000e+00
161792.50	0.000e+00	0.000e+00	0.000e+00
161793.50	0.000e+00	0.000e+00	0.000e+00
161794.50	0.000e+00	0.000e+00	0.000e+00
161795.50	0.000e+00	0.000e+00	0.000e+00
161796.50	0.000e+00	0.000e+00	0.000e+00
161797.50	0.000e+00	0.000e+00	0.000e+00
161798.50	0.000e+00	0.000e+00	0.000e+00
161799.50	0.000e+00	0.000e+00	0.000e+00
161800.50	0.000e+00	0.000e+00	0.000e+00
161801.50	0.000e+00	0.000e+00	0.000e+00
161802.50	0.000e+00	0.000e+00	0.000e+00
161803.50	0.000e+00	0.000e+00	0.000e+00
161804.50	0.000e+00	0.000e+00	0.000e+00
161805.50	0.000e+00	0.000e+00	0.000e+00
161806.50	0.000e+00	0.000e+00	0.000e+00
161807.50	0.000e+00	0.000e+00	0.000e+00
161808.50	0.000e+00	0.000e+00	0.000e+00
161809.50	0.000e+00	0.000e+00	0.000e+00
161810.50	0.000e+00	0.000e+00	0.000e+00
161811.50	0.000e+00	0.000e+00	0.000e+00
161812.50	0.000e+00	0.000e+00	0.000e+00
161813.50	0.000e+00	0.000e+00	0.000e+00
161814.50	0.000e+00	0.000e+00	0.000e+00
161815.50	0.000e+00	0.000e+00	0.000e+00
161816.50	0.000e+00	0.000e+00	0.000e+00
161817.50	0.000e+00	0.000e+00	0.000e+00
161818.50	0.000e+00	0.000e+00	0.000e+00
161819.50	0.000e+00	0.000e+00	0.000e+00
161820.50	0.000e+00	0.000e+00	0.000e+00
161821.50	0.000e+00	0.000e+00	0.000e+00
161822.50	0.000e+00	0.000e+00	0.000e+00
161823.50	0.000e+00	0.000e+00	0.000e+00
161824.50	0.000e+00	0.000e+00	0.000e+00
161825.50	0.000e+00	0.000e+00	0.000e+00
161826.50	0.000e+00	0.000e+00	0.000e+00
161827.50	0.000e+00	0.000e+00	0.000e+00
161828.50	0.000e+00	0.000e+00	0.000e+00
161829.50	0.000e+00	0.000e+00	0.000e+00
161830.50	0.000e+00	0.000e+00	0.000e+00
161831.50	0.000e+00	0.000e+00	0.000e+00
161832.50	0.000e+00	0.000e+00	0.000e+00
161833.50	0.000e+00	0.000e+00	0.000e+00
161834.50	0.000e+00	0.000e+00	0.000e+00
161835.50	0.000e+00	0.000e+00	0.000e+00
161836.50	0.000e+00	0.000e+00	0.000e+00
161837.50	0.000e+00	0.000e+00	0.000e+00
161838.50	0.000e+00	0.000e+00	0.000e+00
161839.50	0.000e+00	0.000e+00	0.000e+00
161840.50	0.000e+00	0.000e+00	0.000e+00
161841.50	0.000e+00	0.000e+00	0.000e+00
161842.50	0.000e+00	0.000e+00	0.000e+00
161843.50	0.000e+00	0.000e+00	0.000e+00
161844.50	0.000e+00	0.000e+00	0.000e+00
161845.50	0.000e+00	0.000e+00	0.000e+00
161846.50	0.000e+00	0.000e+00	0.000e+00
161847.50	0.000e+00	0.000e+00	0.000e+00
161848.50	0.000e+00	0.000e+00	0.000e+00
161849.50	0.000e+00	0.000e+00	0.000e+00
161850.50	0.000e+00	0.000e+00	0.000e+00
161851.50	0.000e+00	0.000e+00	0.000e+00
161852.50	0.000e+00	0.000e+00	0.000e+00
161853.50	0.000e+00	0.000e+00	0.000e+00
161854.50	4.925e-05	-9.110e-04	-6.845e-04
161855.50	-1.651e-04	-2.794e-03	5.376e-03
161856.50	7.306e-05	3.590e-03	-3.110e-03
161857.50	-3.216e-05	1.939e-03	1.939e-04
161858.50	-1.162e-04	1.958e-03	1.709e-03
161859.50	9.379e-05	-1.622e-03	-1.958e-03
161860.50	4.358e-05	-7.354e-04	-9.014e-04
161861.50	1.814e-03	-6.058e-02	-2.534e-02
161862.50	3.168e-03	-1.498e-01	-3.254e-02
161863.50	3.494e-02	-2.573e+00	5.424e-01
161864.50	1.181e+00	-7.325e+01	7.094e+00
161865.50	8.870e+00	-4.224e+02	-2.333e+01
161866.50	1.459e+01	-6.624e+02	-3.581e+01
161867.50	1.219e+01	-4.397e+02	-8.986e+01
161868.50	2.400e+00	-6.000e+01	-2.102e+01
161869.50	-1.190e+00	4.656e+01	1.939e+01
161870.50	-2.064e+00	9.216e+01	1.210e+01
161871.50	-2.237e+00	1.066e+02	5.971e+00
161872.50	-2.381e+00	9.984e+01	1.325e+01
161873.50	-2.112e+00	9.178e+01	8.294e+00
161874.50	-1.930e+00	8.285e+01	7.891e+00
161875.50	-2.256e+00	8.966e+01	1.258e+01
161876.50	-1.805e+00	7.382e+01	8.784e+00
161877.50	-1.469e+00	6.778e+01	1.987e+00
161878.50	-1.382e+00	5.933e+01	4.934e+00
161879.50	-1.008e+00	5.232e+01	-2.486e+00
161880.50	-1.267e+00	5.722e+01	1.910e+00
161881.50	-9.888e-01	4.838e+01	-1.200e+00
161882.50	-1.133e+00	4.310e+01	7.584e+00
161883.50	-8.995e-01	4.003e+01	1.738e+00
161884.50	-9.427e-01	3.744e+01	4.992e+00
161885.50	-8.083e-01	3.245e+01	4.397e+00
161886.50	-7.354e-01	3.149e+01	2.458e+00
161887.50	-6.509e-01	2.957e+01	8.842e-01
161888.50	-6.682e-01	2.698e+01	2.621e+00
161889.50	-5.741e-01	2.074e+01	4.109e+00
161890.50	-5.482e-01	2.390e+01	1.315e+00
161891.50	-6.221e-01	2.477e+01	2.774e+00
161892.50	-5.002e-01	2.237e+01	7.699e-01
161893.50	-4.454e-01	1.949e+01	7.037e-01
161894.50	-4.282e-01	1.651e+01	2.410e+00
161895.50	-4.003e-01	1.738e+01	7.843e-01
161896.50	-3.552e-01	1.469e+01	1.450e+00
161897.50	-3.907e-01	1.613e+01	1.392e+00
161898.50	-3.485e-01	1.354e+01	1.786e+00
161899.50	-3.245e-01	1.286e+01	1.680e+00
161900.50	-2.621e-01	1.306e+01	-5.760e-01
161901.50	-3.187e-01	1.104e+01	2.448e+00
161902.50	-2.707e-01	1.200e+01	4.435e-01
161903.50	-1.920e-01	9.091e+00	-1.757e-01
161904.50	-2.746e-01	1.123e+01	1.075e+00
161905.50	-2.314e-01	8.486e+00	1.430e+00
161906.50	-2.074e-01	7.795e+00	1.114e+00
161907.50	-1.776e-01	7.200e+00	7.920e-01
161908.50	-1.574e-01	7.517e+00	-8.822e-02
161909.50	-1.680e-01	6.480e+00	7.814e-01
161910.50	-1.968e-01	7.277e+00	1.190e+00
161911.50	-1.181e-01	6.278e+00	-4.781e-01
161912.50	-1.853e-01	5.990e+00	1.632e+00
161913.50	-2.189e-01	6.902e+00	2.266e+00
161914.50	-5.952e-02	3.869e+00	-7.670e-01
161915.50	-1.834e-01	6.739e+00	8.995e-01
161916.50	-1.565e-01	6.221e+00	6.893e-01
161917.50	-1.334e-01	4.435e+00	1.200e+00
161918.50	-8.890e-02	2.784e+00	9.696e-01
161919.50	-1.190e-01	4.454e+00	4.858e-01
161920.50	-8.698e-02	3.965e+00	-1.123e-01
161921.50	-7.776e-02	3.677e+00	4.512e-02
161922.50	-1.133e-01	4.176e+00	5.702e-01
161923.50	-1.094e-01	3.542e+00	8.381e-01
161924.50	-7.459e-02	3.062e+00	2.102e-01
161925.50	-7.978e-02	3.168e+00	3.293e-01
161926.50	-6.806e-02	3.178e+00	-9.322e-02
161927.50	-5.338e-02	2.544e+00	-1.382e-01
161928.50	-7.382e-02	3.763e+00	-3.216e-01
161929.50	-8.170e-02	3.274e+00	2.899e-01
161930.50	-7.363e-02	2.986e+00	1.354e-01
161931.50	-3.418e-02	2.160e+00	-4.810e-01
161932.50	-6.720e-02	2.390e+00	5.251e-01
161933.50	-8.650e-02	2.314e+00	1.018e+00
161934.50	-5.731e-02	2.198e+00	1.978e-02
161935.50	-5.136e-02	1.949e+00	1.277e-01
161936.50	-5.434e-02	2.179e+00	5.395e-01
161937.50	-3.955e-02	2.016e+00	-1.968e-01
161938.50	-4.790e-02	1.584e+00	4.224e-01
161939.50	-9.197e-02	1.517e+00	1.805e+00
161940.50	1.814e-02	7.267e-01	-1.056e+00
161941.50	-4.013e-02	1.238e+00	4.195e-01
161942.50	-5.088e-02	1.430e+00	5.837e-01
161943.50	-2.976e-02	1.248e+00	1.421e-01
161944.50	-9.696e-03	8.995e-01	-4.186e-01
161945.50	-3.312e-02	1.286e+00	7.171e-02
161946.50	-4.349e-02	1.574e+00	2.218e-01
161947.50	-2.717e-02	1.373e+00	-1.104e-01
161948.50	-3.494e-02	1.382e+00	1.037e-01
161949.50	-2.352e-02	9.072e-01	1.008e-01
161950.50	-2.995e-02	1.344e+00	1.382e-02
161951.50	-1.142e-02	7.766e-01	-2.035e-01
161952.50	-5.501e-02	1.373e+00	7.238e-01
161953.50	-7.248e-03	1.142e+00	-5.760e-01
161954.50	-2.774e-02	6.518e-01	3.782e-01
161955.50	-7.238e-03	6.029e-01	-8.198e-02
161956.50	-3.014e-02	1.046e+00	5.789e-02
161957.50	-3.264e-02	5.347e-01	5.472e-01
161958.50	-3.341e-02	9.091e-01	3.408e-01
161959.50	-2.035e-02	9.888e-01	-1.219e-01
161960.50	-2.016e-02	3.408e-01	2.026e-01
161961.50	-2.448e-03	-1.536e-02	1.498e-01
161962.50	-3.139e-02	9.523e-01	9.408e-02
161963.50	7.210e-03	7.123e-01	-6.374e-01
161964.50	-8.582e-03	4.541e-01	-5.242e-02
161965.50	-1.008e-02	4.138e-01	2.784e-01
161966.50	-3.590e-02	9.888e-01	2.736e-01
161967.50	-2.237e-02	1.152e+00	-2.362e-01
161968.50	3.274e-03	2.227e-01	-1.507e-01
161969.50	-5.088e-03	1.661e-01	6.240e-02
161970.50	-1.958e-02	1.891e-01	5.798e-01
161971.50	2.256e-03	4.867e-01	-3.168e-01
161972.50	-9.101e-03	6.816e-01	-2.054e-01
161973.50	1.008e-02	-1.075e-01	-3.091e-01
161974.50	-2.227e-02	5.520e-01	3.264e-01
161975.50	-1.046e-02	2.410e-01	1.920e-02
161976.50	-1.786e-02	5.376e-01	1.267e-01
161977.50	-5.923e-03	1.354e-01	6.586e-02
161978.50	-1.622e-02	3.840e-01	1.872e-01
161979.50	-1.622e-03	1.219e-01	-1.661e-02
161980.50	-2.275e-02	7.363e-01	2.410e-01
161981.50	-1.834e-02	3.571e-01	1.901e-01
161982.50	-1.430e-02	9.245e-01	-1.469e-01
161983.50	1.766e-03	2.554e-01	-1.718e-01
161984.50	1.162e-02	-1.651e-01	-2.688e-01
161985.50	-2.746e-02	2.486e-01	5.558e-01
161986.50	3.235e-03	2.467e-01	-4.416e-01
161987.50	-7.930e-03	3.494e-01	-4.253e-02
161988.50	-1.546e-02	6.336e-01	1.498e-02
161989.50	-1.978e-02	4.070e-01	2.419e-01
161990.50	-7.152e-03	2.189e-01	2.352e-01
161991.50	1.392e-03	-5.366e-02	-5.002e-02
161992.50	-5.242e-03	2.323e-01	7.498e-02
161993.50	-8.918e-03	5.760e-01	-1.277e-01
161994.50	9.024e-03	3.898e-01	-2.419e-01
161995.50	5.376e-03	-1.574e-01	2.938e-01
161996.50	-1.613e-02	3.965e-01	-8.986e-02
161997.50	-5.290e-03	1.670e-01	-5.318e-04
161998.50	-1.862e-02	2.189e-01	3.187e-01
161999.50	-1.872e-02	2.928e-02	3.946e-01
162000.50	-5.021e-03	-1.411e-01	3.168e-01
162001.50	4.992e-04	1.075e-01	-7.430e-02
162002.50	1.642e-03	2.899e-01	-7.738e-02
162003.50	-8.861e-03	3.187e-01	2.678e-02
162004.50	-4.570e-03	2.218e-01	-1.766e-02
162005.50	-2.938e-02	6.010e-01	3.149e-01
162006.50	-8.352e-03	1.450e-01	1.258e-01
162007.50	6.211e-03	9.379e-03	-2.602e-01
162008.50	1.363e-02	1.920e-01	-4.416e-01
162009.50	-7.997e-03	3.130e-01	-1.795e-02
162010.50	-4.282e-03	-1.325e-01	2.429e-01
162011.50	-2.573e-03	-1.382e-02	1.267e-01
162012.50	-5.818e-03	3.850e-01	-1.344e-01
162013.50	-9.792e-03	1.411e-01	1.258e-01
162014.50	7.277e-03	-3.062e-01	3.446e-02
162015.50	7.786e-03	5.059e-02	-3.168e-01
162016.50	-3.034e-03	1.421e-01	3.946e-02
162017.50	-6.720e-03	-1.200e-01	1.939e-01
162018.50	5.405e-03	-1.872e-01	4.656e-02
162019.50	-9.888e-03	2.630e-01	1.104e-01
162020.50	-2.333e-03	1.229e-01	-6.336e-02
162021.50	-7.104e-04	3.235e-01	-1.210e-01
162022.50	-1.478e-02	5.136e-01	1.162e-02
162023.50	-1.027e-02	-3.994e-02	3.888e-01
162024.50	-1.315e-03	3.658e-02	-7.046e-02
162025.50	-3.869e-03	4.541e-02	8.122e-02
162026.50	5.030e-03	2.102e-01	-2.179e-01
162027.50	-7.651e-03	-5.290e-02	2.563e-01
162028.50	-1.613e-02	2.112e-01	3.274e-01
162029.50	-4.550e-03	-5.875e-02	4.483e-02
162030.50	3.226e-03	2.592e-01	-2.669e-01
162031.50	9.418e-04	2.755e-02	-1.469e-01
162032.50	-7.258e-03	1.584e-01	4.186e-02
162033.50	6.941e-04	-4.464e-02	2.400e-02
162034.50	-8.659e-03	8.794e-03	1.306e-01
162035.50	-1.469e-03	1.910e-01	-1.085e-02
162036.50	4.483e-03	5.203e-02	-9.792e-02
162037.50	-1.747e-03	2.602e-01	-1.603e-01
162038.50	-9.245e-03	6.154e-04	3.514e-01
162039.50	-7.642e-03	2.554e-01	6.874e-02
162040.50	1.690e-03	-4.838e-02	-3.686e-02
162041.50	-4.752e-04	-4.579e-02	-5.472e-03
162042.50	3.974e-03	1.421e-01	-2.515e-01
162043.50	-1.210e-02	9.792e-02	2.554e-01
162044.50	-4.906e-04	-1.248e-01	1.200e-01
162045.50	-8.630e-03	3.984e-01	-3.898e-02
162046.50	-5.818e-03	2.986e-01	-3.389e-02
162047.50	-2.976e-03	2.054e-01	-1.152e-01
162048.50	-3.984e-03	5.683e-02	2.832e-02
162049.50	-3.763e-04	3.590e-02	1.171e-01
162050.50	-3.734e-04	2.016e-02	1.795e-01
162051.50	-1.718e-02	6.768e-02	3.139e-01
162052.50	6.864e-03	-1.075e-01	-1.805e-01
162053.50	-4.618e-03	1.363e-01	-2.573e-02
162054.50	6.230e-03	-3.600e-02	-2.275e-01
162055.50	-4.166e-03	8.688e-02	6.864e-02
162056.50	3.456e-03	1.277e-01	-1.786e-01
162057.50	2.803e-03	-1.622e-01	-5.510e-03
162058.50	-2.928e-03	5.606e-02	1.094e-01
162059.50	-8.410e-04	-3.178e-02	7.853e-02
162060.50	-3.830e-03	1.776e-01	-3.744e-02
162061.50	-1.325e-02	-1.344e-01	4.003e-01
162062.50	4.896e-04	-1.037e-01	-6.288e-02
162063.50	4.963e-03	-1.123e-01	-4.416e-02
162064.50	-1.296e-03	-2.400e-02	8.621e-02
162065.50	3.149e-03	1.162e-01	-1.104e-01
162066.50	-2.899e-03	1.162e-01	8.333e-02
162067.50	-4.781e-03	2.410e-02	1.747e-01
162068.50	-1.258e-03	5.030e-02	-6.432e-02
162069.50	4.330e-03	-6.691e-02	-1.123e-01
162070.50	-2.976e-04	2.294e-01	-1.565e-01
162071.50	6.806e-03	-8.688e-03	-2.534e-01
162072.50	-1.949e-02	2.554e-01	4.272e-01
162073.50	-4.858e-03	-6.528e-02	1.478e-01
162074.50	-4.858e-03	-2.083e-03	7.910e-02
162075.50	1.910e-03	-1.027e-02	-6.586e-02
162076.50	-1.834e-04	-8.506e-02	9.254e-02
162077.50	-6.038e-03	1.037e-01	1.171e-01
162078.50	1.363e-02	-1.997e-01	-2.035e-01
162079.50	9.053e-04	-2.246e-01	3.216e-02
162080.50	1.891e-03	2.755e-03	-7.219e-02
162081.50	7.536e-03	1.978e-01	-2.093e-01
162082.50	-1.181e-02	2.179e-01	1.104e-02
162083.50	9.005e-03	-1.181e-01	-8.390e-02
162084.50	9.341e-03	2.246e-01	-1.536e-01
162085.50	-5.011e-02	2.381e-01	-3.322e-01
162086.50	3.552e-02	-3.974e-01	3.379e-01
162087.50	-1.699e-02	7.901e-02	4.723e-01
162088.50	-9.792e-03	1.200e-01	1.968e-01
162089.50	-8.554e-03	1.680e-01	1.363e-01
162090.50	-9.984e-04	1.498e-01	-1.546e-02
162091.50	-5.107e-04	-5.165e-02	-2.246e-02
162092.50	8.496e-03	-6.758e-02	-1.690e-01
162093.50	1.661e-02	-2.314e-01	-2.458e-01
162094.50	4.426e-03	1.795e-02	-1.046e-01
162095.50	4.195e-03	-8.698e-02	2.160e-02
162096.50	-1.949e-03	9.130e-02	-1.248e-02
162097.50	3.619e-03	1.315e-01	-1.546e-01
162098.50	-2.621e-03	2.045e-02	3.149e-02
162099.50	-4.858e-03	-4.675e-03	1.248e-01
162100.50	-8.544e-03	-2.400e-02	1.642e-01
162101.50	-7.738e-03	3.629e-02	1.152e-01
162102.50	-6.326e-03	5.914e-02	1.325e-01
162103.50	6.979e-03	-1.008e-03	-1.402e-01
162104.50	-1.786e-03	5.933e-03	5.808e-02
162105.50	3.398e-03	-9.533e-02	3.562e-03
162106.50	5.357e-03	-5.309e-02	-5.530e-02
162107.50	1.450e-03	1.238e-01	-2.237e-03
162108.50	-4.493e-03	2.554e-01	1.910e-02
162109.50	-1.680e-03	-1.190e-01	-1.555e-02
162110.50	2.842e-03	-8.698e-02	-4.771e-02
162111.50	1.354e-04	3.542e-02	-2.419e-02
162112.50	-6.941e-03	1.843e-01	1.968e-02
162113.50	-2.006e-03	1.229e-01	7.037e-03
162114.50	-5.213e-03	7.238e-02	1.555e-01
162115.50	3.437e-03	-7.469e-02	-6.240e-02
162116.50	4.771e-04	8.534e-03	6.403e-02
162117.50	-3.216e-03	9.888e-02	-6.854e-02
162118.50	6.019e-03	8.640e-02	-1.853e-01
162119.50	9.466e-03	-8.630e-02	-4.675e-02
162120.50	-5.462e-03	6.586e-02	2.006e-01
162121.50	6.000e-03	-4.387e-02	-6.346e-02
162122.50	4.397e-03	-7.363e-02	-1.027e-01
162123.50	-3.792e-03	-3.322e-02	7.555e-02
162124.50	-1.123e-03	-5.117e-02	2.170e-03
162125.50	-6.470e-03	2.093e-01	-1.133e-02
162126.50	5.645e-04	3.360e-03	4.714e-02
162127.50	-4.032e-03	-7.248e-02	8.851e-02
162128.50	-3.600e-03	1.574e-01	3.206e-02
162129.50	-6.278e-04	1.104e-01	-9.581e-02
162130.50	1.133e-04	1.008e-02	-4.954e-02
162131.50	-3.936e-04	3.043e-02	-2.256e-02
162132.50	-1.075e-03	-9.984e-02	4.032e-02
162133.50	-1.450e-03	1.709e-02	3.830e-02
162134.50	-7.872e-03	6.931e-02	1.315e-01
162135.50	-2.573e-03	1.728e-02	9.101e-02
162136.50	1.526e-03	6.845e-02	1.594e-02
162137.50	-7.862e-04	5.846e-03	8.525e-02
162138.50	4.205e-03	-9.293e-02	-1.056e-01
162139.50	-2.573e-03	3.869e-02	1.085e-03
162140.50	6.835e-03	-4.848e-02	-4.502e-02
162141.50	2.899e-04	5.098e-02	-5.856e-02
162142.50	-1.142e-03	1.565e-02	-1.382e-02
162143.50	3.629e-03	-2.861e-02	-8.352e-02
162144.50	7.738e-03	-1.373e-01	-9.792e-02
162145.50	2.362e-03	-1.162e-01	1.632e-02
162146.50	-1.613e-03	4.982e-02	1.728e-02
162147.50	-4.570e-03	6.451e-02	-1.056e-02
162148.50	-9.792e-04	1.056e-01	-7.037e-02
162149.50	6.614e-03	-2.035e-02	-1.478e-02
162150.50	2.678e-05	5.827e-02	-1.690e-02
162151.50	4.512e-03	-7.142e-02	-1.853e-02
162152.50	-1.930e-04	9.984e-02	-4.032e-02
162153.50	1.190e-02	-2.112e-01	-9.254e-02
162154.50	-3.158e-03	-2.064e-02	3.254e-02
162155.50	6.202e-03	-7.862e-02	-1.056e-01
162156.50	-2.851e-03	9.322e-02	6.240e-02
162157.50	8.563e-04	-1.459e-02	1.450e-02
162158.50	-3.437e-03	3.034e-02	1.910e-02
162159.50	5.568e-04	-1.354e-02	4.531e-02
162160.50	1.085e-03	-4.349e-02	-2.918e-02
162161.50	-2.774e-04	1.488e-02	-1.363e-02
162162.50	-3.744e-03	5.405e-02	5.222e-02
162163.50	3.850e-03	8.122e-02	3.370e-02
162164.50	1.066e-03	4.915e-02	5.866e-03
162165.50	-4.262e-03	-1.862e-02	3.533e-02
162166.50	-6.230e-03	-6.758e-02	-2.362e-02
162167.50	-1.411e-02	-1.114e-02	4.560e-02
162168.50	5.462e-03	-8.640e-03	-2.947e-02
162169.50	1.344e-04	-6.720e-02	2.448e-02
162170.50	1.373e-03	-8.650e-02	-1.190e-02
162171.50	-4.838e-03	1.027e-01	1.286e-01
162172.50	1.258e-02	8.189e-03	-1.334e-02
162173.50	-1.670e-03	-7.315e-02	3.466e-02
162174.50	-1.450e-02	8.707e-03	-3.600e-02
162175.50	-1.008e-03	3.821e-02	4.723e-02
162176.50	-2.832e-03	1.181e-02	-4.790e-02
162177.50	-2.285e-03	5.683e-02	-3.341e-02
162178.50	1.181e-03	9.696e-03	-4.522e-02
162179.50	1.411e-03	-6.989e-04	-3.370e-02
162180.50	7.968e-03	-4.118e-03	-1.210e-01
162181.50	1.114e-04	1.651e-01	-3.130e-02
162182.50	5.635e-03	-8.381e-02	-1.594e-01
162183.50	-2.813e-03	-5.962e-02	1.459e-01
162184.50	1.968e-03	-1.277e-01	5.597e-02
162185.50	1.824e-03	1.421e-02	-1.699e-02
162186.50	4.522e-03	1.421e-01	-2.678e-02
162187.50	-8.880e-03	-4.224e-02	1.286e-01
162188.50	-1.066e-02	-2.160e-02	9.984e-02
162189.50	6.048e-04	2.746e-02	4.992e-02
162190.50	4.253e-03	-8.899e-02	-7.978e-02
162191.50	-3.350e-03	-5.136e-02	-6.010e-02
162192.50	-6.470e-03	1.008e-01	8.006e-02
162193.50	-1.584e-03	4.282e-02	-1.133e-03
162194.50	4.666e-03	-2.083e-01	-7.757e-05
162195.50	-5.357e-03	8.026e-03	1.085e-01
162196.50	-4.253e-04	7.795e-02	-5.990e-02
162197.50	-3.370e-03	1.939e-02	3.830e-02
162198.50	4.502e-03	-4.771e-02	-2.371e-02
162199.50	-2.371e-03	5.126e-02	-3.667e-02
162200.50	2.074e-03	-6.912e-02	7.536e-03
162201.50	-2.179e-03	1.133e-02	4.483e-02
162202.50	-4.742e-03	2.381e-02	8.592e-02
162203.50	-1.574e-03	2.784e-02	2.938e-02
162204.50	-1.920e-03	5.894e-02	3.283e-02
162205.50	1.517e-03	6.451e-03	-6.154e-02
162206.50	-1.901e-03	2.333e-03	5.635e-02
162207.50	8.429e-03	1.565e-02	-9.523e-02
162208.50	-2.611e-03	1.142e-01	2.496e-02
162209.50	1.987e-03	9.302e-03	-3.437e-02
162210.50	-1.229e-03	-5.798e-02	2.678e-03
162211.50	-1.411e-03	1.248e-02	-5.443e-02
162212.50	3.955e-03	-3.878e-02	-1.824e-02
162213.50	3.638e-03	7.622e-02	-6.576e-02
162214.50	7.814e-04	-5.270e-02	-2.438e-02
162215.50	3.974e-03	-9.283e-03	2.218e-02
162216.50	-3.187e-03	-2.813e-02	-8.544e-02
162217.50	-4.099e-03	1.354e-03	6.470e-02
162218.50	-3.446e-03	2.371e-02	2.765e-02
162219.50	1.046e-03	3.840e-02	2.160e-02
162220.50	2.352e-03	-2.381e-02	4.742e-02
162221.50	3.562e-03	9.504e-02	-1.430e-01
162222.50	7.766e-05	-1.373e-02	-8.650e-03
162223.50	-4.061e-03	3.514e-02	8.198e-02
162224.50	-1.498e-03	1.690e-02	1.334e-02
162225.50	8.122e-04	-1.114e-02	6.922e-03
162226.50	-1.862e-04	-4.358e-02	1.747e-02
162227.50	1.094e-03	4.819e-02	-9.293e-02
162228.50	1.536e-04	-5.539e-02	5.942e-02
162229.50	3.629e-03	-5.482e-02	-5.923e-02
162230.50	2.083e-03	2.890e-02	-3.850e-02
162231.50	-2.419e-03	-2.429e-02	7.267e-02
162232.50	2.573e-05	1.699e-02	5.856e-02
162233.50	4.445e-03	-2.909e-02	-4.166e-02
162234.50	5.328e-03	-2.678e-02	-9.888e-02
162235.50	4.349e-03	-1.382e-01	-7.200e-02
162236.50	-3.341e-03	5.904e-02	3.552e-02
162237.50	-7.709e-03	5.606e-02	1.075e-01
162238.50	-3.869e-03	2.870e-02	2.314e-02
162239.50	-6.451e-03	3.110e-02	1.008e-01
162240.50	-3.254e-03	4.762e-02	1.363e-02
162241.50	-1.114e-03	-3.043e-02	1.478e-02
162242.50	-2.976e-03	5.165e-02	1.930e-03
162243.50	-2.054e-03	5.002e-02	2.659e-02
162244.50	1.027e-03	3.898e-03	1.392e-02
162245.50	3.715e-03	-6.557e-03	8.890e-03
162246.50	-1.334e-03	5.165e-02	6.672e-03
162247.50	-3.331e-04	7.469e-02	-2.899e-02
162248.50	-1.440e-03	-4.166e-02	6.624e-02
162249.50	-8.659e-03	-1.325e-01	-3.494e-02
162250.50	-1.718e-02	1.363e-01	2.918e-02
162251.50	6.000e-03	1.382e-01	-8.669e-02
162252.50	2.170e-02	-1.987e-01	-8.016e-02
162253.50	2.976e-02	-6.941e-02	-2.054e-02
162254.50	9.216e-03	-1.123e-01	-2.170e-02
162255.50	-1.190e-02	-1.133e-02	8.602e-02
162256.50	-8.976e-03	2.822e-02	6.317e-02
162257.50	-6.038e-03	9.389e-02	-1.296e-02
162258.50	3.091e-03	-7.344e-03	-7.478e-02
162259.50	1.469e-03	-2.122e-02	1.622e-02
162260.50	-2.669e-03	-2.438e-02	7.872e-03
162261.50	-2.890e-03	-1.555e-02	6.221e-02
162262.50	-6.250e-04	8.400e-02	-2.928e-02
162263.50	2.122e-03	-2.957e-02	-3.456e-02
162264.50	2.227e-02	3.466e-01	-6.691e-02
162265.50	3.341e-02	-7.114e-02	-1.450e-01
162266.50	9.456e-03	-1.075e-01	-3.466e-02
162267.50	-3.139e-02	3.878e-02	1.181e-01
162268.50	-4.272e-02	-1.114e-01	1.920e-01
162269.50	-1.104e-03	1.882e-02	3.994e-02
162270.50	7.085e-03	5.174e-02	1.843e-02
162271.50	4.022e-03	2.851e-02	-3.350e-02
162272.50	3.053e-04	3.053e-03	-1.862e-02
162273.50	-1.546e-04	1.008e-01	-5.626e-02
162274.50	-3.475e-03	-6.298e-02	9.130e-03
162275.50	6.480e-04	-2.122e-02	1.517e-02
162276.50	-1.104e-02	-7.555e-02	2.390e-02
162277.50	-1.373e-03	3.178e-02	-1.248e-01
162278.50	-1.622e-03	9.370e-03	-4.944e-02
162279.50	-5.530e-03	9.072e-03	3.158e-02
