161681.50	0.000e+00	0.000e+00	0.000e+00
161682.50	0.000e+00	0.000e+00	0.000e+00
161683.50	0.000e+00	0.000e+00	0.000e+00
161684.50	0.000e+00	0.000e+00	0.000e+00
161685.50	0.000e+00	0.000e+00	0.000e+00
161686.50	0.000e+00	0.000e+00	0.000e+00
161687.50	0.000e+00	0.000e+00	0.000e+00
161688.50	0.000e+00	0.000e+00	0.000e+00
161689.50	0.000e+00	0.000e+00	0.000e+00
161690.50	0.000e+00	0.000e+00	0.000e+00
161691.50	0.000e+00	0.000e+00	0.000e+00
161692.50	0.000e+00	0.000e+00	0.000e+00
161693.50	0.000e+00	0.000e+00	0.000e+00
161694.50	0.000e+00	0.000e+00	0.000e+00
161695.50	0.000e+00	0.000e+00	0.000e+00
161696.50	0.000e+00	0.000e+00	0.000e+00
161697.50	0.000e+00	0.000e+00	0.000e+00
161698.50	0.000e+00	0.000e+00	0.000e+00
161699.50	0.000e+00	0.000e+00	0.000e+00
161700.50	0.000e+00	0.000e+00	0.000e+00
161701.50	0.000e+00	0.000e+00	0.000e+00
161702.50	0.000e+00	0.000e+00	0.000e+00
161703.50	0.000e+00	0.000e+00	0.000e+00
161704.50	0.000e+00	0.000e+00	0.000e+00
161705.50	0.000e+00	0.000e+00	0.000e+00
161706.50	0.000e+00	0.000e+00	0.000e+00
161707.50	0.000e+00	0.000e+00	0.000e+00
161708.50	0.000e+00	0.000e+00	0.000e+00
161709.50	0.000e+00	0.000e+00	0.000e+00
161710.50	0.000e+00	0.000e+00	0.000e+00
161711.50	0.000e+00	0.000e+00	0.000e+00
161712.50	0.000e+00	0.000e+00	0.000e+00
161713.50	0.000e+00	0.000e+00	0.000e+00
161714.50	0.000e+00	0.000e+00	0.000e+00
161715.50	0.000e+00	0.000e+00	0.000e+00
161716.50	0.000e+00	0.000e+00	0.000e+00
161717.50	0.000e+00	0.000e+00	0.000e+00
161718.50	0.000e+00	0.000e+00	0.000e+00
161719.50	0.000e+00	0.000e+00	0.000e+00
161720.50	0.000e+00	0.000e+00	0.000e+00
161721.50	0.000e+00	0.000e+00	0.000e+00
161722.50	0.000e+00	0.000e+00	0.000e+00
161723.50	0.000e+00	0.000e+00	0.000e+00
161724.50	0.000e+00	0.000e+00	0.000e+00
161725.50	0.000e+00	0.000e+00	0.000e+00
161726.50	0.000e+00	0.000e+00	0.000e+00
161727.50	0.000e+00	0.000e+00	0.000e+00
161728.50	0.000e+00	0.000e+00	0.000e+00
161729.50	0.000e+00	0.000e+00	0.000e+00
161730.50	0.000e+00	0.000e+00	0.000e+00
161731.50	0.000e+00	0.000e+00	0.000e+00
161732.50	0.000e+00	0.000e+00	0.000e+00
161733.50	0.000e+00	0.000e+00	0.000e+00
161734.50	0.000e+00	0.000e+00	0.000e+00
161735.50	0.000e+00	0.000e+00	0.000e+00
161736.50	0.000e+00	0.000e+00	0.000e+00
161737.50	0.000e+00	0.000e+00	0.000e+00
161738.50	0.000e+00	0.000e+00	0.000e+00
161739.50	0.000e+00	0.000e+00	0.000e+00
161740.50	0.000e+00	0.000e+00	0.000e+00
161741.50	0.000e+00	0.000e+00	0.000e+00
161742.50	0.000e+00	0.000e+00	0.000e+00
161743.50	0.000e+00	0.000e+00	0.000e+00
161744.50	0.000e+00	0.000e+00	0.000e+00
161745.50	0.000e+00	0.000e+00	0.000e+00
161746.50	0.000e+00	0.000e+00	0.000e+00
161747.50	0.000e+00	0.000e+00	0.000e+00
161748.50	0.000e+00	0.000e+00	0.000e+00
161749.50	0.000e+00	0.000e+00	0.000e+00
161750.50	0.000e+00	0.000e+00	0.000e+00
161751.50	0.000e+00	0.000e+00	0.000e+00
161752.50	0.000e+00	0.000e+00	0.000e+00
161753.50	0.000e+00	0.000e+00	0.000e+00
161754.50	0.000e+00	0.000e+00	0.000e+00
161755.50	0.000e+00	0.000e+00	0.000e+00
161756.50	0.000e+00	0.000e+00	0.000e+00
161757.50	0.000e+00	0.000e+00	0.000e+00
161758.50	0.000e+00	0.000e+00	0.000e+00
161759.50	0.000e+00	0.000e+00	0.000e+00
161760.50	0.000e+00	0.000e+00	0.000e+00
161761.50	0.000e+00	0.000e+00	0.000e+00
161762.50	0.000e+00	0.000e+00	0.000e+00
161763.50	0.000e+00	0.000e+00	0.000e+00
161764.50	0.000e+00	0.000e+00	0.000e+00
161765.50	0.000e+00	0.000e+00	0.000e+00
161766.50	0.000e+00	0.000e+00	0.000e+00
161767.50	0.000e+00	0.000e+00	0.000e+00
161768.50	0.000e+00	0.000e+00	0.000e+00
161769.50	0.000e+00	0.000e+00	0.000e+00
161770.50	0.000e+00	0.000e+00	0.000e+00
161771.50	0.000e+00	0.000e+00	0.000e+00
161772.50	0.000e+00	0.000e+00	0.000e+00
161773.50	0.000e+00	0.000e+00	0.000e+00
161774.50	0.000e+00	0.000e+00	0.000e+00
161775.50	0.000e+00	0.000e+00	0.000e+00
161776.50	0.000e+00	0.000e+00	0.000e+00
161777.50	0.000e+00	0.000e+00	0.000e+00
161778.50	0.000e+00	0.000e+00	0.000e+00
161779.50	0.000e+00	0.000e+00	0.000e+00
161780.50	0.000e+00	0.000e+00	0.000e+00
161781.50	0.000e+00	0.000e+00	0.000e+00
161782.50	0.000e+00	0.000e+00	0.000e+00
161783.50	0.000e+00	0.000e+00	0.000e+00
161784.50	0.000e+00	0.000e+00	0.000e+00
161785.50	0.000e+00	0.000e+00	0.000e+00
161786.50	0.000e+00	0.000e+00	0.000e+00
161787.50	0.000e+00	0.000e+00	0.000e+00
161788.50	0.000e+00	0.000e+00	0.000e+00
161789.50	0.000e+00	0.000e+00	0.000e+00
161790.50	0.000e+00	0.000e+00	0.000e+00
161791.50	0.000e+00	0.000e+00	0.000e+00
161792.50	0.000e+00	0.000e+00	0.000e+00
161793.50	0.000e+00	0.000e+00	0.000e+00
161794.50	0.000e+00	0.000e+00	0.000e+00
161795.50	0.000e+00	0.000e+00	0.000e+00
161796.50	0.000e+00	0.000e+00	0.000e+00
161797.50	0.000e+00	0.000e+00	0.000e+00
161798.50	0.000e+00	0.000e+00	0.000e+00
161799.50	0.000e+00	0.000e+00	0.000e+00
161800.50	0.000e+00	0.000e+00	0.000e+00
161801.50	0.000e+00	0.000e+00	0.000e+00
161802.50	0.000e+00	0.000e+00	0.000e+00
161803.50	0.000e+00	0.000e+00	0.000e+00
161804.50	0.000e+00	0.000e+00	0.000e+00
161805.50	0.000e+00	0.000e+00	0.000e+00
161806.50	0.000e+00	0.000e+00	0.000e+00
161807.50	0.000e+00	0.000e+00	0.000e+00
161808.50	0.000e+00	0.000e+00	0.000e+00
161809.50	0.000e+00	0.000e+00	0.000e+00
161810.50	0.000e+00	0.000e+00	0.000e+00
161811.50	0.000e+00	0.000e+00	0.000e+00
161812.50	0.000e+00	0.000e+00	0.000e+00
161813.50	0.000e+00	0.000e+00	0.000e+00
161814.50	0.000e+00	0.000e+00	0.000e+00
161815.50	0.000e+00	0.000e+00	0.000e+00
161816.50	0.000e+00	0.000e+00	0.000e+00
161817.50	0.000e+00	0.000e+00	0.000e+00
161818.50	0.000e+00	0.000e+00	0.000e+00
161819.50	0.000e+00	0.000e+00	0.000e+00
161820.50	0.000e+00	0.000e+00	0.000e+00
161821.50	0.000e+00	0.000e+00	0.000e+00
161822.50	0.000e+00	0.000e+00	0.000e+00
161823.50	0.000e+00	0.000e+00	0.000e+00
161824.50	0.000e+00	0.000e+00	0.000e+00
161825.50	0.000e+00	0.000e+00	0.000e+00
161826.50	0.000e+00	0.000e+00	0.000e+00
161827.50	0.000e+00	0.000e+00	0.000e+00
161828.50	0.000e+00	0.000e+00	0.000e+00
161829.50	0.000e+00	0.000e+00	0.000e+00
161830.50	0.000e+00	0.000e+00	0.000e+00
161831.50	0.000e+00	0.000e+00	0.000e+00
161832.50	0.000e+00	0.000e+00	0.000e+00
161833.50	0.000e+00	0.000e+00	0.000e+00
161834.50	0.000e+00	0.000e+00	0.000e+00
161835.50	0.000e+00	0.000e+00	0.000e+00
161836.50	0.000e+00	0.000e+00	0.000e+00
161837.50	0.000e+00	0.000e+00	0.000e+00
161838.50	0.000e+00	0.000e+00	0.000e+00
161839.50	0.000e+00	0.000e+00	0.000e+00
161840.50	0.000e+00	0.000e+00	0.000e+00
161841.50	0.000e+00	0.000e+00	0.000e+00
161842.50	5.395e-06	-3.168e-04	-5.443e-04
161843.50	2.746e-07	-3.782e-04	-1.104e-03
161844.50	-7.267e-04	1.114e-02	2.582e-03
161845.50	6.557e-05	-1.085e-03	-1.757e-03
161846.50	1.066e-04	-3.504e-03	-8.141e-03
161847.50	4.982e-05	-3.370e-04	2.170e-03
161848.50	4.042e-04	-5.117e-03	3.658e-03
161849.50	4.819e-04	-4.109e-03	1.114e-02
161850.50	-1.277e-04	1.411e-03	-1.056e-03
161851.50	-1.123e-04	1.517e-03	-2.592e-03
161852.50	-1.037e-05	-1.277e-03	-1.181e-03
161853.50	-6.672e-05	2.189e-03	-2.410e-03
161854.50	1.747e-05	-1.248e-03	-1.238e-04
161855.50	-8.688e-06	-1.603e-04	3.139e-04
161856.50	-6.230e-06	-1.872e-04	-7.690e-04
161857.50	5.827e-06	-9.322e-04	2.918e-04
161858.50	1.632e-05	-6.442e-05	3.168e-04
161859.50	2.006e-05	1.008e-03	1.958e-03
161860.50	-2.016e-06	6.374e-04	1.862e-04
161861.50	-1.315e-04	7.027e-03	1.757e-03
161862.50	1.814e-04	-1.622e-02	-7.162e-03
161863.50	5.222e-05	-4.291e-03	-2.966e-04
161864.50	1.219e-04	8.851e-03	1.939e-02
161865.50	-5.222e-04	-4.781e-02	-1.258e-01
161866.50	1.670e-02	-6.442e-01	3.235e-01
161867.50	2.986e-01	-1.757e+01	-3.667e+00
161868.50	5.626e+00	-2.947e+02	-2.323e+00
161869.50	1.670e+01	-7.814e+02	8.640e+01
161870.50	1.306e+01	-5.578e+02	8.707e+01
161871.50	1.843e+00	-5.818e+01	6.048e+00
161872.50	-9.197e-01	5.875e+01	-6.874e+00
161873.50	-2.371e+00	1.133e+02	-1.834e+01
161874.50	-2.381e+00	1.094e+02	-1.978e+01
161875.50	-2.122e+00	1.037e+02	-3.293e+00
161876.50	-2.122e+00	9.446e+01	-1.642e+01
161877.50	-2.083e+00	9.466e+01	-9.792e+00
161878.50	-1.901e+00	8.746e+01	-7.517e+00
161879.50	-1.670e+00	7.459e+01	-1.018e+01
161880.50	-1.344e+00	6.470e+01	-1.546e+00
161881.50	-1.344e+00	6.038e+01	-7.709e+00
161882.50	-1.085e+00	5.050e+01	-2.141e+00
161883.50	-1.133e+00	4.963e+01	-7.325e+00
161884.50	-1.123e+00	4.934e+01	-6.240e+00
161885.50	-1.037e+00	4.502e+01	-7.373e+00
161886.50	-8.246e-01	3.763e+01	-1.728e+00
161887.50	-9.245e-01	4.118e+01	-3.552e+00
161888.50	-7.949e-01	3.504e+01	-3.398e+00
161889.50	-6.749e-01	2.966e+01	-3.696e+00
161890.50	-6.557e-01	2.986e+01	-1.699e+00
161891.50	-6.490e-01	2.736e+01	-5.232e+00
161892.50	-5.443e-01	2.506e+01	-8.736e-01
161893.50	-4.934e-01	2.170e+01	-2.208e+00
161894.50	-4.723e-01	2.131e+01	-1.555e+00
161895.50	-4.685e-01	2.170e+01	-7.094e-01
161896.50	-5.040e-01	2.285e+01	-5.443e-01
161897.50	-3.763e-01	1.690e+01	-7.690e-01
161898.50	-3.696e-01	1.584e+01	-1.939e+00
161899.50	-3.485e-01	1.430e+01	-2.726e+00
161900.50	-3.802e-01	1.574e+01	-2.621e+00
161901.50	-2.794e-01	1.296e+01	-1.546e-01
161902.50	-2.333e-01	1.229e+01	8.650e-01
161903.50	-2.765e-01	1.258e+01	-7.968e-01
161904.50	-2.486e-01	1.133e+01	3.984e-02
161905.50	-2.995e-01	1.219e+01	-2.333e+00
161906.50	-2.362e-01	1.008e+01	-1.008e+00
161907.50	-2.093e-01	9.600e+00	-5.626e-02
161908.50	-1.968e-01	9.024e+00	-2.506e-01
161909.50	-2.150e-01	8.256e+00	-2.304e+00
161910.50	-2.074e-01	8.822e+00	-8.774e-01
161911.50	-1.776e-01	8.304e+00	7.594e-02
161912.50	-1.229e-01	6.134e+00	8.957e-01
161913.50	-1.718e-01	7.997e+00	1.728e-01
161914.50	-1.411e-01	6.682e+00	2.928e-01
161915.50	-1.584e-01	6.960e+00	-5.107e-01
161916.50	-1.162e-01	4.963e+00	-2.774e-01
161917.50	-1.421e-01	5.914e+00	-5.174e-01
161918.50	-1.315e-01	6.422e+00	3.955e-01
161919.50	-1.238e-01	5.578e+00	-3.418e-01
161920.50	-9.888e-02	4.445e+00	-4.032e-01
161921.50	-1.306e-01	5.290e+00	-1.066e+00
161922.50	-6.950e-02	3.226e+00	3.725e-01
161923.50	-7.037e-02	3.898e+00	8.918e-01
161924.50	-8.093e-02	4.003e+00	4.800e-01
161925.50	-7.574e-02	3.350e+00	-1.344e-01
161926.50	-8.362e-02	3.302e+00	-3.456e-01
161927.50	-1.075e-01	4.003e+00	-1.219e+00
161928.50	-7.661e-02	3.235e+00	-5.357e-01
161929.50	-7.901e-02	3.542e+00	1.661e-01
161930.50	-7.430e-02	2.966e+00	-4.704e-01
161931.50	-5.232e-02	1.632e+00	-1.085e+00
161932.50	-5.030e-02	2.150e+00	-7.546e-01
161933.50	-7.152e-02	2.851e+00	-6.413e-01
161934.50	-5.606e-02	2.544e+00	2.544e-01
161935.50	-6.115e-02	2.794e+00	3.610e-01
161936.50	-4.166e-02	2.160e+00	4.877e-01
161937.50	-4.339e-02	1.853e+00	-4.109e-01
161938.50	-4.445e-02	2.266e+00	4.291e-01
161939.50	-1.747e-02	6.854e-01	-3.610e-02
161940.50	-4.694e-02	2.333e+00	5.578e-01
161941.50	-5.318e-02	2.198e+00	-6.269e-01
161942.50	-3.734e-02	1.498e+00	-8.266e-02
161943.50	-4.349e-02	1.622e+00	-2.774e-01
161944.50	-4.310e-02	1.747e+00	-4.397e-02
161945.50	-4.493e-02	1.286e+00	-7.056e-01
161946.50	-2.861e-02	1.210e+00	-4.109e-01
161947.50	-3.571e-02	2.208e+00	7.546e-01
161948.50	-3.955e-02	1.459e+00	-9.792e-01
161949.50	-1.670e-02	8.256e-01	4.771e-02
161950.50	-2.160e-02	3.427e-01	-7.190e-01
161951.50	-4.944e-02	2.112e+00	-1.488e-01
161952.50	-2.554e-02	1.325e+00	1.114e-02
161953.50	8.035e-03	4.262e-01	5.213e-01
161954.50	-2.947e-02	1.171e+00	1.603e-01
161955.50	-2.083e-02	9.130e-01	-2.390e-01
161956.50	-2.726e-02	5.914e-01	-2.621e-01
161957.50	-1.075e-02	7.258e-01	5.088e-01
161958.50	-2.122e-02	8.736e-01	-3.456e-01
161959.50	-3.466e-02	1.229e+00	-5.059e-01
161960.50	-1.104e-02	5.875e-01	-8.198e-02
161961.50	-8.957e-03	3.389e-01	-1.555e-01
161962.50	-1.536e-02	6.154e-01	1.718e-01
161963.50	-2.304e-02	7.094e-01	-2.659e-01
161964.50	-3.466e-02	1.306e+00	-7.075e-02
161965.50	-2.429e-02	1.037e+00	-1.162e-01
161966.50	-1.478e-02	2.160e-01	-6.528e-01
161967.50	-1.027e-02	1.930e-01	-1.162e-01
161968.50	-2.218e-02	9.053e-01	-3.475e-01
161969.50	-1.757e-02	9.149e-01	-1.642e-02
161970.50	-1.296e-02	3.994e-01	-1.824e-03
161971.50	-7.891e-03	7.968e-01	6.288e-01
161972.50	-3.648e-02	8.784e-01	-4.618e-01
161973.50	-1.795e-03	3.715e-01	4.262e-01
161974.50	-1.622e-02	6.586e-01	-1.008e-02
161975.50	-8.419e-03	4.032e-01	-1.498e-01
161976.50	-1.862e-02	8.525e-01	3.254e-01
161977.50	5.194e-03	1.037e-01	-7.728e-02
161978.50	2.784e-03	1.450e-01	-5.328e-01
161979.50	-9.984e-03	6.451e-01	-3.926e-02
161980.50	3.062e-03	4.944e-01	5.722e-04
161981.50	-4.061e-02	-8.611e-02	-1.344e-01
161982.50	-1.142e-02	4.291e-01	-2.131e-01
161983.50	-1.469e-02	4.550e-01	1.536e-01
161984.50	-1.728e-02	1.056e-01	-3.206e-01
161985.50	-1.834e-02	6.413e-01	1.267e-01
161986.50	6.528e-03	-1.046e-01	2.582e-01
161987.50	-1.037e-02	3.850e-01	4.186e-04
161988.50	1.728e-03	3.408e-02	2.659e-02
161989.50	-9.888e-03	1.632e-01	-2.851e-01
161990.50	-3.629e-03	8.362e-02	1.757e-01
161991.50	2.400e-03	3.216e-01	7.334e-02
161992.50	-2.477e-03	2.640e-01	-1.363e-01
161993.50	-1.622e-02	3.830e-01	-5.318e-02
161994.50	1.334e-02	-3.370e-02	4.906e-01
161995.50	-2.294e-02	6.317e-01	-1.882e-01
161996.50	-8.467e-03	1.469e-01	-2.429e-01
161997.50	-2.323e-03	1.008e-01	-5.712e-02
161998.50	-1.690e-05	3.744e-02	7.334e-02
161999.50	-6.048e-03	1.834e-01	5.645e-02
162000.50	-1.325e-02	4.042e-01	9.312e-02
162001.50	-9.984e-03	3.408e-01	-1.094e-01
162002.50	-1.363e-02	4.378e-01	-1.363e-02
162003.50	-1.507e-02	3.360e-01	-2.218e-01
162004.50	6.509e-03	-2.486e-01	9.888e-02
162005.50	-6.979e-03	2.227e-01	-1.546e-01
162006.50	-8.736e-03	8.227e-03	4.368e-02
162007.50	-5.376e-03	2.294e-01	-1.450e-01
162008.50	9.149e-03	-1.661e-02	-3.898e-02
162009.50	-5.165e-03	2.458e-01	3.149e-01
162010.50	-7.968e-03	2.995e-01	1.238e-01
162011.50	9.600e-04	-9.014e-03	-6.739e-02
162012.50	-3.168e-03	-2.784e-01	-2.227e-01
162013.50	-3.706e-03	2.314e-01	-2.496e-01
162014.50	-1.334e-02	4.598e-01	-1.997e-01
162015.50	-6.490e-03	3.590e-01	3.264e-01
162016.50	-7.008e-03	2.093e-01	2.083e-02
162017.50	1.133e-03	1.200e-01	-5.453e-03
162018.50	-2.534e-03	2.275e-02	-1.546e-01
162019.50	-7.517e-03	3.197e-01	-5.635e-02
162020.50	-6.595e-03	3.235e-02	-9.984e-02
162021.50	-9.120e-04	1.526e-01	4.138e-02
162022.50	-3.754e-03	9.245e-02	2.131e-02
162023.50	-7.363e-03	1.459e-01	-1.344e-01
162024.50	8.602e-03	-2.717e-01	-1.594e-02
162025.50	8.957e-03	-5.386e-02	2.112e-01
162026.50	2.026e-03	9.888e-02	6.854e-02
162027.50	-1.325e-02	-1.526e-01	2.986e-03
162028.50	1.181e-03	6.730e-02	1.296e-01
162029.50	-6.307e-03	4.090e-02	-1.901e-02
162030.50	-5.002e-05	2.054e-01	1.901e-02
162031.50	1.430e-03	1.238e-01	5.232e-02
162032.50	-1.997e-03	1.526e-04	-1.824e-01
162033.50	-8.515e-03	4.666e-01	-5.117e-04
162034.50	-5.933e-03	2.112e-01	-3.946e-02
162035.50	8.909e-03	-1.546e-01	1.238e-01
162036.50	-5.242e-05	9.792e-02	-5.702e-03
162037.50	-3.965e-03	2.179e-01	1.334e-01
162038.50	-5.011e-03	2.160e-01	1.334e-01
162039.50	-7.910e-03	4.973e-02	-1.603e-01
162040.50	-2.573e-03	1.190e-01	8.333e-03
162041.50	-7.536e-03	1.997e-01	-1.786e-01
162042.50	-6.922e-03	2.323e-01	-1.392e-01
162043.50	-4.454e-03	1.382e-01	-5.798e-02
162044.50	1.757e-03	-7.747e-02	2.419e-02
162045.50	4.243e-03	2.746e-02	6.758e-02
162046.50	-8.698e-04	1.670e-01	-3.072e-02
162047.50	-5.587e-03	1.181e-01	7.766e-02
162048.50	2.832e-03	-2.026e-01	-1.402e-02
162049.50	3.619e-03	-4.147e-03	1.142e-02
162050.50	-4.032e-03	3.101e-01	2.218e-02
162051.50	-8.054e-03	2.458e-01	2.045e-01
162052.50	-7.469e-03	1.517e-01	-2.467e-02
162053.50	-2.621e-03	-2.813e-02	-8.448e-02
162054.50	-9.062e-05	-8.006e-03	-7.277e-02
162055.50	1.862e-03	1.267e-01	9.437e-02
162056.50	-2.554e-03	-2.093e-01	-1.344e-01
162057.50	6.739e-04	-1.037e-01	5.510e-02
162058.50	4.454e-03	-1.296e-01	1.440e-01
162059.50	2.198e-05	-3.091e-02	-3.802e-02
162060.50	9.331e-04	9.408e-02	9.792e-02
162061.50	-9.600e-04	9.024e-02	-3.782e-03
162062.50	-9.792e-04	6.451e-02	-2.650e-02
162063.50	-1.728e-03	3.235e-01	1.872e-02
162064.50	-7.200e-04	-1.373e-01	-6.634e-02
162065.50	1.133e-02	1.978e-02	2.064e-01
162066.50	-6.710e-03	7.306e-02	-6.413e-02
162067.50	-9.034e-03	2.083e-01	-1.613e-01
162068.50	1.526e-03	1.200e-01	1.315e-01
162069.50	2.986e-03	-1.018e-01	8.842e-02
162070.50	-1.776e-03	8.592e-02	8.400e-03
162071.50	-7.718e-03	2.093e-01	-3.216e-01
162072.50	-1.046e-03	1.354e-02	-1.411e-01
162073.50	4.416e-03	-5.770e-02	2.160e-01
162074.50	4.714e-03	-1.258e-01	1.114e-01
162075.50	-3.638e-03	7.296e-03	-3.331e-02
162076.50	-5.578e-03	1.354e-01	-1.488e-01
162077.50	3.091e-04	-2.026e-02	-7.709e-02
162078.50	-1.459e-03	-6.096e-02	-5.962e-02
162079.50	-5.770e-04	2.717e-02	2.074e-02
162080.50	-7.728e-03	2.621e-01	3.408e-02
162081.50	-6.461e-03	6.720e-02	-6.653e-02
162082.50	6.394e-03	-2.342e-01	-8.390e-02
162083.50	4.301e-03	-8.006e-02	4.330e-02
162084.50	-9.437e-03	1.814e-01	-1.315e-01
162085.50	-4.406e-03	1.738e-01	4.829e-02
162086.50	4.637e-04	-1.008e-02	-1.056e-01
162087.50	-3.437e-03	7.834e-02	1.056e-01
162088.50	5.078e-04	8.976e-02	-2.170e-02
162089.50	-1.632e-03	-4.829e-02	2.275e-02
162090.50	1.498e-03	4.368e-02	6.384e-02
162091.50	1.824e-03	-1.142e-01	7.277e-02
162092.50	-1.930e-03	1.382e-01	-1.555e-02
162093.50	-1.104e-03	-3.091e-02	-7.498e-02
162094.50	9.446e-04	2.698e-02	-3.427e-03
162095.50	3.130e-03	-6.394e-02	6.125e-02
162096.50	-3.312e-03	1.286e-01	4.522e-03
162097.50	-1.277e-03	-2.467e-02	1.037e-01
162098.50	-1.814e-03	5.587e-02	-6.816e-02
162099.50	4.550e-03	-1.219e-01	1.382e-01
162100.50	-6.643e-03	1.498e-01	-8.390e-02
162101.50	2.342e-03	-6.230e-02	4.368e-02
162102.50	9.043e-04	-3.475e-02	1.997e-02
162103.50	-4.646e-05	-8.986e-02	-1.123e-01
162104.50	1.546e-03	8.362e-02	7.834e-02
162105.50	-5.770e-03	1.853e-01	-4.253e-02
162106.50	-9.446e-03	2.611e-01	-1.440e-01
162107.50	5.923e-03	-2.342e-01	2.602e-02
162108.50	-4.810e-03	5.760e-02	-2.813e-03
162109.50	5.011e-03	4.512e-03	8.870e-02
162110.50	4.224e-03	-1.757e-01	1.565e-02
162111.50	3.600e-03	-9.888e-02	-1.334e-02
162112.50	2.371e-03	4.646e-02	-1.344e-01
162113.50	-3.955e-03	9.101e-02	-4.838e-02
162114.50	-5.616e-03	-5.021e-02	-1.248e-01
162115.50	7.085e-03	-1.008e-01	8.534e-02
162116.50	4.570e-03	-6.192e-04	2.122e-01
162117.50	1.632e-03	3.014e-02	1.526e-01
162118.50	-6.998e-05	2.362e-02	1.142e-01
162119.50	-2.755e-03	9.072e-03	-7.939e-02
162120.50	1.930e-04	7.171e-02	5.530e-03
162121.50	-4.858e-03	4.781e-02	-1.277e-01
162122.50	-4.416e-03	1.046e-01	-5.578e-02
162123.50	2.688e-03	-1.805e-02	-9.696e-03
162124.50	7.056e-04	-3.715e-02	-8.438e-02
162125.50	-1.613e-03	-1.536e-02	-1.296e-01
162126.50	2.131e-03	-7.344e-02	-8.966e-03
162127.50	-7.459e-04	8.563e-02	4.502e-02
162128.50	-1.555e-03	9.600e-02	-8.582e-02
162129.50	8.333e-04	5.078e-02	1.862e-01
162130.50	-3.331e-03	1.997e-02	1.718e-02
162131.50	3.590e-03	-1.824e-01	5.424e-03
162132.50	-3.562e-03	1.018e-01	-8.938e-02
162133.50	-3.158e-05	5.597e-02	3.312e-02
162134.50	-4.061e-03	1.478e-01	1.344e-01
162135.50	-1.594e-03	-5.501e-02	-1.094e-01
162136.50	3.638e-03	5.117e-04	-2.026e-02
162137.50	6.826e-04	4.061e-03	1.507e-01
162138.50	-4.733e-03	1.008e-01	-5.386e-02
162139.50	1.325e-03	-2.083e-01	-2.429e-02
162140.50	5.981e-04	2.842e-02	-5.693e-02
162141.50	-5.002e-04	7.498e-02	5.731e-02
162142.50	1.920e-03	1.690e-02	9.216e-02
162143.50	3.110e-03	-1.891e-03	8.006e-02
162144.50	-1.651e-03	-6.202e-02	-5.779e-02
162145.50	-1.104e-03	-1.526e-01	-1.181e-01
162146.50	2.534e-03	6.758e-02	1.469e-01
162147.50	-4.061e-03	1.075e-01	-1.094e-01
162148.50	3.398e-03	-2.813e-02	-5.366e-02
162149.50	-1.392e-03	9.475e-02	-6.518e-02
162150.50	-4.637e-03	5.414e-02	-2.438e-02
162151.50	4.790e-03	-1.920e-01	1.296e-01
162152.50	2.448e-03	-6.240e-02	6.634e-02
162153.50	-3.379e-03	1.363e-01	5.491e-02
162154.50	-3.302e-03	1.613e-02	-1.018e-01
162155.50	-4.032e-03	1.334e-01	-9.600e-02
162156.50	-4.013e-04	-3.600e-03	3.734e-02
162157.50	-7.632e-04	-7.392e-03	-2.410e-02
162158.50	8.170e-04	7.978e-02	-2.976e-03
162159.50	3.274e-04	8.880e-02	1.104e-01
162160.50	2.582e-03	-1.411e-02	3.322e-02
162161.50	8.035e-03	-6.374e-02	9.427e-03
162162.50	-1.776e-02	9.120e-03	-6.739e-02
162163.50	3.523e-03	1.440e-02	-4.138e-02
162164.50	6.461e-04	-1.498e-02	-1.027e-01
162165.50	-1.382e-03	4.042e-02	-2.179e-02
162166.50	-1.152e-03	2.909e-02	-1.786e-01
162167.50	-3.014e-03	5.347e-02	-5.904e-04
162168.50	-2.880e-03	1.402e-02	-3.677e-02
162169.50	1.459e-04	2.352e-02	7.613e-02
162170.50	2.150e-03	-9.523e-02	5.491e-02
162171.50	5.482e-03	-8.870e-02	1.133e-02
162172.50	1.517e-03	2.122e-02	7.853e-02
162173.50	-3.974e-03	8.093e-02	-1.882e-02
162174.50	-5.510e-03	1.421e-01	-2.707e-02
162175.50	-1.594e-03	-1.642e-02	-2.496e-02
162176.50	-1.344e-03	4.858e-02	6.442e-02
162177.50	-8.438e-04	4.550e-02	-3.648e-02
162178.50	1.776e-03	-1.229e-01	-4.992e-02
162179.50	2.141e-03	-1.181e-01	-6.221e-02
162180.50	-2.822e-03	6.461e-04	4.944e-02
162181.50	3.667e-03	-4.819e-02	2.726e-02
162182.50	1.018e-02	-1.632e-01	-2.006e-02
162183.50	-2.986e-03	-2.995e-02	1.133e-02
162184.50	-3.206e-03	4.061e-02	-5.414e-02
162185.50	-1.411e-03	5.952e-02	3.648e-02
162186.50	-2.419e-03	6.816e-02	-5.952e-02
162187.50	1.306e-03	-5.405e-02	7.690e-02
162188.50	-1.094e-04	4.109e-02	-1.872e-02
162189.50	-1.680e-03	6.806e-02	-1.142e-02
162190.50	8.899e-04	2.563e-02	5.894e-02
162191.50	-4.282e-04	4.598e-02	2.486e-02
162192.50	7.075e-05	-1.440e-02	-8.381e-04
162193.50	2.179e-03	-1.632e-02	6.384e-02
162194.50	3.379e-03	-1.190e-01	-2.410e-02
162195.50	-4.541e-04	3.715e-02	-2.755e-02
162196.50	2.832e-03	-2.717e-02	5.933e-02
162197.50	6.317e-04	-3.053e-02	-4.099e-03
162198.50	-2.803e-03	6.058e-02	-8.467e-02
162199.50	-1.594e-03	1.152e-01	5.146e-02
162200.50	1.152e-03	2.861e-02	5.002e-03
162201.50	-4.550e-03	-4.387e-02	-1.085e-01
162202.50	1.219e-04	6.288e-02	1.382e-02
162203.50	4.109e-03	-5.616e-02	1.238e-01
162204.50	-2.467e-03	3.216e-02	1.574e-02
162205.50	-3.859e-03	3.360e-02	-2.275e-02
162206.50	-1.037e-03	-8.995e-03	-1.939e-02
162207.50	-8.669e-04	5.981e-03	-3.830e-02
162208.50	3.590e-03	-1.354e-01	4.838e-03
162209.50	-6.019e-04	4.272e-02	1.046e-02
162210.50	-3.830e-03	9.696e-02	-5.462e-02
162211.50	1.315e-03	-7.507e-02	-7.056e-02
162212.50	3.734e-03	-2.006e-02	1.949e-02
162213.50	3.907e-03	-5.990e-02	7.248e-02
162214.50	-1.872e-03	3.322e-02	-4.589e-02
162215.50	7.219e-04	1.104e-04	8.218e-02
162216.50	2.304e-03	1.392e-02	4.166e-02
162217.50	-2.496e-04	1.123e-01	2.218e-02
162218.50	-5.050e-03	1.190e-01	-1.670e-02
162219.50	-6.538e-04	-4.570e-02	3.946e-02
162220.50	-1.277e-03	-6.086e-02	-3.600e-02
162221.50	-7.325e-04	8.227e-03	-6.518e-02
162222.50	2.765e-04	-6.950e-02	-1.258e-01
162223.50	9.696e-04	-6.451e-02	5.914e-02
162224.50	1.709e-03	-3.782e-02	9.600e-02
162225.50	-5.645e-04	-5.818e-02	-4.330e-02
162226.50	1.219e-03	-4.234e-02	-7.670e-02
162227.50	6.413e-04	5.328e-03	2.976e-02
162228.50	-3.120e-03	4.099e-02	-6.922e-03
162229.50	-2.669e-03	8.294e-02	-1.670e-02
162230.50	-3.293e-04	-4.339e-02	1.085e-02
162231.50	-5.299e-03	9.398e-02	-9.293e-02
162232.50	1.133e-03	5.366e-02	-4.723e-02
162233.50	1.757e-03	-1.229e-02	-1.075e-01
162234.50	1.718e-03	-6.230e-02	-9.034e-02
162235.50	2.938e-03	-1.133e-04	1.200e-01
162236.50	-1.622e-05	5.280e-03	5.885e-02
162237.50	-2.515e-03	1.046e-01	2.947e-02
162238.50	-3.110e-03	4.714e-02	-6.624e-02
162239.50	-1.190e-03	1.171e-02	1.200e-02
162240.50	9.600e-04	3.811e-03	8.957e-03
162241.50	5.530e-04	-3.504e-02	-8.227e-02
162242.50	-4.454e-03	-7.958e-03	-4.464e-02
162243.50	-3.101e-04	-1.421e-02	1.613e-02
162244.50	2.198e-03	-2.419e-02	4.416e-02
162245.50	2.237e-03	7.450e-02	3.706e-02
162246.50	4.310e-04	5.040e-02	1.008e-01
162247.50	1.939e-03	1.267e-02	6.019e-02
162248.50	5.818e-04	-2.314e-02	5.606e-02
162249.50	-1.334e-04	-2.189e-02	-2.122e-03
162250.50	2.362e-03	-6.010e-02	2.976e-02
162251.50	9.514e-04	-9.600e-02	1.238e-03
162252.50	-7.843e-03	7.814e-03	-4.272e-02
162253.50	-5.338e-03	1.430e-01	-4.282e-03
162254.50	2.093e-03	-8.093e-02	-1.920e-03
162255.50	3.245e-04	-3.408e-02	-4.608e-02
162256.50	-2.765e-03	6.154e-02	-4.090e-02
162257.50	-2.966e-03	2.938e-02	2.410e-04
162258.50	4.694e-03	-1.373e-01	-7.939e-03
162259.50	-1.046e-04	4.013e-02	1.306e-02
162260.50	5.261e-04	-2.506e-02	9.542e-03
162261.50	-9.408e-04	-5.107e-02	-4.646e-02
162262.50	2.861e-03	4.829e-03	-6.163e-03
162263.50	-3.946e-04	1.018e-01	1.286e-02
162264.50	-8.208e-04	3.965e-02	2.880e-02
162265.50	-5.462e-03	8.477e-02	-4.742e-02
162266.50	-1.498e-03	4.138e-02	-5.126e-02
162267.50	-6.058e-04	8.362e-02	7.325e-02
162268.50	-1.920e-03	-1.248e-02	-5.846e-02
162269.50	2.314e-03	8.861e-03	4.646e-02
162270.50	2.400e-03	1.738e-02	9.888e-03
162271.50	1.181e-03	7.392e-03	2.554e-03
162272.50	-2.698e-03	1.872e-02	-9.792e-02
162273.50	7.104e-04	-8.630e-02	-5.146e-02
162274.50	-4.138e-04	2.707e-03	3.734e-03
162275.50	4.157e-03	-1.037e-01	6.480e-02
162276.50	4.867e-04	1.200e-02	6.307e-02
162277.50	-1.402e-03	1.872e-02	-4.099e-02
162278.50	-5.088e-04	3.427e-02	-4.560e-03
162279.50	-1.066e-03	-2.803e-02	-3.610e-03
