161681.50	0.000e+00	0.000e+00	0.000e+00
161682.50	0.000e+00	0.000e+00	0.000e+00
161683.50	0.000e+00	0.000e+00	0.000e+00
161684.50	0.000e+00	0.000e+00	0.000e+00
161685.50	0.000e+00	0.000e+00	0.000e+00
161686.50	0.000e+00	0.000e+00	0.000e+00
161687.50	0.000e+00	0.000e+00	0.000e+00
161688.50	0.000e+00	0.000e+00	0.000e+00
161689.50	0.000e+00	0.000e+00	0.000e+00
161690.50	0.000e+00	0.000e+00	0.000e+00
161691.50	0.000e+00	0.000e+00	0.000e+00
161692.50	0.000e+00	0.000e+00	0.000e+00
161693.50	0.000e+00	0.000e+00	0.000e+00
161694.50	0.000e+00	0.000e+00	0.000e+00
161695.50	0.000e+00	0.000e+00	0.000e+00
161696.50	0.000e+00	0.000e+00	0.000e+00
161697.50	0.000e+00	0.000e+00	0.000e+00
161698.50	0.000e+00	0.000e+00	0.000e+00
161699.50	0.000e+00	0.000e+00	0.000e+00
161700.50	0.000e+00	0.000e+00	0.000e+00
161701.50	0.000e+00	0.000e+00	0.000e+00
161702.50	0.000e+00	0.000e+00	0.000e+00
161703.50	0.000e+00	0.000e+00	0.000e+00
161704.50	0.000e+00	0.000e+00	0.000e+00
161705.50	0.000e+00	0.000e+00	0.000e+00
161706.50	0.000e+00	0.000e+00	0.000e+00
161707.50	0.000e+00	0.000e+00	0.000e+00
161708.50	0.000e+00	0.000e+00	0.000e+00
161709.50	0.000e+00	0.000e+00	0.000e+00
161710.50	0.000e+00	0.000e+00	0.000e+00
161711.50	0.000e+00	0.000e+00	0.000e+00
161712.50	0.000e+00	0.000e+00	0.000e+00
161713.50	0.000e+00	0.000e+00	0.000e+00
161714.50	0.000e+00	0.000e+00	0.000e+00
161715.50	0.000e+00	0.000e+00	0.000e+00
161716.50	0.000e+00	0.000e+00	0.000e+00
161717.50	0.000e+00	0.000e+00	0.000e+00
161718.50	0.000e+00	0.000e+00	0.000e+00
161719.50	0.000e+00	0.000e+00	0.000e+00
161720.50	0.000e+00	0.000e+00	0.000e+00
161721.50	0.000e+00	0.000e+00	0.000e+00
161722.50	0.000e+00	0.000e+00	0.000e+00
161723.50	0.000e+00	0.000e+00	0.000e+00
161724.50	0.000e+00	0.000e+00	0.000e+00
161725.50	0.000e+00	0.000e+00	0.000e+00
161726.50	0.000e+00	0.000e+00	0.000e+00
161727.50	0.000e+00	0.000e+00	0.000e+00
161728.50	0.000e+00	0.000e+00	0.000e+00
161729.50	0.000e+00	0.000e+00	0.000e+00
161730.50	0.000e+00	0.000e+00	0.000e+00
161731.50	0.000e+00	0.000e+00	0.000e+00
161732.50	0.000e+00	0.000e+00	0.000e+00
161733.50	0.000e+00	0.000e+00	0.000e+00
161734.50	0.000e+00	0.000e+00	0.000e+00
161735.50	0.000e+00	0.000e+00	0.000e+00
161736.50	0.000e+00	0.000e+00	0.000e+00
161737.50	0.000e+00	0.000e+00	0.000e+00
161738.50	0.000e+00	0.000e+00	0.000e+00
161739.50	0.000e+00	0.000e+00	0.000e+00
161740.50	0.000e+00	0.000e+00	0.000e+00
161741.50	0.000e+00	0.000e+00	0.000e+00
161742.50	0.000e+00	0.000e+00	0.000e+00
161743.50	0.000e+00	0.000e+00	0.000e+00
161744.50	0.000e+00	0.000e+00	0.000e+00
161745.50	0.000e+00	0.000e+00	0.000e+00
161746.50	0.000e+00	0.000e+00	0.000e+00
161747.50	0.000e+00	0.000e+00	0.000e+00
161748.50	0.000e+00	0.000e+00	0.000e+00
161749.50	0.000e+00	0.000e+00	0.000e+00
161750.50	0.000e+00	0.000e+00	0.000e+00
161751.50	0.000e+00	0.000e+00	0.000e+00
161752.50	0.000e+00	0.000e+00	0.000e+00
161753.50	0.000e+00	0.000e+00	0.000e+00
161754.50	0.000e+00	0.000e+00	0.000e+00
161755.50	0.000e+00	0.000e+00	0.000e+00
161756.50	0.000e+00	0.000e+00	0.000e+00
161757.50	0.000e+00	0.000e+00	0.000e+00
161758.50	0.000e+00	0.000e+00	0.000e+00
161759.50	0.000e+00	0.000e+00	0.000e+00
161760.50	0.000e+00	0.000e+00	0.000e+00
161761.50	0.000e+00	0.000e+00	0.000e+00
161762.50	0.000e+00	0.000e+00	0.000e+00
161763.50	0.000e+00	0.000e+00	0.000e+00
161764.50	0.000e+00	0.000e+00	0.000e+00
161765.50	0.000e+00	0.000e+00	0.000e+00
161766.50	0.000e+00	0.000e+00	0.000e+00
161767.50	0.000e+00	0.000e+00	0.000e+00
161768.50	0.000e+00	0.000e+00	0.000e+00
161769.50	0.000e+00	0.000e+00	0.000e+00
161770.50	0.000e+00	0.000e+00	0.000e+00
161771.50	0.000e+00	0.000e+00	0.000e+00
161772.50	0.000e+00	0.000e+00	0.000e+00
161773.50	0.000e+00	0.000e+00	0.000e+00
161774.50	0.000e+00	0.000e+00	0.000e+00
161775.50	0.000e+00	0.000e+00	0.000e+00
161776.50	0.000e+00	0.000e+00	0.000e+00
161777.50	0.000e+00	0.000e+00	0.000e+00
161778.50	0.000e+00	0.000e+00	0.000e+00
161779.50	0.000e+00	0.000e+00	0.000e+00
161780.50	0.000e+00	0.000e+00	0.000e+00
161781.50	0.000e+00	0.000e+00	0.000e+00
161782.50	0.000e+00	0.000e+00	0.000e+00
161783.50	0.000e+00	0.000e+00	0.000e+00
161784.50	0.000e+00	0.000e+00	0.000e+00
161785.50	0.000e+00	0.000e+00	0.000e+00
161786.50	0.000e+00	0.000e+00	0.000e+00
161787.50	0.000e+00	0.000e+00	0.000e+00
161788.50	0.000e+00	0.000e+00	0.000e+00
161789.50	0.000e+00	0.000e+00	0.000e+00
161790.50	0.000e+00	0.000e+00	0.000e+00
161791.50	0.000e+00	0.000e+00	0.000e+00
161792.50	0.000e+00	0.000e+00	0.000e+00
161793.50	0.000e+00	0.000e+00	0.000e+00
161794.50	0.000e+00	0.000e+00	0.000e+00
161795.50	0.000e+00	0.000e+00	0.000e+00
161796.50	0.000e+00	0.000e+00	0.000e+00
161797.50	0.000e+00	0.000e+00	0.000e+00
161798.50	0.000e+00	0.000e+00	0.000e+00
161799.50	0.000e+00	0.000e+00	0.000e+00
161800.50	0.000e+00	0.000e+00	0.000e+00
161801.50	0.000e+00	0.000e+00	0.000e+00
161802.50	0.000e+00	0.000e+00	0.000e+00
161803.50	0.000e+00	0.000e+00	0.000e+00
161804.50	0.000e+00	0.000e+00	0.000e+00
161805.50	0.000e+00	0.000e+00	0.000e+00
161806.50	0.000e+00	0.000e+00	0.000e+00
161807.50	0.000e+00	0.000e+00	0.000e+00
161808.50	0.000e+00	0.000e+00	0.000e+00
161809.50	0.000e+00	0.000e+00	0.000e+00
161810.50	0.000e+00	0.000e+00	0.000e+00
161811.50	0.000e+00	0.000e+00	0.000e+00
161812.50	0.000e+00	0.000e+00	0.000e+00
161813.50	0.000e+00	0.000e+00	0.000e+00
161814.50	0.000e+00	0.000e+00	0.000e+00
161815.50	0.000e+00	0.000e+00	0.000e+00
161816.50	0.000e+00	0.000e+00	0.000e+00
161817.50	0.000e+00	0.000e+00	0.000e+00
161818.50	0.000e+00	0.000e+00	0.000e+00
161819.50	0.000e+00	0.000e+00	0.000e+00
161820.50	0.000e+00	0.000e+00	0.000e+00
161821.50	0.000e+00	0.000e+00	0.000e+00
161822.50	0.000e+00	0.000e+00	0.000e+00
161823.50	0.000e+00	0.000e+00	0.000e+00
161824.50	0.000e+00	0.000e+00	0.000e+00
161825.50	0.000e+00	0.000e+00	0.000e+00
161826.50	0.000e+00	0.000e+00	0.000e+00
161827.50	0.000e+00	0.000e+00	0.000e+00
161828.50	0.000e+00	0.000e+00	0.000e+00
161829.50	0.000e+00	0.000e+00	0.000e+00
161830.50	0.000e+00	0.000e+00	0.000e+00
161831.50	0.000e+00	0.000e+00	0.000e+00
161832.50	0.000e+00	0.000e+00	0.000e+00
161833.50	0.000e+00	0.000e+00	0.000e+00
161834.50	0.000e+00	0.000e+00	0.000e+00
161835.50	0.000e+00	0.000e+00	0.000e+00
161836.50	0.000e+00	0.000e+00	0.000e+00
161837.50	0.000e+00	0.000e+00	0.000e+00
161838.50	0.000e+00	0.000e+00	0.000e+00
161839.50	0.000e+00	0.000e+00	0.000e+00
161840.50	0.000e+00	0.000e+00	0.000e+00
161841.50	0.000e+00	0.000e+00	0.000e+00
161842.50	0.000e+00	0.000e+00	0.000e+00
161843.50	0.000e+00	0.000e+00	0.000e+00
161844.50	0.000e+00	0.000e+00	0.000e+00
161845.50	0.000e+00	0.000e+00	0.000e+00
161846.50	0.000e+00	0.000e+00	0.000e+00
161847.50	0.000e+00	0.000e+00	0.000e+00
161848.50	0.000e+00	0.000e+00	0.000e+00
161849.50	0.000e+00	0.000e+00	0.000e+00
161850.50	0.000e+00	0.000e+00	0.000e+00
161851.50	0.000e+00	0.000e+00	0.000e+00
161852.50	0.000e+00	0.000e+00	0.000e+00
161853.50	0.000e+00	0.000e+00	0.000e+00
161854.50	0.000e+00	0.000e+00	0.000e+00
161855.50	0.000e+00	0.000e+00	0.000e+00
161856.50	0.000e+00	0.000e+00	0.000e+00
161857.50	0.000e+00	0.000e+00	0.000e+00
161858.50	0.000e+00	0.000e+00	0.000e+00
161859.50	0.000e+00	0.000e+00	0.000e+00
161860.50	0.000e+00	0.000e+00	0.000e+00
161861.50	0.000e+00	0.000e+00	0.000e+00
161862.50	0.000e+00	0.000e+00	0.000e+00
161863.50	0.000e+00	0.000e+00	0.000e+00
161864.50	0.000e+00	0.000e+00	0.000e+00
161865.50	0.000e+00	0.000e+00	0.000e+00
161866.50	8.189e-07	-5.568e-05	5.414e-06
161867.50	-4.982e-05	-2.746e-03	2.784e-03
161868.50	1.306e-04	1.277e-03	-3.658e-03
161869.50	-2.170e-04	4.128e-04	4.608e-03
161870.50	6.029e-05	-6.240e-04	-1.190e-03
161871.50	4.627e-04	-1.219e-02	-5.645e-03
161872.50	5.453e-03	-7.219e-02	-1.344e-01
161873.50	-1.162e-04	-5.885e-01	4.339e-01
161874.50	5.520e-01	-2.995e+01	1.853e+00
161875.50	3.014e+00	-1.392e+02	-3.878e+00
161876.50	7.728e+00	-3.187e+02	-2.803e+01
161877.50	9.792e+00	-4.061e+02	-2.122e+01
161878.50	1.066e+01	-3.946e+02	-4.656e+01
161879.50	5.674e+00	-1.718e+02	-4.262e+01
161880.50	1.862e+00	-4.234e+01	-1.526e+01
161881.50	-4.704e-01	1.613e+01	1.363e+01
161882.50	-1.574e+00	5.846e+01	1.526e+01
161883.50	-1.795e+00	8.515e+01	-2.794e-01
161884.50	-2.045e+00	8.198e+01	8.573e+00
161885.50	-1.930e+00	7.738e+01	7.603e+00
161886.50	-2.074e+00	7.968e+01	8.774e+00
161887.50	-1.949e+00	7.536e+01	7.824e+00
161888.50	-1.910e+00	7.027e+01	9.350e+00
161889.50	-1.814e+00	6.614e+01	9.072e+00
161890.50	-1.402e+00	5.760e+01	2.131e+00
161891.50	-1.181e+00	5.136e+01	1.123e-01
161892.50	-1.123e+00	4.954e+01	-1.008e+00
161893.50	-1.296e+00	5.030e+01	4.205e+00
161894.50	-1.075e+00	4.205e+01	2.870e+00
161895.50	-1.152e+00	4.099e+01	5.942e+00
161896.50	-9.034e-01	3.514e+01	2.813e+00
161897.50	-9.091e-01	3.370e+01	3.792e+00
161898.50	-8.266e-01	2.822e+01	5.328e+00
161899.50	-6.682e-01	2.851e+01	5.030e-02
161900.50	-6.480e-01	2.611e+01	1.238e+00
161901.50	-6.682e-01	2.342e+01	3.552e+00
161902.50	-5.635e-01	2.246e+01	1.258e+00
161903.50	-6.250e-01	2.122e+01	3.571e+00
161904.50	-6.566e-01	2.362e+01	2.688e+00
161905.50	-5.040e-01	2.035e+01	6.038e-01
161906.50	-4.186e-01	1.738e+01	2.563e-01
161907.50	-4.166e-01	1.469e+01	2.227e+00
161908.50	-4.522e-01	1.690e+01	1.334e+00
161909.50	-3.485e-01	1.219e+01	2.102e+00
161910.50	-3.610e-01	1.469e+01	3.274e-01
161911.50	-3.610e-01	1.382e+01	7.498e-01
161912.50	-3.696e-01	1.248e+01	2.294e+00
161913.50	-3.206e-01	1.085e+01	2.045e+00
161914.50	-3.542e-01	1.210e+01	1.853e+00
161915.50	-2.438e-01	9.888e+00	3.648e-01
161916.50	-1.891e-01	8.592e+00	-4.378e-01
161917.50	-2.909e-01	1.008e+01	1.354e+00
161918.50	-2.304e-01	8.880e+00	4.445e-01
161919.50	-2.362e-01	7.757e+00	1.459e+00
161920.50	-1.430e-01	6.355e+00	-1.709e-01
161921.50	-1.651e-01	6.144e+00	5.011e-01
161922.50	-1.910e-01	6.576e+00	1.123e+00
161923.50	-2.352e-01	6.970e+00	1.901e+00
161924.50	-1.286e-01	5.606e+00	-1.363e-01
161925.50	-2.064e-01	6.835e+00	1.210e+00
161926.50	-1.450e-01	5.818e+00	3.053e-01
161927.50	-1.949e-01	5.434e+00	1.968e+00
161928.50	-1.373e-01	4.426e+00	1.094e+00
161929.50	-1.200e-01	5.117e+00	-2.189e-01
161930.50	-1.210e-01	4.618e+00	2.438e-01
161931.50	-1.094e-01	3.398e+00	7.027e-01
161932.50	-8.659e-02	3.926e+00	-9.600e-02
161933.50	-1.229e-01	4.090e+00	8.342e-01
161934.50	-8.784e-02	2.717e+00	4.790e-01
161935.50	-9.696e-02	3.139e+00	5.798e-01
161936.50	-9.792e-02	3.677e+00	2.304e-01
161937.50	-7.094e-02	3.370e+00	-3.590e-01
161938.50	-7.632e-02	2.755e+00	4.358e-01
161939.50	-8.275e-02	3.754e+00	-3.667e-01
161940.50	-1.123e-01	3.773e+00	3.638e-01
161941.50	-8.314e-02	2.410e+00	5.309e-01
161942.50	-8.342e-02	2.918e+00	2.669e-01
161943.50	-8.726e-02	3.149e+00	2.093e-01
161944.50	-3.600e-02	2.323e+00	-4.982e-01
161945.50	-7.680e-02	2.006e+00	8.486e-01
161946.50	-7.603e-02	2.381e+00	3.341e-01
161947.50	-4.234e-02	1.872e+00	-8.899e-02
161948.50	-9.264e-02	2.410e+00	9.600e-01
161949.50	-5.770e-02	1.373e+00	7.142e-01
161950.50	-4.762e-03	1.421e+00	-8.170e-01
161951.50	-6.922e-02	1.555e+00	1.123e+00
161952.50	-7.133e-02	1.901e+00	4.416e-01
161953.50	-1.757e-02	7.728e-01	2.246e-01
161954.50	-1.939e-02	7.526e-01	-3.437e-02
161955.50	-5.597e-02	1.834e+00	2.784e-01
161956.50	-1.306e-02	7.834e-01	-5.232e-02
161957.50	-2.698e-02	1.747e+00	-6.682e-01
161958.50	-3.965e-02	1.267e+00	2.621e-01
161959.50	-6.902e-02	1.680e+00	7.382e-01
161960.50	-2.861e-02	1.219e+00	-2.438e-01
161961.50	-1.920e-02	4.570e-01	4.253e-01
161962.50	-2.659e-02	1.402e+00	-1.670e-01
161963.50	-1.382e-02	1.114e+00	-3.917e-01
161964.50	-3.994e-02	9.888e-01	4.925e-01
161965.50	-1.536e-02	1.190e+00	-4.714e-01
161966.50	-3.360e-02	8.122e-01	2.746e-01
161967.50	-4.166e-02	7.181e-01	7.949e-01
161968.50	-1.421e-02	4.301e-01	1.046e-01
161969.50	-2.054e-02	7.181e-01	2.352e-02
161970.50	-1.498e-02	5.434e-01	7.805e-02
161971.50	-2.957e-02	9.888e-01	1.046e-01
161972.50	2.582e-03	1.939e-01	-2.045e-01
161973.50	-3.984e-02	7.517e-01	3.946e-01
161974.50	-3.802e-02	9.888e-01	2.496e-01
161975.50	-1.210e-02	6.019e-01	3.562e-02
161976.50	-2.112e-02	4.714e-01	2.717e-01
161977.50	-3.427e-02	1.392e+00	-5.549e-02
161978.50	2.026e-02	-2.736e-02	-3.859e-01
161979.50	-1.248e-02	6.518e-01	-6.115e-02
161980.50	-2.208e-02	6.259e-01	2.371e-01
161981.50	-1.018e-02	4.387e-01	-1.181e-01
161982.50	-1.978e-02	6.298e-01	-6.067e-02
161983.50	-9.005e-03	3.869e-01	-6.144e-02
161984.50	-1.968e-02	4.963e-01	1.680e-01
161985.50	2.208e-03	2.918e-01	-1.133e-01
161986.50	-9.696e-03	1.306e-01	3.091e-01
161987.50	9.187e-03	4.349e-01	-5.558e-01
161988.50	-1.075e-02	-1.699e-01	4.003e-01
161989.50	7.238e-04	3.158e-01	-2.506e-01
161990.50	-8.870e-03	7.795e-01	-4.003e-01
161991.50	-1.123e-02	2.890e-01	1.210e-01
161992.50	-3.466e-02	3.590e-01	6.653e-01
161993.50	-1.267e-02	9.888e-02	2.659e-01
161994.50	-1.402e-02	4.829e-01	-2.890e-02
161995.50	-1.795e-02	3.331e-01	1.392e-01
161996.50	-4.013e-03	5.722e-01	-4.406e-01
161997.50	1.805e-03	4.186e-01	-3.638e-01
161998.50	1.306e-02	-2.707e-01	7.690e-02
161999.50	-4.378e-02	7.018e-01	5.530e-01
162000.50	-2.179e-02	6.125e-01	1.507e-01
162001.50	-2.352e-02	5.568e-01	2.659e-01
162002.50	8.784e-03	1.670e-01	-2.525e-01
162003.50	5.011e-03	3.466e-01	-2.525e-01
162004.50	-1.613e-02	7.027e-02	3.437e-01
162005.50	-1.622e-02	4.051e-01	4.061e-02
162006.50	-1.075e-03	-1.517e-01	3.466e-02
162007.50	4.858e-03	4.666e-03	1.142e-01
162008.50	-1.920e-02	2.294e-01	2.861e-01
162009.50	-1.037e-02	5.155e-01	5.923e-02
162010.50	2.237e-03	-1.171e-01	6.010e-02
162011.50	1.594e-03	-2.198e-01	-3.725e-02
162012.50	-1.421e-02	3.014e-01	1.334e-01
162013.50	-1.075e-02	2.640e-01	2.755e-01
162014.50	-1.181e-02	3.206e-01	1.296e-01
162015.50	-4.099e-03	2.150e-01	-2.602e-02
162016.50	7.382e-03	1.229e-01	-3.571e-01
162017.50	-6.989e-03	4.954e-01	-1.786e-01
162018.50	-1.219e-03	-2.170e-02	6.979e-02
162019.50	-6.432e-03	1.267e-01	1.584e-01
162020.50	-2.755e-02	4.474e-01	4.022e-01
162021.50	-1.018e-02	2.506e-01	9.389e-02
162022.50	-4.560e-04	1.277e-01	-2.102e-01
162023.50	9.792e-03	3.293e-02	-1.978e-01
162024.50	-3.917e-03	6.019e-02	5.520e-03
162025.50	4.051e-03	9.091e-03	-1.210e-01
162026.50	5.155e-03	-6.365e-02	4.752e-02
162027.50	-8.467e-03	1.507e-01	1.277e-01
162028.50	-1.133e-02	3.446e-01	-4.752e-02
162029.50	2.851e-03	3.494e-02	-6.010e-02
162030.50	-5.875e-03	7.277e-02	1.776e-01
162031.50	-7.776e-03	2.093e-01	4.070e-02
162032.50	-4.147e-03	-5.558e-02	5.174e-02
162033.50	-3.629e-04	-1.834e-01	1.766e-01
162034.50	-1.382e-02	2.592e-01	1.075e-01
162035.50	1.056e-02	5.434e-02	-2.688e-01
162036.50	6.662e-03	8.189e-02	-2.746e-01
162037.50	-1.613e-02	2.515e-01	3.322e-01
162038.50	-1.104e-02	3.293e-01	6.029e-02
162039.50	7.958e-04	-2.851e-01	1.574e-01
162040.50	3.994e-03	7.286e-03	-9.398e-02
162041.50	2.554e-03	3.178e-01	-1.046e-01
162042.50	7.238e-03	-2.611e-01	-6.912e-02
162043.50	-9.552e-03	1.958e-01	7.843e-02
162044.50	-6.682e-03	1.123e-01	2.237e-01
162045.50	-2.294e-03	1.363e-01	-8.813e-02
162046.50	-1.853e-02	2.227e-01	1.392e-01
162047.50	-1.747e-02	4.301e-01	1.814e-01
162048.50	1.190e-02	1.104e-02	-1.162e-01
162049.50	2.054e-03	-2.179e-01	9.561e-02
162050.50	-9.696e-03	4.243e-01	-1.085e-02
162051.50	1.018e-03	-2.928e-02	-7.027e-02
162052.50	8.717e-03	8.880e-02	-3.533e-01
162053.50	-3.264e-03	-3.456e-02	5.597e-02
162054.50	-1.171e-02	4.829e-02	3.120e-01
162055.50	-1.402e-03	1.546e-01	5.674e-02
162056.50	-9.101e-04	1.920e-01	-1.862e-01
162057.50	-9.187e-03	1.210e-02	2.458e-01
162058.50	-1.680e-02	2.534e-01	1.728e-01
162059.50	2.486e-04	-4.243e-03	-2.045e-02
162060.50	-2.870e-03	2.717e-01	-1.133e-01
162061.50	8.486e-04	1.901e-01	-8.822e-02
162062.50	-9.792e-03	-5.136e-02	3.274e-01
162063.50	3.005e-03	-8.074e-02	-4.061e-02
162064.50	2.035e-03	2.112e-02	-1.133e-01
162065.50	7.478e-03	4.320e-02	-3.245e-01
162066.50	-5.616e-03	-5.520e-02	9.456e-02
162067.50	-1.114e-02	3.302e-01	1.018e-01
162068.50	-1.123e-04	-7.843e-02	8.573e-02
162069.50	1.862e-03	-3.830e-03	-7.133e-02
162070.50	-1.162e-04	-1.238e-01	1.104e-01
162071.50	-1.027e-02	1.411e-01	1.296e-01
162072.50	1.142e-02	-2.237e-01	-1.987e-01
162073.50	6.797e-03	-5.837e-02	-1.210e-01
162074.50	-1.162e-02	1.286e-01	2.352e-01
162075.50	-1.190e-02	2.179e-01	1.440e-01
162076.50	-1.046e-02	1.133e-01	6.317e-02
162077.50	1.037e-03	-4.387e-02	-4.282e-02
162078.50	-3.926e-03	1.315e-01	3.725e-02
162079.50	4.570e-03	-2.419e-01	7.046e-02
162080.50	-6.854e-04	2.074e-02	7.286e-02
162081.50	2.390e-03	-1.670e-01	5.078e-02
162082.50	-1.210e-02	3.974e-01	2.362e-02
162083.50	3.802e-03	4.954e-02	-7.939e-02
162084.50	5.616e-03	-9.696e-02	-9.389e-02
162085.50	2.218e-04	9.984e-02	-8.352e-02
162086.50	-3.341e-03	9.696e-02	8.592e-02
162087.50	-7.910e-03	6.086e-03	6.874e-02
162088.50	-4.819e-03	-2.035e-01	2.803e-01
162089.50	1.037e-03	1.373e-01	-9.360e-02
162090.50	-1.046e-02	1.008e-01	1.344e-01
162091.50	-8.362e-05	-9.197e-03	-5.482e-02
162092.50	1.258e-02	-1.795e-01	-2.141e-01
162093.50	6.192e-03	-9.158e-02	-1.325e-01
162094.50	7.488e-03	4.330e-02	-2.515e-01
162095.50	-6.326e-03	1.718e-01	1.786e-01
162096.50	-5.894e-03	1.642e-01	1.411e-01
162097.50	2.448e-03	-5.837e-02	-1.056e-02
162098.50	-3.446e-03	1.334e-02	2.698e-02
162099.50	-7.526e-03	-9.504e-02	2.150e-01
162100.50	-9.984e-04	-3.936e-02	3.130e-02
162101.50	1.190e-03	1.075e-02	-5.424e-02
162102.50	3.379e-04	-7.459e-02	4.003e-02
162103.50	-1.987e-03	1.574e-01	-6.269e-02
162104.50	-4.896e-03	-1.834e-02	9.149e-02
162105.50	-1.296e-02	7.613e-02	2.035e-01
162106.50	-2.966e-03	3.072e-01	-1.094e-01
162107.50	-9.888e-04	1.546e-02	-3.158e-02
162108.50	-2.381e-03	7.296e-02	3.533e-02
162109.50	1.152e-02	-8.371e-02	-1.603e-01
162110.50	1.670e-02	-2.976e-01	-2.698e-01
162111.50	-5.664e-03	2.179e-02	1.037e-01
162112.50	-3.158e-04	5.904e-02	-2.938e-02
162113.50	-4.838e-03	-2.755e-02	1.603e-01
162114.50	-3.274e-03	1.123e-01	3.091e-02
162115.50	-4.723e-03	1.018e-01	1.123e-01
162116.50	-4.061e-04	-2.141e-03	-4.810e-02
162117.50	-4.704e-03	8.890e-02	1.690e-02
162118.50	6.422e-04	-1.066e-03	3.802e-02
162119.50	-1.478e-03	-5.808e-02	1.622e-01
162120.50	-1.958e-04	3.763e-02	-4.349e-02
162121.50	-3.197e-04	2.410e-01	-1.939e-01
162122.50	8.880e-04	-3.168e-02	6.211e-02
162123.50	1.402e-03	-7.613e-02	-1.114e-02
162124.50	-3.648e-03	9.514e-02	6.086e-04
162125.50	4.877e-04	1.056e-01	-5.414e-02
162126.50	-1.978e-03	1.306e-01	-9.197e-02
162127.50	-5.155e-03	3.139e-02	1.027e-01
162128.50	2.698e-03	6.307e-02	1.555e-02
162129.50	-1.651e-02	-4.147e-03	-1.306e-01
162130.50	1.757e-02	-5.184e-02	-6.691e-02
162131.50	1.238e-03	-3.850e-02	6.662e-02
162132.50	-1.939e-02	1.891e-01	2.150e-01
162133.50	-9.034e-04	5.328e-02	-4.253e-02
162134.50	2.707e-03	6.672e-02	-4.800e-02
162135.50	7.104e-04	-5.338e-02	6.058e-02
162136.50	5.626e-03	-6.576e-02	2.198e-02
162137.50	1.517e-02	-1.315e-01	-1.392e-01
162138.50	5.654e-03	-1.421e-01	-9.600e-02
162139.50	-8.515e-04	-9.552e-03	2.563e-02
162140.50	-5.894e-03	1.824e-04	2.198e-01
162141.50	-5.674e-03	8.640e-02	2.486e-02
162142.50	4.320e-03	6.941e-02	-1.123e-01
162143.50	4.013e-03	1.872e-01	-1.834e-01
162144.50	-2.755e-03	-8.419e-02	1.507e-01
162145.50	-5.078e-03	-8.371e-03	1.190e-01
162146.50	1.056e-03	1.526e-03	-5.904e-02
162147.50	-5.616e-03	6.182e-02	1.277e-01
162148.50	3.475e-03	-5.261e-02	-8.746e-02
162149.50	2.486e-06	-8.179e-03	-4.781e-03
162150.50	-7.306e-03	7.843e-02	7.805e-02
162151.50	4.301e-04	-5.789e-02	8.544e-03
162152.50	3.821e-03	-1.152e-01	-5.021e-02
162153.50	-4.397e-03	-2.477e-02	9.581e-02
162154.50	-9.984e-03	1.315e-01	7.027e-02
162155.50	8.630e-04	7.747e-02	-1.430e-01
162156.50	3.600e-03	1.315e-03	-9.888e-02
162157.50	3.139e-03	-2.890e-02	-4.742e-02
162158.50	3.648e-03	-4.733e-02	-5.270e-02
162159.50	1.325e-03	1.075e-01	-6.672e-02
162160.50	-2.726e-03	4.579e-02	-1.334e-03
162161.50	1.747e-03	-1.267e-01	1.805e-02
162162.50	2.304e-03	-7.267e-02	3.062e-02
162163.50	5.203e-04	1.786e-02	3.005e-02
162164.50	-2.266e-03	3.926e-02	6.067e-02
162165.50	3.754e-03	8.381e-02	-7.507e-02
162166.50	-9.168e-04	3.091e-02	2.573e-02
162167.50	2.429e-03	-1.603e-02	-2.390e-02
162168.50	5.923e-03	-9.206e-02	-1.171e-01
162169.50	-2.400e-03	1.027e-01	-8.611e-02
162170.50	-3.043e-03	2.410e-02	8.822e-02
162171.50	7.891e-03	-1.219e-01	-8.726e-02
162172.50	6.662e-03	-2.880e-02	-1.546e-01
162173.50	6.528e-03	-1.882e-01	3.696e-03
162174.50	-5.232e-03	1.805e-04	1.171e-01
162175.50	-4.531e-03	1.757e-02	8.947e-02
162176.50	-5.078e-04	-8.074e-02	-3.014e-02
162177.50	1.450e-04	7.248e-04	-3.216e-02
162178.50	-5.472e-03	3.619e-02	1.066e-01
162179.50	-4.291e-03	7.334e-02	5.568e-02
162180.50	-5.568e-03	5.616e-02	1.258e-01
162181.50	4.368e-04	4.992e-02	-7.152e-03
162182.50	2.947e-03	-4.560e-03	-1.037e-01
162183.50	-4.301e-03	4.234e-02	6.787e-02
162184.50	-4.762e-03	2.294e-02	7.718e-02
162185.50	4.070e-03	-1.594e-03	-7.142e-02
162186.50	1.027e-03	-2.957e-03	-4.618e-03
162187.50	8.986e-04	-6.134e-02	-5.693e-02
162188.50	1.843e-03	-8.995e-02	4.790e-02
162189.50	2.074e-04	1.152e-02	6.691e-02
162190.50	-2.938e-03	1.075e-01	-9.888e-03
162191.50	3.379e-03	1.162e-02	-9.091e-02
162192.50	-1.987e-03	3.437e-02	-5.520e-02
162193.50	3.533e-04	-3.725e-02	-3.648e-02
162194.50	3.408e-03	2.218e-02	-1.565e-02
162195.50	4.867e-03	-5.885e-04	-3.197e-02
162196.50	-3.360e-03	-1.123e-02	6.874e-02
162197.50	6.192e-03	-4.003e-02	-1.450e-03
162198.50	-1.968e-03	3.274e-02	-4.829e-02
162199.50	-1.997e-03	1.200e-01	-8.890e-02
162200.50	-4.445e-04	-2.179e-02	-1.498e-02
162201.50	5.309e-03	-1.046e-01	2.650e-02
162202.50	2.957e-03	-1.344e-02	6.490e-02
162203.50	-2.630e-03	4.310e-02	2.486e-02
162204.50	1.392e-04	-9.888e-02	3.542e-02
162205.50	2.026e-04	-6.221e-02	2.650e-02
162206.50	6.883e-04	-6.182e-02	1.459e-02
162207.50	2.784e-03	3.648e-02	1.334e-02
162208.50	-3.178e-03	-1.373e-02	-7.488e-02
162209.50	-2.688e-03	6.998e-02	1.862e-02
162210.50	4.790e-04	-3.782e-02	6.259e-02
162211.50	4.666e-03	-1.402e-02	-9.245e-02
162212.50	1.680e-03	6.077e-02	-5.654e-02
162213.50	-4.598e-03	-1.901e-02	6.211e-02
162214.50	-3.696e-03	5.683e-02	9.792e-02
162215.50	-8.362e-04	-3.994e-02	4.282e-02
162216.50	-2.371e-03	3.754e-02	4.406e-02
162217.50	9.398e-03	2.880e-02	-8.131e-02
162218.50	6.624e-03	-2.621e-02	-3.638e-02
162219.50	3.043e-03	-2.256e-02	-3.974e-02
162220.50	-4.675e-03	7.690e-02	3.533e-02
162221.50	-1.824e-02	1.354e-02	1.114e-01
162222.50	-2.928e-03	-7.315e-02	-3.053e-02
162223.50	-8.035e-04	1.584e-01	-6.422e-02
162224.50	6.758e-04	-4.454e-02	1.219e-02
162225.50	-1.296e-03	-2.150e-02	5.146e-02
162226.50	1.334e-03	-2.045e-02	-3.773e-02
162227.50	2.006e-02	-1.229e-01	-1.402e-01
162228.50	-1.152e-03	3.005e-02	5.050e-02
162229.50	-1.824e-02	-2.947e-02	8.851e-02
162230.50	4.829e-03	1.584e-02	-3.619e-02
162231.50	-1.805e-03	2.064e-02	4.301e-02
162232.50	-3.840e-03	1.162e-01	-1.114e-02
162233.50	5.760e-04	5.846e-02	-7.622e-02
162234.50	1.805e-03	-1.978e-02	-2.400e-02
162235.50	5.654e-03	-2.362e-03	-4.954e-02
162236.50	1.766e-03	-3.043e-02	-3.504e-02
162237.50	-4.771e-03	7.344e-02	5.482e-02
162238.50	-4.522e-03	7.421e-02	9.523e-02
162239.50	-1.075e-03	1.142e-03	1.690e-02
162240.50	7.085e-03	-8.160e-02	-8.592e-02
162241.50	2.006e-03	1.488e-02	-9.696e-02
162242.50	-3.331e-03	5.578e-03	1.526e-04
162243.50	9.792e-03	6.960e-02	-1.046e-01
162244.50	-4.886e-03	-9.149e-02	4.502e-02
162245.50	-8.966e-03	2.746e-02	1.046e-01
162246.50	-3.965e-03	4.963e-02	7.315e-02
162247.50	2.045e-03	1.565e-02	-2.189e-02
162248.50	-4.128e-03	3.667e-02	7.834e-02
162249.50	-1.123e-02	3.802e-03	1.699e-01
162250.50	-1.152e-04	2.256e-02	5.674e-02
162251.50	-3.120e-04	2.659e-02	-4.282e-02
162252.50	5.069e-03	-1.104e-01	6.845e-02
162253.50	1.891e-03	1.565e-02	-2.246e-02
162254.50	-4.138e-03	2.160e-02	1.766e-02
162255.50	-1.488e-03	-2.410e-02	3.072e-03
162256.50	-6.451e-04	-1.219e-02	-2.016e-02
162257.50	3.533e-03	3.437e-02	-4.925e-02
162258.50	2.122e-03	-4.109e-02	-7.363e-03
162259.50	-3.034e-03	6.019e-02	-2.189e-02
162260.50	1.411e-03	-7.085e-02	1.373e-02
162261.50	7.690e-04	-2.659e-02	-4.704e-02
162262.50	1.603e-03	-3.859e-02	-9.888e-03
162263.50	-3.446e-03	2.122e-02	4.483e-02
162264.50	-2.573e-03	2.352e-02	5.357e-02
162265.50	-3.917e-03	-1.306e-03	6.000e-02
162266.50	7.373e-03	9.984e-03	-6.710e-02
162267.50	2.390e-03	-5.818e-02	4.358e-02
162268.50	9.398e-04	-2.899e-02	-2.333e-02
162269.50	2.650e-04	6.086e-03	-6.403e-02
162270.50	-3.629e-03	2.112e-02	3.360e-02
162271.50	3.590e-03	-8.333e-02	-1.642e-02
162272.50	1.229e-03	-1.363e-02	6.490e-03
162273.50	-3.379e-03	1.238e-01	1.680e-02
162274.50	-6.730e-04	3.667e-02	-4.925e-02
162275.50	1.200e-03	3.408e-02	-8.794e-02
162276.50	6.922e-03	-3.523e-02	3.859e-02
162277.50	-1.478e-03	-1.085e-02	9.600e-03
162278.50	-4.339e-03	1.920e-02	-7.085e-03
162279.50	2.573e-04	-2.256e-02	-5.002e-02
