161681.50	0.000e+00	0.000e+00	0.000e+00
161682.50	0.000e+00	0.000e+00	0.000e+00
161683.50	0.000e+00	0.000e+00	0.000e+00
161684.50	0.000e+00	0.000e+00	0.000e+00
161685.50	0.000e+00	0.000e+00	0.000e+00
161686.50	0.000e+00	0.000e+00	0.000e+00
161687.50	0.000e+00	0.000e+00	0.000e+00
161688.50	0.000e+00	0.000e+00	0.000e+00
161689.50	0.000e+00	0.000e+00	0.000e+00
161690.50	0.000e+00	0.000e+00	0.000e+00
161691.50	0.000e+00	0.000e+00	0.000e+00
161692.50	0.000e+00	0.000e+00	0.000e+00
161693.50	0.000e+00	0.000e+00	0.000e+00
161694.50	0.000e+00	0.000e+00	0.000e+00
161695.50	0.000e+00	0.000e+00	0.000e+00
161696.50	0.000e+00	0.000e+00	0.000e+00
161697.50	0.000e+00	0.000e+00	0.000e+00
161698.50	0.000e+00	0.000e+00	0.000e+00
161699.50	0.000e+00	0.000e+00	0.000e+00
161700.50	0.000e+00	0.000e+00	0.000e+00
161701.50	0.000e+00	0.000e+00	0.000e+00
161702.50	0.000e+00	0.000e+00	0.000e+00
161703.50	0.000e+00	0.000e+00	0.000e+00
161704.50	0.000e+00	0.000e+00	0.000e+00
161705.50	0.000e+00	0.000e+00	0.000e+00
161706.50	0.000e+00	0.000e+00	0.000e+00
161707.50	0.000e+00	0.000e+00	0.000e+00
161708.50	0.000e+00	0.000e+00	0.000e+00
161709.50	0.000e+00	0.000e+00	0.000e+00
161710.50	0.000e+00	0.000e+00	0.000e+00
161711.50	0.000e+00	0.000e+00	0.000e+00
161712.50	0.000e+00	0.000e+00	0.000e+00
161713.50	0.000e+00	0.000e+00	0.000e+00
161714.50	0.000e+00	0.000e+00	0.000e+00
161715.50	0.000e+00	0.000e+00	0.000e+00
161716.50	0.000e+00	0.000e+00	0.000e+00
161717.50	0.000e+00	0.000e+00	0.000e+00
161718.50	0.000e+00	0.000e+00	0.000e+00
161719.50	0.000e+00	0.000e+00	0.000e+00
161720.50	0.000e+00	0.000e+00	0.000e+00
161721.50	0.000e+00	0.000e+00	0.000e+00
161722.50	0.000e+00	0.000e+00	0.000e+00
161723.50	0.000e+00	0.000e+00	0.000e+00
161724.50	0.000e+00	0.000e+00	0.000e+00
161725.50	0.000e+00	0.000e+00	0.000e+00
161726.50	0.000e+00	0.000e+00	0.000e+00
161727.50	0.000e+00	0.000e+00	0.000e+00
161728.50	0.000e+00	0.000e+00	0.000e+00
161729.50	0.000e+00	0.000e+00	0.000e+00
161730.50	0.000e+00	0.000e+00	0.000e+00
161731.50	0.000e+00	0.000e+00	0.000e+00
161732.50	0.000e+00	0.000e+00	0.000e+00
161733.50	0.000e+00	0.000e+00	0.000e+00
161734.50	0.000e+00	0.000e+00	0.000e+00
161735.50	0.000e+00	0.000e+00	0.000e+00
161736.50	0.000e+00	0.000e+00	0.000e+00
161737.50	0.000e+00	0.000e+00	0.000e+00
161738.50	0.000e+00	0.000e+00	0.000e+00
161739.50	0.000e+00	0.000e+00	0.000e+00
161740.50	0.000e+00	0.000e+00	0.000e+00
161741.50	0.000e+00	0.000e+00	0.000e+00
161742.50	0.000e+00	0.000e+00	0.000e+00
161743.50	0.000e+00	0.000e+00	0.000e+00
161744.50	0.000e+00	0.000e+00	0.000e+00
161745.50	0.000e+00	0.000e+00	0.000e+00
161746.50	0.000e+00	0.000e+00	0.000e+00
161747.50	0.000e+00	0.000e+00	0.000e+00
161748.50	0.000e+00	0.000e+00	0.000e+00
161749.50	0.000e+00	0.000e+00	0.000e+00
161750.50	0.000e+00	0.000e+00	0.000e+00
161751.50	0.000e+00	0.000e+00	0.000e+00
161752.50	0.000e+00	0.000e+00	0.000e+00
161753.50	0.000e+00	0.000e+00	0.000e+00
161754.50	0.000e+00	0.000e+00	0.000e+00
161755.50	0.000e+00	0.000e+00	0.000e+00
161756.50	0.000e+00	0.000e+00	0.000e+00
161757.50	0.000e+00	0.000e+00	0.000e+00
161758.50	0.000e+00	0.000e+00	0.000e+00
161759.50	0.000e+00	0.000e+00	0.000e+00
161760.50	0.000e+00	0.000e+00	0.000e+00
161761.50	0.000e+00	0.000e+00	0.000e+00
161762.50	0.000e+00	0.000e+00	0.000e+00
161763.50	0.000e+00	0.000e+00	0.000e+00
161764.50	0.000e+00	0.000e+00	0.000e+00
161765.50	0.000e+00	0.000e+00	0.000e+00
161766.50	0.000e+00	0.000e+00	0.000e+00
161767.50	0.000e+00	0.000e+00	0.000e+00
161768.50	0.000e+00	0.000e+00	0.000e+00
161769.50	0.000e+00	0.000e+00	0.000e+00
161770.50	0.000e+00	0.000e+00	0.000e+00
161771.50	0.000e+00	0.000e+00	0.000e+00
161772.50	0.000e+00	0.000e+00	0.000e+00
161773.50	0.000e+00	0.000e+00	0.000e+00
161774.50	0.000e+00	0.000e+00	0.000e+00
161775.50	0.000e+00	0.000e+00	0.000e+00
161776.50	0.000e+00	0.000e+00	0.000e+00
161777.50	0.000e+00	0.000e+00	0.000e+00
161778.50	0.000e+00	0.000e+00	0.000e+00
161779.50	0.000e+00	0.000e+00	0.000e+00
161780.50	0.000e+00	0.000e+00	0.000e+00
161781.50	0.000e+00	0.000e+00	0.000e+00
161782.50	0.000e+00	0.000e+00	0.000e+00
161783.50	0.000e+00	0.000e+00	0.000e+00
161784.50	0.000e+00	0.000e+00	0.000e+00
161785.50	0.000e+00	0.000e+00	0.000e+00
161786.50	0.000e+00	0.000e+00	0.000e+00
161787.50	0.000e+00	0.000e+00	0.000e+00
161788.50	0.000e+00	0.000e+00	0.000e+00
161789.50	0.000e+00	0.000e+00	0.000e+00
161790.50	0.000e+00	0.000e+00	0.000e+00
161791.50	0.000e+00	0.000e+00	0.000e+00
161792.50	0.000e+00	0.000e+00	0.000e+00
161793.50	0.000e+00	0.000e+00	0.000e+00
161794.50	0.000e+00	0.000e+00	0.000e+00
161795.50	0.000e+00	0.000e+00	0.000e+00
161796.50	0.000e+00	0.000e+00	0.000e+00
161797.50	0.000e+00	0.000e+00	0.000e+00
161798.50	0.000e+00	0.000e+00	0.000e+00
161799.50	0.000e+00	0.000e+00	0.000e+00
161800.50	0.000e+00	0.000e+00	0.000e+00
161801.50	0.000e+00	0.000e+00	0.000e+00
161802.50	0.000e+00	0.000e+00	0.000e+00
161803.50	0.000e+00	0.000e+00	0.000e+00
161804.50	0.000e+00	0.000e+00	0.000e+00
161805.50	0.000e+00	0.000e+00	0.000e+00
161806.50	0.000e+00	0.000e+00	0.000e+00
161807.50	0.000e+00	0.000e+00	0.000e+00
161808.50	0.000e+00	0.000e+00	0.000e+00
161809.50	0.000e+00	0.000e+00	0.000e+00
161810.50	0.000e+00	0.000e+00	0.000e+00
161811.50	0.000e+00	0.000e+00	0.000e+00
161812.50	0.000e+00	0.000e+00	0.000e+00
161813.50	0.000e+00	0.000e+00	0.000e+00
161814.50	0.000e+00	0.000e+00	0.000e+00
161815.50	0.000e+00	0.000e+00	0.000e+00
161816.50	0.000e+00	0.000e+00	0.000e+00
161817.50	0.000e+00	0.000e+00	0.000e+00
161818.50	0.000e+00	0.000e+00	0.000e+00
161819.50	0.000e+00	0.000e+00	0.000e+00
161820.50	0.000e+00	0.000e+00	0.000e+00
161821.50	0.000e+00	0.000e+00	0.000e+00
161822.50	0.000e+00	0.000e+00	0.000e+00
161823.50	0.000e+00	0.000e+00	0.000e+00
161824.50	0.000e+00	0.000e+00	0.000e+00
161825.50	0.000e+00	0.000e+00	0.000e+00
161826.50	0.000e+00	0.000e+00	0.000e+00
161827.50	0.000e+00	0.000e+00	0.000e+00
161828.50	0.000e+00	0.000e+00	0.000e+00
161829.50	0.000e+00	0.000e+00	0.000e+00
161830.50	0.000e+00	0.000e+00	0.000e+00
161831.50	0.000e+00	0.000e+00	0.000e+00
161832.50	0.000e+00	0.000e+00	0.000e+00
161833.50	0.000e+00	0.000e+00	0.000e+00
161834.50	0.000e+00	0.000e+00	0.000e+00
161835.50	0.000e+00	0.000e+00	0.000e+00
161836.50	0.000e+00	0.000e+00	0.000e+00
161837.50	0.000e+00	0.000e+00	0.000e+00
161838.50	0.000e+00	0.000e+00	0.000e+00
161839.50	0.000e+00	0.000e+00	0.000e+00
161840.50	0.000e+00	0.000e+00	0.000e+00
161841.50	0.000e+00	0.000e+00	0.000e+00
161842.50	0.000e+00	0.000e+00	0.000e+00
161843.50	0.000e+00	0.000e+00	0.000e+00
161844.50	0.000e+00	0.000e+00	0.000e+00
161845.50	0.000e+00	0.000e+00	0.000e+00
161846.50	0.000e+00	0.000e+00	0.000e+00
161847.50	0.000e+00	0.000e+00	0.000e+00
161848.50	0.000e+00	0.000e+00	0.000e+00
161849.50	0.000e+00	0.000e+00	0.000e+00
161850.50	0.000e+00	0.000e+00	0.000e+00
161851.50	0.000e+00	0.000e+00	0.000e+00
161852.50	0.000e+00	0.000e+00	0.000e+00
161853.50	0.000e+00	0.000e+00	0.000e+00
161854.50	0.000e+00	0.000e+00	0.000e+00
161855.50	0.000e+00	0.000e+00	0.000e+00
161856.50	0.000e+00	0.000e+00	0.000e+00
161857.50	0.000e+00	0.000e+00	0.000e+00
161858.50	0.000e+00	0.000e+00	0.000e+00
161859.50	0.000e+00	0.000e+00	0.000e+00
161860.50	0.000e+00	0.000e+00	0.000e+00
161861.50	0.000e+00	0.000e+00	0.000e+00
161862.50	0.000e+00	0.000e+00	0.000e+00
161863.50	0.000e+00	0.000e+00	0.000e+00
161864.50	0.000e+00	0.000e+00	0.000e+00
161865.50	0.000e+00	0.000e+00	0.000e+00
161866.50	-3.139e-05	6.086e-04	1.526e-03
161867.50	-9.014e-04	-7.450e-02	-2.266e-02
161868.50	1.469e-03	3.658e-02	-1.997e-02
161869.50	-4.224e-04	7.891e-03	1.843e-02
161870.50	8.947e-04	-5.021e-02	-6.163e-02
161871.50	2.074e-03	-5.347e-03	-7.661e-02
161872.50	-3.370e-03	-1.190e-01	3.149e-02
161873.50	-7.008e-03	-7.334e-01	-2.592e-01
161874.50	-2.515e-01	-2.198e+01	-6.576e+00
161875.50	-1.373e+00	-1.133e+02	-3.235e+01
161876.50	-3.322e+00	-2.362e+02	-5.674e+01
161877.50	-5.894e+00	-3.302e+02	-4.358e+01
161878.50	-6.547e+00	-3.245e+02	-2.573e+01
161879.50	-3.293e+00	-1.498e+02	-7.574e+00
161880.50	-1.094e+00	-3.686e+01	3.667e+00
161881.50	-2.534e-01	1.574e+01	1.546e+01
161882.50	5.213e-01	4.531e+01	1.315e+01
161883.50	1.008e+00	5.712e+01	7.325e+00
161884.50	9.053e-01	6.173e+01	1.469e+01
161885.50	8.592e-01	6.634e+01	1.968e+01
161886.50	1.219e+00	6.096e+01	5.126e+00
161887.50	1.142e+00	6.038e+01	6.816e+00
161888.50	1.162e+00	5.558e+01	2.986e+00
161889.50	1.046e+00	5.472e+01	6.221e+00
161890.50	1.190e+00	5.222e+01	9.984e-01
161891.50	8.045e-01	4.205e+01	4.800e+00
161892.50	7.814e-01	4.042e+01	4.454e+00
161893.50	6.288e-01	3.658e+01	6.806e+00
161894.50	6.451e-01	3.773e+01	6.970e+00
161895.50	6.278e-01	3.082e+01	2.304e+00
161896.50	5.011e-01	2.602e+01	2.822e+00
161897.50	5.232e-01	2.765e+01	3.264e+00
161898.50	6.979e-01	2.669e+01	-2.602e+00
161899.50	4.781e-01	2.611e+01	3.734e+00
161900.50	4.118e-01	2.131e+01	2.141e+00
161901.50	3.955e-01	1.968e+01	1.440e+00
161902.50	4.378e-01	1.853e+01	-1.459e-01
161903.50	3.619e-01	2.093e+01	3.802e+00
161904.50	2.438e-01	1.738e+01	4.694e+00
161905.50	3.533e-01	1.622e+01	2.554e-01
161906.50	2.525e-01	1.459e+01	2.323e+00
161907.50	1.334e-01	1.046e+01	2.957e+00
161908.50	2.880e-01	1.162e+01	-1.085e+00
161909.50	2.554e-01	1.238e+01	7.488e-01
161910.50	2.342e-01	1.171e+01	1.238e+00
161911.50	3.456e-01	1.190e+01	-1.968e+00
161912.50	1.440e-01	1.142e+01	3.581e+00
161913.50	1.392e-01	9.542e+00	2.362e+00
161914.50	1.594e-01	9.475e+00	1.776e+00
161915.50	1.286e-01	7.123e+00	9.600e-01
161916.50	1.824e-01	8.726e+00	5.770e-01
161917.50	1.498e-01	7.843e+00	8.755e-01
161918.50	1.421e-01	7.286e+00	7.123e-01
161919.50	1.574e-01	7.210e+00	3.024e-01
161920.50	1.277e-01	6.432e+00	7.536e-01
161921.50	8.074e-02	6.672e+00	2.026e+00
161922.50	1.258e-01	5.866e+00	-8.928e-02
161923.50	8.525e-02	4.973e+00	8.237e-01
161924.50	6.816e-02	3.936e+00	6.154e-01
161925.50	3.763e-02	3.168e+00	1.037e+00
161926.50	9.254e-02	5.030e+00	6.883e-01
161927.50	1.238e-01	4.762e+00	-5.510e-01
161928.50	8.986e-02	4.205e+00	2.448e-01
161929.50	6.576e-02	3.120e+00	8.150e-02
161930.50	9.283e-02	4.320e+00	2.458e-01
161931.50	3.926e-02	3.389e+00	1.094e+00
161932.50	6.144e-02	2.832e+00	-8.486e-04
161933.50	3.696e-02	2.534e+00	5.270e-01
161934.50	6.826e-02	3.187e+00	2.342e-02
161935.50	8.813e-02	3.216e+00	-4.704e-01
161936.50	5.798e-02	3.062e+00	4.186e-01
161937.50	6.557e-02	2.870e+00	7.651e-02
161938.50	1.661e-02	1.421e+00	3.523e-01
161939.50	4.819e-02	2.496e+00	1.488e-01
161940.50	2.918e-02	1.814e+00	2.803e-01
161941.50	1.891e-02	2.554e+00	1.334e+00
161942.50	3.101e-02	1.757e+00	1.862e-01
161943.50	-1.267e-02	9.389e-01	9.389e-01
161944.50	5.472e-02	2.477e+00	9.696e-02
161945.50	4.618e-02	1.930e+00	-5.942e-02
161946.50	1.555e-02	1.613e+00	9.398e-01
161947.50	1.008e-02	1.565e+00	7.478e-01
161948.50	3.178e-02	1.526e+00	-1.152e-01
161949.50	-1.536e-02	8.342e-01	8.160e-01
161950.50	3.427e-02	1.162e+00	-3.168e-01
161951.50	5.088e-02	1.843e+00	-1.536e-01
161952.50	3.792e-02	2.026e+00	2.659e-01
161953.50	4.349e-02	1.728e+00	-9.245e-02
161954.50	2.899e-02	1.027e+00	-9.792e-02
161955.50	3.110e-02	1.277e+00	-1.613e-01
161956.50	6.816e-03	7.238e-01	3.581e-01
161957.50	2.294e-02	5.549e-01	-2.640e-01
161958.50	7.805e-03	1.450e+00	3.955e-01
161959.50	2.438e-02	8.554e-01	2.400e-02
161960.50	3.898e-02	1.075e+00	-3.197e-01
161961.50	7.238e-03	7.306e-01	3.389e-01
161962.50	8.650e-03	7.382e-01	1.075e-01
161963.50	2.870e-02	6.586e-01	-3.226e-01
161964.50	2.966e-02	9.888e-01	-1.238e-01
161965.50	9.494e-03	6.346e-01	1.872e-01
161966.50	-3.398e-03	8.726e-01	5.597e-01
161967.50	2.400e-02	1.373e+00	3.917e-01
161968.50	8.832e-04	1.920e-01	-1.565e-02
161969.50	4.368e-02	9.600e-01	-5.741e-01
161970.50	-2.218e-03	7.824e-01	6.278e-01
161971.50	7.018e-03	4.685e-01	-7.162e-02
161972.50	1.526e-03	1.008e-01	-9.168e-02
161973.50	1.843e-02	4.896e-01	-1.104e-01
161974.50	1.622e-02	8.986e-01	2.602e-01
161975.50	6.403e-03	5.914e-01	9.264e-02
161976.50	1.411e-02	7.027e-01	1.459e-01
161977.50	1.104e-02	4.781e-01	6.662e-03
161978.50	7.872e-03	4.109e-01	3.734e-03
161979.50	1.478e-02	6.826e-01	-1.200e-01
161980.50	-3.418e-03	3.581e-01	1.469e-01
161981.50	1.430e-02	3.859e-01	-2.784e-01
161982.50	-1.920e-02	-4.157e-02	4.675e-01
161983.50	1.622e-02	3.638e-01	3.734e-03
161984.50	3.360e-03	3.034e-01	1.949e-01
161985.50	-1.162e-02	3.456e-01	3.878e-01
161986.50	2.208e-02	3.840e-01	-1.536e-01
161987.50	1.114e-02	7.997e-01	2.534e-01
161988.50	1.891e-03	3.274e-01	1.862e-01
161989.50	1.430e-02	-9.984e-02	-5.626e-01
161990.50	-1.277e-02	5.568e-02	3.888e-01
161991.50	-3.379e-03	-1.517e-01	-1.747e-01
161992.50	5.846e-03	4.819e-01	1.680e-01
161993.50	2.621e-02	6.413e-01	-2.794e-01
161994.50	1.661e-02	3.946e-01	-2.784e-01
161995.50	-3.638e-03	1.325e-01	1.219e-01
161996.50	-3.322e-03	1.997e-01	2.285e-01
161997.50	3.005e-03	1.258e-01	-3.581e-02
161998.50	2.246e-02	3.629e-01	-3.926e-01
161999.50	4.886e-03	4.262e-01	1.478e-01
162000.50	3.034e-03	2.218e-01	-3.946e-03
162001.50	1.603e-02	2.419e-01	-3.312e-01
162002.50	-9.984e-04	4.790e-02	1.670e-03
162003.50	2.122e-02	3.802e-01	-1.939e-01
162004.50	-7.670e-03	-3.802e-01	1.517e-01
162005.50	-3.187e-03	4.829e-01	3.782e-01
162006.50	-9.312e-04	4.387e-01	3.149e-01
162007.50	-1.488e-03	9.600e-02	1.421e-02
162008.50	-5.088e-03	-3.907e-02	1.382e-01
162009.50	-1.190e-02	-5.712e-02	3.101e-01
162010.50	1.939e-02	3.331e-01	-2.890e-01
162011.50	1.296e-03	1.949e-01	-1.133e-01
162012.50	3.408e-04	1.718e-01	-1.834e-02
162013.50	4.963e-03	-6.739e-02	-2.304e-01
162014.50	-6.758e-04	1.142e-01	6.259e-02
162015.50	2.650e-03	3.283e-01	1.507e-01
162016.50	3.552e-03	1.392e-01	5.251e-02
162017.50	3.187e-03	-2.237e-02	-1.152e-01
162018.50	-7.709e-03	2.304e-01	3.523e-01
162019.50	-1.248e-02	-3.725e-01	3.811e-02
162020.50	-6.125e-04	5.472e-02	1.046e-01
162021.50	1.373e-02	2.650e-01	-1.795e-01
162022.50	-2.611e-03	4.070e-02	-7.594e-02
162023.50	2.813e-04	4.656e-02	4.301e-03
162024.50	8.179e-03	2.054e-01	5.616e-03
162025.50	6.653e-03	3.254e-01	1.642e-01
162026.50	-2.496e-03	1.786e-01	2.054e-01
162027.50	2.054e-02	8.198e-02	-6.067e-01
162028.50	-7.488e-03	2.179e-03	1.162e-01
162029.50	-1.565e-02	1.085e-01	4.598e-01
162030.50	2.390e-03	1.325e-02	-2.419e-02
162031.50	1.584e-03	1.200e-01	7.738e-02
162032.50	4.598e-03	9.235e-02	-1.066e-01
162033.50	-8.294e-03	-1.142e-01	1.306e-01
162034.50	-1.037e-02	2.237e-03	2.803e-01
162035.50	-7.210e-03	8.774e-02	2.150e-01
162036.50	5.578e-03	9.984e-02	-6.528e-02
162037.50	3.898e-03	1.766e-01	-9.600e-02
162038.50	5.472e-03	1.766e-01	-3.514e-02
162039.50	1.363e-02	1.325e-01	-2.554e-01
162040.50	-5.472e-03	-1.382e-01	-3.542e-02
162041.50	-1.613e-04	6.893e-02	1.267e-01
162042.50	-7.795e-03	-5.482e-02	1.334e-01
162043.50	6.336e-03	1.440e-01	-8.688e-02
162044.50	1.843e-03	1.152e-01	-1.421e-02
162045.50	-3.965e-03	1.526e-02	9.888e-02
162046.50	8.477e-03	3.187e-01	-8.112e-02
162047.50	4.368e-03	4.637e-03	-8.218e-02
162048.50	-6.720e-03	1.901e-02	3.283e-01
162049.50	1.037e-02	2.698e-01	-1.594e-01
162050.50	-4.397e-03	-8.918e-02	-7.469e-02
162051.50	-5.117e-03	-1.402e-01	3.706e-02
162052.50	-1.968e-03	-1.728e-01	-8.314e-02
162053.50	-5.779e-03	1.334e-01	1.670e-01
162054.50	-2.285e-03	-5.021e-02	1.334e-02
162055.50	3.619e-04	-7.104e-02	9.581e-03
162056.50	-1.296e-02	2.640e-02	3.734e-01
162057.50	-6.374e-03	-5.338e-02	1.747e-01
162058.50	2.189e-03	5.222e-02	1.882e-02
162059.50	1.574e-02	2.554e-01	-2.016e-01
162060.50	3.322e-03	1.834e-02	-9.888e-02
162061.50	-3.331e-03	1.354e-02	1.248e-01
162062.50	-8.074e-03	-7.181e-02	1.392e-01
162063.50	-2.227e-04	7.930e-02	1.037e-01
162064.50	5.261e-03	1.488e-01	3.619e-02
162065.50	4.301e-04	-1.738e-01	-1.027e-01
162066.50	-1.334e-03	5.405e-02	7.421e-02
162067.50	9.293e-03	2.141e-01	-8.093e-02
162068.50	-4.234e-03	-1.862e-01	-1.949e-03
162069.50	5.309e-03	2.794e-01	6.250e-02
162070.50	-1.046e-03	4.790e-02	5.674e-02
162071.50	1.306e-04	1.008e-01	4.032e-02
162072.50	-7.632e-03	-1.450e-01	7.277e-02
162073.50	4.042e-03	9.274e-02	-5.136e-02
162074.50	-4.589e-03	1.930e-02	1.450e-01
162075.50	-3.245e-03	-2.074e-02	8.534e-02
162076.50	7.786e-03	1.430e-01	-1.882e-01
162077.50	-2.170e-03	8.784e-03	3.197e-02
162078.50	6.874e-03	9.984e-02	3.254e-02
162079.50	-5.424e-05	-9.888e-02	-1.075e-01
162080.50	-4.800e-04	3.293e-02	7.997e-02
162081.50	1.526e-03	1.152e-01	-1.862e-01
162082.50	-3.562e-03	8.371e-02	7.430e-02
162083.50	8.918e-03	2.477e-01	1.680e-01
162084.50	4.742e-02	3.082e-01	-1.373e-01
162085.50	-5.597e-03	-2.006e-01	-2.227e-01
162086.50	-5.270e-03	7.786e-02	9.024e-02
162087.50	7.978e-03	-3.235e-02	-1.190e-01
162088.50	-5.549e-03	-2.035e-01	1.123e-01
162089.50	-4.752e-03	9.888e-03	-7.862e-02
162090.50	-1.296e-03	2.093e-02	9.494e-02
162091.50	7.181e-04	-3.514e-02	-1.344e-01
162092.50	9.274e-03	2.602e-01	-7.306e-02
162093.50	9.168e-04	-5.011e-02	4.694e-03
162094.50	-8.150e-03	-4.090e-01	-7.248e-02
162095.50	4.080e-03	2.102e-01	1.411e-02
162096.50	-2.592e-03	1.152e-01	2.150e-02
162097.50	-1.690e-02	-8.054e-02	1.392e-01
162098.50	2.400e-03	-4.685e-02	-1.613e-01
162099.50	-8.064e-04	-1.718e-01	-1.075e-01
162100.50	-6.038e-03	-2.899e-02	1.402e-01
162101.50	7.440e-04	3.350e-02	-2.659e-02
162102.50	-1.258e-03	-7.162e-02	7.507e-03
162103.50	1.997e-03	4.915e-02	1.363e-02
162104.50	-4.723e-03	2.342e-02	8.026e-02
162105.50	-8.131e-03	-4.080e-02	9.984e-02
162106.50	5.213e-03	2.333e-01	4.397e-02
162107.50	1.344e-03	1.037e-01	9.888e-02
162108.50	-2.534e-03	-5.578e-02	-4.781e-02
162109.50	-3.850e-03	-7.709e-02	2.880e-02
162110.50	9.427e-03	-4.205e-02	-9.792e-03
162111.50	1.584e-02	1.210e-02	-1.574e-01
162112.50	-1.238e-02	2.899e-02	7.085e-02
162113.50	4.464e-03	1.258e-01	-8.198e-03
162114.50	-3.283e-03	4.675e-02	-6.192e-02
162115.50	5.242e-03	1.738e-02	-1.123e-02
162116.50	-4.896e-03	-1.766e-01	4.262e-02
162117.50	-3.302e-03	-1.450e-02	4.742e-02
162118.50	-5.059e-03	3.821e-02	-1.306e-02
162119.50	2.890e-03	1.210e-01	-8.054e-03
162120.50	1.248e-04	-2.842e-02	-1.296e-02
162121.50	4.973e-03	-6.960e-03	3.571e-02
162122.50	1.363e-03	4.906e-02	-1.565e-02
162123.50	-1.382e-03	-1.546e-01	-8.371e-02
162124.50	-3.254e-03	1.142e-01	1.843e-01
162125.50	1.968e-03	-1.190e-03	-2.237e-02
162126.50	1.210e-02	1.200e-01	-1.373e-01
162127.50	-6.336e-03	-2.016e-01	9.389e-02
162128.50	-1.661e-03	-3.571e-02	-6.979e-02
162129.50	6.221e-03	2.592e-01	-2.861e-02
162130.50	6.490e-03	5.136e-02	-1.075e-01
162131.50	-6.499e-03	1.987e-02	-6.490e-02
162132.50	-7.805e-03	6.038e-03	1.421e-01
162133.50	-4.800e-03	-1.286e-01	1.248e-01
162134.50	6.845e-04	3.216e-02	-1.546e-02
162135.50	5.885e-03	1.459e-01	-1.478e-03
162136.50	-2.870e-03	-6.202e-02	-9.696e-02
162137.50	-4.224e-03	-1.670e-01	2.218e-02
162138.50	-7.075e-03	-1.920e-02	1.325e-01
162139.50	-3.523e-03	6.096e-02	4.128e-02
162140.50	-1.027e-02	-1.670e-01	1.248e-01
162141.50	-7.478e-04	4.694e-02	7.267e-02
162142.50	2.083e-04	7.603e-02	2.688e-02
162143.50	6.845e-03	1.152e-01	-1.094e-01
162144.50	-6.806e-03	-1.402e-01	4.464e-02
162145.50	-6.557e-03	-1.200e-01	6.307e-02
162146.50	5.318e-03	3.062e-02	-8.976e-02
162147.50	1.085e-02	1.565e-02	-2.093e-01
162148.50	1.363e-03	7.046e-02	-1.901e-02
162149.50	5.482e-03	4.454e-02	-7.584e-02
162150.50	4.963e-03	1.766e-01	2.477e-02
162151.50	-5.002e-03	-1.402e-01	6.643e-02
162152.50	-2.899e-03	1.085e-01	1.334e-01
162153.50	6.557e-05	7.632e-02	-1.382e-02
162154.50	7.987e-03	-4.867e-02	-1.517e-01
162155.50	-9.888e-03	-7.440e-02	1.920e-01
162156.50	-1.824e-03	6.067e-02	5.002e-02
162157.50	-8.477e-04	-7.238e-02	-3.533e-02
162158.50	1.190e-03	-3.034e-04	-5.088e-03
162159.50	-2.342e-03	1.018e-01	7.670e-02
162160.50	4.550e-03	1.200e-01	-2.813e-02
162161.50	2.976e-03	5.194e-02	-2.947e-02
162162.50	-2.083e-03	-1.507e-01	-3.389e-02
162163.50	-2.554e-03	-1.661e-01	-9.696e-02
162164.50	-8.659e-03	-1.363e-01	3.120e-02
162165.50	5.088e-03	3.187e-02	-5.184e-02
162166.50	1.930e-03	-8.112e-03	-7.613e-02
162167.50	-7.181e-04	-3.014e-03	2.717e-02
162168.50	-4.301e-03	4.051e-02	1.248e-01
162169.50	4.550e-05	1.594e-02	1.123e-02
162170.50	1.152e-03	3.322e-02	-1.613e-02
162171.50	-4.675e-03	3.965e-02	7.690e-02
162172.50	2.822e-03	7.056e-03	-5.194e-02
162173.50	-4.963e-03	-2.938e-02	3.917e-02
162174.50	4.214e-03	2.208e-02	1.574e-02
162175.50	2.467e-04	4.656e-02	-6.586e-03
162176.50	-2.189e-03	3.610e-02	-2.976e-03
162177.50	-2.093e-03	-8.794e-02	-3.974e-02
162178.50	5.376e-03	8.794e-02	9.984e-03
162179.50	2.054e-03	6.624e-03	6.586e-02
162180.50	8.890e-03	1.296e-01	-4.474e-02
162181.50	5.280e-03	-1.642e-02	-1.171e-01
162182.50	-2.304e-03	-3.830e-02	3.370e-02
162183.50	-4.080e-03	-6.970e-02	2.630e-02
162184.50	-1.114e-03	-6.739e-02	-6.154e-03
162185.50	3.456e-03	1.402e-01	7.171e-03
162186.50	-4.262e-04	-1.450e-03	-1.661e-02
162187.50	-3.744e-03	2.976e-03	5.818e-02
162188.50	-9.082e-04	-3.869e-02	-1.066e-02
162189.50	2.717e-03	2.045e-02	-5.405e-02
162190.50	-1.046e-03	-6.691e-02	-2.630e-02
162191.50	-1.930e-03	-6.931e-02	1.075e-02
162192.50	-3.562e-03	-6.115e-02	6.288e-02
162193.50	-1.027e-03	-4.320e-03	9.888e-03
162194.50	3.504e-03	4.042e-03	-6.845e-02
162195.50	-9.552e-04	2.803e-02	-2.765e-02
162196.50	-2.285e-03	2.131e-02	8.227e-02
162197.50	-5.942e-03	-5.875e-02	1.469e-01
162198.50	-1.997e-03	7.363e-02	6.326e-02
162199.50	2.016e-03	1.018e-02	-6.979e-02
162200.50	-3.082e-03	7.987e-02	8.525e-02
162201.50	-1.200e-03	-6.000e-02	-2.410e-02
162202.50	4.541e-03	5.184e-03	-1.190e-01
162203.50	1.632e-03	1.056e-01	3.696e-02
162204.50	-8.112e-04	-3.322e-02	-2.698e-02
162205.50	-6.374e-04	-8.390e-02	-7.949e-03
162206.50	-3.600e-03	-1.699e-02	9.888e-02
162207.50	6.528e-03	6.902e-02	-3.946e-02
162208.50	-2.630e-03	2.650e-02	8.496e-02
162209.50	-1.267e-03	5.904e-03	2.400e-02
162210.50	-1.920e-03	-8.467e-04	-3.811e-03
162211.50	-2.064e-04	-1.766e-02	-2.218e-02
162212.50	3.725e-03	1.056e-02	-4.963e-02
162213.50	4.637e-03	1.478e-01	-7.862e-02
162214.50	-6.970e-05	5.213e-02	3.130e-02
162215.50	-2.630e-03	-3.418e-02	-4.109e-03
162216.50	-5.798e-04	-6.394e-02	-8.016e-02
162217.50	7.459e-05	2.650e-02	2.352e-02
162218.50	-8.275e-04	-4.589e-02	2.890e-02
162219.50	-8.026e-04	4.848e-03	3.254e-02
162220.50	3.216e-03	2.189e-02	-9.514e-02
162221.50	-3.610e-04	2.256e-03	5.856e-02
162222.50	1.037e-03	1.190e-01	8.938e-02
162223.50	4.387e-04	-9.466e-03	-6.557e-03
162224.50	1.891e-03	-1.728e-02	-1.190e-01
162225.50	-3.926e-04	2.256e-02	-3.062e-02
162226.50	-1.258e-03	-2.218e-02	9.561e-03
162227.50	-5.213e-04	-4.858e-02	-3.398e-02
162228.50	-4.358e-04	-6.499e-02	-1.085e-02
162229.50	-6.163e-03	-1.056e-01	5.693e-02
162230.50	1.651e-03	-4.090e-03	-5.894e-02
162231.50	1.910e-03	-2.784e-02	-5.914e-02
162232.50	3.754e-03	-7.440e-03	-6.403e-02
162233.50	1.526e-04	-6.518e-03	1.123e-02
162234.50	4.234e-03	5.482e-03	-7.565e-02
162235.50	-4.195e-03	-3.504e-02	1.939e-02
162236.50	-2.563e-03	-1.046e-02	4.118e-02
162237.50	1.219e-03	7.517e-02	3.206e-03
162238.50	-2.045e-03	4.349e-02	3.005e-02
162239.50	1.267e-03	2.803e-02	-3.062e-02
162240.50	8.726e-04	7.430e-02	6.614e-02
162241.50	-1.690e-03	-4.541e-02	1.766e-02
162242.50	3.120e-03	5.779e-02	-3.158e-02
162243.50	1.248e-03	5.837e-02	-6.000e-03
162244.50	1.718e-03	2.602e-02	-9.130e-03
162245.50	3.552e-03	4.646e-02	-4.733e-02
162246.50	-2.890e-04	-5.280e-02	-7.507e-03
162247.50	-1.795e-03	1.853e-02	5.030e-02
162248.50	-5.117e-03	-2.362e-03	1.075e-01
162249.50	-2.746e-03	-4.176e-02	3.610e-02
162250.50	1.661e-03	7.277e-02	-2.141e-02
162251.50	3.581e-03	9.437e-02	-3.974e-04
162252.50	4.627e-03	3.744e-02	-9.101e-02
162253.50	-3.437e-03	-7.133e-03	4.099e-02
162254.50	-8.832e-04	-9.072e-02	1.882e-02
162255.50	-1.450e-03	1.018e-02	4.474e-02
162256.50	2.390e-03	2.621e-02	-6.029e-02
162257.50	-1.075e-03	-5.990e-02	-6.096e-02
162258.50	-2.659e-03	-9.226e-02	-7.085e-03
162259.50	2.688e-03	-7.344e-02	-9.245e-02
162260.50	-1.219e-03	-9.322e-02	-3.110e-02
162261.50	5.942e-04	2.237e-02	2.698e-02
162262.50	-1.891e-03	-1.162e-01	-3.274e-02
162263.50	9.792e-05	4.176e-02	1.661e-02
162264.50	-8.131e-03	3.648e-02	1.814e-01
162265.50	3.110e-03	2.534e-02	-2.726e-02
162266.50	-1.286e-03	-2.630e-02	-1.008e-02
162267.50	-9.888e-04	-1.574e-02	1.853e-02
162268.50	-8.150e-04	-1.258e-02	5.146e-03
162269.50	-1.248e-03	-4.272e-02	1.229e-02
162270.50	5.030e-03	3.773e-02	-3.024e-02
162271.50	9.110e-04	-2.794e-02	-3.590e-02
162272.50	-2.198e-03	-7.690e-03	6.173e-03
162273.50	3.293e-03	-7.546e-03	-8.342e-02
162274.50	4.406e-03	6.730e-02	-1.738e-02
162275.50	7.027e-04	-1.219e-02	-6.854e-03
162276.50	2.266e-03	-7.450e-02	-5.914e-02
162277.50	-2.266e-03	2.938e-02	7.344e-02
162278.50	9.984e-04	2.890e-02	3.139e-02
162279.50	4.675e-04	4.224e-02	2.602e-02
