161681.50	0.000e+00	0.000e+00	0.000e+00
161682.50	0.000e+00	0.000e+00	0.000e+00
161683.50	0.000e+00	0.000e+00	0.000e+00
161684.50	0.000e+00	0.000e+00	0.000e+00
161685.50	0.000e+00	0.000e+00	0.000e+00
161686.50	0.000e+00	0.000e+00	0.000e+00
161687.50	0.000e+00	0.000e+00	0.000e+00
161688.50	0.000e+00	0.000e+00	0.000e+00
161689.50	0.000e+00	0.000e+00	0.000e+00
161690.50	0.000e+00	0.000e+00	0.000e+00
161691.50	0.000e+00	0.000e+00	0.000e+00
161692.50	0.000e+00	0.000e+00	0.000e+00
161693.50	0.000e+00	0.000e+00	0.000e+00
161694.50	0.000e+00	0.000e+00	0.000e+00
161695.50	0.000e+00	0.000e+00	0.000e+00
161696.50	0.000e+00	0.000e+00	0.000e+00
161697.50	0.000e+00	0.000e+00	0.000e+00
161698.50	0.000e+00	0.000e+00	0.000e+00
161699.50	0.000e+00	0.000e+00	0.000e+00
161700.50	0.000e+00	0.000e+00	0.000e+00
161701.50	0.000e+00	0.000e+00	0.000e+00
161702.50	0.000e+00	0.000e+00	0.000e+00
161703.50	0.000e+00	0.000e+00	0.000e+00
161704.50	0.000e+00	0.000e+00	0.000e+00
161705.50	0.000e+00	0.000e+00	0.000e+00
161706.50	0.000e+00	0.000e+00	0.000e+00
161707.50	0.000e+00	0.000e+00	0.000e+00
161708.50	0.000e+00	0.000e+00	0.000e+00
161709.50	0.000e+00	0.000e+00	0.000e+00
161710.50	0.000e+00	0.000e+00	0.000e+00
161711.50	0.000e+00	0.000e+00	0.000e+00
161712.50	0.000e+00	0.000e+00	0.000e+00
161713.50	0.000e+00	0.000e+00	0.000e+00
161714.50	0.000e+00	0.000e+00	0.000e+00
161715.50	0.000e+00	0.000e+00	0.000e+00
161716.50	0.000e+00	0.000e+00	0.000e+00
161717.50	0.000e+00	0.000e+00	0.000e+00
161718.50	0.000e+00	0.000e+00	0.000e+00
161719.50	0.000e+00	0.000e+00	0.000e+00
161720.50	0.000e+00	0.000e+00	0.000e+00
161721.50	0.000e+00	0.000e+00	0.000e+00
161722.50	0.000e+00	0.000e+00	0.000e+00
161723.50	0.000e+00	0.000e+00	0.000e+00
161724.50	0.000e+00	0.000e+00	0.000e+00
161725.50	0.000e+00	0.000e+00	0.000e+00
161726.50	0.000e+00	0.000e+00	0.000e+00
161727.50	0.000e+00	0.000e+00	0.000e+00
161728.50	0.000e+00	0.000e+00	0.000e+00
161729.50	0.000e+00	0.000e+00	0.000e+00
161730.50	0.000e+00	0.000e+00	0.000e+00
161731.50	0.000e+00	0.000e+00	0.000e+00
161732.50	0.000e+00	0.000e+00	0.000e+00
161733.50	0.000e+00	0.000e+00	0.000e+00
161734.50	0.000e+00	0.000e+00	0.000e+00
161735.50	0.000e+00	0.000e+00	0.000e+00
161736.50	0.000e+00	0.000e+00	0.000e+00
161737.50	0.000e+00	0.000e+00	0.000e+00
161738.50	0.000e+00	0.000e+00	0.000e+00
161739.50	0.000e+00	0.000e+00	0.000e+00
161740.50	0.000e+00	0.000e+00	0.000e+00
161741.50	0.000e+00	0.000e+00	0.000e+00
161742.50	0.000e+00	0.000e+00	0.000e+00
161743.50	0.000e+00	0.000e+00	0.000e+00
161744.50	0.000e+00	0.000e+00	0.000e+00
161745.50	0.000e+00	0.000e+00	0.000e+00
161746.50	0.000e+00	0.000e+00	0.000e+00
161747.50	0.000e+00	0.000e+00	0.000e+00
161748.50	0.000e+00	0.000e+00	0.000e+00
161749.50	0.000e+00	0.000e+00	0.000e+00
161750.50	0.000e+00	0.000e+00	0.000e+00
161751.50	0.000e+00	0.000e+00	0.000e+00
161752.50	0.000e+00	0.000e+00	0.000e+00
161753.50	0.000e+00	0.000e+00	0.000e+00
161754.50	0.000e+00	0.000e+00	0.000e+00
161755.50	0.000e+00	0.000e+00	0.000e+00
161756.50	0.000e+00	0.000e+00	0.000e+00
161757.50	0.000e+00	0.000e+00	0.000e+00
161758.50	0.000e+00	0.000e+00	0.000e+00
161759.50	0.000e+00	0.000e+00	0.000e+00
161760.50	0.000e+00	0.000e+00	0.000e+00
161761.50	0.000e+00	0.000e+00	0.000e+00
161762.50	0.000e+00	0.000e+00	0.000e+00
161763.50	0.000e+00	0.000e+00	0.000e+00
161764.50	0.000e+00	0.000e+00	0.000e+00
161765.50	0.000e+00	0.000e+00	0.000e+00
161766.50	0.000e+00	0.000e+00	0.000e+00
161767.50	0.000e+00	0.000e+00	0.000e+00
161768.50	0.000e+00	0.000e+00	0.000e+00
161769.50	0.000e+00	0.000e+00	0.000e+00
161770.50	0.000e+00	0.000e+00	0.000e+00
161771.50	0.000e+00	0.000e+00	0.000e+00
161772.50	0.000e+00	0.000e+00	0.000e+00
161773.50	0.000e+00	0.000e+00	0.000e+00
161774.50	0.000e+00	0.000e+00	0.000e+00
161775.50	0.000e+00	0.000e+00	0.000e+00
161776.50	0.000e+00	0.000e+00	0.000e+00
161777.50	0.000e+00	0.000e+00	0.000e+00
161778.50	0.000e+00	0.000e+00	0.000e+00
161779.50	0.000e+00	0.000e+00	0.000e+00
161780.50	0.000e+00	0.000e+00	0.000e+00
161781.50	0.000e+00	0.000e+00	0.000e+00
161782.50	0.000e+00	0.000e+00	0.000e+00
161783.50	0.000e+00	0.000e+00	0.000e+00
161784.50	0.000e+00	0.000e+00	0.000e+00
161785.50	0.000e+00	0.000e+00	0.000e+00
161786.50	0.000e+00	0.000e+00	0.000e+00
161787.50	0.000e+00	0.000e+00	0.000e+00
161788.50	0.000e+00	0.000e+00	0.000e+00
161789.50	0.000e+00	0.000e+00	0.000e+00
161790.50	0.000e+00	0.000e+00	0.000e+00
161791.50	0.000e+00	0.000e+00	0.000e+00
161792.50	0.000e+00	0.000e+00	0.000e+00
161793.50	0.000e+00	0.000e+00	0.000e+00
161794.50	0.000e+00	0.000e+00	0.000e+00
161795.50	0.000e+00	0.000e+00	0.000e+00
161796.50	0.000e+00	0.000e+00	0.000e+00
161797.50	0.000e+00	0.000e+00	0.000e+00
161798.50	0.000e+00	0.000e+00	0.000e+00
161799.50	0.000e+00	0.000e+00	0.000e+00
161800.50	0.000e+00	0.000e+00	0.000e+00
161801.50	0.000e+00	0.000e+00	0.000e+00
161802.50	0.000e+00	0.000e+00	0.000e+00
161803.50	0.000e+00	0.000e+00	0.000e+00
161804.50	0.000e+00	0.000e+00	0.000e+00
161805.50	0.000e+00	0.000e+00	0.000e+00
161806.50	0.000e+00	0.000e+00	0.000e+00
161807.50	0.000e+00	0.000e+00	0.000e+00
161808.50	0.000e+00	0.000e+00	0.000e+00
161809.50	0.000e+00	0.000e+00	0.000e+00
161810.50	0.000e+00	0.000e+00	0.000e+00
161811.50	0.000e+00	0.000e+00	0.000e+00
161812.50	0.000e+00	0.000e+00	0.000e+00
161813.50	0.000e+00	0.000e+00	0.000e+00
161814.50	0.000e+00	0.000e+00	0.000e+00
161815.50	0.000e+00	0.000e+00	0.000e+00
161816.50	0.000e+00	0.000e+00	0.000e+00
161817.50	0.000e+00	0.000e+00	0.000e+00
161818.50	0.000e+00	0.000e+00	0.000e+00
161819.50	0.000e+00	0.000e+00	0.000e+00
161820.50	0.000e+00	0.000e+00	0.000e+00
161821.50	0.000e+00	0.000e+00	0.000e+00
161822.50	0.000e+00	0.000e+00	0.000e+00
161823.50	0.000e+00	0.000e+00	0.000e+00
161824.50	0.000e+00	0.000e+00	0.000e+00
161825.50	0.000e+00	0.000e+00	0.000e+00
161826.50	0.000e+00	0.000e+00	0.000e+00
161827.50	0.000e+00	0.000e+00	0.000e+00
161828.50	0.000e+00	0.000e+00	0.000e+00
161829.50	0.000e+00	0.000e+00	0.000e+00
161830.50	0.000e+00	0.000e+00	0.000e+00
161831.50	0.000e+00	0.000e+00	0.000e+00
161832.50	0.000e+00	0.000e+00	0.000e+00
161833.50	0.000e+00	0.000e+00	0.000e+00
161834.50	0.000e+00	0.000e+00	0.000e+00
161835.50	0.000e+00	0.000e+00	0.000e+00
161836.50	0.000e+00	0.000e+00	0.000e+00
161837.50	0.000e+00	0.000e+00	0.000e+00
161838.50	0.000e+00	0.000e+00	0.000e+00
161839.50	0.000e+00	0.000e+00	0.000e+00
161840.50	0.000e+00	0.000e+00	0.000e+00
161841.50	0.000e+00	0.000e+00	0.000e+00
161842.50	0.000e+00	0.000e+00	0.000e+00
161843.50	0.000e+00	0.000e+00	0.000e+00
161844.50	0.000e+00	0.000e+00	0.000e+00
161845.50	0.000e+00	0.000e+00	0.000e+00
161846.50	0.000e+00	0.000e+00	0.000e+00
161847.50	0.000e+00	0.000e+00	0.000e+00
161848.50	0.000e+00	0.000e+00	0.000e+00
161849.50	0.000e+00	0.000e+00	0.000e+00
161850.50	0.000e+00	0.000e+00	0.000e+00
161851.50	0.000e+00	0.000e+00	0.000e+00
161852.50	0.000e+00	0.000e+00	0.000e+00
161853.50	0.000e+00	0.000e+00	0.000e+00
161854.50	0.000e+00	0.000e+00	0.000e+00
161855.50	0.000e+00	0.000e+00	0.000e+00
161856.50	0.000e+00	0.000e+00	0.000e+00
161857.50	0.000e+00	0.000e+00	0.000e+00
161858.50	0.000e+00	0.000e+00	0.000e+00
161859.50	0.000e+00	0.000e+00	0.000e+00
161860.50	0.000e+00	0.000e+00	0.000e+00
161861.50	0.000e+00	0.000e+00	0.000e+00
161862.50	0.000e+00	0.000e+00	0.000e+00
161863.50	2.170e-06	9.398e-05	1.882e-05
161864.50	5.194e-06	1.843e-04	-5.366e-05
161865.50	-2.496e-06	-1.008e-04	-2.534e-06
161866.50	-4.867e-06	-1.776e-04	3.734e-05
161867.50	-6.538e-07	2.112e-05	1.046e-04
161868.50	-8.438e-05	-2.179e-03	1.699e-03
161869.50	-1.488e-05	-4.589e-04	2.429e-04
161870.50	-3.101e-05	-4.973e-04	9.312e-04
161871.50	-4.358e-04	-1.594e-02	-9.696e-03
161872.50	8.381e-05	2.170e-03	-9.331e-04
161873.50	-8.237e-04	-1.661e-02	4.234e-02
161874.50	-2.035e-03	-1.382e-01	-2.208e-01
161875.50	-6.518e-02	-2.390e+00	-3.744e-01
161876.50	-6.787e-01	-2.342e+01	7.834e-01
161877.50	-3.658e+00	-1.248e+02	-2.717e+00
161878.50	-7.987e+00	-2.602e+02	7.680e+00
161879.50	-9.984e+00	-3.197e+02	-8.102e+00
161880.50	-1.056e+01	-3.254e+02	-7.891e+00
161881.50	-3.101e+00	-8.544e+01	5.520e+00
161882.50	-7.277e-01	-1.613e+01	-4.982e+00
161883.50	8.678e-01	3.446e+01	8.362e+00
161884.50	1.152e+00	4.214e+01	6.192e+00
161885.50	1.709e+00	5.539e+01	-1.517e+00
161886.50	2.112e+00	6.394e+01	-9.888e+00
161887.50	1.939e+00	6.384e+01	1.123e+01
161888.50	2.006e+00	6.192e+01	-2.784e+00
161889.50	1.517e+00	4.656e+01	-4.752e+00
161890.50	1.882e+00	5.645e+01	-4.205e+00
161891.50	1.555e+00	4.867e+01	3.014e+00
161892.50	1.344e+00	4.330e+01	4.973e+00
161893.50	1.171e+00	3.571e+01	-2.765e+00
161894.50	1.181e+00	3.725e+01	3.350e+00
161895.50	1.219e+00	3.696e+01	-1.488e+00
161896.50	1.027e+00	3.082e+01	-1.968e+00
161897.50	8.371e-01	2.592e+01	-1.114e+00
161898.50	1.075e+00	3.322e+01	1.949e+00
161899.50	8.496e-01	2.659e+01	1.181e+00
161900.50	7.661e-01	2.304e+01	-3.101e+00
161901.50	8.189e-01	2.429e+01	-3.686e+00
161902.50	7.104e-01	2.218e+01	1.238e+00
161903.50	6.010e-01	1.853e+01	-9.600e-01
161904.50	6.557e-01	2.035e+01	7.891e-01
161905.50	5.645e-01	1.747e+01	-6.922e-02
161906.50	4.080e-01	1.296e+01	1.296e+00
161907.50	4.474e-01	1.382e+01	-1.181e+00
161908.50	4.262e-01	1.315e+01	1.046e+00
161909.50	4.195e-01	1.277e+01	-1.238e+00
161910.50	3.907e-01	1.267e+01	1.018e+00
161911.50	3.475e-01	1.094e+01	9.245e-01
161912.50	2.976e-01	9.130e+00	-5.107e-01
161913.50	2.746e-01	9.082e+00	1.718e+00
161914.50	3.014e-01	9.312e+00	4.810e-01
161915.50	2.554e-01	8.102e+00	3.610e-01
161916.50	3.331e-01	1.056e+01	1.354e+00
161917.50	3.149e-01	9.418e+00	-1.306e+00
161918.50	2.381e-01	7.258e+00	-7.200e-03
161919.50	2.448e-01	7.526e+00	2.179e-01
161920.50	2.064e-01	6.480e+00	-1.277e+00
161921.50	2.256e-01	6.739e+00	1.296e+00
161922.50	1.930e-01	6.528e+00	5.587e-01
161923.50	1.488e-01	5.069e+00	4.934e-01
161924.50	2.093e-01	6.019e+00	-5.962e-01
161925.50	1.882e-01	5.808e+00	-1.286e+00
161926.50	1.354e-01	4.474e+00	1.133e+00
161927.50	1.421e-01	4.234e+00	-1.085e+00
161928.50	9.082e-02	3.350e+00	1.190e+00
161929.50	1.392e-01	4.320e+00	2.496e-01
161930.50	1.632e-01	4.579e+00	-4.867e-01
161931.50	1.334e-01	3.994e+00	-1.210e-01
161932.50	8.870e-02	2.851e+00	-5.654e-01
161933.50	1.133e-01	3.821e+00	1.546e+00
161934.50	8.045e-02	2.765e+00	3.446e-01
161935.50	6.586e-02	2.074e+00	-4.781e-01
161936.50	1.027e-01	3.053e+00	-4.493e-01
161937.50	6.355e-02	2.275e+00	8.064e-01
161938.50	9.446e-02	2.765e+00	-3.082e-01
161939.50	7.286e-02	2.131e+00	-3.389e-01
161940.50	7.210e-02	2.150e+00	-5.338e-01
161941.50	1.171e-01	3.475e+00	5.818e-01
161942.50	2.477e-02	9.792e-01	3.869e-01
161943.50	5.424e-02	1.843e+00	4.992e-01
161944.50	8.477e-02	2.448e+00	-5.395e-03
161945.50	5.722e-02	1.766e+00	-2.352e-01
161946.50	7.162e-02	2.131e+00	-1.046e-01
161947.50	4.253e-02	1.238e+00	6.960e-02
161948.50	4.301e-02	1.402e+00	3.034e-01
161949.50	4.166e-02	1.450e+00	1.306e-01
161950.50	3.696e-02	1.354e+00	3.082e-01
161951.50	3.485e-02	1.373e+00	9.187e-01
161952.50	3.869e-02	1.267e+00	-1.238e-01
161953.50	3.907e-02	9.590e-01	-6.518e-01
161954.50	2.611e-02	8.429e-01	2.928e-01
161955.50	6.730e-02	2.026e+00	-2.707e-01
161956.50	3.542e-02	1.104e+00	2.717e-01
161957.50	1.258e-02	2.266e-01	-9.053e-01
161958.50	5.318e-02	1.565e+00	1.766e-01
161959.50	4.906e-02	1.498e+00	-4.099e-02
161960.50	2.179e-02	8.861e-01	3.811e-01
161961.50	2.246e-02	7.910e-01	6.211e-01
161962.50	2.400e-02	8.026e-01	5.021e-02
161963.50	3.792e-02	1.152e+00	-1.037e-01
161964.50	4.522e-02	1.373e+00	-4.589e-01
161965.50	3.312e-04	1.315e-01	-1.267e-01
161966.50	4.934e-02	1.354e+00	-2.890e-01
161967.50	-1.805e-03	1.219e-01	3.965e-01
161968.50	3.418e-02	1.142e+00	8.410e-01
161969.50	1.066e-02	4.445e-01	-3.994e-01
161970.50	1.565e-02	3.091e-01	-4.464e-01
161971.50	1.843e-02	6.643e-01	2.333e-01
161972.50	2.496e-02	7.085e-01	-1.517e-01
161973.50	3.600e-02	9.696e-01	-2.726e-01
161974.50	3.533e-02	9.696e-01	7.642e-02
161975.50	1.104e-02	3.744e-01	-1.315e-01
161976.50	2.218e-02	6.211e-01	-2.410e-01
161977.50	1.421e-02	4.416e-01	-6.912e-02
161978.50	3.408e-02	7.546e-01	-5.856e-01
161979.50	-1.008e-02	-1.805e-01	1.680e-01
161980.50	1.661e-02	5.434e-01	-2.630e-02
161981.50	-3.014e-03	-5.568e-03	-8.314e-02
161982.50	-1.008e-03	-3.504e-02	-2.438e-01
161983.50	3.331e-02	1.075e+00	4.541e-01
161984.50	2.813e-02	7.498e-01	-2.890e-02
161985.50	1.286e-02	4.310e-01	4.128e-03
161986.50	1.594e-02	5.424e-01	-4.685e-01
161987.50	2.678e-02	5.981e-01	-6.067e-02
161988.50	1.469e-02	4.829e-01	2.515e-01
161989.50	1.632e-02	5.376e-01	4.445e-01
161990.50	-6.374e-03	-1.987e-01	-5.731e-02
161991.50	6.163e-04	1.277e-01	-4.886e-02
161992.50	-7.171e-03	-1.219e-01	9.552e-02
161993.50	2.909e-03	3.437e-02	2.160e-01
161994.50	-2.851e-03	8.342e-02	2.976e-01
161995.50	7.747e-03	2.054e-01	2.870e-02
161996.50	1.536e-02	4.454e-01	-9.984e-02
161997.50	1.786e-02	5.424e-01	-1.882e-02
161998.50	1.238e-02	2.957e-01	-1.056e-01
161999.50	8.381e-03	2.400e-01	-1.229e-01
162000.50	-7.219e-04	1.258e-01	1.469e-01
162001.50	7.718e-03	2.803e-01	1.190e-02
162002.50	7.344e-03	1.094e-01	-3.600e-01
162003.50	-7.603e-03	-9.254e-02	1.142e-01
162004.50	9.792e-03	3.475e-01	2.496e-01
162005.50	-6.922e-03	-2.227e-01	-1.488e-01
162006.50	1.027e-02	3.197e-01	3.437e-02
162007.50	1.171e-02	4.512e-01	-9.696e-02
162008.50	8.890e-03	1.910e-01	-3.514e-02
162009.50	2.112e-03	5.376e-02	-7.882e-02
162010.50	1.440e-04	5.309e-02	-4.771e-02
162011.50	-2.909e-03	-5.462e-02	-9.984e-03
162012.50	1.603e-02	4.752e-01	4.416e-02
162013.50	-1.526e-03	1.594e-01	-5.203e-03
162014.50	6.019e-03	1.670e-01	2.362e-01
162015.50	-5.635e-03	-1.757e-01	2.544e-01
162016.50	1.987e-03	4.138e-02	3.072e-01
162017.50	3.533e-03	1.584e-01	-6.250e-02
162018.50	8.822e-03	2.698e-01	-2.957e-01
162019.50	4.906e-03	9.888e-03	-4.291e-02
162020.50	9.792e-03	1.546e-01	1.229e-01
162021.50	-5.030e-03	-2.266e-01	-2.544e-01
162022.50	2.986e-03	1.795e-01	-2.496e-01
162023.50	4.915e-03	1.373e-01	-7.536e-02
162024.50	1.392e-02	2.717e-01	1.690e-01
162025.50	-1.008e-02	-1.306e-01	4.627e-02
162026.50	-3.619e-03	-2.112e-03	6.115e-02
162027.50	-6.067e-03	-1.747e-01	-2.054e-01
162028.50	5.530e-03	1.363e-01	-1.901e-01
162029.50	5.856e-03	1.277e-01	-4.358e-03
162030.50	4.896e-03	1.200e-01	1.075e-01
162031.50	1.757e-02	5.184e-01	1.469e-01
162032.50	4.013e-03	1.162e-01	8.035e-02
162033.50	-1.680e-02	-4.003e-01	3.053e-01
162034.50	4.512e-03	7.171e-02	-4.483e-02
162035.50	-2.131e-03	1.440e-01	1.459e-01
162036.50	5.808e-04	8.870e-02	1.037e-01
162037.50	3.917e-03	1.565e-01	-8.006e-02
162038.50	-5.059e-03	-7.190e-02	1.363e-02
162039.50	6.259e-03	1.776e-01	8.803e-02
162040.50	5.501e-03	1.613e-01	1.805e-01
162041.50	-3.955e-03	-1.027e-01	-1.728e-01
162042.50	6.960e-03	2.314e-01	-2.054e-01
162043.50	-2.314e-03	1.536e-02	-1.171e-02
162044.50	1.085e-02	2.870e-01	3.840e-02
162045.50	-6.662e-03	-7.421e-02	1.507e-01
162046.50	-3.206e-03	-1.670e-01	-8.314e-02
162047.50	2.458e-03	9.888e-03	-1.814e-01
162048.50	1.027e-02	3.696e-01	1.037e-01
162049.50	-2.813e-03	1.632e-02	2.342e-01
162050.50	-6.269e-03	-2.112e-01	-5.165e-02
162051.50	-1.728e-03	-1.584e-01	-1.258e-01
162052.50	-5.674e-03	-1.565e-01	-1.267e-02
162053.50	4.397e-03	-4.733e-02	-3.677e-01
162054.50	-4.934e-03	-1.133e-01	-8.592e-02
162055.50	6.029e-03	2.611e-01	4.598e-02
162056.50	1.027e-02	3.283e-01	5.683e-02
162057.50	5.568e-03	1.277e-01	3.667e-02
162058.50	-3.878e-03	-2.141e-02	1.459e-01
162059.50	7.795e-03	1.843e-01	-2.554e-02
162060.50	-2.266e-03	-3.552e-02	3.206e-02
162061.50	2.304e-03	7.334e-02	6.931e-02
162062.50	4.579e-03	4.896e-02	-1.997e-01
162063.50	2.640e-03	3.024e-02	1.603e-01
162064.50	7.718e-03	1.872e-01	2.890e-02
162065.50	-8.928e-03	-2.218e-01	2.314e-01
162066.50	4.685e-03	1.786e-02	-1.085e-01
162067.50	-1.056e-02	-1.795e-01	-8.064e-02
162068.50	-5.722e-03	-2.957e-02	3.168e-02
162069.50	-2.506e-03	-1.162e-02	1.795e-01
162070.50	-2.678e-05	-8.506e-02	-1.238e-01
162071.50	9.888e-04	2.160e-02	1.651e-01
162072.50	4.598e-03	1.046e-01	-1.738e-01
162073.50	2.064e-03	2.477e-02	1.133e-01
162074.50	6.835e-03	2.141e-01	1.104e-01
162075.50	-2.160e-03	9.888e-03	5.424e-02
162076.50	7.718e-03	2.141e-01	1.248e-02
162077.50	-1.440e-04	-2.381e-02	-1.363e-01
162078.50	-4.272e-04	4.944e-02	2.064e-04
162079.50	2.995e-03	9.542e-02	-6.480e-03
162080.50	-9.187e-03	-7.786e-02	4.925e-02
162081.50	5.443e-03	1.747e-01	1.354e-01
162082.50	6.950e-03	6.451e-02	-1.382e-01
162083.50	1.459e-03	6.278e-02	-1.018e-01
162084.50	-6.211e-03	-1.603e-01	1.210e-02
162085.50	-2.170e-03	-3.082e-02	2.093e-01
162086.50	-4.781e-03	-1.075e-01	1.882e-01
162087.50	-1.421e-03	6.922e-02	2.381e-02
162088.50	1.661e-03	1.670e-02	-1.507e-01
162089.50	-5.914e-04	4.877e-02	2.630e-01
162090.50	-5.654e-04	2.400e-02	4.378e-02
162091.50	7.978e-03	1.757e-01	5.856e-04
162092.50	5.894e-04	5.750e-02	-1.728e-01
162093.50	5.606e-03	1.661e-01	3.043e-02
162094.50	-2.640e-03	-8.621e-02	-5.002e-02
162095.50	3.187e-03	1.142e-01	2.054e-01
162096.50	-8.602e-03	-1.901e-01	1.546e-01
162097.50	5.971e-04	6.720e-02	-4.819e-02
162098.50	4.637e-03	5.846e-02	1.843e-02
162099.50	-1.565e-03	-9.984e-02	-1.440e-01
162100.50	5.270e-03	7.517e-02	-2.602e-01
162101.50	2.506e-03	6.067e-02	1.565e-01
162102.50	-2.429e-03	-8.458e-02	-6.384e-02
162103.50	7.315e-03	9.005e-02	-7.632e-02
162104.50	4.493e-03	1.987e-01	6.029e-02
162105.50	-5.635e-03	-8.976e-02	-1.210e-01
162106.50	7.315e-03	6.835e-02	-1.834e-01
162107.50	-5.702e-04	2.006e-03	3.062e-02
162108.50	-5.357e-03	-1.642e-01	-1.219e-02
162109.50	4.598e-03	8.784e-02	-4.032e-02
162110.50	-8.074e-03	-1.968e-01	-1.056e-02
162111.50	-9.523e-04	3.302e-04	9.370e-02
162112.50	2.054e-03	1.411e-01	6.874e-02
162113.50	-3.024e-03	-3.792e-02	-7.786e-03
162114.50	-5.069e-05	3.466e-02	1.171e-01
162115.50	1.709e-04	4.819e-02	-7.296e-03
162116.50	2.621e-03	-3.274e-02	-1.344e-01
162117.50	-4.800e-03	-1.162e-01	-5.462e-02
162118.50	5.789e-03	6.701e-02	-1.814e-01
162119.50	3.850e-03	9.043e-02	4.176e-02
162120.50	-8.218e-03	-8.659e-03	7.114e-02
162121.50	-7.056e-04	-6.490e-02	2.150e-02
162122.50	-1.824e-04	1.056e-02	-1.258e-01
162123.50	9.053e-04	5.453e-02	-2.717e-02
162124.50	5.338e-03	5.616e-02	-4.291e-03
162125.50	-1.411e-03	-4.512e-02	-1.949e-01
162126.50	8.131e-03	1.891e-01	7.142e-02
162127.50	1.834e-03	5.405e-02	-4.675e-02
162128.50	-5.885e-03	-9.696e-02	1.555e-02
162129.50	-5.155e-04	6.326e-02	2.496e-01
162130.50	-5.770e-03	-1.200e-01	-7.277e-03
162131.50	4.195e-03	1.123e-01	9.398e-02
162132.50	4.512e-04	3.552e-02	1.066e-01
162133.50	3.485e-03	9.187e-02	6.845e-02
162134.50	2.573e-03	6.259e-02	-9.792e-02
162135.50	2.131e-03	1.008e-01	9.888e-02
162136.50	1.469e-03	2.189e-02	4.618e-02
162137.50	-7.363e-03	-2.285e-01	-4.618e-02
162138.50	-5.856e-03	-1.430e-01	-4.934e-02
162139.50	-3.312e-03	-2.525e-02	3.629e-02
162140.50	3.341e-03	4.118e-02	-2.246e-02
162141.50	-3.398e-03	-9.475e-02	5.942e-02
162142.50	-1.843e-04	3.610e-02	-1.094e-02
162143.50	-1.555e-03	-1.344e-01	-4.608e-02
162144.50	9.696e-03	1.661e-02	-7.565e-02
162145.50	-2.890e-03	-9.571e-02	-3.034e-02
162146.50	-6.202e-03	-1.690e-01	-3.715e-02
162147.50	-5.597e-04	3.629e-02	-9.561e-02
162148.50	5.251e-03	1.286e-01	-1.238e-01
162149.50	-1.450e-03	-8.544e-02	-1.469e-01
162150.50	-5.443e-03	1.248e-02	2.592e-01
162151.50	2.208e-03	2.304e-02	-3.523e-02
162152.50	-1.171e-03	-4.262e-02	4.541e-02
162153.50	-1.248e-03	-8.093e-03	4.368e-02
162154.50	1.402e-03	3.197e-02	-3.763e-02
162155.50	-8.189e-04	-3.149e-02	-7.200e-02
162156.50	3.504e-03	1.421e-01	5.482e-02
162157.50	3.466e-03	6.192e-02	3.773e-03
162158.50	5.366e-03	5.837e-02	-1.930e-02
162159.50	-2.054e-03	-3.878e-02	-3.667e-02
162160.50	-7.344e-03	-1.507e-01	5.203e-02
162161.50	1.603e-03	8.323e-02	1.200e-01
162162.50	-1.152e-03	-5.395e-02	-2.304e-02
162163.50	5.846e-03	8.477e-02	-1.344e-02
162164.50	1.728e-04	6.557e-02	4.704e-02
162165.50	5.654e-03	2.141e-01	-2.256e-02
162166.50	-6.797e-03	-1.661e-01	-6.912e-02
162167.50	-3.072e-04	-3.418e-02	1.968e-02
162168.50	-4.618e-04	1.622e-02	-8.467e-03
162169.50	-4.627e-03	-3.629e-02	2.515e-02
162170.50	-9.274e-03	-1.277e-01	7.699e-02
162171.50	8.506e-03	8.400e-02	1.709e-02
162172.50	2.659e-03	6.634e-02	7.085e-02
162173.50	3.830e-03	7.354e-02	-4.982e-02
162174.50	-2.304e-03	-1.594e-02	-6.154e-02
162175.50	6.566e-03	-5.280e-02	-1.075e-01
162176.50	9.149e-04	9.571e-03	-9.341e-02
162177.50	-2.294e-03	-6.278e-02	1.718e-02
162178.50	1.075e-03	7.795e-02	-3.437e-02
162179.50	3.830e-03	1.171e-01	-1.008e-01
162180.50	-8.390e-03	-1.430e-02	-2.717e-02
162181.50	-1.776e-03	-6.000e-02	9.542e-02
162182.50	-2.582e-03	-6.154e-02	-8.630e-02
162183.50	-1.757e-03	-3.552e-02	2.074e-02
162184.50	-2.803e-04	-4.397e-03	2.074e-02
162185.50	-4.550e-04	7.987e-03	-6.624e-03
162186.50	-2.410e-03	-2.707e-02	-7.536e-03
162187.50	-1.440e-03	-6.154e-02	-5.299e-02
162188.50	-9.696e-04	-2.074e-02	2.342e-02
162189.50	-2.659e-03	-1.152e-02	2.006e-02
162190.50	4.704e-03	6.230e-02	-3.754e-02
162191.50	4.138e-03	8.371e-02	1.574e-02
162192.50	3.254e-03	1.018e-01	1.008e-01
162193.50	4.406e-04	-4.483e-02	6.461e-02
162194.50	1.075e-04	-2.486e-02	3.216e-02
162195.50	-8.746e-04	-9.696e-03	2.650e-02
162196.50	-1.123e-03	-2.314e-02	8.966e-03
162197.50	-1.613e-03	-6.336e-02	-1.008e-01
162198.50	4.205e-04	2.640e-02	-9.110e-02
162199.50	-1.162e-03	7.939e-03	2.746e-02
162200.50	-3.293e-03	3.715e-02	1.306e-01
162201.50	1.709e-03	9.043e-02	5.222e-02
162202.50	1.834e-03	8.765e-03	-6.586e-03
162203.50	2.371e-03	5.779e-02	-7.661e-02
162204.50	-2.467e-04	8.112e-03	-5.923e-02
162205.50	-2.582e-03	-7.123e-02	1.382e-02
162206.50	-1.728e-03	4.512e-04	8.582e-02
162207.50	3.562e-03	5.971e-02	-2.486e-02
162208.50	5.837e-04	4.781e-02	4.118e-02
162209.50	-1.382e-04	-8.630e-02	1.824e-02
162210.50	9.888e-04	-2.746e-02	-8.976e-02
162211.50	2.573e-04	-8.208e-03	-2.966e-02
162212.50	8.486e-04	2.112e-02	3.610e-02
162213.50	2.630e-04	5.184e-02	-2.659e-03
162214.50	3.475e-03	1.114e-01	8.486e-02
162215.50	2.928e-03	7.430e-02	9.888e-03
162216.50	3.091e-04	5.981e-02	-9.475e-02
162217.50	-2.717e-03	-6.931e-02	3.648e-02
162218.50	-3.984e-04	-3.302e-02	-3.408e-02
162219.50	2.947e-03	3.888e-02	1.459e-02
162220.50	-1.066e-03	-1.450e-02	-6.586e-02
162221.50	-5.818e-04	-1.853e-02	-1.834e-02
162222.50	3.706e-03	4.714e-02	1.181e-02
162223.50	3.024e-03	6.317e-05	4.925e-02
162224.50	-1.920e-03	7.690e-03	-4.003e-02
162225.50	-2.122e-03	-5.366e-02	-1.037e-01
162226.50	2.179e-03	4.790e-02	5.299e-02
162227.50	-2.870e-03	-7.978e-03	-6.211e-02
162228.50	1.738e-04	-6.250e-03	-1.920e-02
162229.50	-4.435e-03	-7.056e-02	8.458e-02
162230.50	3.475e-03	8.352e-02	-7.248e-04
162231.50	-2.006e-03	-4.733e-02	1.910e-02
162232.50	-5.338e-03	-1.229e-01	4.694e-02
162233.50	-2.995e-03	-5.818e-02	-5.837e-02
162234.50	-7.718e-03	-1.008e-01	7.555e-03
162235.50	-1.142e-03	5.059e-02	1.075e-01
162236.50	8.957e-04	-2.112e-03	-1.066e-02
162237.50	-1.133e-03	2.064e-02	2.458e-02
162238.50	1.334e-03	2.678e-02	-3.072e-02
162239.50	4.646e-03	7.018e-02	3.178e-02
162240.50	9.456e-04	-3.754e-02	1.747e-03
162241.50	-4.954e-03	-1.392e-01	-3.888e-02
162242.50	5.040e-03	8.381e-02	-7.498e-02
162243.50	7.277e-03	1.430e-01	6.259e-03
162244.50	1.066e-03	-1.075e-03	9.792e-02
162245.50	-9.984e-04	3.053e-02	6.374e-02
162246.50	-4.349e-04	4.589e-02	4.656e-02
162247.50	-2.678e-03	-3.763e-02	-9.696e-05
162248.50	2.822e-04	-3.149e-02	-3.235e-03
162249.50	-4.483e-03	-1.094e-01	-5.530e-02
162250.50	-2.506e-03	-9.888e-02	2.150e-02
162251.50	-2.074e-03	-5.568e-02	1.210e-02
162252.50	4.186e-03	7.315e-02	2.890e-02
162253.50	-1.018e-03	-4.493e-02	3.014e-02
162254.50	9.245e-04	-9.014e-03	-5.885e-03
162255.50	8.698e-04	1.824e-02	-6.365e-02
162256.50	-1.853e-03	-2.736e-02	4.752e-02
162257.50	3.274e-04	-1.104e-02	-3.293e-02
162258.50	2.141e-03	5.606e-02	-1.325e-02
162259.50	-1.114e-03	2.947e-02	-2.314e-02
162260.50	2.419e-03	-2.122e-02	-3.168e-02
162261.50	6.826e-04	-4.138e-02	-3.878e-02
162262.50	-9.043e-04	-3.341e-02	-1.046e-02
162263.50	-1.526e-04	-5.078e-03	-9.293e-02
162264.50	-2.669e-04	-7.709e-03	-4.973e-02
162265.50	-1.795e-03	-1.517e-02	-5.059e-02
162266.50	2.755e-03	9.139e-02	-2.410e-03
162267.50	3.936e-03	8.976e-02	-2.016e-02
162268.50	4.867e-04	1.747e-02	9.360e-02
162269.50	5.194e-03	1.142e-01	2.400e-03
162270.50	2.890e-04	-7.190e-03	-6.499e-02
162271.50	-8.131e-04	-9.091e-03	7.037e-02
162272.50	-9.206e-04	9.062e-03	-2.698e-02
162273.50	-1.171e-04	-3.523e-02	-1.296e-02
162274.50	-7.507e-04	-4.474e-02	1.210e-02
162275.50	-4.522e-03	-1.066e-01	1.344e-01
162276.50	-1.843e-03	-9.984e-03	6.278e-02
162277.50	5.606e-03	1.363e-01	4.378e-02
162278.50	3.293e-03	1.805e-02	-4.426e-02
162279.50	-4.272e-03	-1.066e-01	-1.296e-01
