161681.50	0.000e+00	0.000e+00	0.000e+00
161682.50	0.000e+00	0.000e+00	0.000e+00
161683.50	0.000e+00	0.000e+00	0.000e+00
161684.50	0.000e+00	0.000e+00	0.000e+00
161685.50	0.000e+00	0.000e+00	0.000e+00
161686.50	0.000e+00	0.000e+00	0.000e+00
161687.50	0.000e+00	0.000e+00	0.000e+00
161688.50	0.000e+00	0.000e+00	0.000e+00
161689.50	0.000e+00	0.000e+00	0.000e+00
161690.50	0.000e+00	0.000e+00	0.000e+00
161691.50	0.000e+00	0.000e+00	0.000e+00
161692.50	0.000e+00	0.000e+00	0.000e+00
161693.50	0.000e+00	0.000e+00	0.000e+00
161694.50	0.000e+00	0.000e+00	0.000e+00
161695.50	0.000e+00	0.000e+00	0.000e+00
161696.50	0.000e+00	0.000e+00	0.000e+00
161697.50	0.000e+00	0.000e+00	0.000e+00
161698.50	0.000e+00	0.000e+00	0.000e+00
161699.50	0.000e+00	0.000e+00	0.000e+00
161700.50	0.000e+00	0.000e+00	0.000e+00
161701.50	0.000e+00	0.000e+00	0.000e+00
161702.50	0.000e+00	0.000e+00	0.000e+00
161703.50	0.000e+00	0.000e+00	0.000e+00
161704.50	0.000e+00	0.000e+00	0.000e+00
161705.50	0.000e+00	0.000e+00	0.000e+00
161706.50	0.000e+00	0.000e+00	0.000e+00
161707.50	0.000e+00	0.000e+00	0.000e+00
161708.50	0.000e+00	0.000e+00	0.000e+00
161709.50	0.000e+00	0.000e+00	0.000e+00
161710.50	0.000e+00	0.000e+00	0.000e+00
161711.50	0.000e+00	0.000e+00	0.000e+00
161712.50	0.000e+00	0.000e+00	0.000e+00
161713.50	0.000e+00	0.000e+00	0.000e+00
161714.50	0.000e+00	0.000e+00	0.000e+00
161715.50	0.000e+00	0.000e+00	0.000e+00
161716.50	0.000e+00	0.000e+00	0.000e+00
161717.50	0.000e+00	0.000e+00	0.000e+00
161718.50	0.000e+00	0.000e+00	0.000e+00
161719.50	0.000e+00	0.000e+00	0.000e+00
161720.50	0.000e+00	0.000e+00	0.000e+00
161721.50	0.000e+00	0.000e+00	0.000e+00
161722.50	0.000e+00	0.000e+00	0.000e+00
161723.50	0.000e+00	0.000e+00	0.000e+00
161724.50	0.000e+00	0.000e+00	0.000e+00
161725.50	0.000e+00	0.000e+00	0.000e+00
161726.50	0.000e+00	0.000e+00	0.000e+00
161727.50	0.000e+00	0.000e+00	0.000e+00
161728.50	0.000e+00	0.000e+00	0.000e+00
161729.50	0.000e+00	0.000e+00	0.000e+00
161730.50	0.000e+00	0.000e+00	0.000e+00
161731.50	0.000e+00	0.000e+00	0.000e+00
161732.50	0.000e+00	0.000e+00	0.000e+00
161733.50	0.000e+00	0.000e+00	0.000e+00
161734.50	0.000e+00	0.000e+00	0.000e+00
161735.50	0.000e+00	0.000e+00	0.000e+00
161736.50	0.000e+00	0.000e+00	0.000e+00
161737.50	0.000e+00	0.000e+00	0.000e+00
161738.50	0.000e+00	0.000e+00	0.000e+00
161739.50	0.000e+00	0.000e+00	0.000e+00
161740.50	0.000e+00	0.000e+00	0.000e+00
161741.50	0.000e+00	0.000e+00	0.000e+00
161742.50	0.000e+00	0.000e+00	0.000e+00
161743.50	0.000e+00	0.000e+00	0.000e+00
161744.50	0.000e+00	0.000e+00	0.000e+00
161745.50	0.000e+00	0.000e+00	0.000e+00
161746.50	0.000e+00	0.000e+00	0.000e+00
161747.50	0.000e+00	0.000e+00	0.000e+00
161748.50	0.000e+00	0.000e+00	0.000e+00
161749.50	0.000e+00	0.000e+00	0.000e+00
161750.50	0.000e+00	0.000e+00	0.000e+00
161751.50	0.000e+00	0.000e+00	0.000e+00
161752.50	0.000e+00	0.000e+00	0.000e+00
161753.50	0.000e+00	0.000e+00	0.000e+00
161754.50	0.000e+00	0.000e+00	0.000e+00
161755.50	0.000e+00	0.000e+00	0.000e+00
161756.50	0.000e+00	0.000e+00	0.000e+00
161757.50	0.000e+00	0.000e+00	0.000e+00
161758.50	0.000e+00	0.000e+00	0.000e+00
161759.50	0.000e+00	0.000e+00	0.000e+00
161760.50	0.000e+00	0.000e+00	0.000e+00
161761.50	0.000e+00	0.000e+00	0.000e+00
161762.50	0.000e+00	0.000e+00	0.000e+00
161763.50	0.000e+00	0.000e+00	0.000e+00
161764.50	0.000e+00	0.000e+00	0.000e+00
161765.50	0.000e+00	0.000e+00	0.000e+00
161766.50	0.000e+00	0.000e+00	0.000e+00
161767.50	0.000e+00	0.000e+00	0.000e+00
161768.50	0.000e+00	0.000e+00	0.000e+00
161769.50	0.000e+00	0.000e+00	0.000e+00
161770.50	0.000e+00	0.000e+00	0.000e+00
161771.50	0.000e+00	0.000e+00	0.000e+00
161772.50	0.000e+00	0.000e+00	0.000e+00
161773.50	0.000e+00	0.000e+00	0.000e+00
161774.50	0.000e+00	0.000e+00	0.000e+00
161775.50	0.000e+00	0.000e+00	0.000e+00
161776.50	0.000e+00	0.000e+00	0.000e+00
161777.50	0.000e+00	0.000e+00	0.000e+00
161778.50	0.000e+00	0.000e+00	0.000e+00
161779.50	0.000e+00	0.000e+00	0.000e+00
161780.50	0.000e+00	0.000e+00	0.000e+00
161781.50	0.000e+00	0.000e+00	0.000e+00
161782.50	0.000e+00	0.000e+00	0.000e+00
161783.50	0.000e+00	0.000e+00	0.000e+00
161784.50	0.000e+00	0.000e+00	0.000e+00
161785.50	0.000e+00	0.000e+00	0.000e+00
161786.50	0.000e+00	0.000e+00	0.000e+00
161787.50	0.000e+00	0.000e+00	0.000e+00
161788.50	0.000e+00	0.000e+00	0.000e+00
161789.50	0.000e+00	0.000e+00	0.000e+00
161790.50	0.000e+00	0.000e+00	0.000e+00
161791.50	0.000e+00	0.000e+00	0.000e+00
161792.50	0.000e+00	0.000e+00	0.000e+00
161793.50	0.000e+00	0.000e+00	0.000e+00
161794.50	0.000e+00	0.000e+00	0.000e+00
161795.50	0.000e+00	0.000e+00	0.000e+00
161796.50	0.000e+00	0.000e+00	0.000e+00
161797.50	0.000e+00	0.000e+00	0.000e+00
161798.50	0.000e+00	0.000e+00	0.000e+00
161799.50	0.000e+00	0.000e+00	0.000e+00
161800.50	0.000e+00	0.000e+00	0.000e+00
161801.50	0.000e+00	0.000e+00	0.000e+00
161802.50	0.000e+00	0.000e+00	0.000e+00
161803.50	0.000e+00	0.000e+00	0.000e+00
161804.50	0.000e+00	0.000e+00	0.000e+00
161805.50	0.000e+00	0.000e+00	0.000e+00
161806.50	0.000e+00	0.000e+00	0.000e+00
161807.50	0.000e+00	0.000e+00	0.000e+00
161808.50	0.000e+00	0.000e+00	0.000e+00
161809.50	0.000e+00	0.000e+00	0.000e+00
161810.50	0.000e+00	0.000e+00	0.000e+00
161811.50	0.000e+00	0.000e+00	0.000e+00
161812.50	0.000e+00	0.000e+00	0.000e+00
161813.50	0.000e+00	0.000e+00	0.000e+00
161814.50	0.000e+00	0.000e+00	0.000e+00
161815.50	0.000e+00	0.000e+00	0.000e+00
161816.50	0.000e+00	0.000e+00	0.000e+00
161817.50	0.000e+00	0.000e+00	0.000e+00
161818.50	0.000e+00	0.000e+00	0.000e+00
161819.50	0.000e+00	0.000e+00	0.000e+00
161820.50	0.000e+00	0.000e+00	0.000e+00
161821.50	0.000e+00	0.000e+00	0.000e+00
161822.50	0.000e+00	0.000e+00	0.000e+00
161823.50	0.000e+00	0.000e+00	0.000e+00
161824.50	0.000e+00	0.000e+00	0.000e+00
161825.50	0.000e+00	0.000e+00	0.000e+00
161826.50	0.000e+00	0.000e+00	0.000e+00
161827.50	0.000e+00	0.000e+00	0.000e+00
161828.50	0.000e+00	0.000e+00	0.000e+00
161829.50	0.000e+00	0.000e+00	0.000e+00
161830.50	0.000e+00	0.000e+00	0.000e+00
161831.50	0.000e+00	0.000e+00	0.000e+00
161832.50	0.000e+00	0.000e+00	0.000e+00
161833.50	0.000e+00	0.000e+00	0.000e+00
161834.50	0.000e+00	0.000e+00	0.000e+00
161835.50	0.000e+00	0.000e+00	0.000e+00
161836.50	0.000e+00	0.000e+00	0.000e+00
161837.50	0.000e+00	0.000e+00	0.000e+00
161838.50	0.000e+00	0.000e+00	0.000e+00
161839.50	0.000e+00	0.000e+00	0.000e+00
161840.50	0.000e+00	0.000e+00	0.000e+00
161841.50	0.000e+00	0.000e+00	0.000e+00
161842.50	0.000e+00	0.000e+00	0.000e+00
161843.50	0.000e+00	0.000e+00	0.000e+00
161844.50	0.000e+00	0.000e+00	0.000e+00
161845.50	0.000e+00	0.000e+00	0.000e+00
161846.50	0.000e+00	0.000e+00	0.000e+00
161847.50	0.000e+00	0.000e+00	0.000e+00
161848.50	0.000e+00	0.000e+00	0.000e+00
161849.50	0.000e+00	0.000e+00	0.000e+00
161850.50	0.000e+00	0.000e+00	0.000e+00
161851.50	0.000e+00	0.000e+00	0.000e+00
161852.50	0.000e+00	0.000e+00	0.000e+00
161853.50	0.000e+00	0.000e+00	0.000e+00
161854.50	0.000e+00	0.000e+00	0.000e+00
161855.50	0.000e+00	0.000e+00	0.000e+00
161856.50	0.000e+00	0.000e+00	0.000e+00
161857.50	0.000e+00	0.000e+00	0.000e+00
161858.50	0.000e+00	0.000e+00	0.000e+00
161859.50	0.000e+00	0.000e+00	0.000e+00
161860.50	0.000e+00	0.000e+00	0.000e+00
161861.50	0.000e+00	0.000e+00	0.000e+00
161862.50	0.000e+00	0.000e+00	0.000e+00
161863.50	0.000e+00	0.000e+00	0.000e+00
161864.50	0.000e+00	0.000e+00	0.000e+00
161865.50	0.000e+00	0.000e+00	0.000e+00
161866.50	0.000e+00	0.000e+00	0.000e+00
161867.50	0.000e+00	0.000e+00	0.000e+00
161868.50	0.000e+00	0.000e+00	0.000e+00
161869.50	0.000e+00	0.000e+00	0.000e+00
161870.50	0.000e+00	0.000e+00	0.000e+00
161871.50	0.000e+00	0.000e+00	0.000e+00
161872.50	0.000e+00	0.000e+00	0.000e+00
161873.50	0.000e+00	0.000e+00	0.000e+00
161874.50	-3.562e-05	1.181e-03	4.224e-04
161875.50	4.128e-05	-9.984e-04	-1.142e-03
161876.50	3.514e-05	-1.334e-03	1.766e-04
161877.50	-3.005e-05	8.909e-04	2.938e-04
161878.50	2.131e-05	-3.763e-04	-2.410e-04
161879.50	1.094e-04	-3.264e-03	-5.789e-04
161880.50	1.066e-04	-5.232e-03	3.677e-03
161881.50	2.928e-05	1.315e-03	-1.555e-03
161882.50	2.918e-05	1.354e-03	-2.669e-03
161883.50	-3.379e-04	1.094e-02	-8.928e-03
161884.50	-1.392e-05	6.490e-03	-2.093e-02
161885.50	9.533e-05	-1.142e-02	4.934e-02
161886.50	2.198e-03	7.478e-02	-4.819e-01
161887.50	5.491e-01	-1.795e+01	7.200e-01
161888.50	1.939e+00	-6.058e+01	-2.342e+00
161889.50	4.992e+00	-1.536e+02	1.430e+00
161890.50	8.803e+00	-2.640e+02	3.888e+00
161891.50	1.008e+01	-2.976e+02	1.805e+01
161892.50	1.066e+01	-2.976e+02	-1.114e+01
161893.50	8.918e+00	-2.419e+02	-4.512e+00
161894.50	3.696e+00	-9.446e+01	1.027e+01
161895.50	1.286e+00	-1.939e+01	-1.786e+01
161896.50	-9.494e-02	1.171e+01	7.046e+00
161897.50	-1.286e+00	4.522e+01	-3.917e+00
161898.50	-1.968e+00	6.144e+01	1.210e+00
161899.50	-2.630e+00	7.862e+01	-1.814e-01
161900.50	-2.621e+00	7.709e+01	-3.370e-01
161901.50	-2.467e+00	7.190e+01	-1.718e+00
161902.50	-2.381e+00	6.797e+01	3.802e+00
161903.50	-2.362e+00	6.528e+01	5.962e+00
161904.50	-2.179e+00	6.259e+01	-4.541e+00
161905.50	-1.853e+00	5.462e+01	-7.795e+00
161906.50	-2.016e+00	5.510e+01	4.205e+00
161907.50	-1.603e+00	4.560e+01	-1.728e+00
161908.50	-1.546e+00	4.454e+01	-6.336e+00
161909.50	-1.747e+00	4.771e+01	2.035e+00
161910.50	-1.382e+00	3.850e+01	-3.677e-01
161911.50	-1.200e+00	3.408e+01	-6.874e-01
161912.50	-1.200e+00	3.331e+01	5.741e-01
161913.50	-1.171e+00	3.226e+01	1.238e+00
161914.50	-1.142e+00	3.149e+01	2.333e-01
161915.50	-8.650e-01	2.429e+01	-5.366e-01
161916.50	-8.467e-01	2.352e+01	-1.517e+00
161917.50	-8.726e-01	2.390e+01	-4.291e-01
161918.50	-8.054e-01	2.256e+01	-7.613e-01
161919.50	-7.853e-01	2.198e+01	-4.685e-01
161920.50	-6.067e-01	1.670e+01	8.064e-01
161921.50	-6.941e-01	1.968e+01	-2.794e+00
161922.50	-6.259e-01	1.680e+01	9.350e-01
161923.50	-5.587e-01	1.469e+01	1.507e+00
161924.50	-5.597e-01	1.488e+01	1.699e+00
161925.50	-5.904e-01	1.555e+01	2.563e+00
161926.50	-5.165e-01	1.402e+01	-9.120e-02
161927.50	-4.272e-01	1.219e+01	-1.507e+00
161928.50	-4.675e-01	1.277e+01	-1.968e-01
161929.50	-3.994e-01	1.085e+01	-1.402e+00
161930.50	-3.811e-01	1.037e+01	-9.466e-03
161931.50	-3.043e-01	7.978e+00	1.277e+00
161932.50	-3.504e-01	9.600e+00	-4.291e-01
161933.50	-3.446e-01	9.504e+00	2.966e-01
161934.50	-2.755e-01	7.334e+00	3.782e-01
161935.50	-2.448e-01	6.826e+00	-4.858e-01
161936.50	-2.045e-01	5.683e+00	-3.811e-01
161937.50	-3.437e-01	8.678e+00	2.314e+00
161938.50	-3.062e-01	8.112e+00	3.302e-01
161939.50	-2.563e-01	6.691e+00	6.797e-01
161940.50	-2.256e-01	6.221e+00	4.339e-01
161941.50	-1.882e-01	5.453e+00	-1.219e+00
161942.50	-1.862e-01	5.107e+00	-8.909e-01
161943.50	-1.603e-01	4.349e+00	-4.435e-01
161944.50	-2.227e-01	5.549e+00	1.613e+00
161945.50	-1.786e-01	4.733e+00	-2.362e-01
161946.50	-1.766e-01	5.126e+00	-1.488e+00
161947.50	-1.498e-01	4.042e+00	7.795e-01
161948.50	-1.373e-01	3.754e+00	2.371e-01
161949.50	-1.498e-01	4.013e+00	1.430e-01
161950.50	-1.622e-01	4.406e+00	-2.813e-02
161951.50	-1.296e-01	3.360e+00	9.043e-01
161952.50	-1.267e-01	3.158e+00	6.499e-01
161953.50	-1.440e-01	3.686e+00	5.702e-01
161954.50	-1.354e-01	3.811e+00	-6.960e-01
161955.50	-7.507e-02	2.026e+00	2.688e-01
161956.50	-1.085e-01	2.832e+00	3.917e-01
161957.50	-8.016e-02	1.891e+00	8.899e-02
161958.50	-9.014e-02	2.323e+00	-3.878e-02
161959.50	-1.046e-01	2.832e+00	-1.680e-01
161960.50	-5.990e-02	1.728e+00	2.074e-01
161961.50	-5.962e-02	1.690e+00	-1.901e-01
161962.50	-9.120e-02	2.525e+00	-4.070e-01
161963.50	-8.160e-02	2.304e+00	-2.064e-01
161964.50	-8.448e-02	2.179e+00	-1.478e-01
161965.50	-7.334e-02	1.699e+00	5.194e-01
161966.50	-5.290e-02	1.171e+00	1.027e+00
161967.50	-7.142e-02	2.083e+00	-1.392e-02
161968.50	-3.946e-02	1.277e+00	-1.517e-01
161969.50	-6.038e-02	1.546e+00	-1.843e-01
161970.50	-5.280e-02	1.229e+00	2.438e-01
161971.50	-4.397e-02	1.210e+00	3.072e-01
161972.50	-7.142e-02	2.083e+00	-6.442e-01
161973.50	-5.837e-02	1.334e+00	-3.053e-01
161974.50	-4.541e-02	1.046e+00	4.118e-01
161975.50	-6.067e-02	1.565e+00	-1.478e-01
161976.50	-5.290e-02	1.306e+00	1.114e-01
161977.50	-5.107e-02	1.459e+00	-2.400e-01
161978.50	-3.427e-02	7.613e-01	6.672e-01
161979.50	-3.456e-02	7.248e-01	2.938e-01
161980.50	-5.722e-02	1.555e+00	-4.032e-01
161981.50	-2.707e-02	6.845e-01	-1.651e-01
161982.50	-3.850e-02	1.056e+00	-5.587e-01
161983.50	-3.360e-02	9.888e-01	2.467e-01
161984.50	-2.371e-02	7.373e-01	9.043e-02
161985.50	-2.227e-02	6.624e-01	-2.486e-01
161986.50	-1.978e-02	6.365e-01	-4.522e-01
161987.50	-2.918e-02	7.066e-01	2.419e-01
161988.50	-2.813e-02	9.005e-01	-9.888e-02
161989.50	-3.024e-02	4.176e-01	4.454e-01
161990.50	-1.478e-02	3.715e-01	-6.355e-02
161991.50	-3.168e-02	1.027e+00	-3.888e-01
161992.50	-2.179e-02	5.165e-01	-2.438e-01
161993.50	-6.605e-03	1.987e-01	1.517e-01
161994.50	-1.834e-02	4.234e-01	-2.266e-02
161995.50	-3.734e-02	8.765e-01	-6.874e-01
161996.50	-3.706e-02	9.494e-01	1.171e-01
161997.50	-1.968e-02	4.560e-01	-2.746e-01
161998.50	-1.997e-02	3.984e-01	-7.354e-02
161999.50	-4.944e-03	3.754e-01	2.746e-01
162000.50	-1.910e-02	6.451e-01	-2.083e-01
162001.50	-1.392e-02	4.032e-01	3.485e-01
162002.50	-2.534e-02	6.950e-01	-2.650e-01
162003.50	-7.075e-02	7.258e-01	7.488e-01
162004.50	4.454e-02	-2.515e-02	-2.544e-01
162005.50	-2.563e-02	4.070e-01	2.832e-01
162006.50	-1.507e-02	6.749e-01	1.123e-01
162007.50	-7.286e-03	-1.642e-02	1.776e-01
162008.50	-1.920e-02	3.850e-01	-3.955e-01
162009.50	-1.834e-02	5.722e-01	-1.939e-02
162010.50	-1.296e-02	2.323e-01	1.162e-01
162011.50	-1.565e-02	3.149e-01	4.570e-02
162012.50	-1.469e-02	3.408e-01	-1.306e-01
162013.50	2.659e-03	4.810e-01	-6.058e-01
162014.50	-1.843e-02	2.362e-01	6.365e-01
162015.50	-1.536e-02	3.466e-01	-1.286e-01
162016.50	-1.258e-02	6.566e-02	1.747e-01
162017.50	-3.802e-03	1.939e-01	8.832e-02
162018.50	-6.566e-04	1.114e-01	-1.411e-01
162019.50	-1.133e-02	4.416e-01	-3.667e-01
162020.50	-7.978e-03	2.381e-01	2.342e-01
162021.50	-7.526e-03	1.440e-01	4.512e-01
162022.50	-2.170e-02	3.859e-01	-4.339e-02
162023.50	-9.062e-03	1.555e-01	8.726e-02
162024.50	2.448e-03	5.693e-02	-2.477e-01
162025.50	-1.891e-02	2.525e-01	2.131e-01
162026.50	8.554e-03	1.133e-01	-4.234e-02
162027.50	-8.746e-03	-4.406e-02	-1.718e-01
162028.50	-1.766e-02	4.406e-01	3.245e-02
162029.50	-7.690e-03	1.824e-01	-1.901e-04
162030.50	-3.504e-02	6.672e-01	-1.613e-01
162031.50	-6.470e-03	1.382e-01	3.619e-01
162032.50	-1.536e-02	2.746e-01	-4.493e-03
162033.50	2.083e-03	1.555e-01	2.006e-01
162034.50	-4.099e-03	1.709e-01	-6.730e-02
162035.50	1.478e-04	-9.600e-02	2.736e-01
162036.50	5.491e-03	-1.536e-01	5.270e-02
162037.50	-1.133e-02	3.360e-01	7.382e-03
162038.50	-1.306e-02	2.246e-01	2.986e-01
162039.50	5.242e-03	-1.046e-01	-7.421e-02
162040.50	-1.555e-02	3.782e-01	8.698e-02
162041.50	-7.958e-03	1.987e-01	-1.248e-01
162042.50	-1.162e-02	3.043e-01	-2.669e-01
162043.50	-1.517e-02	3.715e-01	-1.430e-01
162044.50	-1.152e-02	2.976e-01	1.613e-02
162045.50	-9.792e-03	2.064e-01	1.018e-01
162046.50	1.210e-04	5.606e-02	2.045e-01
162047.50	-2.294e-02	3.792e-01	1.555e-02
162048.50	1.181e-02	-2.803e-01	2.573e-01
162049.50	-8.352e-04	5.088e-02	-2.150e-01
162050.50	2.112e-03	-5.165e-02	-5.357e-03
162051.50	-1.997e-02	4.205e-01	8.381e-02
162052.50	-4.003e-03	2.141e-01	-2.256e-01
162053.50	4.579e-04	7.277e-02	-1.699e-01
162054.50	-2.650e-03	-7.258e-02	8.813e-02
162055.50	5.021e-03	-1.939e-01	5.232e-02
162056.50	-7.382e-03	1.853e-01	1.162e-01
162057.50	-7.267e-03	2.352e-01	-2.803e-02
162058.50	4.694e-03	-1.315e-01	-2.458e-01
162059.50	-1.478e-04	-4.742e-02	-4.906e-02
162060.50	2.726e-03	-4.483e-02	-1.392e-01
162061.50	-1.440e-02	3.437e-01	-1.824e-01
162062.50	6.048e-03	-1.334e-01	1.450e-01
162063.50	1.882e-02	-3.110e-01	-8.304e-02
162064.50	-3.283e-03	1.843e-01	1.709e-02
162065.50	9.600e-03	-3.475e-01	-2.602e-04
162066.50	-1.757e-02	3.187e-01	3.562e-01
162067.50	-5.309e-03	1.776e-01	9.197e-02
162068.50	-1.421e-02	1.277e-01	2.189e-01
162069.50	-1.594e-02	2.698e-01	-8.938e-02
162070.50	1.248e-02	8.736e-03	1.190e-02
162071.50	-1.430e-02	3.130e-01	7.354e-02
162072.50	-1.939e-03	7.910e-02	-1.286e-01
162073.50	-5.952e-03	1.997e-01	1.670e-01
162074.50	-7.382e-03	2.045e-01	-6.643e-03
162075.50	2.352e-03	-4.435e-02	-2.477e-01
162076.50	2.448e-03	-9.187e-02	1.709e-01
162077.50	-1.075e-02	1.843e-01	4.800e-02
162078.50	1.334e-03	3.485e-02	-4.493e-02
162079.50	-2.083e-03	2.602e-01	-6.739e-02
162080.50	-6.432e-03	1.123e-01	1.795e-01
162081.50	1.248e-03	-2.995e-02	2.938e-02
162082.50	-9.197e-03	-2.947e-02	-3.475e-02
162083.50	-4.445e-03	1.747e-01	-9.984e-03
162084.50	5.069e-03	-1.190e-01	5.683e-02
162085.50	1.114e-03	-3.648e-02	-1.334e-02
162086.50	-8.592e-03	2.390e-01	-2.323e-01
162087.50	5.616e-05	-7.440e-02	-4.781e-02
162088.50	-6.797e-03	1.699e-01	1.286e-01
162089.50	-2.784e-03	2.602e-02	1.354e-01
162090.50	9.888e-04	-1.718e-02	1.056e-01
162091.50	-1.488e-02	3.331e-01	-4.512e-02
162092.50	-6.000e-03	1.238e-01	2.438e-01
162093.50	9.350e-03	-1.978e-01	5.702e-02
162094.50	1.056e-02	-1.594e-01	-1.392e-01
162095.50	-7.594e-05	-7.171e-02	6.029e-02
162096.50	-6.538e-03	1.066e-01	8.400e-02
162097.50	-5.443e-03	1.027e-01	8.554e-02
162098.50	-6.595e-03	1.018e-01	-4.954e-02
162099.50	-4.214e-03	3.110e-02	-1.133e-01
162100.50	9.053e-04	-6.874e-02	-1.795e-01
162101.50	5.347e-04	2.803e-02	-6.691e-02
162102.50	3.379e-03	-4.416e-04	-3.149e-01
162103.50	-2.765e-04	1.152e-01	-1.824e-01
162104.50	2.784e-03	-9.187e-03	-1.565e-01
162105.50	-6.509e-04	-6.163e-02	3.696e-02
162106.50	-4.906e-03	9.984e-02	5.117e-02
162107.50	-9.888e-03	1.219e-01	1.565e-01
162108.50	-4.109e-03	5.606e-02	1.747e-01
162109.50	-8.630e-03	1.133e-01	-4.800e-02
162110.50	1.325e-02	-1.114e-01	5.088e-02
162111.50	-4.848e-04	1.958e-02	1.872e-01
162112.50	-3.341e-03	8.842e-02	9.187e-02
162113.50	-9.792e-03	1.594e-01	-2.170e-02
162114.50	-9.792e-04	-1.334e-01	-6.317e-02
162115.50	6.739e-04	2.938e-02	1.776e-01
162116.50	-3.206e-03	4.560e-02	-1.382e-01
162117.50	-9.792e-03	1.699e-01	-7.517e-02
162118.50	1.210e-02	-1.277e-01	-4.301e-02
162119.50	-3.485e-03	1.133e-01	6.922e-02
162120.50	-1.690e-03	-5.626e-02	-4.723e-02
162121.50	9.600e-03	-1.632e-01	-6.000e-03
162122.50	-6.691e-03	1.152e-01	1.056e-01
162123.50	-8.890e-03	6.528e-02	1.267e-01
162124.50	6.250e-04	7.632e-02	-5.866e-02
162125.50	9.888e-04	5.616e-02	5.184e-02
162126.50	6.442e-03	-1.142e-01	2.726e-01
162127.50	-3.379e-03	-1.546e-02	1.910e-02
162128.50	-4.013e-03	7.478e-02	-1.210e-01
162129.50	-9.139e-04	4.493e-02	-6.662e-02
162130.50	-1.661e-03	8.592e-02	-3.878e-02
162131.50	-8.909e-04	3.504e-02	3.398e-02
162132.50	-1.690e-03	6.720e-02	-2.458e-02
162133.50	5.731e-04	1.738e-02	-5.789e-02
162134.50	-2.534e-03	4.397e-02	-8.458e-02
162135.50	-6.720e-03	1.882e-01	-5.117e-02
162136.50	5.587e-03	-1.027e-01	-3.312e-02
162137.50	1.411e-03	-4.042e-02	-7.997e-02
162138.50	-3.744e-03	1.421e-01	1.891e-02
162139.50	-5.088e-03	1.325e-01	4.291e-02
162140.50	1.363e-02	-2.371e-01	-3.629e-02
162141.50	3.706e-04	-6.922e-03	-2.160e-01
162142.50	-1.325e-05	-1.334e-02	7.680e-03
162143.50	-5.741e-03	1.373e-01	-9.888e-02
162144.50	1.171e-03	1.306e-02	-4.186e-02
162145.50	-5.731e-03	9.561e-02	-4.493e-02
162146.50	4.512e-03	-4.704e-02	2.640e-03
162147.50	3.619e-03	-4.109e-02	-6.509e-02
162148.50	-7.315e-03	2.026e-01	8.563e-02
162149.50	-6.691e-03	4.627e-02	1.210e-01
162150.50	1.037e-03	-4.982e-02	1.536e-01
162151.50	-8.784e-03	1.133e-01	1.046e-01
162152.50	1.200e-04	-1.862e-02	-2.966e-02
162153.50	4.013e-03	-6.374e-02	-2.064e-02
162154.50	3.658e-03	-1.536e-01	1.594e-02
162155.50	-1.373e-03	-2.458e-02	1.066e-01
162156.50	-1.219e-03	2.717e-02	-4.694e-02
162157.50	4.925e-03	-5.059e-02	1.046e-02
162158.50	5.434e-05	-5.520e-02	-2.227e-02
162159.50	-3.850e-03	1.133e-01	1.066e-01
162160.50	-2.429e-04	-3.706e-02	2.448e-02
162161.50	-3.859e-03	7.680e-02	2.957e-03
162162.50	-1.555e-03	2.534e-02	-1.642e-02
162163.50	5.962e-03	-1.171e-01	-1.354e-02
162164.50	2.467e-03	-8.890e-03	-6.211e-02
162165.50	9.696e-03	-7.517e-02	-2.678e-02
162166.50	-3.024e-03	1.565e-01	1.805e-02
162167.50	-1.968e-03	4.666e-02	-4.138e-02
162168.50	2.208e-03	-6.768e-02	1.891e-02
162169.50	-7.987e-04	1.814e-02	5.011e-05
162170.50	-1.747e-04	-2.333e-03	-3.456e-02
162171.50	1.776e-03	-4.531e-02	3.158e-02
162172.50	-2.678e-03	-4.733e-02	-1.939e-02
162173.50	-9.888e-03	1.910e-01	5.626e-02
162174.50	-7.718e-03	1.594e-01	-7.459e-02
162175.50	8.765e-04	-4.042e-02	1.315e-02
162176.50	1.123e-03	-6.077e-03	4.570e-02
162177.50	-5.117e-03	8.755e-02	5.299e-03
162178.50	-3.168e-03	7.709e-02	7.229e-02
162179.50	6.230e-05	5.462e-02	-1.133e-02
162180.50	9.427e-03	-2.102e-01	-9.101e-02
162181.50	3.926e-03	-6.077e-02	-1.114e-02
162182.50	2.582e-03	-1.238e-02	1.046e-01
162183.50	6.346e-03	-7.536e-02	-9.696e-02
162184.50	1.421e-03	-4.541e-02	-2.285e-02
162185.50	3.178e-04	1.306e-04	7.862e-02
162186.50	1.382e-04	-3.274e-03	-5.549e-03
162187.50	-1.248e-02	1.334e-01	-4.589e-02
162188.50	-3.197e-03	1.699e-01	-8.630e-02
162189.50	-2.736e-03	3.360e-02	1.334e-01
162190.50	3.984e-03	-1.066e-01	-1.133e-01
162191.50	-6.432e-03	8.352e-02	1.469e-02
162192.50	-1.046e-04	2.909e-04	1.267e-01
162193.50	-1.296e-04	6.643e-02	-1.594e-01
162194.50	-5.040e-03	5.875e-02	-5.626e-02
162195.50	2.659e-03	-5.213e-02	-2.314e-02
162196.50	-7.574e-04	3.110e-03	7.027e-02
162197.50	-7.392e-04	-9.331e-02	6.298e-02
162198.50	4.397e-03	-9.984e-02	5.366e-02
162199.50	1.555e-03	-2.707e-02	-1.229e-02
162200.50	9.792e-04	7.440e-03	-6.374e-02
162201.50	5.021e-03	-1.238e-01	3.494e-02
162202.50	7.315e-04	-8.890e-02	-3.869e-02
162203.50	1.200e-03	-4.454e-02	1.430e-02
162204.50	1.171e-05	6.634e-03	-4.301e-02
162205.50	8.160e-04	-4.416e-02	-4.243e-02
162206.50	-9.600e-04	2.006e-02	5.424e-03
162207.50	3.533e-04	4.406e-02	8.899e-02
162208.50	5.597e-03	-1.027e-02	3.667e-02
162209.50	2.957e-03	4.608e-02	-4.502e-02
162210.50	-1.114e-03	4.234e-02	-1.210e-02
162211.50	-1.133e-02	1.123e-01	2.602e-02
162212.50	-6.086e-03	1.382e-01	-1.267e-03
162213.50	1.008e-03	-5.846e-02	3.197e-02
162214.50	-9.360e-04	8.304e-03	-4.675e-02
162215.50	4.435e-03	-8.170e-03	-1.277e-02
162216.50	3.763e-03	-2.198e-02	-1.728e-03
162217.50	5.050e-04	2.890e-03	-5.434e-02
162218.50	-3.360e-03	7.133e-03	-1.574e-03
162219.50	-1.459e-03	4.253e-02	-4.704e-02
162220.50	-5.520e-03	9.792e-02	1.018e-01
162221.50	7.296e-03	-1.123e-01	1.757e-02
162222.50	-1.315e-03	2.102e-02	-1.699e-02
162223.50	-1.152e-02	6.518e-02	7.267e-02
162224.50	1.958e-03	5.203e-02	-1.152e-02
162225.50	5.290e-03	-2.822e-02	-6.566e-02
162226.50	5.414e-03	-1.565e-01	-3.475e-02
162227.50	-9.600e-03	7.402e-02	1.056e-01
162228.50	1.421e-03	3.245e-02	1.133e-02
162229.50	-1.824e-03	4.166e-02	-1.344e-01
162230.50	-4.742e-03	2.784e-02	-2.525e-02
162231.50	-1.507e-03	-2.909e-02	-3.658e-02
162232.50	3.629e-03	-4.579e-02	-2.323e-02
162233.50	-2.534e-03	-8.246e-02	1.171e-01
162234.50	2.170e-03	1.133e-02	-1.056e-03
162235.50	8.410e-03	-3.677e-02	-6.682e-02
162236.50	-4.925e-03	2.371e-02	-1.008e-01
162237.50	1.267e-03	-4.301e-02	-8.064e-03
162238.50	2.640e-03	-1.987e-04	-4.723e-02
162239.50	2.717e-03	-9.091e-03	-4.166e-02
162240.50	-1.411e-03	5.107e-02	7.862e-02
162241.50	-9.792e-05	-3.850e-02	6.922e-02
162242.50	-3.763e-03	6.643e-02	2.160e-02
162243.50	4.176e-03	-5.990e-02	-2.016e-02
162244.50	3.965e-03	-4.464e-02	3.965e-02
162245.50	-1.114e-04	-9.792e-03	-7.296e-02
162246.50	9.523e-04	-7.018e-02	1.507e-02
162247.50	1.680e-03	-8.976e-02	5.232e-02
162248.50	-7.056e-03	7.651e-02	2.285e-02
162249.50	8.362e-04	-3.917e-02	3.466e-02
162250.50	3.830e-03	-7.411e-02	-2.122e-02
162251.50	1.258e-03	3.120e-02	-1.200e-02
162252.50	-1.699e-03	1.402e-01	-1.920e-02
162253.50	-3.322e-03	4.973e-02	-6.826e-02
162254.50	-4.330e-03	5.722e-02	6.710e-02
162255.50	-7.373e-03	7.517e-02	1.238e-01
162256.50	-1.565e-03	1.469e-02	7.517e-03
162257.50	9.792e-03	-2.688e-02	4.454e-02
162258.50	-1.094e-02	6.346e-02	-5.453e-02
162259.50	-1.891e-03	3.168e-02	2.698e-02
162260.50	-4.877e-03	6.778e-02	3.216e-02
162261.50	1.056e-03	1.766e-02	-9.053e-02
162262.50	-6.970e-04	5.520e-02	-5.712e-02
162263.50	1.738e-03	2.429e-02	1.085e-02
162264.50	1.987e-03	-2.314e-02	-3.485e-02
162265.50	5.155e-04	-7.248e-02	6.058e-03
162266.50	-3.514e-03	2.995e-02	-3.917e-02
162267.50	5.731e-04	2.976e-02	-8.198e-03
162268.50	7.910e-03	-3.648e-02	-5.760e-02
162269.50	2.899e-03	-4.022e-02	-2.179e-02
162270.50	8.467e-04	-7.862e-02	3.456e-02
162271.50	-2.928e-03	5.232e-02	6.586e-02
162272.50	-5.894e-03	1.027e-01	-1.104e-01
162273.50	1.229e-03	-2.294e-02	1.402e-02
162274.50	1.133e-03	3.101e-03	6.614e-02
162275.50	-1.421e-03	1.133e-02	1.440e-01
162276.50	-3.840e-03	5.434e-02	6.355e-02
162277.50	4.205e-03	-8.198e-02	4.262e-03
162278.50	-3.677e-03	5.674e-02	-1.171e-01
162279.50	-1.613e-04	4.483e-02	-4.618e-02
