161681.50	0.000e+00	0.000e+00	0.000e+00
161682.50	0.000e+00	0.000e+00	0.000e+00
161683.50	0.000e+00	0.000e+00	0.000e+00
161684.50	0.000e+00	0.000e+00	0.000e+00
161685.50	0.000e+00	0.000e+00	0.000e+00
161686.50	0.000e+00	0.000e+00	0.000e+00
161687.50	0.000e+00	0.000e+00	0.000e+00
161688.50	0.000e+00	0.000e+00	0.000e+00
161689.50	0.000e+00	0.000e+00	0.000e+00
161690.50	0.000e+00	0.000e+00	0.000e+00
161691.50	0.000e+00	0.000e+00	0.000e+00
161692.50	0.000e+00	0.000e+00	0.000e+00
161693.50	0.000e+00	0.000e+00	0.000e+00
161694.50	0.000e+00	0.000e+00	0.000e+00
161695.50	0.000e+00	0.000e+00	0.000e+00
161696.50	0.000e+00	0.000e+00	0.000e+00
161697.50	0.000e+00	0.000e+00	0.000e+00
161698.50	0.000e+00	0.000e+00	0.000e+00
161699.50	0.000e+00	0.000e+00	0.000e+00
161700.50	0.000e+00	0.000e+00	0.000e+00
161701.50	0.000e+00	0.000e+00	0.000e+00
161702.50	0.000e+00	0.000e+00	0.000e+00
161703.50	0.000e+00	0.000e+00	0.000e+00
161704.50	0.000e+00	0.000e+00	0.000e+00
161705.50	0.000e+00	0.000e+00	0.000e+00
161706.50	0.000e+00	0.000e+00	0.000e+00
161707.50	0.000e+00	0.000e+00	0.000e+00
161708.50	0.000e+00	0.000e+00	0.000e+00
161709.50	0.000e+00	0.000e+00	0.000e+00
161710.50	0.000e+00	0.000e+00	0.000e+00
161711.50	0.000e+00	0.000e+00	0.000e+00
161712.50	0.000e+00	0.000e+00	0.000e+00
161713.50	0.000e+00	0.000e+00	0.000e+00
161714.50	0.000e+00	0.000e+00	0.000e+00
161715.50	0.000e+00	0.000e+00	0.000e+00
161716.50	0.000e+00	0.000e+00	0.000e+00
161717.50	0.000e+00	0.000e+00	0.000e+00
161718.50	0.000e+00	0.000e+00	0.000e+00
161719.50	0.000e+00	0.000e+00	0.000e+00
161720.50	0.000e+00	0.000e+00	0.000e+00
161721.50	0.000e+00	0.000e+00	0.000e+00
161722.50	0.000e+00	0.000e+00	0.000e+00
161723.50	0.000e+00	0.000e+00	0.000e+00
161724.50	0.000e+00	0.000e+00	0.000e+00
161725.50	0.000e+00	0.000e+00	0.000e+00
161726.50	0.000e+00	0.000e+00	0.000e+00
161727.50	0.000e+00	0.000e+00	0.000e+00
161728.50	0.000e+00	0.000e+00	0.000e+00
161729.50	0.000e+00	0.000e+00	0.000e+00
161730.50	0.000e+00	0.000e+00	0.000e+00
161731.50	0.000e+00	0.000e+00	0.000e+00
161732.50	0.000e+00	0.000e+00	0.000e+00
161733.50	0.000e+00	0.000e+00	0.000e+00
161734.50	0.000e+00	0.000e+00	0.000e+00
161735.50	0.000e+00	0.000e+00	0.000e+00
161736.50	0.000e+00	0.000e+00	0.000e+00
161737.50	0.000e+00	0.000e+00	0.000e+00
161738.50	0.000e+00	0.000e+00	0.000e+00
161739.50	0.000e+00	0.000e+00	0.000e+00
161740.50	0.000e+00	0.000e+00	0.000e+00
161741.50	0.000e+00	0.000e+00	0.000e+00
161742.50	0.000e+00	0.000e+00	0.000e+00
161743.50	0.000e+00	0.000e+00	0.000e+00
161744.50	0.000e+00	0.000e+00	0.000e+00
161745.50	0.000e+00	0.000e+00	0.000e+00
161746.50	0.000e+00	0.000e+00	0.000e+00
161747.50	0.000e+00	0.000e+00	0.000e+00
161748.50	0.000e+00	0.000e+00	0.000e+00
161749.50	0.000e+00	0.000e+00	0.000e+00
161750.50	0.000e+00	0.000e+00	0.000e+00
161751.50	0.000e+00	0.000e+00	0.000e+00
161752.50	0.000e+00	0.000e+00	0.000e+00
161753.50	0.000e+00	0.000e+00	0.000e+00
161754.50	0.000e+00	0.000e+00	0.000e+00
161755.50	0.000e+00	0.000e+00	0.000e+00
161756.50	0.000e+00	0.000e+00	0.000e+00
161757.50	0.000e+00	0.000e+00	0.000e+00
161758.50	0.000e+00	0.000e+00	0.000e+00
161759.50	0.000e+00	0.000e+00	0.000e+00
161760.50	0.000e+00	0.000e+00	0.000e+00
161761.50	0.000e+00	0.000e+00	0.000e+00
161762.50	0.000e+00	0.000e+00	0.000e+00
161763.50	0.000e+00	0.000e+00	0.000e+00
161764.50	0.000e+00	0.000e+00	0.000e+00
161765.50	0.000e+00	0.000e+00	0.000e+00
161766.50	0.000e+00	0.000e+00	0.000e+00
161767.50	0.000e+00	0.000e+00	0.000e+00
161768.50	0.000e+00	0.000e+00	0.000e+00
161769.50	0.000e+00	0.000e+00	0.000e+00
161770.50	0.000e+00	0.000e+00	0.000e+00
161771.50	0.000e+00	0.000e+00	0.000e+00
161772.50	0.000e+00	0.000e+00	0.000e+00
161773.50	0.000e+00	0.000e+00	0.000e+00
161774.50	0.000e+00	0.000e+00	0.000e+00
161775.50	0.000e+00	0.000e+00	0.000e+00
161776.50	0.000e+00	0.000e+00	0.000e+00
161777.50	0.000e+00	0.000e+00	0.000e+00
161778.50	0.000e+00	0.000e+00	0.000e+00
161779.50	0.000e+00	0.000e+00	0.000e+00
161780.50	0.000e+00	0.000e+00	0.000e+00
161781.50	0.000e+00	0.000e+00	0.000e+00
161782.50	0.000e+00	0.000e+00	0.000e+00
161783.50	0.000e+00	0.000e+00	0.000e+00
161784.50	0.000e+00	0.000e+00	0.000e+00
161785.50	0.000e+00	0.000e+00	0.000e+00
161786.50	0.000e+00	0.000e+00	0.000e+00
161787.50	0.000e+00	0.000e+00	0.000e+00
161788.50	6.653e-06	-2.822e-03	2.294e-04
161789.50	1.008e-05	3.245e-03	-1.248e-03
161790.50	-4.061e-05	-1.315e-03	2.832e-03
161791.50	-4.339e-06	-5.914e-04	4.992e-04
161792.50	-1.142e-05	1.699e-03	2.717e-04
161793.50	3.523e-05	2.986e-03	-4.426e-03
161794.50	-1.411e-04	1.037e-03	4.445e-03
161795.50	1.459e-04	1.814e-03	4.954e-03
161796.50	8.678e-05	-1.718e-02	-3.427e-03
161797.50	4.502e-04	4.013e-03	-1.843e-02
161798.50	-6.691e-04	2.458e-02	1.037e-02
161799.50	-1.546e-03	-1.142e-02	8.170e-02
161800.50	1.152e-03	-3.254e-02	-4.646e-02
161801.50	2.122e-04	-1.018e-02	-9.696e-03
161802.50	4.541e-03	-2.544e-01	-1.162e-01
161803.50	-3.034e-03	1.219e-01	1.306e-01
161804.50	-2.822e-03	5.808e-02	1.238e-01
161805.50	2.064e-03	-1.229e-01	-6.259e-02
161806.50	3.053e-03	3.427e-02	-1.421e-01
161807.50	3.984e-03	-5.539e-01	-8.870e-02
161808.50	6.086e-03	-1.882e+00	1.901e-01
161809.50	2.323e-02	-5.731e+00	4.694e-01
161810.50	1.133e-01	-2.352e+01	-6.413e-02
161811.50	3.648e-01	-6.883e+01	-2.966e+00
161812.50	8.467e-01	-1.670e+02	-6.355e+00
161813.50	1.382e+00	-3.206e+02	2.438e+00
161814.50	1.517e+00	-3.418e+02	-2.621e+00
161815.50	1.766e+00	-3.926e+02	-7.248e+00
161816.50	1.325e+00	-3.043e+02	-4.262e+00
161817.50	1.901e-01	-1.930e+01	-7.632e+00
161818.50	-5.232e-01	1.114e+02	7.690e+00
161819.50	-5.568e-01	1.373e+02	2.218e+00
161820.50	-4.723e-01	1.258e+02	-3.523e-01
161821.50	-4.858e-01	1.104e+02	2.899e+00
161822.50	-2.659e-01	9.475e+01	-8.938e+00
161823.50	-3.907e-01	8.362e+01	4.378e+00
161824.50	-3.859e-01	7.603e+01	4.896e+00
161825.50	-2.976e-01	6.797e+01	1.776e+00
161826.50	-2.515e-01	5.962e+01	-5.482e-01
161827.50	-1.411e-01	5.165e+01	-6.326e+00
161828.50	-2.093e-01	5.078e+01	-5.578e-01
161829.50	-2.304e-01	4.896e+01	5.866e-01
161830.50	-2.016e-01	4.195e+01	1.622e+00
161831.50	-1.661e-01	3.715e+01	2.947e-01
161832.50	-1.450e-01	3.293e+01	1.085e-02
161833.50	-2.045e-01	3.264e+01	4.656e+00
161834.50	-1.843e-01	2.870e+01	3.754e+00
161835.50	-1.152e-01	2.611e+01	1.574e-02
161836.50	-1.056e-01	2.371e+01	-6.365e-01
161837.50	-9.600e-02	2.102e+01	2.314e-01
161838.50	-6.355e-02	1.910e+01	-1.882e+00
161839.50	-8.198e-02	1.987e+01	-2.112e-01
161840.50	-7.747e-02	2.054e+01	-9.456e-01
161841.50	-1.037e-01	1.910e+01	1.632e+00
161842.50	-1.046e-01	1.613e+01	1.776e+00
161843.50	-9.082e-02	1.421e+01	1.747e+00
161844.50	-7.286e-02	1.718e+01	-8.218e-01
161845.50	-4.800e-02	1.478e+01	-1.258e+00
161846.50	-5.395e-02	1.133e+01	2.141e-01
161847.50	-7.066e-02	1.142e+01	5.318e-01
161848.50	-5.885e-02	1.046e+01	6.355e-02
161849.50	-2.822e-02	7.901e+00	-5.472e-01
161850.50	-5.117e-02	1.142e+01	-3.782e-01
161851.50	-5.942e-02	9.552e+00	1.344e+00
161852.50	-6.442e-02	9.130e+00	1.565e+00
161853.50	-4.512e-02	8.285e+00	6.298e-01
161854.50	-4.810e-02	7.824e+00	1.152e+00
161855.50	-4.051e-02	7.757e+00	1.133e-01
161856.50	-5.299e-02	6.499e+00	9.792e-01
161857.50	-5.059e-02	6.480e+00	1.421e+00
161858.50	-5.328e-02	6.154e+00	5.510e-01
161859.50	-2.006e-02	6.701e+00	-8.582e-01
161860.50	-1.834e-02	5.779e+00	-4.954e-01
161861.50	-1.757e-02	3.763e+00	3.677e-02
161862.50	-2.006e-02	3.235e+00	5.405e-01
161863.50	-3.408e-02	5.645e+00	5.568e-01
161864.50	-8.966e-03	4.752e+00	-1.046e+00
161865.50	-2.563e-02	4.954e+00	3.350e-01
161866.50	-3.619e-02	4.214e+00	7.613e-01
161867.50	-1.910e-02	4.109e+00	-4.090e-01
161868.50	-1.354e-02	2.986e+00	1.306e-01
161869.50	-1.603e-02	3.984e+00	2.698e-01
161870.50	-4.637e-02	4.310e+00	1.603e+00
161871.50	-1.843e-02	3.312e+00	-1.978e-01
161872.50	-1.968e-02	2.534e+00	-4.195e-02
161873.50	-8.630e-03	2.035e+00	-4.867e-02
161874.50	-3.034e-02	3.629e+00	2.678e-01
161875.50	-2.304e-02	2.198e+00	6.902e-01
161876.50	-2.534e-02	2.352e+00	4.128e-01
161877.50	-1.238e-02	1.805e+00	-3.024e-01
161878.50	-5.395e-03	1.661e+00	-4.282e-01
161879.50	-1.075e-02	2.534e+00	1.728e-01
161880.50	-1.766e-03	1.978e+00	-8.966e-01
161881.50	-1.920e-03	1.075e+00	4.637e-01
161882.50	-9.600e-03	2.410e+00	-6.010e-01
161883.50	-3.005e-02	2.707e+00	5.347e-01
161884.50	-3.974e-03	1.622e+00	-3.946e-02
161885.50	7.987e-04	1.853e+00	-6.643e-01
161886.50	1.440e-03	1.968e+00	-8.678e-01
161887.50	-1.373e-02	9.696e-01	9.226e-01
161888.50	-7.603e-03	1.133e+00	1.795e-01
161889.50	-1.440e-02	8.669e-01	5.856e-01
161890.50	-1.142e-02	9.792e-01	-1.632e-01
161891.50	-7.565e-03	8.112e-01	-1.123e-01
161892.50	-1.354e-02	1.622e+00	4.579e-01
161893.50	-5.328e-03	1.862e+00	-3.216e-01
161894.50	-8.736e-03	1.123e+00	2.736e-01
161895.50	-1.133e-02	1.200e+00	-1.450e-01
161896.50	-4.714e-03	7.440e-01	2.880e-01
161897.50	-1.123e-02	8.534e-01	5.482e-01
161898.50	2.467e-02	1.037e+00	-5.011e-01
161899.50	-4.464e-03	8.429e-01	-8.707e-02
161900.50	-6.211e-03	5.885e-01	2.506e-01
161901.50	-8.285e-03	7.632e-01	3.840e-01
161902.50	-1.306e-06	7.718e-01	-4.282e-01
161903.50	7.920e-04	6.211e-01	-2.736e-01
161904.50	8.410e-03	2.832e-02	-7.133e-01
161905.50	-6.739e-03	4.982e-01	6.298e-01
161906.50	-4.627e-04	1.258e+00	-4.416e-02
161907.50	-7.613e-03	9.571e-01	2.218e-01
161908.50	3.658e-04	1.958e-01	-1.651e-01
161909.50	-4.944e-03	1.075e+00	-3.053e-01
161910.50	-2.131e-03	5.606e-01	2.419e-02
161911.50	9.235e-04	-9.792e-02	-4.973e-02
161912.50	-6.845e-04	5.098e-01	-7.718e-02
161913.50	-1.680e-02	1.056e+00	4.406e-01
161914.50	-7.334e-03	3.581e-01	3.101e-01
161915.50	1.459e-03	9.149e-02	-1.882e-03
161916.50	-1.085e-02	6.470e-01	-6.883e-02
161917.50	-2.131e-03	4.752e-01	-9.888e-02
161918.50	-7.814e-04	3.734e-01	-8.534e-02
161919.50	-4.051e-03	3.888e-01	3.120e-01
161920.50	9.216e-04	4.762e-01	-1.133e-01
161921.50	2.995e-03	3.398e-01	-1.133e-01
161922.50	-2.314e-03	3.811e-01	-1.872e-01
161923.50	-4.694e-04	1.718e-01	-2.246e-01
161924.50	1.949e-05	7.114e-01	-1.459e-01
161925.50	-3.206e-03	4.867e-01	7.373e-02
161926.50	-2.957e-03	4.339e-01	2.861e-01
161927.50	2.986e-04	-3.360e-01	1.104e-01
161928.50	-4.330e-03	2.189e-01	1.738e-02
161929.50	-4.886e-03	2.986e-01	3.926e-02
161930.50	5.174e-03	2.170e-01	-5.203e-02
161931.50	-1.190e-03	6.211e-01	-1.824e-01
161932.50	-6.240e-05	3.629e-01	2.237e-01
161933.50	-1.603e-03	1.690e-01	4.781e-02
161934.50	6.240e-03	3.523e-01	-2.554e-01
161935.50	-1.008e-02	4.656e-02	8.266e-02
161936.50	-6.355e-03	6.384e-01	2.390e-01
161937.50	1.814e-03	-4.166e-02	-2.602e-01
161938.50	-3.965e-03	-1.958e-01	1.555e-01
161939.50	-1.018e-03	3.523e-01	-6.730e-02
161940.50	-1.066e-02	3.168e-01	2.093e-01
161941.50	-6.941e-03	1.440e-01	-3.130e-01
161942.50	1.901e-03	-2.304e-01	-1.766e-02
161943.50	-8.947e-03	3.562e-02	2.774e-01
161944.50	-1.248e-03	4.531e-01	2.755e-02
161945.50	2.822e-03	6.422e-01	-2.477e-02
161946.50	3.379e-03	3.043e-01	1.824e-01
161947.50	-8.275e-03	2.870e-01	2.621e-01
161948.50	-3.158e-03	1.757e-01	-2.909e-01
161949.50	-3.139e-03	-5.107e-02	7.306e-02
161950.50	-1.642e-03	2.026e-01	1.046e-01
161951.50	-2.938e-03	9.043e-02	1.094e-01
161952.50	-3.859e-04	1.997e-02	-1.862e-01
161953.50	2.429e-04	9.888e-02	-2.784e-02
161954.50	-7.901e-03	1.018e-01	1.517e-01
161955.50	7.354e-03	1.680e-01	-2.122e-01
161956.50	-4.934e-03	7.056e-02	1.507e-01
161957.50	1.354e-03	2.534e-01	3.859e-03
161958.50	-1.267e-03	-5.414e-02	5.222e-02
161959.50	1.987e-03	-7.488e-02	-6.893e-02
161960.50	-8.842e-03	3.427e-01	1.958e-01
161961.50	3.696e-03	2.966e-01	-1.238e-01
161962.50	-1.565e-02	1.325e-02	1.795e-01
161963.50	2.496e-03	-6.941e-03	-1.805e-01
161964.50	5.261e-03	-3.706e-02	-1.882e-01
161965.50	9.984e-04	8.554e-02	-3.312e-02
161966.50	2.554e-03	2.630e-01	-2.064e-01
161967.50	-7.075e-04	3.139e-02	1.728e-01
161968.50	-3.725e-03	5.846e-03	2.640e-01
161969.50	-3.821e-03	1.738e-01	1.094e-01
161970.50	-2.141e-03	3.360e-01	-3.389e-02
161971.50	2.064e-03	6.192e-02	-3.792e-01
161972.50	2.458e-04	7.382e-02	-1.517e-01
161973.50	-3.072e-03	-2.198e-01	2.630e-01
161974.50	-8.266e-04	2.362e-01	1.354e-02
161975.50	1.392e-03	-3.475e-02	8.496e-02
161976.50	-5.203e-03	-7.181e-02	3.264e-01
161977.50	-1.958e-03	-1.123e-01	3.552e-02
161978.50	-2.371e-03	3.168e-01	-1.430e-01
161979.50	-1.613e-03	3.610e-01	-3.312e-02
161980.50	6.202e-03	-5.501e-02	-1.219e-02
161981.50	5.750e-04	7.133e-02	1.066e-02
161982.50	-4.531e-03	4.406e-02	2.237e-02
161983.50	-1.594e-03	1.363e-01	-9.437e-02
161984.50	-2.707e-03	3.600e-01	-5.242e-02
161985.50	-8.515e-04	-1.440e-01	-2.842e-02
161986.50	5.069e-03	1.987e-01	-7.680e-02
161987.50	6.528e-03	-7.430e-02	-2.506e-02
161988.50	-4.771e-04	-1.152e-01	6.547e-03
161989.50	-5.875e-03	7.872e-02	1.046e-01
161990.50	6.115e-04	7.162e-02	-1.968e-01
161991.50	-1.114e-03	-8.736e-02	1.670e-01
161992.50	2.496e-03	-1.008e-01	1.411e-01
161993.50	-3.466e-03	3.034e-01	2.381e-02
161994.50	-6.058e-03	1.008e-01	1.248e-01
161995.50	3.072e-03	1.507e-01	-1.478e-01
161996.50	2.803e-03	-6.307e-02	-1.882e-01
161997.50	-2.227e-03	-1.133e-01	6.365e-02
161998.50	-2.554e-03	1.325e-01	1.085e-01
161999.50	-2.602e-03	8.074e-02	1.882e-01
162000.50	-1.430e-03	2.333e-01	1.027e-01
162001.50	1.200e-03	-2.928e-01	9.370e-03
162002.50	-1.987e-03	-1.526e-01	1.632e-01
162003.50	-6.259e-03	2.026e-01	5.654e-02
162004.50	-2.813e-03	2.390e-01	4.685e-02
162005.50	1.776e-03	1.814e-01	2.342e-02
162006.50	5.040e-04	9.494e-02	-1.018e-02
162007.50	1.824e-03	7.536e-02	-1.517e-01
162008.50	-4.685e-04	-1.286e-01	6.605e-02
162009.50	-4.224e-04	2.918e-01	-2.150e-02
162010.50	-1.325e-03	1.613e-01	-6.826e-02
162011.50	1.440e-04	-1.085e-01	-7.085e-02
162012.50	-2.093e-03	-8.208e-02	2.026e-01
162013.50	-1.814e-03	-2.266e-02	1.661e-01
162014.50	8.717e-04	-3.850e-02	-7.805e-03
162015.50	1.728e-03	1.939e-01	-1.114e-01
162016.50	4.877e-03	-1.037e-01	-1.670e-02
162017.50	-2.486e-04	8.477e-02	1.613e-01
162018.50	-3.965e-03	5.098e-02	9.120e-02
162019.50	1.651e-03	-5.635e-02	-7.565e-02
162020.50	3.139e-02	5.837e-02	2.390e-01
162021.50	-4.109e-02	2.717e-01	-3.485e-01
162022.50	-1.181e-02	7.949e-02	-2.707e-02
162023.50	-3.110e-02	-2.237e-01	-5.654e-03
162024.50	1.757e-02	-3.974e-01	1.757e-01
162025.50	8.899e-03	-1.219e-01	-5.405e-02
162026.50	1.344e-02	2.218e-01	3.014e-02
162027.50	-3.878e-03	7.565e-02	-1.910e-01
162028.50	1.248e-02	-2.976e-02	4.896e-02
162029.50	1.709e-02	1.094e-01	4.925e-02
162030.50	-3.898e-03	1.296e-01	3.744e-02
162031.50	-6.701e-03	8.899e-02	4.973e-03
162032.50	-5.654e-03	5.146e-02	-5.741e-02
162033.50	2.842e-03	-1.056e-01	-8.957e-02
162034.50	-5.011e-03	-6.691e-02	2.602e-01
162035.50	4.022e-03	6.250e-02	6.768e-02
162036.50	6.144e-04	1.008e-01	-9.792e-02
162037.50	2.592e-03	1.363e-03	-6.106e-02
162038.50	-8.323e-03	-7.210e-03	1.152e-01
162039.50	6.797e-03	2.842e-01	-3.686e-02
162040.50	4.426e-03	7.786e-02	-6.470e-02
162041.50	-1.920e-03	-3.792e-02	-8.928e-02
162042.50	-1.238e-03	6.893e-02	3.734e-02
162043.50	-2.899e-03	-8.899e-02	1.603e-01
162044.50	-4.358e-03	9.984e-04	-5.885e-02
162045.50	2.698e-03	2.525e-02	-4.963e-02
162046.50	-1.930e-03	-4.531e-02	3.014e-03
162047.50	7.507e-03	-4.013e-02	-7.344e-02
162048.50	-5.357e-03	-3.533e-02	8.371e-02
162049.50	-2.592e-03	-7.872e-02	-1.363e-02
162050.50	-1.795e-03	1.306e-01	7.229e-02
162051.50	-3.830e-03	-6.864e-02	-1.968e-02
162052.50	-1.526e-03	1.066e-01	-1.306e-02
162053.50	4.723e-03	-1.133e-02	-1.085e-01
162054.50	-2.026e-03	1.066e-01	-1.978e-02
162055.50	3.168e-03	-2.390e-02	-2.035e-01
162056.50	-3.648e-03	-7.546e-04	9.696e-02
162057.50	2.957e-03	-4.781e-02	1.104e-03
162058.50	7.402e-04	-2.630e-02	-6.950e-02
162059.50	1.834e-03	-3.706e-02	4.080e-02
162060.50	4.138e-03	3.120e-04	-9.206e-02
162061.50	-3.466e-03	6.374e-02	7.037e-02
162062.50	2.323e-03	-6.211e-02	1.747e-01
162063.50	-8.794e-03	-2.515e-02	2.237e-02
162064.50	-7.786e-04	-1.171e-01	-1.459e-01
162065.50	8.995e-03	-1.507e-02	1.152e-01
162066.50	1.680e-02	2.890e-01	2.256e-02
162067.50	1.814e-02	-1.872e-02	-1.862e-01
162068.50	2.851e-03	6.470e-02	-4.694e-02
162069.50	1.392e-02	-1.315e-01	-2.410e-01
162070.50	-2.074e-02	-2.122e-02	2.064e-01
162071.50	-4.099e-02	-1.603e-01	2.477e-01
162072.50	7.382e-04	1.421e-02	-3.302e-02
162073.50	-2.582e-04	7.776e-02	1.651e-02
162074.50	3.888e-03	-1.430e-01	-1.142e-01
162075.50	2.918e-03	1.690e-01	-5.078e-02
162076.50	3.101e-03	1.046e-01	-4.694e-03
162077.50	1.296e-03	3.360e-02	-4.214e-02
162078.50	-4.550e-03	8.352e-02	-6.384e-03
162079.50	-2.054e-03	-5.126e-02	5.126e-02
162080.50	-4.896e-04	2.026e-02	2.160e-02
162081.50	-4.061e-03	-1.094e-01	6.739e-02
162082.50	-2.333e-03	8.477e-02	1.018e-01
162083.50	3.706e-04	7.574e-02	5.318e-02
162084.50	-9.283e-04	1.930e-02	-6.077e-02
162085.50	-1.238e-04	-8.880e-02	-1.411e-02
162086.50	-9.283e-04	-4.291e-02	3.149e-02
162087.50	3.024e-04	-9.792e-02	9.283e-02
162088.50	2.122e-03	-3.341e-04	-1.373e-01
162089.50	-5.885e-04	6.854e-02	-1.555e-01
162090.50	1.056e-03	1.766e-01	-2.304e-02
162091.50	-1.594e-03	-1.008e-01	1.517e-01
162092.50	5.962e-03	-5.213e-02	-5.232e-02
162093.50	6.106e-04	-3.331e-02	-5.069e-03
162094.50	1.747e-02	1.853e-02	1.123e-01
162095.50	-1.930e-02	3.610e-03	-1.219e-01
162096.50	2.429e-03	-1.622e-02	-1.200e-01
162097.50	-1.872e-03	4.819e-02	-4.109e-02
162098.50	-3.859e-03	-2.102e-02	4.704e-02
162099.50	1.411e-03	-4.310e-02	4.310e-02
162100.50	-7.997e-04	1.027e-01	1.315e-02
162101.50	8.016e-04	-1.363e-02	-2.198e-01
162102.50	-4.848e-04	2.774e-02	7.786e-02
162103.50	-2.650e-03	-8.208e-03	5.875e-02
162104.50	1.258e-03	-2.122e-02	-5.808e-02
162105.50	4.253e-04	5.712e-02	4.272e-02
162106.50	-4.080e-04	-2.304e-02	8.054e-02
162107.50	-3.206e-03	4.992e-02	1.939e-02
162108.50	2.410e-03	-5.578e-02	-6.864e-02
162109.50	-2.650e-04	6.854e-02	-1.344e-02
162110.50	-4.070e-03	-3.725e-02	5.616e-02
162111.50	1.459e-03	4.694e-03	2.419e-02
162112.50	2.362e-03	-9.561e-03	1.258e-02
162113.50	1.027e-03	7.181e-02	4.022e-02
162114.50	-8.669e-04	-9.792e-02	1.459e-02
162115.50	1.517e-05	2.266e-02	-7.747e-02
162116.50	1.402e-04	4.502e-02	8.429e-02
162117.50	6.557e-04	1.680e-01	-5.338e-02
162118.50	-6.557e-04	-4.838e-02	2.554e-02
162119.50	-1.382e-03	2.794e-02	9.523e-02
162120.50	2.726e-03	-1.066e-01	6.058e-03
162121.50	-7.594e-04	-3.389e-02	7.354e-02
162122.50	-1.430e-03	-4.358e-02	2.045e-02
162123.50	2.678e-04	-1.229e-01	-1.997e-02
162124.50	1.382e-04	1.248e-01	-1.123e-01
162125.50	8.669e-04	1.075e-01	-9.696e-02
162126.50	2.746e-04	-2.419e-02	1.843e-02
162127.50	1.210e-03	6.758e-02	-2.899e-02
162128.50	2.842e-03	-5.808e-02	-4.186e-02
162129.50	-1.642e-03	9.984e-03	1.814e-02
162130.50	-3.014e-03	1.507e-01	2.707e-02
162131.50	-7.834e-04	9.696e-02	-1.027e-01
162132.50	1.498e-04	1.565e-02	3.139e-02
162133.50	3.437e-03	-1.382e-01	-5.059e-02
162134.50	-9.408e-04	-6.173e-02	-1.142e-02
162135.50	5.616e-04	2.006e-02	-2.016e-02
162136.50	1.949e-04	4.042e-03	4.320e-02
162137.50	-6.058e-04	8.198e-03	1.632e-02
162138.50	-1.392e-03	4.128e-02	1.066e-02
162139.50	1.104e-03	1.565e-02	7.200e-02
162140.50	-3.350e-04	1.517e-02	7.594e-02
162141.50	-1.594e-03	6.326e-02	1.786e-02
162142.50	-1.085e-03	7.565e-03	2.429e-02
162143.50	1.786e-03	-9.235e-03	-1.603e-01
162144.50	5.136e-03	1.392e-02	1.738e-02
162145.50	2.333e-03	1.690e-02	-8.438e-02
162146.50	-4.282e-03	-9.696e-02	2.870e-02
162147.50	1.699e-03	6.173e-02	-1.795e-02
162148.50	-2.678e-04	-3.658e-02	-1.517e-01
162149.50	3.062e-03	-6.845e-02	-5.213e-02
162150.50	-8.938e-04	1.344e-01	-3.398e-02
162151.50	-3.053e-03	-4.608e-02	6.346e-02
162152.50	1.114e-04	1.718e-02	-5.731e-02
162153.50	-2.419e-03	6.307e-03	9.600e-02
162154.50	-5.635e-03	-2.362e-02	4.205e-02
162155.50	-6.634e-03	-2.909e-02	-2.918e-02
162156.50	-5.971e-03	3.523e-02	1.421e-01
162157.50	-3.782e-03	-8.525e-02	3.130e-02
162158.50	8.870e-04	-8.275e-02	-1.565e-02
162159.50	-5.962e-03	5.654e-03	6.144e-02
162160.50	5.770e-03	-1.094e-02	-2.026e-02
162161.50	4.368e-03	-1.411e-01	2.717e-02
162162.50	3.005e-03	-3.696e-02	-7.862e-02
162163.50	3.360e-03	-6.048e-03	3.792e-02
162164.50	-9.235e-04	2.765e-02	-1.594e-02
162165.50	-4.272e-05	-9.590e-03	1.133e-01
162166.50	4.157e-03	-8.909e-02	-1.075e-02
162167.50	2.362e-03	-6.730e-03	-3.466e-02
162168.50	-8.390e-04	-1.834e-02	2.630e-02
162169.50	-1.958e-03	-3.658e-02	-4.944e-02
162170.50	-2.371e-03	1.104e-01	1.834e-02
162171.50	4.426e-03	4.589e-02	-1.507e-03
162172.50	3.590e-03	8.736e-02	-3.341e-02
162173.50	3.840e-03	-3.187e-02	1.133e-01
162174.50	-4.944e-03	8.717e-03	2.131e-02
162175.50	-3.283e-03	-4.934e-02	-7.536e-03
162176.50	-1.594e-03	-1.920e-02	3.370e-02
162177.50	5.539e-04	5.395e-02	6.298e-03
162178.50	4.320e-03	-1.200e-02	-1.488e-01
162179.50	2.016e-03	-1.296e-02	-2.582e-02
162180.50	-8.784e-04	5.030e-02	-1.949e-02
162181.50	8.659e-05	-5.904e-02	1.622e-02
162182.50	-2.966e-03	9.494e-02	-1.363e-02
162183.50	-2.390e-03	3.533e-02	1.286e-02
162184.50	7.978e-04	-2.650e-02	6.144e-02
162185.50	-2.976e-03	-1.526e-02	5.635e-02
162186.50	-1.603e-03	4.589e-02	-8.304e-02
162187.50	-1.469e-03	7.546e-03	-5.174e-02
162188.50	-2.131e-03	-3.130e-02	-4.195e-02
162189.50	5.002e-03	8.150e-02	-6.538e-02
162190.50	5.875e-03	-1.910e-02	-3.523e-03
162191.50	-3.226e-03	-2.813e-02	3.840e-02
162192.50	-1.805e-03	-2.410e-02	1.229e-02
162193.50	2.381e-03	5.002e-02	1.584e-02
162194.50	-1.123e-03	-5.482e-02	6.643e-03
162195.50	-2.026e-04	1.373e-02	-5.270e-03
162196.50	-2.698e-03	3.418e-02	1.210e-01
162197.50	-2.458e-03	4.378e-02	-8.064e-02
162198.50	5.923e-04	2.026e-02	-4.262e-02
162199.50	-4.387e-04	-1.258e-02	1.949e-02
162200.50	3.350e-06	2.294e-02	-1.392e-02
162201.50	3.965e-03	-2.746e-02	-4.560e-02
162202.50	-3.437e-04	3.110e-02	-1.478e-02
162203.50	3.802e-03	5.549e-02	-1.200e-02
162204.50	-1.939e-03	-3.072e-03	1.958e-02
162205.50	1.200e-03	8.026e-03	-3.514e-03
162206.50	-1.517e-03	2.899e-02	1.507e-02
162207.50	1.200e-03	-6.230e-02	-8.294e-02
162208.50	1.968e-03	-3.130e-02	7.104e-03
162209.50	-3.581e-03	-5.789e-02	-1.354e-02
162210.50	-1.709e-03	5.885e-02	1.046e-01
162211.50	6.624e-04	-5.242e-02	1.085e-01
162212.50	-1.546e-03	5.040e-02	-2.304e-02
162213.50	-8.410e-04	2.448e-02	6.067e-02
162214.50	4.157e-04	-7.786e-02	6.672e-02
162215.50	3.091e-04	-5.434e-02	-5.539e-02
162216.50	-2.323e-03	3.322e-02	-3.197e-02
162217.50	9.590e-04	-6.653e-03	1.267e-02
162218.50	-1.277e-03	1.181e-02	2.938e-02
162219.50	9.494e-03	-6.029e-02	-2.400e-02
162220.50	2.592e-04	6.384e-02	5.290e-02
162221.50	-7.958e-04	6.749e-02	-2.122e-02
162222.50	1.344e-04	2.611e-02	-1.142e-02
162223.50	-2.026e-03	1.248e-02	1.152e-02
162224.50	4.886e-04	-3.533e-02	2.909e-02
162225.50	-9.053e-04	6.979e-02	-5.021e-03
162226.50	-5.904e-04	-2.496e-02	8.794e-03
162227.50	1.402e-03	-1.238e-01	6.451e-02
162228.50	3.149e-03	-5.155e-02	-1.075e-01
162229.50	-1.478e-03	3.869e-02	-4.570e-03
162230.50	9.984e-04	-3.302e-02	-5.971e-02
162231.50	-1.478e-03	-2.678e-03	-1.171e-02
162232.50	-3.533e-04	-3.206e-02	5.798e-02
162233.50	2.438e-03	-4.723e-02	2.717e-02
162234.50	-8.323e-04	-4.147e-03	1.872e-02
162235.50	9.984e-04	-4.138e-02	-2.026e-02
162236.50	-1.613e-03	3.024e-02	2.141e-02
162237.50	-6.278e-04	1.181e-01	5.837e-02
162238.50	6.461e-04	-1.382e-02	3.475e-02
162239.50	7.085e-03	-9.888e-02	-3.562e-03
162240.50	8.333e-03	-3.082e-02	-5.875e-02
162241.50	-1.171e-02	1.363e-01	-5.232e-02
162242.50	-1.546e-02	1.056e-01	-5.472e-02
162243.50	1.046e-03	-3.542e-02	-2.813e-04
162244.50	2.448e-03	5.866e-02	-1.027e-02
162245.50	3.120e-04	1.277e-02	-4.541e-02
162246.50	-4.848e-04	-1.930e-03	-3.456e-02
162247.50	-1.478e-03	4.598e-02	4.061e-02
162248.50	-9.398e-04	-1.584e-02	6.019e-02
162249.50	-9.888e-04	-3.907e-02	4.531e-02
162250.50	-3.811e-04	4.627e-02	5.347e-03
162251.50	-1.152e-03	5.664e-02	1.421e-02
162252.50	4.512e-04	-8.333e-02	-1.114e-02
162253.50	8.189e-04	1.670e-02	-5.827e-02
162254.50	-2.496e-04	9.254e-03	-1.104e-02
162255.50	-3.984e-04	3.466e-02	3.437e-02
162256.50	9.418e-04	4.186e-03	2.842e-02
162257.50	-3.984e-04	2.419e-02	2.237e-02
162258.50	6.259e-04	-3.648e-02	-1.258e-02
162259.50	1.430e-03	-1.190e-02	-9.197e-03
162260.50	1.526e-03	-6.298e-03	-2.698e-02
162261.50	-1.162e-04	9.792e-03	-4.675e-02
162262.50	-2.141e-04	4.195e-02	-5.434e-03
162263.50	-6.605e-04	5.318e-02	-1.680e-02
162264.50	3.072e-05	-5.962e-02	3.216e-02
162265.50	4.810e-04	-3.744e-02	1.142e-02
162266.50	3.696e-03	-6.307e-02	-8.208e-03
162267.50	6.509e-03	5.491e-02	3.072e-02
162268.50	-3.043e-03	-1.238e-02	-4.397e-03
162269.50	-9.178e-03	-9.696e-03	2.506e-02
162270.50	3.254e-03	-2.333e-03	4.301e-02
162271.50	3.053e-03	-6.288e-02	1.248e-03
162272.50	-1.181e-03	1.066e-02	-1.450e-02
162273.50	-6.163e-04	2.141e-02	-3.514e-02
162274.50	1.075e-03	-3.965e-02	-2.150e-02
162275.50	-1.277e-04	4.589e-02	7.190e-03
162276.50	-1.805e-03	3.898e-02	-2.928e-03
162277.50	7.814e-04	2.131e-02	8.582e-03
162278.50	1.094e-03	-6.739e-02	-3.581e-02
162279.50	1.171e-05	1.814e-02	-5.875e-03
