161681.50	0.000e+00	0.000e+00	0.000e+00
161682.50	0.000e+00	0.000e+00	0.000e+00
161683.50	0.000e+00	0.000e+00	0.000e+00
161684.50	0.000e+00	0.000e+00	0.000e+00
161685.50	0.000e+00	0.000e+00	0.000e+00
161686.50	0.000e+00	0.000e+00	0.000e+00
161687.50	0.000e+00	0.000e+00	0.000e+00
161688.50	0.000e+00	0.000e+00	0.000e+00
161689.50	0.000e+00	0.000e+00	0.000e+00
161690.50	0.000e+00	0.000e+00	0.000e+00
161691.50	0.000e+00	0.000e+00	0.000e+00
161692.50	0.000e+00	0.000e+00	0.000e+00
161693.50	0.000e+00	0.000e+00	0.000e+00
161694.50	0.000e+00	0.000e+00	0.000e+00
161695.50	0.000e+00	0.000e+00	0.000e+00
161696.50	0.000e+00	0.000e+00	0.000e+00
161697.50	0.000e+00	0.000e+00	0.000e+00
161698.50	0.000e+00	0.000e+00	0.000e+00
161699.50	0.000e+00	0.000e+00	0.000e+00
161700.50	0.000e+00	0.000e+00	0.000e+00
161701.50	0.000e+00	0.000e+00	0.000e+00
161702.50	0.000e+00	0.000e+00	0.000e+00
161703.50	0.000e+00	0.000e+00	0.000e+00
161704.50	0.000e+00	0.000e+00	0.000e+00
161705.50	0.000e+00	0.000e+00	0.000e+00
161706.50	0.000e+00	0.000e+00	0.000e+00
161707.50	0.000e+00	0.000e+00	0.000e+00
161708.50	0.000e+00	0.000e+00	0.000e+00
161709.50	0.000e+00	0.000e+00	0.000e+00
161710.50	0.000e+00	0.000e+00	0.000e+00
161711.50	0.000e+00	0.000e+00	0.000e+00
161712.50	0.000e+00	0.000e+00	0.000e+00
161713.50	0.000e+00	0.000e+00	0.000e+00
161714.50	0.000e+00	0.000e+00	0.000e+00
161715.50	0.000e+00	0.000e+00	0.000e+00
161716.50	0.000e+00	0.000e+00	0.000e+00
161717.50	0.000e+00	0.000e+00	0.000e+00
161718.50	0.000e+00	0.000e+00	0.000e+00
161719.50	0.000e+00	0.000e+00	0.000e+00
161720.50	0.000e+00	0.000e+00	0.000e+00
161721.50	0.000e+00	0.000e+00	0.000e+00
161722.50	0.000e+00	0.000e+00	0.000e+00
161723.50	0.000e+00	0.000e+00	0.000e+00
161724.50	0.000e+00	0.000e+00	0.000e+00
161725.50	0.000e+00	0.000e+00	0.000e+00
161726.50	0.000e+00	0.000e+00	0.000e+00
161727.50	0.000e+00	0.000e+00	0.000e+00
161728.50	0.000e+00	0.000e+00	0.000e+00
161729.50	0.000e+00	0.000e+00	0.000e+00
161730.50	0.000e+00	0.000e+00	0.000e+00
161731.50	0.000e+00	0.000e+00	0.000e+00
161732.50	0.000e+00	0.000e+00	0.000e+00
161733.50	0.000e+00	0.000e+00	0.000e+00
161734.50	0.000e+00	0.000e+00	0.000e+00
161735.50	0.000e+00	0.000e+00	0.000e+00
161736.50	0.000e+00	0.000e+00	0.000e+00
161737.50	0.000e+00	0.000e+00	0.000e+00
161738.50	0.000e+00	0.000e+00	0.000e+00
161739.50	0.000e+00	0.000e+00	0.000e+00
161740.50	0.000e+00	0.000e+00	0.000e+00
161741.50	0.000e+00	0.000e+00	0.000e+00
161742.50	0.000e+00	0.000e+00	0.000e+00
161743.50	0.000e+00	0.000e+00	0.000e+00
161744.50	0.000e+00	0.000e+00	0.000e+00
161745.50	0.000e+00	0.000e+00	0.000e+00
161746.50	0.000e+00	0.000e+00	0.000e+00
161747.50	0.000e+00	0.000e+00	0.000e+00
161748.50	0.000e+00	0.000e+00	0.000e+00
161749.50	0.000e+00	0.000e+00	0.000e+00
161750.50	0.000e+00	0.000e+00	0.000e+00
161751.50	0.000e+00	0.000e+00	0.000e+00
161752.50	0.000e+00	0.000e+00	0.000e+00
161753.50	0.000e+00	0.000e+00	0.000e+00
161754.50	0.000e+00	0.000e+00	0.000e+00
161755.50	0.000e+00	0.000e+00	0.000e+00
161756.50	0.000e+00	0.000e+00	0.000e+00
161757.50	0.000e+00	0.000e+00	0.000e+00
161758.50	0.000e+00	0.000e+00	0.000e+00
161759.50	0.000e+00	0.000e+00	0.000e+00
161760.50	0.000e+00	0.000e+00	0.000e+00
161761.50	0.000e+00	0.000e+00	0.000e+00
161762.50	0.000e+00	0.000e+00	0.000e+00
161763.50	0.000e+00	0.000e+00	0.000e+00
161764.50	0.000e+00	0.000e+00	0.000e+00
161765.50	0.000e+00	0.000e+00	0.000e+00
161766.50	0.000e+00	0.000e+00	0.000e+00
161767.50	0.000e+00	0.000e+00	0.000e+00
161768.50	0.000e+00	0.000e+00	0.000e+00
161769.50	0.000e+00	0.000e+00	0.000e+00
161770.50	0.000e+00	0.000e+00	0.000e+00
161771.50	0.000e+00	0.000e+00	0.000e+00
161772.50	0.000e+00	0.000e+00	0.000e+00
161773.50	0.000e+00	0.000e+00	0.000e+00
161774.50	0.000e+00	0.000e+00	0.000e+00
161775.50	0.000e+00	0.000e+00	0.000e+00
161776.50	0.000e+00	0.000e+00	0.000e+00
161777.50	0.000e+00	0.000e+00	0.000e+00
161778.50	0.000e+00	0.000e+00	0.000e+00
161779.50	0.000e+00	0.000e+00	0.000e+00
161780.50	0.000e+00	0.000e+00	0.000e+00
161781.50	0.000e+00	0.000e+00	0.000e+00
161782.50	0.000e+00	0.000e+00	0.000e+00
161783.50	0.000e+00	0.000e+00	0.000e+00
161784.50	0.000e+00	0.000e+00	0.000e+00
161785.50	0.000e+00	0.000e+00	0.000e+00
161786.50	0.000e+00	0.000e+00	0.000e+00
161787.50	0.000e+00	0.000e+00	0.000e+00
161788.50	0.000e+00	0.000e+00	0.000e+00
161789.50	0.000e+00	0.000e+00	0.000e+00
161790.50	0.000e+00	0.000e+00	0.000e+00
161791.50	0.000e+00	0.000e+00	0.000e+00
161792.50	0.000e+00	0.000e+00	0.000e+00
161793.50	0.000e+00	0.000e+00	0.000e+00
161794.50	0.000e+00	0.000e+00	0.000e+00
161795.50	0.000e+00	0.000e+00	0.000e+00
161796.50	0.000e+00	0.000e+00	0.000e+00
161797.50	0.000e+00	0.000e+00	0.000e+00
161798.50	0.000e+00	0.000e+00	0.000e+00
161799.50	0.000e+00	0.000e+00	0.000e+00
161800.50	0.000e+00	0.000e+00	0.000e+00
161801.50	0.000e+00	0.000e+00	0.000e+00
161802.50	0.000e+00	0.000e+00	0.000e+00
161803.50	0.000e+00	0.000e+00	0.000e+00
161804.50	0.000e+00	0.000e+00	0.000e+00
161805.50	0.000e+00	0.000e+00	0.000e+00
161806.50	0.000e+00	0.000e+00	0.000e+00
161807.50	0.000e+00	0.000e+00	0.000e+00
161808.50	0.000e+00	0.000e+00	0.000e+00
161809.50	0.000e+00	0.000e+00	0.000e+00
161810.50	0.000e+00	0.000e+00	0.000e+00
161811.50	0.000e+00	0.000e+00	0.000e+00
161812.50	0.000e+00	0.000e+00	0.000e+00
161813.50	0.000e+00	0.000e+00	0.000e+00
161814.50	0.000e+00	0.000e+00	0.000e+00
161815.50	0.000e+00	0.000e+00	0.000e+00
161816.50	0.000e+00	0.000e+00	0.000e+00
161817.50	0.000e+00	0.000e+00	0.000e+00
161818.50	0.000e+00	0.000e+00	0.000e+00
161819.50	0.000e+00	0.000e+00	0.000e+00
161820.50	0.000e+00	0.000e+00	0.000e+00
161821.50	0.000e+00	0.000e+00	0.000e+00
161822.50	0.000e+00	0.000e+00	0.000e+00
161823.50	0.000e+00	0.000e+00	0.000e+00
161824.50	0.000e+00	0.000e+00	0.000e+00
161825.50	0.000e+00	0.000e+00	0.000e+00
161826.50	0.000e+00	0.000e+00	0.000e+00
161827.50	0.000e+00	0.000e+00	0.000e+00
161828.50	0.000e+00	0.000e+00	0.000e+00
161829.50	0.000e+00	0.000e+00	0.000e+00
161830.50	0.000e+00	0.000e+00	0.000e+00
161831.50	0.000e+00	0.000e+00	0.000e+00
161832.50	0.000e+00	0.000e+00	0.000e+00
161833.50	0.000e+00	0.000e+00	0.000e+00
161834.50	0.000e+00	0.000e+00	0.000e+00
161835.50	0.000e+00	0.000e+00	0.000e+00
161836.50	0.000e+00	0.000e+00	0.000e+00
161837.50	0.000e+00	0.000e+00	0.000e+00
161838.50	0.000e+00	0.000e+00	0.000e+00
161839.50	0.000e+00	0.000e+00	0.000e+00
161840.50	0.000e+00	0.000e+00	0.000e+00
161841.50	0.000e+00	0.000e+00	0.000e+00
161842.50	0.000e+00	0.000e+00	0.000e+00
161843.50	0.000e+00	0.000e+00	0.000e+00
161844.50	0.000e+00	0.000e+00	0.000e+00
161845.50	0.000e+00	0.000e+00	0.000e+00
161846.50	0.000e+00	0.000e+00	0.000e+00
161847.50	0.000e+00	0.000e+00	0.000e+00
161848.50	0.000e+00	0.000e+00	0.000e+00
161849.50	0.000e+00	0.000e+00	0.000e+00
161850.50	0.000e+00	0.000e+00	0.000e+00
161851.50	0.000e+00	0.000e+00	0.000e+00
161852.50	0.000e+00	0.000e+00	0.000e+00
161853.50	0.000e+00	0.000e+00	0.000e+00
161854.50	0.000e+00	0.000e+00	0.000e+00
161855.50	0.000e+00	0.000e+00	0.000e+00
161856.50	0.000e+00	0.000e+00	0.000e+00
161857.50	0.000e+00	0.000e+00	0.000e+00
161858.50	0.000e+00	0.000e+00	0.000e+00
161859.50	0.000e+00	0.000e+00	0.000e+00
161860.50	0.000e+00	0.000e+00	0.000e+00
161861.50	0.000e+00	0.000e+00	0.000e+00
161862.50	0.000e+00	0.000e+00	0.000e+00
161863.50	0.000e+00	0.000e+00	0.000e+00
161864.50	0.000e+00	0.000e+00	0.000e+00
161865.50	1.142e-04	-2.938e-03	-1.325e-03
161866.50	3.120e-04	-2.477e-03	-6.288e-03
161867.50	-1.958e-04	3.926e-03	2.717e-03
161868.50	-1.536e-04	-1.574e-03	4.253e-03
161869.50	7.469e-06	-1.037e-03	8.122e-05
161870.50	-9.590e-05	-2.986e-04	2.371e-03
161871.50	-1.114e-04	7.181e-04	2.467e-03
161872.50	1.930e-04	-2.006e-03	-4.368e-03
161873.50	7.834e-05	3.293e-03	-2.534e-03
161874.50	-1.555e-04	1.642e-03	3.408e-03
161875.50	5.722e-05	-1.546e-04	-1.382e-03
161876.50	-2.333e-05	-5.030e-04	5.213e-04
161877.50	-4.502e-05	2.707e-04	8.506e-04
161878.50	1.334e-03	-2.198e-02	-3.408e-02
161879.50	-5.942e-05	-3.514e-03	1.690e-03
161880.50	4.915e-04	6.566e-03	-1.152e-02
161881.50	-1.478e-04	3.514e-03	3.571e-03
161882.50	8.650e-05	2.717e-02	-2.246e-03
161883.50	-1.238e-02	-5.741e-01	3.226e-01
161884.50	9.696e-02	-1.248e+01	-2.419e+00
161885.50	3.590e-01	-5.069e+01	-8.822e+00
161886.50	8.947e-01	-1.056e+02	-2.160e+01
161887.50	1.699e+00	-1.834e+02	-4.013e+01
161888.50	2.074e+00	-2.506e+02	-4.733e+01
161889.50	1.258e+00	-2.438e+02	-2.717e+01
161890.50	1.766e+00	-2.410e+02	-3.840e+01
161891.50	1.286e+00	-9.600e+01	-2.659e+01
161892.50	-7.440e-02	-4.608e+01	4.358e+00
161893.50	1.766e-01	-3.706e+00	-1.565e+00
161894.50	-4.042e-01	3.072e+01	1.075e+01
161895.50	-2.323e-01	4.310e+01	6.758e+00
161896.50	-4.022e-01	4.886e+01	1.037e+01
161897.50	-6.490e-01	5.693e+01	1.526e+01
161898.50	-5.251e-01	6.173e+01	1.210e+01
161899.50	-6.230e-01	6.134e+01	1.440e+01
161900.50	-4.176e-01	6.019e+01	9.696e+00
161901.50	-4.224e-01	5.693e+01	9.350e+00
161902.50	-2.419e-01	5.213e+01	5.270e+00
161903.50	-1.421e-01	5.222e+01	3.024e+00
161904.50	-2.918e-01	4.320e+01	6.067e+00
161905.50	-3.264e-01	4.138e+01	7.277e+00
161906.50	-2.467e-01	4.003e+01	5.280e+00
161907.50	-1.555e-01	3.542e+01	3.533e+00
161908.50	-2.947e-01	2.957e+01	6.461e+00
161909.50	-3.264e-01	2.880e+01	7.258e+00
161910.50	-2.650e-01	2.784e+01	5.568e+00
161911.50	-2.131e-01	2.909e+01	4.589e+00
161912.50	-1.872e-01	2.592e+01	3.955e+00
161913.50	-1.315e-02	1.968e+01	1.882e-01
161914.50	2.822e-02	2.189e+01	-4.982e-01
161915.50	-1.248e-01	2.026e+01	2.525e+00
161916.50	-2.688e-01	2.093e+01	5.683e+00
161917.50	-4.387e-03	1.450e+01	3.802e-01
161918.50	-1.382e-01	1.738e+01	2.880e+00
161919.50	-1.498e-01	1.555e+01	3.091e+00
161920.50	-1.603e-01	1.469e+01	3.552e+00
161921.50	-1.901e-01	1.277e+01	3.859e+00
161922.50	-8.602e-02	1.517e+01	1.718e+00
161923.50	-6.941e-02	1.066e+01	1.373e+00
161924.50	-8.160e-02	1.123e+01	1.603e+00
161925.50	-1.190e-01	1.094e+01	2.534e+00
161926.50	1.690e-02	1.008e+01	-5.021e-01
161927.50	-7.690e-02	9.283e+00	1.507e+00
161928.50	-9.446e-02	9.600e+00	1.891e+00
161929.50	-9.062e-02	7.728e+00	1.805e+00
161930.50	-5.280e-02	6.768e+00	1.181e+00
161931.50	-5.818e-02	7.642e+00	1.075e+00
161932.50	-9.504e-02	6.605e+00	1.862e+00
161933.50	-1.075e-02	6.538e+00	2.496e-01
161934.50	-5.491e-02	7.037e+00	1.267e+00
161935.50	1.901e-03	6.346e+00	-2.016e-01
161936.50	-8.582e-02	6.528e+00	1.757e+00
161937.50	-5.798e-02	5.712e+00	1.133e+00
161938.50	2.342e-02	4.282e+00	-4.982e-01
161939.50	-2.102e-02	4.454e+00	3.101e-01
161940.50	-7.795e-02	3.648e+00	1.555e+00
161941.50	-5.357e-02	4.070e+00	1.133e+00
161942.50	-1.834e-02	4.397e+00	3.802e-01
161943.50	-4.032e-02	4.291e+00	7.766e-01
161944.50	-6.355e-02	3.562e+00	1.296e+00
161945.50	-3.053e-03	2.506e+00	5.434e-02
161946.50	-2.611e-03	2.928e+00	4.330e-02
161947.50	8.304e-03	3.907e+00	-1.354e-01
161948.50	-3.581e-02	2.966e+00	7.488e-01
161949.50	-2.534e-02	4.022e+00	4.704e-01
161950.50	-4.771e-03	1.661e+00	2.131e-01
161951.50	-6.912e-02	2.342e+00	1.315e+00
161952.50	-3.610e-02	3.456e+00	6.528e-01
161953.50	-6.979e-02	2.131e+00	1.027e+00
161954.50	1.930e-02	2.342e+00	-3.024e-01
161955.50	-4.848e-03	1.747e+00	-6.403e-02
161956.50	-4.003e-02	1.622e+00	7.171e-01
161957.50	-3.888e-02	2.323e+00	7.718e-01
161958.50	2.515e-03	2.026e+00	7.747e-02
161959.50	-1.939e-02	9.466e-01	4.752e-01
161960.50	-3.514e-02	1.910e+00	7.133e-01
161961.50	-3.072e-02	1.824e+00	6.720e-01
161962.50	-2.957e-03	1.315e+00	-1.680e-02
161963.50	1.546e-02	2.189e+00	-2.861e-01
161964.50	2.141e-02	1.891e+00	-5.434e-01
161965.50	-5.990e-02	1.114e+00	1.277e+00
161966.50	3.638e-03	1.171e+00	-6.931e-02
161967.50	-6.125e-03	1.574e+00	1.114e-01
161968.50	-9.254e-03	1.325e+00	2.275e-01
161969.50	-7.104e-03	7.718e-01	2.573e-01
161970.50	-2.669e-03	1.699e+00	-3.187e-02
161971.50	-4.848e-02	1.171e+00	8.966e-01
161972.50	-1.507e-02	1.046e+00	2.707e-01
161973.50	-2.803e-02	5.059e-01	6.144e-01
161974.50	-2.966e-03	1.325e+00	5.098e-03
161975.50	-1.843e-02	1.114e+00	3.110e-01
161976.50	-7.757e-03	7.670e-01	1.066e-01
161977.50	1.382e-02	6.701e-01	-3.734e-01
161978.50	-2.966e-03	6.739e-01	1.171e-01
161979.50	2.208e-02	8.870e-01	-4.637e-01
161980.50	2.323e-02	1.190e+00	-4.109e-01
161981.50	-3.110e-02	2.218e-01	5.242e-01
161982.50	-1.200e-02	-2.314e-01	1.594e-01
161983.50	7.200e-03	4.262e-01	-2.045e-01
161984.50	-4.435e-03	1.056e+00	1.747e-01
161985.50	1.632e-02	8.534e-01	-2.995e-01
161986.50	4.483e-03	8.717e-01	-7.872e-02
161987.50	-2.362e-02	3.792e-01	5.126e-01
161988.50	-2.314e-02	8.323e-01	3.686e-01
161989.50	-2.362e-02	-2.016e-01	4.118e-01
161990.50	-2.016e-03	4.205e-01	3.581e-02
161991.50	8.266e-03	6.490e-01	-9.696e-02
161992.50	-1.382e-02	4.320e-01	1.920e-01
161993.50	-4.992e-03	6.970e-01	1.459e-01
161994.50	4.618e-03	3.370e-01	3.178e-02
161995.50	-1.603e-02	3.331e-01	4.013e-01
161996.50	-9.370e-03	4.646e-01	2.093e-01
161997.50	-2.122e-02	5.971e-01	2.477e-01
161998.50	1.066e-02	1.958e-01	-1.862e-01
161999.50	2.822e-02	5.635e-01	-6.653e-01
162000.50	-1.152e-02	2.534e-01	2.362e-01
162001.50	-1.920e-02	1.718e-01	3.120e-01
162002.50	-3.014e-03	3.523e-01	1.325e-01
162003.50	-2.726e-03	8.102e-03	4.944e-03
162004.50	3.475e-03	4.061e-01	-1.603e-01
162005.50	-8.035e-03	1.632e-01	1.805e-01
162006.50	1.296e-02	9.561e-01	-2.755e-01
162007.50	9.792e-04	3.562e-01	-1.085e-01
162008.50	9.178e-03	-1.478e-01	-2.016e-01
162009.50	-3.677e-03	-9.466e-02	8.333e-02
162010.50	-2.534e-02	1.171e-01	5.078e-01
162011.50	6.394e-04	3.120e-01	-6.566e-02
162012.50	-4.032e-03	4.406e-01	8.746e-02
162013.50	3.005e-03	5.616e-01	1.229e-01
162014.50	1.229e-02	2.611e-01	-3.283e-01
162015.50	-8.006e-03	3.456e-01	1.622e-01
162016.50	3.898e-03	7.670e-03	-7.354e-02
162017.50	-1.738e-02	-1.594e-01	4.272e-01
162018.50	-7.632e-04	5.482e-01	8.582e-02
162019.50	-1.152e-02	1.546e-01	2.198e-01
162020.50	9.984e-03	5.376e-01	-2.726e-01
162021.50	3.850e-03	1.930e-01	-3.850e-02
162022.50	-1.296e-02	-2.477e-01	3.062e-01
162023.50	4.493e-03	-4.579e-02	-5.674e-02
162024.50	5.386e-03	1.862e-01	-2.246e-01
162025.50	-2.794e-02	3.235e-01	4.397e-01
162026.50	-3.274e-03	7.450e-02	6.096e-02
162027.50	2.323e-03	1.325e-01	1.027e-02
162028.50	-1.008e-02	2.323e-01	2.016e-01
162029.50	-3.101e-03	1.517e-01	-1.181e-01
162030.50	-1.046e-02	4.474e-01	1.421e-01
162031.50	-8.122e-03	3.149e-01	1.546e-01
162032.50	3.869e-04	4.627e-03	-4.070e-02
162033.50	7.901e-03	1.814e-02	-2.285e-01
162034.50	-3.014e-04	-1.766e-02	4.560e-02
162035.50	-3.264e-03	-9.322e-02	8.506e-02
162036.50	-7.882e-03	5.539e-01	2.246e-01
162037.50	-4.397e-03	1.373e-01	7.517e-02
162038.50	-6.163e-03	1.440e-01	9.437e-02
162039.50	-3.763e-03	1.421e-01	1.526e-01
162040.50	-4.435e-03	-5.626e-02	7.978e-02
162041.50	1.613e-02	1.690e-01	-2.458e-01
162042.50	3.562e-03	4.618e-02	-1.008e-01
162043.50	-1.123e-02	9.984e-03	1.296e-01
162044.50	-3.187e-03	1.027e-01	8.707e-02
162045.50	6.278e-03	2.179e-02	-1.354e-01
162046.50	7.354e-03	1.142e-01	-1.728e-01
162047.50	6.019e-03	1.123e-01	-1.238e-01
162048.50	5.088e-03	4.310e-01	-1.267e-01
162049.50	-1.891e-02	-1.094e-01	3.850e-01
162050.50	7.306e-03	-2.342e-02	-1.459e-01
162051.50	-7.920e-03	4.838e-02	2.045e-01
162052.50	-1.910e-03	1.709e-01	-4.262e-02
162053.50	-1.574e-02	-4.973e-03	3.830e-01
162054.50	-1.594e-02	2.112e-01	4.042e-01
162055.50	2.957e-04	3.178e-02	-9.888e-02
162056.50	2.784e-03	1.498e-01	-9.792e-02
162057.50	1.440e-03	5.366e-03	-1.066e-02
162058.50	-3.293e-03	4.752e-02	6.902e-02
162059.50	6.826e-03	-1.258e-01	-1.517e-01
162060.50	-7.267e-03	-5.837e-03	1.795e-01
162061.50	1.488e-03	2.237e-01	4.886e-02
162062.50	6.230e-04	-1.853e-02	4.694e-02
162063.50	2.285e-03	2.928e-02	-7.670e-02
162064.50	-1.075e-03	2.707e-02	-5.722e-02
162065.50	-4.483e-03	6.403e-02	1.450e-01
162066.50	-2.803e-03	-9.149e-02	9.696e-02
162067.50	-1.651e-03	2.083e-01	1.546e-02
162068.50	-1.680e-02	2.630e-01	2.947e-01
162069.50	3.216e-03	1.354e-01	-9.888e-02
162070.50	9.888e-03	3.446e-02	-1.315e-01
162071.50	-1.104e-02	4.886e-02	2.131e-01
162072.50	-1.354e-02	6.950e-02	2.266e-01
162073.50	-2.486e-03	1.123e-01	2.294e-02
162074.50	3.178e-03	-1.354e-01	-1.210e-01
162075.50	2.870e-03	6.211e-02	-9.523e-02
162076.50	1.488e-02	1.219e-01	-3.206e-01
162077.50	3.533e-03	2.794e-02	-7.306e-02
162078.50	-4.397e-03	3.312e-01	6.970e-02
162079.50	-4.790e-03	-6.528e-04	2.189e-01
162080.50	5.462e-04	-2.093e-01	-6.134e-02
162081.50	-5.818e-03	-1.546e-01	1.114e-01
162082.50	8.045e-03	-5.568e-02	-1.939e-01
162083.50	-6.442e-04	2.150e-02	4.723e-02
162084.50	5.731e-03	3.571e-01	-1.584e-01
162085.50	4.397e-03	4.685e-02	-9.533e-02
162086.50	-1.306e-03	1.392e-02	-1.344e-02
162087.50	-1.450e-02	-6.067e-02	2.285e-01
162088.50	5.347e-03	1.699e-01	-1.142e-01
162089.50	2.074e-03	-1.949e-01	-5.597e-02
162090.50	-8.563e-03	4.675e-02	1.920e-01
162091.50	-2.141e-04	-1.690e-01	6.509e-03
162092.50	-1.018e-03	1.747e-01	7.440e-02
162093.50	-9.389e-04	-4.819e-02	3.514e-02
162094.50	-1.613e-02	-4.138e-02	2.621e-01
162095.50	-5.222e-03	1.488e-01	8.890e-02
162096.50	6.192e-03	2.314e-01	-9.014e-02
162097.50	3.254e-03	9.888e-02	-1.210e-01
162098.50	-2.803e-03	8.438e-02	4.915e-02
162099.50	1.046e-02	5.606e-02	-1.930e-01
162100.50	-7.795e-04	-9.888e-02	-3.072e-03
162101.50	-1.344e-03	4.781e-02	1.306e-01
162102.50	7.872e-04	-1.690e-01	-3.014e-02
162103.50	-4.579e-03	3.533e-01	7.814e-02
162104.50	-2.976e-03	-6.653e-02	7.450e-02
162105.50	1.056e-03	-1.853e-02	-4.954e-02
162106.50	7.709e-04	1.709e-02	-4.272e-02
162107.50	-5.539e-04	2.506e-02	4.378e-02
162108.50	5.712e-03	-5.779e-02	-8.294e-02
162109.50	-3.610e-03	-5.242e-02	3.629e-02
162110.50	7.162e-03	-3.389e-02	-1.104e-01
162111.50	-8.170e-03	-1.267e-01	1.354e-01
162112.50	9.984e-04	1.037e-01	2.861e-02
162113.50	1.469e-03	7.555e-02	-4.330e-02
162114.50	5.203e-03	1.584e-01	-1.018e-01
162115.50	-7.920e-04	-2.957e-02	-8.314e-03
162116.50	1.066e-03	1.162e-01	-2.506e-02
162117.50	-2.477e-03	1.498e-02	5.338e-02
162118.50	-4.886e-03	-2.006e-01	1.008e-01
162119.50	-5.453e-03	-2.323e-02	1.210e-01
162120.50	-7.181e-03	1.229e-01	1.258e-01
162121.50	-7.037e-03	-1.901e-02	8.496e-02
162122.50	3.379e-03	-1.238e-02	-8.189e-02
162123.50	8.170e-03	3.581e-03	-1.075e-01
162124.50	4.301e-03	6.672e-02	-4.109e-02
162125.50	4.291e-03	-4.886e-02	-6.470e-02
162126.50	-9.264e-03	-1.219e-01	9.984e-02
162127.50	8.198e-04	7.738e-02	-2.141e-02
162128.50	1.709e-03	1.008e-01	-5.098e-02
162129.50	-4.704e-03	2.045e-02	3.158e-02
162130.50	-7.162e-04	-2.150e-02	1.402e-01
162131.50	-7.843e-03	-9.888e-02	1.958e-01
162132.50	5.309e-03	-3.571e-02	-1.718e-01
162133.50	5.779e-03	-2.304e-02	-6.970e-02
162134.50	3.072e-03	1.891e-02	-4.330e-02
162135.50	1.651e-04	7.997e-02	-3.158e-02
162136.50	-6.115e-03	-8.746e-02	1.027e-01
162137.50	-2.976e-03	3.283e-03	3.082e-02
162138.50	-9.197e-04	1.738e-01	4.138e-02
162139.50	8.554e-03	5.021e-02	-2.323e-01
162140.50	2.208e-03	-2.486e-02	-1.219e-01
162141.50	9.254e-04	1.402e-01	5.779e-04
162142.50	-2.842e-03	2.861e-02	3.754e-02
162143.50	-2.582e-03	-1.459e-02	5.837e-02
162144.50	-1.680e-02	-2.266e-02	2.582e-01
162145.50	6.864e-04	-9.984e-02	2.189e-03
162146.50	1.133e-02	-1.680e-01	-1.766e-01
162147.50	1.459e-03	1.738e-01	7.363e-02
162148.50	-3.427e-03	9.571e-02	4.080e-02
162149.50	-6.336e-03	-7.862e-02	1.142e-01
162150.50	-7.987e-03	-1.546e-01	1.046e-01
162151.50	-2.525e-03	1.910e-02	3.197e-02
162152.50	2.736e-03	1.651e-01	-2.842e-02
162153.50	-6.768e-04	6.086e-02	-2.813e-02
162154.50	-5.222e-03	6.115e-02	1.133e-01
162155.50	-1.862e-03	-1.603e-01	-1.114e-03
162156.50	2.938e-03	2.803e-02	1.046e-02
162157.50	3.878e-03	2.534e-01	-1.056e-01
162158.50	2.227e-03	5.088e-02	-3.677e-02
162159.50	-2.870e-03	-2.726e-02	6.768e-02
162160.50	-1.363e-03	-1.094e-01	4.483e-02
162161.50	-1.862e-03	3.062e-02	2.746e-02
162162.50	1.766e-03	-8.256e-02	-4.570e-02
162163.50	-3.235e-03	2.294e-02	6.768e-02
162164.50	-3.763e-03	-5.702e-02	8.525e-03
162165.50	-3.648e-03	-3.456e-02	6.778e-02
162166.50	3.235e-03	1.344e-02	-5.510e-02
162167.50	8.746e-03	1.142e-02	-1.344e-01
162168.50	2.506e-04	2.179e-02	-5.578e-02
162169.50	-1.498e-04	-1.814e-02	3.850e-03
162170.50	-6.634e-04	-2.573e-02	3.859e-02
162171.50	2.054e-03	6.173e-02	-4.368e-02
162172.50	-1.594e-06	-4.771e-02	-8.669e-03
162173.50	1.066e-02	7.584e-02	-1.411e-01
162174.50	-1.450e-04	-1.277e-02	-1.104e-02
162175.50	-4.474e-03	2.861e-02	6.115e-02
162176.50	-2.525e-03	7.488e-02	4.205e-02
162177.50	-1.430e-03	4.406e-02	6.470e-02
162178.50	-1.267e-03	3.744e-02	2.832e-02
162179.50	9.792e-04	-5.347e-03	-1.181e-02
162180.50	-1.008e-03	-8.698e-02	-1.392e-03
162181.50	-9.110e-04	1.027e-01	7.392e-03
162182.50	-1.795e-03	1.978e-02	6.442e-02
162183.50	7.027e-04	-3.629e-03	-1.325e-02
162184.50	-3.907e-04	-9.283e-02	-1.882e-03
162185.50	2.515e-03	6.192e-02	-4.858e-02
162186.50	3.226e-03	6.691e-02	-1.037e-01
162187.50	1.430e-03	-3.840e-03	-1.584e-02
162188.50	-2.294e-04	-4.464e-02	5.942e-02
162189.50	-3.139e-03	-3.782e-02	3.571e-02
162190.50	2.256e-03	2.928e-03	-3.878e-02
162191.50	2.458e-03	3.677e-02	-1.210e-02
162192.50	-1.133e-03	-4.656e-02	-5.482e-02
162193.50	1.373e-03	-4.886e-02	-3.370e-02
162194.50	-5.875e-04	-1.853e-02	2.582e-02
162195.50	1.709e-04	4.109e-02	2.064e-02
162196.50	-3.014e-03	-5.894e-02	7.757e-02
162197.50	1.075e-03	5.722e-02	-1.853e-02
162198.50	3.091e-04	-7.018e-02	-4.982e-02
162199.50	-2.554e-04	-4.061e-02	3.312e-02
162200.50	7.363e-05	4.781e-02	1.373e-02
162201.50	-4.013e-03	-4.589e-02	7.786e-02
162202.50	-1.238e-03	3.398e-02	2.064e-03
162203.50	4.406e-03	1.066e-01	-9.485e-02
162204.50	1.066e-03	-1.622e-01	-2.198e-02
162205.50	-2.208e-03	2.064e-02	5.568e-02
162206.50	-7.459e-04	-8.381e-02	6.394e-02
162207.50	-6.192e-03	-5.405e-03	4.733e-02
162208.50	-2.602e-04	-1.939e-02	1.181e-02
162209.50	-5.616e-03	4.752e-02	6.154e-02
162210.50	-2.237e-03	6.605e-02	1.190e-02
162211.50	5.165e-03	6.768e-02	-1.104e-01
162212.50	2.736e-03	-3.139e-02	-5.510e-02
162213.50	-4.858e-03	-1.334e-03	8.544e-02
162214.50	-3.139e-03	5.827e-02	6.144e-02
162215.50	1.450e-03	-2.179e-02	-5.395e-02
162216.50	-2.698e-03	-1.478e-02	4.781e-02
162217.50	2.122e-03	-2.448e-02	-2.304e-02
162218.50	5.347e-03	3.206e-02	-5.040e-02
162219.50	3.542e-03	-8.256e-02	-3.619e-02
162220.50	-2.083e-03	-4.070e-02	-3.053e-02
162221.50	-2.323e-03	1.334e-02	6.499e-02
162222.50	4.877e-03	3.850e-02	-6.950e-02
162223.50	6.259e-03	9.888e-02	-1.075e-01
162224.50	-4.157e-03	7.200e-02	6.883e-02
162225.50	1.786e-03	-3.062e-02	-1.094e-02
162226.50	-1.142e-03	-9.322e-02	1.891e-02
162227.50	3.936e-03	-3.706e-02	-7.027e-02
162228.50	-6.787e-04	6.989e-03	-1.843e-02
162229.50	-6.518e-04	1.066e-01	-3.466e-02
162230.50	-3.504e-03	-1.507e-02	6.557e-02
162231.50	3.658e-03	4.790e-02	-6.442e-02
162232.50	1.574e-03	8.650e-02	1.085e-02
162233.50	-4.205e-04	-4.656e-02	1.075e-02
162234.50	-1.430e-03	6.038e-04	2.650e-02
162235.50	-3.994e-03	-3.533e-03	5.683e-02
162236.50	-6.317e-04	-4.282e-02	7.786e-03
162237.50	-6.490e-03	-1.258e-02	1.382e-01
162238.50	9.005e-03	2.525e-02	-1.248e-01
162239.50	-2.323e-04	-7.488e-02	-2.602e-02
162240.50	-5.539e-03	2.563e-02	7.882e-02
162241.50	-4.061e-03	-1.306e-02	4.282e-03
162242.50	-3.802e-04	-4.378e-02	7.190e-03
162243.50	-1.987e-03	1.555e-02	7.891e-02
162244.50	-4.397e-03	-3.197e-03	2.467e-03
162245.50	2.486e-03	-2.179e-02	-5.558e-02
162246.50	5.645e-03	-9.331e-02	-6.931e-02
162247.50	7.882e-04	5.482e-03	1.738e-02
162248.50	-8.074e-04	8.957e-02	9.888e-03
162249.50	2.448e-04	8.189e-02	9.494e-04
162250.50	-1.478e-03	-4.579e-02	-5.213e-02
162251.50	-4.262e-03	-1.277e-01	-3.379e-02
162252.50	-7.661e-03	-6.816e-02	1.152e-01
162253.50	2.515e-03	1.027e-01	1.795e-02
162254.50	-1.958e-02	-7.843e-02	2.006e-02
162255.50	6.835e-03	-1.402e-02	-7.709e-02
162256.50	7.085e-03	4.301e-02	-2.314e-02
162257.50	2.323e-02	1.536e-01	-1.037e-01
162258.50	-1.421e-02	7.661e-02	4.954e-02
162259.50	-1.632e-02	-4.493e-02	1.670e-01
162260.50	1.958e-02	1.210e-01	-4.541e-02
162261.50	2.218e-03	5.846e-02	2.362e-02
162262.50	-3.869e-04	-4.637e-02	6.144e-03
162263.50	6.163e-03	-1.440e-02	-6.634e-02
162264.50	-4.579e-03	4.685e-03	1.066e-01
162265.50	3.504e-03	-4.080e-02	-9.792e-02
162266.50	2.064e-03	-2.400e-02	-2.035e-02
162267.50	1.018e-03	-1.949e-02	-7.709e-03
162268.50	2.429e-03	4.656e-02	-5.338e-02
162269.50	3.446e-03	-6.586e-02	-2.592e-02
162270.50	-6.115e-03	1.046e-02	6.346e-02
162271.50	3.898e-04	6.288e-02	-8.294e-03
162272.50	-4.704e-06	7.517e-02	-1.968e-02
162273.50	-1.747e-03	-3.139e-02	2.717e-03
162274.50	3.235e-05	-3.110e-02	2.966e-02
162275.50	4.051e-03	4.570e-02	9.427e-04
162276.50	1.968e-03	8.371e-03	-3.110e-02
162277.50	4.704e-03	1.392e-01	-1.987e-02
162278.50	2.602e-03	-1.162e-03	-8.054e-02
162279.50	1.786e-03	-2.141e-02	-4.704e-02
