161681.50	0.000e+00	0.000e+00	0.000e+00
161682.50	0.000e+00	0.000e+00	0.000e+00
161683.50	0.000e+00	0.000e+00	0.000e+00
161684.50	0.000e+00	0.000e+00	0.000e+00
161685.50	0.000e+00	0.000e+00	0.000e+00
161686.50	0.000e+00	0.000e+00	0.000e+00
161687.50	0.000e+00	0.000e+00	0.000e+00
161688.50	0.000e+00	0.000e+00	0.000e+00
161689.50	0.000e+00	0.000e+00	0.000e+00
161690.50	0.000e+00	0.000e+00	0.000e+00
161691.50	0.000e+00	0.000e+00	0.000e+00
161692.50	0.000e+00	0.000e+00	0.000e+00
161693.50	0.000e+00	0.000e+00	0.000e+00
161694.50	0.000e+00	0.000e+00	0.000e+00
161695.50	0.000e+00	0.000e+00	0.000e+00
161696.50	0.000e+00	0.000e+00	0.000e+00
161697.50	0.000e+00	0.000e+00	0.000e+00
161698.50	0.000e+00	0.000e+00	0.000e+00
161699.50	0.000e+00	0.000e+00	0.000e+00
161700.50	0.000e+00	0.000e+00	0.000e+00
161701.50	0.000e+00	0.000e+00	0.000e+00
161702.50	0.000e+00	0.000e+00	0.000e+00
161703.50	0.000e+00	0.000e+00	0.000e+00
161704.50	0.000e+00	0.000e+00	0.000e+00
161705.50	0.000e+00	0.000e+00	0.000e+00
161706.50	0.000e+00	0.000e+00	0.000e+00
161707.50	0.000e+00	0.000e+00	0.000e+00
161708.50	0.000e+00	0.000e+00	0.000e+00
161709.50	0.000e+00	0.000e+00	0.000e+00
161710.50	0.000e+00	0.000e+00	0.000e+00
161711.50	0.000e+00	0.000e+00	0.000e+00
161712.50	0.000e+00	0.000e+00	0.000e+00
161713.50	0.000e+00	0.000e+00	0.000e+00
161714.50	0.000e+00	0.000e+00	0.000e+00
161715.50	0.000e+00	0.000e+00	0.000e+00
161716.50	0.000e+00	0.000e+00	0.000e+00
161717.50	0.000e+00	0.000e+00	0.000e+00
161718.50	0.000e+00	0.000e+00	0.000e+00
161719.50	0.000e+00	0.000e+00	0.000e+00
161720.50	0.000e+00	0.000e+00	0.000e+00
161721.50	0.000e+00	0.000e+00	0.000e+00
161722.50	0.000e+00	0.000e+00	0.000e+00
161723.50	0.000e+00	0.000e+00	0.000e+00
161724.50	0.000e+00	0.000e+00	0.000e+00
161725.50	0.000e+00	0.000e+00	0.000e+00
161726.50	0.000e+00	0.000e+00	0.000e+00
161727.50	0.000e+00	0.000e+00	0.000e+00
161728.50	0.000e+00	0.000e+00	0.000e+00
161729.50	0.000e+00	0.000e+00	0.000e+00
161730.50	0.000e+00	0.000e+00	0.000e+00
161731.50	0.000e+00	0.000e+00	0.000e+00
161732.50	0.000e+00	0.000e+00	0.000e+00
161733.50	0.000e+00	0.000e+00	0.000e+00
161734.50	0.000e+00	0.000e+00	0.000e+00
161735.50	0.000e+00	0.000e+00	0.000e+00
161736.50	0.000e+00	0.000e+00	0.000e+00
161737.50	0.000e+00	0.000e+00	0.000e+00
161738.50	0.000e+00	0.000e+00	0.000e+00
161739.50	0.000e+00	0.000e+00	0.000e+00
161740.50	0.000e+00	0.000e+00	0.000e+00
161741.50	0.000e+00	0.000e+00	0.000e+00
161742.50	0.000e+00	0.000e+00	0.000e+00
161743.50	0.000e+00	0.000e+00	0.000e+00
161744.50	0.000e+00	0.000e+00	0.000e+00
161745.50	0.000e+00	0.000e+00	0.000e+00
161746.50	0.000e+00	0.000e+00	0.000e+00
161747.50	0.000e+00	0.000e+00	0.000e+00
161748.50	0.000e+00	0.000e+00	0.000e+00
161749.50	0.000e+00	0.000e+00	0.000e+00
161750.50	0.000e+00	0.000e+00	0.000e+00
161751.50	0.000e+00	0.000e+00	0.000e+00
161752.50	0.000e+00	0.000e+00	0.000e+00
161753.50	0.000e+00	0.000e+00	0.000e+00
161754.50	0.000e+00	0.000e+00	0.000e+00
161755.50	0.000e+00	0.000e+00	0.000e+00
161756.50	0.000e+00	0.000e+00	0.000e+00
161757.50	0.000e+00	0.000e+00	0.000e+00
161758.50	0.000e+00	0.000e+00	0.000e+00
161759.50	0.000e+00	0.000e+00	0.000e+00
161760.50	0.000e+00	0.000e+00	0.000e+00
161761.50	0.000e+00	0.000e+00	0.000e+00
161762.50	0.000e+00	0.000e+00	0.000e+00
161763.50	0.000e+00	0.000e+00	0.000e+00
161764.50	0.000e+00	0.000e+00	0.000e+00
161765.50	0.000e+00	0.000e+00	0.000e+00
161766.50	0.000e+00	0.000e+00	0.000e+00
161767.50	0.000e+00	0.000e+00	0.000e+00
161768.50	0.000e+00	0.000e+00	0.000e+00
161769.50	0.000e+00	0.000e+00	0.000e+00
161770.50	0.000e+00	0.000e+00	0.000e+00
161771.50	0.000e+00	0.000e+00	0.000e+00
161772.50	0.000e+00	0.000e+00	0.000e+00
161773.50	0.000e+00	0.000e+00	0.000e+00
161774.50	0.000e+00	0.000e+00	0.000e+00
161775.50	0.000e+00	0.000e+00	0.000e+00
161776.50	0.000e+00	0.000e+00	0.000e+00
161777.50	0.000e+00	0.000e+00	0.000e+00
161778.50	0.000e+00	0.000e+00	0.000e+00
161779.50	0.000e+00	0.000e+00	0.000e+00
161780.50	0.000e+00	0.000e+00	0.000e+00
161781.50	0.000e+00	0.000e+00	0.000e+00
161782.50	0.000e+00	0.000e+00	0.000e+00
161783.50	0.000e+00	0.000e+00	0.000e+00
161784.50	0.000e+00	0.000e+00	0.000e+00
161785.50	0.000e+00	0.000e+00	0.000e+00
161786.50	0.000e+00	0.000e+00	0.000e+00
161787.50	0.000e+00	0.000e+00	0.000e+00
161788.50	0.000e+00	0.000e+00	0.000e+00
161789.50	0.000e+00	0.000e+00	0.000e+00
161790.50	0.000e+00	0.000e+00	0.000e+00
161791.50	0.000e+00	0.000e+00	0.000e+00
161792.50	0.000e+00	0.000e+00	0.000e+00
161793.50	0.000e+00	0.000e+00	0.000e+00
161794.50	0.000e+00	0.000e+00	0.000e+00
161795.50	0.000e+00	0.000e+00	0.000e+00
161796.50	0.000e+00	0.000e+00	0.000e+00
161797.50	0.000e+00	0.000e+00	0.000e+00
161798.50	0.000e+00	0.000e+00	0.000e+00
161799.50	0.000e+00	0.000e+00	0.000e+00
161800.50	0.000e+00	0.000e+00	0.000e+00
161801.50	0.000e+00	0.000e+00	0.000e+00
161802.50	0.000e+00	0.000e+00	0.000e+00
161803.50	0.000e+00	0.000e+00	0.000e+00
161804.50	0.000e+00	0.000e+00	0.000e+00
161805.50	0.000e+00	0.000e+00	0.000e+00
161806.50	0.000e+00	0.000e+00	0.000e+00
161807.50	0.000e+00	0.000e+00	0.000e+00
161808.50	0.000e+00	0.000e+00	0.000e+00
161809.50	0.000e+00	0.000e+00	0.000e+00
161810.50	0.000e+00	0.000e+00	0.000e+00
161811.50	0.000e+00	0.000e+00	0.000e+00
161812.50	0.000e+00	0.000e+00	0.000e+00
161813.50	0.000e+00	0.000e+00	0.000e+00
161814.50	0.000e+00	0.000e+00	0.000e+00
161815.50	0.000e+00	0.000e+00	0.000e+00
161816.50	0.000e+00	0.000e+00	0.000e+00
161817.50	0.000e+00	0.000e+00	0.000e+00
161818.50	0.000e+00	0.000e+00	0.000e+00
161819.50	0.000e+00	0.000e+00	0.000e+00
161820.50	0.000e+00	0.000e+00	0.000e+00
161821.50	0.000e+00	0.000e+00	0.000e+00
161822.50	0.000e+00	0.000e+00	0.000e+00
161823.50	0.000e+00	0.000e+00	0.000e+00
161824.50	0.000e+00	0.000e+00	0.000e+00
161825.50	0.000e+00	0.000e+00	0.000e+00
161826.50	0.000e+00	0.000e+00	0.000e+00
161827.50	0.000e+00	0.000e+00	0.000e+00
161828.50	0.000e+00	0.000e+00	0.000e+00
161829.50	0.000e+00	0.000e+00	0.000e+00
161830.50	0.000e+00	0.000e+00	0.000e+00
161831.50	0.000e+00	0.000e+00	0.000e+00
161832.50	0.000e+00	0.000e+00	0.000e+00
161833.50	0.000e+00	0.000e+00	0.000e+00
161834.50	0.000e+00	0.000e+00	0.000e+00
161835.50	0.000e+00	0.000e+00	0.000e+00
161836.50	0.000e+00	0.000e+00	0.000e+00
161837.50	0.000e+00	0.000e+00	0.000e+00
161838.50	0.000e+00	0.000e+00	0.000e+00
161839.50	0.000e+00	0.000e+00	0.000e+00
161840.50	0.000e+00	0.000e+00	0.000e+00
161841.50	0.000e+00	0.000e+00	0.000e+00
161842.50	0.000e+00	0.000e+00	0.000e+00
161843.50	0.000e+00	0.000e+00	0.000e+00
161844.50	0.000e+00	0.000e+00	0.000e+00
161845.50	0.000e+00	0.000e+00	0.000e+00
161846.50	0.000e+00	0.000e+00	0.000e+00
161847.50	0.000e+00	0.000e+00	0.000e+00
161848.50	0.000e+00	0.000e+00	0.000e+00
161849.50	0.000e+00	0.000e+00	0.000e+00
161850.50	0.000e+00	0.000e+00	0.000e+00
161851.50	0.000e+00	0.000e+00	0.000e+00
161852.50	0.000e+00	0.000e+00	0.000e+00
161853.50	0.000e+00	0.000e+00	0.000e+00
161854.50	0.000e+00	0.000e+00	0.000e+00
161855.50	0.000e+00	0.000e+00	0.000e+00
161856.50	0.000e+00	0.000e+00	0.000e+00
161857.50	0.000e+00	0.000e+00	0.000e+00
161858.50	0.000e+00	0.000e+00	0.000e+00
161859.50	0.000e+00	0.000e+00	0.000e+00
161860.50	0.000e+00	0.000e+00	0.000e+00
161861.50	0.000e+00	0.000e+00	0.000e+00
161862.50	0.000e+00	0.000e+00	0.000e+00
161863.50	0.000e+00	0.000e+00	0.000e+00
161864.50	0.000e+00	0.000e+00	0.000e+00
161865.50	0.000e+00	0.000e+00	0.000e+00
161866.50	0.000e+00	0.000e+00	0.000e+00
161867.50	0.000e+00	0.000e+00	0.000e+00
161868.50	0.000e+00	0.000e+00	0.000e+00
161869.50	0.000e+00	0.000e+00	0.000e+00
161870.50	0.000e+00	0.000e+00	0.000e+00
161871.50	0.000e+00	0.000e+00	0.000e+00
161872.50	0.000e+00	0.000e+00	0.000e+00
161873.50	0.000e+00	0.000e+00	0.000e+00
161874.50	4.099e-06	1.363e-04	2.669e-05
161875.50	7.315e-06	1.872e-04	-1.354e-04
161876.50	-8.429e-06	-2.218e-04	1.373e-04
161877.50	-8.141e-07	-2.275e-05	-7.200e-06
161878.50	-7.219e-06	-1.805e-04	1.901e-04
161879.50	-1.008e-05	1.075e-04	1.152e-03
161880.50	-2.496e-05	-6.586e-04	3.638e-04
161881.50	-9.792e-05	-2.813e-03	4.032e-04
161882.50	3.245e-06	6.528e-06	-1.478e-04
161883.50	-2.995e-06	4.195e-04	9.600e-04
161884.50	-3.638e-04	-1.085e-02	7.286e-03
161885.50	-4.022e-03	-1.296e-01	-3.581e-02
161886.50	-3.946e-02	-1.373e+00	-3.149e-01
161887.50	-2.333e-01	-7.402e+00	5.299e-01
161888.50	-1.325e+00	-4.301e+01	-3.869e+00
161889.50	-3.370e+00	-1.037e+02	1.373e+00
161890.50	-5.558e+00	-1.661e+02	6.691e+00
161891.50	-7.546e+00	-2.227e+02	1.651e-02
161892.50	-7.277e+00	-2.131e+02	-1.642e+01
161893.50	-6.720e+00	-1.862e+02	1.613e+00
161894.50	-2.794e+00	-7.306e+01	3.158e-03
161895.50	-9.542e-01	-2.026e+01	3.706e+00
161896.50	1.718e-01	1.123e+01	4.243e+00
161897.50	9.792e-01	3.456e+01	1.027e+01
161898.50	9.888e-01	3.005e+01	-7.018e+00
161899.50	1.642e+00	4.752e+01	-5.386e+00
161900.50	1.910e+00	5.597e+01	-5.290e-02
161901.50	1.728e+00	5.165e+01	7.046e+00
161902.50	1.632e+00	4.522e+01	-4.723e+00
161903.50	1.661e+00	4.790e+01	5.462e-01
161904.50	1.594e+00	4.435e+01	-4.003e+00
161905.50	1.344e+00	3.907e+01	4.368e+00
161906.50	1.430e+00	4.003e+01	-4.022e-01
161907.50	1.114e+00	3.322e+01	5.213e+00
161908.50	1.142e+00	3.139e+01	-4.848e+00
161909.50	1.037e+00	2.890e+01	-1.661e+00
161910.50	1.162e+00	3.245e+01	-2.429e-01
161911.50	9.561e-01	2.784e+01	3.149e+00
161912.50	9.437e-01	2.640e+01	-1.229e+00
161913.50	8.842e-01	2.410e+01	-2.995e+00
161914.50	7.594e-01	2.122e+01	-2.822e-01
161915.50	8.525e-01	2.323e+01	-2.218e+00
161916.50	7.104e-01	2.035e+01	-4.176e-02
161917.50	6.518e-01	1.843e+01	5.040e-01
161918.50	6.576e-01	1.824e+01	-1.008e+00
161919.50	4.070e-01	1.238e+01	2.400e+00
161920.50	4.531e-01	1.306e+01	2.573e+00
161921.50	5.050e-01	1.402e+01	-1.286e+00
161922.50	3.965e-01	1.123e+01	-1.258e+00
161923.50	4.272e-01	1.210e+01	5.318e-01
161924.50	3.706e-01	1.027e+01	-1.498e+00
161925.50	2.880e-01	8.640e+00	2.256e+00
161926.50	4.013e-01	1.142e+01	4.032e-01
161927.50	2.938e-01	8.131e+00	-7.958e-01
161928.50	2.813e-01	8.563e+00	2.045e+00
161929.50	3.168e-01	9.178e+00	2.938e-01
161930.50	3.120e-01	8.736e+00	3.974e-01
161931.50	3.245e-01	9.014e+00	-5.462e-01
161932.50	2.563e-01	7.123e+00	-3.734e-01
161933.50	2.294e-01	6.528e+00	-5.846e-01
161934.50	2.237e-01	6.288e+00	5.712e-01
161935.50	1.824e-01	5.203e+00	-5.136e-02
161936.50	2.093e-01	6.048e+00	3.821e-01
161937.50	2.026e-01	5.981e+00	1.747e-01
161938.50	2.179e-01	5.818e+00	-8.842e-01
161939.50	1.382e-01	3.878e+00	-1.046e-01
161940.50	1.594e-01	4.579e+00	6.470e-01
161941.50	1.594e-01	4.358e+00	-3.072e-01
161942.50	1.546e-01	4.464e+00	1.478e-01
161943.50	1.133e-01	3.082e+00	-3.178e-01
161944.50	9.091e-02	2.842e+00	6.394e-01
161945.50	1.555e-01	4.262e+00	5.261e-01
161946.50	1.469e-01	4.042e+00	5.837e-01
161947.50	9.283e-02	2.966e+00	2.976e-01
161948.50	1.037e-01	3.053e+00	4.310e-01
161949.50	8.966e-02	2.208e+00	-1.142e+00
161950.50	4.550e-02	1.939e+00	-1.526e-03
161951.50	3.821e-02	1.027e+00	1.296e-01
161952.50	1.267e-01	3.370e+00	-1.133e-01
161953.50	7.987e-02	2.275e+00	3.878e-01
161954.50	9.888e-02	2.621e+00	-3.466e-01
161955.50	3.408e-02	1.286e+00	6.010e-01
161956.50	8.064e-02	2.179e+00	1.123e-01
161957.50	4.714e-02	1.661e+00	7.142e-01
161958.50	8.698e-02	2.294e+00	-4.771e-01
161959.50	4.829e-02	1.210e+00	-7.277e-01
161960.50	1.037e-01	2.678e+00	-1.459e-01
161961.50	5.990e-02	1.872e+00	5.146e-01
161962.50	2.141e-02	7.459e-01	3.706e-01
161963.50	5.366e-02	1.594e+00	5.462e-01
161964.50	2.294e-02	8.419e-01	1.027e-01
161965.50	6.480e-02	1.584e+00	-4.896e-01
161966.50	4.858e-02	1.402e+00	5.309e-01
161967.50	2.074e-02	8.650e-01	6.432e-01
161968.50	1.469e-02	4.714e-01	-8.304e-01
161969.50	4.243e-02	1.210e+00	2.285e-01
161970.50	5.779e-02	1.632e+00	-5.510e-01
161971.50	2.304e-02	6.768e-01	-2.285e-01
161972.50	5.213e-02	1.450e+00	3.216e-01
161973.50	3.859e-02	1.200e+00	3.552e-01
161974.50	4.810e-02	1.440e+00	4.685e-01
161975.50	2.803e-02	7.603e-01	-3.293e-01
161976.50	2.035e-02	4.954e-01	-1.008e-01
161977.50	3.360e-02	8.304e-01	-1.478e-01
161978.50	2.784e-02	6.413e-01	-7.728e-02
161979.50	4.589e-02	1.296e+00	-1.248e-02
161980.50	7.094e-03	2.342e-01	-2.266e-01
161981.50	3.216e-02	7.853e-01	-1.843e-01
161982.50	3.034e-02	1.075e+00	5.184e-01
161983.50	6.432e-03	4.176e-01	5.587e-01
161984.50	3.984e-02	1.142e+00	-4.032e-01
161985.50	1.498e-02	3.878e-01	-3.686e-01
161986.50	1.459e-02	3.552e-01	-3.130e-01
161987.50	-1.958e-03	9.888e-02	4.099e-01
161988.50	3.341e-02	7.046e-01	-2.160e-01
161989.50	1.248e-02	3.965e-01	8.534e-03
161990.50	2.938e-02	6.998e-01	-3.533e-01
161991.50	2.899e-02	6.499e-01	-5.126e-01
161992.50	2.842e-02	7.718e-01	2.918e-01
161993.50	2.323e-02	5.299e-01	-9.350e-02
161994.50	3.898e-03	3.149e-01	4.282e-01
161995.50	1.286e-02	2.966e-01	-1.949e-01
161996.50	2.506e-02	4.771e-01	-9.245e-01
161997.50	-1.027e-02	-9.389e-02	8.362e-02
161998.50	2.102e-02	5.933e-01	-6.950e-02
161999.50	1.507e-02	4.474e-01	2.045e-01
162000.50	3.350e-02	9.466e-01	3.648e-01
162001.50	3.005e-03	5.434e-02	-2.026e-01
162002.50	3.696e-03	3.226e-02	2.554e-02
162003.50	2.371e-02	5.290e-01	-1.930e-01
162004.50	1.306e-03	4.819e-02	1.642e-01
162005.50	4.339e-03	1.430e-01	3.014e-01
162006.50	1.862e-02	6.192e-01	3.984e-01
162007.50	2.534e-03	6.874e-02	5.510e-03
162008.50	8.477e-03	3.082e-01	2.717e-01
162009.50	-7.632e-03	-9.437e-02	2.141e-01
162010.50	1.843e-02	5.002e-01	7.363e-02
162011.50	1.517e-02	4.570e-01	-2.342e-01
162012.50	1.315e-02	2.976e-01	-3.734e-01
162013.50	1.642e-02	4.042e-01	-5.414e-02
162014.50	6.480e-03	3.763e-02	-2.371e-01
162015.50	-1.133e-02	-2.381e-01	2.074e-01
162016.50	2.150e-03	1.526e-01	3.389e-02
162017.50	-1.162e-03	9.379e-03	-9.149e-02
162018.50	1.699e-02	5.174e-01	5.837e-02
162019.50	1.728e-02	5.011e-01	1.642e-02
162020.50	-2.333e-02	-4.109e-01	7.123e-02
162021.50	1.094e-02	2.266e-01	-5.962e-02
162022.50	-1.901e-03	1.709e-02	1.622e-01
162023.50	1.094e-02	2.400e-01	-1.632e-01
162024.50	-6.749e-03	-7.181e-02	4.733e-02
162025.50	6.970e-04	4.570e-03	-1.267e-01
162026.50	5.318e-03	1.910e-01	1.795e-01
162027.50	1.056e-02	3.418e-01	1.766e-01
162028.50	1.085e-02	1.795e-01	6.259e-02
162029.50	1.421e-02	1.987e-01	-1.411e-01
162030.50	-1.699e-02	-4.531e-01	9.600e-02
162031.50	1.594e-02	3.648e-01	-4.522e-02
162032.50	-4.752e-03	6.490e-03	2.179e-01
162033.50	9.984e-03	2.218e-01	-2.602e-01
162034.50	1.603e-03	1.709e-02	-4.502e-01
162035.50	-5.386e-04	3.667e-02	6.115e-02
162036.50	7.507e-03	1.526e-01	-4.742e-02
162037.50	1.190e-02	2.842e-01	-9.235e-02
162038.50	1.133e-02	3.677e-01	-6.854e-02
162039.50	-5.242e-03	8.640e-03	1.584e-01
162040.50	1.843e-04	-2.179e-02	1.382e-02
162041.50	1.382e-03	1.248e-03	-1.411e-01
162042.50	-9.696e-03	-2.400e-01	2.323e-02
162043.50	-8.582e-03	-1.238e-01	1.517e-01
162044.50	-3.091e-03	-1.680e-01	6.912e-02
162045.50	1.603e-03	1.632e-01	1.258e-01
162046.50	1.258e-02	3.446e-01	1.392e-02
162047.50	-5.568e-03	-8.496e-02	-1.661e-01
162048.50	8.909e-03	2.467e-01	1.930e-01
162049.50	2.659e-03	1.584e-01	3.437e-01
162050.50	1.075e-02	3.370e-01	1.709e-01
162051.50	2.890e-03	1.094e-01	3.005e-02
162052.50	4.243e-03	9.888e-02	-1.142e-01
162053.50	2.726e-04	1.747e-02	1.344e-01
162054.50	1.219e-02	2.640e-01	-1.267e-01
162055.50	-1.296e-02	-1.958e-01	1.930e-01
162056.50	-2.928e-03	-9.206e-02	-1.200e-01
162057.50	-5.894e-03	-5.539e-02	-9.149e-02
162058.50	1.181e-02	2.794e-01	-9.370e-02
162059.50	-3.062e-03	-1.363e-01	2.467e-01
162060.50	8.208e-03	1.210e-01	-6.336e-02
162061.50	-1.008e-02	-1.834e-01	-2.074e-02
162062.50	-8.688e-03	-1.517e-01	1.114e-01
162063.50	6.576e-04	-4.147e-02	-1.027e-01
162064.50	5.366e-03	1.440e-01	-2.726e-01
162065.50	3.264e-03	8.016e-02	-1.171e-01
162066.50	2.026e-03	8.429e-02	-1.718e-03
162067.50	-2.573e-03	4.090e-02	1.488e-01
162068.50	5.510e-03	6.547e-02	2.256e-01
162069.50	-5.846e-03	-2.390e-01	-1.171e-01
162070.50	1.517e-03	1.526e-01	-4.829e-02
162071.50	2.285e-03	4.646e-02	-1.642e-01
162072.50	1.613e-02	3.706e-01	-1.037e-01
162073.50	4.637e-03	4.368e-02	4.138e-02
162074.50	-1.123e-02	-1.853e-01	2.573e-02
162075.50	1.037e-02	1.910e-01	-2.275e-02
162076.50	1.536e-04	-3.936e-02	5.702e-02
162077.50	-4.646e-03	-7.930e-02	1.958e-01
162078.50	4.982e-03	9.792e-02	-5.213e-02
162079.50	3.331e-03	6.317e-02	-1.315e-02
162080.50	7.795e-03	1.478e-01	6.250e-02
162081.50	-3.446e-03	-5.376e-02	8.813e-02
162082.50	-9.072e-03	-2.131e-01	-1.085e-01
162083.50	-1.526e-02	-2.640e-01	1.949e-01
162084.50	5.846e-03	1.363e-01	1.411e-01
162085.50	4.858e-03	8.083e-02	-2.976e-02
162086.50	-2.035e-03	-6.106e-02	-2.870e-01
162087.50	-7.776e-03	-6.317e-02	1.267e-01
162088.50	8.678e-03	2.707e-01	1.526e-01
162089.50	2.784e-03	7.018e-02	8.899e-03
162090.50	9.216e-03	2.054e-01	5.088e-02
162091.50	1.267e-03	1.546e-02	-4.330e-02
162092.50	-4.992e-04	4.013e-02	-4.838e-02
162093.50	1.440e-04	3.322e-02	1.642e-01
162094.50	7.219e-03	1.123e-01	-1.536e-01
162095.50	5.904e-03	7.987e-02	-1.430e-01
162096.50	-6.413e-04	7.690e-02	2.026e-01
162097.50	-3.014e-03	-6.336e-02	4.397e-02
162098.50	3.014e-03	8.438e-02	-5.942e-02
162099.50	-4.656e-03	2.083e-02	-6.010e-02
162100.50	-3.533e-03	-8.803e-02	-1.027e-01
162101.50	5.338e-03	1.469e-01	2.842e-02
162102.50	-4.195e-03	-9.984e-02	1.872e-02
162103.50	3.485e-03	8.410e-02	1.382e-01
162104.50	-8.688e-04	1.440e-02	2.266e-01
162105.50	9.590e-04	1.104e-02	8.842e-02
162106.50	-2.909e-03	-4.685e-02	1.536e-01
162107.50	2.611e-03	7.584e-02	-3.322e-02
162108.50	1.018e-02	1.680e-01	-2.246e-01
162109.50	-9.984e-05	-6.576e-02	-5.962e-02
162110.50	-6.211e-03	-1.853e-01	-1.066e-01
162111.50	9.984e-03	1.565e-01	1.776e-01
162112.50	-1.488e-03	-5.155e-02	-1.142e-01
162113.50	4.214e-03	1.594e-01	7.382e-02
162114.50	-8.419e-04	-2.774e-04	5.290e-02
162115.50	-3.926e-03	-1.200e-01	-1.181e-01
162116.50	7.891e-03	1.430e-01	-5.654e-02
162117.50	-1.238e-03	4.541e-02	8.189e-02
162118.50	-2.275e-03	-8.074e-02	-1.910e-01
162119.50	-9.130e-04	-3.821e-02	-7.277e-02
162120.50	1.075e-03	2.707e-02	-6.701e-02
162121.50	9.600e-04	3.610e-02	2.218e-01
162122.50	-4.522e-03	6.595e-02	4.848e-02
162123.50	8.371e-04	4.502e-02	-1.690e-01
162124.50	-5.232e-03	-7.613e-02	1.229e-01
162125.50	-2.515e-03	-8.659e-02	-7.267e-02
162126.50	-2.189e-03	6.989e-03	7.958e-02
162127.50	1.632e-03	3.091e-02	-8.592e-02
162128.50	3.235e-03	1.037e-01	2.851e-02
162129.50	9.235e-04	5.914e-02	1.181e-01
162130.50	3.101e-03	7.603e-02	-7.229e-02
162131.50	-4.339e-05	2.131e-02	-2.899e-02
162132.50	-4.214e-03	-1.392e-01	-1.315e-01
162133.50	-4.368e-03	-1.085e-01	-1.027e-01
162134.50	-1.210e-03	-2.294e-02	-1.373e-01
162135.50	-3.043e-03	-9.984e-02	7.142e-02
162136.50	5.645e-04	9.984e-04	-1.930e-02
162137.50	8.611e-03	1.747e-01	-2.074e-01
162138.50	5.261e-03	1.219e-01	-1.459e-02
162139.50	-5.251e-04	-2.362e-02	7.469e-02
162140.50	-1.066e-02	-1.027e-01	1.325e-01
162141.50	2.006e-03	4.877e-02	2.698e-02
162142.50	2.035e-03	3.379e-02	-8.150e-03
162143.50	9.043e-03	2.112e-01	6.720e-02
162144.50	-2.909e-03	-3.370e-02	6.883e-02
162145.50	-2.198e-03	2.573e-02	1.306e-02
162146.50	-1.315e-03	-4.195e-02	-5.261e-02
162147.50	3.446e-04	-6.797e-03	9.792e-02
162148.50	4.762e-04	-6.067e-02	6.365e-02
162149.50	5.789e-03	7.469e-02	1.267e-01
162150.50	1.718e-03	8.381e-02	-3.984e-02
162151.50	-6.019e-03	-1.776e-01	3.466e-02
162152.50	6.067e-03	1.114e-01	4.099e-02
162153.50	5.107e-03	-1.046e-02	-5.539e-02
162154.50	5.894e-04	-7.210e-02	-2.045e-02
162155.50	-3.139e-03	-9.437e-02	-4.992e-02
162156.50	-1.594e-03	-1.488e-02	-4.915e-03
162157.50	-3.168e-03	-2.909e-02	-7.747e-02
162158.50	-2.218e-03	-9.072e-02	-9.312e-02
162159.50	-3.946e-03	-1.219e-01	-1.267e-01
162160.50	1.795e-03	8.246e-02	5.693e-02
162161.50	-4.579e-03	1.162e-02	1.210e-01
162162.50	6.288e-05	-2.458e-02	8.784e-02
162163.50	-5.981e-03	-1.008e-01	-9.984e-03
162164.50	-8.189e-04	-3.926e-02	5.722e-02
162165.50	-4.195e-03	8.304e-02	-1.334e-01
162166.50	4.454e-03	1.229e-02	-9.792e-02
162167.50	5.472e-03	9.600e-02	-4.589e-02
162168.50	3.965e-03	6.173e-02	-4.618e-02
162169.50	-1.824e-03	-4.790e-02	8.563e-02
162170.50	-4.320e-03	-7.402e-02	4.896e-02
162171.50	-2.813e-03	-1.786e-02	9.475e-02
162172.50	-1.114e-03	-2.035e-02	-4.061e-03
162173.50	2.688e-03	7.133e-02	-7.008e-02
162174.50	2.323e-03	7.037e-02	-1.958e-01
162175.50	-1.747e-03	-3.283e-02	1.392e-01
162176.50	-6.211e-04	-3.859e-02	1.507e-01
162177.50	-1.882e-03	-5.040e-03	-1.008e-02
162178.50	-3.917e-03	-4.618e-02	4.214e-02
162179.50	5.251e-03	5.712e-02	-9.696e-02
162180.50	5.750e-03	5.126e-02	1.354e-02
162181.50	7.843e-03	1.142e-01	-7.133e-02
162182.50	-5.914e-03	-9.494e-02	-4.243e-02
162183.50	-4.070e-03	-8.870e-02	3.091e-02
162184.50	8.006e-04	4.627e-03	-4.330e-02
162185.50	3.715e-03	2.429e-02	2.774e-02
162186.50	7.920e-04	-1.018e-01	6.778e-02
162187.50	1.123e-03	7.363e-02	1.296e-02
162188.50	2.429e-04	2.736e-02	-3.859e-02
162189.50	3.888e-03	8.035e-02	-4.358e-02
162190.50	-4.637e-03	-2.707e-02	-2.861e-02
162191.50	2.765e-03	6.749e-02	-4.368e-02
162192.50	3.216e-03	8.419e-02	6.778e-03
162193.50	7.901e-04	3.898e-02	-1.008e-01
162194.50	-4.118e-03	-2.938e-02	3.389e-02
162195.50	-1.056e-04	4.186e-02	1.555e-01
162196.50	-1.555e-03	-2.966e-02	-5.702e-02
162197.50	-5.213e-03	-1.574e-02	7.296e-02
162198.50	2.467e-04	-2.582e-02	-1.210e-01
162199.50	-1.286e-04	-8.870e-02	-1.037e-01
162200.50	-2.918e-03	-8.842e-02	2.486e-03
162201.50	-4.262e-04	-2.842e-03	1.680e-03
162202.50	-3.437e-03	-8.957e-02	-3.168e-02
162203.50	-3.427e-03	-4.886e-02	3.101e-02
162204.50	1.123e-02	1.200e-01	-1.334e-04
162205.50	3.024e-04	8.189e-02	1.094e-02
162206.50	2.371e-04	-5.002e-02	6.691e-02
162207.50	2.544e-03	7.498e-02	2.208e-02
162208.50	-3.936e-03	-2.717e-02	1.891e-02
162209.50	5.405e-03	5.616e-02	-2.150e-02
162210.50	-1.018e-04	-3.043e-02	3.648e-02
162211.50	5.616e-03	1.354e-01	-1.997e-02
162212.50	-1.949e-03	-8.698e-02	-1.987e-02
162213.50	2.947e-03	8.976e-02	6.970e-02
162214.50	-1.795e-03	-3.043e-02	2.630e-03
162215.50	-2.198e-03	-4.570e-02	-8.304e-02
162216.50	5.098e-03	1.219e-01	6.163e-02
162217.50	2.045e-03	6.854e-02	-5.712e-02
162218.50	-1.430e-03	-3.965e-03	6.106e-02
162219.50	3.197e-03	1.018e-01	4.349e-02
162220.50	-3.120e-04	-3.168e-02	2.170e-02
162221.50	1.411e-03	5.645e-02	1.651e-01
162222.50	2.275e-05	-3.965e-02	-1.997e-01
162223.50	-4.838e-03	-5.222e-02	4.282e-02
162224.50	-8.861e-04	-3.062e-02	-3.331e-02
162225.50	1.181e-03	2.563e-02	-9.466e-02
162226.50	-1.210e-04	4.243e-02	-8.726e-03
162227.50	-2.294e-03	-6.691e-03	3.542e-02
162228.50	2.266e-03	6.653e-02	-1.709e-02
162229.50	8.870e-04	2.294e-02	-4.618e-02
162230.50	-7.901e-04	-4.378e-02	6.931e-02
162231.50	6.739e-04	-5.357e-03	-9.792e-02
162232.50	-2.006e-03	-3.389e-02	-1.027e-01
162233.50	-1.296e-03	-3.101e-02	5.549e-02
162234.50	1.997e-03	4.282e-02	5.722e-02
162235.50	-1.219e-03	-3.168e-02	-3.638e-02
162236.50	1.786e-03	4.349e-02	8.554e-02
162237.50	4.195e-03	5.155e-02	-1.786e-02
162238.50	-2.554e-03	-3.485e-02	4.877e-03
162239.50	-2.602e-04	-2.102e-02	3.062e-02
162240.50	2.256e-03	4.291e-04	5.021e-04
162241.50	-5.194e-03	-1.037e-01	6.096e-02
162242.50	8.582e-03	1.776e-01	-5.376e-02
162243.50	-9.091e-03	-2.390e-02	9.091e-03
162244.50	-2.544e-03	-4.675e-02	5.846e-02
162245.50	-3.197e-03	-1.075e-01	-4.282e-02
162246.50	1.306e-03	2.218e-02	-1.392e-01
162247.50	-7.354e-05	-3.053e-02	-3.898e-04
162248.50	-1.814e-03	-5.117e-02	4.810e-02
162249.50	-2.016e-03	-7.027e-03	2.323e-02
162250.50	-3.523e-03	-7.920e-02	-7.027e-03
162251.50	5.990e-05	3.571e-02	7.267e-02
162252.50	7.190e-04	2.659e-02	-5.539e-02
162253.50	3.763e-04	1.594e-02	-3.542e-02
162254.50	-3.696e-03	-8.371e-02	7.325e-02
162255.50	-4.829e-04	4.003e-02	1.056e-01
162256.50	2.016e-03	1.421e-03	-3.888e-02
162257.50	1.238e-03	6.125e-02	2.045e-02
162258.50	-3.130e-03	-9.062e-02	-7.123e-02
162259.50	-3.917e-04	-6.221e-02	2.947e-02
162260.50	4.176e-03	4.022e-02	-4.013e-02
162261.50	2.342e-03	5.664e-02	3.658e-02
162262.50	-1.382e-03	-1.766e-02	4.214e-02
162263.50	-7.373e-04	-4.272e-03	9.792e-02
162264.50	-4.925e-03	-7.344e-02	1.997e-02
162265.50	8.746e-04	6.269e-02	-4.243e-02
162266.50	2.150e-03	8.054e-02	4.166e-02
162267.50	-1.488e-03	-5.539e-02	4.915e-02
162268.50	-5.107e-03	-1.392e-01	-8.016e-03
162269.50	1.373e-03	3.197e-02	1.651e-02
162270.50	-1.968e-03	-5.395e-02	-5.875e-02
162271.50	2.362e-03	4.992e-02	-6.163e-02
162272.50	-1.776e-03	-4.685e-02	-6.950e-02
162273.50	3.062e-03	-1.536e-02	-9.696e-02
162274.50	3.398e-04	3.226e-02	3.552e-02
162275.50	7.277e-04	3.946e-02	2.477e-03
162276.50	1.296e-03	8.582e-02	8.918e-03
162277.50	-1.382e-03	-7.882e-02	-9.888e-02
162278.50	2.861e-03	5.942e-02	-9.264e-02
162279.50	1.306e-03	2.237e-02	5.011e-02
