161681.50	0.000e+00	0.000e+00	0.000e+00
161682.50	0.000e+00	0.000e+00	0.000e+00
161683.50	0.000e+00	0.000e+00	0.000e+00
161684.50	0.000e+00	0.000e+00	0.000e+00
161685.50	0.000e+00	0.000e+00	0.000e+00
161686.50	0.000e+00	0.000e+00	0.000e+00
161687.50	0.000e+00	0.000e+00	0.000e+00
161688.50	0.000e+00	0.000e+00	0.000e+00
161689.50	0.000e+00	0.000e+00	0.000e+00
161690.50	0.000e+00	0.000e+00	0.000e+00
161691.50	0.000e+00	0.000e+00	0.000e+00
161692.50	0.000e+00	0.000e+00	0.000e+00
161693.50	0.000e+00	0.000e+00	0.000e+00
161694.50	0.000e+00	0.000e+00	0.000e+00
161695.50	0.000e+00	0.000e+00	0.000e+00
161696.50	0.000e+00	0.000e+00	0.000e+00
161697.50	0.000e+00	0.000e+00	0.000e+00
161698.50	0.000e+00	0.000e+00	0.000e+00
161699.50	0.000e+00	0.000e+00	0.000e+00
161700.50	0.000e+00	0.000e+00	0.000e+00
161701.50	0.000e+00	0.000e+00	0.000e+00
161702.50	0.000e+00	0.000e+00	0.000e+00
161703.50	0.000e+00	0.000e+00	0.000e+00
161704.50	0.000e+00	0.000e+00	0.000e+00
161705.50	0.000e+00	0.000e+00	0.000e+00
161706.50	0.000e+00	0.000e+00	0.000e+00
161707.50	0.000e+00	0.000e+00	0.000e+00
161708.50	0.000e+00	0.000e+00	0.000e+00
161709.50	0.000e+00	0.000e+00	0.000e+00
161710.50	0.000e+00	0.000e+00	0.000e+00
161711.50	0.000e+00	0.000e+00	0.000e+00
161712.50	0.000e+00	0.000e+00	0.000e+00
161713.50	0.000e+00	0.000e+00	0.000e+00
161714.50	0.000e+00	0.000e+00	0.000e+00
161715.50	0.000e+00	0.000e+00	0.000e+00
161716.50	0.000e+00	0.000e+00	0.000e+00
161717.50	0.000e+00	0.000e+00	0.000e+00
161718.50	0.000e+00	0.000e+00	0.000e+00
161719.50	0.000e+00	0.000e+00	0.000e+00
161720.50	0.000e+00	0.000e+00	0.000e+00
161721.50	0.000e+00	0.000e+00	0.000e+00
161722.50	0.000e+00	0.000e+00	0.000e+00
161723.50	0.000e+00	0.000e+00	0.000e+00
161724.50	0.000e+00	0.000e+00	0.000e+00
161725.50	0.000e+00	0.000e+00	0.000e+00
161726.50	0.000e+00	0.000e+00	0.000e+00
161727.50	0.000e+00	0.000e+00	0.000e+00
161728.50	0.000e+00	0.000e+00	0.000e+00
161729.50	0.000e+00	0.000e+00	0.000e+00
161730.50	0.000e+00	0.000e+00	0.000e+00
161731.50	0.000e+00	0.000e+00	0.000e+00
161732.50	0.000e+00	0.000e+00	0.000e+00
161733.50	0.000e+00	0.000e+00	0.000e+00
161734.50	0.000e+00	0.000e+00	0.000e+00
161735.50	0.000e+00	0.000e+00	0.000e+00
161736.50	0.000e+00	0.000e+00	0.000e+00
161737.50	0.000e+00	0.000e+00	0.000e+00
161738.50	0.000e+00	0.000e+00	0.000e+00
161739.50	0.000e+00	0.000e+00	0.000e+00
161740.50	0.000e+00	0.000e+00	0.000e+00
161741.50	0.000e+00	0.000e+00	0.000e+00
161742.50	0.000e+00	0.000e+00	0.000e+00
161743.50	0.000e+00	0.000e+00	0.000e+00
161744.50	0.000e+00	0.000e+00	0.000e+00
161745.50	0.000e+00	0.000e+00	0.000e+00
161746.50	0.000e+00	0.000e+00	0.000e+00
161747.50	0.000e+00	0.000e+00	0.000e+00
161748.50	0.000e+00	0.000e+00	0.000e+00
161749.50	0.000e+00	0.000e+00	0.000e+00
161750.50	0.000e+00	0.000e+00	0.000e+00
161751.50	0.000e+00	0.000e+00	0.000e+00
161752.50	0.000e+00	0.000e+00	0.000e+00
161753.50	0.000e+00	0.000e+00	0.000e+00
161754.50	0.000e+00	0.000e+00	0.000e+00
161755.50	0.000e+00	0.000e+00	0.000e+00
161756.50	0.000e+00	0.000e+00	0.000e+00
161757.50	0.000e+00	0.000e+00	0.000e+00
161758.50	0.000e+00	0.000e+00	0.000e+00
161759.50	0.000e+00	0.000e+00	0.000e+00
161760.50	0.000e+00	0.000e+00	0.000e+00
161761.50	0.000e+00	0.000e+00	0.000e+00
161762.50	0.000e+00	0.000e+00	0.000e+00
161763.50	0.000e+00	0.000e+00	0.000e+00
161764.50	0.000e+00	0.000e+00	0.000e+00
161765.50	0.000e+00	0.000e+00	0.000e+00
161766.50	0.000e+00	0.000e+00	0.000e+00
161767.50	0.000e+00	0.000e+00	0.000e+00
161768.50	0.000e+00	0.000e+00	0.000e+00
161769.50	0.000e+00	0.000e+00	0.000e+00
161770.50	0.000e+00	0.000e+00	0.000e+00
161771.50	0.000e+00	0.000e+00	0.000e+00
161772.50	0.000e+00	0.000e+00	0.000e+00
161773.50	0.000e+00	0.000e+00	0.000e+00
161774.50	0.000e+00	0.000e+00	0.000e+00
161775.50	0.000e+00	0.000e+00	0.000e+00
161776.50	0.000e+00	0.000e+00	0.000e+00
161777.50	0.000e+00	0.000e+00	0.000e+00
161778.50	0.000e+00	0.000e+00	0.000e+00
161779.50	0.000e+00	0.000e+00	0.000e+00
161780.50	0.000e+00	0.000e+00	0.000e+00
161781.50	0.000e+00	0.000e+00	0.000e+00
161782.50	0.000e+00	0.000e+00	0.000e+00
161783.50	0.000e+00	0.000e+00	0.000e+00
161784.50	0.000e+00	0.000e+00	0.000e+00
161785.50	0.000e+00	0.000e+00	0.000e+00
161786.50	0.000e+00	0.000e+00	0.000e+00
161787.50	0.000e+00	0.000e+00	0.000e+00
161788.50	0.000e+00	0.000e+00	0.000e+00
161789.50	0.000e+00	0.000e+00	0.000e+00
161790.50	0.000e+00	0.000e+00	0.000e+00
161791.50	0.000e+00	0.000e+00	0.000e+00
161792.50	0.000e+00	0.000e+00	0.000e+00
161793.50	0.000e+00	0.000e+00	0.000e+00
161794.50	0.000e+00	0.000e+00	0.000e+00
161795.50	0.000e+00	0.000e+00	0.000e+00
161796.50	0.000e+00	0.000e+00	0.000e+00
161797.50	0.000e+00	0.000e+00	0.000e+00
161798.50	0.000e+00	0.000e+00	0.000e+00
161799.50	0.000e+00	0.000e+00	0.000e+00
161800.50	0.000e+00	0.000e+00	0.000e+00
161801.50	0.000e+00	0.000e+00	0.000e+00
161802.50	0.000e+00	0.000e+00	0.000e+00
161803.50	0.000e+00	0.000e+00	0.000e+00
161804.50	0.000e+00	0.000e+00	0.000e+00
161805.50	0.000e+00	0.000e+00	0.000e+00
161806.50	0.000e+00	0.000e+00	0.000e+00
161807.50	0.000e+00	0.000e+00	0.000e+00
161808.50	0.000e+00	0.000e+00	0.000e+00
161809.50	0.000e+00	0.000e+00	0.000e+00
161810.50	0.000e+00	0.000e+00	0.000e+00
161811.50	0.000e+00	0.000e+00	0.000e+00
161812.50	0.000e+00	0.000e+00	0.000e+00
161813.50	0.000e+00	0.000e+00	0.000e+00
161814.50	0.000e+00	0.000e+00	0.000e+00
161815.50	0.000e+00	0.000e+00	0.000e+00
161816.50	0.000e+00	0.000e+00	0.000e+00
161817.50	0.000e+00	0.000e+00	0.000e+00
161818.50	0.000e+00	0.000e+00	0.000e+00
161819.50	0.000e+00	0.000e+00	0.000e+00
161820.50	0.000e+00	0.000e+00	0.000e+00
161821.50	0.000e+00	0.000e+00	0.000e+00
161822.50	0.000e+00	0.000e+00	0.000e+00
161823.50	0.000e+00	0.000e+00	0.000e+00
161824.50	0.000e+00	0.000e+00	0.000e+00
161825.50	0.000e+00	0.000e+00	0.000e+00
161826.50	0.000e+00	0.000e+00	0.000e+00
161827.50	0.000e+00	0.000e+00	0.000e+00
161828.50	0.000e+00	0.000e+00	0.000e+00
161829.50	0.000e+00	0.000e+00	0.000e+00
161830.50	0.000e+00	0.000e+00	0.000e+00
161831.50	0.000e+00	0.000e+00	0.000e+00
161832.50	0.000e+00	0.000e+00	0.000e+00
161833.50	0.000e+00	0.000e+00	0.000e+00
161834.50	0.000e+00	0.000e+00	0.000e+00
161835.50	0.000e+00	0.000e+00	0.000e+00
161836.50	0.000e+00	0.000e+00	0.000e+00
161837.50	0.000e+00	0.000e+00	0.000e+00
161838.50	0.000e+00	0.000e+00	0.000e+00
161839.50	0.000e+00	0.000e+00	0.000e+00
161840.50	0.000e+00	0.000e+00	0.000e+00
161841.50	0.000e+00	0.000e+00	0.000e+00
161842.50	0.000e+00	0.000e+00	0.000e+00
161843.50	0.000e+00	0.000e+00	0.000e+00
161844.50	0.000e+00	0.000e+00	0.000e+00
161845.50	0.000e+00	0.000e+00	0.000e+00
161846.50	0.000e+00	0.000e+00	0.000e+00
161847.50	0.000e+00	0.000e+00	0.000e+00
161848.50	0.000e+00	0.000e+00	0.000e+00
161849.50	0.000e+00	0.000e+00	0.000e+00
161850.50	0.000e+00	0.000e+00	0.000e+00
161851.50	0.000e+00	0.000e+00	0.000e+00
161852.50	0.000e+00	0.000e+00	0.000e+00
161853.50	0.000e+00	0.000e+00	0.000e+00
161854.50	0.000e+00	0.000e+00	0.000e+00
161855.50	0.000e+00	0.000e+00	0.000e+00
161856.50	0.000e+00	0.000e+00	0.000e+00
161857.50	0.000e+00	0.000e+00	0.000e+00
161858.50	0.000e+00	0.000e+00	0.000e+00
161859.50	0.000e+00	0.000e+00	0.000e+00
161860.50	0.000e+00	0.000e+00	0.000e+00
161861.50	0.000e+00	0.000e+00	0.000e+00
161862.50	0.000e+00	0.000e+00	0.000e+00
161863.50	0.000e+00	0.000e+00	0.000e+00
161864.50	0.000e+00	0.000e+00	0.000e+00
161865.50	0.000e+00	0.000e+00	0.000e+00
161866.50	0.000e+00	0.000e+00	0.000e+00
161867.50	0.000e+00	0.000e+00	0.000e+00
161868.50	0.000e+00	0.000e+00	0.000e+00
161869.50	0.000e+00	0.000e+00	0.000e+00
161870.50	0.000e+00	0.000e+00	0.000e+00
161871.50	0.000e+00	0.000e+00	0.000e+00
161872.50	0.000e+00	0.000e+00	0.000e+00
161873.50	0.000e+00	0.000e+00	0.000e+00
161874.50	0.000e+00	0.000e+00	0.000e+00
161875.50	0.000e+00	0.000e+00	0.000e+00
161876.50	0.000e+00	0.000e+00	0.000e+00
161877.50	3.869e-06	2.189e-03	-2.928e-04
161878.50	4.013e-05	1.517e-03	1.162e-03
161879.50	3.053e-06	-2.938e-03	8.822e-04
161880.50	1.008e-04	2.083e-03	2.640e-03
161881.50	3.082e-05	4.426e-03	-2.083e-03
161882.50	-1.133e-04	-7.258e-03	-1.334e-03
161883.50	-1.901e-04	6.077e-03	-6.883e-03
161884.50	-2.179e-04	7.968e-03	-6.470e-03
161885.50	-2.928e-04	5.741e-02	-2.486e-03
161886.50	5.645e-04	-2.275e-02	1.949e-02
161887.50	8.995e-04	-3.658e-02	3.370e-02
161888.50	1.373e-03	-2.995e-01	6.182e-02
161889.50	-8.323e-03	-8.102e-01	-3.792e-01
161890.50	1.440e-02	-1.190e+01	6.230e-01
161891.50	2.544e-01	-6.086e+01	1.104e+01
161892.50	6.394e-01	-1.469e+02	2.611e+01
161893.50	1.709e+00	-2.534e+02	6.778e+01
161894.50	1.430e+00	-3.034e+02	5.299e+01
161895.50	1.046e+00	-2.909e+02	3.523e+01
161896.50	8.208e-01	-1.421e+02	2.582e+01
161897.50	1.642e-01	-5.904e+01	8.678e-01
161898.50	2.112e-01	-4.685e+00	4.051e+00
161899.50	8.410e-02	2.640e+01	-8.198e-01
161900.50	-4.378e-01	5.472e+01	-1.834e+01
161901.50	-3.734e-01	5.942e+01	-1.565e+01
161902.50	-5.347e-01	6.902e+01	-2.045e+01
161903.50	-1.277e-01	6.528e+01	-6.240e+00
161904.50	-3.898e-01	6.701e+01	-1.402e+01
161905.50	-2.563e-01	5.578e+01	-9.984e+00
161906.50	-3.763e-01	5.712e+01	-1.373e+01
161907.50	-2.947e-01	5.664e+01	-1.094e+01
161908.50	-2.237e-01	4.406e+01	-8.304e+00
161909.50	-2.141e-01	4.090e+01	-7.930e+00
161910.50	-1.229e-01	3.878e+01	-5.040e+00
161911.50	-2.573e-01	4.291e+01	-9.005e+00
161912.50	-1.584e-01	3.475e+01	-5.251e+00
161913.50	-2.362e-01	3.293e+01	-8.525e+00
161914.50	-2.410e-01	3.331e+01	-8.160e+00
161915.50	-9.293e-02	3.110e+01	-2.544e+00
161916.50	-1.027e-01	2.611e+01	-3.418e+00
161917.50	-5.530e-02	2.237e+01	-1.651e+00
161918.50	-4.579e-02	2.237e+01	-1.555e+00
161919.50	-1.114e-01	2.131e+01	-3.600e+00
161920.50	-1.066e-01	1.939e+01	-3.744e+00
161921.50	-1.018e-02	1.757e+01	7.430e-02
161922.50	-5.069e-02	1.757e+01	-1.680e+00
161923.50	9.600e-03	1.584e+01	4.627e-01
161924.50	-1.027e-01	1.488e+01	-3.456e+00
161925.50	-8.669e-02	1.507e+01	-2.851e+00
161926.50	-8.928e-02	1.248e+01	-2.765e+00
161927.50	-4.934e-02	1.507e+01	-1.901e+00
161928.50	-8.237e-02	1.152e+01	-2.534e+00
161929.50	-6.240e-02	1.200e+01	-2.026e+00
161930.50	-2.362e-02	1.133e+01	-8.995e-01
161931.50	-4.291e-02	9.888e+00	-1.219e+00
161932.50	-1.142e-01	9.437e+00	-3.600e+00
161933.50	-5.818e-02	8.842e+00	-1.699e+00
161934.50	-1.939e-02	8.410e+00	-4.378e-01
161935.50	-1.478e-02	8.342e+00	-2.208e-01
161936.50	-1.046e-04	7.411e+00	-1.670e-01
161937.50	-1.546e-02	7.459e+00	-2.813e-01
161938.50	-3.830e-02	6.240e+00	-1.190e+00
161939.50	-1.392e-02	5.155e+00	-3.158e-01
161940.50	-7.690e-02	5.971e+00	-2.621e+00
161941.50	-8.016e-03	4.963e+00	-2.400e-01
161942.50	-1.421e-02	6.240e+00	-7.891e-02
161943.50	1.728e-02	5.405e+00	7.526e-01
161944.50	-2.698e-02	6.106e+00	-1.142e+00
161945.50	-2.515e-02	4.512e+00	-5.750e-01
161946.50	-1.114e-03	5.856e+00	4.723e-02
161947.50	1.354e-02	4.234e+00	5.232e-01
161948.50	-2.150e-02	3.034e+00	-6.346e-01
161949.50	-2.342e-02	3.370e+00	-5.779e-01
161950.50	4.531e-03	3.811e+00	2.208e-01
161951.50	-2.275e-03	3.590e+00	7.603e-02
161952.50	-3.110e-02	3.427e+00	-1.008e+00
161953.50	-5.520e-03	3.370e+00	-1.901e-01
161954.50	-3.984e-02	2.986e+00	-1.210e+00
161955.50	-1.594e-02	3.446e+00	-4.378e-01
161956.50	-5.117e-03	2.688e+00	-7.171e-02
161957.50	7.949e-04	3.091e+00	-5.453e-02
161958.50	-1.181e-02	2.467e+00	-3.466e-01
161959.50	-1.805e-02	2.659e+00	-4.061e-01
161960.50	7.718e-03	1.594e+00	-6.490e-02
161961.50	-2.227e-02	1.709e+00	-5.933e-01
161962.50	-3.158e-02	2.208e+00	-9.600e-01
161963.50	1.728e-02	1.507e+00	6.960e-01
161964.50	6.336e-03	2.179e+00	3.178e-02
161965.50	-3.600e-02	2.630e+00	-8.218e-01
161966.50	-2.026e-02	1.920e+00	-5.894e-01
161967.50	1.104e-02	9.293e-01	2.784e-01
161968.50	-6.144e-03	1.402e+00	-1.325e-01
161969.50	-1.978e-02	1.142e+00	-4.560e-01
161970.50	-1.661e-02	1.008e+00	-5.472e-01
161971.50	-1.459e-02	1.872e+00	-3.379e-01
161972.50	8.707e-03	6.394e-01	1.526e-01
161973.50	1.075e-03	1.843e+00	-2.602e-01
161974.50	-2.554e-02	1.018e+00	-6.806e-01
161975.50	-9.590e-03	4.714e-01	-2.669e-01
161976.50	-1.718e-02	1.382e+00	-4.810e-01
161977.50	-1.997e-02	1.526e+00	-4.829e-01
161978.50	1.354e-02	4.867e-01	4.099e-01
161979.50	-3.955e-03	6.912e-01	-1.411e-01
161980.50	1.392e-02	8.669e-01	4.464e-01
161981.50	-1.181e-02	1.008e+00	-5.414e-02
161982.50	3.926e-03	1.315e+00	7.277e-02
161983.50	-1.776e-02	1.162e+00	-5.021e-01
161984.50	-1.162e-02	4.704e-01	-2.448e-01
161985.50	3.091e-04	4.886e-01	-8.515e-02
161986.50	-2.189e-02	8.285e-01	-6.931e-01
161987.50	-5.270e-03	5.299e-01	-2.688e-01
161988.50	1.334e-03	6.230e-01	-4.406e-02
161989.50	6.221e-03	3.888e-01	2.669e-01
161990.50	1.104e-02	3.734e-01	4.195e-01
161991.50	-9.792e-03	4.829e-01	-1.622e-01
161992.50	-1.498e-02	5.770e-01	-4.176e-01
161993.50	-8.285e-03	7.738e-01	-1.478e-01
161994.50	5.894e-03	9.110e-01	4.954e-02
161995.50	-2.486e-02	8.554e-01	-8.458e-01
161996.50	-2.573e-02	5.779e-01	-7.229e-01
161997.50	2.304e-03	-2.093e-02	2.774e-01
161998.50	1.440e-02	5.894e-01	3.610e-01
161999.50	-8.035e-03	1.210e-01	-2.189e-01
162000.50	-1.219e-02	5.866e-01	-3.744e-01
162001.50	4.080e-03	2.918e-01	1.642e-01
162002.50	7.430e-03	7.229e-01	3.581e-01
162003.50	4.397e-03	8.323e-01	7.526e-03
162004.50	5.539e-03	1.834e-01	1.584e-01
162005.50	-6.182e-03	-3.418e-02	-2.045e-01
162006.50	-7.574e-04	3.235e-02	9.792e-02
162007.50	7.344e-03	6.816e-01	3.888e-02
162008.50	-1.738e-02	3.619e-01	-3.389e-01
162009.50	-1.238e-02	6.384e-01	-3.187e-01
162010.50	-2.266e-02	1.085e-01	-5.875e-01
162011.50	-3.821e-03	6.653e-01	-1.978e-01
162012.50	1.085e-02	4.608e-01	3.283e-01
162013.50	1.382e-02	-2.045e-01	5.578e-01
162014.50	9.696e-04	-1.690e-01	1.613e-02
162015.50	1.421e-03	5.395e-01	2.275e-02
162016.50	-7.901e-04	2.851e-01	-5.549e-03
162017.50	-7.613e-03	4.234e-02	-1.613e-01
162018.50	3.341e-03	5.568e-02	8.314e-02
162019.50	5.194e-03	-5.462e-02	1.363e-01
162020.50	-8.227e-03	2.064e-01	-2.285e-01
162021.50	-8.285e-03	1.814e-01	-2.678e-01
162022.50	-7.046e-03	-4.675e-02	-2.438e-01
162023.50	3.850e-03	5.021e-01	1.670e-01
162024.50	-5.846e-03	3.514e-01	-6.557e-02
162025.50	-2.410e-03	1.392e-01	-9.024e-02
162026.50	-2.160e-02	3.418e-01	-5.971e-01
162027.50	-1.421e-02	3.389e-02	-4.522e-01
162028.50	1.517e-02	1.421e-01	4.051e-01
162029.50	-1.085e-03	7.354e-01	-6.662e-02
162030.50	9.600e-03	9.370e-02	2.899e-01
162031.50	-1.094e-03	3.715e-04	-1.046e-01
162032.50	-1.286e-02	-2.486e-01	-3.024e-01
162033.50	7.354e-03	-5.040e-03	2.458e-01
162034.50	1.603e-02	4.013e-01	3.907e-01
162035.50	-8.899e-03	3.418e-01	-2.582e-01
162036.50	-6.461e-03	3.360e-02	-2.045e-01
162037.50	-9.389e-04	3.005e-02	7.958e-03
162038.50	-1.306e-03	7.834e-02	-2.582e-02
162039.50	-2.592e-03	3.830e-01	5.789e-02
162040.50	4.224e-03	1.478e-01	2.362e-01
162041.50	-3.005e-03	9.024e-02	-5.760e-02
162042.50	9.139e-03	-4.109e-03	2.755e-01
162043.50	-2.170e-03	-2.669e-02	1.853e-02
162044.50	-5.894e-03	4.090e-01	-5.693e-02
162045.50	-4.771e-03	-2.554e-01	-1.315e-01
162046.50	-7.306e-03	2.006e-01	-2.064e-01
162047.50	6.528e-03	1.795e-01	6.134e-02
162048.50	-3.197e-03	2.208e-01	-7.642e-02
162049.50	1.200e-03	2.861e-01	6.403e-02
162050.50	2.448e-03	-2.352e-01	2.419e-02
162051.50	-6.509e-04	2.218e-01	1.142e-03
162052.50	-3.802e-03	1.334e-01	-9.226e-02
162053.50	-6.979e-04	1.306e-01	4.483e-02
162054.50	-1.632e-03	-1.123e-01	-3.485e-02
162055.50	-8.064e-04	2.918e-01	4.618e-02
162056.50	-3.629e-03	-1.027e-01	1.354e-01
162057.50	4.224e-03	2.227e-02	5.443e-02
162058.50	6.192e-03	1.651e-01	1.978e-01
162059.50	3.658e-03	1.315e-01	1.526e-01
162060.50	-3.638e-04	5.443e-01	1.930e-02
162061.50	-4.330e-04	-1.056e-01	-9.600e-02
162062.50	-1.066e-03	-2.966e-01	-1.450e-01
162063.50	-1.085e-02	1.709e-01	-2.803e-01
162064.50	3.130e-03	9.552e-02	1.085e-01
162065.50	-1.133e-02	6.960e-02	-2.131e-01
162066.50	-7.018e-03	1.632e-01	-1.968e-01
162067.50	-2.035e-03	4.454e-02	-1.229e-01
162068.50	-3.494e-03	-7.344e-02	-2.198e-01
162069.50	1.901e-03	-5.462e-02	1.392e-01
162070.50	5.702e-03	-1.075e-01	-1.210e-01
162071.50	1.152e-02	2.890e-01	3.571e-01
162072.50	-6.528e-03	7.181e-03	-1.411e-01
162073.50	-4.099e-03	-3.677e-03	-6.672e-02
162074.50	-2.170e-03	-2.006e-01	-8.966e-02
162075.50	-1.210e-04	6.211e-02	2.333e-02
162076.50	-2.390e-03	8.477e-02	-6.317e-02
162077.50	-1.258e-02	-5.933e-02	-3.226e-01
162078.50	-8.122e-03	2.496e-01	-2.150e-01
162079.50	1.786e-03	8.851e-02	1.018e-01
162080.50	7.296e-03	-6.662e-02	1.670e-01
162081.50	4.752e-03	2.602e-01	9.389e-02
162082.50	9.110e-03	5.376e-02	3.178e-01
162083.50	7.238e-03	6.682e-02	2.410e-01
162084.50	-2.064e-03	5.981e-02	-7.056e-02
162085.50	6.768e-04	2.352e-01	-1.334e-01
162086.50	1.498e-03	9.283e-02	-2.986e-02
162087.50	-2.275e-02	5.347e-02	-4.099e-01
162088.50	1.382e-02	3.072e-02	3.754e-01
162089.50	-4.906e-03	6.787e-02	-6.278e-02
162090.50	5.894e-03	-9.360e-02	-3.024e-02
162091.50	-2.074e-03	1.440e-01	-4.378e-02
162092.50	-3.043e-03	6.211e-02	1.296e-01
162093.50	-1.536e-03	-1.104e-01	9.245e-03
162094.50	-2.669e-03	1.114e-01	-2.112e-02
162095.50	8.006e-03	1.670e-01	9.984e-02
162096.50	-4.138e-03	-4.224e-02	-1.862e-01
162097.50	-1.306e-03	5.779e-02	-6.259e-02
162098.50	4.579e-03	9.792e-02	1.085e-01
162099.50	-2.678e-03	1.210e-01	-6.778e-02
162100.50	2.083e-03	2.218e-02	-7.728e-02
162101.50	2.054e-03	1.958e-01	5.242e-02
162102.50	-6.922e-03	-1.325e-01	-1.296e-01
162103.50	3.706e-03	1.018e-01	1.056e-01
162104.50	4.848e-03	-3.830e-02	7.123e-02
162105.50	4.387e-03	2.851e-02	1.757e-02
162106.50	1.037e-02	6.019e-02	-2.755e-02
162107.50	4.282e-03	2.410e-03	7.546e-02
162108.50	6.096e-03	-1.930e-01	2.419e-01
162109.50	-3.005e-03	-6.749e-02	1.728e-02
162110.50	5.040e-03	2.736e-01	3.878e-02
162111.50	-9.110e-03	6.960e-03	-2.102e-01
162112.50	3.917e-03	-5.338e-02	-4.589e-03
162113.50	6.125e-03	-1.277e-01	2.525e-01
162114.50	-1.603e-02	-2.016e-02	-1.277e-01
162115.50	-9.408e-04	-4.282e-02	-3.418e-02
162116.50	3.206e-03	2.304e-02	1.315e-01
162117.50	-1.882e-03	1.910e-01	-5.213e-02
162118.50	5.059e-03	-9.984e-03	1.046e-01
162119.50	-6.864e-03	-1.795e-01	-1.536e-01
162120.50	-1.018e-02	-8.477e-03	-5.894e-02
162121.50	-6.221e-03	-7.786e-03	-1.133e-01
162122.50	-4.646e-03	-7.402e-02	2.246e-02
162123.50	6.634e-03	5.366e-02	1.584e-01
162124.50	2.650e-03	2.515e-01	7.238e-02
162125.50	-7.699e-03	-1.190e-01	-1.776e-01
162126.50	-2.813e-03	6.211e-03	-1.382e-01
162127.50	7.901e-03	1.152e-02	1.056e-01
162128.50	-5.069e-03	-2.947e-02	-5.789e-02
162129.50	2.698e-03	-8.083e-02	4.022e-02
162130.50	2.880e-03	-5.107e-02	1.277e-01
162131.50	-9.590e-03	6.701e-03	-2.611e-01
162132.50	1.757e-04	-4.589e-03	-1.123e-02
162133.50	2.266e-03	-3.926e-02	1.296e-01
162134.50	-1.142e-03	2.822e-02	-9.082e-02
162135.50	2.246e-03	-2.314e-02	3.475e-02
162136.50	-1.594e-03	1.862e-02	-4.099e-02
162137.50	1.104e-03	-1.258e-01	1.334e-02
162138.50	-3.331e-03	9.504e-02	-8.554e-02
162139.50	-5.933e-03	4.349e-02	-1.334e-01
162140.50	3.898e-03	2.150e-01	1.978e-02
162141.50	-4.685e-04	7.766e-02	2.563e-02
162142.50	1.709e-03	4.579e-02	8.736e-02
162143.50	6.566e-03	1.853e-02	8.918e-02
162144.50	9.792e-03	-1.968e-02	4.368e-03
162145.50	6.864e-03	-9.561e-02	2.131e-01
162146.50	-2.333e-03	-6.461e-03	-7.594e-02
162147.50	-1.440e-02	1.238e-01	-8.352e-02
162148.50	1.334e-04	-3.120e-02	1.162e-01
162149.50	4.752e-03	-2.035e-02	2.102e-02
162150.50	-2.362e-03	-1.488e-01	-9.350e-02
162151.50	-5.366e-03	-7.459e-03	-6.826e-02
162152.50	-5.616e-03	-1.776e-01	1.248e-02
162153.50	-1.891e-03	9.293e-02	-1.517e-01
162154.50	3.216e-04	9.418e-02	-1.651e-01
162155.50	-3.773e-03	1.027e-01	-9.523e-02
162156.50	3.206e-05	-3.091e-02	-1.334e-02
162157.50	-3.677e-05	8.218e-02	1.824e-02
162158.50	-1.805e-04	4.301e-02	-5.366e-02
162159.50	-6.691e-04	-3.706e-02	3.888e-02
162160.50	4.589e-03	-5.059e-02	2.669e-02
162161.50	-3.677e-03	3.475e-02	-3.206e-03
162162.50	-1.373e-03	-2.554e-02	-8.256e-02
162163.50	2.170e-03	-2.918e-02	3.370e-02
162164.50	-4.454e-03	1.037e-01	-1.910e-02
162165.50	6.682e-05	-1.872e-02	2.314e-02
162166.50	1.891e-03	5.050e-02	9.427e-02
162167.50	-1.363e-03	-1.459e-02	-3.187e-03
162168.50	-6.010e-04	-3.235e-04	-4.051e-02
162169.50	1.315e-03	4.618e-02	5.280e-02
162170.50	7.354e-04	3.926e-02	-1.642e-02
162171.50	2.650e-04	1.392e-01	-9.984e-03
162172.50	1.190e-03	5.021e-02	5.366e-03
162173.50	2.717e-04	-1.315e-01	-9.888e-02
162174.50	-8.794e-04	8.064e-02	-1.872e-02
162175.50	5.942e-03	3.350e-01	2.448e-02
162176.50	2.602e-03	-1.210e-02	1.008e-01
162177.50	-3.120e-03	-3.398e-02	-1.075e-01
162178.50	2.323e-03	-5.866e-02	1.392e-01
162179.50	-1.555e-03	-7.190e-02	1.267e-02
162180.50	4.387e-03	2.726e-02	1.210e-01
162181.50	-3.552e-03	-9.110e-02	-1.018e-01
162182.50	-1.210e-03	3.984e-02	-6.202e-02
162183.50	-4.781e-03	4.070e-02	-7.056e-03
162184.50	-2.621e-03	-7.018e-02	-6.250e-02
162185.50	-5.472e-03	-8.582e-02	-1.555e-01
162186.50	-1.181e-03	-7.286e-04	1.517e-02
162187.50	-2.659e-03	7.853e-02	-9.139e-02
162188.50	3.379e-03	5.549e-03	1.094e-01
162189.50	2.429e-03	2.832e-02	4.877e-02
162190.50	1.450e-03	-7.354e-02	-8.726e-03
162191.50	1.766e-03	-3.168e-02	8.870e-02
162192.50	4.694e-04	8.035e-02	-3.600e-02
162193.50	1.891e-04	-3.965e-02	2.016e-02
162194.50	-5.328e-04	-9.475e-02	-3.648e-02
162195.50	-6.451e-04	1.190e-01	-2.122e-02
162196.50	-1.584e-03	3.619e-02	-2.832e-02
162197.50	-4.128e-03	3.120e-02	-1.728e-02
162198.50	-5.030e-03	-1.171e-02	-1.882e-02
162199.50	-2.621e-03	-3.936e-03	-5.030e-02
162200.50	-3.485e-03	-5.510e-02	-1.354e-02
162201.50	5.981e-03	3.754e-02	7.392e-02
162202.50	2.045e-03	6.624e-02	-9.245e-02
162203.50	8.573e-04	2.554e-02	-9.235e-03
162204.50	2.861e-03	3.859e-02	6.134e-02
162205.50	6.970e-04	-8.602e-02	2.266e-03
162206.50	-1.555e-03	-4.205e-02	-6.970e-02
162207.50	-9.187e-04	1.517e-02	6.586e-02
162208.50	-1.949e-03	4.771e-02	1.786e-02
162209.50	1.114e-03	-1.824e-02	-5.530e-02
162210.50	5.347e-03	7.901e-03	-3.062e-02
162211.50	-4.272e-04	-3.629e-02	3.725e-02
162212.50	-1.978e-03	-5.088e-02	-1.046e-02
162213.50	1.997e-03	-9.178e-03	7.238e-02
162214.50	-4.742e-03	-7.402e-02	1.219e-02
162215.50	-2.342e-03	-3.418e-03	3.120e-03
162216.50	5.126e-03	3.043e-02	8.131e-02
162217.50	-3.562e-03	-5.395e-03	-3.485e-02
162218.50	5.568e-03	4.925e-02	8.074e-02
162219.50	-8.554e-04	7.853e-03	-9.216e-02
162220.50	9.475e-04	4.070e-02	1.046e-02
162221.50	1.142e-03	-8.515e-02	-5.069e-02
162222.50	-1.008e-03	7.210e-02	3.130e-02
162223.50	-1.622e-03	3.744e-02	-1.210e-02
162224.50	1.584e-03	-8.515e-03	5.021e-02
162225.50	3.187e-03	1.133e-02	1.267e-01
162226.50	-7.123e-03	2.726e-02	-1.056e-01
162227.50	-7.958e-03	4.522e-02	-1.200e-01
162228.50	1.901e-03	-1.632e-01	-9.235e-02
162229.50	-4.598e-03	-8.861e-03	-1.027e-01
162230.50	5.155e-03	5.578e-02	9.206e-02
162231.50	3.725e-03	-5.702e-02	9.533e-02
162232.50	4.320e-03	-6.269e-02	-1.402e-03
162233.50	-2.621e-03	9.581e-02	-5.462e-04
162234.50	5.386e-04	-2.083e-02	7.862e-04
162235.50	1.008e-04	-3.264e-02	5.357e-03
162236.50	-1.440e-03	-1.392e-02	9.139e-03
162237.50	-1.267e-03	7.056e-02	4.195e-02
162238.50	1.709e-03	1.075e-01	2.736e-02
162239.50	6.970e-03	-7.728e-03	1.114e-01
162240.50	-4.541e-04	1.210e-01	-3.053e-03
162241.50	4.790e-03	7.603e-02	-5.914e-03
162242.50	-9.696e-05	-7.037e-02	-2.899e-02
162243.50	-1.939e-03	-4.435e-02	-7.517e-02
162244.50	1.085e-03	1.574e-02	-1.382e-02
162245.50	1.488e-03	2.938e-02	3.312e-02
162246.50	2.237e-03	-6.576e-02	4.925e-02
162247.50	1.200e-03	-5.270e-02	8.736e-02
162248.50	-5.654e-03	-3.379e-02	-6.115e-02
162249.50	-3.043e-03	4.022e-02	-8.486e-02
162250.50	-1.142e-03	1.123e-02	-5.386e-02
162251.50	-7.776e-04	1.066e-02	-4.522e-02
162252.50	1.430e-03	9.072e-02	-7.037e-04
162253.50	-4.963e-04	1.162e-01	4.656e-05
162254.50	-3.062e-03	-1.152e-01	-5.414e-02
162255.50	3.466e-03	-2.477e-02	1.315e-01
162256.50	-8.611e-03	1.526e-02	-1.930e-01
162257.50	-9.984e-03	-4.195e-02	-8.947e-02
162258.50	2.275e-03	-1.603e-02	2.054e-02
162259.50	-1.354e-03	-7.018e-02	2.630e-02
162260.50	-2.006e-03	7.238e-02	-2.986e-02
162261.50	-1.680e-03	-9.120e-02	1.603e-04
162262.50	1.632e-03	-1.219e-01	8.381e-02
162263.50	-3.408e-04	-1.248e-02	-5.338e-02
162264.50	-5.846e-04	7.430e-02	-8.525e-03
162265.50	8.458e-04	-3.158e-02	3.917e-02
162266.50	6.038e-03	-1.171e-02	1.344e-01
162267.50	-5.626e-03	-1.747e-02	-9.178e-02
162268.50	8.314e-04	-4.810e-02	5.962e-03
162269.50	2.938e-03	-1.181e-01	-5.309e-02
162270.50	-3.754e-03	8.016e-02	-8.611e-02
162271.50	2.832e-03	1.853e-03	6.480e-02
162272.50	1.402e-04	3.782e-02	5.866e-02
162273.50	-2.381e-03	-2.669e-03	6.346e-02
162274.50	-3.888e-03	1.142e-01	4.666e-03
162275.50	3.696e-04	1.978e-01	-8.813e-02
162276.50	-1.248e-03	-1.133e-02	-4.195e-02
162277.50	2.122e-03	-5.318e-02	8.995e-03
162278.50	2.755e-03	-1.949e-02	-5.520e-02
162279.50	-1.555e-03	-2.947e-02	-2.525e-02
