161681.50	0.000e+00	0.000e+00	0.000e+00
161682.50	0.000e+00	0.000e+00	0.000e+00
161683.50	0.000e+00	0.000e+00	0.000e+00
161684.50	0.000e+00	0.000e+00	0.000e+00
161685.50	0.000e+00	0.000e+00	0.000e+00
161686.50	0.000e+00	0.000e+00	0.000e+00
161687.50	0.000e+00	0.000e+00	0.000e+00
161688.50	0.000e+00	0.000e+00	0.000e+00
161689.50	0.000e+00	0.000e+00	0.000e+00
161690.50	0.000e+00	0.000e+00	0.000e+00
161691.50	0.000e+00	0.000e+00	0.000e+00
161692.50	0.000e+00	0.000e+00	0.000e+00
161693.50	0.000e+00	0.000e+00	0.000e+00
161694.50	0.000e+00	0.000e+00	0.000e+00
161695.50	0.000e+00	0.000e+00	0.000e+00
161696.50	0.000e+00	0.000e+00	0.000e+00
161697.50	0.000e+00	0.000e+00	0.000e+00
161698.50	0.000e+00	0.000e+00	0.000e+00
161699.50	0.000e+00	0.000e+00	0.000e+00
161700.50	0.000e+00	0.000e+00	0.000e+00
161701.50	0.000e+00	0.000e+00	0.000e+00
161702.50	0.000e+00	0.000e+00	0.000e+00
161703.50	0.000e+00	0.000e+00	0.000e+00
161704.50	0.000e+00	0.000e+00	0.000e+00
161705.50	0.000e+00	0.000e+00	0.000e+00
161706.50	0.000e+00	0.000e+00	0.000e+00
161707.50	0.000e+00	0.000e+00	0.000e+00
161708.50	0.000e+00	0.000e+00	0.000e+00
161709.50	0.000e+00	0.000e+00	0.000e+00
161710.50	0.000e+00	0.000e+00	0.000e+00
161711.50	0.000e+00	0.000e+00	0.000e+00
161712.50	0.000e+00	0.000e+00	0.000e+00
161713.50	0.000e+00	0.000e+00	0.000e+00
161714.50	0.000e+00	0.000e+00	0.000e+00
161715.50	0.000e+00	0.000e+00	0.000e+00
161716.50	0.000e+00	0.000e+00	0.000e+00
161717.50	0.000e+00	0.000e+00	0.000e+00
161718.50	0.000e+00	0.000e+00	0.000e+00
161719.50	0.000e+00	0.000e+00	0.000e+00
161720.50	0.000e+00	0.000e+00	0.000e+00
161721.50	0.000e+00	0.000e+00	0.000e+00
161722.50	0.000e+00	0.000e+00	0.000e+00
161723.50	0.000e+00	0.000e+00	0.000e+00
161724.50	0.000e+00	0.000e+00	0.000e+00
161725.50	0.000e+00	0.000e+00	0.000e+00
161726.50	0.000e+00	0.000e+00	0.000e+00
161727.50	0.000e+00	0.000e+00	0.000e+00
161728.50	0.000e+00	0.000e+00	0.000e+00
161729.50	0.000e+00	0.000e+00	0.000e+00
161730.50	0.000e+00	0.000e+00	0.000e+00
161731.50	0.000e+00	0.000e+00	0.000e+00
161732.50	0.000e+00	0.000e+00	0.000e+00
161733.50	0.000e+00	0.000e+00	0.000e+00
161734.50	0.000e+00	0.000e+00	0.000e+00
161735.50	0.000e+00	0.000e+00	0.000e+00
161736.50	0.000e+00	0.000e+00	0.000e+00
161737.50	0.000e+00	0.000e+00	0.000e+00
161738.50	0.000e+00	0.000e+00	0.000e+00
161739.50	0.000e+00	0.000e+00	0.000e+00
161740.50	0.000e+00	0.000e+00	0.000e+00
161741.50	0.000e+00	0.000e+00	0.000e+00
161742.50	0.000e+00	0.000e+00	0.000e+00
161743.50	0.000e+00	0.000e+00	0.000e+00
161744.50	0.000e+00	0.000e+00	0.000e+00
161745.50	0.000e+00	0.000e+00	0.000e+00
161746.50	0.000e+00	0.000e+00	0.000e+00
161747.50	0.000e+00	0.000e+00	0.000e+00
161748.50	0.000e+00	0.000e+00	0.000e+00
161749.50	0.000e+00	0.000e+00	0.000e+00
161750.50	0.000e+00	0.000e+00	0.000e+00
161751.50	0.000e+00	0.000e+00	0.000e+00
161752.50	0.000e+00	0.000e+00	0.000e+00
161753.50	0.000e+00	0.000e+00	0.000e+00
161754.50	0.000e+00	0.000e+00	0.000e+00
161755.50	0.000e+00	0.000e+00	0.000e+00
161756.50	0.000e+00	0.000e+00	0.000e+00
161757.50	0.000e+00	0.000e+00	0.000e+00
161758.50	0.000e+00	0.000e+00	0.000e+00
161759.50	0.000e+00	0.000e+00	0.000e+00
161760.50	0.000e+00	0.000e+00	0.000e+00
161761.50	0.000e+00	0.000e+00	0.000e+00
161762.50	0.000e+00	0.000e+00	0.000e+00
161763.50	0.000e+00	0.000e+00	0.000e+00
161764.50	0.000e+00	0.000e+00	0.000e+00
161765.50	0.000e+00	0.000e+00	0.000e+00
161766.50	0.000e+00	0.000e+00	0.000e+00
161767.50	0.000e+00	0.000e+00	0.000e+00
161768.50	0.000e+00	0.000e+00	0.000e+00
161769.50	0.000e+00	0.000e+00	0.000e+00
161770.50	0.000e+00	0.000e+00	0.000e+00
161771.50	0.000e+00	0.000e+00	0.000e+00
161772.50	0.000e+00	0.000e+00	0.000e+00
161773.50	0.000e+00	0.000e+00	0.000e+00
161774.50	0.000e+00	0.000e+00	0.000e+00
161775.50	0.000e+00	0.000e+00	0.000e+00
161776.50	0.000e+00	0.000e+00	0.000e+00
161777.50	0.000e+00	0.000e+00	0.000e+00
161778.50	0.000e+00	0.000e+00	0.000e+00
161779.50	0.000e+00	0.000e+00	0.000e+00
161780.50	0.000e+00	0.000e+00	0.000e+00
161781.50	0.000e+00	0.000e+00	0.000e+00
161782.50	0.000e+00	0.000e+00	0.000e+00
161783.50	0.000e+00	0.000e+00	0.000e+00
161784.50	0.000e+00	0.000e+00	0.000e+00
161785.50	0.000e+00	0.000e+00	0.000e+00
161786.50	0.000e+00	0.000e+00	0.000e+00
161787.50	0.000e+00	0.000e+00	0.000e+00
161788.50	0.000e+00	0.000e+00	0.000e+00
161789.50	0.000e+00	0.000e+00	0.000e+00
161790.50	0.000e+00	0.000e+00	0.000e+00
161791.50	0.000e+00	0.000e+00	0.000e+00
161792.50	0.000e+00	0.000e+00	0.000e+00
161793.50	0.000e+00	0.000e+00	0.000e+00
161794.50	0.000e+00	0.000e+00	0.000e+00
161795.50	0.000e+00	0.000e+00	0.000e+00
161796.50	0.000e+00	0.000e+00	0.000e+00
161797.50	0.000e+00	0.000e+00	0.000e+00
161798.50	0.000e+00	0.000e+00	0.000e+00
161799.50	0.000e+00	0.000e+00	0.000e+00
161800.50	0.000e+00	0.000e+00	0.000e+00
161801.50	0.000e+00	0.000e+00	0.000e+00
161802.50	0.000e+00	0.000e+00	0.000e+00
161803.50	0.000e+00	0.000e+00	0.000e+00
161804.50	0.000e+00	0.000e+00	0.000e+00
161805.50	0.000e+00	0.000e+00	0.000e+00
161806.50	0.000e+00	0.000e+00	0.000e+00
161807.50	0.000e+00	0.000e+00	0.000e+00
161808.50	0.000e+00	0.000e+00	0.000e+00
161809.50	0.000e+00	0.000e+00	0.000e+00
161810.50	0.000e+00	0.000e+00	0.000e+00
161811.50	0.000e+00	0.000e+00	0.000e+00
161812.50	0.000e+00	0.000e+00	0.000e+00
161813.50	0.000e+00	0.000e+00	0.000e+00
161814.50	0.000e+00	0.000e+00	0.000e+00
161815.50	0.000e+00	0.000e+00	0.000e+00
161816.50	0.000e+00	0.000e+00	0.000e+00
161817.50	0.000e+00	0.000e+00	0.000e+00
161818.50	0.000e+00	0.000e+00	0.000e+00
161819.50	0.000e+00	0.000e+00	0.000e+00
161820.50	0.000e+00	0.000e+00	0.000e+00
161821.50	0.000e+00	0.000e+00	0.000e+00
161822.50	0.000e+00	0.000e+00	0.000e+00
161823.50	0.000e+00	0.000e+00	0.000e+00
161824.50	0.000e+00	0.000e+00	0.000e+00
161825.50	0.000e+00	0.000e+00	0.000e+00
161826.50	0.000e+00	0.000e+00	0.000e+00
161827.50	0.000e+00	0.000e+00	0.000e+00
161828.50	0.000e+00	0.000e+00	0.000e+00
161829.50	0.000e+00	0.000e+00	0.000e+00
161830.50	0.000e+00	0.000e+00	0.000e+00
161831.50	0.000e+00	0.000e+00	0.000e+00
161832.50	0.000e+00	0.000e+00	0.000e+00
161833.50	0.000e+00	0.000e+00	0.000e+00
161834.50	0.000e+00	0.000e+00	0.000e+00
161835.50	0.000e+00	0.000e+00	0.000e+00
161836.50	0.000e+00	0.000e+00	0.000e+00
161837.50	0.000e+00	0.000e+00	0.000e+00
161838.50	0.000e+00	0.000e+00	0.000e+00
161839.50	0.000e+00	0.000e+00	0.000e+00
161840.50	0.000e+00	0.000e+00	0.000e+00
161841.50	0.000e+00	0.000e+00	0.000e+00
161842.50	0.000e+00	0.000e+00	0.000e+00
161843.50	0.000e+00	0.000e+00	0.000e+00
161844.50	0.000e+00	0.000e+00	0.000e+00
161845.50	0.000e+00	0.000e+00	0.000e+00
161846.50	0.000e+00	0.000e+00	0.000e+00
161847.50	0.000e+00	0.000e+00	0.000e+00
161848.50	0.000e+00	0.000e+00	0.000e+00
161849.50	0.000e+00	0.000e+00	0.000e+00
161850.50	0.000e+00	0.000e+00	0.000e+00
161851.50	0.000e+00	0.000e+00	0.000e+00
161852.50	0.000e+00	0.000e+00	0.000e+00
161853.50	0.000e+00	0.000e+00	0.000e+00
161854.50	0.000e+00	0.000e+00	0.000e+00
161855.50	0.000e+00	0.000e+00	0.000e+00
161856.50	0.000e+00	0.000e+00	0.000e+00
161857.50	0.000e+00	0.000e+00	0.000e+00
161858.50	0.000e+00	0.000e+00	0.000e+00
161859.50	0.000e+00	0.000e+00	0.000e+00
161860.50	0.000e+00	0.000e+00	0.000e+00
161861.50	0.000e+00	0.000e+00	0.000e+00
161862.50	0.000e+00	0.000e+00	0.000e+00
161863.50	0.000e+00	0.000e+00	0.000e+00
161864.50	0.000e+00	0.000e+00	0.000e+00
161865.50	0.000e+00	0.000e+00	0.000e+00
161866.50	0.000e+00	0.000e+00	0.000e+00
161867.50	0.000e+00	0.000e+00	0.000e+00
161868.50	0.000e+00	0.000e+00	0.000e+00
161869.50	0.000e+00	0.000e+00	0.000e+00
161870.50	0.000e+00	0.000e+00	0.000e+00
161871.50	0.000e+00	0.000e+00	0.000e+00
161872.50	0.000e+00	0.000e+00	0.000e+00
161873.50	0.000e+00	0.000e+00	0.000e+00
161874.50	0.000e+00	0.000e+00	0.000e+00
161875.50	0.000e+00	0.000e+00	0.000e+00
161876.50	0.000e+00	0.000e+00	0.000e+00
161877.50	0.000e+00	0.000e+00	0.000e+00
161878.50	9.696e-06	-1.008e-03	-4.896e-04
161879.50	-5.539e-05	-8.458e-04	-3.350e-03
161880.50	-3.782e-05	3.706e-04	-5.136e-04
161881.50	5.798e-05	-1.315e-03	-3.965e-05
161882.50	6.576e-05	-5.251e-05	2.390e-03
161883.50	-1.248e-04	4.762e-03	1.872e-03
161884.50	1.507e-04	-9.226e-03	-6.096e-03
161885.50	1.776e-05	-9.389e-04	-9.696e-05
161886.50	-6.624e-04	2.611e-02	-9.398e-03
161887.50	-2.544e-04	2.160e-02	1.133e-02
161888.50	1.056e-03	-2.054e-01	-2.784e-01
161889.50	2.045e-01	-1.094e+01	-2.707e+00
161890.50	1.373e+00	-5.933e+01	3.398e+00
161891.50	3.398e+00	-1.430e+02	7.027e+00
161892.50	6.749e+00	-2.659e+02	3.091e+01
161893.50	8.333e+00	-3.120e+02	4.685e+01
161894.50	8.074e+00	-3.110e+02	1.459e+01
161895.50	6.490e+00	-2.198e+02	4.378e+01
161896.50	2.515e+00	-7.498e+01	1.574e+01
161897.50	6.730e-01	-1.613e+01	-4.742e+00
161898.50	-3.629e-01	2.237e+01	-5.789e+00
161899.50	-1.171e+00	5.107e+01	-6.490e+00
161900.50	-1.738e+00	7.363e+01	-3.024e+00
161901.50	-1.843e+00	7.200e+01	-9.696e+00
161902.50	-1.901e+00	7.162e+01	-1.171e+01
161903.50	-1.949e+00	7.306e+01	-9.984e+00
161904.50	-1.862e+00	7.114e+01	-5.549e+00
161905.50	-1.661e+00	6.000e+01	-1.056e+01
161906.50	-1.622e+00	5.875e+01	-7.920e+00
161907.50	-1.450e+00	5.549e+01	-4.560e+00
161908.50	-1.229e+00	4.867e+01	-9.024e-01
161909.50	-1.296e+00	4.627e+01	-6.979e+00
161910.50	-1.171e+00	4.253e+01	-6.077e+00
161911.50	-1.046e+00	3.667e+01	-6.701e+00
161912.50	-1.008e+00	3.830e+01	-2.064e+00
161913.50	-9.984e-01	3.600e+01	-4.291e+00
161914.50	-8.314e-01	2.966e+01	-4.915e+00
161915.50	-7.920e-01	2.966e+01	-2.736e+00
161916.50	-8.669e-01	2.995e+01	-4.752e+00
161917.50	-7.027e-01	2.698e+01	-3.878e-01
161918.50	-6.682e-01	2.323e+01	-4.214e+00
161919.50	-6.192e-01	2.179e+01	-3.110e+00
161920.50	-5.568e-01	1.939e+01	-2.659e+00
161921.50	-5.030e-01	1.939e+01	-1.680e-01
161922.50	-5.242e-01	1.891e+01	-1.958e+00
161923.50	-5.174e-01	1.901e+01	-1.853e+00
161924.50	-3.888e-01	1.517e+01	-1.200e-02
161925.50	-4.042e-01	1.459e+01	-1.027e+00
161926.50	-4.714e-01	1.613e+01	-3.062e+00
161927.50	-2.630e-01	1.133e+01	1.219e+00
161928.50	-3.379e-01	1.133e+01	-2.333e+00
161929.50	-3.802e-01	1.382e+01	-7.373e-01
161930.50	-2.870e-01	1.104e+01	-3.034e-01
161931.50	-2.995e-01	1.104e+01	-8.256e-01
161932.50	-2.304e-01	9.437e+00	9.168e-01
161933.50	-2.832e-01	9.456e+00	-1.862e+00
161934.50	-2.582e-01	9.034e+00	-1.392e+00
161935.50	-2.717e-01	9.274e+00	-1.258e+00
161936.50	-2.477e-01	8.170e+00	-1.738e+00
161937.50	-2.208e-01	7.565e+00	-1.027e+00
161938.50	-1.709e-01	6.643e+00	3.917e-01
161939.50	-1.632e-01	6.845e+00	-4.109e-01
161940.50	-1.325e-01	5.683e+00	4.138e-01
161941.50	-1.786e-01	6.653e+00	-6.250e-02
161942.50	-1.603e-01	6.422e+00	1.018e+00
161943.50	-1.795e-01	6.288e+00	-1.171e+00
161944.50	-1.594e-01	4.723e+00	-1.478e+00
161945.50	-1.046e-01	4.003e+00	4.445e-01
161946.50	-1.325e-01	5.702e+00	5.357e-01
161947.50	-1.978e-01	6.019e+00	-1.728e+00
161948.50	-1.133e-01	4.003e+00	4.157e-02
161949.50	-9.561e-02	3.562e+00	-1.459e-01
161950.50	-1.181e-01	3.744e+00	-9.984e-01
161951.50	-8.179e-02	3.581e+00	5.069e-01
161952.50	-8.832e-02	3.446e+00	-8.726e-02
161953.50	-8.074e-02	3.091e+00	8.525e-02
161954.50	-6.835e-02	2.438e+00	-3.974e-01
161955.50	-9.178e-02	3.072e+00	-7.910e-01
161956.50	-1.123e-01	3.571e+00	-7.555e-01
161957.50	-5.434e-02	2.218e+00	2.198e-01
161958.50	-8.448e-02	2.794e+00	-2.842e-01
161959.50	-6.470e-02	2.458e+00	-3.043e-01
161960.50	-6.221e-02	2.266e+00	5.002e-02
161961.50	-5.203e-02	1.690e+00	-3.398e-01
161962.50	-8.736e-02	2.880e+00	-3.600e-01
161963.50	-3.418e-02	1.661e+00	1.296e-01
161964.50	-5.731e-02	1.718e+00	-5.770e-01
161965.50	-4.838e-02	1.565e+00	-3.667e-01
161966.50	-3.840e-02	1.670e+00	6.163e-01
161967.50	-6.269e-02	2.035e+00	-3.178e-01
161968.50	-5.558e-02	2.314e+00	1.238e-01
161969.50	-6.499e-02	1.997e+00	-7.766e-01
161970.50	-4.090e-02	1.373e+00	-1.421e-01
161971.50	-3.466e-02	1.123e+00	-2.899e-01
161972.50	-4.406e-02	1.795e+00	-1.757e-01
161973.50	-4.013e-02	1.334e+00	2.064e-01
161974.50	-2.016e-02	7.123e-01	1.085e-01
161975.50	-5.203e-02	1.834e+00	-3.293e-01
161976.50	-2.678e-02	8.909e-01	4.397e-02
161977.50	-4.416e-02	1.738e+00	2.947e-01
161978.50	-3.005e-02	5.798e-01	-6.490e-01
161979.50	-2.131e-02	8.170e-01	-4.493e-01
161980.50	-3.523e-02	1.181e+00	2.822e-02
161981.50	-2.678e-02	5.222e-01	-3.101e-01
161982.50	-3.341e-02	1.488e+00	3.389e-01
161983.50	-7.507e-03	6.605e-01	5.011e-01
161984.50	-1.690e-02	1.085e+00	3.706e-01
161985.50	9.888e-05	2.131e-01	-2.035e-01
161986.50	-3.504e-02	5.376e-01	-9.226e-01
161987.50	-2.947e-02	8.832e-01	-2.938e-01
161988.50	-4.790e-02	1.219e+00	-7.661e-02
161989.50	-3.101e-02	7.133e-01	-6.307e-01
161990.50	-1.997e-03	1.642e-01	2.131e-01
161991.50	-2.995e-02	1.046e+00	1.421e-01
161992.50	-2.966e-02	6.163e-01	-5.107e-01
161993.50	-5.328e-03	1.622e-01	1.526e-01
161994.50	-8.371e-03	5.347e-01	2.122e-02
161995.50	-3.178e-02	1.181e+00	-8.304e-02
161996.50	-2.304e-02	7.824e-01	1.373e-01
161997.50	-1.267e-02	4.685e-01	-1.066e-01
161998.50	-3.677e-02	8.822e-01	-4.541e-01
161999.50	-3.091e-02	8.832e-01	-2.784e-01
162000.50	-1.747e-02	5.059e-01	-4.502e-02
162001.50	-6.442e-03	1.450e-01	-1.555e-01
162002.50	-7.229e-03	2.410e-01	1.910e-01
162003.50	-4.618e-03	4.522e-01	3.062e-01
162004.50	-1.709e-02	5.578e-01	-1.075e-01
162005.50	-1.162e-02	2.650e-01	-2.909e-01
162006.50	-1.843e-02	4.234e-01	-2.381e-01
162007.50	-6.826e-03	4.512e-01	2.246e-01
162008.50	-4.166e-03	1.728e-01	4.493e-02
162009.50	-1.574e-02	5.597e-01	-7.891e-02
162010.50	-1.027e-02	3.197e-01	-1.219e-01
162011.50	-2.189e-02	3.542e-01	-5.021e-01
162012.50	-4.282e-03	8.534e-02	9.888e-02
162013.50	-1.738e-02	2.669e-01	-4.320e-01
162014.50	-1.920e-02	4.829e-01	-2.582e-01
162015.50	1.286e-02	7.670e-02	6.998e-01
162016.50	1.507e-02	-1.402e-01	4.128e-01
162017.50	2.842e-03	2.640e-02	-9.206e-02
162018.50	-1.814e-02	5.366e-01	-7.680e-02
162019.50	-1.891e-02	5.376e-01	-1.085e-01
162020.50	7.843e-05	-1.162e-02	3.274e-01
162021.50	-2.045e-03	8.650e-02	-1.776e-01
162022.50	-1.450e-02	5.635e-01	-8.362e-02
162023.50	-5.270e-03	2.160e-01	8.851e-02
162024.50	-7.219e-03	1.421e-01	-1.968e-01
162025.50	-2.266e-03	-7.958e-02	-3.130e-01
162026.50	-8.218e-04	8.054e-02	-1.930e-01
162027.50	-2.035e-02	6.086e-01	1.555e-01
162028.50	-5.952e-04	8.650e-02	4.080e-01
162029.50	-8.813e-03	3.178e-01	1.670e-02
162030.50	1.267e-03	2.410e-01	2.582e-02
162031.50	-8.285e-03	-6.000e-02	-6.576e-02
162032.50	-2.621e-03	-7.910e-02	-1.354e-01
162033.50	1.190e-03	-3.638e-02	-1.046e-02
162034.50	-1.507e-02	3.754e-01	-4.637e-02
162035.50	3.254e-04	5.424e-01	3.725e-02
162036.50	-1.046e-02	2.909e-01	-2.947e-02
162037.50	-8.544e-03	-4.099e-02	-4.205e-01
162038.50	-1.738e-02	2.995e-01	-4.214e-01
162039.50	-2.650e-03	1.795e-01	1.997e-01
162040.50	-2.957e-03	1.814e-01	7.536e-02
162041.50	-7.354e-03	4.243e-02	-6.048e-02
162042.50	7.008e-03	7.421e-02	2.611e-01
162043.50	1.958e-03	7.987e-02	1.248e-01
162044.50	-4.272e-04	-1.498e-01	-1.229e-01
162045.50	-1.709e-02	3.830e-01	-3.043e-01
162046.50	-8.467e-03	2.074e-01	-8.362e-02
162047.50	2.256e-03	4.589e-02	2.688e-01
162048.50	-3.888e-03	-1.008e-01	-3.024e-01
162049.50	2.534e-03	3.082e-02	1.085e-01
162050.50	-1.507e-02	2.544e-01	-4.368e-02
162051.50	-4.368e-03	3.754e-01	2.093e-01
162052.50	8.208e-03	-2.093e-01	-8.736e-02
162053.50	-4.042e-03	1.594e-01	9.696e-02
162054.50	-2.026e-03	1.296e-01	1.939e-01
162055.50	-8.822e-04	5.808e-02	-2.592e-02
162056.50	-6.298e-03	1.766e-01	6.278e-04
162057.50	-7.402e-03	2.189e-01	1.190e-01
162058.50	-3.437e-03	2.995e-01	7.363e-02
162059.50	1.325e-02	-3.091e-01	1.286e-01
162060.50	-8.026e-03	-8.870e-02	-3.043e-01
162061.50	-1.642e-02	3.178e-01	-2.122e-01
162062.50	-6.816e-03	1.651e-01	-2.832e-02
162063.50	-6.710e-03	2.765e-01	-3.907e-02
162064.50	1.354e-03	1.613e-01	1.142e-01
162065.50	-6.403e-03	2.304e-01	1.930e-01
162066.50	1.402e-03	8.957e-02	5.395e-02
162067.50	2.717e-02	-1.258e-02	2.371e-02
162068.50	1.133e-03	1.018e-01	-3.629e-02
162069.50	1.181e-02	5.885e-02	2.218e-01
162070.50	1.171e-02	1.334e-01	1.181e-01
162071.50	-6.067e-02	-2.179e-02	-6.538e-01
162072.50	3.763e-03	5.482e-02	1.843e-01
162073.50	5.174e-03	-1.709e-01	-4.176e-03
162074.50	-1.872e-02	1.622e-01	-1.440e-01
162075.50	-3.341e-03	1.008e-01	1.603e-01
162076.50	-1.162e-02	-5.021e-02	-1.862e-01
162077.50	1.277e-02	1.882e-01	3.600e-01
162078.50	-3.446e-03	3.197e-01	5.184e-02
162079.50	-5.405e-03	1.478e-01	2.218e-03
162080.50	7.478e-03	-3.504e-01	-1.200e-01
162081.50	-1.574e-02	2.822e-01	-3.802e-01
162082.50	8.678e-04	1.613e-02	1.344e-01
162083.50	2.323e-03	-3.562e-02	-1.104e-01
162084.50	-6.048e-03	1.450e-01	-1.267e-01
162085.50	-1.459e-02	1.882e-01	5.558e-02
162086.50	5.635e-03	-3.485e-03	1.603e-01
162087.50	4.589e-03	-7.670e-02	8.390e-02
162088.50	-1.690e-03	1.613e-01	-2.784e-02
162089.50	2.016e-03	1.488e-02	-1.267e-01
162090.50	-2.419e-03	-7.718e-02	-8.237e-02
162091.50	9.120e-03	1.075e-01	4.205e-01
162092.50	2.909e-03	1.018e-02	2.237e-01
162093.50	-5.942e-03	1.814e-01	-1.334e-01
162094.50	-6.384e-03	4.474e-02	-1.181e-01
162095.50	-1.872e-03	-6.432e-02	-8.496e-02
162096.50	-5.155e-03	1.085e-01	-3.600e-03
162097.50	-4.982e-03	2.016e-02	-1.498e-01
162098.50	4.627e-03	-2.822e-01	-1.776e-01
162099.50	1.949e-03	-1.421e-02	-7.114e-02
162100.50	-1.123e-02	2.688e-01	-3.619e-02
162101.50	-6.509e-03	7.613e-02	1.171e-01
162102.50	6.163e-03	1.066e-01	3.830e-01
162103.50	1.795e-03	-7.018e-02	4.022e-02
162104.50	-2.352e-03	-1.392e-01	-3.917e-01
162105.50	-6.355e-03	1.978e-01	-1.680e-01
162106.50	-6.355e-03	-7.901e-03	-1.142e-01
162107.50	-8.198e-03	-4.493e-02	-2.246e-03
162108.50	2.899e-04	7.834e-02	-2.189e-02
162109.50	3.898e-03	9.600e-02	4.205e-02
162110.50	1.133e-03	-4.320e-03	1.162e-01
162111.50	-3.418e-03	2.592e-02	3.398e-03
162112.50	1.661e-03	7.056e-02	-5.914e-02
162113.50	4.915e-03	-1.104e-01	-2.294e-02
162114.50	3.811e-04	7.430e-02	1.958e-01
162115.50	-2.458e-03	2.294e-01	1.728e-01
162116.50	-1.795e-03	4.090e-02	-3.158e-02
162117.50	-5.117e-03	8.294e-02	-7.459e-02
162118.50	-4.253e-03	4.118e-02	-1.181e-01
162119.50	1.459e-03	-3.360e-02	-1.334e-02
162120.50	-3.101e-03	3.869e-02	-1.440e-01
162121.50	2.486e-03	-1.296e-01	-6.029e-02
162122.50	2.410e-03	-6.864e-02	9.696e-02
162123.50	7.459e-04	-7.066e-02	1.258e-01
162124.50	-3.830e-04	2.534e-02	9.984e-03
162125.50	-2.774e-03	7.939e-02	1.536e-02
162126.50	-1.930e-03	6.442e-02	-3.437e-02
162127.50	-1.795e-03	-1.027e-01	-1.382e-01
162128.50	4.176e-03	7.469e-02	7.670e-02
162129.50	1.190e-02	-2.294e-01	2.294e-01
162130.50	-2.218e-03	4.752e-02	-3.446e-02
162131.50	4.704e-04	3.782e-03	-7.334e-03
162132.50	-2.400e-03	1.248e-02	-1.267e-01
162133.50	-7.334e-03	1.603e-01	-6.518e-02
162134.50	2.362e-03	-4.838e-02	-5.357e-03
162135.50	-1.229e-03	2.640e-02	-7.046e-02
162136.50	6.662e-03	2.947e-02	1.517e-01
162137.50	-5.098e-03	3.091e-02	-2.669e-02
162138.50	1.699e-03	-2.026e-02	5.088e-02
162139.50	-4.973e-03	1.651e-01	-2.381e-02
162140.50	1.123e-03	-6.250e-02	-1.536e-01
162141.50	-6.854e-05	5.530e-02	4.253e-02
162142.50	7.766e-04	-3.341e-02	2.141e-02
162143.50	-2.266e-04	6.874e-02	6.509e-02
162144.50	-5.386e-03	4.627e-02	-1.258e-01
162145.50	-1.162e-03	1.594e-01	-1.930e-02
162146.50	3.245e-03	1.555e-02	1.622e-02
162147.50	2.515e-03	4.253e-02	1.421e-01
162148.50	-3.638e-05	-1.469e-01	-4.349e-02
162149.50	-3.379e-03	1.354e-01	5.664e-02
162150.50	1.066e-03	3.331e-03	-1.507e-02
162151.50	1.574e-03	-5.760e-02	-8.851e-03
162152.50	1.018e-03	-7.949e-02	-1.219e-02
162153.50	-1.469e-04	-4.368e-03	4.992e-02
162154.50	4.522e-03	-1.469e-02	6.730e-02
162155.50	-7.286e-03	1.056e-01	-3.379e-02
162156.50	1.411e-03	1.987e-02	-5.952e-02
162157.50	2.179e-03	-1.306e-02	1.392e-01
162158.50	-1.056e-03	3.360e-02	7.670e-02
162159.50	-1.085e-02	1.853e-01	-1.440e-01
162160.50	4.666e-05	4.310e-03	1.354e-03
162161.50	4.493e-03	-2.582e-02	-2.938e-02
162162.50	5.059e-04	-1.478e-01	-6.298e-02
162163.50	6.317e-03	-9.792e-02	1.450e-01
162164.50	-3.821e-04	2.794e-02	2.717e-02
162165.50	9.024e-04	-4.464e-02	-2.352e-02
162166.50	1.709e-04	6.950e-02	3.955e-02
162167.50	-9.283e-04	-3.062e-02	-7.757e-02
162168.50	2.448e-03	-1.133e-01	1.267e-01
162169.50	-1.306e-03	-2.150e-03	-1.661e-02
162170.50	-1.507e-04	-1.488e-02	-6.355e-02
162171.50	2.438e-03	3.658e-02	-1.613e-02
162172.50	-8.573e-03	1.152e-01	-1.162e-01
162173.50	-1.882e-03	2.746e-02	-9.600e-03
162174.50	-8.899e-04	1.622e-02	-1.843e-02
162175.50	2.458e-03	-2.573e-02	1.354e-01
162176.50	-9.792e-04	5.549e-02	5.933e-02
162177.50	6.950e-05	-6.749e-02	-6.240e-02
162178.50	3.638e-03	-2.736e-02	-2.986e-02
162179.50	5.645e-04	3.341e-03	-1.958e-02
162180.50	4.262e-03	-8.995e-02	5.136e-02
162181.50	-1.210e-03	2.064e-02	-1.747e-02
162182.50	-4.954e-03	1.354e-01	-1.334e-01
162183.50	-5.309e-03	5.270e-02	-1.421e-01
162184.50	4.080e-03	-2.938e-03	1.027e-01
162185.50	1.594e-03	3.130e-02	3.485e-02
162186.50	-2.083e-04	-5.962e-02	-4.560e-02
162187.50	1.056e-03	-1.008e-01	-8.832e-02
162188.50	-2.755e-03	8.851e-02	8.688e-02
162189.50	-3.494e-03	3.312e-02	8.304e-02
162190.50	1.219e-03	8.909e-03	3.168e-02
162191.50	-1.200e-03	5.683e-02	-7.238e-02
162192.50	-5.501e-03	1.882e-01	6.614e-03
162193.50	3.696e-04	-1.027e-02	9.149e-02
162194.50	-3.389e-04	-1.517e-01	-1.306e-01
162195.50	-1.258e-03	6.826e-02	5.059e-02
162196.50	-9.600e-04	3.802e-02	1.478e-02
162197.50	-3.600e-03	7.066e-02	9.696e-03
162198.50	-5.597e-03	9.034e-02	-1.171e-01
162199.50	-2.429e-03	-4.877e-02	-7.344e-02
162200.50	-1.814e-03	-7.661e-02	-1.296e-01
162201.50	6.816e-03	-1.354e-01	2.803e-02
162202.50	3.821e-03	-4.435e-02	9.888e-02
162203.50	1.805e-03	-2.611e-02	-4.550e-02
162204.50	-2.218e-04	1.440e-02	-5.558e-02
162205.50	-6.902e-04	1.046e-01	7.574e-02
162206.50	-2.410e-03	5.827e-02	7.363e-03
162207.50	-3.494e-03	1.402e-02	-9.696e-02
162208.50	1.565e-03	6.211e-02	1.258e-01
162209.50	-5.712e-04	-4.330e-02	3.178e-02
162210.50	-5.760e-03	8.198e-02	-4.752e-02
162211.50	-2.026e-03	4.186e-02	-1.584e-02
162212.50	2.630e-03	3.734e-02	7.958e-02
162213.50	-1.459e-04	-4.560e-02	-7.219e-02
162214.50	1.258e-03	-4.435e-02	-6.451e-02
162215.50	1.200e-03	-4.051e-02	4.032e-02
162216.50	5.059e-03	-9.984e-02	5.078e-02
162217.50	-1.834e-03	4.406e-03	-2.074e-02
162218.50	-1.142e-03	1.574e-02	-1.037e-02
162219.50	3.187e-03	-3.235e-02	1.104e-01
162220.50	2.362e-03	-2.947e-02	1.930e-02
162221.50	-9.792e-05	2.458e-02	-6.134e-02
162222.50	-4.099e-03	8.438e-02	-3.830e-02
162223.50	1.296e-03	-4.838e-02	6.029e-02
162224.50	1.306e-03	-6.470e-02	2.755e-02
162225.50	-3.754e-03	1.306e-01	6.893e-03
162226.50	5.107e-04	3.427e-02	3.552e-03
162227.50	1.267e-03	-3.264e-02	2.429e-02
162228.50	3.254e-03	-2.669e-02	3.485e-02
162229.50	-2.842e-03	3.926e-02	-2.573e-02
162230.50	-3.389e-04	2.198e-02	3.984e-02
162231.50	-1.738e-03	4.848e-02	-4.598e-02
162232.50	6.960e-04	-7.526e-02	-1.133e-01
162233.50	-1.085e-03	1.306e-02	-1.123e-02
162234.50	-3.235e-03	2.150e-03	-8.352e-03
162235.50	4.368e-04	1.507e-02	7.114e-03
162236.50	-7.325e-04	-6.566e-02	-4.243e-02
162237.50	7.680e-04	-2.630e-02	-2.074e-02
162238.50	1.094e-03	7.680e-02	7.680e-02
162239.50	2.275e-03	-3.686e-02	4.262e-02
162240.50	-1.603e-03	-2.650e-02	-3.754e-02
162241.50	-2.755e-03	8.563e-03	-5.088e-02
162242.50	2.170e-03	3.763e-02	2.611e-02
162243.50	1.066e-03	1.594e-02	5.549e-02
162244.50	-2.362e-03	-2.410e-03	-2.592e-02
162245.50	-2.563e-03	4.157e-02	-2.419e-02
162246.50	1.939e-03	-7.440e-02	-3.274e-02
162247.50	-2.294e-03	4.992e-02	-1.814e-02
162248.50	-2.083e-03	4.013e-03	-2.736e-02
162249.50	1.805e-03	-3.168e-02	-1.142e-03
162250.50	3.494e-03	3.802e-02	7.142e-02
162251.50	-7.008e-04	5.530e-02	-8.026e-03
162252.50	2.592e-03	-1.930e-02	2.659e-02
162253.50	-9.561e-04	-1.430e-02	2.611e-02
162254.50	-1.574e-03	6.278e-02	-3.965e-02
162255.50	5.683e-04	3.024e-03	-1.757e-02
162256.50	8.045e-04	-4.992e-02	-8.717e-02
162257.50	1.258e-03	-7.094e-02	-5.856e-02
162258.50	9.600e-04	9.446e-03	9.130e-03
162259.50	-3.226e-03	3.024e-02	-6.058e-02
162260.50	-5.395e-03	-2.150e-03	-9.322e-02
162261.50	3.946e-03	-2.957e-02	8.774e-02
162262.50	3.840e-03	-5.376e-02	4.858e-02
162263.50	5.472e-04	-6.106e-03	3.590e-02
162264.50	3.302e-03	-2.554e-02	8.774e-02
162265.50	6.202e-04	6.778e-02	4.982e-02
162266.50	-3.014e-04	1.344e-02	-2.323e-02
162267.50	-1.776e-03	1.824e-02	-2.074e-03
162268.50	-3.638e-03	7.258e-02	-4.502e-02
162269.50	-3.898e-03	-5.117e-02	-1.104e-01
162270.50	1.306e-04	1.354e-02	-5.366e-02
162271.50	1.574e-03	-1.910e-02	6.259e-02
162272.50	-1.613e-03	7.200e-02	-3.274e-04
162273.50	-9.187e-04	3.274e-03	2.016e-02
162274.50	2.534e-04	-2.160e-02	3.494e-03
162275.50	-2.237e-03	6.653e-03	-1.181e-02
162276.50	6.000e-04	-1.651e-02	3.341e-02
162277.50	7.555e-04	1.795e-02	9.168e-02
162278.50	-1.104e-03	-3.523e-02	-9.427e-02
162279.50	-9.254e-04	-2.678e-02	-5.232e-02
