161681.50	0.000e+00	0.000e+00	0.000e+00
161682.50	0.000e+00	0.000e+00	0.000e+00
161683.50	0.000e+00	0.000e+00	0.000e+00
161684.50	0.000e+00	0.000e+00	0.000e+00
161685.50	0.000e+00	0.000e+00	0.000e+00
161686.50	0.000e+00	0.000e+00	0.000e+00
161687.50	0.000e+00	0.000e+00	0.000e+00
161688.50	0.000e+00	0.000e+00	0.000e+00
161689.50	0.000e+00	0.000e+00	0.000e+00
161690.50	0.000e+00	0.000e+00	0.000e+00
161691.50	0.000e+00	0.000e+00	0.000e+00
161692.50	0.000e+00	0.000e+00	0.000e+00
161693.50	0.000e+00	0.000e+00	0.000e+00
161694.50	0.000e+00	0.000e+00	0.000e+00
161695.50	0.000e+00	0.000e+00	0.000e+00
161696.50	0.000e+00	0.000e+00	0.000e+00
161697.50	0.000e+00	0.000e+00	0.000e+00
161698.50	0.000e+00	0.000e+00	0.000e+00
161699.50	0.000e+00	0.000e+00	0.000e+00
161700.50	0.000e+00	0.000e+00	0.000e+00
161701.50	0.000e+00	0.000e+00	0.000e+00
161702.50	0.000e+00	0.000e+00	0.000e+00
161703.50	0.000e+00	0.000e+00	0.000e+00
161704.50	0.000e+00	0.000e+00	0.000e+00
161705.50	0.000e+00	0.000e+00	0.000e+00
161706.50	0.000e+00	0.000e+00	0.000e+00
161707.50	0.000e+00	0.000e+00	0.000e+00
161708.50	0.000e+00	0.000e+00	0.000e+00
161709.50	0.000e+00	0.000e+00	0.000e+00
161710.50	0.000e+00	0.000e+00	0.000e+00
161711.50	0.000e+00	0.000e+00	0.000e+00
161712.50	0.000e+00	0.000e+00	0.000e+00
161713.50	0.000e+00	0.000e+00	0.000e+00
161714.50	0.000e+00	0.000e+00	0.000e+00
161715.50	0.000e+00	0.000e+00	0.000e+00
161716.50	0.000e+00	0.000e+00	0.000e+00
161717.50	0.000e+00	0.000e+00	0.000e+00
161718.50	0.000e+00	0.000e+00	0.000e+00
161719.50	0.000e+00	0.000e+00	0.000e+00
161720.50	0.000e+00	0.000e+00	0.000e+00
161721.50	0.000e+00	0.000e+00	0.000e+00
161722.50	0.000e+00	0.000e+00	0.000e+00
161723.50	0.000e+00	0.000e+00	0.000e+00
161724.50	0.000e+00	0.000e+00	0.000e+00
161725.50	0.000e+00	0.000e+00	0.000e+00
161726.50	0.000e+00	0.000e+00	0.000e+00
161727.50	0.000e+00	0.000e+00	0.000e+00
161728.50	0.000e+00	0.000e+00	0.000e+00
161729.50	0.000e+00	0.000e+00	0.000e+00
161730.50	0.000e+00	0.000e+00	0.000e+00
161731.50	0.000e+00	0.000e+00	0.000e+00
161732.50	0.000e+00	0.000e+00	0.000e+00
161733.50	0.000e+00	0.000e+00	0.000e+00
161734.50	0.000e+00	0.000e+00	0.000e+00
161735.50	0.000e+00	0.000e+00	0.000e+00
161736.50	0.000e+00	0.000e+00	0.000e+00
161737.50	0.000e+00	0.000e+00	0.000e+00
161738.50	0.000e+00	0.000e+00	0.000e+00
161739.50	0.000e+00	0.000e+00	0.000e+00
161740.50	0.000e+00	0.000e+00	0.000e+00
161741.50	0.000e+00	0.000e+00	0.000e+00
161742.50	0.000e+00	0.000e+00	0.000e+00
161743.50	0.000e+00	0.000e+00	0.000e+00
161744.50	0.000e+00	0.000e+00	0.000e+00
161745.50	0.000e+00	0.000e+00	0.000e+00
161746.50	0.000e+00	0.000e+00	0.000e+00
161747.50	0.000e+00	0.000e+00	0.000e+00
161748.50	0.000e+00	0.000e+00	0.000e+00
161749.50	0.000e+00	0.000e+00	0.000e+00
161750.50	0.000e+00	0.000e+00	0.000e+00
161751.50	0.000e+00	0.000e+00	0.000e+00
161752.50	0.000e+00	0.000e+00	0.000e+00
161753.50	0.000e+00	0.000e+00	0.000e+00
161754.50	0.000e+00	0.000e+00	0.000e+00
161755.50	0.000e+00	0.000e+00	0.000e+00
161756.50	0.000e+00	0.000e+00	0.000e+00
161757.50	0.000e+00	0.000e+00	0.000e+00
161758.50	0.000e+00	0.000e+00	0.000e+00
161759.50	0.000e+00	0.000e+00	0.000e+00
161760.50	0.000e+00	0.000e+00	0.000e+00
161761.50	0.000e+00	0.000e+00	0.000e+00
161762.50	0.000e+00	0.000e+00	0.000e+00
161763.50	0.000e+00	0.000e+00	0.000e+00
161764.50	0.000e+00	0.000e+00	0.000e+00
161765.50	0.000e+00	0.000e+00	0.000e+00
161766.50	0.000e+00	0.000e+00	0.000e+00
161767.50	0.000e+00	0.000e+00	0.000e+00
161768.50	0.000e+00	0.000e+00	0.000e+00
161769.50	0.000e+00	0.000e+00	0.000e+00
161770.50	0.000e+00	0.000e+00	0.000e+00
161771.50	0.000e+00	0.000e+00	0.000e+00
161772.50	0.000e+00	0.000e+00	0.000e+00
161773.50	0.000e+00	0.000e+00	0.000e+00
161774.50	0.000e+00	0.000e+00	0.000e+00
161775.50	0.000e+00	0.000e+00	0.000e+00
161776.50	0.000e+00	0.000e+00	0.000e+00
161777.50	0.000e+00	0.000e+00	0.000e+00
161778.50	0.000e+00	0.000e+00	0.000e+00
161779.50	0.000e+00	0.000e+00	0.000e+00
161780.50	0.000e+00	0.000e+00	0.000e+00
161781.50	0.000e+00	0.000e+00	0.000e+00
161782.50	0.000e+00	0.000e+00	0.000e+00
161783.50	0.000e+00	0.000e+00	0.000e+00
161784.50	0.000e+00	0.000e+00	0.000e+00
161785.50	0.000e+00	0.000e+00	0.000e+00
161786.50	0.000e+00	0.000e+00	0.000e+00
161787.50	0.000e+00	0.000e+00	0.000e+00
161788.50	0.000e+00	0.000e+00	0.000e+00
161789.50	0.000e+00	0.000e+00	0.000e+00
161790.50	0.000e+00	0.000e+00	0.000e+00
161791.50	0.000e+00	0.000e+00	0.000e+00
161792.50	0.000e+00	0.000e+00	0.000e+00
161793.50	0.000e+00	0.000e+00	0.000e+00
161794.50	0.000e+00	0.000e+00	0.000e+00
161795.50	0.000e+00	0.000e+00	0.000e+00
161796.50	0.000e+00	0.000e+00	0.000e+00
161797.50	0.000e+00	0.000e+00	0.000e+00
161798.50	0.000e+00	0.000e+00	0.000e+00
161799.50	0.000e+00	0.000e+00	0.000e+00
161800.50	0.000e+00	0.000e+00	0.000e+00
161801.50	0.000e+00	0.000e+00	0.000e+00
161802.50	0.000e+00	0.000e+00	0.000e+00
161803.50	0.000e+00	0.000e+00	0.000e+00
161804.50	0.000e+00	0.000e+00	0.000e+00
161805.50	0.000e+00	0.000e+00	0.000e+00
161806.50	0.000e+00	0.000e+00	0.000e+00
161807.50	0.000e+00	0.000e+00	0.000e+00
161808.50	0.000e+00	0.000e+00	0.000e+00
161809.50	0.000e+00	0.000e+00	0.000e+00
161810.50	0.000e+00	0.000e+00	0.000e+00
161811.50	0.000e+00	0.000e+00	0.000e+00
161812.50	0.000e+00	0.000e+00	0.000e+00
161813.50	0.000e+00	0.000e+00	0.000e+00
161814.50	0.000e+00	0.000e+00	0.000e+00
161815.50	0.000e+00	0.000e+00	0.000e+00
161816.50	0.000e+00	0.000e+00	0.000e+00
161817.50	0.000e+00	0.000e+00	0.000e+00
161818.50	0.000e+00	0.000e+00	0.000e+00
161819.50	0.000e+00	0.000e+00	0.000e+00
161820.50	0.000e+00	0.000e+00	0.000e+00
161821.50	0.000e+00	0.000e+00	0.000e+00
161822.50	0.000e+00	0.000e+00	0.000e+00
161823.50	0.000e+00	0.000e+00	0.000e+00
161824.50	0.000e+00	0.000e+00	0.000e+00
161825.50	0.000e+00	0.000e+00	0.000e+00
161826.50	0.000e+00	0.000e+00	0.000e+00
161827.50	0.000e+00	0.000e+00	0.000e+00
161828.50	0.000e+00	0.000e+00	0.000e+00
161829.50	0.000e+00	0.000e+00	0.000e+00
161830.50	0.000e+00	0.000e+00	0.000e+00
161831.50	0.000e+00	0.000e+00	0.000e+00
161832.50	0.000e+00	0.000e+00	0.000e+00
161833.50	0.000e+00	0.000e+00	0.000e+00
161834.50	0.000e+00	0.000e+00	0.000e+00
161835.50	0.000e+00	0.000e+00	0.000e+00
161836.50	0.000e+00	0.000e+00	0.000e+00
161837.50	0.000e+00	0.000e+00	0.000e+00
161838.50	0.000e+00	0.000e+00	0.000e+00
161839.50	0.000e+00	0.000e+00	0.000e+00
161840.50	0.000e+00	0.000e+00	0.000e+00
161841.50	0.000e+00	0.000e+00	0.000e+00
161842.50	0.000e+00	0.000e+00	0.000e+00
161843.50	0.000e+00	0.000e+00	0.000e+00
161844.50	0.000e+00	0.000e+00	0.000e+00
161845.50	0.000e+00	0.000e+00	0.000e+00
161846.50	0.000e+00	0.000e+00	0.000e+00
161847.50	0.000e+00	0.000e+00	0.000e+00
161848.50	0.000e+00	0.000e+00	0.000e+00
161849.50	0.000e+00	0.000e+00	0.000e+00
161850.50	0.000e+00	0.000e+00	0.000e+00
161851.50	0.000e+00	0.000e+00	0.000e+00
161852.50	0.000e+00	0.000e+00	0.000e+00
161853.50	0.000e+00	0.000e+00	0.000e+00
161854.50	0.000e+00	0.000e+00	0.000e+00
161855.50	0.000e+00	0.000e+00	0.000e+00
161856.50	0.000e+00	0.000e+00	0.000e+00
161857.50	0.000e+00	0.000e+00	0.000e+00
161858.50	0.000e+00	0.000e+00	0.000e+00
161859.50	0.000e+00	0.000e+00	0.000e+00
161860.50	0.000e+00	0.000e+00	0.000e+00
161861.50	0.000e+00	0.000e+00	0.000e+00
161862.50	0.000e+00	0.000e+00	0.000e+00
161863.50	0.000e+00	0.000e+00	0.000e+00
161864.50	0.000e+00	0.000e+00	0.000e+00
161865.50	0.000e+00	0.000e+00	0.000e+00
161866.50	0.000e+00	0.000e+00	0.000e+00
161867.50	0.000e+00	0.000e+00	0.000e+00
161868.50	0.000e+00	0.000e+00	0.000e+00
161869.50	0.000e+00	0.000e+00	0.000e+00
161870.50	0.000e+00	0.000e+00	0.000e+00
161871.50	0.000e+00	0.000e+00	0.000e+00
161872.50	0.000e+00	0.000e+00	0.000e+00
161873.50	0.000e+00	0.000e+00	0.000e+00
161874.50	0.000e+00	0.000e+00	0.000e+00
161875.50	0.000e+00	0.000e+00	0.000e+00
161876.50	0.000e+00	0.000e+00	0.000e+00
161877.50	0.000e+00	0.000e+00	0.000e+00
161878.50	0.000e+00	0.000e+00	0.000e+00
161879.50	0.000e+00	0.000e+00	0.000e+00
161880.50	0.000e+00	0.000e+00	0.000e+00
161881.50	0.000e+00	0.000e+00	0.000e+00
161882.50	0.000e+00	0.000e+00	0.000e+00
161883.50	0.000e+00	0.000e+00	0.000e+00
161884.50	0.000e+00	0.000e+00	0.000e+00
161885.50	0.000e+00	0.000e+00	0.000e+00
161886.50	6.643e-05	-1.296e-03	-1.690e-03
161887.50	-3.293e-05	1.075e-03	-2.544e-04
161888.50	4.061e-05	-1.238e-03	7.642e-04
161889.50	-4.608e-06	-1.037e-04	5.875e-04
161890.50	-1.325e-04	-1.939e-05	3.494e-03
161891.50	2.304e-05	5.232e-03	-2.544e-03
161892.50	5.520e-06	5.386e-04	-7.094e-04
161893.50	3.322e-05	-6.643e-04	-3.082e-04
161894.50	-1.478e-04	-6.086e-04	3.773e-03
161895.50	5.338e-05	-3.418e-03	2.150e-03
161896.50	-7.488e-05	7.133e-03	-1.776e-02
161897.50	2.006e-03	-4.944e-02	-1.574e-02
161898.50	-5.827e-04	1.402e-01	-4.954e-01
161899.50	3.283e-01	-9.984e+00	4.771e-01
161900.50	1.008e+00	-3.014e+01	1.651e+00
161901.50	2.496e+00	-7.037e+01	-6.499e+00
161902.50	4.176e+00	-1.190e+02	5.203e+00
161903.50	6.806e+00	-1.882e+02	3.418e+00
161904.50	7.651e+00	-2.083e+02	9.696e+00
161905.50	8.554e+00	-2.256e+02	-1.536e+00
161906.50	8.045e+00	-2.054e+02	-6.250e+00
161907.50	6.605e+00	-1.661e+02	3.398e+00
161908.50	3.245e+00	-7.613e+01	6.173e+00
161909.50	1.824e+00	-3.370e+01	-1.987e+01
161910.50	2.765e-01	-5.069e-02	9.302e+00
161911.50	-4.157e-01	2.016e+01	-5.827e+00
161912.50	-1.373e+00	4.118e+01	3.869e+00
161913.50	-1.968e+00	5.702e+01	-2.160e+00
161914.50	-2.458e+00	6.653e+01	3.485e+00
161915.50	-2.246e+00	6.192e+01	-3.696e+00
161916.50	-2.189e+00	5.914e+01	-4.656e-01
161917.50	-2.141e+00	5.587e+01	6.182e+00
161918.50	-2.371e+00	6.259e+01	-1.306e+00
161919.50	-2.016e+00	5.242e+01	1.248e+00
161920.50	-1.949e+00	5.146e+01	-3.974e+00
161921.50	-1.699e+00	4.474e+01	-3.168e+00
161922.50	-1.622e+00	4.234e+01	-1.728e+00
161923.50	-1.680e+00	4.320e+01	-8.861e-02
161924.50	-1.709e+00	4.426e+01	-2.592e+00
161925.50	-1.507e+00	3.830e+01	-9.888e-02
161926.50	-1.248e+00	3.197e+01	2.458e+00
161927.50	-1.277e+00	3.254e+01	-2.602e-01
161928.50	-1.181e+00	3.043e+01	-9.888e-01
161929.50	-9.600e-01	2.477e+01	-4.886e-01
161930.50	-1.046e+00	2.630e+01	1.690e+00
161931.50	-8.554e-01	2.275e+01	-3.696e+00
161932.50	-8.573e-01	2.179e+01	6.854e-01
161933.50	-8.813e-01	2.246e+01	-1.075e+00
161934.50	-7.142e-01	1.834e+01	-9.312e-01
161935.50	-7.277e-01	1.805e+01	1.891e+00
161936.50	-6.202e-01	1.574e+01	5.846e-01
161937.50	-6.768e-01	1.699e+01	4.694e-01
161938.50	-5.645e-01	1.382e+01	1.498e+00
161939.50	-5.798e-01	1.498e+01	-1.056e+00
161940.50	-6.173e-01	1.555e+01	-1.795e-01
161941.50	-5.779e-01	1.411e+01	1.008e+00
161942.50	-4.915e-01	1.219e+01	-6.835e-02
161943.50	-3.965e-01	9.888e+00	2.064e-01
161944.50	-3.840e-01	9.696e+00	7.344e-02
161945.50	-4.541e-01	1.114e+01	7.738e-03
161946.50	-4.022e-01	9.984e+00	4.800e-01
161947.50	-3.571e-01	9.350e+00	-8.112e-01
161948.50	-3.206e-01	7.920e+00	4.109e-01
161949.50	-3.312e-01	8.150e+00	3.629e-01
161950.50	-2.410e-01	6.115e+00	1.267e-01
161951.50	-2.698e-01	6.854e+00	1.526e-01
161952.50	-2.899e-01	7.277e+00	9.158e-02
161953.50	-3.226e-01	7.622e+00	1.133e+00
161954.50	-2.362e-01	5.818e+00	4.186e-01
161955.50	-2.486e-01	6.250e+00	-4.646e-01
161956.50	-2.141e-01	5.386e+00	-1.267e+00
161957.50	-2.112e-01	5.242e+00	3.149e-01
161958.50	-2.083e-01	5.366e+00	-6.413e-01
161959.50	-1.795e-01	4.570e+00	4.723e-01
161960.50	-1.642e-01	3.994e+00	-7.142e-02
161961.50	-2.054e-01	5.357e+00	-6.048e-01
161962.50	-1.891e-01	4.445e+00	1.181e+00
161963.50	-1.517e-01	3.974e+00	-3.619e-01
161964.50	-1.603e-01	3.715e+00	1.037e+00
161965.50	-1.517e-01	3.485e+00	1.882e-01
161966.50	-1.498e-01	3.907e+00	-4.838e-01
161967.50	-1.382e-01	3.389e+00	-1.939e-01
161968.50	-9.302e-02	2.342e+00	6.547e-01
161969.50	-1.190e-01	2.698e+00	3.418e-01
161970.50	-1.517e-01	3.706e+00	3.014e-01
161971.50	-1.008e-01	2.170e+00	7.027e-01
161972.50	-9.888e-02	2.323e+00	2.054e-01
161973.50	-1.315e-01	3.235e+00	7.776e-02
161974.50	-5.251e-02	1.507e+00	-4.685e-01
161975.50	-1.085e-01	2.726e+00	2.026e-01
161976.50	-5.923e-02	1.430e+00	2.659e-02
161977.50	-6.768e-02	1.862e+00	-8.467e-01
161978.50	-8.429e-02	2.131e+00	3.130e-01
161979.50	-1.210e-01	2.698e+00	9.888e-01
161980.50	-5.107e-02	1.315e+00	-7.334e-01
161981.50	-3.811e-02	1.018e+00	-1.757e-01
161982.50	-9.696e-02	2.371e+00	2.256e-02
161983.50	-8.198e-02	1.862e+00	4.963e-01
161984.50	-6.365e-02	1.478e+00	1.853e-01
161985.50	-2.544e-02	6.490e-01	-1.258e-01
161986.50	-3.888e-02	9.792e-01	2.198e-02
161987.50	-6.691e-02	1.824e+00	-3.437e-02
161988.50	-6.173e-02	1.469e+00	-3.706e-01
161989.50	-3.043e-02	8.170e-01	-1.469e-01
161990.50	-8.890e-02	1.978e+00	1.286e-01
161991.50	-6.298e-02	1.334e+00	6.979e-01
161992.50	-5.942e-02	1.450e+00	-3.101e-01
161993.50	-8.525e-03	3.360e-01	-4.224e-01
161994.50	-8.150e-02	1.920e+00	2.016e-01
161995.50	-3.821e-02	1.008e+00	-2.890e-01
161996.50	-3.168e-02	9.494e-01	-1.210e-01
161997.50	-2.006e-02	4.310e-01	3.600e-01
161998.50	-3.773e-02	7.296e-01	-5.347e-02
161999.50	-6.086e-02	1.459e+00	1.277e-01
162000.50	-3.533e-02	8.698e-01	-2.045e-02
162001.50	4.368e-04	-4.234e-02	1.258e-01
162002.50	-2.323e-02	7.200e-01	-6.326e-01
162003.50	-3.072e-02	6.931e-01	9.792e-02
162004.50	-3.533e-02	7.459e-01	1.469e-01
162005.50	-1.325e-02	2.515e-01	1.027e-01
162006.50	-3.437e-02	7.680e-01	-6.010e-02
162007.50	-3.187e-02	8.458e-01	-5.837e-01
162008.50	-8.976e-03	3.062e-01	1.392e-01
162009.50	-1.382e-02	3.149e-01	-3.965e-01
162010.50	-2.112e-02	5.674e-01	2.112e-01
162011.50	-3.946e-02	1.094e+00	-3.946e-01
162012.50	-2.323e-02	4.973e-01	4.906e-01
162013.50	-1.315e-02	3.898e-01	-1.354e-01
162014.50	-2.314e-02	5.731e-01	-4.176e-01
162015.50	-1.565e-02	3.562e-01	6.250e-01
162016.50	-1.219e-02	3.187e-01	-1.258e-01
162017.50	-2.074e-02	5.750e-01	-1.392e-02
162018.50	-4.301e-02	1.066e+00	8.582e-02
162019.50	-1.814e-02	2.342e-01	2.026e-01
162020.50	-1.018e-02	1.200e-01	6.605e-03
162021.50	-1.190e-02	3.043e-01	-4.858e-02
162022.50	-2.064e-02	4.339e-01	1.853e-01
162023.50	-3.206e-02	5.962e-01	3.139e-03
162024.50	8.323e-04	3.187e-01	-2.765e-01
162025.50	1.085e-02	-9.792e-02	-3.062e-01
162026.50	-5.040e-02	6.518e-01	8.371e-02
162027.50	-1.555e-02	3.600e-01	2.870e-01
162028.50	-1.968e-02	6.173e-01	-7.613e-02
162029.50	-1.853e-03	1.488e-01	1.037e-01
162030.50	-1.286e-02	2.294e-01	1.517e-02
162031.50	-7.882e-03	7.766e-02	-6.221e-02
162032.50	-1.469e-02	4.128e-01	4.790e-03
162033.50	-2.131e-02	4.810e-01	2.938e-01
162034.50	-3.350e-03	1.267e-01	2.285e-01
162035.50	-4.099e-03	3.658e-02	6.960e-02
162036.50	-7.718e-03	2.064e-01	-2.746e-01
162037.50	-5.683e-03	5.462e-02	5.405e-02
162038.50	-2.909e-02	6.326e-01	-2.275e-01
162039.50	7.651e-03	-6.038e-02	4.934e-02
162040.50	-8.333e-03	2.150e-01	-1.680e-01
162041.50	-1.066e-02	1.910e-01	-6.096e-02
162042.50	-9.485e-03	1.478e-01	-1.555e-01
162043.50	-1.440e-02	8.755e-02	4.934e-01
162044.50	-8.352e-03	2.582e-01	1.786e-01
162045.50	1.037e-03	1.776e-01	-3.744e-01
162046.50	-2.957e-02	6.173e-01	-6.634e-02
162047.50	-2.218e-02	5.347e-01	-1.306e-01
162048.50	3.917e-03	6.182e-02	2.832e-01
162049.50	3.926e-03	2.890e-02	1.546e-01
162050.50	-1.344e-03	-5.530e-02	5.213e-01
162051.50	-4.301e-03	9.600e-02	3.139e-01
162052.50	-9.091e-03	9.322e-02	9.888e-03
162053.50	-5.798e-03	1.296e-01	-1.382e-01
162054.50	-4.771e-03	1.258e-01	-9.984e-02
162055.50	-4.752e-03	3.398e-01	-1.027e-01
162056.50	-1.507e-02	2.016e-01	-1.104e-01
162057.50	-1.546e-02	1.421e-01	2.266e-01
162058.50	3.658e-02	-6.768e-02	-2.650e-01
162059.50	-4.550e-02	4.934e-01	3.120e-01
162060.50	-4.090e-03	9.696e-02	2.582e-02
162061.50	-8.755e-03	1.862e-01	4.685e-02
162062.50	-7.392e-03	3.370e-01	1.949e-01
162063.50	-2.966e-02	1.805e-01	-7.776e-02
162064.50	6.576e-04	4.733e-02	-2.832e-01
162065.50	1.094e-02	-1.296e-01	-2.659e-01
162066.50	-1.478e-02	1.190e-01	1.949e-01
162067.50	-9.888e-03	1.373e-01	1.555e-01
162068.50	9.888e-03	1.267e-01	-1.363e-01
162069.50	6.566e-03	-4.320e-02	-4.522e-02
162070.50	-1.978e-03	1.094e-01	3.072e-02
162071.50	3.043e-03	-4.906e-02	-4.445e-02
162072.50	-5.741e-03	-2.083e-02	1.248e-01
162073.50	5.338e-03	-1.123e-01	-1.747e-01
162074.50	-7.747e-03	2.659e-01	-3.014e-01
162075.50	-6.317e-03	1.536e-01	-6.557e-02
162076.50	6.528e-05	-9.197e-02	6.374e-02
162077.50	-1.277e-02	1.450e-01	2.352e-02
162078.50	2.074e-03	9.091e-03	9.581e-02
162079.50	-4.848e-03	9.792e-02	-7.478e-02
162080.50	7.200e-03	-1.210e-03	-2.275e-01
162081.50	-1.123e-03	5.866e-02	3.072e-01
162082.50	8.016e-04	3.638e-02	4.944e-03
162083.50	4.858e-03	-5.366e-02	-1.882e-02
162084.50	-8.314e-03	8.227e-02	1.699e-01
162085.50	-7.891e-03	2.035e-01	-1.459e-01
162086.50	-8.861e-03	1.334e-01	2.122e-01
162087.50	-4.339e-03	7.949e-02	2.486e-01
162088.50	8.736e-03	2.563e-02	1.613e-01
162089.50	-1.382e-02	1.987e-01	-2.419e-01
162090.50	-4.435e-03	1.440e-01	-1.968e-01
162091.50	-2.467e-02	4.627e-01	1.450e-01
162092.50	-7.162e-03	9.984e-02	1.507e-02
162093.50	-7.325e-04	-9.523e-02	1.354e-02
162094.50	-6.019e-03	-1.478e-02	2.083e-01
162095.50	-2.592e-03	5.491e-02	8.285e-02
162096.50	-6.250e-03	7.258e-02	-1.997e-02
162097.50	-1.373e-04	-5.952e-02	1.094e-01
162098.50	2.794e-03	-1.075e-01	5.261e-03
162099.50	2.016e-03	-5.683e-03	-9.120e-02
162100.50	-3.168e-03	5.146e-02	-1.987e-01
162101.50	-7.181e-03	1.757e-01	8.774e-03
162102.50	-8.813e-04	1.277e-01	-2.131e-01
162103.50	-2.400e-03	1.469e-01	3.610e-02
162104.50	-1.373e-02	2.650e-01	1.286e-01
162105.50	6.749e-03	-1.901e-01	1.651e-01
162106.50	-2.458e-03	4.675e-02	-2.486e-01
162107.50	-8.141e-03	1.027e-01	2.630e-01
162108.50	-6.547e-03	1.603e-01	-5.290e-02
162109.50	-6.566e-04	-1.046e-02	-5.597e-02
162110.50	4.637e-03	-8.544e-02	-1.344e-02
162111.50	-5.146e-03	5.635e-02	1.498e-01
162112.50	-3.226e-03	4.310e-02	-9.216e-02
162113.50	-4.925e-03	6.259e-02	1.546e-01
162114.50	6.182e-03	-8.477e-02	-2.592e-01
162115.50	-8.525e-03	1.085e-01	1.056e-03
162116.50	-5.731e-03	2.016e-02	3.437e-02
162117.50	9.293e-03	-2.851e-01	-5.750e-02
162118.50	1.162e-02	-7.603e-02	-9.984e-02
162119.50	-7.104e-03	2.198e-01	3.600e-02
162120.50	-4.618e-03	7.872e-02	-1.526e-01
162121.50	-7.786e-03	1.834e-01	-5.184e-02
162122.50	-4.522e-03	1.018e-01	1.872e-01
162123.50	-6.422e-03	3.763e-02	-1.469e-02
162124.50	-1.613e-04	1.459e-02	4.483e-02
162125.50	-2.285e-03	1.258e-01	-1.229e-01
162126.50	2.938e-03	-1.181e-01	9.888e-02
162127.50	-4.954e-03	6.355e-02	1.210e-01
162128.50	-1.978e-03	4.656e-02	8.208e-02
162129.50	-1.114e-02	1.565e-01	7.469e-02
162130.50	8.544e-03	-2.314e-01	-6.144e-02
162131.50	1.910e-03	7.574e-02	-1.363e-01
162132.50	-2.314e-03	1.152e-01	1.104e-01
162133.50	-2.698e-03	9.130e-02	-3.360e-03
162134.50	7.133e-03	-2.822e-02	-1.939e-02
162135.50	7.277e-03	-8.918e-02	-8.438e-02
162136.50	-6.019e-03	1.392e-01	-4.358e-02
162137.50	-3.926e-03	8.093e-02	-4.656e-03
162138.50	-2.813e-03	1.651e-02	1.334e-01
162139.50	-6.038e-03	9.264e-02	1.248e-01
162140.50	6.720e-03	-8.602e-02	4.176e-04
162141.50	-3.408e-03	7.949e-02	1.363e-01
162142.50	-1.958e-03	-2.054e-02	1.930e-01
162143.50	-4.157e-03	5.645e-02	1.382e-01
162144.50	9.600e-03	-1.123e-01	-2.122e-01
162145.50	-2.237e-03	6.758e-02	-1.661e-01
162146.50	-3.974e-03	4.944e-02	1.152e-01
162147.50	9.485e-04	-1.085e-02	3.254e-02
162148.50	2.880e-03	-1.814e-02	-8.582e-02
162149.50	4.454e-03	-2.218e-02	-1.411e-01
162150.50	4.186e-03	4.272e-02	5.328e-03
162151.50	-5.328e-03	7.450e-02	-3.245e-02
162152.50	-7.526e-03	8.563e-02	-6.010e-02
162153.50	-1.027e-02	1.162e-01	-1.430e-02
162154.50	1.402e-03	3.437e-02	-1.373e-02
162155.50	2.189e-03	-1.008e-02	-1.085e-01
162156.50	-4.474e-03	9.792e-02	1.517e-02
162157.50	3.178e-03	-1.661e-02	-2.045e-04
162158.50	4.896e-03	-1.488e-02	3.206e-02
162159.50	1.622e-04	1.334e-02	-8.554e-02
162160.50	-2.342e-04	-2.179e-02	-1.258e-01
162161.50	1.891e-03	-4.589e-02	6.346e-02
162162.50	-1.219e-03	-4.070e-02	-3.811e-02
162163.50	-3.235e-03	1.286e-03	-2.515e-02
162164.50	-6.538e-03	2.640e-02	1.104e-01
162165.50	-1.786e-03	-1.459e-02	1.066e-01
162166.50	-1.066e-02	9.408e-02	-4.666e-02
162167.50	1.152e-02	-8.448e-03	4.022e-02
162168.50	-2.966e-03	3.226e-02	5.213e-02
162169.50	-5.894e-03	1.018e-01	9.034e-02
162170.50	1.200e-03	-1.382e-01	1.594e-01
162171.50	4.579e-04	-7.104e-02	-5.674e-02
162172.50	-2.275e-03	1.411e-01	-2.237e-01
162173.50	8.458e-03	-1.306e-01	1.728e-02
162174.50	-7.306e-03	9.178e-02	1.066e-01
162175.50	-4.320e-03	6.624e-02	-5.395e-02
162176.50	-6.624e-05	9.792e-03	-4.781e-04
162177.50	-1.622e-03	6.240e-02	-3.197e-02
162178.50	-4.522e-04	7.171e-03	4.886e-02
162179.50	-3.706e-03	7.670e-02	2.246e-02
162180.50	1.891e-03	-3.888e-02	-2.083e-02
162181.50	-7.747e-03	1.478e-01	-5.894e-02
162182.50	9.888e-04	-8.842e-02	4.877e-02
162183.50	4.896e-03	-1.152e-01	2.621e-02
162184.50	2.995e-03	-5.875e-02	3.168e-02
162185.50	2.198e-03	-3.504e-02	-1.939e-02
162186.50	-2.515e-03	7.526e-02	-1.670e-02
162187.50	-2.976e-03	6.979e-02	-1.094e-01
162188.50	1.123e-04	-2.016e-03	6.010e-02
162189.50	-1.517e-03	7.853e-02	-3.802e-02
162190.50	9.792e-04	-8.803e-03	-5.770e-02
162191.50	4.704e-03	-1.037e-01	-9.446e-02
162192.50	-7.123e-03	9.984e-02	2.256e-01
162193.50	6.787e-04	3.418e-02	-7.786e-02
162194.50	8.563e-04	-2.419e-02	-2.784e-02
162195.50	3.696e-03	-2.458e-02	-5.290e-02
162196.50	-1.853e-03	1.190e-01	-4.800e-02
162197.50	-7.574e-04	-2.698e-02	9.302e-03
162198.50	-8.150e-06	1.776e-02	-1.008e-01
162199.50	-2.333e-03	1.392e-02	5.952e-02
162200.50	9.082e-03	-7.910e-02	6.806e-02
162201.50	-1.402e-03	3.552e-02	5.568e-02
162202.50	1.200e-04	2.746e-02	4.224e-02
162203.50	7.008e-03	-5.741e-02	-4.291e-02
162204.50	-7.402e-03	-7.843e-02	-9.005e-02
162205.50	-9.408e-04	-3.043e-02	-8.064e-02
162206.50	-4.867e-03	8.275e-02	8.467e-02
162207.50	-1.190e-03	5.789e-02	-8.602e-02
162208.50	-3.917e-03	6.979e-02	4.723e-02
162209.50	-2.150e-03	-2.832e-02	6.490e-02
162210.50	7.747e-04	-7.968e-02	1.872e-01
162211.50	3.523e-03	-4.963e-02	5.664e-02
162212.50	-4.685e-04	6.125e-02	-7.642e-02
162213.50	-1.968e-03	1.430e-02	-3.360e-02
162214.50	-1.306e-03	2.026e-02	3.274e-02
162215.50	-2.611e-04	-2.890e-03	-2.323e-02
162216.50	-3.072e-03	4.224e-02	-5.078e-03
162217.50	1.968e-03	-5.808e-02	-2.995e-02
162218.50	-3.782e-03	2.390e-02	-3.130e-02
162219.50	7.622e-03	-1.824e-01	6.787e-03
162220.50	-1.478e-03	6.029e-02	7.334e-02
162221.50	-1.085e-03	6.240e-02	-1.248e-01
162222.50	2.832e-03	-5.155e-02	4.176e-03
162223.50	3.821e-03	-4.349e-02	1.968e-02
162224.50	4.666e-03	3.091e-03	-2.342e-02
162225.50	3.610e-03	-4.330e-03	2.938e-02
162226.50	-5.078e-04	8.784e-03	1.229e-01
162227.50	6.422e-04	-5.904e-02	-3.360e-02
162228.50	-3.398e-03	5.328e-02	4.128e-02
162229.50	-3.475e-03	1.315e-02	-6.336e-02
162230.50	1.632e-03	-2.554e-02	-7.114e-02
162231.50	1.795e-03	3.466e-02	-4.646e-02
162232.50	3.686e-04	6.653e-02	-2.419e-02
162233.50	-6.566e-03	1.488e-01	5.539e-02
162234.50	1.123e-03	-1.219e-02	4.013e-02
162235.50	1.133e-03	9.091e-03	-4.790e-02
162236.50	-5.453e-03	1.046e-01	3.283e-02
162237.50	1.910e-03	-6.653e-02	3.072e-02
162238.50	-1.181e-03	-6.326e-03	5.453e-02
162239.50	1.776e-03	9.888e-05	-7.046e-02
162240.50	2.102e-03	-1.507e-02	-4.858e-02
162241.50	2.189e-03	3.072e-03	-2.160e-02
162242.50	-8.131e-04	-1.373e-02	-8.976e-03
162243.50	6.259e-04	-2.304e-02	-1.171e-01
162244.50	6.538e-03	-7.315e-02	-1.507e-01
162245.50	-6.970e-03	8.630e-02	4.454e-02
162246.50	-4.560e-03	4.118e-02	1.709e-02
162247.50	3.974e-03	-6.941e-02	-2.371e-02
162248.50	-6.432e-03	1.334e-02	1.334e-01
162249.50	-4.339e-04	3.427e-02	2.602e-03
162250.50	7.642e-03	-6.816e-02	-8.803e-02
162251.50	2.208e-03	8.064e-03	-1.046e-01
162252.50	-2.314e-03	1.315e-02	6.259e-02
162253.50	-5.933e-03	3.014e-02	6.998e-02
162254.50	3.533e-03	-9.888e-03	-7.872e-02
162255.50	7.565e-04	-2.986e-02	-1.190e-02
162256.50	-4.742e-03	-2.227e-02	6.826e-02
162257.50	-2.275e-03	3.715e-03	7.901e-03
162258.50	-2.669e-03	5.299e-02	5.107e-02
162259.50	1.565e-03	-5.798e-02	7.574e-02
162260.50	4.733e-03	-1.690e-01	1.114e-01
162261.50	5.635e-03	-4.858e-02	-6.202e-02
162262.50	4.301e-04	5.760e-02	-6.461e-02
162263.50	-2.592e-03	4.752e-02	1.536e-02
162264.50	3.734e-03	-4.954e-02	-3.197e-02
162265.50	2.035e-03	-9.984e-03	-2.266e-02
162266.50	1.373e-03	-7.805e-02	3.178e-02
162267.50	-2.909e-03	5.683e-02	2.544e-02
162268.50	-7.478e-03	7.066e-02	8.717e-02
162269.50	3.984e-03	-1.133e-02	1.709e-02
162270.50	-1.344e-03	-1.747e-03	9.091e-02
162271.50	1.094e-03	7.066e-02	3.974e-02
162272.50	5.933e-03	-2.304e-02	-6.125e-02
162273.50	3.053e-03	-4.042e-02	-2.189e-02
162274.50	-7.277e-03	9.984e-03	5.539e-03
162275.50	-6.998e-03	5.818e-02	5.117e-02
162276.50	-1.104e-03	4.608e-03	-6.346e-02
162277.50	-4.714e-03	8.438e-02	-4.896e-02
162278.50	-3.763e-03	7.267e-02	-9.696e-02
162279.50	1.968e-03	-3.101e-02	-3.859e-02
