161681.50	0.000e+00	0.000e+00	0.000e+00
161682.50	0.000e+00	0.000e+00	0.000e+00
161683.50	0.000e+00	0.000e+00	0.000e+00
161684.50	0.000e+00	0.000e+00	0.000e+00
161685.50	0.000e+00	0.000e+00	0.000e+00
161686.50	0.000e+00	0.000e+00	0.000e+00
161687.50	0.000e+00	0.000e+00	0.000e+00
161688.50	0.000e+00	0.000e+00	0.000e+00
161689.50	0.000e+00	0.000e+00	0.000e+00
161690.50	0.000e+00	0.000e+00	0.000e+00
161691.50	0.000e+00	0.000e+00	0.000e+00
161692.50	0.000e+00	0.000e+00	0.000e+00
161693.50	0.000e+00	0.000e+00	0.000e+00
161694.50	0.000e+00	0.000e+00	0.000e+00
161695.50	0.000e+00	0.000e+00	0.000e+00
161696.50	0.000e+00	0.000e+00	0.000e+00
161697.50	0.000e+00	0.000e+00	0.000e+00
161698.50	0.000e+00	0.000e+00	0.000e+00
161699.50	0.000e+00	0.000e+00	0.000e+00
161700.50	0.000e+00	0.000e+00	0.000e+00
161701.50	0.000e+00	0.000e+00	0.000e+00
161702.50	0.000e+00	0.000e+00	0.000e+00
161703.50	0.000e+00	0.000e+00	0.000e+00
161704.50	0.000e+00	0.000e+00	0.000e+00
161705.50	0.000e+00	0.000e+00	0.000e+00
161706.50	0.000e+00	0.000e+00	0.000e+00
161707.50	0.000e+00	0.000e+00	0.000e+00
161708.50	0.000e+00	0.000e+00	0.000e+00
161709.50	0.000e+00	0.000e+00	0.000e+00
161710.50	0.000e+00	0.000e+00	0.000e+00
161711.50	0.000e+00	0.000e+00	0.000e+00
161712.50	0.000e+00	0.000e+00	0.000e+00
161713.50	0.000e+00	0.000e+00	0.000e+00
161714.50	0.000e+00	0.000e+00	0.000e+00
161715.50	0.000e+00	0.000e+00	0.000e+00
161716.50	0.000e+00	0.000e+00	0.000e+00
161717.50	0.000e+00	0.000e+00	0.000e+00
161718.50	0.000e+00	0.000e+00	0.000e+00
161719.50	0.000e+00	0.000e+00	0.000e+00
161720.50	0.000e+00	0.000e+00	0.000e+00
161721.50	0.000e+00	0.000e+00	0.000e+00
161722.50	0.000e+00	0.000e+00	0.000e+00
161723.50	0.000e+00	0.000e+00	0.000e+00
161724.50	0.000e+00	0.000e+00	0.000e+00
161725.50	0.000e+00	0.000e+00	0.000e+00
161726.50	0.000e+00	0.000e+00	0.000e+00
161727.50	0.000e+00	0.000e+00	0.000e+00
161728.50	0.000e+00	0.000e+00	0.000e+00
161729.50	0.000e+00	0.000e+00	0.000e+00
161730.50	0.000e+00	0.000e+00	0.000e+00
161731.50	0.000e+00	0.000e+00	0.000e+00
161732.50	0.000e+00	0.000e+00	0.000e+00
161733.50	0.000e+00	0.000e+00	0.000e+00
161734.50	0.000e+00	0.000e+00	0.000e+00
161735.50	0.000e+00	0.000e+00	0.000e+00
161736.50	0.000e+00	0.000e+00	0.000e+00
161737.50	0.000e+00	0.000e+00	0.000e+00
161738.50	0.000e+00	0.000e+00	0.000e+00
161739.50	0.000e+00	0.000e+00	0.000e+00
161740.50	0.000e+00	0.000e+00	0.000e+00
161741.50	0.000e+00	0.000e+00	0.000e+00
161742.50	0.000e+00	0.000e+00	0.000e+00
161743.50	0.000e+00	0.000e+00	0.000e+00
161744.50	0.000e+00	0.000e+00	0.000e+00
161745.50	0.000e+00	0.000e+00	0.000e+00
161746.50	0.000e+00	0.000e+00	0.000e+00
161747.50	0.000e+00	0.000e+00	0.000e+00
161748.50	0.000e+00	0.000e+00	0.000e+00
161749.50	0.000e+00	0.000e+00	0.000e+00
161750.50	0.000e+00	0.000e+00	0.000e+00
161751.50	0.000e+00	0.000e+00	0.000e+00
161752.50	0.000e+00	0.000e+00	0.000e+00
161753.50	0.000e+00	0.000e+00	0.000e+00
161754.50	0.000e+00	0.000e+00	0.000e+00
161755.50	0.000e+00	0.000e+00	0.000e+00
161756.50	0.000e+00	0.000e+00	0.000e+00
161757.50	0.000e+00	0.000e+00	0.000e+00
161758.50	0.000e+00	0.000e+00	0.000e+00
161759.50	0.000e+00	0.000e+00	0.000e+00
161760.50	0.000e+00	0.000e+00	0.000e+00
161761.50	0.000e+00	0.000e+00	0.000e+00
161762.50	0.000e+00	0.000e+00	0.000e+00
161763.50	0.000e+00	0.000e+00	0.000e+00
161764.50	0.000e+00	0.000e+00	0.000e+00
161765.50	0.000e+00	0.000e+00	0.000e+00
161766.50	0.000e+00	0.000e+00	0.000e+00
161767.50	0.000e+00	0.000e+00	0.000e+00
161768.50	0.000e+00	0.000e+00	0.000e+00
161769.50	0.000e+00	0.000e+00	0.000e+00
161770.50	0.000e+00	0.000e+00	0.000e+00
161771.50	0.000e+00	0.000e+00	0.000e+00
161772.50	0.000e+00	0.000e+00	0.000e+00
161773.50	0.000e+00	0.000e+00	0.000e+00
161774.50	0.000e+00	0.000e+00	0.000e+00
161775.50	0.000e+00	0.000e+00	0.000e+00
161776.50	0.000e+00	0.000e+00	0.000e+00
161777.50	0.000e+00	0.000e+00	0.000e+00
161778.50	0.000e+00	0.000e+00	0.000e+00
161779.50	0.000e+00	0.000e+00	0.000e+00
161780.50	0.000e+00	0.000e+00	0.000e+00
161781.50	0.000e+00	0.000e+00	0.000e+00
161782.50	0.000e+00	0.000e+00	0.000e+00
161783.50	0.000e+00	0.000e+00	0.000e+00
161784.50	0.000e+00	0.000e+00	0.000e+00
161785.50	0.000e+00	0.000e+00	0.000e+00
161786.50	0.000e+00	0.000e+00	0.000e+00
161787.50	0.000e+00	0.000e+00	0.000e+00
161788.50	0.000e+00	0.000e+00	0.000e+00
161789.50	0.000e+00	0.000e+00	0.000e+00
161790.50	0.000e+00	0.000e+00	0.000e+00
161791.50	0.000e+00	0.000e+00	0.000e+00
161792.50	0.000e+00	0.000e+00	0.000e+00
161793.50	0.000e+00	0.000e+00	0.000e+00
161794.50	0.000e+00	0.000e+00	0.000e+00
161795.50	0.000e+00	0.000e+00	0.000e+00
161796.50	0.000e+00	0.000e+00	0.000e+00
161797.50	0.000e+00	0.000e+00	0.000e+00
161798.50	0.000e+00	0.000e+00	0.000e+00
161799.50	0.000e+00	0.000e+00	0.000e+00
161800.50	0.000e+00	0.000e+00	0.000e+00
161801.50	0.000e+00	0.000e+00	0.000e+00
161802.50	0.000e+00	0.000e+00	0.000e+00
161803.50	0.000e+00	0.000e+00	0.000e+00
161804.50	0.000e+00	0.000e+00	0.000e+00
161805.50	0.000e+00	0.000e+00	0.000e+00
161806.50	0.000e+00	0.000e+00	0.000e+00
161807.50	0.000e+00	0.000e+00	0.000e+00
161808.50	0.000e+00	0.000e+00	0.000e+00
161809.50	0.000e+00	0.000e+00	0.000e+00
161810.50	0.000e+00	0.000e+00	0.000e+00
161811.50	0.000e+00	0.000e+00	0.000e+00
161812.50	0.000e+00	0.000e+00	0.000e+00
161813.50	0.000e+00	0.000e+00	0.000e+00
161814.50	0.000e+00	0.000e+00	0.000e+00
161815.50	0.000e+00	0.000e+00	0.000e+00
161816.50	0.000e+00	0.000e+00	0.000e+00
161817.50	0.000e+00	0.000e+00	0.000e+00
161818.50	0.000e+00	0.000e+00	0.000e+00
161819.50	0.000e+00	0.000e+00	0.000e+00
161820.50	0.000e+00	0.000e+00	0.000e+00
161821.50	0.000e+00	0.000e+00	0.000e+00
161822.50	0.000e+00	0.000e+00	0.000e+00
161823.50	0.000e+00	0.000e+00	0.000e+00
161824.50	0.000e+00	0.000e+00	0.000e+00
161825.50	0.000e+00	0.000e+00	0.000e+00
161826.50	0.000e+00	0.000e+00	0.000e+00
161827.50	0.000e+00	0.000e+00	0.000e+00
161828.50	0.000e+00	0.000e+00	0.000e+00
161829.50	0.000e+00	0.000e+00	0.000e+00
161830.50	0.000e+00	0.000e+00	0.000e+00
161831.50	0.000e+00	0.000e+00	0.000e+00
161832.50	0.000e+00	0.000e+00	0.000e+00
161833.50	0.000e+00	0.000e+00	0.000e+00
161834.50	0.000e+00	0.000e+00	0.000e+00
161835.50	0.000e+00	0.000e+00	0.000e+00
161836.50	0.000e+00	0.000e+00	0.000e+00
161837.50	0.000e+00	0.000e+00	0.000e+00
161838.50	0.000e+00	0.000e+00	0.000e+00
161839.50	0.000e+00	0.000e+00	0.000e+00
161840.50	0.000e+00	0.000e+00	0.000e+00
161841.50	0.000e+00	0.000e+00	0.000e+00
161842.50	0.000e+00	0.000e+00	0.000e+00
161843.50	0.000e+00	0.000e+00	0.000e+00
161844.50	0.000e+00	0.000e+00	0.000e+00
161845.50	0.000e+00	0.000e+00	0.000e+00
161846.50	0.000e+00	0.000e+00	0.000e+00
161847.50	0.000e+00	0.000e+00	0.000e+00
161848.50	0.000e+00	0.000e+00	0.000e+00
161849.50	0.000e+00	0.000e+00	0.000e+00
161850.50	0.000e+00	0.000e+00	0.000e+00
161851.50	0.000e+00	0.000e+00	0.000e+00
161852.50	0.000e+00	0.000e+00	0.000e+00
161853.50	0.000e+00	0.000e+00	0.000e+00
161854.50	0.000e+00	0.000e+00	0.000e+00
161855.50	0.000e+00	0.000e+00	0.000e+00
161856.50	0.000e+00	0.000e+00	0.000e+00
161857.50	0.000e+00	0.000e+00	0.000e+00
161858.50	0.000e+00	0.000e+00	0.000e+00
161859.50	0.000e+00	0.000e+00	0.000e+00
161860.50	0.000e+00	0.000e+00	0.000e+00
161861.50	0.000e+00	0.000e+00	0.000e+00
161862.50	0.000e+00	0.000e+00	0.000e+00
161863.50	0.000e+00	0.000e+00	0.000e+00
161864.50	0.000e+00	0.000e+00	0.000e+00
161865.50	0.000e+00	0.000e+00	0.000e+00
161866.50	0.000e+00	0.000e+00	0.000e+00
161867.50	0.000e+00	0.000e+00	0.000e+00
161868.50	0.000e+00	0.000e+00	0.000e+00
161869.50	0.000e+00	0.000e+00	0.000e+00
161870.50	0.000e+00	0.000e+00	0.000e+00
161871.50	0.000e+00	0.000e+00	0.000e+00
161872.50	0.000e+00	0.000e+00	0.000e+00
161873.50	0.000e+00	0.000e+00	0.000e+00
161874.50	0.000e+00	0.000e+00	0.000e+00
161875.50	0.000e+00	0.000e+00	0.000e+00
161876.50	0.000e+00	0.000e+00	0.000e+00
161877.50	0.000e+00	0.000e+00	0.000e+00
161878.50	0.000e+00	0.000e+00	0.000e+00
161879.50	0.000e+00	0.000e+00	0.000e+00
161880.50	0.000e+00	0.000e+00	0.000e+00
161881.50	0.000e+00	0.000e+00	0.000e+00
161882.50	0.000e+00	0.000e+00	0.000e+00
161883.50	0.000e+00	0.000e+00	0.000e+00
161884.50	0.000e+00	0.000e+00	0.000e+00
161885.50	0.000e+00	0.000e+00	0.000e+00
161886.50	0.000e+00	0.000e+00	0.000e+00
161887.50	0.000e+00	0.000e+00	0.000e+00
161888.50	0.000e+00	0.000e+00	0.000e+00
161889.50	0.000e+00	0.000e+00	0.000e+00
161890.50	7.094e-06	-3.514e-05	-1.488e-04
161891.50	-4.234e-06	4.934e-05	8.227e-05
161892.50	-7.392e-07	4.925e-05	-2.381e-05
161893.50	-7.718e-06	-7.814e-05	3.619e-04
161894.50	-5.827e-04	2.054e-02	3.840e-03
161895.50	2.438e-03	-1.094e-01	5.434e-03
161896.50	-1.757e-02	-4.810e-01	9.024e-01
161897.50	3.840e-01	-1.565e+01	-4.003e-01
161898.50	9.130e-01	-3.581e+01	-1.373e+00
161899.50	1.949e+00	-7.133e+01	-5.933e+00
161900.50	3.331e+00	-1.123e+02	-1.478e+01
161901.50	5.117e+00	-1.843e+02	-1.104e+01
161902.50	5.990e+00	-2.093e+02	-1.459e+01
161903.50	5.962e+00	-1.901e+02	-2.390e+01
161904.50	6.038e+00	-1.939e+02	-1.978e+01
161905.50	5.318e+00	-1.488e+02	-2.966e+01
161906.50	2.333e+00	-6.394e+01	-8.947e+00
161907.50	1.334e+00	-3.859e+01	1.834e-01
161908.50	5.942e-01	2.602e+00	-1.142e+01
161909.50	-2.400e-01	1.555e+01	1.958e+00
161910.50	-1.114e+00	3.130e+01	1.286e+01
161911.50	-1.584e+00	5.357e+01	7.776e+00
161912.50	-1.392e+00	5.664e+01	-7.402e-01
161913.50	-1.546e+00	5.750e+01	2.170e+00
161914.50	-1.766e+00	5.635e+01	8.342e+00
161915.50	-1.843e+00	6.038e+01	6.682e+00
161916.50	-1.690e+00	5.222e+01	8.102e+00
161917.50	-1.430e+00	4.694e+01	4.541e+00
161918.50	-1.459e+00	5.021e+01	2.602e+00
161919.50	-1.459e+00	4.886e+01	3.149e+00
161920.50	-1.526e+00	4.493e+01	7.824e+00
161921.50	-1.066e+00	3.840e+01	7.574e-01
161922.50	-1.450e+00	4.454e+01	6.144e+00
161923.50	-1.114e+00	3.744e+01	2.304e+00
161924.50	-9.984e-01	3.456e+01	1.066e+00
161925.50	-9.062e-01	2.803e+01	3.610e+00
161926.50	-9.062e-01	2.390e+01	6.931e+00
161927.50	-8.947e-01	2.630e+01	4.426e+00
161928.50	-7.613e-01	2.707e+01	7.930e-03
161929.50	-6.250e-01	2.102e+01	1.325e+00
161930.50	-6.787e-01	2.160e+01	2.237e+00
161931.50	-6.749e-01	2.093e+01	2.506e+00
161932.50	-5.779e-01	1.766e+01	2.074e+00
161933.50	-5.405e-01	1.747e+01	1.469e+00
161934.50	-5.395e-01	1.824e+01	4.512e-01
161935.50	-4.838e-01	1.536e+01	1.430e+00
161936.50	-4.752e-01	1.584e+01	8.803e-01
161937.50	-4.598e-01	1.334e+01	2.342e+00
161938.50	-4.118e-01	1.200e+01	1.747e+00
161939.50	-4.214e-01	1.114e+01	2.928e+00
161940.50	-3.638e-01	1.210e+01	6.912e-01
161941.50	-3.312e-01	1.114e+01	4.733e-01
161942.50	-4.339e-01	1.133e+01	3.082e+00
161943.50	-3.629e-01	1.056e+01	1.661e+00
161944.50	-2.650e-01	8.880e+00	2.678e-01
161945.50	-2.496e-01	8.275e+00	3.456e-01
161946.50	-2.755e-01	8.458e+00	8.189e-01
161947.50	-2.160e-01	7.210e+00	5.174e-01
161948.50	-2.352e-01	7.546e+00	4.368e-01
161949.50	-2.266e-01	6.163e+00	1.440e+00
161950.50	-2.218e-01	6.970e+00	4.877e-01
161951.50	-2.602e-01	6.240e+00	2.314e+00
161952.50	-2.285e-01	5.923e+00	1.709e+00
161953.50	-1.766e-01	6.288e+00	2.294e-02
161954.50	-1.507e-01	4.541e+00	6.490e-01
161955.50	-2.026e-01	5.635e+00	1.018e+00
161956.50	-8.957e-02	4.406e+00	-9.235e-01
161957.50	-1.411e-01	2.774e+00	1.478e+00
161958.50	-1.565e-01	5.088e+00	2.400e-01
161959.50	-1.814e-01	5.021e+00	9.600e-01
161960.50	-1.306e-01	3.437e+00	7.939e-01
161961.50	-1.200e-01	4.474e+00	-3.293e-01
161962.50	-9.245e-02	3.792e+00	-3.744e-01
161963.50	-1.440e-01	2.938e+00	1.690e+00
161964.50	-9.005e-02	3.245e+00	2.285e-01
161965.50	-1.018e-01	3.581e+00	-1.507e-01
161966.50	-8.026e-02	2.381e+00	4.426e-01
161967.50	-4.330e-02	2.448e+00	-8.150e-01
161968.50	-1.085e-01	2.563e+00	9.485e-01
161969.50	-1.085e-01	3.110e+00	3.869e-01
161970.50	-4.675e-02	2.266e+00	-5.693e-01
161971.50	-1.277e-01	3.293e+00	7.440e-01
161972.50	-9.168e-02	2.323e+00	5.184e-01
161973.50	-5.942e-02	1.930e+00	-6.211e-03
161974.50	-1.123e-01	2.870e+00	7.978e-01
161975.50	-6.653e-02	1.421e+00	5.750e-01
161976.50	-6.826e-02	1.891e+00	4.109e-01
161977.50	-3.571e-02	1.594e+00	-3.014e-01
161978.50	-8.688e-02	1.651e+00	9.302e-01
161979.50	-6.432e-02	2.150e+00	1.037e-01
161980.50	-5.386e-02	1.469e+00	3.706e-01
161981.50	-8.064e-02	2.035e+00	6.346e-01
161982.50	-3.946e-02	1.622e+00	-9.888e-02
161983.50	-5.558e-02	9.792e-01	5.914e-01
161984.50	-1.622e-03	5.357e-01	-3.859e-01
161985.50	-3.120e-02	1.344e+00	-2.342e-01
161986.50	-4.330e-02	1.651e+00	-3.014e-02
161987.50	-3.581e-02	1.267e+00	-1.248e-01
161988.50	-1.661e-02	6.355e-02	5.050e-01
161989.50	-7.958e-02	1.363e+00	9.370e-01
161990.50	-3.667e-02	1.536e+00	-1.805e-01
161991.50	-4.099e-02	1.046e+00	3.725e-01
161992.50	-1.891e-02	6.490e-01	-2.938e-02
161993.50	-3.994e-02	1.027e+00	1.632e-01
161994.50	-8.083e-03	3.869e-01	-7.152e-02
161995.50	-2.093e-02	1.027e+00	-2.976e-01
161996.50	-1.267e-02	4.022e-01	2.150e-02
161997.50	-2.870e-02	7.834e-01	1.709e-01
161998.50	-4.176e-02	7.843e-01	3.725e-01
161999.50	-3.984e-02	9.398e-01	3.034e-01
162000.50	-2.640e-02	7.584e-01	4.915e-02
162001.50	-2.611e-02	4.714e-01	3.014e-01
162002.50	-1.066e-02	7.699e-01	-3.053e-01
162003.50	-5.530e-02	8.717e-01	5.472e-01
162004.50	-1.440e-02	3.898e-01	1.037e-01
162005.50	-3.878e-02	7.363e-01	5.030e-01
162006.50	1.402e-02	4.051e-01	-6.010e-01
162007.50	-1.056e-02	7.526e-01	-5.693e-02
162008.50	-2.285e-02	6.125e-01	4.070e-02
162009.50	3.168e-03	1.555e-01	-3.312e-01
162010.50	-2.621e-02	5.760e-01	1.594e-01
162011.50	-1.795e-02	6.394e-01	8.506e-02
162012.50	-2.822e-02	7.613e-02	5.789e-01
162013.50	-3.293e-02	6.538e-01	3.034e-01
162014.50	-4.070e-03	6.106e-01	-4.464e-01
162015.50	-1.958e-02	4.454e-01	-6.490e-02
162016.50	7.469e-03	2.918e-01	-3.782e-01
162017.50	-1.219e-03	3.984e-01	-1.046e-01
162018.50	7.930e-03	-1.430e-01	8.976e-02
162019.50	-2.122e-02	4.762e-01	1.968e-01
162020.50	-5.194e-03	6.643e-02	-1.622e-02
162021.50	6.710e-06	3.024e-01	-1.037e-01
162022.50	-1.555e-02	4.349e-01	1.882e-01
162023.50	-1.978e-02	4.445e-01	8.026e-02
162024.50	-1.603e-02	4.637e-01	5.011e-02
162025.50	-1.978e-02	4.531e-01	9.149e-02
162026.50	-2.246e-02	5.578e-01	1.066e-01
162027.50	-1.171e-02	3.274e-01	4.589e-02
162028.50	-1.171e-02	8.832e-02	9.792e-02
162029.50	7.642e-03	2.938e-01	-2.870e-01
162030.50	-7.190e-03	2.218e-01	2.640e-02
162031.50	1.267e-03	-6.941e-02	-2.198e-02
162032.50	-3.370e-02	5.981e-01	3.274e-01
162033.50	-3.216e-02	6.432e-01	2.294e-01
162034.50	-1.027e-02	1.315e-01	2.870e-01
162035.50	-2.726e-03	2.438e-02	1.018e-01
162036.50	-1.094e-02	3.158e-01	1.171e-01
162037.50	9.600e-03	-1.507e-01	-1.123e-01
162038.50	-1.056e-02	1.469e-01	1.786e-01
162039.50	-8.966e-03	4.291e-02	2.170e-01
162040.50	-4.214e-03	-3.590e-02	5.981e-02
162041.50	-1.565e-02	3.610e-01	5.923e-02
162042.50	-5.808e-03	3.677e-01	-1.114e-01
162043.50	1.123e-02	1.402e-01	-4.589e-01
162044.50	-3.504e-03	-1.469e-01	2.621e-01
162045.50	-3.187e-02	2.064e-01	7.075e-01
162046.50	4.915e-03	1.786e-01	-2.563e-01
162047.50	4.963e-03	3.494e-01	-4.464e-01
162048.50	-2.726e-03	9.149e-02	-3.562e-02
162049.50	3.984e-03	-1.142e-02	-8.822e-02
162050.50	-1.622e-02	3.926e-01	7.661e-02
162051.50	-7.613e-03	1.843e-01	5.357e-02
162052.50	-1.075e-02	2.736e-01	3.120e-02
162053.50	-1.334e-02	5.923e-02	2.918e-01
162054.50	-4.426e-03	6.221e-03	1.363e-01
162055.50	-6.854e-03	9.418e-02	9.542e-02
162056.50	-1.565e-03	1.392e-01	-7.373e-02
162057.50	-1.738e-02	4.358e-01	1.334e-01
162058.50	-1.018e-02	6.038e-02	1.018e-01
162059.50	-1.498e-02	1.997e-01	1.421e-01
162060.50	5.174e-03	-1.536e-01	1.190e-02
162061.50	2.592e-04	1.526e-03	-9.494e-03
162062.50	9.293e-03	1.190e-01	-2.851e-01
162063.50	-9.187e-03	3.946e-01	-1.238e-01
162064.50	-6.490e-03	1.469e-02	1.123e-01
162065.50	-4.531e-03	1.642e-01	4.579e-02
162066.50	1.142e-03	1.008e-02	4.963e-03
162067.50	-7.507e-03	1.296e-01	1.210e-01
162068.50	-1.066e-02	2.227e-01	2.390e-01
162069.50	8.515e-03	1.939e-01	-2.669e-01
162070.50	-3.043e-03	-1.776e-02	1.286e-02
162071.50	3.830e-03	-1.219e-01	7.565e-02
162072.50	-9.792e-03	-2.131e-02	2.554e-01
162073.50	-2.160e-03	8.496e-02	-4.483e-02
162074.50	-1.056e-02	3.427e-01	5.242e-02
162075.50	-1.008e-03	1.219e-01	-9.341e-02
162076.50	-6.557e-03	-6.749e-02	2.496e-01
162077.50	1.286e-02	-2.189e-01	-7.008e-02
162078.50	-8.016e-03	1.920e-01	-4.522e-02
162079.50	-1.296e-02	4.358e-01	6.797e-02
162080.50	-1.776e-03	-1.056e-01	3.619e-02
162081.50	-2.016e-02	3.514e-01	7.613e-02
162082.50	-3.734e-03	6.326e-02	2.707e-02
162083.50	1.037e-02	-1.104e-01	-2.381e-01
162084.50	-1.037e-02	2.141e-01	3.283e-02
162085.50	-3.437e-03	2.150e-03	1.190e-01
162086.50	1.238e-02	-1.306e-01	-1.997e-01
162087.50	-1.152e-02	1.766e-01	8.266e-02
162088.50	1.171e-02	-9.696e-02	-1.766e-01
162089.50	-8.880e-03	7.507e-02	7.930e-02
162090.50	-5.981e-04	1.046e-01	-9.504e-02
162091.50	3.888e-03	1.325e-01	-5.750e-02
162092.50	-5.885e-03	2.362e-01	-4.579e-02
162093.50	3.514e-03	-5.501e-02	2.160e-02
162094.50	-1.027e-02	8.554e-02	1.776e-01
162095.50	5.894e-03	5.318e-02	-2.390e-01
162096.50	-4.234e-03	1.920e-01	3.254e-02
162097.50	-4.339e-03	-1.037e-01	-5.146e-02
162098.50	-6.067e-03	6.000e-02	1.411e-01
162099.50	7.133e-03	-1.699e-01	-2.189e-02
162100.50	-1.498e-02	4.810e-02	2.717e-01
162101.50	-8.467e-03	2.045e-01	9.792e-02
162102.50	-5.280e-04	-3.638e-02	1.440e-01
162103.50	-1.469e-02	2.218e-01	1.229e-01
162104.50	5.626e-03	-2.131e-01	9.504e-03
162105.50	8.621e-03	-9.168e-02	-1.277e-01
162106.50	-1.325e-02	1.382e-01	1.939e-01
162107.50	-5.578e-03	2.275e-02	5.827e-02
162108.50	-2.294e-03	-3.014e-02	5.395e-02
162109.50	2.640e-03	-5.280e-02	9.984e-02
162110.50	5.712e-03	-1.968e-02	-9.984e-02
162111.50	7.901e-04	2.342e-01	-1.776e-01
162112.50	-2.746e-03	2.774e-02	3.437e-02
162113.50	-6.413e-03	2.074e-01	4.186e-02
162114.50	5.962e-03	-2.198e-01	-2.141e-02
162115.50	4.118e-03	-7.555e-02	1.056e-02
162116.50	-3.590e-03	6.317e-02	7.315e-02
162117.50	-1.344e-03	3.984e-02	-1.594e-02
162118.50	-4.608e-03	1.306e-01	-5.750e-02
162119.50	-6.029e-03	2.352e-02	1.094e-01
162120.50	-1.056e-02	1.978e-01	1.027e-01
162121.50	1.891e-03	-2.179e-01	4.742e-02
162122.50	-3.082e-03	1.882e-01	-9.322e-02
162123.50	4.339e-03	-3.168e-02	-1.085e-01
162124.50	-1.411e-03	-4.675e-02	6.970e-02
162125.50	-9.216e-04	-6.374e-02	7.728e-02
162126.50	-1.123e-03	7.709e-02	-2.410e-02
162127.50	3.370e-03	-6.547e-02	-4.790e-02
162128.50	7.594e-03	-2.208e-01	1.987e-01
162129.50	-1.056e-02	1.286e-01	8.486e-02
162130.50	3.542e-04	-2.208e-02	-3.571e-02
162131.50	-1.037e-02	1.891e-01	1.363e-01
162132.50	1.478e-03	-1.354e-02	-8.390e-02
162133.50	1.085e-02	6.701e-03	-2.448e-01
162134.50	-4.963e-03	7.190e-02	7.421e-02
162135.50	1.709e-03	6.605e-02	-9.456e-02
162136.50	1.574e-03	-9.062e-02	-5.501e-02
162137.50	-5.213e-03	8.659e-02	2.726e-02
162138.50	1.478e-03	-5.942e-02	1.277e-02
162139.50	5.568e-03	1.046e-01	-1.718e-01
162140.50	-7.421e-03	2.256e-02	2.160e-01
162141.50	-1.171e-02	1.392e-01	2.026e-01
162142.50	-7.450e-03	1.699e-01	4.646e-02
162143.50	-2.909e-03	2.198e-02	9.571e-02
162144.50	9.187e-03	-6.451e-02	-1.603e-01
162145.50	-7.939e-03	2.208e-01	3.830e-02
162146.50	1.142e-03	-8.630e-02	7.171e-02
162147.50	-8.707e-03	4.051e-02	1.382e-01
162148.50	9.984e-03	6.038e-02	-1.229e-01
162149.50	-2.477e-03	6.883e-02	-2.227e-02
162150.50	-1.027e-02	1.843e-01	-2.160e-02
162151.50	-8.035e-03	5.558e-02	1.296e-01
162152.50	1.776e-02	-3.024e-01	-1.997e-01
162153.50	-6.605e-03	1.853e-01	1.152e-02
162154.50	-1.546e-02	1.757e-02	1.987e-01
162155.50	-2.410e-03	2.544e-01	-9.792e-02
162156.50	4.627e-03	8.256e-02	-1.258e-01
162157.50	6.912e-03	-5.712e-02	-2.304e-03
162158.50	5.338e-03	3.648e-02	-1.008e-01
162159.50	5.443e-03	-5.645e-02	-3.610e-02
162160.50	2.650e-03	-3.082e-03	-1.872e-02
162161.50	3.878e-03	-1.066e-01	-1.382e-01
162162.50	-1.056e-02	-2.160e-02	1.786e-01
162163.50	-1.642e-03	-5.568e-02	1.094e-01
162164.50	5.357e-03	-4.560e-02	-7.248e-02
162165.50	-8.909e-03	7.872e-02	9.600e-02
162166.50	5.030e-03	-7.142e-02	-9.696e-02
162167.50	-6.970e-03	3.437e-02	1.306e-01
162168.50	7.018e-04	1.574e-02	-9.888e-02
162169.50	7.766e-03	-1.910e-01	-3.245e-02
162170.50	-6.125e-03	8.813e-02	5.290e-02
162171.50	-3.082e-03	1.814e-02	6.432e-02
162172.50	-9.149e-03	-1.747e-02	1.459e-01
162173.50	1.296e-02	4.483e-04	-2.227e-01
162174.50	2.832e-03	-1.114e-02	-6.518e-02
162175.50	3.302e-03	2.054e-02	-9.187e-02
162176.50	2.890e-03	-6.682e-02	-2.659e-02
162177.50	-3.398e-03	1.066e-01	-4.330e-02
162178.50	-1.411e-02	2.102e-01	1.728e-01
162179.50	5.981e-03	5.885e-02	-8.573e-02
162180.50	3.965e-03	3.293e-02	-3.494e-02
162181.50	-7.152e-03	-3.418e-02	1.181e-01
162182.50	7.939e-04	-7.814e-02	2.294e-02
162183.50	-4.118e-03	-7.219e-03	6.970e-02
162184.50	2.870e-03	3.158e-02	-1.018e-01
162185.50	-1.334e-03	-2.640e-03	2.736e-03
162186.50	-3.043e-03	6.307e-02	7.536e-02
162187.50	-2.746e-03	2.794e-02	3.408e-02
162188.50	-2.630e-03	-3.840e-03	-2.400e-02
162189.50	-3.110e-03	2.179e-03	5.059e-02
162190.50	1.219e-03	-1.402e-01	5.318e-02
162191.50	6.547e-03	-2.602e-02	-6.115e-02
162192.50	5.827e-03	-1.008e-01	-5.885e-02
162193.50	-4.627e-04	6.528e-02	-1.421e-02
162194.50	9.322e-04	-1.507e-02	-2.813e-02
162195.50	-2.842e-03	-1.181e-01	1.286e-01
162196.50	-3.302e-03	6.557e-02	-2.160e-02
162197.50	1.123e-03	-2.429e-02	-4.454e-02
162198.50	-1.478e-03	9.139e-02	1.267e-02
162199.50	4.205e-04	9.446e-02	-8.611e-02
162200.50	-5.146e-03	6.960e-02	3.427e-02
162201.50	3.610e-04	-1.152e-01	2.496e-02
162202.50	-1.373e-03	6.672e-03	2.928e-02
162203.50	3.178e-03	7.843e-02	4.992e-03
162204.50	-1.594e-03	4.589e-03	-5.059e-02
162205.50	1.325e-02	-7.286e-02	-1.248e-01
162206.50	-3.850e-03	5.194e-02	1.901e-02
162207.50	2.525e-03	-5.923e-02	-6.480e-02
162208.50	1.939e-03	-1.382e-02	-2.918e-02
162209.50	1.901e-03	-5.568e-02	-5.261e-02
162210.50	5.434e-03	-3.302e-02	-7.920e-02
162211.50	2.410e-03	-7.123e-02	4.042e-02
162212.50	-1.805e-03	-1.325e-02	9.600e-02
162213.50	-3.312e-03	5.558e-02	6.298e-03
162214.50	-5.741e-03	1.133e-01	6.365e-02
162215.50	-7.325e-03	4.310e-02	1.661e-01
162216.50	-4.099e-03	8.045e-02	2.112e-02
162217.50	-3.677e-04	-1.920e-02	4.397e-02
162218.50	6.586e-03	-5.606e-02	-1.574e-01
162219.50	-5.990e-03	1.517e-01	2.390e-02
162220.50	-1.421e-04	8.774e-02	-7.766e-02
162221.50	-8.352e-04	-7.824e-02	-4.358e-03
162222.50	-1.747e-03	-2.909e-02	9.245e-02
162223.50	2.102e-03	-1.872e-02	-4.963e-02
162224.50	4.800e-03	-8.179e-02	-7.594e-02
162225.50	-1.872e-03	-4.646e-02	5.155e-02
162226.50	-1.901e-03	-3.235e-02	6.739e-02
162227.50	-5.549e-03	1.181e-01	3.782e-02
162228.50	-1.958e-03	-6.451e-02	1.258e-01
162229.50	2.794e-03	2.218e-02	-7.123e-02
162230.50	7.123e-03	-4.867e-02	-1.008e-01
162231.50	4.090e-03	-1.862e-02	-1.162e-01
162232.50	-3.101e-03	3.293e-03	8.832e-02
162233.50	2.458e-04	4.310e-02	-3.917e-02
162234.50	-7.776e-04	1.267e-01	-7.094e-02
162235.50	-5.597e-03	3.034e-02	3.629e-02
162236.50	4.272e-03	-1.219e-01	7.114e-02
162237.50	1.862e-03	-3.677e-02	2.102e-02
162238.50	-2.419e-03	5.002e-02	-1.171e-02
162239.50	9.274e-03	-1.373e-02	-9.101e-02
162240.50	7.315e-04	1.469e-02	-1.709e-02
162241.50	1.709e-02	-1.661e-01	5.088e-02
162242.50	-1.430e-02	4.570e-02	-4.138e-01
162243.50	2.890e-02	-1.210e-01	7.296e-02
162244.50	-1.306e-02	1.459e-02	1.795e-01
162245.50	-3.485e-02	6.010e-02	3.024e-01
162246.50	-3.754e-03	7.958e-02	3.725e-02
162247.50	-4.512e-03	9.437e-02	8.698e-03
162248.50	-1.440e-03	1.104e-01	-3.773e-02
162249.50	1.910e-02	-1.152e-01	-3.562e-02
162250.50	-5.827e-05	-2.650e-02	9.792e-03
162251.50	-1.469e-03	4.166e-02	-5.923e-03
162252.50	-2.707e-04	-1.027e-01	7.411e-02
162253.50	-2.582e-03	-2.784e-03	-5.731e-02
162254.50	-2.717e-03	1.718e-02	3.360e-02
162255.50	6.499e-03	-1.469e-01	-4.618e-02
162256.50	-1.152e-03	1.238e-02	5.779e-02
162257.50	2.035e-03	9.053e-02	-1.363e-01
162258.50	1.248e-04	-2.006e-02	1.795e-02
162259.50	1.382e-03	-1.162e-02	-8.534e-02
162260.50	-2.410e-03	1.248e-02	3.034e-02
162261.50	-4.915e-03	1.555e-01	2.227e-02
162262.50	2.189e-03	6.288e-02	-6.154e-02
162263.50	-5.030e-04	2.842e-02	3.600e-02
162264.50	-2.525e-03	1.392e-02	2.275e-02
162265.50	6.288e-03	-5.981e-02	-1.018e-01
162266.50	-2.256e-03	-2.563e-02	9.091e-02
162267.50	-4.810e-04	1.901e-03	-1.882e-02
162268.50	-9.984e-04	8.275e-04	6.758e-02
162269.50	-4.838e-03	3.101e-02	1.018e-01
162270.50	2.986e-03	-9.696e-03	-1.200e-02
162271.50	6.134e-04	4.771e-02	-7.814e-03
162272.50	7.046e-04	-4.022e-02	6.384e-02
162273.50	-2.966e-03	8.314e-02	7.939e-03
162274.50	-4.070e-03	1.046e-02	-1.056e-02
162275.50	-9.283e-03	6.566e-02	1.037e-01
162276.50	4.416e-04	-2.112e-02	-7.046e-03
162277.50	-1.229e-04	-5.971e-02	4.310e-02
162278.50	1.555e-03	6.730e-02	-6.758e-02
162279.50	-2.333e-03	5.386e-02	-2.208e-02
