1.450035e+05 -0.000000e+00 -0.000000e+00 0.000000e+00
1.450045e+05 -0.000000e+00 -0.000000e+00 0.000000e+00
1.450055e+05 -0.000000e+00 -0.000000e+00 0.000000e+00
1.450065e+05 -0.000000e+00 -0.000000e+00 0.000000e+00
1.450075e+05 -0.000000e+00 -0.000000e+00 0.000000e+00
1.450085e+05 -0.000000e+00 -0.000000e+00 0.000000e+00
1.450095e+05 -0.000000e+00 -0.000000e+00 0.000000e+00
1.450105e+05 -0.000000e+00 -0.000000e+00 0.000000e+00
1.450115e+05 -0.000000e+00 -0.000000e+00 0.000000e+00
1.450125e+05 -0.000000e+00 -0.000000e+00 0.000000e+00
1.450135e+05 -0.000000e+00 -0.000000e+00 0.000000e+00
1.450145e+05 -0.000000e+00 -0.000000e+00 0.000000e+00
1.450155e+05 -0.000000e+00 -0.000000e+00 0.000000e+00
1.450165e+05 -0.000000e+00 -0.000000e+00 0.000000e+00
1.450175e+05 -0.000000e+00 -0.000000e+00 0.000000e+00
1.450185e+05 -0.000000e+00 -0.000000e+00 0.000000e+00
1.450195e+05 -0.000000e+00 -0.000000e+00 0.000000e+00
1.450205e+05 -0.000000e+00 -0.000000e+00 0.000000e+00
1.450215e+05 -0.000000e+00 -0.000000e+00 0.000000e+00
1.450225e+05 -0.000000e+00 -0.000000e+00 0.000000e+00
1.450235e+05 -0.000000e+00 -0.000000e+00 0.000000e+00
1.450245e+05 -0.000000e+00 -0.000000e+00 0.000000e+00
1.450255e+05 -0.000000e+00 -0.000000e+00 0.000000e+00
1.450265e+05 -0.000000e+00 -0.000000e+00 0.000000e+00
1.450275e+05 -0.000000e+00 -0.000000e+00 0.000000e+00
1.450285e+05 -0.000000e+00 -0.000000e+00 0.000000e+00
1.450295e+05 -0.000000e+00 -0.000000e+00 0.000000e+00
1.450305e+05 -0.000000e+00 -0.000000e+00 0.000000e+00
1.450315e+05 -0.000000e+00 -0.000000e+00 0.000000e+00
1.450325e+05 -0.000000e+00 -0.000000e+00 0.000000e+00
1.450335e+05 -0.000000e+00 -0.000000e+00 0.000000e+00
1.450345e+05 -0.000000e+00 -0.000000e+00 0.000000e+00
1.450355e+05 -0.000000e+00 -0.000000e+00 0.000000e+00
1.450365e+05 -0.000000e+00 -0.000000e+00 0.000000e+00
1.450375e+05 -0.000000e+00 -0.000000e+00 0.000000e+00
1.450385e+05 -0.000000e+00 -0.000000e+00 0.000000e+00
1.450395e+05 -0.000000e+00 -0.000000e+00 0.000000e+00
1.450405e+05 -0.000000e+00 -0.000000e+00 0.000000e+00
1.450415e+05 -0.000000e+00 -0.000000e+00 0.000000e+00
1.450425e+05 -0.000000e+00 -0.000000e+00 0.000000e+00
1.450435e+05 -0.000000e+00 -0.000000e+00 0.000000e+00
1.450445e+05 -0.000000e+00 -0.000000e+00 0.000000e+00
1.450455e+05 -0.000000e+00 -0.000000e+00 0.000000e+00
1.450465e+05 -0.000000e+00 -0.000000e+00 0.000000e+00
1.450475e+05 -0.000000e+00 -0.000000e+00 0.000000e+00
1.450485e+05 -0.000000e+00 -0.000000e+00 0.000000e+00
1.450495e+05 -0.000000e+00 -0.000000e+00 0.000000e+00
1.450505e+05 -0.000000e+00 -0.000000e+00 0.000000e+00
1.450515e+05 -0.000000e+00 -0.000000e+00 0.000000e+00
1.450525e+05 -0.000000e+00 -0.000000e+00 0.000000e+00
1.450535e+05 -0.000000e+00 -0.000000e+00 0.000000e+00
1.450545e+05 -0.000000e+00 -0.000000e+00 0.000000e+00
1.450555e+05 -0.000000e+00 -0.000000e+00 0.000000e+00
1.450565e+05 -0.000000e+00 -0.000000e+00 0.000000e+00
1.450575e+05 -0.000000e+00 -0.000000e+00 0.000000e+00
1.450585e+05 -0.000000e+00 -0.000000e+00 0.000000e+00
1.450595e+05 -0.000000e+00 -0.000000e+00 0.000000e+00
1.450605e+05 -0.000000e+00 -0.000000e+00 0.000000e+00
1.450615e+05 -0.000000e+00 -0.000000e+00 0.000000e+00
1.450625e+05 -0.000000e+00 -0.000000e+00 0.000000e+00
1.450635e+05 -0.000000e+00 -0.000000e+00 0.000000e+00
1.450645e+05 -0.000000e+00 -0.000000e+00 0.000000e+00
1.450655e+05 -0.000000e+00 -0.000000e+00 0.000000e+00
1.450665e+05 -0.000000e+00 -0.000000e+00 0.000000e+00
1.450675e+05 -0.000000e+00 -0.000000e+00 0.000000e+00
1.450685e+05 -0.000000e+00 -0.000000e+00 0.000000e+00
1.450695e+05 -0.000000e+00 -0.000000e+00 0.000000e+00
1.450705e+05 -0.000000e+00 -0.000000e+00 0.000000e+00
1.450715e+05 -0.000000e+00 -0.000000e+00 0.000000e+00
1.450725e+05 -0.000000e+00 -0.000000e+00 0.000000e+00
1.450735e+05 -0.000000e+00 -0.000000e+00 0.000000e+00
1.450745e+05 -0.000000e+00 -0.000000e+00 0.000000e+00
1.450755e+05 -0.000000e+00 -0.000000e+00 0.000000e+00
1.450765e+05 -0.000000e+00 -0.000000e+00 0.000000e+00
1.450775e+05 -0.000000e+00 -0.000000e+00 0.000000e+00
1.450785e+05 -0.000000e+00 -0.000000e+00 0.000000e+00
1.450795e+05 -0.000000e+00 -0.000000e+00 0.000000e+00
1.450805e+05 -0.000000e+00 -0.000000e+00 0.000000e+00
1.450815e+05 -0.000000e+00 -0.000000e+00 0.000000e+00
1.450825e+05 -0.000000e+00 -0.000000e+00 0.000000e+00
1.450835e+05 -0.000000e+00 -0.000000e+00 0.000000e+00
1.450845e+05 -0.000000e+00 -0.000000e+00 0.000000e+00
1.450855e+05 -0.000000e+00 -0.000000e+00 0.000000e+00
1.450865e+05 -0.000000e+00 -0.000000e+00 0.000000e+00
1.450875e+05 -0.000000e+00 -0.000000e+00 0.000000e+00
1.450885e+05 -0.000000e+00 -0.000000e+00 0.000000e+00
1.450895e+05 -0.000000e+00 -0.000000e+00 0.000000e+00
1.450905e+05 -0.000000e+00 -0.000000e+00 0.000000e+00
1.450915e+05 -0.000000e+00 -0.000000e+00 0.000000e+00
1.450925e+05 -0.000000e+00 -0.000000e+00 0.000000e+00
1.450935e+05 -0.000000e+00 -0.000000e+00 0.000000e+00
1.450945e+05 -0.000000e+00 -0.000000e+00 0.000000e+00
1.450955e+05 -0.000000e+00 -0.000000e+00 0.000000e+00
1.450965e+05 -0.000000e+00 -0.000000e+00 0.000000e+00
1.450975e+05 -0.000000e+00 -0.000000e+00 0.000000e+00
1.450985e+05 -0.000000e+00 -0.000000e+00 0.000000e+00
1.450995e+05 -0.000000e+00 -0.000000e+00 0.000000e+00
1.451005e+05 -0.000000e+00 -0.000000e+00 0.000000e+00
1.451015e+05 -0.000000e+00 -0.000000e+00 0.000000e+00
1.451025e+05 -0.000000e+00 -0.000000e+00 0.000000e+00
1.451035e+05 -0.000000e+00 -0.000000e+00 0.000000e+00
1.451045e+05 -0.000000e+00 -0.000000e+00 0.000000e+00
1.451055e+05 -0.000000e+00 -0.000000e+00 0.000000e+00
1.451065e+05 -0.000000e+00 -0.000000e+00 0.000000e+00
1.451075e+05 -0.000000e+00 -0.000000e+00 0.000000e+00
1.451085e+05 -0.000000e+00 -0.000000e+00 0.000000e+00
1.451095e+05 -0.000000e+00 -0.000000e+00 0.000000e+00
1.451105e+05 -0.000000e+00 -0.000000e+00 0.000000e+00
1.451115e+05 -0.000000e+00 -0.000000e+00 0.000000e+00
1.451125e+05 -0.000000e+00 -0.000000e+00 0.000000e+00
1.451135e+05 -0.000000e+00 -0.000000e+00 0.000000e+00
1.451145e+05 -0.000000e+00 -0.000000e+00 0.000000e+00
1.451155e+05 -0.000000e+00 -0.000000e+00 0.000000e+00
1.451165e+05 -0.000000e+00 -0.000000e+00 0.000000e+00
1.451175e+05 -0.000000e+00 -0.000000e+00 0.000000e+00
1.451185e+05 -0.000000e+00 -0.000000e+00 0.000000e+00
1.451195e+05 -0.000000e+00 -0.000000e+00 0.000000e+00
1.451205e+05 -0.000000e+00 -0.000000e+00 0.000000e+00
1.451215e+05 -0.000000e+00 -0.000000e+00 0.000000e+00
1.451225e+05 -0.000000e+00 -0.000000e+00 0.000000e+00
1.451235e+05 -0.000000e+00 -0.000000e+00 0.000000e+00
1.451245e+05 -0.000000e+00 -0.000000e+00 0.000000e+00
1.451255e+05 -0.000000e+00 -0.000000e+00 0.000000e+00
1.451265e+05 -0.000000e+00 -0.000000e+00 0.000000e+00
1.451275e+05 -0.000000e+00 -0.000000e+00 0.000000e+00
1.451285e+05 -0.000000e+00 -0.000000e+00 0.000000e+00
1.451295e+05 -0.000000e+00 -0.000000e+00 0.000000e+00
1.451305e+05 -0.000000e+00 -0.000000e+00 0.000000e+00
1.451315e+05 -0.000000e+00 -0.000000e+00 0.000000e+00
1.451325e+05 -0.000000e+00 -0.000000e+00 0.000000e+00
1.451335e+05 -0.000000e+00 -0.000000e+00 0.000000e+00
1.451345e+05 -0.000000e+00 -0.000000e+00 0.000000e+00
1.451355e+05 -0.000000e+00 -0.000000e+00 0.000000e+00
1.451365e+05 -0.000000e+00 -0.000000e+00 0.000000e+00
1.451375e+05 -0.000000e+00 -0.000000e+00 0.000000e+00
1.451385e+05 -0.000000e+00 -0.000000e+00 0.000000e+00
1.451395e+05 -0.000000e+00 -0.000000e+00 0.000000e+00
1.451405e+05 -0.000000e+00 -0.000000e+00 0.000000e+00
1.451415e+05 -0.000000e+00 -0.000000e+00 0.000000e+00
1.451425e+05 -0.000000e+00 -0.000000e+00 0.000000e+00
1.451435e+05 -0.000000e+00 -0.000000e+00 0.000000e+00
1.451445e+05 -0.000000e+00 -0.000000e+00 0.000000e+00
1.451455e+05 -0.000000e+00 -0.000000e+00 0.000000e+00
1.451465e+05 -0.000000e+00 -0.000000e+00 0.000000e+00
1.451475e+05 -0.000000e+00 -0.000000e+00 0.000000e+00
1.451485e+05 -0.000000e+00 -0.000000e+00 0.000000e+00
1.451495e+05 -0.000000e+00 -0.000000e+00 0.000000e+00
1.451505e+05 -0.000000e+00 -0.000000e+00 0.000000e+00
1.451515e+05 -0.000000e+00 -0.000000e+00 0.000000e+00
1.451525e+05 -0.000000e+00 -0.000000e+00 0.000000e+00
1.451535e+05 -0.000000e+00 -0.000000e+00 0.000000e+00
1.451545e+05 -0.000000e+00 -0.000000e+00 0.000000e+00
1.451555e+05 -0.000000e+00 -0.000000e+00 0.000000e+00
1.451565e+05 -0.000000e+00 -0.000000e+00 0.000000e+00
1.451575e+05 -0.000000e+00 -0.000000e+00 0.000000e+00
1.451585e+05 -0.000000e+00 -0.000000e+00 0.000000e+00
1.451595e+05 -0.000000e+00 -0.000000e+00 0.000000e+00
1.451605e+05 -0.000000e+00 -0.000000e+00 0.000000e+00
1.451615e+05 -0.000000e+00 -0.000000e+00 0.000000e+00
1.451625e+05 -0.000000e+00 -0.000000e+00 0.000000e+00
1.451635e+05 -0.000000e+00 -0.000000e+00 0.000000e+00
1.451645e+05 -0.000000e+00 -0.000000e+00 0.000000e+00
1.451655e+05 -0.000000e+00 -0.000000e+00 0.000000e+00
1.451665e+05 -0.000000e+00 -0.000000e+00 0.000000e+00
1.451675e+05 -0.000000e+00 -0.000000e+00 0.000000e+00
1.451685e+05 -0.000000e+00 -0.000000e+00 0.000000e+00
1.451695e+05 -0.000000e+00 -0.000000e+00 0.000000e+00
1.451705e+05 -0.000000e+00 -0.000000e+00 0.000000e+00
1.451715e+05 -0.000000e+00 -0.000000e+00 0.000000e+00
1.451725e+05 -0.000000e+00 -0.000000e+00 0.000000e+00
1.451735e+05 -0.000000e+00 -0.000000e+00 0.000000e+00
1.451745e+05 -0.000000e+00 -0.000000e+00 0.000000e+00
1.451755e+05 -0.000000e+00 -0.000000e+00 0.000000e+00
1.451765e+05 -0.000000e+00 -0.000000e+00 0.000000e+00
1.451775e+05 -0.000000e+00 -0.000000e+00 0.000000e+00
1.451785e+05 -0.000000e+00 -0.000000e+00 0.000000e+00
1.451795e+05 -0.000000e+00 -0.000000e+00 0.000000e+00
1.451805e+05 -0.000000e+00 -0.000000e+00 0.000000e+00
1.451815e+05 -0.000000e+00 -0.000000e+00 0.000000e+00
1.451825e+05 -0.000000e+00 -0.000000e+00 0.000000e+00
1.451835e+05 -0.000000e+00 -0.000000e+00 0.000000e+00
1.451845e+05 -0.000000e+00 -0.000000e+00 0.000000e+00
1.451855e+05 -0.000000e+00 -0.000000e+00 0.000000e+00
1.451865e+05 -0.000000e+00 -0.000000e+00 0.000000e+00
1.451875e+05 -0.000000e+00 -0.000000e+00 0.000000e+00
1.451885e+05 -0.000000e+00 -0.000000e+00 0.000000e+00
1.451895e+05 -0.000000e+00 -0.000000e+00 0.000000e+00
1.451905e+05 -0.000000e+00 -0.000000e+00 0.000000e+00
1.451915e+05 -0.000000e+00 -0.000000e+00 0.000000e+00
1.451925e+05 -0.000000e+00 -0.000000e+00 0.000000e+00
1.451935e+05 -0.000000e+00 -0.000000e+00 0.000000e+00
1.451945e+05 -0.000000e+00 -0.000000e+00 0.000000e+00
1.451955e+05 -0.000000e+00 -0.000000e+00 0.000000e+00
1.451965e+05 -0.000000e+00 -0.000000e+00 0.000000e+00
1.451975e+05 -0.000000e+00 -0.000000e+00 0.000000e+00
1.451985e+05 -0.000000e+00 -0.000000e+00 0.000000e+00
1.451995e+05 -0.000000e+00 -0.000000e+00 0.000000e+00
1.452005e+05 -0.000000e+00 -0.000000e+00 0.000000e+00
1.452015e+05 -0.000000e+00 -0.000000e+00 0.000000e+00
1.452025e+05 -0.000000e+00 -0.000000e+00 0.000000e+00
1.452035e+05 -0.000000e+00 -0.000000e+00 0.000000e+00
1.452045e+05 -0.000000e+00 -0.000000e+00 0.000000e+00
1.452055e+05 -0.000000e+00 -0.000000e+00 0.000000e+00
1.452065e+05 -0.000000e+00 -0.000000e+00 0.000000e+00
1.452075e+05 -0.000000e+00 -0.000000e+00 0.000000e+00
1.452085e+05 -0.000000e+00 -0.000000e+00 0.000000e+00
1.452095e+05 -0.000000e+00 -0.000000e+00 0.000000e+00
1.452105e+05 -0.000000e+00 -0.000000e+00 0.000000e+00
1.452115e+05 -0.000000e+00 -0.000000e+00 0.000000e+00
1.452125e+05 -0.000000e+00 -0.000000e+00 0.000000e+00
1.452135e+05 -0.000000e+00 -0.000000e+00 0.000000e+00
1.452145e+05 -0.000000e+00 -0.000000e+00 0.000000e+00
1.452155e+05 -0.000000e+00 -0.000000e+00 0.000000e+00
1.452165e+05 -0.000000e+00 -0.000000e+00 0.000000e+00
1.452175e+05 -0.000000e+00 -0.000000e+00 0.000000e+00
1.452185e+05 -1.290000e-05 8.460000e-05 3.740000e-04
1.452195e+05 -1.650000e-05 2.010000e-04 4.230000e-04
1.452205e+05 1.730000e-05 -9.860000e-05 -4.510000e-04
1.452215e+05 9.590000e-06 -5.060000e-04 2.210000e-05
1.452225e+05 -1.780000e-04 4.590000e-03 1.910000e-03
1.452235e+05 -4.960000e-04 1.270000e-02 5.000000e-03
1.452245e+05 -8.600000e-03 8.250000e-02 1.840000e-01
1.452255e+05 1.740000e-02 -7.270000e-01 4.690000e-02
1.452265e+05 1.460000e-01 -6.130000e+00 4.960000e-01
1.452275e+05 3.940000e-01 -1.440000e+01 -1.860000e-01
1.452285e+05 8.000000e-01 -2.660000e+01 -1.880000e+00
1.452295e+05 1.600000e+00 -4.680000e+01 -8.100000e+00
1.452305e+05 1.710000e+00 -5.370000e+01 -4.940000e+00
1.452315e+05 2.930000e+00 -8.560000e+01 -1.220000e+01
1.452325e+05 3.920000e+00 -1.250000e+02 -6.720000e+00
1.452335e+05 4.730000e+00 -1.440000e+02 -1.170000e+01
1.452345e+05 5.230000e+00 -1.490000e+02 -1.810000e+01
1.452355e+05 4.750000e+00 -1.380000e+02 -1.160000e+01
1.452365e+05 5.000000e+00 -1.300000e+02 -2.260000e+01
1.452375e+05 4.610000e+00 -1.260000e+02 -1.360000e+01
1.452385e+05 4.020000e+00 -1.020000e+02 -1.480000e+01
1.452395e+05 3.330000e+00 -6.880000e+01 -2.300000e+01
1.452405e+05 1.680000e+00 -4.500000e+01 -9.630000e-02
1.452415e+05 7.290000e-01 -2.070000e+01 5.450000e+00
1.452425e+05 8.470000e-01 -5.530000e+00 -9.070000e+00
1.452435e+05 1.760000e-02 1.020000e+01 -1.380000e+00
1.452445e+05 -3.440000e-01 1.620000e+01 2.230000e+00
1.452455e+05 -3.590000e-01 2.340000e+01 -3.450000e+00
1.452465e+05 -1.560000e+00 3.870000e+01 1.260000e+01
1.452475e+05 -1.550000e+00 4.930000e+01 3.700000e+00
1.452485e+05 -1.430000e+00 4.740000e+01 1.590000e+00
1.452495e+05 -1.670000e+00 5.010000e+01 4.730000e+00
1.452505e+05 -1.720000e+00 4.710000e+01 8.050000e+00
1.452515e+05 -1.470000e+00 4.710000e+01 1.560000e+00
1.452525e+05 -1.690000e+00 4.290000e+01 9.120000e+00
1.452535e+05 -1.520000e+00 4.850000e+01 5.740000e-01
1.452545e+05 -1.850000e+00 4.760000e+01 9.260000e+00
1.452555e+05 -1.430000e+00 4.510000e+01 3.900000e-01
1.452565e+05 -1.350000e+00 3.740000e+01 3.990000e+00
1.452575e+05 -1.610000e+00 4.440000e+01 4.640000e+00
1.452585e+05 -1.650000e+00 3.830000e+01 9.960000e+00
1.452595e+05 -1.550000e+00 3.860000e+01 7.200000e+00
1.452605e+05 -1.270000e+00 3.600000e+01 3.070000e+00
1.452615e+05 -9.880000e-01 2.820000e+01 2.470000e+00
1.452625e+05 -9.260000e-01 2.610000e+01 2.420000e+00
1.452635e+05 -1.020000e+00 2.650000e+01 3.700000e+00
1.452645e+05 -8.710000e-01 2.360000e+01 2.430000e+00
1.452655e+05 -8.380000e-01 2.440000e+01 1.060000e+00
1.452665e+05 -9.420000e-01 2.520000e+01 2.730000e+00
1.452675e+05 -8.580000e-01 2.180000e+01 2.890000e+00
1.452685e+05 -8.250000e-01 2.390000e+01 1.070000e+00
1.452695e+05 -5.760000e-01 1.610000e+01 2.020000e+00
1.452705e+05 -6.710000e-01 1.580000e+01 3.920000e+00
1.452715e+05 -6.560000e-01 1.870000e+01 1.070000e+00
1.452725e+05 -5.330000e-01 1.440000e+01 1.540000e+00
1.452735e+05 -5.960000e-01 1.450000e+01 2.410000e+00
1.452745e+05 -5.760000e-01 1.310000e+01 3.240000e+00
1.452755e+05 -4.560000e-01 1.350000e+01 2.140000e-01
1.452765e+05 -4.190000e-01 1.290000e+01 4.020000e-01
1.452775e+05 -6.230000e-01 1.300000e+01 4.180000e+00
1.452785e+05 -4.670000e-01 1.060000e+01 2.720000e+00
1.452795e+05 -4.050000e-01 1.070000e+01 1.350000e+00
1.452805e+05 -4.340000e-01 1.200000e+01 9.970000e-01
1.452815e+05 -4.280000e-01 1.040000e+01 1.760000e+00
1.452825e+05 -3.280000e-01 8.040000e+00 1.450000e+00
1.452835e+05 -2.590000e-01 8.620000e+00 -6.590000e-01
1.452845e+05 -2.530000e-01 7.450000e+00 5.260000e-01
1.452855e+05 -3.910000e-01 9.860000e+00 1.350000e+00
1.452865e+05 -3.020000e-01 7.670000e+00 1.020000e+00
1.452875e+05 -2.860000e-01 5.220000e+00 2.620000e+00
1.452885e+05 -2.380000e-01 5.840000e+00 8.940000e-01
1.452895e+05 -2.040000e-01 5.510000e+00 4.590000e-01
1.452905e+05 -2.980000e-01 7.130000e+00 1.290000e+00
1.452915e+05 -1.220000e-01 4.680000e+00 -7.680000e-01
1.452925e+05 -2.220000e-01 5.500000e+00 9.650000e-01
1.452935e+05 -2.020000e-01 5.260000e+00 4.320000e-01
1.452945e+05 -1.940000e-01 5.040000e+00 8.390000e-01
1.452955e+05 -2.580000e-01 5.670000e+00 1.350000e+00
1.452965e+05 -1.410000e-01 4.330000e+00 -7.190000e-02
1.452975e+05 -2.160000e-01 5.430000e+00 8.490000e-01
1.452985e+05 -1.460000e-01 4.040000e+00 1.930000e-01
1.452995e+05 -2.080000e-01 4.720000e+00 1.190000e+00
1.453005e+05 -1.480000e-01 3.370000e+00 6.890000e-01
1.453015e+05 -1.130000e-01 2.240000e+00 8.590000e-01
1.453025e+05 -1.190000e-01 3.530000e+00 -1.100000e-01
1.453035e+05 -7.430000e-02 2.840000e+00 -5.590000e-01
1.453045e+05 -1.150000e-01 3.480000e+00 -9.220000e-02
1.453055e+05 -9.240000e-02 3.160000e+00 -1.840000e-01
1.453065e+05 -1.520000e-01 1.940000e+00 2.130000e+00
1.453075e+05 -1.080000e-01 2.730000e+00 2.320000e-01
1.453085e+05 -1.040000e-01 3.040000e+00 -4.290000e-02
1.453095e+05 -1.770000e-01 2.770000e+00 1.820000e+00
1.453105e+05 -7.300000e-02 1.770000e+00 4.020000e-01
1.453115e+05 -7.050000e-02 2.630000e+00 -2.020000e-01
1.453125e+05 -3.850000e-02 1.590000e+00 -4.320000e-01
1.453135e+05 -1.000000e-01 2.730000e+00 1.250000e-01
1.453145e+05 -1.330000e-01 3.000000e+00 7.080000e-01
1.453155e+05 -7.850000e-02 1.280000e+00 8.290000e-01
1.453165e+05 -8.970000e-02 2.180000e+00 3.550000e-01
1.453175e+05 -6.560000e-02 1.830000e+00 4.280000e-02
1.453185e+05 -1.040000e-01 2.450000e+00 3.770000e-01
1.453195e+05 -6.230000e-02 1.350000e+00 3.920000e-01
1.453205e+05 -5.520000e-02 1.020000e+00 3.750000e-01
1.453215e+05 -2.760000e-02 7.780000e-01 -5.320000e-02
1.453225e+05 -4.590000e-02 9.720000e-01 2.550000e-01
1.453235e+05 -5.100000e-02 1.810000e+00 -7.530000e-02
1.453245e+05 -8.010000e-02 1.330000e+00 7.560000e-01
1.453255e+05 -5.020000e-02 1.200000e+00 8.430000e-02
1.453265e+05 -7.650000e-02 1.390000e+00 7.500000e-01
1.453275e+05 -5.220000e-02 2.000000e+00 -3.410000e-01
1.453285e+05 4.430000e-03 1.310000e-01 -3.200000e-01
1.453295e+05 -7.690000e-02 8.100000e-01 1.140000e+00
1.453305e+05 -2.180000e-02 1.070000e+00 -3.030000e-01
1.453315e+05 -5.050000e-02 1.530000e+00 -1.600000e-01
1.453325e+05 -5.780000e-02 1.290000e+00 1.280000e-01
1.453335e+05 2.340000e-02 -9.310000e-03 -4.150000e-01
1.453345e+05 -3.500000e-02 1.130000e+00 -2.760000e-02
1.453355e+05 -4.050000e-02 7.640000e-01 1.990000e-01
1.453365e+05 -5.930000e-02 6.110000e-01 9.500000e-01
1.453375e+05 -1.130000e-02 7.420000e-01 -1.800000e-01
1.453385e+05 -3.130000e-02 7.550000e-01 1.930000e-01
1.453395e+05 -1.400000e-02 3.950000e-01 1.160000e-01
1.453405e+05 -3.180000e-02 9.650000e-01 -1.480000e-01
1.453415e+05 -4.430000e-02 6.860000e-01 5.430000e-01
1.453425e+05 -1.880000e-02 6.670000e-01 -1.510000e-01
1.453435e+05 -1.380000e-02 1.680000e-01 4.330000e-02
1.453445e+05 2.010000e-02 2.800000e-01 -8.050000e-01
1.453455e+05 -1.750000e-02 3.430000e-01 2.410000e-01
1.453465e+05 -2.660000e-02 8.330000e-01 -1.070000e-01
1.453475e+05 -5.410000e-02 9.960000e-01 4.210000e-01
1.453485e+05 -5.010000e-02 7.180000e-01 5.230000e-01
1.453495e+05 -2.900000e-02 3.200000e-01 4.990000e-01
1.453505e+05 -1.980000e-02 4.720000e-01 1.900000e-02
1.453515e+05 -7.000000e-02 1.140000e+00 5.880000e-01
1.453525e+05 -1.420000e-02 1.110000e-01 3.550000e-01
1.453535e+05 -7.210000e-03 5.340000e-01 -3.460000e-01
1.453545e+05 -1.870000e-02 7.120000e-01 -6.900000e-02
1.453555e+05 -6.260000e-03 4.470000e-01 -1.720000e-01
1.453565e+05 -1.980000e-02 3.260000e-01 9.200000e-02
1.453575e+05 1.510000e-02 2.720000e-01 -3.890000e-01
1.453585e+05 -2.510000e-02 6.020000e-01 -1.080000e-02
1.453595e+05 -3.240000e-02 3.130000e-01 3.590000e-01
1.453605e+05 1.690000e-03 2.220000e-01 -1.190000e-01
1.453615e+05 -7.590000e-03 3.820000e-01 -5.460000e-02
1.453625e+05 -1.850000e-02 9.240000e-01 -2.780000e-01
1.453635e+05 6.840000e-03 -2.410000e-01 -1.020000e-01
1.453645e+05 -1.370000e-02 -2.160000e-01 5.240000e-01
1.453655e+05 -2.660000e-02 9.090000e-01 -1.220000e-02
1.453665e+05 -2.200000e-02 4.230000e-01 1.380000e-01
1.453675e+05 -1.960000e-02 5.280000e-02 3.790000e-01
1.453685e+05 -1.160000e-02 1.530000e-01 1.370000e-01
1.453695e+05 -2.450000e-02 4.530000e-01 3.250000e-01
1.453705e+05 3.800000e-03 2.670000e-01 -4.120000e-01
1.453715e+05 1.570000e-02 -5.850000e-03 -2.370000e-01
1.453725e+05 -1.450000e-03 2.980000e-01 3.600000e-02
1.453735e+05 -1.680000e-02 3.530000e-01 2.200000e-03
1.453745e+05 -2.030000e-02 -2.790000e-02 3.820000e-01
1.453755e+05 1.030000e-02 -7.260000e-02 -1.660000e-01
1.453765e+05 -3.120000e-02 4.800000e-01 1.700000e-01
1.453775e+05 -1.090000e-02 -1.290000e-01 2.810000e-01
1.453785e+05 -6.630000e-03 4.240000e-01 -8.130000e-03
1.453795e+05 -3.510000e-03 3.310000e-02 -1.760000e-02
1.453805e+05 -1.370000e-02 1.870000e-01 9.500000e-02
1.453815e+05 -5.590000e-03 -1.930000e-02 2.190000e-01
1.453825e+05 2.180000e-03 1.210000e-01 7.290000e-02
1.453835e+05 -3.510000e-02 5.010000e-01 1.420000e-01
1.453845e+05 -1.490000e-02 4.490000e-01 -4.280000e-02
1.453855e+05 -1.960000e-02 2.720000e-01 1.800000e-01
1.453865e+05 -3.610000e-02 4.120000e-01 4.400000e-01
1.453875e+05 -2.010000e-02 4.440000e-01 -1.250000e-01
1.453885e+05 8.020000e-03 -4.430000e-01 1.470000e-01
1.453895e+05 -2.650000e-02 4.810000e-01 1.130000e-01
1.453905e+05 2.230000e-02 -2.210000e-01 -3.490000e-01
1.453915e+05 -1.850000e-02 2.290000e-01 1.450000e-01
1.453925e+05 1.180000e-03 -4.490000e-02 1.200000e-01
1.453935e+05 -5.540000e-03 3.860000e-01 -8.780000e-02
1.453945e+05 -1.120000e-02 1.240000e-01 5.000000e-02
1.453955e+05 -2.570000e-02 5.590000e-01 7.880000e-02
1.453965e+05 -1.560000e-02 3.950000e-01 -8.680000e-04
1.453975e+05 -1.130000e-02 3.300000e-01 6.500000e-02
1.453985e+05 4.180000e-03 -4.250000e-02 1.050000e-03
1.453995e+05 -2.120000e-02 1.430000e-01 3.420000e-01
1.454005e+05 -1.610000e-04 -7.450000e-02 2.140000e-01
1.454015e+05 3.110000e-02 -2.160000e-01 -1.660000e-01
1.454025e+05 -3.460000e-02 3.770000e-01 2.780000e-01
1.454035e+05 -2.620000e-02 6.520000e-01 -1.230000e-01
1.454045e+05 -7.100000e-03 4.630000e-01 -5.650000e-02
1.454055e+05 -7.540000e-03 5.070000e-02 -3.020000e-02
1.454065e+05 -7.130000e-03 -2.280000e-01 1.920000e-01
1.454075e+05 1.630000e-02 -7.370000e-02 -8.810000e-02
1.454085e+05 -9.400000e-03 1.540000e-01 2.300000e-01
1.454095e+05 2.350000e-03 1.760000e-01 -2.570000e-01
1.454105e+05 -6.870000e-03 5.430000e-02 9.450000e-02
1.454115e+05 -2.730000e-02 3.110000e-01 1.980000e-01
1.454125e+05 1.120000e-02 -2.080000e-02 -5.710000e-02
1.454135e+05 2.180000e-02 -2.930000e-01 -2.790000e-01
1.454145e+05 -5.090000e-03 1.110000e-01 -5.150000e-02
1.454155e+05 2.700000e-02 -1.440000e-01 -3.770000e-01
1.454165e+05 1.960000e-02 -5.940000e-01 -5.560000e-02
1.454175e+05 7.580000e-03 2.250000e-01 -4.700000e-03
1.454185e+05 -2.820000e-03 -4.420000e-03 -8.060000e-02
1.454195e+05 -1.480000e-03 -1.690000e-02 7.680000e-02
1.454205e+05 -2.610000e-02 5.610000e-01 1.850000e-01
1.454215e+05 -1.520000e-02 8.100000e-02 1.480000e-01
1.454225e+05 -3.510000e-03 -1.290000e-04 2.150000e-02
1.454235e+05 -1.730000e-02 1.560000e-01 1.710000e-01
1.454245e+05 -2.820000e-02 3.150000e-01 2.190000e-01
1.454255e+05 -2.150000e-04 6.500000e-02 4.510000e-02
1.454265e+05 3.560000e-03 3.060000e-01 -3.090000e-01
1.454275e+05 -3.690000e-03 2.810000e-01 -1.590000e-01
1.454285e+05 -7.730000e-03 1.320000e-01 2.000000e-03
1.454295e+05 6.010000e-03 -2.090000e-01 5.500000e-02
1.454305e+05 -2.150000e-03 1.480000e-01 -7.090000e-02
1.454315e+05 -7.200000e-03 5.050000e-02 9.740000e-03
1.454325e+05 -1.100000e-02 7.570000e-02 9.200000e-02
1.454335e+05 7.790000e-03 -1.490000e-01 -7.080000e-02
1.454345e+05 -3.660000e-03 5.010000e-02 7.330000e-02
1.454355e+05 3.720000e-03 1.850000e-01 -2.090000e-01
1.454365e+05 4.070000e-04 1.000000e-01 -8.910000e-02
1.454375e+05 -2.330000e-03 -9.430000e-02 1.650000e-01
1.454385e+05 3.990000e-03 -4.670000e-02 1.250000e-02
1.454395e+05 -1.500000e-02 5.250000e-02 2.410000e-01
1.454405e+05 -4.350000e-03 -6.210000e-03 1.310000e-01
1.454415e+05 -1.780000e-03 7.880000e-03 -1.080000e-02
1.454425e+05 -5.520000e-03 -7.870000e-02 1.140000e-01
1.454435e+05 -1.720000e-02 1.370000e-01 2.150000e-01
1.454445e+05 -4.800000e-03 1.070000e-01 1.290000e-01
1.454455e+05 -9.810000e-03 1.890000e-01 1.020000e-01
1.454465e+05 3.650000e-03 7.600000e-02 -1.490000e-01
1.454475e+05 -1.350000e-02 3.880000e-02 2.840000e-01
1.454485e+05 7.800000e-03 -1.780000e-01 2.300000e-03
1.454495e+05 -5.930000e-03 1.810000e-01 -1.540000e-02
1.454505e+05 -9.200000e-03 1.080000e-02 1.280000e-01
1.454515e+05 1.180000e-02 -2.210000e-01 -1.590000e-01
1.454525e+05 -1.240000e-02 2.880000e-01 1.270000e-02
1.454535e+05 -1.710000e-03 -4.120000e-02 7.430000e-02
1.454545e+05 2.000000e-02 -2.450000e-01 -2.840000e-01
1.454555e+05 -6.850000e-03 1.330000e-01 9.830000e-02
1.454565e+05 -6.520000e-03 5.190000e-03 1.690000e-01
1.454575e+05 3.440000e-03 -5.610000e-02 3.800000e-02
1.454585e+05 7.000000e-03 -5.810000e-02 -7.990000e-02
1.454595e+05 -2.790000e-03 1.290000e-01 -8.610000e-02
1.454605e+05 7.160000e-03 -2.220000e-02 -1.920000e-01
1.454615e+05 -1.320000e-03 -1.860000e-01 1.770000e-01
1.454625e+05 -1.430000e-02 3.780000e-01 3.780000e-02
1.454635e+05 -1.020000e-02 -1.370000e-02 1.690000e-01
1.454645e+05 -4.980000e-03 1.420000e-01 3.560000e-02
1.454655e+05 -3.070000e-03 1.360000e-01 -3.080000e-02
1.454665e+05 -6.730000e-03 5.410000e-02 1.180000e-01
1.454675e+05 -2.970000e-03 2.690000e-01 -1.160000e-01
1.454685e+05 -7.940000e-03 -1.210000e-01 2.520000e-01
1.454695e+05 -1.670000e-02 1.350000e-01 2.490000e-01
1.454705e+05 -5.840000e-03 6.830000e-02 7.940000e-03
1.454715e+05 6.150000e-03 -8.310000e-02 -5.050000e-02
1.454725e+05 8.780000e-04 7.780000e-02 -1.150000e-01
1.454735e+05 2.190000e-04 -2.010000e-03 5.290000e-02
1.454745e+05 -3.650000e-05 8.130000e-02 -8.540000e-02
1.454755e+05 9.580000e-03 -7.710000e-02 -1.110000e-01
1.454765e+05 -1.540000e-03 -5.120000e-02 5.980000e-02
1.454775e+05 1.060000e-02 3.150000e-02 -1.200000e-01
1.454785e+05 1.080000e-02 -7.200000e-02 -4.070000e-02
1.454795e+05 -1.370000e-02 6.010000e-02 1.820000e-02
1.454805e+05 4.160000e-03 4.750000e-02 -2.110000e-01
1.454815e+05 6.550000e-04 9.630000e-02 -1.110000e-02
1.454825e+05 1.080000e-02 -1.560000e-02 -7.700000e-02
1.454835e+05 -1.770000e-03 -1.110000e-02 2.390000e-02
1.454845e+05 3.840000e-03 4.340000e-02 -1.150000e-01
1.454855e+05 -1.100000e-02 2.200000e-01 7.890000e-02
1.454865e+05 -2.540000e-03 -9.380000e-02 -4.560000e-04
1.454875e+05 -4.320000e-04 7.660000e-02 2.700000e-02
1.454885e+05 -3.780000e-03 1.100000e-01 6.970000e-02
1.454895e+05 6.650000e-04 -1.410000e-01 1.390000e-01
1.454905e+05 -6.930000e-03 3.410000e-02 4.570000e-02
1.454915e+05 -6.110000e-04 2.600000e-02 -5.000000e-03
1.454925e+05 1.630000e-02 -1.370000e-01 -1.240000e-01
1.454935e+05 -1.350000e-02 2.530000e-01 3.240000e-02
1.454945e+05 6.910000e-03 -9.320000e-02 5.860000e-02
1.454955e+05 -8.240000e-03 1.850000e-01 -1.190000e-01
1.454965e+05 -1.390000e-02 1.540000e-01 6.380000e-02
1.454975e+05 -3.580000e-03 -1.830000e-01 1.030000e-01
1.454985e+05 6.940000e-04 -1.460000e-02 -5.900000e-02
1.454995e+05 5.810000e-03 6.390000e-02 -7.850000e-02
1.455005e+05 -2.610000e-03 -2.080000e-02 5.340000e-02
1.455015e+05 7.740000e-03 2.330000e-02 -1.900000e-01
1.455025e+05 3.070000e-03 -8.880000e-02 1.710000e-01
1.455035e+05 -7.310000e-03 -1.310000e-01 1.020000e-01
1.455045e+05 -1.570000e-02 1.220000e-01 7.820000e-02
1.455055e+05 -1.320000e-02 1.090000e-01 1.150000e-01
1.455065e+05 1.290000e-02 1.220000e-01 -2.770000e-01
1.455075e+05 4.730000e-03 9.110000e-02 -1.800000e-01
1.455085e+05 -1.200000e-03 6.760000e-02 1.120000e-01
1.455095e+05 -3.470000e-03 -1.200000e-01 1.700000e-01
1.455105e+05 -6.980000e-03 1.240000e-02 7.170000e-02
1.455115e+05 8.570000e-03 -1.340000e-02 -2.380000e-01
1.455125e+05 -2.100000e-03 1.590000e-02 7.240000e-02
1.455135e+05 -7.490000e-03 8.620000e-02 1.660000e-01
1.455145e+05 -3.870000e-03 7.720000e-02 4.620000e-04
1.455155e+05 1.830000e-03 -4.720000e-02 -2.330000e-02
1.455165e+05 2.360000e-02 -1.610000e-02 -2.620000e-01
1.455175e+05 -4.000000e-03 3.700000e-02 4.870000e-02
1.455185e+05 5.830000e-03 -9.910000e-02 3.280000e-02
1.455195e+05 8.610000e-04 -2.670000e-02 3.870000e-02
1.455205e+05 6.800000e-03 -1.320000e-01 -2.700000e-02
1.455215e+05 -8.070000e-03 8.040000e-02 -3.730000e-02
1.455225e+05 -8.320000e-03 -4.470000e-02 1.790000e-01
1.455235e+05 1.590000e-02 -1.040000e-01 -1.810000e-01
1.455245e+05 -9.110000e-06 3.670000e-02 -7.250000e-02
1.455255e+05 8.340000e-03 -2.170000e-01 1.880000e-02
1.455265e+05 -1.730000e-02 2.180000e-02 3.010000e-01
1.455275e+05 -8.700000e-03 1.210000e-03 2.690000e-02
1.455285e+05 1.590000e-04 -3.300000e-03 2.570000e-02
1.455295e+05 -4.920000e-03 5.020000e-02 1.180000e-01
1.455305e+05 -8.460000e-03 1.760000e-01 -4.100000e-02
1.455315e+05 -5.510000e-03 -6.660000e-02 1.100000e-02
1.455325e+05 -2.390000e-02 -1.280000e-01 9.940000e-02
1.455335e+05 5.320000e-03 1.510000e-01 -7.620000e-02
1.455345e+05 3.360000e-03 6.530000e-02 -1.760000e-01
1.455355e+05 7.820000e-04 9.860000e-02 -7.650000e-02
1.455365e+05 4.900000e-04 -7.100000e-02 5.700000e-02
1.455375e+05 1.040000e-02 -1.910000e-01 -1.010000e-01
1.455385e+05 2.830000e-03 -4.360000e-02 -2.470000e-02
1.455395e+05 -5.040000e-04 1.310000e-01 -4.590000e-02
1.455405e+05 -7.240000e-03 1.250000e-01 4.210000e-02
1.455415e+05 2.390000e-03 5.520000e-02 1.860000e-02
1.455425e+05 -3.640000e-03 1.680000e-01 8.280000e-02
1.455435e+05 1.260000e-02 -6.600000e-02 -1.250000e-01
1.455445e+05 -3.140000e-03 1.620000e-01 -3.350000e-02
1.455455e+05 -1.220000e-02 4.640000e-02 1.280000e-01
1.455465e+05 1.890000e-03 -6.040000e-02 -6.240000e-02
1.455475e+05 4.010000e-04 -1.390000e-01 2.550000e-02
1.455485e+05 3.920000e-03 -4.040000e-02 5.000000e-02
1.455495e+05 5.200000e-03 1.160000e-02 -6.110000e-02
1.455505e+05 1.190000e-02 -4.130000e-02 1.870000e-02
1.455515e+05 9.190000e-03 -5.820000e-02 -8.540000e-02
1.455525e+05 6.160000e-03 -5.340000e-02 -1.200000e-01
1.455535e+05 -4.040000e-03 1.390000e-01 -7.670000e-02
1.455545e+05 -1.520000e-04 -4.400000e-02 1.050000e-02
1.455555e+05 -2.320000e-03 1.420000e-02 -6.580000e-03
1.455565e+05 -1.300000e-02 6.890000e-02 1.990000e-01
1.455575e+05 3.790000e-03 -1.130000e-01 2.240000e-02
1.455585e+05 -1.470000e-04 1.830000e-02 -7.670000e-02
1.455595e+05 -1.720000e-03 2.750000e-02 2.640000e-02
1.455605e+05 1.740000e-03 1.260000e-01 -8.350000e-02
1.455615e+05 5.960000e-03 -8.850000e-03 -6.350000e-02
1.455625e+05 -9.590000e-04 -4.170000e-02 5.430000e-02
1.455635e+05 -8.610000e-03 -2.720000e-02 1.680000e-01
1.455645e+05 -3.380000e-03 4.530000e-02 -1.010000e-02
1.455655e+05 1.670000e-03 -1.180000e-01 5.370000e-02
1.455665e+05 6.110000e-03 -4.070000e-02 -1.410000e-01
1.455675e+05 -3.730000e-04 8.390000e-02 -8.380000e-02
1.455685e+05 -5.510000e-03 2.460000e-02 8.430000e-02
1.455695e+05 3.760000e-04 -5.010000e-03 2.980000e-02
1.455705e+05 2.410000e-04 -5.550000e-02 4.980000e-02
1.455715e+05 -4.260000e-03 -1.000000e-02 2.910000e-02
1.455725e+05 4.950000e-04 9.990000e-02 -5.340000e-02
1.455735e+05 2.550000e-03 5.610000e-02 -6.240000e-02
1.455745e+05 8.410000e-04 -8.450000e-02 1.360000e-02
1.455755e+05 -5.280000e-03 6.640000e-02 -2.760000e-02
1.455765e+05 1.210000e-03 -6.260000e-02 1.430000e-02
1.455775e+05 -2.970000e-03 -1.180000e-02 3.230000e-02
1.455785e+05 3.140000e-03 -7.600000e-02 2.530000e-02
1.455795e+05 -9.190000e-03 4.670000e-02 8.690000e-02
1.455805e+05 4.000000e-03 -7.650000e-02 -6.520000e-02
1.455815e+05 2.210000e-03 8.420000e-02 -1.190000e-02
1.455825e+05 4.990000e-03 -2.120000e-02 -4.900000e-02
1.455835e+05 -2.510000e-03 8.110000e-02 6.330000e-02
1.455845e+05 -9.180000e-03 -6.960000e-03 8.870000e-02
1.455855e+05 -1.090000e-03 -3.990000e-03 2.260000e-02
1.455865e+05 4.670000e-03 1.750000e-02 -8.350000e-02
1.455875e+05 -3.000000e-03 5.540000e-02 5.980000e-02
1.455885e+05 7.150000e-03 -2.780000e-02 -4.510000e-02
1.455895e+05 7.240000e-03 -1.050000e-01 -4.380000e-02
1.455905e+05 -2.750000e-03 -2.170000e-02 5.870000e-02
1.455915e+05 -6.490000e-03 7.170000e-02 1.540000e-02
1.455925e+05 -7.770000e-03 6.340000e-02 3.400000e-02
1.455935e+05 -1.750000e-03 -5.310000e-02 1.100000e-01
1.455945e+05 -2.130000e-03 1.070000e-01 -1.030000e-02
1.455955e+05 -3.420000e-03 3.050000e-02 5.030000e-02
1.455965e+05 -3.170000e-03 1.570000e-02 1.860000e-02
1.455975e+05 5.990000e-03 -7.100000e-02 -1.310000e-01
1.455985e+05 4.230000e-03 -8.110000e-03 -4.510000e-02
1.455995e+05 3.320000e-03 -5.940000e-02 3.900000e-02
1.456005e+05 -9.000000e-03 7.420000e-02 9.090000e-02
1.456015e+05 -1.010000e-02 1.160000e-01 3.040000e-02
