1.783605e+05 -0.000000e+00 -0.000000e+00 0.000000e+00
1.783615e+05 -0.000000e+00 -0.000000e+00 0.000000e+00
1.783625e+05 -0.000000e+00 -0.000000e+00 0.000000e+00
1.783635e+05 -0.000000e+00 -0.000000e+00 0.000000e+00
1.783645e+05 -0.000000e+00 -0.000000e+00 0.000000e+00
1.783655e+05 -0.000000e+00 -0.000000e+00 0.000000e+00
1.783665e+05 -0.000000e+00 -0.000000e+00 0.000000e+00
1.783675e+05 -0.000000e+00 -0.000000e+00 0.000000e+00
1.783685e+05 -0.000000e+00 -0.000000e+00 0.000000e+00
1.783695e+05 -0.000000e+00 -0.000000e+00 0.000000e+00
1.783705e+05 -0.000000e+00 -0.000000e+00 0.000000e+00
1.783715e+05 -0.000000e+00 -0.000000e+00 0.000000e+00
1.783725e+05 -0.000000e+00 -0.000000e+00 0.000000e+00
1.783735e+05 -0.000000e+00 -0.000000e+00 0.000000e+00
1.783745e+05 -0.000000e+00 -0.000000e+00 0.000000e+00
1.783755e+05 -0.000000e+00 -0.000000e+00 0.000000e+00
1.783765e+05 -0.000000e+00 -0.000000e+00 0.000000e+00
1.783775e+05 -0.000000e+00 -0.000000e+00 0.000000e+00
1.783785e+05 -0.000000e+00 -0.000000e+00 0.000000e+00
1.783795e+05 -0.000000e+00 -0.000000e+00 0.000000e+00
1.783805e+05 -0.000000e+00 -0.000000e+00 0.000000e+00
1.783815e+05 -0.000000e+00 -0.000000e+00 0.000000e+00
1.783825e+05 -0.000000e+00 -0.000000e+00 0.000000e+00
1.783835e+05 -0.000000e+00 -0.000000e+00 0.000000e+00
1.783845e+05 -0.000000e+00 -0.000000e+00 0.000000e+00
1.783855e+05 -0.000000e+00 -0.000000e+00 0.000000e+00
1.783865e+05 -0.000000e+00 -0.000000e+00 0.000000e+00
1.783875e+05 -0.000000e+00 -0.000000e+00 0.000000e+00
1.783885e+05 -0.000000e+00 -0.000000e+00 0.000000e+00
1.783895e+05 -0.000000e+00 -0.000000e+00 0.000000e+00
1.783905e+05 -0.000000e+00 -0.000000e+00 0.000000e+00
1.783915e+05 -0.000000e+00 -0.000000e+00 0.000000e+00
1.783925e+05 -0.000000e+00 -0.000000e+00 0.000000e+00
1.783935e+05 -0.000000e+00 -0.000000e+00 0.000000e+00
1.783945e+05 -0.000000e+00 -0.000000e+00 0.000000e+00
1.783955e+05 -0.000000e+00 -0.000000e+00 0.000000e+00
1.783965e+05 -0.000000e+00 -0.000000e+00 0.000000e+00
1.783975e+05 -0.000000e+00 -0.000000e+00 0.000000e+00
1.783985e+05 -0.000000e+00 -0.000000e+00 0.000000e+00
1.783995e+05 -0.000000e+00 -0.000000e+00 0.000000e+00
1.784005e+05 -0.000000e+00 -0.000000e+00 0.000000e+00
1.784015e+05 -0.000000e+00 -0.000000e+00 0.000000e+00
1.784025e+05 -0.000000e+00 -0.000000e+00 0.000000e+00
1.784035e+05 -0.000000e+00 -0.000000e+00 0.000000e+00
1.784045e+05 -0.000000e+00 -0.000000e+00 0.000000e+00
1.784055e+05 -0.000000e+00 -0.000000e+00 0.000000e+00
1.784065e+05 -0.000000e+00 -0.000000e+00 0.000000e+00
1.784075e+05 -0.000000e+00 -0.000000e+00 0.000000e+00
1.784085e+05 -0.000000e+00 -0.000000e+00 0.000000e+00
1.784095e+05 -0.000000e+00 -0.000000e+00 0.000000e+00
1.784105e+05 -0.000000e+00 -0.000000e+00 0.000000e+00
1.784115e+05 -0.000000e+00 -0.000000e+00 0.000000e+00
1.784125e+05 -0.000000e+00 -0.000000e+00 0.000000e+00
1.784135e+05 -0.000000e+00 -0.000000e+00 0.000000e+00
1.784145e+05 -0.000000e+00 -0.000000e+00 0.000000e+00
1.784155e+05 -0.000000e+00 -0.000000e+00 0.000000e+00
1.784165e+05 -0.000000e+00 -0.000000e+00 0.000000e+00
1.784175e+05 -0.000000e+00 -0.000000e+00 0.000000e+00
1.784185e+05 -0.000000e+00 -0.000000e+00 0.000000e+00
1.784195e+05 -0.000000e+00 -0.000000e+00 0.000000e+00
1.784205e+05 -0.000000e+00 -0.000000e+00 0.000000e+00
1.784215e+05 -0.000000e+00 -0.000000e+00 0.000000e+00
1.784225e+05 -0.000000e+00 -0.000000e+00 0.000000e+00
1.784235e+05 -0.000000e+00 -0.000000e+00 0.000000e+00
1.784245e+05 -0.000000e+00 -0.000000e+00 0.000000e+00
1.784255e+05 -0.000000e+00 -0.000000e+00 0.000000e+00
1.784265e+05 -0.000000e+00 -0.000000e+00 0.000000e+00
1.784275e+05 -0.000000e+00 -0.000000e+00 0.000000e+00
1.784285e+05 -0.000000e+00 -0.000000e+00 0.000000e+00
1.784295e+05 -0.000000e+00 -0.000000e+00 0.000000e+00
1.784305e+05 -0.000000e+00 -0.000000e+00 0.000000e+00
1.784315e+05 -0.000000e+00 -0.000000e+00 0.000000e+00
1.784325e+05 -0.000000e+00 -0.000000e+00 0.000000e+00
1.784335e+05 -0.000000e+00 -0.000000e+00 0.000000e+00
1.784345e+05 -0.000000e+00 -0.000000e+00 0.000000e+00
1.784355e+05 -0.000000e+00 -0.000000e+00 0.000000e+00
1.784365e+05 -0.000000e+00 -0.000000e+00 0.000000e+00
1.784375e+05 -0.000000e+00 -0.000000e+00 0.000000e+00
1.784385e+05 -0.000000e+00 -0.000000e+00 0.000000e+00
1.784395e+05 -0.000000e+00 -0.000000e+00 0.000000e+00
1.784405e+05 -0.000000e+00 -0.000000e+00 0.000000e+00
1.784415e+05 -0.000000e+00 -0.000000e+00 0.000000e+00
1.784425e+05 -0.000000e+00 -0.000000e+00 0.000000e+00
1.784435e+05 -0.000000e+00 -0.000000e+00 0.000000e+00
1.784445e+05 -0.000000e+00 -0.000000e+00 0.000000e+00
1.784455e+05 -0.000000e+00 -0.000000e+00 0.000000e+00
1.784465e+05 -0.000000e+00 -0.000000e+00 0.000000e+00
1.784475e+05 -0.000000e+00 -0.000000e+00 0.000000e+00
1.784485e+05 -0.000000e+00 -0.000000e+00 0.000000e+00
1.784495e+05 -0.000000e+00 -0.000000e+00 0.000000e+00
1.784505e+05 -0.000000e+00 -0.000000e+00 0.000000e+00
1.784515e+05 -0.000000e+00 -0.000000e+00 0.000000e+00
1.784525e+05 -0.000000e+00 -0.000000e+00 0.000000e+00
1.784535e+05 -0.000000e+00 -0.000000e+00 0.000000e+00
1.784545e+05 -0.000000e+00 -0.000000e+00 0.000000e+00
1.784555e+05 -0.000000e+00 -0.000000e+00 0.000000e+00
1.784565e+05 -0.000000e+00 -0.000000e+00 0.000000e+00
1.784575e+05 -0.000000e+00 -0.000000e+00 0.000000e+00
1.784585e+05 -0.000000e+00 -0.000000e+00 0.000000e+00
1.784595e+05 -0.000000e+00 -0.000000e+00 0.000000e+00
1.784605e+05 -0.000000e+00 -0.000000e+00 0.000000e+00
1.784615e+05 -0.000000e+00 -0.000000e+00 0.000000e+00
1.784625e+05 -0.000000e+00 -0.000000e+00 0.000000e+00
1.784635e+05 -0.000000e+00 -0.000000e+00 0.000000e+00
1.784645e+05 -0.000000e+00 -0.000000e+00 0.000000e+00
1.784655e+05 -0.000000e+00 -0.000000e+00 0.000000e+00
1.784665e+05 -0.000000e+00 -0.000000e+00 0.000000e+00
1.784675e+05 -0.000000e+00 -0.000000e+00 0.000000e+00
1.784685e+05 -0.000000e+00 -0.000000e+00 0.000000e+00
1.784695e+05 -0.000000e+00 -0.000000e+00 0.000000e+00
1.784705e+05 -0.000000e+00 -0.000000e+00 0.000000e+00
1.784715e+05 -0.000000e+00 -0.000000e+00 0.000000e+00
1.784725e+05 -0.000000e+00 -0.000000e+00 0.000000e+00
1.784735e+05 -0.000000e+00 -0.000000e+00 0.000000e+00
1.784745e+05 -0.000000e+00 -0.000000e+00 0.000000e+00
1.784755e+05 -0.000000e+00 -0.000000e+00 0.000000e+00
1.784765e+05 -0.000000e+00 -0.000000e+00 0.000000e+00
1.784775e+05 -0.000000e+00 -0.000000e+00 0.000000e+00
1.784785e+05 -0.000000e+00 -0.000000e+00 0.000000e+00
1.784795e+05 -0.000000e+00 -0.000000e+00 0.000000e+00
1.784805e+05 -0.000000e+00 -0.000000e+00 0.000000e+00
1.784815e+05 -0.000000e+00 -0.000000e+00 0.000000e+00
1.784825e+05 -0.000000e+00 -0.000000e+00 0.000000e+00
1.784835e+05 -0.000000e+00 -0.000000e+00 0.000000e+00
1.784845e+05 -0.000000e+00 -0.000000e+00 0.000000e+00
1.784855e+05 -0.000000e+00 -0.000000e+00 0.000000e+00
1.784865e+05 -0.000000e+00 -0.000000e+00 0.000000e+00
1.784875e+05 -0.000000e+00 -0.000000e+00 0.000000e+00
1.784885e+05 -0.000000e+00 -0.000000e+00 0.000000e+00
1.784895e+05 -0.000000e+00 -0.000000e+00 0.000000e+00
1.784905e+05 -0.000000e+00 -0.000000e+00 0.000000e+00
1.784915e+05 -0.000000e+00 -0.000000e+00 0.000000e+00
1.784925e+05 -0.000000e+00 -0.000000e+00 0.000000e+00
1.784935e+05 -0.000000e+00 -0.000000e+00 0.000000e+00
1.784945e+05 -0.000000e+00 -0.000000e+00 0.000000e+00
1.784955e+05 -0.000000e+00 -0.000000e+00 0.000000e+00
1.784965e+05 -0.000000e+00 -0.000000e+00 0.000000e+00
1.784975e+05 -0.000000e+00 -0.000000e+00 0.000000e+00
1.784985e+05 -0.000000e+00 -0.000000e+00 0.000000e+00
1.784995e+05 -0.000000e+00 -0.000000e+00 0.000000e+00
1.785005e+05 -0.000000e+00 -0.000000e+00 0.000000e+00
1.785015e+05 -0.000000e+00 -0.000000e+00 0.000000e+00
1.785025e+05 -0.000000e+00 -0.000000e+00 0.000000e+00
1.785035e+05 -0.000000e+00 -0.000000e+00 0.000000e+00
1.785045e+05 -0.000000e+00 -0.000000e+00 0.000000e+00
1.785055e+05 -0.000000e+00 -0.000000e+00 0.000000e+00
1.785065e+05 -0.000000e+00 -0.000000e+00 0.000000e+00
1.785075e+05 -0.000000e+00 -0.000000e+00 0.000000e+00
1.785085e+05 -0.000000e+00 -0.000000e+00 0.000000e+00
1.785095e+05 -0.000000e+00 -0.000000e+00 0.000000e+00
1.785105e+05 -0.000000e+00 -0.000000e+00 0.000000e+00
1.785115e+05 -0.000000e+00 -0.000000e+00 0.000000e+00
1.785125e+05 -0.000000e+00 -0.000000e+00 0.000000e+00
1.785135e+05 -0.000000e+00 -0.000000e+00 0.000000e+00
1.785145e+05 -0.000000e+00 -0.000000e+00 0.000000e+00
1.785155e+05 -0.000000e+00 -0.000000e+00 0.000000e+00
1.785165e+05 -0.000000e+00 -0.000000e+00 0.000000e+00
1.785175e+05 -0.000000e+00 -0.000000e+00 0.000000e+00
1.785185e+05 -0.000000e+00 -0.000000e+00 0.000000e+00
1.785195e+05 -0.000000e+00 -0.000000e+00 0.000000e+00
1.785205e+05 -0.000000e+00 -0.000000e+00 0.000000e+00
1.785215e+05 -0.000000e+00 -0.000000e+00 0.000000e+00
1.785225e+05 -0.000000e+00 -0.000000e+00 0.000000e+00
1.785235e+05 -0.000000e+00 -0.000000e+00 0.000000e+00
1.785245e+05 -0.000000e+00 -0.000000e+00 0.000000e+00
1.785255e+05 -0.000000e+00 -0.000000e+00 0.000000e+00
1.785265e+05 -0.000000e+00 -0.000000e+00 0.000000e+00
1.785275e+05 -0.000000e+00 -0.000000e+00 0.000000e+00
1.785285e+05 -0.000000e+00 -0.000000e+00 0.000000e+00
1.785295e+05 -0.000000e+00 -0.000000e+00 0.000000e+00
1.785305e+05 -0.000000e+00 -0.000000e+00 0.000000e+00
1.785315e+05 -0.000000e+00 -0.000000e+00 0.000000e+00
1.785325e+05 -0.000000e+00 -0.000000e+00 0.000000e+00
1.785335e+05 -0.000000e+00 -0.000000e+00 0.000000e+00
1.785345e+05 -0.000000e+00 -0.000000e+00 0.000000e+00
1.785355e+05 -0.000000e+00 -0.000000e+00 0.000000e+00
1.785365e+05 -0.000000e+00 -0.000000e+00 0.000000e+00
1.785375e+05 -0.000000e+00 -0.000000e+00 0.000000e+00
1.785385e+05 -0.000000e+00 -0.000000e+00 0.000000e+00
1.785395e+05 -0.000000e+00 -0.000000e+00 0.000000e+00
1.785405e+05 -0.000000e+00 -0.000000e+00 0.000000e+00
1.785415e+05 -0.000000e+00 -0.000000e+00 0.000000e+00
1.785425e+05 -0.000000e+00 -0.000000e+00 0.000000e+00
1.785435e+05 1.780000e-05 -7.740000e-04 -3.230000e-04
1.785445e+05 1.270000e-04 -2.350000e-03 -3.390000e-03
1.785455e+05 -1.370000e-04 4.330000e-03 6.360000e-03
1.785465e+05 -5.610000e-05 2.340000e-04 2.640000e-03
1.785475e+05 8.740000e-05 2.160000e-03 -4.150000e-03
1.785485e+05 -1.050000e-04 -5.560000e-03 3.530000e-03
1.785495e+05 -8.510000e-05 2.770000e-03 2.810000e-03
1.785505e+05 9.160000e-05 -2.990000e-03 -2.040000e-03
1.785515e+05 1.070000e-04 1.110000e-03 -3.720000e-03
1.785525e+05 -1.120000e-04 9.490000e-04 2.200000e-03
1.785535e+05 5.500000e-05 7.480000e-05 -1.550000e-03
1.785545e+05 -3.190000e-05 2.290000e-04 7.710000e-04
1.785555e+05 -1.580000e-05 -8.060000e-04 5.050000e-04
1.785565e+05 2.610000e-04 6.620000e-03 -2.790000e-02
1.785575e+05 2.910000e-04 -2.870000e-02 -5.140000e-03
1.785585e+05 1.050000e-03 -3.340000e-03 -2.700000e-02
1.785595e+05 -2.440000e-04 9.570000e-03 7.540000e-03
1.785605e+05 -5.380000e-04 1.900000e-02 1.460000e-02
1.785615e+05 2.890000e-03 2.130000e-02 -4.700000e-02
1.785625e+05 -4.400000e-03 -1.940000e-01 1.610000e-01
1.785635e+05 5.870000e-02 -1.260000e+01 -1.530000e+00
1.785645e+05 5.600000e-01 -7.960000e+01 -1.460000e+01
1.785655e+05 1.280000e+00 -1.880000e+02 -3.240000e+01
1.785665e+05 2.600000e+00 -3.130000e+02 -6.440000e+01
1.785675e+05 1.680000e+00 -3.520000e+02 -3.900000e+01
1.785685e+05 1.650000e+00 -2.490000e+02 -3.800000e+01
1.785695e+05 7.960000e-01 -5.670000e+01 -1.670000e+01
1.785705e+05 -2.330000e-01 -8.090000e+00 8.220000e+00
1.785715e+05 -4.400000e-01 4.020000e+01 1.230000e+01
1.785725e+05 -2.110000e-01 5.940000e+01 6.490000e+00
1.785735e+05 -5.910000e-01 6.680000e+01 1.530000e+01
1.785745e+05 -6.680000e-01 6.760000e+01 1.650000e+01
1.785755e+05 -5.600000e-01 6.750000e+01 1.400000e+01
1.785765e+05 -4.460000e-01 6.380000e+01 1.080000e+01
1.785775e+05 -4.270000e-01 6.700000e+01 1.040000e+01
1.785785e+05 -4.750000e-01 5.270000e+01 1.170000e+01
1.785795e+05 -2.520000e-01 5.510000e+01 5.640000e+00
1.785805e+05 -8.770000e-02 4.470000e+01 2.100000e+00
1.785815e+05 2.120000e-03 4.420000e+01 -3.140000e-01
1.785825e+05 -2.370000e-01 3.930000e+01 5.480000e+00
1.785835e+05 -2.880000e-01 4.160000e+01 7.070000e+00
1.785845e+05 -1.690000e-01 3.300000e+01 3.920000e+00
1.785855e+05 -1.430000e-01 3.100000e+01 3.110000e+00
1.785865e+05 -3.810000e-01 2.670000e+01 9.150000e+00
1.785875e+05 -1.630000e-01 2.230000e+01 3.800000e+00
1.785885e+05 -2.090000e-01 2.680000e+01 4.810000e+00
1.785895e+05 -2.400000e-02 2.480000e+01 5.910000e-01
1.785905e+05 4.090000e-02 2.480000e+01 -1.030000e+00
1.785915e+05 -7.970000e-02 1.730000e+01 1.720000e+00
1.785925e+05 -1.620000e-01 1.810000e+01 3.740000e+00
1.785935e+05 -1.070000e-01 1.720000e+01 2.530000e+00
1.785945e+05 -7.320000e-02 1.800000e+01 1.600000e+00
1.785955e+05 -1.090000e-01 1.480000e+01 2.470000e+00
1.785965e+05 -1.650000e-01 1.510000e+01 3.740000e+00
1.785975e+05 -1.400000e-01 1.280000e+01 3.280000e+00
1.785985e+05 -1.170000e-01 1.260000e+01 2.630000e+00
1.785995e+05 -1.290000e-01 1.310000e+01 2.900000e+00
1.786005e+05 -4.110000e-02 1.310000e+01 8.340000e-01
1.786015e+05 -1.590000e-02 1.010000e+01 3.100000e-01
1.786025e+05 -4.130000e-02 8.870000e+00 8.210000e-01
1.786035e+05 -1.060000e-01 1.030000e+01 2.350000e+00
1.786045e+05 -1.570000e-02 8.350000e+00 2.040000e-01
1.786055e+05 -7.460000e-02 7.780000e+00 1.720000e+00
1.786065e+05 -3.770000e-02 7.220000e+00 7.080000e-01
1.786075e+05 -7.860000e-02 7.540000e+00 1.820000e+00
1.786085e+05 -3.940000e-02 6.800000e+00 7.990000e-01
1.786095e+05 9.380000e-03 5.510000e+00 -1.680000e-01
1.786105e+05 -4.440000e-03 5.390000e+00 -1.770000e-02
1.786115e+05 -6.580000e-02 8.200000e+00 1.560000e+00
1.786125e+05 -5.200000e-02 5.780000e+00 1.240000e+00
1.786135e+05 -6.720000e-02 5.000000e+00 1.350000e+00
1.786145e+05 -1.670000e-02 4.560000e+00 2.150000e-01
1.786155e+05 -4.770000e-02 4.200000e+00 1.020000e+00
1.786165e+05 -4.770000e-02 4.450000e+00 1.030000e+00
1.786175e+05 3.800000e-03 4.830000e+00 -2.180000e-01
1.786185e+05 -7.920000e-02 3.900000e+00 1.670000e+00
1.786195e+05 -2.950000e-02 3.580000e+00 6.990000e-01
1.786205e+05 3.110000e-03 2.980000e+00 -1.690000e-01
1.786215e+05 -2.590000e-02 3.080000e+00 5.900000e-01
1.786225e+05 -1.070000e-02 2.950000e+00 2.260000e-01
1.786235e+05 -3.890000e-02 4.200000e+00 8.940000e-01
1.786245e+05 4.790000e-03 3.490000e+00 -1.380000e-01
1.786255e+05 -1.520000e-02 2.100000e+00 2.360000e-01
1.786265e+05 -3.850000e-02 3.020000e+00 8.400000e-01
1.786275e+05 -9.710000e-03 2.480000e+00 1.360000e-01
1.786285e+05 -5.080000e-02 1.290000e+00 1.080000e+00
1.786295e+05 3.540000e-03 2.550000e+00 -1.780000e-01
1.786305e+05 -1.480000e-02 2.620000e+00 2.490000e-01
1.786315e+05 -2.710000e-02 2.780000e+00 6.600000e-01
1.786325e+05 -5.630000e-03 9.550000e-01 1.540000e-01
1.786335e+05 8.780000e-03 1.440000e+00 -1.740000e-01
1.786345e+05 -2.000000e-02 1.740000e+00 3.900000e-01
1.786355e+05 -1.200000e-02 1.620000e+00 2.700000e-01
1.786365e+05 -1.160000e-02 1.670000e+00 2.680000e-01
1.786375e+05 -2.610000e-02 2.420000e+00 6.800000e-01
1.786385e+05 1.250000e-03 1.440000e+00 -1.740000e-04
1.786395e+05 -9.370000e-03 1.700000e+00 1.640000e-01
1.786405e+05 -3.240000e-02 1.400000e+00 6.490000e-01
1.786415e+05 -1.820000e-02 1.540000e+00 4.310000e-01
1.786425e+05 -8.570000e-03 1.710000e+00 1.510000e-01
1.786435e+05 -1.540000e-02 1.320000e+00 2.720000e-01
1.786445e+05 -1.490000e-02 1.390000e+00 3.520000e-01
1.786455e+05 -2.210000e-02 1.090000e+00 4.400000e-01
1.786465e+05 -7.290000e-05 6.640000e-01 1.360000e-02
1.786475e+05 -1.240000e-02 7.080000e-01 1.540000e-01
1.786485e+05 3.660000e-03 1.120000e+00 -9.280000e-02
1.786495e+05 -2.480000e-02 1.440000e+00 6.020000e-01
1.786505e+05 1.810000e-02 8.180000e-01 -3.490000e-01
1.786515e+05 -9.120000e-03 8.340000e-01 9.330000e-02
1.786525e+05 -3.780000e-02 1.120000e+00 9.330000e-01
1.786535e+05 7.340000e-03 1.300000e+00 -2.710000e-01
1.786545e+05 7.870000e-03 -3.760000e-02 -2.520000e-01
1.786555e+05 1.930000e-02 9.270000e-01 -4.090000e-01
1.786565e+05 -3.580000e-03 1.130000e-01 5.400000e-02
1.786575e+05 -5.430000e-04 7.140000e-01 1.180000e-02
1.786585e+05 -5.900000e-03 7.180000e-01 6.890000e-02
1.786595e+05 -6.590000e-03 3.810000e-01 7.880000e-02
1.786605e+05 1.570000e-02 5.640000e-01 -3.600000e-01
1.786615e+05 5.880000e-03 5.440000e-01 -3.630000e-02
1.786625e+05 9.680000e-04 8.350000e-01 -3.190000e-02
1.786635e+05 -3.650000e-02 5.830000e-01 8.670000e-01
1.786645e+05 -2.820000e-02 -6.950000e-02 5.830000e-01
1.786655e+05 3.730000e-03 7.010000e-01 -7.810000e-02
1.786665e+05 -1.370000e-02 5.580000e-01 2.780000e-01
1.786675e+05 4.450000e-03 2.570000e-01 -7.370000e-02
1.786685e+05 9.810000e-03 7.470000e-01 -2.620000e-01
1.786695e+05 1.830000e-02 6.810000e-01 -4.420000e-01
1.786705e+05 -1.590000e-02 3.380000e-01 3.230000e-01
1.786715e+05 -1.520000e-02 2.160000e-01 4.160000e-01
1.786725e+05 4.430000e-03 6.330000e-01 -1.310000e-02
1.786735e+05 -1.500000e-03 5.150000e-02 -7.210000e-02
1.786745e+05 -3.120000e-02 2.500000e-01 6.880000e-01
1.786755e+05 -1.140000e-03 5.190000e-01 3.160000e-03
1.786765e+05 -8.900000e-03 4.960000e-01 1.740000e-01
1.786775e+05 -9.200000e-03 -4.210000e-02 1.580000e-01
1.786785e+05 3.300000e-04 4.000000e-01 -7.100000e-03
1.786795e+05 5.010000e-03 5.810000e-01 -1.390000e-01
1.786805e+05 -7.480000e-03 3.940000e-01 8.260000e-02
1.786815e+05 4.600000e-03 1.510000e-01 -9.160000e-02
1.786825e+05 9.410000e-03 4.090000e-01 -1.730000e-01
1.786835e+05 1.160000e-02 -7.260000e-02 -3.240000e-01
1.786845e+05 -1.670000e-02 -5.890000e-02 3.040000e-01
1.786855e+05 5.490000e-04 4.550000e-01 -7.410000e-02
1.786865e+05 6.090000e-03 3.010000e-01 -1.220000e-01
1.786875e+05 -2.300000e-03 1.060000e-01 8.250000e-02
1.786885e+05 -8.460000e-03 4.370000e-01 1.570000e-01
1.786895e+05 -2.420000e-03 2.100000e-01 -4.910000e-03
1.786905e+05 1.320000e-03 5.130000e-01 2.460000e-02
1.786915e+05 -1.620000e-02 3.000000e-01 3.210000e-01
1.786925e+05 1.080000e-02 2.360000e-03 -2.150000e-01
1.786935e+05 7.670000e-04 8.570000e-02 1.120000e-02
1.786945e+05 -3.450000e-03 6.030000e-02 1.230000e-01
1.786955e+05 5.320000e-03 6.580000e-02 -2.560000e-01
1.786965e+05 -9.670000e-04 1.250000e-01 9.120000e-02
1.786975e+05 3.950000e-03 3.690000e-01 -9.710000e-02
1.786985e+05 -1.590000e-02 2.860000e-02 3.360000e-01
1.786995e+05 -4.160000e-03 8.230000e-02 9.550000e-02
1.787005e+05 -1.940000e-02 8.070000e-02 3.580000e-01
1.787015e+05 1.360000e-03 4.110000e-01 -2.240000e-02
1.787025e+05 4.150000e-03 1.100000e-01 5.710000e-02
1.787035e+05 -1.290000e-02 1.460000e-01 1.630000e-01
1.787045e+05 -6.810000e-03 1.540000e-01 1.260000e-01
1.787055e+05 1.550000e-02 2.400000e-01 -2.480000e-01
1.787065e+05 -1.410000e-02 -1.110000e-01 2.450000e-01
1.787075e+05 3.180000e-03 1.730000e-01 -1.000000e-01
1.787085e+05 -1.630000e-03 2.500000e-01 9.920000e-02
1.787095e+05 1.210000e-02 1.970000e-01 -2.130000e-01
1.787105e+05 8.840000e-03 3.740000e-01 -3.120000e-01
1.787115e+05 -1.420000e-02 5.700000e-02 2.600000e-01
1.787125e+05 -1.040000e-02 -3.390000e-02 1.880000e-01
1.787135e+05 -2.420000e-02 9.920000e-02 4.410000e-01
1.787145e+05 7.580000e-03 -9.850000e-02 -6.090000e-02
1.787155e+05 9.280000e-03 5.960000e-01 -1.710000e-01
1.787165e+05 -8.010000e-05 -1.140000e-01 -2.980000e-02
1.787175e+05 1.220000e-02 1.390000e-01 -2.580000e-01
1.787185e+05 -3.010000e-03 2.220000e-01 9.020000e-02
1.787195e+05 6.010000e-03 -1.630000e-01 -1.620000e-01
1.787205e+05 5.800000e-05 5.560000e-02 -2.480000e-02
1.787215e+05 -1.130000e-02 2.790000e-01 1.620000e-01
1.787225e+05 -1.150000e-03 7.770000e-02 4.360000e-02
1.787235e+05 -3.780000e-03 -1.950000e-02 8.780000e-02
1.787245e+05 1.430000e-03 3.740000e-02 3.740000e-02
1.787255e+05 -1.780000e-03 3.390000e-01 2.940000e-02
1.787265e+05 -3.750000e-03 -9.910000e-03 4.050000e-02
1.787275e+05 5.220000e-03 1.210000e-01 -9.940000e-02
1.787285e+05 -4.550000e-03 3.100000e-02 1.720000e-01
1.787295e+05 -1.040000e-02 -4.120000e-02 2.550000e-01
1.787305e+05 7.450000e-03 7.560000e-02 -1.470000e-01
1.787315e+05 -2.180000e-02 8.070000e-03 4.450000e-01
1.787325e+05 -3.960000e-03 -1.520000e-01 9.410000e-02
1.787335e+05 3.720000e-03 1.880000e-01 -6.840000e-02
1.787345e+05 4.850000e-03 1.010000e-01 -1.250000e-01
1.787355e+05 3.320000e-03 3.650000e-02 -5.770000e-02
1.787365e+05 2.300000e-03 6.280000e-02 -9.530000e-02
1.787375e+05 -8.870000e-03 7.820000e-02 1.580000e-01
1.787385e+05 1.160000e-03 -1.180000e-02 -6.410000e-02
1.787395e+05 2.480000e-03 -6.650000e-02 -8.590000e-03
1.787405e+05 -5.730000e-03 2.270000e-01 1.590000e-01
1.787415e+05 -3.210000e-03 3.140000e-01 4.210000e-02
1.787425e+05 6.570000e-03 -9.460000e-02 -1.530000e-01
1.787435e+05 -9.770000e-04 1.960000e-02 4.560000e-02
1.787445e+05 -6.290000e-03 -4.660000e-02 1.400000e-01
1.787455e+05 -7.270000e-03 7.730000e-02 1.580000e-01
1.787465e+05 -5.970000e-03 6.210000e-02 1.430000e-01
1.787475e+05 2.860000e-03 -5.300000e-02 -6.260000e-02
1.787485e+05 -2.760000e-03 1.090000e-01 6.920000e-02
1.787495e+05 -1.460000e-02 1.410000e-01 3.210000e-01
1.787505e+05 -8.890000e-03 9.440000e-02 1.740000e-01
1.787515e+05 3.420000e-03 2.610000e-01 -5.870000e-02
1.787525e+05 9.740000e-03 -6.720000e-02 -2.600000e-01
1.787535e+05 2.010000e-03 -1.200000e-01 -7.540000e-02
1.787545e+05 5.670000e-03 8.340000e-02 -1.670000e-01
1.787555e+05 3.420000e-03 8.450000e-02 -6.900000e-02
1.787565e+05 -5.480000e-03 -1.060000e-01 6.550000e-02
1.787575e+05 3.470000e-03 4.510000e-02 -2.910000e-02
1.787585e+05 4.890000e-03 1.470000e-01 -1.120000e-01
1.787595e+05 2.580000e-03 5.880000e-02 -5.530000e-02
1.787605e+05 2.240000e-04 -3.040000e-01 -2.450000e-02
1.787615e+05 1.950000e-03 9.990000e-02 -6.690000e-02
1.787625e+05 -7.260000e-03 1.190000e-01 1.530000e-01
1.787635e+05 -3.130000e-03 3.220000e-01 3.260000e-02
1.787645e+05 -4.630000e-03 8.700000e-02 3.250000e-02
1.787655e+05 -1.820000e-04 -8.630000e-02 -6.410000e-03
1.787665e+05 4.160000e-04 -1.810000e-01 4.000000e-02
1.787675e+05 -1.500000e-03 1.000000e-02 -1.030000e-02
1.787685e+05 -3.940000e-03 -7.660000e-02 9.680000e-02
1.787695e+05 -8.370000e-03 2.470000e-02 1.940000e-01
1.787705e+05 5.310000e-03 1.720000e-01 -2.950000e-02
1.787715e+05 -4.100000e-03 9.900000e-02 7.230000e-02
1.787725e+05 3.730000e-03 6.070000e-02 -1.050000e-01
1.787735e+05 -2.380000e-03 -8.760000e-02 -1.050000e-03
1.787745e+05 -1.380000e-04 5.920000e-02 3.070000e-03
1.787755e+05 2.450000e-03 1.750000e-01 -3.570000e-02
1.787765e+05 4.180000e-03 -4.830000e-02 -6.200000e-02
1.787775e+05 1.120000e-02 7.930000e-02 -2.730000e-01
1.787785e+05 -5.870000e-03 1.480000e-01 1.190000e-01
1.787795e+05 -3.140000e-03 2.960000e-02 1.110000e-01
1.787805e+05 -4.500000e-03 -1.150000e-01 6.560000e-02
1.787815e+05 -1.900000e-03 -2.140000e-01 2.950000e-02
1.787825e+05 2.920000e-03 4.220000e-02 -2.890000e-03
1.787835e+05 -2.420000e-03 5.780000e-02 1.660000e-02
1.787845e+05 -1.280000e-03 1.730000e-02 1.330000e-02
1.787855e+05 -7.870000e-03 -2.670000e-01 1.050000e-01
1.787865e+05 -1.300000e-03 5.660000e-02 4.270000e-02
1.787875e+05 3.380000e-03 1.470000e-01 -5.470000e-02
1.787885e+05 -2.780000e-03 1.330000e-01 1.280000e-02
1.787895e+05 -1.450000e-03 -1.730000e-02 -4.110000e-02
1.787905e+05 4.430000e-03 6.340000e-02 -3.690000e-02
1.787915e+05 4.500000e-03 -7.210000e-03 -1.740000e-02
1.787925e+05 -1.790000e-03 3.390000e-02 -2.090000e-03
1.787935e+05 -3.690000e-03 3.290000e-02 1.130000e-01
1.787945e+05 1.630000e-03 -1.850000e-01 -3.140000e-02
1.787955e+05 3.780000e-04 2.290000e-01 -1.920000e-02
1.787965e+05 3.150000e-03 2.010000e-01 -2.150000e-02
1.787975e+05 4.530000e-03 -2.940000e-02 -9.820000e-02
1.787985e+05 -4.570000e-03 -1.160000e-01 1.350000e-01
1.787995e+05 3.050000e-03 -1.490000e-01 -3.650000e-02
1.788005e+05 -7.870000e-04 5.740000e-02 -4.060000e-02
1.788015e+05 -5.930000e-03 -1.860000e-02 9.540000e-02
1.788025e+05 -2.690000e-03 -1.880000e-02 5.850000e-02
1.788035e+05 1.850000e-03 3.040000e-02 -3.730000e-02
1.788045e+05 -1.300000e-03 2.380000e-02 1.320000e-02
1.788055e+05 2.460000e-03 4.020000e-02 1.700000e-02
1.788065e+05 1.130000e-02 -7.060000e-03 -1.810000e-01
1.788075e+05 -1.390000e-03 -4.350000e-02 4.720000e-02
1.788085e+05 -1.060000e-02 -1.410000e-01 2.040000e-01
1.788095e+05 -1.500000e-04 -1.060000e-01 2.500000e-02
1.788105e+05 8.000000e-05 5.290000e-02 -5.370000e-02
1.788115e+05 5.930000e-03 -2.900000e-02 -6.270000e-02
1.788125e+05 3.240000e-03 1.510000e-01 -3.870000e-02
1.788135e+05 -6.370000e-03 6.060000e-02 8.490000e-02
1.788145e+05 -5.980000e-03 6.230000e-02 8.540000e-02
1.788155e+05 2.940000e-03 1.130000e-01 -2.680000e-02
1.788165e+05 -1.160000e-03 3.490000e-02 1.900000e-02
1.788175e+05 3.690000e-03 1.270000e-01 -1.560000e-01
1.788185e+05 3.220000e-03 1.040000e-01 -1.410000e-01
1.788195e+05 -6.110000e-03 -5.510000e-02 1.270000e-01
1.788205e+05 -4.340000e-03 -3.560000e-02 7.010000e-02
1.788215e+05 3.580000e-03 -1.350000e-01 -9.140000e-02
1.788225e+05 -4.520000e-03 -9.680000e-02 1.340000e-01
1.788235e+05 -4.670000e-03 -6.390000e-02 8.160000e-02
1.788245e+05 -1.170000e-02 4.460000e-02 1.940000e-01
1.788255e+05 -5.950000e-04 9.560000e-02 1.030000e-02
1.788265e+05 -1.300000e-03 1.970000e-02 5.720000e-02
1.788275e+05 -2.680000e-03 1.780000e-05 3.840000e-02
1.788285e+05 3.320000e-03 3.570000e-02 -7.260000e-02
1.788295e+05 2.550000e-03 -5.240000e-02 -5.560000e-02
1.788305e+05 2.920000e-04 3.380000e-02 -4.850000e-03
1.788315e+05 -7.960000e-03 -4.620000e-02 9.890000e-02
1.788325e+05 8.960000e-03 -7.610000e-02 -1.720000e-01
1.788335e+05 -5.370000e-05 1.120000e-01 2.900000e-02
1.788345e+05 1.840000e-03 6.920000e-02 -4.530000e-02
1.788355e+05 -9.830000e-03 1.230000e-01 1.760000e-01
1.788365e+05 -1.910000e-03 -7.090000e-02 8.780000e-02
1.788375e+05 2.490000e-03 -3.320000e-02 -5.440000e-02
1.788385e+05 -1.090000e-03 6.320000e-02 -1.780000e-02
1.788395e+05 -2.790000e-03 -5.780000e-02 1.180000e-01
1.788405e+05 5.560000e-03 3.910000e-02 -1.410000e-01
1.788415e+05 -3.940000e-04 3.170000e-02 5.450000e-02
1.788425e+05 8.350000e-03 -6.930000e-02 -1.550000e-01
1.788435e+05 7.170000e-04 1.500000e-03 -4.490000e-02
1.788445e+05 3.660000e-03 -6.690000e-02 -5.930000e-02
1.788455e+05 3.050000e-03 -5.690000e-02 -5.660000e-02
1.788465e+05 1.380000e-04 -9.750000e-02 -2.500000e-02
1.788475e+05 4.090000e-03 8.980000e-02 -1.280000e-01
1.788485e+05 -3.040000e-03 1.340000e-01 7.960000e-02
1.788495e+05 -3.170000e-03 4.240000e-02 1.270000e-01
1.788505e+05 5.860000e-03 2.220000e-03 -1.390000e-01
1.788515e+05 -8.960000e-04 4.870000e-02 1.430000e-02
1.788525e+05 1.420000e-03 -3.080000e-02 3.090000e-02
1.788535e+05 -7.100000e-03 4.420000e-02 8.490000e-02
1.788545e+05 -1.000000e-02 1.450000e-01 1.800000e-01
1.788555e+05 5.560000e-03 -1.220000e-01 -4.070000e-02
1.788565e+05 3.380000e-03 -5.910000e-02 -5.990000e-02
1.788575e+05 2.270000e-03 2.670000e-02 -7.710000e-02
1.788585e+05 -8.040000e-03 -4.460000e-02 1.530000e-01
1.788595e+05 -3.130000e-03 -1.870000e-02 6.770000e-02
1.788605e+05 5.010000e-03 2.780000e-02 -9.080000e-02
1.788615e+05 9.670000e-03 5.290000e-02 -1.810000e-01
1.788625e+05 2.040000e-03 9.460000e-03 -6.320000e-02
1.788635e+05 -4.830000e-03 -3.020000e-02 7.810000e-02
1.788645e+05 8.940000e-05 -1.790000e-02 -1.130000e-02
1.788655e+05 3.100000e-03 1.090000e-02 -1.530000e-02
1.788665e+05 3.720000e-03 -7.280000e-02 -4.740000e-03
1.788675e+05 -5.330000e-04 1.250000e-02 -1.890000e-02
1.788685e+05 7.530000e-05 1.010000e-01 -1.040000e-02
1.788695e+05 -2.070000e-03 -6.760000e-02 2.730000e-02
1.788705e+05 -5.370000e-03 3.460000e-02 8.330000e-02
1.788715e+05 -3.890000e-03 -2.320000e-02 6.300000e-02
1.788725e+05 -1.470000e-03 -1.120000e-01 3.770000e-02
1.788735e+05 8.290000e-04 4.540000e-03 -1.820000e-02
1.788745e+05 2.180000e-03 1.640000e-02 -7.280000e-02
1.788755e+05 6.180000e-03 -4.550000e-02 -1.140000e-01
1.788765e+05 -6.400000e-03 3.740000e-03 9.630000e-02
1.788775e+05 -8.180000e-04 -8.910000e-03 7.250000e-02
1.788785e+05 -3.670000e-03 7.080000e-02 6.130000e-02
1.788795e+05 -3.770000e-03 3.780000e-02 2.310000e-02
1.788805e+05 2.510000e-03 -2.180000e-03 -2.800000e-02
1.788815e+05 -2.800000e-03 3.880000e-02 4.760000e-02
1.788825e+05 -1.970000e-03 -3.220000e-02 5.900000e-02
1.788835e+05 2.650000e-03 3.290000e-03 -6.860000e-02
1.788845e+05 9.890000e-04 -6.290000e-02 -4.390000e-02
1.788855e+05 -2.850000e-03 -1.650000e-02 6.120000e-02
1.788865e+05 2.650000e-03 -7.360000e-02 -4.570000e-02
1.788875e+05 -2.560000e-03 1.130000e-01 4.630000e-02
1.788885e+05 3.310000e-03 1.900000e-01 -5.280000e-02
1.788895e+05 2.550000e-04 -5.920000e-02 -2.570000e-02
1.788905e+05 5.780000e-03 -9.870000e-02 -1.020000e-01
1.788915e+05 4.440000e-03 9.060000e-02 -1.010000e-01
1.788925e+05 3.080000e-03 -1.270000e-01 -6.600000e-02
1.788935e+05 -1.160000e-03 -1.050000e-01 5.080000e-02
1.788945e+05 -1.240000e-03 1.500000e-02 3.960000e-02
1.788955e+05 1.440000e-03 6.140000e-02 -2.480000e-02
1.788965e+05 1.790000e-03 1.560000e-03 -8.350000e-05
1.788975e+05 7.480000e-04 1.180000e-02 -5.720000e-02
1.788985e+05 -5.030000e-03 -7.450000e-02 1.130000e-01
1.788995e+05 -2.260000e-03 -4.630000e-02 3.720000e-02
1.789005e+05 -2.120000e-03 1.080000e-01 4.840000e-02
1.789015e+05 -4.360000e-03 -6.040000e-03 5.760000e-02
1.789025e+05 -3.430000e-03 4.250000e-03 6.550000e-02
1.789035e+05 4.440000e-03 4.960000e-02 -6.190000e-02
1.789045e+05 3.000000e-03 9.250000e-02 -4.670000e-02
1.789055e+05 3.120000e-03 4.440000e-03 -5.850000e-02
1.789065e+05 6.120000e-04 5.690000e-03 -5.040000e-02
1.789075e+05 -2.020000e-03 -1.140000e-02 -3.510000e-03
1.789085e+05 1.230000e-03 4.990000e-02 -2.220000e-02
1.789095e+05 -1.800000e-03 -6.970000e-02 4.970000e-02
1.789105e+05 -1.490000e-04 -2.160000e-02 4.630000e-03
1.789115e+05 1.080000e-03 1.480000e-01 1.000000e-02
1.789125e+05 -3.420000e-03 -5.690000e-02 9.160000e-02
1.789135e+05 3.870000e-03 2.950000e-02 -4.570000e-02
1.789145e+05 -4.030000e-03 -1.200000e-01 6.190000e-02
1.789155e+05 -3.170000e-04 6.540000e-02 -4.930000e-02
1.789165e+05 -2.400000e-03 4.860000e-02 4.470000e-02
1.789175e+05 -5.170000e-04 -5.950000e-02 -7.510000e-04
1.789185e+05 4.950000e-03 -8.800000e-02 -9.990000e-02
1.789195e+05 -1.600000e-03 -7.820000e-02 1.590000e-02
1.789205e+05 -1.570000e-03 8.680000e-02 1.260000e-02
1.789215e+05 -5.520000e-04 -6.690000e-02 1.040000e-04
1.789225e+05 -4.430000e-03 -3.740000e-02 8.980000e-02
1.789235e+05 1.520000e-04 5.460000e-02 -4.680000e-03
1.789245e+05 8.910000e-04 7.590000e-02 -1.440000e-02
1.789255e+05 -2.040000e-03 3.930000e-02 5.060000e-03
1.789265e+05 8.290000e-04 -4.570000e-02 -2.980000e-02
1.789275e+05 3.220000e-04 9.330000e-03 -2.280000e-02
1.789285e+05 2.360000e-03 4.390000e-02 -6.000000e-02
1.789295e+05 4.900000e-03 -8.310000e-02 -3.230000e-02
1.789305e+05 -7.940000e-03 5.580000e-02 1.650000e-01
1.789315e+05 -8.670000e-04 -1.270000e-01 -3.140000e-02
1.789325e+05 1.060000e-03 1.070000e-01 -1.300000e-02
1.789335e+05 -1.460000e-04 -1.510000e-02 -1.120000e-02
1.789345e+05 9.460000e-04 4.370000e-02 -6.040000e-02
1.789355e+05 2.540000e-03 8.240000e-03 -2.470000e-02
1.789365e+05 2.860000e-04 2.560000e-02 3.920000e-02
1.789375e+05 -4.280000e-06 5.640000e-03 3.500000e-02
1.789385e+05 1.540000e-03 5.700000e-02 -2.780000e-02
1.789395e+05 -3.750000e-03 -2.810000e-03 6.050000e-02
1.789405e+05 -3.300000e-03 -1.720000e-02 8.480000e-02
1.789415e+05 1.050000e-02 -4.290000e-02 -1.500000e-01
1.789425e+05 1.180000e-03 -3.040000e-02 -8.730000e-03
1.789435e+05 1.590000e-02 6.390000e-02 -9.760000e-02
1.789445e+05 -2.800000e-03 3.970000e-02 -1.280000e-02
1.789455e+05 -4.540000e-03 3.240000e-02 4.320000e-02
1.789465e+05 -1.380000e-03 -2.160000e-02 2.930000e-02
1.789475e+05 -4.840000e-04 -2.720000e-02 -2.040000e-02
1.789485e+05 1.280000e-02 -1.700000e-02 -1.130000e-01
1.789495e+05 -3.800000e-03 7.270000e-02 -1.760000e-02
1.789505e+05 -2.010000e-02 -7.000000e-02 1.370000e-01
1.789515e+05 -7.780000e-03 8.780000e-03 4.930000e-02
1.789525e+05 2.250000e-03 5.330000e-02 -3.520000e-02
1.789535e+05 3.860000e-03 -1.120000e-02 -9.370000e-03
1.789545e+05 -2.650000e-03 1.140000e-02 5.110000e-02
1.789555e+05 -1.090000e-03 -2.640000e-03 4.950000e-02
1.789565e+05 -3.620000e-03 -1.120000e-02 1.470000e-02
1.789575e+05 -3.070000e-03 1.850000e-02 3.600000e-02
1.789585e+05 -1.510000e-03 -2.530000e-02 -4.430000e-03
