145003.50	0.000e+00	0.000e+00	0.000e+00
145004.50	0.000e+00	0.000e+00	0.000e+00
145005.50	0.000e+00	0.000e+00	0.000e+00
145006.50	0.000e+00	0.000e+00	0.000e+00
145007.50	0.000e+00	0.000e+00	0.000e+00
145008.50	0.000e+00	0.000e+00	0.000e+00
145009.50	0.000e+00	0.000e+00	0.000e+00
145010.50	0.000e+00	0.000e+00	0.000e+00
145011.50	0.000e+00	0.000e+00	0.000e+00
145012.50	0.000e+00	0.000e+00	0.000e+00
145013.50	0.000e+00	0.000e+00	0.000e+00
145014.50	0.000e+00	0.000e+00	0.000e+00
145015.50	0.000e+00	0.000e+00	0.000e+00
145016.50	0.000e+00	0.000e+00	0.000e+00
145017.50	0.000e+00	0.000e+00	0.000e+00
145018.50	0.000e+00	0.000e+00	0.000e+00
145019.50	0.000e+00	0.000e+00	0.000e+00
145020.50	0.000e+00	0.000e+00	0.000e+00
145021.50	0.000e+00	0.000e+00	0.000e+00
145022.50	0.000e+00	0.000e+00	0.000e+00
145023.50	0.000e+00	0.000e+00	0.000e+00
145024.50	0.000e+00	0.000e+00	0.000e+00
145025.50	0.000e+00	0.000e+00	0.000e+00
145026.50	0.000e+00	0.000e+00	0.000e+00
145027.50	0.000e+00	0.000e+00	0.000e+00
145028.50	0.000e+00	0.000e+00	0.000e+00
145029.50	0.000e+00	0.000e+00	0.000e+00
145030.50	0.000e+00	0.000e+00	0.000e+00
145031.50	0.000e+00	0.000e+00	0.000e+00
145032.50	0.000e+00	0.000e+00	0.000e+00
145033.50	0.000e+00	0.000e+00	0.000e+00
145034.50	0.000e+00	0.000e+00	0.000e+00
145035.50	0.000e+00	0.000e+00	0.000e+00
145036.50	0.000e+00	0.000e+00	0.000e+00
145037.50	0.000e+00	0.000e+00	0.000e+00
145038.50	0.000e+00	0.000e+00	0.000e+00
145039.50	0.000e+00	0.000e+00	0.000e+00
145040.50	0.000e+00	0.000e+00	0.000e+00
145041.50	0.000e+00	0.000e+00	0.000e+00
145042.50	0.000e+00	0.000e+00	0.000e+00
145043.50	0.000e+00	0.000e+00	0.000e+00
145044.50	0.000e+00	0.000e+00	0.000e+00
145045.50	0.000e+00	0.000e+00	0.000e+00
145046.50	0.000e+00	0.000e+00	0.000e+00
145047.50	0.000e+00	0.000e+00	0.000e+00
145048.50	0.000e+00	0.000e+00	0.000e+00
145049.50	0.000e+00	0.000e+00	0.000e+00
145050.50	0.000e+00	0.000e+00	0.000e+00
145051.50	0.000e+00	0.000e+00	0.000e+00
145052.50	0.000e+00	0.000e+00	0.000e+00
145053.50	0.000e+00	0.000e+00	0.000e+00
145054.50	0.000e+00	0.000e+00	0.000e+00
145055.50	0.000e+00	0.000e+00	0.000e+00
145056.50	0.000e+00	0.000e+00	0.000e+00
145057.50	0.000e+00	0.000e+00	0.000e+00
145058.50	0.000e+00	0.000e+00	0.000e+00
145059.50	0.000e+00	0.000e+00	0.000e+00
145060.50	0.000e+00	0.000e+00	0.000e+00
145061.50	0.000e+00	0.000e+00	0.000e+00
145062.50	0.000e+00	0.000e+00	0.000e+00
145063.50	0.000e+00	0.000e+00	0.000e+00
145064.50	0.000e+00	0.000e+00	0.000e+00
145065.50	0.000e+00	0.000e+00	0.000e+00
145066.50	0.000e+00	0.000e+00	0.000e+00
145067.50	0.000e+00	0.000e+00	0.000e+00
145068.50	0.000e+00	0.000e+00	0.000e+00
145069.50	0.000e+00	0.000e+00	0.000e+00
145070.50	0.000e+00	0.000e+00	0.000e+00
145071.50	0.000e+00	0.000e+00	0.000e+00
145072.50	0.000e+00	0.000e+00	0.000e+00
145073.50	0.000e+00	0.000e+00	0.000e+00
145074.50	0.000e+00	0.000e+00	0.000e+00
145075.50	0.000e+00	0.000e+00	0.000e+00
145076.50	0.000e+00	0.000e+00	0.000e+00
145077.50	0.000e+00	0.000e+00	0.000e+00
145078.50	0.000e+00	0.000e+00	0.000e+00
145079.50	0.000e+00	0.000e+00	0.000e+00
145080.50	0.000e+00	0.000e+00	0.000e+00
145081.50	0.000e+00	0.000e+00	0.000e+00
145082.50	0.000e+00	0.000e+00	0.000e+00
145083.50	0.000e+00	0.000e+00	0.000e+00
145084.50	0.000e+00	0.000e+00	0.000e+00
145085.50	0.000e+00	0.000e+00	0.000e+00
145086.50	0.000e+00	0.000e+00	0.000e+00
145087.50	0.000e+00	0.000e+00	0.000e+00
145088.50	0.000e+00	0.000e+00	0.000e+00
145089.50	0.000e+00	0.000e+00	0.000e+00
145090.50	0.000e+00	0.000e+00	0.000e+00
145091.50	0.000e+00	0.000e+00	0.000e+00
145092.50	0.000e+00	0.000e+00	0.000e+00
145093.50	0.000e+00	0.000e+00	0.000e+00
145094.50	0.000e+00	0.000e+00	0.000e+00
145095.50	0.000e+00	0.000e+00	0.000e+00
145096.50	0.000e+00	0.000e+00	0.000e+00
145097.50	0.000e+00	0.000e+00	0.000e+00
145098.50	0.000e+00	0.000e+00	0.000e+00
145099.50	0.000e+00	0.000e+00	0.000e+00
145100.50	0.000e+00	0.000e+00	0.000e+00
145101.50	0.000e+00	0.000e+00	0.000e+00
145102.50	0.000e+00	0.000e+00	0.000e+00
145103.50	0.000e+00	0.000e+00	0.000e+00
145104.50	0.000e+00	0.000e+00	0.000e+00
145105.50	0.000e+00	0.000e+00	0.000e+00
145106.50	0.000e+00	0.000e+00	0.000e+00
145107.50	0.000e+00	0.000e+00	0.000e+00
145108.50	0.000e+00	0.000e+00	0.000e+00
145109.50	0.000e+00	0.000e+00	0.000e+00
145110.50	0.000e+00	0.000e+00	0.000e+00
145111.50	0.000e+00	0.000e+00	0.000e+00
145112.50	0.000e+00	0.000e+00	0.000e+00
145113.50	0.000e+00	0.000e+00	0.000e+00
145114.50	0.000e+00	0.000e+00	0.000e+00
145115.50	0.000e+00	0.000e+00	0.000e+00
145116.50	0.000e+00	0.000e+00	0.000e+00
145117.50	0.000e+00	0.000e+00	0.000e+00
145118.50	0.000e+00	0.000e+00	0.000e+00
145119.50	0.000e+00	0.000e+00	0.000e+00
145120.50	0.000e+00	0.000e+00	0.000e+00
145121.50	0.000e+00	0.000e+00	0.000e+00
145122.50	0.000e+00	0.000e+00	0.000e+00
145123.50	0.000e+00	0.000e+00	0.000e+00
145124.50	0.000e+00	0.000e+00	0.000e+00
145125.50	0.000e+00	0.000e+00	0.000e+00
145126.50	0.000e+00	0.000e+00	0.000e+00
145127.50	0.000e+00	0.000e+00	0.000e+00
145128.50	0.000e+00	0.000e+00	0.000e+00
145129.50	0.000e+00	0.000e+00	0.000e+00
145130.50	0.000e+00	0.000e+00	0.000e+00
145131.50	0.000e+00	0.000e+00	0.000e+00
145132.50	0.000e+00	0.000e+00	0.000e+00
145133.50	0.000e+00	0.000e+00	0.000e+00
145134.50	0.000e+00	0.000e+00	0.000e+00
145135.50	0.000e+00	0.000e+00	0.000e+00
145136.50	0.000e+00	0.000e+00	0.000e+00
145137.50	0.000e+00	0.000e+00	0.000e+00
145138.50	0.000e+00	0.000e+00	0.000e+00
145139.50	0.000e+00	0.000e+00	0.000e+00
145140.50	0.000e+00	0.000e+00	0.000e+00
145141.50	0.000e+00	0.000e+00	0.000e+00
145142.50	0.000e+00	0.000e+00	0.000e+00
145143.50	0.000e+00	0.000e+00	0.000e+00
145144.50	0.000e+00	0.000e+00	0.000e+00
145145.50	0.000e+00	0.000e+00	0.000e+00
145146.50	0.000e+00	0.000e+00	0.000e+00
145147.50	0.000e+00	0.000e+00	0.000e+00
145148.50	0.000e+00	0.000e+00	0.000e+00
145149.50	0.000e+00	0.000e+00	0.000e+00
145150.50	0.000e+00	0.000e+00	0.000e+00
145151.50	0.000e+00	0.000e+00	0.000e+00
145152.50	0.000e+00	0.000e+00	0.000e+00
145153.50	0.000e+00	0.000e+00	0.000e+00
145154.50	0.000e+00	0.000e+00	0.000e+00
145155.50	0.000e+00	0.000e+00	0.000e+00
145156.50	0.000e+00	0.000e+00	0.000e+00
145157.50	0.000e+00	0.000e+00	0.000e+00
145158.50	0.000e+00	0.000e+00	0.000e+00
145159.50	0.000e+00	0.000e+00	0.000e+00
145160.50	0.000e+00	0.000e+00	0.000e+00
145161.50	0.000e+00	0.000e+00	0.000e+00
145162.50	0.000e+00	0.000e+00	0.000e+00
145163.50	0.000e+00	0.000e+00	0.000e+00
145164.50	0.000e+00	0.000e+00	0.000e+00
145165.50	0.000e+00	0.000e+00	0.000e+00
145166.50	0.000e+00	0.000e+00	0.000e+00
145167.50	0.000e+00	0.000e+00	0.000e+00
145168.50	0.000e+00	0.000e+00	0.000e+00
145169.50	0.000e+00	0.000e+00	0.000e+00
145170.50	0.000e+00	0.000e+00	0.000e+00
145171.50	0.000e+00	0.000e+00	0.000e+00
145172.50	0.000e+00	0.000e+00	0.000e+00
145173.50	0.000e+00	0.000e+00	0.000e+00
145174.50	0.000e+00	0.000e+00	0.000e+00
145175.50	0.000e+00	0.000e+00	0.000e+00
145176.50	0.000e+00	0.000e+00	0.000e+00
145177.50	0.000e+00	0.000e+00	0.000e+00
145178.50	0.000e+00	0.000e+00	0.000e+00
145179.50	0.000e+00	0.000e+00	0.000e+00
145180.50	0.000e+00	0.000e+00	0.000e+00
145181.50	0.000e+00	0.000e+00	0.000e+00
145182.50	0.000e+00	0.000e+00	0.000e+00
145183.50	0.000e+00	0.000e+00	0.000e+00
145184.50	0.000e+00	0.000e+00	0.000e+00
145185.50	0.000e+00	0.000e+00	0.000e+00
145186.50	0.000e+00	0.000e+00	0.000e+00
145187.50	0.000e+00	0.000e+00	0.000e+00
145188.50	0.000e+00	0.000e+00	0.000e+00
145189.50	0.000e+00	0.000e+00	0.000e+00
145190.50	0.000e+00	0.000e+00	0.000e+00
145191.50	0.000e+00	0.000e+00	0.000e+00
145192.50	0.000e+00	0.000e+00	0.000e+00
145193.50	0.000e+00	0.000e+00	0.000e+00
145194.50	0.000e+00	0.000e+00	0.000e+00
145195.50	0.000e+00	0.000e+00	0.000e+00
145196.50	0.000e+00	0.000e+00	0.000e+00
145197.50	0.000e+00	0.000e+00	0.000e+00
145198.50	0.000e+00	0.000e+00	0.000e+00
145199.50	0.000e+00	0.000e+00	0.000e+00
145200.50	0.000e+00	0.000e+00	0.000e+00
145201.50	0.000e+00	0.000e+00	0.000e+00
145202.50	0.000e+00	0.000e+00	0.000e+00
145203.50	0.000e+00	0.000e+00	0.000e+00
145204.50	0.000e+00	0.000e+00	0.000e+00
145205.50	0.000e+00	0.000e+00	0.000e+00
145206.50	0.000e+00	0.000e+00	0.000e+00
145207.50	0.000e+00	0.000e+00	0.000e+00
145208.50	0.000e+00	0.000e+00	0.000e+00
145209.50	-5.693e-06	-8.534e-05	3.187e-04
145210.50	-1.421e-05	4.829e-04	3.965e-04
145211.50	-2.506e-04	6.307e-03	3.120e-03
145212.50	1.056e-03	-4.493e-02	-3.350e-04
145213.50	-1.085e-02	2.198e-01	1.747e-01
145214.50	1.229e-01	-6.086e+00	8.294e-01
145215.50	4.387e-01	-1.747e+01	2.035e-02
145216.50	1.190e+00	-4.032e+01	-4.474e+00
145217.50	1.872e+00	-6.346e+01	-5.923e+00
145218.50	2.784e+00	-8.870e+01	-1.133e+01
145219.50	4.560e+00	-1.498e+02	-1.354e+01
145220.50	5.270e+00	-1.757e+02	-9.888e+00
145221.50	5.904e+00	-1.834e+02	-1.853e+01
145222.50	5.693e+00	-1.651e+02	-2.362e+01
145223.50	5.232e+00	-1.555e+02	-1.517e+01
145224.50	5.165e+00	-1.402e+02	-2.275e+01
145225.50	3.043e+00	-7.229e+01	-1.642e+01
145226.50	2.160e+00	-5.885e+01	-3.907e+00
145227.50	9.408e-01	-1.776e+01	-2.611e+00
145228.50	3.216e-01	8.515e+00	-6.730e+00
145229.50	1.114e-01	7.805e+00	-8.650e-01
145230.50	-1.162e+00	3.322e+01	1.133e+01
145231.50	-9.696e-01	3.811e+01	1.363e+00
145232.50	-1.949e+00	5.318e+01	1.325e+01
145233.50	-1.277e+00	5.741e+01	-6.778e+00
145234.50	-1.805e+00	5.242e+01	9.600e+00
145235.50	-1.747e+00	5.760e+01	3.610e+00
145236.50	-1.680e+00	5.309e+01	4.186e+00
145237.50	-1.766e+00	4.896e+01	9.168e+00
145238.50	-1.498e+00	4.541e+01	5.194e+00
145239.50	-1.718e+00	5.347e+01	3.638e+00
145240.50	-1.613e+00	4.608e+01	6.586e+00
145241.50	-1.430e+00	4.474e+01	2.870e+00
145242.50	-1.622e+00	4.694e+01	5.222e+00
145243.50	-1.488e+00	4.224e+01	5.923e+00
145244.50	-1.181e+00	3.562e+01	2.995e+00
145245.50	-1.066e+00	3.206e+01	3.005e+00
145246.50	-1.171e+00	3.062e+01	6.691e+00
145247.50	-9.456e-01	2.880e+01	1.939e+00
145248.50	-9.475e-01	2.669e+01	3.581e+00
145249.50	-9.696e-01	2.726e+01	3.187e+00
145250.50	-8.678e-01	2.410e+01	3.523e+00
145251.50	-6.595e-01	2.218e+01	-2.342e-01
145252.50	-6.941e-01	2.083e+01	1.622e+00
145253.50	-6.874e-01	2.064e+01	1.949e+00
145254.50	-6.922e-01	2.006e+01	1.603e+00
145255.50	-5.578e-01	1.574e+01	2.179e+00
145256.50	-5.914e-01	1.766e+01	1.181e+00
145257.50	-5.856e-01	1.603e+01	2.477e+00
145258.50	-5.645e-01	1.325e+01	4.195e+00
145259.50	-4.733e-01	1.459e+01	6.461e-01
145260.50	-4.109e-01	1.229e+01	6.317e-01
145261.50	-4.867e-01	1.306e+01	1.949e+00
145262.50	-4.301e-01	1.219e+01	1.450e+00
145263.50	-5.184e-01	1.190e+01	3.658e+00
145264.50	-3.610e-01	9.293e+00	1.968e+00
145265.50	-2.966e-01	1.171e+01	-1.622e+00
145266.50	-4.128e-01	9.235e+00	3.034e+00
145267.50	-3.811e-01	1.027e+01	1.613e+00
145268.50	-1.891e-01	7.037e+00	-8.429e-01
145269.50	-2.477e-01	7.939e+00	2.400e-01
145270.50	-2.611e-01	7.181e+00	1.123e+00
145271.50	-3.293e-01	7.546e+00	2.429e+00
145272.50	-2.659e-01	7.536e+00	7.786e-01
145273.50	-2.342e-01	5.424e+00	1.555e+00
145274.50	-2.774e-01	6.470e+00	1.738e+00
145275.50	-2.141e-01	5.568e+00	8.659e-01
145276.50	-1.286e-01	5.597e+00	-1.104e+00
145277.50	-1.306e-01	3.302e+00	7.085e-01
145278.50	-2.016e-01	5.683e+00	5.722e-01
145279.50	-1.699e-01	5.174e+00	1.786e-01
145280.50	-2.390e-01	4.742e+00	2.198e+00
145281.50	-1.920e-01	5.885e+00	1.200e-01
145282.50	-1.747e-01	5.107e+00	3.802e-01
145283.50	-9.984e-02	2.928e+00	1.843e-01
145284.50	-1.507e-01	3.600e+00	1.248e+00
145285.50	-1.402e-01	4.138e+00	4.118e-01
145286.50	-1.018e-01	3.331e+00	-1.018e-01
145287.50	-7.363e-02	2.074e+00	1.190e-01
145288.50	-1.123e-01	3.264e+00	1.526e-01
145289.50	-6.038e-02	2.966e+00	-8.621e-01
145290.50	-1.286e-01	3.398e+00	3.830e-01
145291.50	-7.958e-02	1.891e+00	5.510e-01
145292.50	-1.200e-01	2.621e+00	8.890e-01
145293.50	-1.286e-01	2.803e+00	9.360e-01
145294.50	-8.122e-02	1.699e+00	7.594e-01
145295.50	-8.582e-02	3.034e+00	-2.496e-01
145296.50	-1.123e-01	3.178e+00	6.038e-02
145297.50	-6.374e-02	1.786e+00	2.304e-01
145298.50	-8.986e-02	1.757e+00	9.888e-01
145299.50	-8.381e-02	2.189e+00	5.299e-01
145300.50	-1.104e-01	2.294e+00	6.490e-01
145301.50	-5.904e-02	2.074e+00	-2.717e-01
145302.50	-7.747e-02	1.805e+00	3.715e-01
145303.50	-7.306e-02	1.862e+00	2.381e-01
145304.50	-6.739e-02	1.526e+00	5.549e-01
145305.50	-2.237e-02	1.171e+00	-2.995e-01
145306.50	-1.488e-02	5.472e-01	-2.371e-02
145307.50	-4.166e-02	1.104e+00	-1.910e-02
145308.50	-6.701e-02	1.478e+00	5.904e-01
145309.50	-7.517e-02	1.670e+00	6.134e-01
145310.50	-5.770e-02	1.142e+00	5.251e-01
145311.50	-5.011e-02	1.181e+00	3.197e-01
145312.50	-2.890e-02	1.267e+00	-3.226e-01
145313.50	-1.747e-02	1.402e-01	2.563e-01
145314.50	-2.851e-02	1.114e+00	-3.245e-01
145315.50	-4.925e-02	1.296e+00	1.766e-01
145316.50	-6.144e-02	1.344e+00	5.194e-01
145317.50	-4.848e-03	7.565e-01	-4.426e-01
145318.50	-2.016e-02	1.008e+00	-2.573e-01
145319.50	-3.878e-02	3.235e-01	6.010e-01
145320.50	-1.661e-02	3.648e-01	2.333e-01
145321.50	-1.536e-02	4.867e-01	2.554e-02
145322.50	-2.438e-03	3.504e-01	-1.651e-01
145323.50	-4.781e-02	1.507e+00	-4.800e-02
145324.50	-5.222e-02	1.181e+00	4.810e-01
145325.50	-4.512e-02	7.901e-01	2.851e-01
145326.50	-1.133e-02	1.267e-01	1.718e-01
145327.50	-2.371e-02	4.877e-01	1.488e-01
145328.50	1.555e-02	3.562e-01	-5.702e-01
145329.50	-4.349e-02	9.792e-01	2.880e-01
145330.50	-6.730e-03	2.707e-01	-1.334e-01
145331.50	-3.379e-02	5.366e-01	3.274e-01
145332.50	-2.650e-02	1.190e+00	-4.493e-01
145333.50	7.229e-03	1.258e-01	-2.861e-01
145334.50	-3.984e-02	2.602e-01	6.950e-01
145335.50	-5.078e-02	7.987e-01	7.795e-01
145336.50	-2.342e-02	1.123e-01	4.742e-01
145337.50	-3.130e-03	3.658e-01	-2.803e-01
145338.50	-3.600e-02	7.440e-01	2.246e-01
145339.50	2.371e-02	5.299e-01	-6.518e-01
145340.50	2.851e-03	4.781e-01	-2.640e-01
145341.50	-2.928e-02	6.845e-01	9.226e-02
145342.50	-7.315e-03	4.272e-01	-2.035e-01
145343.50	-2.506e-03	6.106e-02	-2.909e-02
145344.50	-3.869e-02	6.029e-01	3.936e-01
145345.50	1.622e-02	-1.930e-01	-1.872e-01
145346.50	9.888e-03	2.496e-02	-3.706e-01
145347.50	-2.102e-02	2.160e-01	3.696e-01
145348.50	-1.171e-02	5.818e-01	1.200e-01
145349.50	-3.446e-02	4.282e-01	3.130e-01
145350.50	-4.234e-02	9.590e-01	1.469e-01
145351.50	-3.062e-02	4.493e-01	2.093e-01
145352.50	-1.584e-02	4.128e-01	9.581e-02
145353.50	-8.390e-04	4.013e-02	-1.709e-03
145354.50	-7.738e-03	-1.296e-01	7.440e-02
145355.50	-1.584e-02	3.994e-01	-2.544e-02
145356.50	-9.696e-03	4.214e-01	-1.354e-01
145357.50	-4.186e-02	4.963e-01	5.482e-01
145358.50	1.642e-03	-1.190e-01	1.805e-01
145359.50	-4.627e-02	4.550e-01	3.274e-01
145360.50	2.189e-02	-1.046e-01	-1.882e-01
145361.50	-2.237e-02	1.622e-01	4.877e-01
145362.50	2.774e-02	-4.675e-01	-1.853e-01
145363.50	-1.190e-02	1.114e-01	1.315e-01
145364.50	-2.141e-03	4.291e-01	-3.293e-01
145365.50	-1.114e-02	3.619e-01	4.186e-02
145366.50	2.083e-02	-3.062e-01	3.706e-02
145367.50	-4.042e-02	4.541e-01	3.840e-01
145368.50	-1.411e-02	3.552e-01	-8.842e-02
145369.50	-9.533e-03	2.899e-01	-1.219e-02
145370.50	-1.862e-02	4.896e-01	7.920e-02
145371.50	9.274e-04	1.920e-01	-1.104e-01
145372.50	-1.075e-02	1.238e-01	1.248e-01
145373.50	6.394e-03	1.728e-01	-2.083e-01
145374.50	-1.306e-02	3.043e-01	2.640e-02
145375.50	-4.973e-03	1.546e-01	-1.056e-01
145376.50	-1.066e-02	-1.277e-01	2.602e-01
145377.50	-1.930e-02	1.555e-01	1.968e-01
145378.50	-3.984e-04	1.066e-01	-3.379e-02
145379.50	-6.960e-03	2.448e-01	2.093e-01
145380.50	1.910e-02	-9.888e-02	-3.149e-02
145381.50	-6.422e-04	-2.237e-02	2.582e-02
145382.50	-1.037e-02	5.107e-02	1.142e-01
145383.50	3.533e-05	3.811e-01	-2.016e-01
145384.50	-2.352e-02	4.810e-01	-2.064e-03
145385.50	-4.013e-03	8.986e-02	-2.506e-02
145386.50	-1.670e-02	3.379e-01	1.008e-01
145387.50	-1.354e-02	3.034e-01	6.739e-02
145388.50	-3.859e-03	-8.458e-02	1.949e-01
145389.50	-2.045e-03	5.443e-02	8.803e-02
145390.50	3.245e-03	-8.371e-02	7.718e-02
145391.50	-2.006e-03	2.477e-01	-4.234e-02
145392.50	-6.634e-03	4.877e-02	1.373e-05
145393.50	-3.130e-02	1.613e-01	5.078e-01
145394.50	1.603e-02	1.258e-01	-4.454e-01
145395.50	1.939e-02	9.322e-03	-2.707e-01
145396.50	-3.427e-03	-8.717e-02	1.411e-01
145397.50	-1.872e-02	3.802e-02	3.312e-01
145398.50	1.018e-02	-5.712e-02	-7.910e-02
145399.50	1.757e-03	2.093e-01	-2.448e-01
145400.50	-1.997e-04	1.853e-01	-1.171e-01
145401.50	-1.046e-02	3.322e-01	-3.638e-02
145402.50	-2.170e-02	2.429e-01	3.149e-01
145403.50	1.334e-02	-5.395e-01	-3.293e-03
145404.50	6.557e-03	-1.018e-01	-1.421e-01
145405.50	-1.229e-02	-3.245e-02	2.256e-01
145406.50	-5.002e-03	6.797e-02	1.018e-02
145407.50	5.462e-03	1.584e-01	-2.640e-01
145408.50	-4.358e-03	1.968e-01	3.936e-02
145409.50	-2.102e-02	2.774e-01	1.632e-01
145410.50	-1.210e-02	2.294e-01	3.139e-02
145411.50	-4.042e-04	2.400e-01	-1.546e-01
145412.50	-5.290e-03	2.486e-01	-7.814e-02
145413.50	5.290e-03	4.330e-02	-1.190e-01
145414.50	1.229e-02	-1.517e-01	-1.478e-01
145415.50	-7.939e-03	2.438e-01	5.520e-02
145416.50	-9.600e-03	1.517e-01	8.794e-02
145417.50	5.040e-03	-3.610e-02	-1.306e-01
145418.50	-4.762e-03	-1.171e-01	8.189e-02
145419.50	4.531e-03	-5.866e-02	-1.027e-01
145420.50	-1.546e-03	-7.421e-02	1.450e-01
145421.50	-1.114e-03	2.141e-02	1.066e-04
145422.50	-1.891e-02	1.565e-01	2.438e-01
145423.50	-1.354e-02	1.027e-01	1.661e-01
145424.50	-5.146e-03	1.613e-01	9.888e-03
145425.50	-1.363e-03	-7.200e-02	8.227e-02
145426.50	7.843e-04	-1.018e-01	1.171e-01
145427.50	5.616e-04	3.418e-02	-7.872e-03
145428.50	-2.208e-03	-7.738e-03	1.094e-01
145429.50	-1.104e-02	2.342e-01	6.941e-02
145430.50	4.982e-04	-5.434e-02	1.027e-02
145431.50	-2.304e-03	-1.008e-01	1.200e-01
145432.50	-8.890e-03	6.931e-02	1.382e-01
145433.50	-1.354e-02	3.130e-01	-5.731e-03
145434.50	5.894e-04	-6.691e-02	6.614e-02
145435.50	-1.238e-03	-1.670e-01	1.440e-01
145436.50	5.366e-03	8.131e-03	-8.227e-02
145437.50	2.102e-03	1.363e-01	-6.048e-02
145438.50	-1.862e-03	4.090e-02	-9.149e-02
145439.50	7.997e-03	1.776e-02	-2.755e-01
145440.50	-3.629e-04	-8.410e-02	-3.590e-02
145441.50	-1.421e-02	8.304e-02	2.573e-01
145442.50	-3.677e-03	9.581e-02	7.267e-02
145443.50	6.691e-03	-8.774e-02	-1.181e-01
145444.50	1.190e-03	1.939e-02	-7.066e-02
145445.50	-7.430e-03	1.373e-01	1.594e-01
145446.50	5.155e-03	-2.141e-02	-2.736e-02
145447.50	7.574e-03	-1.210e-01	1.574e-02
145448.50	-4.579e-03	1.046e-01	1.066e-02
145449.50	-7.363e-03	9.696e-02	5.578e-03
145450.50	-8.304e-03	1.094e-01	9.984e-02
145451.50	1.171e-02	-2.122e-01	1.181e-01
145452.50	2.342e-05	1.104e-01	-1.402e-01
145453.50	7.488e-03	-8.630e-02	-7.862e-03
145454.50	-1.603e-02	6.317e-02	1.814e-01
145455.50	1.613e-02	-1.766e-01	-2.458e-01
145456.50	5.837e-03	-1.910e-02	2.698e-03
145457.50	-7.363e-03	9.523e-02	1.574e-01
145458.50	-7.930e-03	2.246e-01	1.075e-01
145459.50	-1.094e-02	1.411e-01	9.600e-02
145460.50	8.362e-03	-3.274e-02	-1.238e-01
145461.50	-1.526e-02	1.008e-01	1.478e-01
145462.50	1.373e-02	7.085e-02	-2.381e-01
145463.50	-1.094e-02	-1.680e-01	2.909e-01
145464.50	5.222e-03	-4.877e-02	-1.757e-01
145465.50	-7.997e-04	2.093e-01	-1.872e-01
145466.50	1.200e-02	-9.792e-02	-1.229e-01
145467.50	-1.008e-03	1.430e-01	-1.478e-01
145468.50	-4.781e-03	5.645e-02	9.888e-02
145469.50	8.726e-03	-9.360e-02	-6.528e-02
145470.50	-1.382e-02	2.016e-01	8.928e-02
145471.50	-2.218e-02	6.864e-02	4.762e-01
145472.50	-2.669e-03	-5.088e-02	3.437e-02
145473.50	2.938e-03	9.571e-02	-9.264e-02
145474.50	-4.262e-03	1.315e-01	-3.802e-02
145475.50	-1.056e-02	3.437e-01	-2.419e-02
145476.50	-2.621e-04	1.133e-01	-1.565e-01
145477.50	3.197e-03	-6.259e-02	4.522e-02
145478.50	6.029e-03	-2.429e-02	-9.984e-02
145479.50	5.626e-04	-8.928e-02	-4.435e-02
145480.50	2.016e-04	-2.755e-02	1.507e-02
145481.50	-1.046e-02	1.536e-01	1.248e-01
145482.50	-1.056e-04	-1.248e-01	4.800e-02
145483.50	6.048e-03	-1.200e-01	-1.037e-02
145484.50	-9.590e-03	1.450e-01	2.707e-02
145485.50	-1.910e-03	3.955e-02	8.525e-02
145486.50	5.616e-03	-6.490e-02	-8.611e-03
145487.50	-6.461e-03	-1.190e-01	-5.866e-02
145488.50	-3.408e-03	5.309e-02	-5.789e-02
145489.50	-1.517e-03	6.461e-02	-5.040e-02
145490.50	3.792e-03	-6.173e-02	-1.498e-02
145491.50	-9.533e-04	9.043e-02	1.603e-01
145492.50	-2.045e-02	-5.798e-02	6.701e-02
145493.50	-7.834e-03	-1.603e-02	-5.702e-02
145494.50	6.730e-03	3.350e-02	1.075e-01
145495.50	8.208e-03	-1.133e-01	-1.162e-01
145496.50	-2.477e-03	2.227e-02	7.306e-02
145497.50	7.421e-03	9.792e-02	-1.546e-01
145498.50	8.995e-03	7.056e-02	-1.853e-01
145499.50	9.792e-04	-1.910e-01	1.805e-01
145500.50	7.344e-03	-9.389e-02	-8.112e-02
145501.50	-7.008e-03	1.622e-01	-5.894e-02
145502.50	3.130e-03	-1.594e-02	4.013e-02
145503.50	-2.534e-04	-4.358e-02	-6.048e-02
145504.50	-6.346e-04	5.808e-03	2.870e-02
145505.50	-1.632e-02	1.939e-01	1.450e-01
145506.50	2.467e-03	7.152e-03	-5.587e-02
145507.50	4.906e-03	-2.131e-01	-6.115e-02
145508.50	-5.837e-03	-6.643e-03	1.142e-01
145509.50	2.141e-04	5.482e-04	2.189e-02
145510.50	4.598e-03	-4.781e-02	-2.458e-03
145511.50	-4.166e-03	1.603e-01	9.360e-02
145512.50	1.008e-03	-5.990e-02	1.037e-02
145513.50	-1.594e-03	2.122e-01	-1.104e-01
145514.50	-4.608e-03	-4.032e-02	6.298e-02
145515.50	1.738e-03	-6.451e-02	6.816e-02
145516.50	-1.450e-04	-3.034e-02	5.702e-02
145517.50	3.158e-04	-3.926e-02	1.094e-03
145518.50	7.526e-04	-2.102e-02	-8.083e-02
145519.50	5.894e-03	3.360e-02	-1.142e-01
145520.50	1.027e-03	-2.726e-02	3.763e-02
145521.50	-2.006e-03	8.083e-02	3.120e-02
145522.50	7.459e-03	-1.085e-01	3.706e-02
145523.50	2.016e-03	1.277e-02	-3.360e-02
145524.50	-7.987e-03	2.122e-02	-3.082e-02
145525.50	2.736e-03	1.315e-01	-1.968e-01
145526.50	-2.477e-03	7.430e-02	1.642e-02
145527.50	-4.704e-03	5.664e-02	-2.208e-04
145528.50	-2.342e-05	4.608e-02	-2.995e-02
145529.50	-8.880e-04	1.258e-02	-1.133e-02
145530.50	8.323e-04	-1.046e-02	3.331e-02
145531.50	5.424e-03	-1.478e-02	-1.104e-01
145532.50	4.925e-03	-8.515e-02	2.419e-02
145533.50	1.766e-03	-5.405e-02	6.442e-02
145534.50	-2.419e-03	-7.622e-02	1.162e-01
145535.50	3.821e-03	1.555e-02	-7.997e-02
145536.50	1.526e-04	-1.613e-02	-2.976e-02
145537.50	-6.749e-03	-2.774e-02	2.102e-01
145538.50	1.622e-03	2.784e-02	-9.984e-02
145539.50	3.504e-03	-2.275e-02	-1.066e-02
145540.50	3.994e-03	-5.386e-02	-1.094e-01
145541.50	-7.373e-03	6.298e-02	3.418e-02
145542.50	-6.883e-03	1.622e-01	-3.379e-02
145543.50	4.474e-03	2.438e-02	-1.459e-02
145544.50	8.880e-03	-6.202e-02	-4.992e-02
145545.50	2.957e-03	-8.688e-02	9.888e-02
145546.50	-6.518e-03	3.187e-02	7.526e-02
145547.50	3.542e-03	-1.421e-01	-3.446e-02
145548.50	3.658e-03	-1.181e-02	-7.459e-02
145549.50	-7.459e-03	9.792e-02	9.561e-02
145550.50	-5.520e-03	1.430e-01	5.280e-03
145551.50	-6.826e-04	6.749e-02	-2.112e-02
145552.50	1.440e-03	-6.989e-02	-4.416e-02
145553.50	-9.130e-03	7.325e-03	6.058e-02
145554.50	-3.734e-03	-1.027e-01	1.786e-01
145555.50	1.162e-03	-2.976e-02	-2.890e-03
145556.50	7.584e-03	8.285e-03	-2.054e-01
145557.50	6.144e-03	6.720e-02	-1.411e-01
145558.50	-3.418e-03	-2.438e-02	4.848e-02
145559.50	7.056e-04	-6.374e-02	8.342e-02
145560.50	-9.360e-03	8.400e-02	1.382e-01
145561.50	5.309e-03	-1.056e-01	-4.954e-02
145562.50	-1.037e-03	1.526e-02	-2.640e-02
145563.50	1.517e-03	6.163e-02	-2.842e-02
145564.50	5.549e-03	-6.202e-02	1.565e-02
145565.50	7.728e-04	-1.066e-02	2.208e-02
145566.50	1.382e-03	-2.851e-02	-8.352e-02
145567.50	-6.451e-03	5.338e-02	1.978e-02
145568.50	-3.821e-03	1.498e-01	3.725e-02
145569.50	1.210e-03	3.571e-02	-3.120e-02
145570.50	-2.717e-03	-5.750e-02	-1.478e-02
145571.50	3.629e-03	-9.561e-02	-6.000e-02
145572.50	-2.246e-03	1.094e-01	1.997e-03
145573.50	-1.219e-02	8.534e-02	1.373e-01
145574.50	-9.888e-04	2.582e-02	5.040e-02
145575.50	5.712e-03	-4.608e-02	-4.531e-02
145576.50	3.072e-03	-9.475e-02	4.291e-02
145577.50	1.853e-03	-1.056e-02	9.187e-03
145578.50	2.746e-03	-5.520e-02	1.939e-02
145579.50	-9.149e-04	3.888e-02	4.195e-02
145580.50	-3.350e-03	1.190e-01	-1.997e-03
145581.50	4.013e-03	-1.114e-01	-2.755e-02
145582.50	8.611e-04	-5.174e-02	7.786e-03
145583.50	-1.699e-03	-4.128e-02	3.590e-02
145584.50	-2.870e-03	1.853e-02	3.533e-02
145585.50	-2.275e-03	8.650e-02	-7.930e-03
145586.50	1.891e-03	4.829e-02	-2.717e-02
145587.50	-3.350e-03	9.888e-02	-2.976e-02
145588.50	-9.888e-04	2.938e-02	-6.067e-02
145589.50	-9.091e-03	6.499e-02	9.398e-02
145590.50	4.973e-03	-4.627e-03	-6.576e-02
145591.50	-6.634e-04	1.651e-02	2.554e-02
145592.50	4.464e-03	-6.278e-02	8.870e-03
145593.50	-1.776e-03	-8.256e-02	6.749e-02
145594.50	-6.269e-03	3.206e-02	1.152e-01
145595.50	-1.296e-03	2.899e-02	1.978e-02
145596.50	1.699e-03	5.578e-02	-8.544e-02
145597.50	2.141e-03	3.274e-03	-1.181e-02
145598.50	-6.144e-03	5.578e-02	5.318e-02
145599.50	5.338e-03	-3.523e-02	-9.984e-02
145600.50	-7.757e-03	2.294e-02	9.466e-02
145601.50	-7.200e-04	2.726e-02	-2.957e-02
