145003.50	0.000e+00	0.000e+00	0.000e+00
145004.50	0.000e+00	0.000e+00	0.000e+00
145005.50	0.000e+00	0.000e+00	0.000e+00
145006.50	0.000e+00	0.000e+00	0.000e+00
145007.50	0.000e+00	0.000e+00	0.000e+00
145008.50	0.000e+00	0.000e+00	0.000e+00
145009.50	0.000e+00	0.000e+00	0.000e+00
145010.50	0.000e+00	0.000e+00	0.000e+00
145011.50	0.000e+00	0.000e+00	0.000e+00
145012.50	0.000e+00	0.000e+00	0.000e+00
145013.50	0.000e+00	0.000e+00	0.000e+00
145014.50	0.000e+00	0.000e+00	0.000e+00
145015.50	0.000e+00	0.000e+00	0.000e+00
145016.50	0.000e+00	0.000e+00	0.000e+00
145017.50	0.000e+00	0.000e+00	0.000e+00
145018.50	0.000e+00	0.000e+00	0.000e+00
145019.50	0.000e+00	0.000e+00	0.000e+00
145020.50	0.000e+00	0.000e+00	0.000e+00
145021.50	0.000e+00	0.000e+00	0.000e+00
145022.50	0.000e+00	0.000e+00	0.000e+00
145023.50	0.000e+00	0.000e+00	0.000e+00
145024.50	0.000e+00	0.000e+00	0.000e+00
145025.50	0.000e+00	0.000e+00	0.000e+00
145026.50	0.000e+00	0.000e+00	0.000e+00
145027.50	0.000e+00	0.000e+00	0.000e+00
145028.50	0.000e+00	0.000e+00	0.000e+00
145029.50	0.000e+00	0.000e+00	0.000e+00
145030.50	0.000e+00	0.000e+00	0.000e+00
145031.50	0.000e+00	0.000e+00	0.000e+00
145032.50	0.000e+00	0.000e+00	0.000e+00
145033.50	0.000e+00	0.000e+00	0.000e+00
145034.50	0.000e+00	0.000e+00	0.000e+00
145035.50	0.000e+00	0.000e+00	0.000e+00
145036.50	0.000e+00	0.000e+00	0.000e+00
145037.50	0.000e+00	0.000e+00	0.000e+00
145038.50	0.000e+00	0.000e+00	0.000e+00
145039.50	0.000e+00	0.000e+00	0.000e+00
145040.50	0.000e+00	0.000e+00	0.000e+00
145041.50	0.000e+00	0.000e+00	0.000e+00
145042.50	0.000e+00	0.000e+00	0.000e+00
145043.50	0.000e+00	0.000e+00	0.000e+00
145044.50	0.000e+00	0.000e+00	0.000e+00
145045.50	0.000e+00	0.000e+00	0.000e+00
145046.50	0.000e+00	0.000e+00	0.000e+00
145047.50	0.000e+00	0.000e+00	0.000e+00
145048.50	0.000e+00	0.000e+00	0.000e+00
145049.50	0.000e+00	0.000e+00	0.000e+00
145050.50	0.000e+00	0.000e+00	0.000e+00
145051.50	0.000e+00	0.000e+00	0.000e+00
145052.50	0.000e+00	0.000e+00	0.000e+00
145053.50	0.000e+00	0.000e+00	0.000e+00
145054.50	0.000e+00	0.000e+00	0.000e+00
145055.50	0.000e+00	0.000e+00	0.000e+00
145056.50	0.000e+00	0.000e+00	0.000e+00
145057.50	0.000e+00	0.000e+00	0.000e+00
145058.50	0.000e+00	0.000e+00	0.000e+00
145059.50	0.000e+00	0.000e+00	0.000e+00
145060.50	0.000e+00	0.000e+00	0.000e+00
145061.50	0.000e+00	0.000e+00	0.000e+00
145062.50	0.000e+00	0.000e+00	0.000e+00
145063.50	0.000e+00	0.000e+00	0.000e+00
145064.50	0.000e+00	0.000e+00	0.000e+00
145065.50	0.000e+00	0.000e+00	0.000e+00
145066.50	0.000e+00	0.000e+00	0.000e+00
145067.50	0.000e+00	0.000e+00	0.000e+00
145068.50	0.000e+00	0.000e+00	0.000e+00
145069.50	0.000e+00	0.000e+00	0.000e+00
145070.50	0.000e+00	0.000e+00	0.000e+00
145071.50	0.000e+00	0.000e+00	0.000e+00
145072.50	0.000e+00	0.000e+00	0.000e+00
145073.50	0.000e+00	0.000e+00	0.000e+00
145074.50	0.000e+00	0.000e+00	0.000e+00
145075.50	0.000e+00	0.000e+00	0.000e+00
145076.50	0.000e+00	0.000e+00	0.000e+00
145077.50	0.000e+00	0.000e+00	0.000e+00
145078.50	0.000e+00	0.000e+00	0.000e+00
145079.50	0.000e+00	0.000e+00	0.000e+00
145080.50	0.000e+00	0.000e+00	0.000e+00
145081.50	0.000e+00	0.000e+00	0.000e+00
145082.50	0.000e+00	0.000e+00	0.000e+00
145083.50	0.000e+00	0.000e+00	0.000e+00
145084.50	0.000e+00	0.000e+00	0.000e+00
145085.50	0.000e+00	0.000e+00	0.000e+00
145086.50	0.000e+00	0.000e+00	0.000e+00
145087.50	0.000e+00	0.000e+00	0.000e+00
145088.50	0.000e+00	0.000e+00	0.000e+00
145089.50	0.000e+00	0.000e+00	0.000e+00
145090.50	0.000e+00	0.000e+00	0.000e+00
145091.50	0.000e+00	0.000e+00	0.000e+00
145092.50	0.000e+00	0.000e+00	0.000e+00
145093.50	0.000e+00	0.000e+00	0.000e+00
145094.50	0.000e+00	0.000e+00	0.000e+00
145095.50	0.000e+00	0.000e+00	0.000e+00
145096.50	0.000e+00	0.000e+00	0.000e+00
145097.50	0.000e+00	0.000e+00	0.000e+00
145098.50	0.000e+00	0.000e+00	0.000e+00
145099.50	0.000e+00	0.000e+00	0.000e+00
145100.50	0.000e+00	0.000e+00	0.000e+00
145101.50	0.000e+00	0.000e+00	0.000e+00
145102.50	0.000e+00	0.000e+00	0.000e+00
145103.50	0.000e+00	0.000e+00	0.000e+00
145104.50	0.000e+00	0.000e+00	0.000e+00
145105.50	0.000e+00	0.000e+00	0.000e+00
145106.50	0.000e+00	0.000e+00	0.000e+00
145107.50	0.000e+00	0.000e+00	0.000e+00
145108.50	0.000e+00	0.000e+00	0.000e+00
145109.50	0.000e+00	0.000e+00	0.000e+00
145110.50	0.000e+00	0.000e+00	0.000e+00
145111.50	0.000e+00	0.000e+00	0.000e+00
145112.50	0.000e+00	0.000e+00	0.000e+00
145113.50	0.000e+00	0.000e+00	0.000e+00
145114.50	0.000e+00	0.000e+00	0.000e+00
145115.50	0.000e+00	0.000e+00	0.000e+00
145116.50	0.000e+00	0.000e+00	0.000e+00
145117.50	0.000e+00	0.000e+00	0.000e+00
145118.50	0.000e+00	0.000e+00	0.000e+00
145119.50	0.000e+00	0.000e+00	0.000e+00
145120.50	0.000e+00	0.000e+00	0.000e+00
145121.50	0.000e+00	0.000e+00	0.000e+00
145122.50	0.000e+00	0.000e+00	0.000e+00
145123.50	0.000e+00	0.000e+00	0.000e+00
145124.50	0.000e+00	0.000e+00	0.000e+00
145125.50	0.000e+00	0.000e+00	0.000e+00
145126.50	0.000e+00	0.000e+00	0.000e+00
145127.50	0.000e+00	0.000e+00	0.000e+00
145128.50	0.000e+00	0.000e+00	0.000e+00
145129.50	0.000e+00	0.000e+00	0.000e+00
145130.50	0.000e+00	0.000e+00	0.000e+00
145131.50	0.000e+00	0.000e+00	0.000e+00
145132.50	0.000e+00	0.000e+00	0.000e+00
145133.50	0.000e+00	0.000e+00	0.000e+00
145134.50	0.000e+00	0.000e+00	0.000e+00
145135.50	0.000e+00	0.000e+00	0.000e+00
145136.50	0.000e+00	0.000e+00	0.000e+00
145137.50	0.000e+00	0.000e+00	0.000e+00
145138.50	0.000e+00	0.000e+00	0.000e+00
145139.50	0.000e+00	0.000e+00	0.000e+00
145140.50	0.000e+00	0.000e+00	0.000e+00
145141.50	0.000e+00	0.000e+00	0.000e+00
145142.50	0.000e+00	0.000e+00	0.000e+00
145143.50	0.000e+00	0.000e+00	0.000e+00
145144.50	0.000e+00	0.000e+00	0.000e+00
145145.50	0.000e+00	0.000e+00	0.000e+00
145146.50	0.000e+00	0.000e+00	0.000e+00
145147.50	0.000e+00	0.000e+00	0.000e+00
145148.50	0.000e+00	0.000e+00	0.000e+00
145149.50	0.000e+00	0.000e+00	0.000e+00
145150.50	0.000e+00	0.000e+00	0.000e+00
145151.50	0.000e+00	0.000e+00	0.000e+00
145152.50	0.000e+00	0.000e+00	0.000e+00
145153.50	0.000e+00	0.000e+00	0.000e+00
145154.50	0.000e+00	0.000e+00	0.000e+00
145155.50	0.000e+00	0.000e+00	0.000e+00
145156.50	0.000e+00	0.000e+00	0.000e+00
145157.50	0.000e+00	0.000e+00	0.000e+00
145158.50	0.000e+00	0.000e+00	0.000e+00
145159.50	0.000e+00	0.000e+00	0.000e+00
145160.50	0.000e+00	0.000e+00	0.000e+00
145161.50	0.000e+00	0.000e+00	0.000e+00
145162.50	0.000e+00	0.000e+00	0.000e+00
145163.50	0.000e+00	0.000e+00	0.000e+00
145164.50	0.000e+00	0.000e+00	0.000e+00
145165.50	0.000e+00	0.000e+00	0.000e+00
145166.50	0.000e+00	0.000e+00	0.000e+00
145167.50	0.000e+00	0.000e+00	0.000e+00
145168.50	0.000e+00	0.000e+00	0.000e+00
145169.50	0.000e+00	0.000e+00	0.000e+00
145170.50	0.000e+00	0.000e+00	0.000e+00
145171.50	0.000e+00	0.000e+00	0.000e+00
145172.50	0.000e+00	0.000e+00	0.000e+00
145173.50	0.000e+00	0.000e+00	0.000e+00
145174.50	0.000e+00	0.000e+00	0.000e+00
145175.50	0.000e+00	0.000e+00	0.000e+00
145176.50	0.000e+00	0.000e+00	0.000e+00
145177.50	0.000e+00	0.000e+00	0.000e+00
145178.50	0.000e+00	0.000e+00	0.000e+00
145179.50	0.000e+00	0.000e+00	0.000e+00
145180.50	0.000e+00	0.000e+00	0.000e+00
145181.50	0.000e+00	0.000e+00	0.000e+00
145182.50	0.000e+00	0.000e+00	0.000e+00
145183.50	0.000e+00	0.000e+00	0.000e+00
145184.50	0.000e+00	0.000e+00	0.000e+00
145185.50	0.000e+00	0.000e+00	0.000e+00
145186.50	0.000e+00	0.000e+00	0.000e+00
145187.50	0.000e+00	0.000e+00	0.000e+00
145188.50	0.000e+00	0.000e+00	0.000e+00
145189.50	0.000e+00	0.000e+00	0.000e+00
145190.50	0.000e+00	0.000e+00	0.000e+00
145191.50	0.000e+00	0.000e+00	0.000e+00
145192.50	0.000e+00	0.000e+00	0.000e+00
145193.50	0.000e+00	0.000e+00	0.000e+00
145194.50	0.000e+00	0.000e+00	0.000e+00
145195.50	0.000e+00	0.000e+00	0.000e+00
145196.50	0.000e+00	0.000e+00	0.000e+00
145197.50	0.000e+00	0.000e+00	0.000e+00
145198.50	0.000e+00	0.000e+00	0.000e+00
145199.50	0.000e+00	0.000e+00	0.000e+00
145200.50	0.000e+00	0.000e+00	0.000e+00
145201.50	0.000e+00	0.000e+00	0.000e+00
145202.50	0.000e+00	0.000e+00	0.000e+00
145203.50	0.000e+00	0.000e+00	0.000e+00
145204.50	0.000e+00	0.000e+00	0.000e+00
145205.50	0.000e+00	0.000e+00	0.000e+00
145206.50	0.000e+00	0.000e+00	0.000e+00
145207.50	-2.650e-06	1.315e-04	6.086e-04
145208.50	-7.018e-07	2.093e-04	1.008e-03
145209.50	-7.699e-05	-1.661e-03	1.373e-03
145210.50	-2.784e-06	6.720e-04	1.152e-03
145211.50	1.718e-05	-2.256e-04	-1.622e-03
145212.50	2.899e-06	-3.610e-05	-1.430e-04
145213.50	-2.640e-04	-9.254e-03	-3.638e-03
145214.50	7.459e-04	2.256e-02	-1.680e-03
145215.50	-3.706e-02	-1.133e+00	-2.870e-01
145216.50	-7.450e-02	-2.150e+00	-1.114e-02
145217.50	-4.253e-01	-1.190e+01	4.742e-01
145218.50	-9.888e-01	-2.813e+01	-3.696e+00
145219.50	-1.670e+00	-4.570e+01	-1.430e+00
145220.50	-2.659e+00	-7.018e+01	1.805e+00
145221.50	-4.166e+00	-1.085e+02	4.243e+00
145222.50	-4.502e+00	-1.133e+02	9.149e+00
145223.50	-5.318e+00	-1.392e+02	-2.198e+01
145224.50	-5.098e+00	-1.267e+02	-1.315e+00
145225.50	-4.829e+00	-1.162e+02	2.525e+00
145226.50	-4.637e+00	-1.075e+02	8.410e+00
145227.50	-1.901e+00	-4.426e+01	-1.190e+01
145228.50	-1.738e+00	-3.542e+01	7.517e+00
145229.50	-8.640e-01	-1.373e+01	8.707e+00
145230.50	1.402e-01	5.606e+00	-7.709e+00
145231.50	8.592e-01	2.582e+01	3.226e+00
145232.50	4.560e-01	1.613e+01	4.080e+00
145233.50	1.440e+00	3.696e+01	-2.227e+00
145234.50	1.210e+00	3.178e+01	-1.910e+00
145235.50	1.430e+00	3.734e+01	4.387e-01
145236.50	1.690e+00	4.157e+01	-1.066e-01
145237.50	1.296e+00	3.293e+01	-1.632e+00
145238.50	1.421e+00	3.523e+01	1.027e+00
145239.50	1.584e+00	3.888e+01	1.277e+00
145240.50	1.219e+00	2.995e+01	-2.630e+00
145241.50	1.718e+00	4.138e+01	2.035e+00
145242.50	1.306e+00	3.226e+01	2.045e+00
145243.50	1.219e+00	2.986e+01	-9.389e-01
145244.50	1.200e+00	2.938e+01	1.229e+00
145245.50	1.190e+00	2.813e+01	-3.187e+00
145246.50	9.792e-01	2.429e+01	2.227e+00
145247.50	1.181e+00	2.746e+01	-2.650e+00
145248.50	1.037e+00	2.467e+01	-1.670e+00
145249.50	9.696e-01	2.275e+01	-2.698e+00
145250.50	8.429e-01	1.949e+01	-2.362e+00
145251.50	8.554e-01	2.093e+01	3.821e+00
145252.50	7.037e-01	1.728e+01	9.696e-01
145253.50	6.182e-01	1.536e+01	2.890e+00
145254.50	6.730e-01	1.565e+01	-1.584e+00
145255.50	6.883e-01	1.661e+01	1.565e+00
145256.50	3.802e-01	9.072e+00	-1.555e+00
145257.50	4.829e-01	1.162e+01	6.326e-02
145258.50	4.522e-01	1.094e+01	-9.696e-01
145259.50	5.126e-01	1.200e+01	6.202e-01
145260.50	4.454e-01	1.075e+01	-5.587e-03
145261.50	5.472e-01	1.334e+01	1.373e+00
145262.50	4.378e-01	1.056e+01	-2.525e-01
145263.50	4.157e-01	9.696e+00	-7.949e-01
145264.50	3.178e-01	8.054e+00	1.594e+00
145265.50	2.966e-01	7.200e+00	3.994e-01
145266.50	3.235e-01	7.987e+00	-2.947e-01
145267.50	3.101e-01	7.536e+00	7.613e-01
145268.50	3.082e-01	7.037e+00	-1.210e+00
145269.50	2.861e-01	6.941e+00	2.563e-01
145270.50	2.698e-01	6.374e+00	-1.142e+00
145271.50	2.544e-01	5.866e+00	-3.782e-01
145272.50	2.150e-01	5.126e+00	2.150e-01
145273.50	1.891e-01	4.646e+00	1.680e+00
145274.50	1.565e-01	3.898e+00	-1.584e-01
145275.50	1.670e-01	4.003e+00	-1.075e+00
145276.50	1.728e-01	4.090e+00	-2.880e-01
145277.50	2.592e-01	5.683e+00	-4.368e-01
145278.50	1.901e-01	4.742e+00	1.181e+00
145279.50	1.728e-01	4.118e+00	1.190e+00
145280.50	1.334e-01	3.216e+00	-1.882e-01
145281.50	1.603e-01	4.253e+00	8.064e-01
145282.50	1.594e-01	3.706e+00	6.202e-01
145283.50	1.344e-01	3.101e+00	-3.427e-01
145284.50	7.363e-02	2.026e+00	4.733e-01
145285.50	6.586e-02	1.354e+00	-1.661e+00
145286.50	1.402e-01	3.226e+00	1.546e-01
145287.50	9.408e-02	2.419e+00	1.392e-01
145288.50	1.440e-01	3.370e+00	-1.171e-01
145289.50	7.162e-02	1.891e+00	-2.813e-01
145290.50	5.098e-02	1.402e+00	6.643e-02
145291.50	6.374e-02	1.651e+00	1.373e+00
145292.50	6.442e-02	1.613e+00	1.008e-01
145293.50	8.467e-02	1.930e+00	3.994e-03
145294.50	9.446e-02	2.323e+00	6.326e-01
145295.50	9.187e-02	2.237e+00	8.717e-02
145296.50	5.232e-02	1.085e+00	-2.698e-01
145297.50	5.136e-02	1.286e+00	7.171e-01
145298.50	9.312e-02	2.189e+00	-5.914e-02
145299.50	8.573e-02	1.958e+00	-3.658e-01
145300.50	6.874e-02	1.949e+00	3.830e-01
145301.50	6.864e-02	1.536e+00	-6.826e-02
145302.50	4.867e-02	9.888e-01	-4.714e-01
145303.50	7.469e-02	1.834e+00	-3.254e-01
145304.50	2.899e-02	7.584e-01	-4.358e-01
145305.50	4.061e-02	1.056e+00	-1.190e-01
145306.50	1.795e-02	7.037e-01	1.123e+00
145307.50	4.435e-02	1.075e+00	4.493e-01
145308.50	6.499e-03	1.853e-01	-2.880e-01
145309.50	8.400e-02	1.699e+00	-1.085e+00
145310.50	3.648e-02	9.187e-01	2.986e-01
145311.50	2.986e-02	6.931e-01	-1.219e-02
145312.50	5.597e-02	1.162e+00	6.854e-02
145313.50	4.090e-02	1.056e+00	4.589e-01
145314.50	3.955e-02	1.142e+00	5.059e-01
145315.50	6.221e-02	1.402e+00	-2.506e-01
145316.50	-7.805e-03	-1.382e-01	-1.853e-01
145317.50	7.882e-02	1.699e+00	-3.610e-01
145318.50	2.045e-02	5.318e-01	5.568e-03
145319.50	1.286e-02	4.176e-01	3.168e-02
145320.50	3.667e-02	6.163e-01	-1.987e-02
145321.50	5.251e-02	8.813e-01	1.776e-01
145322.50	1.699e-02	6.854e-01	-1.642e-01
145323.50	1.354e-02	5.933e-01	5.674e-01
145324.50	-1.709e-02	-2.074e-02	-2.170e-01
145325.50	3.629e-02	4.934e-01	-5.558e-01
145326.50	3.725e-02	7.728e-01	7.171e-02
145327.50	8.909e-03	4.810e-01	-2.794e-01
145328.50	2.918e-02	6.480e-01	1.171e-01
145329.50	-5.213e-03	3.158e-02	1.488e-01
145330.50	1.229e-02	4.301e-01	4.512e-01
145331.50	4.330e-02	7.229e-01	-6.086e-01
145332.50	1.517e-02	2.918e-01	-2.630e-01
145333.50	1.162e-02	2.717e-01	-4.896e-01
145334.50	4.694e-03	1.123e-01	2.150e-01
145335.50	5.798e-03	-2.198e-02	-4.704e-01
145336.50	6.259e-03	3.610e-01	4.032e-01
145337.50	2.016e-02	5.050e-01	4.349e-02
145338.50	2.486e-02	7.978e-01	2.026e-01
145339.50	-6.864e-03	-1.526e-01	3.082e-02
145340.50	-7.334e-03	-1.776e-01	-7.210e-02
145341.50	1.258e-02	3.283e-01	-4.387e-01
145342.50	1.843e-02	3.686e-01	-1.450e-01
145343.50	3.101e-02	6.691e-01	4.205e-01
145344.50	3.139e-02	6.422e-01	8.122e-02
145345.50	2.688e-02	6.125e-01	-1.958e-01
145346.50	1.766e-02	4.435e-01	1.229e-01
145347.50	4.848e-03	3.552e-01	3.005e-01
145348.50	-7.459e-03	-2.573e-01	2.131e-01
145349.50	2.966e-02	5.318e-01	-4.454e-02
145350.50	1.469e-02	1.661e-01	1.123e-01
145351.50	-5.434e-03	7.891e-02	2.736e-01
145352.50	-6.845e-03	-1.411e-01	-1.949e-02
145353.50	1.229e-02	1.267e-01	3.734e-01
145354.50	6.682e-04	1.747e-02	1.939e-02
145355.50	-5.261e-03	-3.830e-03	-4.685e-01
145356.50	2.352e-02	5.472e-01	6.864e-03
145357.50	1.027e-02	2.899e-01	-7.008e-02
145358.50	-3.437e-03	-1.334e-01	-2.074e-01
145359.50	1.450e-02	3.005e-01	-3.763e-01
145360.50	1.066e-02	3.216e-01	-3.350e-03
145361.50	4.992e-03	1.632e-01	5.846e-02
145362.50	7.363e-03	8.928e-02	1.306e-01
145363.50	3.571e-02	6.787e-01	-1.229e-01
145364.50	-2.506e-02	-4.099e-01	2.870e-01
145365.50	-7.709e-03	-1.824e-02	1.430e-01
145366.50	-4.483e-03	-1.546e-01	-1.181e-01
145367.50	1.210e-02	1.018e-01	-1.910e-01
145368.50	1.949e-02	4.195e-01	8.573e-02
145369.50	1.085e-03	6.480e-02	-2.400e-01
145370.50	5.040e-03	1.114e-01	3.418e-02
145371.50	1.632e-03	4.906e-02	2.093e-02
145372.50	1.046e-03	1.018e-01	-3.754e-01
145373.50	1.142e-02	2.304e-01	6.605e-02
145374.50	1.920e-02	4.502e-01	9.696e-03
145375.50	-5.894e-03	-1.210e-01	-2.976e-01
145376.50	-3.360e-03	-9.216e-02	2.419e-01
145377.50	5.990e-03	1.498e-01	2.784e-01
145378.50	5.194e-03	1.430e-01	-1.056e-01
145379.50	-3.773e-03	9.984e-03	1.210e-01
145380.50	-1.094e-02	-1.478e-01	5.578e-02
145381.50	-1.152e-02	-1.882e-01	2.400e-01
145382.50	2.237e-03	1.190e-01	-2.678e-02
145383.50	3.312e-02	6.970e-01	-1.882e-01
145384.50	-1.987e-02	-3.043e-01	2.458e-01
145385.50	9.696e-03	2.611e-01	3.571e-01
145386.50	3.101e-04	-2.294e-02	8.698e-02
145387.50	1.392e-02	3.475e-01	-3.072e-01
145388.50	-1.622e-02	-3.437e-01	2.506e-02
145389.50	1.296e-02	2.016e-01	2.582e-01
145390.50	4.090e-03	1.613e-01	1.056e-01
145391.50	-9.274e-03	-1.334e-01	6.422e-02
145392.50	-3.149e-03	-3.101e-03	8.227e-02
145393.50	-4.330e-03	-1.354e-01	-1.267e-01
145394.50	6.307e-03	1.094e-01	8.362e-02
145395.50	-1.392e-03	-1.325e-01	-2.736e-01
145396.50	-1.450e-02	-1.210e-01	2.016e-01
145397.50	3.610e-03	9.792e-02	-2.323e-01
145398.50	9.792e-03	1.392e-01	-1.325e-01
145399.50	-2.112e-03	-7.824e-02	2.688e-01
145400.50	-1.325e-03	5.155e-02	-5.750e-02
145401.50	6.163e-03	1.882e-02	-1.210e-01
145402.50	2.256e-03	2.266e-02	1.286e-01
145403.50	1.286e-02	2.563e-01	7.709e-04
145404.50	-3.610e-03	-9.696e-02	-1.526e-01
145405.50	-6.902e-03	-1.517e-01	9.888e-02
145406.50	-2.102e-03	-1.027e-02	1.546e-01
145407.50	2.947e-03	1.114e-01	-1.555e-01
145408.50	-4.944e-03	-1.478e-02	2.419e-02
145409.50	3.418e-03	6.902e-03	1.978e-01
145410.50	-1.402e-02	-2.400e-01	1.238e-01
145411.50	-2.832e-04	1.690e-02	1.162e-01
145412.50	-4.723e-03	-2.899e-02	7.824e-04
145413.50	4.502e-03	1.680e-01	-9.504e-02
145414.50	1.594e-02	3.120e-01	-4.032e-02
145415.50	1.987e-02	2.774e-01	-3.552e-02
145416.50	-2.842e-03	1.930e-02	1.421e-01
145417.50	-2.266e-03	-2.650e-02	-1.133e-01
145418.50	7.488e-04	6.758e-02	-7.334e-02
145419.50	5.971e-03	9.034e-02	-2.928e-03
145420.50	-1.517e-02	-3.101e-01	-7.901e-02
145421.50	-4.666e-03	-1.258e-01	-1.574e-01
145422.50	3.379e-03	-3.101e-02	-4.378e-02
145423.50	8.986e-03	2.976e-01	3.120e-01
145424.50	6.634e-03	1.766e-01	5.462e-02
145425.50	3.312e-03	8.563e-02	-4.368e-02
145426.50	-4.214e-03	-8.122e-02	-3.110e-02
145427.50	-8.544e-03	-1.104e-01	1.661e-01
145428.50	3.014e-03	1.037e-03	-1.642e-01
145429.50	5.126e-03	1.574e-01	2.938e-02
145430.50	1.469e-03	5.434e-02	1.584e-01
145431.50	1.296e-02	1.642e-01	-1.555e-01
145432.50	1.344e-03	3.283e-02	-1.574e-01
145433.50	2.448e-03	1.613e-02	-1.795e-01
145434.50	6.816e-03	2.256e-01	1.152e-02
145435.50	-6.192e-03	-1.795e-01	-3.542e-02
145436.50	3.706e-04	-8.573e-03	5.107e-02
145437.50	-2.275e-03	-3.638e-03	-1.632e-03
145438.50	1.786e-03	1.603e-02	4.464e-02
145439.50	1.267e-02	2.160e-01	9.456e-02
145440.50	1.834e-03	5.808e-02	-1.469e-01
145441.50	-4.042e-03	-8.064e-02	1.738e-01
145442.50	1.565e-03	8.784e-02	3.072e-01
145443.50	1.037e-03	4.608e-02	-1.757e-01
145444.50	-1.267e-02	-1.661e-01	9.494e-03
145445.50	4.973e-03	3.744e-02	2.698e-01
145446.50	1.632e-02	3.062e-01	-7.891e-02
145447.50	-3.149e-03	-2.074e-02	1.450e-02
145448.50	2.755e-03	-4.790e-02	-1.046e-01
145449.50	-2.995e-03	-2.285e-02	-4.051e-02
145450.50	-4.886e-03	-9.552e-02	4.810e-03
145451.50	7.152e-03	1.805e-01	2.198e-02
145452.50	-3.398e-03	-6.950e-02	-5.875e-02
145453.50	5.635e-04	4.262e-02	-9.110e-02
145454.50	8.650e-03	2.122e-01	7.469e-02
145455.50	-5.971e-03	-1.277e-01	-1.142e-01
145456.50	-1.949e-03	2.390e-03	6.730e-02
145457.50	1.872e-03	1.930e-02	-3.168e-02
145458.50	-9.888e-03	-1.162e-01	7.315e-02
145459.50	8.573e-03	1.478e-01	6.374e-02
145460.50	-4.742e-03	-1.354e-01	-3.638e-02
145461.50	-1.162e-02	-1.536e-01	2.678e-01
145462.50	7.853e-03	1.661e-01	-9.984e-02
145463.50	9.888e-04	-2.419e-02	-8.774e-02
145464.50	2.352e-03	5.482e-02	2.563e-02
145465.50	9.696e-03	1.613e-01	-8.544e-02
145466.50	4.752e-03	8.170e-02	-1.066e-01
145467.50	-1.248e-02	-2.381e-01	-6.240e-02
145468.50	2.765e-03	3.859e-02	9.571e-02
145469.50	2.707e-03	7.210e-02	2.678e-02
145470.50	3.101e-03	4.042e-02	-8.054e-02
145471.50	-9.888e-03	-1.910e-01	-1.882e-01
145472.50	2.698e-03	3.706e-02	-1.517e-01
145473.50	5.222e-03	1.094e-01	-7.478e-02
145474.50	3.658e-03	1.046e-01	4.752e-02
145475.50	2.064e-03	5.683e-02	1.517e-01
145476.50	4.618e-03	8.726e-02	1.152e-02
145477.50	-2.198e-03	-4.051e-02	-1.862e-02
145478.50	-8.419e-04	-1.085e-02	4.560e-02
145479.50	1.622e-03	3.446e-02	2.304e-01
145480.50	-4.406e-03	-6.000e-02	1.325e-01
145481.50	-4.675e-03	-1.632e-01	3.014e-02
145482.50	2.803e-03	-4.022e-02	-7.066e-02
145483.50	-8.102e-03	-1.987e-01	-1.430e-01
145484.50	1.344e-02	2.640e-01	-5.520e-02
145485.50	5.174e-03	1.219e-01	-1.238e-02
145486.50	-7.411e-03	-1.354e-01	-4.013e-02
145487.50	1.632e-03	-5.808e-02	1.056e-02
145488.50	-3.859e-03	-1.373e-02	1.392e-01
145489.50	7.795e-03	1.517e-01	7.037e-02
145490.50	-7.987e-03	-1.152e-01	-9.322e-03
145491.50	7.277e-03	8.237e-02	-1.594e-02
145492.50	-3.466e-03	-8.794e-02	-4.771e-02
145493.50	-1.699e-02	-2.592e-01	-4.493e-02
145494.50	1.258e-03	6.902e-02	-8.563e-02
145495.50	9.178e-03	1.123e-01	1.958e-02
145496.50	4.234e-03	5.357e-02	1.526e-01
145497.50	-4.483e-03	3.302e-02	5.837e-02
145498.50	-1.162e-03	1.603e-03	-3.802e-02
145499.50	-1.776e-03	-4.099e-02	-6.298e-02
145500.50	-1.373e-03	-7.526e-03	-3.178e-02
145501.50	1.277e-03	8.698e-02	-2.102e-02
145502.50	4.704e-03	-4.128e-02	-6.019e-02
145503.50	-2.381e-03	-4.243e-02	1.286e-01
145504.50	-4.598e-04	1.805e-02	9.696e-02
145505.50	1.498e-03	1.546e-02	-1.162e-01
145506.50	1.450e-02	2.928e-01	-2.150e-02
145507.50	1.210e-04	-1.286e-02	-1.709e-01
145508.50	-6.038e-03	-1.373e-01	7.440e-02
145509.50	-1.402e-02	-2.832e-01	-2.669e-01
145510.50	-1.027e-03	-7.104e-02	-1.152e-01
145511.50	-5.453e-03	-6.115e-02	1.152e-01
145512.50	-9.984e-03	-1.344e-01	-2.314e-02
145513.50	4.435e-03	1.354e-01	-1.085e-01
145514.50	6.048e-03	1.085e-01	1.085e-01
145515.50	1.738e-03	7.824e-02	6.941e-02
145516.50	6.902e-03	1.171e-01	1.334e-01
145517.50	-6.970e-03	-1.910e-01	1.546e-02
145518.50	-1.402e-03	1.536e-02	-1.171e-01
145519.50	-5.606e-04	1.978e-02	2.659e-03
145520.50	-1.171e-03	-2.112e-02	4.522e-02
145521.50	2.534e-03	-1.891e-02	9.062e-02
145522.50	-3.341e-03	-1.037e-01	5.088e-02
145523.50	-6.701e-03	-8.419e-02	1.046e-02
145524.50	-4.301e-03	-2.544e-02	-5.654e-02
145525.50	1.642e-03	3.830e-02	-8.112e-02
145526.50	-5.827e-03	-2.861e-02	-9.696e-02
145527.50	2.448e-03	7.229e-02	-5.146e-02
145528.50	5.818e-03	1.027e-01	1.354e-01
145529.50	2.266e-03	5.405e-02	-8.342e-02
145530.50	-2.650e-03	-1.229e-01	-2.275e-02
145531.50	7.997e-03	1.162e-01	-2.016e-01
145532.50	2.189e-03	1.104e-01	1.104e-01
145533.50	-3.619e-03	1.056e-02	1.584e-01
145534.50	-5.971e-03	-7.613e-03	7.296e-02
145535.50	4.416e-03	-1.757e-02	-1.594e-01
145536.50	4.550e-03	6.442e-02	-2.266e-02
145537.50	3.955e-03	3.398e-02	7.728e-02
145538.50	-4.301e-04	3.293e-02	-3.629e-02
145539.50	-3.091e-03	-3.072e-02	6.816e-02
145540.50	-1.306e-02	-2.064e-01	1.882e-01
145541.50	7.133e-03	8.227e-02	-2.035e-01
145542.50	-9.408e-03	-7.469e-02	-1.162e-01
145543.50	5.011e-03	1.325e-01	-6.096e-02
145544.50	1.882e-04	-8.093e-03	1.248e-01
145545.50	-5.290e-03	-6.739e-02	6.317e-02
145546.50	-1.219e-04	-2.717e-02	6.528e-02
145547.50	-2.400e-04	1.901e-02	-1.440e-01
145548.50	4.598e-03	1.123e-01	7.747e-02
145549.50	4.541e-03	8.189e-02	-3.014e-02
145550.50	-1.478e-04	-3.907e-02	7.987e-02
145551.50	2.170e-03	3.658e-02	3.562e-02
145552.50	-3.600e-03	-7.286e-02	-1.430e-02
145553.50	4.291e-03	8.381e-02	3.888e-02
145554.50	-1.027e-04	7.046e-04	-2.102e-02
145555.50	5.760e-03	1.123e-01	3.725e-02
145556.50	-2.554e-03	-6.298e-02	-1.114e-01
145557.50	-6.902e-03	-1.008e-01	4.752e-02
145558.50	5.482e-04	9.178e-03	1.171e-02
145559.50	5.318e-03	6.221e-02	3.955e-02
145560.50	-4.790e-04	-1.411e-02	1.795e-02
145561.50	3.091e-03	7.814e-02	-3.782e-02
145562.50	6.922e-04	8.448e-03	-6.970e-02
145563.50	2.035e-03	-1.690e-02	-6.605e-02
145564.50	-2.352e-03	-9.504e-02	-6.816e-02
145565.50	3.437e-03	4.694e-02	1.939e-02
145566.50	3.696e-03	1.834e-02	-2.400e-02
145567.50	3.658e-03	6.730e-02	-5.261e-02
145568.50	-4.637e-03	-5.568e-02	2.602e-03
145569.50	-1.594e-03	8.035e-04	6.826e-03
145570.50	5.309e-03	8.160e-02	2.275e-03
145571.50	3.840e-04	4.675e-02	2.429e-02
145572.50	-4.618e-03	-8.880e-02	8.122e-02
145573.50	2.323e-03	2.678e-02	-6.941e-02
145574.50	4.838e-04	3.955e-02	3.312e-02
145575.50	-1.325e-03	4.483e-02	1.843e-02
145576.50	-3.840e-03	-9.427e-03	1.651e-01
145577.50	-3.494e-03	-1.853e-01	-9.322e-02
145578.50	-1.651e-03	4.666e-02	-6.163e-02
145579.50	-3.398e-03	-3.754e-02	-8.342e-02
145580.50	-2.986e-03	-5.376e-02	-7.872e-02
145581.50	8.669e-03	1.085e-01	1.018e-01
145582.50	2.650e-03	8.342e-03	3.696e-02
145583.50	-6.029e-03	-1.315e-01	1.882e-02
145584.50	-2.630e-03	-7.363e-02	-2.256e-02
145585.50	4.243e-03	7.507e-02	-3.974e-02
145586.50	1.018e-03	4.579e-02	5.328e-02
145587.50	-2.995e-03	-7.027e-02	8.506e-02
145588.50	4.570e-03	7.786e-02	9.600e-02
145589.50	1.507e-03	-1.248e-02	-7.536e-03
145590.50	1.296e-02	5.779e-02	-3.216e-02
145591.50	9.408e-03	-6.509e-02	3.898e-03
145592.50	-3.283e-03	-2.294e-02	1.114e-01
145593.50	1.258e-03	2.141e-02	-3.610e-03
145594.50	3.734e-03	6.518e-02	6.624e-03
145595.50	-1.766e-02	-6.931e-02	-4.138e-02
145596.50	-3.965e-02	-1.210e-01	-8.803e-02
145597.50	1.344e-02	1.651e-02	-1.104e-01
145598.50	1.824e-02	8.880e-02	5.616e-02
145599.50	5.482e-03	1.699e-02	-6.355e-02
145600.50	2.573e-03	9.600e-02	5.491e-02
145601.50	2.717e-03	4.560e-03	-1.661e-02
