145003.50	0.000e+00	0.000e+00	0.000e+00
145004.50	0.000e+00	0.000e+00	0.000e+00
145005.50	0.000e+00	0.000e+00	0.000e+00
145006.50	0.000e+00	0.000e+00	0.000e+00
145007.50	0.000e+00	0.000e+00	0.000e+00
145008.50	0.000e+00	0.000e+00	0.000e+00
145009.50	0.000e+00	0.000e+00	0.000e+00
145010.50	0.000e+00	0.000e+00	0.000e+00
145011.50	0.000e+00	0.000e+00	0.000e+00
145012.50	0.000e+00	0.000e+00	0.000e+00
145013.50	0.000e+00	0.000e+00	0.000e+00
145014.50	0.000e+00	0.000e+00	0.000e+00
145015.50	0.000e+00	0.000e+00	0.000e+00
145016.50	0.000e+00	0.000e+00	0.000e+00
145017.50	0.000e+00	0.000e+00	0.000e+00
145018.50	0.000e+00	0.000e+00	0.000e+00
145019.50	0.000e+00	0.000e+00	0.000e+00
145020.50	0.000e+00	0.000e+00	0.000e+00
145021.50	0.000e+00	0.000e+00	0.000e+00
145022.50	0.000e+00	0.000e+00	0.000e+00
145023.50	0.000e+00	0.000e+00	0.000e+00
145024.50	0.000e+00	0.000e+00	0.000e+00
145025.50	0.000e+00	0.000e+00	0.000e+00
145026.50	0.000e+00	0.000e+00	0.000e+00
145027.50	0.000e+00	0.000e+00	0.000e+00
145028.50	0.000e+00	0.000e+00	0.000e+00
145029.50	0.000e+00	0.000e+00	0.000e+00
145030.50	0.000e+00	0.000e+00	0.000e+00
145031.50	0.000e+00	0.000e+00	0.000e+00
145032.50	0.000e+00	0.000e+00	0.000e+00
145033.50	0.000e+00	0.000e+00	0.000e+00
145034.50	0.000e+00	0.000e+00	0.000e+00
145035.50	0.000e+00	0.000e+00	0.000e+00
145036.50	0.000e+00	0.000e+00	0.000e+00
145037.50	0.000e+00	0.000e+00	0.000e+00
145038.50	0.000e+00	0.000e+00	0.000e+00
145039.50	0.000e+00	0.000e+00	0.000e+00
145040.50	0.000e+00	0.000e+00	0.000e+00
145041.50	0.000e+00	0.000e+00	0.000e+00
145042.50	0.000e+00	0.000e+00	0.000e+00
145043.50	0.000e+00	0.000e+00	0.000e+00
145044.50	0.000e+00	0.000e+00	0.000e+00
145045.50	0.000e+00	0.000e+00	0.000e+00
145046.50	0.000e+00	0.000e+00	0.000e+00
145047.50	0.000e+00	0.000e+00	0.000e+00
145048.50	0.000e+00	0.000e+00	0.000e+00
145049.50	0.000e+00	0.000e+00	0.000e+00
145050.50	0.000e+00	0.000e+00	0.000e+00
145051.50	0.000e+00	0.000e+00	0.000e+00
145052.50	0.000e+00	0.000e+00	0.000e+00
145053.50	0.000e+00	0.000e+00	0.000e+00
145054.50	0.000e+00	0.000e+00	0.000e+00
145055.50	0.000e+00	0.000e+00	0.000e+00
145056.50	0.000e+00	0.000e+00	0.000e+00
145057.50	0.000e+00	0.000e+00	0.000e+00
145058.50	0.000e+00	0.000e+00	0.000e+00
145059.50	0.000e+00	0.000e+00	0.000e+00
145060.50	0.000e+00	0.000e+00	0.000e+00
145061.50	0.000e+00	0.000e+00	0.000e+00
145062.50	0.000e+00	0.000e+00	0.000e+00
145063.50	0.000e+00	0.000e+00	0.000e+00
145064.50	0.000e+00	0.000e+00	0.000e+00
145065.50	0.000e+00	0.000e+00	0.000e+00
145066.50	0.000e+00	0.000e+00	0.000e+00
145067.50	0.000e+00	0.000e+00	0.000e+00
145068.50	0.000e+00	0.000e+00	0.000e+00
145069.50	0.000e+00	0.000e+00	0.000e+00
145070.50	0.000e+00	0.000e+00	0.000e+00
145071.50	0.000e+00	0.000e+00	0.000e+00
145072.50	0.000e+00	0.000e+00	0.000e+00
145073.50	0.000e+00	0.000e+00	0.000e+00
145074.50	0.000e+00	0.000e+00	0.000e+00
145075.50	0.000e+00	0.000e+00	0.000e+00
145076.50	0.000e+00	0.000e+00	0.000e+00
145077.50	0.000e+00	0.000e+00	0.000e+00
145078.50	0.000e+00	0.000e+00	0.000e+00
145079.50	0.000e+00	0.000e+00	0.000e+00
145080.50	0.000e+00	0.000e+00	0.000e+00
145081.50	0.000e+00	0.000e+00	0.000e+00
145082.50	0.000e+00	0.000e+00	0.000e+00
145083.50	0.000e+00	0.000e+00	0.000e+00
145084.50	0.000e+00	0.000e+00	0.000e+00
145085.50	0.000e+00	0.000e+00	0.000e+00
145086.50	0.000e+00	0.000e+00	0.000e+00
145087.50	0.000e+00	0.000e+00	0.000e+00
145088.50	0.000e+00	0.000e+00	0.000e+00
145089.50	0.000e+00	0.000e+00	0.000e+00
145090.50	0.000e+00	0.000e+00	0.000e+00
145091.50	0.000e+00	0.000e+00	0.000e+00
145092.50	0.000e+00	0.000e+00	0.000e+00
145093.50	0.000e+00	0.000e+00	0.000e+00
145094.50	0.000e+00	0.000e+00	0.000e+00
145095.50	0.000e+00	0.000e+00	0.000e+00
145096.50	0.000e+00	0.000e+00	0.000e+00
145097.50	0.000e+00	0.000e+00	0.000e+00
145098.50	0.000e+00	0.000e+00	0.000e+00
145099.50	0.000e+00	0.000e+00	0.000e+00
145100.50	0.000e+00	0.000e+00	0.000e+00
145101.50	0.000e+00	0.000e+00	0.000e+00
145102.50	0.000e+00	0.000e+00	0.000e+00
145103.50	0.000e+00	0.000e+00	0.000e+00
145104.50	0.000e+00	0.000e+00	0.000e+00
145105.50	0.000e+00	0.000e+00	0.000e+00
145106.50	0.000e+00	0.000e+00	0.000e+00
145107.50	0.000e+00	0.000e+00	0.000e+00
145108.50	0.000e+00	0.000e+00	0.000e+00
145109.50	0.000e+00	0.000e+00	0.000e+00
145110.50	0.000e+00	0.000e+00	0.000e+00
145111.50	0.000e+00	0.000e+00	0.000e+00
145112.50	0.000e+00	0.000e+00	0.000e+00
145113.50	0.000e+00	0.000e+00	0.000e+00
145114.50	0.000e+00	0.000e+00	0.000e+00
145115.50	0.000e+00	0.000e+00	0.000e+00
145116.50	0.000e+00	0.000e+00	0.000e+00
145117.50	0.000e+00	0.000e+00	0.000e+00
145118.50	0.000e+00	0.000e+00	0.000e+00
145119.50	0.000e+00	0.000e+00	0.000e+00
145120.50	0.000e+00	0.000e+00	0.000e+00
145121.50	0.000e+00	0.000e+00	0.000e+00
145122.50	0.000e+00	0.000e+00	0.000e+00
145123.50	0.000e+00	0.000e+00	0.000e+00
145124.50	0.000e+00	0.000e+00	0.000e+00
145125.50	0.000e+00	0.000e+00	0.000e+00
145126.50	0.000e+00	0.000e+00	0.000e+00
145127.50	0.000e+00	0.000e+00	0.000e+00
145128.50	0.000e+00	0.000e+00	0.000e+00
145129.50	0.000e+00	0.000e+00	0.000e+00
145130.50	0.000e+00	0.000e+00	0.000e+00
145131.50	0.000e+00	0.000e+00	0.000e+00
145132.50	0.000e+00	0.000e+00	0.000e+00
145133.50	0.000e+00	0.000e+00	0.000e+00
145134.50	0.000e+00	0.000e+00	0.000e+00
145135.50	0.000e+00	0.000e+00	0.000e+00
145136.50	0.000e+00	0.000e+00	0.000e+00
145137.50	0.000e+00	0.000e+00	0.000e+00
145138.50	0.000e+00	0.000e+00	0.000e+00
145139.50	0.000e+00	0.000e+00	0.000e+00
145140.50	0.000e+00	0.000e+00	0.000e+00
145141.50	0.000e+00	0.000e+00	0.000e+00
145142.50	0.000e+00	0.000e+00	0.000e+00
145143.50	0.000e+00	0.000e+00	0.000e+00
145144.50	0.000e+00	0.000e+00	0.000e+00
145145.50	0.000e+00	0.000e+00	0.000e+00
145146.50	0.000e+00	0.000e+00	0.000e+00
145147.50	0.000e+00	0.000e+00	0.000e+00
145148.50	0.000e+00	0.000e+00	0.000e+00
145149.50	0.000e+00	0.000e+00	0.000e+00
145150.50	0.000e+00	0.000e+00	0.000e+00
145151.50	0.000e+00	0.000e+00	0.000e+00
145152.50	0.000e+00	0.000e+00	0.000e+00
145153.50	0.000e+00	0.000e+00	0.000e+00
145154.50	0.000e+00	0.000e+00	0.000e+00
145155.50	0.000e+00	0.000e+00	0.000e+00
145156.50	0.000e+00	0.000e+00	0.000e+00
145157.50	0.000e+00	0.000e+00	0.000e+00
145158.50	0.000e+00	0.000e+00	0.000e+00
145159.50	0.000e+00	0.000e+00	0.000e+00
145160.50	0.000e+00	0.000e+00	0.000e+00
145161.50	0.000e+00	0.000e+00	0.000e+00
145162.50	0.000e+00	0.000e+00	0.000e+00
145163.50	0.000e+00	0.000e+00	0.000e+00
145164.50	0.000e+00	0.000e+00	0.000e+00
145165.50	0.000e+00	0.000e+00	0.000e+00
145166.50	0.000e+00	0.000e+00	0.000e+00
145167.50	0.000e+00	0.000e+00	0.000e+00
145168.50	0.000e+00	0.000e+00	0.000e+00
145169.50	0.000e+00	0.000e+00	0.000e+00
145170.50	0.000e+00	0.000e+00	0.000e+00
145171.50	0.000e+00	0.000e+00	0.000e+00
145172.50	0.000e+00	0.000e+00	0.000e+00
145173.50	0.000e+00	0.000e+00	0.000e+00
145174.50	0.000e+00	0.000e+00	0.000e+00
145175.50	0.000e+00	0.000e+00	0.000e+00
145176.50	0.000e+00	0.000e+00	0.000e+00
145177.50	0.000e+00	0.000e+00	0.000e+00
145178.50	0.000e+00	0.000e+00	0.000e+00
145179.50	0.000e+00	0.000e+00	0.000e+00
145180.50	0.000e+00	0.000e+00	0.000e+00
145181.50	0.000e+00	0.000e+00	0.000e+00
145182.50	0.000e+00	0.000e+00	0.000e+00
145183.50	0.000e+00	0.000e+00	0.000e+00
145184.50	0.000e+00	0.000e+00	0.000e+00
145185.50	0.000e+00	0.000e+00	0.000e+00
145186.50	0.000e+00	0.000e+00	0.000e+00
145187.50	0.000e+00	0.000e+00	0.000e+00
145188.50	0.000e+00	0.000e+00	0.000e+00
145189.50	0.000e+00	0.000e+00	0.000e+00
145190.50	0.000e+00	0.000e+00	0.000e+00
145191.50	0.000e+00	0.000e+00	0.000e+00
145192.50	0.000e+00	0.000e+00	0.000e+00
145193.50	0.000e+00	0.000e+00	0.000e+00
145194.50	0.000e+00	0.000e+00	0.000e+00
145195.50	0.000e+00	0.000e+00	0.000e+00
145196.50	0.000e+00	0.000e+00	0.000e+00
145197.50	0.000e+00	0.000e+00	0.000e+00
145198.50	0.000e+00	0.000e+00	0.000e+00
145199.50	0.000e+00	0.000e+00	0.000e+00
145200.50	0.000e+00	0.000e+00	0.000e+00
145201.50	0.000e+00	0.000e+00	0.000e+00
145202.50	0.000e+00	0.000e+00	0.000e+00
145203.50	0.000e+00	0.000e+00	0.000e+00
145204.50	0.000e+00	0.000e+00	0.000e+00
145205.50	0.000e+00	0.000e+00	0.000e+00
145206.50	0.000e+00	0.000e+00	0.000e+00
145207.50	0.000e+00	0.000e+00	0.000e+00
145208.50	0.000e+00	0.000e+00	0.000e+00
145209.50	0.000e+00	0.000e+00	0.000e+00
145210.50	0.000e+00	0.000e+00	0.000e+00
145211.50	0.000e+00	0.000e+00	0.000e+00
145212.50	0.000e+00	0.000e+00	0.000e+00
145213.50	1.104e-05	2.659e-05	4.714e-04
145214.50	4.704e-04	-2.525e-03	3.110e-02
145215.50	3.523e-04	1.709e-02	-6.163e-03
145216.50	-2.650e-03	-8.650e-02	-2.947e-02
145217.50	-3.130e-02	-1.037e+00	-3.773e-01
145218.50	-4.867e-02	-3.389e+00	2.122e+00
145219.50	-3.091e-01	-1.642e+01	6.134e+00
145220.50	-7.565e-01	-3.370e+01	6.154e+00
145221.50	-1.229e+00	-5.856e+01	1.699e+01
145222.50	-1.910e+00	-8.698e+01	2.198e+01
145223.50	-2.880e+00	-1.306e+02	3.494e+01
145224.50	-2.995e+00	-1.334e+02	3.571e+01
145225.50	-3.677e+00	-1.430e+02	1.661e+01
145226.50	-4.214e+00	-1.574e+02	1.296e+01
145227.50	-3.533e+00	-1.306e+02	1.334e+01
145228.50	-1.670e+00	-6.355e+01	1.152e+01
145229.50	-1.805e+00	-5.683e+01	-2.515e+00
145230.50	-9.888e-01	-2.544e+01	-5.827e+00
145231.50	1.200e-01	7.248e+00	6.778e-01
145232.50	2.717e-02	6.144e+00	-1.027e+00
145233.50	3.466e-01	2.275e+01	-1.027e+01
145234.50	9.984e-01	3.946e+01	-3.974e+00
145235.50	4.522e-01	3.014e+01	-1.670e+01
145236.50	1.114e+00	4.138e+01	-1.286e+00
145237.50	1.190e+00	5.059e+01	-1.248e+01
145238.50	8.563e-01	3.744e+01	-9.350e+00
145239.50	9.322e-01	4.166e+01	-1.066e+01
145240.50	1.123e+00	4.157e+01	-4.560e+00
145241.50	1.085e+00	4.022e+01	-4.282e+00
145242.50	9.110e-01	4.022e+01	-1.200e+01
145243.50	8.419e-01	3.264e+01	-5.213e+00
145244.50	7.238e-01	3.226e+01	-9.984e+00
145245.50	9.082e-01	3.187e+01	-2.064e+00
145246.50	6.461e-01	2.736e+01	-6.230e+00
145247.50	8.573e-01	3.072e+01	-2.256e+00
145248.50	8.362e-01	3.149e+01	-4.368e+00
145249.50	6.413e-01	2.342e+01	-2.026e+00
145250.50	4.742e-01	2.064e+01	-5.702e+00
145251.50	6.202e-01	2.122e+01	-2.611e-01
145252.50	6.192e-01	2.208e+01	-2.035e+00
145253.50	5.078e-01	1.978e+01	-2.880e+00
145254.50	5.050e-01	1.814e+01	-1.142e+00
145255.50	5.338e-01	1.872e+01	-9.792e-01
145256.50	4.368e-01	1.747e+01	-3.648e+00
145257.50	3.072e-01	1.229e+01	-2.093e+00
145258.50	3.830e-01	1.334e+01	-4.714e-01
145259.50	2.429e-01	1.315e+01	-5.856e+00
145260.50	3.187e-01	1.181e+01	-1.440e+00
145261.50	4.032e-01	1.334e+01	5.933e-01
145262.50	3.773e-01	1.248e+01	2.410e-01
145263.50	3.312e-01	1.162e+01	-4.954e-01
145264.50	3.014e-01	1.142e+01	-1.920e+00
145265.50	1.930e-01	8.093e+00	-1.843e+00
145266.50	2.112e-01	8.803e+00	-1.862e+00
145267.50	1.853e-01	7.267e+00	-1.229e+00
145268.50	1.613e-01	6.778e+00	-1.363e+00
145269.50	2.573e-01	8.534e+00	-4.848e-02
145270.50	2.246e-01	8.467e+00	-1.267e+00
145271.50	1.622e-01	6.422e+00	-8.285e-01
145272.50	1.594e-01	5.808e+00	-4.694e-01
145273.50	1.248e-01	5.453e+00	-1.546e+00
145274.50	2.016e-01	5.808e+00	1.334e+00
145275.50	1.872e-01	6.480e+00	-3.629e-01
145276.50	1.661e-01	5.626e+00	2.064e-01
145277.50	1.507e-01	5.741e+00	-7.795e-01
145278.50	1.114e-01	4.397e+00	-1.114e+00
145279.50	6.960e-02	3.418e+00	-1.037e+00
145280.50	1.373e-01	4.742e+00	1.459e-01
145281.50	1.027e-01	4.157e+00	-9.504e-01
145282.50	5.827e-02	2.525e+00	-8.131e-01
145283.50	1.584e-01	3.974e+00	1.738e+00
145284.50	9.552e-02	3.408e+00	-1.094e-01
145285.50	6.816e-02	2.707e+00	-2.918e-02
145286.50	9.523e-02	3.216e+00	-2.352e-01
145287.50	9.466e-02	3.754e+00	-1.085e+00
145288.50	4.877e-02	2.784e+00	-9.888e-01
145289.50	6.701e-02	2.784e+00	-4.656e-01
145290.50	6.355e-02	2.544e+00	-2.602e-01
145291.50	3.418e-02	1.286e+00	-1.603e-01
145292.50	8.813e-02	2.976e+00	-1.171e-01
145293.50	5.443e-02	1.094e+00	6.758e-01
145294.50	4.118e-02	1.978e+00	-4.646e-01
145295.50	9.888e-02	3.370e+00	-3.514e-01
145296.50	5.760e-02	2.160e+00	-1.027e-01
145297.50	7.277e-02	2.323e+00	2.093e-02
145298.50	4.147e-02	1.181e+00	3.763e-01
145299.50	6.864e-02	1.958e+00	4.752e-01
145300.50	1.843e-02	1.594e+00	-1.181e+00
145301.50	2.592e-02	1.459e+00	-6.758e-01
145302.50	1.354e-02	9.888e-01	-3.859e-01
145303.50	6.326e-02	1.709e+00	1.680e-02
145304.50	4.301e-02	2.112e+00	-5.664e-01
145305.50	2.304e-02	1.354e+00	-5.174e-01
145306.50	7.344e-02	1.805e+00	6.278e-01
145307.50	2.294e-02	8.842e-01	-1.104e-01
145308.50	1.142e-02	1.315e+00	-8.246e-01
145309.50	2.746e-02	7.133e-01	8.448e-02
145310.50	1.882e-02	1.142e+00	-5.309e-01
145311.50	7.133e-03	6.614e-01	-7.507e-01
145312.50	2.966e-02	9.149e-01	1.747e-01
145313.50	2.448e-02	1.190e+00	-5.002e-01
145314.50	1.286e-02	4.771e-01	1.008e-01
145315.50	4.109e-02	1.363e+00	2.842e-01
145316.50	3.274e-02	8.208e-01	3.667e-01
145317.50	1.248e-02	5.683e-01	-2.707e-01
145318.50	2.726e-02	1.181e+00	-3.034e-01
145319.50	3.110e-02	1.123e+00	3.773e-02
145320.50	1.786e-02	6.518e-01	-2.707e-01
145321.50	5.808e-03	5.213e-01	-5.770e-01
145322.50	-6.326e-03	1.738e-01	-4.368e-01
145323.50	5.827e-03	6.125e-02	2.294e-01
145324.50	4.310e-02	8.448e-01	6.720e-01
145325.50	2.342e-02	1.162e+00	-5.328e-01
145326.50	1.805e-02	1.987e-01	4.598e-01
145327.50	1.181e-02	4.205e-01	-2.054e-01
145328.50	3.821e-03	-3.168e-01	4.867e-01
145329.50	4.022e-02	6.797e-01	2.544e-01
145330.50	1.757e-02	7.219e-01	-4.810e-01
145331.50	1.075e-02	5.472e-01	-3.494e-02
145332.50	-5.654e-03	3.658e-01	-3.370e-01
145333.50	4.214e-02	5.482e-01	4.579e-01
145334.50	-9.888e-03	1.603e-01	-2.246e-01
145335.50	1.747e-02	6.250e-01	1.776e-01
145336.50	2.592e-02	6.614e-01	-3.245e-02
145337.50	-1.747e-03	1.296e-01	-2.496e-01
145338.50	-1.968e-02	1.440e-01	-3.504e-01
145339.50	-2.112e-02	-2.266e-01	-4.579e-01
145340.50	4.234e-02	1.162e+00	4.330e-02
145341.50	2.323e-02	8.525e-01	-2.774e-01
145342.50	2.947e-03	4.070e-01	-1.603e-01
145343.50	-1.008e-02	-1.450e-02	3.322e-01
145344.50	-6.077e-04	1.094e-01	5.232e-02
145345.50	-1.939e-02	-6.298e-02	-5.779e-01
145346.50	5.597e-03	9.792e-02	4.531e-02
145347.50	1.603e-02	2.707e-01	4.224e-01
145348.50	2.285e-02	1.104e+00	-3.101e-01
145349.50	2.477e-02	7.517e-01	-3.715e-01
145350.50	1.757e-03	3.552e-01	-1.824e-01
145351.50	1.459e-02	2.554e-01	3.024e-01
145352.50	1.075e-02	-1.594e-01	4.454e-01
145353.50	-2.554e-02	-1.891e-01	-3.552e-01
145354.50	9.590e-03	3.850e-01	-5.472e-02
145355.50	2.563e-03	1.786e-01	-3.744e-01
145356.50	-2.333e-02	-3.802e-01	-4.723e-01
145357.50	-2.496e-03	3.120e-01	-3.869e-01
145358.50	2.112e-03	2.381e-01	1.392e-01
145359.50	-1.536e-03	4.310e-02	2.198e-02
145360.50	1.459e-02	2.563e-01	2.890e-01
145361.50	1.210e-02	8.995e-02	3.840e-01
145362.50	-2.064e-03	5.904e-02	-3.533e-01
145363.50	1.315e-02	2.861e-01	3.667e-01
145364.50	8.717e-03	3.130e-01	1.344e-01
145365.50	1.786e-02	5.539e-01	-5.933e-02
145366.50	3.091e-04	7.891e-02	-2.496e-01
145367.50	-1.440e-02	-2.198e-01	-2.909e-01
145368.50	1.066e-02	1.786e-01	-5.482e-03
145369.50	-1.190e-02	-3.437e-01	-6.192e-02
145370.50	4.320e-03	1.824e-01	-1.267e-01
145371.50	1.603e-03	1.776e-01	-1.373e-02
145372.50	3.254e-03	1.622e-01	9.014e-02
145373.50	1.152e-02	2.458e-01	1.843e-01
145374.50	7.018e-03	3.763e-01	-1.344e-01
145375.50	-6.413e-04	6.989e-02	-1.152e-01
145376.50	2.112e-03	-6.586e-02	7.834e-02
145377.50	-4.858e-03	-1.450e-02	8.294e-02
145378.50	3.226e-03	-3.994e-02	1.373e-01
145379.50	3.475e-02	5.702e-01	-2.189e-01
145380.50	1.555e-02	2.294e-01	3.850e-01
145381.50	1.670e-02	1.680e-01	2.621e-01
145382.50	9.437e-03	7.354e-02	-1.622e-01
145383.50	-2.266e-03	5.232e-02	-1.459e-01
145384.50	-4.550e-03	6.422e-02	-1.200e-01
145385.50	-1.248e-02	1.440e-02	-2.592e-01
145386.50	-3.821e-03	-1.882e-03	-8.822e-02
145387.50	9.600e-03	1.910e-01	8.736e-02
145388.50	-1.728e-02	-3.014e-01	2.400e-01
145389.50	1.718e-02	3.254e-01	7.709e-02
145390.50	3.907e-03	3.264e-02	2.054e-01
145391.50	1.402e-02	1.997e-01	3.331e-01
145392.50	-9.792e-04	3.235e-02	-6.989e-02
145393.50	7.258e-03	3.763e-01	-1.229e-01
145394.50	3.994e-03	1.440e-02	9.792e-02
145395.50	-4.042e-03	4.406e-02	-3.869e-02
145396.50	-7.603e-03	-9.888e-02	-5.078e-02
145397.50	-1.478e-02	-2.285e-01	-1.219e-01
145398.50	8.506e-03	1.354e-01	2.275e-01
145399.50	-1.978e-02	-1.910e-01	-2.803e-01
145400.50	-1.411e-02	-7.286e-02	3.082e-02
145401.50	1.037e-02	1.344e-01	2.179e-01
145402.50	-1.459e-02	-3.168e-01	-1.574e-01
145403.50	-2.179e-03	8.938e-02	-1.507e-01
145404.50	1.661e-02	3.638e-01	9.792e-02
145405.50	1.354e-02	2.726e-01	2.093e-01
145406.50	1.258e-03	1.037e-02	1.267e-02
145407.50	-1.066e-02	-1.315e-01	-2.179e-01
145408.50	-3.792e-03	7.440e-03	-1.728e-01
145409.50	-3.418e-03	-1.814e-02	-8.611e-02
145410.50	-7.085e-04	-3.907e-02	-3.139e-02
145411.50	-7.373e-03	-1.603e-01	-1.181e-01
145412.50	2.131e-03	-8.054e-02	2.342e-01
145413.50	-8.352e-04	1.622e-02	-1.517e-01
145414.50	8.477e-03	1.517e-01	4.733e-02
145415.50	3.331e-03	-8.352e-02	3.792e-01
145416.50	-3.610e-03	1.584e-01	-1.229e-01
145417.50	-1.382e-03	1.219e-01	-1.795e-01
145418.50	1.574e-03	3.398e-02	-2.899e-01
145419.50	3.734e-03	-1.440e-01	2.419e-01
145420.50	2.515e-03	1.776e-01	2.669e-02
145421.50	4.570e-03	1.440e-01	-8.554e-04
145422.50	8.746e-03	5.606e-02	1.517e-01
145423.50	-1.968e-03	1.901e-02	3.859e-04
145424.50	-1.450e-02	-3.197e-01	-1.709e-02
145425.50	1.862e-02	4.685e-01	-7.862e-02
145426.50	9.024e-03	1.776e-01	1.229e-01
145427.50	-5.165e-03	-1.037e-01	9.792e-02
145428.50	-1.498e-02	-1.651e-01	-2.957e-01
145429.50	-4.512e-03	3.600e-03	-1.478e-01
145430.50	-3.821e-03	-9.062e-02	9.331e-03
145431.50	1.200e-03	8.784e-03	5.424e-04
145432.50	4.397e-03	2.189e-01	6.653e-02
145433.50	-5.875e-03	-1.229e-01	-2.467e-02
145434.50	7.661e-03	1.085e-01	-2.275e-02
145435.50	2.621e-03	1.507e-04	-1.190e-02
145436.50	-6.259e-03	3.610e-02	-2.218e-01
145437.50	-1.930e-03	2.995e-02	1.306e-02
145438.50	1.699e-02	2.294e-01	1.930e-01
145439.50	2.534e-03	4.301e-02	-5.674e-02
145440.50	-8.659e-03	4.656e-03	-2.458e-01
145441.50	-4.157e-03	7.766e-02	-1.507e-01
145442.50	-5.126e-03	-5.846e-02	-1.632e-01
145443.50	6.643e-03	1.037e-01	3.187e-01
145444.50	4.819e-03	1.440e-01	1.584e-01
145445.50	-1.613e-03	1.421e-01	-1.382e-01
145446.50	-2.698e-04	-1.018e-01	1.536e-02
145447.50	6.883e-03	-6.605e-02	3.206e-01
145448.50	7.421e-03	1.219e-01	-1.488e-03
145449.50	4.406e-03	1.354e-01	1.498e-02
145450.50	-3.590e-03	-2.131e-01	1.094e-01
145451.50	-5.587e-03	-1.421e-02	-9.600e-02
145452.50	-3.754e-03	4.550e-02	-2.957e-01
145453.50	8.333e-03	6.691e-02	1.325e-01
145454.50	3.811e-03	2.054e-01	-1.027e-01
145455.50	5.635e-03	7.267e-02	1.344e-01
145456.50	5.933e-03	-1.104e-01	1.498e-01
145457.50	9.600e-03	1.498e-01	1.190e-01
145458.50	-1.450e-02	-2.582e-01	-1.872e-01
145459.50	5.366e-03	-2.438e-02	2.275e-01
145460.50	3.350e-03	8.602e-02	1.978e-02
145461.50	-5.328e-03	1.008e-02	-1.574e-01
145462.50	-7.843e-04	1.555e-01	-2.064e-01
145463.50	-1.334e-02	-2.515e-01	-1.478e-01
145464.50	3.245e-04	-4.627e-02	1.066e-01
145465.50	7.786e-03	9.984e-02	9.062e-02
145466.50	3.350e-03	6.528e-02	9.533e-02
145467.50	-6.614e-03	-1.651e-01	-5.002e-02
145468.50	-7.382e-03	-2.218e-01	5.318e-04
145469.50	4.291e-03	9.254e-02	6.691e-02
145470.50	-8.371e-03	-1.286e-02	-9.110e-02
145471.50	-5.568e-03	-4.858e-02	-5.280e-02
145472.50	-4.051e-03	1.075e-01	-1.603e-01
145473.50	-1.238e-03	3.072e-02	1.642e-02
145474.50	1.085e-02	1.795e-01	7.238e-02
145475.50	7.190e-03	1.152e-01	-9.888e-02
145476.50	4.733e-03	7.613e-02	-7.987e-02
145477.50	-6.058e-04	-1.853e-01	1.987e-01
145478.50	3.869e-03	4.915e-02	1.325e-01
145479.50	-1.315e-03	-1.469e-03	-1.142e-01
145480.50	6.230e-03	-2.112e-02	1.315e-01
145481.50	-1.555e-02	-9.408e-02	-2.112e-01
145482.50	-7.824e-04	9.168e-02	-1.171e-01
145483.50	2.870e-03	-4.570e-02	2.640e-01
145484.50	5.616e-03	1.114e-01	7.114e-02
145485.50	6.854e-03	1.795e-01	-5.194e-02
145486.50	-2.131e-02	-2.707e-01	-2.294e-01
145487.50	-8.554e-03	-1.018e-01	-2.294e-02
145488.50	2.534e-03	1.277e-01	2.995e-02
145489.50	2.621e-03	7.267e-02	-9.600e-02
145490.50	8.381e-03	1.286e-01	1.392e-01
145491.50	-1.920e-03	-1.267e-01	1.200e-01
145492.50	6.067e-03	1.747e-01	-4.925e-02
145493.50	-6.998e-03	-3.427e-02	-8.496e-02
145494.50	2.573e-03	-3.082e-02	-2.189e-01
145495.50	1.603e-03	4.550e-02	-4.982e-02
145496.50	-6.077e-03	-1.949e-02	-6.413e-02
145497.50	1.296e-02	2.189e-01	7.421e-02
145498.50	-4.205e-03	-5.510e-02	6.298e-02
145499.50	-6.240e-03	-6.346e-02	4.214e-02
145500.50	-4.666e-03	2.141e-02	-9.984e-02
145501.50	-9.466e-03	-5.146e-02	1.238e-01
145502.50	8.640e-03	7.680e-02	-1.699e-01
145503.50	-7.805e-03	2.890e-02	1.709e-02
145504.50	5.770e-03	1.536e-03	-9.542e-02
145505.50	7.037e-03	4.704e-04	6.691e-02
145506.50	9.696e-04	8.410e-03	8.026e-02
145507.50	-2.189e-02	-2.496e-01	-1.325e-01
145508.50	-1.747e-03	-3.686e-02	2.198e-02
145509.50	3.571e-03	-5.376e-02	3.341e-02
145510.50	3.514e-03	-1.104e-02	-8.755e-02
145511.50	1.142e-02	4.397e-02	4.061e-02
145512.50	4.867e-02	8.650e-02	1.104e-01
145513.50	-1.632e-02	-1.728e-01	-1.027e-01
145514.50	1.958e-02	2.678e-01	-2.054e-01
145515.50	3.149e-04	2.794e-02	-2.390e-02
145516.50	-7.958e-04	-6.605e-02	5.338e-03
145517.50	-1.200e-02	2.890e-02	1.834e-01
145518.50	-1.286e-03	7.354e-03	9.984e-02
145519.50	1.258e-02	-1.709e-03	1.018e-01
145520.50	-5.357e-03	-9.437e-02	-4.675e-02
145521.50	6.394e-03	1.315e-01	-1.248e-01
145522.50	4.550e-03	5.434e-02	-1.354e-01
145523.50	3.514e-03	4.013e-02	-6.259e-03
145524.50	-2.544e-03	2.650e-02	-7.200e-02
145525.50	-3.082e-03	-8.938e-02	-7.546e-02
145526.50	5.952e-02	2.419e-01	8.717e-02
145527.50	-8.736e-04	-3.082e-02	9.696e-04
145528.50	-1.958e-02	-1.363e-01	-1.238e-01
145529.50	-5.606e-02	-7.229e-02	1.661e-01
145530.50	-1.622e-03	-3.350e-02	7.574e-02
145531.50	1.910e-03	1.018e-03	2.438e-03
145532.50	-4.982e-03	4.128e-02	-9.696e-02
145533.50	7.219e-04	-2.179e-02	-1.421e-01
145534.50	1.325e-02	-4.829e-02	1.133e-01
145535.50	-8.957e-03	-1.133e-01	-3.322e-03
145536.50	-6.307e-04	-4.992e-02	2.400e-02
145537.50	4.781e-05	-6.451e-02	7.373e-02
145538.50	6.336e-03	1.190e-01	9.187e-02
145539.50	6.115e-04	2.448e-02	-4.618e-02
145540.50	-2.122e-03	3.456e-02	-3.101e-03
145541.50	7.440e-03	1.325e-01	3.994e-02
145542.50	1.488e-05	-3.437e-02	4.570e-03
145543.50	-1.718e-02	-5.011e-02	4.579e-02
145544.50	-2.880e-03	9.139e-02	4.560e-03
145545.50	-1.958e-03	2.630e-02	-4.771e-02
145546.50	-1.574e-03	1.238e-02	3.494e-02
145547.50	-8.400e-05	-1.594e-02	3.686e-03
145548.50	-3.552e-03	1.546e-02	-5.606e-02
145549.50	-5.722e-04	8.554e-03	-3.667e-02
145550.50	1.930e-03	-1.450e-02	1.027e-02
145551.50	2.966e-04	1.574e-02	4.253e-02
145552.50	-1.536e-03	4.387e-02	8.179e-02
145553.50	1.402e-03	1.296e-02	-1.046e-02
145554.50	7.248e-03	-1.334e-02	1.373e-01
145555.50	-3.533e-03	-2.554e-02	-3.744e-02
145556.50	-5.011e-03	-1.392e-01	-7.344e-02
145557.50	-6.154e-03	2.774e-02	-1.411e-01
145558.50	2.026e-03	-2.112e-02	1.114e-02
145559.50	6.202e-03	9.696e-02	5.818e-02
145560.50	-8.986e-04	-9.888e-02	1.747e-02
145561.50	-4.310e-03	7.344e-02	-1.776e-01
145562.50	-1.037e-03	2.851e-03	4.186e-02
145563.50	-3.840e-03	-9.053e-03	-8.362e-02
145564.50	7.872e-03	1.421e-01	1.507e-02
145565.50	-2.784e-03	-1.171e-01	-4.253e-02
145566.50	-4.886e-03	2.102e-02	-2.774e-02
145567.50	-9.984e-03	-3.398e-04	-1.190e-02
145568.50	1.430e-03	8.218e-02	2.986e-02
145569.50	9.274e-04	4.944e-02	1.526e-02
145570.50	-7.834e-03	-2.141e-01	-1.258e-02
145571.50	4.982e-04	-4.742e-02	3.187e-03
145572.50	4.906e-03	1.056e-01	-3.312e-02
145573.50	9.984e-03	1.805e-01	-8.698e-03
145574.50	1.008e-02	1.219e-01	9.494e-02
145575.50	1.718e-02	2.093e-01	-2.208e-02
145576.50	-6.470e-03	-2.640e-01	9.696e-02
145577.50	-7.046e-03	-1.238e-01	1.853e-02
145578.50	-4.915e-03	-8.707e-02	-5.645e-02
145579.50	-3.446e-04	2.486e-02	-4.579e-02
145580.50	-3.283e-03	-1.008e-01	-8.400e-02
145581.50	1.690e-03	6.941e-02	2.083e-02
145582.50	-6.182e-03	8.304e-03	1.402e-01
145583.50	4.003e-03	1.728e-02	-3.446e-03
145584.50	7.354e-03	1.632e-02	1.056e-01
145585.50	3.101e-03	2.218e-02	-2.928e-02
145586.50	-1.699e-02	-1.853e-01	-1.536e-02
145587.50	-3.782e-03	2.582e-02	-3.667e-02
145588.50	2.525e-03	6.470e-03	5.040e-02
145589.50	-1.680e-03	-3.514e-02	4.339e-02
145590.50	-2.266e-05	-5.952e-02	-3.389e-04
145591.50	-3.178e-03	-2.803e-02	-3.398e-02
145592.50	6.442e-03	1.421e-01	8.064e-02
145593.50	-5.136e-03	6.912e-02	-5.059e-02
145594.50	-9.293e-03	-1.075e-01	-1.085e-01
145595.50	1.680e-04	-4.032e-03	9.696e-03
145596.50	4.387e-03	1.200e-01	1.622e-02
145597.50	-4.627e-03	-3.658e-02	-4.906e-02
145598.50	-5.098e-03	-1.200e-01	-2.966e-02
145599.50	-6.221e-04	1.238e-01	-5.750e-02
145600.50	2.582e-03	4.109e-03	-1.699e-02
145601.50	4.195e-03	7.498e-02	-2.621e-02
