145003.50	0.000e+00	0.000e+00	0.000e+00
145004.50	0.000e+00	0.000e+00	0.000e+00
145005.50	0.000e+00	0.000e+00	0.000e+00
145006.50	0.000e+00	0.000e+00	0.000e+00
145007.50	0.000e+00	0.000e+00	0.000e+00
145008.50	0.000e+00	0.000e+00	0.000e+00
145009.50	0.000e+00	0.000e+00	0.000e+00
145010.50	0.000e+00	0.000e+00	0.000e+00
145011.50	0.000e+00	0.000e+00	0.000e+00
145012.50	0.000e+00	0.000e+00	0.000e+00
145013.50	0.000e+00	0.000e+00	0.000e+00
145014.50	0.000e+00	0.000e+00	0.000e+00
145015.50	0.000e+00	0.000e+00	0.000e+00
145016.50	0.000e+00	0.000e+00	0.000e+00
145017.50	0.000e+00	0.000e+00	0.000e+00
145018.50	0.000e+00	0.000e+00	0.000e+00
145019.50	0.000e+00	0.000e+00	0.000e+00
145020.50	0.000e+00	0.000e+00	0.000e+00
145021.50	0.000e+00	0.000e+00	0.000e+00
145022.50	0.000e+00	0.000e+00	0.000e+00
145023.50	0.000e+00	0.000e+00	0.000e+00
145024.50	0.000e+00	0.000e+00	0.000e+00
145025.50	0.000e+00	0.000e+00	0.000e+00
145026.50	0.000e+00	0.000e+00	0.000e+00
145027.50	0.000e+00	0.000e+00	0.000e+00
145028.50	0.000e+00	0.000e+00	0.000e+00
145029.50	0.000e+00	0.000e+00	0.000e+00
145030.50	0.000e+00	0.000e+00	0.000e+00
145031.50	0.000e+00	0.000e+00	0.000e+00
145032.50	0.000e+00	0.000e+00	0.000e+00
145033.50	0.000e+00	0.000e+00	0.000e+00
145034.50	0.000e+00	0.000e+00	0.000e+00
145035.50	0.000e+00	0.000e+00	0.000e+00
145036.50	0.000e+00	0.000e+00	0.000e+00
145037.50	0.000e+00	0.000e+00	0.000e+00
145038.50	0.000e+00	0.000e+00	0.000e+00
145039.50	0.000e+00	0.000e+00	0.000e+00
145040.50	0.000e+00	0.000e+00	0.000e+00
145041.50	0.000e+00	0.000e+00	0.000e+00
145042.50	0.000e+00	0.000e+00	0.000e+00
145043.50	0.000e+00	0.000e+00	0.000e+00
145044.50	0.000e+00	0.000e+00	0.000e+00
145045.50	0.000e+00	0.000e+00	0.000e+00
145046.50	0.000e+00	0.000e+00	0.000e+00
145047.50	0.000e+00	0.000e+00	0.000e+00
145048.50	0.000e+00	0.000e+00	0.000e+00
145049.50	0.000e+00	0.000e+00	0.000e+00
145050.50	0.000e+00	0.000e+00	0.000e+00
145051.50	0.000e+00	0.000e+00	0.000e+00
145052.50	0.000e+00	0.000e+00	0.000e+00
145053.50	0.000e+00	0.000e+00	0.000e+00
145054.50	0.000e+00	0.000e+00	0.000e+00
145055.50	0.000e+00	0.000e+00	0.000e+00
145056.50	0.000e+00	0.000e+00	0.000e+00
145057.50	0.000e+00	0.000e+00	0.000e+00
145058.50	0.000e+00	0.000e+00	0.000e+00
145059.50	0.000e+00	0.000e+00	0.000e+00
145060.50	0.000e+00	0.000e+00	0.000e+00
145061.50	0.000e+00	0.000e+00	0.000e+00
145062.50	0.000e+00	0.000e+00	0.000e+00
145063.50	0.000e+00	0.000e+00	0.000e+00
145064.50	0.000e+00	0.000e+00	0.000e+00
145065.50	0.000e+00	0.000e+00	0.000e+00
145066.50	0.000e+00	0.000e+00	0.000e+00
145067.50	0.000e+00	0.000e+00	0.000e+00
145068.50	0.000e+00	0.000e+00	0.000e+00
145069.50	0.000e+00	0.000e+00	0.000e+00
145070.50	0.000e+00	0.000e+00	0.000e+00
145071.50	0.000e+00	0.000e+00	0.000e+00
145072.50	0.000e+00	0.000e+00	0.000e+00
145073.50	0.000e+00	0.000e+00	0.000e+00
145074.50	0.000e+00	0.000e+00	0.000e+00
145075.50	0.000e+00	0.000e+00	0.000e+00
145076.50	0.000e+00	0.000e+00	0.000e+00
145077.50	0.000e+00	0.000e+00	0.000e+00
145078.50	0.000e+00	0.000e+00	0.000e+00
145079.50	0.000e+00	0.000e+00	0.000e+00
145080.50	0.000e+00	0.000e+00	0.000e+00
145081.50	0.000e+00	0.000e+00	0.000e+00
145082.50	0.000e+00	0.000e+00	0.000e+00
145083.50	0.000e+00	0.000e+00	0.000e+00
145084.50	0.000e+00	0.000e+00	0.000e+00
145085.50	0.000e+00	0.000e+00	0.000e+00
145086.50	0.000e+00	0.000e+00	0.000e+00
145087.50	0.000e+00	0.000e+00	0.000e+00
145088.50	0.000e+00	0.000e+00	0.000e+00
145089.50	0.000e+00	0.000e+00	0.000e+00
145090.50	0.000e+00	0.000e+00	0.000e+00
145091.50	0.000e+00	0.000e+00	0.000e+00
145092.50	0.000e+00	0.000e+00	0.000e+00
145093.50	0.000e+00	0.000e+00	0.000e+00
145094.50	0.000e+00	0.000e+00	0.000e+00
145095.50	0.000e+00	0.000e+00	0.000e+00
145096.50	0.000e+00	0.000e+00	0.000e+00
145097.50	0.000e+00	0.000e+00	0.000e+00
145098.50	0.000e+00	0.000e+00	0.000e+00
145099.50	0.000e+00	0.000e+00	0.000e+00
145100.50	0.000e+00	0.000e+00	0.000e+00
145101.50	0.000e+00	0.000e+00	0.000e+00
145102.50	0.000e+00	0.000e+00	0.000e+00
145103.50	0.000e+00	0.000e+00	0.000e+00
145104.50	0.000e+00	0.000e+00	0.000e+00
145105.50	0.000e+00	0.000e+00	0.000e+00
145106.50	0.000e+00	0.000e+00	0.000e+00
145107.50	0.000e+00	0.000e+00	0.000e+00
145108.50	0.000e+00	0.000e+00	0.000e+00
145109.50	0.000e+00	0.000e+00	0.000e+00
145110.50	0.000e+00	0.000e+00	0.000e+00
145111.50	0.000e+00	0.000e+00	0.000e+00
145112.50	0.000e+00	0.000e+00	0.000e+00
145113.50	0.000e+00	0.000e+00	0.000e+00
145114.50	0.000e+00	0.000e+00	0.000e+00
145115.50	0.000e+00	0.000e+00	0.000e+00
145116.50	0.000e+00	0.000e+00	0.000e+00
145117.50	0.000e+00	0.000e+00	0.000e+00
145118.50	0.000e+00	0.000e+00	0.000e+00
145119.50	0.000e+00	0.000e+00	0.000e+00
145120.50	0.000e+00	0.000e+00	0.000e+00
145121.50	0.000e+00	0.000e+00	0.000e+00
145122.50	0.000e+00	0.000e+00	0.000e+00
145123.50	0.000e+00	0.000e+00	0.000e+00
145124.50	0.000e+00	0.000e+00	0.000e+00
145125.50	0.000e+00	0.000e+00	0.000e+00
145126.50	0.000e+00	0.000e+00	0.000e+00
145127.50	0.000e+00	0.000e+00	0.000e+00
145128.50	0.000e+00	0.000e+00	0.000e+00
145129.50	0.000e+00	0.000e+00	0.000e+00
145130.50	0.000e+00	0.000e+00	0.000e+00
145131.50	0.000e+00	0.000e+00	0.000e+00
145132.50	0.000e+00	0.000e+00	0.000e+00
145133.50	0.000e+00	0.000e+00	0.000e+00
145134.50	0.000e+00	0.000e+00	0.000e+00
145135.50	0.000e+00	0.000e+00	0.000e+00
145136.50	0.000e+00	0.000e+00	0.000e+00
145137.50	0.000e+00	0.000e+00	0.000e+00
145138.50	0.000e+00	0.000e+00	0.000e+00
145139.50	0.000e+00	0.000e+00	0.000e+00
145140.50	0.000e+00	0.000e+00	0.000e+00
145141.50	0.000e+00	0.000e+00	0.000e+00
145142.50	0.000e+00	0.000e+00	0.000e+00
145143.50	0.000e+00	0.000e+00	0.000e+00
145144.50	0.000e+00	0.000e+00	0.000e+00
145145.50	0.000e+00	0.000e+00	0.000e+00
145146.50	0.000e+00	0.000e+00	0.000e+00
145147.50	0.000e+00	0.000e+00	0.000e+00
145148.50	0.000e+00	0.000e+00	0.000e+00
145149.50	0.000e+00	0.000e+00	0.000e+00
145150.50	0.000e+00	0.000e+00	0.000e+00
145151.50	0.000e+00	0.000e+00	0.000e+00
145152.50	0.000e+00	0.000e+00	0.000e+00
145153.50	0.000e+00	0.000e+00	0.000e+00
145154.50	0.000e+00	0.000e+00	0.000e+00
145155.50	0.000e+00	0.000e+00	0.000e+00
145156.50	0.000e+00	0.000e+00	0.000e+00
145157.50	0.000e+00	0.000e+00	0.000e+00
145158.50	0.000e+00	0.000e+00	0.000e+00
145159.50	0.000e+00	0.000e+00	0.000e+00
145160.50	0.000e+00	0.000e+00	0.000e+00
145161.50	0.000e+00	0.000e+00	0.000e+00
145162.50	0.000e+00	0.000e+00	0.000e+00
145163.50	0.000e+00	0.000e+00	0.000e+00
145164.50	0.000e+00	0.000e+00	0.000e+00
145165.50	0.000e+00	0.000e+00	0.000e+00
145166.50	0.000e+00	0.000e+00	0.000e+00
145167.50	0.000e+00	0.000e+00	0.000e+00
145168.50	0.000e+00	0.000e+00	0.000e+00
145169.50	0.000e+00	0.000e+00	0.000e+00
145170.50	0.000e+00	0.000e+00	0.000e+00
145171.50	0.000e+00	0.000e+00	0.000e+00
145172.50	0.000e+00	0.000e+00	0.000e+00
145173.50	0.000e+00	0.000e+00	0.000e+00
145174.50	0.000e+00	0.000e+00	0.000e+00
145175.50	0.000e+00	0.000e+00	0.000e+00
145176.50	0.000e+00	0.000e+00	0.000e+00
145177.50	0.000e+00	0.000e+00	0.000e+00
145178.50	0.000e+00	0.000e+00	0.000e+00
145179.50	0.000e+00	0.000e+00	0.000e+00
145180.50	0.000e+00	0.000e+00	0.000e+00
145181.50	0.000e+00	0.000e+00	0.000e+00
145182.50	0.000e+00	0.000e+00	0.000e+00
145183.50	0.000e+00	0.000e+00	0.000e+00
145184.50	0.000e+00	0.000e+00	0.000e+00
145185.50	0.000e+00	0.000e+00	0.000e+00
145186.50	0.000e+00	0.000e+00	0.000e+00
145187.50	0.000e+00	0.000e+00	0.000e+00
145188.50	0.000e+00	0.000e+00	0.000e+00
145189.50	0.000e+00	0.000e+00	0.000e+00
145190.50	0.000e+00	0.000e+00	0.000e+00
145191.50	0.000e+00	0.000e+00	0.000e+00
145192.50	0.000e+00	0.000e+00	0.000e+00
145193.50	0.000e+00	0.000e+00	0.000e+00
145194.50	0.000e+00	0.000e+00	0.000e+00
145195.50	0.000e+00	0.000e+00	0.000e+00
145196.50	0.000e+00	0.000e+00	0.000e+00
145197.50	0.000e+00	0.000e+00	0.000e+00
145198.50	0.000e+00	0.000e+00	0.000e+00
145199.50	0.000e+00	0.000e+00	0.000e+00
145200.50	0.000e+00	0.000e+00	0.000e+00
145201.50	0.000e+00	0.000e+00	0.000e+00
145202.50	0.000e+00	0.000e+00	0.000e+00
145203.50	0.000e+00	0.000e+00	0.000e+00
145204.50	0.000e+00	0.000e+00	0.000e+00
145205.50	0.000e+00	0.000e+00	0.000e+00
145206.50	0.000e+00	0.000e+00	0.000e+00
145207.50	0.000e+00	0.000e+00	0.000e+00
145208.50	0.000e+00	0.000e+00	0.000e+00
145209.50	0.000e+00	0.000e+00	0.000e+00
145210.50	0.000e+00	0.000e+00	0.000e+00
145211.50	0.000e+00	0.000e+00	0.000e+00
145212.50	0.000e+00	0.000e+00	0.000e+00
145213.50	0.000e+00	0.000e+00	0.000e+00
145214.50	4.022e-05	7.382e-03	1.354e-02
145215.50	-1.181e-03	1.267e-02	-5.434e-02
145216.50	1.344e-03	-1.920e-02	5.702e-02
145217.50	-7.008e-03	-2.150e-01	-7.824e-01
145218.50	1.526e-01	-7.114e+00	-1.469e+00
145219.50	5.894e-01	-2.141e+01	2.957e+00
145220.50	1.190e+00	-4.426e+01	2.746e+00
145221.50	2.198e+00	-8.170e+01	2.726e+00
145222.50	3.360e+00	-1.142e+02	1.555e+01
145223.50	5.117e+00	-1.738e+02	1.776e+01
145224.50	6.029e+00	-1.910e+02	3.494e+01
145225.50	6.010e+00	-1.930e+02	2.256e+01
145226.50	5.462e+00	-1.738e+02	1.603e+01
145227.50	5.520e+00	-1.709e+02	1.632e+01
145228.50	3.600e+00	-1.008e+02	1.766e+01
145229.50	2.458e+00	-6.038e+01	1.747e+01
145230.50	1.373e+00	-3.446e+01	9.158e-01
145231.50	1.805e-01	-2.938e+00	-1.104e+01
145232.50	-1.661e-01	2.294e+01	9.696e+00
145233.50	-8.755e-01	3.590e+01	-3.811e+00
145234.50	-1.392e+00	5.059e+01	-5.808e+00
145235.50	-1.402e+00	5.002e+01	-5.146e+00
145236.50	-1.661e+00	5.558e+01	-7.306e+00
145237.50	-1.882e+00	5.616e+01	-1.574e+01
145238.50	-1.670e+00	5.280e+01	-9.696e+00
145239.50	-1.757e+00	5.942e+01	-3.226e+00
145240.50	-1.747e+00	5.779e+01	-4.790e+00
145241.50	-1.670e+00	5.021e+01	-9.312e+00
145242.50	-1.421e+00	4.637e+01	-4.051e+00
145243.50	-1.622e+00	5.280e+01	-2.784e+00
145244.50	-1.392e+00	3.946e+01	-1.037e+01
145245.50	-1.334e+00	4.070e+01	-6.173e+00
145246.50	-1.219e+00	3.888e+01	-2.909e+00
145247.50	-1.200e+00	3.686e+01	-4.608e+00
145248.50	-9.005e-01	3.014e+01	-7.258e-01
145249.50	-1.085e+00	3.408e+01	-2.611e+00
145250.50	-9.398e-01	2.774e+01	-4.848e+00
145251.50	-1.066e+00	2.938e+01	-7.651e+00
145252.50	-9.792e-01	2.957e+01	-3.619e+00
145253.50	-8.486e-01	2.352e+01	-5.731e+00
145254.50	-7.171e-01	2.438e+01	5.990e-01
145255.50	-7.075e-01	2.093e+01	-2.918e+00
145256.50	-6.144e-01	1.930e+01	-2.122e+00
145257.50	-6.509e-01	1.987e+01	-1.872e+00
145258.50	-5.616e-01	1.661e+01	-2.573e+00
145259.50	-4.675e-01	1.469e+01	-8.477e-01
145260.50	-6.624e-01	1.997e+01	-1.757e+00
145261.50	-5.184e-01	1.565e+01	-1.210e+00
145262.50	-3.581e-01	1.267e+01	6.701e-01
145263.50	-4.781e-01	1.430e+01	-1.805e+00
145264.50	-4.272e-01	1.248e+01	-1.709e+00
145265.50	-3.629e-01	1.181e+01	-6.125e-01
145266.50	-4.646e-01	1.267e+01	-2.861e+00
145267.50	-3.235e-01	1.018e+01	-4.992e-01
145268.50	-2.995e-01	9.389e+00	-6.874e-01
145269.50	-3.370e-01	9.696e+00	-1.651e+00
145270.50	-3.053e-01	9.475e+00	-1.430e-01
145271.50	-2.813e-01	9.072e+00	-4.157e-01
145272.50	-2.832e-01	8.582e+00	-6.269e-01
145273.50	-2.093e-01	7.354e+00	8.784e-01
145274.50	-2.189e-01	6.528e+00	-4.790e-01
145275.50	-3.139e-01	7.786e+00	-2.717e+00
145276.50	-2.573e-01	7.181e+00	-1.162e+00
145277.50	-1.987e-01	6.490e+00	-1.555e-01
145278.50	-2.198e-01	6.250e+00	-8.342e-01
145279.50	-1.632e-01	5.021e+00	-6.864e-01
145280.50	-2.275e-01	6.384e+00	-1.152e+00
145281.50	-1.594e-01	4.848e+00	-3.446e-01
145282.50	-1.296e-01	4.176e+00	7.574e-02
145283.50	-1.411e-01	5.261e+00	9.014e-01
145284.50	-1.430e-01	3.763e+00	-1.517e+00
145285.50	-1.968e-01	5.318e+00	-1.603e+00
145286.50	-1.536e-01	4.378e+00	-1.949e-01
145287.50	-1.258e-01	3.869e+00	3.926e-03
145288.50	-9.984e-02	3.744e+00	5.990e-01
145289.50	-9.072e-02	3.053e+00	1.210e-01
145290.50	-9.696e-02	2.688e+00	-4.790e-01
145291.50	-1.075e-01	2.813e+00	-7.757e-01
145292.50	-1.373e-01	3.792e+00	-4.042e-01
145293.50	-1.027e-01	3.648e+00	2.208e-01
145294.50	-6.605e-02	2.256e+00	2.362e-01
145295.50	-1.210e-01	2.861e+00	-1.152e+00
145296.50	-5.808e-02	1.344e+00	-6.950e-01
145297.50	-5.309e-02	1.766e+00	-4.080e-01
145298.50	-4.982e-02	1.373e+00	-5.750e-01
145299.50	-6.163e-02	2.333e+00	3.629e-01
145300.50	-1.075e-01	2.794e+00	-5.290e-01
145301.50	-7.190e-02	2.054e+00	-2.986e-01
145302.50	-6.403e-02	2.102e+00	-5.683e-03
145303.50	-8.429e-02	2.045e+00	-4.205e-01
145304.50	-9.888e-02	2.688e+00	-2.640e-01
145305.50	-3.101e-02	7.440e-01	-3.120e-01
145306.50	-5.501e-02	1.421e+00	-6.739e-01
145307.50	-7.795e-02	2.630e+00	3.878e-01
145308.50	-2.390e-02	1.104e+00	2.890e-01
145309.50	-5.952e-02	1.114e+00	-5.875e-01
145310.50	-2.659e-02	1.200e+00	6.202e-01
145311.50	-7.171e-02	1.997e+00	-3.235e-01
145312.50	-5.702e-02	1.450e+00	-6.144e-01
145313.50	-4.061e-02	1.526e+00	1.296e-01
145314.50	-4.560e-02	1.210e+00	-5.654e-02
145315.50	-2.890e-02	1.056e+00	1.018e-01
145316.50	-2.285e-02	3.629e-01	-5.261e-01
145317.50	-2.093e-02	8.054e-01	6.048e-02
145318.50	-2.707e-02	9.888e-01	1.430e-01
145319.50	-3.782e-02	8.381e-01	-4.272e-01
145320.50	-2.678e-02	9.696e-01	-1.085e-01
145321.50	-2.822e-02	8.390e-01	-2.909e-03
145322.50	-6.691e-02	1.680e+00	-4.742e-01
145323.50	-2.323e-02	6.192e-01	2.957e-02
145324.50	-3.446e-02	8.736e-01	-1.824e-01
145325.50	-2.976e-02	7.325e-01	-1.498e-01
145326.50	-2.141e-02	7.882e-01	4.301e-02
145327.50	3.206e-02	-2.074e-01	8.314e-01
145328.50	-1.920e-02	4.800e-01	-1.133e-01
145329.50	-7.699e-02	1.574e+00	-9.082e-01
145330.50	-2.765e-02	5.798e-01	-6.586e-01
145331.50	-4.502e-02	1.258e+00	-4.742e-02
145332.50	-3.389e-02	8.333e-01	1.430e-01
145333.50	-2.064e-02	6.048e-01	1.075e-02
145334.50	-2.909e-02	6.634e-01	-5.376e-01
145335.50	-2.438e-02	7.632e-01	2.717e-01
145336.50	5.021e-03	2.486e-01	2.611e-01
145337.50	-1.517e-03	-1.018e-01	1.027e-01
145338.50	-3.677e-02	9.005e-01	-3.466e-01
145339.50	-2.371e-02	5.386e-01	-8.813e-02
145340.50	-8.774e-03	4.685e-01	2.026e-01
145341.50	-4.560e-02	7.306e-01	-4.944e-01
145342.50	1.382e-02	-1.862e-01	-7.363e-02
145343.50	-1.392e-02	2.544e-01	-1.613e-01
145344.50	9.888e-03	3.158e-03	-9.274e-02
145345.50	8.035e-04	-3.907e-02	-1.200e-01
145346.50	-1.613e-02	4.954e-01	1.728e-01
145347.50	-2.342e-03	2.611e-01	2.352e-01
145348.50	-2.074e-02	3.043e-01	-2.400e-01
145349.50	-7.805e-03	7.862e-01	3.878e-01
145350.50	-3.312e-02	5.328e-01	-1.459e-01
145351.50	-1.536e-02	5.165e-01	-1.555e-01
145352.50	-6.902e-03	2.256e-01	5.971e-02
145353.50	-1.862e-02	1.757e-01	-3.197e-01
145354.50	-1.738e-02	6.499e-02	-2.438e-01
145355.50	3.648e-02	-1.680e-01	6.422e-01
145356.50	-9.341e-04	1.584e-01	1.526e-01
145357.50	-2.314e-02	4.637e-01	-3.504e-01
145358.50	-6.912e-03	4.944e-01	3.322e-01
145359.50	-9.274e-03	-2.170e-01	-4.666e-01
145360.50	-2.554e-02	4.080e-01	-3.523e-01
145361.50	-5.290e-03	1.834e-01	1.594e-01
145362.50	-1.037e-02	3.734e-01	1.738e-01
145363.50	6.509e-03	-1.949e-01	8.765e-02
145364.50	-5.654e-03	2.928e-01	1.334e-01
145365.50	-2.429e-02	5.395e-01	-2.592e-01
145366.50	-1.738e-02	2.218e-01	-4.330e-01
145367.50	3.398e-02	-2.746e-01	5.453e-01
145368.50	-3.024e-02	6.605e-01	-2.419e-01
145369.50	-1.277e-03	1.373e-01	-6.941e-02
145370.50	-1.440e-02	2.842e-01	-3.754e-01
145371.50	-1.603e-02	4.090e-01	6.403e-02
145372.50	-1.238e-02	3.398e-01	3.859e-01
145373.50	-2.131e-02	2.813e-01	-2.842e-01
145374.50	-1.210e-02	1.478e-01	-1.661e-01
145375.50	-1.133e-02	4.243e-01	4.262e-02
145376.50	-2.294e-02	3.984e-01	-5.491e-02
145377.50	-2.342e-02	4.454e-02	-2.918e-01
145378.50	6.230e-03	-9.792e-02	2.659e-01
145379.50	-3.898e-03	3.475e-02	-1.786e-01
145380.50	2.592e-03	9.984e-02	-2.822e-02
145381.50	1.200e-02	-1.526e-01	-1.411e-01
145382.50	-1.133e-02	4.080e-01	2.285e-03
145383.50	9.302e-03	-1.968e-01	-4.838e-02
145384.50	-1.008e-02	4.550e-01	2.333e-01
145385.50	-8.438e-03	1.920e-01	8.832e-03
145386.50	-3.878e-03	-7.930e-02	-2.381e-02
145387.50	2.506e-03	1.901e-01	-8.362e-02
145388.50	-1.325e-02	3.245e-01	-7.440e-02
145389.50	-9.792e-03	2.352e-01	-1.219e-01
145390.50	1.834e-03	1.930e-02	4.070e-02
145391.50	-5.952e-03	-2.554e-02	-1.651e-01
145392.50	-9.792e-03	5.472e-02	-1.786e-01
145393.50	1.910e-02	-1.930e-01	4.570e-01
145394.50	-9.888e-03	3.331e-01	1.882e-01
145395.50	-1.296e-02	3.418e-01	-1.776e-01
145396.50	-1.008e-02	3.168e-01	9.600e-02
145397.50	-4.416e-03	9.600e-02	1.046e-01
145398.50	-1.094e-02	1.344e-01	2.083e-02
145399.50	2.026e-03	-4.147e-02	-1.507e-01
145400.50	1.344e-02	-5.136e-01	-9.245e-02
145401.50	6.413e-03	7.891e-02	2.102e-01
145402.50	-1.008e-02	2.304e-01	-7.219e-02
145403.50	-7.910e-03	1.402e-01	7.498e-02
145404.50	-8.208e-03	2.371e-01	-1.690e-01
145405.50	-6.931e-03	2.131e-01	-1.853e-02
145406.50	-1.910e-02	4.685e-01	-2.102e-02
145407.50	-5.270e-03	-2.717e-02	-8.640e-02
145408.50	5.213e-03	-2.227e-01	-2.006e-02
145409.50	-1.968e-03	9.389e-02	9.293e-02
145410.50	7.920e-03	1.133e-02	-1.517e-02
145411.50	-2.486e-03	3.379e-02	5.741e-03
145412.50	-5.222e-03	5.030e-03	8.717e-04
145413.50	-3.072e-03	-2.381e-02	-9.552e-02
145414.50	-1.757e-02	4.243e-01	-1.488e-01
145415.50	-2.602e-03	-9.984e-02	-1.661e-01
145416.50	-2.496e-03	3.360e-01	1.181e-01
145417.50	1.142e-02	2.477e-03	3.139e-01
145418.50	8.582e-03	1.594e-01	2.170e-01
145419.50	-2.842e-02	1.075e-01	-2.458e-01
145420.50	7.334e-05	-1.066e-01	-2.323e-03
145421.50	-9.235e-03	1.949e-01	-2.429e-01
145422.50	-1.008e-02	1.930e-01	-1.104e-01
145423.50	-1.258e-02	2.813e-01	-9.130e-02
145424.50	6.576e-03	-3.216e-02	-3.629e-03
145425.50	2.717e-03	-6.211e-02	1.517e-02
145426.50	-6.902e-03	-7.027e-03	-1.958e-01
145427.50	7.344e-04	-6.451e-02	-2.083e-02
145428.50	1.450e-02	-1.747e-01	5.242e-02
145429.50	-5.136e-03	3.514e-02	-5.376e-02
145430.50	-6.010e-03	5.904e-02	-3.638e-02
145431.50	-7.421e-03	3.725e-01	1.008e-01
145432.50	4.042e-03	7.334e-03	1.008e-01
145433.50	-8.419e-03	8.227e-02	-8.275e-02
145434.50	6.173e-03	2.678e-03	1.978e-01
145435.50	4.790e-03	-1.421e-01	-3.418e-02
145436.50	-1.670e-03	2.822e-02	-2.698e-02
145437.50	9.984e-03	-1.238e-01	2.054e-01
145438.50	-5.011e-03	2.150e-01	3.187e-02
145439.50	-2.650e-03	1.651e-02	8.237e-02
145440.50	1.738e-03	-1.661e-01	-1.584e-01
145441.50	-9.197e-03	1.190e-01	-9.533e-02
145442.50	-8.170e-03	1.709e-01	-8.678e-02
145443.50	-3.389e-05	8.246e-03	3.552e-02
145444.50	-4.051e-03	1.517e-01	1.229e-01
145445.50	2.352e-03	-1.680e-01	-3.744e-02
145446.50	8.237e-03	-2.698e-01	-7.459e-02
145447.50	3.226e-03	-7.286e-02	-4.502e-03
145448.50	4.186e-03	6.202e-02	-1.258e-02
145449.50	-7.642e-03	2.333e-01	4.272e-02
145450.50	-1.334e-02	2.438e-01	-1.661e-01
145451.50	1.891e-03	-8.054e-02	-1.171e-01
145452.50	7.776e-03	-7.642e-02	2.554e-01
145453.50	3.197e-03	-6.211e-02	6.259e-02
145454.50	-1.574e-02	2.582e-01	-1.133e-02
145455.50	-7.507e-03	1.824e-01	-3.226e-02
145456.50	-8.256e-03	1.296e-01	-1.267e-01
145457.50	-8.496e-04	-1.200e-01	-4.483e-02
145458.50	4.483e-03	4.474e-02	2.016e-01
145459.50	-6.422e-03	1.757e-01	-5.357e-02
145460.50	2.227e-03	-9.792e-02	-3.590e-03
145461.50	1.104e-02	-2.381e-01	-4.800e-02
145462.50	-3.888e-03	1.219e-01	8.544e-02
145463.50	2.064e-04	1.267e-01	2.362e-01
145464.50	-1.382e-02	2.237e-01	-2.016e-01
145465.50	5.491e-03	-1.181e-01	-9.389e-02
145466.50	6.336e-03	1.814e-01	-1.238e-01
145467.50	-6.029e-03	1.594e-01	-2.102e-03
145468.50	7.978e-03	-1.114e-01	1.834e-01
145469.50	-1.670e-03	-6.634e-02	-7.882e-02
145470.50	-3.917e-03	1.306e-01	-1.670e-01
145471.50	1.814e-02	9.792e-02	1.488e-01
145472.50	6.739e-03	-8.016e-02	-7.661e-02
145473.50	5.798e-03	-1.363e-01	2.323e-02
145474.50	-4.915e-04	4.013e-02	-1.949e-02
145475.50	7.152e-03	-1.190e-01	-2.083e-01
145476.50	9.696e-04	-9.168e-02	3.581e-02
145477.50	5.472e-04	-4.234e-02	-2.755e-02
145478.50	-5.750e-03	7.450e-02	-2.333e-02
145479.50	9.696e-04	-7.450e-02	1.277e-02
145480.50	3.245e-03	1.507e-02	8.611e-02
145481.50	-5.530e-03	-1.142e-02	2.573e-02
145482.50	-5.837e-03	-1.133e-02	-1.229e-01
145483.50	-4.070e-03	1.210e-01	3.408e-02
145484.50	-5.414e-03	7.296e-02	-3.917e-02
145485.50	-1.603e-03	1.440e-01	8.275e-02
145486.50	-5.875e-03	1.459e-01	1.757e-04
145487.50	1.056e-02	-1.459e-01	1.459e-01
145488.50	4.378e-03	-5.587e-02	4.483e-02
145489.50	-4.560e-03	8.064e-02	4.896e-03
145490.50	1.699e-03	3.110e-02	4.522e-03
145491.50	1.037e-03	-2.026e-03	8.947e-03
145492.50	4.099e-03	1.046e-02	8.832e-02
145493.50	2.112e-02	-3.341e-03	1.594e-01
145494.50	4.339e-02	-2.909e-01	1.056e-01
145495.50	-1.171e-02	9.984e-02	-1.603e-01
145496.50	-3.331e-03	-3.523e-02	-3.955e-02
145497.50	1.920e-02	-8.170e-02	9.360e-02
145498.50	1.210e-03	-4.310e-02	1.930e-03
145499.50	-3.331e-04	1.104e-01	7.987e-02
145500.50	-1.229e-02	3.168e-02	2.842e-02
145501.50	-1.882e-02	1.373e-01	-3.590e-02
145502.50	6.720e-03	-1.469e-01	5.222e-02
145503.50	-1.526e-03	-7.056e-02	-1.613e-01
145504.50	-3.245e-03	9.110e-02	-1.613e-02
145505.50	-7.958e-04	-2.093e-02	5.635e-02
145506.50	8.467e-03	3.091e-02	-1.344e-02
145507.50	1.104e-02	1.430e-01	1.248e-01
145508.50	-1.190e-02	1.344e-01	-1.930e-01
145509.50	1.277e-02	-2.458e-01	-1.622e-02
145510.50	1.171e-02	-1.555e-01	-7.632e-02
145511.50	-5.472e-03	-1.344e-02	-4.848e-02
145512.50	-2.333e-02	8.170e-02	-4.176e-02
145513.50	-3.024e-04	-1.757e-02	3.043e-02
145514.50	2.506e-05	1.709e-02	1.469e-01
145515.50	-5.530e-03	4.570e-02	-7.094e-02
145516.50	-3.082e-03	7.805e-02	2.928e-02
145517.50	-1.478e-03	4.205e-02	-3.610e-02
145518.50	-5.376e-03	8.141e-02	-1.018e-01
145519.50	-2.976e-04	8.275e-02	1.814e-02
145520.50	1.901e-03	-2.525e-02	-3.178e-02
145521.50	-5.213e-03	-9.696e-02	-7.718e-02
145522.50	-6.442e-03	4.118e-02	4.070e-02
145523.50	2.093e-03	1.075e-02	1.709e-02
145524.50	4.819e-03	1.056e-01	1.949e-01
145525.50	4.848e-03	-1.757e-03	8.342e-02
145526.50	2.304e-03	2.794e-02	2.112e-02
145527.50	-6.470e-03	1.680e-01	-2.266e-02
145528.50	-6.365e-03	6.442e-02	-8.707e-02
145529.50	2.419e-03	-6.739e-02	3.264e-02
145530.50	8.880e-03	-2.323e-01	-8.477e-03
145531.50	1.622e-04	-3.965e-02	3.110e-02
145532.50	-4.819e-03	6.288e-02	-6.442e-02
145533.50	8.400e-04	-5.808e-02	-1.066e-01
145534.50	-4.829e-03	6.278e-02	6.768e-03
145535.50	-9.082e-04	9.245e-02	4.330e-02
145536.50	-2.822e-03	1.824e-01	6.202e-02
145537.50	1.037e-03	-1.939e-01	-1.718e-01
145538.50	-1.853e-03	2.467e-02	-3.408e-02
145539.50	2.419e-03	-9.542e-02	-7.238e-02
145540.50	-7.622e-03	9.398e-02	-3.686e-02
145541.50	-1.354e-03	3.888e-02	1.498e-01
145542.50	-7.661e-03	8.458e-02	-8.294e-02
145543.50	-3.638e-07	-3.610e-02	-3.168e-02
145544.50	-3.994e-03	-4.128e-02	2.573e-02
145545.50	2.323e-03	-5.251e-02	-1.200e-01
145546.50	-4.627e-03	1.517e-01	9.350e-02
145547.50	3.235e-03	-6.010e-02	4.013e-02
145548.50	4.310e-04	-5.194e-02	4.445e-02
145549.50	-3.619e-03	5.760e-02	-3.600e-02
145550.50	-1.805e-03	-3.322e-02	-8.304e-02
145551.50	-4.838e-04	-6.010e-02	-1.008e-01
145552.50	-1.968e-02	8.390e-02	1.632e-02
145553.50	-2.602e-03	7.238e-02	7.872e-02
145554.50	8.294e-04	-1.824e-02	-4.416e-02
145555.50	9.485e-05	2.323e-02	-1.248e-02
145556.50	7.200e-04	4.099e-02	4.656e-02
145557.50	9.984e-03	-1.094e-01	4.320e-02
145558.50	-1.094e-02	1.910e-02	-3.398e-02
145559.50	-3.610e-03	8.294e-02	1.824e-02
145560.50	-1.920e-02	-2.410e-02	-1.565e-01
145561.50	5.501e-03	-3.667e-02	4.848e-02
145562.50	5.280e-03	3.283e-02	5.501e-02
145563.50	-2.496e-03	9.984e-02	8.544e-02
145564.50	6.432e-04	3.446e-02	-1.747e-02
145565.50	-1.574e-02	-2.726e-02	5.088e-02
145566.50	-1.142e-02	-4.867e-02	-8.582e-02
145567.50	-2.515e-03	3.830e-02	-4.925e-02
145568.50	2.995e-03	-5.501e-02	-3.408e-02
145569.50	4.992e-03	1.757e-02	1.373e-01
145570.50	-5.798e-03	1.402e-01	1.910e-02
145571.50	-9.245e-04	-5.357e-04	1.382e-02
145572.50	-2.707e-03	-9.581e-03	-3.466e-02
145573.50	3.974e-03	-7.142e-03	3.667e-02
145574.50	4.896e-04	-2.659e-02	-8.630e-02
145575.50	-1.968e-03	1.459e-02	-9.590e-02
145576.50	3.552e-03	-7.930e-02	-7.181e-02
145577.50	-4.512e-03	1.373e-01	2.189e-02
145578.50	-2.928e-03	2.832e-02	5.165e-03
145579.50	-5.731e-03	8.755e-02	-2.726e-02
145580.50	-1.104e-03	3.811e-02	1.008e-02
145581.50	-1.142e-01	-2.899e-01	-2.621e-02
145582.50	-5.597e-03	4.464e-02	-1.094e-02
145583.50	5.261e-02	-7.661e-02	1.104e-01
145584.50	-1.891e-02	1.574e-03	-3.197e-02
145585.50	1.152e-03	-7.104e-02	-1.795e-01
145586.50	2.400e-02	-2.899e-02	-3.706e-05
145587.50	-8.630e-03	-2.726e-02	-6.845e-02
145588.50	-1.258e-02	6.125e-02	-1.248e-01
145589.50	3.533e-03	-3.859e-02	6.115e-04
145590.50	-2.458e-03	-1.008e-02	-8.736e-02
145591.50	7.200e-03	-7.478e-02	9.984e-02
145592.50	5.213e-03	-7.622e-02	-1.766e-02
145593.50	3.341e-04	2.016e-02	6.979e-02
145594.50	1.008e-02	-1.075e-01	-1.978e-02
145595.50	-2.995e-04	-7.642e-03	7.843e-02
145596.50	-1.891e-02	7.210e-02	1.536e-02
145597.50	-4.982e-03	8.371e-02	2.006e-02
145598.50	-3.168e-03	1.171e-01	1.498e-01
145599.50	4.464e-03	3.446e-02	6.576e-02
145600.50	1.910e-02	1.162e-01	2.986e-02
145601.50	-2.496e-03	-4.205e-02	-1.459e-01
