145003.50	0.000e+00	0.000e+00	0.000e+00
145004.50	0.000e+00	0.000e+00	0.000e+00
145005.50	0.000e+00	0.000e+00	0.000e+00
145006.50	0.000e+00	0.000e+00	0.000e+00
145007.50	0.000e+00	0.000e+00	0.000e+00
145008.50	0.000e+00	0.000e+00	0.000e+00
145009.50	0.000e+00	0.000e+00	0.000e+00
145010.50	0.000e+00	0.000e+00	0.000e+00
145011.50	0.000e+00	0.000e+00	0.000e+00
145012.50	0.000e+00	0.000e+00	0.000e+00
145013.50	0.000e+00	0.000e+00	0.000e+00
145014.50	0.000e+00	0.000e+00	0.000e+00
145015.50	0.000e+00	0.000e+00	0.000e+00
145016.50	0.000e+00	0.000e+00	0.000e+00
145017.50	0.000e+00	0.000e+00	0.000e+00
145018.50	0.000e+00	0.000e+00	0.000e+00
145019.50	0.000e+00	0.000e+00	0.000e+00
145020.50	0.000e+00	0.000e+00	0.000e+00
145021.50	0.000e+00	0.000e+00	0.000e+00
145022.50	0.000e+00	0.000e+00	0.000e+00
145023.50	0.000e+00	0.000e+00	0.000e+00
145024.50	0.000e+00	0.000e+00	0.000e+00
145025.50	0.000e+00	0.000e+00	0.000e+00
145026.50	0.000e+00	0.000e+00	0.000e+00
145027.50	0.000e+00	0.000e+00	0.000e+00
145028.50	0.000e+00	0.000e+00	0.000e+00
145029.50	0.000e+00	0.000e+00	0.000e+00
145030.50	0.000e+00	0.000e+00	0.000e+00
145031.50	0.000e+00	0.000e+00	0.000e+00
145032.50	0.000e+00	0.000e+00	0.000e+00
145033.50	0.000e+00	0.000e+00	0.000e+00
145034.50	0.000e+00	0.000e+00	0.000e+00
145035.50	0.000e+00	0.000e+00	0.000e+00
145036.50	0.000e+00	0.000e+00	0.000e+00
145037.50	0.000e+00	0.000e+00	0.000e+00
145038.50	0.000e+00	0.000e+00	0.000e+00
145039.50	0.000e+00	0.000e+00	0.000e+00
145040.50	0.000e+00	0.000e+00	0.000e+00
145041.50	0.000e+00	0.000e+00	0.000e+00
145042.50	0.000e+00	0.000e+00	0.000e+00
145043.50	0.000e+00	0.000e+00	0.000e+00
145044.50	0.000e+00	0.000e+00	0.000e+00
145045.50	0.000e+00	0.000e+00	0.000e+00
145046.50	0.000e+00	0.000e+00	0.000e+00
145047.50	0.000e+00	0.000e+00	0.000e+00
145048.50	0.000e+00	0.000e+00	0.000e+00
145049.50	0.000e+00	0.000e+00	0.000e+00
145050.50	0.000e+00	0.000e+00	0.000e+00
145051.50	0.000e+00	0.000e+00	0.000e+00
145052.50	0.000e+00	0.000e+00	0.000e+00
145053.50	0.000e+00	0.000e+00	0.000e+00
145054.50	0.000e+00	0.000e+00	0.000e+00
145055.50	0.000e+00	0.000e+00	0.000e+00
145056.50	0.000e+00	0.000e+00	0.000e+00
145057.50	0.000e+00	0.000e+00	0.000e+00
145058.50	0.000e+00	0.000e+00	0.000e+00
145059.50	0.000e+00	0.000e+00	0.000e+00
145060.50	0.000e+00	0.000e+00	0.000e+00
145061.50	0.000e+00	0.000e+00	0.000e+00
145062.50	0.000e+00	0.000e+00	0.000e+00
145063.50	0.000e+00	0.000e+00	0.000e+00
145064.50	0.000e+00	0.000e+00	0.000e+00
145065.50	0.000e+00	0.000e+00	0.000e+00
145066.50	0.000e+00	0.000e+00	0.000e+00
145067.50	0.000e+00	0.000e+00	0.000e+00
145068.50	0.000e+00	0.000e+00	0.000e+00
145069.50	0.000e+00	0.000e+00	0.000e+00
145070.50	0.000e+00	0.000e+00	0.000e+00
145071.50	0.000e+00	0.000e+00	0.000e+00
145072.50	0.000e+00	0.000e+00	0.000e+00
145073.50	0.000e+00	0.000e+00	0.000e+00
145074.50	0.000e+00	0.000e+00	0.000e+00
145075.50	0.000e+00	0.000e+00	0.000e+00
145076.50	0.000e+00	0.000e+00	0.000e+00
145077.50	0.000e+00	0.000e+00	0.000e+00
145078.50	0.000e+00	0.000e+00	0.000e+00
145079.50	0.000e+00	0.000e+00	0.000e+00
145080.50	0.000e+00	0.000e+00	0.000e+00
145081.50	0.000e+00	0.000e+00	0.000e+00
145082.50	0.000e+00	0.000e+00	0.000e+00
145083.50	0.000e+00	0.000e+00	0.000e+00
145084.50	0.000e+00	0.000e+00	0.000e+00
145085.50	0.000e+00	0.000e+00	0.000e+00
145086.50	0.000e+00	0.000e+00	0.000e+00
145087.50	0.000e+00	0.000e+00	0.000e+00
145088.50	0.000e+00	0.000e+00	0.000e+00
145089.50	0.000e+00	0.000e+00	0.000e+00
145090.50	0.000e+00	0.000e+00	0.000e+00
145091.50	0.000e+00	0.000e+00	0.000e+00
145092.50	0.000e+00	0.000e+00	0.000e+00
145093.50	0.000e+00	0.000e+00	0.000e+00
145094.50	0.000e+00	0.000e+00	0.000e+00
145095.50	0.000e+00	0.000e+00	0.000e+00
145096.50	0.000e+00	0.000e+00	0.000e+00
145097.50	0.000e+00	0.000e+00	0.000e+00
145098.50	0.000e+00	0.000e+00	0.000e+00
145099.50	0.000e+00	0.000e+00	0.000e+00
145100.50	0.000e+00	0.000e+00	0.000e+00
145101.50	0.000e+00	0.000e+00	0.000e+00
145102.50	0.000e+00	0.000e+00	0.000e+00
145103.50	0.000e+00	0.000e+00	0.000e+00
145104.50	0.000e+00	0.000e+00	0.000e+00
145105.50	0.000e+00	0.000e+00	0.000e+00
145106.50	0.000e+00	0.000e+00	0.000e+00
145107.50	0.000e+00	0.000e+00	0.000e+00
145108.50	0.000e+00	0.000e+00	0.000e+00
145109.50	0.000e+00	0.000e+00	0.000e+00
145110.50	0.000e+00	0.000e+00	0.000e+00
145111.50	0.000e+00	0.000e+00	0.000e+00
145112.50	0.000e+00	0.000e+00	0.000e+00
145113.50	0.000e+00	0.000e+00	0.000e+00
145114.50	0.000e+00	0.000e+00	0.000e+00
145115.50	0.000e+00	0.000e+00	0.000e+00
145116.50	0.000e+00	0.000e+00	0.000e+00
145117.50	0.000e+00	0.000e+00	0.000e+00
145118.50	0.000e+00	0.000e+00	0.000e+00
145119.50	0.000e+00	0.000e+00	0.000e+00
145120.50	0.000e+00	0.000e+00	0.000e+00
145121.50	0.000e+00	0.000e+00	0.000e+00
145122.50	0.000e+00	0.000e+00	0.000e+00
145123.50	0.000e+00	0.000e+00	0.000e+00
145124.50	0.000e+00	0.000e+00	0.000e+00
145125.50	0.000e+00	0.000e+00	0.000e+00
145126.50	0.000e+00	0.000e+00	0.000e+00
145127.50	0.000e+00	0.000e+00	0.000e+00
145128.50	0.000e+00	0.000e+00	0.000e+00
145129.50	0.000e+00	0.000e+00	0.000e+00
145130.50	0.000e+00	0.000e+00	0.000e+00
145131.50	0.000e+00	0.000e+00	0.000e+00
145132.50	0.000e+00	0.000e+00	0.000e+00
145133.50	0.000e+00	0.000e+00	0.000e+00
145134.50	0.000e+00	0.000e+00	0.000e+00
145135.50	0.000e+00	0.000e+00	0.000e+00
145136.50	0.000e+00	0.000e+00	0.000e+00
145137.50	0.000e+00	0.000e+00	0.000e+00
145138.50	0.000e+00	0.000e+00	0.000e+00
145139.50	0.000e+00	0.000e+00	0.000e+00
145140.50	0.000e+00	0.000e+00	0.000e+00
145141.50	0.000e+00	0.000e+00	0.000e+00
145142.50	0.000e+00	0.000e+00	0.000e+00
145143.50	0.000e+00	0.000e+00	0.000e+00
145144.50	0.000e+00	0.000e+00	0.000e+00
145145.50	0.000e+00	0.000e+00	0.000e+00
145146.50	0.000e+00	0.000e+00	0.000e+00
145147.50	0.000e+00	0.000e+00	0.000e+00
145148.50	0.000e+00	0.000e+00	0.000e+00
145149.50	0.000e+00	0.000e+00	0.000e+00
145150.50	0.000e+00	0.000e+00	0.000e+00
145151.50	0.000e+00	0.000e+00	0.000e+00
145152.50	0.000e+00	0.000e+00	0.000e+00
145153.50	0.000e+00	0.000e+00	0.000e+00
145154.50	0.000e+00	0.000e+00	0.000e+00
145155.50	0.000e+00	0.000e+00	0.000e+00
145156.50	0.000e+00	0.000e+00	0.000e+00
145157.50	0.000e+00	0.000e+00	0.000e+00
145158.50	0.000e+00	0.000e+00	0.000e+00
145159.50	0.000e+00	0.000e+00	0.000e+00
145160.50	0.000e+00	0.000e+00	0.000e+00
145161.50	0.000e+00	0.000e+00	0.000e+00
145162.50	0.000e+00	0.000e+00	0.000e+00
145163.50	0.000e+00	0.000e+00	0.000e+00
145164.50	0.000e+00	0.000e+00	0.000e+00
145165.50	0.000e+00	0.000e+00	0.000e+00
145166.50	0.000e+00	0.000e+00	0.000e+00
145167.50	0.000e+00	0.000e+00	0.000e+00
145168.50	0.000e+00	0.000e+00	0.000e+00
145169.50	0.000e+00	0.000e+00	0.000e+00
145170.50	0.000e+00	0.000e+00	0.000e+00
145171.50	0.000e+00	0.000e+00	0.000e+00
145172.50	0.000e+00	0.000e+00	0.000e+00
145173.50	0.000e+00	0.000e+00	0.000e+00
145174.50	0.000e+00	0.000e+00	0.000e+00
145175.50	0.000e+00	0.000e+00	0.000e+00
145176.50	0.000e+00	0.000e+00	0.000e+00
145177.50	0.000e+00	0.000e+00	0.000e+00
145178.50	0.000e+00	0.000e+00	0.000e+00
145179.50	0.000e+00	0.000e+00	0.000e+00
145180.50	0.000e+00	0.000e+00	0.000e+00
145181.50	0.000e+00	0.000e+00	0.000e+00
145182.50	0.000e+00	0.000e+00	0.000e+00
145183.50	0.000e+00	0.000e+00	0.000e+00
145184.50	0.000e+00	0.000e+00	0.000e+00
145185.50	0.000e+00	0.000e+00	0.000e+00
145186.50	0.000e+00	0.000e+00	0.000e+00
145187.50	0.000e+00	0.000e+00	0.000e+00
145188.50	0.000e+00	0.000e+00	0.000e+00
145189.50	0.000e+00	0.000e+00	0.000e+00
145190.50	0.000e+00	0.000e+00	0.000e+00
145191.50	0.000e+00	0.000e+00	0.000e+00
145192.50	0.000e+00	0.000e+00	0.000e+00
145193.50	0.000e+00	0.000e+00	0.000e+00
145194.50	0.000e+00	0.000e+00	0.000e+00
145195.50	0.000e+00	0.000e+00	0.000e+00
145196.50	0.000e+00	0.000e+00	0.000e+00
145197.50	0.000e+00	0.000e+00	0.000e+00
145198.50	0.000e+00	0.000e+00	0.000e+00
145199.50	0.000e+00	0.000e+00	0.000e+00
145200.50	0.000e+00	0.000e+00	0.000e+00
145201.50	0.000e+00	0.000e+00	0.000e+00
145202.50	0.000e+00	0.000e+00	0.000e+00
145203.50	0.000e+00	0.000e+00	0.000e+00
145204.50	0.000e+00	0.000e+00	0.000e+00
145205.50	0.000e+00	0.000e+00	0.000e+00
145206.50	0.000e+00	0.000e+00	0.000e+00
145207.50	0.000e+00	0.000e+00	0.000e+00
145208.50	0.000e+00	0.000e+00	0.000e+00
145209.50	0.000e+00	0.000e+00	0.000e+00
145210.50	0.000e+00	0.000e+00	0.000e+00
145211.50	0.000e+00	0.000e+00	0.000e+00
145212.50	0.000e+00	0.000e+00	0.000e+00
145213.50	0.000e+00	0.000e+00	0.000e+00
145214.50	0.000e+00	0.000e+00	0.000e+00
145215.50	0.000e+00	0.000e+00	0.000e+00
145216.50	0.000e+00	0.000e+00	0.000e+00
145217.50	0.000e+00	0.000e+00	0.000e+00
145218.50	-1.238e-05	8.122e-05	3.590e-04
145219.50	-1.584e-05	1.930e-04	4.061e-04
145220.50	1.661e-05	-9.466e-05	-4.330e-04
145221.50	9.206e-06	-4.858e-04	2.122e-05
145222.50	-1.709e-04	4.406e-03	1.834e-03
145223.50	-4.762e-04	1.219e-02	4.800e-03
145224.50	-8.256e-03	7.920e-02	1.766e-01
145225.50	1.670e-02	-6.979e-01	4.502e-02
145226.50	1.402e-01	-5.885e+00	4.762e-01
145227.50	3.782e-01	-1.382e+01	-1.786e-01
145228.50	7.680e-01	-2.554e+01	-1.805e+00
145229.50	1.536e+00	-4.493e+01	-7.776e+00
145230.50	1.642e+00	-5.155e+01	-4.742e+00
145231.50	2.813e+00	-8.218e+01	-1.171e+01
145232.50	3.763e+00	-1.200e+02	-6.451e+00
145233.50	4.541e+00	-1.382e+02	-1.123e+01
145234.50	5.021e+00	-1.430e+02	-1.738e+01
145235.50	4.560e+00	-1.325e+02	-1.114e+01
145236.50	4.800e+00	-1.248e+02	-2.170e+01
145237.50	4.426e+00	-1.210e+02	-1.306e+01
145238.50	3.859e+00	-9.792e+01	-1.421e+01
145239.50	3.197e+00	-6.605e+01	-2.208e+01
145240.50	1.613e+00	-4.320e+01	-9.245e-02
145241.50	6.998e-01	-1.987e+01	5.232e+00
145242.50	8.131e-01	-5.309e+00	-8.707e+00
145243.50	1.690e-02	9.792e+00	-1.325e+00
145244.50	-3.302e-01	1.555e+01	2.141e+00
145245.50	-3.446e-01	2.246e+01	-3.312e+00
145246.50	-1.498e+00	3.715e+01	1.210e+01
145247.50	-1.488e+00	4.733e+01	3.552e+00
145248.50	-1.373e+00	4.550e+01	1.526e+00
145249.50	-1.603e+00	4.810e+01	4.541e+00
145250.50	-1.651e+00	4.522e+01	7.728e+00
145251.50	-1.411e+00	4.522e+01	1.498e+00
145252.50	-1.622e+00	4.118e+01	8.755e+00
145253.50	-1.459e+00	4.656e+01	5.510e-01
145254.50	-1.776e+00	4.570e+01	8.890e+00
145255.50	-1.373e+00	4.330e+01	3.744e-01
145256.50	-1.296e+00	3.590e+01	3.830e+00
145257.50	-1.546e+00	4.262e+01	4.454e+00
145258.50	-1.584e+00	3.677e+01	9.561e+00
145259.50	-1.488e+00	3.706e+01	6.912e+00
145260.50	-1.219e+00	3.456e+01	2.947e+00
145261.50	-9.485e-01	2.707e+01	2.371e+00
145262.50	-8.890e-01	2.506e+01	2.323e+00
145263.50	-9.792e-01	2.544e+01	3.552e+00
145264.50	-8.362e-01	2.266e+01	2.333e+00
145265.50	-8.045e-01	2.342e+01	1.018e+00
145266.50	-9.043e-01	2.419e+01	2.621e+00
145267.50	-8.237e-01	2.093e+01	2.774e+00
145268.50	-7.920e-01	2.294e+01	1.027e+00
145269.50	-5.530e-01	1.546e+01	1.939e+00
145270.50	-6.442e-01	1.517e+01	3.763e+00
145271.50	-6.298e-01	1.795e+01	1.027e+00
145272.50	-5.117e-01	1.382e+01	1.478e+00
145273.50	-5.722e-01	1.392e+01	2.314e+00
145274.50	-5.530e-01	1.258e+01	3.110e+00
145275.50	-4.378e-01	1.296e+01	2.054e-01
145276.50	-4.022e-01	1.238e+01	3.859e-01
145277.50	-5.981e-01	1.248e+01	4.013e+00
145278.50	-4.483e-01	1.018e+01	2.611e+00
145279.50	-3.888e-01	1.027e+01	1.296e+00
145280.50	-4.166e-01	1.152e+01	9.571e-01
145281.50	-4.109e-01	9.984e+00	1.690e+00
145282.50	-3.149e-01	7.718e+00	1.392e+00
145283.50	-2.486e-01	8.275e+00	-6.326e-01
145284.50	-2.429e-01	7.152e+00	5.050e-01
145285.50	-3.754e-01	9.466e+00	1.296e+00
145286.50	-2.899e-01	7.363e+00	9.792e-01
145287.50	-2.746e-01	5.011e+00	2.515e+00
145288.50	-2.285e-01	5.606e+00	8.582e-01
145289.50	-1.958e-01	5.290e+00	4.406e-01
145290.50	-2.861e-01	6.845e+00	1.238e+00
145291.50	-1.171e-01	4.493e+00	-7.373e-01
145292.50	-2.131e-01	5.280e+00	9.264e-01
145293.50	-1.939e-01	5.050e+00	4.147e-01
145294.50	-1.862e-01	4.838e+00	8.054e-01
145295.50	-2.477e-01	5.443e+00	1.296e+00
145296.50	-1.354e-01	4.157e+00	-6.902e-02
145297.50	-2.074e-01	5.213e+00	8.150e-01
145298.50	-1.402e-01	3.878e+00	1.853e-01
145299.50	-1.997e-01	4.531e+00	1.142e+00
145300.50	-1.421e-01	3.235e+00	6.614e-01
145301.50	-1.085e-01	2.150e+00	8.246e-01
145302.50	-1.142e-01	3.389e+00	-1.056e-01
145303.50	-7.133e-02	2.726e+00	-5.366e-01
145304.50	-1.104e-01	3.341e+00	-8.851e-02
145305.50	-8.870e-02	3.034e+00	-1.766e-01
145306.50	-1.459e-01	1.862e+00	2.045e+00
145307.50	-1.037e-01	2.621e+00	2.227e-01
145308.50	-9.984e-02	2.918e+00	-4.118e-02
145309.50	-1.699e-01	2.659e+00	1.747e+00
145310.50	-7.008e-02	1.699e+00	3.859e-01
145311.50	-6.768e-02	2.525e+00	-1.939e-01
145312.50	-3.696e-02	1.526e+00	-4.147e-01
145313.50	-9.600e-02	2.621e+00	1.200e-01
145314.50	-1.277e-01	2.880e+00	6.797e-01
145315.50	-7.536e-02	1.229e+00	7.958e-01
145316.50	-8.611e-02	2.093e+00	3.408e-01
145317.50	-6.298e-02	1.757e+00	4.109e-02
145318.50	-9.984e-02	2.352e+00	3.619e-01
145319.50	-5.981e-02	1.296e+00	3.763e-01
145320.50	-5.299e-02	9.792e-01	3.600e-01
145321.50	-2.650e-02	7.469e-01	-5.107e-02
145322.50	-4.406e-02	9.331e-01	2.448e-01
145323.50	-4.896e-02	1.738e+00	-7.229e-02
145324.50	-7.690e-02	1.277e+00	7.258e-01
145325.50	-4.819e-02	1.152e+00	8.093e-02
145326.50	-7.344e-02	1.334e+00	7.200e-01
145327.50	-5.011e-02	1.920e+00	-3.274e-01
145328.50	4.253e-03	1.258e-01	-3.072e-01
145329.50	-7.382e-02	7.776e-01	1.094e+00
145330.50	-2.093e-02	1.027e+00	-2.909e-01
145331.50	-4.848e-02	1.469e+00	-1.536e-01
145332.50	-5.549e-02	1.238e+00	1.229e-01
145333.50	2.246e-02	-8.938e-03	-3.984e-01
145334.50	-3.360e-02	1.085e+00	-2.650e-02
145335.50	-3.888e-02	7.334e-01	1.910e-01
145336.50	-5.693e-02	5.866e-01	9.120e-01
145337.50	-1.085e-02	7.123e-01	-1.728e-01
145338.50	-3.005e-02	7.248e-01	1.853e-01
145339.50	-1.344e-02	3.792e-01	1.114e-01
145340.50	-3.053e-02	9.264e-01	-1.421e-01
145341.50	-4.253e-02	6.586e-01	5.213e-01
145342.50	-1.805e-02	6.403e-01	-1.450e-01
145343.50	-1.325e-02	1.613e-01	4.157e-02
145344.50	1.930e-02	2.688e-01	-7.728e-01
145345.50	-1.680e-02	3.293e-01	2.314e-01
145346.50	-2.554e-02	7.997e-01	-1.027e-01
145347.50	-5.194e-02	9.561e-01	4.042e-01
145348.50	-4.810e-02	6.893e-01	5.021e-01
145349.50	-2.784e-02	3.072e-01	4.790e-01
145350.50	-1.901e-02	4.531e-01	1.824e-02
145351.50	-6.720e-02	1.094e+00	5.645e-01
145352.50	-1.363e-02	1.066e-01	3.408e-01
145353.50	-6.922e-03	5.126e-01	-3.322e-01
145354.50	-1.795e-02	6.835e-01	-6.624e-02
145355.50	-6.010e-03	4.291e-01	-1.651e-01
145356.50	-1.901e-02	3.130e-01	8.832e-02
145357.50	1.450e-02	2.611e-01	-3.734e-01
145358.50	-2.410e-02	5.779e-01	-1.037e-02
145359.50	-3.110e-02	3.005e-01	3.446e-01
145360.50	1.622e-03	2.131e-01	-1.142e-01
145361.50	-7.286e-03	3.667e-01	-5.242e-02
145362.50	-1.776e-02	8.870e-01	-2.669e-01
145363.50	6.566e-03	-2.314e-01	-9.792e-02
145364.50	-1.315e-02	-2.074e-01	5.030e-01
145365.50	-2.554e-02	8.726e-01	-1.171e-02
145366.50	-2.112e-02	4.061e-01	1.325e-01
145367.50	-1.882e-02	5.069e-02	3.638e-01
145368.50	-1.114e-02	1.469e-01	1.315e-01
145369.50	-2.352e-02	4.349e-01	3.120e-01
145370.50	3.648e-03	2.563e-01	-3.955e-01
145371.50	1.507e-02	-5.616e-03	-2.275e-01
145372.50	-1.392e-03	2.861e-01	3.456e-02
145373.50	-1.613e-02	3.389e-01	2.112e-03
145374.50	-1.949e-02	-2.678e-02	3.667e-01
145375.50	9.888e-03	-6.970e-02	-1.594e-01
145376.50	-2.995e-02	4.608e-01	1.632e-01
145377.50	-1.046e-02	-1.238e-01	2.698e-01
145378.50	-6.365e-03	4.070e-01	-7.805e-03
145379.50	-3.370e-03	3.178e-02	-1.690e-02
145380.50	-1.315e-02	1.795e-01	9.120e-02
145381.50	-5.366e-03	-1.853e-02	2.102e-01
145382.50	2.093e-03	1.162e-01	6.998e-02
145383.50	-3.370e-02	4.810e-01	1.363e-01
145384.50	-1.430e-02	4.310e-01	-4.109e-02
145385.50	-1.882e-02	2.611e-01	1.728e-01
145386.50	-3.466e-02	3.955e-01	4.224e-01
145387.50	-1.930e-02	4.262e-01	-1.200e-01
145388.50	7.699e-03	-4.253e-01	1.411e-01
145389.50	-2.544e-02	4.618e-01	1.085e-01
145390.50	2.141e-02	-2.122e-01	-3.350e-01
145391.50	-1.776e-02	2.198e-01	1.392e-01
145392.50	1.133e-03	-4.310e-02	1.152e-01
145393.50	-5.318e-03	3.706e-01	-8.429e-02
145394.50	-1.075e-02	1.190e-01	4.800e-02
145395.50	-2.467e-02	5.366e-01	7.565e-02
145396.50	-1.498e-02	3.792e-01	-8.333e-04
145397.50	-1.085e-02	3.168e-01	6.240e-02
145398.50	4.013e-03	-4.080e-02	1.008e-03
145399.50	-2.035e-02	1.373e-01	3.283e-01
145400.50	-1.546e-04	-7.152e-02	2.054e-01
145401.50	2.986e-02	-2.074e-01	-1.594e-01
145402.50	-3.322e-02	3.619e-01	2.669e-01
145403.50	-2.515e-02	6.259e-01	-1.181e-01
145404.50	-6.816e-03	4.445e-01	-5.424e-02
145405.50	-7.238e-03	4.867e-02	-2.899e-02
145406.50	-6.845e-03	-2.189e-01	1.843e-01
145407.50	1.565e-02	-7.075e-02	-8.458e-02
145408.50	-9.024e-03	1.478e-01	2.208e-01
145409.50	2.256e-03	1.690e-01	-2.467e-01
145410.50	-6.595e-03	5.213e-02	9.072e-02
145411.50	-2.621e-02	2.986e-01	1.901e-01
145412.50	1.075e-02	-1.997e-02	-5.482e-02
145413.50	2.093e-02	-2.813e-01	-2.678e-01
145414.50	-4.886e-03	1.066e-01	-4.944e-02
145415.50	2.592e-02	-1.382e-01	-3.619e-01
145416.50	1.882e-02	-5.702e-01	-5.338e-02
145417.50	7.277e-03	2.160e-01	-4.512e-03
145418.50	-2.707e-03	-4.243e-03	-7.738e-02
145419.50	-1.421e-03	-1.622e-02	7.373e-02
145420.50	-2.506e-02	5.386e-01	1.776e-01
145421.50	-1.459e-02	7.776e-02	1.421e-01
145422.50	-3.370e-03	-1.238e-04	2.064e-02
145423.50	-1.661e-02	1.498e-01	1.642e-01
145424.50	-2.707e-02	3.024e-01	2.102e-01
145425.50	-2.064e-04	6.240e-02	4.330e-02
145426.50	3.418e-03	2.938e-01	-2.966e-01
145427.50	-3.542e-03	2.698e-01	-1.526e-01
145428.50	-7.421e-03	1.267e-01	1.920e-03
145429.50	5.770e-03	-2.006e-01	5.280e-02
145430.50	-2.064e-03	1.421e-01	-6.806e-02
145431.50	-6.912e-03	4.848e-02	9.350e-03
145432.50	-1.056e-02	7.267e-02	8.832e-02
145433.50	7.478e-03	-1.430e-01	-6.797e-02
145434.50	-3.514e-03	4.810e-02	7.037e-02
145435.50	3.571e-03	1.776e-01	-2.006e-01
145436.50	3.907e-04	9.600e-02	-8.554e-02
145437.50	-2.237e-03	-9.053e-02	1.584e-01
145438.50	3.830e-03	-4.483e-02	1.200e-02
145439.50	-1.440e-02	5.040e-02	2.314e-01
145440.50	-4.176e-03	-5.962e-03	1.258e-01
145441.50	-1.709e-03	7.565e-03	-1.037e-02
145442.50	-5.299e-03	-7.555e-02	1.094e-01
145443.50	-1.651e-02	1.315e-01	2.064e-01
145444.50	-4.608e-03	1.027e-01	1.238e-01
145445.50	-9.418e-03	1.814e-01	9.792e-02
145446.50	3.504e-03	7.296e-02	-1.430e-01
145447.50	-1.296e-02	3.725e-02	2.726e-01
145448.50	7.488e-03	-1.709e-01	2.208e-03
145449.50	-5.693e-03	1.738e-01	-1.478e-02
145450.50	-8.832e-03	1.037e-02	1.229e-01
145451.50	1.133e-02	-2.122e-01	-1.526e-01
145452.50	-1.190e-02	2.765e-01	1.219e-02
145453.50	-1.642e-03	-3.955e-02	7.133e-02
145454.50	1.920e-02	-2.352e-01	-2.726e-01
145455.50	-6.576e-03	1.277e-01	9.437e-02
145456.50	-6.259e-03	4.982e-03	1.622e-01
145457.50	3.302e-03	-5.386e-02	3.648e-02
145458.50	6.720e-03	-5.578e-02	-7.670e-02
145459.50	-2.678e-03	1.238e-01	-8.266e-02
145460.50	6.874e-03	-2.131e-02	-1.843e-01
145461.50	-1.267e-03	-1.786e-01	1.699e-01
145462.50	-1.373e-02	3.629e-01	3.629e-02
145463.50	-9.792e-03	-1.315e-02	1.622e-01
145464.50	-4.781e-03	1.363e-01	3.418e-02
145465.50	-2.947e-03	1.306e-01	-2.957e-02
145466.50	-6.461e-03	5.194e-02	1.133e-01
145467.50	-2.851e-03	2.582e-01	-1.114e-01
145468.50	-7.622e-03	-1.162e-01	2.419e-01
145469.50	-1.603e-02	1.296e-01	2.390e-01
145470.50	-5.606e-03	6.557e-02	7.622e-03
145471.50	5.904e-03	-7.978e-02	-4.848e-02
145472.50	8.429e-04	7.469e-02	-1.104e-01
145473.50	2.102e-04	-1.930e-03	5.078e-02
145474.50	-3.504e-05	7.805e-02	-8.198e-02
145475.50	9.197e-03	-7.402e-02	-1.066e-01
145476.50	-1.478e-03	-4.915e-02	5.741e-02
145477.50	1.018e-02	3.024e-02	-1.152e-01
145478.50	1.037e-02	-6.912e-02	-3.907e-02
145479.50	-1.315e-02	5.770e-02	1.747e-02
145480.50	3.994e-03	4.560e-02	-2.026e-01
145481.50	6.288e-04	9.245e-02	-1.066e-02
145482.50	1.037e-02	-1.498e-02	-7.392e-02
145483.50	-1.699e-03	-1.066e-02	2.294e-02
145484.50	3.686e-03	4.166e-02	-1.104e-01
145485.50	-1.056e-02	2.112e-01	7.574e-02
145486.50	-2.438e-03	-9.005e-02	-4.378e-04
145487.50	-4.147e-04	7.354e-02	2.592e-02
145488.50	-3.629e-03	1.056e-01	6.691e-02
145489.50	6.384e-04	-1.354e-01	1.334e-01
145490.50	-6.653e-03	3.274e-02	4.387e-02
145491.50	-5.866e-04	2.496e-02	-4.800e-03
145492.50	1.565e-02	-1.315e-01	-1.190e-01
145493.50	-1.296e-02	2.429e-01	3.110e-02
145494.50	6.634e-03	-8.947e-02	5.626e-02
145495.50	-7.910e-03	1.776e-01	-1.142e-01
145496.50	-1.334e-02	1.478e-01	6.125e-02
145497.50	-3.437e-03	-1.757e-01	9.888e-02
145498.50	6.662e-04	-1.402e-02	-5.664e-02
145499.50	5.578e-03	6.134e-02	-7.536e-02
145500.50	-2.506e-03	-1.997e-02	5.126e-02
145501.50	7.430e-03	2.237e-02	-1.824e-01
145502.50	2.947e-03	-8.525e-02	1.642e-01
145503.50	-7.018e-03	-1.258e-01	9.792e-02
145504.50	-1.507e-02	1.171e-01	7.507e-02
145505.50	-1.267e-02	1.046e-01	1.104e-01
145506.50	1.238e-02	1.171e-01	-2.659e-01
145507.50	4.541e-03	8.746e-02	-1.728e-01
145508.50	-1.152e-03	6.490e-02	1.075e-01
145509.50	-3.331e-03	-1.152e-01	1.632e-01
145510.50	-6.701e-03	1.190e-02	6.883e-02
145511.50	8.227e-03	-1.286e-02	-2.285e-01
145512.50	-2.016e-03	1.526e-02	6.950e-02
145513.50	-7.190e-03	8.275e-02	1.594e-01
145514.50	-3.715e-03	7.411e-02	4.435e-04
145515.50	1.757e-03	-4.531e-02	-2.237e-02
145516.50	2.266e-02	-1.546e-02	-2.515e-01
145517.50	-3.840e-03	3.552e-02	4.675e-02
145518.50	5.597e-03	-9.514e-02	3.149e-02
145519.50	8.266e-04	-2.563e-02	3.715e-02
145520.50	6.528e-03	-1.267e-01	-2.592e-02
145521.50	-7.747e-03	7.718e-02	-3.581e-02
145522.50	-7.987e-03	-4.291e-02	1.718e-01
145523.50	1.526e-02	-9.984e-02	-1.738e-01
145524.50	-8.746e-06	3.523e-02	-6.960e-02
145525.50	8.006e-03	-2.083e-01	1.805e-02
145526.50	-1.661e-02	2.093e-02	2.890e-01
145527.50	-8.352e-03	1.162e-03	2.582e-02
145528.50	1.526e-04	-3.168e-03	2.467e-02
145529.50	-4.723e-03	4.819e-02	1.133e-01
145530.50	-8.122e-03	1.690e-01	-3.936e-02
145531.50	-5.290e-03	-6.394e-02	1.056e-02
145532.50	-2.294e-02	-1.229e-01	9.542e-02
145533.50	5.107e-03	1.450e-01	-7.315e-02
145534.50	3.226e-03	6.269e-02	-1.690e-01
145535.50	7.507e-04	9.466e-02	-7.344e-02
145536.50	4.704e-04	-6.816e-02	5.472e-02
145537.50	9.984e-03	-1.834e-01	-9.696e-02
145538.50	2.717e-03	-4.186e-02	-2.371e-02
145539.50	-4.838e-04	1.258e-01	-4.406e-02
145540.50	-6.950e-03	1.200e-01	4.042e-02
145541.50	2.294e-03	5.299e-02	1.786e-02
145542.50	-3.494e-03	1.613e-01	7.949e-02
145543.50	1.210e-02	-6.336e-02	-1.200e-01
145544.50	-3.014e-03	1.555e-01	-3.216e-02
145545.50	-1.171e-02	4.454e-02	1.229e-01
145546.50	1.814e-03	-5.798e-02	-5.990e-02
145547.50	3.850e-04	-1.334e-01	2.448e-02
145548.50	3.763e-03	-3.878e-02	4.800e-02
145549.50	4.992e-03	1.114e-02	-5.866e-02
145550.50	1.142e-02	-3.965e-02	1.795e-02
145551.50	8.822e-03	-5.587e-02	-8.198e-02
145552.50	5.914e-03	-5.126e-02	-1.152e-01
145553.50	-3.878e-03	1.334e-01	-7.363e-02
145554.50	-1.459e-04	-4.224e-02	1.008e-02
145555.50	-2.227e-03	1.363e-02	-6.317e-03
145556.50	-1.248e-02	6.614e-02	1.910e-01
145557.50	3.638e-03	-1.085e-01	2.150e-02
145558.50	-1.411e-04	1.757e-02	-7.363e-02
145559.50	-1.651e-03	2.640e-02	2.534e-02
145560.50	1.670e-03	1.210e-01	-8.016e-02
145561.50	5.722e-03	-8.496e-03	-6.096e-02
145562.50	-9.206e-04	-4.003e-02	5.213e-02
145563.50	-8.266e-03	-2.611e-02	1.613e-01
145564.50	-3.245e-03	4.349e-02	-9.696e-03
145565.50	1.603e-03	-1.133e-01	5.155e-02
145566.50	5.866e-03	-3.907e-02	-1.354e-01
145567.50	-3.581e-04	8.054e-02	-8.045e-02
145568.50	-5.290e-03	2.362e-02	8.093e-02
145569.50	3.610e-04	-4.810e-03	2.861e-02
145570.50	2.314e-04	-5.328e-02	4.781e-02
145571.50	-4.090e-03	-9.600e-03	2.794e-02
145572.50	4.752e-04	9.590e-02	-5.126e-02
145573.50	2.448e-03	5.386e-02	-5.990e-02
145574.50	8.074e-04	-8.112e-02	1.306e-02
145575.50	-5.069e-03	6.374e-02	-2.650e-02
145576.50	1.162e-03	-6.010e-02	1.373e-02
145577.50	-2.851e-03	-1.133e-02	3.101e-02
145578.50	3.014e-03	-7.296e-02	2.429e-02
145579.50	-8.822e-03	4.483e-02	8.342e-02
145580.50	3.840e-03	-7.344e-02	-6.259e-02
145581.50	2.122e-03	8.083e-02	-1.142e-02
145582.50	4.790e-03	-2.035e-02	-4.704e-02
145583.50	-2.410e-03	7.786e-02	6.077e-02
145584.50	-8.813e-03	-6.682e-03	8.515e-02
145585.50	-1.046e-03	-3.830e-03	2.170e-02
145586.50	4.483e-03	1.680e-02	-8.016e-02
145587.50	-2.880e-03	5.318e-02	5.741e-02
145588.50	6.864e-03	-2.669e-02	-4.330e-02
145589.50	6.950e-03	-1.008e-01	-4.205e-02
145590.50	-2.640e-03	-2.083e-02	5.635e-02
145591.50	-6.230e-03	6.883e-02	1.478e-02
145592.50	-7.459e-03	6.086e-02	3.264e-02
145593.50	-1.680e-03	-5.098e-02	1.056e-01
145594.50	-2.045e-03	1.027e-01	-9.888e-03
145595.50	-3.283e-03	2.928e-02	4.829e-02
145596.50	-3.043e-03	1.507e-02	1.786e-02
145597.50	5.750e-03	-6.816e-02	-1.258e-01
145598.50	4.061e-03	-7.786e-03	-4.330e-02
145599.50	3.187e-03	-5.702e-02	3.744e-02
145600.50	-8.640e-03	7.123e-02	8.726e-02
145601.50	-9.696e-03	1.114e-01	2.918e-02
