145003.50	0.000e+00	0.000e+00	0.000e+00
145004.50	0.000e+00	0.000e+00	0.000e+00
145005.50	0.000e+00	0.000e+00	0.000e+00
145006.50	0.000e+00	0.000e+00	0.000e+00
145007.50	0.000e+00	0.000e+00	0.000e+00
145008.50	0.000e+00	0.000e+00	0.000e+00
145009.50	0.000e+00	0.000e+00	0.000e+00
145010.50	0.000e+00	0.000e+00	0.000e+00
145011.50	0.000e+00	0.000e+00	0.000e+00
145012.50	0.000e+00	0.000e+00	0.000e+00
145013.50	0.000e+00	0.000e+00	0.000e+00
145014.50	0.000e+00	0.000e+00	0.000e+00
145015.50	0.000e+00	0.000e+00	0.000e+00
145016.50	0.000e+00	0.000e+00	0.000e+00
145017.50	0.000e+00	0.000e+00	0.000e+00
145018.50	0.000e+00	0.000e+00	0.000e+00
145019.50	0.000e+00	0.000e+00	0.000e+00
145020.50	0.000e+00	0.000e+00	0.000e+00
145021.50	0.000e+00	0.000e+00	0.000e+00
145022.50	0.000e+00	0.000e+00	0.000e+00
145023.50	0.000e+00	0.000e+00	0.000e+00
145024.50	0.000e+00	0.000e+00	0.000e+00
145025.50	0.000e+00	0.000e+00	0.000e+00
145026.50	0.000e+00	0.000e+00	0.000e+00
145027.50	0.000e+00	0.000e+00	0.000e+00
145028.50	0.000e+00	0.000e+00	0.000e+00
145029.50	0.000e+00	0.000e+00	0.000e+00
145030.50	0.000e+00	0.000e+00	0.000e+00
145031.50	0.000e+00	0.000e+00	0.000e+00
145032.50	0.000e+00	0.000e+00	0.000e+00
145033.50	0.000e+00	0.000e+00	0.000e+00
145034.50	0.000e+00	0.000e+00	0.000e+00
145035.50	0.000e+00	0.000e+00	0.000e+00
145036.50	0.000e+00	0.000e+00	0.000e+00
145037.50	0.000e+00	0.000e+00	0.000e+00
145038.50	0.000e+00	0.000e+00	0.000e+00
145039.50	0.000e+00	0.000e+00	0.000e+00
145040.50	0.000e+00	0.000e+00	0.000e+00
145041.50	0.000e+00	0.000e+00	0.000e+00
145042.50	0.000e+00	0.000e+00	0.000e+00
145043.50	0.000e+00	0.000e+00	0.000e+00
145044.50	0.000e+00	0.000e+00	0.000e+00
145045.50	0.000e+00	0.000e+00	0.000e+00
145046.50	0.000e+00	0.000e+00	0.000e+00
145047.50	0.000e+00	0.000e+00	0.000e+00
145048.50	0.000e+00	0.000e+00	0.000e+00
145049.50	0.000e+00	0.000e+00	0.000e+00
145050.50	0.000e+00	0.000e+00	0.000e+00
145051.50	0.000e+00	0.000e+00	0.000e+00
145052.50	0.000e+00	0.000e+00	0.000e+00
145053.50	0.000e+00	0.000e+00	0.000e+00
145054.50	0.000e+00	0.000e+00	0.000e+00
145055.50	0.000e+00	0.000e+00	0.000e+00
145056.50	0.000e+00	0.000e+00	0.000e+00
145057.50	0.000e+00	0.000e+00	0.000e+00
145058.50	0.000e+00	0.000e+00	0.000e+00
145059.50	0.000e+00	0.000e+00	0.000e+00
145060.50	0.000e+00	0.000e+00	0.000e+00
145061.50	0.000e+00	0.000e+00	0.000e+00
145062.50	0.000e+00	0.000e+00	0.000e+00
145063.50	0.000e+00	0.000e+00	0.000e+00
145064.50	0.000e+00	0.000e+00	0.000e+00
145065.50	0.000e+00	0.000e+00	0.000e+00
145066.50	0.000e+00	0.000e+00	0.000e+00
145067.50	0.000e+00	0.000e+00	0.000e+00
145068.50	0.000e+00	0.000e+00	0.000e+00
145069.50	0.000e+00	0.000e+00	0.000e+00
145070.50	0.000e+00	0.000e+00	0.000e+00
145071.50	0.000e+00	0.000e+00	0.000e+00
145072.50	0.000e+00	0.000e+00	0.000e+00
145073.50	0.000e+00	0.000e+00	0.000e+00
145074.50	0.000e+00	0.000e+00	0.000e+00
145075.50	0.000e+00	0.000e+00	0.000e+00
145076.50	0.000e+00	0.000e+00	0.000e+00
145077.50	0.000e+00	0.000e+00	0.000e+00
145078.50	0.000e+00	0.000e+00	0.000e+00
145079.50	0.000e+00	0.000e+00	0.000e+00
145080.50	0.000e+00	0.000e+00	0.000e+00
145081.50	0.000e+00	0.000e+00	0.000e+00
145082.50	0.000e+00	0.000e+00	0.000e+00
145083.50	0.000e+00	0.000e+00	0.000e+00
145084.50	0.000e+00	0.000e+00	0.000e+00
145085.50	0.000e+00	0.000e+00	0.000e+00
145086.50	0.000e+00	0.000e+00	0.000e+00
145087.50	0.000e+00	0.000e+00	0.000e+00
145088.50	0.000e+00	0.000e+00	0.000e+00
145089.50	0.000e+00	0.000e+00	0.000e+00
145090.50	0.000e+00	0.000e+00	0.000e+00
145091.50	0.000e+00	0.000e+00	0.000e+00
145092.50	0.000e+00	0.000e+00	0.000e+00
145093.50	0.000e+00	0.000e+00	0.000e+00
145094.50	0.000e+00	0.000e+00	0.000e+00
145095.50	0.000e+00	0.000e+00	0.000e+00
145096.50	0.000e+00	0.000e+00	0.000e+00
145097.50	0.000e+00	0.000e+00	0.000e+00
145098.50	0.000e+00	0.000e+00	0.000e+00
145099.50	0.000e+00	0.000e+00	0.000e+00
145100.50	0.000e+00	0.000e+00	0.000e+00
145101.50	0.000e+00	0.000e+00	0.000e+00
145102.50	0.000e+00	0.000e+00	0.000e+00
145103.50	0.000e+00	0.000e+00	0.000e+00
145104.50	0.000e+00	0.000e+00	0.000e+00
145105.50	0.000e+00	0.000e+00	0.000e+00
145106.50	0.000e+00	0.000e+00	0.000e+00
145107.50	0.000e+00	0.000e+00	0.000e+00
145108.50	0.000e+00	0.000e+00	0.000e+00
145109.50	0.000e+00	0.000e+00	0.000e+00
145110.50	0.000e+00	0.000e+00	0.000e+00
145111.50	0.000e+00	0.000e+00	0.000e+00
145112.50	0.000e+00	0.000e+00	0.000e+00
145113.50	0.000e+00	0.000e+00	0.000e+00
145114.50	0.000e+00	0.000e+00	0.000e+00
145115.50	0.000e+00	0.000e+00	0.000e+00
145116.50	0.000e+00	0.000e+00	0.000e+00
145117.50	0.000e+00	0.000e+00	0.000e+00
145118.50	0.000e+00	0.000e+00	0.000e+00
145119.50	0.000e+00	0.000e+00	0.000e+00
145120.50	0.000e+00	0.000e+00	0.000e+00
145121.50	0.000e+00	0.000e+00	0.000e+00
145122.50	0.000e+00	0.000e+00	0.000e+00
145123.50	0.000e+00	0.000e+00	0.000e+00
145124.50	0.000e+00	0.000e+00	0.000e+00
145125.50	0.000e+00	0.000e+00	0.000e+00
145126.50	0.000e+00	0.000e+00	0.000e+00
145127.50	0.000e+00	0.000e+00	0.000e+00
145128.50	0.000e+00	0.000e+00	0.000e+00
145129.50	0.000e+00	0.000e+00	0.000e+00
145130.50	0.000e+00	0.000e+00	0.000e+00
145131.50	0.000e+00	0.000e+00	0.000e+00
145132.50	0.000e+00	0.000e+00	0.000e+00
145133.50	0.000e+00	0.000e+00	0.000e+00
145134.50	0.000e+00	0.000e+00	0.000e+00
145135.50	0.000e+00	0.000e+00	0.000e+00
145136.50	0.000e+00	0.000e+00	0.000e+00
145137.50	0.000e+00	0.000e+00	0.000e+00
145138.50	0.000e+00	0.000e+00	0.000e+00
145139.50	0.000e+00	0.000e+00	0.000e+00
145140.50	0.000e+00	0.000e+00	0.000e+00
145141.50	0.000e+00	0.000e+00	0.000e+00
145142.50	0.000e+00	0.000e+00	0.000e+00
145143.50	0.000e+00	0.000e+00	0.000e+00
145144.50	0.000e+00	0.000e+00	0.000e+00
145145.50	0.000e+00	0.000e+00	0.000e+00
145146.50	0.000e+00	0.000e+00	0.000e+00
145147.50	0.000e+00	0.000e+00	0.000e+00
145148.50	0.000e+00	0.000e+00	0.000e+00
145149.50	0.000e+00	0.000e+00	0.000e+00
145150.50	0.000e+00	0.000e+00	0.000e+00
145151.50	0.000e+00	0.000e+00	0.000e+00
145152.50	0.000e+00	0.000e+00	0.000e+00
145153.50	0.000e+00	0.000e+00	0.000e+00
145154.50	0.000e+00	0.000e+00	0.000e+00
145155.50	0.000e+00	0.000e+00	0.000e+00
145156.50	0.000e+00	0.000e+00	0.000e+00
145157.50	0.000e+00	0.000e+00	0.000e+00
145158.50	0.000e+00	0.000e+00	0.000e+00
145159.50	0.000e+00	0.000e+00	0.000e+00
145160.50	0.000e+00	0.000e+00	0.000e+00
145161.50	0.000e+00	0.000e+00	0.000e+00
145162.50	0.000e+00	0.000e+00	0.000e+00
145163.50	0.000e+00	0.000e+00	0.000e+00
145164.50	0.000e+00	0.000e+00	0.000e+00
145165.50	0.000e+00	0.000e+00	0.000e+00
145166.50	0.000e+00	0.000e+00	0.000e+00
145167.50	0.000e+00	0.000e+00	0.000e+00
145168.50	0.000e+00	0.000e+00	0.000e+00
145169.50	0.000e+00	0.000e+00	0.000e+00
145170.50	0.000e+00	0.000e+00	0.000e+00
145171.50	0.000e+00	0.000e+00	0.000e+00
145172.50	0.000e+00	0.000e+00	0.000e+00
145173.50	0.000e+00	0.000e+00	0.000e+00
145174.50	0.000e+00	0.000e+00	0.000e+00
145175.50	0.000e+00	0.000e+00	0.000e+00
145176.50	0.000e+00	0.000e+00	0.000e+00
145177.50	0.000e+00	0.000e+00	0.000e+00
145178.50	0.000e+00	0.000e+00	0.000e+00
145179.50	0.000e+00	0.000e+00	0.000e+00
145180.50	0.000e+00	0.000e+00	0.000e+00
145181.50	0.000e+00	0.000e+00	0.000e+00
145182.50	0.000e+00	0.000e+00	0.000e+00
145183.50	0.000e+00	0.000e+00	0.000e+00
145184.50	0.000e+00	0.000e+00	0.000e+00
145185.50	0.000e+00	0.000e+00	0.000e+00
145186.50	0.000e+00	0.000e+00	0.000e+00
145187.50	0.000e+00	0.000e+00	0.000e+00
145188.50	0.000e+00	0.000e+00	0.000e+00
145189.50	0.000e+00	0.000e+00	0.000e+00
145190.50	0.000e+00	0.000e+00	0.000e+00
145191.50	0.000e+00	0.000e+00	0.000e+00
145192.50	0.000e+00	0.000e+00	0.000e+00
145193.50	0.000e+00	0.000e+00	0.000e+00
145194.50	0.000e+00	0.000e+00	0.000e+00
145195.50	0.000e+00	0.000e+00	0.000e+00
145196.50	0.000e+00	0.000e+00	0.000e+00
145197.50	0.000e+00	0.000e+00	0.000e+00
145198.50	0.000e+00	0.000e+00	0.000e+00
145199.50	0.000e+00	0.000e+00	0.000e+00
145200.50	0.000e+00	0.000e+00	0.000e+00
145201.50	0.000e+00	0.000e+00	0.000e+00
145202.50	0.000e+00	0.000e+00	0.000e+00
145203.50	0.000e+00	0.000e+00	0.000e+00
145204.50	0.000e+00	0.000e+00	0.000e+00
145205.50	0.000e+00	0.000e+00	0.000e+00
145206.50	0.000e+00	0.000e+00	0.000e+00
145207.50	0.000e+00	0.000e+00	0.000e+00
145208.50	0.000e+00	0.000e+00	0.000e+00
145209.50	0.000e+00	0.000e+00	0.000e+00
145210.50	0.000e+00	0.000e+00	0.000e+00
145211.50	0.000e+00	0.000e+00	0.000e+00
145212.50	0.000e+00	0.000e+00	0.000e+00
145213.50	0.000e+00	0.000e+00	0.000e+00
145214.50	0.000e+00	0.000e+00	0.000e+00
145215.50	0.000e+00	0.000e+00	0.000e+00
145216.50	0.000e+00	0.000e+00	0.000e+00
145217.50	0.000e+00	0.000e+00	0.000e+00
145218.50	0.000e+00	0.000e+00	0.000e+00
145219.50	0.000e+00	0.000e+00	0.000e+00
145220.50	0.000e+00	0.000e+00	0.000e+00
145221.50	0.000e+00	0.000e+00	0.000e+00
145222.50	0.000e+00	0.000e+00	0.000e+00
145223.50	0.000e+00	0.000e+00	0.000e+00
145224.50	0.000e+00	0.000e+00	0.000e+00
145225.50	9.226e-08	-2.323e-06	2.323e-06
145226.50	-1.104e-04	3.965e-03	-4.752e-04
145227.50	-1.104e-03	2.573e-02	-2.573e-02
145228.50	2.554e-03	-7.200e-02	4.358e-02
145229.50	-8.237e-03	-2.054e-01	-7.814e-01
145230.50	1.133e-01	-4.886e+00	-8.861e-01
145231.50	3.802e-01	-1.325e+01	1.315e+00
145232.50	7.133e-01	-2.410e+01	2.890e+00
145233.50	1.296e+00	-4.378e+01	3.898e+00
145234.50	1.901e+00	-6.643e+01	8.083e-01
145235.50	2.822e+00	-8.717e+01	1.498e+01
145236.50	3.878e+00	-1.248e+02	9.552e+00
145237.50	5.098e+00	-1.507e+02	2.918e+01
145238.50	4.694e+00	-1.402e+02	1.910e+01
145239.50	5.126e+00	-1.517e+02	1.834e+01
145240.50	4.598e+00	-1.315e+02	1.776e+01
145241.50	4.541e+00	-1.363e+02	6.182e+00
145242.50	3.466e+00	-9.024e+01	1.805e+01
145243.50	2.150e+00	-5.366e+01	7.872e+00
145244.50	1.978e+00	-4.013e+01	1.901e+01
145245.50	2.822e-01	-7.853e+00	-1.162e+01
145246.50	2.803e-01	-3.907e-01	-7.968e-01
145247.50	-4.541e-01	2.362e+01	1.181e+00
145248.50	-7.949e-01	3.456e+01	2.170e+00
145249.50	-1.094e+00	3.312e+01	-1.056e+01
145250.50	-1.142e+00	4.128e+01	-9.984e-01
145251.50	-1.478e+00	4.675e+01	-6.230e+00
145252.50	-1.862e+00	5.453e+01	-1.037e+01
145253.50	-1.603e+00	4.186e+01	-1.632e+01
145254.50	-1.507e+00	4.762e+01	-3.667e+00
145255.50	-1.709e+00	5.261e+01	-4.416e+00
145256.50	-1.373e+00	4.666e+01	2.035e+00
145257.50	-1.594e+00	4.186e+01	-1.229e+01
145258.50	-1.315e+00	3.974e+01	-3.437e+00
145259.50	-1.373e+00	4.022e+01	-4.061e+00
145260.50	-1.498e+00	4.080e+01	-8.410e+00
145261.50	-1.286e+00	3.773e+01	-3.110e+00
145262.50	-1.075e+00	3.101e+01	-4.627e+00
145263.50	-1.085e+00	3.264e+01	-1.747e+00
145264.50	-1.056e+00	3.197e+01	-9.283e-01
145265.50	-9.235e-01	2.506e+01	-4.944e+00
145266.50	-9.792e-01	2.640e+01	-5.290e+00
145267.50	-1.094e+00	2.669e+01	-9.341e+00
145268.50	-8.323e-01	2.554e+01	8.611e-02
145269.50	-9.062e-01	2.448e+01	-3.744e+00
145270.50	-7.642e-01	2.160e+01	-2.525e+00
145271.50	-5.347e-01	1.632e+01	-6.845e-01
145272.50	-7.498e-01	2.035e+01	-2.861e+00
145273.50	-7.018e-01	1.862e+01	-3.581e+00
145274.50	-4.589e-01	1.402e+01	-3.475e-01
145275.50	-4.291e-01	1.498e+01	1.795e+00
145276.50	-6.883e-01	1.738e+01	-3.715e+00
145277.50	-5.587e-01	1.498e+01	-2.755e+00
145278.50	-4.262e-01	1.363e+01	6.518e-01
145279.50	-4.387e-01	1.210e+01	-1.766e+00
145280.50	-3.802e-01	1.046e+01	-1.546e+00
145281.50	-4.147e-01	1.181e+01	-1.094e+00
145282.50	-3.888e-01	9.600e+00	-2.851e+00
145283.50	-3.475e-01	1.018e+01	-4.810e-01
145284.50	-2.995e-01	8.659e+00	-4.656e-01
145285.50	-4.186e-01	1.190e+01	-9.149e-01
145286.50	-2.813e-01	8.438e+00	2.208e-01
145287.50	-2.448e-01	7.008e+00	-3.523e-01
145288.50	-2.381e-01	6.691e+00	-2.813e-01
145289.50	-2.726e-01	7.526e+00	-9.235e-01
145290.50	-2.573e-01	7.555e+00	-7.085e-01
145291.50	-3.139e-01	7.430e+00	-2.602e+00
145292.50	-2.246e-01	6.288e+00	-4.032e-01
145293.50	-2.688e-01	6.394e+00	-1.795e+00
145294.50	-1.613e-01	5.827e+00	8.102e-01
145295.50	-1.757e-01	4.589e+00	-5.482e-01
145296.50	-2.467e-01	6.374e+00	-1.142e+00
145297.50	-1.757e-01	4.541e+00	-1.114e+00
145298.50	-1.661e-01	4.426e+00	-7.690e-01
145299.50	-1.152e-01	4.080e+00	1.027e+00
145300.50	-1.910e-01	4.272e+00	-1.958e+00
145301.50	-1.392e-01	4.099e+00	-1.738e-01
145302.50	-1.258e-01	4.378e+00	8.304e-01
145303.50	-1.997e-01	4.646e+00	-1.411e+00
145304.50	-9.888e-02	3.283e+00	3.475e-01
145305.50	-5.568e-02	2.026e+00	4.915e-01
145306.50	-1.008e-01	2.822e+00	-2.890e-01
145307.50	-1.277e-01	3.283e+00	-5.002e-01
145308.50	-1.363e-01	2.909e+00	-1.325e+00
145309.50	-8.630e-02	2.736e+00	3.158e-01
145310.50	-1.104e-01	2.947e+00	-6.710e-01
145311.50	-1.402e-01	3.523e+00	-6.355e-01
145312.50	-7.306e-02	1.680e+00	-9.696e-01
145313.50	-1.632e-02	8.170e-01	1.469e-01
145314.50	-7.334e-02	1.594e+00	-6.106e-01
145315.50	-8.390e-02	2.486e+00	4.560e-02
145316.50	-6.490e-02	1.872e+00	-1.450e-01
145317.50	-8.947e-02	1.786e+00	-7.872e-01
145318.50	-6.893e-02	2.198e+00	2.832e-01
145319.50	-8.122e-02	2.275e+00	-7.421e-02
145320.50	-6.230e-02	1.949e+00	1.565e-01
145321.50	-6.739e-02	1.834e+00	-2.323e-01
145322.50	-7.949e-02	1.776e+00	-8.093e-01
145323.50	-5.059e-02	1.344e+00	-9.389e-02
145324.50	-2.909e-02	1.056e+00	1.594e-01
145325.50	-3.168e-02	1.421e+00	4.992e-01
145326.50	-5.098e-02	1.046e+00	-4.685e-01
145327.50	-8.554e-02	1.795e+00	-5.942e-01
145328.50	-5.770e-02	1.834e+00	1.382e-01
145329.50	-4.762e-02	1.536e+00	2.304e-01
145330.50	-6.730e-02	1.277e+00	-9.696e-01
145331.50	-1.853e-02	3.734e-01	-1.651e-01
145332.50	-3.638e-02	1.037e+00	-1.920e-01
145333.50	-2.640e-02	5.539e-01	-1.526e-01
145334.50	-5.626e-04	4.147e-01	2.669e-01
145335.50	-4.723e-02	1.459e+00	-3.542e-01
145336.50	-2.448e-02	7.901e-01	1.488e-01
145337.50	-2.842e-02	1.104e+00	4.810e-01
145338.50	-3.379e-02	6.902e-01	-5.549e-01
145339.50	-2.371e-02	7.997e-01	1.354e-01
145340.50	-3.552e-02	6.950e-01	-8.698e-02
145341.50	-3.917e-02	1.133e+00	-2.765e-02
145342.50	-3.379e-02	7.450e-01	-3.715e-01
145343.50	-3.379e-02	6.154e-01	-9.696e-02
145344.50	1.555e-02	-1.450e-01	1.661e-01
145345.50	-2.640e-02	8.064e-01	-2.544e-01
145346.50	-3.859e-02	6.509e-01	-4.742e-01
145347.50	-6.547e-02	1.363e+00	-2.515e-01
145348.50	-3.533e-02	1.258e+00	3.610e-01
145349.50	-5.088e-02	1.181e+00	-4.704e-01
145350.50	-1.200e-02	3.926e-02	-2.342e-01
145351.50	-1.133e-02	3.965e-01	2.323e-01
145352.50	-2.074e-02	5.184e-01	-1.027e-01
145353.50	-3.226e-02	5.242e-01	-5.088e-01
145354.50	7.430e-03	2.621e-01	6.538e-01
145355.50	-1.747e-03	2.304e-01	3.610e-02
145356.50	-3.072e-02	3.792e-01	-4.282e-01
145357.50	-1.594e-02	5.933e-01	-7.037e-02
145358.50	-2.592e-02	7.613e-01	4.406e-02
145359.50	-1.536e-02	3.840e-01	-7.795e-02
145360.50	-1.066e-02	2.026e-01	1.229e-01
145361.50	-5.280e-03	-2.726e-01	-6.038e-01
145362.50	-1.440e-03	-8.198e-02	-1.229e-01
145363.50	-1.766e-03	3.312e-01	2.342e-01
145364.50	4.291e-03	-4.819e-02	4.925e-02
145365.50	-2.861e-02	6.950e-01	-8.602e-02
145366.50	-1.306e-02	5.654e-01	2.131e-01
145367.50	-9.494e-03	2.064e-01	2.246e-02
145368.50	-2.640e-02	7.766e-01	-7.728e-02
145369.50	-1.747e-02	3.418e-01	-1.718e-01
145370.50	-1.498e-03	-9.581e-02	-1.814e-01
145371.50	1.123e-02	-1.795e-01	2.390e-01
145372.50	-6.710e-03	3.677e-01	2.093e-01
145373.50	-1.210e-03	6.269e-02	1.181e-01
145374.50	-2.390e-02	2.400e-01	-4.445e-01
145375.50	-1.718e-02	1.882e-01	-2.285e-01
145376.50	-2.362e-02	3.629e-01	-5.290e-01
145377.50	7.776e-04	-7.997e-02	-2.813e-01
145378.50	1.306e-02	2.707e-02	5.318e-01
145379.50	-2.150e-02	6.298e-01	-7.334e-03
145380.50	-4.800e-03	5.078e-01	4.138e-01
145381.50	-1.382e-02	3.158e-01	-2.006e-01
145382.50	2.419e-04	-2.294e-02	1.450e-01
145383.50	-1.171e-02	1.373e-01	-2.717e-01
145384.50	-2.170e-02	2.554e-01	-2.160e-01
145385.50	-4.550e-03	4.205e-01	3.994e-01
145386.50	-7.046e-03	1.210e-01	-3.648e-01
145387.50	-7.978e-03	1.555e-01	6.115e-03
145388.50	-1.613e-02	3.475e-01	1.546e-01
145389.50	-4.397e-03	1.930e-01	-9.130e-02
145390.50	-6.058e-03	2.400e-01	1.306e-01
145391.50	-9.101e-03	3.283e-02	3.533e-02
145392.50	-1.709e-03	1.834e-01	-2.486e-02
145393.50	-2.458e-02	6.931e-01	-2.054e-01
145394.50	-1.373e-02	1.325e-01	-1.171e-01
145395.50	-1.862e-02	2.851e-01	-1.862e-01
145396.50	8.822e-03	-2.803e-02	1.066e-01
145397.50	-1.536e-02	9.062e-02	-2.947e-01
145398.50	-1.200e-02	2.928e-01	-6.979e-02
145399.50	1.344e-03	1.920e-01	1.219e-01
145400.50	5.491e-03	4.810e-02	2.698e-01
145401.50	-1.843e-03	-7.210e-02	-2.170e-01
145402.50	1.622e-02	1.085e-01	3.245e-01
145403.50	-2.054e-02	1.766e-01	-2.266e-01
145404.50	-7.872e-03	1.306e-01	-4.906e-02
145405.50	-1.133e-03	1.776e-01	1.152e-01
145406.50	-1.152e-02	2.381e-01	-1.690e-01
145407.50	-5.146e-03	4.349e-02	8.131e-02
145408.50	-9.034e-03	1.440e-01	-5.712e-03
145409.50	8.746e-03	-1.171e-01	1.152e-01
145410.50	-3.187e-03	1.440e-01	-1.853e-02
145411.50	-2.640e-02	3.187e-01	-6.211e-02
145412.50	2.678e-03	-8.419e-02	1.334e-01
145413.50	-8.640e-03	3.254e-03	-8.362e-02
145414.50	-1.162e-02	8.026e-02	-3.974e-01
145415.50	-2.659e-05	1.123e-01	-4.704e-02
145416.50	2.218e-03	2.880e-02	-8.342e-02
145417.50	1.766e-02	-2.909e-01	3.091e-01
145418.50	-1.690e-02	3.475e-01	-1.930e-01
145419.50	1.440e-02	-3.562e-02	1.498e-01
145420.50	-1.661e-03	8.774e-02	1.594e-01
145421.50	-1.910e-02	2.803e-01	-1.978e-01
145422.50	-6.250e-03	1.430e-01	-4.262e-03
145423.50	1.114e-02	-1.709e-01	-6.499e-02
145424.50	-7.814e-03	1.882e-01	-5.750e-02
145425.50	-8.592e-03	2.275e-01	-4.368e-02
145426.50	1.766e-02	-1.459e-01	3.158e-01
145427.50	6.768e-03	-1.478e-01	1.094e-01
145428.50	-1.181e-02	2.074e-01	-7.450e-02
145429.50	4.627e-03	-4.896e-02	1.306e-01
145430.50	-1.546e-02	2.525e-01	-7.334e-02
145431.50	-2.083e-02	4.176e-01	-3.014e-01
145432.50	-1.037e-02	1.766e-01	-1.008e-01
145433.50	-2.122e-02	3.600e-01	-5.587e-02
145434.50	-1.248e-02	9.984e-02	-1.094e-01
145435.50	1.584e-02	-1.334e-01	2.621e-01
145436.50	1.440e-02	-9.984e-03	2.736e-01
145437.50	4.723e-03	-6.893e-02	-1.613e-01
145438.50	-1.142e-02	2.141e-01	-2.861e-01
145439.50	9.552e-03	-1.565e-01	1.891e-01
145440.50	-1.450e-02	3.062e-01	2.064e-02
145441.50	-6.682e-03	-6.403e-02	-3.898e-01
145442.50	-1.670e-02	3.302e-02	-2.294e-01
145443.50	-1.229e-02	1.373e-01	-1.027e-01
145444.50	4.666e-03	-3.763e-02	8.093e-03
145445.50	1.632e-02	-1.651e-01	1.853e-01
145446.50	-6.010e-03	1.680e-01	9.984e-02
145447.50	-5.482e-04	1.104e-01	7.450e-02
145448.50	-1.286e-02	2.218e-01	-1.363e-01
145449.50	-8.458e-03	1.786e-01	-9.984e-03
145450.50	-6.288e-04	-1.632e-01	-1.066e-01
145451.50	-1.910e-03	1.373e-01	-2.813e-02
145452.50	-1.152e-02	8.227e-02	9.466e-03
145453.50	2.390e-02	-2.717e-01	9.072e-02
145454.50	-5.578e-03	-3.802e-02	2.554e-01
145455.50	-4.973e-03	8.669e-02	1.056e-01
145456.50	-3.034e-03	2.362e-02	-1.440e-02
145457.50	8.899e-04	-9.014e-02	-1.430e-01
145458.50	-6.547e-03	2.102e-01	4.915e-03
145459.50	1.306e-03	-3.974e-02	-1.862e-02
145460.50	-6.778e-03	1.094e-02	-1.190e-01
145461.50	7.738e-03	-5.203e-02	2.064e-01
145462.50	2.698e-03	-1.133e-01	-5.539e-02
145463.50	5.626e-03	4.742e-02	-1.238e-01
145464.50	1.373e-03	5.280e-02	5.510e-02
145465.50	-4.589e-03	7.872e-02	4.118e-02
145466.50	7.939e-03	-2.083e-01	1.411e-01
145467.50	-9.696e-03	1.824e-01	3.120e-02
145468.50	-1.210e-02	2.534e-01	-1.373e-01
145469.50	-5.088e-03	-3.542e-02	-1.661e-01
145470.50	-8.294e-03	1.699e-01	1.584e-03
145471.50	1.555e-03	-9.542e-02	-1.056e-01
145472.50	-7.584e-04	-1.613e-01	-1.766e-01
145473.50	4.272e-03	8.189e-02	1.526e-01
145474.50	-4.214e-03	8.880e-02	-3.264e-03
145475.50	-8.928e-03	1.632e-01	-7.325e-02
145476.50	9.110e-04	9.331e-02	5.357e-02
145477.50	8.669e-04	1.632e-01	2.803e-01
145478.50	-5.491e-03	3.322e-02	-7.728e-02
145479.50	-3.840e-03	3.034e-02	-1.555e-01
145480.50	-9.984e-03	3.168e-01	-9.792e-02
145481.50	2.246e-03	-2.141e-03	-1.613e-02
145482.50	3.274e-03	7.584e-02	1.181e-01
145483.50	1.728e-03	-8.486e-02	1.440e-02
145484.50	1.632e-03	-1.901e-02	1.123e-01
145485.50	-3.552e-03	1.210e-01	5.818e-02
145486.50	-2.429e-03	2.765e-02	5.683e-02
145487.50	-3.802e-03	2.496e-03	-1.382e-01
145488.50	-4.992e-03	2.141e-02	-9.331e-02
145489.50	-2.016e-03	-3.091e-02	-1.363e-01
145490.50	5.280e-03	-2.851e-01	-1.123e-01
145491.50	-5.069e-03	1.430e-02	-1.104e-01
145492.50	-1.382e-02	9.696e-02	-1.805e-01
145493.50	5.904e-03	-5.386e-02	6.566e-02
145494.50	7.555e-03	-2.102e-02	5.770e-02
145495.50	7.507e-03	-2.218e-01	1.421e-02
145496.50	-8.438e-03	9.456e-02	-6.374e-03
145497.50	2.342e-03	1.325e-01	-4.992e-02
145498.50	9.062e-03	-1.555e-01	9.984e-02
145499.50	6.586e-03	-7.795e-02	1.651e-01
145500.50	2.774e-03	5.443e-02	1.478e-01
145501.50	-3.610e-03	8.323e-02	5.789e-02
145502.50	3.773e-03	1.642e-02	4.032e-02
145503.50	-9.226e-03	7.757e-02	-3.888e-02
145504.50	-6.749e-03	1.306e-01	-9.312e-02
145505.50	3.485e-03	-3.005e-02	1.392e-01
145506.50	-9.427e-03	-9.264e-03	-2.717e-01
145507.50	-1.661e-03	1.008e-01	3.610e-03
145508.50	3.955e-03	-1.094e-02	4.070e-02
145509.50	-4.963e-04	-7.478e-04	5.117e-03
145510.50	7.757e-03	-2.170e-02	2.678e-01
145511.50	3.475e-03	-9.590e-02	-7.229e-02
145512.50	-6.019e-03	-2.870e-02	-1.363e-01
145513.50	6.634e-03	-1.200e-02	-2.064e-02
145514.50	1.891e-03	-2.266e-02	7.891e-03
145515.50	4.253e-04	4.618e-02	1.094e-01
145516.50	-3.187e-03	1.306e-01	1.027e-01
145517.50	2.602e-03	-1.325e-02	-3.101e-02
145518.50	-3.302e-03	1.046e-01	9.091e-02
145519.50	1.862e-03	-5.952e-02	-1.334e-04
145520.50	-3.523e-03	1.642e-02	3.062e-02
145521.50	-4.925e-03	-2.477e-02	-1.555e-01
145522.50	-1.805e-03	5.232e-02	1.363e-02
145523.50	2.045e-03	5.021e-02	5.933e-02
145524.50	1.142e-02	-1.555e-01	7.430e-02
145525.50	-3.408e-03	-7.968e-02	-1.018e-01
145526.50	-5.338e-03	-3.226e-02	-1.968e-01
145527.50	7.747e-03	-5.722e-02	1.354e-01
145528.50	-2.035e-03	5.357e-02	1.853e-02
145529.50	-1.133e-02	7.258e-02	-3.120e-01
145530.50	-1.450e-03	7.594e-02	2.669e-02
145531.50	-1.363e-03	-6.624e-02	-4.685e-02
145532.50	6.010e-03	-3.619e-02	9.552e-02
145533.50	1.949e-04	2.698e-02	4.810e-02
145534.50	-8.227e-04	-1.718e-02	-2.515e-02
145535.50	-3.658e-03	8.429e-02	-4.560e-02
145536.50	-3.667e-05	2.861e-02	4.128e-02
145537.50	-2.688e-03	1.507e-01	1.200e-01
145538.50	-4.771e-05	-7.786e-02	-2.554e-02
145539.50	-3.312e-03	1.546e-01	2.314e-02
145540.50	-1.334e-03	4.138e-04	-3.715e-02
145541.50	2.189e-03	2.160e-02	7.910e-02
145542.50	4.675e-03	-1.507e-01	3.101e-03
145543.50	-2.189e-03	7.219e-03	-8.938e-02
145544.50	1.834e-03	6.000e-02	1.354e-01
145545.50	7.037e-03	-6.912e-02	9.600e-02
145546.50	-4.368e-03	7.363e-02	-7.277e-02
145547.50	-5.587e-03	2.774e-02	-1.315e-01
145548.50	2.592e-03	3.830e-06	4.886e-02
145549.50	-9.696e-03	9.581e-02	-1.171e-01
145550.50	-9.984e-02	-1.402e-01	-1.325e-01
145551.50	-2.928e-02	2.266e-02	1.056e-01
145552.50	-4.963e-03	8.669e-02	-5.712e-02
145553.50	2.794e-03	-1.728e-01	-9.466e-02
145554.50	3.677e-02	-1.267e-01	5.885e-02
145555.50	2.458e-02	-6.259e-02	1.354e-01
145556.50	-7.411e-04	5.395e-03	8.851e-02
145557.50	-4.656e-03	-1.776e-02	-1.690e-01
145558.50	-2.074e-03	-2.986e-02	-1.459e-02
145559.50	-1.488e-03	-2.026e-02	-7.325e-02
145560.50	8.256e-04	3.456e-02	1.354e-02
145561.50	7.440e-03	1.085e-01	-1.210e-02
145562.50	4.531e-03	7.680e-02	3.629e-03
145563.50	8.659e-04	-6.874e-02	-5.914e-02
145564.50	-7.786e-03	4.858e-02	-6.317e-02
145565.50	9.014e-04	6.576e-02	7.075e-02
145566.50	-3.782e-03	1.066e-01	-3.370e-02
145567.50	2.304e-02	-6.720e-02	3.725e-02
145568.50	1.507e-02	-2.976e-02	1.632e-02
145569.50	6.931e-03	-2.947e-02	1.104e-01
145570.50	-3.715e-03	6.672e-02	2.621e-02
145571.50	-6.221e-04	-1.046e-01	-6.144e-02
145572.50	6.768e-03	-6.451e-02	5.798e-02
145573.50	9.696e-04	3.178e-02	1.104e-01
145574.50	-2.198e-03	-1.008e-02	-6.768e-02
145575.50	-6.806e-03	1.430e-01	1.517e-02
145576.50	-2.035e-03	1.709e-02	-4.982e-02
145577.50	1.085e-02	-5.645e-02	1.891e-01
145578.50	5.347e-03	-1.987e-02	1.008e-01
145579.50	7.123e-04	-9.158e-02	-5.952e-02
145580.50	-7.546e-04	-1.027e-01	-1.162e-01
145581.50	-1.027e-02	1.805e-01	-7.402e-02
145582.50	-5.434e-03	1.603e-01	3.542e-02
145583.50	-8.294e-04	1.123e-01	3.389e-02
145584.50	2.342e-03	-7.229e-02	-4.224e-04
145585.50	-2.093e-03	3.600e-02	6.413e-03
145586.50	2.746e-03	-4.973e-02	4.771e-02
145587.50	-1.738e-03	2.573e-02	-5.098e-03
145588.50	4.464e-03	-5.846e-03	5.846e-02
145589.50	1.046e-03	-3.811e-02	2.822e-02
145590.50	8.371e-03	1.267e-01	1.066e-01
145591.50	3.629e-02	3.514e-02	-3.062e-03
145592.50	1.402e-02	1.555e-02	1.075e-01
145593.50	-1.517e-02	7.555e-02	-7.066e-02
145594.50	1.690e-02	-4.790e-02	9.283e-03
145595.50	1.085e-02	-6.547e-02	-8.045e-02
145596.50	4.282e-02	1.315e-01	5.846e-03
145597.50	5.818e-03	2.294e-02	-7.392e-02
145598.50	-7.469e-03	2.899e-02	-9.418e-02
145599.50	-1.574e-02	-1.910e-02	-1.555e-01
145600.50	-1.190e-02	-1.018e-01	-3.552e-02
145601.50	3.859e-04	-3.485e-02	-5.261e-02
