145003.50	0.000e+00	0.000e+00	0.000e+00
145004.50	0.000e+00	0.000e+00	0.000e+00
145005.50	0.000e+00	0.000e+00	0.000e+00
145006.50	0.000e+00	0.000e+00	0.000e+00
145007.50	0.000e+00	0.000e+00	0.000e+00
145008.50	0.000e+00	0.000e+00	0.000e+00
145009.50	0.000e+00	0.000e+00	0.000e+00
145010.50	0.000e+00	0.000e+00	0.000e+00
145011.50	0.000e+00	0.000e+00	0.000e+00
145012.50	0.000e+00	0.000e+00	0.000e+00
145013.50	0.000e+00	0.000e+00	0.000e+00
145014.50	0.000e+00	0.000e+00	0.000e+00
145015.50	0.000e+00	0.000e+00	0.000e+00
145016.50	0.000e+00	0.000e+00	0.000e+00
145017.50	0.000e+00	0.000e+00	0.000e+00
145018.50	0.000e+00	0.000e+00	0.000e+00
145019.50	0.000e+00	0.000e+00	0.000e+00
145020.50	0.000e+00	0.000e+00	0.000e+00
145021.50	0.000e+00	0.000e+00	0.000e+00
145022.50	0.000e+00	0.000e+00	0.000e+00
145023.50	0.000e+00	0.000e+00	0.000e+00
145024.50	0.000e+00	0.000e+00	0.000e+00
145025.50	0.000e+00	0.000e+00	0.000e+00
145026.50	0.000e+00	0.000e+00	0.000e+00
145027.50	0.000e+00	0.000e+00	0.000e+00
145028.50	0.000e+00	0.000e+00	0.000e+00
145029.50	0.000e+00	0.000e+00	0.000e+00
145030.50	0.000e+00	0.000e+00	0.000e+00
145031.50	0.000e+00	0.000e+00	0.000e+00
145032.50	0.000e+00	0.000e+00	0.000e+00
145033.50	0.000e+00	0.000e+00	0.000e+00
145034.50	0.000e+00	0.000e+00	0.000e+00
145035.50	0.000e+00	0.000e+00	0.000e+00
145036.50	0.000e+00	0.000e+00	0.000e+00
145037.50	0.000e+00	0.000e+00	0.000e+00
145038.50	0.000e+00	0.000e+00	0.000e+00
145039.50	0.000e+00	0.000e+00	0.000e+00
145040.50	0.000e+00	0.000e+00	0.000e+00
145041.50	0.000e+00	0.000e+00	0.000e+00
145042.50	0.000e+00	0.000e+00	0.000e+00
145043.50	0.000e+00	0.000e+00	0.000e+00
145044.50	0.000e+00	0.000e+00	0.000e+00
145045.50	0.000e+00	0.000e+00	0.000e+00
145046.50	0.000e+00	0.000e+00	0.000e+00
145047.50	0.000e+00	0.000e+00	0.000e+00
145048.50	0.000e+00	0.000e+00	0.000e+00
145049.50	0.000e+00	0.000e+00	0.000e+00
145050.50	0.000e+00	0.000e+00	0.000e+00
145051.50	0.000e+00	0.000e+00	0.000e+00
145052.50	0.000e+00	0.000e+00	0.000e+00
145053.50	0.000e+00	0.000e+00	0.000e+00
145054.50	0.000e+00	0.000e+00	0.000e+00
145055.50	0.000e+00	0.000e+00	0.000e+00
145056.50	0.000e+00	0.000e+00	0.000e+00
145057.50	0.000e+00	0.000e+00	0.000e+00
145058.50	0.000e+00	0.000e+00	0.000e+00
145059.50	0.000e+00	0.000e+00	0.000e+00
145060.50	0.000e+00	0.000e+00	0.000e+00
145061.50	0.000e+00	0.000e+00	0.000e+00
145062.50	0.000e+00	0.000e+00	0.000e+00
145063.50	0.000e+00	0.000e+00	0.000e+00
145064.50	0.000e+00	0.000e+00	0.000e+00
145065.50	0.000e+00	0.000e+00	0.000e+00
145066.50	0.000e+00	0.000e+00	0.000e+00
145067.50	0.000e+00	0.000e+00	0.000e+00
145068.50	0.000e+00	0.000e+00	0.000e+00
145069.50	0.000e+00	0.000e+00	0.000e+00
145070.50	0.000e+00	0.000e+00	0.000e+00
145071.50	0.000e+00	0.000e+00	0.000e+00
145072.50	0.000e+00	0.000e+00	0.000e+00
145073.50	0.000e+00	0.000e+00	0.000e+00
145074.50	0.000e+00	0.000e+00	0.000e+00
145075.50	0.000e+00	0.000e+00	0.000e+00
145076.50	0.000e+00	0.000e+00	0.000e+00
145077.50	0.000e+00	0.000e+00	0.000e+00
145078.50	0.000e+00	0.000e+00	0.000e+00
145079.50	0.000e+00	0.000e+00	0.000e+00
145080.50	0.000e+00	0.000e+00	0.000e+00
145081.50	0.000e+00	0.000e+00	0.000e+00
145082.50	0.000e+00	0.000e+00	0.000e+00
145083.50	0.000e+00	0.000e+00	0.000e+00
145084.50	0.000e+00	0.000e+00	0.000e+00
145085.50	0.000e+00	0.000e+00	0.000e+00
145086.50	0.000e+00	0.000e+00	0.000e+00
145087.50	0.000e+00	0.000e+00	0.000e+00
145088.50	0.000e+00	0.000e+00	0.000e+00
145089.50	0.000e+00	0.000e+00	0.000e+00
145090.50	0.000e+00	0.000e+00	0.000e+00
145091.50	0.000e+00	0.000e+00	0.000e+00
145092.50	0.000e+00	0.000e+00	0.000e+00
145093.50	0.000e+00	0.000e+00	0.000e+00
145094.50	0.000e+00	0.000e+00	0.000e+00
145095.50	0.000e+00	0.000e+00	0.000e+00
145096.50	0.000e+00	0.000e+00	0.000e+00
145097.50	0.000e+00	0.000e+00	0.000e+00
145098.50	0.000e+00	0.000e+00	0.000e+00
145099.50	0.000e+00	0.000e+00	0.000e+00
145100.50	0.000e+00	0.000e+00	0.000e+00
145101.50	0.000e+00	0.000e+00	0.000e+00
145102.50	0.000e+00	0.000e+00	0.000e+00
145103.50	0.000e+00	0.000e+00	0.000e+00
145104.50	0.000e+00	0.000e+00	0.000e+00
145105.50	0.000e+00	0.000e+00	0.000e+00
145106.50	0.000e+00	0.000e+00	0.000e+00
145107.50	0.000e+00	0.000e+00	0.000e+00
145108.50	-5.635e-04	1.373e-02	1.382e-02
145109.50	6.787e-04	-1.651e-02	-2.122e-02
145110.50	-7.891e-05	5.251e-03	5.760e-03
145111.50	1.910e-03	-8.861e-03	-5.472e-02
145112.50	-1.728e-03	2.045e-02	4.867e-03
145113.50	-1.248e-03	2.765e-03	4.608e-02
145114.50	-7.824e-05	-3.283e-03	-2.486e-03
145115.50	7.075e-04	2.774e-02	6.499e-03
145116.50	7.805e-04	2.026e-02	-1.027e-02
145117.50	2.093e-05	-1.565e-02	-5.779e-03
145118.50	8.381e-04	-2.515e-02	5.597e-03
145119.50	-2.755e-03	-4.397e-01	4.483e-02
145120.50	-4.560e-04	2.698e-01	5.366e-01
145121.50	3.936e-04	9.696e-02	1.286e-01
145122.50	1.968e-03	1.478e-01	-3.792e-02
145123.50	1.411e-03	-8.611e-02	-4.790e-01
145124.50	-1.018e-03	-1.882e-01	1.306e-01
145125.50	-6.864e-03	-1.114e+00	-1.200e-01
145126.50	-6.547e-03	-1.229e+00	2.323e-01
145127.50	-3.456e-02	-6.739e+00	5.606e-01
145128.50	-1.344e-01	-2.602e+01	2.179e+00
145129.50	-3.235e-01	-7.027e+01	1.085e+00
145130.50	-7.814e-01	-1.747e+02	4.013e+00
145131.50	-1.450e+00	-3.312e+02	1.277e+01
145132.50	-1.709e+00	-4.147e+02	1.037e+01
145133.50	-1.680e+00	-4.253e+02	1.613e+01
145134.50	-1.200e+00	-3.322e+02	6.710e+00
145135.50	1.075e-01	-1.805e+01	-3.024e+00
145136.50	5.338e-01	9.600e+01	-1.066e+01
145137.50	6.739e-01	1.478e+02	-6.403e+00
145138.50	6.077e-01	1.411e+02	-3.178e+00
145139.50	5.549e-01	1.248e+02	-7.152e+00
145140.50	5.222e-01	1.094e+02	-1.392e+01
145141.50	3.418e-01	9.082e+01	4.944e+00
145142.50	3.120e-01	8.285e+01	4.704e+00
145143.50	3.082e-01	7.162e+01	-3.974e+00
145144.50	2.870e-01	6.816e+01	-3.101e+00
145145.50	2.582e-01	6.250e+01	-2.525e+00
145146.50	1.930e-01	5.414e+01	8.448e-01
145147.50	2.314e-01	4.906e+01	-8.573e+00
145148.50	1.939e-01	4.704e+01	-3.475e-01
145149.50	1.574e-01	4.070e+01	-8.054e-02
145150.50	1.392e-01	3.802e+01	1.094e+00
145151.50	1.171e-01	3.235e+01	-8.851e-01
145152.50	1.411e-01	3.581e+01	-1.450e+00
145153.50	1.075e-01	2.918e+01	5.904e-01
145154.50	1.123e-01	2.928e+01	1.651e+00
145155.50	9.696e-02	2.602e+01	-1.651e+00
145156.50	8.966e-02	2.112e+01	-7.622e-01
145157.50	8.026e-02	1.958e+01	-9.158e-02
145158.50	8.304e-02	2.266e+01	-2.256e-01
145159.50	5.741e-02	1.747e+01	3.504e-01
145160.50	7.498e-02	1.805e+01	-1.459e+00
145161.50	4.934e-02	1.814e+01	2.218e+00
145162.50	6.115e-02	1.594e+01	4.454e-01
145163.50	6.432e-02	1.757e+01	1.421e-01
145164.50	6.586e-02	1.334e+01	-3.197e+00
145165.50	6.307e-02	1.315e+01	-2.275e+00
145166.50	3.034e-02	1.392e+01	6.893e-01
145167.50	4.666e-02	1.363e+01	-4.992e-02
145168.50	2.093e-02	8.842e+00	1.632e-01
145169.50	3.638e-02	9.984e+00	3.053e-01
145170.50	3.302e-02	9.331e+00	-8.813e-02
145171.50	4.013e-02	9.600e+00	5.251e-01
145172.50	3.206e-02	8.842e+00	-6.778e-01
145173.50	6.451e-03	6.768e+00	1.162e+00
145174.50	1.728e-02	7.901e+00	2.170e+00
145175.50	1.334e-02	7.258e+00	9.178e-01
145176.50	2.035e-02	7.094e+00	-2.755e-01
145177.50	2.035e-02	6.394e+00	2.870e-01
145178.50	2.544e-02	6.000e+00	-9.062e-01
145179.50	1.469e-02	6.182e+00	8.006e-01
145180.50	1.814e-02	5.904e+00	-1.325e-01
145181.50	2.218e-02	4.656e+00	-1.344e-01
145182.50	1.469e-02	4.915e+00	-6.000e-01
145183.50	1.056e-02	5.050e+00	4.234e-01
145184.50	1.008e-02	4.752e+00	-4.742e-01
145185.50	1.862e-02	4.704e+00	-1.200e-01
145186.50	1.536e-02	3.984e+00	9.504e-01
145187.50	2.294e-02	3.370e+00	-9.600e-01
145188.50	6.826e-03	3.619e+00	1.027e+00
145189.50	2.131e-02	4.282e+00	-1.978e-01
145190.50	-6.077e-04	2.352e+00	4.915e-01
145191.50	1.546e-02	3.917e+00	7.114e-01
145192.50	-4.771e-03	3.504e+00	-1.469e-01
145193.50	1.738e-03	2.170e+00	-4.080e-01
145194.50	7.632e-03	3.149e+00	-1.267e+00
145195.50	9.888e-03	3.245e+00	-2.141e-02
145196.50	2.880e-03	2.102e+00	-3.178e-01
145197.50	-1.642e-04	2.035e+00	-2.688e-02
145198.50	1.450e-02	2.986e+00	7.171e-01
145199.50	6.979e-03	2.026e+00	2.688e-02
145200.50	-4.301e-03	1.258e+00	2.381e-01
145201.50	-3.043e-04	1.430e+00	3.418e-01
145202.50	8.813e-03	2.381e+00	1.450e-01
145203.50	1.229e-02	1.978e+00	-6.134e-01
145204.50	6.989e-03	1.517e+00	7.382e-01
145205.50	1.574e-02	2.045e+00	-1.248e+00
145206.50	3.869e-03	1.152e+00	-4.570e-01
145207.50	-1.814e-03	1.891e+00	3.187e-01
145208.50	7.402e-03	1.488e+00	4.109e-01
145209.50	6.797e-03	1.210e+00	-8.198e-01
145210.50	1.056e-02	2.064e+00	5.654e-01
145211.50	9.331e-03	9.600e-01	-4.282e-01
145212.50	2.074e-03	6.413e-01	3.811e-01
145213.50	-1.613e-03	8.842e-01	-3.533e-01
145214.50	1.267e-02	7.546e-01	-6.029e-01
145215.50	-4.800e-03	2.237e-01	1.997e-01
145216.50	2.458e-03	1.382e+00	2.506e-01
145217.50	-4.579e-03	1.066e+00	2.592e-01
145218.50	7.440e-04	1.267e+00	-8.074e-02
145219.50	9.264e-03	1.296e+00	1.238e-01
145220.50	-5.203e-03	4.416e-01	6.490e-01
145221.50	-4.512e-03	7.747e-01	1.690e-01
145222.50	-1.642e-03	7.766e-01	-4.886e-01
145223.50	1.421e-02	4.944e-01	1.862e-01
145224.50	9.043e-03	3.494e-01	-9.571e-02
145225.50	-3.149e-03	1.094e+00	-4.915e-01
145226.50	-2.822e-02	7.978e-01	9.043e-02
145227.50	-7.574e-02	7.325e-01	4.637e-01
145228.50	2.189e-03	8.275e-01	-2.122e-02
145229.50	-4.742e-03	7.507e-01	3.254e-01
145230.50	4.733e-03	6.442e-01	-3.686e-01
145231.50	7.776e-03	1.795e-01	-6.384e-01
145232.50	1.066e-01	5.846e-01	-5.894e-01
145233.50	-4.618e-03	3.869e-01	6.854e-01
145234.50	8.208e-03	9.062e-01	-4.579e-01
145235.50	3.638e-03	7.891e-01	-2.054e-01
145236.50	3.043e-03	4.330e-01	-1.603e-01
145237.50	-3.293e-03	1.075e-01	4.886e-01
145238.50	-2.160e-03	5.376e-01	2.611e-01
145239.50	-1.334e-03	4.896e-01	1.056e-01
145240.50	8.160e-03	1.238e-01	-5.232e-01
145241.50	-5.126e-03	3.072e-01	-9.264e-03
145242.50	2.064e-03	7.142e-01	7.968e-02
145243.50	-4.176e-03	1.171e-01	-2.141e-01
145244.50	4.627e-03	2.189e-01	-1.536e-01
145245.50	-6.058e-03	-1.440e-01	2.688e-01
145246.50	7.094e-04	2.045e-01	5.818e-01
145247.50	5.395e-04	2.995e-01	-5.453e-01
145248.50	8.803e-04	8.851e-01	2.544e-01
145249.50	2.496e-03	5.808e-01	-4.646e-01
145250.50	-1.296e-03	1.536e-02	-5.962e-01
145251.50	-4.771e-03	3.648e-01	1.171e-01
145252.50	2.141e-03	3.264e-01	2.102e-01
145253.50	5.232e-03	7.258e-01	7.075e-03
145254.50	-3.254e-03	5.376e-01	-2.285e-02
145255.50	-7.738e-03	-1.728e-02	2.477e-01
145256.50	6.086e-03	2.131e-02	2.371e-01
145257.50	6.749e-03	5.558e-01	-4.646e-01
145258.50	5.424e-04	4.032e-02	-8.467e-02
145259.50	-1.325e-02	-2.458e-01	2.650e-01
145260.50	-1.603e-02	4.618e-01	-1.930e-01
145261.50	1.987e-03	1.939e-01	3.341e-01
145262.50	-1.267e-03	3.322e-01	6.528e-01
145263.50	-1.795e-02	2.342e-01	-8.525e-02
145264.50	1.939e-02	-1.181e-01	1.440e-02
145265.50	-1.037e-02	-7.632e-03	7.344e-02
145266.50	-7.229e-03	5.405e-01	-4.243e-01
145267.50	8.851e-03	-1.757e-01	4.176e-01
145268.50	9.350e-03	3.389e-01	-3.514e-02
145269.50	-9.600e-04	-8.064e-03	1.258e-01
145270.50	-2.448e-03	1.046e-02	4.253e-01
145271.50	1.661e-03	7.862e-02	-1.536e-01
145272.50	-5.731e-03	2.333e-01	-3.754e-02
145273.50	-5.386e-03	2.582e-01	7.478e-02
145274.50	4.522e-03	2.602e-01	-1.267e-01
145275.50	5.568e-03	1.258e-01	2.880e-01
145276.50	-1.901e-03	1.766e-01	-4.070e-01
145277.50	-4.608e-03	1.450e-01	1.133e-02
145278.50	4.550e-03	3.773e-01	-3.139e-01
145279.50	3.840e-03	1.450e-01	-2.275e-01
145280.50	-2.486e-03	-1.536e-01	-1.594e-01
145281.50	-2.506e-04	1.853e-01	2.371e-02
145282.50	-8.525e-04	5.568e-02	-2.458e-01
145283.50	1.997e-03	2.458e-01	9.322e-02
145284.50	1.622e-02	1.354e-02	1.507e-01
145285.50	3.917e-03	7.123e-02	1.200e-01
145286.50	-5.174e-03	-3.466e-01	8.938e-02
145287.50	1.843e-03	-5.731e-02	3.590e-02
145288.50	-1.123e-02	2.074e-01	-7.344e-02
145289.50	5.971e-03	2.851e-01	-1.690e-02
145290.50	-5.587e-03	-1.325e-01	5.251e-02
145291.50	-3.648e-03	-3.629e-03	-1.517e-01
145292.50	-2.602e-03	2.621e-01	2.285e-02
145293.50	-4.042e-03	-7.757e-02	1.325e-01
145294.50	6.931e-03	3.811e-02	-5.088e-02
145295.50	3.053e-03	1.190e-01	-3.552e-02
145296.50	-1.709e-04	3.274e-01	-4.973e-01
145297.50	-2.189e-03	1.152e-01	1.421e-01
145298.50	5.760e-03	-8.026e-02	7.094e-02
145299.50	-1.190e-03	-1.392e-01	5.203e-02
145300.50	1.843e-03	8.131e-02	2.131e-02
145301.50	2.016e-03	3.686e-01	1.824e-01
145302.50	1.978e-03	1.584e-01	-3.360e-01
145303.50	2.064e-04	1.008e-01	-5.942e-02
145304.50	-1.018e-03	1.229e-02	7.805e-02
145305.50	-1.286e-03	1.392e-01	1.555e-01
145306.50	-4.214e-03	-1.450e-01	3.053e-02
145307.50	-3.821e-03	-2.074e-01	-6.605e-02
145308.50	2.765e-03	1.814e-01	-2.870e-02
145309.50	-3.754e-03	2.669e-01	1.325e-01
145310.50	-6.970e-04	-2.179e-02	2.861e-01
145311.50	6.240e-04	1.267e-01	-1.776e-01
145312.50	1.747e-03	2.554e-01	7.459e-02
145313.50	8.314e-04	-1.210e-01	1.018e-01
145314.50	6.394e-04	1.066e-01	-6.691e-04
145315.50	-4.560e-03	-8.774e-02	-1.248e-01
145316.50	-3.552e-03	3.130e-02	2.045e-01
145317.50	4.675e-03	5.194e-02	3.965e-02
145318.50	1.882e-03	1.910e-01	1.958e-01
145319.50	-1.046e-03	5.270e-02	-1.066e-02
145320.50	-5.261e-03	1.277e-01	8.371e-02
145321.50	3.456e-03	1.411e-01	-1.037e-01
145322.50	3.283e-03	-7.805e-03	7.891e-02
145323.50	1.939e-04	2.160e-01	1.363e-01
145324.50	2.534e-03	3.898e-01	9.888e-02
145325.50	-2.650e-03	-1.373e-01	1.248e-01
145326.50	-2.486e-03	-1.133e-01	2.179e-01
145327.50	7.200e-03	1.805e-01	-1.286e-01
145328.50	-3.178e-03	-2.045e-02	-1.584e-01
145329.50	-3.062e-03	-2.141e-01	3.427e-02
145330.50	7.670e-05	1.354e-01	-8.112e-02
145331.50	1.152e-02	1.728e-01	-1.901e-01
145332.50	-3.034e-03	-1.834e-02	9.600e-02
145333.50	3.878e-03	7.824e-02	-6.893e-02
145334.50	6.989e-03	-2.285e-01	-1.037e-01
145335.50	-7.075e-03	8.947e-03	5.078e-02
145336.50	-3.005e-04	7.229e-02	-7.565e-02
145337.50	-2.256e-03	9.792e-02	1.133e-01
145338.50	5.213e-04	1.181e-01	9.053e-02
145339.50	-3.446e-03	1.747e-01	5.040e-02
145340.50	4.070e-03	-1.699e-01	-9.696e-02
145341.50	-6.826e-03	-1.814e-01	4.397e-02
145342.50	-2.400e-03	-1.469e-02	2.486e-01
145343.50	-9.888e-04	6.998e-02	2.122e-01
145344.50	2.102e-04	2.918e-01	-3.974e-02
145345.50	2.774e-03	-5.510e-02	1.258e-01
145346.50	1.344e-03	-1.805e-02	-1.555e-01
145347.50	-3.350e-03	2.986e-02	1.008e-02
145348.50	-5.261e-03	3.437e-02	-2.880e-02
145349.50	1.690e-03	3.485e-02	-1.987e-01
145350.50	1.718e-03	-1.939e-02	-2.266e-01
145351.50	-1.939e-03	3.264e-02	7.642e-02
145352.50	-5.040e-03	-3.610e-01	7.517e-02
145353.50	-2.256e-03	-7.248e-02	-9.696e-04
145354.50	1.334e-03	1.286e-01	2.534e-01
145355.50	-6.077e-03	8.006e-02	1.459e-02
145356.50	6.989e-03	3.245e-01	1.459e-02
145357.50	3.562e-03	-1.037e-02	-1.920e-01
145358.50	-1.901e-03	-1.085e-01	1.411e-01
145359.50	9.792e-04	-1.632e-01	-1.315e-01
145360.50	3.878e-03	-2.419e-02	-1.411e-01
145361.50	-1.709e-03	8.448e-02	-5.510e-03
145362.50	-8.333e-04	-7.421e-02	-1.536e-01
145363.50	-2.602e-03	-7.872e-02	-4.512e-02
145364.50	-1.690e-03	6.499e-02	5.654e-02
145365.50	2.122e-03	3.206e-03	-5.981e-02
145366.50	7.027e-03	3.552e-02	9.792e-02
145367.50	7.133e-03	6.864e-02	-2.266e-02
145368.50	5.606e-03	1.085e-01	1.162e-01
145369.50	8.755e-05	-4.435e-02	6.221e-02
145370.50	-1.795e-03	-1.459e-01	-3.514e-02
145371.50	-2.275e-03	-1.430e-01	-3.648e-02
145372.50	-7.344e-04	3.024e-02	7.114e-02
145373.50	-7.421e-04	2.362e-01	4.022e-02
145374.50	-1.517e-03	-5.338e-02	-1.594e-02
145375.50	-9.235e-05	-1.085e-01	-1.891e-02
145376.50	-2.851e-05	3.322e-02	-7.085e-02
145377.50	-1.142e-02	1.517e-01	-1.162e-01
145378.50	-5.155e-04	5.203e-02	9.888e-03
145379.50	5.731e-04	4.560e-03	4.243e-02
145380.50	1.450e-03	-3.168e-02	-1.987e-01
145381.50	8.122e-05	5.990e-03	1.181e-01
145382.50	4.685e-03	7.795e-02	-1.670e-01
145383.50	1.776e-03	-1.824e-01	-9.466e-02
145384.50	-2.198e-03	-5.069e-02	2.189e-01
145385.50	-4.406e-03	1.104e-01	-1.517e-01
145386.50	-5.107e-04	2.179e-02	-1.190e-01
145387.50	-4.579e-03	-8.189e-02	-3.235e-02
145388.50	6.019e-04	1.296e-01	1.843e-01
145389.50	-5.482e-04	-1.248e-01	-4.166e-02
145390.50	-3.168e-03	5.539e-03	7.229e-02
145391.50	-1.738e-03	1.056e-01	-1.421e-02
145392.50	-2.938e-03	-5.126e-04	7.430e-02
145393.50	6.912e-04	7.565e-02	-1.142e-02
145394.50	1.402e-03	1.402e-02	-9.888e-02
145395.50	-1.325e-03	1.498e-01	1.526e-01
145396.50	-6.230e-03	-1.411e-01	-6.605e-02
145397.50	-1.632e-04	-5.251e-02	3.715e-02
145398.50	5.568e-03	-2.870e-02	7.728e-02
145399.50	7.363e-04	-1.354e-01	-7.430e-02
145400.50	-3.322e-03	-2.410e-02	-6.182e-02
145401.50	-6.682e-03	-5.184e-03	1.853e-03
145402.50	7.728e-03	6.086e-02	-1.200e-01
145403.50	3.014e-02	2.390e-01	-1.133e-02
145404.50	1.978e-03	1.152e-01	-4.138e-02
145405.50	1.642e-02	1.306e-01	-9.043e-02
145406.50	8.342e-03	7.805e-02	7.152e-02
145407.50	-5.088e-02	-3.264e-01	1.440e-01
145408.50	-1.853e-02	-1.536e-01	2.563e-02
145409.50	2.246e-02	1.901e-01	1.651e-02
145410.50	2.074e-02	2.093e-01	-4.080e-02
145411.50	-3.437e-02	-2.237e-01	1.517e-01
145412.50	2.630e-03	-3.734e-02	-1.776e-02
145413.50	6.163e-03	7.027e-02	3.466e-02
145414.50	6.442e-03	7.824e-02	-1.690e-02
145415.50	1.651e-02	6.874e-02	1.315e-02
145416.50	-4.176e-03	-9.888e-02	1.306e-02
145417.50	1.930e-03	2.381e-02	-1.862e-02
145418.50	5.472e-03	-1.066e-01	3.571e-02
145419.50	1.546e-02	4.234e-02	4.896e-02
145420.50	-1.546e-02	6.144e-02	-3.024e-02
145421.50	-7.315e-03	3.226e-02	-6.682e-02
145422.50	-1.066e-02	-3.197e-02	-4.512e-02
145423.50	4.358e-03	9.389e-03	-5.357e-02
145424.50	7.997e-03	-7.747e-02	-1.574e-01
145425.50	6.739e-04	-1.219e-01	-6.096e-02
145426.50	-2.026e-02	-7.114e-02	3.504e-02
145427.50	9.206e-03	6.595e-02	-5.136e-02
145428.50	1.133e-02	-4.819e-02	-3.360e-02
145429.50	-4.301e-03	3.629e-03	1.027e-02
145430.50	-4.896e-03	1.642e-01	-3.984e-02
145431.50	2.726e-03	7.325e-02	-2.486e-02
145432.50	1.728e-03	5.146e-03	2.198e-02
145433.50	-2.170e-03	7.565e-02	6.173e-02
145434.50	-8.688e-05	-7.891e-02	-6.749e-02
145435.50	1.469e-03	7.277e-02	-1.210e-02
145436.50	6.173e-03	2.122e-02	9.984e-02
145437.50	1.286e-02	1.258e-01	3.302e-02
145438.50	-3.830e-03	5.597e-02	1.238e-01
145439.50	-1.210e-02	-1.315e-01	1.738e-01
145440.50	-4.464e-03	-7.373e-02	1.085e-02
145441.50	1.536e-02	-1.651e-03	-1.526e-01
145442.50	5.117e-03	5.674e-02	1.776e-01
145443.50	-6.912e-04	5.318e-02	-4.464e-02
145444.50	4.032e-03	1.008e-01	-3.494e-02
145445.50	8.352e-05	4.176e-02	4.464e-02
145446.50	-4.906e-03	-6.528e-02	-2.352e-02
145447.50	2.314e-03	7.843e-04	-1.526e-01
145448.50	3.427e-03	1.210e-01	-5.194e-02
145449.50	1.402e-04	5.616e-03	6.662e-02
145450.50	3.648e-03	4.934e-02	8.448e-02
145451.50	1.018e-03	-2.054e-02	1.603e-01
145452.50	2.304e-03	-3.062e-02	-1.229e-01
145453.50	-3.350e-04	2.006e-01	-1.018e-01
145454.50	-6.634e-03	-4.675e-02	-1.075e-01
145455.50	-5.990e-03	4.896e-02	2.938e-02
145456.50	6.250e-03	-4.349e-02	2.381e-03
145457.50	9.696e-03	-2.227e-02	-6.950e-02
145458.50	9.024e-04	-2.419e-02	-8.794e-02
145459.50	-1.238e-03	-7.142e-02	-2.093e-02
145460.50	-8.438e-04	-9.331e-03	5.213e-03
145461.50	-1.872e-03	-9.792e-02	-8.467e-03
145462.50	-1.680e-04	1.181e-01	-7.757e-03
145463.50	2.995e-03	1.171e-01	5.702e-02
145464.50	4.090e-03	2.314e-02	-2.400e-03
145465.50	-3.811e-03	7.210e-02	-5.126e-03
145466.50	1.584e-03	-3.696e-02	-9.034e-02
145467.50	4.915e-03	-1.219e-01	5.904e-02
145468.50	1.584e-02	7.306e-02	-5.011e-02
145469.50	4.474e-03	-1.862e-02	-8.170e-02
145470.50	-1.142e-03	-5.213e-02	3.744e-02
145471.50	-1.219e-02	-7.488e-02	-8.208e-02
145472.50	-1.402e-02	-5.261e-02	-1.469e-02
145473.50	-5.731e-05	3.504e-02	3.389e-02
145474.50	1.334e-03	4.656e-02	-2.227e-02
145475.50	6.998e-03	-5.203e-02	2.275e-02
145476.50	-6.605e-03	-5.837e-02	1.027e-01
145477.50	-1.411e-03	-6.960e-02	1.901e-01
145478.50	-7.421e-03	-9.178e-02	2.438e-02
145479.50	4.109e-03	1.162e-01	-2.198e-01
145480.50	-1.181e-02	1.382e-02	1.085e-01
145481.50	4.762e-03	3.965e-02	7.882e-02
145482.50	2.362e-04	-9.888e-02	3.715e-02
145483.50	-1.354e-03	-7.718e-02	-3.936e-02
145484.50	1.075e-03	-8.947e-02	4.637e-02
145485.50	3.629e-03	1.853e-01	-2.592e-02
145486.50	3.686e-04	-4.925e-02	-2.314e-02
145487.50	7.747e-03	-6.038e-02	-7.267e-02
145488.50	-4.627e-03	5.213e-02	-6.864e-02
145489.50	-2.467e-04	6.893e-02	8.755e-02
145490.50	-8.544e-05	-2.131e-02	-2.707e-02
145491.50	3.485e-04	-1.219e-04	-3.802e-02
145492.50	9.446e-05	-9.561e-03	1.661e-02
145493.50	3.802e-03	2.544e-02	2.506e-02
145494.50	-2.458e-03	-4.867e-02	-4.608e-02
145495.50	-4.032e-02	-7.766e-02	-1.459e-02
145496.50	1.517e-02	2.496e-02	-2.006e-02
145497.50	-8.794e-04	2.064e-02	6.826e-02
145498.50	8.074e-03	9.072e-02	-6.874e-02
145499.50	2.650e-02	4.848e-02	-1.507e-01
145500.50	-8.717e-04	-1.834e-02	1.526e-02
145501.50	1.853e-04	-7.776e-03	5.530e-02
145502.50	1.296e-03	-5.261e-02	1.872e-02
145503.50	-7.219e-03	-1.469e-01	3.734e-02
145504.50	-1.334e-02	-7.066e-02	1.238e-01
145505.50	1.536e-03	2.160e-01	3.024e-02
145506.50	6.019e-04	2.851e-02	3.754e-02
145507.50	-3.802e-03	8.534e-02	1.075e-01
145508.50	3.792e-02	1.805e-01	-9.331e-02
145509.50	1.555e-03	4.378e-02	-5.750e-02
145510.50	-4.646e-04	2.957e-02	5.357e-02
145511.50	3.869e-03	-4.406e-02	-6.874e-02
145512.50	1.104e-02	3.888e-02	-1.920e-05
145513.50	6.442e-03	4.714e-02	5.174e-02
145514.50	3.389e-02	5.194e-02	1.133e-01
145515.50	4.310e-03	1.939e-02	5.798e-02
145516.50	1.075e-02	1.008e-02	-7.114e-02
145517.50	-2.918e-02	-1.018e-01	6.931e-02
145518.50	-1.104e-02	1.258e-02	-5.462e-02
145519.50	8.707e-03	-1.939e-03	-2.122e-02
145520.50	4.906e-03	-4.262e-03	7.805e-03
145521.50	-1.709e-02	-7.766e-02	-7.699e-02
145522.50	-1.555e-02	-1.814e-02	-4.800e-02
145523.50	2.064e-03	5.510e-02	-1.757e-02
145524.50	1.018e-02	-1.200e-02	-1.248e-02
145525.50	9.888e-04	-4.253e-02	1.142e-02
145526.50	-6.931e-03	2.976e-02	1.661e-02
145527.50	-2.928e-03	5.414e-02	-1.776e-02
145528.50	-1.642e-02	-5.626e-02	-4.598e-02
145529.50	2.496e-02	-7.421e-04	-7.546e-02
145530.50	1.382e-02	8.093e-03	7.613e-02
145531.50	-2.813e-02	-7.037e-02	-1.603e-03
145532.50	1.958e-02	9.456e-02	-2.726e-01
145533.50	-1.219e-02	-9.696e-02	-1.536e-02
145534.50	-3.485e-03	-1.574e-02	2.131e-03
145535.50	-3.254e-03	-2.112e-02	5.040e-02
145536.50	-6.979e-03	-2.582e-02	1.210e-01
145537.50	-7.594e-03	-1.661e-02	5.770e-02
145538.50	-3.974e-03	-2.832e-02	1.459e-01
145539.50	-1.862e-03	-6.115e-02	9.600e-04
145540.50	-2.774e-04	-6.182e-03	3.533e-02
145541.50	6.576e-03	7.565e-02	4.464e-02
145542.50	2.582e-02	-2.784e-03	-1.267e-01
145543.50	5.789e-03	-3.715e-02	5.328e-02
145544.50	4.061e-03	3.878e-02	-1.056e-01
145545.50	8.573e-04	1.037e-01	2.179e-02
145546.50	-6.086e-03	3.254e-02	1.613e-01
145547.50	-3.504e-03	-4.474e-02	-3.533e-02
145548.50	-8.150e-04	8.563e-02	-2.688e-03
145549.50	-4.397e-03	1.978e-03	1.171e-02
145550.50	-6.883e-03	3.014e-02	4.906e-02
145551.50	3.274e-03	5.165e-02	4.810e-02
145552.50	9.696e-03	7.200e-02	-3.341e-02
145553.50	2.563e-03	-1.190e-01	9.792e-02
145554.50	1.200e-02	3.130e-02	1.094e-01
145555.50	-4.291e-02	-1.834e-01	-9.168e-02
145556.50	-2.918e-03	-2.074e-02	-1.104e-01
145557.50	-5.117e-04	4.397e-02	9.696e-03
145558.50	5.453e-04	-3.917e-02	-7.411e-02
145559.50	-3.869e-03	-4.454e-02	-1.296e-03
145560.50	-8.803e-03	-7.661e-03	-4.320e-03
145561.50	4.099e-03	-5.942e-03	-3.178e-02
145562.50	5.098e-03	1.459e-02	-8.832e-03
145563.50	3.610e-03	6.154e-02	3.379e-03
145564.50	-1.133e-03	-3.408e-02	2.362e-02
145565.50	-2.112e-03	-1.450e-02	-3.274e-02
145566.50	-8.045e-04	2.995e-02	8.688e-02
145567.50	-7.430e-04	6.912e-03	-4.339e-03
145568.50	5.885e-04	-5.424e-02	-9.091e-04
145569.50	3.744e-03	-1.853e-02	-3.350e-02
145570.50	1.584e-02	2.054e-02	-1.037e-01
145571.50	-1.133e-02	-5.962e-02	6.566e-03
145572.50	-1.066e-02	2.880e-02	3.120e-02
145573.50	-3.437e-04	3.802e-02	-3.542e-02
145574.50	8.064e-04	5.011e-02	-3.370e-02
145575.50	1.267e-02	3.274e-02	-1.824e-01
145576.50	-3.014e-02	-6.317e-02	1.584e-01
145577.50	-4.118e-02	-1.104e-01	1.430e-01
145578.50	9.696e-04	-1.066e-02	-1.056e-02
145579.50	-3.446e-03	-7.373e-02	5.491e-02
145580.50	8.237e-04	-8.774e-02	-9.053e-02
145581.50	3.014e-03	2.112e-02	-1.642e-02
145582.50	-7.613e-04	-3.619e-02	8.458e-02
145583.50	4.224e-04	4.522e-02	-1.459e-02
145584.50	3.994e-03	1.248e-01	-2.074e-02
145585.50	6.048e-03	9.072e-02	-5.606e-02
145586.50	3.360e-03	2.170e-02	7.574e-02
145587.50	-3.456e-03	-4.973e-03	8.477e-02
145588.50	-1.642e-03	-7.392e-02	1.882e-02
145589.50	1.536e-02	-5.722e-02	1.901e-02
145590.50	3.149e-02	-5.165e-02	3.024e-02
145591.50	-1.613e-03	-2.160e-02	3.792e-02
145592.50	8.419e-04	-1.238e-02	2.755e-02
145593.50	4.838e-03	3.091e-02	-1.853e-02
145594.50	2.035e-03	-5.366e-03	-3.293e-02
145595.50	2.131e-03	-1.008e-01	-3.379e-02
145596.50	-3.226e-02	1.891e-01	-1.286e-01
145597.50	4.416e-03	7.670e-02	-8.794e-02
145598.50	-1.997e-02	-4.656e-02	-8.390e-02
145599.50	-7.920e-03	-1.987e-02	-5.405e-02
145600.50	2.131e-03	5.578e-02	-3.494e-02
145601.50	-1.373e-03	-4.109e-02	-4.704e-02
