145003.50	0.000e+00	0.000e+00	0.000e+00
145004.50	0.000e+00	0.000e+00	0.000e+00
145005.50	0.000e+00	0.000e+00	0.000e+00
145006.50	0.000e+00	0.000e+00	0.000e+00
145007.50	0.000e+00	0.000e+00	0.000e+00
145008.50	0.000e+00	0.000e+00	0.000e+00
145009.50	0.000e+00	0.000e+00	0.000e+00
145010.50	0.000e+00	0.000e+00	0.000e+00
145011.50	0.000e+00	0.000e+00	0.000e+00
145012.50	0.000e+00	0.000e+00	0.000e+00
145013.50	0.000e+00	0.000e+00	0.000e+00
145014.50	0.000e+00	0.000e+00	0.000e+00
145015.50	0.000e+00	0.000e+00	0.000e+00
145016.50	0.000e+00	0.000e+00	0.000e+00
145017.50	0.000e+00	0.000e+00	0.000e+00
145018.50	0.000e+00	0.000e+00	0.000e+00
145019.50	0.000e+00	0.000e+00	0.000e+00
145020.50	0.000e+00	0.000e+00	0.000e+00
145021.50	0.000e+00	0.000e+00	0.000e+00
145022.50	0.000e+00	0.000e+00	0.000e+00
145023.50	0.000e+00	0.000e+00	0.000e+00
145024.50	0.000e+00	0.000e+00	0.000e+00
145025.50	0.000e+00	0.000e+00	0.000e+00
145026.50	0.000e+00	0.000e+00	0.000e+00
145027.50	0.000e+00	0.000e+00	0.000e+00
145028.50	0.000e+00	0.000e+00	0.000e+00
145029.50	0.000e+00	0.000e+00	0.000e+00
145030.50	0.000e+00	0.000e+00	0.000e+00
145031.50	0.000e+00	0.000e+00	0.000e+00
145032.50	0.000e+00	0.000e+00	0.000e+00
145033.50	0.000e+00	0.000e+00	0.000e+00
145034.50	0.000e+00	0.000e+00	0.000e+00
145035.50	0.000e+00	0.000e+00	0.000e+00
145036.50	0.000e+00	0.000e+00	0.000e+00
145037.50	0.000e+00	0.000e+00	0.000e+00
145038.50	0.000e+00	0.000e+00	0.000e+00
145039.50	0.000e+00	0.000e+00	0.000e+00
145040.50	0.000e+00	0.000e+00	0.000e+00
145041.50	0.000e+00	0.000e+00	0.000e+00
145042.50	0.000e+00	0.000e+00	0.000e+00
145043.50	0.000e+00	0.000e+00	0.000e+00
145044.50	0.000e+00	0.000e+00	0.000e+00
145045.50	0.000e+00	0.000e+00	0.000e+00
145046.50	0.000e+00	0.000e+00	0.000e+00
145047.50	0.000e+00	0.000e+00	0.000e+00
145048.50	0.000e+00	0.000e+00	0.000e+00
145049.50	0.000e+00	0.000e+00	0.000e+00
145050.50	0.000e+00	0.000e+00	0.000e+00
145051.50	0.000e+00	0.000e+00	0.000e+00
145052.50	0.000e+00	0.000e+00	0.000e+00
145053.50	0.000e+00	0.000e+00	0.000e+00
145054.50	0.000e+00	0.000e+00	0.000e+00
145055.50	0.000e+00	0.000e+00	0.000e+00
145056.50	0.000e+00	0.000e+00	0.000e+00
145057.50	0.000e+00	0.000e+00	0.000e+00
145058.50	0.000e+00	0.000e+00	0.000e+00
145059.50	0.000e+00	0.000e+00	0.000e+00
145060.50	0.000e+00	0.000e+00	0.000e+00
145061.50	0.000e+00	0.000e+00	0.000e+00
145062.50	0.000e+00	0.000e+00	0.000e+00
145063.50	0.000e+00	0.000e+00	0.000e+00
145064.50	0.000e+00	0.000e+00	0.000e+00
145065.50	0.000e+00	0.000e+00	0.000e+00
145066.50	0.000e+00	0.000e+00	0.000e+00
145067.50	0.000e+00	0.000e+00	0.000e+00
145068.50	0.000e+00	0.000e+00	0.000e+00
145069.50	0.000e+00	0.000e+00	0.000e+00
145070.50	0.000e+00	0.000e+00	0.000e+00
145071.50	0.000e+00	0.000e+00	0.000e+00
145072.50	0.000e+00	0.000e+00	0.000e+00
145073.50	0.000e+00	0.000e+00	0.000e+00
145074.50	0.000e+00	0.000e+00	0.000e+00
145075.50	0.000e+00	0.000e+00	0.000e+00
145076.50	0.000e+00	0.000e+00	0.000e+00
145077.50	0.000e+00	0.000e+00	0.000e+00
145078.50	0.000e+00	0.000e+00	0.000e+00
145079.50	0.000e+00	0.000e+00	0.000e+00
145080.50	0.000e+00	0.000e+00	0.000e+00
145081.50	0.000e+00	0.000e+00	0.000e+00
145082.50	0.000e+00	0.000e+00	0.000e+00
145083.50	0.000e+00	0.000e+00	0.000e+00
145084.50	0.000e+00	0.000e+00	0.000e+00
145085.50	0.000e+00	0.000e+00	0.000e+00
145086.50	0.000e+00	0.000e+00	0.000e+00
145087.50	0.000e+00	0.000e+00	0.000e+00
145088.50	0.000e+00	0.000e+00	0.000e+00
145089.50	0.000e+00	0.000e+00	0.000e+00
145090.50	0.000e+00	0.000e+00	0.000e+00
145091.50	0.000e+00	0.000e+00	0.000e+00
145092.50	0.000e+00	0.000e+00	0.000e+00
145093.50	0.000e+00	0.000e+00	0.000e+00
145094.50	0.000e+00	0.000e+00	0.000e+00
145095.50	0.000e+00	0.000e+00	0.000e+00
145096.50	0.000e+00	0.000e+00	0.000e+00
145097.50	0.000e+00	0.000e+00	0.000e+00
145098.50	0.000e+00	0.000e+00	0.000e+00
145099.50	0.000e+00	0.000e+00	0.000e+00
145100.50	0.000e+00	0.000e+00	0.000e+00
145101.50	0.000e+00	0.000e+00	0.000e+00
145102.50	0.000e+00	0.000e+00	0.000e+00
145103.50	0.000e+00	0.000e+00	0.000e+00
145104.50	0.000e+00	0.000e+00	0.000e+00
145105.50	0.000e+00	0.000e+00	0.000e+00
145106.50	0.000e+00	0.000e+00	0.000e+00
145107.50	0.000e+00	0.000e+00	0.000e+00
145108.50	0.000e+00	0.000e+00	0.000e+00
145109.50	0.000e+00	0.000e+00	0.000e+00
145110.50	-8.995e-07	-2.218e-04	-1.315e-03
145111.50	-8.323e-06	2.784e-03	2.698e-03
145112.50	-3.955e-05	-2.640e-03	1.862e-03
145113.50	3.312e-04	-8.102e-03	2.400e-03
145114.50	1.248e-04	-1.824e-02	3.533e-02
145115.50	-1.219e-03	8.016e-02	-2.870e-02
145116.50	9.043e-04	-4.262e-02	-4.205e-03
145117.50	-6.461e-05	-7.306e-03	-8.064e-03
145118.50	9.254e-04	-2.890e-02	-2.438e-05
145119.50	-1.766e-03	7.661e-02	8.170e-04
145120.50	-9.888e-04	4.099e-02	-1.306e-02
145121.50	3.053e-03	-2.851e-01	3.840e-02
145122.50	4.022e-03	-2.707e-01	2.410e-02
145123.50	-2.890e-03	3.581e-01	1.488e-01
145124.50	-1.632e-03	1.382e-01	1.286e-01
145125.50	4.963e-03	-9.427e-01	-5.213e-02
145126.50	3.869e-03	-9.053e-01	3.446e-01
145127.50	4.579e-02	-8.755e+00	-1.987e-01
145128.50	1.200e-01	-2.630e+01	3.446e+00
145129.50	3.494e-01	-7.258e+01	3.178e-01
145130.50	8.707e-01	-1.853e+02	-1.123e+00
145131.50	1.517e+00	-3.514e+02	1.402e+01
145132.50	1.757e+00	-4.186e+02	1.690e+01
145133.50	1.843e+00	-4.493e+02	1.267e+01
145134.50	1.373e+00	-3.398e+02	8.333e+00
145135.50	1.459e-01	-2.582e+01	-1.680e+00
145136.50	-3.600e-01	1.056e+02	-6.202e+00
145137.50	-5.290e-01	1.594e+02	-1.738e+01
145138.50	-6.067e-01	1.526e+02	6.240e+00
145139.50	-4.282e-01	1.181e+02	-9.696e+00
145140.50	-4.157e-01	1.152e+02	-1.142e+01
145141.50	-4.166e-01	9.888e+01	2.227e+00
145142.50	-3.418e-01	8.438e+01	2.774e-02
145143.50	-2.880e-01	7.075e+01	-1.219e+00
145144.50	-3.322e-01	7.699e+01	-6.029e-01
145145.50	-2.506e-01	6.336e+01	-3.955e+00
145146.50	-2.352e-01	5.616e+01	-3.974e+00
145147.50	-2.131e-01	5.059e+01	-3.946e+00
145148.50	-2.333e-01	4.944e+01	2.208e+00
145149.50	-1.718e-01	4.186e+01	-3.792e+00
145150.50	-1.882e-01	4.099e+01	-3.744e-01
145151.50	-1.498e-01	3.504e+01	-1.056e+00
145152.50	-1.642e-01	3.466e+01	3.955e+00
145153.50	-1.008e-01	2.630e+01	-1.104e+00
145154.50	-1.363e-01	3.197e+01	-4.051e+00
145155.50	-1.325e-01	2.515e+01	1.104e+00
145156.50	-1.190e-01	2.544e+01	-3.206e-01
145157.50	-1.066e-01	2.189e+01	5.616e-01
145158.50	-6.518e-02	1.843e+01	-3.706e+00
145159.50	-1.085e-01	2.170e+01	3.437e+00
145160.50	-1.066e-01	1.978e+01	1.709e+00
145161.50	-8.861e-02	1.814e+01	-4.099e-01
145162.50	-6.403e-02	1.718e+01	-1.766e+00
145163.50	-6.998e-02	1.632e+01	-1.152e+00
145164.50	-6.346e-02	1.382e+01	-5.357e-01
145165.50	-6.115e-02	1.238e+01	-2.285e-01
145166.50	-7.776e-02	1.478e+01	1.949e-01
145167.50	-5.069e-02	1.075e+01	-2.218e+00
145168.50	-5.482e-02	1.142e+01	-4.838e-02
145169.50	-4.320e-02	9.254e+00	-8.016e-01
145170.50	-5.962e-02	1.114e+01	1.066e+00
145171.50	-5.424e-02	9.984e+00	8.266e-02
145172.50	-5.443e-02	9.984e+00	4.704e-01
145173.50	-3.917e-02	7.968e+00	1.670e+00
145174.50	-5.434e-02	8.179e+00	2.362e+00
145175.50	-3.523e-02	6.029e+00	2.189e-01
145176.50	-5.731e-02	7.594e+00	2.736e+00
145177.50	-3.706e-02	6.163e+00	-6.854e-01
145178.50	-2.592e-02	7.075e+00	-6.758e-01
145179.50	-1.718e-02	5.827e+00	-5.414e-01
145180.50	-1.325e-02	6.182e+00	-1.834e+00
145181.50	-2.304e-02	4.896e+00	3.101e-01
145182.50	-3.533e-02	5.462e+00	-7.661e-01
145183.50	-2.160e-02	4.714e+00	-7.805e-01
145184.50	-2.707e-02	4.570e+00	1.421e+00
145185.50	-3.216e-02	5.165e+00	1.286e+00
145186.50	-2.112e-02	4.531e+00	-4.848e-01
145187.50	-7.133e-03	4.426e+00	3.053e-01
145188.50	-2.275e-02	3.869e+00	-4.042e-01
145189.50	-2.323e-02	3.888e+00	1.027e+00
145190.50	-2.774e-02	4.762e+00	8.650e-01
145191.50	-1.747e-02	2.525e+00	-4.982e-01
145192.50	-9.120e-03	2.045e+00	-2.093e-01
145193.50	-2.410e-03	3.274e+00	-2.515e-01
145194.50	-9.350e-03	1.709e+00	-8.189e-01
145195.50	-1.008e-02	1.824e+00	-7.622e-01
145196.50	-2.074e-02	2.765e+00	1.094e+00
145197.50	-1.248e-02	3.139e+00	4.176e-02
145198.50	-1.430e-02	2.938e+00	1.728e-01
145199.50	-9.888e-03	2.074e+00	-4.733e-01
145200.50	-1.651e-02	1.651e+00	7.402e-01
145201.50	-1.306e-02	2.515e+00	-8.496e-02
145202.50	-1.373e-02	2.208e+00	-4.243e-01
145203.50	-1.171e-02	2.294e+00	-2.630e-01
145204.50	-4.090e-03	1.699e+00	8.496e-02
145205.50	-6.586e-03	2.131e+00	-6.518e-01
145206.50	-1.565e-02	1.488e+00	-1.661e-01
145207.50	-1.862e-02	1.459e+00	-8.784e-01
145208.50	-4.358e-03	1.133e+00	5.462e-01
145209.50	-1.430e-02	1.613e+00	5.770e-01
145210.50	-7.776e-03	1.306e+00	1.469e-01
145211.50	-1.699e-02	1.363e+00	7.459e-01
145212.50	-3.984e-03	9.302e-01	-9.005e-01
145213.50	-3.187e-03	1.123e+00	-1.574e-01
145214.50	-5.098e-03	1.382e+00	-6.518e-01
145215.50	-9.984e-03	1.142e+00	1.680e-01
145216.50	1.920e-04	1.546e-01	3.312e-01
145217.50	-3.456e-03	7.354e-01	-4.992e-02
145218.50	-9.120e-03	1.325e+00	2.294e-01
145219.50	-4.944e-03	1.315e+00	-1.373e-01
145220.50	-7.949e-03	9.072e-01	-2.774e-01
145221.50	-3.024e-03	2.486e-01	6.278e-02
145222.50	-3.773e-03	4.915e-01	1.584e-01
145223.50	-1.085e-02	9.389e-01	-3.254e-01
145224.50	-4.886e-03	1.056e+00	-1.238e-01
145225.50	-2.515e-03	9.888e-01	8.102e-02
145226.50	-2.285e-03	7.171e-01	-1.805e-01
145227.50	-8.880e-03	8.266e-01	3.619e-01
145228.50	-8.717e-03	1.459e-01	1.872e-01
145229.50	-1.315e-02	6.163e-01	8.669e-02
145230.50	-5.366e-03	6.662e-01	6.278e-02
145231.50	-6.067e-03	8.544e-01	-4.253e-01
145232.50	-4.714e-03	7.267e-01	3.120e-01
145233.50	-6.797e-03	2.851e-01	-2.659e-01
145234.50	1.574e-03	7.277e-01	-1.603e-01
145235.50	-2.592e-03	2.688e-01	-3.686e-02
145236.50	-9.984e-03	3.686e-01	-1.546e-01
145237.50	-7.853e-03	1.123e-01	-4.426e-01
145238.50	2.813e-03	5.328e-01	-9.600e-02
145239.50	9.792e-03	-2.323e-02	1.622e-01
145240.50	-2.198e-02	9.254e-01	-3.917e-02
145241.50	-2.842e-03	8.909e-01	4.810e-01
145242.50	2.736e-02	4.301e-01	5.184e-01
145243.50	1.008e-02	5.261e-01	-2.304e-01
145244.50	-5.059e-02	-1.296e-01	-3.696e-01
145245.50	-1.622e-02	5.136e-01	1.709e-01
145246.50	-1.210e-02	-8.957e-02	2.784e-01
145247.50	9.274e-03	4.051e-01	-9.504e-02
145248.50	1.306e-02	3.878e-01	5.808e-02
145249.50	-5.722e-03	2.602e-01	2.986e-01
145250.50	-1.008e-02	2.746e-01	-2.458e-01
145251.50	-1.690e-03	7.181e-01	1.123e-03
145252.50	1.200e-03	2.669e-01	-2.246e-01
145253.50	4.762e-03	3.926e-02	3.706e-02
145254.50	-5.376e-03	1.507e-01	-4.742e-03
145255.50	3.456e-03	4.742e-01	-5.299e-01
145256.50	1.786e-02	3.734e-01	8.803e-03
145257.50	-1.181e-02	4.147e-01	2.064e-01
145258.50	-9.427e-03	2.947e-02	-5.203e-01
145259.50	1.987e-02	3.379e-01	-2.650e-01
145260.50	1.190e-03	-1.498e-01	3.610e-01
145261.50	-9.168e-03	3.398e-01	4.982e-01
145262.50	-7.286e-03	5.011e-01	-7.949e-02
145263.50	-4.762e-03	-4.234e-02	1.507e-01
145264.50	-4.637e-03	3.283e-01	-2.477e-01
145265.50	3.139e-03	-4.550e-02	2.909e-01
145266.50	-2.592e-03	2.726e-01	3.878e-02
145267.50	3.523e-03	-1.622e-01	-1.296e-01
145268.50	2.035e-03	3.312e-01	4.627e-02
145269.50	-5.530e-03	5.251e-01	-5.626e-03
145270.50	-1.891e-03	1.594e-02	1.738e-02
145271.50	1.238e-03	2.938e-01	2.573e-01
145272.50	4.531e-03	1.018e-01	1.546e-01
145273.50	-2.957e-03	1.296e-02	3.571e-01
145274.50	-9.024e-03	-7.910e-02	1.344e-01
145275.50	-4.013e-03	4.867e-01	-1.555e-01
145276.50	-1.258e-02	1.584e-01	-3.610e-01
145277.50	-3.494e-03	6.576e-02	-1.469e-01
145278.50	1.382e-03	-8.458e-02	2.976e-02
145279.50	-3.629e-03	1.421e-01	1.066e-01
145280.50	1.450e-02	5.952e-02	-1.469e-01
145281.50	6.019e-03	-2.035e-02	-1.123e-01
145282.50	7.344e-04	1.536e-01	-1.334e-01
145283.50	1.910e-02	1.786e-01	5.942e-02
145284.50	2.803e-02	1.776e-01	-3.014e-01
145285.50	1.757e-04	3.014e-01	-2.189e-01
145286.50	9.072e-03	2.582e-01	3.974e-02
145287.50	-2.237e-02	1.210e-01	8.678e-02
145288.50	5.309e-03	-3.792e-01	1.747e-01
145289.50	-1.094e-02	5.347e-01	1.238e-01
145290.50	-2.678e-03	4.973e-01	-1.123e-01
145291.50	-1.056e-03	-3.437e-03	5.232e-02
145292.50	-1.680e-03	1.142e-01	2.333e-01
145293.50	2.131e-03	2.486e-01	-1.315e-01
145294.50	4.464e-03	2.448e-01	-2.477e-01
145295.50	-5.645e-03	-1.411e-01	1.555e-01
145296.50	-9.600e-03	-2.246e-01	-1.526e-01
145297.50	2.189e-03	2.160e-01	-1.498e-01
145298.50	6.643e-04	-1.584e-03	4.368e-02
145299.50	-9.226e-04	1.296e-02	6.154e-02
145300.50	1.162e-03	-6.989e-02	1.286e-01
145301.50	-8.333e-04	-6.768e-02	8.227e-02
145302.50	4.042e-03	1.382e-01	-2.026e-01
145303.50	3.869e-03	-1.267e-01	-1.200e-02
145304.50	-4.954e-03	-3.216e-02	3.926e-02
145305.50	6.230e-03	1.382e-01	2.026e-01
145306.50	3.062e-02	3.610e-01	2.016e-01
145307.50	5.606e-03	4.368e-01	1.114e-01
145308.50	1.642e-02	1.478e-01	-2.189e-01
145309.50	2.381e-04	5.606e-02	-3.994e-01
145310.50	-6.470e-02	-1.728e-01	1.536e-01
145311.50	4.925e-03	2.064e-01	5.165e-02
145312.50	8.861e-03	1.104e-01	4.675e-02
145313.50	2.928e-03	5.386e-03	1.421e-01
145314.50	-5.578e-03	2.189e-01	-8.986e-02
145315.50	9.600e-03	1.296e-02	3.110e-02
145316.50	6.605e-03	-1.075e-01	-9.149e-02
145317.50	-8.371e-03	1.094e-01	-8.602e-02
145318.50	-1.162e-02	6.029e-02	2.083e-01
145319.50	-1.450e-02	2.083e-01	2.688e-01
145320.50	-1.075e-02	1.267e-01	1.824e-01
145321.50	-1.142e-03	-1.862e-01	9.600e-02
145322.50	-3.878e-03	-4.531e-02	1.018e-01
145323.50	-1.190e-03	3.504e-01	1.450e-01
145324.50	3.475e-02	1.238e-01	-2.630e-01
145325.50	1.786e-02	2.122e-01	-9.283e-03
145326.50	-2.083e-02	-2.496e-01	2.362e-01
145327.50	-1.286e-02	7.891e-02	9.984e-03
145328.50	-8.534e-03	1.450e-01	3.139e-02
145329.50	-3.024e-02	-1.574e-01	-7.574e-02
145330.50	2.621e-03	-2.909e-01	-3.322e-01
145331.50	9.264e-04	2.189e-01	1.142e-01
145332.50	-2.381e-03	2.707e-01	1.315e-01
145333.50	5.808e-03	-2.582e-01	4.848e-02
145334.50	2.861e-03	7.162e-02	9.523e-02
145335.50	2.458e-03	1.094e-01	2.429e-03
145336.50	3.024e-02	5.165e-02	-3.734e-02
145337.50	-4.339e-03	-1.037e-01	-4.090e-02
145338.50	-2.246e-02	-1.853e-01	-8.189e-02
145339.50	-4.061e-02	-2.928e-02	6.845e-02
145340.50	4.570e-04	3.610e-02	4.589e-02
145341.50	-3.082e-03	-4.262e-02	3.686e-02
145342.50	-1.152e-03	-1.555e-02	-2.381e-02
145343.50	2.554e-03	-1.450e-01	1.536e-02
145344.50	6.941e-03	2.035e-01	8.371e-02
145345.50	-9.696e-03	3.139e-01	1.402e-01
145346.50	-1.114e-02	-4.090e-02	-1.488e-01
145347.50	3.485e-03	-1.440e-01	1.258e-01
145348.50	-3.677e-03	1.901e-01	-5.520e-02
145349.50	2.678e-03	6.528e-03	2.006e-01
145350.50	-1.776e-03	-8.813e-02	-4.618e-02
145351.50	2.256e-03	-1.190e-01	-3.389e-01
145352.50	-3.773e-03	1.238e-01	1.488e-01
145353.50	1.421e-03	-4.810e-02	2.064e-01
145354.50	6.730e-05	9.389e-02	-2.515e-02
145355.50	1.325e-02	1.776e-01	-1.968e-01
145356.50	-1.123e-02	-3.082e-02	-2.083e-02
145357.50	-7.613e-03	3.648e-02	-5.626e-02
145358.50	2.803e-04	3.034e-02	-6.826e-02
145359.50	1.488e-03	-1.075e-01	-1.114e-01
145360.50	-2.544e-03	3.610e-03	-1.258e-01
145361.50	-4.195e-04	-7.526e-02	-1.632e-02
145362.50	1.392e-03	-6.010e-02	7.718e-02
145363.50	4.253e-03	2.218e-02	1.670e-01
145364.50	3.802e-03	4.522e-02	2.573e-02
145365.50	1.862e-03	1.958e-01	-6.614e-02
145366.50	-9.110e-04	-7.018e-02	-6.336e-02
145367.50	7.843e-04	-1.363e-01	2.640e-02
145368.50	-1.315e-03	2.016e-01	-1.315e-01
145369.50	2.573e-02	1.690e-01	-4.090e-03
145370.50	1.200e-02	-9.984e-02	-4.790e-02
145371.50	-2.304e-02	-2.851e-02	3.485e-02
145372.50	-6.893e-03	5.654e-02	-4.003e-03
145373.50	1.459e-03	8.947e-02	-4.714e-02
145374.50	5.875e-03	-7.373e-02	8.534e-02
145375.50	-4.090e-03	-1.094e-01	2.285e-02
145376.50	-1.488e-03	-1.507e-01	1.315e-01
145377.50	-3.197e-03	-4.992e-02	-1.930e-02
145378.50	-2.429e-03	-9.792e-02	7.037e-02
145379.50	5.155e-03	1.517e-02	-1.517e-01
145380.50	1.565e-03	-1.085e-01	-1.757e-01
145381.50	2.602e-04	-8.160e-02	2.947e-02
145382.50	-2.707e-03	1.142e-01	-7.411e-02
145383.50	-4.512e-03	4.128e-02	1.498e-01
145384.50	7.814e-03	8.026e-03	2.477e-01
145385.50	3.283e-02	1.622e-01	2.035e-01
145386.50	-4.906e-03	7.622e-02	-2.986e-01
145387.50	-1.882e-02	2.294e-01	-1.699e-01
145388.50	-2.746e-03	-4.742e-02	3.053e-03
145389.50	-2.458e-03	-6.221e-02	1.085e-01
145390.50	-2.650e-02	5.242e-02	-7.133e-02
145391.50	1.382e-03	-1.450e-01	4.032e-02
145392.50	7.498e-04	1.008e-01	2.496e-02
145393.50	1.478e-03	8.861e-02	-1.536e-01
145394.50	-4.253e-04	3.206e-02	-1.498e-01
145395.50	1.968e-02	1.392e-02	-9.888e-02
145396.50	5.606e-02	1.114e-01	-1.229e-01
145397.50	2.016e-03	-5.434e-02	-5.318e-02
145398.50	-3.581e-03	-1.814e-01	2.160e-01
145399.50	-2.381e-03	-9.245e-02	2.333e-01
145400.50	4.262e-03	-5.827e-02	8.870e-02
145401.50	-2.237e-03	1.210e-01	-1.094e-01
145402.50	-4.320e-03	7.718e-02	-1.190e-01
145403.50	-1.805e-02	-5.395e-02	-1.872e-02
145404.50	-1.498e-02	4.474e-02	3.658e-02
145405.50	-2.314e-03	9.696e-02	5.990e-02
145406.50	2.486e-03	1.901e-01	1.699e-01
145407.50	-3.206e-03	-5.117e-02	-1.094e-01
145408.50	-8.717e-04	-2.314e-02	-3.120e-04
145409.50	7.843e-03	-1.354e-01	-4.867e-02
145410.50	1.142e-02	-3.187e-02	-3.331e-03
145411.50	7.901e-04	1.046e-01	-1.027e-03
145412.50	5.107e-03	-9.082e-02	-2.400e-02
145413.50	-3.350e-03	-9.178e-02	6.374e-02
145414.50	-6.499e-03	-3.677e-02	-8.371e-02
145415.50	-7.373e-04	-8.630e-02	-1.949e-01
145416.50	1.603e-03	1.344e-01	9.600e-02
145417.50	1.834e-03	6.499e-02	-1.498e-01
145418.50	-1.354e-03	-7.565e-02	1.968e-01
145419.50	1.469e-04	1.680e-01	1.296e-02
145420.50	-4.320e-04	3.322e-02	-4.166e-02
145421.50	1.286e-02	3.936e-01	2.669e-01
145422.50	-1.958e-02	6.605e-02	-3.485e-02
145423.50	-1.987e-02	-4.416e-03	-1.574e-01
145424.50	2.458e-02	-4.867e-02	-4.330e-02
145425.50	2.909e-02	6.739e-03	-2.976e-05
145426.50	3.062e-03	-3.610e-02	2.611e-02
145427.50	3.264e-02	-1.891e-01	-2.659e-01
145428.50	-3.782e-02	-3.091e-02	2.870e-02
145429.50	-6.106e-02	-1.104e-01	2.141e-01
145430.50	-5.875e-03	-2.813e-02	4.925e-02
145431.50	2.035e-03	-2.352e-01	-3.581e-02
145432.50	5.443e-03	5.213e-02	6.134e-02
145433.50	3.494e-03	1.997e-01	4.915e-02
145434.50	-3.053e-04	4.714e-02	-7.805e-02
145435.50	1.930e-03	2.448e-02	-6.154e-03
145436.50	-4.733e-05	8.602e-02	-6.058e-02
145437.50	-4.742e-03	-2.112e-02	-2.381e-02
145438.50	-3.926e-03	-6.307e-02	-3.898e-02
145439.50	4.138e-04	-1.594e-02	1.344e-01
145440.50	8.314e-03	-1.622e-02	7.814e-05
145441.50	4.051e-03	-3.283e-02	1.334e-02
145442.50	2.054e-03	-1.181e-01	-9.130e-02
145443.50	5.750e-03	9.600e-02	-1.430e-01
145444.50	-1.181e-03	9.456e-02	-7.814e-02
145445.50	-7.805e-05	-2.179e-02	4.234e-02
145446.50	-1.478e-03	4.752e-02	7.872e-02
145447.50	-6.490e-04	1.296e-02	3.898e-02
145448.50	2.515e-03	-1.930e-02	1.181e-01
145449.50	4.157e-03	-5.405e-03	-1.315e-01
145450.50	-1.104e-02	3.571e-02	-2.045e-02
145451.50	4.464e-03	2.112e-01	6.806e-02
145452.50	-1.757e-03	2.045e-02	-7.258e-02
145453.50	6.096e-04	-2.582e-01	-1.930e-02
145454.50	-4.560e-04	4.128e-02	-5.885e-02
145455.50	-8.698e-03	1.066e-01	2.045e-02
145456.50	1.200e-04	1.152e-01	-9.984e-02
145457.50	-1.421e-02	-6.528e-02	1.661e-01
145458.50	-6.778e-03	7.805e-02	1.882e-01
145459.50	6.528e-03	-9.984e-02	-5.722e-02
145460.50	2.189e-04	-8.438e-02	8.218e-02
145461.50	-3.110e-03	4.272e-02	1.046e-01
145462.50	-2.112e-03	-4.138e-02	2.093e-02
145463.50	1.094e-04	5.510e-03	2.784e-02
145464.50	4.829e-03	1.104e-01	-6.768e-02
145465.50	-8.851e-04	1.094e-01	-8.726e-02
145466.50	-6.403e-04	-8.083e-02	3.322e-04
145467.50	-4.570e-03	-3.917e-02	1.037e-01
145468.50	5.712e-04	-8.669e-02	1.162e-02
145469.50	3.082e-03	-1.094e-01	-1.555e-01
145470.50	4.560e-02	6.912e-02	-1.536e-01
145471.50	5.453e-02	4.838e-03	-6.326e-03
145472.50	-3.494e-04	8.026e-02	-1.814e-02
145473.50	6.634e-03	5.837e-02	2.544e-02
145474.50	6.432e-03	-1.306e-02	-5.453e-02
145475.50	2.554e-02	2.880e-03	-7.363e-02
145476.50	1.440e-02	6.672e-02	1.210e-01
145477.50	-1.709e-03	8.909e-03	8.285e-02
145478.50	-8.496e-03	-9.561e-02	6.643e-02
145479.50	-9.792e-03	9.034e-02	3.466e-04
145480.50	-4.138e-03	-1.267e-01	-7.853e-02
145481.50	2.669e-02	1.642e-01	4.915e-03
145482.50	-1.776e-03	1.344e-01	5.126e-02
145483.50	5.789e-03	-4.704e-02	-3.360e-02
145484.50	-2.218e-01	-6.547e-01	-6.691e-02
145485.50	-4.656e-02	3.571e-02	2.976e-01
145486.50	8.592e-02	2.928e-01	2.227e-01
145487.50	3.418e-02	-1.843e-01	-4.426e-01
145488.50	1.910e-02	4.944e-03	2.333e-02
145489.50	-4.464e-03	3.398e-03	-7.613e-02
145490.50	-9.197e-03	7.123e-02	-1.133e-01
145491.50	-5.530e-03	9.427e-02	1.421e-02
145492.50	1.373e-03	2.237e-02	8.563e-02
145493.50	8.995e-04	-1.776e-03	1.190e-01
145494.50	-1.104e-03	3.341e-02	3.360e-02
145495.50	-7.958e-05	-8.784e-02	-4.896e-02
145496.50	2.995e-04	1.555e-02	-6.989e-02
145497.50	4.349e-04	-3.610e-02	1.498e-02
145498.50	-8.947e-04	-7.488e-02	4.464e-02
145499.50	5.184e-03	-2.726e-02	3.005e-02
145500.50	-6.662e-03	-3.331e-02	1.027e-01
145501.50	-1.862e-02	1.200e-01	-1.056e-01
145502.50	7.670e-03	-2.813e-02	-1.286e-01
145503.50	6.624e-04	-9.139e-02	-5.443e-02
145504.50	-6.298e-03	5.338e-02	1.450e-01
145505.50	-7.392e-03	3.744e-02	-1.392e-02
145506.50	4.934e-03	-3.005e-02	-6.211e-02
145507.50	-3.485e-02	1.440e-01	2.890e-02
145508.50	-1.632e-02	4.128e-02	2.285e-02
145509.50	9.888e-03	-2.736e-02	3.734e-02
145510.50	8.573e-03	-9.792e-03	-2.544e-02
145511.50	6.413e-03	1.805e-02	-7.814e-03
145512.50	2.179e-03	-1.248e-02	2.410e-02
145513.50	4.762e-03	8.957e-02	-5.299e-02
145514.50	-9.302e-04	8.160e-02	3.734e-03
145515.50	-6.653e-04	2.621e-02	2.515e-02
145516.50	-5.952e-03	6.326e-02	1.190e-03
145517.50	2.688e-03	2.467e-02	-4.032e-02
145518.50	-1.190e-04	-1.459e-01	8.477e-02
145519.50	-4.790e-03	-4.234e-03	-1.891e-02
145520.50	-6.192e-03	4.080e-04	7.738e-02
145521.50	-3.456e-03	4.118e-02	-6.365e-02
145522.50	1.267e-02	5.165e-02	-7.507e-02
145523.50	5.789e-03	9.542e-03	8.246e-02
145524.50	-5.827e-04	-3.245e-02	3.197e-02
145525.50	-3.254e-04	5.760e-02	4.550e-02
145526.50	5.674e-03	-5.942e-02	7.363e-02
145527.50	-8.160e-04	-1.123e-01	5.318e-02
145528.50	-7.190e-04	4.358e-02	1.555e-03
145529.50	-3.821e-03	1.536e-02	-3.101e-02
145530.50	-3.965e-03	-6.163e-02	-3.533e-02
145531.50	-1.584e-05	-2.390e-02	-2.765e-02
145532.50	4.512e-03	2.986e-02	-8.102e-03
145533.50	1.728e-04	2.544e-02	-2.755e-02
145534.50	-1.440e-03	4.387e-03	-9.389e-02
145535.50	4.157e-03	-7.334e-02	-7.757e-02
145536.50	-1.248e-03	2.726e-02	3.974e-02
145537.50	5.683e-03	2.630e-02	7.699e-02
145538.50	-5.222e-03	3.475e-02	4.637e-02
145539.50	2.064e-03	-4.061e-02	2.861e-02
145540.50	1.958e-04	-3.869e-02	-6.710e-02
145541.50	2.266e-04	-1.267e-02	9.437e-03
145542.50	-1.008e-03	4.618e-02	-1.373e-03
145543.50	2.717e-03	3.629e-02	4.406e-02
145544.50	7.795e-04	7.056e-03	1.306e-02
145545.50	3.571e-04	9.696e-03	-8.074e-02
145546.50	-3.773e-03	5.750e-02	-8.909e-02
145547.50	-7.594e-04	-2.237e-02	2.592e-02
145548.50	-3.936e-03	5.549e-02	1.286e-01
145549.50	-3.197e-03	-7.152e-02	5.635e-02
145550.50	-1.507e-03	-2.371e-02	-3.485e-02
145551.50	-1.968e-03	8.083e-03	9.370e-03
145552.50	-4.733e-04	-1.018e-01	2.640e-02
145553.50	-1.133e-02	-3.830e-03	2.890e-02
145554.50	4.608e-03	4.339e-02	5.318e-02
145555.50	2.448e-02	-1.008e-01	3.946e-02
145556.50	-2.554e-03	6.211e-02	-1.843e-02
145557.50	-1.085e-02	1.008e-01	-1.440e-03
145558.50	-3.965e-02	1.738e-01	-1.507e-01
145559.50	5.635e-02	-1.392e-01	-6.125e-02
145560.50	1.152e-02	6.106e-03	5.290e-03
145561.50	2.880e-03	-1.114e-03	-4.954e-02
145562.50	6.086e-04	-5.098e-02	4.176e-02
145563.50	3.110e-04	1.229e-02	1.421e-02
145564.50	2.170e-03	-3.830e-02	-5.837e-02
145565.50	-8.045e-04	9.293e-03	-3.082e-02
145566.50	-1.642e-03	-6.557e-03	-3.053e-02
145567.50	-4.522e-04	5.808e-02	1.200e-01
145568.50	-1.181e-03	1.142e-01	2.122e-02
145569.50	-1.978e-03	1.190e-02	-5.434e-02
145570.50	-8.390e-04	-4.762e-03	-8.342e-02
145571.50	2.534e-04	-6.682e-02	1.315e-02
145572.50	-1.382e-03	-7.382e-02	2.323e-02
145573.50	4.608e-04	-3.101e-02	4.848e-02
145574.50	1.075e-03	2.266e-02	-4.099e-02
145575.50	2.342e-03	-6.077e-02	1.843e-02
145576.50	1.699e-03	-1.075e-02	7.478e-02
145577.50	-4.090e-03	-7.987e-04	-1.709e-02
145578.50	-5.107e-03	-9.427e-03	1.258e-02
145579.50	3.187e-04	3.638e-02	-3.552e-02
145580.50	1.757e-03	3.216e-02	2.083e-02
145581.50	2.650e-04	-1.162e-02	-6.365e-02
145582.50	1.613e-03	-4.176e-02	9.437e-02
145583.50	-1.670e-03	4.858e-02	-1.891e-02
145584.50	5.309e-04	1.219e-02	-6.902e-03
145585.50	-2.208e-03	5.645e-02	6.125e-02
145586.50	2.870e-03	-2.131e-02	-8.160e-02
145587.50	-9.984e-04	1.661e-02	1.258e-02
145588.50	-9.379e-04	1.920e-02	-9.254e-03
145589.50	1.392e-03	-1.546e-02	1.507e-02
145590.50	6.173e-04	1.526e-02	4.080e-03
145591.50	3.581e-03	-7.939e-03	-4.762e-02
145592.50	-1.402e-04	2.966e-02	8.074e-02
145593.50	2.957e-03	-6.509e-02	4.099e-02
145594.50	4.666e-04	-5.078e-03	-3.552e-03
145595.50	-1.565e-03	-2.477e-02	2.400e-02
145596.50	1.008e-04	-6.278e-02	-8.189e-02
145597.50	-4.656e-04	-2.448e-03	-5.750e-04
145598.50	9.322e-04	-2.323e-02	-2.563e-02
145599.50	-2.429e-03	6.614e-03	-5.501e-02
145600.50	1.498e-02	1.450e-05	1.114e-02
145601.50	8.515e-03	2.477e-02	-1.094e-02
