145003.50	0.000e+00	0.000e+00	0.000e+00
145004.50	0.000e+00	0.000e+00	0.000e+00
145005.50	0.000e+00	0.000e+00	0.000e+00
145006.50	0.000e+00	0.000e+00	0.000e+00
145007.50	0.000e+00	0.000e+00	0.000e+00
145008.50	0.000e+00	0.000e+00	0.000e+00
145009.50	0.000e+00	0.000e+00	0.000e+00
145010.50	0.000e+00	0.000e+00	0.000e+00
145011.50	0.000e+00	0.000e+00	0.000e+00
145012.50	0.000e+00	0.000e+00	0.000e+00
145013.50	0.000e+00	0.000e+00	0.000e+00
145014.50	0.000e+00	0.000e+00	0.000e+00
145015.50	0.000e+00	0.000e+00	0.000e+00
145016.50	0.000e+00	0.000e+00	0.000e+00
145017.50	0.000e+00	0.000e+00	0.000e+00
145018.50	0.000e+00	0.000e+00	0.000e+00
145019.50	0.000e+00	0.000e+00	0.000e+00
145020.50	0.000e+00	0.000e+00	0.000e+00
145021.50	0.000e+00	0.000e+00	0.000e+00
145022.50	0.000e+00	0.000e+00	0.000e+00
145023.50	0.000e+00	0.000e+00	0.000e+00
145024.50	0.000e+00	0.000e+00	0.000e+00
145025.50	0.000e+00	0.000e+00	0.000e+00
145026.50	0.000e+00	0.000e+00	0.000e+00
145027.50	0.000e+00	0.000e+00	0.000e+00
145028.50	0.000e+00	0.000e+00	0.000e+00
145029.50	0.000e+00	0.000e+00	0.000e+00
145030.50	0.000e+00	0.000e+00	0.000e+00
145031.50	0.000e+00	0.000e+00	0.000e+00
145032.50	0.000e+00	0.000e+00	0.000e+00
145033.50	0.000e+00	0.000e+00	0.000e+00
145034.50	0.000e+00	0.000e+00	0.000e+00
145035.50	0.000e+00	0.000e+00	0.000e+00
145036.50	0.000e+00	0.000e+00	0.000e+00
145037.50	0.000e+00	0.000e+00	0.000e+00
145038.50	0.000e+00	0.000e+00	0.000e+00
145039.50	0.000e+00	0.000e+00	0.000e+00
145040.50	0.000e+00	0.000e+00	0.000e+00
145041.50	0.000e+00	0.000e+00	0.000e+00
145042.50	0.000e+00	0.000e+00	0.000e+00
145043.50	0.000e+00	0.000e+00	0.000e+00
145044.50	0.000e+00	0.000e+00	0.000e+00
145045.50	0.000e+00	0.000e+00	0.000e+00
145046.50	0.000e+00	0.000e+00	0.000e+00
145047.50	0.000e+00	0.000e+00	0.000e+00
145048.50	0.000e+00	0.000e+00	0.000e+00
145049.50	0.000e+00	0.000e+00	0.000e+00
145050.50	0.000e+00	0.000e+00	0.000e+00
145051.50	0.000e+00	0.000e+00	0.000e+00
145052.50	0.000e+00	0.000e+00	0.000e+00
145053.50	0.000e+00	0.000e+00	0.000e+00
145054.50	0.000e+00	0.000e+00	0.000e+00
145055.50	0.000e+00	0.000e+00	0.000e+00
145056.50	0.000e+00	0.000e+00	0.000e+00
145057.50	0.000e+00	0.000e+00	0.000e+00
145058.50	0.000e+00	0.000e+00	0.000e+00
145059.50	0.000e+00	0.000e+00	0.000e+00
145060.50	0.000e+00	0.000e+00	0.000e+00
145061.50	0.000e+00	0.000e+00	0.000e+00
145062.50	0.000e+00	0.000e+00	0.000e+00
145063.50	0.000e+00	0.000e+00	0.000e+00
145064.50	0.000e+00	0.000e+00	0.000e+00
145065.50	0.000e+00	0.000e+00	0.000e+00
145066.50	0.000e+00	0.000e+00	0.000e+00
145067.50	0.000e+00	0.000e+00	0.000e+00
145068.50	0.000e+00	0.000e+00	0.000e+00
145069.50	0.000e+00	0.000e+00	0.000e+00
145070.50	0.000e+00	0.000e+00	0.000e+00
145071.50	0.000e+00	0.000e+00	0.000e+00
145072.50	0.000e+00	0.000e+00	0.000e+00
145073.50	0.000e+00	0.000e+00	0.000e+00
145074.50	0.000e+00	0.000e+00	0.000e+00
145075.50	0.000e+00	0.000e+00	0.000e+00
145076.50	0.000e+00	0.000e+00	0.000e+00
145077.50	0.000e+00	0.000e+00	0.000e+00
145078.50	0.000e+00	0.000e+00	0.000e+00
145079.50	0.000e+00	0.000e+00	0.000e+00
145080.50	0.000e+00	0.000e+00	0.000e+00
145081.50	0.000e+00	0.000e+00	0.000e+00
145082.50	0.000e+00	0.000e+00	0.000e+00
145083.50	0.000e+00	0.000e+00	0.000e+00
145084.50	0.000e+00	0.000e+00	0.000e+00
145085.50	0.000e+00	0.000e+00	0.000e+00
145086.50	0.000e+00	0.000e+00	0.000e+00
145087.50	0.000e+00	0.000e+00	0.000e+00
145088.50	0.000e+00	0.000e+00	0.000e+00
145089.50	0.000e+00	0.000e+00	0.000e+00
145090.50	0.000e+00	0.000e+00	0.000e+00
145091.50	0.000e+00	0.000e+00	0.000e+00
145092.50	0.000e+00	0.000e+00	0.000e+00
145093.50	0.000e+00	0.000e+00	0.000e+00
145094.50	0.000e+00	0.000e+00	0.000e+00
145095.50	0.000e+00	0.000e+00	0.000e+00
145096.50	0.000e+00	0.000e+00	0.000e+00
145097.50	0.000e+00	0.000e+00	0.000e+00
145098.50	0.000e+00	0.000e+00	0.000e+00
145099.50	0.000e+00	0.000e+00	0.000e+00
145100.50	0.000e+00	0.000e+00	0.000e+00
145101.50	0.000e+00	0.000e+00	0.000e+00
145102.50	0.000e+00	0.000e+00	0.000e+00
145103.50	0.000e+00	0.000e+00	0.000e+00
145104.50	0.000e+00	0.000e+00	0.000e+00
145105.50	0.000e+00	0.000e+00	0.000e+00
145106.50	0.000e+00	0.000e+00	0.000e+00
145107.50	0.000e+00	0.000e+00	0.000e+00
145108.50	0.000e+00	0.000e+00	0.000e+00
145109.50	0.000e+00	0.000e+00	0.000e+00
145110.50	0.000e+00	0.000e+00	0.000e+00
145111.50	0.000e+00	0.000e+00	0.000e+00
145112.50	-1.478e-05	-3.206e-04	5.693e-04
145113.50	-1.152e-04	-4.502e-03	-3.706e-03
145114.50	3.821e-04	5.904e-03	-1.430e-02
145115.50	-5.645e-04	-1.354e-02	1.622e-02
145116.50	3.043e-04	-1.574e-03	-4.272e-03
145117.50	-2.352e-04	-5.136e-03	-1.354e-02
145118.50	3.274e-04	-3.638e-03	1.546e-02
145119.50	1.056e-04	2.880e-03	-3.197e-03
145120.50	3.485e-06	6.307e-03	-3.936e-03
145121.50	8.918e-05	-2.381e-04	-9.475e-04
145122.50	1.536e-03	-4.550e-02	-4.003e-02
145123.50	-2.573e-03	-1.440e-01	3.206e-01
145124.50	4.224e-03	3.802e-01	3.082e-01
145125.50	-2.074e-03	-1.651e-01	-7.238e-02
145126.50	3.062e-03	-1.027e-01	-4.579e-01
145127.50	-9.523e-03	-3.120e-01	3.581e-01
145128.50	-1.171e-02	-8.650e-01	-6.374e-03
145129.50	-1.891e-02	-2.074e+00	-1.219e-01
145130.50	-1.075e-01	-9.888e+00	2.362e-01
145131.50	-4.454e-01	-4.349e+01	2.909e-01
145132.50	-1.229e+00	-1.267e+02	3.696e-01
145133.50	-2.746e+00	-2.966e+02	2.006e+00
145134.50	-3.888e+00	-4.387e+02	3.523e+00
145135.50	-3.974e+00	-4.685e+02	4.598e+00
145136.50	-3.014e+00	-3.802e+02	3.053e+00
145137.50	3.110e-03	-3.677e+01	-8.285e+00
145138.50	1.114e+00	1.123e+02	-2.333e+00
145139.50	1.306e+00	1.507e+02	4.282e+00
145140.50	1.277e+00	1.402e+02	-7.037e+00
145141.50	1.114e+00	1.248e+02	-3.053e+00
145142.50	9.312e-01	1.018e+02	-3.696e+00
145143.50	8.141e-01	9.494e+01	4.291e-01
145144.50	6.595e-01	7.987e+01	4.781e+00
145145.50	6.125e-01	7.152e+01	1.997e+00
145146.50	6.307e-01	6.691e+01	-5.923e+00
145147.50	5.290e-01	6.278e+01	-2.688e-01
145148.50	4.426e-01	5.328e+01	6.826e-01
145149.50	4.301e-01	4.800e+01	-2.851e+00
145150.50	4.138e-01	4.474e+01	-3.350e+00
145151.50	3.696e-01	4.176e+01	-1.642e+00
145152.50	2.947e-01	3.830e+01	3.888e+00
145153.50	3.139e-01	3.610e+01	-8.102e-01
145154.50	2.880e-01	3.370e+01	9.600e-01
145155.50	2.237e-01	2.899e+01	1.814e+00
145156.50	2.237e-01	2.832e+01	1.680e+00
145157.50	1.910e-01	2.371e+01	8.774e-02
145158.50	2.074e-01	2.218e+01	-1.670e+00
145159.50	1.651e-01	2.141e+01	2.170e+00
145160.50	1.901e-01	2.179e+01	-9.590e-01
145161.50	1.373e-01	1.661e+01	-1.344e+00
145162.50	1.574e-01	1.968e+01	2.909e-01
145163.50	1.584e-01	1.776e+01	-1.421e+00
145164.50	1.027e-01	1.517e+01	1.325e+00
145165.50	1.190e-01	1.498e+01	3.619e-01
145166.50	1.392e-01	1.632e+01	-1.008e-01
145167.50	1.200e-01	1.248e+01	-1.037e+00
145168.50	1.037e-01	1.363e+01	7.958e-01
145169.50	9.235e-02	1.162e+01	-3.120e-01
145170.50	7.824e-02	9.600e+00	-3.370e-01
145171.50	1.238e-01	1.421e+01	1.066e+00
145172.50	6.902e-02	8.928e+00	1.949e-01
145173.50	6.067e-02	6.797e+00	-2.045e-01
145174.50	3.744e-02	7.862e+00	2.198e+00
145175.50	3.830e-02	6.912e+00	1.738e-01
145176.50	5.837e-02	8.678e+00	-2.218e-02
145177.50	7.238e-02	6.989e+00	3.504e-02
145178.50	5.510e-02	7.277e+00	-2.803e-01
145179.50	3.245e-02	7.181e+00	4.637e-01
145180.50	4.819e-02	5.722e+00	6.394e-01
145181.50	4.406e-02	6.758e+00	2.486e-01
145182.50	2.986e-02	5.520e+00	2.102e+00
145183.50	3.427e-02	4.061e+00	-3.754e-01
145184.50	5.136e-02	4.589e+00	-6.490e-01
145185.50	2.947e-02	4.646e+00	5.203e-01
145186.50	5.002e-02	4.666e+00	-6.067e-01
145187.50	4.666e-02	4.397e+00	5.597e-01
145188.50	2.832e-02	4.090e+00	-8.227e-01
145189.50	2.294e-02	3.494e+00	-4.186e-01
145190.50	3.293e-02	3.590e+00	6.778e-01
145191.50	1.901e-02	2.534e+00	9.302e-01
145192.50	3.629e-02	3.763e+00	-9.437e-02
145193.50	2.131e-02	3.946e+00	9.600e-03
145194.50	2.083e-02	3.168e+00	6.278e-01
145195.50	4.406e-02	3.629e+00	-1.498e+00
145196.50	1.306e-02	2.842e+00	7.066e-01
145197.50	4.214e-02	2.630e+00	-5.126e-01
145198.50	-4.003e-03	2.477e+00	1.795e-01
145199.50	9.984e-03	2.314e+00	1.834e-01
145200.50	1.325e-02	1.517e+00	6.614e-01
145201.50	1.027e-02	1.651e+00	2.611e-01
145202.50	1.642e-02	1.920e+00	-8.544e-02
145203.50	3.178e-02	2.438e+00	-8.237e-01
145204.50	1.680e-02	2.256e+00	-1.411e-01
145205.50	1.210e-02	1.680e+00	-1.152e-01
145206.50	8.170e-03	1.344e+00	1.200e-01
145207.50	8.438e-03	1.210e+00	1.382e-01
145208.50	1.440e-02	1.450e+00	-2.189e-01
145209.50	4.320e-03	1.555e+00	6.058e-01
145210.50	1.584e-02	7.843e-01	-6.586e-01
145211.50	1.939e-02	2.074e+00	2.573e-01
145212.50	8.237e-03	1.354e+00	4.176e-01
145213.50	9.437e-03	1.008e+00	-6.710e-01
145214.50	-8.611e-04	9.408e-01	1.661e-01
145215.50	1.450e-02	1.219e+00	-5.885e-02
145216.50	-7.459e-04	1.488e+00	-2.246e-01
145217.50	1.747e-02	8.102e-01	-3.946e-01
145218.50	7.498e-03	1.382e+00	1.450e-01
145219.50	1.421e-02	1.450e+00	1.901e-01
145220.50	-1.901e-03	1.171e-01	-2.582e-01
145221.50	1.219e-02	6.845e-01	-5.462e-02
145222.50	-1.094e-02	7.171e-01	6.624e-01
145223.50	5.798e-05	4.118e-01	-2.957e-02
145224.50	7.085e-03	1.181e+00	6.739e-01
145225.50	1.728e-04	9.696e-01	5.558e-02
145226.50	-5.174e-03	5.280e-01	8.266e-01
145227.50	5.904e-03	3.638e-01	-5.443e-01
145228.50	9.379e-03	1.373e+00	-2.611e-01
145229.50	9.014e-03	1.171e+00	1.133e-01
145230.50	7.334e-03	5.674e-01	-4.637e-01
145231.50	7.709e-03	3.043e-01	-3.206e-01
145232.50	-1.901e-03	5.290e-01	6.576e-01
145233.50	6.970e-03	9.158e-01	2.237e-02
145234.50	4.435e-03	3.427e-01	1.046e-02
145235.50	4.339e-03	-3.091e-01	-4.061e-01
145236.50	-1.555e-03	3.994e-01	1.133e-01
145237.50	3.082e-03	5.904e-01	1.853e-01
145238.50	9.984e-03	7.334e-01	-3.235e-01
145239.50	2.707e-04	2.707e-01	-5.347e-01
145240.50	6.346e-03	3.523e-01	-2.630e-01
145241.50	6.893e-03	8.045e-01	-2.486e-01
145242.50	1.411e-02	1.258e+00	2.016e-01
145243.50	-5.462e-03	4.032e-01	2.995e-01
145244.50	-6.883e-04	-3.485e-01	-1.661e-01
145245.50	6.182e-04	2.246e-01	1.200e-02
145246.50	-1.968e-03	1.046e-01	8.045e-02
145247.50	1.517e-02	1.066e+00	-1.296e-01
145248.50	-2.419e-03	1.066e-01	7.910e-02
145249.50	-5.059e-03	-6.288e-02	-8.467e-02
145250.50	-5.165e-03	1.891e-01	-3.802e-02
145251.50	1.229e-02	6.605e-01	1.334e-01
145252.50	2.179e-03	3.283e-02	-9.130e-02
145253.50	4.301e-03	3.130e-01	-3.082e-01
145254.50	-7.238e-03	-1.910e-02	-5.827e-03
145255.50	1.315e-02	5.261e-01	-5.059e-01
145256.50	2.525e-03	3.792e-01	3.542e-01
145257.50	-5.146e-03	6.470e-02	4.301e-01
145258.50	2.611e-03	2.342e-01	1.987e-01
145259.50	-2.496e-03	2.602e-01	6.048e-02
145260.50	-2.698e-03	5.184e-02	1.622e-01
145261.50	2.237e-03	9.274e-02	1.286e-01
145262.50	8.150e-03	5.146e-01	-3.859e-01
145263.50	6.691e-04	2.957e-01	3.168e-01
145264.50	-7.690e-03	-2.102e-01	3.811e-01
145265.50	6.730e-03	1.037e-01	-1.382e-01
145266.50	8.102e-03	4.416e-01	-2.659e-01
145267.50	-6.528e-03	4.128e-01	4.733e-01
145268.50	7.987e-04	-3.600e-01	2.390e-01
145269.50	-1.450e-03	3.293e-01	5.309e-02
145270.50	5.069e-04	1.661e-01	7.862e-03
145271.50	-4.051e-03	4.858e-02	1.651e-01
145272.50	-5.568e-03	-7.056e-02	2.630e-01
145273.50	4.771e-03	4.560e-01	-3.120e-01
145274.50	1.171e-02	4.781e-01	-4.166e-01
145275.50	5.443e-05	1.709e-01	-4.454e-02
145276.50	-1.901e-03	1.392e-01	9.696e-02
145277.50	1.392e-03	2.736e-01	3.437e-01
145278.50	-3.965e-03	-2.592e-01	-2.995e-01
145279.50	-1.469e-03	3.763e-02	-2.496e-01
145280.50	2.294e-03	2.477e-01	-2.400e-01
145281.50	2.602e-04	-1.709e-01	-1.181e-01
145282.50	3.763e-03	2.410e-01	-1.987e-01
145283.50	1.843e-02	2.275e-01	8.726e-02
145284.50	-2.160e-03	2.179e-03	7.142e-03
145285.50	4.906e-03	3.830e-01	-6.931e-02
145286.50	-6.922e-03	8.803e-02	2.227e-01
145287.50	-9.283e-03	-7.171e-02	2.822e-01
145288.50	3.523e-05	-6.826e-02	-5.414e-02
145289.50	-1.882e-03	2.294e-01	3.562e-02
145290.50	3.158e-02	1.853e-01	-3.043e-01
145291.50	1.546e-02	1.814e-01	-5.414e-01
145292.50	-1.430e-02	-1.824e-01	7.440e-03
145293.50	-6.778e-03	8.074e-02	3.187e-01
145294.50	2.150e-03	-1.786e-02	-2.170e-01
145295.50	-1.920e-03	8.966e-04	3.283e-02
145296.50	-1.939e-03	-2.746e-01	4.138e-02
145297.50	2.650e-03	1.354e-02	4.483e-01
145298.50	1.066e-02	2.371e-01	-1.430e-01
145299.50	2.218e-03	-2.035e-01	-4.426e-02
145300.50	7.642e-04	-2.534e-02	1.930e-01
145301.50	4.387e-03	2.726e-01	2.688e-02
145302.50	3.610e-03	7.603e-02	-1.910e-01
145303.50	1.680e-03	1.987e-01	-1.210e-01
145304.50	-1.411e-02	2.035e-01	1.344e-01
145305.50	-2.323e-03	2.746e-02	2.554e-01
145306.50	6.134e-03	4.560e-02	-1.306e-01
145307.50	2.054e-06	-6.086e-02	-1.853e-01
145308.50	-1.565e-03	2.074e-01	4.214e-02
145309.50	1.152e-03	7.450e-02	1.392e-01
145310.50	3.744e-03	3.072e-01	1.613e-01
145311.50	-8.026e-04	1.133e-01	6.000e-02
145312.50	2.458e-03	2.774e-01	-2.438e-01
145313.50	-3.082e-03	1.478e-02	4.493e-02
145314.50	2.755e-03	1.296e-01	-4.685e-02
145315.50	-9.888e-04	2.160e-01	5.395e-02
145316.50	-4.502e-03	-1.152e-01	3.437e-01
145317.50	-2.659e-03	-1.565e-01	1.949e-01
145318.50	-2.486e-03	-1.133e-01	1.277e-03
145319.50	2.784e-03	2.803e-01	-2.266e-02
145320.50	1.046e-03	-2.218e-01	4.224e-02
145321.50	2.717e-03	-9.984e-02	-1.488e-01
145322.50	5.702e-04	1.958e-02	7.872e-03
145323.50	4.358e-03	1.814e-01	-1.421e-01
145324.50	-1.046e-02	1.613e-02	3.494e-01
145325.50	-4.464e-03	6.317e-02	1.450e-01
145326.50	2.563e-03	3.494e-01	1.584e-01
145327.50	1.805e-03	1.814e-02	-1.642e-01
145328.50	4.157e-03	1.661e-02	-1.690e-01
145329.50	-1.104e-03	-7.651e-03	-4.349e-02
145330.50	6.547e-05	-1.306e-01	-8.006e-02
145331.50	-5.270e-03	1.296e-01	3.360e-01
145332.50	2.515e-03	1.834e-01	1.315e-01
145333.50	9.130e-03	1.872e-01	-1.277e-01
145334.50	-1.872e-03	-8.458e-02	2.429e-02
145335.50	-3.139e-02	3.341e-02	4.867e-02
145336.50	-1.306e-02	5.894e-04	1.776e-03
145337.50	3.619e-03	3.946e-02	-1.296e-01
145338.50	4.224e-05	1.334e-01	1.142e-01
145339.50	2.131e-03	6.394e-02	-5.568e-02
145340.50	-2.131e-03	1.066e-02	9.245e-02
145341.50	1.958e-03	3.072e-02	2.294e-02
145342.50	-3.158e-04	-4.118e-02	4.675e-02
145343.50	-4.368e-03	-1.306e-01	1.354e-01
145344.50	2.429e-03	1.699e-01	-9.984e-03
145345.50	-5.376e-03	1.046e-02	1.104e-03
145346.50	-9.072e-04	3.437e-02	-2.179e-02
145347.50	5.578e-03	2.669e-02	-1.670e-01
145348.50	-5.290e-03	-4.176e-03	-1.123e-02
145349.50	-9.427e-04	-2.314e-02	4.685e-02
145350.50	-6.451e-03	6.595e-02	1.181e-01
145351.50	5.107e-03	2.486e-01	-1.824e-01
145352.50	-1.411e-03	-5.846e-02	-2.323e-02
145353.50	1.565e-03	1.306e-01	1.373e-01
145354.50	2.054e-02	-1.315e-01	1.104e-01
145355.50	1.728e-02	-9.888e-02	8.352e-02
145356.50	-1.958e-04	-1.776e-01	9.696e-02
145357.50	4.867e-03	-4.723e-02	-1.037e-01
145358.50	-1.210e-02	-1.526e-02	-1.853e-01
145359.50	-2.131e-02	1.738e-01	-2.400e-01
145360.50	-1.939e-04	1.459e-01	-2.726e-02
145361.50	7.920e-03	-8.237e-02	1.546e-01
145362.50	-1.286e-02	-6.547e-02	9.158e-02
145363.50	1.622e-03	-7.776e-02	-9.053e-02
145364.50	7.200e-04	-7.738e-02	-4.982e-02
145365.50	2.726e-03	1.277e-01	-5.837e-03
145366.50	-4.454e-03	-6.096e-02	-6.202e-02
145367.50	-1.430e-02	-1.027e-01	1.411e-01
145368.50	4.243e-03	-1.373e-01	-1.920e-02
145369.50	-8.198e-04	-6.749e-02	1.037e-01
145370.50	-6.749e-05	9.062e-02	7.786e-02
145371.50	5.693e-03	-2.323e-02	-1.872e-01
145372.50	1.162e-03	1.066e-01	-5.597e-02
145373.50	2.112e-03	-1.123e-01	-1.555e-01
145374.50	2.909e-03	6.470e-02	-7.334e-02
145375.50	-4.234e-03	-1.085e-01	1.421e-01
145376.50	-1.200e-05	1.133e-01	1.066e-01
145377.50	1.430e-03	8.026e-02	1.219e-01
145378.50	-2.496e-03	-5.194e-02	1.603e-01
145379.50	-3.331e-04	6.106e-02	-9.888e-02
145380.50	1.651e-03	1.661e-01	-8.208e-02
145381.50	-1.066e-03	-6.336e-02	-1.104e-01
145382.50	-4.915e-04	3.850e-02	-6.154e-02
145383.50	-2.851e-04	1.286e-02	-5.501e-02
145384.50	2.870e-03	2.362e-01	2.227e-02
145385.50	-7.805e-04	4.954e-02	7.757e-02
145386.50	-9.197e-04	-1.987e-01	-6.931e-03
145387.50	2.064e-03	4.973e-02	-9.600e-02
145388.50	-3.638e-03	8.554e-03	-5.290e-02
145389.50	-1.622e-03	-1.642e-01	3.994e-02
145390.50	4.781e-04	1.056e-01	-5.798e-02
145391.50	5.117e-04	3.245e-02	-1.123e-01
145392.50	-3.331e-03	-5.808e-02	9.091e-02
145393.50	4.157e-03	9.581e-02	-5.587e-02
145394.50	8.237e-04	-8.314e-02	-1.363e-01
145395.50	8.438e-04	6.998e-02	4.934e-03
145396.50	2.448e-03	2.198e-01	-1.718e-01
145397.50	6.259e-03	-2.986e-02	3.264e-02
145398.50	5.520e-03	-1.805e-01	-1.507e-01
145399.50	-4.570e-03	7.450e-02	1.373e-01
145400.50	8.400e-04	-2.669e-02	1.526e-01
145401.50	-1.594e-03	1.171e-02	9.101e-02
145402.50	-1.920e-03	6.701e-02	7.594e-02
145403.50	-4.397e-03	7.622e-02	5.731e-02
145404.50	-1.142e-03	7.987e-03	-6.029e-02
145405.50	-1.258e-02	-1.622e-01	1.229e-01
145406.50	1.392e-03	6.394e-02	-9.302e-02
145407.50	7.766e-04	1.421e-01	9.552e-03
145408.50	-7.968e-04	-9.696e-02	5.962e-02
145409.50	-7.901e-04	8.659e-03	1.133e-02
145410.50	2.467e-03	5.597e-02	-8.842e-02
145411.50	3.350e-03	1.162e-01	1.546e-02
145412.50	2.477e-03	-1.526e-01	-2.246e-02
145413.50	-1.651e-03	-3.706e-02	1.747e-01
145414.50	3.725e-03	3.466e-02	-6.019e-02
145415.50	-1.296e-03	-1.872e-02	-1.133e-01
145416.50	-3.302e-03	-1.670e-01	1.757e-02
145417.50	2.362e-03	2.198e-01	2.390e-02
145418.50	5.962e-03	5.760e-02	-4.339e-02
145419.50	-1.258e-03	-3.965e-02	-1.248e-02
145420.50	-3.446e-03	-1.450e-01	5.318e-02
145421.50	1.133e-03	9.571e-03	-1.930e-01
145422.50	1.987e-03	1.123e-01	3.677e-02
145423.50	-7.728e-04	-4.618e-02	1.507e-02
145424.50	4.445e-04	-9.101e-02	-5.107e-02
145425.50	-3.667e-03	-1.613e-02	8.563e-02
145426.50	-2.006e-03	2.112e-02	8.208e-02
145427.50	4.954e-03	2.822e-02	-6.960e-03
145428.50	4.234e-03	1.152e-03	-2.083e-02
145429.50	-1.258e-03	-1.238e-01	-1.210e-01
145430.50	-1.862e-03	-1.046e-03	3.389e-02
145431.50	-5.952e-04	3.878e-02	2.333e-02
145432.50	-9.792e-04	-3.744e-02	-8.976e-02
145433.50	1.632e-03	-3.043e-02	-6.144e-02
145434.50	4.973e-05	1.498e-01	-4.022e-02
145435.50	2.515e-03	6.010e-03	6.912e-02
145436.50	3.629e-03	6.902e-02	1.142e-01
145437.50	1.968e-03	-2.016e-02	-2.707e-02
145438.50	-3.859e-03	4.157e-02	-4.013e-03
145439.50	-8.726e-04	8.678e-03	1.373e-01
145440.50	4.243e-03	1.939e-01	-3.235e-03
145441.50	1.709e-03	2.342e-02	-2.438e-01
145442.50	-1.651e-03	3.590e-02	1.843e-01
145443.50	1.334e-03	5.741e-02	2.275e-02
145444.50	4.742e-03	1.958e-01	-1.219e-01
145445.50	-2.189e-03	-5.395e-02	-1.613e-02
145446.50	-5.443e-03	-1.056e-01	-6.816e-02
145447.50	-1.882e-03	-6.125e-02	-2.909e-02
145448.50	1.315e-03	-9.600e-02	5.030e-03
145449.50	7.171e-04	9.254e-03	2.736e-02
145450.50	3.734e-04	-8.899e-02	1.450e-03
145451.50	2.304e-03	-4.915e-02	1.555e-01
145452.50	-2.054e-03	-5.731e-02	8.266e-02
145453.50	8.467e-04	-7.968e-02	-3.898e-02
145454.50	2.563e-03	1.123e-01	7.210e-02
145455.50	-2.304e-04	9.696e-02	3.523e-02
145456.50	-3.706e-03	-7.469e-03	2.102e-02
145457.50	-9.187e-04	-3.946e-02	-9.408e-02
145458.50	-7.478e-04	1.027e-01	-3.216e-02
145459.50	1.171e-03	6.192e-02	4.704e-02
145460.50	-3.226e-03	2.659e-02	-3.110e-02
145461.50	-7.901e-04	-2.486e-02	-2.630e-02
145462.50	-1.056e-03	5.520e-03	8.323e-03
145463.50	-8.342e-04	9.312e-02	4.416e-02
145464.50	4.349e-04	-1.238e-01	-1.075e-01
145465.50	1.488e-03	3.706e-02	-4.656e-02
145466.50	-2.131e-03	-3.600e-02	-3.120e-02
145467.50	-2.832e-04	6.538e-02	-2.765e-02
145468.50	4.464e-03	7.718e-02	1.018e-01
145469.50	-1.958e-03	-4.138e-02	-2.880e-02
145470.50	-4.406e-03	-9.398e-02	-1.277e-02
145471.50	3.965e-04	-5.472e-02	1.277e-02
145472.50	5.587e-03	-6.701e-02	-5.731e-02
145473.50	-8.976e-04	-7.142e-02	-4.906e-02
145474.50	-5.818e-03	6.778e-03	-6.538e-02
145475.50	-2.765e-03	3.917e-02	9.149e-02
145476.50	9.590e-04	-5.050e-02	2.861e-02
145477.50	-6.403e-04	-3.802e-02	-9.485e-02
145478.50	5.146e-03	9.888e-02	-1.181e-02
145479.50	5.827e-03	8.266e-02	7.478e-03
145480.50	-6.605e-03	-1.142e-02	9.792e-02
145481.50	-6.230e-04	6.547e-02	4.291e-02
145482.50	1.757e-03	-3.571e-02	-4.954e-02
145483.50	4.416e-03	-6.749e-02	-6.086e-02
145484.50	3.264e-03	1.440e-02	-2.746e-02
145485.50	2.054e-04	1.066e-02	-3.130e-02
145486.50	-9.696e-03	-1.142e-01	1.872e-02
145487.50	-5.443e-03	3.254e-02	-7.123e-03
145488.50	-2.419e-05	-1.622e-02	-1.421e-02
145489.50	4.186e-04	5.376e-02	-2.534e-02
145490.50	-7.162e-04	1.517e-02	1.162e-01
145491.50	3.312e-03	-3.293e-02	-1.190e-01
145492.50	6.480e-03	1.997e-02	-5.664e-02
145493.50	-3.370e-03	-7.315e-02	4.118e-02
145494.50	-4.464e-03	-3.706e-03	7.786e-02
145495.50	-2.794e-03	5.088e-02	8.746e-02
145496.50	2.304e-03	7.123e-02	1.315e-02
145497.50	-9.053e-04	-1.814e-02	-6.768e-02
145498.50	1.363e-03	9.696e-02	-9.101e-03
145499.50	-1.382e-04	-4.819e-02	-3.034e-04
145500.50	-2.189e-03	-1.037e-01	-8.880e-02
145501.50	-1.766e-03	-3.408e-02	-1.622e-03
145502.50	-2.678e-03	9.888e-03	3.264e-02
145503.50	2.266e-04	2.189e-02	1.114e-01
145504.50	-5.414e-04	2.237e-02	4.570e-02
145505.50	4.618e-03	-4.474e-03	-6.154e-02
145506.50	8.208e-04	-2.458e-02	9.600e-02
145507.50	1.814e-04	-2.707e-02	3.312e-02
145508.50	-5.222e-04	-7.104e-02	9.984e-03
145509.50	-7.574e-04	2.362e-02	-3.898e-02
145510.50	3.130e-04	3.610e-02	-6.893e-02
145511.50	-1.526e-03	5.981e-02	-4.099e-02
145512.50	1.440e-03	3.158e-02	-7.574e-02
145513.50	9.274e-03	1.546e-03	1.123e-02
145514.50	3.475e-03	4.598e-02	2.534e-02
145515.50	3.360e-03	1.584e-02	8.131e-02
145516.50	1.853e-03	1.382e-02	-1.910e-02
145517.50	-2.650e-03	5.309e-02	3.408e-02
145518.50	-1.248e-02	1.430e-01	7.805e-02
145519.50	-2.198e-02	-7.382e-02	1.411e-01
145520.50	-5.222e-02	-1.536e-01	3.619e-02
145521.50	3.082e-02	1.613e-01	-4.896e-02
145522.50	-7.162e-04	-6.384e-02	1.421e-02
145523.50	2.506e-03	1.402e-02	-9.245e-02
145524.50	-2.534e-02	-8.448e-02	-1.133e-01
145525.50	1.555e-02	8.477e-03	3.619e-02
145526.50	2.045e-02	4.694e-03	-5.261e-02
145527.50	5.770e-03	6.787e-02	-3.667e-03
145528.50	-1.306e-02	4.829e-02	-3.043e-03
145529.50	9.552e-03	-8.765e-02	4.829e-02
145530.50	1.114e-02	-2.458e-02	-7.200e-03
145531.50	4.301e-04	-6.106e-03	-6.182e-02
145532.50	6.547e-04	-8.966e-02	6.970e-02
145533.50	7.786e-03	1.402e-01	-6.998e-02
145534.50	2.563e-03	8.496e-02	-3.197e-02
145535.50	2.669e-02	2.899e-02	1.085e-01
145536.50	-1.526e-02	-8.342e-02	1.488e-01
145537.50	-1.594e-02	-3.552e-02	-6.624e-02
145538.50	-2.707e-02	-5.194e-02	-6.518e-02
145539.50	-5.866e-03	1.430e-01	1.008e-02
145540.50	2.458e-02	1.277e-01	6.509e-02
145541.50	-9.005e-03	-4.982e-02	1.037e-01
145542.50	1.066e-02	4.522e-03	-3.859e-01
145543.50	-1.171e-02	-1.402e-01	2.784e-02
145544.50	-8.554e-03	-1.123e-02	1.190e-01
145545.50	4.570e-03	-7.901e-03	5.270e-02
145546.50	-2.630e-03	-2.227e-02	-1.094e-02
145547.50	-7.939e-04	1.171e-02	2.486e-03
145548.50	-1.286e-03	-6.624e-02	1.872e-02
145549.50	-5.251e-03	3.629e-02	5.482e-02
145550.50	-8.957e-04	3.696e-02	3.283e-02
145551.50	-9.984e-03	-2.054e-03	-3.293e-02
145552.50	4.675e-03	-6.240e-02	-6.451e-02
145553.50	-8.640e-03	-7.699e-02	9.571e-02
145554.50	-2.736e-03	8.611e-02	9.888e-02
145555.50	-3.600e-03	7.315e-02	1.152e-01
145556.50	2.371e-02	1.382e-01	-4.925e-02
145557.50	5.098e-05	-1.018e-01	-8.266e-02
145558.50	-7.421e-05	-4.426e-02	-3.120e-02
145559.50	-1.162e-03	7.910e-02	3.427e-02
145560.50	1.709e-03	-1.056e-02	-3.053e-02
145561.50	-4.022e-03	-8.573e-02	-2.016e-02
145562.50	-4.090e-03	-6.163e-02	-1.968e-02
145563.50	2.256e-03	3.456e-02	-4.474e-02
145564.50	9.696e-04	1.901e-02	-5.530e-02
145565.50	-1.488e-03	-8.976e-03	-3.082e-02
145566.50	-2.611e-03	2.515e-02	3.946e-02
145567.50	-1.142e-04	2.074e-02	3.014e-02
145568.50	-1.354e-04	5.578e-04	5.808e-02
145569.50	3.840e-04	-1.968e-02	3.581e-03
145570.50	-7.651e-04	-2.736e-02	-5.318e-02
145571.50	-4.790e-03	1.046e-01	-2.909e-02
145572.50	1.402e-03	-1.094e-02	6.768e-02
145573.50	1.805e-02	-9.437e-02	-7.258e-03
145574.50	5.894e-03	1.459e-02	-1.046e-01
145575.50	-2.688e-03	-6.096e-02	4.147e-03
145576.50	-1.392e-03	2.736e-02	9.696e-03
145577.50	2.448e-04	-4.742e-02	-5.165e-02
145578.50	6.461e-03	-5.664e-02	-2.006e-02
145579.50	-1.776e-03	1.555e-02	5.222e-02
145580.50	2.170e-03	-1.267e-02	9.984e-02
145581.50	-1.450e-03	-1.075e-02	7.046e-02
145582.50	-1.123e-02	-2.630e-02	-2.822e-04
145583.50	-1.315e-02	-6.269e-02	1.382e-01
145584.50	9.101e-03	7.354e-02	4.973e-03
145585.50	2.256e-03	2.813e-03	-7.219e-02
145586.50	2.227e-03	-7.603e-02	-2.246e-02
145587.50	5.770e-03	1.027e-01	-9.696e-02
145588.50	5.866e-03	5.856e-02	-1.325e-02
145589.50	3.053e-03	-3.907e-02	-2.170e-01
145590.50	-1.162e-02	-8.909e-02	7.363e-02
145591.50	1.450e-03	2.122e-02	-9.350e-02
145592.50	2.880e-03	-6.384e-03	-5.213e-02
145593.50	3.466e-04	-1.987e-03	7.795e-02
145594.50	-1.766e-03	2.659e-02	5.760e-02
145595.50	-3.302e-03	1.056e-02	1.363e-02
145596.50	-6.173e-04	1.277e-02	-2.275e-02
145597.50	-1.901e-03	-4.013e-02	-4.003e-03
145598.50	1.229e-02	1.027e-02	5.376e-03
145599.50	1.219e-02	-4.147e-02	2.698e-03
145600.50	-1.872e-03	-1.181e-01	5.357e-02
145601.50	9.418e-04	-1.469e-02	-2.630e-02
