145003.50	0.000e+00	0.000e+00	0.000e+00
145004.50	0.000e+00	0.000e+00	0.000e+00
145005.50	0.000e+00	0.000e+00	0.000e+00
145006.50	0.000e+00	0.000e+00	0.000e+00
145007.50	0.000e+00	0.000e+00	0.000e+00
145008.50	0.000e+00	0.000e+00	0.000e+00
145009.50	0.000e+00	0.000e+00	0.000e+00
145010.50	0.000e+00	0.000e+00	0.000e+00
145011.50	0.000e+00	0.000e+00	0.000e+00
145012.50	0.000e+00	0.000e+00	0.000e+00
145013.50	0.000e+00	0.000e+00	0.000e+00
145014.50	0.000e+00	0.000e+00	0.000e+00
145015.50	0.000e+00	0.000e+00	0.000e+00
145016.50	0.000e+00	0.000e+00	0.000e+00
145017.50	0.000e+00	0.000e+00	0.000e+00
145018.50	0.000e+00	0.000e+00	0.000e+00
145019.50	0.000e+00	0.000e+00	0.000e+00
145020.50	0.000e+00	0.000e+00	0.000e+00
145021.50	0.000e+00	0.000e+00	0.000e+00
145022.50	0.000e+00	0.000e+00	0.000e+00
145023.50	0.000e+00	0.000e+00	0.000e+00
145024.50	0.000e+00	0.000e+00	0.000e+00
145025.50	0.000e+00	0.000e+00	0.000e+00
145026.50	0.000e+00	0.000e+00	0.000e+00
145027.50	0.000e+00	0.000e+00	0.000e+00
145028.50	0.000e+00	0.000e+00	0.000e+00
145029.50	0.000e+00	0.000e+00	0.000e+00
145030.50	0.000e+00	0.000e+00	0.000e+00
145031.50	0.000e+00	0.000e+00	0.000e+00
145032.50	0.000e+00	0.000e+00	0.000e+00
145033.50	0.000e+00	0.000e+00	0.000e+00
145034.50	0.000e+00	0.000e+00	0.000e+00
145035.50	0.000e+00	0.000e+00	0.000e+00
145036.50	0.000e+00	0.000e+00	0.000e+00
145037.50	0.000e+00	0.000e+00	0.000e+00
145038.50	0.000e+00	0.000e+00	0.000e+00
145039.50	0.000e+00	0.000e+00	0.000e+00
145040.50	0.000e+00	0.000e+00	0.000e+00
145041.50	0.000e+00	0.000e+00	0.000e+00
145042.50	0.000e+00	0.000e+00	0.000e+00
145043.50	0.000e+00	0.000e+00	0.000e+00
145044.50	0.000e+00	0.000e+00	0.000e+00
145045.50	0.000e+00	0.000e+00	0.000e+00
145046.50	0.000e+00	0.000e+00	0.000e+00
145047.50	0.000e+00	0.000e+00	0.000e+00
145048.50	0.000e+00	0.000e+00	0.000e+00
145049.50	0.000e+00	0.000e+00	0.000e+00
145050.50	0.000e+00	0.000e+00	0.000e+00
145051.50	0.000e+00	0.000e+00	0.000e+00
145052.50	0.000e+00	0.000e+00	0.000e+00
145053.50	0.000e+00	0.000e+00	0.000e+00
145054.50	0.000e+00	0.000e+00	0.000e+00
145055.50	0.000e+00	0.000e+00	0.000e+00
145056.50	0.000e+00	0.000e+00	0.000e+00
145057.50	0.000e+00	0.000e+00	0.000e+00
145058.50	0.000e+00	0.000e+00	0.000e+00
145059.50	0.000e+00	0.000e+00	0.000e+00
145060.50	0.000e+00	0.000e+00	0.000e+00
145061.50	0.000e+00	0.000e+00	0.000e+00
145062.50	0.000e+00	0.000e+00	0.000e+00
145063.50	0.000e+00	0.000e+00	0.000e+00
145064.50	0.000e+00	0.000e+00	0.000e+00
145065.50	0.000e+00	0.000e+00	0.000e+00
145066.50	0.000e+00	0.000e+00	0.000e+00
145067.50	0.000e+00	0.000e+00	0.000e+00
145068.50	0.000e+00	0.000e+00	0.000e+00
145069.50	0.000e+00	0.000e+00	0.000e+00
145070.50	0.000e+00	0.000e+00	0.000e+00
145071.50	0.000e+00	0.000e+00	0.000e+00
145072.50	0.000e+00	0.000e+00	0.000e+00
145073.50	0.000e+00	0.000e+00	0.000e+00
145074.50	0.000e+00	0.000e+00	0.000e+00
145075.50	0.000e+00	0.000e+00	0.000e+00
145076.50	0.000e+00	0.000e+00	0.000e+00
145077.50	0.000e+00	0.000e+00	0.000e+00
145078.50	0.000e+00	0.000e+00	0.000e+00
145079.50	0.000e+00	0.000e+00	0.000e+00
145080.50	0.000e+00	0.000e+00	0.000e+00
145081.50	0.000e+00	0.000e+00	0.000e+00
145082.50	0.000e+00	0.000e+00	0.000e+00
145083.50	0.000e+00	0.000e+00	0.000e+00
145084.50	0.000e+00	0.000e+00	0.000e+00
145085.50	0.000e+00	0.000e+00	0.000e+00
145086.50	0.000e+00	0.000e+00	0.000e+00
145087.50	0.000e+00	0.000e+00	0.000e+00
145088.50	0.000e+00	0.000e+00	0.000e+00
145089.50	0.000e+00	0.000e+00	0.000e+00
145090.50	0.000e+00	0.000e+00	0.000e+00
145091.50	0.000e+00	0.000e+00	0.000e+00
145092.50	0.000e+00	0.000e+00	0.000e+00
145093.50	0.000e+00	0.000e+00	0.000e+00
145094.50	0.000e+00	0.000e+00	0.000e+00
145095.50	0.000e+00	0.000e+00	0.000e+00
145096.50	0.000e+00	0.000e+00	0.000e+00
145097.50	0.000e+00	0.000e+00	0.000e+00
145098.50	0.000e+00	0.000e+00	0.000e+00
145099.50	0.000e+00	0.000e+00	0.000e+00
145100.50	0.000e+00	0.000e+00	0.000e+00
145101.50	0.000e+00	0.000e+00	0.000e+00
145102.50	0.000e+00	0.000e+00	0.000e+00
145103.50	0.000e+00	0.000e+00	0.000e+00
145104.50	0.000e+00	0.000e+00	0.000e+00
145105.50	0.000e+00	0.000e+00	0.000e+00
145106.50	0.000e+00	0.000e+00	0.000e+00
145107.50	0.000e+00	0.000e+00	0.000e+00
145108.50	0.000e+00	0.000e+00	0.000e+00
145109.50	0.000e+00	0.000e+00	0.000e+00
145110.50	0.000e+00	0.000e+00	0.000e+00
145111.50	0.000e+00	0.000e+00	0.000e+00
145112.50	0.000e+00	0.000e+00	0.000e+00
145113.50	0.000e+00	0.000e+00	0.000e+00
145114.50	0.000e+00	0.000e+00	0.000e+00
145115.50	0.000e+00	0.000e+00	0.000e+00
145116.50	0.000e+00	0.000e+00	0.000e+00
145117.50	0.000e+00	0.000e+00	0.000e+00
145118.50	0.000e+00	0.000e+00	0.000e+00
145119.50	0.000e+00	0.000e+00	0.000e+00
145120.50	0.000e+00	0.000e+00	0.000e+00
145121.50	0.000e+00	0.000e+00	0.000e+00
145122.50	0.000e+00	0.000e+00	0.000e+00
145123.50	0.000e+00	0.000e+00	0.000e+00
145124.50	0.000e+00	0.000e+00	0.000e+00
145125.50	8.976e-06	-1.142e-03	-1.430e-04
145126.50	1.325e-05	-7.670e-04	-1.200e-04
145127.50	-1.728e-04	9.792e-03	3.878e-03
145128.50	5.779e-04	-2.794e-04	-1.882e-02
145129.50	3.494e-03	-2.832e-02	-1.402e-01
145130.50	-1.469e-05	-2.102e-01	-1.046e-01
145131.50	-2.112e-03	2.794e-02	9.293e-02
145132.50	-1.248e-03	7.690e-02	8.198e-02
145133.50	-1.200e-04	5.981e-02	7.411e-02
145134.50	1.094e-03	4.358e-02	-1.219e-02
145135.50	-3.754e-04	3.590e-02	7.594e-03
145136.50	-3.946e-04	9.485e-03	-1.517e-02
145137.50	6.989e-04	-2.074e-01	-3.619e-02
145138.50	7.786e-03	-3.571e+00	-2.707e-01
145139.50	1.037e-01	-4.397e+01	-3.898e+00
145140.50	7.824e-01	-2.842e+02	-3.053e+01
145141.50	9.456e-01	-6.730e+02	-3.638e+01
145142.50	1.200e+00	-7.488e+02	-4.704e+01
145143.50	8.851e-01	-3.197e+02	-3.283e+01
145144.50	-1.814e-01	1.430e+02	1.210e+01
145145.50	-3.379e-01	2.054e+02	1.738e+01
145146.50	-2.323e-01	1.603e+02	1.114e+01
145147.50	-5.069e-01	1.392e+02	2.246e+01
145148.50	-2.438e-01	1.056e+02	1.046e+01
145149.50	2.266e-02	1.094e+02	-1.507e-01
145150.50	-2.669e-01	9.696e+01	1.200e+01
145151.50	-1.008e-01	8.141e+01	4.253e+00
145152.50	-5.664e-02	7.392e+01	1.661e+00
145153.50	-6.355e-02	6.355e+01	2.659e+00
145154.50	3.581e-02	6.202e+01	-1.978e+00
145155.50	-3.696e-02	5.702e+01	8.266e-01
145156.50	-4.368e-02	4.954e+01	1.805e+00
145157.50	-1.104e-01	4.896e+01	3.744e+00
145158.50	-1.133e-01	4.243e+01	4.330e+00
145159.50	-2.150e-02	3.773e+01	4.627e-01
145160.50	-8.544e-02	3.955e+01	3.638e+00
145161.50	-1.277e-01	3.408e+01	5.040e+00
145162.50	-1.574e-01	2.659e+01	5.990e+00
145163.50	-4.512e-02	3.053e+01	7.901e-01
145164.50	-3.811e-02	2.381e+01	1.210e+00
145165.50	-5.664e-02	2.467e+01	1.738e+00
145166.50	-3.629e-02	2.323e+01	9.341e-01
145167.50	-6.029e-02	2.026e+01	1.862e+00
145168.50	-1.219e-02	1.997e+01	6.202e-01
145169.50	2.266e-02	2.064e+01	-1.594e+00
145170.50	-3.542e-02	1.882e+01	1.104e+00
145171.50	6.211e-03	1.709e+01	-2.755e-01
145172.50	-4.166e-02	1.421e+01	1.728e+00
145173.50	-5.885e-02	1.584e+01	1.690e+00
145174.50	-4.541e-02	1.334e+01	1.517e+00
145175.50	-3.341e-02	1.229e+01	1.162e+00
145176.50	-5.328e-03	1.085e+01	-1.430e-01
145177.50	-1.459e-03	1.066e+01	-4.426e-01
145178.50	-2.746e-02	1.104e+01	7.190e-01
145179.50	-9.360e-02	1.085e+01	3.283e+00
145180.50	-3.638e-02	9.005e+00	8.698e-01
145181.50	-2.765e-02	8.698e+00	1.094e+00
145182.50	-1.469e-02	8.621e+00	7.008e-01
145183.50	-8.611e-02	8.986e+00	3.283e+00
145184.50	-9.504e-03	6.883e+00	3.456e-02
145185.50	-3.082e-03	8.323e+00	-7.747e-03
145186.50	-3.110e-02	6.202e+00	8.746e-01
145187.50	-2.746e-02	4.147e+00	6.422e-01
145188.50	-2.333e-03	6.336e+00	-1.776e-01
145189.50	-7.085e-03	6.077e+00	3.850e-01
145190.50	3.523e-03	4.742e+00	-5.894e-01
145191.50	-1.190e-02	4.829e+00	2.064e-01
145192.50	-1.978e-02	4.896e+00	2.506e-01
145193.50	-2.102e-02	5.981e+00	1.171e+00
145194.50	-1.728e-02	4.992e+00	5.021e-01
145195.50	-8.765e-03	4.042e+00	4.157e-01
145196.50	4.051e-03	3.523e+00	-4.051e-01
145197.50	-1.094e-02	3.754e+00	1.392e-01
145198.50	1.018e-02	3.562e+00	-6.701e-01
145199.50	-1.594e-02	3.494e+00	5.616e-01
145200.50	-3.110e-02	1.968e+00	1.152e+00
145201.50	-1.085e-02	2.227e+00	3.312e-01
145202.50	-7.997e-03	2.563e+00	1.027e-01
145203.50	-2.093e-02	4.397e+00	6.422e-01
145204.50	-2.669e-02	3.178e+00	1.046e+00
145205.50	-1.642e-03	2.746e+00	-8.093e-02
145206.50	6.912e-03	2.995e+00	-2.131e-01
145207.50	-5.760e-03	1.978e+00	2.390e-01
145208.50	-2.170e-02	2.822e+00	-1.507e-01
145209.50	1.728e-03	1.306e+00	1.037e-01
145210.50	-9.792e-03	1.488e+00	2.794e-01
145211.50	-2.006e-02	2.381e+00	4.243e-01
145212.50	1.258e-03	1.094e+00	-1.085e-01
145213.50	-8.294e-03	1.690e+00	2.909e-01
145214.50	1.603e-02	1.805e+00	-7.046e-01
145215.50	5.136e-03	1.622e+00	1.680e-01
145216.50	-5.270e-03	2.611e+00	3.350e-01
145217.50	9.437e-03	8.054e-01	-3.379e-01
145218.50	-4.070e-03	1.104e+00	2.822e-01
145219.50	-1.200e-02	1.690e+00	4.003e-01
145220.50	1.123e-03	9.888e-01	-4.426e-01
145221.50	-1.565e-03	1.805e+00	1.814e-02
145222.50	-2.544e-02	1.661e+00	5.626e-01
145223.50	-1.229e-02	1.056e+00	6.509e-01
145224.50	2.083e-03	9.475e-01	-3.206e-01
145225.50	-2.006e-02	4.243e-01	4.646e-01
145226.50	5.194e-03	1.574e+00	-3.418e-01
145227.50	-5.674e-03	1.085e+00	1.334e-01
145228.50	-5.837e-03	6.394e-01	3.571e-01
145229.50	1.661e-02	1.018e+00	-4.061e-01
145230.50	5.040e-03	5.165e-01	-3.360e-01
145231.50	-9.254e-03	5.424e-01	7.354e-02
145232.50	-2.467e-02	8.880e-01	9.984e-01
145233.50	1.402e-02	7.872e-01	-6.086e-01
145234.50	1.565e-02	1.027e+00	-5.510e-01
145235.50	-2.362e-02	5.741e-01	6.883e-01
145236.50	2.362e-03	5.664e-01	9.984e-02
145237.50	2.794e-03	2.851e-01	-4.512e-02
145238.50	-8.669e-03	1.219e+00	1.219e-01
145239.50	4.656e-04	-4.838e-03	1.238e-01
145240.50	-1.296e-04	2.093e-01	-2.150e-01
145241.50	4.205e-03	1.930e-01	9.696e-03
145242.50	-9.245e-03	6.691e-01	3.360e-01
145243.50	-2.160e-03	7.834e-01	-3.235e-02
145244.50	-2.563e-03	7.574e-01	-7.392e-02
145245.50	-9.389e-03	3.187e-01	2.957e-01
145246.50	-1.306e-02	5.040e-01	3.014e-01
145247.50	2.765e-03	5.856e-01	-4.051e-01
145248.50	-2.909e-03	3.466e-01	-2.726e-02
145249.50	9.264e-03	8.131e-01	-2.371e-01
145250.50	5.952e-03	2.803e-01	-1.584e-01
145251.50	-3.542e-03	3.408e-01	3.389e-01
145252.50	-8.141e-03	6.826e-01	2.755e-01
145253.50	-2.947e-03	2.870e-02	1.478e-02
145254.50	-1.075e-02	7.651e-01	2.400e-01
145255.50	-6.883e-03	-7.430e-02	1.738e-01
145256.50	2.256e-03	6.134e-01	9.005e-03
145257.50	8.746e-05	1.210e-01	1.354e-01
145258.50	4.886e-03	-2.218e-01	-1.152e-01
145259.50	7.853e-03	7.622e-01	-4.781e-01
145260.50	-7.142e-03	4.954e-01	4.061e-02
145261.50	-2.419e-03	1.517e-01	1.104e-02
145262.50	-5.165e-03	-1.488e-01	2.515e-01
145263.50	9.888e-03	2.448e-01	-5.462e-01
145264.50	-1.142e-02	7.469e-01	3.053e-01
145265.50	-5.635e-03	3.590e-02	3.648e-01
145266.50	1.296e-03	8.333e-02	-1.776e-01
145267.50	-2.256e-03	8.256e-02	1.978e-01
145268.50	9.984e-04	2.774e-01	-5.837e-02
145269.50	-3.494e-03	3.043e-01	2.717e-01
145270.50	-8.784e-04	-2.448e-02	-3.840e-02
145271.50	5.962e-03	1.910e-01	-1.238e-01
145272.50	7.507e-03	5.549e-01	-4.368e-01
145273.50	-1.008e-03	4.003e-01	-1.949e-02
145274.50	-1.699e-03	9.283e-02	2.112e-01
145275.50	-9.235e-03	-3.581e-01	1.229e-01
145276.50	-8.592e-03	1.315e-01	-5.011e-03
145277.50	7.997e-03	1.344e-02	-2.006e-01
145278.50	-1.190e-02	5.990e-01	2.938e-01
145279.50	-5.952e-03	1.632e-01	2.554e-01
145280.50	9.024e-03	3.821e-01	-1.402e-01
145281.50	4.608e-03	1.930e-01	-1.747e-01
145282.50	1.315e-03	1.094e-01	-1.210e-01
145283.50	4.954e-03	2.246e-01	-3.302e-01
145284.50	-4.829e-03	4.963e-02	3.091e-01
145285.50	-4.051e-03	-3.322e-02	2.880e-01
145286.50	-5.846e-03	3.370e-01	-8.256e-03
145287.50	6.048e-03	8.794e-02	7.632e-02
145288.50	4.320e-05	2.333e-01	9.600e-02
145289.50	-3.946e-03	1.843e-01	-4.838e-02
145290.50	2.275e-03	1.008e-01	-4.973e-02
145291.50	5.328e-03	4.771e-02	-1.805e-01
145292.50	1.670e-03	3.312e-02	-2.064e-01
145293.50	2.870e-03	-4.061e-02	-5.731e-02
145294.50	-1.363e-02	-1.987e-02	3.494e-01
145295.50	-5.434e-03	3.466e-02	1.123e-01
145296.50	3.552e-03	-1.344e-01	-3.226e-02
145297.50	-1.382e-02	2.938e-01	3.216e-01
145298.50	-5.798e-03	3.053e-03	3.907e-01
145299.50	-5.184e-03	2.659e-01	7.872e-02
145300.50	5.184e-03	1.987e-01	-3.523e-01
145301.50	-8.861e-03	3.206e-01	1.085e-01
145302.50	-5.645e-05	1.709e-01	1.085e-01
145303.50	4.589e-03	2.438e-01	-1.872e-01
145304.50	3.955e-03	1.037e-01	-2.266e-01
145305.50	2.669e-04	1.229e-01	8.832e-02
145306.50	6.096e-04	3.638e-01	2.016e-02
145307.50	-1.334e-02	-7.728e-03	3.907e-01
145308.50	1.306e-03	7.766e-02	-2.026e-01
145309.50	2.995e-03	4.819e-02	-8.774e-02
145310.50	-4.022e-03	-5.453e-02	8.573e-02
145311.50	-1.392e-03	3.562e-01	-8.736e-02
145312.50	3.178e-03	7.162e-02	-2.592e-02
145313.50	-4.608e-03	-1.037e-01	2.266e-01
145314.50	-1.027e-02	4.906e-02	5.453e-01
145315.50	1.133e-02	-4.560e-01	-5.030e-01
145316.50	1.027e-02	-6.998e-02	-3.101e-01
145317.50	-4.502e-03	-4.512e-02	2.554e-01
145318.50	-4.560e-03	3.686e-02	7.142e-02
145319.50	-4.598e-03	2.006e-01	2.045e-01
145320.50	-9.254e-03	-1.258e-01	6.250e-03
145321.50	6.931e-03	4.118e-01	-6.067e-02
145322.50	-4.982e-03	-8.870e-02	1.152e-01
145323.50	3.898e-03	5.827e-02	-1.603e-01
145324.50	1.555e-03	1.286e-01	1.786e-02
145325.50	-4.464e-03	7.632e-02	1.344e-01
145326.50	-8.208e-03	-1.306e-01	1.402e-01
145327.50	-1.210e-03	2.390e-03	1.786e-01
145328.50	-3.293e-03	7.546e-02	-4.272e-02
145329.50	-1.642e-03	1.488e-01	-2.678e-02
145330.50	2.122e-02	3.034e-02	-1.536e-01
145331.50	-2.986e-04	2.016e-01	-6.710e-02
145332.50	-1.488e-02	-3.331e-02	2.717e-01
145333.50	-1.382e-03	1.709e-01	-8.784e-03
145334.50	1.949e-03	1.450e-01	-1.421e-01
145335.50	1.738e-03	-3.504e-01	-3.043e-02
145336.50	1.430e-03	8.650e-02	-1.229e-01
145337.50	-6.442e-03	1.190e-02	6.605e-02
145338.50	5.453e-03	6.403e-02	-2.016e-02
145339.50	-2.227e-03	-1.152e-01	2.448e-01
145340.50	3.782e-03	1.315e-02	-2.198e-01
145341.50	-3.312e-03	5.347e-02	2.198e-02
145342.50	-3.802e-03	1.939e-01	2.611e-03
145343.50	-1.296e-03	1.411e-01	-2.112e-03
145344.50	-7.795e-03	1.910e-01	1.939e-01
145345.50	4.954e-04	1.229e-02	-3.562e-02
145346.50	-1.862e-04	1.526e-01	-5.635e-02
145347.50	-1.594e-03	3.706e-02	-8.774e-03
145348.50	1.594e-03	-1.133e-01	-7.594e-03
145349.50	-4.003e-03	-1.478e-02	1.142e-01
145350.50	-2.448e-03	1.814e-01	7.920e-02
145351.50	8.986e-03	-3.331e-02	-1.747e-01
145352.50	-6.451e-04	1.824e-02	9.533e-03
145353.50	5.280e-03	4.080e-02	-1.075e-01
145354.50	-7.037e-03	-4.042e-01	1.344e-01
145355.50	-9.283e-03	9.206e-02	7.267e-02
145356.50	-7.104e-04	9.792e-02	1.344e-01
145357.50	3.840e-03	3.456e-01	-9.888e-02
145358.50	1.901e-03	-1.718e-02	-5.942e-02
145359.50	1.286e-03	1.574e-01	-9.245e-02
145360.50	-2.189e-03	1.872e-01	1.968e-02
145361.50	-6.221e-04	-1.670e-01	1.363e-02
145362.50	-4.070e-03	-2.016e-02	1.046e-01
145363.50	-2.746e-04	-6.720e-02	-2.083e-01
145364.50	9.254e-03	-2.333e-02	-6.518e-02
145365.50	-5.693e-03	1.766e-01	2.678e-01
145366.50	-2.246e-03	-7.411e-02	6.950e-02
145367.50	-6.307e-03	-1.363e-01	1.152e-01
145368.50	-6.691e-03	-1.325e-01	4.003e-02
145369.50	-4.310e-04	1.344e-01	-1.613e-02
145370.50	1.392e-03	2.102e-01	1.056e-01
145371.50	-4.195e-03	5.914e-02	7.546e-02
145372.50	-2.275e-04	-4.282e-02	-6.355e-02
145373.50	-7.181e-04	-1.699e-01	1.027e-01
145374.50	5.251e-05	-1.104e-01	4.099e-03
145375.50	2.630e-04	-7.382e-02	-4.886e-02
145376.50	-2.784e-03	5.654e-02	-5.741e-02
145377.50	2.150e-03	2.842e-02	6.461e-03
145378.50	1.142e-03	2.870e-02	-7.834e-02
145379.50	1.286e-03	-1.162e-01	-1.018e-01
145380.50	-2.342e-03	-4.118e-02	-4.282e-02
145381.50	-7.277e-04	1.315e-01	4.906e-02
145382.50	-6.115e-03	7.142e-02	1.776e-02
145383.50	-1.085e-03	1.046e-01	-3.994e-02
145384.50	4.877e-03	4.886e-04	-1.056e-01
145385.50	-4.800e-03	5.011e-02	1.430e-01
145386.50	4.762e-03	-6.931e-02	-7.488e-02
145387.50	-1.526e-03	-5.501e-02	7.421e-02
145388.50	3.571e-03	-8.160e-02	-8.400e-02
145389.50	9.792e-04	1.411e-01	-4.368e-02
145390.50	3.667e-04	1.459e-01	-3.619e-03
145391.50	1.402e-03	-3.110e-02	5.270e-02
145392.50	1.786e-03	-1.709e-01	-1.142e-01
145393.50	-3.869e-03	-2.275e-02	1.718e-01
145394.50	-4.522e-03	4.147e-02	2.045e-01
145395.50	4.454e-04	-8.986e-02	2.035e-02
145396.50	3.638e-03	4.234e-02	1.517e-02
145397.50	-4.838e-03	2.218e-01	-5.059e-02
145398.50	-7.747e-03	-9.533e-02	3.763e-03
145399.50	-2.054e-03	-8.813e-02	5.808e-02
145400.50	4.214e-03	2.371e-02	-1.430e-01
145401.50	2.179e-03	1.018e-02	-9.984e-02
145402.50	-5.616e-03	1.469e-02	1.958e-01
145403.50	-6.490e-03	1.018e-01	-5.539e-02
145404.50	2.074e-03	8.698e-02	-1.997e-01
145405.50	-1.354e-03	1.046e-01	5.299e-02
145406.50	2.294e-04	7.046e-02	5.232e-02
145407.50	8.314e-03	-7.718e-02	-1.594e-01
145408.50	-4.522e-03	-2.218e-02	3.302e-03
145409.50	3.264e-03	9.398e-02	-8.803e-02
145410.50	4.291e-03	-2.189e-02	-3.619e-02
145411.50	4.310e-04	-9.274e-02	-8.957e-03
145412.50	1.046e-02	-2.726e-02	-1.248e-01
145413.50	-5.568e-03	-6.394e-02	1.152e-01
145414.50	-1.075e-03	-7.930e-02	2.486e-02
145415.50	1.008e-02	2.198e-01	-1.248e-01
145416.50	-2.438e-04	-1.325e-01	-1.699e-02
145417.50	5.990e-03	-1.536e-01	-6.643e-02
145418.50	-3.216e-02	-7.699e-02	1.190e-01
145419.50	-2.131e-02	1.171e-01	5.530e-02
145420.50	-1.066e-02	-1.258e-01	2.150e-01
145421.50	-6.163e-03	1.402e-01	1.018e-01
145422.50	3.322e-03	1.171e-02	-4.445e-02
145423.50	1.066e-03	1.392e-01	5.270e-02
145424.50	-3.427e-02	-8.822e-02	-7.488e-02
145425.50	6.288e-02	2.227e-01	-7.402e-02
145426.50	2.179e-02	3.600e-02	-1.997e-01
145427.50	4.435e-03	-3.974e-02	7.075e-02
145428.50	-4.531e-03	8.995e-02	1.104e-01
145429.50	-7.603e-04	-4.848e-02	9.792e-03
145430.50	-3.005e-02	-2.822e-01	-1.565e-02
145431.50	1.411e-02	-1.757e-01	-2.371e-02
145432.50	1.219e-02	1.824e-03	7.834e-02
145433.50	7.603e-04	1.949e-01	8.659e-02
145434.50	-2.794e-03	1.728e-01	8.525e-02
145435.50	-7.162e-04	-5.059e-02	-2.006e-02
145436.50	-6.576e-04	1.181e-02	-1.075e-01
145437.50	-7.373e-03	8.976e-02	5.914e-02
145438.50	-1.104e-02	-1.718e-02	9.792e-02
145439.50	1.594e-02	1.114e-01	-6.682e-02
145440.50	5.376e-03	1.651e-02	-8.093e-02
145441.50	4.291e-03	-8.640e-02	-4.810e-02
145442.50	2.112e-03	7.594e-02	-2.064e-02
145443.50	4.810e-03	2.102e-02	-2.630e-02
145444.50	1.786e-03	-1.123e-01	-6.240e-02
145445.50	-5.760e-03	-1.200e-02	1.219e-01
145446.50	-1.901e-04	-3.101e-02	2.256e-02
145447.50	4.416e-03	1.027e-01	-3.542e-03
145448.50	3.293e-03	3.888e-02	-1.344e-01
145449.50	-3.792e-03	-9.600e-02	2.054e-02
145450.50	-3.610e-03	-8.266e-02	8.592e-02
145451.50	-1.162e-03	-4.800e-02	6.989e-02
145452.50	-8.314e-04	1.075e-01	-6.941e-02
145453.50	-6.883e-03	-3.907e-02	6.653e-02
145454.50	-9.696e-03	1.190e-02	6.778e-02
145455.50	-3.590e-04	2.102e-01	3.235e-02
145456.50	-5.616e-03	-5.261e-03	-4.109e-02
145457.50	-3.341e-03	5.146e-02	-5.203e-02
145458.50	2.227e-03	7.450e-02	-3.312e-02
145459.50	3.811e-04	3.331e-02	3.619e-02
145460.50	4.387e-03	-1.574e-01	3.965e-02
145461.50	1.334e-02	-7.238e-02	-1.555e-01
145462.50	1.066e-02	9.984e-02	-2.755e-01
145463.50	1.459e-03	-1.306e-01	9.283e-02
145464.50	-2.371e-06	-1.027e-01	3.360e-02
145465.50	1.056e-03	4.003e-03	8.621e-02
145466.50	4.666e-03	-7.459e-02	-7.008e-03
145467.50	-3.552e-03	1.507e-02	1.286e-02
145468.50	-1.536e-03	-1.690e-03	-6.989e-02
145469.50	-6.029e-03	9.408e-02	1.210e-01
145470.50	-3.130e-03	-2.496e-02	-2.141e-04
145471.50	5.021e-04	2.035e-03	-2.131e-02
145472.50	-2.467e-03	5.482e-02	-8.966e-02
145473.50	-6.787e-03	3.379e-02	9.024e-02
145474.50	-5.021e-03	6.346e-02	1.469e-01
145475.50	3.869e-03	-4.790e-02	-1.469e-01
145476.50	-2.611e-03	5.011e-02	7.114e-02
145477.50	-1.594e-03	3.312e-02	5.395e-02
145478.50	4.723e-03	5.405e-04	-1.190e-01
145479.50	3.274e-03	-1.891e-02	-4.166e-02
145480.50	-4.445e-03	1.786e-01	2.918e-02
145481.50	-3.197e-03	-7.114e-02	1.488e-02
145482.50	-1.440e-03	-1.882e-02	1.075e-01
145483.50	-4.253e-03	-1.402e-01	6.288e-02
145484.50	2.851e-03	1.018e-02	-1.286e-01
145485.50	1.056e-03	9.427e-02	-1.651e-02
145486.50	-7.594e-04	-2.467e-02	1.344e-01
145487.50	2.179e-02	-4.550e-02	-1.066e-01
145488.50	-2.899e-03	-1.786e-01	1.949e-02
145489.50	-2.899e-03	-3.101e-02	-5.933e-02
145490.50	-9.226e-04	-3.917e-02	-1.094e-01
145491.50	-2.438e-03	3.235e-02	2.016e-02
145492.50	2.093e-03	6.182e-02	-1.046e-01
145493.50	1.210e-03	-3.110e-02	-1.776e-02
145494.50	2.755e-03	2.544e-02	-5.338e-02
145495.50	-3.734e-03	7.574e-02	1.056e-03
145496.50	2.525e-04	6.768e-02	2.448e-02
145497.50	1.066e-03	1.594e-02	-3.840e-02
145498.50	-1.248e-03	1.286e-02	3.677e-02
145499.50	-2.755e-03	-2.717e-02	9.274e-02
145500.50	1.181e-04	-3.984e-02	1.306e-02
145501.50	-1.814e-03	-6.288e-03	3.821e-02
145502.50	2.717e-03	-3.245e-02	-5.030e-02
145503.50	-3.274e-03	3.331e-02	5.338e-02
145504.50	-1.728e-03	-6.893e-03	3.043e-02
145505.50	-1.517e-03	7.555e-02	-6.931e-02
145506.50	-2.496e-03	6.278e-02	4.618e-02
145507.50	4.790e-03	-1.142e-01	-8.189e-02
145508.50	3.696e-03	-2.899e-02	-2.045e-04
145509.50	8.333e-05	-2.726e-02	3.197e-03
145510.50	-8.813e-04	-8.266e-03	7.613e-03
145511.50	-6.134e-03	-1.382e-02	4.598e-02
145512.50	-2.333e-03	-5.222e-02	6.998e-02
145513.50	2.467e-03	7.709e-02	-3.542e-03
145514.50	3.427e-04	1.018e-01	5.741e-02
145515.50	-6.019e-04	8.534e-03	4.176e-02
145516.50	1.085e-03	5.299e-02	-6.518e-02
145517.50	3.955e-03	4.454e-02	-4.829e-02
145518.50	2.141e-03	-9.178e-03	-6.624e-02
145519.50	-2.966e-03	-7.517e-02	6.134e-02
145520.50	-2.707e-03	1.862e-02	8.736e-02
145521.50	6.893e-05	1.421e-03	-2.294e-02
145522.50	4.349e-03	-1.229e-02	-1.584e-01
145523.50	1.661e-03	-6.403e-03	-4.771e-02
145524.50	-5.414e-06	-7.795e-02	-4.992e-02
145525.50	4.224e-03	-6.269e-02	4.483e-02
145526.50	-3.053e-03	1.200e-01	2.794e-02
145527.50	-2.035e-03	-9.504e-02	5.894e-02
145528.50	-1.747e-03	4.915e-04	5.098e-02
145529.50	-2.678e-03	8.678e-02	4.944e-02
145530.50	1.027e-04	3.523e-02	-3.379e-02
145531.50	-2.899e-03	-4.531e-02	1.046e-01
145532.50	-6.326e-04	-2.381e-02	-1.162e-02
145533.50	-8.054e-04	-9.600e-02	1.565e-01
145534.50	2.160e-03	-9.984e-02	-8.429e-02
145535.50	1.085e-02	2.179e-01	-1.066e-01
145536.50	-7.661e-04	-1.344e-01	-4.032e-02
145537.50	-2.074e-03	1.498e-01	-1.190e-01
145538.50	-5.482e-04	7.315e-03	8.458e-02
145539.50	2.794e-03	-8.573e-02	-6.125e-02
145540.50	2.928e-03	-4.003e-02	-8.342e-02
145541.50	-2.813e-05	3.274e-02	1.795e-02
145542.50	-1.776e-03	2.045e-02	5.126e-02
145543.50	5.587e-03	-3.082e-02	3.696e-02
145544.50	1.574e-02	7.613e-02	-2.083e-02
145545.50	9.178e-03	5.923e-03	-4.800e-02
145546.50	-8.909e-03	-4.253e-03	2.496e-02
145547.50	-1.584e-03	4.858e-03	-8.256e-02
145548.50	-4.070e-03	5.424e-02	7.219e-02
145549.50	-1.190e-02	1.238e-03	7.642e-02
145550.50	1.008e-02	1.018e-01	-5.597e-02
145551.50	2.026e-03	-3.629e-02	-8.122e-03
145552.50	1.152e-03	-2.621e-02	-1.747e-02
145553.50	-1.766e-03	4.368e-02	5.846e-02
145554.50	2.150e-03	-6.634e-02	3.408e-02
145555.50	-4.790e-03	-1.517e-03	-4.483e-04
145556.50	-1.277e-02	3.706e-02	8.342e-02
145557.50	-1.622e-03	5.174e-03	-6.144e-02
145558.50	-3.504e-03	7.757e-02	-4.454e-03
145559.50	6.240e-03	7.430e-02	-3.379e-02
145560.50	2.342e-04	2.611e-02	5.290e-02
145561.50	-3.206e-04	-1.920e-02	1.987e-02
145562.50	-1.517e-03	-6.720e-02	1.104e-01
145563.50	1.027e-03	-7.795e-02	-2.582e-02
145564.50	-2.026e-03	-3.226e-02	5.616e-02
145565.50	-2.995e-03	4.445e-03	-2.218e-03
145566.50	1.123e-03	-1.747e-02	-5.126e-02
145567.50	8.515e-04	-2.746e-02	-4.560e-02
145568.50	1.862e-03	1.766e-02	-7.248e-02
145569.50	1.402e-03	-5.789e-02	-3.331e-03
145570.50	-1.315e-03	8.429e-02	-7.699e-03
145571.50	-2.976e-03	2.122e-02	2.813e-02
145572.50	-2.707e-03	3.802e-02	3.446e-02
145573.50	-8.592e-04	-3.101e-02	3.907e-02
145574.50	9.283e-04	-9.561e-03	3.523e-02
145575.50	1.766e-04	6.086e-02	-7.459e-02
145576.50	-2.429e-03	6.662e-02	-9.552e-04
145577.50	-5.078e-03	4.464e-02	7.162e-02
145578.50	-8.957e-05	-9.178e-03	-6.912e-03
145579.50	1.478e-03	2.842e-02	-6.749e-02
145580.50	-3.888e-03	-3.245e-02	6.595e-02
145581.50	2.726e-04	-4.032e-02	-1.565e-02
145582.50	-1.229e-03	-6.346e-04	6.336e-03
145583.50	6.115e-04	2.842e-04	-3.542e-02
145584.50	3.216e-03	-2.506e-02	-1.709e-02
145585.50	3.398e-03	-8.246e-03	-1.238e-02
145586.50	9.696e-04	2.362e-02	-4.166e-02
145587.50	-1.603e-03	3.206e-02	-6.682e-03
145588.50	1.430e-03	-6.029e-02	-3.216e-02
145589.50	-1.536e-03	-3.312e-02	7.843e-02
145590.50	-2.794e-03	3.235e-02	3.869e-02
145591.50	1.421e-03	-4.205e-02	2.285e-02
145592.50	1.421e-03	-3.878e-02	-3.341e-02
145593.50	1.517e-03	2.650e-02	-4.742e-02
145594.50	3.264e-03	1.622e-02	-2.573e-02
145595.50	1.162e-03	2.918e-02	1.891e-03
145596.50	2.717e-04	-2.534e-02	-2.947e-02
145597.50	3.053e-04	-2.496e-03	-2.419e-02
145598.50	-8.467e-04	3.648e-02	5.923e-02
145599.50	-1.555e-03	5.021e-02	5.232e-02
145600.50	4.013e-04	-4.848e-03	-4.253e-02
145601.50	-1.478e-03	-6.230e-02	2.880e-02
