145003.50	0.000e+00	0.000e+00	0.000e+00
145004.50	0.000e+00	0.000e+00	0.000e+00
145005.50	0.000e+00	0.000e+00	0.000e+00
145006.50	0.000e+00	0.000e+00	0.000e+00
145007.50	0.000e+00	0.000e+00	0.000e+00
145008.50	0.000e+00	0.000e+00	0.000e+00
145009.50	0.000e+00	0.000e+00	0.000e+00
145010.50	0.000e+00	0.000e+00	0.000e+00
145011.50	0.000e+00	0.000e+00	0.000e+00
145012.50	0.000e+00	0.000e+00	0.000e+00
145013.50	0.000e+00	0.000e+00	0.000e+00
145014.50	0.000e+00	0.000e+00	0.000e+00
145015.50	0.000e+00	0.000e+00	0.000e+00
145016.50	0.000e+00	0.000e+00	0.000e+00
145017.50	0.000e+00	0.000e+00	0.000e+00
145018.50	0.000e+00	0.000e+00	0.000e+00
145019.50	0.000e+00	0.000e+00	0.000e+00
145020.50	0.000e+00	0.000e+00	0.000e+00
145021.50	0.000e+00	0.000e+00	0.000e+00
145022.50	0.000e+00	0.000e+00	0.000e+00
145023.50	0.000e+00	0.000e+00	0.000e+00
145024.50	0.000e+00	0.000e+00	0.000e+00
145025.50	0.000e+00	0.000e+00	0.000e+00
145026.50	0.000e+00	0.000e+00	0.000e+00
145027.50	0.000e+00	0.000e+00	0.000e+00
145028.50	0.000e+00	0.000e+00	0.000e+00
145029.50	0.000e+00	0.000e+00	0.000e+00
145030.50	0.000e+00	0.000e+00	0.000e+00
145031.50	0.000e+00	0.000e+00	0.000e+00
145032.50	0.000e+00	0.000e+00	0.000e+00
145033.50	0.000e+00	0.000e+00	0.000e+00
145034.50	0.000e+00	0.000e+00	0.000e+00
145035.50	0.000e+00	0.000e+00	0.000e+00
145036.50	0.000e+00	0.000e+00	0.000e+00
145037.50	0.000e+00	0.000e+00	0.000e+00
145038.50	0.000e+00	0.000e+00	0.000e+00
145039.50	0.000e+00	0.000e+00	0.000e+00
145040.50	0.000e+00	0.000e+00	0.000e+00
145041.50	0.000e+00	0.000e+00	0.000e+00
145042.50	0.000e+00	0.000e+00	0.000e+00
145043.50	0.000e+00	0.000e+00	0.000e+00
145044.50	0.000e+00	0.000e+00	0.000e+00
145045.50	0.000e+00	0.000e+00	0.000e+00
145046.50	0.000e+00	0.000e+00	0.000e+00
145047.50	0.000e+00	0.000e+00	0.000e+00
145048.50	0.000e+00	0.000e+00	0.000e+00
145049.50	0.000e+00	0.000e+00	0.000e+00
145050.50	0.000e+00	0.000e+00	0.000e+00
145051.50	0.000e+00	0.000e+00	0.000e+00
145052.50	0.000e+00	0.000e+00	0.000e+00
145053.50	0.000e+00	0.000e+00	0.000e+00
145054.50	0.000e+00	0.000e+00	0.000e+00
145055.50	0.000e+00	0.000e+00	0.000e+00
145056.50	0.000e+00	0.000e+00	0.000e+00
145057.50	0.000e+00	0.000e+00	0.000e+00
145058.50	0.000e+00	0.000e+00	0.000e+00
145059.50	0.000e+00	0.000e+00	0.000e+00
145060.50	0.000e+00	0.000e+00	0.000e+00
145061.50	0.000e+00	0.000e+00	0.000e+00
145062.50	0.000e+00	0.000e+00	0.000e+00
145063.50	0.000e+00	0.000e+00	0.000e+00
145064.50	0.000e+00	0.000e+00	0.000e+00
145065.50	0.000e+00	0.000e+00	0.000e+00
145066.50	0.000e+00	0.000e+00	0.000e+00
145067.50	0.000e+00	0.000e+00	0.000e+00
145068.50	0.000e+00	0.000e+00	0.000e+00
145069.50	0.000e+00	0.000e+00	0.000e+00
145070.50	0.000e+00	0.000e+00	0.000e+00
145071.50	0.000e+00	0.000e+00	0.000e+00
145072.50	0.000e+00	0.000e+00	0.000e+00
145073.50	0.000e+00	0.000e+00	0.000e+00
145074.50	0.000e+00	0.000e+00	0.000e+00
145075.50	0.000e+00	0.000e+00	0.000e+00
145076.50	0.000e+00	0.000e+00	0.000e+00
145077.50	0.000e+00	0.000e+00	0.000e+00
145078.50	0.000e+00	0.000e+00	0.000e+00
145079.50	0.000e+00	0.000e+00	0.000e+00
145080.50	0.000e+00	0.000e+00	0.000e+00
145081.50	0.000e+00	0.000e+00	0.000e+00
145082.50	0.000e+00	0.000e+00	0.000e+00
145083.50	0.000e+00	0.000e+00	0.000e+00
145084.50	0.000e+00	0.000e+00	0.000e+00
145085.50	0.000e+00	0.000e+00	0.000e+00
145086.50	0.000e+00	0.000e+00	0.000e+00
145087.50	0.000e+00	0.000e+00	0.000e+00
145088.50	0.000e+00	0.000e+00	0.000e+00
145089.50	0.000e+00	0.000e+00	0.000e+00
145090.50	0.000e+00	0.000e+00	0.000e+00
145091.50	0.000e+00	0.000e+00	0.000e+00
145092.50	0.000e+00	0.000e+00	0.000e+00
145093.50	0.000e+00	0.000e+00	0.000e+00
145094.50	0.000e+00	0.000e+00	0.000e+00
145095.50	0.000e+00	0.000e+00	0.000e+00
145096.50	0.000e+00	0.000e+00	0.000e+00
145097.50	0.000e+00	0.000e+00	0.000e+00
145098.50	0.000e+00	0.000e+00	0.000e+00
145099.50	0.000e+00	0.000e+00	0.000e+00
145100.50	0.000e+00	0.000e+00	0.000e+00
145101.50	0.000e+00	0.000e+00	0.000e+00
145102.50	0.000e+00	0.000e+00	0.000e+00
145103.50	0.000e+00	0.000e+00	0.000e+00
145104.50	0.000e+00	0.000e+00	0.000e+00
145105.50	0.000e+00	0.000e+00	0.000e+00
145106.50	0.000e+00	0.000e+00	0.000e+00
145107.50	0.000e+00	0.000e+00	0.000e+00
145108.50	0.000e+00	0.000e+00	0.000e+00
145109.50	0.000e+00	0.000e+00	0.000e+00
145110.50	0.000e+00	0.000e+00	0.000e+00
145111.50	0.000e+00	0.000e+00	0.000e+00
145112.50	0.000e+00	0.000e+00	0.000e+00
145113.50	0.000e+00	0.000e+00	0.000e+00
145114.50	0.000e+00	0.000e+00	0.000e+00
145115.50	0.000e+00	0.000e+00	0.000e+00
145116.50	0.000e+00	0.000e+00	0.000e+00
145117.50	0.000e+00	0.000e+00	0.000e+00
145118.50	0.000e+00	0.000e+00	0.000e+00
145119.50	0.000e+00	0.000e+00	0.000e+00
145120.50	0.000e+00	0.000e+00	0.000e+00
145121.50	0.000e+00	0.000e+00	0.000e+00
145122.50	0.000e+00	0.000e+00	0.000e+00
145123.50	0.000e+00	0.000e+00	0.000e+00
145124.50	0.000e+00	0.000e+00	0.000e+00
145125.50	0.000e+00	0.000e+00	0.000e+00
145126.50	0.000e+00	0.000e+00	0.000e+00
145127.50	3.734e-06	2.342e-04	1.555e-03
145128.50	-1.046e-05	1.181e-03	-7.056e-04
145129.50	-1.805e-05	-1.402e-03	2.659e-03
145130.50	-4.896e-05	9.984e-03	-1.133e-02
145131.50	-4.416e-04	8.390e-03	4.416e-03
145132.50	8.275e-04	-3.149e-02	7.267e-03
145133.50	6.154e-04	-1.728e-02	-2.448e-03
145134.50	-7.642e-05	-2.016e-03	5.069e-03
145135.50	-6.691e-04	2.294e-02	-4.022e-03
145136.50	2.947e-04	-2.112e-03	2.448e-04
145137.50	4.070e-04	-5.894e-03	1.882e-03
145138.50	3.360e-05	-2.208e-02	3.024e-02
145139.50	-9.561e-04	3.878e-02	1.085e-02
145140.50	-1.795e-04	3.350e-02	-1.920e-02
145141.50	-1.123e-03	1.498e-01	-3.274e-01
145142.50	-3.245e-03	4.646e-02	-1.411e-01
145143.50	5.203e-03	-2.746e-01	2.986e-02
145144.50	1.094e-02	-2.054e-01	-1.507e-01
145145.50	1.200e-01	-6.538e+00	8.150e-01
145146.50	2.112e+00	-1.094e+02	2.621e+00
145147.50	1.373e+01	-7.392e+02	4.771e+00
145148.50	1.910e+01	-1.104e+03	1.690e+01
145149.50	6.115e+00	-3.667e+02	-1.901e+01
145150.50	-3.859e+00	2.198e+02	6.019e+00
145151.50	-4.176e+00	2.458e+02	1.680e+00
145152.50	-2.717e+00	1.642e+02	-5.165e+00
145153.50	-2.266e+00	1.344e+02	-4.272e+00
145154.50	-2.160e+00	1.258e+02	-1.584e+00
145155.50	-2.093e+00	1.162e+02	9.130e+00
145156.50	-1.901e+00	1.094e+02	-1.728e+00
145157.50	-1.488e+00	8.717e+01	-3.869e+00
145158.50	-1.363e+00	8.141e+01	-7.728e+00
145159.50	-1.267e+00	7.517e+01	-7.056e+00
145160.50	-1.162e+00	6.480e+01	1.267e+00
145161.50	-1.066e+00	5.875e+01	2.323e+00
145162.50	-9.254e-01	5.318e+01	-1.978e+00
145163.50	-9.274e-01	5.338e+01	-3.648e+00
145164.50	-8.419e-01	4.570e+01	6.432e-01
145165.50	-7.949e-01	4.118e+01	6.557e+00
145166.50	-7.008e-01	3.773e+01	1.267e+00
145167.50	-6.854e-01	3.696e+01	2.707e-01
145168.50	-6.202e-01	3.494e+01	-1.757e+00
145169.50	-4.954e-01	2.870e+01	-3.264e+00
145170.50	-5.414e-01	2.986e+01	-3.350e-01
145171.50	-5.059e-01	2.698e+01	1.018e+00
145172.50	-4.934e-01	2.746e+01	3.888e-01
145173.50	-4.512e-01	2.486e+01	3.466e-01
145174.50	-3.360e-01	1.834e+01	3.514e-01
145175.50	-3.658e-01	2.064e+01	-8.707e-01
145176.50	-3.485e-01	1.939e+01	-1.056e+00
145177.50	-2.890e-01	1.642e+01	-1.488e+00
145178.50	-3.341e-01	1.738e+01	6.451e-01
145179.50	-2.794e-01	1.555e+01	-1.094e+00
145180.50	-2.832e-01	1.526e+01	1.334e+00
145181.50	-2.592e-01	1.344e+01	1.027e+00
145182.50	-2.218e-01	1.258e+01	8.304e-01
145183.50	-2.170e-01	1.114e+01	5.328e-01
145184.50	-2.026e-01	1.075e+01	-6.998e-01
145185.50	-2.083e-01	1.142e+01	-5.760e-01
145186.50	-2.410e-01	1.210e+01	1.085e+00
145187.50	-1.728e-01	8.362e+00	1.238e+00
145188.50	-1.402e-01	7.104e+00	2.438e-01
145189.50	-1.699e-01	9.350e+00	-1.430e-01
145190.50	-1.574e-01	8.112e+00	8.515e-01
145191.50	-1.642e-01	8.390e+00	9.446e-01
145192.50	-1.469e-01	6.931e+00	4.090e-01
145193.50	-1.603e-01	8.842e+00	-1.008e+00
145194.50	-1.037e-01	5.453e+00	-9.696e-02
145195.50	-1.325e-01	6.086e+00	1.728e+00
145196.50	-1.046e-01	5.146e+00	-9.475e-02
145197.50	-1.219e-01	6.998e+00	1.498e-01
145198.50	-9.408e-02	5.482e+00	-7.661e-01
145199.50	-1.066e-01	4.829e+00	8.448e-01
145200.50	-1.046e-01	5.165e+00	3.696e-01
145201.50	-9.542e-02	4.982e+00	3.581e-01
145202.50	-6.998e-02	4.224e+00	-7.229e-01
145203.50	-8.861e-02	4.339e+00	1.296e+00
145204.50	-7.142e-02	3.562e+00	-9.888e-02
145205.50	-9.427e-02	4.262e+00	1.114e+00
145206.50	-6.163e-02	3.226e+00	7.766e-02
145207.50	-5.510e-02	3.034e+00	-4.291e-01
145208.50	-4.022e-02	2.966e+00	-9.283e-01
145209.50	-5.222e-02	3.178e+00	-1.123e-01
145210.50	-5.376e-02	2.659e+00	-6.115e-01
145211.50	-6.413e-02	3.427e+00	1.661e-01
145212.50	-5.971e-02	2.774e+00	1.776e-01
145213.50	-5.078e-02	2.035e+00	1.334e+00
145214.50	-7.411e-02	3.379e+00	-3.898e-01
145215.50	-4.570e-02	1.757e+00	7.334e-01
145216.50	-5.616e-02	2.630e+00	2.554e-01
145217.50	-3.293e-02	1.920e+00	3.811e-02
145218.50	-3.437e-02	2.179e+00	-4.512e-01
145219.50	-6.125e-03	1.718e+00	-7.046e-01
145220.50	-4.915e-02	2.506e+00	-4.963e-01
145221.50	-4.090e-02	1.824e+00	-4.262e-01
145222.50	-3.274e-02	1.171e+00	5.242e-01
145223.50	-4.118e-02	1.882e+00	5.683e-01
145224.50	-2.851e-02	1.325e+00	-2.438e-02
145225.50	-3.811e-02	1.747e+00	-9.322e-02
145226.50	-5.990e-03	8.755e-01	7.392e-01
145227.50	-2.736e-02	1.594e+00	-1.075e+00
145228.50	-2.947e-02	1.248e+00	2.064e-01
145229.50	-1.574e-02	7.046e-01	-9.101e-02
145230.50	-1.814e-02	6.960e-01	7.018e-01
145231.50	-1.834e-02	7.056e-01	7.363e-02
145232.50	-2.659e-02	1.536e+00	-4.310e-01
145233.50	-2.784e-02	1.738e+00	-7.200e-01
145234.50	-2.304e-02	6.614e-01	-8.304e-01
145235.50	2.102e-02	5.664e-01	2.813e-01
145236.50	-3.216e-02	9.110e-01	2.909e-01
145237.50	7.901e-05	5.837e-01	-7.094e-01
145238.50	-3.821e-02	1.757e+00	5.299e-01
145239.50	-2.141e-02	1.181e+00	-3.427e-02
145240.50	-2.458e-02	1.334e+00	-8.294e-02
145241.50	-7.718e-03	8.419e-01	2.275e-01
145242.50	1.872e-03	7.046e-01	8.141e-02
145243.50	-1.661e-02	3.005e-01	-3.638e-02
145244.50	-1.987e-02	1.027e+00	5.818e-02
145245.50	-1.114e-02	6.336e-01	9.178e-02
145246.50	1.363e-03	5.395e-01	-1.690e-01
145247.50	-8.342e-03	2.198e-01	-1.190e-01
145248.50	-1.354e-02	6.499e-01	-3.619e-01
145249.50	-1.622e-02	6.624e-01	-2.746e-02
145250.50	-1.094e-02	5.290e-01	-9.226e-02
145251.50	-7.392e-03	2.026e-01	3.725e-01
145252.50	-5.482e-03	4.339e-01	-3.398e-01
145253.50	-1.603e-02	7.728e-01	-5.414e-01
145254.50	1.488e-02	1.661e-01	-1.037e-02
145255.50	6.778e-03	8.899e-01	2.995e-01
145256.50	2.141e-02	4.109e-01	-2.179e-02
145257.50	-1.267e-02	3.370e-01	-4.493e-02
145258.50	-8.794e-02	3.830e-01	6.250e-01
145259.50	-1.123e-02	2.890e-01	1.104e-01
145260.50	1.056e-02	3.341e-01	7.680e-02
145261.50	-7.066e-03	2.448e-01	-1.757e-01
145262.50	-4.166e-03	3.677e-02	8.141e-02
145263.50	-1.651e-02	6.682e-01	4.781e-01
145264.50	4.992e-03	7.392e-01	-2.390e-01
145265.50	1.690e-02	5.376e-01	-7.891e-02
145266.50	-6.259e-02	-3.754e-01	3.994e-01
145267.50	-5.184e-03	6.365e-01	5.750e-02
145268.50	-1.085e-02	2.678e-01	1.488e-02
145269.50	6.278e-03	-4.224e-02	-3.130e-01
145270.50	-1.488e-02	5.981e-01	-4.589e-03
145271.50	-7.094e-03	3.062e-01	-2.074e-02
145272.50	8.957e-03	9.888e-02	2.678e-01
145273.50	-1.526e-02	5.203e-01	1.622e-01
145274.50	-6.826e-03	3.898e-01	4.954e-02
145275.50	5.837e-03	3.581e-02	-4.118e-01
145276.50	-8.016e-03	4.762e-01	-1.258e-02
145277.50	-1.277e-02	6.768e-01	-1.114e-01
145278.50	7.882e-03	-4.090e-01	2.141e-01
145279.50	2.688e-02	4.301e-01	-2.064e-01
145280.50	-1.181e-02	1.258e-01	-1.498e-01
145281.50	-1.056e-02	-1.584e-01	-2.304e-01
145282.50	-3.658e-02	4.867e-01	3.955e-01
145283.50	-5.558e-03	2.822e-01	5.923e-03
145284.50	-3.552e-03	-9.331e-02	5.741e-02
145285.50	-3.254e-02	3.398e-01	8.074e-02
145286.50	-4.109e-03	3.523e-01	8.323e-02
145287.50	3.408e-03	1.296e-01	-5.213e-01
145288.50	-6.384e-03	8.237e-02	2.458e-01
145289.50	-1.930e-02	4.666e-01	8.582e-02
145290.50	7.728e-03	-2.304e-01	-3.533e-02
145291.50	-1.786e-03	9.888e-02	1.123e-01
145292.50	-8.678e-03	2.774e-01	2.611e-01
145293.50	4.762e-03	-1.594e-01	1.690e-01
145294.50	-3.149e-03	2.698e-01	-5.357e-02
145295.50	-3.504e-03	2.102e-01	4.080e-02
145296.50	-6.768e-03	-8.189e-02	-5.424e-02
145297.50	-1.210e-02	1.834e-01	-1.565e-01
145298.50	-1.584e-03	3.984e-01	-2.304e-01
145299.50	-1.277e-02	2.496e-01	4.483e-02
145300.50	-5.491e-03	1.517e-01	1.699e-01
145301.50	5.050e-03	-3.466e-01	1.546e-02
145302.50	6.797e-04	1.133e-01	9.274e-02
145303.50	-2.726e-03	-1.094e-01	1.536e-01
145304.50	1.104e-02	-3.005e-01	-2.467e-01
145305.50	-8.275e-03	3.062e-01	1.718e-01
145306.50	-2.832e-03	2.794e-01	2.938e-01
145307.50	2.995e-02	3.379e-01	-4.838e-02
145308.50	-1.920e-02	8.342e-02	-9.149e-02
145309.50	4.157e-03	8.707e-02	-2.390e-01
145310.50	1.430e-03	1.526e-01	-2.832e-01
145311.50	-1.526e-02	1.574e-01	5.328e-02
145312.50	6.528e-04	-6.835e-02	4.464e-01
145313.50	-3.341e-03	4.224e-01	-2.582e-01
145314.50	-1.133e-02	2.410e-01	2.362e-01
145315.50	-5.539e-03	7.200e-02	1.104e-01
145316.50	-7.622e-03	1.056e-01	1.622e-01
145317.50	-6.086e-03	4.234e-01	5.011e-02
145318.50	8.410e-03	-2.717e-01	-2.035e-01
145319.50	-1.382e-02	1.133e-02	-2.765e-01
145320.50	-2.842e-03	-9.792e-02	-1.094e-01
145321.50	-7.046e-04	-7.949e-04	1.814e-01
145322.50	-9.408e-03	2.285e-01	2.362e-01
145323.50	-5.837e-03	2.554e-01	-2.438e-01
145324.50	4.973e-04	6.989e-02	3.619e-02
145325.50	-2.918e-03	8.755e-02	4.099e-02
145326.50	9.696e-04	-7.267e-02	-3.206e-02
145327.50	5.098e-04	-7.536e-02	1.123e-01
145328.50	-1.248e-02	3.802e-01	-6.950e-02
145329.50	1.171e-02	-4.762e-02	1.248e-01
145330.50	-1.805e-03	-4.262e-03	-3.014e-01
145331.50	-2.237e-03	1.344e-02	-9.888e-02
145332.50	-9.158e-03	5.232e-01	-1.027e-01
145333.50	2.966e-03	-2.054e-01	1.469e-01
145334.50	1.190e-03	-2.669e-01	2.966e-01
145335.50	-3.187e-03	1.853e-01	1.037e-01
145336.50	-1.680e-03	1.440e-01	-1.133e-01
145337.50	3.888e-04	1.805e-03	-1.507e-01
145338.50	-4.291e-03	1.786e-01	2.496e-01
145339.50	-1.632e-03	5.530e-02	1.363e-01
145340.50	-6.317e-03	1.210e-01	4.147e-02
145341.50	-3.754e-03	1.104e-01	6.835e-02
145342.50	1.843e-03	-3.370e-02	-6.346e-02
145343.50	-3.552e-03	1.603e-01	-1.046e-01
145344.50	2.851e-04	-1.162e-01	1.862e-01
145345.50	6.538e-03	-1.133e-01	-1.421e-01
145346.50	3.917e-03	-7.334e-02	-5.107e-02
145347.50	-1.469e-03	8.131e-02	2.208e-01
145348.50	5.866e-03	-2.659e-01	2.083e-02
145349.50	-6.509e-03	2.794e-01	-9.062e-02
145350.50	-8.822e-03	1.891e-01	-1.891e-02
145351.50	-7.258e-03	5.894e-02	2.506e-01
145352.50	-1.027e-03	2.995e-02	1.738e-01
145353.50	-1.949e-03	1.594e-01	3.773e-02
145354.50	-3.427e-03	1.450e-01	-3.859e-02
145355.50	-4.330e-03	1.843e-01	1.459e-01
145356.50	2.294e-05	5.578e-02	4.128e-02
145357.50	7.910e-03	-8.160e-02	-5.270e-01
145358.50	-6.250e-03	-1.248e-01	7.402e-02
145359.50	-4.483e-03	4.541e-03	-7.920e-02
145360.50	3.734e-03	-9.062e-02	2.650e-02
145361.50	5.722e-03	-1.987e-01	4.714e-03
145362.50	-9.082e-04	-3.302e-02	7.114e-02
145363.50	1.574e-03	-7.709e-02	8.688e-02
145364.50	-3.658e-03	5.309e-02	1.066e-01
145365.50	-2.621e-03	1.603e-01	-3.638e-02
145366.50	7.075e-04	1.373e-01	-4.954e-02
145367.50	-8.976e-04	-4.253e-02	7.046e-02
145368.50	1.085e-03	-2.458e-02	1.085e-01
145369.50	-3.926e-03	1.411e-01	3.658e-03
145370.50	-6.192e-03	-1.488e-02	-5.482e-02
145371.50	-6.691e-03	1.728e-01	1.325e-02
145372.50	9.485e-04	-6.346e-02	-1.613e-01
145373.50	-7.862e-05	-1.277e-01	-2.582e-02
145374.50	-3.840e-03	6.269e-02	-3.158e-02
145375.50	3.936e-03	3.283e-02	2.726e-03
145376.50	4.176e-03	-1.046e-02	-2.333e-01
145377.50	-4.426e-04	-7.018e-02	1.574e-01
145378.50	-5.597e-03	1.306e-01	1.152e-01
145379.50	1.891e-03	-9.024e-02	-7.075e-02
145380.50	4.906e-03	1.440e-01	-1.546e-01
145381.50	-4.454e-03	1.517e-01	-1.584e-01
145382.50	-4.118e-03	1.402e-01	-1.402e-01
145383.50	-2.486e-03	-1.373e-02	2.179e-01
145384.50	-9.523e-04	1.709e-01	-5.290e-02
145385.50	3.581e-03	-3.235e-01	-1.248e-02
145386.50	-7.642e-04	-2.880e-02	1.930e-01
145387.50	-3.014e-03	4.512e-02	-9.696e-02
145388.50	4.272e-03	5.050e-03	1.632e-01
145389.50	1.075e-02	2.122e-03	9.888e-02
145390.50	-1.190e-03	4.330e-02	-1.651e-01
145391.50	1.699e-03	-6.422e-02	-1.459e-02
145392.50	6.029e-03	-5.674e-02	-1.459e-01
145393.50	7.498e-03	-1.709e-02	9.322e-02
145394.50	1.162e-02	4.493e-02	-9.552e-02
145395.50	-3.053e-02	2.506e-01	1.939e-01
145396.50	-3.754e-03	6.701e-02	1.402e-01
145397.50	2.630e-03	7.968e-02	-7.507e-02
145398.50	6.912e-03	-4.234e-02	-3.542e-02
145399.50	-2.870e-03	-1.373e-02	7.200e-02
145400.50	1.718e-02	2.304e-02	-1.536e-01
145401.50	6.624e-02	-4.637e-03	-1.286e-01
145402.50	-4.618e-04	6.077e-02	-3.456e-02
145403.50	-1.546e-03	1.037e-02	-1.219e-02
145404.50	1.834e-02	-1.152e-01	-1.210e-03
145405.50	1.430e-02	-9.331e-03	-2.630e-03
145406.50	-3.878e-03	-9.696e-03	-1.440e-02
145407.50	-6.250e-03	7.411e-02	4.522e-02
145408.50	-1.238e-02	-3.427e-03	5.693e-02
145409.50	-2.486e-03	-1.402e-01	7.526e-02
145410.50	-1.536e-04	1.363e-01	-7.882e-02
145411.50	2.851e-03	-1.843e-01	-4.032e-02
145412.50	-4.474e-02	3.475e-02	1.133e-01
145413.50	-2.957e-02	8.304e-02	1.056e-01
145414.50	-2.342e-03	4.253e-02	1.286e-01
145415.50	-1.402e-03	9.274e-02	-7.258e-02
145416.50	-3.408e-03	-3.840e-02	6.163e-02
145417.50	4.378e-03	-4.358e-02	-1.258e-01
145418.50	4.906e-03	-1.670e-02	-2.525e-01
145419.50	2.400e-03	-5.856e-02	-6.547e-02
145420.50	-1.190e-03	8.890e-02	1.622e-02
145421.50	-1.421e-03	1.018e-01	4.906e-02
145422.50	-2.208e-02	1.824e-01	-2.256e-02
145423.50	-1.507e-03	3.082e-02	-1.296e-01
145424.50	2.045e-03	-6.749e-02	9.235e-02
145425.50	-3.571e-03	7.306e-02	2.544e-01
145426.50	-4.176e-03	4.224e-02	-6.576e-02
145427.50	1.296e-04	-1.354e-01	5.395e-02
145428.50	2.448e-05	1.306e-01	-2.083e-02
145429.50	4.704e-04	2.506e-02	-5.606e-02
145430.50	1.344e-03	-2.400e-02	8.064e-02
145431.50	-2.890e-02	1.565e-02	1.171e-01
145432.50	-1.997e-03	-2.918e-02	6.758e-02
145433.50	3.917e-02	-1.853e-01	3.677e-02
145434.50	4.080e-02	7.690e-03	-1.402e-02
145435.50	-6.509e-03	3.264e-02	-6.288e-02
145436.50	2.131e-04	-3.830e-02	3.802e-02
145437.50	-3.130e-03	6.806e-02	-9.984e-02
145438.50	2.083e-03	8.342e-02	8.506e-02
145439.50	-8.275e-02	1.958e-01	2.467e-02
145440.50	-6.576e-03	-1.651e-03	-1.651e-01
145441.50	-1.181e-03	8.016e-02	-1.104e-01
145442.50	-2.803e-03	2.362e-02	4.464e-02
145443.50	-6.518e-04	-1.066e-01	2.832e-02
145444.50	2.592e-03	-9.302e-02	-1.286e-01
145445.50	-1.306e-03	7.046e-02	-3.216e-02
145446.50	3.101e-03	3.811e-02	7.891e-03
145447.50	5.808e-04	-1.094e-02	-1.517e-02
145448.50	-1.738e-03	-1.584e-02	9.792e-02
145449.50	1.421e-03	3.744e-02	-2.976e-02
145450.50	1.747e-03	-1.382e-01	6.144e-02
145451.50	-8.160e-04	-4.694e-02	1.373e-01
145452.50	-8.822e-03	6.710e-02	-3.427e-02
145453.50	-4.694e-03	1.315e-01	4.973e-02
145454.50	3.034e-03	-1.306e-01	5.126e-02
145455.50	4.589e-03	-1.805e-01	-1.344e-02
145456.50	-7.862e-04	6.278e-02	-6.125e-02
145457.50	5.616e-04	4.243e-02	-3.091e-02
145458.50	-2.726e-03	1.642e-01	-1.046e-01
145459.50	5.194e-04	-1.306e-01	8.218e-02
145460.50	5.818e-04	-1.363e-02	3.840e-02
145461.50	3.360e-04	8.371e-02	-1.056e-01
145462.50	-1.229e-03	1.075e-01	1.075e-01
145463.50	-3.158e-03	4.589e-02	1.546e-02
145464.50	-4.646e-03	-1.757e-02	-6.336e-03
145465.50	-8.803e-04	1.632e-02	-8.918e-02
145466.50	2.851e-03	-1.018e-02	-7.632e-02
145467.50	2.218e-03	-8.218e-02	-6.979e-02
145468.50	-1.027e-03	3.514e-03	1.258e-01
145469.50	8.438e-04	-7.498e-02	1.853e-02
145470.50	2.611e-04	-1.152e-01	2.726e-03
145471.50	2.458e-03	-6.566e-02	-7.190e-02
145472.50	1.872e-03	-3.878e-02	5.741e-02
145473.50	-2.794e-03	7.574e-02	-9.984e-02
145474.50	5.472e-02	-1.901e-02	-1.440e-01
145475.50	1.651e-02	-1.430e-01	-9.984e-03
145476.50	-2.822e-04	1.018e-02	-1.315e-01
145477.50	-4.800e-03	-1.555e-01	7.277e-02
145478.50	1.872e-03	-7.795e-02	-1.181e-01
145479.50	-3.370e-03	1.344e-01	-2.093e-01
145480.50	-3.773e-03	9.120e-02	5.299e-02
145481.50	-7.190e-03	2.467e-02	-1.632e-02
145482.50	-1.296e-02	1.094e-01	1.891e-02
145483.50	-3.610e-03	6.211e-02	1.104e-01
145484.50	2.467e-03	-4.742e-02	2.966e-02
145485.50	2.986e-03	-4.675e-02	9.542e-02
145486.50	-1.622e-04	3.658e-02	2.314e-02
145487.50	-2.448e-03	2.506e-02	9.418e-02
145488.50	-7.430e-04	4.416e-02	2.026e-02
145489.50	3.965e-04	1.949e-03	1.114e-02
145490.50	4.138e-03	-1.334e-01	2.333e-02
145491.50	8.554e-03	-4.435e-02	1.536e-02
145492.50	-1.632e-02	8.179e-02	-3.120e-03
145493.50	-6.595e-03	1.344e-01	1.325e-01
145494.50	3.168e-03	-1.334e-01	-7.277e-02
145495.50	1.843e-03	-4.742e-02	-9.350e-02
145496.50	-5.117e-03	1.546e-01	-7.037e-02
145497.50	3.350e-03	-3.734e-02	-4.166e-02
145498.50	-2.246e-03	-4.810e-03	8.899e-02
145499.50	1.997e-03	1.661e-02	5.510e-05
145500.50	-2.736e-03	1.747e-02	2.323e-02
145501.50	-3.619e-04	4.656e-02	6.787e-02
145502.50	9.293e-04	6.998e-02	-1.536e-01
145503.50	1.958e-03	1.555e-02	-5.798e-02
145504.50	-3.302e-03	-1.824e-03	-8.784e-03
145505.50	8.131e-04	7.824e-02	6.499e-02
145506.50	3.168e-03	-6.854e-02	5.309e-02
145507.50	-1.872e-04	2.957e-02	5.894e-02
145508.50	6.864e-03	-7.872e-02	-6.672e-02
145509.50	-1.939e-03	1.430e-01	6.096e-02
145510.50	-4.061e-03	-1.747e-03	-2.832e-02
145511.50	-1.430e-03	4.368e-02	-2.333e-02
145512.50	-1.056e-03	-3.235e-02	6.038e-02
145513.50	3.725e-04	-6.931e-02	-4.195e-02
145514.50	5.242e-03	-2.842e-02	-8.026e-02
145515.50	-2.054e-03	-7.046e-02	9.101e-02
145516.50	-4.224e-03	-2.083e-02	3.360e-02
145517.50	-6.787e-03	-2.765e-02	8.352e-02
145518.50	-5.693e-03	1.104e-02	1.037e-04
145519.50	-4.032e-03	2.861e-02	9.168e-03
145520.50	-4.838e-03	-2.870e-02	-2.256e-02
145521.50	4.118e-03	-2.208e-02	-5.270e-02
145522.50	4.589e-03	-2.006e-02	1.238e-02
145523.50	-9.888e-03	6.739e-02	6.797e-02
145524.50	-5.011e-04	1.229e-01	-6.720e-02
145525.50	6.250e-03	-2.717e-02	-2.371e-02
145526.50	-6.432e-03	-7.776e-03	1.162e-02
145527.50	8.160e-04	-1.066e-01	4.838e-02
145528.50	1.190e-04	4.454e-02	-8.918e-02
145529.50	1.027e-02	4.925e-02	6.902e-02
145530.50	9.408e-03	5.366e-02	-5.318e-02
145531.50	2.957e-03	-1.210e-02	4.502e-02
145532.50	3.226e-03	-1.085e-01	4.157e-02
145533.50	-4.627e-03	1.190e-02	4.042e-02
145534.50	-3.062e-03	6.115e-02	3.283e-02
145535.50	2.486e-03	3.418e-02	3.571e-02
145536.50	6.480e-04	-4.397e-02	-2.861e-02
145537.50	-5.328e-04	8.880e-03	3.917e-02
145538.50	4.253e-03	1.853e-02	2.064e-03
145539.50	1.200e-02	3.043e-02	1.162e-02
145540.50	-3.149e-04	-4.330e-02	2.477e-02
145541.50	6.192e-04	-1.238e-01	-1.478e-01
145542.50	-1.373e-03	9.571e-02	-7.334e-02
145543.50	2.122e-04	-6.701e-02	-3.811e-02
145544.50	5.299e-02	-2.458e-01	-1.382e-02
145545.50	-5.597e-03	-1.978e-01	5.798e-02
145546.50	5.722e-02	4.080e-01	-3.110e-01
145547.50	-9.053e-02	1.325e-01	2.467e-01
145548.50	4.762e-03	-8.669e-02	2.506e-02
145549.50	2.582e-03	-5.078e-02	-3.859e-02
145550.50	-3.581e-03	7.795e-02	-4.829e-02
145551.50	-1.997e-03	6.998e-03	5.414e-02
145552.50	-4.483e-02	-2.362e-02	6.797e-02
145553.50	-2.544e-02	1.747e-01	8.688e-03
145554.50	-1.939e-04	5.520e-02	-2.851e-02
145555.50	-1.286e-03	1.008e-01	2.794e-02
145556.50	1.123e-03	6.413e-03	-2.400e-02
145557.50	-2.736e-04	-3.830e-02	4.608e-03
145558.50	-2.554e-03	-1.354e-02	6.797e-02
145559.50	-9.523e-03	7.296e-02	-6.394e-02
145560.50	-6.144e-05	-4.906e-02	-3.840e-02
145561.50	-9.466e-03	5.741e-03	-2.256e-02
145562.50	-5.405e-03	1.613e-02	5.472e-02
145563.50	-1.738e-03	6.106e-02	2.400e-02
145564.50	2.822e-03	-6.086e-02	2.448e-02
145565.50	2.074e-04	-1.075e-01	6.432e-02
145566.50	1.238e-03	-1.267e-02	7.334e-02
145567.50	4.963e-03	1.651e-02	-2.813e-02
145568.50	1.152e-03	-3.562e-02	1.123e-02
145569.50	2.016e-03	5.405e-02	-3.907e-02
145570.50	-2.515e-03	-9.341e-03	-5.971e-02
145571.50	-5.731e-04	7.738e-03	-3.802e-02
145572.50	-1.910e-04	5.386e-02	4.282e-02
145573.50	-2.390e-03	3.821e-02	6.134e-04
145574.50	-1.814e-03	2.918e-02	7.190e-02
145575.50	2.525e-03	-6.547e-02	4.646e-02
145576.50	-4.406e-03	7.968e-02	-2.189e-02
145577.50	-8.122e-04	3.293e-02	-1.008e-01
145578.50	1.219e-03	7.709e-02	3.552e-02
145579.50	-1.306e-02	-1.094e-01	-3.197e-02
145580.50	-4.493e-03	-3.408e-02	-6.566e-02
145581.50	8.861e-04	-4.070e-02	4.272e-02
145582.50	-1.411e-03	3.955e-02	1.757e-02
145583.50	3.072e-03	-2.333e-02	-3.274e-02
145584.50	-2.534e-03	-9.245e-04	3.581e-03
145585.50	1.277e-03	-8.640e-02	3.370e-02
145586.50	4.022e-04	9.792e-03	-3.197e-02
145587.50	4.771e-04	-2.362e-02	-1.296e-02
145588.50	2.026e-03	-1.411e-02	1.056e-02
145589.50	1.267e-03	1.776e-02	-3.638e-02
145590.50	-5.424e-03	8.016e-02	6.634e-02
145591.50	-6.163e-03	3.254e-02	6.528e-02
145592.50	1.910e-03	3.408e-03	-5.424e-03
145593.50	1.776e-03	-3.005e-02	-2.554e-02
145594.50	1.219e-04	1.555e-02	-3.091e-02
145595.50	2.890e-03	-5.155e-02	-4.973e-02
145596.50	1.795e-03	-4.128e-02	3.907e-02
145597.50	-9.696e-05	3.494e-02	3.898e-02
145598.50	2.861e-03	-2.582e-02	4.954e-02
145599.50	1.075e-03	-1.027e-02	3.696e-02
145600.50	-4.339e-04	2.947e-02	-6.941e-02
145601.50	-2.506e-03	1.219e-01	4.368e-02
