145003.50	0.000e+00	0.000e+00	0.000e+00
145004.50	0.000e+00	0.000e+00	0.000e+00
145005.50	0.000e+00	0.000e+00	0.000e+00
145006.50	0.000e+00	0.000e+00	0.000e+00
145007.50	0.000e+00	0.000e+00	0.000e+00
145008.50	0.000e+00	0.000e+00	0.000e+00
145009.50	0.000e+00	0.000e+00	0.000e+00
145010.50	0.000e+00	0.000e+00	0.000e+00
145011.50	0.000e+00	0.000e+00	0.000e+00
145012.50	0.000e+00	0.000e+00	0.000e+00
145013.50	0.000e+00	0.000e+00	0.000e+00
145014.50	0.000e+00	0.000e+00	0.000e+00
145015.50	0.000e+00	0.000e+00	0.000e+00
145016.50	0.000e+00	0.000e+00	0.000e+00
145017.50	0.000e+00	0.000e+00	0.000e+00
145018.50	0.000e+00	0.000e+00	0.000e+00
145019.50	0.000e+00	0.000e+00	0.000e+00
145020.50	0.000e+00	0.000e+00	0.000e+00
145021.50	0.000e+00	0.000e+00	0.000e+00
145022.50	0.000e+00	0.000e+00	0.000e+00
145023.50	0.000e+00	0.000e+00	0.000e+00
145024.50	0.000e+00	0.000e+00	0.000e+00
145025.50	0.000e+00	0.000e+00	0.000e+00
145026.50	0.000e+00	0.000e+00	0.000e+00
145027.50	0.000e+00	0.000e+00	0.000e+00
145028.50	0.000e+00	0.000e+00	0.000e+00
145029.50	0.000e+00	0.000e+00	0.000e+00
145030.50	0.000e+00	0.000e+00	0.000e+00
145031.50	0.000e+00	0.000e+00	0.000e+00
145032.50	0.000e+00	0.000e+00	0.000e+00
145033.50	0.000e+00	0.000e+00	0.000e+00
145034.50	0.000e+00	0.000e+00	0.000e+00
145035.50	0.000e+00	0.000e+00	0.000e+00
145036.50	0.000e+00	0.000e+00	0.000e+00
145037.50	0.000e+00	0.000e+00	0.000e+00
145038.50	0.000e+00	0.000e+00	0.000e+00
145039.50	0.000e+00	0.000e+00	0.000e+00
145040.50	0.000e+00	0.000e+00	0.000e+00
145041.50	0.000e+00	0.000e+00	0.000e+00
145042.50	0.000e+00	0.000e+00	0.000e+00
145043.50	0.000e+00	0.000e+00	0.000e+00
145044.50	0.000e+00	0.000e+00	0.000e+00
145045.50	0.000e+00	0.000e+00	0.000e+00
145046.50	0.000e+00	0.000e+00	0.000e+00
145047.50	0.000e+00	0.000e+00	0.000e+00
145048.50	0.000e+00	0.000e+00	0.000e+00
145049.50	0.000e+00	0.000e+00	0.000e+00
145050.50	0.000e+00	0.000e+00	0.000e+00
145051.50	0.000e+00	0.000e+00	0.000e+00
145052.50	0.000e+00	0.000e+00	0.000e+00
145053.50	0.000e+00	0.000e+00	0.000e+00
145054.50	0.000e+00	0.000e+00	0.000e+00
145055.50	0.000e+00	0.000e+00	0.000e+00
145056.50	0.000e+00	0.000e+00	0.000e+00
145057.50	0.000e+00	0.000e+00	0.000e+00
145058.50	0.000e+00	0.000e+00	0.000e+00
145059.50	0.000e+00	0.000e+00	0.000e+00
145060.50	0.000e+00	0.000e+00	0.000e+00
145061.50	0.000e+00	0.000e+00	0.000e+00
145062.50	0.000e+00	0.000e+00	0.000e+00
145063.50	0.000e+00	0.000e+00	0.000e+00
145064.50	0.000e+00	0.000e+00	0.000e+00
145065.50	0.000e+00	0.000e+00	0.000e+00
145066.50	0.000e+00	0.000e+00	0.000e+00
145067.50	0.000e+00	0.000e+00	0.000e+00
145068.50	0.000e+00	0.000e+00	0.000e+00
145069.50	0.000e+00	0.000e+00	0.000e+00
145070.50	0.000e+00	0.000e+00	0.000e+00
145071.50	0.000e+00	0.000e+00	0.000e+00
145072.50	0.000e+00	0.000e+00	0.000e+00
145073.50	0.000e+00	0.000e+00	0.000e+00
145074.50	0.000e+00	0.000e+00	0.000e+00
145075.50	0.000e+00	0.000e+00	0.000e+00
145076.50	0.000e+00	0.000e+00	0.000e+00
145077.50	0.000e+00	0.000e+00	0.000e+00
145078.50	0.000e+00	0.000e+00	0.000e+00
145079.50	0.000e+00	0.000e+00	0.000e+00
145080.50	0.000e+00	0.000e+00	0.000e+00
145081.50	0.000e+00	0.000e+00	0.000e+00
145082.50	0.000e+00	0.000e+00	0.000e+00
145083.50	0.000e+00	0.000e+00	0.000e+00
145084.50	0.000e+00	0.000e+00	0.000e+00
145085.50	0.000e+00	0.000e+00	0.000e+00
145086.50	0.000e+00	0.000e+00	0.000e+00
145087.50	0.000e+00	0.000e+00	0.000e+00
145088.50	0.000e+00	0.000e+00	0.000e+00
145089.50	0.000e+00	0.000e+00	0.000e+00
145090.50	0.000e+00	0.000e+00	0.000e+00
145091.50	0.000e+00	0.000e+00	0.000e+00
145092.50	0.000e+00	0.000e+00	0.000e+00
145093.50	0.000e+00	0.000e+00	0.000e+00
145094.50	0.000e+00	0.000e+00	0.000e+00
145095.50	0.000e+00	0.000e+00	0.000e+00
145096.50	0.000e+00	0.000e+00	0.000e+00
145097.50	0.000e+00	0.000e+00	0.000e+00
145098.50	0.000e+00	0.000e+00	0.000e+00
145099.50	0.000e+00	0.000e+00	0.000e+00
145100.50	0.000e+00	0.000e+00	0.000e+00
145101.50	0.000e+00	0.000e+00	0.000e+00
145102.50	0.000e+00	0.000e+00	0.000e+00
145103.50	0.000e+00	0.000e+00	0.000e+00
145104.50	0.000e+00	0.000e+00	0.000e+00
145105.50	0.000e+00	0.000e+00	0.000e+00
145106.50	0.000e+00	0.000e+00	0.000e+00
145107.50	0.000e+00	0.000e+00	0.000e+00
145108.50	0.000e+00	0.000e+00	0.000e+00
145109.50	0.000e+00	0.000e+00	0.000e+00
145110.50	0.000e+00	0.000e+00	0.000e+00
145111.50	0.000e+00	0.000e+00	0.000e+00
145112.50	0.000e+00	0.000e+00	0.000e+00
145113.50	0.000e+00	0.000e+00	0.000e+00
145114.50	0.000e+00	0.000e+00	0.000e+00
145115.50	0.000e+00	0.000e+00	0.000e+00
145116.50	0.000e+00	0.000e+00	0.000e+00
145117.50	0.000e+00	0.000e+00	0.000e+00
145118.50	0.000e+00	0.000e+00	0.000e+00
145119.50	0.000e+00	0.000e+00	0.000e+00
145120.50	0.000e+00	0.000e+00	0.000e+00
145121.50	0.000e+00	0.000e+00	0.000e+00
145122.50	0.000e+00	0.000e+00	0.000e+00
145123.50	0.000e+00	0.000e+00	0.000e+00
145124.50	0.000e+00	0.000e+00	0.000e+00
145125.50	0.000e+00	0.000e+00	0.000e+00
145126.50	-1.152e-05	-2.947e-05	6.451e-04
145127.50	7.018e-05	1.939e-03	-1.152e-03
145128.50	1.258e-04	2.995e-03	-8.986e-05
145129.50	-3.590e-05	-2.198e-03	1.469e-03
145130.50	-3.235e-05	-6.019e-03	-6.787e-04
145131.50	-2.141e-05	1.248e-03	-2.515e-04
145132.50	-8.976e-06	1.402e-03	1.315e-04
145133.50	2.352e-05	-6.019e-04	3.600e-04
145134.50	-3.187e-06	3.245e-04	4.138e-04
145135.50	-3.466e-04	-6.634e-04	6.586e-03
145136.50	2.986e-04	4.138e-04	-9.792e-03
145137.50	6.797e-04	-1.229e-02	-1.747e-02
145138.50	2.323e-03	-9.245e-03	-1.344e-01
145139.50	2.563e-03	-8.467e-02	3.744e-02
145140.50	-8.755e-04	1.382e-02	5.693e-02
145141.50	3.360e-03	-4.397e-02	-1.114e-01
145142.50	-1.478e-03	1.958e-02	7.152e-02
145143.50	9.696e-03	-1.594e-01	-3.370e-01
145144.50	3.696e-02	-3.149e+00	3.110e-01
145145.50	4.550e-01	-3.322e+01	9.523e-02
145146.50	7.008e+00	-4.963e+02	-1.517e+01
145147.50	1.488e+01	-1.114e+03	-3.446e+01
145148.50	9.370e+00	-6.509e+02	-7.958e+01
145149.50	-1.939e+00	1.757e+02	-9.552e+00
145150.50	-3.744e+00	2.458e+02	3.994e+01
145151.50	-2.093e+00	1.622e+02	8.218e+00
145152.50	-2.112e+00	1.574e+02	9.696e+00
145153.50	-1.795e+00	1.248e+02	1.210e+01
145154.50	-1.536e+00	1.133e+02	6.864e+00
145155.50	-1.402e+00	1.018e+02	7.018e+00
145156.50	-1.306e+00	9.888e+01	4.051e+00
145157.50	-1.018e+00	7.997e+01	1.478e+00
145158.50	-8.093e-01	6.874e+01	-1.651e+00
145159.50	-8.573e-01	6.931e+01	-1.162e+00
145160.50	-6.893e-01	5.770e+01	-2.045e+00
145161.50	-7.181e-01	5.894e+01	-9.984e-01
145162.50	-7.478e-01	5.510e+01	2.160e+00
145163.50	-7.267e-01	4.656e+01	6.298e+00
145164.50	-6.106e-01	4.042e+01	4.541e+00
145165.50	-6.038e-01	3.898e+01	4.531e+00
145166.50	-5.616e-01	3.427e+01	4.560e+00
145167.50	-4.723e-01	3.158e+01	2.496e+00
145168.50	-5.030e-01	3.158e+01	4.291e+00
145169.50	-3.946e-01	3.110e+01	-4.819e-01
145170.50	-2.602e-01	2.563e+01	-2.947e+00
145171.50	-3.782e-01	2.774e+01	6.758e-01
145172.50	-3.322e-01	2.141e+01	2.678e+00
145173.50	-3.130e-01	2.266e+01	8.755e-01
145174.50	-3.014e-01	1.949e+01	1.891e+00
145175.50	-2.688e-01	1.891e+01	9.024e-01
145176.50	-2.534e-01	1.814e+01	6.134e-01
145177.50	-1.757e-01	1.843e+01	-2.621e+00
145178.50	-2.419e-01	1.459e+01	1.882e+00
145179.50	-2.083e-01	1.478e+01	7.853e-01
145180.50	-1.670e-01	1.181e+01	5.904e-01
145181.50	-2.189e-01	1.248e+01	2.266e+00
145182.50	-1.536e-01	1.354e+01	-8.122e-01
145183.50	-1.603e-01	1.267e+01	-2.976e-01
145184.50	-1.642e-01	9.504e+00	1.258e+00
145185.50	-2.035e-01	1.037e+01	3.062e+00
145186.50	-1.603e-01	1.018e+01	1.037e+00
145187.50	-1.258e-01	7.392e+00	1.133e+00
145188.50	-1.651e-01	9.360e+00	1.968e+00
145189.50	-1.133e-01	7.488e+00	7.478e-01
145190.50	-1.037e-01	7.488e+00	-4.742e-01
145191.50	-1.363e-01	7.507e+00	1.277e+00
145192.50	-9.792e-02	6.461e+00	6.480e-01
145193.50	-1.190e-01	6.442e+00	1.526e+00
145194.50	-8.736e-02	7.613e+00	-8.429e-01
145195.50	-5.030e-02	5.222e+00	-1.190e+00
145196.50	-1.056e-01	7.094e+00	3.869e-01
145197.50	-7.094e-02	5.069e+00	3.715e-01
145198.50	-9.888e-02	4.224e+00	2.093e+00
145199.50	-7.219e-02	4.541e+00	6.480e-01
145200.50	-5.222e-02	3.830e+00	-2.179e-01
145201.50	-3.485e-02	2.909e+00	1.037e-01
145202.50	-6.998e-02	4.138e+00	6.413e-02
145203.50	-8.458e-02	6.250e+00	-4.118e-01
145204.50	-4.080e-02	3.398e+00	-3.370e-01
145205.50	-6.250e-02	3.686e+00	4.982e-01
145206.50	-3.053e-02	3.120e+00	-4.205e-01
145207.50	-7.027e-02	3.360e+00	4.800e-01
145208.50	-5.405e-02	2.918e+00	8.698e-01
145209.50	-5.962e-02	3.283e+00	5.818e-01
145210.50	-6.595e-02	3.331e+00	8.496e-01
145211.50	-4.291e-02	3.149e+00	-2.054e-01
145212.50	-4.531e-02	1.843e+00	7.594e-01
145213.50	-4.570e-02	2.208e+00	5.779e-01
145214.50	-3.974e-02	2.035e+00	3.494e-01
145215.50	3.341e-03	1.469e+00	-7.901e-01
145216.50	-4.282e-02	3.206e+00	-1.574e-01
145217.50	-1.114e-02	2.342e+00	-8.659e-02
145218.50	-4.176e-02	1.872e+00	5.741e-01
145219.50	-1.210e-02	7.805e-01	-1.411e-01
145220.50	-2.102e-02	2.102e+00	-4.080e-01
145221.50	-5.270e-02	1.891e+00	8.813e-01
145222.50	-2.621e-02	1.690e+00	-4.426e-01
145223.50	-2.045e-02	1.046e+00	3.389e-01
145224.50	-2.381e-02	2.122e+00	1.776e-01
145225.50	-1.613e-02	1.181e+00	-9.888e-02
145226.50	-1.622e-02	8.208e-01	1.152e-01
145227.50	-2.486e-02	8.198e-01	3.571e-01
145228.50	-2.333e-02	1.354e+00	-2.227e-01
145229.50	-4.800e-02	1.325e+00	5.635e-01
145230.50	2.266e-02	1.363e+00	-3.446e-01
145231.50	-3.331e-02	1.766e+00	-6.403e-04
145232.50	-1.018e-02	7.872e-01	1.450e-02
145233.50	-2.400e-02	7.286e-01	3.302e-01
145234.50	-2.342e-02	6.922e-01	-1.622e-01
145235.50	4.454e-03	4.253e-01	-5.126e-01
145236.50	-3.744e-02	1.814e+00	3.168e-01
145237.50	-1.632e-02	7.104e-01	2.582e-02
145238.50	4.800e-03	1.114e-01	1.901e-01
145239.50	-4.090e-02	1.325e+00	2.707e-01
145240.50	6.202e-04	9.466e-01	-2.650e-01
145241.50	-4.214e-03	9.062e-01	-6.096e-02
145242.50	-3.331e-03	5.174e-01	-8.304e-02
145243.50	7.651e-03	3.053e-01	-7.142e-02
145244.50	-1.200e-02	9.398e-01	-2.208e-01
145245.50	-1.507e-02	6.586e-01	4.742e-01
145246.50	-2.659e-03	8.362e-01	-3.619e-01
145247.50	-2.726e-03	2.688e-01	9.293e-02
145248.50	-1.123e-02	8.995e-01	5.290e-02
145249.50	1.344e-03	7.766e-02	-1.670e-01
145250.50	-2.122e-02	7.296e-01	2.582e-01
145251.50	-1.296e-03	7.315e-02	-1.536e-01
145252.50	-1.229e-02	4.502e-01	-1.142e-01
145253.50	-7.450e-03	2.256e-01	4.320e-01
145254.50	-2.496e-02	4.378e-01	6.230e-01
145255.50	-4.195e-03	4.790e-01	9.696e-02
145256.50	7.757e-03	5.117e-01	-5.597e-01
145257.50	-9.888e-03	5.434e-01	2.141e-02
145258.50	-2.074e-03	5.722e-02	4.906e-02
145259.50	-6.778e-03	2.525e-01	-3.581e-02
145260.50	-9.600e-03	6.509e-01	1.738e-01
145261.50	-1.066e-02	2.765e-01	1.104e-01
145262.50	-8.170e-03	7.085e-01	-8.333e-02
145263.50	-1.555e-02	4.234e-01	1.747e-01
145264.50	-1.219e-02	4.493e-01	2.016e-01
145265.50	9.158e-04	4.915e-01	-2.947e-01
145266.50	-6.384e-03	3.408e-01	1.018e-01
145267.50	-1.987e-02	3.946e-01	3.523e-01
145268.50	4.426e-03	-3.437e-02	-5.770e-02
145269.50	-2.400e-03	4.262e-02	1.075e-01
145270.50	3.629e-03	7.018e-02	-2.419e-01
145271.50	-1.037e-02	3.648e-01	1.094e-01
145272.50	-1.306e-02	6.000e-01	1.862e-01
145273.50	-2.141e-03	1.392e-01	-1.027e-01
145274.50	-1.334e-02	5.491e-01	1.661e-01
145275.50	8.755e-03	-1.747e-01	-4.330e-01
145276.50	-6.163e-03	9.792e-02	1.958e-01
145277.50	5.837e-05	6.230e-01	-2.294e-01
145278.50	-2.976e-04	1.248e-01	-3.965e-02
145279.50	-1.459e-02	3.629e-01	3.389e-01
145280.50	-6.394e-04	1.517e-01	-2.352e-02
145281.50	1.142e-02	2.784e-01	-4.234e-01
145282.50	2.141e-02	1.459e-01	2.122e-02
145283.50	-8.870e-03	-1.814e-04	3.533e-01
145284.50	-9.072e-03	6.854e-01	1.478e-01
145285.50	9.389e-03	1.498e-01	-4.176e-01
145286.50	-3.398e-03	2.208e-01	1.555e-01
145287.50	-6.374e-03	-2.285e-01	5.165e-02
145288.50	-7.747e-03	7.142e-03	1.085e-01
145289.50	-1.334e-02	4.694e-01	1.805e-01
145290.50	-4.454e-03	-5.059e-02	1.344e-01
145291.50	3.485e-03	4.723e-02	-2.352e-01
145292.50	2.390e-03	-1.075e-01	-2.496e-01
145293.50	1.238e-02	-6.643e-02	1.747e-01
145294.50	-2.093e-02	2.323e-01	-6.499e-02
145295.50	-5.981e-03	7.882e-02	1.786e-01
145296.50	-7.978e-03	5.405e-01	1.286e-01
145297.50	-4.579e-03	4.157e-01	-1.450e-01
145298.50	-1.910e-02	2.218e-01	3.523e-01
145299.50	1.651e-03	-5.616e-02	1.162e-01
145300.50	9.984e-04	1.171e-01	5.501e-02
145301.50	3.466e-04	-5.904e-02	1.987e-01
145302.50	1.517e-03	1.104e-01	-1.277e-01
145303.50	2.371e-03	-5.050e-02	6.307e-02
145304.50	-2.554e-02	1.584e-01	2.659e-01
145305.50	7.075e-03	3.773e-01	-1.478e-01
145306.50	-2.707e-03	-2.189e-01	1.152e-01
145307.50	4.387e-03	-2.486e-01	-4.099e-02
145308.50	3.984e-03	3.504e-01	-2.333e-01
145309.50	7.152e-04	-2.026e-01	2.352e-03
145310.50	-5.616e-03	5.616e-02	1.488e-01
145311.50	-4.771e-03	3.600e-01	1.190e-01
145312.50	-1.891e-02	1.469e-01	-7.046e-03
145313.50	6.173e-04	-7.200e-02	3.331e-02
145314.50	-1.152e-02	3.869e-01	2.515e-02
145315.50	-6.451e-03	2.938e-01	-8.438e-02
145316.50	5.837e-04	3.312e-01	-1.766e-01
145317.50	-3.322e-03	-1.642e-01	2.131e-01
145318.50	-6.307e-04	5.789e-02	-2.093e-01
145319.50	8.486e-03	-1.258e-01	-7.267e-02
145320.50	1.142e-02	-1.190e-01	-2.467e-03
145321.50	1.286e-02	2.122e-01	-1.123e-01
145322.50	-3.053e-03	2.438e-01	-1.997e-01
145323.50	-4.934e-03	7.670e-02	8.006e-02
145324.50	-2.294e-02	4.291e-01	2.266e-01
145325.50	7.613e-03	-2.640e-02	-1.411e-01
145326.50	-6.480e-03	1.690e-01	8.851e-02
145327.50	-7.536e-04	-5.261e-02	-2.102e-03
145328.50	-5.328e-04	5.760e-02	1.334e-02
145329.50	-1.142e-03	-1.555e-01	4.838e-02
145330.50	-4.042e-03	1.325e-02	4.214e-02
145331.50	-2.285e-03	2.832e-01	3.859e-02
145332.50	1.968e-03	1.094e-01	-1.104e-01
145333.50	7.286e-03	1.286e-02	-2.198e-01
145334.50	2.275e-03	1.046e-02	7.248e-02
145335.50	8.496e-04	-8.640e-02	8.995e-02
145336.50	4.637e-04	4.819e-02	6.010e-02
145337.50	-7.094e-03	-1.978e-01	2.266e-01
145338.50	-6.432e-03	-8.458e-02	3.312e-01
145339.50	-6.730e-04	7.699e-02	1.018e-01
145340.50	-1.286e-03	1.104e-01	1.709e-01
145341.50	1.286e-03	1.104e-01	2.016e-02
145342.50	-5.453e-03	5.952e-02	1.066e-01
145343.50	2.381e-03	-1.709e-02	-3.955e-02
145344.50	-3.782e-03	3.619e-01	-2.621e-01
145345.50	-6.720e-03	1.594e-01	1.699e-01
145346.50	2.544e-03	-1.891e-01	5.136e-02
145347.50	-7.382e-03	1.872e-01	1.008e-01
145348.50	-2.669e-03	6.221e-03	1.363e-01
145349.50	2.746e-03	4.310e-02	-6.250e-02
145350.50	-1.949e-03	2.352e-01	-2.006e-01
145351.50	-5.741e-03	-2.515e-01	-3.466e-02
145352.50	-2.659e-03	-8.736e-02	1.354e-01
145353.50	7.190e-03	-1.056e-01	-1.430e-01
145354.50	-4.608e-03	1.680e-02	3.264e-02
145355.50	-2.179e-03	3.475e-02	-4.742e-02
145356.50	-2.294e-03	5.674e-02	1.190e-01
145357.50	-4.013e-03	5.894e-02	-5.270e-02
145358.50	-3.802e-03	1.661e-01	1.152e-01
145359.50	1.632e-02	1.632e-01	-1.440e-01
145360.50	2.890e-02	-2.170e-01	-2.726e-01
145361.50	-2.822e-02	4.646e-03	2.150e-01
145362.50	3.725e-03	1.536e-02	-2.026e-01
145363.50	-1.238e-02	2.717e-02	2.342e-01
145364.50	-3.965e-04	-1.363e-01	-4.627e-02
145365.50	-5.702e-03	3.859e-02	1.075e-01
145366.50	-2.198e-03	1.152e-01	1.238e-01
145367.50	1.142e-02	-3.408e-01	-1.728e-01
145368.50	5.558e-03	-7.651e-02	-7.939e-02
145369.50	3.110e-03	6.288e-02	5.146e-02
145370.50	-2.198e-03	3.926e-02	8.333e-02
145371.50	-7.891e-03	1.181e-01	8.285e-02
145372.50	-4.771e-03	3.216e-02	7.066e-02
145373.50	-2.947e-03	2.803e-01	-1.123e-01
145374.50	1.114e-03	-5.405e-02	-5.011e-03
145375.50	1.037e-04	6.643e-02	-1.622e-01
145376.50	-3.437e-03	6.816e-02	3.053e-02
145377.50	-2.698e-04	1.843e-01	5.222e-03
145378.50	-2.266e-03	1.238e-01	-1.133e-02
145379.50	1.354e-03	-8.918e-02	4.205e-02
145380.50	-9.331e-03	-3.149e-02	3.322e-02
145381.50	7.786e-03	-2.285e-01	-1.210e-01
145382.50	-2.496e-03	-1.162e-01	3.379e-03
145383.50	7.738e-03	7.776e-02	-2.918e-02
145384.50	-2.890e-03	3.082e-01	9.600e-02
145385.50	-1.162e-02	3.178e-02	1.843e-01
145386.50	-2.141e-03	5.107e-02	1.181e-01
145387.50	7.680e-03	-1.210e-01	-8.074e-02
145388.50	-2.784e-03	2.611e-02	-3.322e-02
145389.50	-4.166e-03	1.066e-01	4.109e-02
145390.50	-9.466e-03	1.622e-01	1.190e-01
145391.50	9.216e-04	3.610e-02	-3.984e-02
145392.50	9.888e-03	-2.659e-01	-2.486e-01
145393.50	-2.429e-03	3.216e-02	-1.354e-02
145394.50	7.421e-05	7.354e-02	4.234e-02
145395.50	-8.746e-04	-6.845e-02	4.685e-02
145396.50	-6.461e-03	1.536e-01	3.389e-02
145397.50	-2.640e-04	-7.315e-02	-1.258e-01
145398.50	-3.629e-03	1.008e-01	4.896e-02
145399.50	8.784e-04	1.958e-02	3.322e-02
145400.50	-4.032e-03	8.688e-02	-6.557e-02
145401.50	-3.389e-03	1.190e-02	8.611e-02
145402.50	3.514e-03	1.392e-02	-1.075e-01
145403.50	-2.035e-03	2.861e-03	8.640e-02
145404.50	-1.008e-03	1.210e-02	2.986e-02
145405.50	-1.277e-03	5.222e-02	-5.722e-02
145406.50	-4.157e-03	6.144e-02	4.205e-02
145407.50	-2.093e-03	1.670e-01	-4.051e-02
145408.50	3.456e-03	-4.512e-02	2.054e-02
145409.50	5.280e-03	-1.853e-01	-3.053e-02
145410.50	2.986e-03	7.853e-02	-1.680e-01
145411.50	1.210e-03	1.142e-01	-1.200e-01
145412.50	-8.477e-04	-3.878e-02	1.814e-01
145413.50	-3.274e-03	3.898e-02	1.421e-01
145414.50	6.259e-04	-7.728e-03	-5.357e-02
145415.50	2.035e-03	-8.208e-02	3.408e-02
145416.50	2.890e-03	7.382e-03	1.152e-01
145417.50	-2.554e-03	-1.517e-01	1.286e-01
145418.50	-1.440e-03	8.870e-02	-8.362e-03
145419.50	1.978e-03	-8.429e-02	-3.053e-02
145420.50	1.517e-03	-6.029e-02	4.560e-02
145421.50	5.990e-03	3.293e-02	-2.035e-01
145422.50	6.490e-03	3.648e-02	-2.381e-01
145423.50	-7.670e-03	-4.445e-02	7.248e-02
145424.50	-5.117e-03	7.114e-02	4.099e-02
145425.50	-1.584e-03	-6.374e-02	-2.035e-03
145426.50	3.773e-03	9.600e-02	-9.523e-02
145427.50	1.958e-04	1.392e-01	-8.074e-03
145428.50	3.648e-03	-4.934e-02	-9.005e-02
145429.50	-9.792e-03	3.811e-02	2.746e-01
145430.50	-1.853e-03	3.226e-02	1.277e-02
145431.50	1.862e-03	-1.027e-01	-2.400e-02
145432.50	-2.544e-03	-8.208e-03	4.618e-02
145433.50	4.253e-03	8.822e-02	-1.181e-01
145434.50	4.272e-03	-3.187e-02	-7.920e-03
145435.50	3.082e-03	-1.594e-01	6.778e-02
145436.50	-7.526e-03	-5.664e-02	4.560e-02
145437.50	-5.990e-03	-7.632e-02	1.546e-01
145438.50	-4.445e-03	1.488e-01	-4.896e-03
145439.50	8.669e-04	-4.387e-02	-1.085e-02
145440.50	-1.210e-03	2.333e-01	-7.498e-02
145441.50	3.667e-03	-3.024e-02	-1.190e-02
145442.50	2.602e-03	-4.675e-02	-7.814e-02
145443.50	6.758e-04	2.083e-02	1.930e-03
145444.50	-7.459e-03	4.810e-03	6.211e-02
145445.50	-2.227e-03	5.462e-02	6.701e-02
145446.50	1.037e-02	3.994e-02	-1.402e-01
145447.50	1.085e-03	-2.688e-02	6.259e-02
145448.50	4.387e-03	7.469e-02	-9.216e-02
145449.50	2.179e-04	-7.517e-02	-1.450e-02
145450.50	1.344e-03	3.994e-03	-6.067e-02
145451.50	-4.982e-04	7.978e-02	-1.008e-01
145452.50	2.832e-03	-6.614e-02	-1.123e-02
145453.50	3.168e-03	-5.914e-03	-3.005e-02
145454.50	-2.006e-03	5.405e-02	9.091e-02
145455.50	1.565e-03	-1.277e-01	3.811e-02
145456.50	7.037e-04	-1.334e-01	3.581e-03
145457.50	6.854e-04	-8.246e-02	-2.256e-02
145458.50	-3.715e-03	6.499e-02	9.466e-02
145459.50	-6.192e-04	2.064e-01	-8.448e-02
145460.50	-3.274e-03	9.341e-04	3.792e-02
145461.50	3.485e-03	-4.704e-02	-1.478e-01
145462.50	-4.128e-03	6.547e-02	1.219e-01
145463.50	1.546e-03	4.003e-02	-5.798e-02
145464.50	-5.942e-03	9.168e-02	9.360e-02
145465.50	2.477e-03	-8.160e-02	6.336e-02
145466.50	1.757e-03	-3.686e-02	-1.939e-02
145467.50	-3.302e-03	1.786e-02	8.026e-02
145468.50	1.085e-04	7.373e-02	-1.104e-01
145469.50	-2.966e-04	1.920e-02	-3.562e-02
145470.50	6.077e-03	-1.526e-01	-1.526e-01
145471.50	-8.717e-03	-3.034e-02	1.219e-01
145472.50	1.891e-03	-9.984e-02	4.195e-03
145473.50	9.005e-03	-5.165e-02	-3.936e-03
145474.50	2.054e-03	-5.098e-02	3.005e-02
145475.50	-1.862e-03	1.507e-01	-1.958e-02
145476.50	-7.229e-04	1.210e-01	-6.211e-02
145477.50	2.131e-04	-8.592e-02	6.854e-02
145478.50	4.781e-03	-1.008e-01	-2.774e-03
145479.50	2.333e-03	-6.490e-02	-7.574e-02
145480.50	1.104e-03	-3.350e-02	6.480e-02
145481.50	-2.285e-04	-1.786e-02	2.688e-02
145482.50	2.064e-03	-5.779e-02	-4.234e-02
145483.50	2.352e-03	2.669e-02	-6.096e-02
145484.50	-1.651e-03	2.813e-02	4.790e-02
145485.50	1.632e-03	-3.648e-02	4.598e-02
145486.50	2.458e-03	3.686e-02	-1.229e-01
145487.50	4.848e-03	9.590e-04	-5.722e-02
145488.50	-1.075e-03	4.234e-02	-2.890e-02
145489.50	2.035e-03	1.142e-01	-3.936e-02
145490.50	-6.317e-03	1.152e-01	1.018e-01
145491.50	-4.694e-03	1.171e-01	6.547e-02
145492.50	-5.971e-03	-1.219e-02	2.026e-02
145493.50	-6.250e-04	8.170e-02	6.182e-02
145494.50	-4.032e-03	2.986e-02	6.058e-02
145495.50	5.117e-04	-1.536e-01	-5.030e-02
145496.50	9.571e-04	-8.342e-02	1.642e-02
145497.50	2.563e-03	1.219e-02	-2.746e-03
145498.50	2.784e-03	-1.363e-01	-2.534e-03
145499.50	3.398e-04	-5.578e-02	-1.718e-02
145500.50	-5.184e-03	1.056e-01	-1.603e-02
145501.50	3.542e-04	-7.498e-02	6.595e-02
145502.50	1.411e-03	-6.422e-02	5.837e-02
145503.50	-2.506e-03	4.051e-03	7.046e-02
145504.50	-2.227e-03	-1.075e-02	8.179e-02
145505.50	-3.437e-03	1.085e-01	-2.832e-02
145506.50	2.006e-03	-8.822e-02	3.216e-02
145507.50	5.184e-04	4.474e-02	-3.485e-02
145508.50	1.382e-04	3.734e-02	-3.523e-02
145509.50	1.382e-03	9.696e-02	-1.795e-01
145510.50	3.091e-03	1.056e-02	1.987e-02
145511.50	5.722e-03	-9.302e-03	-5.338e-02
145512.50	-2.131e-03	-5.971e-02	-2.026e-02
145513.50	-9.437e-03	1.133e-01	-2.112e-02
145514.50	7.680e-04	-4.570e-02	2.554e-02
145515.50	2.918e-03	-8.160e-02	-1.277e-02
145516.50	-4.186e-04	6.336e-02	-2.803e-02
145517.50	-2.448e-03	8.410e-02	1.306e-02
145518.50	-2.294e-03	5.674e-02	-9.235e-03
145519.50	-3.005e-04	9.600e-03	-5.328e-02
145520.50	3.398e-03	-4.579e-02	-7.373e-03
145521.50	-3.667e-03	7.622e-02	9.600e-02
145522.50	-2.381e-03	-2.496e-02	-1.162e-02
145523.50	9.696e-04	-4.483e-02	-5.242e-02
145524.50	1.824e-03	1.315e-02	-4.694e-02
145525.50	2.064e-03	-4.992e-02	-2.035e-02
145526.50	-2.150e-03	-4.790e-02	3.792e-02
145527.50	-4.406e-03	5.722e-02	-3.475e-02
145528.50	-2.678e-03	9.888e-02	7.056e-02
145529.50	-3.648e-04	3.840e-02	5.242e-02
145530.50	5.568e-04	-4.282e-02	-3.398e-02
145531.50	-1.690e-03	-3.562e-02	6.806e-02
145532.50	3.130e-04	5.261e-02	-4.013e-02
145533.50	-8.650e-04	-6.106e-03	5.904e-02
145534.50	-3.418e-03	7.018e-02	1.075e-01
145535.50	3.379e-04	1.008e-01	-1.718e-02
145536.50	-1.008e-03	8.458e-02	-6.269e-03
145537.50	1.210e-02	3.782e-03	-4.070e-02
145538.50	5.462e-03	-6.394e-02	-4.051e-02
145539.50	1.930e-03	-1.882e-02	-1.699e-03
145540.50	-2.525e-03	3.274e-02	-2.352e-02
145541.50	7.046e-04	-5.760e-02	-6.182e-02
145542.50	-2.736e-03	-5.750e-02	2.842e-02
145543.50	-4.810e-04	-2.957e-02	-2.352e-02
145544.50	1.200e-03	-2.621e-02	3.898e-03
145545.50	-2.602e-04	-6.845e-02	5.002e-02
145546.50	-2.525e-03	2.035e-03	6.374e-02
145547.50	1.027e-03	1.853e-02	-1.018e-02
145548.50	-3.274e-04	1.046e-01	-1.027e-01
145549.50	5.904e-03	4.310e-02	3.936e-02
145550.50	1.670e-02	1.344e-02	-1.930e-02
145551.50	-3.245e-03	4.934e-03	9.091e-02
145552.50	2.093e-03	4.800e-02	-3.072e-02
145553.50	6.298e-03	-3.187e-02	-8.064e-02
145554.50	3.302e-03	-5.971e-02	-2.870e-02
145555.50	-3.398e-03	6.557e-02	2.506e-02
145556.50	-5.558e-03	-6.662e-02	4.080e-02
145557.50	6.672e-03	-1.094e-01	-3.840e-02
145558.50	2.362e-03	1.795e-02	-4.310e-02
145559.50	3.110e-03	-6.173e-02	1.066e-02
145560.50	-2.573e-03	8.410e-02	8.323e-03
145561.50	-1.296e-03	2.342e-02	3.965e-02
145562.50	2.554e-03	-4.378e-02	-2.842e-02
145563.50	9.427e-04	-5.923e-02	-8.554e-02
145564.50	3.398e-03	3.821e-02	-8.083e-02
145565.50	-5.731e-04	1.056e-03	-2.362e-02
145566.50	8.323e-05	1.181e-02	6.048e-02
145567.50	-5.002e-03	-1.526e-02	6.778e-02
145568.50	-1.411e-03	1.344e-02	3.254e-02
145569.50	2.256e-04	1.171e-02	7.344e-03
145570.50	8.947e-04	-6.230e-02	5.750e-02
145571.50	4.992e-03	-9.466e-03	-1.238e-01
145572.50	-9.792e-04	1.142e-01	2.899e-02
145573.50	-1.315e-03	2.342e-02	1.824e-02
145574.50	-2.314e-03	-2.189e-02	5.587e-02
145575.50	1.882e-03	-1.104e-01	2.342e-02
145576.50	-1.210e-03	5.654e-02	-1.027e-02
145577.50	-2.074e-03	-1.814e-02	2.640e-02
145578.50	2.352e-04	-4.454e-02	-5.270e-02
145579.50	-2.515e-03	3.053e-02	2.410e-02
145580.50	6.029e-04	-1.968e-02	-1.939e-02
145581.50	6.912e-04	5.011e-02	1.382e-02
145582.50	1.267e-03	-1.123e-03	5.194e-03
145583.50	-2.755e-03	8.189e-02	4.195e-02
145584.50	-9.542e-04	1.373e-02	7.622e-02
145585.50	-1.651e-03	5.760e-02	2.227e-02
145586.50	2.093e-03	-2.352e-02	-1.238e-01
145587.50	1.584e-03	8.602e-03	-4.627e-02
145588.50	3.062e-04	-1.133e-02	1.853e-02
145589.50	1.181e-03	-2.285e-05	-1.315e-03
145590.50	-3.898e-03	6.077e-02	3.590e-02
145591.50	-2.054e-03	3.283e-02	7.421e-02
145592.50	-4.723e-04	-3.034e-02	1.901e-02
145593.50	4.733e-03	-1.200e-01	-4.397e-02
145594.50	1.786e-03	-8.362e-02	4.934e-02
145595.50	-3.523e-03	4.070e-02	6.816e-02
145596.50	1.862e-02	3.466e-03	-7.958e-02
145597.50	1.709e-02	8.093e-02	-4.627e-02
145598.50	2.573e-04	7.200e-02	-2.314e-02
145599.50	-3.446e-03	9.888e-02	-5.309e-02
145600.50	-1.939e-03	-5.328e-04	-1.498e-02
145601.50	4.675e-03	3.014e-02	-1.229e-02
