145003.50	0.000e+00	0.000e+00	0.000e+00
145004.50	0.000e+00	0.000e+00	0.000e+00
145005.50	0.000e+00	0.000e+00	0.000e+00
145006.50	0.000e+00	0.000e+00	0.000e+00
145007.50	0.000e+00	0.000e+00	0.000e+00
145008.50	0.000e+00	0.000e+00	0.000e+00
145009.50	0.000e+00	0.000e+00	0.000e+00
145010.50	0.000e+00	0.000e+00	0.000e+00
145011.50	0.000e+00	0.000e+00	0.000e+00
145012.50	0.000e+00	0.000e+00	0.000e+00
145013.50	0.000e+00	0.000e+00	0.000e+00
145014.50	0.000e+00	0.000e+00	0.000e+00
145015.50	0.000e+00	0.000e+00	0.000e+00
145016.50	0.000e+00	0.000e+00	0.000e+00
145017.50	0.000e+00	0.000e+00	0.000e+00
145018.50	0.000e+00	0.000e+00	0.000e+00
145019.50	0.000e+00	0.000e+00	0.000e+00
145020.50	0.000e+00	0.000e+00	0.000e+00
145021.50	0.000e+00	0.000e+00	0.000e+00
145022.50	0.000e+00	0.000e+00	0.000e+00
145023.50	0.000e+00	0.000e+00	0.000e+00
145024.50	0.000e+00	0.000e+00	0.000e+00
145025.50	0.000e+00	0.000e+00	0.000e+00
145026.50	0.000e+00	0.000e+00	0.000e+00
145027.50	0.000e+00	0.000e+00	0.000e+00
145028.50	0.000e+00	0.000e+00	0.000e+00
145029.50	0.000e+00	0.000e+00	0.000e+00
145030.50	0.000e+00	0.000e+00	0.000e+00
145031.50	0.000e+00	0.000e+00	0.000e+00
145032.50	0.000e+00	0.000e+00	0.000e+00
145033.50	0.000e+00	0.000e+00	0.000e+00
145034.50	0.000e+00	0.000e+00	0.000e+00
145035.50	0.000e+00	0.000e+00	0.000e+00
145036.50	0.000e+00	0.000e+00	0.000e+00
145037.50	0.000e+00	0.000e+00	0.000e+00
145038.50	0.000e+00	0.000e+00	0.000e+00
145039.50	0.000e+00	0.000e+00	0.000e+00
145040.50	0.000e+00	0.000e+00	0.000e+00
145041.50	0.000e+00	0.000e+00	0.000e+00
145042.50	0.000e+00	0.000e+00	0.000e+00
145043.50	0.000e+00	0.000e+00	0.000e+00
145044.50	0.000e+00	0.000e+00	0.000e+00
145045.50	0.000e+00	0.000e+00	0.000e+00
145046.50	0.000e+00	0.000e+00	0.000e+00
145047.50	0.000e+00	0.000e+00	0.000e+00
145048.50	0.000e+00	0.000e+00	0.000e+00
145049.50	0.000e+00	0.000e+00	0.000e+00
145050.50	0.000e+00	0.000e+00	0.000e+00
145051.50	0.000e+00	0.000e+00	0.000e+00
145052.50	0.000e+00	0.000e+00	0.000e+00
145053.50	0.000e+00	0.000e+00	0.000e+00
145054.50	0.000e+00	0.000e+00	0.000e+00
145055.50	0.000e+00	0.000e+00	0.000e+00
145056.50	0.000e+00	0.000e+00	0.000e+00
145057.50	0.000e+00	0.000e+00	0.000e+00
145058.50	0.000e+00	0.000e+00	0.000e+00
145059.50	0.000e+00	0.000e+00	0.000e+00
145060.50	0.000e+00	0.000e+00	0.000e+00
145061.50	0.000e+00	0.000e+00	0.000e+00
145062.50	0.000e+00	0.000e+00	0.000e+00
145063.50	0.000e+00	0.000e+00	0.000e+00
145064.50	0.000e+00	0.000e+00	0.000e+00
145065.50	0.000e+00	0.000e+00	0.000e+00
145066.50	0.000e+00	0.000e+00	0.000e+00
145067.50	0.000e+00	0.000e+00	0.000e+00
145068.50	0.000e+00	0.000e+00	0.000e+00
145069.50	0.000e+00	0.000e+00	0.000e+00
145070.50	0.000e+00	0.000e+00	0.000e+00
145071.50	0.000e+00	0.000e+00	0.000e+00
145072.50	0.000e+00	0.000e+00	0.000e+00
145073.50	0.000e+00	0.000e+00	0.000e+00
145074.50	0.000e+00	0.000e+00	0.000e+00
145075.50	0.000e+00	0.000e+00	0.000e+00
145076.50	0.000e+00	0.000e+00	0.000e+00
145077.50	0.000e+00	0.000e+00	0.000e+00
145078.50	0.000e+00	0.000e+00	0.000e+00
145079.50	0.000e+00	0.000e+00	0.000e+00
145080.50	0.000e+00	0.000e+00	0.000e+00
145081.50	0.000e+00	0.000e+00	0.000e+00
145082.50	0.000e+00	0.000e+00	0.000e+00
145083.50	0.000e+00	0.000e+00	0.000e+00
145084.50	0.000e+00	0.000e+00	0.000e+00
145085.50	0.000e+00	0.000e+00	0.000e+00
145086.50	0.000e+00	0.000e+00	0.000e+00
145087.50	0.000e+00	0.000e+00	0.000e+00
145088.50	0.000e+00	0.000e+00	0.000e+00
145089.50	0.000e+00	0.000e+00	0.000e+00
145090.50	0.000e+00	0.000e+00	0.000e+00
145091.50	0.000e+00	0.000e+00	0.000e+00
145092.50	0.000e+00	0.000e+00	0.000e+00
145093.50	0.000e+00	0.000e+00	0.000e+00
145094.50	0.000e+00	0.000e+00	0.000e+00
145095.50	0.000e+00	0.000e+00	0.000e+00
145096.50	0.000e+00	0.000e+00	0.000e+00
145097.50	0.000e+00	0.000e+00	0.000e+00
145098.50	0.000e+00	0.000e+00	0.000e+00
145099.50	0.000e+00	0.000e+00	0.000e+00
145100.50	0.000e+00	0.000e+00	0.000e+00
145101.50	0.000e+00	0.000e+00	0.000e+00
145102.50	0.000e+00	0.000e+00	0.000e+00
145103.50	0.000e+00	0.000e+00	0.000e+00
145104.50	0.000e+00	0.000e+00	0.000e+00
145105.50	0.000e+00	0.000e+00	0.000e+00
145106.50	0.000e+00	0.000e+00	0.000e+00
145107.50	0.000e+00	0.000e+00	0.000e+00
145108.50	0.000e+00	0.000e+00	0.000e+00
145109.50	0.000e+00	0.000e+00	0.000e+00
145110.50	0.000e+00	0.000e+00	0.000e+00
145111.50	0.000e+00	0.000e+00	0.000e+00
145112.50	0.000e+00	0.000e+00	0.000e+00
145113.50	0.000e+00	0.000e+00	0.000e+00
145114.50	0.000e+00	0.000e+00	0.000e+00
145115.50	0.000e+00	0.000e+00	0.000e+00
145116.50	0.000e+00	0.000e+00	0.000e+00
145117.50	0.000e+00	0.000e+00	0.000e+00
145118.50	0.000e+00	0.000e+00	0.000e+00
145119.50	0.000e+00	0.000e+00	0.000e+00
145120.50	0.000e+00	0.000e+00	0.000e+00
145121.50	0.000e+00	0.000e+00	0.000e+00
145122.50	0.000e+00	0.000e+00	0.000e+00
145123.50	0.000e+00	0.000e+00	0.000e+00
145124.50	0.000e+00	0.000e+00	0.000e+00
145125.50	0.000e+00	0.000e+00	0.000e+00
145126.50	0.000e+00	0.000e+00	0.000e+00
145127.50	-6.048e-03	1.018e-01	3.226e-01
145128.50	-1.882e-03	-2.410e-01	-1.546e-01
145129.50	-3.024e-03	4.589e-02	7.546e-02
145130.50	2.074e-03	-4.176e-02	-1.190e-01
145131.50	-2.323e-03	2.218e-02	6.624e-02
145132.50	6.422e-03	1.930e-01	-2.688e-02
145133.50	4.800e-04	5.357e-03	-2.294e-02
145134.50	-1.776e-03	-1.440e-01	-4.589e-02
145135.50	-8.400e-04	-6.883e-02	-2.026e-02
145136.50	3.312e-04	6.173e-03	-5.318e-03
145137.50	1.210e-04	5.501e-03	-8.170e-03
145138.50	9.888e-04	1.613e-02	-8.381e-03
145139.50	-2.486e-04	-4.733e-03	-3.638e-04
145140.50	-5.549e-05	-1.901e-03	-2.352e-03
145141.50	5.568e-05	-6.509e-03	-7.555e-03
145142.50	-2.515e-03	-1.018e-01	-5.894e-03
145143.50	4.915e-04	4.954e-02	5.472e-02
145144.50	-5.242e-03	-2.381e-01	2.314e-02
145145.50	-1.229e-01	-6.394e+00	-1.987e-01
145146.50	-1.622e+00	-8.602e+01	-3.590e+00
145147.50	-1.123e+01	-6.115e+02	2.515e+00
145148.50	-1.584e+01	-9.062e+02	2.784e+01
145149.50	-5.184e+00	-3.446e+02	-2.122e+01
145150.50	3.302e+00	1.795e+02	-1.526e+00
145151.50	3.197e+00	1.795e+02	-7.171e+00
145152.50	2.448e+00	1.421e+02	4.877e+00
145153.50	2.208e+00	1.248e+02	-2.429e+00
145154.50	1.920e+00	1.104e+02	2.822e+00
145155.50	1.853e+00	1.037e+02	-6.672e+00
145156.50	1.421e+00	7.901e+01	-3.197e+00
145157.50	1.171e+00	6.826e+01	3.274e+00
145158.50	1.152e+00	7.046e+01	7.690e+00
145159.50	1.104e+00	6.144e+01	-4.051e+00
145160.50	1.085e+00	6.019e+01	-4.445e+00
145161.50	8.947e-01	5.251e+01	2.218e+00
145162.50	8.477e-01	4.656e+01	-4.512e+00
145163.50	6.557e-01	3.840e+01	1.229e+00
145164.50	7.142e-01	4.128e+01	7.882e-01
145165.50	6.365e-01	3.734e+01	1.354e+00
145166.50	6.576e-01	3.562e+01	-4.589e+00
145167.50	5.741e-01	3.331e+01	5.933e-01
145168.50	3.533e-01	2.323e+01	5.098e+00
145169.50	4.800e-01	2.736e+01	-9.888e-01
145170.50	4.742e-01	2.630e+01	-2.486e+00
145171.50	4.157e-01	2.563e+01	2.170e+00
145172.50	3.850e-01	2.045e+01	-2.650e+00
145173.50	3.274e-01	1.920e+01	8.774e-01
145174.50	3.341e-01	1.939e+01	-3.360e-01
145175.50	2.976e-01	1.651e+01	-1.872e+00
145176.50	2.688e-01	1.613e+01	1.075e+00
145177.50	2.803e-01	1.680e+01	1.872e+00
145178.50	2.189e-01	1.277e+01	-7.690e-01
145179.50	2.496e-01	1.584e+01	1.939e+00
145180.50	2.237e-01	1.219e+01	-3.149e+00
145181.50	2.026e-01	1.190e+01	7.517e-01
145182.50	2.006e-01	1.238e+01	1.853e+00
145183.50	1.930e-01	1.094e+01	1.190e-01
145184.50	1.517e-01	8.957e+00	5.299e-01
145185.50	1.402e-01	8.678e+00	6.077e-01
145186.50	1.699e-01	9.331e+00	-4.838e-01
145187.50	1.517e-01	8.534e+00	3.274e-02
145188.50	1.094e-01	7.661e+00	1.949e+00
145189.50	9.206e-02	6.221e+00	7.229e-01
145190.50	1.536e-01	8.477e+00	-3.360e-01
145191.50	1.114e-01	6.413e+00	-7.565e-01
145192.50	1.056e-01	6.240e+00	7.546e-01
145193.50	9.888e-02	5.693e+00	-5.194e-01
145194.50	1.219e-01	6.854e+00	2.438e-03
145195.50	8.861e-02	5.722e+00	9.600e-01
145196.50	9.082e-02	6.221e+00	5.530e-01
145197.50	9.533e-02	4.723e+00	-1.315e+00
145198.50	7.181e-02	3.811e+00	-1.075e+00
145199.50	5.011e-02	3.091e+00	5.386e-01
145200.50	3.802e-02	3.178e+00	1.267e+00
145201.50	6.106e-02	3.235e+00	-6.931e-01
145202.50	9.014e-02	5.482e+00	2.717e-01
145203.50	5.875e-02	3.878e+00	4.982e-01
145204.50	5.894e-02	3.245e+00	1.229e-01
145205.50	6.048e-02	4.138e+00	9.427e-01
145206.50	4.896e-02	3.370e+00	-4.790e-02
145207.50	3.370e-02	2.429e+00	5.808e-01
145208.50	6.960e-02	3.254e+00	-3.907e-01
145209.50	3.907e-02	2.064e+00	-8.803e-01
145210.50	2.592e-02	1.862e+00	2.928e-01
145211.50	4.358e-02	2.477e+00	-1.766e-01
145212.50	2.726e-02	2.208e+00	3.619e-01
145213.50	3.658e-02	2.275e+00	2.486e-01
145214.50	4.070e-02	2.314e+00	-6.086e-02
145215.50	2.678e-02	1.680e+00	3.754e-01
145216.50	2.093e-02	1.238e+00	-6.922e-02
145217.50	5.443e-02	2.602e+00	-3.293e-01
145218.50	3.120e-02	1.853e+00	1.450e-01
145219.50	2.707e-02	1.699e+00	-4.339e-01
145220.50	1.747e-02	1.046e+00	-5.875e-01
145221.50	2.496e-02	1.411e+00	3.734e-01
145222.50	2.275e-02	1.478e+00	1.027e-01
145223.50	1.699e-02	6.816e-01	-3.869e-01
145224.50	-9.427e-03	4.925e-02	4.474e-01
145225.50	2.611e-02	1.373e+00	2.563e-02
145226.50	3.072e-02	1.690e+00	4.416e-02
145227.50	2.093e-02	1.392e+00	7.430e-01
145228.50	5.011e-02	1.987e+00	-5.827e-01
145229.50	8.294e-03	5.818e-01	1.392e-01
145230.50	2.419e-03	8.448e-01	9.542e-01
145231.50	2.438e-02	1.430e+00	-2.035e-01
145232.50	1.498e-03	6.883e-01	-1.037e-01
145233.50	1.843e-02	1.142e+00	-1.430e-01
145234.50	3.293e-02	1.632e+00	-1.056e-02
145235.50	2.294e-02	9.149e-01	-5.520e-01
145236.50	2.755e-02	1.392e+00	2.957e-01
145237.50	1.805e-02	8.592e-01	-1.795e-01
145238.50	1.613e-02	9.110e-01	-2.630e-01
145239.50	7.344e-03	5.990e-01	1.843e-01
145240.50	3.763e-03	4.176e-01	-9.523e-02
145241.50	1.248e-02	6.317e-01	9.101e-02
145242.50	1.363e-02	9.062e-01	4.992e-01
145243.50	-2.035e-03	9.542e-02	1.018e-01
145244.50	-1.949e-03	3.427e-01	-5.376e-01
145245.50	1.517e-02	3.725e-01	-5.002e-01
145246.50	-5.510e-03	1.181e-01	5.203e-01
145247.50	6.662e-03	2.314e-01	-3.773e-01
145248.50	2.083e-02	1.344e+00	-4.003e-01
145249.50	1.200e-02	4.378e-01	3.744e-01
145250.50	5.798e-03	4.618e-01	-1.997e-01
145251.50	-3.446e-03	2.438e-01	-4.944e-02
145252.50	2.707e-03	6.192e-01	8.688e-02
145253.50	1.853e-02	8.976e-01	5.270e-02
145254.50	2.122e-02	3.062e-01	1.901e-03
145255.50	1.642e-03	2.227e-02	-2.160e-01
145256.50	5.894e-04	5.030e-02	2.093e-02
145257.50	1.286e-02	8.256e-01	3.763e-01
145258.50	-6.634e-04	-3.754e-02	-3.101e-01
145259.50	-1.094e-02	1.238e+00	2.083e-01
145260.50	4.781e-03	1.766e-01	-4.867e-01
145261.50	2.026e-02	5.174e-01	6.528e-02
145262.50	2.160e-02	1.363e-01	4.627e-02
145263.50	-7.594e-04	1.632e-01	1.315e-01
145264.50	-2.515e-03	6.211e-02	-7.190e-02
145265.50	-2.198e-02	2.630e-01	-2.861e-01
145266.50	6.970e-03	4.176e-01	-2.534e-01
145267.50	3.629e-03	3.907e-01	2.534e-01
145268.50	1.430e-02	7.123e-01	-4.109e-01
145269.50	-3.744e-03	-1.354e-01	-4.349e-02
145270.50	-1.526e-02	-2.544e-01	1.046e-01
145271.50	-9.110e-03	2.813e-02	7.680e-01
145272.50	-7.882e-03	-2.390e-01	3.888e-01
145273.50	1.642e-03	6.432e-03	-5.923e-02
145274.50	7.402e-03	3.350e-01	-1.248e-01
145275.50	-3.984e-03	1.469e-01	9.158e-02
145276.50	3.946e-03	-1.843e-01	-2.160e-02
145277.50	1.584e-02	3.226e-01	-1.930e-01
145278.50	1.258e-02	6.950e-01	5.760e-02
145279.50	8.630e-03	5.587e-01	-8.880e-03
145280.50	7.910e-03	-2.170e-01	-1.075e-01
145281.50	1.104e-02	1.334e-01	4.752e-01
145282.50	1.670e-02	5.875e-01	3.139e-01
145283.50	-2.832e-02	-2.717e-01	-1.920e-01
145284.50	1.402e-02	4.042e-01	1.344e-01
145285.50	-3.802e-03	4.934e-01	4.531e-01
145286.50	-1.757e-02	-1.392e-01	-1.402e-02
145287.50	-1.958e-02	-3.101e-01	1.632e-01
145288.50	9.312e-03	1.728e-01	-3.744e-01
145289.50	4.493e-03	3.437e-01	3.427e-01
145290.50	-4.627e-03	3.869e-01	-2.141e-01
145291.50	5.242e-03	2.659e-01	8.150e-02
145292.50	1.075e-02	1.574e-01	-2.813e-01
145293.50	1.104e-02	2.074e-01	-3.811e-01
145294.50	9.984e-03	1.114e-02	6.010e-02
145295.50	2.275e-03	1.930e-01	-8.611e-02
145296.50	5.213e-03	1.306e-01	1.930e-01
145297.50	2.554e-03	-1.171e-02	-9.235e-02
145298.50	-2.150e-03	-1.066e-01	-3.686e-01
145299.50	-1.046e-02	1.622e-01	-2.602e-02
145300.50	-5.760e-03	-5.501e-02	-1.046e-01
145301.50	-5.002e-03	-2.314e-02	3.715e-01
145302.50	1.958e-02	3.590e-02	2.218e-01
145303.50	2.006e-02	-1.517e-01	-1.018e-01
145304.50	-1.392e-02	-1.200e-01	-3.667e-01
145305.50	7.440e-03	-9.168e-02	7.459e-02
145306.50	8.938e-03	2.966e-01	-1.104e-01
145307.50	3.629e-03	1.344e-01	-1.075e-01
145308.50	5.731e-04	2.784e-01	-9.888e-02
145309.50	4.819e-03	2.419e-01	1.171e-01
145310.50	2.506e-03	9.792e-02	-6.461e-02
145311.50	-4.656e-03	-2.093e-01	2.544e-01
145312.50	-4.464e-03	-2.227e-01	-6.614e-02
145313.50	-2.275e-03	1.968e-01	-7.987e-03
145314.50	1.046e-03	-1.411e-01	-5.338e-01
145315.50	3.667e-03	3.014e-01	2.621e-01
145316.50	-3.350e-03	-1.296e-01	-1.162e-01
145317.50	-8.851e-03	-2.515e-01	1.622e-01
145318.50	-4.022e-03	-2.477e-02	9.561e-02
145319.50	6.605e-03	3.888e-01	3.034e-01
145320.50	7.882e-03	3.715e-01	3.552e-01
145321.50	1.037e-03	-7.171e-02	-1.267e-01
145322.50	7.795e-03	2.928e-01	1.613e-01
145323.50	-5.146e-03	1.603e-02	1.018e-03
145324.50	3.907e-03	6.374e-02	-2.083e-01
145325.50	1.459e-03	2.410e-01	6.317e-03
145326.50	2.592e-04	6.787e-02	-2.486e-02
145327.50	-5.606e-03	-1.238e-01	-7.968e-02
145328.50	2.016e-03	1.555e-01	-2.832e-02
145329.50	5.213e-03	9.216e-03	2.669e-01
145330.50	2.429e-02	3.398e-01	-5.568e-02
145331.50	-1.882e-03	-1.488e-01	-6.931e-02
145332.50	-7.018e-04	4.598e-02	1.478e-01
145333.50	7.277e-03	1.910e-01	-4.858e-02
145334.50	1.046e-03	1.757e-01	2.294e-01
145335.50	-5.818e-03	-1.354e-01	-7.267e-02
145336.50	-4.550e-03	-2.208e-01	8.246e-02
145337.50	4.349e-03	3.408e-01	-1.037e-01
145338.50	-6.019e-03	-1.459e-01	6.778e-02
145339.50	9.984e-03	1.123e-01	3.658e-02
145340.50	-6.269e-03	2.438e-02	-1.133e-01
145341.50	2.525e-03	-3.139e-02	1.056e-01
145342.50	-4.608e-03	-3.542e-01	-9.888e-02
145343.50	5.491e-03	2.333e-01	1.584e-02
145344.50	-9.331e-03	-7.738e-03	1.670e-01
145345.50	-3.552e-03	-3.302e-02	2.506e-01
145346.50	2.314e-03	1.709e-02	-8.784e-02
145347.50	-2.938e-03	-6.221e-02	-7.968e-02
145348.50	1.382e-02	5.098e-01	9.437e-02
145349.50	-6.720e-03	-1.526e-01	9.888e-02
145350.50	-3.725e-03	1.584e-01	6.739e-02
145351.50	-2.688e-03	-6.768e-02	-2.160e-02
145352.50	3.187e-03	3.322e-02	-1.382e-02
145353.50	1.834e-04	6.662e-02	1.594e-02
145354.50	-2.995e-03	-8.554e-02	-4.378e-02
145355.50	2.410e-03	5.578e-02	1.421e-01
145356.50	1.526e-03	-6.000e-02	1.478e-01
145357.50	2.621e-03	-1.997e-02	-1.190e-01
145358.50	8.928e-03	3.859e-01	-1.200e-01
145359.50	-1.651e-03	-1.642e-02	1.325e-01
145360.50	4.387e-03	1.574e-02	-5.261e-02
145361.50	6.883e-04	-6.816e-02	-8.342e-02
145362.50	-2.899e-05	2.544e-02	-8.717e-02
145363.50	-5.011e-03	-1.507e-01	-1.066e-01
145364.50	4.982e-04	1.162e-01	1.056e-01
145365.50	-2.237e-03	-8.285e-02	4.186e-02
145366.50	-1.085e-05	-4.003e-02	-9.504e-02
145367.50	-1.306e-03	8.045e-02	-3.120e-02
145368.50	-6.163e-03	-4.138e-02	2.179e-01
145369.50	5.760e-03	1.459e-01	1.104e-01
145370.50	5.194e-03	6.883e-02	5.923e-02
145371.50	-5.818e-03	-2.362e-01	-1.728e-01
145372.50	4.694e-03	1.891e-01	-1.056e-01
145373.50	1.997e-03	2.026e-01	6.221e-02
145374.50	1.286e-02	1.843e-01	-3.062e-01
145375.50	-2.342e-02	-2.342e-01	-8.774e-02
145376.50	1.901e-03	-1.229e-01	3.062e-02
145377.50	-3.130e-03	-4.982e-02	8.467e-02
145378.50	-2.803e-03	-2.726e-03	7.642e-02
145379.50	1.075e-04	8.227e-02	-6.922e-02
145380.50	1.075e-03	-6.509e-02	-1.114e-02
145381.50	-4.906e-04	8.880e-02	1.603e-01
145382.50	-1.459e-03	6.758e-03	-2.477e-01
145383.50	-1.200e-03	-3.859e-02	7.862e-02
145384.50	5.808e-03	2.400e-02	1.133e-01
145385.50	-3.043e-03	-6.922e-02	7.008e-02
145386.50	-5.011e-03	8.870e-02	4.435e-02
145387.50	-3.014e-04	-3.254e-02	-8.630e-02
145388.50	1.440e-03	1.094e-01	-1.469e-02
145389.50	1.843e-03	7.747e-02	-5.549e-02
145390.50	-6.672e-04	-3.869e-02	8.410e-02
145391.50	6.461e-03	-2.362e-01	1.200e-02
145392.50	2.995e-03	5.645e-02	-1.469e-01
145393.50	-1.334e-03	-6.528e-02	1.306e-03
145394.50	-1.296e-04	1.430e-02	6.922e-02
145395.50	-8.851e-04	-1.747e-01	2.525e-02
145396.50	1.584e-03	6.998e-02	-1.133e-03
145397.50	-2.083e-03	-8.141e-03	-6.182e-02
145398.50	-1.373e-03	7.046e-02	-9.600e-03
145399.50	4.512e-03	1.843e-01	7.008e-02
145400.50	-3.302e-03	2.755e-02	1.066e-01
145401.50	-4.666e-03	-2.573e-01	-3.898e-02
145402.50	-9.561e-03	-1.421e-01	-2.352e-01
145403.50	-1.690e-05	-1.834e-02	1.632e-02
145404.50	9.523e-03	1.430e-01	6.451e-02
145405.50	1.526e-04	5.146e-02	1.824e-02
145406.50	4.934e-03	9.398e-02	-1.930e-01
145407.50	4.934e-03	3.802e-02	-4.589e-02
145408.50	1.680e-03	9.696e-02	3.235e-02
145409.50	-6.240e-03	-8.458e-02	8.726e-04
145410.50	-1.315e-03	1.536e-02	-7.622e-02
145411.50	-5.194e-04	3.955e-02	-6.355e-02
145412.50	6.883e-04	-9.389e-02	-7.978e-02
145413.50	1.066e-03	3.331e-02	-4.627e-02
145414.50	-1.219e-03	-9.792e-03	1.805e-01
145415.50	-3.062e-03	3.456e-02	1.546e-01
145416.50	5.290e-03	1.834e-01	-9.398e-02
145417.50	2.938e-03	3.360e-02	-1.987e-02
145418.50	3.533e-03	1.421e-01	-1.286e-01
145419.50	-2.496e-03	-1.670e-01	-1.469e-01
145420.50	-1.133e-03	-1.546e-01	2.832e-03
145421.50	-1.910e-03	-1.267e-01	-9.283e-02
145422.50	-2.410e-03	3.370e-02	5.030e-02
145423.50	5.587e-03	2.285e-01	9.984e-02
145424.50	5.242e-03	2.150e-01	9.082e-02
145425.50	-6.125e-03	-2.458e-01	1.210e-01
145426.50	1.565e-03	-1.661e-02	4.896e-02
145427.50	1.075e-04	-1.450e-01	-6.211e-02
145428.50	2.362e-04	-1.853e-02	1.066e-01
145429.50	-5.798e-03	-6.432e-02	6.288e-03
145430.50	6.384e-03	1.382e-01	-7.824e-02
145431.50	3.830e-03	-4.627e-02	1.392e-02
145432.50	1.114e-03	-1.354e-01	1.632e-01
145433.50	-2.563e-03	3.984e-02	-9.792e-02
145434.50	-8.304e-03	-1.008e-02	-1.459e-02
145435.50	2.957e-04	7.133e-02	1.094e-01
145436.50	-1.133e-02	1.171e-01	-3.581e-02
145437.50	8.064e-03	-1.747e-01	-2.314e-01
145438.50	1.603e-03	5.376e-02	5.510e-02
145439.50	1.814e-03	5.261e-02	8.035e-02
145440.50	5.626e-04	1.085e-01	-3.686e-02
145441.50	-1.219e-02	1.094e-02	-9.984e-02
145442.50	1.603e-03	-1.325e-01	1.027e-01
145443.50	-1.805e-03	-5.078e-02	-2.390e-02
145444.50	2.573e-04	1.469e-01	5.798e-02
145445.50	-4.954e-03	2.141e-02	1.181e-02
145446.50	-3.475e-03	-9.984e-02	-2.035e-03
145447.50	6.480e-05	-9.091e-02	-5.568e-02
145448.50	3.168e-03	-2.995e-02	-1.421e-01
145449.50	1.718e-02	7.728e-02	1.622e-02
145450.50	-1.555e-03	1.258e-01	1.594e-01
145451.50	-6.048e-04	-1.642e-01	4.512e-02
145452.50	4.301e-03	1.219e-01	-1.517e-01
145453.50	2.611e-03	8.870e-02	-9.206e-02
145454.50	-3.946e-03	6.806e-02	-2.832e-02
145455.50	1.613e-02	1.661e-01	-8.544e-02
145456.50	3.053e-03	2.842e-02	1.344e-01
145457.50	-5.424e-04	1.699e-02	3.869e-02
145458.50	1.286e-03	6.816e-02	-7.872e-02
145459.50	4.685e-03	7.718e-02	-5.232e-02
145460.50	1.008e-03	-3.091e-04	6.413e-02
145461.50	-8.419e-04	6.403e-04	-3.994e-02
145462.50	-1.046e-03	8.285e-02	-3.619e-03
145463.50	-3.619e-03	-7.526e-02	3.398e-02
145464.50	3.293e-03	1.344e-01	1.171e-01
145465.50	3.197e-04	-1.440e-01	-3.523e-02
145466.50	-1.987e-03	-3.984e-02	6.605e-02
145467.50	6.230e-04	7.805e-02	2.621e-02
145468.50	-1.747e-03	-8.765e-02	3.350e-04
145469.50	-4.877e-04	9.187e-03	3.283e-02
145470.50	9.034e-04	-7.555e-02	9.485e-03
145471.50	-3.331e-05	-1.680e-02	8.342e-02
145472.50	-3.485e-03	-5.213e-02	-2.304e-02
145473.50	-2.035e-03	-6.182e-02	-7.709e-02
145474.50	3.245e-05	-5.702e-03	-1.123e-02
145475.50	3.072e-03	3.197e-02	2.458e-02
145476.50	-2.976e-03	-5.587e-02	1.018e-01
145477.50	-1.094e-03	-8.400e-02	4.781e-02
145478.50	1.670e-03	-7.142e-02	-7.344e-02
145479.50	6.038e-04	6.250e-02	-7.171e-02
145480.50	-1.478e-03	1.229e-01	3.216e-02
145481.50	1.987e-03	1.094e-01	-8.458e-02
145482.50	-1.920e-03	-8.909e-02	-3.437e-02
145483.50	3.600e-03	7.286e-02	-1.651e-02
145484.50	1.315e-03	1.546e-01	4.714e-02
145485.50	-3.974e-04	5.626e-02	-1.133e-01
145486.50	-3.005e-03	6.586e-02	-4.570e-02
145487.50	8.707e-03	-8.957e-02	-1.891e-02
145488.50	2.381e-03	-1.162e-01	1.315e-03
145489.50	-7.507e-04	-1.565e-03	6.912e-02
145490.50	-1.862e-03	-3.331e-02	8.611e-02
145491.50	3.466e-03	1.104e-01	-5.856e-02
145492.50	7.306e-04	2.822e-03	-5.242e-02
145493.50	2.390e-03	-1.363e-02	9.581e-02
145494.50	-3.658e-03	-3.850e-02	-8.534e-03
145495.50	-4.406e-03	-1.728e-02	-3.370e-02
145496.50	-1.603e-03	1.632e-02	1.267e-02
145497.50	5.309e-04	-1.190e-02	9.043e-02
145498.50	4.963e-03	-1.133e-01	-1.296e-01
145499.50	5.309e-04	-2.314e-02	6.182e-03
145500.50	-2.842e-06	1.344e-02	-1.498e-02
145501.50	3.811e-03	4.339e-02	-4.454e-02
145502.50	-3.936e-03	-1.382e-02	-4.339e-02
145503.50	-5.117e-03	-8.016e-02	-5.482e-03
145504.50	5.194e-03	1.757e-01	1.680e-02
145505.50	2.755e-03	-1.738e-02	5.050e-02
145506.50	-6.403e-04	-5.251e-02	-7.862e-02
145507.50	3.024e-04	1.104e-01	-9.792e-03
145508.50	-4.656e-03	-3.360e-02	4.819e-02
145509.50	-4.166e-03	-6.451e-02	1.229e-01
145510.50	2.573e-03	-1.027e-01	6.893e-02
145511.50	1.258e-03	2.179e-02	-3.427e-02
145512.50	1.661e-03	5.760e-02	4.224e-02
145513.50	-1.786e-03	-7.738e-03	-6.086e-02
145514.50	-8.112e-04	-5.424e-02	4.003e-03
145515.50	2.160e-03	1.094e-01	2.045e-02
145516.50	7.498e-04	8.698e-02	-2.899e-02
145517.50	4.474e-03	1.027e-01	-4.282e-02
145518.50	2.227e-03	4.282e-02	-6.547e-02
145519.50	-1.392e-03	-6.547e-03	-4.694e-02
145520.50	-3.312e-03	2.659e-02	2.842e-03
145521.50	-8.458e-03	-1.114e-01	8.429e-02
145522.50	-3.907e-03	-9.178e-02	1.219e-01
145523.50	-3.350e-04	-3.312e-02	3.398e-02
145524.50	2.122e-03	1.958e-02	-7.402e-02
145525.50	-1.757e-03	-7.958e-02	6.077e-03
145526.50	7.382e-04	-1.421e-02	-7.325e-02
145527.50	-3.053e-03	2.150e-02	-7.498e-03
145528.50	-6.614e-04	-5.510e-02	-3.082e-02
145529.50	-3.293e-03	1.498e-02	-2.294e-02
145530.50	2.323e-03	-7.075e-04	1.046e-02
145531.50	6.989e-04	-2.506e-02	6.960e-02
145532.50	-5.088e-04	5.750e-02	1.171e-01
145533.50	2.179e-03	-1.344e-02	-2.054e-02
145534.50	5.443e-04	3.053e-02	9.264e-03
145535.50	-3.091e-03	-2.237e-02	1.517e-02
145536.50	-2.218e-03	-9.024e-03	3.034e-02
145537.50	4.502e-04	1.949e-02	3.091e-02
145538.50	-1.757e-04	5.789e-02	2.275e-02
145539.50	-1.421e-03	-4.762e-02	-3.475e-02
145540.50	-3.379e-04	1.344e-03	-1.114e-02
145541.50	2.218e-03	3.763e-02	6.029e-03
145542.50	4.080e-04	-6.653e-02	-2.054e-02
145543.50	4.387e-04	3.043e-02	9.696e-02
145544.50	-5.290e-03	-3.389e-02	-9.792e-02
145545.50	1.373e-03	-5.395e-02	-1.123e-01
145546.50	5.866e-05	1.008e-02	-5.290e-02
145547.50	8.544e-05	2.323e-02	1.229e-01
145548.50	-8.054e-04	3.456e-02	3.725e-02
145549.50	2.506e-03	-3.696e-02	1.440e-02
145550.50	9.322e-04	-1.382e-03	1.507e-02
145551.50	2.909e-03	3.907e-02	-7.277e-03
145552.50	3.283e-03	4.944e-03	-1.037e-01
145553.50	-7.834e-04	2.832e-02	-1.603e-03
145554.50	-6.720e-04	-3.648e-02	6.528e-02
145555.50	-3.379e-02	-9.379e-02	-1.997e-02
145556.50	-8.006e-03	7.786e-04	-9.014e-03
145557.50	2.698e-03	8.803e-02	-5.789e-03
145558.50	-2.016e-03	-3.638e-02	-2.717e-02
145559.50	5.242e-05	1.747e-03	-4.051e-02
145560.50	4.733e-04	-1.661e-02	-1.354e-02
145561.50	3.101e-03	3.101e-02	-3.283e-02
145562.50	-1.104e-03	7.958e-03	2.016e-03
145563.50	1.267e-04	4.118e-02	-6.422e-02
145564.50	7.901e-05	-3.283e-02	-7.699e-02
145565.50	-1.018e-03	-3.398e-02	4.157e-02
145566.50	2.122e-03	-3.686e-02	2.554e-02
145567.50	-6.989e-04	2.074e-02	-3.859e-02
145568.50	-4.982e-03	-5.270e-02	5.366e-02
145569.50	2.246e-03	2.448e-02	-7.075e-03
145570.50	1.248e-03	3.120e-02	1.075e-03
145571.50	-2.592e-03	-1.306e-02	-6.134e-02
145572.50	8.227e-04	4.406e-02	6.029e-02
145573.50	1.277e-03	-2.141e-02	1.306e-02
145574.50	-1.738e-03	-5.395e-02	1.133e-02
145575.50	3.926e-03	7.574e-02	-8.419e-03
145576.50	-8.429e-04	-1.891e-02	4.848e-03
145577.50	2.141e-04	2.170e-02	2.179e-02
145578.50	3.744e-03	4.253e-02	6.384e-02
145579.50	-4.886e-03	-4.560e-02	3.322e-02
145580.50	1.843e-04	1.344e-02	2.957e-02
145581.50	-1.661e-03	-4.646e-02	-7.037e-05
145582.50	1.219e-03	1.238e-02	8.496e-02
145583.50	-2.909e-04	-1.392e-03	4.243e-02
145584.50	-1.536e-03	-4.387e-02	-1.104e-02
145585.50	-1.258e-05	4.790e-02	-3.542e-02
145586.50	1.939e-04	2.419e-02	-7.834e-02
145587.50	-4.666e-03	-3.840e-02	4.157e-02
145588.50	2.467e-04	-7.277e-03	-1.296e-02
145589.50	-2.275e-03	-1.843e-02	2.419e-02
145590.50	4.608e-03	-2.054e-02	-3.734e-02
145591.50	3.485e-03	4.714e-04	-8.688e-02
145592.50	1.872e-03	5.376e-03	-8.333e-02
145593.50	1.843e-03	2.726e-02	1.200e-02
145594.50	-4.838e-04	1.920e-02	2.285e-02
145595.50	4.666e-03	9.360e-02	4.464e-02
145596.50	1.238e-04	7.651e-02	3.293e-02
145597.50	7.834e-04	-2.851e-02	-2.381e-02
145598.50	3.725e-03	3.322e-02	3.715e-02
145599.50	4.858e-03	1.776e-02	3.005e-02
145600.50	-5.030e-03	-8.342e-02	2.698e-02
145601.50	-2.707e-03	3.139e-03	1.402e-03
