145003.50	0.000e+00	0.000e+00	0.000e+00
145004.50	0.000e+00	0.000e+00	0.000e+00
145005.50	0.000e+00	0.000e+00	0.000e+00
145006.50	0.000e+00	0.000e+00	0.000e+00
145007.50	0.000e+00	0.000e+00	0.000e+00
145008.50	0.000e+00	0.000e+00	0.000e+00
145009.50	0.000e+00	0.000e+00	0.000e+00
145010.50	0.000e+00	0.000e+00	0.000e+00
145011.50	0.000e+00	0.000e+00	0.000e+00
145012.50	0.000e+00	0.000e+00	0.000e+00
145013.50	0.000e+00	0.000e+00	0.000e+00
145014.50	0.000e+00	0.000e+00	0.000e+00
145015.50	0.000e+00	0.000e+00	0.000e+00
145016.50	0.000e+00	0.000e+00	0.000e+00
145017.50	0.000e+00	0.000e+00	0.000e+00
145018.50	0.000e+00	0.000e+00	0.000e+00
145019.50	0.000e+00	0.000e+00	0.000e+00
145020.50	0.000e+00	0.000e+00	0.000e+00
145021.50	0.000e+00	0.000e+00	0.000e+00
145022.50	0.000e+00	0.000e+00	0.000e+00
145023.50	0.000e+00	0.000e+00	0.000e+00
145024.50	0.000e+00	0.000e+00	0.000e+00
145025.50	0.000e+00	0.000e+00	0.000e+00
145026.50	0.000e+00	0.000e+00	0.000e+00
145027.50	0.000e+00	0.000e+00	0.000e+00
145028.50	0.000e+00	0.000e+00	0.000e+00
145029.50	0.000e+00	0.000e+00	0.000e+00
145030.50	0.000e+00	0.000e+00	0.000e+00
145031.50	0.000e+00	0.000e+00	0.000e+00
145032.50	0.000e+00	0.000e+00	0.000e+00
145033.50	0.000e+00	0.000e+00	0.000e+00
145034.50	0.000e+00	0.000e+00	0.000e+00
145035.50	0.000e+00	0.000e+00	0.000e+00
145036.50	0.000e+00	0.000e+00	0.000e+00
145037.50	0.000e+00	0.000e+00	0.000e+00
145038.50	0.000e+00	0.000e+00	0.000e+00
145039.50	0.000e+00	0.000e+00	0.000e+00
145040.50	0.000e+00	0.000e+00	0.000e+00
145041.50	0.000e+00	0.000e+00	0.000e+00
145042.50	0.000e+00	0.000e+00	0.000e+00
145043.50	0.000e+00	0.000e+00	0.000e+00
145044.50	0.000e+00	0.000e+00	0.000e+00
145045.50	0.000e+00	0.000e+00	0.000e+00
145046.50	0.000e+00	0.000e+00	0.000e+00
145047.50	0.000e+00	0.000e+00	0.000e+00
145048.50	0.000e+00	0.000e+00	0.000e+00
145049.50	0.000e+00	0.000e+00	0.000e+00
145050.50	0.000e+00	0.000e+00	0.000e+00
145051.50	0.000e+00	0.000e+00	0.000e+00
145052.50	0.000e+00	0.000e+00	0.000e+00
145053.50	0.000e+00	0.000e+00	0.000e+00
145054.50	0.000e+00	0.000e+00	0.000e+00
145055.50	0.000e+00	0.000e+00	0.000e+00
145056.50	0.000e+00	0.000e+00	0.000e+00
145057.50	0.000e+00	0.000e+00	0.000e+00
145058.50	0.000e+00	0.000e+00	0.000e+00
145059.50	0.000e+00	0.000e+00	0.000e+00
145060.50	0.000e+00	0.000e+00	0.000e+00
145061.50	0.000e+00	0.000e+00	0.000e+00
145062.50	0.000e+00	0.000e+00	0.000e+00
145063.50	0.000e+00	0.000e+00	0.000e+00
145064.50	0.000e+00	0.000e+00	0.000e+00
145065.50	0.000e+00	0.000e+00	0.000e+00
145066.50	0.000e+00	0.000e+00	0.000e+00
145067.50	0.000e+00	0.000e+00	0.000e+00
145068.50	0.000e+00	0.000e+00	0.000e+00
145069.50	0.000e+00	0.000e+00	0.000e+00
145070.50	0.000e+00	0.000e+00	0.000e+00
145071.50	0.000e+00	0.000e+00	0.000e+00
145072.50	0.000e+00	0.000e+00	0.000e+00
145073.50	0.000e+00	0.000e+00	0.000e+00
145074.50	0.000e+00	0.000e+00	0.000e+00
145075.50	0.000e+00	0.000e+00	0.000e+00
145076.50	0.000e+00	0.000e+00	0.000e+00
145077.50	0.000e+00	0.000e+00	0.000e+00
145078.50	0.000e+00	0.000e+00	0.000e+00
145079.50	0.000e+00	0.000e+00	0.000e+00
145080.50	0.000e+00	0.000e+00	0.000e+00
145081.50	0.000e+00	0.000e+00	0.000e+00
145082.50	0.000e+00	0.000e+00	0.000e+00
145083.50	0.000e+00	0.000e+00	0.000e+00
145084.50	0.000e+00	0.000e+00	0.000e+00
145085.50	0.000e+00	0.000e+00	0.000e+00
145086.50	0.000e+00	0.000e+00	0.000e+00
145087.50	0.000e+00	0.000e+00	0.000e+00
145088.50	0.000e+00	0.000e+00	0.000e+00
145089.50	0.000e+00	0.000e+00	0.000e+00
145090.50	0.000e+00	0.000e+00	0.000e+00
145091.50	0.000e+00	0.000e+00	0.000e+00
145092.50	0.000e+00	0.000e+00	0.000e+00
145093.50	0.000e+00	0.000e+00	0.000e+00
145094.50	0.000e+00	0.000e+00	0.000e+00
145095.50	0.000e+00	0.000e+00	0.000e+00
145096.50	0.000e+00	0.000e+00	0.000e+00
145097.50	0.000e+00	0.000e+00	0.000e+00
145098.50	0.000e+00	0.000e+00	0.000e+00
145099.50	0.000e+00	0.000e+00	0.000e+00
145100.50	0.000e+00	0.000e+00	0.000e+00
145101.50	0.000e+00	0.000e+00	0.000e+00
145102.50	0.000e+00	0.000e+00	0.000e+00
145103.50	0.000e+00	0.000e+00	0.000e+00
145104.50	0.000e+00	0.000e+00	0.000e+00
145105.50	0.000e+00	0.000e+00	0.000e+00
145106.50	0.000e+00	0.000e+00	0.000e+00
145107.50	0.000e+00	0.000e+00	0.000e+00
145108.50	0.000e+00	0.000e+00	0.000e+00
145109.50	0.000e+00	0.000e+00	0.000e+00
145110.50	0.000e+00	0.000e+00	0.000e+00
145111.50	0.000e+00	0.000e+00	0.000e+00
145112.50	0.000e+00	0.000e+00	0.000e+00
145113.50	0.000e+00	0.000e+00	0.000e+00
145114.50	0.000e+00	0.000e+00	0.000e+00
145115.50	0.000e+00	0.000e+00	0.000e+00
145116.50	0.000e+00	0.000e+00	0.000e+00
145117.50	0.000e+00	0.000e+00	0.000e+00
145118.50	0.000e+00	0.000e+00	0.000e+00
145119.50	0.000e+00	0.000e+00	0.000e+00
145120.50	0.000e+00	0.000e+00	0.000e+00
145121.50	0.000e+00	0.000e+00	0.000e+00
145122.50	0.000e+00	0.000e+00	0.000e+00
145123.50	0.000e+00	0.000e+00	0.000e+00
145124.50	0.000e+00	0.000e+00	0.000e+00
145125.50	0.000e+00	0.000e+00	0.000e+00
145126.50	0.000e+00	0.000e+00	0.000e+00
145127.50	0.000e+00	0.000e+00	0.000e+00
145128.50	0.000e+00	0.000e+00	0.000e+00
145129.50	0.000e+00	0.000e+00	0.000e+00
145130.50	0.000e+00	0.000e+00	0.000e+00
145131.50	0.000e+00	0.000e+00	0.000e+00
145132.50	0.000e+00	0.000e+00	0.000e+00
145133.50	0.000e+00	0.000e+00	0.000e+00
145134.50	2.246e-05	3.072e-03	-1.507e-03
145135.50	7.056e-05	3.158e-03	-2.218e-03
145136.50	-5.453e-05	-3.648e-03	2.506e-03
145137.50	-1.642e-05	-5.203e-04	8.669e-04
145138.50	5.088e-05	-1.757e-03	-4.301e-04
145139.50	4.070e-05	-4.666e-04	-1.008e-03
145140.50	1.363e-05	5.414e-04	-1.200e-04
145141.50	3.974e-06	-3.869e-04	2.582e-04
145142.50	-2.160e-06	-2.650e-03	1.075e-03
145143.50	-8.458e-06	-1.843e-03	6.422e-04
145144.50	3.245e-04	-3.053e-03	-1.046e-02
145145.50	-4.118e-04	6.710e-03	1.421e-02
145146.50	5.251e-04	-2.554e-02	-3.936e-03
145147.50	-5.875e-04	-1.315e-02	2.170e-02
145148.50	9.408e-04	-9.485e-03	-1.402e-02
145149.50	2.822e-03	4.704e-02	-1.210e-01
145150.50	1.565e-02	-7.517e-01	-1.805e-01
145151.50	1.162e-01	-6.682e+00	-5.357e-01
145152.50	1.478e+00	-1.018e+02	3.197e+00
145153.50	2.275e+01	-1.478e+03	-3.379e+01
145154.50	1.536e+01	-8.736e+02	-1.325e+02
145155.50	-4.550e+00	3.264e+02	2.899e+00
145156.50	-3.965e+00	2.275e+02	3.629e+01
145157.50	-2.774e+00	1.651e+02	1.910e+01
145158.50	-2.275e+00	1.536e+02	5.434e+00
145159.50	-2.237e+00	1.267e+02	1.891e+01
145160.50	-1.709e+00	1.133e+02	3.187e+00
145161.50	-1.862e+00	1.075e+02	1.306e+01
145162.50	-1.526e+00	9.533e+01	6.499e+00
145163.50	-1.306e+00	8.563e+01	2.669e+00
145164.50	-9.590e-01	6.893e+01	-2.093e+00
145165.50	-1.037e+00	7.094e+01	6.355e-01
145166.50	-6.701e-01	6.019e+01	-8.746e+00
145167.50	-9.888e-01	5.654e+01	5.597e+00
145168.50	-8.534e-01	5.597e+01	1.373e+00
145169.50	-9.034e-01	5.165e+01	5.971e+00
145170.50	-7.142e-01	4.195e+01	4.483e+00
145171.50	-6.576e-01	3.696e+01	4.637e+00
145172.50	-5.194e-01	3.101e+01	1.920e+00
145173.50	-6.701e-01	3.485e+01	5.453e+00
145174.50	-6.288e-01	3.466e+01	4.109e+00
145175.50	-5.395e-01	3.197e+01	2.362e+00
145176.50	-3.053e-01	2.573e+01	-3.110e+00
145177.50	-4.522e-01	2.707e+01	1.690e+00
145178.50	-3.552e-01	2.506e+01	-1.037e+00
145179.50	-3.571e-01	2.074e+01	1.469e+00
145180.50	-3.946e-01	2.074e+01	2.870e+00
145181.50	-3.936e-01	2.045e+01	3.062e+00
145182.50	-3.341e-01	1.738e+01	3.302e+00
145183.50	-2.256e-01	1.747e+01	-1.795e+00
145184.50	-1.978e-01	1.526e+01	-1.258e+00
145185.50	-2.899e-01	1.690e+01	1.440e+00
145186.50	-1.987e-01	1.315e+01	-5.088e-02
145187.50	-1.776e-01	1.200e+01	-6.806e-03
145188.50	-2.688e-01	1.459e+01	1.882e+00
145189.50	-1.613e-01	1.104e+01	-3.350e-01
145190.50	-1.747e-01	1.046e+01	7.584e-01
145191.50	-1.882e-01	9.379e+00	1.891e+00
145192.50	-2.227e-01	1.037e+01	2.410e+00
145193.50	-2.131e-01	9.792e+00	1.699e+00
145194.50	-1.373e-01	8.890e+00	-1.968e-02
145195.50	-1.469e-01	7.334e+00	1.507e+00
145196.50	-1.190e-01	6.509e+00	9.456e-01
145197.50	-1.440e-01	9.168e+00	5.904e-02
145198.50	-1.517e-01	5.731e+00	2.208e+00
145199.50	-1.008e-01	6.893e+00	-2.630e-01
145200.50	-1.027e-01	5.981e+00	1.997e-01
145201.50	-1.219e-01	7.584e+00	2.803e-01
145202.50	-7.814e-02	5.424e+00	-1.603e-01
145203.50	-1.094e-01	6.077e+00	3.782e-01
145204.50	-1.114e-01	4.714e+00	1.478e+00
145205.50	-8.544e-02	5.472e+00	-2.112e-02
145206.50	-8.304e-02	3.821e+00	9.350e-01
145207.50	-6.528e-02	3.504e+00	-7.219e-02
145208.50	-6.941e-02	3.734e+00	5.626e-01
145209.50	-5.021e-02	3.802e+00	-3.226e-01
145210.50	-7.949e-02	4.435e+00	2.717e-01
145211.50	-5.280e-02	3.802e+00	-4.262e-01
145212.50	-7.344e-02	4.358e+00	1.459e-01
145213.50	-4.061e-02	2.755e+00	-1.094e-01
145214.50	-6.797e-02	3.418e+00	8.381e-01
145215.50	-3.840e-02	3.466e+00	-7.123e-01
145216.50	-8.640e-02	2.621e+00	1.661e+00
145217.50	-3.984e-02	2.611e+00	-1.440e-02
145218.50	-6.250e-02	2.986e+00	7.709e-02
145219.50	-7.699e-02	3.552e+00	7.978e-01
145220.50	-5.213e-02	1.920e+00	8.131e-01
145221.50	-1.709e-02	1.680e+00	-3.158e-01
145222.50	-3.792e-02	2.477e+00	-7.603e-02
145223.50	-4.608e-02	2.112e+00	2.938e-01
145224.50	-3.907e-02	2.016e+00	4.714e-01
145225.50	-8.909e-03	1.795e+00	-5.856e-01
145226.50	-1.651e-02	1.104e+00	-1.392e-01
145227.50	-3.341e-02	1.018e+00	3.763e-01
145228.50	-3.571e-02	1.766e+00	4.474e-01
145229.50	-3.418e-02	1.795e+00	8.237e-02
145230.50	-2.678e-02	1.603e+00	-3.062e-01
145231.50	-1.469e-02	1.440e+00	-4.013e-01
145232.50	-1.958e-02	1.114e+00	-2.362e-02
145233.50	-4.310e-02	1.565e+00	7.546e-01
145234.50	-3.101e-02	6.211e-01	8.323e-01
145235.50	-3.024e-02	1.142e+00	3.312e-01
145236.50	-2.947e-02	1.872e+00	1.411e-01
145237.50	-3.917e-02	1.766e+00	3.667e-01
145238.50	-2.122e-02	1.046e+00	-9.494e-02
145239.50	-1.018e-02	1.171e+00	-3.437e-01
145240.50	-1.037e-02	8.861e-01	-2.784e-01
145241.50	-7.229e-03	1.056e+00	-3.475e-01
145242.50	-6.518e-04	3.072e-01	-1.613e-01
145243.50	-1.814e-02	9.984e-01	2.448e-01
145244.50	-3.370e-02	1.315e+00	3.782e-01
145245.50	4.406e-03	8.813e-01	-5.914e-01
145246.50	7.651e-04	4.378e-01	-2.112e-01
145247.50	-1.632e-02	4.666e-01	4.618e-02
145248.50	-2.870e-02	7.814e-01	5.251e-01
145249.50	-2.698e-03	2.093e-01	4.186e-02
145250.50	-4.627e-03	9.888e-01	-4.397e-01
145251.50	-2.611e-02	1.114e+00	2.218e-01
145252.50	-1.546e-02	5.126e-02	5.011e-01
145253.50	-1.210e-02	5.434e-01	-3.082e-01
145254.50	-3.322e-03	7.200e-01	-6.144e-02
145255.50	-4.090e-02	1.267e+00	-2.467e-02
145256.50	3.226e-02	-2.275e-01	-2.515e-01
145257.50	1.133e-02	2.717e-02	-1.459e-01
145258.50	-2.659e-03	1.085e-02	-3.168e-02
145259.50	-3.034e-02	1.363e-01	5.789e-01
145260.50	-4.550e-02	9.888e-01	5.443e-01
145261.50	-3.034e-02	1.018e+00	6.672e-01
145262.50	6.720e-03	3.341e-01	-4.128e-01
145263.50	2.534e-02	3.043e-01	-3.494e-01
145264.50	-1.834e-03	3.840e-01	-1.958e-02
145265.50	-8.179e-04	-3.245e-01	-2.688e-01
145266.50	6.710e-03	1.632e-01	4.358e-01
145267.50	-4.522e-02	3.072e-01	3.984e-01
145268.50	4.781e-03	8.371e-01	-5.914e-01
145269.50	-2.371e-02	5.443e-01	3.811e-01
145270.50	-1.517e-02	8.160e-01	-1.392e-01
145271.50	2.659e-02	4.195e-01	-3.091e-01
145272.50	-2.573e-02	1.008e+00	3.254e-01
145273.50	4.579e-03	-1.920e-01	-1.142e-01
145274.50	7.382e-03	2.746e-02	3.389e-02
145275.50	-8.074e-03	2.909e-01	2.381e-01
145276.50	-1.402e-02	5.213e-02	2.352e-01
145277.50	7.008e-04	-9.792e-02	-5.376e-02
145278.50	-3.715e-03	5.491e-01	-9.283e-02
145279.50	1.555e-03	7.805e-02	-2.755e-01
145280.50	-4.733e-03	4.262e-01	-1.488e-01
145281.50	-2.496e-02	4.310e-01	2.400e-01
145282.50	-1.718e-02	1.997e-01	2.266e-01
145283.50	-1.795e-03	7.258e-01	-3.110e-01
145284.50	-1.930e-02	4.771e-01	5.472e-01
145285.50	-8.832e-03	-2.957e-02	2.592e-01
145286.50	1.210e-03	5.386e-01	-2.515e-01
145287.50	-1.075e-02	2.141e-01	-1.085e-01
145288.50	-2.851e-03	-7.219e-03	2.448e-01
145289.50	-2.554e-03	3.763e-01	9.178e-02
145290.50	5.462e-03	1.546e-01	-1.670e-01
145291.50	7.142e-05	-1.027e-01	1.402e-01
145292.50	2.256e-03	1.142e-01	-1.018e-01
145293.50	-7.382e-04	2.112e-01	-1.200e-01
145294.50	6.413e-03	-8.208e-02	-2.698e-01
145295.50	-4.397e-03	1.469e-01	1.402e-01
145296.50	-1.430e-02	3.053e-01	2.813e-01
145297.50	-8.640e-03	-2.880e-02	7.882e-02
145298.50	8.918e-03	-2.045e-01	-1.622e-01
145299.50	8.554e-03	-4.339e-02	-1.824e-01
145300.50	-4.282e-03	4.330e-01	-1.267e-01
145301.50	-5.626e-03	1.075e-01	5.674e-02
145302.50	-2.006e-03	4.723e-02	-1.248e-01
145303.50	-1.085e-02	4.166e-01	1.949e-01
145304.50	-7.882e-03	1.690e-01	1.200e-01
145305.50	-4.771e-03	-1.238e-01	4.138e-01
145306.50	-6.691e-03	2.563e-01	9.696e-03
145307.50	-6.029e-03	2.938e-01	1.517e-01
145308.50	-2.544e-03	2.774e-01	-4.224e-02
145309.50	-1.709e-02	8.784e-02	2.563e-01
145310.50	-6.490e-03	9.792e-02	1.258e-01
145311.50	7.766e-03	-1.920e-01	-1.229e-01
145312.50	-3.715e-03	6.902e-02	2.486e-02
145313.50	-6.538e-03	-6.845e-02	3.082e-01
145314.50	-1.584e-03	6.355e-02	1.277e-01
145315.50	-1.344e-02	1.430e-01	2.016e-01
145316.50	-8.592e-03	5.107e-01	-6.634e-02
145317.50	9.696e-03	1.248e-02	-2.093e-01
145318.50	8.170e-05	1.968e-01	-1.613e-01
145319.50	1.584e-02	7.277e-02	-1.882e-01
145320.50	2.314e-02	-2.141e-01	-2.688e-01
145321.50	6.883e-03	5.779e-02	-1.565e-01
145322.50	-1.248e-02	2.458e-01	3.302e-01
145323.50	-2.506e-03	2.410e-01	-1.277e-01
145324.50	3.811e-03	-1.574e-01	-5.856e-02
145325.50	-1.075e-02	3.610e-01	4.973e-02
145326.50	-7.459e-03	-5.126e-02	7.709e-02
145327.50	-7.075e-03	9.792e-02	3.091e-02
145328.50	-2.803e-03	3.206e-01	-1.450e-01
145329.50	-4.637e-03	3.274e-01	-7.354e-02
145330.50	-3.149e-03	-1.901e-01	1.930e-02
145331.50	9.485e-05	-6.029e-02	7.939e-02
145332.50	-1.334e-02	4.378e-01	1.008e-01
145333.50	6.912e-04	-5.664e-02	1.315e-02
145334.50	3.878e-03	-1.478e-01	1.075e-01
145335.50	-3.418e-04	3.389e-02	1.392e-01
145336.50	-3.754e-03	2.227e-01	-6.576e-02
145337.50	-1.786e-03	2.746e-01	-1.949e-01
145338.50	-3.869e-03	1.651e-02	5.750e-02
145339.50	-1.757e-03	1.296e-01	-2.227e-02
145340.50	2.602e-02	-4.387e-03	-2.208e-01
145341.50	-2.592e-02	8.515e-02	7.037e-02
145342.50	1.949e-03	-7.661e-02	9.398e-02
145343.50	1.613e-04	-6.826e-02	2.256e-01
145344.50	-7.200e-03	1.066e-01	1.642e-01
145345.50	-7.690e-03	-2.899e-01	3.696e-01
145346.50	-5.962e-03	-3.898e-02	4.003e-01
145347.50	-1.008e-03	2.669e-01	1.363e-01
145348.50	1.085e-02	-2.688e-02	-9.696e-02
145349.50	1.344e-03	1.920e-01	-3.254e-02
145350.50	-9.792e-03	-1.382e-01	-6.653e-02
145351.50	-1.306e-02	1.344e-01	-1.661e-01
145352.50	2.621e-03	-5.914e-03	-5.530e-02
145353.50	-8.966e-03	-9.523e-03	5.808e-02
145354.50	-8.602e-03	2.189e-02	1.344e-01
145355.50	4.090e-04	6.518e-02	1.094e-01
145356.50	1.766e-02	-2.352e-02	-2.582e-01
145357.50	5.213e-03	1.546e-01	-2.246e-01
145358.50	5.424e-03	-7.296e-02	-3.130e-02
145359.50	-4.032e-03	1.824e-02	-1.517e-02
145360.50	-3.504e-03	1.978e-01	1.037e-02
145361.50	7.555e-04	-2.179e-01	-1.162e-01
145362.50	1.229e-03	-4.080e-02	-2.256e-02
145363.50	-1.738e-03	9.302e-02	1.642e-01
145364.50	1.402e-04	-1.171e-01	1.622e-01
145365.50	-4.166e-03	1.507e-01	9.600e-02
145366.50	-2.458e-03	7.901e-02	-9.331e-03
145367.50	-2.429e-03	2.237e-02	5.165e-02
145368.50	6.634e-03	-1.267e-01	-3.734e-02
145369.50	-2.784e-03	2.198e-02	-1.248e-02
145370.50	-1.315e-03	2.784e-02	-5.635e-02
145371.50	7.402e-04	2.189e-01	-1.402e-01
145372.50	-5.885e-03	1.738e-02	2.688e-02
145373.50	4.157e-03	7.843e-02	-2.976e-02
145374.50	4.570e-03	-2.246e-01	2.544e-01
145375.50	-8.246e-04	4.205e-02	-8.928e-02
145376.50	3.802e-03	-2.045e-02	-2.093e-01
145377.50	2.918e-03	-1.411e-01	-1.094e-03
145378.50	-6.547e-03	-3.571e-03	2.410e-01
145379.50	-7.037e-03	2.774e-01	1.018e-02
145380.50	-1.229e-02	4.128e-02	3.360e-02
145381.50	-2.506e-03	8.602e-03	7.546e-02
145382.50	1.478e-04	2.323e-02	-2.688e-02
145383.50	6.854e-03	1.824e-01	-3.398e-01
145384.50	-4.061e-03	2.246e-02	7.267e-02
145385.50	-1.776e-03	-7.699e-02	3.581e-02
145386.50	7.075e-04	2.179e-02	9.149e-02
145387.50	-2.486e-03	2.736e-02	1.056e-02
145388.50	-4.762e-03	3.120e-02	7.219e-02
145389.50	6.403e-04	6.086e-02	-1.200e-01
145390.50	1.402e-04	7.286e-02	6.778e-02
145391.50	6.586e-04	1.133e-01	-1.238e-02
145392.50	-2.765e-03	-1.315e-02	7.920e-02
145393.50	-2.890e-03	-6.173e-02	-2.707e-02
145394.50	-4.138e-03	-2.131e-02	7.718e-03
145395.50	7.968e-03	-1.987e-02	-5.597e-02
145396.50	1.968e-03	-1.526e-01	7.766e-05
145397.50	-7.056e-03	1.267e-01	1.987e-01
145398.50	1.190e-03	3.206e-02	-3.485e-02
145399.50	2.371e-03	-8.621e-02	-8.323e-02
145400.50	5.693e-05	2.496e-02	-4.589e-02
145401.50	7.728e-03	-9.149e-02	-7.258e-03
145402.50	-2.928e-03	-1.843e-02	6.182e-03
145403.50	-4.829e-03	9.110e-02	1.066e-01
145404.50	-1.392e-04	-2.448e-02	-6.528e-02
145405.50	-5.990e-03	1.766e-01	4.445e-03
145406.50	-3.226e-04	-7.910e-02	-7.373e-02
145407.50	2.736e-03	1.162e-01	-1.277e-01
145408.50	-2.707e-03	1.565e-02	2.448e-02
145409.50	-6.691e-03	1.786e-01	1.258e-01
145410.50	-1.488e-03	5.309e-02	-7.661e-03
145411.50	2.285e-03	1.210e-01	-1.882e-02
145412.50	3.005e-03	6.979e-03	-9.792e-02
145413.50	-4.042e-03	5.482e-02	1.488e-01
145414.50	1.478e-03	-1.805e-02	2.582e-02
145415.50	8.083e-03	-1.267e-02	-3.821e-02
145416.50	5.789e-03	-1.306e-01	-7.171e-02
145417.50	-1.046e-02	1.824e-01	8.131e-02
145418.50	1.296e-02	1.354e-01	-2.016e-01
145419.50	7.238e-03	-6.874e-03	-6.691e-02
145420.50	-6.422e-03	-1.949e-01	2.486e-01
145421.50	-1.066e-02	2.122e-02	5.194e-02
145422.50	4.301e-03	-6.509e-02	-1.210e-03
145423.50	-2.736e-03	1.306e-02	7.315e-02
145424.50	5.395e-03	-1.555e-01	-1.594e-01
145425.50	-6.710e-03	-5.270e-03	9.888e-02
145426.50	6.970e-03	4.003e-02	-9.446e-02
145427.50	3.648e-03	3.638e-02	-1.171e-01
145428.50	-2.515e-03	-3.331e-02	2.131e-02
145429.50	-4.829e-03	-4.877e-02	8.822e-02
145430.50	2.189e-03	7.027e-02	4.541e-02
145431.50	8.410e-04	1.882e-02	-9.696e-02
145432.50	-4.867e-03	1.536e-02	-3.216e-02
145433.50	2.582e-02	-6.998e-02	-8.746e-02
145434.50	1.757e-02	-1.670e-01	2.429e-02
145435.50	-2.333e-02	6.125e-02	5.885e-02
145436.50	-3.254e-02	3.293e-01	5.770e-02
145437.50	-3.994e-03	-2.150e-02	1.046e-01
145438.50	-6.816e-04	1.766e-02	2.611e-02
145439.50	5.050e-03	-5.904e-02	-1.181e-01
145440.50	-5.165e-03	-2.659e-02	7.565e-02
145441.50	-3.418e-03	-9.312e-02	7.949e-02
145442.50	4.214e-03	4.733e-03	6.662e-02
145443.50	4.877e-03	3.485e-03	1.037e-01
145444.50	2.515e-03	4.925e-02	-8.438e-02
145445.50	-3.638e-03	-3.245e-02	6.749e-02
145446.50	-6.499e-04	7.526e-02	6.720e-02
145447.50	-8.717e-04	1.450e-01	-8.496e-02
145448.50	9.984e-04	1.142e-01	-2.592e-02
145449.50	3.283e-03	-4.301e-02	-1.238e-01
145450.50	3.715e-03	-5.357e-02	-5.126e-02
145451.50	-4.282e-03	1.258e-02	-1.824e-02
145452.50	-6.432e-03	5.270e-02	4.666e-02
145453.50	-9.427e-04	5.597e-02	7.987e-03
145454.50	2.314e-03	-4.339e-02	-6.211e-02
145455.50	4.454e-03	-1.296e-01	-1.546e-01
145456.50	1.104e-03	9.984e-03	-1.248e-02
145457.50	-1.133e-03	3.091e-02	-3.254e-02
145458.50	4.339e-03	-1.037e-01	-1.104e-01
145459.50	2.256e-03	-1.296e-01	5.894e-02
145460.50	-6.682e-03	1.642e-01	1.162e-01
145461.50	3.206e-03	3.648e-03	-2.352e-02
145462.50	-2.602e-03	-1.142e-01	8.851e-02
145463.50	7.354e-04	-9.792e-04	1.814e-03
145464.50	1.190e-03	5.846e-02	1.987e-02
145465.50	-4.118e-03	-1.344e-02	4.003e-02
145466.50	3.427e-03	-3.734e-02	-1.440e-01
145467.50	5.760e-04	7.824e-02	-3.638e-02
145468.50	2.093e-03	4.262e-02	-8.544e-02
145469.50	7.651e-04	-4.982e-02	-1.776e-02
145470.50	-5.347e-03	1.402e-01	2.486e-03
145471.50	-2.870e-03	-8.054e-03	6.038e-02
145472.50	3.302e-03	-2.026e-01	-4.982e-02
145473.50	-6.413e-03	1.315e-01	1.094e-01
145474.50	-1.450e-03	-6.672e-02	4.522e-02
145475.50	1.939e-03	-1.229e-01	6.970e-02
145476.50	-8.227e-04	3.878e-02	2.534e-02
145477.50	7.190e-04	8.362e-02	-2.621e-02
145478.50	-1.334e-03	4.723e-03	2.736e-02
145479.50	-2.141e-03	5.050e-02	-5.952e-02
145480.50	1.920e-03	-2.803e-02	7.392e-03
145481.50	-2.803e-03	1.603e-03	-5.779e-03
145482.50	7.037e-03	-6.288e-02	1.709e-02
145483.50	4.224e-03	-5.174e-02	-7.114e-03
145484.50	-4.973e-03	4.579e-02	5.971e-02
145485.50	-2.899e-03	3.130e-02	7.651e-02
145486.50	-2.525e-03	5.078e-02	-9.888e-02
145487.50	6.797e-04	-8.496e-02	-1.190e-02
145488.50	-4.224e-03	5.597e-02	7.142e-03
145489.50	3.581e-03	-8.035e-02	2.016e-02
145490.50	2.918e-03	-1.411e-02	-1.123e-01
145491.50	-2.506e-03	-1.824e-03	7.834e-02
145492.50	-1.997e-03	1.306e-02	1.373e-01
145493.50	6.864e-03	-4.262e-02	-1.181e-01
145494.50	1.056e-03	5.923e-02	4.205e-02
145495.50	3.437e-03	-1.392e-02	-9.418e-02
145496.50	-1.555e-03	2.093e-02	1.872e-02
145497.50	2.467e-03	-4.714e-03	-5.501e-02
145498.50	4.378e-03	-3.610e-02	-9.888e-02
145499.50	4.234e-04	6.778e-03	-2.582e-03
145500.50	-7.642e-04	6.634e-02	-3.667e-02
145501.50	-7.334e-03	4.022e-02	1.258e-01
145502.50	-5.722e-03	2.515e-02	9.600e-02
145503.50	2.765e-03	-1.142e-01	-3.235e-02
145504.50	4.128e-03	8.102e-02	-1.114e-01
145505.50	-3.859e-03	3.792e-02	8.986e-02
145506.50	7.498e-04	4.858e-02	5.578e-02
145507.50	-2.774e-03	1.882e-02	7.498e-03
145508.50	5.875e-05	-1.670e-01	9.561e-02
145509.50	4.618e-03	-9.350e-02	-1.075e-01
145510.50	-1.843e-03	6.346e-02	2.822e-02
145511.50	1.757e-03	7.450e-02	-3.706e-02
145512.50	3.101e-03	-6.778e-02	2.496e-02
145513.50	-3.302e-03	3.062e-02	6.960e-02
145514.50	1.661e-03	1.104e-02	-2.016e-02
145515.50	-1.258e-03	6.653e-02	-2.707e-02
145516.50	-4.330e-03	4.483e-02	6.182e-02
145517.50	3.062e-03	-1.296e-01	-8.390e-03
145518.50	-4.291e-03	7.133e-03	5.875e-02
145519.50	-4.205e-04	-5.165e-03	-9.984e-02
145520.50	8.899e-04	3.955e-02	-5.894e-02
145521.50	4.214e-04	3.821e-02	-4.838e-02
145522.50	-1.373e-03	2.659e-02	-5.232e-02
145523.50	8.102e-04	-7.565e-02	2.467e-02
145524.50	1.901e-03	-2.621e-02	-5.837e-02
145525.50	3.456e-03	3.370e-02	-1.363e-01
145526.50	-4.445e-04	6.566e-02	-5.808e-02
145527.50	-5.664e-03	1.171e-01	1.402e-01
145528.50	2.170e-04	-6.163e-02	-4.656e-04
145529.50	-3.043e-03	8.717e-03	8.544e-02
145530.50	-2.054e-03	4.234e-03	-1.392e-02
145531.50	-3.859e-04	2.899e-02	-1.248e-01
145532.50	3.754e-03	3.350e-02	2.582e-02
145533.50	8.064e-04	-6.298e-02	7.085e-02
145534.50	-1.286e-03	1.315e-02	7.805e-02
145535.50	-3.821e-03	3.446e-02	7.114e-02
145536.50	-2.918e-03	4.176e-02	3.197e-02
145537.50	-1.008e-03	4.531e-02	6.662e-03
145538.50	3.994e-03	1.114e-01	-6.643e-02
145539.50	-2.602e-04	7.555e-02	-3.658e-02
145540.50	1.142e-03	-4.877e-02	-4.848e-02
145541.50	-1.594e-03	-6.806e-02	7.296e-02
145542.50	9.034e-04	-5.501e-02	7.699e-03
145543.50	-1.891e-03	-7.555e-02	1.066e-01
145544.50	3.610e-04	2.218e-02	-1.930e-02
145545.50	5.174e-03	-6.874e-02	2.362e-02
145546.50	2.630e-03	4.272e-02	-2.112e-02
145547.50	3.562e-04	4.032e-02	1.066e-02
145548.50	-6.182e-03	8.160e-02	1.718e-02
145549.50	3.542e-03	5.731e-02	-8.467e-02
145550.50	-1.277e-03	-4.128e-02	2.870e-02
145551.50	-9.130e-04	-1.440e-02	9.984e-02
145552.50	5.645e-03	4.800e-02	-1.046e-01
145553.50	-2.611e-03	-2.813e-03	-2.976e-03
145554.50	1.680e-03	8.304e-02	-7.142e-02
145555.50	1.056e-03	1.987e-02	-6.749e-02
145556.50	-5.914e-04	-8.237e-02	5.827e-02
145557.50	-9.024e-04	-9.101e-02	5.856e-02
145558.50	-2.650e-03	-3.802e-03	5.626e-02
145559.50	-4.694e-03	5.750e-02	6.845e-02
145560.50	9.600e-04	2.870e-02	-7.910e-03
145561.50	-3.696e-03	-3.734e-02	1.190e-01
145562.50	3.427e-04	-7.766e-02	2.054e-02
145563.50	-1.008e-03	2.554e-03	-9.792e-03
145564.50	-3.043e-04	-1.872e-02	-5.894e-02
145565.50	-7.709e-03	-1.200e-01	-5.645e-02
145566.50	-8.678e-04	3.245e-02	-5.818e-02
145567.50	2.448e-03	8.794e-02	-7.613e-02
145568.50	1.075e-04	-8.486e-03	-1.200e-02
145569.50	-4.243e-05	-4.598e-02	4.406e-02
145570.50	2.842e-03	1.632e-02	-3.283e-02
145571.50	-4.061e-04	3.974e-02	-5.299e-02
145572.50	-1.354e-04	3.571e-02	2.563e-02
145573.50	4.118e-04	-3.101e-02	2.083e-02
145574.50	1.046e-03	-2.554e-03	1.190e-02
145575.50	3.379e-03	-4.262e-02	8.294e-03
145576.50	1.075e-03	-7.190e-03	-5.664e-02
145577.50	4.618e-03	-9.130e-02	-7.882e-04
145578.50	2.918e-03	-8.794e-02	6.749e-02
145579.50	1.334e-03	6.029e-02	-1.018e-01
145580.50	-1.651e-02	-1.565e-02	3.293e-02
145581.50	-1.382e-02	-1.968e-02	6.413e-02
145582.50	1.680e-03	5.549e-02	-1.094e-01
145583.50	-1.008e-03	1.008e-01	-3.744e-02
145584.50	6.192e-03	-3.840e-02	-8.784e-03
145585.50	-1.325e-03	2.237e-02	-2.131e-02
145586.50	2.054e-03	-1.286e-02	6.634e-02
145587.50	2.947e-03	-7.805e-02	-2.390e-02
145588.50	-3.168e-03	-2.746e-03	6.154e-02
145589.50	-5.501e-03	1.229e-01	9.888e-02
145590.50	-4.637e-04	4.570e-02	1.363e-02
145591.50	2.803e-03	-3.293e-02	2.179e-02
145592.50	4.330e-04	-6.106e-02	1.277e-01
145593.50	6.970e-04	2.813e-02	-6.115e-02
145594.50	-1.334e-03	8.275e-02	-2.170e-02
145595.50	4.416e-04	3.792e-02	1.584e-03
145596.50	3.437e-04	-6.979e-03	-1.037e-02
145597.50	7.987e-03	-6.749e-03	-5.146e-02
145598.50	5.827e-03	-1.258e-02	-4.339e-04
145599.50	-1.843e-03	7.776e-03	1.488e-02
145600.50	-3.619e-04	4.675e-02	9.696e-04
145601.50	-1.814e-03	-3.610e-02	5.578e-02
