145003.50	0.000e+00	0.000e+00	0.000e+00
145004.50	0.000e+00	0.000e+00	0.000e+00
145005.50	0.000e+00	0.000e+00	0.000e+00
145006.50	0.000e+00	0.000e+00	0.000e+00
145007.50	0.000e+00	0.000e+00	0.000e+00
145008.50	0.000e+00	0.000e+00	0.000e+00
145009.50	0.000e+00	0.000e+00	0.000e+00
145010.50	0.000e+00	0.000e+00	0.000e+00
145011.50	0.000e+00	0.000e+00	0.000e+00
145012.50	0.000e+00	0.000e+00	0.000e+00
145013.50	0.000e+00	0.000e+00	0.000e+00
145014.50	0.000e+00	0.000e+00	0.000e+00
145015.50	0.000e+00	0.000e+00	0.000e+00
145016.50	0.000e+00	0.000e+00	0.000e+00
145017.50	0.000e+00	0.000e+00	0.000e+00
145018.50	0.000e+00	0.000e+00	0.000e+00
145019.50	0.000e+00	0.000e+00	0.000e+00
145020.50	0.000e+00	0.000e+00	0.000e+00
145021.50	0.000e+00	0.000e+00	0.000e+00
145022.50	0.000e+00	0.000e+00	0.000e+00
145023.50	0.000e+00	0.000e+00	0.000e+00
145024.50	0.000e+00	0.000e+00	0.000e+00
145025.50	0.000e+00	0.000e+00	0.000e+00
145026.50	0.000e+00	0.000e+00	0.000e+00
145027.50	0.000e+00	0.000e+00	0.000e+00
145028.50	0.000e+00	0.000e+00	0.000e+00
145029.50	0.000e+00	0.000e+00	0.000e+00
145030.50	0.000e+00	0.000e+00	0.000e+00
145031.50	0.000e+00	0.000e+00	0.000e+00
145032.50	0.000e+00	0.000e+00	0.000e+00
145033.50	0.000e+00	0.000e+00	0.000e+00
145034.50	0.000e+00	0.000e+00	0.000e+00
145035.50	0.000e+00	0.000e+00	0.000e+00
145036.50	0.000e+00	0.000e+00	0.000e+00
145037.50	0.000e+00	0.000e+00	0.000e+00
145038.50	0.000e+00	0.000e+00	0.000e+00
145039.50	0.000e+00	0.000e+00	0.000e+00
145040.50	0.000e+00	0.000e+00	0.000e+00
145041.50	0.000e+00	0.000e+00	0.000e+00
145042.50	0.000e+00	0.000e+00	0.000e+00
145043.50	0.000e+00	0.000e+00	0.000e+00
145044.50	0.000e+00	0.000e+00	0.000e+00
145045.50	0.000e+00	0.000e+00	0.000e+00
145046.50	0.000e+00	0.000e+00	0.000e+00
145047.50	0.000e+00	0.000e+00	0.000e+00
145048.50	0.000e+00	0.000e+00	0.000e+00
145049.50	0.000e+00	0.000e+00	0.000e+00
145050.50	0.000e+00	0.000e+00	0.000e+00
145051.50	0.000e+00	0.000e+00	0.000e+00
145052.50	0.000e+00	0.000e+00	0.000e+00
145053.50	0.000e+00	0.000e+00	0.000e+00
145054.50	0.000e+00	0.000e+00	0.000e+00
145055.50	0.000e+00	0.000e+00	0.000e+00
145056.50	0.000e+00	0.000e+00	0.000e+00
145057.50	0.000e+00	0.000e+00	0.000e+00
145058.50	0.000e+00	0.000e+00	0.000e+00
145059.50	0.000e+00	0.000e+00	0.000e+00
145060.50	0.000e+00	0.000e+00	0.000e+00
145061.50	0.000e+00	0.000e+00	0.000e+00
145062.50	0.000e+00	0.000e+00	0.000e+00
145063.50	0.000e+00	0.000e+00	0.000e+00
145064.50	0.000e+00	0.000e+00	0.000e+00
145065.50	0.000e+00	0.000e+00	0.000e+00
145066.50	0.000e+00	0.000e+00	0.000e+00
145067.50	0.000e+00	0.000e+00	0.000e+00
145068.50	0.000e+00	0.000e+00	0.000e+00
145069.50	0.000e+00	0.000e+00	0.000e+00
145070.50	0.000e+00	0.000e+00	0.000e+00
145071.50	0.000e+00	0.000e+00	0.000e+00
145072.50	0.000e+00	0.000e+00	0.000e+00
145073.50	0.000e+00	0.000e+00	0.000e+00
145074.50	0.000e+00	0.000e+00	0.000e+00
145075.50	0.000e+00	0.000e+00	0.000e+00
145076.50	0.000e+00	0.000e+00	0.000e+00
145077.50	0.000e+00	0.000e+00	0.000e+00
145078.50	0.000e+00	0.000e+00	0.000e+00
145079.50	0.000e+00	0.000e+00	0.000e+00
145080.50	0.000e+00	0.000e+00	0.000e+00
145081.50	0.000e+00	0.000e+00	0.000e+00
145082.50	0.000e+00	0.000e+00	0.000e+00
145083.50	0.000e+00	0.000e+00	0.000e+00
145084.50	0.000e+00	0.000e+00	0.000e+00
145085.50	0.000e+00	0.000e+00	0.000e+00
145086.50	0.000e+00	0.000e+00	0.000e+00
145087.50	0.000e+00	0.000e+00	0.000e+00
145088.50	0.000e+00	0.000e+00	0.000e+00
145089.50	0.000e+00	0.000e+00	0.000e+00
145090.50	0.000e+00	0.000e+00	0.000e+00
145091.50	0.000e+00	0.000e+00	0.000e+00
145092.50	0.000e+00	0.000e+00	0.000e+00
145093.50	0.000e+00	0.000e+00	0.000e+00
145094.50	0.000e+00	0.000e+00	0.000e+00
145095.50	0.000e+00	0.000e+00	0.000e+00
145096.50	0.000e+00	0.000e+00	0.000e+00
145097.50	0.000e+00	0.000e+00	0.000e+00
145098.50	0.000e+00	0.000e+00	0.000e+00
145099.50	0.000e+00	0.000e+00	0.000e+00
145100.50	0.000e+00	0.000e+00	0.000e+00
145101.50	0.000e+00	0.000e+00	0.000e+00
145102.50	0.000e+00	0.000e+00	0.000e+00
145103.50	0.000e+00	0.000e+00	0.000e+00
145104.50	0.000e+00	0.000e+00	0.000e+00
145105.50	0.000e+00	0.000e+00	0.000e+00
145106.50	0.000e+00	0.000e+00	0.000e+00
145107.50	0.000e+00	0.000e+00	0.000e+00
145108.50	0.000e+00	0.000e+00	0.000e+00
145109.50	0.000e+00	0.000e+00	0.000e+00
145110.50	0.000e+00	0.000e+00	0.000e+00
145111.50	0.000e+00	0.000e+00	0.000e+00
145112.50	0.000e+00	0.000e+00	0.000e+00
145113.50	0.000e+00	0.000e+00	0.000e+00
145114.50	0.000e+00	0.000e+00	0.000e+00
145115.50	0.000e+00	0.000e+00	0.000e+00
145116.50	0.000e+00	0.000e+00	0.000e+00
145117.50	0.000e+00	0.000e+00	0.000e+00
145118.50	0.000e+00	0.000e+00	0.000e+00
145119.50	0.000e+00	0.000e+00	0.000e+00
145120.50	0.000e+00	0.000e+00	0.000e+00
145121.50	0.000e+00	0.000e+00	0.000e+00
145122.50	0.000e+00	0.000e+00	0.000e+00
145123.50	0.000e+00	0.000e+00	0.000e+00
145124.50	0.000e+00	0.000e+00	0.000e+00
145125.50	0.000e+00	0.000e+00	0.000e+00
145126.50	0.000e+00	0.000e+00	0.000e+00
145127.50	0.000e+00	0.000e+00	0.000e+00
145128.50	0.000e+00	0.000e+00	0.000e+00
145129.50	0.000e+00	0.000e+00	0.000e+00
145130.50	0.000e+00	0.000e+00	0.000e+00
145131.50	0.000e+00	0.000e+00	0.000e+00
145132.50	0.000e+00	0.000e+00	0.000e+00
145133.50	0.000e+00	0.000e+00	0.000e+00
145134.50	0.000e+00	0.000e+00	0.000e+00
145135.50	0.000e+00	0.000e+00	0.000e+00
145136.50	0.000e+00	0.000e+00	0.000e+00
145137.50	0.000e+00	0.000e+00	0.000e+00
145138.50	0.000e+00	0.000e+00	0.000e+00
145139.50	0.000e+00	0.000e+00	0.000e+00
145140.50	0.000e+00	0.000e+00	0.000e+00
145141.50	-7.987e-06	-1.181e-03	-1.171e-02
145142.50	1.642e-03	-2.093e-02	1.546e-01
145143.50	-9.600e-05	-1.901e-02	1.325e-02
145144.50	-1.046e-03	-8.832e-02	1.363e-02
145145.50	1.507e-03	1.171e-01	-5.357e-02
145146.50	1.162e-04	1.267e-02	9.197e-03
145147.50	-6.480e-05	-2.112e-03	-4.598e-03
145148.50	-5.280e-04	-2.477e-02	-1.565e-02
145149.50	8.314e-04	3.926e-02	1.882e-02
145150.50	-1.757e-03	-1.219e-01	3.850e-02
145151.50	-1.162e-03	3.168e-02	1.814e-01
145152.50	-1.354e-02	-1.152e+00	2.986e-01
145153.50	-2.410e-01	-1.709e+01	1.978e+00
145154.50	-5.318e+00	-3.850e+02	7.661e+01
145155.50	-1.882e+01	-1.363e+03	1.450e+02
145156.50	-3.514e+00	-2.582e+02	-5.194e+01
145157.50	3.024e+00	2.189e+02	-3.466e+01
145158.50	2.534e+00	1.805e+02	-1.267e+01
145159.50	2.054e+00	1.469e+02	-1.949e+01
145160.50	1.699e+00	1.219e+02	-8.938e+00
145161.50	1.459e+00	1.075e+02	-1.498e+01
145162.50	1.382e+00	1.018e+02	-1.354e+01
145163.50	1.200e+00	8.112e+01	3.523e+00
145164.50	9.984e-01	7.411e+01	-1.027e+01
145165.50	1.046e+00	7.315e+01	-2.909e+00
145166.50	8.582e-01	6.259e+01	-6.547e+00
145167.50	7.718e-01	5.741e+01	-7.344e+00
145168.50	7.670e-01	5.472e+01	-5.203e+00
145169.50	6.624e-01	4.646e+01	-1.699e-01
145170.50	6.365e-01	4.579e+01	-2.803e+00
145171.50	5.616e-01	3.850e+01	6.797e-01
145172.50	4.992e-01	3.782e+01	-7.680e+00
145173.50	4.579e-01	3.158e+01	-2.006e-01
145174.50	4.109e-01	3.178e+01	-4.118e+00
145175.50	3.590e-01	2.803e+01	-4.522e+00
145176.50	4.445e-01	3.014e+01	7.680e-01
145177.50	3.696e-01	2.669e+01	-1.642e+00
145178.50	3.610e-01	2.563e+01	-7.824e-01
145179.50	3.034e-01	2.170e+01	-1.248e+00
145180.50	2.458e-01	1.901e+01	-2.957e+00
145181.50	2.544e-01	1.843e+01	-3.667e-01
145182.50	2.371e-01	1.670e+01	-9.792e-01
145183.50	2.054e-01	1.574e+01	-1.555e+00
145184.50	2.112e-01	1.536e+01	6.182e-01
145185.50	1.930e-01	1.565e+01	-3.437e+00
145186.50	2.650e-01	1.661e+01	3.005e+00
145187.50	1.670e-01	1.248e+01	-5.722e-01
145188.50	1.920e-01	1.450e+01	-2.160e+00
145189.50	1.440e-01	1.018e+01	3.504e-02
145190.50	1.622e-01	1.267e+01	-2.794e+00
145191.50	1.536e-01	9.984e+00	1.978e+00
145192.50	1.296e-01	1.066e+01	-1.786e+00
145193.50	9.216e-02	7.190e+00	-6.394e-02
145194.50	1.219e-01	8.218e+00	9.014e-01
145195.50	8.630e-02	6.566e+00	-1.200e+00
145196.50	1.162e-01	8.650e+00	-1.296e+00
145197.50	1.056e-01	6.288e+00	1.805e+00
145198.50	8.227e-02	6.278e+00	-1.296e+00
145199.50	1.066e-01	7.795e+00	4.819e-03
145200.50	6.250e-02	5.309e+00	-8.122e-01
145201.50	7.987e-02	5.827e+00	5.424e-01
145202.50	9.082e-02	5.261e+00	1.421e+00
145203.50	6.557e-02	5.491e+00	-8.554e-01
145204.50	9.062e-02	5.693e+00	1.219e+00
145205.50	7.171e-02	5.770e+00	-1.142e+00
145206.50	6.778e-02	4.474e+00	3.168e-01
145207.50	4.666e-02	3.418e+00	-5.837e-01
145208.50	3.552e-02	3.773e+00	-1.987e-01
145209.50	6.182e-02	4.598e+00	-1.632e-01
145210.50	5.750e-02	3.581e+00	-1.440e-01
145211.50	5.059e-02	3.840e+00	9.254e-02
145212.50	4.637e-02	3.283e+00	6.106e-01
145213.50	3.379e-02	3.062e+00	-2.602e-01
145214.50	4.378e-02	3.619e+00	-7.296e-01
145215.50	2.909e-02	2.458e+00	-8.659e-01
145216.50	1.862e-02	2.227e+00	-4.829e-01
145217.50	2.890e-02	2.467e+00	-8.054e-01
145218.50	4.262e-02	3.658e+00	-5.414e-01
145219.50	3.610e-02	2.074e+00	2.995e-01
145220.50	4.214e-02	1.862e+00	6.298e-01
145221.50	4.666e-02	2.909e+00	-2.256e-01
145222.50	3.408e-02	1.891e+00	6.672e-01
145223.50	1.766e-02	1.354e+00	-6.538e-01
145224.50	3.034e-02	1.680e+00	2.333e-01
145225.50	2.966e-02	2.352e+00	1.814e-01
145226.50	2.035e-02	1.363e+00	-2.890e-01
145227.50	1.843e-02	1.594e+00	1.229e-01
145228.50	2.650e-02	1.718e+00	-2.870e-01
145229.50	1.430e-02	1.142e+00	-4.272e-01
145230.50	1.354e-02	1.565e+00	1.987e-02
145231.50	3.936e-02	1.690e+00	1.430e+00
145232.50	8.515e-03	1.104e+00	-1.594e-01
145233.50	6.029e-03	7.392e-01	-3.043e-01
145234.50	2.083e-02	1.786e+00	-6.538e-01
145235.50	1.824e-02	2.822e-01	1.181e+00
145236.50	-2.534e-03	5.712e-01	-4.598e-01
145237.50	6.077e-04	5.952e-01	-7.536e-01
145238.50	2.448e-02	1.363e+00	-3.917e-01
145239.50	2.275e-02	1.334e+00	-2.026e-01
145240.50	2.112e-02	1.987e+00	-3.523e-01
145241.50	-8.477e-03	4.080e-01	-3.485e-01
145242.50	2.112e-02	1.363e+00	1.286e-01
145243.50	4.685e-03	4.810e-01	-1.680e-01
145244.50	1.171e-03	7.277e-01	7.238e-01
145245.50	-5.549e-03	2.813e-01	-8.285e-01
145246.50	2.390e-02	1.296e+00	-4.301e-01
145247.50	5.088e-02	1.440e+00	1.142e+00
145248.50	-6.672e-03	-3.485e-01	-5.578e-01
145249.50	6.710e-03	7.238e-01	3.101e-02
145250.50	1.699e-02	1.123e+00	1.018e-01
145251.50	6.518e-03	3.955e-01	4.838e-02
145252.50	1.517e-02	8.918e-01	-5.059e-01
145253.50	6.134e-03	2.630e-01	1.382e-01
145254.50	1.027e-02	9.888e-01	2.304e-01
145255.50	-4.243e-03	-9.984e-03	-2.371e-01
145256.50	2.957e-03	4.896e-01	-5.155e-01
145257.50	1.718e-02	1.037e+00	6.029e-02
145258.50	2.640e-03	2.477e-01	2.064e-01
145259.50	-5.405e-03	-9.888e-02	-1.344e-01
145260.50	-5.146e-03	2.534e-01	-1.603e-02
145261.50	6.605e-03	1.142e-01	2.131e-01
145262.50	1.411e-02	1.046e+00	-3.475e-01
145263.50	-1.978e-05	5.347e-02	8.266e-02
145264.50	-8.966e-04	3.840e-01	-2.323e-01
145265.50	2.045e-02	9.427e-01	2.314e-01
145266.50	-6.538e-04	3.293e-01	6.336e-02
145267.50	-4.666e-03	2.909e-01	-3.312e-01
145268.50	-1.181e-02	2.256e-01	-5.117e-01
145269.50	1.219e-02	1.824e-01	9.984e-02
145270.50	7.747e-03	8.832e-02	-2.525e-01
145271.50	8.822e-03	3.821e-01	-4.608e-01
145272.50	-1.930e-03	3.946e-01	3.859e-01
145273.50	4.723e-03	5.338e-01	5.270e-01
145274.50	3.475e-03	7.536e-01	4.733e-02
145275.50	-4.522e-03	-7.613e-02	-1.450e-01
145276.50	-3.120e-02	-3.437e-01	-1.056e-01
145277.50	-1.536e-02	2.179e-01	-4.800e-01
145278.50	-9.446e-03	1.478e-01	2.016e-01
145279.50	1.574e-02	-1.690e-01	6.355e-02
145280.50	-2.515e-03	3.696e-01	-2.352e-01
145281.50	1.478e-02	1.661e-01	5.808e-01
145282.50	-7.882e-03	-1.190e-02	-1.786e-02
145283.50	4.915e-03	1.661e-02	-1.536e-01
145284.50	6.394e-03	5.722e-01	1.824e-01
145285.50	4.858e-03	3.398e-01	-4.618e-02
145286.50	8.323e-04	2.842e-01	-4.762e-01
145287.50	-2.160e-04	2.400e-01	-2.986e-01
145288.50	9.283e-04	-1.123e-03	-1.219e-01
145289.50	2.678e-02	2.179e-01	2.314e-01
145290.50	2.093e-02	1.939e-01	1.997e-02
145291.50	2.246e-03	-1.690e-01	4.810e-01
145292.50	-4.589e-03	2.765e-01	4.560e-01
145293.50	-2.016e-02	-6.326e-02	-4.061e-01
145294.50	-1.066e-03	-2.525e-01	1.190e-01
145295.50	7.786e-03	3.466e-01	3.542e-02
145296.50	1.670e-02	5.222e-01	2.342e-01
145297.50	1.315e-02	8.726e-02	-1.267e-01
145298.50	9.235e-03	2.794e-01	-9.600e-03
145299.50	-2.208e-03	2.803e-01	4.992e-02
145300.50	1.248e-02	2.976e-01	5.482e-01
145301.50	-4.522e-03	6.634e-02	-1.296e-01
145302.50	6.451e-04	2.227e-02	1.536e-01
145303.50	2.947e-03	3.562e-01	-1.392e-01
145304.50	4.080e-03	1.507e-01	6.979e-02
145305.50	-2.870e-03	3.715e-02	-2.246e-01
145306.50	-5.021e-03	-3.101e-02	-4.589e-01
145307.50	2.102e-04	-4.195e-02	-1.171e-01
145308.50	-1.469e-03	-2.256e-01	3.005e-01
145309.50	-2.794e-03	3.379e-02	8.688e-02
145310.50	1.651e-03	3.984e-02	1.603e-01
145311.50	5.146e-03	4.090e-01	-4.790e-01
145312.50	-6.902e-04	4.138e-02	1.114e-01
145313.50	-1.046e-02	-3.494e-01	-1.565e-01
145314.50	-5.856e-03	-1.670e-01	9.149e-02
145315.50	3.542e-04	1.910e-03	-5.155e-02
145316.50	8.035e-03	4.982e-01	-2.026e-01
145317.50	7.363e-03	2.611e-01	-6.480e-02
145318.50	-9.984e-03	-5.395e-02	2.909e-02
145319.50	2.707e-03	-1.094e-01	3.283e-01
145320.50	4.867e-03	4.032e-01	-1.373e-01
145321.50	1.373e-03	7.920e-02	1.296e-01
145322.50	-1.901e-03	3.437e-02	9.226e-02
145323.50	1.094e-03	2.410e-01	-8.563e-02
145324.50	6.595e-03	1.258e-01	-2.323e-01
145325.50	-2.822e-03	-2.371e-02	-1.258e-01
145326.50	-7.085e-04	-6.547e-02	-9.274e-02
145327.50	-8.083e-04	-1.248e-01	9.984e-02
145328.50	-9.696e-04	7.747e-02	2.563e-02
145329.50	-5.242e-03	9.101e-02	-1.709e-01
145330.50	7.795e-03	3.926e-01	2.765e-01
145331.50	-1.296e-04	1.824e-01	-1.738e-01
145332.50	3.398e-03	-2.237e-03	1.978e-01
145333.50	3.168e-03	1.440e-01	5.962e-02
145334.50	1.018e-03	1.594e-01	-1.699e-01
145335.50	-2.438e-03	-1.334e-01	-5.136e-02
145336.50	-1.037e-03	1.142e-01	-2.534e-02
145337.50	4.656e-03	-3.754e-02	1.517e-01
145338.50	-5.386e-04	-4.627e-02	2.074e-01
145339.50	5.251e-03	6.115e-02	9.696e-02
145340.50	-4.973e-04	-5.645e-02	-9.600e-02
145341.50	5.731e-03	1.421e-01	-8.122e-02
145342.50	-2.995e-02	-2.093e-01	-1.834e-01
145343.50	2.957e-03	2.160e-01	2.534e-01
145344.50	-1.114e-03	-9.696e-02	1.680e-01
145345.50	-1.536e-04	-1.334e-01	-1.238e-01
145346.50	1.488e-03	1.776e-02	8.275e-02
145347.50	3.725e-03	7.901e-04	1.027e-01
145348.50	2.390e-03	2.822e-01	-1.872e-02
145349.50	1.891e-04	9.408e-02	-1.162e-01
145350.50	-2.803e-03	-2.832e-01	1.334e-01
145351.50	-1.546e-03	7.421e-02	3.581e-01
145352.50	6.922e-04	2.304e-02	-7.805e-03
145353.50	-6.710e-04	-6.374e-02	1.834e-02
145354.50	-7.661e-03	-6.480e-02	-2.880e-01
145355.50	-3.830e-03	6.749e-02	5.376e-02
145356.50	7.066e-03	3.456e-01	1.517e-01
145357.50	9.888e-03	2.390e-01	-5.702e-02
145358.50	-6.192e-03	-6.586e-02	-3.149e-01
145359.50	2.035e-03	6.730e-02	2.611e-01
145360.50	-6.192e-03	-1.248e-01	6.672e-02
145361.50	-2.208e-03	3.245e-02	-7.258e-02
145362.50	8.563e-03	3.274e-01	-5.914e-02
145363.50	3.504e-03	-6.835e-02	1.622e-01
145364.50	-2.822e-03	8.678e-02	-1.795e-01
145365.50	2.045e-03	1.229e-03	1.229e-01
145366.50	-1.517e-03	-6.806e-02	-2.141e-02
145367.50	4.157e-03	1.997e-01	-8.016e-03
145368.50	-1.651e-02	-1.718e-01	-1.469e-01
145369.50	3.379e-03	1.795e-01	-3.715e-02
145370.50	-2.870e-04	-1.200e-01	1.910e-01
145371.50	1.766e-03	1.718e-01	6.250e-02
145372.50	3.773e-03	6.586e-02	3.869e-02
145373.50	-9.888e-04	-7.392e-02	-8.698e-02
145374.50	-2.410e-03	1.181e-01	-2.237e-01
145375.50	-6.422e-03	-1.997e-01	1.219e-01
145376.50	3.082e-03	-5.088e-02	-1.526e-01
145377.50	-4.675e-04	-9.456e-02	-2.227e-01
145378.50	5.712e-03	1.690e-01	1.354e-01
145379.50	-8.429e-03	-1.354e-01	1.738e-02
145380.50	1.555e-03	-2.669e-02	7.699e-02
145381.50	1.162e-04	-7.843e-02	-3.091e-02
145382.50	2.726e-03	-5.827e-02	2.774e-02
145383.50	-6.000e-03	-9.216e-02	4.147e-02
145384.50	-2.736e-03	2.438e-02	-8.256e-02
145385.50	-1.450e-03	-7.229e-02	1.306e-02
145386.50	1.766e-03	1.891e-02	3.427e-03
145387.50	-2.342e-03	7.574e-02	-6.413e-02
145388.50	5.069e-03	1.526e-01	5.136e-02
145389.50	5.462e-03	2.515e-03	1.574e-01
145390.50	-3.629e-03	-2.717e-02	-1.882e-01
145391.50	1.354e-03	3.802e-02	1.555e-01
145392.50	1.018e-02	9.053e-02	8.496e-02
145393.50	-4.915e-03	2.285e-03	-1.507e-01
145394.50	2.227e-03	2.765e-02	1.469e-01
145395.50	-1.555e-03	3.994e-02	-6.384e-02
145396.50	2.189e-02	2.582e-01	-1.296e-01
145397.50	6.701e-04	-1.795e-01	-2.246e-02
145398.50	-2.362e-03	1.027e-01	-6.173e-02
145399.50	5.117e-03	1.142e-01	1.574e-01
145400.50	2.832e-03	1.469e-01	-3.648e-02
145401.50	1.526e-03	7.958e-02	-4.118e-02
145402.50	-5.818e-04	-4.205e-02	1.690e-01
145403.50	-4.090e-03	-2.554e-02	-1.930e-01
145404.50	-1.882e-03	-1.555e-01	-9.427e-02
145405.50	7.027e-04	5.990e-02	5.856e-03
145406.50	-9.888e-03	-1.027e-01	3.302e-02
145407.50	-1.555e-03	7.008e-02	5.635e-02
145408.50	-3.763e-03	-6.970e-02	-9.581e-02
145409.50	-5.587e-04	-7.872e-02	-1.123e-01
145410.50	-2.035e-04	-1.622e-01	1.987e-02
145411.50	8.362e-03	1.075e-01	9.792e-02
145412.50	7.229e-03	1.738e-01	6.221e-02
145413.50	-2.822e-03	-8.054e-03	-5.856e-02
145414.50	2.698e-03	6.509e-02	6.730e-02
145415.50	-4.387e-03	3.494e-02	-1.814e-01
145416.50	3.398e-03	-7.258e-02	-1.190e-01
145417.50	-3.850e-03	-1.315e-01	-3.130e-02
145418.50	4.666e-03	1.690e-01	1.834e-01
145419.50	-2.054e-03	-7.786e-02	2.093e-01
145420.50	-8.851e-03	-1.786e-01	-7.795e-02
145421.50	2.035e-03	4.982e-02	-1.776e-02
145422.50	3.120e-03	-6.288e-02	-7.181e-02
145423.50	-5.827e-04	1.075e-01	-6.182e-02
145424.50	-3.216e-03	-4.080e-02	4.579e-02
145425.50	-4.003e-03	-2.544e-01	-2.102e-01
145426.50	-1.018e-03	3.168e-03	-9.984e-02
145427.50	3.418e-03	2.054e-01	1.008e-01
145428.50	2.794e-03	2.256e-02	7.978e-02
145429.50	-4.090e-03	1.478e-02	1.123e-01
145430.50	-1.450e-03	-2.054e-02	-3.494e-01
145431.50	-1.018e-02	-6.250e-02	2.362e-02
145432.50	-9.158e-03	-1.306e-02	1.402e-01
145433.50	3.965e-04	3.005e-02	4.618e-02
145434.50	-3.542e-03	1.891e-02	2.909e-02
145435.50	5.674e-04	4.598e-02	9.600e-02
145436.50	5.002e-03	-2.448e-03	-1.613e-01
145437.50	3.331e-03	8.496e-02	-4.512e-02
145438.50	1.872e-03	1.910e-01	1.891e-01
145439.50	-4.838e-03	-1.085e-01	1.133e-01
145440.50	-5.539e-03	3.773e-02	2.352e-02
145441.50	7.066e-03	-9.110e-04	-1.757e-01
145442.50	2.074e-03	2.016e-01	-5.443e-02
145443.50	2.400e-03	4.934e-03	-3.446e-02
145444.50	4.982e-03	5.040e-02	4.013e-02
145445.50	9.264e-03	5.702e-02	1.104e-01
145446.50	6.038e-03	2.150e-02	1.872e-02
145447.50	-8.822e-03	-9.158e-04	2.189e-01
145448.50	9.226e-03	1.258e-01	-1.910e-01
145449.50	-1.747e-03	5.357e-02	-4.608e-02
145450.50	-2.909e-03	-2.554e-02	-3.734e-02
145451.50	-5.472e-03	-2.227e-01	-1.162e-01
145452.50	-5.798e-05	-6.202e-02	6.701e-02
145453.50	1.210e-02	5.366e-02	2.467e-02
145454.50	-2.630e-02	-1.133e-01	-1.200e-02
145455.50	7.498e-03	3.869e-02	-4.598e-03
145456.50	-1.795e-02	-1.459e-02	1.450e-01
145457.50	8.736e-03	3.302e-02	-4.061e-02
145458.50	4.714e-03	3.581e-02	8.410e-02
145459.50	4.493e-04	5.731e-02	1.728e-02
145460.50	-1.517e-03	6.557e-02	-1.229e-01
145461.50	5.290e-03	1.142e-01	-1.584e-02
145462.50	2.928e-03	3.725e-02	7.267e-02
145463.50	-2.861e-03	-9.082e-02	-1.104e-01
145464.50	1.210e-02	-3.206e-02	-1.440e-02
145465.50	-7.018e-03	8.659e-02	-1.517e-01
145466.50	-5.117e-03	-1.037e-01	7.392e-02
145467.50	1.526e-03	6.038e-02	-4.358e-02
145468.50	-3.446e-03	-2.458e-01	-1.267e-01
145469.50	2.880e-03	5.539e-02	-1.229e-01
145470.50	-5.597e-03	3.552e-02	-1.219e-02
145471.50	6.576e-04	-9.984e-02	6.240e-02
145472.50	1.776e-04	-4.406e-02	5.424e-03
145473.50	-2.314e-03	-2.861e-02	1.776e-02
145474.50	1.267e-03	9.600e-02	3.437e-02
145475.50	-2.554e-03	-1.786e-02	8.218e-02
145476.50	2.851e-02	1.517e-02	5.098e-02
145477.50	7.498e-03	-1.459e-02	3.370e-03
145478.50	2.333e-05	-6.528e-02	1.094e-01
145479.50	-2.822e-03	-1.757e-01	2.458e-02
145480.50	2.899e-03	2.170e-01	-4.013e-02
145481.50	-4.454e-03	-8.170e-02	-8.525e-02
145482.50	2.189e-03	1.066e-01	6.874e-02
145483.50	1.392e-03	2.227e-02	-6.451e-02
145484.50	4.704e-05	1.382e-01	-2.074e-02
145485.50	-3.110e-03	7.661e-03	-1.382e-01
145486.50	9.696e-04	-4.570e-02	-1.738e-02
145487.50	1.949e-03	-5.731e-02	2.429e-02
145488.50	1.910e-03	1.450e-01	1.325e-01
145489.50	-2.342e-03	-5.683e-02	8.054e-03
145490.50	8.064e-04	-2.669e-03	1.526e-02
145491.50	2.170e-03	6.643e-02	-3.418e-02
145492.50	1.027e-02	-1.104e-01	1.488e-01
145493.50	6.346e-03	1.027e-02	-8.448e-02
145494.50	-4.589e-03	-3.590e-02	-1.440e-01
145495.50	-4.118e-03	-3.725e-02	-4.042e-02
145496.50	-3.062e-03	-4.925e-02	-1.843e-02
145497.50	1.200e-03	7.037e-02	4.819e-02
145498.50	-1.123e-04	2.534e-02	-3.811e-02
145499.50	-9.283e-04	2.438e-02	-7.776e-03
145500.50	-2.218e-03	5.126e-02	3.475e-02
145501.50	-1.171e-03	-3.648e-02	6.000e-02
145502.50	6.058e-04	-1.536e-02	1.747e-03
145503.50	-3.830e-04	1.104e-02	-1.325e-02
145504.50	-1.027e-03	2.141e-02	-3.638e-02
145505.50	2.419e-04	5.501e-02	-1.526e-01
145506.50	-2.275e-03	-1.267e-03	1.008e-01
145507.50	-9.072e-04	-7.786e-02	-3.859e-02
145508.50	1.901e-03	-5.674e-02	-5.501e-02
145509.50	3.821e-03	1.171e-01	9.888e-02
145510.50	4.790e-04	-1.286e-02	-1.872e-02
145511.50	-2.371e-03	3.350e-03	-5.414e-03
145512.50	4.166e-03	2.957e-02	7.066e-02
145513.50	2.266e-04	-2.189e-03	3.331e-02
145514.50	-3.811e-03	-7.258e-03	3.946e-03
145515.50	-1.488e-03	4.138e-02	6.989e-02
145516.50	-6.557e-03	-9.888e-02	4.022e-02
145517.50	-1.373e-03	3.245e-02	-6.403e-03
145518.50	5.232e-04	-6.778e-02	5.693e-02
145519.50	-1.123e-03	-2.746e-02	1.910e-02
145520.50	-6.586e-04	-3.581e-03	-5.981e-03
145521.50	9.091e-04	2.170e-03	8.179e-03
145522.50	1.776e-03	-9.888e-03	-1.949e-02
145523.50	2.150e-04	-6.710e-03	-5.136e-02
145524.50	4.694e-04	2.515e-04	-4.224e-02
145525.50	4.666e-04	-2.381e-02	-2.333e-02
145526.50	-8.525e-04	-1.834e-02	-4.925e-03
145527.50	7.382e-04	-7.306e-02	-4.358e-02
145528.50	4.272e-04	-7.613e-02	3.168e-02
145529.50	-8.371e-04	-5.443e-02	-1.776e-02
145530.50	1.968e-03	5.165e-02	1.075e-01
145531.50	2.986e-04	-1.354e-02	2.006e-02
145532.50	1.171e-03	-1.123e-02	1.373e-02
145533.50	4.234e-03	-2.592e-02	-1.286e-02
145534.50	-6.710e-04	-6.547e-02	-5.386e-02
145535.50	5.731e-04	6.826e-02	9.005e-04
145536.50	1.190e-03	1.085e-01	1.939e-02
145537.50	-4.771e-03	6.845e-03	1.219e-02
145538.50	-5.395e-03	-5.808e-02	-7.680e-03
145539.50	-2.285e-03	2.534e-02	-5.942e-02
145540.50	3.235e-03	1.334e-02	7.421e-02
145541.50	4.118e-04	4.435e-02	4.032e-02
145542.50	4.560e-03	1.574e-01	-9.696e-02
145543.50	4.214e-03	4.253e-02	1.306e-02
145544.50	1.949e-03	2.035e-02	-9.696e-03
145545.50	2.832e-04	-1.315e-02	7.939e-02
145546.50	1.450e-03	-9.178e-02	-7.171e-03
145547.50	-1.757e-03	-7.027e-02	-3.139e-02
145548.50	2.419e-03	1.795e-02	4.925e-02
145549.50	-2.870e-03	9.216e-02	-2.928e-02
145550.50	-1.190e-04	5.558e-02	-1.027e-01
145551.50	-1.824e-04	5.376e-03	1.603e-02
145552.50	-4.464e-03	-1.018e-01	-1.814e-02
145553.50	-4.061e-03	4.320e-02	-8.275e-03
145554.50	-2.602e-03	3.946e-02	4.810e-02
145555.50	-3.110e-03	1.478e-03	-1.334e-01
145556.50	-4.570e-03	6.278e-02	-3.034e-02
145557.50	4.195e-03	5.069e-02	1.670e-01
145558.50	-1.901e-05	-1.325e-02	-3.302e-02
145559.50	-6.038e-04	-4.042e-02	6.038e-02
145560.50	-2.650e-03	-1.536e-02	-6.298e-02
145561.50	-1.766e-03	-4.454e-02	3.331e-02
145562.50	-1.037e-03	-3.840e-02	-1.056e-02
145563.50	-2.006e-03	-2.966e-02	5.434e-02
145564.50	-3.869e-03	-4.214e-02	-1.075e-01
145565.50	-1.891e-03	1.104e-02	-4.790e-02
145566.50	2.054e-03	-2.506e-03	-1.210e-03
145567.50	1.622e-04	-1.421e-02	4.234e-02
145568.50	-5.050e-04	-2.746e-02	5.606e-02
145569.50	-3.110e-03	-6.739e-02	-4.742e-02
145570.50	-2.189e-03	-1.411e-02	2.966e-02
145571.50	4.762e-04	-1.344e-02	-6.778e-03
145572.50	-2.419e-03	-3.110e-03	-3.274e-02
145573.50	9.110e-04	-2.822e-02	6.355e-02
145574.50	-1.709e-04	-5.318e-02	5.002e-02
145575.50	3.034e-03	4.445e-02	-2.794e-03
145576.50	3.283e-03	9.101e-02	-2.861e-03
145577.50	-1.910e-03	-1.008e-02	7.776e-04
145578.50	1.200e-03	8.419e-05	-2.438e-03
145579.50	-1.229e-03	-3.734e-02	-5.510e-02
145580.50	2.746e-05	-3.994e-02	-1.757e-02
145581.50	5.942e-04	9.398e-03	4.896e-02
145582.50	-8.515e-04	4.435e-02	-7.584e-02
145583.50	1.651e-03	8.698e-02	3.437e-02
145584.50	-3.571e-03	-1.046e-02	1.603e-02
145585.50	-4.829e-03	-5.126e-02	-2.122e-02
145586.50	1.603e-03	2.736e-02	8.304e-03
145587.50	2.102e-03	3.043e-02	-8.832e-03
145588.50	1.949e-03	-1.651e-03	-3.091e-02
145589.50	3.734e-03	-4.358e-02	2.045e-02
145590.50	4.051e-03	-1.488e-02	1.680e-02
145591.50	-1.680e-03	4.829e-02	-6.576e-03
145592.50	-4.493e-03	6.125e-02	3.965e-03
145593.50	1.382e-03	6.029e-02	-5.962e-02
145594.50	-2.179e-03	-4.474e-02	-7.286e-02
145595.50	-2.189e-03	-1.382e-01	7.613e-03
145596.50	3.245e-04	-4.896e-02	-2.083e-02
145597.50	9.984e-04	7.968e-03	1.834e-02
145598.50	1.219e-03	-3.590e-03	-2.822e-02
145599.50	3.571e-03	-1.152e-02	1.046e-01
145600.50	-1.699e-03	1.478e-02	1.632e-02
145601.50	-9.600e-04	1.776e-02	5.971e-02
