145003.50	0.000e+00	0.000e+00	0.000e+00
145004.50	0.000e+00	0.000e+00	0.000e+00
145005.50	0.000e+00	0.000e+00	0.000e+00
145006.50	0.000e+00	0.000e+00	0.000e+00
145007.50	0.000e+00	0.000e+00	0.000e+00
145008.50	0.000e+00	0.000e+00	0.000e+00
145009.50	0.000e+00	0.000e+00	0.000e+00
145010.50	0.000e+00	0.000e+00	0.000e+00
145011.50	0.000e+00	0.000e+00	0.000e+00
145012.50	0.000e+00	0.000e+00	0.000e+00
145013.50	0.000e+00	0.000e+00	0.000e+00
145014.50	0.000e+00	0.000e+00	0.000e+00
145015.50	0.000e+00	0.000e+00	0.000e+00
145016.50	0.000e+00	0.000e+00	0.000e+00
145017.50	0.000e+00	0.000e+00	0.000e+00
145018.50	0.000e+00	0.000e+00	0.000e+00
145019.50	0.000e+00	0.000e+00	0.000e+00
145020.50	0.000e+00	0.000e+00	0.000e+00
145021.50	0.000e+00	0.000e+00	0.000e+00
145022.50	0.000e+00	0.000e+00	0.000e+00
145023.50	0.000e+00	0.000e+00	0.000e+00
145024.50	0.000e+00	0.000e+00	0.000e+00
145025.50	0.000e+00	0.000e+00	0.000e+00
145026.50	0.000e+00	0.000e+00	0.000e+00
145027.50	0.000e+00	0.000e+00	0.000e+00
145028.50	0.000e+00	0.000e+00	0.000e+00
145029.50	0.000e+00	0.000e+00	0.000e+00
145030.50	0.000e+00	0.000e+00	0.000e+00
145031.50	0.000e+00	0.000e+00	0.000e+00
145032.50	0.000e+00	0.000e+00	0.000e+00
145033.50	0.000e+00	0.000e+00	0.000e+00
145034.50	0.000e+00	0.000e+00	0.000e+00
145035.50	0.000e+00	0.000e+00	0.000e+00
145036.50	0.000e+00	0.000e+00	0.000e+00
145037.50	0.000e+00	0.000e+00	0.000e+00
145038.50	0.000e+00	0.000e+00	0.000e+00
145039.50	0.000e+00	0.000e+00	0.000e+00
145040.50	0.000e+00	0.000e+00	0.000e+00
145041.50	0.000e+00	0.000e+00	0.000e+00
145042.50	0.000e+00	0.000e+00	0.000e+00
145043.50	0.000e+00	0.000e+00	0.000e+00
145044.50	0.000e+00	0.000e+00	0.000e+00
145045.50	0.000e+00	0.000e+00	0.000e+00
145046.50	0.000e+00	0.000e+00	0.000e+00
145047.50	0.000e+00	0.000e+00	0.000e+00
145048.50	0.000e+00	0.000e+00	0.000e+00
145049.50	0.000e+00	0.000e+00	0.000e+00
145050.50	0.000e+00	0.000e+00	0.000e+00
145051.50	0.000e+00	0.000e+00	0.000e+00
145052.50	0.000e+00	0.000e+00	0.000e+00
145053.50	0.000e+00	0.000e+00	0.000e+00
145054.50	0.000e+00	0.000e+00	0.000e+00
145055.50	0.000e+00	0.000e+00	0.000e+00
145056.50	0.000e+00	0.000e+00	0.000e+00
145057.50	0.000e+00	0.000e+00	0.000e+00
145058.50	0.000e+00	0.000e+00	0.000e+00
145059.50	0.000e+00	0.000e+00	0.000e+00
145060.50	0.000e+00	0.000e+00	0.000e+00
145061.50	0.000e+00	0.000e+00	0.000e+00
145062.50	0.000e+00	0.000e+00	0.000e+00
145063.50	0.000e+00	0.000e+00	0.000e+00
145064.50	0.000e+00	0.000e+00	0.000e+00
145065.50	0.000e+00	0.000e+00	0.000e+00
145066.50	0.000e+00	0.000e+00	0.000e+00
145067.50	0.000e+00	0.000e+00	0.000e+00
145068.50	0.000e+00	0.000e+00	0.000e+00
145069.50	0.000e+00	0.000e+00	0.000e+00
145070.50	0.000e+00	0.000e+00	0.000e+00
145071.50	0.000e+00	0.000e+00	0.000e+00
145072.50	0.000e+00	0.000e+00	0.000e+00
145073.50	0.000e+00	0.000e+00	0.000e+00
145074.50	0.000e+00	0.000e+00	0.000e+00
145075.50	0.000e+00	0.000e+00	0.000e+00
145076.50	0.000e+00	0.000e+00	0.000e+00
145077.50	0.000e+00	0.000e+00	0.000e+00
145078.50	0.000e+00	0.000e+00	0.000e+00
145079.50	0.000e+00	0.000e+00	0.000e+00
145080.50	0.000e+00	0.000e+00	0.000e+00
145081.50	0.000e+00	0.000e+00	0.000e+00
145082.50	0.000e+00	0.000e+00	0.000e+00
145083.50	0.000e+00	0.000e+00	0.000e+00
145084.50	0.000e+00	0.000e+00	0.000e+00
145085.50	0.000e+00	0.000e+00	0.000e+00
145086.50	0.000e+00	0.000e+00	0.000e+00
145087.50	0.000e+00	0.000e+00	0.000e+00
145088.50	0.000e+00	0.000e+00	0.000e+00
145089.50	0.000e+00	0.000e+00	0.000e+00
145090.50	0.000e+00	0.000e+00	0.000e+00
145091.50	0.000e+00	0.000e+00	0.000e+00
145092.50	0.000e+00	0.000e+00	0.000e+00
145093.50	0.000e+00	0.000e+00	0.000e+00
145094.50	0.000e+00	0.000e+00	0.000e+00
145095.50	0.000e+00	0.000e+00	0.000e+00
145096.50	0.000e+00	0.000e+00	0.000e+00
145097.50	0.000e+00	0.000e+00	0.000e+00
145098.50	0.000e+00	0.000e+00	0.000e+00
145099.50	0.000e+00	0.000e+00	0.000e+00
145100.50	0.000e+00	0.000e+00	0.000e+00
145101.50	0.000e+00	0.000e+00	0.000e+00
145102.50	0.000e+00	0.000e+00	0.000e+00
145103.50	0.000e+00	0.000e+00	0.000e+00
145104.50	0.000e+00	0.000e+00	0.000e+00
145105.50	0.000e+00	0.000e+00	0.000e+00
145106.50	0.000e+00	0.000e+00	0.000e+00
145107.50	0.000e+00	0.000e+00	0.000e+00
145108.50	0.000e+00	0.000e+00	0.000e+00
145109.50	0.000e+00	0.000e+00	0.000e+00
145110.50	0.000e+00	0.000e+00	0.000e+00
145111.50	0.000e+00	0.000e+00	0.000e+00
145112.50	0.000e+00	0.000e+00	0.000e+00
145113.50	0.000e+00	0.000e+00	0.000e+00
145114.50	0.000e+00	0.000e+00	0.000e+00
145115.50	0.000e+00	0.000e+00	0.000e+00
145116.50	0.000e+00	0.000e+00	0.000e+00
145117.50	0.000e+00	0.000e+00	0.000e+00
145118.50	0.000e+00	0.000e+00	0.000e+00
145119.50	0.000e+00	0.000e+00	0.000e+00
145120.50	0.000e+00	0.000e+00	0.000e+00
145121.50	0.000e+00	0.000e+00	0.000e+00
145122.50	0.000e+00	0.000e+00	0.000e+00
145123.50	0.000e+00	0.000e+00	0.000e+00
145124.50	0.000e+00	0.000e+00	0.000e+00
145125.50	0.000e+00	0.000e+00	0.000e+00
145126.50	0.000e+00	0.000e+00	0.000e+00
145127.50	0.000e+00	0.000e+00	0.000e+00
145128.50	0.000e+00	0.000e+00	0.000e+00
145129.50	0.000e+00	0.000e+00	0.000e+00
145130.50	0.000e+00	0.000e+00	0.000e+00
145131.50	-4.858e-04	-3.475e-03	-1.862e-02
145132.50	5.405e-04	1.440e-03	1.882e-02
145133.50	-7.862e-05	3.264e-03	-7.219e-04
145134.50	5.357e-05	-2.237e-03	-5.760e-04
145135.50	9.254e-06	-4.224e-04	-4.752e-04
145136.50	7.546e-06	-2.477e-04	2.698e-04
145137.50	-2.707e-06	1.258e-04	1.776e-05
145138.50	-6.758e-06	2.813e-04	-3.869e-04
145139.50	-2.602e-06	2.045e-04	-1.018e-04
145140.50	-1.584e-05	9.158e-04	1.229e-03
145141.50	-4.906e-07	-8.621e-04	-1.968e-03
145142.50	8.054e-04	-5.395e-02	1.238e-03
145143.50	-1.843e-04	-2.170e-02	-2.784e-02
145144.50	-2.515e-03	1.296e-01	-3.341e-02
145145.50	3.149e-03	-8.630e-02	9.888e-02
145146.50	-4.618e-04	1.114e-02	-1.834e-02
145147.50	-6.970e-06	5.539e-03	8.880e-03
145148.50	7.075e-04	-2.419e-02	1.306e-02
145149.50	2.486e-04	-5.923e-02	-1.210e-02
145150.50	-7.238e-05	-2.122e-02	2.496e-02
145151.50	1.930e-03	-1.450e-01	5.059e-03
145152.50	2.122e-02	-1.277e+00	5.770e-02
145153.50	3.264e-01	-2.064e+01	1.747e+00
145154.50	6.672e+00	-4.387e+02	-6.797e+00
145155.50	2.429e+01	-1.594e+03	1.526e+02
145156.50	4.435e+00	-3.053e+02	5.174e+01
145157.50	-4.310e+00	2.938e+02	-4.637e+01
145158.50	-3.101e+00	2.198e+02	-1.594e+01
145159.50	-2.419e+00	1.603e+02	-2.573e+01
145160.50	-2.083e+00	1.430e+02	-8.554e+00
145161.50	-1.872e+00	1.248e+02	-1.229e+01
145162.50	-1.728e+00	1.181e+02	-8.362e+00
145163.50	-1.430e+00	9.571e+01	-9.062e+00
145164.50	-1.238e+00	8.477e+01	-3.734e+00
145165.50	-1.286e+00	8.419e+01	-7.334e+00
145166.50	-1.027e+00	6.950e+01	-3.859e+00
145167.50	-1.027e+00	6.778e+01	-4.186e+00
145168.50	-8.794e-01	5.597e+01	-7.152e+00
145169.50	-8.333e-01	5.386e+01	-7.210e+00
145170.50	-7.709e-01	5.174e+01	-1.872e-01
145171.50	-7.651e-01	4.829e+01	-6.298e+00
145172.50	-6.624e-01	4.272e+01	-3.792e+00
145173.50	-5.683e-01	3.898e+01	4.502e-01
145174.50	-5.472e-01	3.562e+01	-2.429e+00
145175.50	-4.973e-01	3.216e+01	-2.064e+00
145176.50	-3.984e-01	2.659e+01	-1.478e+00
145177.50	-4.829e-01	3.120e+01	-2.755e+00
145178.50	-4.483e-01	2.832e+01	-1.565e+00
145179.50	-4.118e-01	2.659e+01	-5.376e-02
145180.50	-3.629e-01	2.429e+01	1.219e+00
145181.50	-3.562e-01	2.246e+01	-4.147e+00
145182.50	-2.822e-01	1.862e+01	-5.405e-01
145183.50	-3.014e-01	1.805e+01	-2.707e+00
145184.50	-3.014e-01	1.776e+01	-3.773e+00
145185.50	-2.333e-01	1.478e+01	-6.134e-01
145186.50	-2.534e-01	1.661e+01	-1.325e-01
145187.50	-2.141e-01	1.421e+01	5.011e-01
145188.50	-2.035e-01	1.238e+01	-1.085e+00
145189.50	-1.786e-01	1.152e+01	1.133e+00
145190.50	-1.920e-01	1.238e+01	-6.595e-01
145191.50	-1.853e-01	1.181e+01	-1.853e+00
145192.50	-1.920e-01	1.306e+01	8.698e-01
145193.50	-1.958e-01	1.114e+01	-1.488e+00
145194.50	-1.517e-01	9.561e+00	1.248e-01
145195.50	-1.354e-01	8.016e+00	-4.512e-01
145196.50	-1.296e-01	8.275e+00	1.085e-03
145197.50	-1.344e-01	9.370e+00	6.902e-01
145198.50	-1.162e-01	7.862e+00	7.584e-01
145199.50	-1.325e-01	7.526e+00	-9.302e-01
145200.50	-9.034e-02	6.605e+00	9.552e-01
145201.50	-1.008e-01	6.720e+00	7.738e-01
145202.50	-1.392e-01	8.275e+00	-4.262e-01
145203.50	-8.285e-02	5.021e+00	-1.690e+00
145204.50	-7.642e-02	4.896e+00	-7.411e-02
145205.50	-4.474e-02	3.437e+00	-7.949e-02
145206.50	-8.525e-02	5.770e+00	-2.054e-01
145207.50	-9.293e-02	5.645e+00	6.739e-01
145208.50	-9.178e-02	5.040e+00	-7.267e-01
145209.50	-6.509e-02	4.282e+00	-4.704e-01
145210.50	-5.386e-02	3.955e+00	5.894e-01
145211.50	-8.966e-02	5.107e+00	1.872e-01
145212.50	-5.309e-02	3.053e+00	-8.160e-01
145213.50	-4.157e-02	2.371e+00	-4.522e-02
145214.50	-5.021e-02	3.091e+00	3.562e-01
145215.50	-5.904e-02	3.773e+00	1.248e-01
145216.50	-6.134e-02	3.782e+00	-7.277e-01
145217.50	-5.242e-02	3.158e+00	-3.168e-01
145218.50	-3.264e-02	1.939e+00	-9.226e-01
145219.50	-4.234e-02	2.707e+00	1.661e-01
145220.50	-3.821e-02	2.592e+00	5.414e-01
145221.50	-4.195e-02	2.218e+00	2.534e-01
145222.50	-5.136e-02	3.187e+00	-5.789e-01
145223.50	-3.245e-02	2.150e+00	1.814e-01
145224.50	-5.117e-02	3.139e+00	-6.173e-01
145225.50	-1.363e-02	1.104e+00	3.542e-01
145226.50	-5.165e-02	2.333e+00	-6.758e-01
145227.50	-3.398e-02	1.738e+00	6.394e-01
145228.50	-2.726e-02	1.565e+00	2.832e-01
145229.50	-2.976e-02	1.805e+00	-2.621e-01
145230.50	-2.285e-02	1.238e+00	-4.694e-02
145231.50	-3.475e-02	1.997e+00	-1.882e-01
145232.50	-2.170e-02	1.085e+00	-5.098e-01
145233.50	-1.565e-02	1.027e+00	-1.094e-01
145234.50	-4.291e-02	1.661e+00	-8.410e-01
145235.50	-1.632e-02	1.142e+00	3.734e-01
145236.50	-2.563e-02	1.402e+00	-2.899e-01
145237.50	-1.421e-02	9.283e-01	1.075e-01
145238.50	5.837e-03	1.382e+00	1.066e-01
145239.50	-1.939e-02	1.114e+00	-1.642e-01
145240.50	-4.138e-02	8.659e-01	-2.026e-01
145241.50	-2.448e-02	8.986e-01	-5.462e-01
145242.50	-1.392e-02	5.875e-01	-5.328e-01
145243.50	-3.082e-02	1.651e+00	-1.536e-01
145244.50	-1.190e-02	1.123e+00	-1.805e-01
145245.50	-2.966e-02	1.286e+00	-1.450e-02
145246.50	-4.493e-03	4.762e-01	3.936e-01
145247.50	-2.112e-02	8.851e-01	-2.909e-01
145248.50	-2.506e-02	1.286e+00	1.997e-02
145249.50	-1.248e-02	9.792e-01	3.254e-01
145250.50	-8.736e-03	7.421e-01	4.666e-01
145251.50	-1.123e-02	3.446e-01	-1.843e-01
145252.50	-1.277e-02	1.901e-01	-1.056e+00
145253.50	-4.205e-03	6.998e-01	1.507e-01
145254.50	-7.258e-03	1.603e-01	-2.477e-01
145255.50	-1.258e-02	5.386e-01	2.938e-02
145256.50	-1.968e-02	4.858e-01	-3.341e-02
145257.50	-9.456e-03	8.054e-01	-1.603e-01
145258.50	-1.277e-02	8.544e-01	-3.466e-03
145259.50	2.678e-03	-2.054e-01	3.091e-01
145260.50	-9.158e-03	4.550e-01	-2.621e-01
145261.50	-2.131e-02	1.325e+00	-3.821e-02
145262.50	-6.384e-03	3.043e-01	-5.827e-02
145263.50	-2.074e-02	8.294e-01	-4.339e-01
145264.50	-4.714e-03	3.264e-01	3.130e-01
145265.50	-5.021e-03	5.414e-01	2.160e-01
145266.50	-2.419e-03	4.954e-01	3.725e-01
145267.50	-1.152e-02	4.320e-01	-4.550e-02
145268.50	-6.682e-03	3.514e-01	-1.411e-01
145269.50	-5.587e-03	3.533e-01	1.603e-01
145270.50	1.680e-04	2.966e-01	4.358e-01
145271.50	3.446e-03	-1.632e-01	1.661e-01
145272.50	3.360e-04	-1.920e-01	-5.702e-01
145273.50	-4.560e-03	3.274e-01	-2.266e-01
145274.50	-1.373e-02	9.389e-01	2.227e-01
145275.50	-1.075e-02	3.898e-01	-2.064e-01
145276.50	-7.066e-03	2.045e-01	-3.984e-01
145277.50	-7.123e-04	2.256e-01	-2.746e-01
145278.50	-4.262e-03	4.234e-02	4.858e-01
145279.50	-1.277e-02	2.083e-01	4.512e-02
145280.50	-9.696e-03	6.192e-01	-2.045e-01
145281.50	-2.918e-03	6.797e-03	1.834e-01
145282.50	1.757e-02	-1.363e-02	5.242e-02
145283.50	-1.354e-02	4.320e-01	8.294e-02
145284.50	7.210e-03	2.621e-02	2.237e-01
145285.50	-4.579e-03	6.960e-02	5.194e-02
145286.50	-2.035e-02	7.891e-01	-9.696e-02
145287.50	-4.320e-03	-7.296e-02	-1.939e-01
145288.50	-5.664e-03	5.462e-01	-1.622e-01
145289.50	1.882e-03	-9.283e-02	3.254e-01
145290.50	-2.198e-02	1.306e-01	-2.294e-01
145291.50	-1.075e-02	1.670e-01	-8.208e-02
145292.50	4.320e-03	-2.717e-02	-1.517e-01
145293.50	-9.110e-03	5.270e-01	-5.683e-02
145294.50	-2.189e-03	9.370e-02	-1.018e-01
145295.50	3.926e-03	1.094e-01	-3.312e-01
145296.50	-1.315e-02	2.986e-01	-3.206e-01
145297.50	-2.966e-03	5.491e-02	2.870e-01
145298.50	-9.984e-03	3.350e-01	-4.704e-02
145299.50	-4.118e-03	2.563e-01	3.907e-01
145300.50	2.160e-04	-2.218e-01	3.226e-01
145301.50	-1.123e-02	-1.478e-01	-2.938e-01
145302.50	1.018e-02	1.795e-01	2.995e-02
145303.50	1.056e-02	2.179e-01	4.205e-01
145304.50	-1.018e-02	-4.646e-03	-2.112e-01
145305.50	-1.565e-03	-1.968e-03	-1.382e-01
145306.50	9.600e-04	6.432e-02	2.592e-01
145307.50	-1.027e-02	5.722e-01	-2.966e-01
145308.50	2.851e-03	-4.646e-01	2.803e-01
145309.50	1.526e-03	1.421e-01	3.744e-02
145310.50	1.354e-02	2.189e-01	-2.602e-02
145311.50	1.728e-03	2.525e-01	-3.322e-02
145312.50	-5.424e-03	2.707e-01	-2.362e-01
145313.50	-1.334e-03	3.034e-01	1.795e-03
145314.50	5.530e-03	-4.589e-03	-1.181e-01
145315.50	1.123e-03	1.786e-01	3.120e-02
145316.50	1.680e-04	-1.190e-01	-1.488e-01
145317.50	8.765e-03	5.386e-02	-3.888e-02
145318.50	1.882e-02	4.627e-02	2.208e-01
145319.50	-8.448e-03	5.261e-02	5.232e-01
145320.50	-9.418e-03	5.501e-02	-2.102e-01
145321.50	-1.478e-02	3.101e-01	-4.560e-02
145322.50	-9.984e-03	1.334e-01	-3.638e-01
145323.50	-3.619e-03	3.466e-01	9.984e-02
145324.50	-2.026e-03	1.296e-01	-1.622e-01
145325.50	-3.197e-03	-4.522e-02	2.419e-02
145326.50	-7.680e-03	2.563e-01	1.094e-01
145327.50	4.099e-03	-1.306e-01	-7.805e-02
145328.50	-1.094e-02	3.235e-01	-1.546e-01
145329.50	3.830e-03	-8.678e-03	8.131e-02
145330.50	-5.683e-03	1.478e-01	3.130e-01
145331.50	-4.176e-03	3.629e-02	-2.515e-02
145332.50	-2.467e-04	1.037e-01	7.613e-03
145333.50	3.398e-04	-3.331e-02	-1.171e-01
145334.50	4.454e-03	-4.186e-02	1.728e-01
145335.50	2.813e-02	2.486e-01	1.805e-01
145336.50	1.392e-02	-9.235e-02	1.056e-02
145337.50	-1.814e-03	1.181e-01	1.834e-01
145338.50	-2.957e-02	3.466e-02	-8.150e-02
145339.50	5.491e-03	1.238e-01	-6.518e-02
145340.50	-1.776e-02	1.949e-01	-1.584e-01
145341.50	-1.949e-03	3.590e-02	1.142e-01
145342.50	1.392e-03	8.899e-02	1.776e-02
145343.50	-2.179e-03	9.370e-02	-2.304e-01
145344.50	-3.840e-03	1.699e-01	2.717e-01
145345.50	-5.069e-03	-3.302e-02	-6.442e-02
145346.50	-2.390e-03	1.622e-01	2.554e-02
145347.50	4.838e-03	-1.872e-01	-2.794e-02
145348.50	6.010e-03	5.280e-02	-1.430e-01
145349.50	2.506e-03	-1.430e-01	-2.342e-02
145350.50	-2.861e-03	3.859e-02	4.205e-02
145351.50	-3.216e-04	5.366e-02	1.315e-02
145352.50	-3.437e-03	-4.397e-02	5.654e-02
145353.50	-9.456e-03	2.381e-01	1.738e-01
145354.50	1.114e-02	-8.083e-02	1.680e-01
145355.50	-4.694e-03	1.574e-01	1.958e-01
145356.50	-7.325e-03	-1.680e-02	1.526e-01
145357.50	-1.171e-02	3.206e-01	-2.765e-01
145358.50	-1.402e-02	8.314e-02	-1.872e-01
145359.50	-1.008e-02	-2.237e-01	2.333e-01
145360.50	-9.984e-03	-1.680e-02	8.208e-02
145361.50	-1.306e-02	2.986e-02	-3.494e-01
145362.50	-1.056e-03	9.984e-02	-2.544e-01
145363.50	7.853e-04	1.334e-01	-1.853e-01
145364.50	1.411e-03	7.718e-02	-4.637e-02
145365.50	-2.198e-03	1.402e-01	-6.672e-02
145366.50	-3.946e-03	-2.506e-01	-1.469e-01
145367.50	8.362e-03	7.306e-02	9.475e-02
145368.50	1.843e-02	-1.795e-01	6.288e-02
145369.50	-6.470e-04	6.538e-02	-2.323e-02
145370.50	-3.283e-03	9.984e-02	-8.496e-02
145371.50	-8.045e-04	2.170e-01	2.256e-01
145372.50	5.222e-04	-1.210e-01	1.488e-01
145373.50	4.013e-03	-8.227e-02	1.382e-01
145374.50	7.747e-04	1.498e-02	8.698e-02
145375.50	-3.994e-03	8.304e-02	-1.238e-01
145376.50	-3.005e-03	1.152e-01	-7.987e-02
145377.50	-4.666e-03	-3.466e-02	-1.085e-01
145378.50	-7.200e-03	1.018e-01	-9.984e-02
145379.50	-2.006e-03	6.259e-02	-1.344e-01
145380.50	4.714e-03	-1.728e-02	1.219e-01
145381.50	2.064e-03	6.250e-02	3.744e-02
145382.50	1.066e-02	-1.805e-02	1.824e-01
145383.50	3.082e-03	-7.046e-02	2.448e-02
145384.50	-5.251e-03	2.477e-01	1.392e-01
145385.50	-5.664e-03	-1.498e-01	-1.939e-01
145386.50	7.651e-03	-7.488e-02	-2.918e-02
145387.50	4.762e-03	-1.018e-01	-1.978e-01
145388.50	-4.838e-03	-1.334e-01	-6.394e-02
145389.50	-7.843e-04	8.467e-02	1.891e-01
145390.50	-2.064e-03	-1.267e-01	-9.792e-02
145391.50	-1.862e-03	8.486e-02	8.899e-02
145392.50	1.594e-03	3.274e-02	8.755e-02
145393.50	5.520e-03	-1.430e-02	3.418e-02
145394.50	-2.774e-03	-7.046e-02	-1.661e-01
145395.50	-3.245e-03	-5.750e-02	1.382e-01
145396.50	-3.226e-03	6.710e-02	2.784e-02
145397.50	6.672e-03	2.573e-02	7.814e-03
145398.50	2.957e-03	2.630e-02	-3.264e-02
145399.50	-9.984e-03	1.334e-01	-2.400e-02
145400.50	-6.230e-04	9.360e-02	-2.774e-02
145401.50	-1.200e-04	1.094e-01	-9.696e-02
145402.50	-5.904e-04	-3.226e-02	6.576e-02
145403.50	-2.285e-03	-1.229e-01	2.314e-03
145404.50	1.344e-03	2.410e-02	-5.549e-02
145405.50	1.354e-03	-1.238e-01	1.018e-01
145406.50	-8.352e-04	3.427e-03	-1.939e-02
145407.50	-2.122e-03	5.549e-02	-9.091e-02
145408.50	4.598e-03	1.814e-02	1.805e-01
145409.50	5.683e-03	-4.944e-02	-6.077e-02
145410.50	-7.018e-03	4.790e-02	-1.402e-01
145411.50	-2.371e-03	9.072e-02	4.358e-02
145412.50	-3.802e-03	-1.056e-01	-1.584e-01
145413.50	9.590e-04	1.507e-01	-4.109e-02
145414.50	-6.058e-03	1.526e-01	1.622e-01
145415.50	-2.275e-03	2.496e-02	3.850e-02
145416.50	3.072e-03	-6.547e-02	3.014e-02
145417.50	5.645e-03	-9.158e-02	4.934e-02
145418.50	3.773e-03	-3.984e-02	8.458e-02
145419.50	3.187e-03	-8.486e-02	7.075e-02
145420.50	-2.064e-03	1.987e-02	9.216e-02
145421.50	-1.450e-03	1.258e-01	-3.494e-02
145422.50	-2.659e-03	1.997e-01	-1.555e-01
145423.50	2.026e-04	-2.131e-02	-4.387e-02
145424.50	-5.030e-03	-1.123e-01	5.088e-02
145425.50	4.906e-03	-3.955e-02	-3.043e-02
145426.50	-3.053e-03	9.792e-02	-9.504e-02
145427.50	-2.218e-03	1.555e-01	4.992e-03
145428.50	-7.747e-03	1.306e-01	-4.243e-05
145429.50	3.475e-03	-5.654e-02	3.302e-02
145430.50	3.629e-04	-5.837e-02	-2.054e-02
145431.50	7.718e-04	-1.680e-01	-8.064e-02
145432.50	-4.013e-04	-1.690e-01	1.680e-02
145433.50	-7.152e-04	-2.083e-02	5.030e-02
145434.50	-2.822e-03	1.776e-01	-1.267e-01
145435.50	-1.478e-03	1.776e-01	3.869e-02
145436.50	-1.594e-03	1.008e-01	6.797e-03
145437.50	1.142e-03	1.142e-01	-9.379e-02
145438.50	2.707e-03	-5.069e-03	1.632e-01
145439.50	-2.736e-03	1.498e-02	1.478e-01
145440.50	-2.477e-03	1.046e-01	-1.555e-02
145441.50	-8.150e-04	1.238e-02	-8.909e-02
145442.50	6.528e-04	-8.342e-02	-1.632e-01
145443.50	-1.670e-03	1.267e-01	-4.435e-02
145444.50	-3.600e-03	1.853e-01	1.382e-01
145445.50	-1.037e-03	2.093e-02	-5.510e-03
145446.50	-3.552e-03	-4.589e-02	-5.770e-02
145447.50	3.562e-03	-8.294e-02	3.418e-02
145448.50	-3.101e-05	4.109e-02	-2.890e-02
145449.50	-1.085e-03	3.677e-02	-2.918e-02
145450.50	-4.176e-04	5.395e-02	3.782e-02
145451.50	7.488e-03	-2.045e-01	8.909e-02
145452.50	2.563e-04	1.699e-01	-6.720e-02
145453.50	4.522e-03	2.976e-02	1.814e-02
145454.50	3.245e-03	-1.920e-01	-3.293e-02
145455.50	1.766e-02	-1.248e-01	-7.478e-02
145456.50	3.168e-03	-2.525e-01	-3.398e-02
145457.50	-2.573e-03	8.813e-02	1.258e-02
145458.50	-1.699e-03	2.400e-02	3.581e-02
145459.50	-3.350e-03	1.334e-01	1.123e-01
145460.50	-4.560e-03	6.787e-02	-1.325e-01
145461.50	2.736e-04	-1.258e-02	-6.384e-02
145462.50	-1.382e-03	-6.422e-03	-5.712e-02
145463.50	-2.275e-02	-9.792e-02	-1.853e-01
145464.50	1.027e-03	-4.099e-02	-5.539e-03
145465.50	1.603e-03	-6.797e-02	4.752e-02
145466.50	3.773e-03	-1.037e-01	1.344e-01
145467.50	-8.074e-04	-6.701e-03	1.210e-01
145468.50	-2.976e-03	-1.584e-03	1.018e-02
145469.50	-7.555e-04	-6.720e-02	8.429e-02
145470.50	-7.027e-04	1.334e-02	-3.965e-02
145471.50	-2.765e-03	6.643e-02	-3.149e-02
145472.50	1.450e-03	3.341e-02	3.677e-02
145473.50	2.986e-03	-2.093e-02	-4.291e-02
145474.50	2.170e-03	-1.085e-01	-3.677e-03
145475.50	-8.707e-04	7.978e-02	5.702e-03
145476.50	1.267e-04	-7.104e-03	-7.584e-02
145477.50	-5.011e-03	2.122e-01	-1.373e-02
145478.50	-1.910e-03	5.434e-03	-9.475e-02
145479.50	9.197e-04	-1.776e-02	3.485e-03
145480.50	-3.533e-03	2.621e-02	1.853e-01
145481.50	-1.901e-03	5.914e-02	-3.994e-02
145482.50	1.843e-03	-1.152e-01	2.621e-02
145483.50	-1.872e-03	1.238e-02	-6.326e-02
145484.50	-2.717e-03	7.373e-02	-1.363e-02
145485.50	1.469e-04	2.448e-02	6.739e-02
145486.50	-5.750e-04	2.141e-02	5.510e-02
145487.50	2.170e-03	6.662e-02	-5.021e-03
145488.50	-3.206e-04	-8.198e-02	-2.285e-02
145489.50	-1.786e-03	-1.066e-02	-9.283e-02
145490.50	1.363e-03	-2.102e-02	-8.563e-03
145491.50	1.555e-03	1.930e-02	1.190e-01
145492.50	-1.306e-03	5.290e-02	-1.805e-02
145493.50	2.371e-03	-1.325e-01	1.901e-02
145494.50	-1.267e-03	-5.098e-02	-2.784e-02
145495.50	7.478e-04	1.536e-02	-5.472e-02
145496.50	2.957e-03	6.576e-02	7.766e-02
145497.50	6.058e-04	4.522e-03	5.760e-02
145498.50	-6.278e-04	3.034e-02	-4.339e-02
145499.50	-2.323e-03	6.394e-02	-3.408e-02
145500.50	-2.832e-03	4.906e-02	-8.794e-03
145501.50	-4.531e-04	-6.547e-02	8.938e-03
145502.50	-3.485e-03	1.200e-04	-1.027e-01
145503.50	-2.218e-03	9.216e-02	-4.541e-03
145504.50	-3.168e-03	-2.794e-02	2.256e-02
145505.50	3.187e-03	-2.246e-02	3.744e-02
145506.50	2.160e-03	2.813e-02	-1.680e-04
145507.50	1.459e-03	-3.370e-02	-1.872e-02
145508.50	-4.963e-03	-7.421e-02	-3.370e-02
145509.50	-1.200e-02	1.200e-02	6.346e-02
145510.50	2.602e-02	-4.397e-02	-1.786e-02
145511.50	-2.707e-02	1.824e-01	-7.536e-02
145512.50	1.901e-03	-1.267e-01	-5.002e-02
145513.50	-3.149e-03	7.766e-02	6.998e-02
145514.50	-2.458e-03	6.067e-02	-4.637e-03
145515.50	4.992e-03	-9.446e-02	3.840e-02
145516.50	3.168e-03	-3.667e-02	-2.813e-02
145517.50	-2.698e-03	5.789e-02	-8.054e-02
145518.50	-7.402e-03	2.429e-02	-2.419e-02
145519.50	4.502e-03	-9.475e-02	2.794e-02
145520.50	-5.654e-03	1.536e-01	-9.533e-02
145521.50	-2.323e-03	7.181e-02	2.698e-02
145522.50	-4.570e-04	-2.506e-02	-1.325e-02
145523.50	1.450e-03	-4.320e-02	7.277e-02
145524.50	6.173e-03	-1.450e-01	-1.718e-02
145525.50	2.736e-03	-6.115e-02	-1.555e-03
145526.50	-4.934e-03	4.013e-02	7.162e-02
145527.50	-3.149e-03	1.008e-01	4.349e-02
145528.50	2.909e-03	-1.008e-02	6.806e-02
145529.50	-1.411e-03	-4.301e-02	-1.411e-01
145530.50	2.506e-04	-9.350e-02	-5.712e-02
145531.50	-1.872e-04	1.171e-01	-2.909e-02
145532.50	1.978e-03	-5.856e-02	-1.555e-02
145533.50	2.995e-03	-3.158e-02	1.862e-02
145534.50	1.267e-03	-3.466e-02	1.258e-03
145535.50	-1.229e-03	-1.632e-02	-5.885e-03
145536.50	1.939e-04	-4.560e-02	6.614e-04
145537.50	-2.016e-03	6.336e-02	7.382e-02
145538.50	-7.008e-06	-1.622e-02	-2.794e-03
145539.50	-2.218e-03	8.246e-02	4.790e-02
145540.50	-3.494e-03	2.755e-02	-3.984e-02
145541.50	-6.173e-04	-1.747e-02	-3.994e-02
145542.50	6.154e-04	-1.104e-02	-3.360e-02
145543.50	-4.349e-03	3.302e-02	-2.822e-02
145544.50	-1.766e-03	3.024e-02	2.064e-02
145545.50	3.715e-03	-4.733e-02	9.984e-02
145546.50	1.373e-03	2.832e-02	4.906e-02
145547.50	-2.669e-03	5.242e-02	-2.650e-02
145548.50	-9.888e-04	-2.803e-02	9.792e-03
145549.50	2.467e-03	-6.144e-02	-9.158e-02
145550.50	-4.944e-03	7.949e-02	-2.467e-02
145551.50	4.243e-03	1.248e-01	6.797e-02
145552.50	1.114e-03	6.432e-02	4.109e-02
145553.50	2.362e-03	-9.590e-04	9.600e-02
145554.50	-4.464e-03	7.661e-02	-7.229e-02
145555.50	8.938e-04	-1.056e-01	-8.323e-02
145556.50	-2.515e-04	-6.163e-02	2.947e-02
145557.50	2.131e-03	-2.179e-02	2.640e-03
145558.50	1.210e-04	6.490e-02	6.096e-03
145559.50	2.141e-03	-4.541e-02	-2.467e-03
145560.50	-1.459e-04	-1.843e-02	-4.310e-02
145561.50	-1.066e-04	-2.074e-02	-2.208e-02
145562.50	-9.331e-04	1.440e-02	-9.696e-03
145563.50	2.736e-03	-1.037e-01	-9.466e-04
145564.50	-5.299e-05	3.466e-02	4.051e-02
145565.50	-1.267e-03	8.198e-02	4.464e-02
145566.50	-2.227e-04	7.219e-03	2.880e-02
145567.50	-8.659e-04	3.485e-02	5.136e-02
145568.50	7.373e-03	-7.738e-03	2.851e-02
145569.50	1.094e-02	-1.670e-02	-3.974e-02
145570.50	-3.744e-03	-4.771e-03	-3.744e-02
145571.50	-2.890e-03	-4.003e-02	-3.600e-02
145572.50	-8.803e-04	9.888e-02	-1.997e-02
145573.50	4.051e-03	-2.189e-02	3.418e-02
145574.50	-2.419e-04	3.542e-02	-6.499e-02
145575.50	-1.085e-03	8.822e-02	2.342e-02
145576.50	-2.333e-03	-4.925e-03	-2.573e-02
145577.50	9.561e-04	-6.547e-03	1.603e-02
145578.50	-3.475e-04	-6.586e-02	2.592e-02
145579.50	-1.190e-03	3.427e-02	5.779e-02
145580.50	1.843e-03	-3.370e-03	-1.277e-02
145581.50	3.533e-02	-8.832e-02	4.243e-02
145582.50	-3.341e-03	4.378e-02	-3.408e-02
145583.50	6.998e-04	-1.776e-02	6.422e-02
145584.50	-3.802e-04	-4.406e-03	2.237e-02
145585.50	9.600e-05	1.920e-02	-2.410e-03
145586.50	-2.467e-03	2.246e-02	7.440e-02
145587.50	3.802e-04	6.970e-02	2.957e-02
145588.50	1.094e-03	-2.573e-02	1.075e-02
145589.50	-1.949e-03	3.542e-02	-1.930e-02
145590.50	2.342e-03	1.709e-02	4.589e-02
145591.50	2.438e-03	-7.478e-03	-2.458e-02
145592.50	2.381e-03	-8.227e-02	-3.667e-02
145593.50	1.382e-03	-8.822e-02	6.797e-02
145594.50	-1.795e-03	3.955e-02	-4.224e-03
145595.50	-1.430e-03	1.094e-01	-2.285e-02
145596.50	-2.285e-02	-6.787e-03	-2.669e-02
145597.50	2.381e-03	-1.056e-02	3.926e-02
145598.50	-1.123e-03	2.774e-02	-1.162e-01
145599.50	8.544e-05	-4.906e-02	-9.072e-02
145600.50	1.574e-03	-2.803e-02	-3.072e-02
145601.50	2.496e-03	4.752e-03	9.178e-03
