145003.50	0.000e+00	0.000e+00	0.000e+00
145004.50	0.000e+00	0.000e+00	0.000e+00
145005.50	0.000e+00	0.000e+00	0.000e+00
145006.50	0.000e+00	0.000e+00	0.000e+00
145007.50	0.000e+00	0.000e+00	0.000e+00
145008.50	0.000e+00	0.000e+00	0.000e+00
145009.50	0.000e+00	0.000e+00	0.000e+00
145010.50	0.000e+00	0.000e+00	0.000e+00
145011.50	0.000e+00	0.000e+00	0.000e+00
145012.50	0.000e+00	0.000e+00	0.000e+00
145013.50	0.000e+00	0.000e+00	0.000e+00
145014.50	0.000e+00	0.000e+00	0.000e+00
145015.50	0.000e+00	0.000e+00	0.000e+00
145016.50	0.000e+00	0.000e+00	0.000e+00
145017.50	0.000e+00	0.000e+00	0.000e+00
145018.50	0.000e+00	0.000e+00	0.000e+00
145019.50	0.000e+00	0.000e+00	0.000e+00
145020.50	0.000e+00	0.000e+00	0.000e+00
145021.50	0.000e+00	0.000e+00	0.000e+00
145022.50	0.000e+00	0.000e+00	0.000e+00
145023.50	0.000e+00	0.000e+00	0.000e+00
145024.50	0.000e+00	0.000e+00	0.000e+00
145025.50	0.000e+00	0.000e+00	0.000e+00
145026.50	0.000e+00	0.000e+00	0.000e+00
145027.50	0.000e+00	0.000e+00	0.000e+00
145028.50	0.000e+00	0.000e+00	0.000e+00
145029.50	0.000e+00	0.000e+00	0.000e+00
145030.50	0.000e+00	0.000e+00	0.000e+00
145031.50	0.000e+00	0.000e+00	0.000e+00
145032.50	0.000e+00	0.000e+00	0.000e+00
145033.50	0.000e+00	0.000e+00	0.000e+00
145034.50	0.000e+00	0.000e+00	0.000e+00
145035.50	0.000e+00	0.000e+00	0.000e+00
145036.50	0.000e+00	0.000e+00	0.000e+00
145037.50	0.000e+00	0.000e+00	0.000e+00
145038.50	0.000e+00	0.000e+00	0.000e+00
145039.50	0.000e+00	0.000e+00	0.000e+00
145040.50	0.000e+00	0.000e+00	0.000e+00
145041.50	0.000e+00	0.000e+00	0.000e+00
145042.50	0.000e+00	0.000e+00	0.000e+00
145043.50	0.000e+00	0.000e+00	0.000e+00
145044.50	0.000e+00	0.000e+00	0.000e+00
145045.50	0.000e+00	0.000e+00	0.000e+00
145046.50	0.000e+00	0.000e+00	0.000e+00
145047.50	0.000e+00	0.000e+00	0.000e+00
145048.50	0.000e+00	0.000e+00	0.000e+00
145049.50	0.000e+00	0.000e+00	0.000e+00
145050.50	0.000e+00	0.000e+00	0.000e+00
145051.50	0.000e+00	0.000e+00	0.000e+00
145052.50	0.000e+00	0.000e+00	0.000e+00
145053.50	0.000e+00	0.000e+00	0.000e+00
145054.50	0.000e+00	0.000e+00	0.000e+00
145055.50	0.000e+00	0.000e+00	0.000e+00
145056.50	0.000e+00	0.000e+00	0.000e+00
145057.50	0.000e+00	0.000e+00	0.000e+00
145058.50	0.000e+00	0.000e+00	0.000e+00
145059.50	0.000e+00	0.000e+00	0.000e+00
145060.50	0.000e+00	0.000e+00	0.000e+00
145061.50	0.000e+00	0.000e+00	0.000e+00
145062.50	0.000e+00	0.000e+00	0.000e+00
145063.50	0.000e+00	0.000e+00	0.000e+00
145064.50	0.000e+00	0.000e+00	0.000e+00
145065.50	0.000e+00	0.000e+00	0.000e+00
145066.50	0.000e+00	0.000e+00	0.000e+00
145067.50	0.000e+00	0.000e+00	0.000e+00
145068.50	0.000e+00	0.000e+00	0.000e+00
145069.50	0.000e+00	0.000e+00	0.000e+00
145070.50	0.000e+00	0.000e+00	0.000e+00
145071.50	0.000e+00	0.000e+00	0.000e+00
145072.50	0.000e+00	0.000e+00	0.000e+00
145073.50	0.000e+00	0.000e+00	0.000e+00
145074.50	0.000e+00	0.000e+00	0.000e+00
145075.50	0.000e+00	0.000e+00	0.000e+00
145076.50	0.000e+00	0.000e+00	0.000e+00
145077.50	0.000e+00	0.000e+00	0.000e+00
145078.50	0.000e+00	0.000e+00	0.000e+00
145079.50	0.000e+00	0.000e+00	0.000e+00
145080.50	0.000e+00	0.000e+00	0.000e+00
145081.50	0.000e+00	0.000e+00	0.000e+00
145082.50	0.000e+00	0.000e+00	0.000e+00
145083.50	0.000e+00	0.000e+00	0.000e+00
145084.50	0.000e+00	0.000e+00	0.000e+00
145085.50	0.000e+00	0.000e+00	0.000e+00
145086.50	0.000e+00	0.000e+00	0.000e+00
145087.50	0.000e+00	0.000e+00	0.000e+00
145088.50	0.000e+00	0.000e+00	0.000e+00
145089.50	0.000e+00	0.000e+00	0.000e+00
145090.50	0.000e+00	0.000e+00	0.000e+00
145091.50	0.000e+00	0.000e+00	0.000e+00
145092.50	0.000e+00	0.000e+00	0.000e+00
145093.50	0.000e+00	0.000e+00	0.000e+00
145094.50	0.000e+00	0.000e+00	0.000e+00
145095.50	0.000e+00	0.000e+00	0.000e+00
145096.50	0.000e+00	0.000e+00	0.000e+00
145097.50	0.000e+00	0.000e+00	0.000e+00
145098.50	0.000e+00	0.000e+00	0.000e+00
145099.50	0.000e+00	0.000e+00	0.000e+00
145100.50	0.000e+00	0.000e+00	0.000e+00
145101.50	0.000e+00	0.000e+00	0.000e+00
145102.50	0.000e+00	0.000e+00	0.000e+00
145103.50	0.000e+00	0.000e+00	0.000e+00
145104.50	0.000e+00	0.000e+00	0.000e+00
145105.50	0.000e+00	0.000e+00	0.000e+00
145106.50	0.000e+00	0.000e+00	0.000e+00
145107.50	0.000e+00	0.000e+00	0.000e+00
145108.50	0.000e+00	0.000e+00	0.000e+00
145109.50	0.000e+00	0.000e+00	0.000e+00
145110.50	0.000e+00	0.000e+00	0.000e+00
145111.50	0.000e+00	0.000e+00	0.000e+00
145112.50	0.000e+00	0.000e+00	0.000e+00
145113.50	0.000e+00	0.000e+00	0.000e+00
145114.50	0.000e+00	0.000e+00	0.000e+00
145115.50	0.000e+00	0.000e+00	0.000e+00
145116.50	0.000e+00	0.000e+00	0.000e+00
145117.50	0.000e+00	0.000e+00	0.000e+00
145118.50	0.000e+00	0.000e+00	0.000e+00
145119.50	0.000e+00	0.000e+00	0.000e+00
145120.50	0.000e+00	0.000e+00	0.000e+00
145121.50	0.000e+00	0.000e+00	0.000e+00
145122.50	0.000e+00	0.000e+00	0.000e+00
145123.50	0.000e+00	0.000e+00	0.000e+00
145124.50	0.000e+00	0.000e+00	0.000e+00
145125.50	0.000e+00	0.000e+00	0.000e+00
145126.50	0.000e+00	0.000e+00	0.000e+00
145127.50	0.000e+00	0.000e+00	0.000e+00
145128.50	0.000e+00	0.000e+00	0.000e+00
145129.50	0.000e+00	0.000e+00	0.000e+00
145130.50	0.000e+00	0.000e+00	0.000e+00
145131.50	0.000e+00	0.000e+00	0.000e+00
145132.50	0.000e+00	0.000e+00	0.000e+00
145133.50	0.000e+00	0.000e+00	0.000e+00
145134.50	0.000e+00	0.000e+00	0.000e+00
145135.50	0.000e+00	0.000e+00	0.000e+00
145136.50	0.000e+00	0.000e+00	0.000e+00
145137.50	0.000e+00	0.000e+00	0.000e+00
145138.50	0.000e+00	0.000e+00	0.000e+00
145139.50	0.000e+00	0.000e+00	0.000e+00
145140.50	0.000e+00	0.000e+00	0.000e+00
145141.50	0.000e+00	0.000e+00	0.000e+00
145142.50	0.000e+00	0.000e+00	0.000e+00
145143.50	0.000e+00	0.000e+00	0.000e+00
145144.50	0.000e+00	0.000e+00	0.000e+00
145145.50	0.000e+00	0.000e+00	0.000e+00
145146.50	0.000e+00	0.000e+00	0.000e+00
145147.50	0.000e+00	0.000e+00	0.000e+00
145148.50	-1.546e-05	4.349e-05	3.706e-04
145149.50	1.325e-04	-2.851e-03	-1.757e-03
145150.50	-3.821e-04	-6.547e-04	1.277e-02
145151.50	1.824e-04	-2.006e-03	-5.750e-03
145152.50	2.842e-04	2.554e-03	-7.584e-03
145153.50	2.237e-04	-4.109e-04	-3.667e-03
145154.50	-3.504e-04	-6.461e-03	1.142e-02
145155.50	-1.354e-03	-2.448e-02	4.944e-02
145156.50	-1.834e-03	6.288e-02	4.234e-02
145157.50	1.786e-02	-6.557e-01	-2.851e-01
145158.50	4.013e-02	-3.629e+00	7.920e-01
145159.50	7.814e-01	-4.685e+01	-1.210e-01
145160.50	2.179e+01	-1.334e+03	-2.659e+00
145161.50	2.227e+01	-1.027e+03	-1.920e+02
145162.50	-4.646e+00	2.707e+02	2.419e+01
145163.50	-3.542e+00	1.978e+02	1.872e+01
145164.50	-3.408e+00	1.747e+02	2.285e+01
145165.50	-2.630e+00	1.411e+02	1.546e+01
145166.50	-2.486e+00	1.315e+02	1.325e+01
145167.50	-2.131e+00	1.162e+02	8.851e+00
145168.50	-1.891e+00	9.984e+01	9.984e+00
145169.50	-2.026e+00	1.027e+02	1.171e+01
145170.50	-1.517e+00	8.198e+01	5.760e+00
145171.50	-1.219e+00	7.498e+01	-1.171e+00
145172.50	-1.123e+00	6.950e+01	-1.622e+00
145173.50	-9.696e-01	6.547e+01	-4.675e+00
145174.50	-9.427e-01	5.491e+01	4.886e-01
145175.50	-1.037e+00	5.520e+01	4.032e+00
145176.50	-1.085e+00	5.021e+01	9.418e+00
145177.50	-8.208e-01	4.877e+01	-2.045e-01
145178.50	-7.920e-01	3.706e+01	5.827e+00
145179.50	-6.403e-01	3.226e+01	3.101e+00
145180.50	-6.509e-01	3.379e+01	3.091e+00
145181.50	-6.854e-01	3.283e+01	5.203e+00
145182.50	-7.200e-01	3.533e+01	3.494e+00
145183.50	-5.069e-01	2.890e+01	1.373e-01
145184.50	-4.118e-01	2.323e+01	2.496e-01
145185.50	-4.147e-01	2.506e+01	-7.114e-01
145186.50	-4.214e-01	2.438e+01	-2.304e-01
145187.50	-4.128e-01	2.102e+01	2.371e+00
145188.50	-4.474e-01	1.949e+01	4.301e+00
145189.50	-3.955e-01	1.728e+01	3.494e+00
145190.50	-3.360e-01	1.718e+01	1.142e+00
145191.50	-3.053e-01	1.651e+01	5.606e-01
145192.50	-2.765e-01	1.786e+01	-1.190e+00
145193.50	-2.477e-01	1.498e+01	-4.176e-01
145194.50	-2.083e-01	1.277e+01	-1.334e-01
145195.50	-2.621e-01	1.200e+01	1.757e+00
145196.50	-3.053e-01	1.334e+01	2.381e+00
145197.50	-2.064e-01	1.104e+01	6.778e-01
145198.50	-1.776e-01	1.056e+01	-4.954e-01
145199.50	-1.987e-01	8.698e+00	1.709e+00
145200.50	-1.882e-01	7.766e+00	1.872e+00
145201.50	-2.054e-01	9.561e+00	1.373e+00
145202.50	-2.016e-01	9.888e+00	1.046e+00
145203.50	-1.450e-01	8.054e+00	-1.373e-01
145204.50	-1.459e-01	6.518e+00	9.888e-01
145205.50	-1.699e-01	7.152e+00	2.035e+00
145206.50	-1.162e-01	5.856e+00	4.800e-01
145207.50	-1.584e-01	8.218e+00	1.296e-01
145208.50	-1.171e-01	5.462e+00	7.718e-01
145209.50	-1.296e-01	6.470e+00	8.035e-01
145210.50	-8.544e-02	5.088e+00	-3.974e-01
145211.50	-9.427e-02	4.858e+00	1.133e-01
145212.50	-1.094e-01	4.829e+00	8.189e-01
145213.50	-1.469e-01	6.538e+00	6.778e-01
145214.50	-8.074e-02	3.898e+00	4.464e-01
145215.50	-8.966e-02	3.523e+00	1.248e+00
145216.50	-8.419e-02	3.101e+00	8.947e-01
145217.50	-4.704e-02	4.090e+00	-1.258e+00
145218.50	-8.150e-02	4.397e+00	4.368e-01
145219.50	-7.382e-02	3.763e+00	1.747e-01
145220.50	-7.843e-02	3.523e+00	2.899e-01
145221.50	-4.963e-02	3.312e+00	-2.976e-01
145222.50	-7.382e-02	3.514e+00	3.763e-01
145223.50	-5.318e-02	3.062e+00	-3.110e-02
145224.50	-3.322e-02	1.862e+00	8.352e-02
145225.50	-7.037e-02	3.197e+00	4.896e-01
145226.50	-4.589e-02	2.650e+00	-3.014e-01
145227.50	-6.182e-02	2.861e+00	2.285e-01
145228.50	-9.888e-02	3.523e+00	1.181e+00
145229.50	-5.251e-02	1.920e+00	5.923e-01
145230.50	-4.608e-02	1.430e+00	5.434e-01
145231.50	-5.395e-02	2.582e+00	3.120e-01
145232.50	-5.866e-03	1.565e+00	-4.330e-01
145233.50	-3.744e-02	1.517e+00	6.336e-02
145234.50	-1.114e-02	1.642e+00	-7.008e-01
145235.50	-2.304e-02	9.504e-01	3.235e-01
145236.50	-3.907e-02	7.526e-01	5.683e-01
145237.50	-2.525e-02	9.485e-01	1.046e-01
145238.50	-2.122e-02	2.141e+00	-2.659e-01
145239.50	-3.216e-02	1.430e+00	5.203e-01
145240.50	-3.014e-02	1.834e+00	-2.851e-01
145241.50	-6.979e-02	1.718e+00	1.142e+00
145242.50	-2.784e-02	1.286e+00	1.882e-01
145243.50	-2.544e-02	1.344e+00	-7.786e-03
145244.50	-1.382e-02	1.402e+00	-1.805e-01
145245.50	-2.736e-02	9.984e-01	1.402e-01
145246.50	-2.429e-02	5.539e-01	3.139e-01
145247.50	-1.046e-02	1.171e+00	-5.990e-01
145248.50	-1.152e-02	1.219e+00	-3.187e-01
145249.50	-5.741e-02	1.584e+00	8.573e-01
145250.50	-2.573e-03	5.597e-01	-3.178e-01
145251.50	-3.293e-02	1.104e+00	2.784e-01
145252.50	4.099e-03	8.179e-01	-5.952e-01
145253.50	-1.488e-02	3.283e-01	2.774e-01
145254.50	-1.267e-02	7.382e-01	-1.181e-01
145255.50	1.123e-02	8.515e-02	-3.638e-01
145256.50	-3.005e-02	8.035e-01	5.021e-01
145257.50	-2.314e-02	6.518e-01	5.088e-01
145258.50	3.936e-03	6.048e-01	-7.392e-01
145259.50	-1.123e-02	9.034e-01	1.171e-02
145260.50	-3.446e-02	8.410e-01	4.896e-01
145261.50	-1.114e-02	3.581e-01	6.758e-02
145262.50	-1.834e-03	3.696e-01	-1.757e-01
145263.50	-1.018e-02	8.189e-01	-2.909e-01
145264.50	-1.565e-02	4.282e-01	1.315e-01
145265.50	-5.760e-04	4.973e-01	-2.275e-01
145266.50	-1.162e-02	-1.421e-02	5.558e-01
145267.50	-1.046e-02	3.062e-01	2.899e-01
145268.50	-5.779e-03	7.229e-01	-4.291e-01
145269.50	-2.477e-02	8.006e-01	2.736e-01
145270.50	-1.757e-02	2.870e-01	4.032e-01
145271.50	-1.872e-02	3.245e-01	3.408e-01
145272.50	-7.651e-03	3.043e-01	-3.984e-02
145273.50	1.085e-02	3.235e-01	-3.302e-01
145274.50	1.968e-03	2.976e-01	-9.696e-03
145275.50	-1.008e-02	3.725e-01	1.133e-01
145276.50	-1.699e-02	9.235e-01	-1.152e-01
145277.50	-2.832e-02	4.982e-01	3.754e-01
145278.50	3.994e-03	4.426e-01	-3.850e-01
145279.50	1.373e-02	-7.190e-02	-3.466e-01
145280.50	-2.294e-02	3.725e-01	6.480e-01
145281.50	2.966e-03	1.699e-01	-4.416e-01
145282.50	5.530e-03	-1.018e-01	1.344e-01
145283.50	9.350e-03	2.525e-02	-1.229e-01
145284.50	-3.005e-02	4.819e-01	4.157e-01
145285.50	-3.994e-03	4.387e-02	-2.554e-01
145286.50	-1.258e-02	5.702e-01	-3.552e-02
145287.50	-1.229e-02	3.830e-01	-2.362e-01
145288.50	-2.054e-02	3.350e-01	5.760e-01
145289.50	-3.187e-03	2.285e-01	-1.536e-01
145290.50	-2.381e-02	3.706e-01	4.512e-01
145291.50	-9.696e-03	3.571e-01	2.198e-01
145292.50	-2.755e-02	4.003e-01	3.485e-01
145293.50	-1.498e-02	6.374e-01	-1.248e-01
145294.50	2.304e-02	4.272e-01	-1.603e-01
145295.50	6.067e-04	2.323e-01	-6.653e-02
145296.50	-3.782e-04	-1.459e-01	-3.158e-02
145297.50	-3.158e-02	9.331e-02	3.581e-01
145298.50	9.696e-03	5.750e-02	-2.842e-01
145299.50	1.488e-02	-1.690e-01	-8.918e-02
145300.50	-3.130e-03	4.493e-03	4.138e-02
145301.50	-2.218e-02	5.040e-01	3.302e-01
145302.50	-6.691e-03	-1.958e-01	4.387e-01
145303.50	2.755e-03	-1.766e-03	-3.706e-01
145304.50	-5.971e-03	2.774e-01	2.054e-02
145305.50	2.765e-02	1.594e-03	-6.605e-02
145306.50	7.286e-03	5.270e-01	-5.568e-01
145307.50	5.434e-03	9.302e-02	-7.632e-02
145308.50	3.926e-03	-3.322e-01	-6.000e-02
145309.50	6.557e-04	-3.187e-03	-1.786e-01
145310.50	-7.142e-03	-2.074e-02	1.190e-01
145311.50	-1.114e-02	5.347e-01	1.949e-01
145312.50	-6.557e-03	7.680e-02	3.072e-01
145313.50	6.758e-04	5.069e-02	-1.536e-01
145314.50	-1.565e-02	1.478e-01	2.736e-01
145315.50	7.987e-03	6.125e-02	-1.853e-01
145316.50	-2.966e-03	6.192e-01	-5.174e-02
145317.50	7.661e-04	2.141e-03	3.379e-01
145318.50	9.110e-03	6.029e-02	7.766e-02
145319.50	-5.942e-03	1.910e-02	2.285e-01
145320.50	-1.546e-02	2.602e-01	2.986e-01
145321.50	-1.747e-02	4.042e-01	5.952e-02
145322.50	1.536e-03	-1.978e-01	7.824e-02
145323.50	-5.069e-03	-9.792e-02	3.456e-01
145324.50	-1.162e-02	2.179e-01	-7.776e-02
145325.50	-1.555e-02	2.083e-01	-1.469e-01
145326.50	-3.370e-03	2.534e-01	-3.379e-01
145327.50	1.814e-02	-4.762e-02	-3.139e-01
145328.50	-8.170e-03	2.390e-01	-5.232e-02
145329.50	1.315e-02	-1.968e-01	-1.123e-01
145330.50	4.070e-03	1.152e-02	5.866e-02
145331.50	1.949e-03	5.894e-02	-1.718e-01
145332.50	-9.888e-03	3.811e-01	3.158e-02
145333.50	-7.747e-03	-6.826e-02	2.227e-01
145334.50	-4.800e-03	-8.582e-02	5.376e-02
145335.50	-5.894e-03	2.131e-01	-1.219e-01
145336.50	-8.659e-03	1.536e-01	4.003e-02
145337.50	-3.744e-03	1.296e-01	1.094e-01
145338.50	-1.258e-02	2.918e-01	2.266e-01
145339.50	-1.958e-02	6.125e-02	2.141e-01
145340.50	4.493e-04	7.411e-02	6.586e-02
145341.50	-1.814e-03	3.226e-01	-8.678e-02
145342.50	6.058e-03	4.013e-02	-2.083e-01
145343.50	7.949e-04	-1.114e-01	-1.795e-02
145344.50	-8.064e-04	3.418e-01	-2.880e-01
145345.50	-2.813e-03	4.253e-02	1.786e-01
145346.50	-8.774e-03	1.565e-01	2.160e-01
145347.50	2.707e-03	-5.789e-02	3.648e-03
145348.50	5.472e-03	-5.213e-03	-1.613e-01
145349.50	-3.859e-03	8.659e-02	1.507e-01
145350.50	-3.994e-03	-1.997e-02	3.523e-01
145351.50	-7.133e-04	1.056e-01	1.219e-02
145352.50	-6.240e-03	7.517e-02	1.910e-01
145353.50	-2.976e-03	-5.731e-02	2.294e-01
145354.50	1.622e-04	-7.152e-02	-2.477e-01
145355.50	-7.584e-03	-2.035e-02	1.632e-01
145356.50	3.350e-04	8.160e-02	-7.094e-02
145357.50	-4.090e-03	-5.885e-02	1.469e-01
145358.50	1.507e-03	2.458e-03	-9.274e-02
145359.50	3.264e-03	1.296e-02	-1.066e-01
145360.50	-3.293e-03	1.133e-01	1.210e-01
145361.50	-1.210e-02	3.139e-01	1.728e-01
145362.50	8.707e-03	-4.387e-01	-7.584e-02
145363.50	3.494e-03	-2.035e-02	-9.226e-02
145364.50	2.448e-03	-4.416e-02	-8.333e-02
145365.50	8.976e-03	-6.845e-02	-3.206e-01
145366.50	-7.306e-03	3.840e-01	1.757e-02
145367.50	-6.605e-04	6.941e-02	2.870e-03
145368.50	-1.392e-03	1.133e-01	-3.398e-02
145369.50	-1.171e-03	-1.584e-01	9.600e-02
145370.50	-4.243e-03	6.240e-02	1.603e-01
145371.50	1.622e-03	3.667e-02	1.200e-02
145372.50	1.382e-02	-4.272e-02	1.968e-02
145373.50	2.890e-02	-7.987e-02	-2.698e-01
145374.50	-7.104e-03	6.010e-03	1.661e-01
145375.50	-3.667e-03	-3.878e-02	1.517e-01
145376.50	-9.571e-03	9.322e-02	7.459e-02
145377.50	-1.027e-02	2.832e-01	5.645e-02
145378.50	4.627e-03	-7.891e-02	4.541e-02
145379.50	3.418e-03	6.480e-03	-7.786e-02
145380.50	2.198e-03	-1.661e-02	-1.152e-01
145381.50	-1.229e-02	-9.984e-02	3.600e-02
145382.50	3.485e-03	-1.123e-05	-2.275e-01
145383.50	-5.482e-03	3.043e-01	-1.354e-01
145384.50	-3.571e-04	-2.928e-03	1.373e-01
145385.50	-2.726e-03	1.056e-01	1.152e-01
145386.50	4.493e-04	-1.882e-01	-4.742e-03
145387.50	1.776e-02	-6.854e-02	-1.488e-01
145388.50	4.138e-03	-5.290e-02	8.630e-02
145389.50	-3.821e-03	3.965e-02	5.491e-02
145390.50	3.600e-03	1.584e-01	-5.357e-02
145391.50	-1.190e-02	1.171e-01	6.442e-02
145392.50	-5.770e-03	-2.794e-02	9.514e-02
145393.50	-8.774e-03	5.146e-02	7.910e-02
145394.50	2.131e-02	-1.373e-01	3.542e-02
145395.50	-2.582e-02	1.478e-01	-4.915e-02
145396.50	5.088e-03	6.278e-02	-1.536e-01
145397.50	-4.445e-04	1.027e-01	-5.251e-02
145398.50	-3.802e-03	3.264e-02	1.018e-01
145399.50	-4.282e-03	6.634e-02	2.074e-02
145400.50	-1.440e-02	-2.707e-01	2.630e-01
145401.50	1.392e-03	-4.070e-02	-4.051e-02
145402.50	1.018e-02	2.573e-01	-1.210e-01
145403.50	4.810e-03	3.302e-02	-5.117e-02
145404.50	-2.573e-03	-1.690e-01	4.224e-02
145405.50	2.525e-05	-1.258e-01	-5.770e-02
145406.50	1.306e-03	7.766e-02	-1.258e-01
145407.50	9.600e-04	2.122e-01	-1.133e-02
145408.50	2.333e-03	-1.094e-01	7.939e-02
145409.50	1.651e-03	-6.346e-02	3.130e-02
145410.50	-5.424e-03	1.104e-01	9.696e-02
145411.50	-6.182e-03	6.989e-02	2.554e-02
145412.50	-4.838e-04	2.093e-02	-5.184e-02
145413.50	-2.842e-03	5.386e-02	1.133e-01
145414.50	2.352e-03	-1.037e-01	-1.046e-01
145415.50	6.557e-03	-1.258e-02	-1.565e-01
145416.50	-4.368e-03	3.542e-02	1.373e-01
145417.50	3.917e-03	1.622e-01	-1.930e-01
145418.50	9.072e-03	1.920e-03	-2.333e-01
145419.50	-1.152e-02	8.026e-03	1.373e-01
145420.50	-8.208e-03	2.678e-01	8.294e-02
145421.50	8.861e-04	2.870e-02	-3.062e-02
145422.50	-4.339e-03	-2.314e-02	1.402e-01
145423.50	-4.618e-03	-8.448e-02	5.222e-02
145424.50	4.685e-05	9.792e-02	3.418e-02
145425.50	-7.171e-03	3.024e-02	1.200e-01
145426.50	2.621e-03	-7.430e-02	-9.283e-02
145427.50	-9.149e-04	1.325e-01	-5.693e-02
145428.50	-3.984e-03	1.046e-01	1.046e-01
145429.50	-2.496e-03	-7.642e-02	9.245e-02
145430.50	7.402e-04	-1.680e-01	-8.093e-03
145431.50	7.142e-05	-4.992e-03	6.384e-02
145432.50	-1.680e-03	4.608e-02	-8.890e-02
145433.50	-1.555e-03	-9.984e-02	8.525e-02
145434.50	2.698e-03	-7.018e-02	-1.766e-01
145435.50	-2.803e-03	9.696e-02	9.187e-02
145436.50	2.429e-03	2.160e-02	-3.792e-02
145437.50	3.427e-03	-6.038e-03	-8.717e-02
145438.50	5.808e-03	-4.579e-02	-9.888e-03
145439.50	7.114e-04	-1.910e-02	-1.373e-02
145440.50	9.696e-03	-1.142e-01	-1.248e-01
145441.50	-9.600e-03	1.094e-01	7.872e-04
145442.50	-7.056e-03	2.016e-01	9.053e-02
145443.50	3.091e-03	-5.328e-03	7.114e-02
145444.50	-5.434e-04	-1.373e-01	-6.768e-03
145445.50	-1.334e-03	-1.066e-01	1.123e-02
145446.50	2.131e-03	-9.302e-02	1.930e-02
145447.50	1.622e-04	-4.646e-02	1.114e-01
145448.50	1.498e-03	1.200e-01	3.082e-03
145449.50	-8.352e-04	1.373e-02	-5.933e-02
145450.50	-5.606e-03	4.877e-02	1.459e-01
145451.50	-8.266e-04	3.542e-02	2.179e-02
145452.50	-7.603e-03	1.882e-01	-9.696e-02
145453.50	-2.208e-03	5.501e-02	3.494e-02
145454.50	-2.160e-03	4.627e-02	7.114e-03
145455.50	1.008e-02	-1.613e-01	-8.554e-02
145456.50	-2.160e-04	-2.794e-02	-6.806e-02
145457.50	-8.208e-04	-3.744e-02	7.891e-02
145458.50	-5.568e-03	1.334e-01	7.651e-02
145459.50	9.600e-03	-1.382e-01	-1.882e-01
145460.50	1.238e-03	5.174e-02	-5.875e-02
145461.50	-1.210e-03	-3.878e-02	-1.565e-02
145462.50	-1.901e-03	6.086e-02	2.506e-02
145463.50	1.162e-03	1.430e-01	-9.888e-02
145464.50	1.104e-03	-2.294e-02	-1.238e-01
145465.50	-6.682e-03	4.454e-02	1.459e-01
145466.50	1.296e-03	-1.536e-01	7.910e-02
145467.50	4.003e-03	-2.525e-02	-1.459e-02
145468.50	-8.966e-04	-1.949e-02	3.888e-02
145469.50	3.821e-03	1.402e-02	-8.861e-02
145470.50	-3.802e-04	-3.091e-02	-8.515e-02
145471.50	5.501e-04	-1.776e-02	-1.171e-01
145472.50	-1.776e-03	5.232e-02	9.696e-02
145473.50	-6.893e-04	3.878e-03	6.960e-02
145474.50	-4.445e-04	-8.131e-02	-7.142e-03
145475.50	2.890e-03	-3.898e-02	-1.162e-01
145476.50	4.742e-03	3.754e-03	-1.574e-01
145477.50	-5.155e-03	-1.075e-02	8.371e-02
145478.50	-4.474e-03	6.019e-02	1.190e-01
145479.50	-1.200e-03	6.451e-02	9.446e-02
145480.50	8.486e-03	-5.261e-02	-6.480e-02
145481.50	1.795e-03	-8.218e-02	6.240e-04
145482.50	4.061e-03	5.136e-02	1.555e-02
145483.50	5.904e-03	-2.237e-02	3.792e-02
145484.50	-3.610e-03	-4.368e-02	5.616e-02
145485.50	-2.602e-03	4.032e-02	-7.776e-03
145486.50	-7.440e-03	1.277e-01	2.227e-04
145487.50	2.006e-03	-7.354e-02	1.008e-02
145488.50	1.123e-03	-7.238e-02	2.822e-02
145489.50	-2.026e-03	2.371e-02	-5.731e-02
145490.50	-5.386e-03	9.696e-02	1.171e-01
145491.50	-9.514e-04	-8.275e-02	-1.402e-02
145492.50	2.995e-03	-9.408e-02	-1.075e-01
145493.50	1.085e-03	6.662e-02	3.590e-03
145494.50	-5.885e-03	8.381e-03	1.632e-01
145495.50	6.125e-03	-8.400e-02	-4.954e-02
145496.50	2.381e-03	-1.469e-02	7.267e-03
145497.50	-3.322e-03	1.411e-01	1.430e-02
145498.50	-3.667e-03	7.824e-02	7.450e-02
145499.50	2.611e-03	1.133e-01	7.843e-02
145500.50	-3.101e-03	-4.704e-02	6.586e-02
145501.50	3.014e-03	-8.832e-02	-2.179e-02
145502.50	4.282e-03	1.546e-02	-2.054e-01
145503.50	3.590e-04	-7.133e-02	-1.181e-01
145504.50	-6.490e-03	1.027e-01	1.286e-01
145505.50	-4.234e-04	3.408e-02	-9.322e-02
145506.50	3.926e-03	-4.128e-02	-3.456e-02
145507.50	3.350e-03	9.696e-02	-8.880e-02
145508.50	1.315e-03	-5.299e-02	5.318e-02
145509.50	3.101e-03	-1.939e-02	-5.894e-02
145510.50	4.234e-03	-1.344e-01	-2.246e-02
145511.50	-6.586e-03	1.555e-01	1.162e-01
145512.50	-7.056e-04	5.261e-02	5.798e-02
145513.50	8.899e-03	-9.341e-02	-4.675e-02
145514.50	1.123e-03	-2.237e-02	2.198e-02
145515.50	-3.888e-06	-9.446e-03	-3.389e-02
145516.50	-9.533e-03	-5.549e-02	3.235e-02
145517.50	3.658e-03	-7.661e-02	2.227e-02
145518.50	3.283e-03	-1.402e-02	4.858e-02
145519.50	1.334e-03	4.272e-02	3.811e-02
145520.50	-1.334e-02	7.738e-02	-3.466e-02
145521.50	8.995e-04	-2.938e-02	-1.171e-01
145522.50	-5.155e-03	4.819e-02	-4.800e-02
145523.50	4.723e-05	-1.018e-01	6.739e-02
145524.50	2.995e-03	-7.603e-02	-7.066e-03
145525.50	-1.085e-03	2.525e-02	-6.710e-02
145526.50	-4.906e-03	-1.968e-02	8.342e-02
145527.50	-3.446e-03	1.363e-02	8.266e-02
145528.50	-3.533e-03	1.142e-01	-3.706e-02
145529.50	-1.891e-02	-7.171e-02	2.333e-02
145530.50	2.352e-03	-4.368e-03	-8.803e-02
145531.50	2.314e-03	8.438e-02	2.314e-02
145532.50	1.315e-02	3.734e-02	-6.538e-02
145533.50	5.942e-02	-1.584e-01	-1.123e-01
145534.50	-1.699e-02	-4.166e-02	2.198e-02
145535.50	-2.006e-03	8.477e-02	-7.546e-02
145536.50	-1.392e-02	-6.115e-02	9.523e-02
145537.50	-2.102e-02	1.162e-01	5.002e-02
145538.50	-5.261e-03	8.784e-02	2.938e-02
145539.50	-5.779e-03	-1.488e-02	7.891e-02
145540.50	-9.561e-04	1.248e-02	8.602e-03
145541.50	-1.968e-03	8.544e-02	-5.587e-02
145542.50	-4.464e-04	5.309e-03	-6.806e-02
145543.50	6.518e-04	-1.920e-03	2.170e-03
145544.50	-1.680e-03	-6.998e-02	3.110e-02
145545.50	-3.590e-03	1.094e-01	9.245e-02
145546.50	4.723e-04	-7.478e-03	-2.486e-02
145547.50	-2.218e-04	3.331e-02	1.008e-02
145548.50	5.078e-04	-1.018e-01	-5.126e-02
145549.50	1.190e-02	1.728e-02	-4.646e-02
145550.50	-5.376e-04	1.997e-02	3.418e-02
145551.50	-1.046e-02	-2.659e-02	1.162e-01
145552.50	-2.611e-03	-5.213e-02	1.046e-01
145553.50	3.005e-03	5.789e-02	-5.952e-02
145554.50	-3.283e-03	1.430e-01	3.994e-03
145555.50	2.170e-03	-1.651e-02	1.901e-02
145556.50	1.171e-02	8.006e-02	8.122e-03
145557.50	1.565e-03	2.006e-03	7.814e-02
145558.50	-1.978e-03	7.334e-02	5.539e-02
145559.50	-4.445e-03	2.381e-02	-7.997e-02
145560.50	9.792e-04	1.354e-02	-4.454e-02
145561.50	1.651e-03	-8.141e-02	6.528e-03
145562.50	1.987e-03	-3.840e-02	-1.680e-02
145563.50	-2.074e-03	-3.610e-02	-1.862e-02
145564.50	-2.141e-03	7.411e-02	-1.075e-01
145565.50	-1.882e-03	1.910e-02	2.851e-02
145566.50	9.389e-04	-8.006e-02	-9.792e-03
145567.50	2.035e-03	-3.946e-02	-4.493e-02
145568.50	-3.350e-04	-1.363e-01	6.365e-02
145569.50	-4.742e-03	2.813e-02	8.419e-02
145570.50	-1.891e-03	5.462e-02	5.798e-03
145571.50	-1.613e-03	1.949e-02	1.306e-02
145572.50	4.502e-04	-4.474e-02	2.400e-02
145573.50	-1.488e-05	5.280e-03	5.050e-02
145574.50	-1.507e-05	7.142e-02	1.018e-02
145575.50	1.354e-03	-1.066e-02	-8.390e-02
145576.50	1.584e-03	3.485e-03	-5.693e-02
145577.50	2.074e-03	-4.099e-02	-4.378e-02
145578.50	3.629e-04	-3.053e-02	-5.405e-03
145579.50	-4.934e-04	6.067e-02	-2.717e-02
145580.50	2.006e-03	1.824e-03	-3.869e-02
145581.50	1.882e-03	3.158e-02	-1.238e-02
145582.50	1.901e-04	-4.608e-04	4.195e-05
145583.50	6.346e-04	3.254e-02	-1.162e-02
145584.50	-2.544e-03	-9.696e-03	9.187e-02
145585.50	-2.736e-04	-1.315e-02	-5.462e-03
145586.50	-6.566e-04	-9.005e-02	-2.477e-02
145587.50	1.488e-03	-8.765e-02	6.346e-02
145588.50	1.056e-03	-5.539e-02	-3.485e-02
145589.50	2.352e-03	4.541e-02	-1.507e-02
145590.50	-3.888e-04	7.632e-02	-1.450e-02
145591.50	-1.718e-04	9.504e-02	1.171e-02
145592.50	-4.781e-03	1.670e-01	-2.160e-02
145593.50	1.786e-03	4.550e-02	5.837e-02
145594.50	6.595e-03	-1.133e-01	-1.066e-01
145595.50	1.392e-03	-5.558e-02	-5.702e-04
145596.50	-3.965e-03	4.090e-02	-4.992e-03
145597.50	1.018e-03	7.075e-03	-1.978e-02
145598.50	6.192e-04	-5.693e-02	1.027e-01
145599.50	-2.227e-03	-1.862e-03	4.666e-03
145600.50	5.827e-03	-3.379e-02	2.928e-02
145601.50	-2.986e-03	7.229e-02	9.120e-02
