145003.50	0.000e+00	0.000e+00	0.000e+00
145004.50	0.000e+00	0.000e+00	0.000e+00
145005.50	0.000e+00	0.000e+00	0.000e+00
145006.50	0.000e+00	0.000e+00	0.000e+00
145007.50	0.000e+00	0.000e+00	0.000e+00
145008.50	0.000e+00	0.000e+00	0.000e+00
145009.50	0.000e+00	0.000e+00	0.000e+00
145010.50	0.000e+00	0.000e+00	0.000e+00
145011.50	0.000e+00	0.000e+00	0.000e+00
145012.50	0.000e+00	0.000e+00	0.000e+00
145013.50	0.000e+00	0.000e+00	0.000e+00
145014.50	0.000e+00	0.000e+00	0.000e+00
145015.50	0.000e+00	0.000e+00	0.000e+00
145016.50	0.000e+00	0.000e+00	0.000e+00
145017.50	0.000e+00	0.000e+00	0.000e+00
145018.50	0.000e+00	0.000e+00	0.000e+00
145019.50	0.000e+00	0.000e+00	0.000e+00
145020.50	0.000e+00	0.000e+00	0.000e+00
145021.50	0.000e+00	0.000e+00	0.000e+00
145022.50	0.000e+00	0.000e+00	0.000e+00
145023.50	0.000e+00	0.000e+00	0.000e+00
145024.50	0.000e+00	0.000e+00	0.000e+00
145025.50	0.000e+00	0.000e+00	0.000e+00
145026.50	0.000e+00	0.000e+00	0.000e+00
145027.50	0.000e+00	0.000e+00	0.000e+00
145028.50	0.000e+00	0.000e+00	0.000e+00
145029.50	0.000e+00	0.000e+00	0.000e+00
145030.50	0.000e+00	0.000e+00	0.000e+00
145031.50	0.000e+00	0.000e+00	0.000e+00
145032.50	0.000e+00	0.000e+00	0.000e+00
145033.50	0.000e+00	0.000e+00	0.000e+00
145034.50	0.000e+00	0.000e+00	0.000e+00
145035.50	0.000e+00	0.000e+00	0.000e+00
145036.50	0.000e+00	0.000e+00	0.000e+00
145037.50	0.000e+00	0.000e+00	0.000e+00
145038.50	0.000e+00	0.000e+00	0.000e+00
145039.50	0.000e+00	0.000e+00	0.000e+00
145040.50	0.000e+00	0.000e+00	0.000e+00
145041.50	0.000e+00	0.000e+00	0.000e+00
145042.50	0.000e+00	0.000e+00	0.000e+00
145043.50	0.000e+00	0.000e+00	0.000e+00
145044.50	0.000e+00	0.000e+00	0.000e+00
145045.50	0.000e+00	0.000e+00	0.000e+00
145046.50	0.000e+00	0.000e+00	0.000e+00
145047.50	0.000e+00	0.000e+00	0.000e+00
145048.50	0.000e+00	0.000e+00	0.000e+00
145049.50	0.000e+00	0.000e+00	0.000e+00
145050.50	0.000e+00	0.000e+00	0.000e+00
145051.50	0.000e+00	0.000e+00	0.000e+00
145052.50	0.000e+00	0.000e+00	0.000e+00
145053.50	0.000e+00	0.000e+00	0.000e+00
145054.50	0.000e+00	0.000e+00	0.000e+00
145055.50	0.000e+00	0.000e+00	0.000e+00
145056.50	0.000e+00	0.000e+00	0.000e+00
145057.50	0.000e+00	0.000e+00	0.000e+00
145058.50	0.000e+00	0.000e+00	0.000e+00
145059.50	0.000e+00	0.000e+00	0.000e+00
145060.50	0.000e+00	0.000e+00	0.000e+00
145061.50	0.000e+00	0.000e+00	0.000e+00
145062.50	0.000e+00	0.000e+00	0.000e+00
145063.50	0.000e+00	0.000e+00	0.000e+00
145064.50	0.000e+00	0.000e+00	0.000e+00
145065.50	0.000e+00	0.000e+00	0.000e+00
145066.50	0.000e+00	0.000e+00	0.000e+00
145067.50	0.000e+00	0.000e+00	0.000e+00
145068.50	0.000e+00	0.000e+00	0.000e+00
145069.50	0.000e+00	0.000e+00	0.000e+00
145070.50	0.000e+00	0.000e+00	0.000e+00
145071.50	0.000e+00	0.000e+00	0.000e+00
145072.50	0.000e+00	0.000e+00	0.000e+00
145073.50	0.000e+00	0.000e+00	0.000e+00
145074.50	0.000e+00	0.000e+00	0.000e+00
145075.50	0.000e+00	0.000e+00	0.000e+00
145076.50	0.000e+00	0.000e+00	0.000e+00
145077.50	0.000e+00	0.000e+00	0.000e+00
145078.50	0.000e+00	0.000e+00	0.000e+00
145079.50	0.000e+00	0.000e+00	0.000e+00
145080.50	0.000e+00	0.000e+00	0.000e+00
145081.50	0.000e+00	0.000e+00	0.000e+00
145082.50	0.000e+00	0.000e+00	0.000e+00
145083.50	0.000e+00	0.000e+00	0.000e+00
145084.50	0.000e+00	0.000e+00	0.000e+00
145085.50	0.000e+00	0.000e+00	0.000e+00
145086.50	0.000e+00	0.000e+00	0.000e+00
145087.50	0.000e+00	0.000e+00	0.000e+00
145088.50	0.000e+00	0.000e+00	0.000e+00
145089.50	0.000e+00	0.000e+00	0.000e+00
145090.50	0.000e+00	0.000e+00	0.000e+00
145091.50	0.000e+00	0.000e+00	0.000e+00
145092.50	0.000e+00	0.000e+00	0.000e+00
145093.50	0.000e+00	0.000e+00	0.000e+00
145094.50	0.000e+00	0.000e+00	0.000e+00
145095.50	0.000e+00	0.000e+00	0.000e+00
145096.50	0.000e+00	0.000e+00	0.000e+00
145097.50	0.000e+00	0.000e+00	0.000e+00
145098.50	0.000e+00	0.000e+00	0.000e+00
145099.50	0.000e+00	0.000e+00	0.000e+00
145100.50	0.000e+00	0.000e+00	0.000e+00
145101.50	0.000e+00	0.000e+00	0.000e+00
145102.50	0.000e+00	0.000e+00	0.000e+00
145103.50	0.000e+00	0.000e+00	0.000e+00
145104.50	0.000e+00	0.000e+00	0.000e+00
145105.50	0.000e+00	0.000e+00	0.000e+00
145106.50	0.000e+00	0.000e+00	0.000e+00
145107.50	0.000e+00	0.000e+00	0.000e+00
145108.50	0.000e+00	0.000e+00	0.000e+00
145109.50	0.000e+00	0.000e+00	0.000e+00
145110.50	0.000e+00	0.000e+00	0.000e+00
145111.50	0.000e+00	0.000e+00	0.000e+00
145112.50	0.000e+00	0.000e+00	0.000e+00
145113.50	0.000e+00	0.000e+00	0.000e+00
145114.50	0.000e+00	0.000e+00	0.000e+00
145115.50	0.000e+00	0.000e+00	0.000e+00
145116.50	0.000e+00	0.000e+00	0.000e+00
145117.50	0.000e+00	0.000e+00	0.000e+00
145118.50	0.000e+00	0.000e+00	0.000e+00
145119.50	0.000e+00	0.000e+00	0.000e+00
145120.50	0.000e+00	0.000e+00	0.000e+00
145121.50	0.000e+00	0.000e+00	0.000e+00
145122.50	0.000e+00	0.000e+00	0.000e+00
145123.50	0.000e+00	0.000e+00	0.000e+00
145124.50	0.000e+00	0.000e+00	0.000e+00
145125.50	0.000e+00	0.000e+00	0.000e+00
145126.50	0.000e+00	0.000e+00	0.000e+00
145127.50	0.000e+00	0.000e+00	0.000e+00
145128.50	0.000e+00	0.000e+00	0.000e+00
145129.50	0.000e+00	0.000e+00	0.000e+00
145130.50	0.000e+00	0.000e+00	0.000e+00
145131.50	0.000e+00	0.000e+00	0.000e+00
145132.50	0.000e+00	0.000e+00	0.000e+00
145133.50	0.000e+00	0.000e+00	0.000e+00
145134.50	0.000e+00	0.000e+00	0.000e+00
145135.50	0.000e+00	0.000e+00	0.000e+00
145136.50	0.000e+00	0.000e+00	0.000e+00
145137.50	0.000e+00	0.000e+00	0.000e+00
145138.50	0.000e+00	0.000e+00	0.000e+00
145139.50	0.000e+00	0.000e+00	0.000e+00
145140.50	0.000e+00	0.000e+00	0.000e+00
145141.50	0.000e+00	0.000e+00	0.000e+00
145142.50	0.000e+00	0.000e+00	0.000e+00
145143.50	0.000e+00	0.000e+00	0.000e+00
145144.50	0.000e+00	0.000e+00	0.000e+00
145145.50	0.000e+00	0.000e+00	0.000e+00
145146.50	0.000e+00	0.000e+00	0.000e+00
145147.50	0.000e+00	0.000e+00	0.000e+00
145148.50	0.000e+00	0.000e+00	0.000e+00
145149.50	-2.986e-04	-9.984e-04	-1.546e-02
145150.50	-5.501e-04	-7.210e-03	-1.958e-02
145151.50	3.533e-04	-2.794e-03	1.258e-02
145152.50	1.882e-04	9.005e-03	5.088e-04
145153.50	5.078e-04	-1.382e-02	6.221e-02
145154.50	2.342e-03	-5.654e-02	2.102e-01
145155.50	3.552e-04	5.530e-02	-5.069e-02
145156.50	7.651e-05	3.888e-02	-5.626e-02
145157.50	-3.149e-04	-9.408e-03	-8.496e-03
145158.50	-1.498e-03	-9.101e-02	-1.690e-02
145159.50	-7.891e-04	-2.755e-01	4.685e-01
145160.50	-7.267e-02	-4.522e+00	-1.968e-01
145161.50	-9.110e-01	-5.894e+01	7.238e+00
145162.50	-1.814e+01	-1.238e+03	2.678e+02
145163.50	-1.248e+01	-7.200e+02	-8.611e+01
145164.50	3.168e+00	2.074e+02	-2.640e+01
145165.50	2.650e+00	1.680e+02	-1.603e+01
145166.50	2.208e+00	1.430e+02	-2.410e+01
145167.50	2.083e+00	1.286e+02	-7.661e+00
145168.50	1.738e+00	1.094e+02	-1.066e+01
145169.50	1.440e+00	9.590e+01	-1.651e+01
145170.50	1.306e+00	8.429e+01	-9.792e+00
145171.50	1.306e+00	8.083e+01	-5.232e+00
145172.50	1.046e+00	6.826e+01	-7.421e+00
145173.50	1.075e+00	6.326e+01	-1.402e-01
145174.50	9.792e-01	6.336e+01	-7.805e+00
145175.50	8.170e-01	5.587e+01	-1.200e+01
145176.50	7.459e-01	4.493e+01	1.862e+00
145177.50	7.546e-01	4.800e+01	-3.869e+00
145178.50	6.653e-01	4.109e+01	-1.814e+00
145179.50	5.078e-01	3.293e+01	-3.994e+00
145180.50	5.558e-01	3.619e+01	-5.414e+00
145181.50	4.934e-01	3.082e+01	-2.170e+00
145182.50	4.982e-01	3.158e+01	-3.082e+00
145183.50	4.368e-01	2.774e+01	-6.538e-01
145184.50	4.253e-01	2.717e+01	-2.390e+00
145185.50	4.493e-01	2.621e+01	4.838e-01
145186.50	3.293e-01	2.218e+01	-3.120e+00
145187.50	3.110e-01	2.006e+01	-3.110e+00
145188.50	3.552e-01	2.150e+01	-3.197e-01
145189.50	2.477e-01	1.584e+01	-1.594e+00
145190.50	2.026e-01	1.430e+01	-1.795e+00
145191.50	2.813e-01	1.690e+01	1.526e+00
145192.50	2.352e-01	1.642e+01	-3.571e+00
145193.50	1.968e-01	1.344e+01	-5.578e-01
145194.50	2.736e-01	1.546e+01	1.862e+00
145195.50	2.026e-01	1.219e+01	9.533e-02
145196.50	1.987e-01	1.258e+01	-1.382e+00
145197.50	1.939e-01	1.315e+01	-2.314e+00
145198.50	1.709e-01	1.066e+01	-1.584e-01
145199.50	1.421e-01	9.206e+00	-1.584e-01
145200.50	1.517e-01	9.696e+00	-1.123e+00
145201.50	1.114e-01	7.248e+00	-7.450e-01
145202.50	1.142e-01	7.738e+00	-1.978e-01
145203.50	1.114e-01	7.142e+00	2.170e-01
145204.50	1.018e-01	7.421e+00	-1.306e+00
145205.50	1.286e-01	6.749e+00	9.984e-01
145206.50	9.331e-02	6.854e+00	-1.507e+00
145207.50	9.466e-02	5.376e+00	6.614e-01
145208.50	9.437e-02	6.509e+00	-9.581e-01
145209.50	7.795e-02	4.781e+00	2.438e-01
145210.50	9.370e-02	6.010e+00	7.728e-01
145211.50	1.037e-01	5.347e+00	9.197e-01
145212.50	9.350e-02	6.019e+00	-7.910e-01
145213.50	6.451e-02	4.051e+00	-3.168e-01
145214.50	8.400e-02	4.829e+00	2.986e-01
145215.50	5.059e-02	3.264e+00	-1.171e-01
145216.50	5.587e-02	3.898e+00	-3.600e-02
145217.50	6.864e-02	4.598e+00	-9.581e-01
145218.50	4.704e-02	4.166e+00	-8.986e-01
145219.50	5.750e-02	3.475e+00	6.835e-01
145220.50	5.702e-02	2.957e+00	6.710e-01
145221.50	5.357e-02	2.246e+00	1.056e+00
145222.50	4.051e-02	3.389e+00	-1.296e+00
145223.50	2.304e-02	2.755e+00	-1.939e+00
145224.50	4.291e-02	3.216e+00	-8.179e-01
145225.50	4.090e-02	3.082e+00	-2.966e-02
145226.50	2.304e-02	1.594e+00	4.195e-01
145227.50	3.216e-02	2.621e+00	-4.253e-01
145228.50	2.784e-02	1.776e+00	4.675e-02
145229.50	4.358e-02	2.227e+00	-4.963e-01
145230.50	3.034e-02	1.862e+00	-2.650e-01
145231.50	1.152e-02	1.421e+00	-2.592e-01
145232.50	3.091e-02	1.306e+00	4.560e-01
145233.50	5.232e-02	2.371e+00	6.509e-01
145234.50	4.262e-02	2.218e+00	8.198e-03
145235.50	7.219e-03	9.792e-01	-1.210e-01
145236.50	2.026e-02	1.766e+00	-8.525e-01
145237.50	1.718e-02	1.440e+00	4.637e-01
145238.50	3.389e-02	1.306e+00	3.533e-01
145239.50	1.430e-02	1.027e+00	-1.459e-01
145240.50	3.043e-02	1.786e+00	2.534e-01
145241.50	3.110e-02	1.267e+00	2.342e-01
145242.50	2.304e-02	1.296e+00	3.946e-01
145243.50	-1.123e-02	-1.805e-02	-2.352e-01
145244.50	1.421e-02	1.181e+00	-1.594e-01
145245.50	9.331e-03	2.045e-01	-2.746e-01
145246.50	5.414e-03	8.611e-01	-6.576e-01
145247.50	1.190e-02	1.296e+00	-4.771e-01
145248.50	1.382e-02	1.152e+00	4.051e-01
145249.50	3.418e-02	1.939e+00	-2.861e-01
145250.50	4.790e-03	4.618e-01	-5.702e-01
145251.50	-9.360e-04	8.736e-01	-6.182e-01
145252.50	1.757e-02	8.986e-01	4.291e-01
145253.50	8.966e-03	6.490e-01	-4.176e-02
145254.50	4.358e-03	3.926e-01	-5.136e-02
145255.50	1.651e-02	9.379e-01	-5.501e-02
145256.50	2.054e-02	1.219e+00	-1.613e-01
145257.50	6.586e-03	4.992e-01	1.526e-01
145258.50	1.190e-02	6.614e-01	1.526e-02
145259.50	2.438e-02	7.200e-01	3.658e-01
145260.50	1.757e-03	4.742e-01	-7.123e-01
145261.50	4.848e-03	8.179e-01	-6.595e-01
145262.50	5.568e-03	1.949e-01	2.458e-01
145263.50	4.954e-03	3.514e-01	-2.784e-02
145264.50	7.258e-03	3.034e-01	-3.725e-02
145265.50	9.485e-03	3.350e-01	4.138e-01
145266.50	1.056e-02	7.354e-01	-1.872e-01
145267.50	9.331e-03	3.168e-01	2.477e-01
145268.50	3.485e-03	2.141e-01	3.043e-01
145269.50	-1.094e-02	-2.765e-01	-3.427e-01
145270.50	1.344e-02	9.331e-01	2.006e-01
145271.50	-9.110e-03	1.968e-01	-6.221e-01
145272.50	1.834e-02	4.118e-01	5.587e-02
145273.50	7.882e-03	6.355e-01	-2.131e-02
145274.50	5.818e-03	4.694e-01	-4.378e-01
145275.50	1.555e-02	4.070e-01	1.603e-01
145276.50	4.829e-03	7.085e-01	-5.251e-01
145277.50	2.774e-03	5.914e-01	-2.429e-01
145278.50	-3.629e-03	-2.371e-01	3.350e-02
145279.50	7.373e-03	6.029e-02	7.248e-01
145280.50	4.781e-03	1.354e-01	2.909e-01
145281.50	-1.613e-03	6.058e-01	-5.030e-01
145282.50	7.133e-03	3.850e-01	2.112e-01
145283.50	5.971e-03	1.709e-01	2.659e-01
145284.50	-2.122e-02	1.709e-01	-3.792e-01
145285.50	-1.920e-02	-1.421e-02	-1.296e-01
145286.50	-1.133e-02	-4.560e-02	1.171e-01
145287.50	7.651e-03	1.814e-01	1.699e-01
145288.50	3.802e-03	1.613e-01	-1.142e-01
145289.50	4.090e-03	-2.525e-01	-1.046e-01
145290.50	2.083e-02	5.213e-01	3.994e-01
145291.50	8.947e-03	4.502e-01	-1.325e-01
145292.50	7.488e-04	2.189e-01	-5.203e-01
145293.50	-6.269e-03	-1.843e-01	-3.302e-01
145294.50	7.872e-03	2.928e-01	-7.968e-02
145295.50	8.294e-04	4.051e-01	1.536e-02
145296.50	-7.162e-03	1.718e-01	-1.997e-01
145297.50	5.558e-03	-1.334e-01	2.966e-01
145298.50	8.746e-03	2.064e-02	4.570e-01
145299.50	4.771e-03	9.792e-02	9.197e-02
145300.50	2.736e-05	5.635e-02	-9.696e-02
145301.50	-9.696e-04	4.426e-02	2.592e-02
145302.50	7.459e-03	4.282e-01	1.757e-01
145303.50	-2.698e-03	3.926e-01	-1.910e-01
145304.50	-6.701e-03	-1.738e-01	-2.400e-01
145305.50	-9.264e-04	2.602e-01	2.592e-01
145306.50	-5.914e-04	5.856e-02	1.027e-01
145307.50	1.219e-02	3.446e-01	1.430e-01
145308.50	5.587e-03	4.474e-01	-1.037e-01
145309.50	4.973e-03	4.022e-01	8.544e-02
145310.50	7.824e-03	-8.246e-02	1.718e-01
145311.50	-7.373e-03	-1.843e-01	7.411e-02
145312.50	4.886e-03	1.325e-01	2.035e-02
145313.50	-3.763e-03	-1.200e-01	-1.411e-01
145314.50	1.123e-02	4.992e-01	1.651e-01
145315.50	-4.320e-04	-3.091e-01	-4.234e-02
145316.50	-1.450e-02	-1.114e-01	-2.342e-01
145317.50	-4.368e-03	1.181e-01	-4.973e-02
145318.50	2.419e-03	-3.082e-02	-1.795e-01
145319.50	1.085e-02	2.246e-01	3.485e-01
145320.50	-5.635e-03	-1.037e-01	-8.842e-02
145321.50	-1.075e-03	7.574e-02	-3.955e-01
145322.50	8.362e-03	3.811e-01	9.187e-02
145323.50	-8.054e-03	1.613e-01	1.210e-02
145324.50	-1.027e-02	-2.323e-01	-2.390e-01
145325.50	-5.290e-03	-5.683e-02	2.045e-02
145326.50	3.197e-03	6.854e-02	-3.293e-02
145327.50	-2.419e-02	5.424e-01	-1.555e-01
145328.50	-6.557e-03	-1.085e-01	3.619e-02
145329.50	-1.171e-03	1.181e-02	1.162e-01
145330.50	-1.594e-02	6.998e-02	-2.150e-01
145331.50	2.141e-02	7.008e-02	2.275e-01
145332.50	-4.838e-05	2.150e-01	-7.709e-02
145333.50	5.050e-03	1.805e-01	8.208e-02
145334.50	1.267e-02	2.362e-01	1.594e-01
145335.50	-2.995e-03	-1.123e-01	-2.179e-01
145336.50	1.882e-03	1.286e-01	-7.402e-03
145337.50	-8.986e-03	-2.861e-01	1.018e-01
145338.50	3.782e-03	2.390e-01	-4.013e-02
145339.50	1.699e-03	-4.598e-02	-6.250e-03
145340.50	-5.818e-03	9.302e-02	-1.133e-01
145341.50	1.248e-02	2.400e-01	2.899e-01
145342.50	8.525e-04	-1.488e-01	3.062e-02
145343.50	1.402e-02	1.123e-01	-2.669e-02
145344.50	7.450e-03	-1.238e-03	5.338e-02
145345.50	8.534e-03	-1.114e-02	1.968e-01
145346.50	-1.277e-02	2.909e-03	-2.016e-01
145347.50	-6.240e-03	1.056e-01	-1.267e-01
145348.50	-9.984e-03	3.197e-02	-2.640e-01
145349.50	-8.093e-05	2.054e-01	1.286e-01
145350.50	4.800e-03	-8.458e-02	1.949e-02
145351.50	1.267e-04	-8.285e-02	7.142e-02
145352.50	1.622e-03	2.237e-02	9.792e-02
145353.50	-2.611e-04	-9.888e-02	1.949e-01
145354.50	1.690e-02	4.224e-02	8.621e-02
145355.50	2.419e-03	2.294e-02	-1.085e-01
145356.50	-2.352e-03	7.142e-02	-1.402e-01
145357.50	-3.946e-03	-8.419e-02	6.826e-02
145358.50	3.062e-02	1.382e-01	1.469e-02
145359.50	2.861e-02	-7.046e-02	2.438e-01
145360.50	9.178e-03	7.546e-02	-4.704e-02
145361.50	-1.162e-03	4.128e-02	1.488e-02
145362.50	-2.419e-03	-4.973e-02	1.680e-01
145363.50	-4.205e-03	-5.731e-02	-5.328e-02
145364.50	9.158e-03	3.658e-01	-3.686e-02
145365.50	-4.579e-03	6.605e-02	1.277e-01
145366.50	4.454e-03	2.554e-01	-7.104e-02
145367.50	-2.525e-03	-1.008e-01	-1.296e-01
145368.50	2.131e-03	1.171e-01	-1.382e-01
145369.50	-5.664e-03	2.275e-02	-1.286e-01
145370.50	-8.659e-05	-1.526e-01	1.133e-01
145371.50	-1.843e-03	4.426e-03	1.181e-01
145372.50	1.008e-02	1.536e-01	1.728e-01
145373.50	2.362e-03	1.555e-01	1.008e-02
145374.50	-1.555e-03	-1.123e-01	1.018e-01
145375.50	-1.680e-03	1.402e-01	-2.832e-02
145376.50	5.002e-03	2.630e-02	8.746e-02
145377.50	-3.917e-03	-4.646e-02	-3.370e-01
145378.50	3.005e-03	3.206e-02	1.123e-01
145379.50	7.968e-04	-4.570e-02	7.133e-02
145380.50	-2.784e-03	2.189e-02	-3.725e-01
145381.50	2.746e-03	1.344e-01	1.872e-01
145382.50	2.995e-03	1.037e-01	1.210e-01
145383.50	5.434e-03	1.123e-01	9.600e-02
145384.50	-9.696e-03	-2.534e-01	-1.766e-01
145385.50	4.771e-04	-7.171e-03	-2.314e-02
145386.50	-6.998e-03	-7.526e-02	-1.555e-02
145387.50	1.498e-03	3.130e-02	4.262e-02
145388.50	-1.248e-03	-1.008e-02	-9.082e-02
145389.50	-2.266e-03	-2.160e-01	2.486e-02
145390.50	2.851e-03	-6.902e-02	1.680e-01
145391.50	-2.093e-03	-3.974e-02	-1.114e-01
145392.50	3.696e-03	-1.315e-02	2.544e-01
145393.50	-3.686e-03	-4.320e-02	-8.016e-02
145394.50	-5.251e-03	-2.179e-02	-1.152e-01
145395.50	5.395e-03	9.235e-02	1.133e-01
145396.50	2.861e-03	1.354e-01	-1.248e-01
145397.50	-8.458e-04	1.258e-01	-1.037e-01
145398.50	7.814e-03	2.112e-01	-1.402e-01
145399.50	6.307e-04	-1.565e-01	4.848e-03
145400.50	1.354e-03	3.331e-03	1.267e-02
145401.50	2.678e-04	9.254e-02	1.488e-01
145402.50	3.475e-03	2.170e-02	3.734e-02
145403.50	2.275e-03	2.918e-02	2.486e-02
145404.50	-5.184e-03	2.534e-02	-2.141e-01
145405.50	3.264e-03	1.114e-01	-1.286e-01
145406.50	-3.082e-03	7.613e-03	7.718e-02
145407.50	-4.387e-03	-1.229e-01	-1.037e-01
145408.50	-5.923e-03	-2.170e-01	-5.280e-02
145409.50	2.294e-03	1.814e-01	1.315e-01
145410.50	-7.862e-04	1.008e-01	4.214e-02
145411.50	-1.133e-03	2.314e-02	4.243e-03
145412.50	4.320e-04	-3.398e-03	-6.336e-02
145413.50	4.714e-04	1.709e-02	-2.074e-02
145414.50	6.893e-03	1.507e-01	1.066e-01
145415.50	-6.422e-03	1.670e-01	-2.467e-02
145416.50	-6.931e-03	-1.277e-01	-5.098e-02
145417.50	-8.506e-03	-2.218e-01	-7.008e-02
145418.50	-2.938e-03	5.146e-03	7.440e-03
145419.50	-7.421e-03	-2.467e-01	-5.702e-02
145420.50	4.896e-03	-9.984e-03	-1.066e-01
145421.50	-6.115e-03	-1.229e-01	-7.421e-02
145422.50	9.696e-04	9.389e-02	-1.094e-01
145423.50	5.875e-03	1.469e-01	8.304e-02
145424.50	4.848e-03	7.133e-03	3.341e-02
145425.50	7.728e-03	4.483e-02	1.296e-01
145426.50	-8.131e-05	-1.670e-01	-1.258e-01
145427.50	-5.347e-03	1.622e-01	-6.662e-02
145428.50	7.786e-04	5.501e-02	2.890e-02
145429.50	2.890e-03	4.186e-02	6.259e-02
145430.50	7.027e-04	-3.370e-02	8.880e-02
145431.50	-1.421e-02	-1.469e-01	3.581e-02
145432.50	-5.501e-03	-4.013e-02	4.627e-02
145433.50	-1.133e-02	-1.363e-01	-4.589e-02
145434.50	1.104e-03	8.362e-02	1.661e-01
145435.50	2.506e-03	-1.670e-02	9.158e-03
145436.50	1.901e-03	6.816e-03	-9.341e-02
145437.50	1.632e-03	1.018e-01	-1.277e-01
145438.50	1.210e-04	5.770e-02	-5.616e-02
145439.50	-4.771e-03	-8.515e-02	-2.160e-02
145440.50	9.168e-03	1.440e-01	-8.074e-03
145441.50	-2.131e-03	6.307e-02	-6.058e-02
145442.50	-8.544e-03	-3.859e-02	2.976e-02
145443.50	4.819e-03	3.936e-02	-9.696e-02
145444.50	-2.275e-03	-4.214e-02	6.509e-02
145445.50	7.968e-03	-2.390e-02	-2.448e-03
145446.50	-4.714e-03	1.162e-02	4.291e-02
145447.50	4.973e-04	-3.331e-02	-2.650e-02
145448.50	-2.083e-03	-8.592e-02	8.602e-02
145449.50	4.368e-03	6.067e-02	1.402e-01
145450.50	4.445e-03	1.354e-01	4.051e-02
145451.50	-2.112e-04	5.194e-02	-2.870e-03
145452.50	2.227e-03	-4.090e-02	4.483e-02
145453.50	4.963e-03	2.074e-01	-1.248e-01
145454.50	2.006e-03	3.226e-03	-1.238e-01
145455.50	-1.344e-02	-5.222e-02	6.941e-02
145456.50	2.054e-03	2.602e-01	1.939e-02
145457.50	3.974e-03	5.626e-02	-9.053e-03
145458.50	-7.661e-03	-5.347e-03	-3.600e-02
145459.50	-1.142e-03	9.561e-03	2.016e-01
145460.50	1.795e-02	7.536e-02	-9.370e-02
145461.50	5.510e-04	-5.539e-02	1.133e-01
145462.50	-7.411e-04	-2.093e-02	4.080e-02
145463.50	1.008e-02	-2.621e-02	-1.651e-01
145464.50	-3.600e-03	-1.152e-01	3.917e-02
145465.50	-5.731e-03	-1.277e-01	2.256e-02
145466.50	-1.114e-02	-5.098e-02	-1.373e-02
145467.50	3.082e-03	1.354e-01	-4.454e-02
145468.50	1.498e-02	8.246e-02	-7.392e-02
145469.50	1.354e-02	1.094e-01	2.285e-02
145470.50	2.045e-03	8.928e-03	5.702e-02
145471.50	1.853e-04	-6.019e-02	5.414e-02
145472.50	-3.370e-03	-1.114e-01	-9.350e-02
145473.50	-3.360e-03	-1.181e-01	-5.933e-02
145474.50	-2.544e-03	9.101e-02	-7.094e-02
145475.50	1.680e-02	8.112e-03	-1.766e-02
145476.50	8.266e-03	-8.035e-02	6.336e-02
145477.50	-8.410e-03	-1.757e-02	-3.149e-02
145478.50	5.645e-04	3.418e-03	5.501e-02
145479.50	-7.219e-03	-2.122e-01	-2.918e-02
145480.50	-7.642e-04	8.122e-02	8.621e-02
145481.50	-2.179e-04	1.978e-02	-9.226e-03
145482.50	-2.122e-03	-4.627e-02	-3.139e-02
145483.50	-2.150e-03	1.238e-02	-1.766e-02
145484.50	-4.848e-04	3.110e-02	-4.138e-02
145485.50	2.621e-03	1.411e-02	-1.190e-02
145486.50	1.757e-03	5.299e-02	1.862e-02
145487.50	6.941e-03	2.630e-02	-3.322e-02
145488.50	1.939e-03	7.805e-02	-4.512e-02
145489.50	-7.728e-03	-1.968e-02	-4.032e-02
145490.50	-3.878e-03	4.320e-02	1.949e-03
145491.50	6.490e-03	4.330e-02	5.386e-02
145492.50	-4.992e-03	-1.642e-03	9.888e-03
145493.50	-2.189e-03	-1.171e-02	2.707e-02
145494.50	-4.032e-03	-2.160e-01	3.917e-02
145495.50	-1.373e-03	3.504e-02	3.101e-02
145496.50	1.114e-03	1.056e-01	-2.563e-02
145497.50	1.046e-03	8.170e-02	-3.024e-02
145498.50	2.323e-04	6.758e-02	1.046e-02
145499.50	4.637e-03	8.938e-02	-1.901e-02
145500.50	-2.515e-03	-8.851e-02	3.072e-02
145501.50	-2.630e-03	1.200e-02	-4.886e-02
145502.50	-2.947e-03	1.920e-02	-6.442e-02
145503.50	4.685e-03	-4.042e-03	1.248e-01
145504.50	2.170e-03	2.102e-02	4.752e-02
145505.50	-2.736e-03	-7.363e-02	1.699e-02
145506.50	-3.725e-03	-7.747e-02	-1.219e-01
145507.50	3.763e-04	1.622e-03	5.366e-02
145508.50	1.123e-03	1.142e-01	2.064e-02
145509.50	-8.717e-04	4.646e-02	-3.667e-03
145510.50	1.853e-03	4.157e-02	2.083e-02
145511.50	2.064e-03	4.330e-02	-1.603e-02
145512.50	-1.834e-04	3.293e-02	-8.246e-02
145513.50	-5.405e-03	-1.862e-02	-6.874e-02
145514.50	-2.659e-03	-3.898e-02	-1.910e-02
145515.50	-6.134e-04	-3.590e-02	-3.014e-02
145516.50	2.400e-03	4.454e-02	-3.206e-02
145517.50	1.565e-04	2.064e-02	-1.037e-02
145518.50	-1.085e-03	-3.590e-02	1.056e-01
145519.50	8.342e-04	8.208e-02	-4.176e-02
145520.50	-7.162e-04	1.123e-02	4.128e-02
145521.50	3.034e-03	1.690e-03	4.330e-02
145522.50	-1.440e-03	-3.994e-02	-5.174e-02
145523.50	-1.766e-03	-4.723e-02	2.582e-02
145524.50	-5.443e-04	-6.768e-02	3.168e-02
145525.50	-8.832e-04	-1.632e-02	-3.523e-02
145526.50	-1.930e-03	-7.200e-02	2.870e-02
145527.50	5.770e-03	-8.563e-03	1.939e-02
145528.50	3.706e-03	-2.189e-02	9.888e-03
145529.50	-5.242e-05	-2.467e-02	1.066e-01
145530.50	-5.875e-03	-7.152e-02	-6.643e-02
145531.50	4.742e-03	4.915e-02	2.227e-02
145532.50	-4.061e-03	-8.131e-02	-2.669e-03
145533.50	4.790e-03	1.526e-02	-1.046e-01
145534.50	-2.237e-02	-9.590e-02	-6.317e-02
145535.50	-7.421e-03	-4.829e-02	8.342e-02
145536.50	-3.782e-03	2.266e-02	-9.082e-03
145537.50	-1.517e-03	7.075e-02	-1.258e-01
145538.50	-8.362e-05	1.210e-02	5.923e-03
145539.50	3.638e-04	3.398e-02	6.134e-02
145540.50	2.054e-03	5.165e-02	3.370e-02
145541.50	-1.939e-03	-9.130e-02	7.555e-02
145542.50	-7.526e-04	3.466e-02	-1.152e-02
145543.50	8.813e-04	7.181e-02	-1.910e-02
145544.50	-5.510e-04	4.656e-02	7.507e-02
145545.50	5.021e-03	3.024e-02	-5.136e-02
145546.50	1.661e-04	7.037e-02	-2.208e-02
145547.50	-2.429e-03	-8.986e-02	-6.787e-02
145548.50	1.757e-03	-8.669e-03	4.253e-02
145549.50	-2.784e-04	2.112e-02	3.139e-02
145550.50	-2.611e-03	-1.046e-01	-6.480e-02
145551.50	-3.418e-03	-7.248e-02	2.890e-02
145552.50	2.554e-03	1.008e-01	2.102e-02
145553.50	-1.603e-04	5.366e-03	-9.696e-02
145554.50	2.669e-03	6.902e-02	2.986e-02
145555.50	1.824e-03	2.774e-02	-1.334e-02
145556.50	-6.038e-03	-7.978e-02	-1.920e-02
145557.50	2.112e-03	3.082e-02	4.829e-02
145558.50	3.389e-03	4.733e-02	2.755e-02
145559.50	-2.016e-03	3.571e-02	2.381e-02
145560.50	-1.824e-03	-3.994e-02	1.142e-01
145561.50	-6.739e-04	4.598e-02	-5.414e-02
145562.50	-4.339e-03	-3.466e-02	-8.717e-02
145563.50	-1.834e-03	-3.014e-02	-7.747e-02
145564.50	-3.850e-04	4.742e-03	-3.475e-02
145565.50	7.315e-04	5.376e-02	2.438e-02
145566.50	-1.862e-03	1.766e-02	6.298e-03
145567.50	2.362e-03	5.069e-02	-1.123e-02
145568.50	1.910e-03	-1.181e-01	2.304e-02
145569.50	-1.565e-03	-5.203e-02	4.234e-03
145570.50	3.917e-03	9.888e-02	3.293e-02
145571.50	-2.093e-03	4.493e-04	8.650e-02
145572.50	-5.242e-04	-3.254e-02	9.408e-02
145573.50	2.045e-03	1.546e-02	1.325e-01
145574.50	-2.611e-03	-7.718e-03	-1.133e-02
145575.50	-1.114e-03	-5.280e-02	-4.896e-02
145576.50	-2.362e-03	-1.267e-01	4.070e-03
145577.50	-2.842e-03	-6.778e-02	-1.306e-01
145578.50	-3.014e-04	5.952e-02	-1.152e-01
145579.50	-4.118e-03	-2.870e-02	-6.067e-02
145580.50	-5.760e-04	-1.584e-02	-3.350e-02
145581.50	2.496e-03	3.830e-02	8.448e-02
145582.50	1.421e-04	-3.850e-03	6.106e-02
145583.50	-3.869e-03	-2.986e-02	-1.123e-02
145584.50	-5.280e-03	-7.430e-02	-6.394e-02
145585.50	-5.078e-04	-3.130e-02	2.496e-02
145586.50	-1.046e-04	-6.010e-02	-7.334e-03
145587.50	-3.082e-04	-3.571e-03	-2.506e-02
145588.50	2.669e-04	-2.266e-02	-5.866e-03
145589.50	3.629e-03	4.070e-02	-5.078e-02
145590.50	5.530e-04	4.877e-02	2.534e-02
145591.50	-8.419e-04	3.898e-02	-2.141e-02
145592.50	4.147e-03	6.317e-02	6.605e-02
145593.50	2.083e-03	-2.870e-03	2.602e-03
145594.50	-1.392e-03	-2.429e-02	-2.592e-02
145595.50	2.064e-03	1.747e-02	-8.563e-03
145596.50	2.275e-03	3.005e-02	3.235e-02
145597.50	-1.891e-03	5.510e-02	-5.213e-02
145598.50	3.168e-05	-1.181e-02	1.430e-04
145599.50	-6.010e-04	-5.213e-02	1.382e-02
145600.50	-1.094e-04	4.877e-02	-9.379e-02
145601.50	-2.438e-03	-2.794e-02	5.338e-02
