145003.50	0.000e+00	0.000e+00	0.000e+00
145004.50	0.000e+00	0.000e+00	0.000e+00
145005.50	0.000e+00	0.000e+00	0.000e+00
145006.50	0.000e+00	0.000e+00	0.000e+00
145007.50	0.000e+00	0.000e+00	0.000e+00
145008.50	0.000e+00	0.000e+00	0.000e+00
145009.50	0.000e+00	0.000e+00	0.000e+00
145010.50	0.000e+00	0.000e+00	0.000e+00
145011.50	0.000e+00	0.000e+00	0.000e+00
145012.50	0.000e+00	0.000e+00	0.000e+00
145013.50	0.000e+00	0.000e+00	0.000e+00
145014.50	0.000e+00	0.000e+00	0.000e+00
145015.50	0.000e+00	0.000e+00	0.000e+00
145016.50	0.000e+00	0.000e+00	0.000e+00
145017.50	0.000e+00	0.000e+00	0.000e+00
145018.50	0.000e+00	0.000e+00	0.000e+00
145019.50	0.000e+00	0.000e+00	0.000e+00
145020.50	0.000e+00	0.000e+00	0.000e+00
145021.50	0.000e+00	0.000e+00	0.000e+00
145022.50	0.000e+00	0.000e+00	0.000e+00
145023.50	0.000e+00	0.000e+00	0.000e+00
145024.50	0.000e+00	0.000e+00	0.000e+00
145025.50	0.000e+00	0.000e+00	0.000e+00
145026.50	0.000e+00	0.000e+00	0.000e+00
145027.50	0.000e+00	0.000e+00	0.000e+00
145028.50	0.000e+00	0.000e+00	0.000e+00
145029.50	0.000e+00	0.000e+00	0.000e+00
145030.50	0.000e+00	0.000e+00	0.000e+00
145031.50	0.000e+00	0.000e+00	0.000e+00
145032.50	0.000e+00	0.000e+00	0.000e+00
145033.50	0.000e+00	0.000e+00	0.000e+00
145034.50	0.000e+00	0.000e+00	0.000e+00
145035.50	0.000e+00	0.000e+00	0.000e+00
145036.50	0.000e+00	0.000e+00	0.000e+00
145037.50	0.000e+00	0.000e+00	0.000e+00
145038.50	0.000e+00	0.000e+00	0.000e+00
145039.50	0.000e+00	0.000e+00	0.000e+00
145040.50	0.000e+00	0.000e+00	0.000e+00
145041.50	0.000e+00	0.000e+00	0.000e+00
145042.50	0.000e+00	0.000e+00	0.000e+00
145043.50	0.000e+00	0.000e+00	0.000e+00
145044.50	0.000e+00	0.000e+00	0.000e+00
145045.50	0.000e+00	0.000e+00	0.000e+00
145046.50	0.000e+00	0.000e+00	0.000e+00
145047.50	0.000e+00	0.000e+00	0.000e+00
145048.50	0.000e+00	0.000e+00	0.000e+00
145049.50	0.000e+00	0.000e+00	0.000e+00
145050.50	0.000e+00	0.000e+00	0.000e+00
145051.50	0.000e+00	0.000e+00	0.000e+00
145052.50	0.000e+00	0.000e+00	0.000e+00
145053.50	0.000e+00	0.000e+00	0.000e+00
145054.50	0.000e+00	0.000e+00	0.000e+00
145055.50	0.000e+00	0.000e+00	0.000e+00
145056.50	0.000e+00	0.000e+00	0.000e+00
145057.50	0.000e+00	0.000e+00	0.000e+00
145058.50	0.000e+00	0.000e+00	0.000e+00
145059.50	0.000e+00	0.000e+00	0.000e+00
145060.50	0.000e+00	0.000e+00	0.000e+00
145061.50	0.000e+00	0.000e+00	0.000e+00
145062.50	0.000e+00	0.000e+00	0.000e+00
145063.50	0.000e+00	0.000e+00	0.000e+00
145064.50	0.000e+00	0.000e+00	0.000e+00
145065.50	0.000e+00	0.000e+00	0.000e+00
145066.50	0.000e+00	0.000e+00	0.000e+00
145067.50	0.000e+00	0.000e+00	0.000e+00
145068.50	0.000e+00	0.000e+00	0.000e+00
145069.50	0.000e+00	0.000e+00	0.000e+00
145070.50	0.000e+00	0.000e+00	0.000e+00
145071.50	0.000e+00	0.000e+00	0.000e+00
145072.50	0.000e+00	0.000e+00	0.000e+00
145073.50	0.000e+00	0.000e+00	0.000e+00
145074.50	0.000e+00	0.000e+00	0.000e+00
145075.50	0.000e+00	0.000e+00	0.000e+00
145076.50	0.000e+00	0.000e+00	0.000e+00
145077.50	0.000e+00	0.000e+00	0.000e+00
145078.50	0.000e+00	0.000e+00	0.000e+00
145079.50	0.000e+00	0.000e+00	0.000e+00
145080.50	0.000e+00	0.000e+00	0.000e+00
145081.50	0.000e+00	0.000e+00	0.000e+00
145082.50	0.000e+00	0.000e+00	0.000e+00
145083.50	0.000e+00	0.000e+00	0.000e+00
145084.50	0.000e+00	0.000e+00	0.000e+00
145085.50	0.000e+00	0.000e+00	0.000e+00
145086.50	0.000e+00	0.000e+00	0.000e+00
145087.50	0.000e+00	0.000e+00	0.000e+00
145088.50	0.000e+00	0.000e+00	0.000e+00
145089.50	0.000e+00	0.000e+00	0.000e+00
145090.50	0.000e+00	0.000e+00	0.000e+00
145091.50	0.000e+00	0.000e+00	0.000e+00
145092.50	0.000e+00	0.000e+00	0.000e+00
145093.50	0.000e+00	0.000e+00	0.000e+00
145094.50	0.000e+00	0.000e+00	0.000e+00
145095.50	0.000e+00	0.000e+00	0.000e+00
145096.50	0.000e+00	0.000e+00	0.000e+00
145097.50	0.000e+00	0.000e+00	0.000e+00
145098.50	0.000e+00	0.000e+00	0.000e+00
145099.50	0.000e+00	0.000e+00	0.000e+00
145100.50	0.000e+00	0.000e+00	0.000e+00
145101.50	0.000e+00	0.000e+00	0.000e+00
145102.50	0.000e+00	0.000e+00	0.000e+00
145103.50	0.000e+00	0.000e+00	0.000e+00
145104.50	0.000e+00	0.000e+00	0.000e+00
145105.50	0.000e+00	0.000e+00	0.000e+00
145106.50	0.000e+00	0.000e+00	0.000e+00
145107.50	0.000e+00	0.000e+00	0.000e+00
145108.50	0.000e+00	0.000e+00	0.000e+00
145109.50	0.000e+00	0.000e+00	0.000e+00
145110.50	0.000e+00	0.000e+00	0.000e+00
145111.50	0.000e+00	0.000e+00	0.000e+00
145112.50	0.000e+00	0.000e+00	0.000e+00
145113.50	0.000e+00	0.000e+00	0.000e+00
145114.50	0.000e+00	0.000e+00	0.000e+00
145115.50	0.000e+00	0.000e+00	0.000e+00
145116.50	0.000e+00	0.000e+00	0.000e+00
145117.50	0.000e+00	0.000e+00	0.000e+00
145118.50	0.000e+00	0.000e+00	0.000e+00
145119.50	0.000e+00	0.000e+00	0.000e+00
145120.50	0.000e+00	0.000e+00	0.000e+00
145121.50	0.000e+00	0.000e+00	0.000e+00
145122.50	0.000e+00	0.000e+00	0.000e+00
145123.50	0.000e+00	0.000e+00	0.000e+00
145124.50	0.000e+00	0.000e+00	0.000e+00
145125.50	0.000e+00	0.000e+00	0.000e+00
145126.50	0.000e+00	0.000e+00	0.000e+00
145127.50	0.000e+00	0.000e+00	0.000e+00
145128.50	0.000e+00	0.000e+00	0.000e+00
145129.50	0.000e+00	0.000e+00	0.000e+00
145130.50	0.000e+00	0.000e+00	0.000e+00
145131.50	0.000e+00	0.000e+00	0.000e+00
145132.50	0.000e+00	0.000e+00	0.000e+00
145133.50	0.000e+00	0.000e+00	0.000e+00
145134.50	0.000e+00	0.000e+00	0.000e+00
145135.50	0.000e+00	0.000e+00	0.000e+00
145136.50	0.000e+00	0.000e+00	0.000e+00
145137.50	0.000e+00	0.000e+00	0.000e+00
145138.50	0.000e+00	0.000e+00	0.000e+00
145139.50	0.000e+00	0.000e+00	0.000e+00
145140.50	0.000e+00	0.000e+00	0.000e+00
145141.50	3.523e-07	6.346e-05	-1.507e-05
145142.50	1.133e-05	8.966e-04	8.275e-05
145143.50	1.219e-05	4.224e-04	5.318e-05
145144.50	-2.381e-06	-6.912e-04	3.792e-04
145145.50	-6.288e-06	-8.640e-05	-1.603e-04
145146.50	-1.277e-05	-2.467e-04	-2.467e-04
145147.50	-3.984e-06	-3.840e-04	-2.400e-04
145148.50	-2.880e-06	2.381e-05	-1.997e-04
145149.50	-1.190e-07	-1.075e-04	2.006e-05
145150.50	3.907e-07	1.296e-04	-4.253e-06
145151.50	1.469e-05	1.421e-03	1.843e-03
145152.50	6.797e-05	3.590e-03	2.602e-03
145153.50	1.046e-04	-1.277e-03	2.074e-03
145154.50	3.667e-04	-2.429e-02	2.515e-02
145155.50	-8.592e-04	-1.834e-02	-5.251e-02
145156.50	-4.848e-04	-4.589e-04	-3.936e-02
145157.50	5.942e-04	2.429e-02	4.195e-02
145158.50	6.989e-04	3.514e-02	4.243e-02
145159.50	-4.253e-04	6.826e-02	-3.245e-02
145160.50	1.200e-02	-2.237e+00	8.794e-01
145161.50	5.328e-02	-1.824e+01	3.024e+00
145162.50	1.056e+00	-5.597e+02	6.902e+01
145163.50	4.042e+00	-1.728e+03	2.650e+02
145164.50	-7.344e-01	2.458e+02	-6.672e+01
145165.50	-6.864e-01	2.006e+02	-5.491e+01
145166.50	-1.997e-01	1.853e+02	-1.766e+01
145167.50	-2.755e-01	1.373e+02	-2.227e+01
145168.50	-2.842e-01	1.190e+02	-1.978e+01
145169.50	-2.822e-01	1.190e+02	-1.920e+01
145170.50	-1.699e-01	9.984e+01	-1.286e+01
145171.50	-1.632e-01	9.437e+01	-1.114e+01
145172.50	-1.795e-01	7.594e+01	-1.181e+01
145173.50	-3.370e-02	6.701e+01	-1.603e+00
145174.50	-2.131e-01	6.778e+01	-1.286e+01
145175.50	-1.056e-01	6.346e+01	-6.864e+00
145176.50	-4.954e-02	4.982e+01	-1.680e+00
145177.50	-1.133e-01	5.002e+01	-6.566e+00
145178.50	-1.402e-01	4.666e+01	-9.475e+00
145179.50	-1.584e-01	4.454e+01	-9.293e+00
145180.50	-2.582e-02	4.147e+01	-1.488e+00
145181.50	-1.373e-01	3.600e+01	-8.266e+00
145182.50	-3.763e-02	2.832e+01	-1.373e+00
145183.50	-1.085e-02	3.466e+01	1.939e-01
145184.50	-6.576e-02	2.822e+01	-3.811e+00
145185.50	-5.914e-03	2.400e+01	-5.232e-01
145186.50	-3.254e-02	2.534e+01	-9.533e-01
145187.50	-3.216e-02	2.352e+01	-1.392e+00
145188.50	-5.059e-02	2.237e+01	-2.054e+00
145189.50	-2.659e-02	1.709e+01	-1.536e+00
145190.50	-2.602e-02	1.766e+01	-1.219e+00
145191.50	-4.896e-02	1.834e+01	-2.554e+00
145192.50	-4.685e-02	1.824e+01	-2.381e+00
145193.50	-2.314e-02	1.853e+01	-9.197e-01
145194.50	-7.142e-02	1.440e+01	-3.485e+00
145195.50	-2.832e-02	1.555e+01	-8.986e-01
145196.50	-2.928e-02	1.027e+01	-1.315e+00
145197.50	-4.147e-02	1.104e+01	-1.776e+00
145198.50	-4.378e-02	1.190e+01	-1.834e+00
145199.50	-4.195e-03	1.200e+01	-3.590e-01
145200.50	-1.094e-02	1.152e+01	-4.877e-01
145201.50	-1.277e-02	8.275e+00	7.939e-02
145202.50	-3.869e-02	8.707e+00	-1.027e+00
145203.50	-2.419e-02	8.909e+00	-1.267e+00
145204.50	-1.296e-02	8.045e+00	-5.808e-01
145205.50	-5.597e-03	6.490e+00	-3.782e-01
145206.50	-9.331e-03	7.421e+00	-4.291e-01
145207.50	-4.349e-03	6.010e+00	3.331e-01
145208.50	1.795e-02	7.306e+00	1.450e+00
145209.50	2.861e-02	6.010e+00	1.997e+00
145210.50	-2.045e-02	6.403e+00	-7.056e-01
145211.50	-2.794e-02	4.752e+00	-9.984e-01
145212.50	-1.930e-03	5.194e+00	-6.240e-01
145213.50	6.432e-03	5.059e+00	6.259e-01
145214.50	-9.696e-03	5.424e+00	-5.952e-01
145215.50	2.515e-03	5.558e+00	2.102e-01
145216.50	-3.091e-02	4.262e+00	-1.152e+00
145217.50	-2.611e-02	4.474e+00	-1.430e+00
145218.50	-2.966e-02	3.216e+00	-7.277e-01
145219.50	-1.824e-02	4.291e+00	-9.600e-01
145220.50	4.195e-03	3.715e+00	4.954e-01
145221.50	-1.872e-02	3.197e+00	-4.675e-01
145222.50	5.952e-03	2.813e+00	6.547e-03
145223.50	-1.248e-02	2.400e+00	-7.987e-01
145224.50	3.811e-03	3.936e+00	6.778e-01
145225.50	1.834e-02	3.341e+00	1.046e+00
145226.50	-1.507e-02	2.880e+00	-7.814e-01
145227.50	-1.382e-02	2.083e+00	-2.218e-01
145228.50	-3.994e-03	2.890e+00	2.362e-01
145229.50	-2.429e-02	1.574e+00	-1.344e+00
145230.50	-6.538e-03	1.651e+00	-2.842e-01
145231.50	-1.162e-02	2.678e+00	-6.768e-01
145232.50	-9.984e-03	8.870e-01	-4.042e-01
145233.50	-1.814e-03	2.237e+00	1.843e-01
145234.50	-1.843e-02	2.592e+00	-7.123e-01
145235.50	-2.736e-03	2.496e+00	2.630e-01
145236.50	-4.675e-03	1.882e+00	-5.741e-01
145237.50	1.776e-03	1.315e+00	-2.966e-02
145238.50	7.219e-04	7.776e-01	2.477e-01
145239.50	-1.738e-02	1.306e+00	-5.222e-01
145240.50	6.941e-03	4.598e-01	4.493e-01
145241.50	5.885e-03	1.603e+00	3.715e-01
145242.50	1.277e-03	1.613e+00	1.910e-01
145243.50	-5.808e-03	2.218e+00	-1.411e-01
145244.50	1.056e-03	1.738e+00	-1.958e-01
145245.50	-1.286e-02	8.659e-01	-4.675e-01
145246.50	3.725e-03	3.984e-01	-2.314e-01
145247.50	-1.142e-02	4.886e-01	-4.013e-01
145248.50	-5.664e-03	5.606e-01	-1.805e-01
145249.50	-7.930e-03	8.333e-01	-2.477e-01
145250.50	-6.864e-03	3.158e-01	-1.978e-01
145251.50	-1.690e-02	1.882e+00	-1.066e+00
145252.50	1.354e-02	9.187e-01	7.901e-01
145253.50	7.123e-03	4.877e-01	4.291e-01
145254.50	-2.419e-02	5.875e-01	-9.331e-01
145255.50	-1.133e-02	7.354e-01	-5.194e-01
145256.50	-4.272e-03	3.408e-01	-6.326e-02
145257.50	-5.021e-03	1.872e-01	1.094e-01
145258.50	-4.416e-03	8.506e-01	-2.611e-01
145259.50	1.219e-02	1.056e+00	7.709e-01
145260.50	1.075e-03	9.984e-01	3.638e-02
145261.50	5.520e-03	1.027e+00	-2.544e-01
145262.50	5.702e-03	5.280e-01	7.248e-02
145263.50	-8.928e-03	2.966e-01	-4.022e-01
145264.50	1.680e-04	3.562e-01	3.773e-01
145265.50	-1.142e-03	7.114e-01	-5.165e-02
145266.50	-1.747e-03	7.738e-01	2.035e-01
145267.50	-8.736e-04	5.664e-01	-1.382e-01
145268.50	1.344e-03	1.200e+00	7.882e-02
145269.50	-3.581e-03	2.246e-01	-1.882e-01
145270.50	-2.429e-03	3.418e-01	-8.275e-02
145271.50	-1.152e-02	5.482e-01	-4.272e-01
145272.50	-1.315e-03	2.400e-01	-1.670e-01
145273.50	-5.338e-03	6.634e-01	-2.611e-02
145274.50	-3.782e-03	-1.776e-01	6.307e-03
145275.50	-1.229e-02	2.678e-01	-4.205e-01
145276.50	2.390e-03	-1.843e-01	2.832e-01
145277.50	-9.062e-03	4.349e-01	-5.750e-01
145278.50	1.334e-02	-1.411e-02	5.405e-01
145279.50	-1.709e-03	1.795e-01	-1.286e-01
145280.50	4.406e-03	5.414e-01	4.714e-01
145281.50	-4.906e-03	5.568e-01	-2.947e-01
145282.50	-1.104e-02	3.533e-02	-5.712e-01
145283.50	1.987e-03	5.270e-01	1.286e-01
145284.50	-8.410e-03	4.550e-01	-3.514e-01
145285.50	-4.886e-03	5.760e-01	-2.237e-01
145286.50	2.179e-03	1.526e-01	2.544e-01
145287.50	-7.699e-03	-5.194e-01	-8.237e-03
145288.50	5.664e-03	1.565e-01	-5.779e-02
145289.50	6.518e-03	2.429e-01	3.456e-01
145290.50	4.570e-03	3.706e-01	1.786e-01
145291.50	2.592e-03	1.891e-01	-3.072e-01
145292.50	-4.512e-03	-2.352e-01	-1.450e-01
145293.50	-6.778e-03	5.837e-01	5.530e-02
145294.50	-6.518e-03	3.878e-01	-2.650e-01
145295.50	1.536e-02	3.600e-01	1.114e-01
145296.50	-6.230e-03	-4.138e-02	-1.594e-01
145297.50	6.787e-03	3.130e-02	3.725e-01
145298.50	-2.256e-02	-7.603e-02	4.646e-01
145299.50	5.722e-04	3.984e-01	8.957e-02
145300.50	-1.296e-02	1.488e-01	-6.816e-01
145301.50	-3.350e-03	-1.766e-01	-3.725e-02
145302.50	-4.061e-03	3.350e-01	5.299e-02
145303.50	1.190e-03	1.603e-01	-5.962e-02
145304.50	3.178e-03	2.602e-01	1.920e-01
145305.50	-4.656e-03	3.466e-01	-5.155e-02
145306.50	3.994e-03	4.368e-01	-7.891e-02
145307.50	-1.747e-03	7.248e-02	9.792e-02
145308.50	1.037e-02	-1.642e-01	-3.274e-02
145309.50	-6.758e-04	1.594e-01	-2.515e-02
145310.50	1.632e-03	-2.496e-02	2.496e-01
145311.50	-5.136e-03	2.669e-01	-5.232e-02
145312.50	-9.206e-03	2.525e-01	-4.579e-01
145313.50	8.630e-03	-5.539e-02	8.045e-02
145314.50	-1.546e-03	1.315e-01	1.334e-01
145315.50	5.472e-03	2.150e-01	2.266e-01
145316.50	-3.840e-03	1.603e-01	-7.613e-02
145317.50	-9.235e-03	1.277e-01	-1.843e-02
145318.50	-3.418e-03	5.155e-02	-1.104e-01
145319.50	-5.616e-03	2.448e-02	-1.296e-01
145320.50	1.853e-03	2.477e-01	-1.862e-01
145321.50	4.771e-03	-1.056e-01	1.632e-01
145322.50	-3.312e-04	-1.200e-02	1.238e-01
145323.50	6.221e-03	4.157e-01	2.390e-01
145324.50	3.946e-03	-4.896e-02	3.658e-02
145325.50	-5.453e-03	6.806e-02	-9.523e-02
145326.50	-5.558e-04	3.773e-01	-1.603e-01
145327.50	-1.219e-03	1.171e-01	-2.918e-03
145328.50	-8.390e-03	2.438e-01	-3.350e-01
145329.50	-4.445e-04	-2.208e-01	-1.661e-02
145330.50	-1.642e-03	-1.421e-01	1.114e-01
145331.50	-2.698e-03	3.734e-02	6.298e-02
145332.50	-6.979e-04	-4.282e-02	2.198e-02
145333.50	-1.757e-03	6.682e-02	-2.592e-01
145334.50	1.776e-03	1.123e-01	4.416e-02
145335.50	-4.378e-03	1.382e-01	-1.152e-01
145336.50	1.075e-04	6.787e-02	-7.574e-02
145337.50	3.427e-03	2.486e-01	5.165e-02
145338.50	-3.552e-03	-1.018e-01	4.291e-02
145339.50	-4.982e-03	-5.117e-02	-4.214e-02
145340.50	-1.949e-03	1.882e-01	7.987e-02
145341.50	4.013e-03	-1.594e-04	1.181e-01
145342.50	7.430e-03	2.544e-01	2.669e-01
145343.50	2.362e-03	2.429e-01	1.699e-01
145344.50	-1.133e-03	1.555e-01	1.680e-02
145345.50	-3.274e-03	2.458e-01	-2.410e-01
145346.50	-4.378e-04	-2.419e-01	-1.046e-01
145347.50	2.918e-03	2.026e-02	1.402e-01
145348.50	2.237e-04	3.898e-01	1.190e-01
145349.50	2.707e-03	-1.325e-01	1.584e-01
145350.50	-8.736e-03	-4.080e-01	-2.861e-01
145351.50	-1.267e-03	1.306e-01	-5.338e-02
145352.50	-5.789e-03	-1.565e-02	-2.515e-01
145353.50	2.784e-03	1.670e-01	2.909e-01
145354.50	-1.162e-04	3.110e-01	3.331e-02
145355.50	1.123e-03	5.539e-02	-1.738e-01
145356.50	1.517e-03	-7.171e-02	-1.334e-01
145357.50	3.629e-03	2.573e-01	1.200e-01
145358.50	-1.594e-03	-7.632e-02	3.514e-02
145359.50	1.114e-03	1.229e-01	1.181e-01
145360.50	-2.285e-03	-8.458e-02	-2.045e-01
145361.50	2.563e-03	-4.637e-02	-6.691e-02
145362.50	1.709e-03	-1.315e-01	3.542e-02
145363.50	3.178e-03	5.136e-02	-7.834e-03
145364.50	1.632e-03	1.709e-01	1.315e-01
145365.50	-2.554e-03	-8.246e-02	1.430e-02
145366.50	-5.146e-05	8.083e-02	1.373e-01
145367.50	-1.440e-03	1.728e-02	-8.765e-02
145368.50	8.285e-04	1.651e-01	9.082e-02
145369.50	1.910e-03	1.670e-01	-1.315e-02
145370.50	3.946e-03	-1.018e-01	6.854e-02
145371.50	-4.157e-03	-1.008e-02	-1.085e-01
145372.50	-1.248e-03	1.008e-01	-7.018e-02
145373.50	3.408e-03	-8.938e-02	9.888e-02
145374.50	-9.696e-04	2.467e-01	-3.850e-02
145375.50	-4.637e-03	4.416e-02	-4.512e-02
145376.50	1.872e-03	1.594e-01	2.131e-03
145377.50	3.024e-04	-2.218e-01	-2.314e-03
145378.50	-3.235e-03	-2.400e-02	-8.755e-02
145379.50	-1.949e-04	-8.842e-02	8.688e-02
145380.50	9.187e-03	-7.536e-02	2.467e-01
145381.50	-4.666e-04	-9.984e-02	-1.258e-02
145382.50	-3.792e-03	1.709e-01	-2.170e-01
145383.50	2.650e-05	1.757e-01	-4.685e-02
145384.50	-1.114e-03	-4.493e-02	7.613e-03
145385.50	1.066e-03	-5.962e-02	-1.190e-02
145386.50	-3.312e-03	-1.402e-01	1.142e-02
145387.50	9.178e-04	1.901e-01	-7.478e-02
145388.50	1.027e-03	3.283e-02	1.142e-01
145389.50	-3.245e-03	-1.536e-03	-2.083e-01
145390.50	-1.862e-04	1.613e-01	3.024e-02
145391.50	5.107e-03	8.256e-02	5.664e-02
145392.50	-6.211e-05	6.586e-02	-1.027e-01
145393.50	-3.658e-03	-4.320e-02	4.915e-02
145394.50	-5.078e-03	-7.478e-02	6.749e-02
145395.50	3.446e-03	-2.976e-02	1.142e-01
145396.50	9.149e-04	-2.419e-01	-7.171e-02
145397.50	-1.046e-03	2.842e-03	-7.392e-02
145398.50	3.226e-03	1.795e-02	1.747e-01
145399.50	4.253e-03	-1.603e-02	-9.696e-03
145400.50	6.538e-04	6.230e-02	5.194e-02
145401.50	-1.709e-03	-7.882e-02	-7.882e-02
145402.50	2.227e-03	3.859e-02	4.090e-02
145403.50	9.581e-04	-8.342e-02	4.896e-02
145404.50	-7.498e-03	-1.450e-02	-2.534e-01
145405.50	-5.674e-03	7.392e-02	-1.142e-02
145406.50	4.406e-03	-1.536e-02	1.008e-01
145407.50	5.885e-04	-1.162e-01	6.826e-02
145408.50	-3.821e-03	-5.962e-02	-1.891e-01
145409.50	-4.282e-03	1.670e-02	-9.101e-02
145410.50	-2.746e-03	-9.984e-02	3.926e-02
145411.50	2.112e-03	8.438e-02	5.904e-02
145412.50	6.278e-04	-3.274e-02	6.288e-03
145413.50	9.523e-05	2.074e-02	9.350e-02
145414.50	-6.576e-03	2.218e-03	-1.507e-01
145415.50	8.890e-04	6.941e-02	7.123e-02
145416.50	-5.962e-03	-5.818e-02	-1.142e-01
145417.50	1.210e-02	-5.501e-03	4.464e-02
145418.50	5.779e-03	5.933e-02	-4.320e-02
145419.50	4.186e-03	1.459e-01	4.454e-02
145420.50	-2.141e-03	-2.381e-02	-1.200e-03
145421.50	-7.555e-03	7.843e-02	-1.277e-01
145422.50	-4.819e-03	3.917e-02	-6.634e-02
145423.50	6.960e-03	-1.277e-02	2.506e-01
145424.50	-2.957e-04	-6.816e-02	-1.363e-02
145425.50	1.565e-02	6.854e-02	1.286e-02
145426.50	1.219e-02	6.298e-02	-8.131e-02
145427.50	8.150e-03	1.334e-02	-6.317e-02
145428.50	2.256e-03	1.843e-01	1.430e-01
145429.50	2.074e-03	-9.120e-03	-1.526e-02
145430.50	5.242e-03	-8.170e-02	1.440e-01
145431.50	5.482e-04	1.190e-01	-5.030e-02
145432.50	6.125e-03	4.397e-02	-8.726e-03
145433.50	-9.984e-03	7.450e-03	-5.424e-02
145434.50	-2.813e-03	5.789e-02	-3.389e-03
145435.50	-2.467e-04	6.365e-02	-2.246e-03
145436.50	-4.608e-03	1.709e-01	-2.458e-01
145437.50	6.134e-03	-4.896e-02	1.430e-01
145438.50	4.925e-04	-8.227e-02	4.925e-02
145439.50	5.981e-03	-1.680e-02	4.205e-02
145440.50	4.243e-04	5.462e-02	1.066e-01
145441.50	2.131e-04	8.784e-02	3.389e-03
145442.50	2.294e-03	8.746e-02	9.984e-03
145443.50	-5.069e-03	-7.747e-02	-1.421e-01
145444.50	1.910e-03	-7.517e-02	-7.757e-02
145445.50	4.003e-03	2.938e-02	1.507e-02
145446.50	-5.952e-04	-1.786e-02	-1.238e-01
145447.50	-3.725e-03	-7.958e-03	-1.930e-02
145448.50	-8.861e-04	9.696e-02	-3.504e-02
145449.50	1.238e-03	-8.918e-02	-5.194e-02
145450.50	1.747e-03	3.994e-02	3.965e-02
145451.50	-3.216e-03	9.475e-02	-1.594e-02
145452.50	3.523e-03	-3.014e-03	3.331e-02
145453.50	1.978e-03	-8.592e-02	-2.678e-02
145454.50	3.456e-02	-3.898e-02	-4.291e-02
145455.50	9.590e-03	2.928e-01	1.018e-01
145456.50	1.478e-03	1.094e-01	2.256e-01
145457.50	-2.640e-03	-7.459e-02	1.152e-02
145458.50	-2.707e-03	-7.594e-02	7.219e-02
145459.50	-6.173e-03	-2.323e-02	-2.285e-01
145460.50	9.456e-03	2.736e-02	2.102e-02
145461.50	1.642e-03	-1.363e-02	5.520e-02
145462.50	-1.680e-02	-7.478e-02	4.550e-02
145463.50	-8.285e-04	9.206e-02	-1.699e-02
145464.50	4.618e-03	3.706e-02	1.104e-02
145465.50	1.056e-03	2.160e-02	1.651e-01
145466.50	2.650e-03	3.610e-02	-6.192e-02
145467.50	1.085e-02	1.085e-01	-2.957e-02
145468.50	1.978e-02	-5.366e-02	1.517e-01
145469.50	-6.586e-03	-1.949e-01	-1.507e-02
145470.50	2.506e-03	1.968e-01	3.984e-02
145471.50	-4.829e-03	2.506e-02	-1.565e-01
145472.50	-1.411e-02	-8.352e-02	-1.190e-01
145473.50	-2.246e-02	3.830e-03	-6.106e-02
145474.50	-2.371e-03	-1.181e-02	-3.274e-02
145475.50	-3.149e-03	4.387e-02	-7.402e-03
145476.50	1.411e-04	7.968e-02	-4.483e-02
145477.50	-6.230e-03	-8.918e-03	-3.763e-02
145478.50	1.526e-02	-1.382e-01	-1.363e-02
145479.50	2.448e-02	2.093e-02	8.054e-02
145480.50	1.152e-02	-4.742e-02	2.054e-01
145481.50	1.546e-03	5.040e-02	1.190e-01
145482.50	-2.045e-02	-4.819e-02	-8.611e-02
145483.50	-1.363e-03	-7.978e-03	-2.890e-02
145484.50	1.603e-02	-9.514e-02	3.206e-02
145485.50	-2.304e-02	-1.930e-02	-1.354e-01
145486.50	4.819e-03	-1.853e-02	-4.694e-02
145487.50	7.882e-04	8.390e-02	3.178e-02
145488.50	-3.024e-03	4.704e-02	4.166e-02
145489.50	-1.776e-02	-4.406e-02	-6.682e-02
145490.50	-4.406e-04	-6.595e-02	1.248e-01
145491.50	2.419e-04	-2.141e-02	8.506e-02
145492.50	-3.254e-03	6.240e-02	2.093e-02
145493.50	-2.458e-03	-1.210e-03	-5.866e-02
145494.50	2.582e-03	3.149e-02	-5.683e-02
145495.50	-3.389e-03	-1.046e-01	-1.190e-01
145496.50	-4.138e-04	-3.974e-02	-3.840e-02
145497.50	-2.170e-03	7.891e-02	-9.888e-02
145498.50	-4.445e-04	5.050e-02	5.395e-02
145499.50	-1.613e-04	7.757e-02	6.240e-03
145500.50	1.373e-02	1.046e-02	4.205e-02
145501.50	4.550e-03	-9.494e-03	3.389e-02
145502.50	2.611e-03	2.304e-02	-4.608e-04
145503.50	6.845e-04	1.200e-01	2.698e-02
145504.50	-6.048e-03	-3.878e-02	4.685e-03
145505.50	2.832e-03	-6.605e-02	-5.558e-02
145506.50	2.227e-02	-3.341e-02	1.008e-01
145507.50	-9.197e-02	-3.331e-03	-3.322e-01
145508.50	1.066e-03	4.685e-02	2.592e-02
145509.50	-8.506e-03	-1.008e-01	-3.206e-02
145510.50	-2.726e-03	-1.171e-01	-4.022e-02
145511.50	4.109e-03	-3.590e-02	3.418e-02
145512.50	-1.306e-03	-1.584e-02	-2.035e-02
145513.50	-7.805e-03	-8.323e-02	-9.888e-02
145514.50	-7.507e-04	-3.427e-02	1.997e-02
145515.50	1.334e-03	1.872e-02	-7.795e-04
145516.50	7.555e-04	7.430e-02	3.658e-02
145517.50	1.027e-03	-1.018e-02	2.899e-02
145518.50	6.278e-04	3.475e-03	8.074e-02
145519.50	-1.210e-03	2.842e-03	1.075e-03
145520.50	-4.742e-03	6.192e-02	5.683e-02
145521.50	-1.622e-03	-2.275e-02	4.896e-02
145522.50	2.602e-03	4.330e-02	-6.067e-03
145523.50	-3.293e-03	3.168e-02	-5.539e-02
145524.50	-3.725e-03	1.258e-01	-3.917e-02
145525.50	7.181e-04	-8.390e-03	-7.891e-02
145526.50	1.008e-02	-1.286e-01	5.837e-02
145527.50	-2.266e-03	4.579e-02	-2.131e-03
145528.50	-1.344e-04	8.362e-02	6.768e-03
145529.50	-5.501e-05	-3.206e-02	2.938e-02
145530.50	-1.805e-04	-4.272e-02	-3.667e-02
145531.50	-3.456e-03	1.411e-02	-3.216e-02
145532.50	2.765e-03	7.939e-02	8.342e-02
145533.50	-2.506e-03	1.162e-02	-8.074e-02
145534.50	-6.240e-03	1.795e-02	3.725e-02
145535.50	-2.650e-03	3.168e-03	1.622e-02
145536.50	-1.757e-03	8.746e-03	-1.258e-01
145537.50	-1.373e-03	-7.747e-02	-7.056e-02
145538.50	1.238e-02	-4.099e-02	3.782e-02
145539.50	1.882e-02	5.616e-02	3.686e-02
145540.50	-3.744e-02	1.642e-02	-1.997e-01
145541.50	1.325e-02	-1.968e-01	1.392e-02
145542.50	-1.978e-02	9.082e-02	-1.200e-01
145543.50	1.843e-03	1.200e-02	2.131e-02
145544.50	1.728e-03	2.064e-02	1.325e-01
145545.50	1.075e-03	-9.792e-02	8.870e-02
145546.50	-3.792e-04	2.870e-02	3.658e-02
145547.50	-9.360e-04	1.622e-02	-2.947e-02
145548.50	4.666e-04	-8.006e-02	-3.734e-02
145549.50	2.218e-03	-4.579e-02	6.624e-02
145550.50	-1.152e-04	4.253e-02	2.621e-03
145551.50	-1.056e-03	-4.138e-02	-4.051e-02
145552.50	2.035e-03	8.438e-02	3.120e-02
145553.50	-4.906e-04	-8.131e-03	2.650e-04
145554.50	-5.174e-03	-7.814e-02	-8.419e-02
145555.50	3.667e-03	-5.174e-02	4.915e-02
145556.50	4.080e-02	-4.886e-02	8.842e-02
145557.50	7.008e-02	2.342e-01	3.226e-01
145558.50	7.162e-04	9.792e-02	2.362e-02
145559.50	5.712e-03	6.211e-02	-5.386e-02
145560.50	6.778e-03	8.957e-02	-3.245e-02
145561.50	-2.832e-03	-3.485e-02	-7.392e-02
145562.50	-2.410e-03	-6.422e-02	-7.200e-02
145563.50	1.056e-01	8.861e-03	3.398e-01
145564.50	-1.085e-01	-3.197e-01	-1.200e-01
145565.50	-2.534e-02	4.310e-02	9.091e-02
145566.50	-1.978e-02	2.218e-01	-1.536e-01
145567.50	-1.517e-02	-1.430e-02	-1.085e-01
145568.50	9.283e-04	-6.960e-02	7.286e-02
145569.50	1.085e-03	-6.864e-02	-3.254e-02
145570.50	-4.906e-04	-2.198e-02	-4.118e-02
145571.50	-6.163e-04	1.181e-02	6.432e-02
145572.50	1.517e-03	-4.435e-03	-8.035e-02
145573.50	-2.995e-04	1.018e-02	-2.909e-02
145574.50	-1.478e-03	1.363e-02	5.299e-02
145575.50	2.774e-03	-6.240e-03	8.506e-02
145576.50	3.024e-03	-9.888e-04	2.938e-02
145577.50	2.400e-05	3.677e-02	-1.085e-01
145578.50	1.430e-03	-1.891e-02	-2.496e-02
145579.50	-8.045e-03	7.786e-02	-5.011e-02
145580.50	-2.899e-03	1.709e-02	6.970e-02
145581.50	-4.915e-03	-1.594e-01	1.565e-02
145582.50	-3.802e-04	-7.018e-02	8.141e-03
145583.50	4.157e-04	-3.389e-02	2.400e-02
145584.50	-2.736e-03	1.613e-02	-2.112e-02
145585.50	2.438e-03	8.832e-02	4.387e-02
145586.50	-2.016e-03	1.200e-02	-4.742e-02
145587.50	-5.011e-03	2.458e-02	-8.410e-02
145588.50	-3.859e-03	6.739e-02	-4.925e-02
145589.50	5.098e-03	2.621e-02	6.346e-03
145590.50	4.493e-03	2.630e-02	1.517e-02
145591.50	-4.992e-04	3.610e-02	-6.854e-02
145592.50	-5.040e-03	7.344e-02	-3.235e-02
145593.50	2.093e-03	-3.773e-02	4.262e-02
145594.50	4.282e-03	3.235e-02	4.147e-02
145595.50	8.467e-03	-4.858e-02	-2.842e-02
145596.50	6.787e-04	-4.637e-02	1.766e-02
145597.50	2.006e-03	7.267e-02	5.174e-02
145598.50	-9.091e-04	1.613e-02	4.762e-02
145599.50	-3.782e-03	2.611e-02	-5.088e-02
145600.50	5.712e-03	4.310e-02	-8.467e-03
145601.50	1.392e-03	-1.469e-01	2.909e-02
