145003.50	0.000e+00	0.000e+00	0.000e+00
145004.50	0.000e+00	0.000e+00	0.000e+00
145005.50	0.000e+00	0.000e+00	0.000e+00
145006.50	0.000e+00	0.000e+00	0.000e+00
145007.50	0.000e+00	0.000e+00	0.000e+00
145008.50	0.000e+00	0.000e+00	0.000e+00
145009.50	0.000e+00	0.000e+00	0.000e+00
145010.50	0.000e+00	0.000e+00	0.000e+00
145011.50	0.000e+00	0.000e+00	0.000e+00
145012.50	0.000e+00	0.000e+00	0.000e+00
145013.50	0.000e+00	0.000e+00	0.000e+00
145014.50	0.000e+00	0.000e+00	0.000e+00
145015.50	0.000e+00	0.000e+00	0.000e+00
145016.50	0.000e+00	0.000e+00	0.000e+00
145017.50	0.000e+00	0.000e+00	0.000e+00
145018.50	0.000e+00	0.000e+00	0.000e+00
145019.50	0.000e+00	0.000e+00	0.000e+00
145020.50	0.000e+00	0.000e+00	0.000e+00
145021.50	0.000e+00	0.000e+00	0.000e+00
145022.50	0.000e+00	0.000e+00	0.000e+00
145023.50	0.000e+00	0.000e+00	0.000e+00
145024.50	0.000e+00	0.000e+00	0.000e+00
145025.50	0.000e+00	0.000e+00	0.000e+00
145026.50	0.000e+00	0.000e+00	0.000e+00
145027.50	0.000e+00	0.000e+00	0.000e+00
145028.50	0.000e+00	0.000e+00	0.000e+00
145029.50	0.000e+00	0.000e+00	0.000e+00
145030.50	0.000e+00	0.000e+00	0.000e+00
145031.50	0.000e+00	0.000e+00	0.000e+00
145032.50	0.000e+00	0.000e+00	0.000e+00
145033.50	0.000e+00	0.000e+00	0.000e+00
145034.50	0.000e+00	0.000e+00	0.000e+00
145035.50	0.000e+00	0.000e+00	0.000e+00
145036.50	0.000e+00	0.000e+00	0.000e+00
145037.50	0.000e+00	0.000e+00	0.000e+00
145038.50	0.000e+00	0.000e+00	0.000e+00
145039.50	0.000e+00	0.000e+00	0.000e+00
145040.50	0.000e+00	0.000e+00	0.000e+00
145041.50	0.000e+00	0.000e+00	0.000e+00
145042.50	0.000e+00	0.000e+00	0.000e+00
145043.50	0.000e+00	0.000e+00	0.000e+00
145044.50	0.000e+00	0.000e+00	0.000e+00
145045.50	0.000e+00	0.000e+00	0.000e+00
145046.50	0.000e+00	0.000e+00	0.000e+00
145047.50	0.000e+00	0.000e+00	0.000e+00
145048.50	0.000e+00	0.000e+00	0.000e+00
145049.50	0.000e+00	0.000e+00	0.000e+00
145050.50	0.000e+00	0.000e+00	0.000e+00
145051.50	0.000e+00	0.000e+00	0.000e+00
145052.50	0.000e+00	0.000e+00	0.000e+00
145053.50	0.000e+00	0.000e+00	0.000e+00
145054.50	0.000e+00	0.000e+00	0.000e+00
145055.50	0.000e+00	0.000e+00	0.000e+00
145056.50	0.000e+00	0.000e+00	0.000e+00
145057.50	0.000e+00	0.000e+00	0.000e+00
145058.50	0.000e+00	0.000e+00	0.000e+00
145059.50	0.000e+00	0.000e+00	0.000e+00
145060.50	0.000e+00	0.000e+00	0.000e+00
145061.50	0.000e+00	0.000e+00	0.000e+00
145062.50	0.000e+00	0.000e+00	0.000e+00
145063.50	0.000e+00	0.000e+00	0.000e+00
145064.50	0.000e+00	0.000e+00	0.000e+00
145065.50	0.000e+00	0.000e+00	0.000e+00
145066.50	0.000e+00	0.000e+00	0.000e+00
145067.50	0.000e+00	0.000e+00	0.000e+00
145068.50	0.000e+00	0.000e+00	0.000e+00
145069.50	0.000e+00	0.000e+00	0.000e+00
145070.50	0.000e+00	0.000e+00	0.000e+00
145071.50	0.000e+00	0.000e+00	0.000e+00
145072.50	0.000e+00	0.000e+00	0.000e+00
145073.50	0.000e+00	0.000e+00	0.000e+00
145074.50	0.000e+00	0.000e+00	0.000e+00
145075.50	0.000e+00	0.000e+00	0.000e+00
145076.50	0.000e+00	0.000e+00	0.000e+00
145077.50	0.000e+00	0.000e+00	0.000e+00
145078.50	0.000e+00	0.000e+00	0.000e+00
145079.50	0.000e+00	0.000e+00	0.000e+00
145080.50	0.000e+00	0.000e+00	0.000e+00
145081.50	0.000e+00	0.000e+00	0.000e+00
145082.50	0.000e+00	0.000e+00	0.000e+00
145083.50	0.000e+00	0.000e+00	0.000e+00
145084.50	0.000e+00	0.000e+00	0.000e+00
145085.50	0.000e+00	0.000e+00	0.000e+00
145086.50	0.000e+00	0.000e+00	0.000e+00
145087.50	0.000e+00	0.000e+00	0.000e+00
145088.50	0.000e+00	0.000e+00	0.000e+00
145089.50	0.000e+00	0.000e+00	0.000e+00
145090.50	0.000e+00	0.000e+00	0.000e+00
145091.50	0.000e+00	0.000e+00	0.000e+00
145092.50	0.000e+00	0.000e+00	0.000e+00
145093.50	0.000e+00	0.000e+00	0.000e+00
145094.50	0.000e+00	0.000e+00	0.000e+00
145095.50	0.000e+00	0.000e+00	0.000e+00
145096.50	0.000e+00	0.000e+00	0.000e+00
145097.50	0.000e+00	0.000e+00	0.000e+00
145098.50	0.000e+00	0.000e+00	0.000e+00
145099.50	0.000e+00	0.000e+00	0.000e+00
145100.50	0.000e+00	0.000e+00	0.000e+00
145101.50	0.000e+00	0.000e+00	0.000e+00
145102.50	0.000e+00	0.000e+00	0.000e+00
145103.50	0.000e+00	0.000e+00	0.000e+00
145104.50	0.000e+00	0.000e+00	0.000e+00
145105.50	0.000e+00	0.000e+00	0.000e+00
145106.50	0.000e+00	0.000e+00	0.000e+00
145107.50	0.000e+00	0.000e+00	0.000e+00
145108.50	0.000e+00	0.000e+00	0.000e+00
145109.50	0.000e+00	0.000e+00	0.000e+00
145110.50	0.000e+00	0.000e+00	0.000e+00
145111.50	0.000e+00	0.000e+00	0.000e+00
145112.50	0.000e+00	0.000e+00	0.000e+00
145113.50	0.000e+00	0.000e+00	0.000e+00
145114.50	0.000e+00	0.000e+00	0.000e+00
145115.50	0.000e+00	0.000e+00	0.000e+00
145116.50	0.000e+00	0.000e+00	0.000e+00
145117.50	0.000e+00	0.000e+00	0.000e+00
145118.50	0.000e+00	0.000e+00	0.000e+00
145119.50	0.000e+00	0.000e+00	0.000e+00
145120.50	0.000e+00	0.000e+00	0.000e+00
145121.50	0.000e+00	0.000e+00	0.000e+00
145122.50	0.000e+00	0.000e+00	0.000e+00
145123.50	0.000e+00	0.000e+00	0.000e+00
145124.50	0.000e+00	0.000e+00	0.000e+00
145125.50	0.000e+00	0.000e+00	0.000e+00
145126.50	0.000e+00	0.000e+00	0.000e+00
145127.50	0.000e+00	0.000e+00	0.000e+00
145128.50	0.000e+00	0.000e+00	0.000e+00
145129.50	0.000e+00	0.000e+00	0.000e+00
145130.50	0.000e+00	0.000e+00	0.000e+00
145131.50	0.000e+00	0.000e+00	0.000e+00
145132.50	0.000e+00	0.000e+00	0.000e+00
145133.50	0.000e+00	0.000e+00	0.000e+00
145134.50	0.000e+00	0.000e+00	0.000e+00
145135.50	0.000e+00	0.000e+00	0.000e+00
145136.50	0.000e+00	0.000e+00	0.000e+00
145137.50	0.000e+00	0.000e+00	0.000e+00
145138.50	0.000e+00	0.000e+00	0.000e+00
145139.50	0.000e+00	0.000e+00	0.000e+00
145140.50	0.000e+00	0.000e+00	0.000e+00
145141.50	0.000e+00	0.000e+00	0.000e+00
145142.50	0.000e+00	0.000e+00	0.000e+00
145143.50	0.000e+00	0.000e+00	0.000e+00
145144.50	0.000e+00	0.000e+00	0.000e+00
145145.50	0.000e+00	0.000e+00	0.000e+00
145146.50	0.000e+00	0.000e+00	0.000e+00
145147.50	0.000e+00	0.000e+00	0.000e+00
145148.50	0.000e+00	0.000e+00	0.000e+00
145149.50	0.000e+00	0.000e+00	0.000e+00
145150.50	-1.843e-04	1.814e-03	5.789e-03
145151.50	-2.419e-05	-1.152e-03	3.379e-03
145152.50	2.890e-04	-9.888e-03	-2.208e-03
145153.50	1.229e-04	7.555e-03	-1.200e-02
145154.50	1.613e-04	2.938e-03	-6.874e-03
145155.50	9.792e-05	-9.792e-04	2.189e-04
145156.50	-1.738e-05	-3.034e-03	1.238e-03
145157.50	-3.370e-05	1.200e-03	2.486e-04
145158.50	7.805e-05	-1.008e-02	3.898e-02
145159.50	4.272e-04	3.466e-03	3.149e-03
145160.50	4.253e-04	-2.323e-03	-2.371e-02
145161.50	1.498e-04	-2.640e-03	-1.728e-03
145162.50	-5.626e-04	-3.600e-03	2.458e-02
145163.50	-1.709e-03	1.843e-03	6.730e-02
145164.50	1.430e-03	-6.720e-03	-7.200e-02
145165.50	-1.430e-03	6.317e-02	-2.400e-02
145166.50	1.757e-02	-6.451e-01	-2.016e-01
145167.50	1.440e-01	-5.894e+00	5.674e-01
145168.50	1.661e+00	-6.576e+01	-6.374e-01
145169.50	3.024e+01	-1.210e+03	1.555e+01
145170.50	2.496e+01	-9.158e+02	6.029e+00
145171.50	3.562e-01	2.314e+01	-2.525e+00
145172.50	-3.955e+00	1.699e+02	-7.766e+00
145173.50	-4.051e+00	1.632e+02	-8.016e+00
145174.50	-3.581e+00	1.421e+02	-4.262e+00
145175.50	-3.418e+00	1.325e+02	-3.216e+00
145176.50	-3.187e+00	1.171e+02	1.325e+01
145177.50	-2.909e+00	1.104e+02	2.246e+00
145178.50	-2.352e+00	8.986e+01	-1.142e+00
145179.50	-2.582e+00	9.792e+01	-2.342e+00
145180.50	-2.074e+00	8.035e+01	-5.846e+00
145181.50	-1.824e+00	6.922e+01	-2.659e+00
145182.50	-1.718e+00	6.547e+01	-2.602e+00
145183.50	-1.603e+00	6.144e+01	-5.146e+00
145184.50	-1.546e+00	5.654e+01	9.888e-01
145185.50	-1.392e+00	5.184e+01	3.696e-01
145186.50	-1.248e+00	4.522e+01	2.515e+00
145187.50	-1.094e+00	4.051e+01	5.021e-01
145188.50	-1.037e+00	3.878e+01	-1.133e+00
145189.50	-1.046e+00	3.830e+01	1.354e+00
145190.50	-1.037e+00	3.754e+01	7.882e-01
145191.50	-7.862e-01	3.062e+01	-4.022e+00
145192.50	-8.093e-01	2.986e+01	-9.984e-01
145193.50	-7.152e-01	2.563e+01	3.158e+00
145194.50	-7.325e-01	2.640e+01	-4.560e-01
145195.50	-6.749e-01	2.477e+01	-3.187e-01
145196.50	-6.941e-01	2.477e+01	1.094e+00
145197.50	-5.597e-01	2.102e+01	-1.488e+00
145198.50	-5.155e-01	1.872e+01	-5.222e-01
145199.50	-5.021e-01	1.853e+01	-1.248e+00
145200.50	-5.050e-01	1.853e+01	9.168e-02
145201.50	-4.080e-01	1.536e+01	4.234e-01
145202.50	-5.011e-01	1.728e+01	5.146e-01
145203.50	-3.533e-01	1.325e+01	-7.776e-01
145204.50	-3.456e-01	1.267e+01	-4.301e-01
145205.50	-3.590e-01	1.190e+01	2.362e+00
145206.50	-3.398e-01	1.210e+01	7.786e-01
145207.50	-2.602e-01	9.984e+00	-4.310e-01
145208.50	-2.294e-01	8.611e+00	-8.966e-01
145209.50	-2.928e-01	9.984e+00	1.325e+00
145210.50	-3.226e-01	1.123e+01	7.795e-01
145211.50	-2.218e-01	8.160e+00	-1.891e+00
145212.50	-2.966e-01	9.792e+00	2.650e+00
145213.50	-2.074e-01	8.093e+00	1.987e-01
145214.50	-2.064e-01	7.402e+00	-1.872e-01
145215.50	-2.016e-01	7.018e+00	6.355e-01
145216.50	-1.747e-01	6.317e+00	9.561e-02
145217.50	-1.747e-01	6.125e+00	7.632e-02
145218.50	-2.179e-01	7.910e+00	-7.747e-02
145219.50	-1.594e-01	5.702e+00	3.274e-01
145220.50	-1.421e-01	5.654e+00	-4.234e-01
145221.50	-1.507e-01	4.810e+00	6.058e-01
145222.50	-1.699e-01	5.213e+00	6.912e-01
145223.50	-1.421e-01	5.232e+00	2.294e-01
145224.50	-1.267e-01	4.070e+00	2.515e-01
145225.50	-1.536e-01	5.184e+00	9.600e-01
145226.50	-1.219e-01	4.637e+00	-1.565e+00
145227.50	-9.696e-02	3.562e+00	2.544e-01
145228.50	-1.392e-01	4.858e+00	1.978e-01
145229.50	-9.600e-02	3.053e+00	8.342e-01
145230.50	-9.341e-02	3.456e+00	-1.171e-01
145231.50	-4.272e-02	1.853e+00	9.888e-02
145232.50	-1.133e-01	3.610e+00	2.918e-01
145233.50	-4.666e-02	2.362e+00	1.930e-01
145234.50	-4.982e-02	2.765e+00	-5.750e-01
145235.50	-8.477e-02	2.698e+00	8.544e-01
145236.50	-1.267e-01	3.082e+00	-9.187e-01
145237.50	-9.792e-02	2.986e+00	5.981e-01
145238.50	-1.114e-01	3.408e+00	-7.277e-01
145239.50	-5.213e-02	2.189e+00	-4.080e-01
145240.50	-6.048e-02	1.958e+00	9.696e-01
145241.50	-4.080e-02	1.498e+00	-1.402e-01
145242.50	-5.510e-02	1.766e+00	4.627e-01
145243.50	-4.330e-02	1.786e+00	-1.008e-01
145244.50	-3.533e-02	1.229e+00	-1.085e-01
145245.50	-6.816e-02	2.256e+00	4.512e-01
145246.50	-3.936e-02	1.219e+00	4.512e-01
145247.50	-6.355e-02	1.776e+00	1.853e-01
145248.50	-4.618e-02	1.622e+00	-6.182e-01
145249.50	-6.317e-02	2.102e+00	-2.438e-01
145250.50	-2.006e-02	8.467e-01	-1.786e-02
145251.50	-3.629e-02	8.429e-01	4.771e-01
145252.50	-3.456e-02	1.286e+00	-2.736e-01
145253.50	-3.216e-02	1.123e+00	-2.170e-01
145254.50	-6.115e-02	2.064e+00	9.984e-02
145255.50	-2.304e-02	7.891e-01	7.891e-02
145256.50	-2.381e-02	9.370e-01	-4.723e-01
145257.50	-8.045e-03	4.666e-01	-5.290e-02
145258.50	-3.130e-02	9.034e-01	2.006e-01
145259.50	-3.226e-02	9.984e-01	-2.016e-01
145260.50	-2.957e-02	1.066e+00	-1.450e-01
145261.50	-2.746e-02	1.094e+00	-2.093e-01
145262.50	-3.427e-02	1.104e+00	-5.875e-02
145263.50	-4.291e-03	2.362e-01	-4.493e-02
145264.50	-2.813e-02	1.075e+00	1.315e-01
145265.50	-3.139e-02	1.142e+00	-9.533e-02
145266.50	-1.882e-02	6.614e-01	-3.216e-03
145267.50	-2.918e-02	1.018e+00	-4.234e-01
145268.50	-1.776e-02	6.653e-01	-4.291e-01
145269.50	-4.118e-02	1.258e+00	-2.918e-01
145270.50	-2.467e-02	7.680e-01	-1.296e-01
145271.50	-2.150e-02	1.334e-01	3.350e-01
145272.50	-1.238e-02	4.186e-01	-1.142e-01
145273.50	-1.363e-02	4.003e-01	2.611e-02
145274.50	-2.448e-02	1.066e+00	1.382e-01
145275.50	9.302e-03	5.146e-02	1.814e-01
145276.50	-9.792e-03	3.686e-01	-9.427e-02
145277.50	-1.699e-02	4.272e-01	3.101e-01
145278.50	-1.229e-02	3.811e-01	6.298e-02
145279.50	-1.632e-02	4.973e-01	1.306e-01
145280.50	-2.957e-02	1.085e+00	4.003e-02
145281.50	-5.597e-03	1.930e-01	-2.832e-01
145282.50	-5.232e-03	3.494e-01	-3.744e-01
145283.50	-7.190e-03	3.494e-01	-1.565e-01
145284.50	-3.120e-02	6.749e-01	5.050e-01
145285.50	-5.165e-03	1.354e-01	4.973e-01
145286.50	-7.296e-03	2.573e-01	2.429e-01
145287.50	-1.392e-02	5.155e-01	-3.715e-01
145288.50	-1.181e-02	4.301e-01	-5.299e-02
145289.50	-6.086e-03	1.622e-01	4.214e-01
145290.50	-1.507e-02	3.590e-01	1.882e-01
145291.50	-1.104e-02	5.731e-01	2.160e-03
145292.50	-7.498e-03	2.112e-01	-4.483e-01
145293.50	-2.131e-02	5.136e-01	-2.957e-02
145294.50	4.685e-03	-1.046e-01	5.491e-01
145295.50	-1.440e-02	5.366e-01	-1.728e-01
145296.50	-1.968e-02	6.288e-01	-1.958e-01
145297.50	2.746e-03	-3.466e-02	-3.005e-01
145298.50	-7.056e-03	8.717e-02	1.834e-01
145299.50	-6.221e-03	9.197e-02	3.667e-01
145300.50	1.430e-04	-1.142e-01	8.352e-02
145301.50	-1.670e-03	2.698e-01	-3.907e-01
145302.50	-1.094e-02	3.994e-01	-4.234e-01
145303.50	-5.213e-03	-9.792e-03	5.126e-01
145304.50	-1.334e-02	3.629e-01	-4.070e-02
145305.50	-1.565e-02	5.606e-01	-4.848e-01
145306.50	-8.150e-03	2.294e-01	-4.915e-03
145307.50	1.958e-02	-4.589e-01	3.216e-01
145308.50	-8.390e-03	2.938e-01	7.699e-02
145309.50	-1.046e-02	5.549e-01	-4.070e-02
145310.50	1.056e-02	-1.690e-01	-2.822e-01
145311.50	-3.274e-03	1.152e-01	1.642e-01
145312.50	1.680e-02	2.314e-01	6.835e-02
145313.50	-7.546e-03	2.045e-01	2.160e-01
145314.50	-1.680e-02	4.608e-01	-9.091e-02
145315.50	-3.274e-03	5.395e-02	-1.968e-01
145316.50	-6.826e-03	-1.094e-02	3.725e-01
145317.50	-1.766e-02	3.216e-01	1.526e-01
145318.50	-4.790e-03	3.216e-01	-2.150e-01
145319.50	-1.642e-02	4.070e-01	-1.507e-01
145320.50	2.602e-03	-7.949e-02	3.302e-01
145321.50	-2.304e-03	-3.408e-02	2.582e-01
145322.50	-2.189e-03	7.229e-02	-1.642e-01
145323.50	-4.810e-03	1.354e-01	-1.402e-01
145324.50	-1.162e-03	5.962e-02	1.824e-01
145325.50	2.170e-03	-3.293e-02	-2.918e-02
145326.50	-3.994e-03	2.582e-01	1.286e-01
145327.50	6.749e-03	-8.141e-02	-9.226e-02
145328.50	-1.325e-02	5.174e-01	-9.043e-02
145329.50	5.530e-02	9.197e-02	-3.696e-01
145330.50	-2.669e-02	2.717e-01	2.995e-01
145331.50	6.182e-03	-1.872e-01	-2.016e-01
145332.50	-1.776e-04	2.112e-01	-1.891e-01
145333.50	-9.888e-03	-1.229e-01	1.200e-01
145334.50	8.726e-04	-1.315e-01	-1.421e-01
145335.50	-1.411e-02	1.411e-01	2.496e-01
145336.50	-4.531e-02	3.014e-01	1.306e-01
145337.50	-8.064e-03	7.046e-02	1.459e-01
145338.50	-6.269e-03	7.843e-02	2.381e-01
145339.50	2.995e-04	1.392e-01	-3.446e-02
145340.50	3.782e-02	-9.984e-02	-4.118e-01
145341.50	-1.421e-02	3.120e-01	1.267e-01
145342.50	9.034e-03	-3.955e-01	6.451e-02
145343.50	1.123e-02	-1.046e-01	-1.334e-01
145344.50	-2.054e-02	1.306e-01	1.277e-01
145345.50	-5.962e-03	4.147e-01	2.909e-02
145346.50	-1.008e-02	2.179e-01	-3.331e-01
145347.50	2.448e-03	-2.477e-01	1.238e-01
145348.50	-4.310e-03	1.478e-01	8.362e-02
145349.50	-1.267e-02	1.133e-01	1.210e-01
145350.50	-5.971e-04	6.538e-02	-3.082e-02
145351.50	-4.070e-03	1.104e-01	-1.987e-02
145352.50	-5.184e-03	2.592e-01	2.630e-01
145353.50	-2.448e-03	1.555e-01	-1.325e-01
145354.50	2.064e-03	4.704e-02	2.918e-02
145355.50	-7.642e-03	2.390e-01	-1.651e-01
145356.50	-3.427e-03	9.053e-02	4.723e-02
145357.50	1.210e-03	1.238e-01	2.582e-02
145358.50	-1.258e-02	2.112e-01	2.582e-01
145359.50	4.416e-03	-8.947e-02	1.277e-01
145360.50	-5.405e-03	6.307e-02	1.776e-01
145361.50	-1.574e-02	3.370e-01	-1.555e-01
145362.50	6.970e-05	7.392e-02	-1.354e-02
145363.50	-3.830e-03	3.178e-01	5.107e-02
145364.50	1.968e-03	-5.002e-02	-1.901e-01
145365.50	4.147e-03	-3.984e-02	3.850e-02
145366.50	6.624e-03	-8.938e-02	1.574e-02
145367.50	2.899e-02	-3.552e-01	3.293e-02
145368.50	1.478e-03	2.218e-01	8.083e-02
145369.50	-2.467e-02	2.986e-02	1.978e-01
145370.50	-1.728e-02	3.178e-01	3.658e-02
145371.50	-7.910e-03	1.517e-01	-1.882e-01
145372.50	-2.669e-03	-1.258e-01	1.066e-02
145373.50	-1.642e-02	5.059e-02	1.565e-01
145374.50	-1.728e-02	1.258e-01	-1.891e-01
145375.50	2.746e-03	-3.178e-02	5.050e-02
145376.50	-2.544e-03	-2.429e-02	9.696e-02
145377.50	4.474e-03	-9.024e-02	1.104e-01
145378.50	-9.581e-03	9.024e-03	1.469e-03
145379.50	-2.832e-02	-2.717e-03	-2.208e-01
145380.50	-5.712e-03	7.046e-02	2.381e-02
145381.50	-2.726e-03	1.498e-01	-5.626e-02
145382.50	7.104e-03	5.002e-02	1.354e-01
145383.50	4.262e-03	6.211e-02	4.704e-02
145384.50	8.342e-03	-2.870e-01	-4.608e-04
145385.50	9.178e-03	-7.603e-02	1.728e-02
145386.50	-9.542e-03	9.014e-02	2.189e-01
145387.50	-2.458e-03	9.590e-03	-4.310e-02
145388.50	9.178e-04	1.296e-02	-1.219e-01
145389.50	8.083e-03	-1.104e-01	3.763e-02
145390.50	-1.094e-02	1.104e-01	-1.190e-01
145391.50	-4.205e-03	-1.162e-01	-3.024e-01
145392.50	-8.630e-03	1.094e-01	1.622e-01
145393.50	-1.834e-03	1.334e-01	2.141e-02
145394.50	-1.958e-03	4.608e-02	5.750e-02
145395.50	8.774e-04	6.557e-02	-1.738e-01
145396.50	3.053e-04	2.563e-02	-2.525e-02
145397.50	-3.744e-03	2.582e-04	1.901e-01
145398.50	3.456e-03	-1.747e-02	-3.715e-02
145399.50	-2.861e-03	1.066e-01	1.114e-02
145400.50	3.504e-03	-6.384e-02	-1.469e-02
145401.50	-2.390e-04	2.438e-02	1.363e-01
145402.50	-7.872e-03	1.978e-01	-9.254e-02
145403.50	-6.019e-03	3.648e-02	-2.054e-01
145404.50	-7.498e-03	-4.416e-02	4.666e-02
145405.50	1.661e-02	4.138e-02	-1.104e-01
145406.50	6.576e-02	-1.670e-01	-1.162e-01
145407.50	1.882e-02	5.606e-03	1.152e-01
145408.50	-1.382e-02	1.651e-01	-7.594e-02
145409.50	7.181e-03	-2.074e-01	-7.229e-02
145410.50	-1.450e-02	1.622e-01	1.555e-01
145411.50	-2.246e-02	1.373e-01	6.221e-02
145412.50	1.507e-03	-4.867e-02	-1.651e-02
145413.50	7.430e-03	-2.102e-01	-7.104e-02
145414.50	-5.578e-03	1.766e-01	1.594e-01
145415.50	6.806e-03	-5.011e-02	2.208e-02
145416.50	-1.200e-03	5.549e-02	-1.248e-01
145417.50	-7.488e-03	2.246e-01	5.424e-02
145418.50	-3.734e-02	2.630e-01	-1.104e-01
145419.50	8.208e-04	-2.506e-02	5.587e-02
145420.50	-3.744e-04	8.573e-02	-1.392e-01
145421.50	-4.464e-03	9.293e-02	1.584e-01
145422.50	-1.046e-02	8.678e-02	1.939e-01
145423.50	-9.274e-03	-1.901e-01	-1.085e-02
145424.50	7.642e-06	-5.549e-02	-3.043e-03
145425.50	-2.592e-03	1.334e-01	-2.726e-03
145426.50	4.330e-03	-3.331e-02	1.104e-01
145427.50	6.854e-03	-9.235e-02	-2.611e-01
145428.50	-2.390e-03	9.158e-02	-5.923e-02
145429.50	2.390e-04	5.357e-02	-1.507e-01
145430.50	3.005e-03	-1.661e-01	1.162e-01
145431.50	-5.261e-03	9.984e-02	-1.162e-02
145432.50	-6.432e-03	1.334e-01	2.045e-01
145433.50	2.045e-04	2.448e-02	-1.344e-02
145434.50	7.526e-04	5.405e-02	9.216e-02
145435.50	1.651e-03	3.149e-02	-1.987e-01
145436.50	-9.274e-04	1.872e-02	8.198e-02
145437.50	-1.066e-03	-8.515e-02	-1.382e-02
145438.50	-5.021e-03	1.382e-01	-1.555e-02
145439.50	-9.600e-04	1.440e-02	1.008e-01
145440.50	-8.400e-03	2.467e-01	7.862e-02
145441.50	3.629e-03	-1.411e-01	-5.539e-02
145442.50	4.474e-04	-1.200e-01	6.826e-02
145443.50	-5.616e-03	1.402e-01	-1.670e-01
145444.50	6.643e-03	-6.768e-02	-8.563e-02
145445.50	-1.402e-04	-9.293e-02	4.378e-02
145446.50	8.016e-04	-5.798e-02	1.200e-01
145447.50	6.106e-03	-8.765e-02	-2.592e-02
145448.50	-1.142e-03	2.640e-02	-1.248e-01
145449.50	-4.435e-03	2.861e-02	9.696e-03
145450.50	-8.045e-03	8.688e-02	9.408e-02
145451.50	2.141e-03	-5.539e-02	-8.438e-03
145452.50	2.909e-03	-9.360e-02	-6.797e-02
145453.50	4.282e-04	-3.686e-02	1.133e-01
145454.50	-3.696e-04	1.046e-01	-3.110e-02
145455.50	-2.064e-03	1.123e-01	2.506e-02
145456.50	3.926e-03	-1.114e-01	-1.296e-02
145457.50	-5.539e-03	7.114e-02	1.190e-01
145458.50	2.467e-03	-4.272e-02	6.000e-02
145459.50	-8.544e-03	1.958e-01	1.459e-03
145460.50	-7.440e-04	1.594e-02	-7.478e-02
145461.50	-2.102e-03	1.325e-04	9.158e-02
145462.50	6.845e-03	-1.190e-01	4.550e-02
145463.50	1.632e-03	-7.882e-02	-5.914e-05
145464.50	2.621e-03	-4.195e-02	-8.592e-02
145465.50	4.013e-03	-7.277e-02	3.312e-02
145466.50	-9.523e-03	1.546e-01	-9.178e-02
145467.50	2.006e-03	-5.962e-02	-1.776e-01
145468.50	3.437e-03	-5.894e-02	1.670e-01
145469.50	-2.150e-03	1.277e-01	-1.334e-01
145470.50	-6.278e-03	6.403e-02	1.334e-01
145471.50	-3.859e-03	3.638e-02	-1.699e-02
145472.50	-1.594e-03	1.930e-02	1.718e-02
145473.50	3.446e-03	-4.666e-02	-7.046e-02
145474.50	-1.306e-03	-1.594e-02	-6.576e-02
145475.50	-1.968e-04	-1.210e-02	-4.176e-03
145476.50	-2.669e-04	5.462e-02	3.811e-02
145477.50	1.699e-03	-2.698e-02	-1.200e-01
145478.50	6.374e-04	-6.154e-02	7.843e-02
145479.50	4.176e-03	-9.101e-02	-3.418e-02
145480.50	4.032e-04	5.587e-02	9.984e-02
145481.50	-4.022e-03	1.027e-01	1.123e-02
145482.50	-1.469e-03	6.538e-02	-2.698e-01
145483.50	5.904e-03	-2.314e-01	-6.509e-02
145484.50	-1.757e-03	6.403e-02	1.181e-01
145485.50	-9.293e-04	-6.682e-02	1.910e-01
145486.50	-1.882e-03	-5.453e-02	2.909e-02
145487.50	4.262e-03	3.312e-02	-2.381e-02
145488.50	1.526e-03	-1.536e-02	-1.171e-01
145489.50	5.040e-03	-8.362e-02	-1.046e-01
145490.50	-1.882e-03	9.197e-04	1.354e-01
145491.50	-3.898e-03	8.621e-03	-2.957e-02
145492.50	8.477e-04	-6.230e-02	6.816e-02
145493.50	-2.246e-03	3.302e-02	-3.619e-02
145494.50	-8.554e-04	2.323e-02	2.525e-02
145495.50	-6.403e-04	9.888e-02	-1.421e-01
145496.50	4.147e-03	-1.210e-01	-2.918e-02
145497.50	4.819e-03	-1.584e-02	3.946e-02
145498.50	-5.770e-03	8.342e-02	2.314e-02
145499.50	-9.322e-03	6.787e-02	-2.102e-03
145500.50	1.152e-03	-7.661e-02	2.573e-03
145501.50	7.104e-03	-6.787e-02	5.462e-02
145502.50	6.509e-03	2.515e-02	-6.643e-02
145503.50	3.370e-03	-2.774e-02	-3.264e-02
145504.50	9.389e-04	2.899e-02	1.459e-01
145505.50	-1.651e-03	8.083e-02	1.459e-01
145506.50	3.542e-03	-9.350e-02	-2.938e-02
145507.50	3.082e-03	-1.066e-01	-9.226e-02
145508.50	-2.045e-03	7.296e-02	-3.629e-02
145509.50	-6.384e-03	5.059e-02	-1.238e-01
145510.50	-2.035e-03	5.722e-02	-4.099e-02
145511.50	2.026e-03	7.171e-02	1.546e-02
145512.50	5.424e-03	2.227e-02	-7.786e-03
145513.50	-5.174e-04	3.072e-02	-4.992e-02
145514.50	3.168e-03	-1.066e-01	4.109e-02
145515.50	1.603e-02	-6.912e-02	5.098e-02
145516.50	2.237e-03	-5.213e-02	2.458e-03
145517.50	-4.406e-03	7.997e-02	-1.056e-01
145518.50	-2.976e-03	1.296e-01	2.362e-02
145519.50	-4.598e-03	7.478e-03	-1.123e-01
145520.50	-5.568e-03	9.485e-02	5.270e-02
145521.50	4.339e-03	-3.869e-02	-1.008e-02
145522.50	-2.237e-02	5.117e-02	8.477e-02
145523.50	-8.208e-03	5.318e-02	2.822e-02
145524.50	-4.262e-03	-1.430e-02	2.342e-02
145525.50	-1.008e-02	4.560e-02	-1.037e-02
145526.50	8.544e-03	-5.760e-02	-3.706e-02
145527.50	4.675e-03	-1.008e-01	3.293e-02
145528.50	-1.277e-04	6.902e-02	5.126e-02
145529.50	-2.765e-03	1.392e-01	-6.682e-02
145530.50	2.400e-03	-4.051e-02	5.184e-02
145531.50	-2.333e-03	9.600e-03	4.579e-02
145532.50	5.693e-04	-1.488e-02	-1.507e-02
145533.50	1.334e-03	-7.661e-02	-2.726e-02
145534.50	4.954e-04	3.802e-03	6.922e-02
145535.50	4.118e-03	-1.469e-01	-1.277e-02
145536.50	-2.534e-03	-9.600e-03	-1.632e-01
145537.50	-1.046e-03	6.432e-02	-1.930e-01
145538.50	-3.984e-03	5.702e-02	-8.842e-03
145539.50	-3.658e-04	3.331e-02	9.561e-02
145540.50	5.203e-03	-7.642e-02	1.642e-01
145541.50	5.558e-03	-7.824e-02	-6.442e-02
145542.50	1.152e-03	7.421e-02	1.478e-01
145543.50	-4.541e-04	-1.046e-02	7.766e-03
145544.50	-2.314e-03	7.363e-02	-4.963e-02
145545.50	-6.403e-03	2.102e-02	4.147e-03
145546.50	-2.467e-03	5.962e-02	-7.334e-02
145547.50	5.856e-03	-4.637e-02	-7.133e-02
145548.50	-6.922e-03	1.901e-02	1.277e-01
145549.50	-3.302e-03	3.562e-02	3.283e-02
145550.50	-6.134e-03	9.254e-02	6.432e-02
145551.50	3.600e-03	2.506e-02	6.902e-04
145552.50	4.714e-04	6.470e-03	-2.832e-02
145553.50	-2.179e-03	-1.402e-01	-6.672e-02
145554.50	-4.397e-04	-2.314e-02	6.941e-02
145555.50	-1.891e-03	8.861e-02	-5.040e-02
145556.50	1.450e-03	-5.184e-02	-4.349e-02
145557.50	1.104e-03	-6.490e-02	2.986e-02
145558.50	-4.454e-03	-5.280e-02	1.286e-01
145559.50	-2.026e-03	2.227e-03	7.277e-02
145560.50	-4.349e-03	7.834e-02	7.133e-02
145561.50	5.789e-02	-6.173e-02	-1.680e-01
145562.50	1.968e-02	-3.974e-02	-1.517e-01
145563.50	-3.485e-04	8.592e-02	1.258e-02
145564.50	-3.792e-03	-6.922e-03	-8.246e-03
145565.50	-4.339e-03	8.467e-02	-1.171e-02
145566.50	6.499e-03	-5.222e-02	8.554e-03
145567.50	1.325e-03	-3.994e-02	2.544e-02
145568.50	1.008e-03	-3.802e-02	7.402e-04
145569.50	2.861e-03	1.488e-02	-8.890e-03
145570.50	1.594e-03	-5.712e-02	-7.574e-03
145571.50	4.848e-03	-6.845e-02	-1.459e-04
145572.50	3.562e-05	4.944e-02	-1.104e-01
145573.50	1.430e-03	1.526e-02	-2.640e-02
145574.50	-2.842e-03	5.606e-02	3.312e-02
145575.50	-1.488e-02	5.530e-02	1.008e-01
145576.50	4.070e-03	1.498e-02	2.851e-02
145577.50	-1.219e-04	5.760e-03	3.629e-02
145578.50	7.958e-03	-5.549e-02	-4.378e-02
145579.50	4.320e-03	-5.635e-02	-1.402e-02
145580.50	-1.843e-03	-1.642e-02	2.563e-02
145581.50	-3.629e-03	3.696e-02	5.098e-02
145582.50	1.613e-03	4.829e-02	2.333e-02
145583.50	6.278e-03	-1.882e-02	-1.066e-01
145584.50	-8.640e-03	1.430e-01	-5.760e-02
145585.50	-2.246e-02	-1.709e-02	6.413e-02
145586.50	-2.832e-02	-2.659e-02	4.992e-02
145587.50	-7.690e-03	5.568e-02	8.112e-02
145588.50	4.838e-03	-3.744e-02	5.846e-02
145589.50	-1.142e-02	9.888e-02	2.890e-02
145590.50	1.440e-04	1.699e-02	3.226e-02
145591.50	-3.898e-03	8.093e-03	-3.898e-02
145592.50	-6.384e-03	5.117e-02	1.181e-01
145593.50	1.277e-02	-7.469e-02	-1.488e-02
145594.50	1.229e-02	-5.030e-02	-6.144e-02
145595.50	3.005e-03	6.662e-02	1.555e-02
145596.50	-2.659e-03	7.997e-03	-3.494e-02
145597.50	6.259e-04	-4.205e-02	-4.982e-02
145598.50	-8.064e-03	3.830e-02	-1.450e-02
145599.50	3.869e-04	2.246e-02	7.286e-02
145600.50	-7.037e-03	3.610e-02	8.659e-02
145601.50	6.106e-03	-5.856e-02	-6.902e-02
