145003.50	0.000e+00	0.000e+00	0.000e+00
145004.50	0.000e+00	0.000e+00	0.000e+00
145005.50	0.000e+00	0.000e+00	0.000e+00
145006.50	0.000e+00	0.000e+00	0.000e+00
145007.50	0.000e+00	0.000e+00	0.000e+00
145008.50	0.000e+00	0.000e+00	0.000e+00
145009.50	0.000e+00	0.000e+00	0.000e+00
145010.50	0.000e+00	0.000e+00	0.000e+00
145011.50	0.000e+00	0.000e+00	0.000e+00
145012.50	0.000e+00	0.000e+00	0.000e+00
145013.50	0.000e+00	0.000e+00	0.000e+00
145014.50	0.000e+00	0.000e+00	0.000e+00
145015.50	0.000e+00	0.000e+00	0.000e+00
145016.50	0.000e+00	0.000e+00	0.000e+00
145017.50	0.000e+00	0.000e+00	0.000e+00
145018.50	0.000e+00	0.000e+00	0.000e+00
145019.50	0.000e+00	0.000e+00	0.000e+00
145020.50	0.000e+00	0.000e+00	0.000e+00
145021.50	0.000e+00	0.000e+00	0.000e+00
145022.50	0.000e+00	0.000e+00	0.000e+00
145023.50	0.000e+00	0.000e+00	0.000e+00
145024.50	0.000e+00	0.000e+00	0.000e+00
145025.50	0.000e+00	0.000e+00	0.000e+00
145026.50	0.000e+00	0.000e+00	0.000e+00
145027.50	0.000e+00	0.000e+00	0.000e+00
145028.50	0.000e+00	0.000e+00	0.000e+00
145029.50	0.000e+00	0.000e+00	0.000e+00
145030.50	0.000e+00	0.000e+00	0.000e+00
145031.50	0.000e+00	0.000e+00	0.000e+00
145032.50	0.000e+00	0.000e+00	0.000e+00
145033.50	0.000e+00	0.000e+00	0.000e+00
145034.50	0.000e+00	0.000e+00	0.000e+00
145035.50	0.000e+00	0.000e+00	0.000e+00
145036.50	0.000e+00	0.000e+00	0.000e+00
145037.50	0.000e+00	0.000e+00	0.000e+00
145038.50	0.000e+00	0.000e+00	0.000e+00
145039.50	0.000e+00	0.000e+00	0.000e+00
145040.50	0.000e+00	0.000e+00	0.000e+00
145041.50	0.000e+00	0.000e+00	0.000e+00
145042.50	0.000e+00	0.000e+00	0.000e+00
145043.50	0.000e+00	0.000e+00	0.000e+00
145044.50	0.000e+00	0.000e+00	0.000e+00
145045.50	0.000e+00	0.000e+00	0.000e+00
145046.50	0.000e+00	0.000e+00	0.000e+00
145047.50	0.000e+00	0.000e+00	0.000e+00
145048.50	0.000e+00	0.000e+00	0.000e+00
145049.50	0.000e+00	0.000e+00	0.000e+00
145050.50	0.000e+00	0.000e+00	0.000e+00
145051.50	0.000e+00	0.000e+00	0.000e+00
145052.50	0.000e+00	0.000e+00	0.000e+00
145053.50	0.000e+00	0.000e+00	0.000e+00
145054.50	0.000e+00	0.000e+00	0.000e+00
145055.50	0.000e+00	0.000e+00	0.000e+00
145056.50	0.000e+00	0.000e+00	0.000e+00
145057.50	0.000e+00	0.000e+00	0.000e+00
145058.50	0.000e+00	0.000e+00	0.000e+00
145059.50	0.000e+00	0.000e+00	0.000e+00
145060.50	0.000e+00	0.000e+00	0.000e+00
145061.50	0.000e+00	0.000e+00	0.000e+00
145062.50	0.000e+00	0.000e+00	0.000e+00
145063.50	0.000e+00	0.000e+00	0.000e+00
145064.50	0.000e+00	0.000e+00	0.000e+00
145065.50	0.000e+00	0.000e+00	0.000e+00
145066.50	0.000e+00	0.000e+00	0.000e+00
145067.50	0.000e+00	0.000e+00	0.000e+00
145068.50	0.000e+00	0.000e+00	0.000e+00
145069.50	0.000e+00	0.000e+00	0.000e+00
145070.50	0.000e+00	0.000e+00	0.000e+00
145071.50	0.000e+00	0.000e+00	0.000e+00
145072.50	0.000e+00	0.000e+00	0.000e+00
145073.50	0.000e+00	0.000e+00	0.000e+00
145074.50	0.000e+00	0.000e+00	0.000e+00
145075.50	0.000e+00	0.000e+00	0.000e+00
145076.50	0.000e+00	0.000e+00	0.000e+00
145077.50	0.000e+00	0.000e+00	0.000e+00
145078.50	0.000e+00	0.000e+00	0.000e+00
145079.50	0.000e+00	0.000e+00	0.000e+00
145080.50	0.000e+00	0.000e+00	0.000e+00
145081.50	0.000e+00	0.000e+00	0.000e+00
145082.50	0.000e+00	0.000e+00	0.000e+00
145083.50	0.000e+00	0.000e+00	0.000e+00
145084.50	0.000e+00	0.000e+00	0.000e+00
145085.50	0.000e+00	0.000e+00	0.000e+00
145086.50	0.000e+00	0.000e+00	0.000e+00
145087.50	0.000e+00	0.000e+00	0.000e+00
145088.50	0.000e+00	0.000e+00	0.000e+00
145089.50	0.000e+00	0.000e+00	0.000e+00
145090.50	0.000e+00	0.000e+00	0.000e+00
145091.50	0.000e+00	0.000e+00	0.000e+00
145092.50	0.000e+00	0.000e+00	0.000e+00
145093.50	0.000e+00	0.000e+00	0.000e+00
145094.50	0.000e+00	0.000e+00	0.000e+00
145095.50	0.000e+00	0.000e+00	0.000e+00
145096.50	0.000e+00	0.000e+00	0.000e+00
145097.50	0.000e+00	0.000e+00	0.000e+00
145098.50	0.000e+00	0.000e+00	0.000e+00
145099.50	0.000e+00	0.000e+00	0.000e+00
145100.50	0.000e+00	0.000e+00	0.000e+00
145101.50	0.000e+00	0.000e+00	0.000e+00
145102.50	0.000e+00	0.000e+00	0.000e+00
145103.50	0.000e+00	0.000e+00	0.000e+00
145104.50	0.000e+00	0.000e+00	0.000e+00
145105.50	0.000e+00	0.000e+00	0.000e+00
145106.50	0.000e+00	0.000e+00	0.000e+00
145107.50	0.000e+00	0.000e+00	0.000e+00
145108.50	0.000e+00	0.000e+00	0.000e+00
145109.50	0.000e+00	0.000e+00	0.000e+00
145110.50	0.000e+00	0.000e+00	0.000e+00
145111.50	0.000e+00	0.000e+00	0.000e+00
145112.50	0.000e+00	0.000e+00	0.000e+00
145113.50	0.000e+00	0.000e+00	0.000e+00
145114.50	0.000e+00	0.000e+00	0.000e+00
145115.50	0.000e+00	0.000e+00	0.000e+00
145116.50	0.000e+00	0.000e+00	0.000e+00
145117.50	0.000e+00	0.000e+00	0.000e+00
145118.50	0.000e+00	0.000e+00	0.000e+00
145119.50	0.000e+00	0.000e+00	0.000e+00
145120.50	0.000e+00	0.000e+00	0.000e+00
145121.50	0.000e+00	0.000e+00	0.000e+00
145122.50	0.000e+00	0.000e+00	0.000e+00
145123.50	0.000e+00	0.000e+00	0.000e+00
145124.50	0.000e+00	0.000e+00	0.000e+00
145125.50	0.000e+00	0.000e+00	0.000e+00
145126.50	0.000e+00	0.000e+00	0.000e+00
145127.50	0.000e+00	0.000e+00	0.000e+00
145128.50	0.000e+00	0.000e+00	0.000e+00
145129.50	0.000e+00	0.000e+00	0.000e+00
145130.50	0.000e+00	0.000e+00	0.000e+00
145131.50	0.000e+00	0.000e+00	0.000e+00
145132.50	0.000e+00	0.000e+00	0.000e+00
145133.50	0.000e+00	0.000e+00	0.000e+00
145134.50	0.000e+00	0.000e+00	0.000e+00
145135.50	0.000e+00	0.000e+00	0.000e+00
145136.50	0.000e+00	0.000e+00	0.000e+00
145137.50	0.000e+00	0.000e+00	0.000e+00
145138.50	0.000e+00	0.000e+00	0.000e+00
145139.50	0.000e+00	0.000e+00	0.000e+00
145140.50	0.000e+00	0.000e+00	0.000e+00
145141.50	0.000e+00	0.000e+00	0.000e+00
145142.50	0.000e+00	0.000e+00	0.000e+00
145143.50	0.000e+00	0.000e+00	0.000e+00
145144.50	0.000e+00	0.000e+00	0.000e+00
145145.50	0.000e+00	0.000e+00	0.000e+00
145146.50	0.000e+00	0.000e+00	0.000e+00
145147.50	0.000e+00	0.000e+00	0.000e+00
145148.50	0.000e+00	0.000e+00	0.000e+00
145149.50	0.000e+00	0.000e+00	0.000e+00
145150.50	0.000e+00	0.000e+00	0.000e+00
145151.50	0.000e+00	0.000e+00	0.000e+00
145152.50	1.027e-06	4.973e-04	-5.894e-05
145153.50	5.981e-06	2.496e-04	2.016e-04
145154.50	-1.440e-05	-3.149e-04	-4.291e-04
145155.50	7.814e-06	-3.005e-04	3.514e-04
145156.50	3.523e-05	1.536e-04	6.998e-04
145157.50	5.750e-05	5.914e-03	2.698e-03
145158.50	-2.227e-05	5.155e-04	-6.326e-04
145159.50	-4.723e-05	-6.048e-03	-3.389e-03
145160.50	3.283e-05	-1.613e-03	3.648e-03
145161.50	2.419e-05	1.354e-03	9.792e-04
145162.50	-2.016e-05	-1.997e-04	-1.066e-03
145163.50	-4.349e-04	-5.779e-03	-2.390e-02
145164.50	6.950e-05	-4.358e-02	1.613e-03
145165.50	-3.264e-04	1.786e-02	-1.066e-02
145166.50	1.133e-03	4.886e-02	6.365e-02
145167.50	-7.795e-04	-2.112e-01	-3.341e-02
145168.50	8.189e-03	-6.768e-01	4.666e-01
145169.50	1.267e-02	-1.046e+01	6.336e-01
145170.50	6.259e-01	-3.062e+02	3.696e+01
145171.50	4.550e+00	-1.488e+03	2.592e+02
145172.50	2.458e-01	-1.814e+02	-7.027e+00
145173.50	-2.688e-01	1.210e+02	-2.736e+01
145174.50	-6.163e-01	1.507e+02	-3.840e+01
145175.50	-2.227e-01	1.440e+02	-1.632e+01
145176.50	-4.262e-01	1.104e+02	-2.525e+01
145177.50	-3.245e-01	1.229e+02	-1.968e+01
145178.50	-2.832e-01	1.046e+02	-1.766e+01
145179.50	-2.371e-01	8.957e+01	-1.296e+01
145180.50	-1.709e-01	8.794e+01	-9.072e+00
145181.50	-1.718e-01	7.219e+01	-8.736e+00
145182.50	-1.728e-01	6.422e+01	-1.027e+01
145183.50	-1.421e-01	6.144e+01	-6.470e+00
145184.50	-1.478e-01	5.654e+01	-6.931e+00
145185.50	-1.834e-01	5.040e+01	-9.696e+00
145186.50	-1.594e-01	4.675e+01	-8.746e+00
145187.50	-1.027e-01	4.378e+01	-5.078e+00
145188.50	-1.910e-01	4.598e+01	-9.984e+00
145189.50	-3.322e-02	3.830e+01	-1.488e+00
145190.50	-1.526e-01	3.437e+01	-7.536e+00
145191.50	-1.123e-02	3.024e+01	-2.256e-02
145192.50	-9.235e-02	2.928e+01	-4.176e+00
145193.50	-4.896e-02	2.400e+01	-1.536e+00
145194.50	-4.416e-02	2.726e+01	-2.160e+00
145195.50	-2.726e-03	2.477e+01	2.256e-01
145196.50	-1.066e-03	2.035e+01	3.792e-02
145197.50	-5.741e-02	1.930e+01	-2.630e+00
145198.50	-6.000e-02	2.112e+01	-2.592e+00
145199.50	-6.298e-02	1.642e+01	-2.323e+00
145200.50	-3.571e-02	1.680e+01	-1.142e+00
145201.50	-6.374e-02	1.680e+01	-3.082e+00
145202.50	-3.850e-02	1.814e+01	-1.555e+00
145203.50	-6.528e-02	1.584e+01	-2.698e+00
145204.50	-6.067e-02	1.354e+01	-2.534e+00
145205.50	-4.445e-02	1.162e+01	-1.613e+00
145206.50	-4.042e-02	9.370e+00	-2.160e+00
145207.50	-1.853e-02	1.334e+01	-2.102e-01
145208.50	-3.130e-02	1.104e+01	-1.066e+00
145209.50	1.373e-02	9.341e+00	6.269e-01
145210.50	-2.285e-02	8.870e+00	-1.181e+00
145211.50	-2.026e-02	8.938e+00	-6.250e-01
145212.50	-6.182e-02	8.909e+00	-2.659e+00
145213.50	3.907e-05	6.518e+00	-1.795e-01
145214.50	-1.306e-02	7.517e+00	2.928e-01
145215.50	-1.738e-02	7.286e+00	-3.590e-01
145216.50	-3.379e-03	6.480e+00	3.322e-01
145217.50	1.325e-02	6.768e+00	6.720e-01
145218.50	2.592e-02	6.125e+00	1.363e+00
145219.50	-1.843e-02	5.702e+00	-1.661e-01
145220.50	6.144e-03	4.310e+00	-5.962e-01
145221.50	-4.704e-02	5.376e+00	-2.112e+00
145222.50	1.728e-02	4.598e+00	8.928e-01
145223.50	-6.269e-03	5.405e+00	-7.325e-02
145224.50	-1.603e-02	4.733e+00	-5.338e-01
145225.50	-1.546e-02	5.203e+00	-4.003e-01
145226.50	-2.256e-02	3.965e+00	-1.075e+00
145227.50	-1.430e-02	3.619e+00	-1.210e-01
145228.50	-9.341e-03	3.101e+00	-2.554e-01
145229.50	-2.371e-02	4.330e+00	-8.640e-01
145230.50	-1.920e-02	3.811e+00	-7.142e-01
145231.50	-1.997e-02	3.370e+00	-9.216e-01
145232.50	9.984e-04	2.592e+00	5.318e-01
145233.50	-1.747e-02	2.918e+00	-5.050e-01
145234.50	3.005e-02	2.506e+00	1.238e+00
145235.50	1.171e-02	3.024e+00	6.912e-01
145236.50	-2.016e-02	2.045e+00	-1.142e+00
145237.50	-1.613e-02	2.726e+00	-8.678e-01
145238.50	-3.917e-02	2.726e+00	-8.016e-01
145239.50	2.506e-03	1.402e+00	9.984e-02
145240.50	-1.565e-02	1.603e+00	-4.253e-01
145241.50	9.696e-03	1.651e+00	3.744e-01
145242.50	-4.224e-02	2.074e+00	-1.613e+00
145243.50	-4.810e-03	1.968e+00	1.094e-01
145244.50	-6.806e-03	2.246e+00	-2.803e-01
145245.50	-9.888e-03	2.659e+00	-4.368e-01
145246.50	-5.789e-04	1.862e+00	-3.360e-01
145247.50	-4.099e-03	-1.402e-01	5.760e-02
145248.50	3.466e-03	9.130e-01	5.040e-01
145249.50	1.824e-03	1.622e+00	-1.037e-01
145250.50	-8.611e-03	2.016e+00	-4.416e-01
145251.50	2.784e-03	1.162e+00	3.206e-01
145252.50	-4.090e-03	1.334e+00	-7.738e-02
145253.50	-4.397e-03	7.699e-01	-3.283e-01
145254.50	-1.373e-02	1.392e+00	-3.312e-01
145255.50	2.486e-03	-3.014e-02	-7.258e-02
145256.50	-5.626e-03	9.389e-01	-3.408e-01
145257.50	-1.133e-02	9.014e-01	-4.992e-01
145258.50	-8.227e-04	1.162e+00	2.083e-01
145259.50	4.618e-03	4.829e-01	4.560e-01
145260.50	-4.886e-03	1.325e+00	-3.581e-01
145261.50	-3.437e-03	8.218e-01	-1.661e-01
145262.50	-2.218e-02	1.037e+00	-9.024e-01
145263.50	1.114e-03	9.600e-01	2.304e-01
145264.50	-5.712e-03	-1.190e-01	-1.123e-01
145265.50	-1.373e-03	8.880e-01	-1.958e-02
145266.50	-7.651e-03	3.235e-01	-7.200e-02
145267.50	-1.200e-02	6.874e-01	-5.232e-01
145268.50	4.694e-03	9.984e-01	3.091e-06
145269.50	-2.227e-04	6.307e-01	-1.277e-01
145270.50	1.584e-03	7.968e-01	7.411e-03
145271.50	-6.288e-03	4.867e-01	-8.035e-02
145272.50	-4.608e-04	9.187e-01	3.485e-02
145273.50	3.907e-03	8.160e-01	9.696e-02
145274.50	6.240e-03	4.070e-01	2.813e-01
145275.50	-3.494e-04	2.630e-01	9.226e-02
145276.50	-2.112e-02	3.197e-01	-6.384e-01
145277.50	8.064e-03	5.136e-01	2.035e-01
145278.50	6.461e-03	1.296e+00	2.870e-01
145279.50	-7.622e-03	4.781e-01	-3.370e-01
145280.50	-1.162e-02	9.302e-02	-5.318e-01
145281.50	4.445e-04	4.291e-01	-1.968e-01
145282.50	1.142e-02	6.739e-01	2.669e-01
145283.50	2.650e-03	-9.062e-02	3.830e-01
145284.50	-1.632e-02	2.486e-01	2.237e-01
145285.50	-1.296e-02	-2.400e-02	-3.485e-01
145286.50	-1.613e-03	6.547e-02	-2.458e-01
145287.50	4.867e-03	1.334e-01	2.918e-01
145288.50	-9.600e-03	7.469e-01	-5.040e-01
145289.50	-3.110e-03	2.026e-02	-2.112e-01
145290.50	-6.154e-03	1.680e-01	1.046e-01
145291.50	-4.013e-03	9.187e-01	-1.680e-01
145292.50	-1.565e-03	5.078e-01	4.051e-02
145293.50	5.107e-03	-3.197e-01	-2.909e-01
145294.50	-1.853e-02	-8.947e-02	-4.090e-01
145295.50	1.008e-03	4.128e-01	1.738e-01
145296.50	1.248e-02	-7.402e-03	3.725e-01
145297.50	-7.075e-03	2.602e-01	-1.901e-01
145298.50	5.875e-03	1.786e-01	3.907e-02
145299.50	4.886e-03	1.392e-01	5.597e-03
145300.50	-7.392e-04	3.120e-01	2.573e-01
145301.50	-7.910e-03	4.022e-01	-1.498e-01
145302.50	-5.894e-03	3.043e-01	-3.245e-01
145303.50	6.422e-03	2.371e-01	1.018e-01
145304.50	-8.784e-03	2.304e-01	6.202e-02
145305.50	-3.005e-03	2.064e-01	1.690e-01
145306.50	6.710e-03	1.546e-01	-4.138e-02
145307.50	-3.994e-03	-4.762e-01	-1.104e-01
145308.50	-2.246e-03	1.853e-01	-1.776e-01
145309.50	-4.493e-03	2.678e-01	-1.709e-01
145310.50	-1.392e-03	6.787e-01	-3.571e-02
145311.50	1.123e-02	-1.949e-02	4.896e-01
145312.50	-1.402e-03	-5.875e-03	4.656e-02
145313.50	-3.802e-03	-6.115e-02	-3.370e-01
145314.50	-1.670e-03	7.805e-02	2.678e-02
145315.50	-1.738e-03	3.744e-01	-1.834e-02
145316.50	3.715e-03	3.533e-01	1.517e-01
145317.50	2.054e-03	3.485e-01	1.315e-01
145318.50	-8.246e-03	3.360e-02	-2.074e-01
145319.50	-2.544e-03	2.304e-01	-1.229e-01
145320.50	5.482e-03	2.371e-02	1.958e-01
145321.50	3.235e-04	2.986e-01	1.123e-02
145322.50	3.370e-03	-9.514e-02	-1.651e-02
145323.50	-6.682e-03	1.584e-01	-3.936e-02
145324.50	-2.832e-03	-2.170e-02	-2.592e-01
145325.50	2.774e-03	-4.646e-02	2.726e-01
145326.50	-5.549e-03	3.072e-01	-9.130e-02
145327.50	-2.794e-04	-1.171e-01	4.042e-02
145328.50	-3.331e-03	4.243e-01	-1.152e-01
145329.50	1.018e-02	1.546e-01	2.304e-01
145330.50	-2.630e-03	-3.370e-01	5.846e-02
145331.50	-5.914e-04	3.619e-01	-8.333e-02
145332.50	-8.410e-03	3.888e-01	-2.170e-01
145333.50	-5.251e-03	3.350e-01	-8.074e-02
145334.50	-8.342e-04	-2.102e-01	1.622e-01
145335.50	-2.246e-03	-1.392e-01	-6.682e-02
145336.50	1.123e-02	3.398e-02	5.472e-02
145337.50	-9.696e-04	2.064e-01	-8.016e-02
145338.50	-1.766e-03	-1.507e-01	1.315e-01
145339.50	1.411e-03	-5.885e-02	3.427e-02
145340.50	-7.766e-03	-1.795e-02	-2.429e-01
145341.50	4.416e-04	6.470e-02	-1.306e-01
145342.50	-7.459e-04	4.291e-01	2.966e-02
145343.50	7.056e-04	8.659e-02	7.968e-02
145344.50	-5.587e-03	-1.834e-01	-1.939e-01
145345.50	-1.133e-04	4.541e-02	-1.258e-01
145346.50	3.926e-03	1.267e-01	1.507e-01
145347.50	1.699e-03	5.491e-02	1.891e-01
145348.50	-8.534e-03	3.168e-01	-2.333e-01
145349.50	-4.186e-03	-3.178e-02	-7.987e-02
145350.50	1.709e-03	5.366e-02	3.715e-02
145351.50	-1.037e-02	2.525e-01	5.021e-02
145352.50	4.291e-03	4.378e-02	2.803e-01
145353.50	-1.286e-03	4.954e-01	-1.258e-01
145354.50	8.784e-03	-1.622e-01	2.870e-01
145355.50	-7.555e-03	1.133e-01	-1.987e-01
145356.50	-8.150e-03	5.299e-02	6.413e-03
145357.50	1.584e-03	-5.482e-02	-1.267e-01
145358.50	1.142e-04	-1.315e-02	-1.334e-01
145359.50	1.133e-03	-4.618e-02	2.218e-01
145360.50	1.642e-04	-1.296e-01	3.485e-02
145361.50	-5.875e-03	9.226e-02	-1.978e-01
145362.50	7.843e-03	6.394e-02	1.296e-01
145363.50	-1.018e-04	-8.765e-02	2.035e-02
145364.50	-1.747e-03	2.256e-01	8.237e-02
145365.50	-1.536e-03	2.813e-01	-2.170e-01
145366.50	-4.752e-03	2.755e-01	-1.344e-01
145367.50	7.987e-04	-1.315e-01	-1.190e-01
145368.50	-1.373e-03	-1.219e-01	-2.189e-02
145369.50	2.074e-03	5.491e-02	-3.504e-02
145370.50	-8.630e-04	6.058e-02	3.830e-02
145371.50	8.774e-03	-1.421e-01	3.120e-01
145372.50	-2.986e-03	1.920e-01	7.718e-02
145373.50	-4.013e-03	-4.685e-02	-1.997e-01
145374.50	-1.430e-02	-2.794e-02	-2.400e-01
145375.50	-4.195e-03	1.469e-01	-9.226e-02
145376.50	1.622e-02	4.339e-02	4.310e-01
145377.50	7.459e-03	1.402e-01	1.776e-01
145378.50	-3.696e-03	-6.374e-02	-1.728e-01
145379.50	-2.582e-03	-2.784e-02	-9.235e-02
145380.50	-1.901e-03	2.362e-02	-4.262e-02
145381.50	7.219e-03	8.736e-02	3.158e-01
145382.50	-2.861e-03	2.170e-01	-1.018e-01
145383.50	-4.349e-03	2.410e-02	-1.786e-01
145384.50	3.955e-04	-1.517e-01	1.037e-01
145385.50	-4.128e-04	-3.062e-02	-6.230e-02
145386.50	4.714e-03	1.306e-01	4.262e-02
145387.50	2.976e-03	-5.386e-02	5.818e-02
145388.50	4.301e-03	7.286e-02	-6.154e-02
145389.50	-1.363e-03	-1.267e-02	-1.872e-02
145390.50	-1.891e-03	-7.344e-02	-1.344e-02
145391.50	1.181e-03	1.814e-02	4.291e-02
145392.50	-4.061e-04	4.416e-02	3.552e-02
145393.50	-1.939e-03	-1.526e-02	-7.882e-02
145394.50	1.690e-03	-3.542e-02	-5.942e-02
145395.50	2.918e-03	6.854e-02	8.093e-02
145396.50	1.824e-04	7.478e-02	3.936e-02
145397.50	5.606e-03	-1.181e-01	5.990e-03
145398.50	-1.584e-03	1.267e-02	4.397e-02
145399.50	-3.946e-03	4.608e-02	-6.912e-02
145400.50	-7.200e-03	3.101e-02	-9.600e-02
145401.50	-2.506e-04	6.653e-02	1.853e-01
145402.50	-3.331e-03	1.363e-01	3.610e-03
145403.50	-1.488e-03	-1.354e-01	-1.862e-01
145404.50	5.203e-03	-2.006e-02	4.310e-02
145405.50	5.549e-03	2.006e-02	-6.624e-02
145406.50	-5.501e-03	-1.229e-01	-1.046e-01
145407.50	7.459e-03	-5.088e-02	1.824e-01
145408.50	7.670e-03	1.565e-03	2.486e-01
145409.50	-4.906e-03	1.008e-01	-6.278e-02
145410.50	-4.627e-03	-1.824e-01	-7.882e-02
145411.50	3.331e-03	-3.667e-02	9.888e-02
145412.50	-2.659e-03	-6.998e-02	1.229e-02
145413.50	-6.989e-03	-1.536e-02	-1.622e-01
145414.50	2.458e-03	6.653e-02	9.600e-02
145415.50	-7.392e-05	9.984e-02	-7.248e-02
145416.50	9.053e-04	1.171e-02	2.784e-02
145417.50	-2.822e-03	-6.490e-02	-8.362e-02
145418.50	-1.027e-03	-1.248e-01	1.747e-02
145419.50	7.738e-03	1.363e-01	1.450e-01
145420.50	-6.269e-03	-3.542e-02	-1.680e-01
145421.50	-1.968e-03	1.210e-01	-5.616e-02
145422.50	-5.011e-03	-4.397e-02	-4.954e-02
145423.50	-3.542e-03	-2.362e-01	-2.006e-01
145424.50	-1.498e-03	9.312e-02	-1.277e-01
145425.50	-2.006e-03	8.995e-02	1.258e-01
145426.50	3.235e-03	8.198e-02	2.448e-02
145427.50	-1.421e-03	-2.774e-02	5.568e-02
145428.50	2.534e-03	-9.014e-02	6.835e-02
145429.50	5.558e-03	6.922e-02	7.421e-02
145430.50	-1.421e-03	-8.342e-02	-1.805e-01
145431.50	-2.755e-03	8.870e-02	-7.968e-02
145432.50	1.930e-04	1.622e-02	7.344e-02
145433.50	-1.373e-04	-3.638e-02	-2.410e-02
145434.50	-1.824e-03	1.114e-01	6.365e-02
145435.50	-5.030e-04	-6.902e-02	2.026e-02
145436.50	1.421e-03	2.285e-02	8.045e-03
145437.50	4.848e-03	9.792e-02	1.882e-01
145438.50	-6.374e-03	1.382e-02	-2.208e-01
145439.50	-1.776e-03	1.574e-01	-7.661e-02
145440.50	-2.170e-03	-4.877e-02	-8.390e-02
145441.50	-1.286e-03	-9.696e-02	-6.086e-03
145442.50	9.600e-04	1.757e-01	-3.168e-02
145443.50	2.266e-03	2.515e-01	4.579e-02
145444.50	4.426e-03	-5.203e-02	6.346e-02
145445.50	3.360e-03	1.411e-02	1.315e-01
145446.50	3.264e-03	-2.227e-01	-3.974e-02
145447.50	2.515e-03	3.350e-02	-5.482e-02
145448.50	-1.373e-03	2.419e-01	-3.763e-02
145449.50	-2.592e-03	9.494e-02	-7.286e-02
145450.50	3.782e-04	2.227e-04	6.058e-02
145451.50	-5.078e-03	2.381e-01	-9.466e-02
145452.50	-1.363e-03	-1.277e-01	5.770e-02
145453.50	3.667e-03	5.731e-03	-2.976e-02
145454.50	-8.640e-05	-1.469e-01	-3.523e-02
145455.50	3.706e-03	-1.238e-01	-3.629e-02
145456.50	1.824e-03	-2.218e-01	-4.608e-02
145457.50	-7.162e-03	2.611e-02	-6.144e-02
145458.50	-1.690e-03	1.229e-01	-9.494e-02
145459.50	-7.411e-04	1.315e-01	-2.026e-02
145460.50	-5.395e-04	2.006e-01	1.594e-01
145461.50	3.187e-04	-2.832e-02	1.651e-02
145462.50	-3.283e-03	8.803e-02	-6.826e-02
145463.50	5.654e-03	6.720e-02	1.066e-01
145464.50	-1.920e-03	-1.104e-01	-1.459e-01
145465.50	1.766e-03	-5.126e-02	1.306e-01
145466.50	4.982e-04	-4.685e-02	5.702e-02
145467.50	-6.173e-03	3.715e-02	-3.446e-02
145468.50	-2.102e-03	1.661e-02	1.066e-01
145469.50	1.286e-02	-1.018e-01	1.315e-01
145470.50	-4.474e-03	6.518e-03	-6.202e-02
145471.50	-4.541e-03	4.627e-02	-4.570e-02
145472.50	-9.302e-04	1.766e-02	3.187e-02
145473.50	1.469e-03	5.434e-02	-4.195e-02
145474.50	1.104e-03	2.602e-02	-2.477e-02
145475.50	1.603e-03	-6.298e-02	-4.570e-02
145476.50	-2.208e-03	7.094e-02	5.222e-02
145477.50	1.603e-03	-1.277e-02	2.074e-02
145478.50	1.565e-02	-1.949e-02	-8.755e-02
145479.50	1.008e-02	1.142e-01	1.766e-02
145480.50	-5.846e-04	8.016e-02	7.171e-02
145481.50	-3.254e-03	-1.075e-01	-2.621e-02
145482.50	3.494e-04	-1.680e-02	-9.542e-03
145483.50	3.389e-04	-3.850e-02	-8.246e-02
145484.50	5.654e-04	-1.373e-03	-2.208e-02
145485.50	4.282e-03	8.266e-03	4.493e-02
145486.50	2.102e-03	8.381e-02	4.454e-02
145487.50	-1.795e-03	7.738e-02	-8.698e-02
145488.50	-1.123e-04	-5.376e-02	6.758e-02
145489.50	1.008e-03	5.386e-02	-3.043e-02
145490.50	1.459e-03	-1.814e-01	-1.277e-01
145491.50	8.678e-04	-5.587e-02	1.229e-01
145492.50	3.178e-03	-6.730e-02	8.237e-02
145493.50	2.323e-04	-7.114e-02	-6.528e-02
145494.50	-7.728e-03	-7.843e-03	-9.187e-02
145495.50	6.538e-03	-3.888e-02	6.960e-02
145496.50	3.360e-04	-2.803e-02	1.046e-02
145497.50	1.584e-03	-1.094e-02	6.048e-02
145498.50	4.570e-03	1.651e-01	6.182e-02
145499.50	-1.286e-03	1.392e-01	-8.832e-02
145500.50	1.104e-03	-1.805e-02	3.907e-02
145501.50	-6.000e-04	2.429e-03	-1.670e-02
145502.50	1.834e-02	3.840e-02	1.498e-01
145503.50	-4.714e-04	-4.877e-02	-8.851e-02
145504.50	-3.024e-03	9.696e-02	-5.366e-02
145505.50	3.062e-03	1.066e-01	1.373e-01
145506.50	2.333e-03	-5.702e-02	9.216e-02
145507.50	-3.590e-03	1.296e-02	-6.595e-02
145508.50	-4.454e-03	4.128e-03	-4.723e-02
145509.50	-4.426e-04	-1.546e-01	-3.581e-03
145510.50	-4.368e-03	9.600e-02	-1.315e-01
145511.50	3.197e-02	7.008e-02	3.773e-02
145512.50	1.517e-02	1.056e-02	1.488e-03
145513.50	-2.045e-03	7.958e-02	7.037e-02
145514.50	-1.382e-03	8.064e-02	5.405e-02
145515.50	-2.918e-03	4.877e-02	-7.949e-02
145516.50	1.642e-03	-4.195e-02	2.736e-02
145517.50	-3.197e-03	-7.853e-02	-9.600e-02
145518.50	-3.686e-03	-3.542e-02	2.544e-03
145519.50	5.549e-04	-3.264e-03	-1.555e-02
145520.50	3.686e-03	5.395e-02	1.152e-01
145521.50	-2.890e-03	-4.877e-02	6.749e-02
145522.50	-4.128e-03	8.467e-02	-1.181e-01
145523.50	9.062e-03	-3.514e-02	-2.947e-02
145524.50	5.002e-03	-9.091e-03	6.115e-04
145525.50	9.110e-03	-8.083e-04	1.267e-01
145526.50	5.290e-03	-4.502e-02	1.930e-02
145527.50	1.066e-02	3.821e-02	3.850e-02
145528.50	-1.094e-02	2.698e-02	3.389e-04
145529.50	2.208e-03	-2.688e-02	1.325e-01
145530.50	-4.848e-03	-3.178e-02	-1.162e-01
145531.50	-2.026e-02	-1.738e-01	-1.402e-01
145532.50	-7.325e-03	4.051e-02	3.782e-02
145533.50	-6.374e-03	-1.594e-02	8.093e-03
145534.50	-2.784e-03	1.882e-02	-6.797e-02
145535.50	-5.549e-04	7.066e-02	-2.726e-02
145536.50	6.749e-04	-2.832e-02	1.018e-02
145537.50	-2.131e-04	-1.075e-02	3.322e-04
145538.50	2.851e-02	1.843e-01	6.384e-02
145539.50	7.526e-03	1.162e-01	-1.190e-02
145540.50	8.285e-03	1.488e-03	8.928e-02
145541.50	1.027e-03	4.378e-02	-1.066e-02
145542.50	-1.584e-02	-8.784e-02	-3.936e-02
145543.50	-4.694e-03	-2.966e-02	1.478e-02
145544.50	2.621e-03	9.581e-02	5.482e-02
145545.50	1.574e-03	-8.611e-02	-3.226e-02
145546.50	-2.554e-03	-2.448e-02	1.824e-02
145547.50	2.966e-03	-9.178e-03	4.195e-02
145548.50	-7.094e-04	-4.570e-02	-7.670e-02
145549.50	-1.536e-03	4.838e-02	-9.984e-02
145550.50	-3.590e-03	-5.846e-02	2.688e-02
145551.50	-4.742e-03	1.651e-02	-4.378e-02
145552.50	-9.984e-03	-2.966e-02	8.842e-03
145553.50	-1.027e-02	-4.925e-02	-5.462e-02
145554.50	-2.400e-03	-9.370e-02	-4.963e-02
145555.50	-1.162e-03	4.992e-02	-2.141e-03
145556.50	-3.773e-04	4.099e-02	9.581e-03
145557.50	5.386e-03	7.920e-02	-1.344e-01
145558.50	-8.362e-03	-1.104e-01	4.560e-02
145559.50	-9.408e-04	2.141e-03	-3.062e-02
145560.50	-1.430e-03	5.491e-02	-7.382e-03
145561.50	-5.923e-03	-5.539e-02	2.074e-02
145562.50	2.227e-04	-7.978e-02	3.571e-02
145563.50	1.382e-03	-2.419e-02	-2.026e-02
145564.50	-8.534e-04	5.088e-02	2.304e-02
145565.50	9.888e-03	2.813e-02	3.245e-02
145566.50	1.642e-02	6.374e-02	2.035e-01
145567.50	1.555e-02	9.264e-04	1.603e-01
145568.50	-3.581e-02	-6.221e-02	-8.621e-02
145569.50	5.434e-04	1.190e-02	3.149e-02
145570.50	5.914e-03	-8.774e-03	8.592e-04
145571.50	-9.206e-04	1.776e-02	4.118e-02
145572.50	-1.162e-02	-4.416e-02	-1.075e-02
145573.50	-1.402e-02	-8.256e-02	-7.766e-02
145574.50	-5.856e-02	-1.440e-01	-2.179e-01
145575.50	5.722e-03	4.522e-02	-6.288e-02
145576.50	-4.378e-03	2.496e-03	-1.402e-01
145577.50	-8.179e-04	1.046e-01	-1.392e-02
145578.50	-4.896e-04	5.971e-02	1.968e-02
145579.50	-6.787e-04	-6.538e-02	2.304e-02
145580.50	4.301e-03	-8.822e-03	-1.382e-02
145581.50	-1.680e-04	-2.630e-03	-2.592e-02
145582.50	7.190e-04	2.726e-02	-1.027e-02
145583.50	5.741e-03	5.866e-02	1.133e-01
145584.50	4.128e-03	-1.277e-01	1.843e-02
145585.50	2.160e-03	-9.600e-02	5.722e-02
145586.50	-4.829e-03	-4.147e-02	-1.248e-01
145587.50	-1.642e-03	1.238e-01	4.810e-02
145588.50	3.533e-05	-1.094e-01	1.901e-02
145589.50	8.717e-05	-4.195e-02	3.648e-02
145590.50	2.141e-03	-2.486e-02	3.773e-02
145591.50	2.458e-03	-7.037e-02	-5.366e-02
145592.50	5.587e-05	1.891e-01	7.776e-02
145593.50	-2.611e-03	-2.208e-02	-2.736e-02
145594.50	1.517e-05	3.994e-02	3.888e-02
145595.50	1.642e-04	4.358e-02	-7.949e-02
145596.50	-9.888e-04	6.893e-02	-6.758e-02
145597.50	-1.440e-03	1.066e-02	-3.850e-02
145598.50	9.130e-04	-2.880e-02	1.968e-02
145599.50	-1.238e-03	5.942e-03	-7.229e-03
145600.50	7.536e-04	1.392e-02	5.002e-02
145601.50	8.371e-04	5.453e-02	3.043e-02
