145003.50	0.000e+00	0.000e+00	0.000e+00
145004.50	0.000e+00	0.000e+00	0.000e+00
145005.50	0.000e+00	0.000e+00	0.000e+00
145006.50	0.000e+00	0.000e+00	0.000e+00
145007.50	0.000e+00	0.000e+00	0.000e+00
145008.50	0.000e+00	0.000e+00	0.000e+00
145009.50	0.000e+00	0.000e+00	0.000e+00
145010.50	0.000e+00	0.000e+00	0.000e+00
145011.50	0.000e+00	0.000e+00	0.000e+00
145012.50	0.000e+00	0.000e+00	0.000e+00
145013.50	0.000e+00	0.000e+00	0.000e+00
145014.50	0.000e+00	0.000e+00	0.000e+00
145015.50	0.000e+00	0.000e+00	0.000e+00
145016.50	0.000e+00	0.000e+00	0.000e+00
145017.50	0.000e+00	0.000e+00	0.000e+00
145018.50	0.000e+00	0.000e+00	0.000e+00
145019.50	0.000e+00	0.000e+00	0.000e+00
145020.50	0.000e+00	0.000e+00	0.000e+00
145021.50	0.000e+00	0.000e+00	0.000e+00
145022.50	0.000e+00	0.000e+00	0.000e+00
145023.50	0.000e+00	0.000e+00	0.000e+00
145024.50	0.000e+00	0.000e+00	0.000e+00
145025.50	0.000e+00	0.000e+00	0.000e+00
145026.50	0.000e+00	0.000e+00	0.000e+00
145027.50	0.000e+00	0.000e+00	0.000e+00
145028.50	0.000e+00	0.000e+00	0.000e+00
145029.50	0.000e+00	0.000e+00	0.000e+00
145030.50	0.000e+00	0.000e+00	0.000e+00
145031.50	0.000e+00	0.000e+00	0.000e+00
145032.50	0.000e+00	0.000e+00	0.000e+00
145033.50	0.000e+00	0.000e+00	0.000e+00
145034.50	0.000e+00	0.000e+00	0.000e+00
145035.50	0.000e+00	0.000e+00	0.000e+00
145036.50	0.000e+00	0.000e+00	0.000e+00
145037.50	0.000e+00	0.000e+00	0.000e+00
145038.50	0.000e+00	0.000e+00	0.000e+00
145039.50	0.000e+00	0.000e+00	0.000e+00
145040.50	0.000e+00	0.000e+00	0.000e+00
145041.50	0.000e+00	0.000e+00	0.000e+00
145042.50	0.000e+00	0.000e+00	0.000e+00
145043.50	0.000e+00	0.000e+00	0.000e+00
145044.50	0.000e+00	0.000e+00	0.000e+00
145045.50	0.000e+00	0.000e+00	0.000e+00
145046.50	0.000e+00	0.000e+00	0.000e+00
145047.50	0.000e+00	0.000e+00	0.000e+00
145048.50	0.000e+00	0.000e+00	0.000e+00
145049.50	0.000e+00	0.000e+00	0.000e+00
145050.50	0.000e+00	0.000e+00	0.000e+00
145051.50	0.000e+00	0.000e+00	0.000e+00
145052.50	0.000e+00	0.000e+00	0.000e+00
145053.50	0.000e+00	0.000e+00	0.000e+00
145054.50	0.000e+00	0.000e+00	0.000e+00
145055.50	0.000e+00	0.000e+00	0.000e+00
145056.50	0.000e+00	0.000e+00	0.000e+00
145057.50	0.000e+00	0.000e+00	0.000e+00
145058.50	0.000e+00	0.000e+00	0.000e+00
145059.50	0.000e+00	0.000e+00	0.000e+00
145060.50	0.000e+00	0.000e+00	0.000e+00
145061.50	0.000e+00	0.000e+00	0.000e+00
145062.50	0.000e+00	0.000e+00	0.000e+00
145063.50	0.000e+00	0.000e+00	0.000e+00
145064.50	0.000e+00	0.000e+00	0.000e+00
145065.50	0.000e+00	0.000e+00	0.000e+00
145066.50	0.000e+00	0.000e+00	0.000e+00
145067.50	0.000e+00	0.000e+00	0.000e+00
145068.50	0.000e+00	0.000e+00	0.000e+00
145069.50	0.000e+00	0.000e+00	0.000e+00
145070.50	0.000e+00	0.000e+00	0.000e+00
145071.50	0.000e+00	0.000e+00	0.000e+00
145072.50	0.000e+00	0.000e+00	0.000e+00
145073.50	0.000e+00	0.000e+00	0.000e+00
145074.50	0.000e+00	0.000e+00	0.000e+00
145075.50	0.000e+00	0.000e+00	0.000e+00
145076.50	0.000e+00	0.000e+00	0.000e+00
145077.50	0.000e+00	0.000e+00	0.000e+00
145078.50	0.000e+00	0.000e+00	0.000e+00
145079.50	0.000e+00	0.000e+00	0.000e+00
145080.50	0.000e+00	0.000e+00	0.000e+00
145081.50	0.000e+00	0.000e+00	0.000e+00
145082.50	0.000e+00	0.000e+00	0.000e+00
145083.50	0.000e+00	0.000e+00	0.000e+00
145084.50	0.000e+00	0.000e+00	0.000e+00
145085.50	0.000e+00	0.000e+00	0.000e+00
145086.50	0.000e+00	0.000e+00	0.000e+00
145087.50	0.000e+00	0.000e+00	0.000e+00
145088.50	0.000e+00	0.000e+00	0.000e+00
145089.50	0.000e+00	0.000e+00	0.000e+00
145090.50	0.000e+00	0.000e+00	0.000e+00
145091.50	0.000e+00	0.000e+00	0.000e+00
145092.50	0.000e+00	0.000e+00	0.000e+00
145093.50	0.000e+00	0.000e+00	0.000e+00
145094.50	0.000e+00	0.000e+00	0.000e+00
145095.50	0.000e+00	0.000e+00	0.000e+00
145096.50	0.000e+00	0.000e+00	0.000e+00
145097.50	0.000e+00	0.000e+00	0.000e+00
145098.50	0.000e+00	0.000e+00	0.000e+00
145099.50	0.000e+00	0.000e+00	0.000e+00
145100.50	0.000e+00	0.000e+00	0.000e+00
145101.50	0.000e+00	0.000e+00	0.000e+00
145102.50	0.000e+00	0.000e+00	0.000e+00
145103.50	0.000e+00	0.000e+00	0.000e+00
145104.50	0.000e+00	0.000e+00	0.000e+00
145105.50	0.000e+00	0.000e+00	0.000e+00
145106.50	0.000e+00	0.000e+00	0.000e+00
145107.50	0.000e+00	0.000e+00	0.000e+00
145108.50	0.000e+00	0.000e+00	0.000e+00
145109.50	0.000e+00	0.000e+00	0.000e+00
145110.50	0.000e+00	0.000e+00	0.000e+00
145111.50	0.000e+00	0.000e+00	0.000e+00
145112.50	0.000e+00	0.000e+00	0.000e+00
145113.50	0.000e+00	0.000e+00	0.000e+00
145114.50	0.000e+00	0.000e+00	0.000e+00
145115.50	0.000e+00	0.000e+00	0.000e+00
145116.50	0.000e+00	0.000e+00	0.000e+00
145117.50	0.000e+00	0.000e+00	0.000e+00
145118.50	0.000e+00	0.000e+00	0.000e+00
145119.50	0.000e+00	0.000e+00	0.000e+00
145120.50	0.000e+00	0.000e+00	0.000e+00
145121.50	0.000e+00	0.000e+00	0.000e+00
145122.50	0.000e+00	0.000e+00	0.000e+00
145123.50	0.000e+00	0.000e+00	0.000e+00
145124.50	0.000e+00	0.000e+00	0.000e+00
145125.50	0.000e+00	0.000e+00	0.000e+00
145126.50	0.000e+00	0.000e+00	0.000e+00
145127.50	0.000e+00	0.000e+00	0.000e+00
145128.50	0.000e+00	0.000e+00	0.000e+00
145129.50	0.000e+00	0.000e+00	0.000e+00
145130.50	0.000e+00	0.000e+00	0.000e+00
145131.50	0.000e+00	0.000e+00	0.000e+00
145132.50	0.000e+00	0.000e+00	0.000e+00
145133.50	0.000e+00	0.000e+00	0.000e+00
145134.50	0.000e+00	0.000e+00	0.000e+00
145135.50	0.000e+00	0.000e+00	0.000e+00
145136.50	0.000e+00	0.000e+00	0.000e+00
145137.50	0.000e+00	0.000e+00	0.000e+00
145138.50	0.000e+00	0.000e+00	0.000e+00
145139.50	0.000e+00	0.000e+00	0.000e+00
145140.50	0.000e+00	0.000e+00	0.000e+00
145141.50	0.000e+00	0.000e+00	0.000e+00
145142.50	0.000e+00	0.000e+00	0.000e+00
145143.50	0.000e+00	0.000e+00	0.000e+00
145144.50	0.000e+00	0.000e+00	0.000e+00
145145.50	0.000e+00	0.000e+00	0.000e+00
145146.50	0.000e+00	0.000e+00	0.000e+00
145147.50	0.000e+00	0.000e+00	0.000e+00
145148.50	0.000e+00	0.000e+00	0.000e+00
145149.50	0.000e+00	0.000e+00	0.000e+00
145150.50	0.000e+00	0.000e+00	0.000e+00
145151.50	0.000e+00	0.000e+00	0.000e+00
145152.50	0.000e+00	0.000e+00	0.000e+00
145153.50	0.000e+00	0.000e+00	0.000e+00
145154.50	0.000e+00	0.000e+00	0.000e+00
145155.50	0.000e+00	0.000e+00	0.000e+00
145156.50	0.000e+00	0.000e+00	0.000e+00
145157.50	0.000e+00	0.000e+00	0.000e+00
145158.50	0.000e+00	0.000e+00	0.000e+00
145159.50	0.000e+00	0.000e+00	0.000e+00
145160.50	0.000e+00	0.000e+00	0.000e+00
145161.50	0.000e+00	0.000e+00	0.000e+00
145162.50	0.000e+00	0.000e+00	0.000e+00
145163.50	0.000e+00	0.000e+00	0.000e+00
145164.50	0.000e+00	0.000e+00	0.000e+00
145165.50	0.000e+00	0.000e+00	0.000e+00
145166.50	-5.808e-05	-3.139e-03	3.130e-03
145167.50	3.101e-04	1.018e-04	-7.325e-03
145168.50	-5.760e-04	2.371e-03	1.200e-02
145169.50	7.805e-05	7.190e-04	-1.882e-03
145170.50	9.792e-05	2.477e-03	-3.264e-03
145171.50	1.766e-04	2.938e-04	-3.744e-03
145172.50	-5.731e-04	-5.501e-03	2.486e-02
145173.50	1.027e-02	-2.515e-01	-2.170e-01
145174.50	2.179e-02	-2.064e+00	6.211e-01
145175.50	8.842e-01	-5.866e+01	7.382e+00
145176.50	9.446e+00	-4.608e+02	-2.112e+01
145177.50	1.651e+01	-7.546e+02	-4.253e+01
145178.50	1.402e+01	-5.165e+02	-9.552e+01
145179.50	3.734e+00	-9.542e+01	-3.552e+01
145180.50	-9.792e-01	3.994e+01	2.150e+01
145181.50	-2.006e+00	8.976e+01	1.526e+01
145182.50	-2.573e+00	1.258e+02	4.896e+00
145183.50	-2.640e+00	1.114e+02	1.546e+01
145184.50	-2.429e+00	1.066e+02	9.235e+00
145185.50	-2.102e+00	9.072e+01	8.813e+00
145186.50	-2.602e+00	1.046e+02	1.382e+01
145187.50	-2.218e+00	8.707e+01	1.238e+01
145188.50	-1.613e+00	7.651e+01	9.523e-01
145189.50	-1.680e+00	7.104e+01	6.288e+00
145190.50	-1.238e+00	6.154e+01	-1.248e+00
145191.50	-1.315e+00	6.163e+01	6.086e-01
145192.50	-1.258e+00	5.942e+01	-4.166e-01
145193.50	-1.296e+00	5.002e+01	7.776e+00
145194.50	-1.056e+00	4.627e+01	2.390e+00
145195.50	-1.066e+00	4.253e+01	5.520e+00
145196.50	-9.696e-01	3.907e+01	4.790e+00
145197.50	-8.794e-01	3.523e+01	4.502e+00
145198.50	-6.912e-01	3.475e+01	-1.181e+00
145199.50	-7.853e-01	3.082e+01	3.706e+00
145200.50	-7.094e-01	2.611e+01	4.310e+00
145201.50	-6.192e-01	2.544e+01	2.208e+00
145202.50	-6.998e-01	2.842e+01	2.861e+00
145203.50	-6.346e-01	2.707e+01	1.584e+00
145204.50	-4.973e-01	2.275e+01	1.181e-01
145205.50	-5.366e-01	1.949e+01	3.658e+00
145206.50	-4.195e-01	1.901e+01	2.909e-01
145207.50	-4.406e-01	1.814e+01	1.334e+00
145208.50	-4.464e-01	1.786e+01	2.131e+00
145209.50	-4.032e-01	1.613e+01	1.574e+00
145210.50	-4.147e-01	1.469e+01	2.909e+00
145211.50	-2.976e-01	1.536e+01	-9.504e-01
145212.50	-3.610e-01	1.296e+01	2.410e+00
145213.50	-3.370e-01	1.315e+01	1.661e+00
145214.50	-2.064e-01	1.142e+01	-1.536e+00
145215.50	-3.312e-01	1.296e+01	1.891e+00
145216.50	-2.669e-01	9.600e+00	1.661e+00
145217.50	-2.410e-01	9.696e+00	8.534e-01
145218.50	-2.179e-01	8.102e+00	1.267e+00
145219.50	-2.026e-01	8.429e+00	4.733e-01
145220.50	-1.901e-01	7.930e+00	5.885e-01
145221.50	-2.102e-01	7.766e+00	9.523e-01
145222.50	-1.872e-01	8.160e+00	2.995e-01
145223.50	-1.699e-01	6.950e+00	7.613e-01
145224.50	-2.419e-01	6.826e+00	2.755e+00
145225.50	-1.373e-01	6.326e+00	-9.139e-02
145226.50	-1.421e-01	5.472e+00	4.646e-01
145227.50	-1.853e-01	8.035e+00	4.733e-01
145228.50	-1.766e-01	6.250e+00	1.334e+00
145229.50	-8.995e-02	2.630e+00	1.190e+00
145230.50	-1.219e-01	4.723e+00	6.029e-01
145231.50	-1.046e-01	4.733e+00	6.557e-02
145232.50	-9.888e-02	3.878e+00	-7.939e-03
145233.50	-1.094e-01	4.637e+00	4.378e-01
145234.50	-1.421e-01	4.790e+00	9.283e-01
145235.50	-9.427e-02	3.168e+00	6.480e-01
145236.50	-7.776e-02	3.475e+00	1.939e-01
145237.50	-1.037e-01	3.859e+00	4.099e-01
145238.50	-5.827e-02	3.139e+00	-5.299e-01
145239.50	-9.149e-02	3.965e+00	-1.814e-01
145240.50	-1.142e-01	4.214e+00	4.195e-01
145241.50	-8.928e-02	3.418e+00	9.466e-02
145242.50	-8.746e-02	3.302e+00	1.747e-01
145243.50	-4.042e-02	2.237e+00	-1.680e-01
145244.50	-8.323e-02	2.909e+00	7.027e-01
145245.50	-8.419e-02	2.573e+00	6.528e-01
145246.50	-7.939e-02	2.208e+00	5.664e-01
145247.50	-4.608e-02	2.371e+00	-1.296e-01
145248.50	-5.664e-02	2.266e+00	3.754e-01
145249.50	-2.419e-02	2.170e+00	-5.827e-01
145250.50	-9.110e-02	1.757e+00	1.776e+00
145251.50	-5.683e-02	1.248e+00	7.478e-01
145252.50	1.546e-02	6.922e-01	-8.554e-01
145253.50	-6.480e-02	1.651e+00	8.074e-01
145254.50	-3.888e-02	1.680e+00	1.296e-01
145255.50	-4.176e-02	1.498e+00	1.114e-01
145256.50	-1.354e-02	1.008e+00	-3.264e-01
145257.50	-5.021e-02	1.488e+00	2.486e-01
145258.50	-5.002e-02	1.997e+00	8.813e-02
145259.50	-2.419e-02	1.718e+00	-4.118e-01
145260.50	-1.325e-02	6.528e-01	2.275e-01
145261.50	-5.242e-02	1.421e+00	3.744e-01
145262.50	-2.746e-02	1.286e+00	1.824e-02
145263.50	-3.130e-02	1.133e+00	4.819e-02
145264.50	-2.995e-02	1.421e+00	4.358e-02
145265.50	-3.590e-02	1.238e+00	2.016e-01
145266.50	-3.677e-02	5.962e-01	5.059e-01
145267.50	1.306e-03	8.198e-01	-6.730e-01
145268.50	-2.477e-02	1.018e+00	2.515e-01
145269.50	-3.120e-02	5.270e-01	6.307e-01
145270.50	-2.899e-02	9.187e-01	2.189e-01
145271.50	-4.118e-02	1.210e+00	2.160e-01
145272.50	-7.622e-03	1.728e-01	-1.469e-01
145273.50	-1.584e-02	3.216e-01	1.709e-01
145274.50	-3.302e-02	1.411e+00	-7.277e-02
145275.50	-5.405e-03	6.384e-01	-3.552e-01
145276.50	2.093e-03	2.026e-01	-1.978e-02
145277.50	-2.093e-02	8.534e-01	1.661e-01
145278.50	-3.562e-02	1.123e+00	4.378e-01
145279.50	-1.469e-02	1.200e+00	-5.155e-01
145280.50	-6.317e-03	3.235e-01	1.085e-01
145281.50	3.101e-03	-1.210e-01	-1.766e-01
145282.50	-2.707e-02	5.616e-01	5.789e-01
145283.50	-1.027e-02	5.654e-01	-9.696e-02
145284.50	2.784e-03	5.789e-01	-5.443e-01
145285.50	1.382e-03	-9.494e-02	-2.266e-02
145286.50	-2.381e-02	4.762e-01	5.242e-01
145287.50	-1.699e-03	4.502e-01	-3.120e-01
145288.50	-1.546e-02	3.072e-01	1.747e-01
145289.50	-2.429e-02	5.904e-01	3.216e-01
145290.50	-1.690e-03	1.757e-01	-1.094e-01
145291.50	-1.978e-02	4.051e-01	1.450e-01
145292.50	-1.872e-02	5.126e-01	1.277e-01
145293.50	-1.392e-02	8.746e-01	2.976e-02
145294.50	-3.830e-03	6.480e-01	-2.198e-01
145295.50	1.075e-02	-2.323e-01	-2.784e-01
145296.50	-2.832e-03	1.142e-01	5.155e-02
145297.50	-3.792e-02	4.147e-01	5.779e-01
145298.50	-6.998e-03	3.139e-01	-2.410e-01
145299.50	-2.976e-03	5.059e-01	-3.974e-01
145300.50	-9.792e-03	2.208e-01	2.813e-01
145301.50	-2.179e-02	6.144e-01	3.965e-01
145302.50	-8.717e-03	4.109e-01	3.360e-02
145303.50	8.170e-03	-5.491e-02	-2.026e-01
145304.50	-1.507e-02	1.766e-01	2.659e-01
145305.50	-2.006e-02	9.245e-01	-1.987e-02
145306.50	-2.016e-03	2.496e-01	-6.595e-02
145307.50	-5.482e-03	3.590e-01	-2.131e-02
145308.50	-3.696e-03	1.315e-01	-4.954e-02
145309.50	-2.016e-02	2.938e-01	3.283e-01
145310.50	-3.350e-03	2.122e-01	-1.978e-02
145311.50	-7.862e-04	-3.888e-01	3.418e-01
145312.50	-2.026e-02	-2.150e-01	6.547e-01
145313.50	-9.398e-03	5.472e-01	-2.016e-01
145314.50	-1.114e-02	2.995e-01	1.699e-01
145315.50	7.939e-03	7.430e-02	-2.093e-01
145316.50	9.043e-04	3.466e-01	-1.766e-01
145317.50	-3.053e-02	2.976e-01	5.779e-01
145318.50	-4.262e-02	6.778e-01	4.176e-01
145319.50	1.517e-02	-8.486e-02	-5.347e-01
145320.50	3.562e-03	3.792e-01	-3.686e-01
145321.50	-2.016e-03	2.275e-01	-3.658e-03
145322.50	5.808e-03	-1.027e-02	-1.459e-02
145323.50	-1.066e-02	3.370e-01	1.046e-01
145324.50	-4.454e-03	9.437e-02	3.283e-02
145325.50	1.286e-03	-1.834e-01	1.814e-01
145326.50	5.578e-03	-6.490e-02	-1.306e-01
145327.50	6.480e-03	2.122e-01	-3.408e-01
145328.50	-5.501e-03	9.696e-03	2.227e-01
145329.50	3.830e-03	-2.246e-01	7.507e-02
145330.50	7.920e-04	-1.498e-01	5.731e-02
145331.50	-1.181e-02	2.986e-01	1.690e-01
145332.50	-5.472e-03	2.371e-01	3.744e-02
145333.50	6.019e-03	3.907e-02	-2.218e-01
145334.50	-1.018e-02	3.821e-01	6.365e-02
145335.50	-1.565e-02	1.728e-01	1.920e-01
145336.50	8.784e-04	1.910e-01	4.502e-02
145337.50	6.038e-03	-1.402e-01	1.910e-02
145338.50	5.069e-03	3.350e-01	-3.408e-01
145339.50	-8.928e-03	3.072e-02	2.880e-01
145340.50	-1.776e-02	9.792e-02	3.456e-01
145341.50	-2.554e-03	-9.139e-02	1.162e-01
145342.50	-3.293e-04	6.653e-02	-1.536e-01
145343.50	-4.320e-03	2.995e-01	-1.402e-01
145344.50	1.344e-03	1.882e-01	-2.717e-01
145345.50	1.613e-03	-1.210e-01	6.749e-03
145346.50	-1.411e-02	1.862e-01	2.218e-01
145347.50	-7.910e-03	-4.752e-02	2.064e-01
145348.50	1.296e-02	2.678e-01	-4.627e-01
145349.50	-5.472e-03	3.600e-01	1.392e-01
145350.50	-9.389e-03	5.520e-02	2.304e-01
145351.50	-9.792e-03	5.482e-02	2.266e-01
145352.50	3.014e-03	1.085e-01	-2.419e-01
145353.50	-2.966e-03	-7.498e-02	1.210e-01
145354.50	-5.674e-03	1.834e-01	-3.571e-02
145355.50	-3.120e-03	2.208e-01	-7.171e-02
145356.50	-8.035e-03	-6.480e-03	2.630e-01
145357.50	-5.117e-03	1.315e-01	6.586e-02
145358.50	-5.251e-03	3.590e-01	-6.624e-02
145359.50	3.590e-03	1.200e-01	-4.013e-02
145360.50	-6.317e-03	1.411e-01	2.928e-02
145361.50	-7.162e-03	3.360e-01	-3.907e-02
145362.50	-2.448e-03	1.622e-01	5.443e-02
145363.50	-2.803e-03	-2.064e-01	7.469e-02
145364.50	-2.947e-03	-1.728e-01	1.229e-01
145365.50	-4.637e-03	1.661e-01	-7.498e-02
145366.50	-2.688e-03	-2.419e-01	1.834e-01
145367.50	-7.382e-03	3.139e-01	-3.226e-02
145368.50	2.371e-03	9.504e-02	-5.587e-02
145369.50	5.290e-03	-8.986e-02	-1.363e-01
145370.50	1.776e-03	-4.061e-02	-5.357e-02
145371.50	-7.776e-03	-7.862e-03	9.475e-02
145372.50	-9.226e-03	2.016e-01	1.786e-01
145373.50	-8.333e-04	-1.450e-01	1.248e-01
145374.50	3.898e-03	-5.885e-02	-1.939e-01
145375.50	3.408e-04	-3.389e-02	2.966e-02
145376.50	-5.165e-03	1.114e-02	1.392e-01
145377.50	-2.381e-03	-7.411e-03	1.104e-01
145378.50	5.251e-03	1.162e-01	-7.757e-02
145379.50	-7.469e-03	1.277e-01	6.394e-02
145380.50	3.667e-03	-6.739e-02	2.246e-01
145381.50	5.558e-03	7.709e-02	-2.544e-01
145382.50	8.054e-03	2.717e-02	-2.246e-01
145383.50	-8.621e-04	3.158e-01	-1.402e-01
145384.50	-1.363e-02	1.651e-02	1.469e-01
145385.50	-1.037e-02	4.176e-02	1.910e-01
145386.50	-1.603e-02	-9.984e-02	3.648e-01
145387.50	-3.110e-03	-9.120e-03	-7.603e-04
145388.50	2.410e-03	8.688e-02	-8.429e-02
145389.50	-6.672e-03	-1.603e-01	2.218e-01
145390.50	-2.304e-03	-6.038e-02	3.562e-02
145391.50	1.440e-02	-2.486e-01	-2.726e-01
145392.50	-4.070e-05	3.216e-02	-1.037e-01
145393.50	-6.806e-03	3.178e-02	2.054e-01
145394.50	-5.750e-03	3.264e-01	-7.862e-02
145395.50	3.926e-03	-3.734e-02	-1.258e-01
145396.50	-7.661e-03	1.776e-01	-1.891e-02
145397.50	-2.515e-04	9.341e-02	-1.152e-01
145398.50	-1.267e-02	7.142e-02	1.037e-01
145399.50	-1.603e-03	-1.642e-01	2.467e-01
145400.50	9.187e-04	-1.171e-01	2.266e-01
145401.50	2.054e-02	-9.494e-02	-6.010e-02
145402.50	-2.602e-02	2.246e-01	2.208e-01
145403.50	-1.171e-02	2.573e-01	-6.528e-02
145404.50	-3.456e-03	8.765e-03	1.555e-02
145405.50	-3.254e-03	1.584e-02	-3.322e-02
145406.50	2.477e-02	-2.803e-01	-3.859e-01
145407.50	5.578e-03	6.874e-02	-6.797e-02
145408.50	4.358e-03	-4.512e-02	-3.494e-02
145409.50	7.728e-03	-2.006e-02	-1.642e-01
145410.50	-7.066e-03	1.958e-01	7.555e-04
145411.50	-5.318e-03	9.005e-02	1.325e-01
145412.50	2.803e-03	-1.152e-01	3.274e-02
145413.50	-1.334e-02	1.642e-01	1.632e-01
145414.50	-1.229e-02	-7.517e-02	1.613e-01
145415.50	2.477e-02	3.677e-02	-1.747e-01
145416.50	-8.246e-03	6.269e-02	1.190e-01
145417.50	1.728e-02	-1.536e-01	-2.179e-02
145418.50	9.888e-03	9.888e-03	-9.696e-02
145419.50	-9.984e-03	8.266e-03	6.710e-02
145420.50	-1.920e-03	4.886e-02	-6.634e-02
145421.50	1.085e-02	1.219e-02	-1.085e-01
145422.50	-1.978e-03	5.731e-02	3.254e-02
145423.50	1.555e-02	8.678e-03	-2.467e-01
145424.50	-6.010e-03	-2.688e-02	-2.074e-03
145425.50	-4.915e-03	1.718e-01	2.150e-02
145426.50	-5.846e-03	1.613e-01	9.600e-02
145427.50	2.189e-02	-8.218e-02	3.437e-02
145428.50	-1.920e-02	-1.536e-01	2.112e-01
145429.50	6.653e-04	4.752e-02	-9.984e-02
145430.50	6.317e-04	7.728e-02	-9.494e-02
145431.50	2.294e-03	2.448e-01	-1.574e-01
145432.50	-1.757e-04	3.869e-03	9.504e-03
145433.50	-3.917e-04	-8.832e-02	5.424e-02
145434.50	2.918e-03	3.734e-02	-7.027e-02
145435.50	4.406e-03	-5.126e-02	-6.202e-02
145436.50	-1.018e-03	-9.504e-02	8.448e-03
145437.50	-4.416e-03	1.219e-01	1.114e-01
145438.50	-9.696e-03	2.458e-01	6.854e-02
145439.50	-7.661e-03	-3.792e-02	1.555e-01
145440.50	-5.117e-03	2.314e-03	8.045e-02
145441.50	-5.155e-03	7.286e-02	1.584e-01
145442.50	3.850e-03	-8.026e-02	-1.843e-01
145443.50	-7.296e-04	1.747e-01	-3.581e-02
145444.50	-4.090e-03	1.133e-01	-3.389e-02
145445.50	-1.718e-03	-8.093e-02	7.488e-02
145446.50	-2.486e-03	-1.056e-01	7.162e-02
145447.50	-8.851e-03	5.674e-02	1.469e-01
145448.50	-1.315e-03	-1.536e-02	5.117e-02
145449.50	2.640e-03	1.200e-02	1.306e-01
145450.50	1.334e-02	7.190e-02	-3.994e-02
145451.50	1.498e-02	2.630e-02	-1.622e-01
145452.50	2.131e-03	-4.378e-02	-7.440e-02
145453.50	4.061e-03	-7.939e-02	-1.354e-02
145454.50	-2.064e-03	2.774e-02	7.872e-02
145455.50	5.021e-05	-2.515e-02	-1.411e-01
145456.50	-1.891e-02	2.179e-02	8.592e-02
145457.50	-3.821e-03	3.552e-02	-3.014e-02
145458.50	7.661e-03	-1.882e-01	-6.269e-02
145459.50	7.603e-03	-1.037e-01	-1.066e-01
145460.50	-6.979e-03	1.277e-01	2.400e-02
145461.50	-7.421e-05	-4.483e-03	-3.638e-02
145462.50	-1.622e-03	-2.314e-02	-7.728e-02
145463.50	-1.306e-02	2.362e-01	2.429e-02
145464.50	-1.238e-02	4.531e-02	-1.584e-03
145465.50	-1.018e-02	-7.459e-02	9.984e-03
145466.50	4.541e-03	-3.312e-02	-8.630e-02
145467.50	1.699e-02	-1.306e-01	-7.046e-02
145468.50	6.710e-03	-9.696e-02	-6.384e-02
145469.50	2.016e-03	2.640e-02	-5.088e-02
145470.50	-5.875e-03	-9.360e-03	6.317e-02
145471.50	-1.094e-02	2.506e-02	1.238e-01
145472.50	4.608e-03	-1.642e-02	2.179e-02
145473.50	1.085e-03	-8.266e-02	1.882e-02
145474.50	4.589e-03	-1.997e-02	-8.976e-03
145475.50	-1.536e-02	2.323e-01	8.074e-02
145476.50	-4.522e-03	7.018e-03	1.699e-02
145477.50	-8.314e-04	9.696e-02	-3.408e-02
145478.50	-7.603e-03	5.443e-02	1.008e-01
145479.50	3.965e-03	-8.506e-02	-2.266e-02
145480.50	2.563e-03	-2.189e-02	-2.582e-02
145481.50	-3.677e-03	-2.285e-02	4.550e-02
145482.50	3.504e-03	-9.379e-02	-5.030e-02
145483.50	2.736e-03	-2.390e-02	-5.731e-02
145484.50	7.536e-05	3.514e-02	-4.099e-02
145485.50	6.662e-04	1.075e-02	4.301e-02
145486.50	2.304e-03	4.646e-02	-2.083e-02
145487.50	9.370e-03	-4.781e-02	8.141e-02
145488.50	-1.786e-04	2.813e-02	5.318e-02
145489.50	2.707e-03	5.875e-02	-5.683e-02
145490.50	-8.208e-03	2.486e-02	2.006e-02
145491.50	-9.226e-04	2.496e-02	4.416e-02
145492.50	-2.746e-03	3.389e-02	1.632e-02
145493.50	9.427e-03	-2.026e-02	-1.891e-01
145494.50	5.856e-03	-4.608e-02	-1.094e-01
145495.50	4.349e-05	1.872e-02	-1.344e-01
145496.50	-2.131e-03	2.957e-02	-3.245e-02
145497.50	3.110e-03	-1.066e-01	4.954e-02
145498.50	-5.309e-03	-4.234e-02	1.824e-01
145499.50	3.370e-05	-1.872e-02	4.541e-03
145500.50	1.910e-03	1.622e-04	4.022e-02
145501.50	-2.083e-03	5.875e-02	6.595e-02
145502.50	2.342e-03	1.373e-01	1.834e-02
145503.50	5.136e-03	-1.632e-01	-2.678e-02
145504.50	2.573e-03	-3.562e-02	-1.123e-01
145505.50	-6.010e-03	1.267e-01	7.517e-02
145506.50	2.275e-03	3.024e-02	2.458e-02
145507.50	1.920e-02	-1.968e-01	-1.027e-01
145508.50	2.966e-03	-1.680e-02	1.181e-02
145509.50	-5.232e-03	-4.243e-02	1.162e-01
145510.50	3.005e-03	5.856e-02	-1.258e-01
145511.50	-4.166e-03	-9.370e-02	-4.656e-02
145512.50	-3.178e-03	-6.461e-02	1.334e-01
145513.50	-3.283e-03	7.565e-02	3.014e-02
145514.50	-3.658e-03	1.805e-02	2.765e-02
145515.50	-1.680e-03	2.861e-02	-4.954e-03
145516.50	-6.643e-03	-1.181e-02	6.749e-02
145517.50	-9.168e-05	3.370e-02	-3.859e-03
145518.50	2.630e-04	2.717e-02	2.256e-02
145519.50	5.606e-03	-4.838e-02	6.010e-02
145520.50	3.024e-03	1.325e-01	-1.046e-01
145521.50	5.011e-03	1.066e-02	5.971e-02
145522.50	3.638e-02	-7.632e-02	-1.622e-01
145523.50	-9.984e-03	1.219e-01	-1.123e-02
145524.50	3.466e-02	-1.728e-01	-7.728e-02
145525.50	-3.312e-02	1.306e-01	5.606e-02
145526.50	2.419e-04	-9.091e-03	-6.288e-02
145527.50	-6.288e-03	5.530e-02	-9.302e-02
145528.50	-5.174e-03	-3.398e-02	3.216e-02
145529.50	2.294e-03	-2.928e-02	3.379e-02
145530.50	5.741e-03	-1.008e-01	5.126e-02
145531.50	2.582e-03	3.926e-03	-5.405e-02
145532.50	2.861e-03	4.349e-02	3.696e-02
145533.50	-1.306e-02	1.834e-01	3.245e-02
145534.50	-1.248e-03	2.410e-02	-4.589e-02
145535.50	-3.571e-03	4.128e-02	2.803e-02
145536.50	1.008e-03	4.051e-02	-6.518e-03
145537.50	2.582e-03	-1.824e-02	-2.563e-02
145538.50	-3.610e-03	-1.325e-02	-2.208e-02
145539.50	1.152e-03	-3.888e-02	3.062e-03
145540.50	-1.190e-03	7.450e-03	3.610e-02
145541.50	-9.533e-04	-8.294e-02	4.272e-02
145542.50	2.947e-03	6.211e-02	-8.400e-02
145543.50	-6.509e-03	1.037e-01	-1.632e-02
145544.50	1.152e-02	-6.240e-02	-3.667e-02
145545.50	-2.650e-03	3.590e-02	4.118e-02
145546.50	-6.960e-04	-1.747e-03	-8.342e-03
145547.50	-1.843e-02	9.235e-02	8.006e-02
145548.50	-1.603e-03	-1.642e-01	-3.274e-02
145549.50	-1.526e-03	-6.605e-02	1.709e-02
145550.50	-5.040e-03	3.581e-02	4.646e-02
145551.50	-7.037e-04	5.453e-02	-2.227e-02
145552.50	-7.670e-04	3.965e-02	3.725e-02
145553.50	-1.133e-02	1.459e-01	6.000e-02
145554.50	3.725e-03	-5.040e-03	6.662e-02
145555.50	2.880e-03	1.315e-02	-2.477e-02
145556.50	6.298e-03	-1.786e-02	-4.003e-02
145557.50	-1.949e-02	-8.304e-02	1.469e-01
145558.50	5.194e-03	-6.595e-02	-6.115e-02
145559.50	-6.067e-04	6.058e-03	2.170e-02
145560.50	7.546e-04	5.299e-02	-3.350e-02
145561.50	-3.696e-03	7.901e-02	3.091e-03
145562.50	1.267e-03	-6.317e-02	3.696e-02
145563.50	-2.160e-03	3.552e-02	2.016e-02
145564.50	1.661e-03	-4.810e-03	-1.699e-02
145565.50	1.248e-03	-9.370e-02	1.642e-02
145566.50	2.419e-03	1.978e-02	-2.170e-02
145567.50	3.120e-03	-7.584e-02	3.005e-02
145568.50	-3.571e-04	3.802e-02	-1.162e-01
145569.50	-1.526e-03	1.018e-02	4.618e-02
145570.50	1.210e-03	-3.773e-02	3.389e-02
145571.50	-1.498e-03	2.227e-02	1.814e-02
145572.50	-7.162e-04	1.882e-02	-3.149e-02
145573.50	-1.152e-03	-1.277e-02	9.149e-03
145574.50	-1.690e-03	4.205e-03	8.899e-03
145575.50	3.053e-04	1.526e-02	2.534e-02
145576.50	-6.182e-03	5.491e-02	8.813e-03
145577.50	2.294e-04	-2.304e-02	-2.803e-02
145578.50	2.486e-03	-1.200e-01	-1.229e-03
145579.50	-2.054e-03	6.422e-02	3.120e-03
145580.50	-6.221e-04	1.440e-02	4.963e-02
145581.50	-1.987e-03	2.707e-02	2.851e-02
145582.50	6.058e-04	2.198e-02	7.651e-03
145583.50	1.373e-03	1.277e-02	1.699e-04
145584.50	-5.866e-03	8.736e-02	4.829e-02
145585.50	-5.309e-03	2.467e-02	3.773e-02
145586.50	1.152e-03	-3.379e-02	2.477e-02
145587.50	-1.872e-03	3.696e-02	-7.200e-02
145588.50	7.104e-04	-4.934e-03	-1.200e-02
145589.50	1.238e-03	-8.573e-02	-1.488e-02
145590.50	-2.122e-04	-4.109e-02	1.046e-03
145591.50	1.958e-03	2.045e-02	-1.411e-01
145592.50	-1.200e-03	9.696e-02	7.171e-03
145593.50	-1.526e-04	1.747e-02	-6.010e-02
145594.50	2.899e-03	-4.579e-02	-1.258e-03
145595.50	5.155e-04	-1.978e-02	-2.141e-02
145596.50	-3.216e-03	1.661e-02	4.848e-02
145597.50	5.117e-04	-7.046e-04	2.832e-02
145598.50	9.514e-04	-3.034e-02	2.006e-02
145599.50	1.843e-03	-7.104e-02	-4.762e-02
145600.50	2.909e-04	-1.930e-02	-7.968e-02
145601.50	7.488e-04	-2.314e-02	3.264e-02
