145003.50	0.000e+00	0.000e+00	0.000e+00
145004.50	0.000e+00	0.000e+00	0.000e+00
145005.50	0.000e+00	0.000e+00	0.000e+00
145006.50	0.000e+00	0.000e+00	0.000e+00
145007.50	0.000e+00	0.000e+00	0.000e+00
145008.50	0.000e+00	0.000e+00	0.000e+00
145009.50	0.000e+00	0.000e+00	0.000e+00
145010.50	0.000e+00	0.000e+00	0.000e+00
145011.50	0.000e+00	0.000e+00	0.000e+00
145012.50	0.000e+00	0.000e+00	0.000e+00
145013.50	0.000e+00	0.000e+00	0.000e+00
145014.50	0.000e+00	0.000e+00	0.000e+00
145015.50	0.000e+00	0.000e+00	0.000e+00
145016.50	0.000e+00	0.000e+00	0.000e+00
145017.50	0.000e+00	0.000e+00	0.000e+00
145018.50	0.000e+00	0.000e+00	0.000e+00
145019.50	0.000e+00	0.000e+00	0.000e+00
145020.50	0.000e+00	0.000e+00	0.000e+00
145021.50	0.000e+00	0.000e+00	0.000e+00
145022.50	0.000e+00	0.000e+00	0.000e+00
145023.50	0.000e+00	0.000e+00	0.000e+00
145024.50	0.000e+00	0.000e+00	0.000e+00
145025.50	0.000e+00	0.000e+00	0.000e+00
145026.50	0.000e+00	0.000e+00	0.000e+00
145027.50	0.000e+00	0.000e+00	0.000e+00
145028.50	0.000e+00	0.000e+00	0.000e+00
145029.50	0.000e+00	0.000e+00	0.000e+00
145030.50	0.000e+00	0.000e+00	0.000e+00
145031.50	0.000e+00	0.000e+00	0.000e+00
145032.50	0.000e+00	0.000e+00	0.000e+00
145033.50	0.000e+00	0.000e+00	0.000e+00
145034.50	0.000e+00	0.000e+00	0.000e+00
145035.50	0.000e+00	0.000e+00	0.000e+00
145036.50	0.000e+00	0.000e+00	0.000e+00
145037.50	0.000e+00	0.000e+00	0.000e+00
145038.50	0.000e+00	0.000e+00	0.000e+00
145039.50	0.000e+00	0.000e+00	0.000e+00
145040.50	0.000e+00	0.000e+00	0.000e+00
145041.50	0.000e+00	0.000e+00	0.000e+00
145042.50	0.000e+00	0.000e+00	0.000e+00
145043.50	0.000e+00	0.000e+00	0.000e+00
145044.50	0.000e+00	0.000e+00	0.000e+00
145045.50	0.000e+00	0.000e+00	0.000e+00
145046.50	0.000e+00	0.000e+00	0.000e+00
145047.50	0.000e+00	0.000e+00	0.000e+00
145048.50	0.000e+00	0.000e+00	0.000e+00
145049.50	0.000e+00	0.000e+00	0.000e+00
145050.50	0.000e+00	0.000e+00	0.000e+00
145051.50	0.000e+00	0.000e+00	0.000e+00
145052.50	0.000e+00	0.000e+00	0.000e+00
145053.50	0.000e+00	0.000e+00	0.000e+00
145054.50	0.000e+00	0.000e+00	0.000e+00
145055.50	0.000e+00	0.000e+00	0.000e+00
145056.50	0.000e+00	0.000e+00	0.000e+00
145057.50	0.000e+00	0.000e+00	0.000e+00
145058.50	0.000e+00	0.000e+00	0.000e+00
145059.50	0.000e+00	0.000e+00	0.000e+00
145060.50	0.000e+00	0.000e+00	0.000e+00
145061.50	0.000e+00	0.000e+00	0.000e+00
145062.50	0.000e+00	0.000e+00	0.000e+00
145063.50	0.000e+00	0.000e+00	0.000e+00
145064.50	0.000e+00	0.000e+00	0.000e+00
145065.50	0.000e+00	0.000e+00	0.000e+00
145066.50	0.000e+00	0.000e+00	0.000e+00
145067.50	0.000e+00	0.000e+00	0.000e+00
145068.50	0.000e+00	0.000e+00	0.000e+00
145069.50	0.000e+00	0.000e+00	0.000e+00
145070.50	0.000e+00	0.000e+00	0.000e+00
145071.50	0.000e+00	0.000e+00	0.000e+00
145072.50	0.000e+00	0.000e+00	0.000e+00
145073.50	0.000e+00	0.000e+00	0.000e+00
145074.50	0.000e+00	0.000e+00	0.000e+00
145075.50	0.000e+00	0.000e+00	0.000e+00
145076.50	0.000e+00	0.000e+00	0.000e+00
145077.50	0.000e+00	0.000e+00	0.000e+00
145078.50	0.000e+00	0.000e+00	0.000e+00
145079.50	0.000e+00	0.000e+00	0.000e+00
145080.50	0.000e+00	0.000e+00	0.000e+00
145081.50	0.000e+00	0.000e+00	0.000e+00
145082.50	0.000e+00	0.000e+00	0.000e+00
145083.50	0.000e+00	0.000e+00	0.000e+00
145084.50	0.000e+00	0.000e+00	0.000e+00
145085.50	0.000e+00	0.000e+00	0.000e+00
145086.50	0.000e+00	0.000e+00	0.000e+00
145087.50	0.000e+00	0.000e+00	0.000e+00
145088.50	0.000e+00	0.000e+00	0.000e+00
145089.50	0.000e+00	0.000e+00	0.000e+00
145090.50	0.000e+00	0.000e+00	0.000e+00
145091.50	0.000e+00	0.000e+00	0.000e+00
145092.50	0.000e+00	0.000e+00	0.000e+00
145093.50	0.000e+00	0.000e+00	0.000e+00
145094.50	0.000e+00	0.000e+00	0.000e+00
145095.50	0.000e+00	0.000e+00	0.000e+00
145096.50	0.000e+00	0.000e+00	0.000e+00
145097.50	0.000e+00	0.000e+00	0.000e+00
145098.50	0.000e+00	0.000e+00	0.000e+00
145099.50	0.000e+00	0.000e+00	0.000e+00
145100.50	0.000e+00	0.000e+00	0.000e+00
145101.50	0.000e+00	0.000e+00	0.000e+00
145102.50	0.000e+00	0.000e+00	0.000e+00
145103.50	0.000e+00	0.000e+00	0.000e+00
145104.50	0.000e+00	0.000e+00	0.000e+00
145105.50	0.000e+00	0.000e+00	0.000e+00
145106.50	0.000e+00	0.000e+00	0.000e+00
145107.50	0.000e+00	0.000e+00	0.000e+00
145108.50	0.000e+00	0.000e+00	0.000e+00
145109.50	0.000e+00	0.000e+00	0.000e+00
145110.50	0.000e+00	0.000e+00	0.000e+00
145111.50	0.000e+00	0.000e+00	0.000e+00
145112.50	0.000e+00	0.000e+00	0.000e+00
145113.50	0.000e+00	0.000e+00	0.000e+00
145114.50	0.000e+00	0.000e+00	0.000e+00
145115.50	0.000e+00	0.000e+00	0.000e+00
145116.50	0.000e+00	0.000e+00	0.000e+00
145117.50	0.000e+00	0.000e+00	0.000e+00
145118.50	0.000e+00	0.000e+00	0.000e+00
145119.50	0.000e+00	0.000e+00	0.000e+00
145120.50	0.000e+00	0.000e+00	0.000e+00
145121.50	0.000e+00	0.000e+00	0.000e+00
145122.50	0.000e+00	0.000e+00	0.000e+00
145123.50	0.000e+00	0.000e+00	0.000e+00
145124.50	0.000e+00	0.000e+00	0.000e+00
145125.50	0.000e+00	0.000e+00	0.000e+00
145126.50	0.000e+00	0.000e+00	0.000e+00
145127.50	0.000e+00	0.000e+00	0.000e+00
145128.50	0.000e+00	0.000e+00	0.000e+00
145129.50	0.000e+00	0.000e+00	0.000e+00
145130.50	0.000e+00	0.000e+00	0.000e+00
145131.50	0.000e+00	0.000e+00	0.000e+00
145132.50	0.000e+00	0.000e+00	0.000e+00
145133.50	0.000e+00	0.000e+00	0.000e+00
145134.50	0.000e+00	0.000e+00	0.000e+00
145135.50	0.000e+00	0.000e+00	0.000e+00
145136.50	0.000e+00	0.000e+00	0.000e+00
145137.50	0.000e+00	0.000e+00	0.000e+00
145138.50	0.000e+00	0.000e+00	0.000e+00
145139.50	0.000e+00	0.000e+00	0.000e+00
145140.50	0.000e+00	0.000e+00	0.000e+00
145141.50	0.000e+00	0.000e+00	0.000e+00
145142.50	0.000e+00	0.000e+00	0.000e+00
145143.50	0.000e+00	0.000e+00	0.000e+00
145144.50	0.000e+00	0.000e+00	0.000e+00
145145.50	0.000e+00	0.000e+00	0.000e+00
145146.50	0.000e+00	0.000e+00	0.000e+00
145147.50	0.000e+00	0.000e+00	0.000e+00
145148.50	0.000e+00	0.000e+00	0.000e+00
145149.50	0.000e+00	0.000e+00	0.000e+00
145150.50	0.000e+00	0.000e+00	0.000e+00
145151.50	0.000e+00	0.000e+00	0.000e+00
145152.50	0.000e+00	0.000e+00	0.000e+00
145153.50	0.000e+00	0.000e+00	0.000e+00
145154.50	0.000e+00	0.000e+00	0.000e+00
145155.50	0.000e+00	0.000e+00	0.000e+00
145156.50	0.000e+00	0.000e+00	0.000e+00
145157.50	0.000e+00	0.000e+00	0.000e+00
145158.50	0.000e+00	0.000e+00	0.000e+00
145159.50	0.000e+00	0.000e+00	0.000e+00
145160.50	0.000e+00	0.000e+00	0.000e+00
145161.50	0.000e+00	0.000e+00	0.000e+00
145162.50	0.000e+00	0.000e+00	0.000e+00
145163.50	0.000e+00	0.000e+00	0.000e+00
145164.50	3.139e-06	-7.392e-04	3.235e-04
145165.50	6.154e-05	-2.746e-03	1.498e-04
145166.50	1.459e-06	4.550e-04	-5.971e-06
145167.50	-8.621e-05	-1.219e-03	2.582e-03
145168.50	8.621e-04	-2.045e-02	-2.755e-02
145169.50	2.986e-04	-1.142e-02	-1.190e-02
145170.50	5.021e-04	1.142e-02	-1.430e-02
145171.50	-2.899e-04	-4.205e-03	8.602e-03
145172.50	-3.926e-05	-1.037e-02	3.418e-03
145173.50	2.150e-03	-4.627e-01	-5.827e-02
145174.50	2.323e-03	-9.331e+00	-3.360e-02
145175.50	1.066e+00	-2.131e+02	-2.986e+01
145176.50	4.138e+00	-6.077e+02	-1.114e+02
145177.50	2.794e+00	-6.269e+02	-6.950e+01
145178.50	1.872e+00	-2.294e+02	-4.272e+01
145179.50	2.765e-01	-1.315e+01	-2.429e+00
145180.50	-5.741e-01	5.088e+01	1.843e+01
145181.50	-6.883e-01	9.322e+01	2.035e+01
145182.50	-4.387e-01	9.792e+01	1.248e+01
145183.50	-8.237e-01	1.104e+02	2.323e+01
145184.50	-8.054e-01	9.370e+01	2.102e+01
145185.50	-5.731e-01	8.765e+01	1.488e+01
145186.50	-3.946e-01	8.294e+01	1.046e+01
145187.50	-6.269e-01	7.968e+01	1.613e+01
145188.50	-1.382e-01	7.200e+01	3.754e+00
145189.50	-3.830e-01	5.654e+01	9.888e+00
145190.50	3.475e-02	5.472e+01	-1.344e+00
145191.50	-5.299e-02	5.482e+01	9.533e-01
145192.50	-3.571e-01	5.299e+01	8.957e+00
145193.50	-2.064e-01	4.906e+01	5.242e+00
145194.50	-2.275e-01	4.032e+01	5.693e+00
145195.50	-2.640e-01	3.245e+01	6.307e+00
145196.50	-2.918e-01	3.130e+01	7.411e+00
145197.50	-1.786e-01	3.264e+01	4.349e+00
145198.50	-5.078e-02	3.235e+01	1.440e+00
145199.50	1.210e-03	3.024e+01	-2.266e-01
145200.50	-1.133e-01	2.371e+01	2.611e+00
145201.50	-1.123e-01	2.304e+01	2.448e+00
145202.50	-1.190e-01	2.582e+01	2.784e+00
145203.50	-2.045e-01	1.949e+01	4.915e+00
145204.50	-6.499e-02	1.987e+01	1.392e+00
145205.50	-1.843e-01	1.930e+01	4.474e+00
145206.50	-1.699e-01	1.901e+01	3.830e+00
145207.50	-1.133e-01	1.546e+01	2.621e+00
145208.50	-1.162e-01	1.622e+01	2.966e+00
145209.50	-3.475e-02	1.622e+01	8.976e-01
145210.50	-5.011e-02	1.430e+01	1.046e+00
145211.50	-8.842e-02	1.248e+01	1.930e+00
145212.50	-4.781e-02	1.152e+01	9.206e-01
145213.50	-1.574e-01	1.027e+01	3.590e+00
145214.50	-3.264e-02	1.075e+01	4.166e-01
145215.50	-3.658e-02	1.037e+01	1.037e+00
145216.50	-6.211e-02	7.795e+00	1.344e+00
145217.50	-7.478e-02	1.085e+01	1.882e+00
145218.50	2.525e-02	6.576e+00	-7.958e-01
145219.50	4.570e-02	8.198e+00	-1.469e+00
145220.50	-7.642e-02	8.563e+00	1.949e+00
145221.50	-8.822e-02	6.413e+00	2.112e+00
145222.50	-9.062e-02	6.288e+00	2.141e+00
145223.50	-3.322e-02	6.826e+00	6.336e-01
145224.50	-1.872e-02	4.579e+00	3.869e-01
145225.50	-3.110e-02	7.594e+00	7.555e-01
145226.50	-8.755e-02	5.664e+00	1.795e+00
145227.50	-4.858e-02	3.926e+00	9.110e-01
145228.50	-1.651e-02	4.416e+00	2.506e-01
145229.50	-3.504e-02	5.472e+00	6.067e-01
145230.50	-8.352e-02	4.618e+00	1.776e+00
145231.50	-6.893e-03	4.800e+00	1.056e-01
145232.50	-2.035e-02	3.370e+00	2.227e-01
145233.50	-2.851e-02	3.984e+00	6.077e-01
145234.50	3.072e-03	3.850e+00	-1.277e-02
145235.50	-3.024e-02	3.178e+00	5.654e-01
145236.50	-3.168e-02	3.888e+00	5.011e-01
145237.50	-2.573e-02	1.373e+00	5.846e-01
145238.50	1.958e-03	2.842e+00	-7.968e-02
145239.50	-1.402e-02	2.688e+00	1.997e-01
145240.50	-3.437e-02	2.602e+00	8.899e-01
145241.50	8.554e-03	2.698e+00	-2.160e-01
145242.50	-1.018e-02	1.786e+00	3.005e-01
145243.50	-1.680e-02	2.563e+00	6.787e-01
145244.50	-1.699e-02	1.757e+00	1.565e-01
145245.50	-1.277e-02	2.045e+00	1.843e-01
145246.50	-6.067e-03	3.293e+00	1.728e-02
145247.50	-1.853e-02	2.083e+00	4.301e-01
145248.50	-1.930e-02	2.102e+00	1.450e-01
145249.50	-2.630e-02	1.517e+00	6.902e-01
145250.50	-9.792e-03	2.419e+00	2.170e-01
145251.50	-7.133e-02	1.651e+00	1.574e+00
145252.50	-1.507e-02	2.707e+00	3.898e-01
145253.50	-2.582e-02	1.373e+00	4.051e-01
145254.50	8.083e-03	1.123e+00	-1.968e-01
145255.50	-2.659e-03	1.162e+00	-1.488e-03
145256.50	-1.286e-02	6.845e-01	2.563e-01
145257.50	-6.384e-03	1.440e+00	8.842e-02
145258.50	1.363e-02	1.507e+00	-3.466e-01
145259.50	-1.162e-02	9.149e-01	3.418e-01
145260.50	-5.510e-02	1.344e+00	1.267e+00
145261.50	-7.728e-03	1.421e+00	-8.083e-02
145262.50	2.054e-03	7.046e-01	-1.296e-01
145263.50	2.054e-02	1.114e+00	-4.627e-01
145264.50	2.122e-02	7.834e-01	-3.965e-01
145265.50	2.419e-02	1.661e-01	-7.680e-01
145266.50	-3.686e-02	1.382e+00	8.410e-01
145267.50	-1.901e-02	2.707e-01	3.485e-01
145268.50	2.640e-02	6.096e-01	-6.490e-01
145269.50	7.248e-03	1.738e+00	-1.805e-01
145270.50	-1.690e-02	7.498e-01	3.053e-01
145271.50	-1.056e-02	8.198e-01	1.526e-01
145272.50	-2.995e-02	1.910e-01	6.077e-01
145273.50	-1.699e-02	-1.402e-01	4.157e-01
145274.50	-1.862e-02	7.142e-01	4.330e-01
145275.50	-7.939e-03	-1.584e-01	1.690e-01
145276.50	-1.834e-02	9.398e-01	5.011e-01
145277.50	2.112e-02	1.882e+00	-5.270e-01
145278.50	2.390e-02	-9.437e-02	-7.046e-01
145279.50	1.834e-02	3.408e-01	1.805e-01
145280.50	1.027e-02	1.286e+00	2.333e-01
145281.50	1.891e-02	1.056e+00	-3.514e-01
145282.50	2.266e-03	-2.208e-01	-2.189e-01
145283.50	-1.517e-02	4.080e-01	3.533e-01
145284.50	-2.592e-02	3.466e-02	6.432e-01
145285.50	-1.382e-02	3.974e-01	1.901e-01
145286.50	-9.187e-03	5.251e-01	2.947e-01
145287.50	-7.363e-03	5.443e-01	2.266e-01
145288.50	-1.709e-02	2.045e-01	3.667e-01
145289.50	1.238e-02	4.992e-01	-1.210e-01
145290.50	1.200e-02	6.038e-01	-2.582e-01
145291.50	-3.014e-03	6.576e-01	1.114e-01
145292.50	5.347e-03	1.402e-01	-2.774e-01
145293.50	1.517e-03	-7.094e-02	-9.475e-02
145294.50	7.651e-03	2.093e-01	-3.197e-01
145295.50	-2.592e-03	6.912e-02	-2.909e-02
145296.50	-1.757e-02	3.110e-01	4.320e-01
145297.50	-8.794e-03	5.088e-01	1.795e-01
145298.50	7.862e-04	3.533e-01	-2.861e-03
145299.50	-1.229e-02	3.734e-01	1.526e-01
145300.50	2.093e-02	3.437e-01	-5.155e-01
145301.50	1.363e-02	5.280e-01	-3.043e-01
145302.50	-7.642e-03	1.997e-01	1.306e-01
145303.50	-1.891e-02	5.952e-02	4.282e-01
145304.50	-1.344e-02	2.688e-01	2.928e-02
145305.50	2.400e-02	5.078e-01	-5.962e-01
145306.50	-1.248e-02	-2.246e-01	2.832e-01
145307.50	-8.246e-03	-2.534e-01	1.757e-01
145308.50	-3.101e-02	1.296e-01	6.902e-01
145309.50	1.930e-02	-4.042e-01	-4.742e-01
145310.50	-9.312e-03	4.330e-01	1.738e-01
145311.50	-1.536e-02	7.411e-01	3.658e-01
145312.50	7.085e-03	3.571e-01	-1.190e-01
145313.50	-1.526e-02	4.157e-01	3.341e-01
145314.50	3.034e-04	1.075e-01	9.792e-02
145315.50	4.214e-03	1.488e-02	-4.262e-03
145316.50	-1.968e-02	1.162e-01	4.464e-01
145317.50	1.277e+00	-2.419e-01	-2.198e+00
145318.50	4.051e-01	2.784e-01	-6.874e-01
145319.50	2.582e-02	3.888e-01	-2.006e-01
145320.50	-4.349e-03	4.214e-01	1.258e-01
145321.50	-4.598e-01	5.395e-01	9.696e-01
145322.50	-1.680e-01	1.690e-01	7.075e-02
145323.50	-5.165e-03	2.803e-01	1.709e-02
145324.50	1.238e-02	3.005e-01	-1.018e-01
145325.50	3.101e-02	2.179e-01	-4.771e-01
145326.50	3.696e-03	1.680e-02	-3.552e-03
145327.50	7.718e-03	-3.427e-03	6.605e-02
145328.50	-1.258e-02	7.085e-02	3.600e-01
145329.50	1.181e-03	-3.427e-03	-2.256e-02
145330.50	6.355e-03	1.680e-03	8.390e-02
145331.50	1.190e-02	3.523e-01	-3.418e-01
145332.50	3.245e-03	2.275e-01	1.450e-03
145333.50	-6.298e-03	2.198e-01	1.344e-01
145334.50	3.907e-03	2.112e-01	3.859e-02
145335.50	1.152e-02	-3.245e-02	-1.843e-01
145336.50	-5.798e-03	9.158e-02	1.901e-01
145337.50	-2.822e-02	-3.946e-02	2.035e-01
145338.50	-5.846e-02	-2.198e-01	4.032e-01
145339.50	-1.805e-02	-6.317e-02	3.629e-01
145340.50	-2.246e-03	-8.909e-04	-5.558e-02
145341.50	-5.462e-04	-5.405e-02	4.138e-02
145342.50	-2.141e-03	-1.680e-01	2.890e-01
145343.50	1.555e-02	1.258e-01	-9.888e-02
145344.50	2.880e-03	4.589e-01	-7.891e-02
145345.50	5.078e-03	6.259e-02	-2.208e-01
145346.50	-8.986e-03	-1.766e-01	8.323e-02
145347.50	-1.056e-02	-1.219e-01	3.206e-01
145348.50	9.072e-03	4.790e-01	2.371e-01
145349.50	7.546e-03	2.381e-01	-9.888e-02
145350.50	1.286e-02	2.035e-01	-3.763e-01
145351.50	-1.757e-03	1.546e-01	4.550e-02
145352.50	-3.888e-03	-2.650e-01	2.179e-01
145353.50	-4.176e-03	8.707e-02	7.325e-02
145354.50	1.104e-02	3.715e-02	-2.362e-01
145355.50	-3.024e-01	6.461e-01	3.408e-01
145356.50	-8.573e-01	2.285e+00	1.094e+00
145357.50	-5.395e-04	3.322e-02	4.339e-02
145358.50	1.286e-02	-9.984e-01	4.685e-01
145359.50	1.142e-02	-1.776e+00	5.194e-01
145360.50	-1.469e-03	4.781e-02	7.766e-02
145361.50	9.888e-03	1.488e-01	-1.574e-01
145362.50	-1.373e-03	-1.978e-01	-1.978e-02
145363.50	4.474e-03	1.075e-01	7.757e-03
145364.50	1.526e-02	7.162e-02	1.738e-02
145365.50	-1.622e-02	-1.296e-03	1.306e-04
145366.50	2.861e-03	4.848e-02	-1.229e-01
145367.50	1.171e-02	6.970e-02	-3.850e-01
145368.50	7.709e-03	-1.997e-01	-9.312e-02
145369.50	-5.357e-03	9.216e-02	1.200e-01
145370.50	-3.696e-03	1.555e-01	2.026e-03
145371.50	-6.778e-03	1.354e-01	1.210e-01
145372.50	3.322e-03	-8.064e-03	-1.142e-01
145373.50	-2.179e-03	8.266e-02	1.277e-01
145374.50	5.078e-03	7.613e-02	-1.738e-01
145375.50	-1.498e-02	-1.200e-01	2.534e-01
145376.50	-1.162e-03	-1.421e-01	2.390e-02
145377.50	-2.285e-03	-1.574e-01	9.984e-03
145378.50	1.286e-03	1.325e-01	1.594e-02
145379.50	-9.254e-03	3.830e-01	1.738e-01
145380.50	6.730e-03	1.661e-01	-2.198e-01
145381.50	-2.218e-03	1.382e-01	3.494e-03
145382.50	-2.026e-03	-3.677e-02	1.334e-01
145383.50	-5.990e-03	1.738e-01	1.872e-01
145384.50	6.624e-03	4.858e-02	-1.296e-01
145385.50	4.867e-03	1.699e-01	-1.411e-01
145386.50	-8.582e-04	-2.678e-01	-2.074e-02
145387.50	3.514e-04	-1.642e-01	-2.189e-02
145388.50	1.008e-02	2.410e-01	-1.584e-01
145389.50	-7.181e-03	-1.680e-02	1.190e-01
145390.50	-2.102e-03	6.710e-02	6.518e-02
145391.50	-1.056e-03	3.350e-02	-2.515e-02
145392.50	-1.056e-02	1.123e-02	2.189e-01
145393.50	2.976e-03	-5.971e-02	2.563e-03
145394.50	7.171e-03	-6.662e-02	-1.450e-01
145395.50	5.021e-03	-1.258e-01	-1.344e-01
145396.50	-7.392e-03	-7.142e-02	1.411e-01
145397.50	-3.485e-03	2.141e-01	2.592e-02
145398.50	-3.178e-03	-9.792e-02	9.197e-02
145399.50	-1.046e-03	-2.093e-01	5.885e-02
145400.50	3.984e-03	2.381e-01	-1.795e-03
145401.50	-2.736e-03	9.312e-02	2.813e-02
145402.50	-8.294e-03	1.229e-03	8.534e-02
145403.50	2.803e-03	1.757e-01	-7.046e-03
145404.50	1.094e-02	8.170e-02	-1.536e-01
145405.50	4.810e-03	6.365e-02	-3.456e-02
145406.50	-7.162e-03	-9.792e-03	1.786e-01
145407.50	5.866e-03	-2.534e-01	-2.074e-01
145408.50	6.250e-03	1.968e-01	-1.008e-01
145409.50	3.485e-03	8.371e-02	6.269e-03
145410.50	-6.403e-04	6.442e-03	7.718e-02
145411.50	-2.698e-03	-3.734e-02	-6.797e-02
145412.50	-6.134e-03	-2.006e-01	1.603e-01
145413.50	6.653e-04	8.275e-02	-3.917e-02
145414.50	1.546e-03	-1.315e-03	-1.142e-01
145415.50	-2.822e-03	1.507e-02	1.219e-01
145416.50	-9.389e-03	4.858e-02	2.064e-01
145417.50	6.499e-03	-1.037e-01	-9.187e-02
145418.50	-3.226e-04	-1.920e-01	-5.923e-03
145419.50	4.819e-04	1.325e-01	-1.181e-01
145420.50	-1.267e-03	1.152e-01	6.106e-02
145421.50	1.325e-02	-1.728e-02	-2.189e-01
145422.50	-6.250e-03	-1.315e-01	1.498e-01
145423.50	-1.478e-02	9.984e-02	2.813e-01
145424.50	-3.350e-03	-7.978e-02	6.883e-02
145425.50	9.984e-03	1.094e-01	-8.755e-02
145426.50	-2.141e-03	-3.869e-02	1.814e-02
145427.50	-4.579e-05	1.104e-01	5.654e-02
145428.50	2.438e-03	1.392e-01	-4.723e-02
145429.50	-2.592e-03	5.635e-02	7.930e-02
145430.50	-5.174e-03	1.930e-03	-3.120e-02
145431.50	1.094e-03	-9.475e-03	3.168e-02
145432.50	1.766e-03	-1.565e-01	-8.256e-02
145433.50	-7.661e-03	-9.600e-02	1.949e-01
145434.50	-8.381e-03	1.027e-01	1.267e-01
145435.50	5.712e-03	2.045e-02	-1.066e-01
145436.50	4.022e-04	-5.654e-02	5.654e-02
145437.50	3.072e-03	1.670e-01	2.909e-02
145438.50	-2.467e-03	-1.546e-01	-1.382e-03
145439.50	7.075e-03	3.456e-02	-1.680e-01
145440.50	-4.080e-03	6.048e-02	1.795e-02
145441.50	-1.315e-02	5.376e-02	-1.219e-01
145442.50	-2.410e-03	1.469e-01	9.226e-02
145443.50	2.016e-04	-9.792e-02	-8.467e-02
145444.50	-9.696e-03	-3.408e-02	2.323e-01
145445.50	-2.054e-04	1.056e-03	3.514e-02
145446.50	4.694e-03	1.594e-01	-1.402e-01
145447.50	-4.243e-03	1.037e-02	4.848e-02
145448.50	-2.390e-03	6.845e-02	5.750e-02
145449.50	-4.301e-03	-1.171e-01	1.450e-01
145450.50	1.258e-02	9.082e-02	-2.525e-01
145451.50	-1.718e-03	-1.114e-01	-2.390e-02
145452.50	-4.483e-03	-9.984e-02	4.435e-02
145453.50	5.597e-03	5.088e-02	-1.018e-01
145454.50	4.090e-03	3.024e-02	-1.440e-02
145455.50	-2.074e-03	-1.094e-01	5.779e-02
145456.50	3.206e-03	-1.258e-02	-1.286e-01
145457.50	1.133e-04	1.334e-01	5.837e-03
145458.50	2.467e-03	-4.186e-02	-2.333e-02
145459.50	-2.381e-03	6.394e-02	9.696e-02
145460.50	3.494e-04	9.370e-02	-7.325e-03
145461.50	-2.054e-03	-3.629e-02	4.368e-02
145462.50	-2.803e-03	1.219e-01	4.368e-03
145463.50	3.130e-04	-1.469e-01	-7.843e-02
145464.50	1.258e-03	1.805e-02	-8.755e-02
145465.50	-1.699e-03	5.165e-02	4.810e-02
145466.50	1.488e-03	-3.629e-02	2.928e-02
145467.50	-4.829e-03	1.766e-02	1.229e-01
145468.50	-2.602e-03	1.776e-01	1.747e-02
145469.50	2.515e-03	6.461e-02	3.677e-02
145470.50	2.822e-03	6.374e-02	-3.773e-02
145471.50	-2.496e-03	-9.792e-02	1.536e-01
145472.50	2.083e-03	-1.498e-01	-8.026e-02
145473.50	8.390e-03	1.181e-01	-1.910e-01
145474.50	1.690e-03	-9.216e-02	-1.603e-01
145475.50	1.277e-03	-4.426e-02	-8.746e-02
145476.50	2.477e-04	-1.526e-01	1.229e-01
145477.50	-7.958e-03	9.792e-02	1.450e-01
145478.50	-1.613e-03	4.723e-02	3.571e-02
145479.50	-1.219e-02	-4.570e-02	-1.526e-02
145480.50	-8.957e-04	-3.600e-02	7.306e-03
145481.50	5.789e-03	5.347e-02	-8.592e-02
145482.50	-2.150e-03	4.118e-02	5.059e-02
145483.50	-6.374e-03	1.728e-01	1.267e-01
145484.50	2.736e-04	-4.618e-02	1.344e-02
145485.50	-1.210e-03	-3.254e-02	2.141e-03
145486.50	-5.434e-03	-5.194e-02	1.104e-01
145487.50	5.040e-03	5.472e-03	-2.957e-02
145488.50	7.757e-03	-1.843e-01	-1.133e-01
145489.50	2.314e-04	8.995e-02	4.896e-02
145490.50	1.018e-03	5.280e-02	-5.299e-03
145491.50	1.219e-03	1.853e-02	-1.037e-01
145492.50	8.141e-04	-5.270e-02	-1.200e-02
145493.50	-4.176e-03	-5.290e-02	-1.066e-02
145494.50	-2.813e-03	5.664e-02	7.402e-02
145495.50	-1.142e-03	1.661e-02	6.211e-02
145496.50	-1.430e-03	-1.056e-01	4.051e-02
145497.50	-9.158e-04	1.622e-02	-3.869e-03
145498.50	2.957e-03	-1.546e-02	-8.506e-02
145499.50	4.416e-03	2.611e-02	-4.752e-02
145500.50	3.638e-03	6.192e-02	-1.565e-01
145501.50	-3.619e-03	-1.498e-01	2.362e-02
145502.50	4.704e-03	3.158e-02	1.632e-03
145503.50	1.565e-02	1.008e-01	-4.406e-02
145504.50	4.637e-03	1.440e-01	7.440e-02
145505.50	6.634e-03	1.056e-01	-7.334e-02
145506.50	3.389e-03	-5.818e-02	-3.888e-02
145507.50	-2.544e-04	-6.163e-02	2.342e-02
145508.50	1.670e-02	-9.466e-02	-1.142e-01
145509.50	-1.075e-02	6.672e-02	1.085e-01
145510.50	-5.050e-03	2.582e-02	-4.589e-02
145511.50	1.728e-03	-3.370e-03	-6.278e-02
145512.50	1.066e-02	1.171e-01	-1.210e-01
145513.50	-2.218e-02	5.731e-03	4.810e-02
145514.50	-3.811e-03	-2.726e-02	8.669e-02
145515.50	-3.744e-03	1.882e-03	6.480e-02
145516.50	2.534e-04	-8.621e-02	-1.373e-03
145517.50	5.654e-03	-1.469e-01	-1.056e-01
145518.50	-1.834e-03	-3.658e-02	5.741e-02
145519.50	-7.882e-04	-4.560e-02	4.272e-02
145520.50	-5.414e-03	1.133e-01	6.154e-02
145521.50	3.053e-03	-6.115e-02	-2.477e-02
145522.50	2.179e-03	-7.114e-03	-1.382e-02
145523.50	-7.190e-04	-1.738e-02	2.074e-02
145524.50	-7.315e-04	1.373e-01	2.938e-03
145525.50	-9.014e-04	2.477e-02	5.434e-02
145526.50	-5.155e-04	-1.430e-02	5.750e-02
145527.50	4.963e-03	2.362e-02	-1.066e-01
145528.50	-3.917e-03	3.446e-04	9.792e-02
145529.50	2.611e-03	7.776e-03	-1.315e-02
145530.50	-3.322e-05	-5.203e-02	-1.594e-02
145531.50	3.216e-03	5.318e-02	-1.027e-01
145532.50	-2.400e-03	1.018e-01	-6.211e-02
145533.50	-4.733e-03	-6.547e-02	8.621e-02
145534.50	-5.328e-03	-1.046e-01	6.096e-02
145535.50	3.370e-04	-1.066e-02	1.248e-02
145536.50	-5.616e-03	2.486e-02	6.922e-02
145537.50	-2.150e-03	1.901e-02	9.341e-04
145538.50	-5.866e-03	7.930e-02	8.534e-02
145539.50	3.840e-03	-2.774e-02	1.238e-01
145540.50	5.040e-03	-2.813e-02	-5.347e-05
145541.50	-3.571e-03	-6.365e-02	-2.861e-01
145542.50	-5.990e-03	-6.374e-02	1.277e-01
145543.50	-1.728e-03	-4.003e-02	2.842e-02
145544.50	-9.149e-04	4.752e-02	1.094e-01
145545.50	4.522e-03	4.042e-02	-3.629e-02
145546.50	-5.376e-04	1.862e-02	3.149e-02
145547.50	-4.954e-04	-1.594e-03	-6.192e-02
145548.50	3.302e-04	6.912e-03	-7.162e-02
145549.50	1.392e-03	-4.723e-02	5.606e-03
145550.50	-3.494e-04	-3.254e-03	-6.586e-03
145551.50	-2.419e-03	5.414e-02	-4.176e-02
145552.50	4.426e-03	3.043e-02	-4.454e-02
145553.50	-4.022e-03	7.987e-02	9.792e-02
145554.50	2.736e-03	6.326e-02	-3.600e-02
145555.50	7.373e-04	-1.651e-02	-2.554e-02
145556.50	-1.008e-03	2.170e-02	-2.861e-02
145557.50	-1.709e-03	6.557e-02	-2.362e-02
145558.50	-1.536e-04	4.330e-02	1.814e-02
145559.50	-2.064e-03	-1.238e-01	5.981e-02
145560.50	2.333e-03	-9.792e-03	-3.686e-02
145561.50	1.066e-03	-2.035e-02	-4.291e-02
145562.50	-4.810e-03	-6.662e-03	9.984e-02
145563.50	-4.042e-04	-5.107e-02	2.544e-02
145564.50	-1.958e-03	1.574e-02	-1.862e-02
145565.50	-1.738e-03	2.122e-01	2.726e-02
145566.50	7.171e-04	4.550e-02	2.477e-02
145567.50	2.861e-04	-9.888e-02	2.947e-02
145568.50	2.707e-03	-7.584e-02	-8.506e-02
145569.50	-7.968e-05	-1.421e-02	-1.872e-03
145570.50	-2.813e-03	6.144e-02	4.099e-02
145571.50	1.315e-03	5.098e-03	-6.394e-02
145572.50	9.984e-04	2.438e-02	-5.280e-02
145573.50	-3.533e-03	-3.264e-02	4.262e-03
145574.50	1.622e-03	-6.787e-03	1.162e-02
145575.50	4.723e-03	-5.981e-03	-5.962e-02
145576.50	-2.611e-03	-4.493e-02	1.344e-02
145577.50	3.043e-03	-1.699e-03	-5.194e-02
145578.50	2.026e-04	-3.600e-02	2.026e-02
145579.50	1.210e-03	4.502e-02	-1.219e-02
145580.50	-2.774e-03	-1.526e-02	1.440e-02
145581.50	-8.179e-04	-2.582e-02	6.442e-05
145582.50	-7.037e-04	4.944e-02	8.650e-03
145583.50	-6.173e-04	-5.011e-02	4.877e-02
145584.50	2.698e-03	1.488e-02	-5.981e-02
145585.50	-3.466e-03	9.091e-02	6.653e-03
145586.50	-2.170e-04	-1.555e-02	-1.642e-02
145587.50	2.352e-03	-3.331e-02	-6.682e-02
145588.50	1.354e-03	3.408e-02	6.835e-03
145589.50	6.067e-04	4.147e-03	9.600e-03
145590.50	1.382e-03	-5.472e-02	-1.824e-02
145591.50	-3.610e-03	-7.891e-03	6.442e-02
145592.50	-2.822e-03	9.888e-03	5.050e-02
145593.50	-6.778e-04	4.464e-02	2.314e-02
145594.50	-5.338e-04	-2.112e-02	3.552e-02
145595.50	5.827e-03	-5.482e-02	7.286e-02
145596.50	-4.483e-03	-2.698e-02	5.021e-02
145597.50	2.986e-03	-7.699e-03	-7.152e-02
145598.50	3.994e-03	2.515e-02	-5.750e-02
145599.50	1.334e-03	1.094e-02	-3.187e-02
145600.50	4.426e-03	1.574e-02	-7.901e-02
145601.50	-1.363e-02	1.526e-02	-4.406e-02
