145003.50	0.000e+00	0.000e+00	0.000e+00
145004.50	0.000e+00	0.000e+00	0.000e+00
145005.50	0.000e+00	0.000e+00	0.000e+00
145006.50	0.000e+00	0.000e+00	0.000e+00
145007.50	0.000e+00	0.000e+00	0.000e+00
145008.50	0.000e+00	0.000e+00	0.000e+00
145009.50	0.000e+00	0.000e+00	0.000e+00
145010.50	0.000e+00	0.000e+00	0.000e+00
145011.50	0.000e+00	0.000e+00	0.000e+00
145012.50	0.000e+00	0.000e+00	0.000e+00
145013.50	0.000e+00	0.000e+00	0.000e+00
145014.50	0.000e+00	0.000e+00	0.000e+00
145015.50	0.000e+00	0.000e+00	0.000e+00
145016.50	0.000e+00	0.000e+00	0.000e+00
145017.50	0.000e+00	0.000e+00	0.000e+00
145018.50	0.000e+00	0.000e+00	0.000e+00
145019.50	0.000e+00	0.000e+00	0.000e+00
145020.50	0.000e+00	0.000e+00	0.000e+00
145021.50	0.000e+00	0.000e+00	0.000e+00
145022.50	0.000e+00	0.000e+00	0.000e+00
145023.50	0.000e+00	0.000e+00	0.000e+00
145024.50	0.000e+00	0.000e+00	0.000e+00
145025.50	0.000e+00	0.000e+00	0.000e+00
145026.50	0.000e+00	0.000e+00	0.000e+00
145027.50	0.000e+00	0.000e+00	0.000e+00
145028.50	0.000e+00	0.000e+00	0.000e+00
145029.50	0.000e+00	0.000e+00	0.000e+00
145030.50	0.000e+00	0.000e+00	0.000e+00
145031.50	0.000e+00	0.000e+00	0.000e+00
145032.50	0.000e+00	0.000e+00	0.000e+00
145033.50	0.000e+00	0.000e+00	0.000e+00
145034.50	0.000e+00	0.000e+00	0.000e+00
145035.50	0.000e+00	0.000e+00	0.000e+00
145036.50	0.000e+00	0.000e+00	0.000e+00
145037.50	0.000e+00	0.000e+00	0.000e+00
145038.50	0.000e+00	0.000e+00	0.000e+00
145039.50	0.000e+00	0.000e+00	0.000e+00
145040.50	0.000e+00	0.000e+00	0.000e+00
145041.50	0.000e+00	0.000e+00	0.000e+00
145042.50	0.000e+00	0.000e+00	0.000e+00
145043.50	0.000e+00	0.000e+00	0.000e+00
145044.50	0.000e+00	0.000e+00	0.000e+00
145045.50	0.000e+00	0.000e+00	0.000e+00
145046.50	0.000e+00	0.000e+00	0.000e+00
145047.50	0.000e+00	0.000e+00	0.000e+00
145048.50	0.000e+00	0.000e+00	0.000e+00
145049.50	0.000e+00	0.000e+00	0.000e+00
145050.50	0.000e+00	0.000e+00	0.000e+00
145051.50	0.000e+00	0.000e+00	0.000e+00
145052.50	0.000e+00	0.000e+00	0.000e+00
145053.50	0.000e+00	0.000e+00	0.000e+00
145054.50	0.000e+00	0.000e+00	0.000e+00
145055.50	0.000e+00	0.000e+00	0.000e+00
145056.50	0.000e+00	0.000e+00	0.000e+00
145057.50	0.000e+00	0.000e+00	0.000e+00
145058.50	0.000e+00	0.000e+00	0.000e+00
145059.50	0.000e+00	0.000e+00	0.000e+00
145060.50	0.000e+00	0.000e+00	0.000e+00
145061.50	0.000e+00	0.000e+00	0.000e+00
145062.50	0.000e+00	0.000e+00	0.000e+00
145063.50	0.000e+00	0.000e+00	0.000e+00
145064.50	0.000e+00	0.000e+00	0.000e+00
145065.50	0.000e+00	0.000e+00	0.000e+00
145066.50	0.000e+00	0.000e+00	0.000e+00
145067.50	0.000e+00	0.000e+00	0.000e+00
145068.50	0.000e+00	0.000e+00	0.000e+00
145069.50	0.000e+00	0.000e+00	0.000e+00
145070.50	0.000e+00	0.000e+00	0.000e+00
145071.50	0.000e+00	0.000e+00	0.000e+00
145072.50	0.000e+00	0.000e+00	0.000e+00
145073.50	0.000e+00	0.000e+00	0.000e+00
145074.50	0.000e+00	0.000e+00	0.000e+00
145075.50	0.000e+00	0.000e+00	0.000e+00
145076.50	0.000e+00	0.000e+00	0.000e+00
145077.50	0.000e+00	0.000e+00	0.000e+00
145078.50	0.000e+00	0.000e+00	0.000e+00
145079.50	0.000e+00	0.000e+00	0.000e+00
145080.50	0.000e+00	0.000e+00	0.000e+00
145081.50	0.000e+00	0.000e+00	0.000e+00
145082.50	0.000e+00	0.000e+00	0.000e+00
145083.50	0.000e+00	0.000e+00	0.000e+00
145084.50	0.000e+00	0.000e+00	0.000e+00
145085.50	0.000e+00	0.000e+00	0.000e+00
145086.50	0.000e+00	0.000e+00	0.000e+00
145087.50	0.000e+00	0.000e+00	0.000e+00
145088.50	0.000e+00	0.000e+00	0.000e+00
145089.50	0.000e+00	0.000e+00	0.000e+00
145090.50	0.000e+00	0.000e+00	0.000e+00
145091.50	0.000e+00	0.000e+00	0.000e+00
145092.50	0.000e+00	0.000e+00	0.000e+00
145093.50	0.000e+00	0.000e+00	0.000e+00
145094.50	0.000e+00	0.000e+00	0.000e+00
145095.50	0.000e+00	0.000e+00	0.000e+00
145096.50	0.000e+00	0.000e+00	0.000e+00
145097.50	0.000e+00	0.000e+00	0.000e+00
145098.50	0.000e+00	0.000e+00	0.000e+00
145099.50	0.000e+00	0.000e+00	0.000e+00
145100.50	0.000e+00	0.000e+00	0.000e+00
145101.50	0.000e+00	0.000e+00	0.000e+00
145102.50	0.000e+00	0.000e+00	0.000e+00
145103.50	0.000e+00	0.000e+00	0.000e+00
145104.50	0.000e+00	0.000e+00	0.000e+00
145105.50	0.000e+00	0.000e+00	0.000e+00
145106.50	0.000e+00	0.000e+00	0.000e+00
145107.50	0.000e+00	0.000e+00	0.000e+00
145108.50	0.000e+00	0.000e+00	0.000e+00
145109.50	0.000e+00	0.000e+00	0.000e+00
145110.50	0.000e+00	0.000e+00	0.000e+00
145111.50	0.000e+00	0.000e+00	0.000e+00
145112.50	0.000e+00	0.000e+00	0.000e+00
145113.50	0.000e+00	0.000e+00	0.000e+00
145114.50	0.000e+00	0.000e+00	0.000e+00
145115.50	0.000e+00	0.000e+00	0.000e+00
145116.50	0.000e+00	0.000e+00	0.000e+00
145117.50	0.000e+00	0.000e+00	0.000e+00
145118.50	0.000e+00	0.000e+00	0.000e+00
145119.50	0.000e+00	0.000e+00	0.000e+00
145120.50	0.000e+00	0.000e+00	0.000e+00
145121.50	0.000e+00	0.000e+00	0.000e+00
145122.50	0.000e+00	0.000e+00	0.000e+00
145123.50	0.000e+00	0.000e+00	0.000e+00
145124.50	0.000e+00	0.000e+00	0.000e+00
145125.50	0.000e+00	0.000e+00	0.000e+00
145126.50	0.000e+00	0.000e+00	0.000e+00
145127.50	0.000e+00	0.000e+00	0.000e+00
145128.50	0.000e+00	0.000e+00	0.000e+00
145129.50	0.000e+00	0.000e+00	0.000e+00
145130.50	0.000e+00	0.000e+00	0.000e+00
145131.50	0.000e+00	0.000e+00	0.000e+00
145132.50	0.000e+00	0.000e+00	0.000e+00
145133.50	0.000e+00	0.000e+00	0.000e+00
145134.50	0.000e+00	0.000e+00	0.000e+00
145135.50	0.000e+00	0.000e+00	0.000e+00
145136.50	0.000e+00	0.000e+00	0.000e+00
145137.50	0.000e+00	0.000e+00	0.000e+00
145138.50	0.000e+00	0.000e+00	0.000e+00
145139.50	0.000e+00	0.000e+00	0.000e+00
145140.50	0.000e+00	0.000e+00	0.000e+00
145141.50	0.000e+00	0.000e+00	0.000e+00
145142.50	0.000e+00	0.000e+00	0.000e+00
145143.50	0.000e+00	0.000e+00	0.000e+00
145144.50	0.000e+00	0.000e+00	0.000e+00
145145.50	0.000e+00	0.000e+00	0.000e+00
145146.50	0.000e+00	0.000e+00	0.000e+00
145147.50	0.000e+00	0.000e+00	0.000e+00
145148.50	0.000e+00	0.000e+00	0.000e+00
145149.50	0.000e+00	0.000e+00	0.000e+00
145150.50	0.000e+00	0.000e+00	0.000e+00
145151.50	0.000e+00	0.000e+00	0.000e+00
145152.50	0.000e+00	0.000e+00	0.000e+00
145153.50	0.000e+00	0.000e+00	0.000e+00
145154.50	0.000e+00	0.000e+00	0.000e+00
145155.50	0.000e+00	0.000e+00	0.000e+00
145156.50	0.000e+00	0.000e+00	0.000e+00
145157.50	0.000e+00	0.000e+00	0.000e+00
145158.50	0.000e+00	0.000e+00	0.000e+00
145159.50	0.000e+00	0.000e+00	0.000e+00
145160.50	0.000e+00	0.000e+00	0.000e+00
145161.50	0.000e+00	0.000e+00	0.000e+00
145162.50	0.000e+00	0.000e+00	0.000e+00
145163.50	0.000e+00	0.000e+00	0.000e+00
145164.50	0.000e+00	0.000e+00	0.000e+00
145165.50	-1.037e-05	7.478e-04	1.018e-03
145166.50	-2.246e-04	-1.267e-02	-5.597e-04
145167.50	-3.763e-04	-9.072e-02	-4.426e-02
145168.50	9.331e-04	6.528e-02	1.018e-02
145169.50	-3.072e-04	5.328e-03	1.382e-02
145170.50	-7.286e-06	2.861e-03	1.709e-03
145171.50	7.104e-06	2.880e-04	-1.200e-03
145172.50	5.011e-04	-1.526e-01	-1.094e-01
145173.50	1.286e-03	-6.048e-02	-9.485e-02
145174.50	-1.200e-02	-1.200e+00	-3.581e-01
145175.50	-4.579e-01	-4.954e+01	-1.670e+01
145176.50	-4.301e+00	-3.619e+02	-9.226e+01
145177.50	-9.792e+00	-6.077e+02	-7.978e+01
145178.50	-9.120e+00	-4.426e+02	-5.194e+00
145179.50	-1.709e+00	-7.373e+01	-2.246e+00
145180.50	-2.045e-01	1.440e+01	1.075e+01
145181.50	6.566e-01	7.526e+01	2.659e+01
145182.50	1.507e+00	9.014e+01	9.888e+00
145183.50	1.411e+00	9.091e+01	1.488e+01
145184.50	1.075e+00	8.659e+01	2.400e+01
145185.50	1.402e+00	8.198e+01	9.984e+00
145186.50	1.200e+00	7.248e+01	1.008e+01
145187.50	1.478e+00	7.142e+01	-2.054e-01
145188.50	1.459e+00	7.066e+01	1.162e+00
145189.50	1.008e+00	6.125e+01	8.602e+00
145190.50	1.114e+00	5.434e+01	8.189e-01
145191.50	8.237e-01	4.714e+01	5.520e+00
145192.50	8.006e-01	4.637e+01	5.222e+00
145193.50	6.509e-01	4.426e+01	9.264e+00
145194.50	6.394e-01	3.926e+01	5.923e+00
145195.50	5.616e-01	3.158e+01	3.341e+00
145196.50	6.854e-01	3.043e+01	-1.507e+00
145197.50	6.595e-01	3.274e+01	6.883e-01
145198.50	5.126e-01	2.928e+01	2.803e+00
145199.50	5.261e-01	2.803e+01	1.805e+00
145200.50	4.982e-01	2.534e+01	9.984e-01
145201.50	3.984e-01	2.141e+01	1.334e+00
145202.50	3.610e-01	2.304e+01	3.744e+00
145203.50	3.811e-01	2.266e+01	3.043e+00
145204.50	2.640e-01	1.738e+01	2.918e+00
145205.50	1.210e-01	1.411e+01	4.819e+00
145206.50	3.379e-01	1.642e+01	3.744e-01
145207.50	2.294e-01	1.306e+01	8.362e-01
145208.50	3.360e-01	1.622e+01	-1.555e-01
145209.50	3.283e-01	1.584e+01	1.334e-01
145210.50	3.197e-01	1.421e+01	-7.133e-01
145211.50	1.488e-01	1.123e+01	2.621e+00
145212.50	1.795e-01	1.142e+01	1.718e+00
145213.50	1.690e-01	1.066e+01	1.632e+00
145214.50	1.958e-01	1.171e+01	1.834e+00
145215.50	1.603e-01	9.350e+00	1.181e+00
145216.50	1.747e-01	8.928e+00	6.077e-01
145217.50	2.141e-01	8.112e+00	-1.094e+00
145218.50	8.467e-02	8.371e+00	2.659e+00
145219.50	8.650e-02	8.227e+00	2.352e+00
145220.50	1.114e-01	6.941e+00	6.749e-01
145221.50	1.114e-01	7.632e+00	1.334e+00
145222.50	6.749e-02	4.406e+00	5.702e-01
145223.50	1.632e-01	6.845e+00	-7.123e-01
145224.50	2.640e-02	3.994e+00	1.699e+00
145225.50	1.037e-01	5.338e+00	4.781e-01
145226.50	1.037e-01	4.118e+00	-4.550e-01
145227.50	8.006e-02	5.280e+00	8.390e-01
145228.50	1.210e-01	4.694e+00	-8.285e-01
145229.50	8.486e-02	4.934e+00	5.434e-01
145230.50	3.821e-02	3.427e+00	8.534e-01
145231.50	6.902e-02	4.291e+00	2.784e-01
145232.50	8.054e-02	4.166e+00	2.794e-01
145233.50	4.915e-02	3.715e+00	9.984e-01
145234.50	6.451e-02	2.842e+00	-4.080e-01
145235.50	7.373e-02	3.120e+00	-4.848e-01
145236.50	3.715e-02	2.832e+00	6.221e-01
145237.50	3.917e-02	2.189e+00	3.581e-01
145238.50	6.278e-02	2.381e+00	-5.126e-01
145239.50	9.888e-03	2.784e+00	1.238e+00
145240.50	3.226e-02	3.360e+00	1.440e+00
145241.50	6.250e-02	2.131e+00	-5.578e-01
145242.50	3.014e-02	1.882e+00	3.120e-01
145243.50	-6.691e-03	1.392e+00	1.037e+00
145244.50	4.982e-02	2.275e+00	2.400e-02
145245.50	2.314e-02	2.333e+00	4.387e-01
145246.50	-4.262e-04	2.746e+00	1.699e+00
145247.50	1.613e-02	1.411e+00	5.414e-01
145248.50	2.976e-02	1.469e+00	7.085e-02
145249.50	5.587e-02	2.122e+00	-4.541e-01
145250.50	3.773e-02	2.112e+00	2.870e-01
145251.50	2.534e-02	7.536e-01	-3.686e-01
145252.50	2.947e-02	7.085e-01	-4.934e-01
145253.50	4.253e-02	2.285e+00	2.016e-01
145254.50	3.667e-02	1.258e+00	-3.379e-01
145255.50	-2.093e-03	1.574e+00	9.792e-01
145256.50	2.275e-02	7.507e-01	-2.976e-01
145257.50	3.907e-02	1.978e+00	2.179e-01
145258.50	3.341e-02	5.731e-01	-6.816e-01
145259.50	4.090e-03	4.186e-01	2.957e-01
145260.50	-1.786e-02	9.216e-01	5.165e-01
145261.50	5.846e-02	1.824e+00	-4.704e-01
145262.50	3.888e-02	1.402e+00	-2.179e-01
145263.50	-7.834e-03	1.594e-01	5.011e-01
145264.50	1.238e-02	1.152e+00	4.723e-01
145265.50	2.170e-02	1.210e+00	2.333e-01
145266.50	2.314e-02	7.286e-01	-2.458e-01
145267.50	1.805e-02	1.229e+00	2.592e-01
145268.50	-3.638e-03	3.370e-01	-1.882e-02
145269.50	1.747e-02	6.758e-01	-2.314e-01
145270.50	2.314e-02	8.621e-01	-2.765e-03
145271.50	4.522e-03	6.067e-01	1.920e-01
145272.50	2.237e-02	7.757e-01	-1.402e-01
145273.50	4.320e-03	6.490e-01	3.610e-01
145274.50	-4.310e-04	8.179e-01	5.846e-01
145275.50	1.325e-02	8.198e-01	2.246e-01
145276.50	3.293e-02	1.517e-01	-1.046e+00
145277.50	-5.434e-04	1.133e-01	1.229e-01
145278.50	-4.886e-03	7.872e-01	4.003e-01
145279.50	4.550e-03	8.448e-01	3.110e-01
145280.50	2.438e-02	5.914e-01	-2.390e-01
145281.50	5.894e-03	8.496e-01	3.014e-01
145282.50	-1.123e-02	3.898e-01	4.637e-01
145283.50	7.603e-03	4.819e-02	-2.534e-01
145284.50	1.066e-02	4.512e-01	5.376e-02
145285.50	-7.901e-03	3.043e-01	4.848e-01
145286.50	1.939e-02	7.066e-01	-2.621e-01
145287.50	3.898e-03	2.419e-01	5.597e-02
145288.50	-1.565e-02	-4.301e-01	2.131e-01
145289.50	1.219e-02	3.091e-01	1.210e-02
145290.50	2.189e-03	4.243e-01	-4.829e-03
145291.50	2.246e-02	1.411e-01	-4.771e-01
145292.50	-2.150e-04	2.314e-01	2.534e-01
145293.50	1.546e-02	6.653e-01	-2.438e-01
145294.50	1.718e-03	-1.114e-01	3.926e-02
145295.50	3.485e-03	6.365e-01	1.594e-01
145296.50	2.026e-02	9.139e-02	-5.290e-01
145297.50	3.082e-02	8.880e-01	-2.736e-01
145298.50	1.430e-02	6.221e-01	-9.053e-03
145299.50	-1.526e-02	-1.200e-01	1.920e-01
145300.50	1.939e-03	2.102e-01	-1.699e-02
145301.50	-8.074e-03	2.362e-02	1.526e-01
145302.50	1.392e-02	4.522e-02	-4.512e-01
145303.50	-2.246e-02	-1.402e-01	5.357e-01
145304.50	-8.198e-03	6.259e-02	2.486e-01
145305.50	8.554e-03	2.496e-01	-3.226e-01
145306.50	1.853e-03	7.008e-01	3.187e-01
145307.50	1.094e-02	5.203e-01	2.131e-02
145308.50	-1.622e-02	1.066e-01	3.869e-01
145309.50	9.446e-03	5.347e-02	-1.738e-01
145310.50	-2.419e-03	-1.267e-01	1.968e-01
145311.50	1.450e-02	3.898e-01	-2.774e-01
145312.50	-1.901e-02	-3.590e-01	2.179e-01
145313.50	9.792e-03	2.813e-01	-3.965e-02
145314.50	2.093e-02	4.090e-01	-3.552e-01
145315.50	-2.947e-03	3.696e-01	2.784e-01
145316.50	-7.085e-03	5.491e-02	1.574e-01
145317.50	6.509e-03	9.523e-02	-1.277e-01
145318.50	1.018e-02	3.034e-02	-1.738e-01
145319.50	-8.938e-03	-5.990e-02	3.926e-02
145320.50	-1.133e-02	-2.198e-01	1.555e-01
145321.50	6.672e-03	2.525e-01	-2.342e-02
145322.50	1.142e-02	2.045e-01	3.437e-02
145323.50	5.117e-03	4.454e-01	3.638e-02
145324.50	1.315e-02	3.062e-01	1.258e-01
145325.50	-6.557e-03	-2.083e-01	7.382e-02
145326.50	-6.528e-03	2.813e-01	3.869e-01
145327.50	4.205e-03	-9.158e-02	-1.334e-01
145328.50	4.387e-03	2.390e-01	-1.584e-01
145329.50	4.464e-03	2.736e-01	-1.200e-01
145330.50	2.198e-03	1.795e-01	3.370e-03
145331.50	-1.085e-02	-9.696e-02	2.698e-01
145332.50	-2.074e-02	-2.669e-01	3.418e-01
145333.50	4.963e-03	2.698e-01	1.795e-01
145334.50	2.102e-03	-4.080e-02	-6.960e-02
145335.50	1.968e-03	1.555e-01	8.803e-02
145336.50	1.162e-02	2.333e-01	-2.621e-01
145337.50	9.485e-03	2.842e-01	-1.603e-01
145338.50	-1.248e-02	-2.678e-01	7.834e-02
145339.50	-1.546e-03	1.795e-01	1.834e-01
145340.50	-6.403e-03	6.000e-02	1.066e-01
145341.50	-4.886e-04	-1.402e-02	-2.506e-01
145342.50	3.888e-03	-1.555e-02	-1.133e-01
145343.50	9.600e-03	6.077e-02	-1.536e-01
145344.50	1.757e-02	3.149e-01	-2.515e-01
145345.50	-8.602e-03	4.445e-02	2.957e-01
145346.50	2.880e-05	8.275e-02	3.456e-02
145347.50	-2.198e-03	8.880e-02	1.018e-01
145348.50	2.698e-03	2.131e-01	2.918e-02
145349.50	-1.382e-02	-2.227e-01	1.680e-01
145350.50	-4.685e-03	-1.882e-01	7.094e-02
145351.50	-3.005e-03	-1.162e-03	7.488e-02
145352.50	-7.018e-03	7.344e-02	2.064e-01
145353.50	-5.904e-04	-1.814e-01	-2.237e-01
145354.50	1.094e-04	1.104e-01	1.901e-01
145355.50	6.605e-03	6.058e-01	1.632e-01
145356.50	-2.208e-04	-1.709e-01	-1.747e-01
145357.50	1.142e-02	2.189e-01	-2.170e-01
145358.50	-2.400e-03	-1.421e-01	8.832e-02
145359.50	-1.267e-02	-1.738e-01	1.354e-01
145360.50	8.419e-03	2.054e-01	1.094e-02
145361.50	6.442e-06	-1.171e-02	1.152e-01
145362.50	4.320e-03	8.822e-02	1.286e-01
145363.50	-6.288e-03	1.440e-01	3.187e-01
145364.50	-3.341e-03	2.035e-01	3.245e-02
145365.50	6.000e-04	-1.795e-01	-1.958e-01
145366.50	2.131e-03	-1.104e-01	-1.450e-01
145367.50	9.696e-03	3.187e-02	-1.114e-01
145368.50	-2.774e-03	2.026e-01	1.958e-01
145369.50	-1.910e-03	-2.141e-01	-1.075e-01
145370.50	-5.309e-03	1.085e-02	6.144e-02
145371.50	-1.229e-03	1.526e-01	1.210e-01
145372.50	1.325e-03	1.613e-01	1.085e-01
145373.50	3.571e-03	1.862e-01	1.853e-02
145374.50	-1.142e-02	-4.800e-02	1.459e-01
145375.50	3.139e-03	1.181e-01	-1.680e-01
145376.50	4.944e-03	1.603e-02	-8.611e-02
145377.50	1.795e-03	1.613e-02	1.363e-01
145378.50	-1.680e-02	-3.216e-01	4.406e-02
145379.50	8.803e-05	8.352e-02	5.328e-02
145380.50	1.219e-02	1.498e-01	-8.630e-02
145381.50	-5.866e-03	-4.330e-02	1.795e-01
145382.50	1.450e-02	1.133e-01	-2.736e-01
145383.50	1.680e-02	4.397e-01	-1.104e-01
145384.50	-8.342e-03	-5.885e-02	-2.784e-03
145385.50	-6.144e-03	-1.430e-01	-9.178e-03
145386.50	-1.574e-03	9.418e-02	1.498e-01
145387.50	-2.909e-03	3.283e-02	5.280e-02
145388.50	4.589e-03	-2.736e-02	-2.371e-01
145389.50	1.085e-02	1.738e-01	-8.995e-02
145390.50	-6.816e-03	-8.909e-02	7.344e-02
145391.50	-1.565e-03	4.742e-02	4.454e-02
145392.50	-3.101e-03	2.458e-02	2.592e-02
145393.50	6.941e-03	5.501e-02	-1.066e-01
145394.50	-1.968e-03	1.027e-02	-9.024e-02
145395.50	-1.747e-03	-1.123e-02	5.088e-02
145396.50	2.928e-03	-1.123e-01	-2.746e-02
145397.50	-6.874e-03	-1.488e-01	5.501e-02
145398.50	-2.842e-03	5.885e-02	4.819e-02
145399.50	-9.600e-03	-8.880e-02	1.862e-01
145400.50	4.934e-03	1.325e-01	-6.576e-02
145401.50	-4.426e-03	-1.075e-01	9.888e-02
145402.50	-6.509e-03	-2.045e-01	-2.227e-02
145403.50	6.787e-03	-5.136e-03	-1.104e-01
145404.50	9.888e-03	1.219e-01	-1.603e-01
145405.50	-9.370e-03	5.443e-02	1.795e-01
145406.50	-4.493e-03	-3.302e-02	3.955e-02
145407.50	-4.291e-03	-9.418e-02	4.358e-02
145408.50	1.363e-03	2.093e-01	4.598e-02
145409.50	4.051e-03	1.286e-01	9.360e-02
145410.50	1.219e-03	2.746e-02	3.168e-02
145411.50	-2.755e-03	1.190e-01	1.104e-02
145412.50	-4.522e-03	-3.696e-02	4.243e-02
145413.50	-2.918e-03	-2.256e-01	-1.507e-01
145414.50	4.608e-03	-2.803e-02	-1.363e-01
145415.50	9.984e-03	6.086e-02	-9.792e-02
145416.50	1.210e-02	9.110e-02	-2.352e-01
145417.50	6.336e-03	1.776e-02	-1.162e-01
145418.50	-6.278e-03	-1.699e-02	9.792e-02
145419.50	-2.506e-03	-2.880e-02	-3.245e-02
145420.50	-2.074e-03	1.459e-01	1.978e-01
145421.50	-6.298e-03	-1.142e-01	2.074e-02
145422.50	1.872e-03	9.792e-03	-9.984e-02
145423.50	-2.506e-03	3.322e-02	1.584e-01
145424.50	2.813e-04	-3.984e-02	8.486e-02
145425.50	-1.162e-03	-9.888e-02	-5.318e-02
145426.50	6.557e-04	1.334e-01	1.142e-01
145427.50	1.094e-02	2.736e-01	-1.574e-01
145428.50	2.621e-03	9.523e-02	-3.917e-02
145429.50	-7.162e-03	-2.515e-01	-4.262e-02
145430.50	-3.187e-03	-5.818e-03	7.555e-02
145431.50	-4.685e-03	5.741e-02	7.008e-02
145432.50	-3.504e-03	7.315e-02	1.286e-01
145433.50	-4.973e-03	-7.066e-02	7.526e-02
145434.50	-7.296e-04	-1.728e-01	-1.584e-01
145435.50	2.890e-03	4.733e-02	-1.027e-01
145436.50	-1.123e-02	-1.296e-01	1.786e-01
145437.50	-6.931e-03	2.208e-03	1.075e-01
145438.50	9.139e-03	8.150e-02	-1.882e-02
145439.50	2.947e-03	1.219e-01	6.346e-02
145440.50	-7.891e-04	7.430e-02	-4.752e-03
145441.50	-1.939e-03	-5.107e-02	3.014e-02
145442.50	-1.258e-02	-3.667e-02	2.006e-01
145443.50	9.322e-03	1.440e-01	-4.051e-02
145444.50	-7.709e-04	-2.400e-01	-1.747e-01
145445.50	2.947e-03	-7.603e-02	-1.718e-01
145446.50	1.056e-02	2.659e-01	-1.248e-01
145447.50	7.488e-04	1.901e-02	4.982e-02
145448.50	-6.470e-03	-2.093e-01	1.354e-02
145449.50	6.019e-04	8.323e-02	3.571e-02
145450.50	-4.829e-04	-1.853e-02	3.091e-02
145451.50	-2.803e-03	-3.120e-03	-2.189e-02
145452.50	-1.430e-03	2.592e-02	8.256e-03
145453.50	7.277e-03	9.696e-02	-9.984e-02
145454.50	2.419e-03	8.314e-02	6.278e-02
145455.50	7.277e-04	1.123e-01	8.304e-02
145456.50	-1.133e-03	4.618e-02	-4.109e-03
145457.50	-7.613e-04	-3.312e-02	3.466e-02
145458.50	-1.315e-03	-4.522e-02	7.958e-02
145459.50	-2.928e-03	-5.549e-02	1.786e-02
145460.50	-7.478e-04	-1.958e-02	-7.642e-02
145461.50	-2.784e-03	1.344e-02	-6.710e-02
145462.50	-1.190e-03	-4.570e-03	2.717e-02
145463.50	5.376e-04	-6.490e-02	7.354e-03
145464.50	5.683e-03	3.005e-02	4.214e-02
145465.50	-2.198e-03	1.488e-02	-1.421e-02
145466.50	-5.501e-04	5.299e-02	3.254e-02
145467.50	-2.755e-03	-8.611e-02	8.890e-02
145468.50	2.573e-03	-4.234e-02	2.736e-02
145469.50	3.821e-03	-5.875e-02	-1.277e-01
145470.50	-2.640e-03	-9.984e-02	-1.882e-02
145471.50	-5.808e-03	-1.056e-02	8.141e-02
145472.50	3.149e-03	3.715e-02	-6.509e-02
145473.50	-2.602e-04	3.053e-02	1.930e-02
145474.50	3.043e-03	3.082e-02	-7.037e-02
145475.50	9.187e-03	1.728e-01	-1.546e-01
145476.50	-3.907e-03	1.382e-01	1.488e-01
145477.50	5.011e-03	1.546e-01	2.035e-02
145478.50	-1.056e-02	-1.795e-02	1.536e-02
145479.50	-5.962e-03	3.552e-02	2.602e-02
145480.50	7.584e-03	7.267e-02	-7.478e-02
145481.50	4.963e-03	-1.190e-01	-6.346e-02
145482.50	8.842e-03	6.605e-02	-1.440e-01
145483.50	-4.810e-03	-9.398e-02	9.350e-02
145484.50	-9.984e-04	3.024e-03	6.048e-02
145485.50	1.267e-03	-6.125e-02	-8.986e-02
145486.50	-8.381e-03	-1.104e-01	7.968e-02
145487.50	-8.304e-03	-1.354e-01	5.030e-02
145488.50	3.216e-02	7.152e-02	-1.200e-01
145489.50	-7.526e-03	1.152e-01	1.046e-01
145490.50	-9.331e-03	-1.104e-01	-7.411e-02
145491.50	-7.430e-04	-1.018e-01	-3.734e-02
145492.50	-7.584e-03	-1.728e-02	4.829e-02
145493.50	-8.294e-03	-4.646e-02	6.566e-02
145494.50	-4.406e-03	-9.984e-02	1.190e-01
145495.50	-2.045e-03	5.030e-02	1.334e-01
145496.50	-2.131e-03	1.440e-01	-7.795e-02
145497.50	-1.536e-03	1.219e-02	-4.051e-02
145498.50	-1.056e-03	2.467e-02	6.029e-02
145499.50	1.142e-02	4.099e-02	-1.008e-02
145500.50	6.490e-03	7.670e-03	-8.947e-02
145501.50	-1.584e-03	-3.370e-03	-4.118e-02
145502.50	-5.357e-03	2.861e-02	1.421e-01
145503.50	2.342e-03	-4.090e-02	-2.803e-02
145504.50	2.986e-03	5.069e-02	-3.168e-02
145505.50	3.466e-03	-4.368e-03	2.554e-02
145506.50	-1.469e-03	-5.635e-02	5.885e-02
145507.50	1.402e-03	3.034e-02	-1.085e-01
145508.50	-6.010e-03	-1.066e-01	6.346e-02
145509.50	-9.072e-04	1.402e-02	2.947e-02
145510.50	3.370e-03	8.122e-02	-4.157e-02
145511.50	9.360e-03	6.758e-02	-4.800e-02
145512.50	-2.669e-03	-6.125e-02	-2.669e-02
145513.50	5.491e-04	2.909e-02	-1.526e-02
145514.50	1.824e-04	2.851e-02	-2.170e-02
145515.50	-3.274e-03	-2.410e-02	7.507e-02
145516.50	7.939e-03	1.046e-02	-4.877e-02
145517.50	-2.045e-04	-1.104e-01	2.429e-02
145518.50	-5.856e-03	1.306e-01	9.312e-02
145519.50	-1.699e-03	1.574e-01	1.085e-02
145520.50	5.453e-03	-9.533e-02	-9.792e-02
145521.50	-7.997e-03	-1.123e-01	-8.976e-02
145522.50	4.560e-03	8.688e-02	-6.182e-02
145523.50	3.782e-03	9.226e-02	2.890e-02
145524.50	-8.342e-04	-5.146e-02	5.904e-02
145525.50	-6.701e-03	-1.584e-01	-4.502e-02
145526.50	-1.373e-03	-1.795e-02	-1.133e-02
145527.50	-2.534e-03	1.574e-01	7.987e-02
145528.50	2.275e-04	-7.978e-02	9.226e-03
145529.50	1.603e-04	9.360e-03	-9.696e-02
145530.50	-4.781e-03	4.234e-02	-2.803e-03
145531.50	-8.026e-04	-4.051e-02	-3.542e-02
145532.50	-1.507e-04	7.786e-03	-2.669e-02
145533.50	-1.632e-03	-6.403e-02	4.416e-02
145534.50	-1.018e-03	-8.131e-02	-9.264e-02
145535.50	-1.046e-03	5.318e-02	1.075e-01
145536.50	-1.632e-03	9.792e-03	7.766e-02
145537.50	1.517e-03	1.181e-02	4.589e-03
145538.50	2.554e-03	8.026e-02	-4.858e-02
145539.50	-1.373e-04	-5.558e-02	-3.274e-02
145540.50	-2.774e-03	-6.806e-03	5.386e-02
145541.50	4.416e-03	1.296e-01	6.605e-02
145542.50	2.006e-03	8.870e-02	-6.806e-03
145543.50	3.456e-03	2.102e-02	-1.267e-01
145544.50	6.720e-04	3.514e-02	4.627e-03
145545.50	1.094e-03	-2.275e-02	-5.261e-02
145546.50	6.998e-05	9.984e-03	-7.219e-02
145547.50	-2.515e-03	-1.392e-02	7.277e-02
145548.50	-2.707e-04	-5.846e-03	-8.554e-03
145549.50	1.738e-03	6.989e-02	-4.358e-03
145550.50	-2.093e-03	1.123e-01	1.066e-01
145551.50	4.646e-02	4.512e-02	-1.142e-01
145552.50	-4.867e-02	-7.565e-02	1.142e-01
145553.50	1.910e-04	-5.971e-03	-2.669e-02
145554.50	-4.646e-03	-2.650e-03	6.835e-02
145555.50	-1.642e-03	-8.438e-02	-3.706e-02
145556.50	-6.576e-04	-9.888e-02	-9.984e-03
145557.50	-1.651e-03	-1.382e-02	-9.158e-03
145558.50	-1.901e-03	-1.709e-02	-5.606e-03
145559.50	-2.621e-03	-1.277e-01	-1.478e-02
145560.50	-2.074e-03	-7.574e-02	-2.621e-02
145561.50	4.675e-03	-5.347e-03	-8.400e-02
145562.50	9.600e-04	4.790e-02	-1.382e-02
145563.50	1.699e-03	2.870e-02	4.272e-02
145564.50	-1.680e-03	-6.461e-03	1.622e-02
145565.50	-5.059e-03	-4.627e-02	1.123e-01
145566.50	3.120e-03	6.432e-02	3.322e-03
145567.50	1.027e-03	-5.750e-03	3.523e-02
145568.50	-2.074e-03	3.888e-03	-5.232e-03
145569.50	7.306e-04	-2.554e-02	-2.112e-03
145570.50	4.013e-03	2.093e-02	-8.016e-02
145571.50	9.130e-04	-5.261e-02	-1.622e-02
145572.50	5.933e-03	1.565e-02	-1.037e-01
145573.50	2.467e-03	-9.600e-02	-6.499e-02
145574.50	-4.416e-04	9.984e-04	1.747e-02
145575.50	2.678e-03	-2.237e-02	-6.989e-02
145576.50	-2.285e-03	-4.464e-02	2.448e-03
145577.50	2.554e-03	6.854e-02	7.411e-02
145578.50	4.522e-03	1.450e-01	4.675e-02
145579.50	1.488e-02	-1.478e-02	-5.635e-02
145580.50	-6.269e-04	-4.589e-02	9.514e-02
145581.50	-1.238e-03	4.618e-02	6.134e-02
145582.50	-3.667e-03	7.085e-02	1.219e-02
145583.50	-3.888e-03	-3.014e-02	2.467e-02
145584.50	1.978e-03	6.019e-02	-6.125e-02
145585.50	-2.208e-03	3.043e-02	6.691e-02
145586.50	-2.218e-04	8.054e-02	1.296e-01
145587.50	-9.888e-04	-4.646e-02	3.600e-03
145588.50	-2.208e-03	-1.258e-01	-3.955e-02
145589.50	4.003e-03	3.782e-02	-9.014e-02
145590.50	1.958e-02	1.603e-01	-5.731e-02
145591.50	-8.314e-03	-9.379e-03	-1.766e-02
145592.50	-1.277e-02	3.216e-02	1.056e-01
145593.50	-6.787e-03	-2.246e-02	3.965e-02
145594.50	-3.101e-03	1.286e-02	-2.534e-02
145595.50	-2.227e-03	-2.573e-02	-1.133e-02
145596.50	-5.875e-03	-2.170e-02	1.843e-02
145597.50	-2.602e-03	2.467e-02	1.930e-02
145598.50	2.966e-03	7.517e-02	-3.101e-02
145599.50	-6.893e-04	-6.288e-02	-6.643e-02
145600.50	6.950e-04	8.141e-03	-5.837e-02
145601.50	2.294e-02	4.378e-02	-4.205e-02
