145003.50	0.000e+00	0.000e+00	0.000e+00
145004.50	0.000e+00	0.000e+00	0.000e+00
145005.50	0.000e+00	0.000e+00	0.000e+00
145006.50	0.000e+00	0.000e+00	0.000e+00
145007.50	0.000e+00	0.000e+00	0.000e+00
145008.50	0.000e+00	0.000e+00	0.000e+00
145009.50	0.000e+00	0.000e+00	0.000e+00
145010.50	0.000e+00	0.000e+00	0.000e+00
145011.50	0.000e+00	0.000e+00	0.000e+00
145012.50	0.000e+00	0.000e+00	0.000e+00
145013.50	0.000e+00	0.000e+00	0.000e+00
145014.50	0.000e+00	0.000e+00	0.000e+00
145015.50	0.000e+00	0.000e+00	0.000e+00
145016.50	0.000e+00	0.000e+00	0.000e+00
145017.50	0.000e+00	0.000e+00	0.000e+00
145018.50	0.000e+00	0.000e+00	0.000e+00
145019.50	0.000e+00	0.000e+00	0.000e+00
145020.50	0.000e+00	0.000e+00	0.000e+00
145021.50	0.000e+00	0.000e+00	0.000e+00
145022.50	0.000e+00	0.000e+00	0.000e+00
145023.50	0.000e+00	0.000e+00	0.000e+00
145024.50	0.000e+00	0.000e+00	0.000e+00
145025.50	0.000e+00	0.000e+00	0.000e+00
145026.50	0.000e+00	0.000e+00	0.000e+00
145027.50	0.000e+00	0.000e+00	0.000e+00
145028.50	0.000e+00	0.000e+00	0.000e+00
145029.50	0.000e+00	0.000e+00	0.000e+00
145030.50	0.000e+00	0.000e+00	0.000e+00
145031.50	0.000e+00	0.000e+00	0.000e+00
145032.50	0.000e+00	0.000e+00	0.000e+00
145033.50	0.000e+00	0.000e+00	0.000e+00
145034.50	0.000e+00	0.000e+00	0.000e+00
145035.50	0.000e+00	0.000e+00	0.000e+00
145036.50	0.000e+00	0.000e+00	0.000e+00
145037.50	0.000e+00	0.000e+00	0.000e+00
145038.50	0.000e+00	0.000e+00	0.000e+00
145039.50	0.000e+00	0.000e+00	0.000e+00
145040.50	0.000e+00	0.000e+00	0.000e+00
145041.50	0.000e+00	0.000e+00	0.000e+00
145042.50	0.000e+00	0.000e+00	0.000e+00
145043.50	0.000e+00	0.000e+00	0.000e+00
145044.50	0.000e+00	0.000e+00	0.000e+00
145045.50	0.000e+00	0.000e+00	0.000e+00
145046.50	0.000e+00	0.000e+00	0.000e+00
145047.50	0.000e+00	0.000e+00	0.000e+00
145048.50	0.000e+00	0.000e+00	0.000e+00
145049.50	0.000e+00	0.000e+00	0.000e+00
145050.50	0.000e+00	0.000e+00	0.000e+00
145051.50	0.000e+00	0.000e+00	0.000e+00
145052.50	0.000e+00	0.000e+00	0.000e+00
145053.50	0.000e+00	0.000e+00	0.000e+00
145054.50	0.000e+00	0.000e+00	0.000e+00
145055.50	0.000e+00	0.000e+00	0.000e+00
145056.50	0.000e+00	0.000e+00	0.000e+00
145057.50	0.000e+00	0.000e+00	0.000e+00
145058.50	0.000e+00	0.000e+00	0.000e+00
145059.50	0.000e+00	0.000e+00	0.000e+00
145060.50	0.000e+00	0.000e+00	0.000e+00
145061.50	0.000e+00	0.000e+00	0.000e+00
145062.50	0.000e+00	0.000e+00	0.000e+00
145063.50	0.000e+00	0.000e+00	0.000e+00
145064.50	0.000e+00	0.000e+00	0.000e+00
145065.50	0.000e+00	0.000e+00	0.000e+00
145066.50	0.000e+00	0.000e+00	0.000e+00
145067.50	0.000e+00	0.000e+00	0.000e+00
145068.50	0.000e+00	0.000e+00	0.000e+00
145069.50	0.000e+00	0.000e+00	0.000e+00
145070.50	0.000e+00	0.000e+00	0.000e+00
145071.50	0.000e+00	0.000e+00	0.000e+00
145072.50	0.000e+00	0.000e+00	0.000e+00
145073.50	0.000e+00	0.000e+00	0.000e+00
145074.50	0.000e+00	0.000e+00	0.000e+00
145075.50	0.000e+00	0.000e+00	0.000e+00
145076.50	0.000e+00	0.000e+00	0.000e+00
145077.50	0.000e+00	0.000e+00	0.000e+00
145078.50	0.000e+00	0.000e+00	0.000e+00
145079.50	0.000e+00	0.000e+00	0.000e+00
145080.50	0.000e+00	0.000e+00	0.000e+00
145081.50	0.000e+00	0.000e+00	0.000e+00
145082.50	0.000e+00	0.000e+00	0.000e+00
145083.50	0.000e+00	0.000e+00	0.000e+00
145084.50	0.000e+00	0.000e+00	0.000e+00
145085.50	0.000e+00	0.000e+00	0.000e+00
145086.50	0.000e+00	0.000e+00	0.000e+00
145087.50	0.000e+00	0.000e+00	0.000e+00
145088.50	0.000e+00	0.000e+00	0.000e+00
145089.50	0.000e+00	0.000e+00	0.000e+00
145090.50	0.000e+00	0.000e+00	0.000e+00
145091.50	0.000e+00	0.000e+00	0.000e+00
145092.50	0.000e+00	0.000e+00	0.000e+00
145093.50	0.000e+00	0.000e+00	0.000e+00
145094.50	0.000e+00	0.000e+00	0.000e+00
145095.50	0.000e+00	0.000e+00	0.000e+00
145096.50	0.000e+00	0.000e+00	0.000e+00
145097.50	0.000e+00	0.000e+00	0.000e+00
145098.50	0.000e+00	0.000e+00	0.000e+00
145099.50	0.000e+00	0.000e+00	0.000e+00
145100.50	0.000e+00	0.000e+00	0.000e+00
145101.50	0.000e+00	0.000e+00	0.000e+00
145102.50	0.000e+00	0.000e+00	0.000e+00
145103.50	0.000e+00	0.000e+00	0.000e+00
145104.50	0.000e+00	0.000e+00	0.000e+00
145105.50	0.000e+00	0.000e+00	0.000e+00
145106.50	0.000e+00	0.000e+00	0.000e+00
145107.50	0.000e+00	0.000e+00	0.000e+00
145108.50	0.000e+00	0.000e+00	0.000e+00
145109.50	0.000e+00	0.000e+00	0.000e+00
145110.50	0.000e+00	0.000e+00	0.000e+00
145111.50	0.000e+00	0.000e+00	0.000e+00
145112.50	0.000e+00	0.000e+00	0.000e+00
145113.50	0.000e+00	0.000e+00	0.000e+00
145114.50	0.000e+00	0.000e+00	0.000e+00
145115.50	0.000e+00	0.000e+00	0.000e+00
145116.50	0.000e+00	0.000e+00	0.000e+00
145117.50	0.000e+00	0.000e+00	0.000e+00
145118.50	0.000e+00	0.000e+00	0.000e+00
145119.50	0.000e+00	0.000e+00	0.000e+00
145120.50	0.000e+00	0.000e+00	0.000e+00
145121.50	0.000e+00	0.000e+00	0.000e+00
145122.50	0.000e+00	0.000e+00	0.000e+00
145123.50	0.000e+00	0.000e+00	0.000e+00
145124.50	0.000e+00	0.000e+00	0.000e+00
145125.50	0.000e+00	0.000e+00	0.000e+00
145126.50	0.000e+00	0.000e+00	0.000e+00
145127.50	0.000e+00	0.000e+00	0.000e+00
145128.50	0.000e+00	0.000e+00	0.000e+00
145129.50	0.000e+00	0.000e+00	0.000e+00
145130.50	0.000e+00	0.000e+00	0.000e+00
145131.50	0.000e+00	0.000e+00	0.000e+00
145132.50	0.000e+00	0.000e+00	0.000e+00
145133.50	0.000e+00	0.000e+00	0.000e+00
145134.50	0.000e+00	0.000e+00	0.000e+00
145135.50	0.000e+00	0.000e+00	0.000e+00
145136.50	0.000e+00	0.000e+00	0.000e+00
145137.50	0.000e+00	0.000e+00	0.000e+00
145138.50	0.000e+00	0.000e+00	0.000e+00
145139.50	0.000e+00	0.000e+00	0.000e+00
145140.50	0.000e+00	0.000e+00	0.000e+00
145141.50	0.000e+00	0.000e+00	0.000e+00
145142.50	0.000e+00	0.000e+00	0.000e+00
145143.50	0.000e+00	0.000e+00	0.000e+00
145144.50	0.000e+00	0.000e+00	0.000e+00
145145.50	0.000e+00	0.000e+00	0.000e+00
145146.50	0.000e+00	0.000e+00	0.000e+00
145147.50	0.000e+00	0.000e+00	0.000e+00
145148.50	0.000e+00	0.000e+00	0.000e+00
145149.50	0.000e+00	0.000e+00	0.000e+00
145150.50	0.000e+00	0.000e+00	0.000e+00
145151.50	0.000e+00	0.000e+00	0.000e+00
145152.50	0.000e+00	0.000e+00	0.000e+00
145153.50	0.000e+00	0.000e+00	0.000e+00
145154.50	0.000e+00	0.000e+00	0.000e+00
145155.50	0.000e+00	0.000e+00	0.000e+00
145156.50	0.000e+00	0.000e+00	0.000e+00
145157.50	0.000e+00	0.000e+00	0.000e+00
145158.50	0.000e+00	0.000e+00	0.000e+00
145159.50	0.000e+00	0.000e+00	0.000e+00
145160.50	0.000e+00	0.000e+00	0.000e+00
145161.50	0.000e+00	0.000e+00	0.000e+00
145162.50	0.000e+00	0.000e+00	0.000e+00
145163.50	0.000e+00	0.000e+00	0.000e+00
145164.50	0.000e+00	0.000e+00	0.000e+00
145165.50	0.000e+00	0.000e+00	0.000e+00
145166.50	0.000e+00	0.000e+00	0.000e+00
145167.50	-2.160e-05	-5.213e-04	5.530e-04
145168.50	-6.787e-05	-1.450e-03	2.774e-03
145169.50	-7.997e-06	-1.968e-03	-4.598e-03
145170.50	-5.261e-04	-2.304e-02	-1.229e-02
145171.50	3.216e-05	1.891e-03	2.179e-03
145172.50	3.206e-04	1.670e-02	1.910e-02
145173.50	-7.670e-04	-1.603e-02	4.426e-02
145174.50	8.400e-04	-5.386e-02	-2.218e-01
145175.50	-3.571e-02	-1.526e+00	-5.453e-01
145176.50	-3.984e-01	-1.507e+01	-9.984e-03
145177.50	-6.144e+00	-2.294e+02	-8.362e-02
145178.50	-1.574e+01	-5.606e+02	1.046e+01
145179.50	-1.622e+01	-5.558e+02	-2.083e+01
145180.50	-4.032e+00	-1.200e+02	5.962e+00
145181.50	5.770e-01	2.947e+01	-6.874e+00
145182.50	1.680e+00	6.691e+01	9.216e+00
145183.50	1.891e+00	7.037e+01	3.667e+00
145184.50	2.765e+00	9.600e+01	2.467e+00
145185.50	2.467e+00	8.304e+01	-3.878e+00
145186.50	2.122e+00	7.680e+01	1.037e+01
145187.50	2.266e+00	7.334e+01	-1.344e+01
145188.50	2.141e+00	7.027e+01	-5.136e+00
145189.50	1.709e+00	6.000e+01	2.813e+00
145190.50	1.661e+00	5.606e+01	-1.229e+00
145191.50	1.469e+00	5.203e+01	6.979e+00
145192.50	1.421e+00	4.819e+01	1.373e+00
145193.50	1.334e+00	4.512e+01	-5.856e-01
145194.50	1.152e+00	3.878e+01	-2.525e+00
145195.50	1.027e+00	3.494e+01	-5.654e-01
145196.50	1.075e+00	3.542e+01	-7.901e-01
145197.50	1.027e+00	3.466e+01	-1.997e-01
145198.50	8.621e-01	2.995e+01	1.152e+00
145199.50	8.371e-01	2.832e+01	-1.622e+00
145200.50	8.880e-01	2.870e+01	-4.272e+00
145201.50	6.653e-01	2.410e+01	3.168e+00
145202.50	7.661e-01	2.496e+01	-2.112e+00
145203.50	6.048e-01	2.035e+01	4.397e-02
145204.50	4.742e-01	1.709e+01	1.555e+00
145205.50	5.414e-01	1.834e+01	-9.370e-01
145206.50	5.232e-01	1.728e+01	-1.382e+00
145207.50	4.099e-01	1.459e+01	1.142e+00
145208.50	4.618e-01	1.546e+01	-3.005e-01
145209.50	3.619e-01	1.325e+01	1.699e+00
145210.50	3.744e-01	1.306e+01	2.112e-01
145211.50	3.619e-01	1.190e+01	-6.211e-01
145212.50	3.101e-01	1.162e+01	2.621e+00
145213.50	3.571e-01	1.200e+01	5.318e-02
145214.50	2.698e-01	9.034e+00	-5.270e-01
145215.50	2.938e-01	1.008e+01	1.162e+00
145216.50	2.746e-01	9.590e+00	5.779e-01
145217.50	2.746e-01	9.466e+00	1.334e-01
145218.50	2.938e-01	9.053e+00	-2.352e-01
145219.50	1.613e-01	6.432e+00	2.957e-01
145220.50	2.429e-01	8.275e+00	1.056e+00
145221.50	2.390e-01	7.872e+00	-1.411e+00
145222.50	1.344e-01	5.434e+00	-2.064e-02
145223.50	2.496e-01	8.083e+00	-1.085e+00
145224.50	2.045e-01	7.133e+00	1.238e+00
145225.50	8.179e-02	3.168e+00	8.650e-01
145226.50	1.411e-01	5.040e+00	-6.086e-02
145227.50	1.296e-01	4.752e+00	8.486e-01
145228.50	1.795e-01	5.165e+00	-2.237e+00
145229.50	1.651e-01	5.568e+00	-5.731e-02
145230.50	1.258e-01	4.272e+00	-4.685e-02
145231.50	7.286e-02	3.043e+00	4.714e-01
145232.50	1.123e-01	4.070e+00	5.472e-01
145233.50	9.456e-02	3.466e+00	5.914e-01
145234.50	7.018e-02	2.717e+00	6.067e-01
145235.50	8.563e-02	2.736e+00	-1.843e-01
145236.50	1.469e-01	4.762e+00	-9.274e-01
145237.50	6.806e-02	2.429e+00	-7.325e-02
145238.50	1.008e-01	3.341e+00	8.362e-02
145239.50	6.432e-02	2.074e+00	3.763e-01
145240.50	5.184e-02	2.112e+00	-2.621e-01
145241.50	8.102e-02	2.650e+00	-1.104e-01
145242.50	9.341e-02	2.938e+00	4.435e-01
145243.50	4.685e-02	1.526e+00	2.294e-01
145244.50	6.154e-02	2.390e+00	4.522e-01
145245.50	7.411e-02	2.592e+00	1.392e-01
145246.50	7.718e-03	3.946e-01	-1.862e-01
145247.50	4.042e-02	1.930e+00	1.459e+00
145248.50	1.949e-02	1.315e+00	-6.461e-01
145249.50	5.923e-02	2.285e+00	-3.696e-01
145250.50	3.475e-02	1.402e+00	7.507e-01
145251.50	3.158e-02	1.037e+00	-4.742e-01
145252.50	6.528e-02	1.603e+00	-6.019e-01
145253.50	8.707e-02	1.594e+00	1.392e-01
145254.50	1.872e-02	1.248e+00	6.374e-01
145255.50	3.936e-04	1.027e+00	-4.858e-01
145256.50	5.261e-02	1.507e+00	4.579e-01
145257.50	4.109e-02	1.392e+00	-3.370e-01
145258.50	4.896e-02	1.104e+00	-6.278e-01
145259.50	3.302e-02	1.258e+00	2.899e-01
145260.50	2.035e-02	1.018e+00	1.344e+00
145261.50	2.544e-02	8.515e-01	-1.459e-01
145262.50	4.714e-02	1.469e+00	-8.381e-02
145263.50	3.754e-02	6.067e-01	1.008e-01
145264.50	1.152e-02	7.603e-01	-2.054e-01
145265.50	5.990e-03	1.238e+00	1.661e-01
145266.50	3.763e-02	9.542e-01	-6.490e-01
145267.50	1.258e-02	6.374e-01	1.459e-01
145268.50	3.264e-02	1.334e+00	4.666e-01
145269.50	2.726e-02	5.242e-01	-2.074e-01
145270.50	4.186e-02	7.171e-01	2.890e-02
145271.50	3.744e-02	1.200e+00	-5.904e-01
145272.50	2.170e-02	5.923e-01	-2.726e-01
145273.50	2.323e-02	7.027e-01	-1.440e-01
145274.50	2.909e-02	1.046e+00	4.234e-01
145275.50	2.016e-02	3.360e-01	-2.803e-01
145276.50	3.091e-02	1.037e+00	-5.290e-01
145277.50	3.686e-03	6.605e-01	6.960e-01
145278.50	-2.938e-03	2.832e-01	-4.320e-01
145279.50	-1.037e-02	-5.597e-01	-5.866e-01
145280.50	3.686e-02	8.074e-01	-2.294e-01
145281.50	1.363e-02	4.800e-01	2.170e-01
145282.50	1.190e-02	4.762e-01	1.843e-01
145283.50	1.968e-02	4.810e-01	-1.354e-02
145284.50	2.957e-02	8.861e-01	-2.861e-01
145285.50	2.534e-02	8.630e-01	4.109e-01
145286.50	-2.755e-04	1.997e-01	7.574e-02
145287.50	1.181e-02	4.474e-01	-2.093e-02
145288.50	2.294e-02	8.726e-01	-3.619e-03
145289.50	1.882e-03	1.392e-01	-2.141e-01
145290.50	-1.670e-02	-4.387e-01	5.981e-03
145291.50	4.522e-03	3.658e-01	2.314e-01
145292.50	4.166e-03	2.352e-01	9.293e-02
145293.50	-9.533e-03	-4.214e-01	3.322e-01
145294.50	1.296e-02	7.046e-01	2.314e-01
145295.50	1.210e-02	3.514e-01	-1.104e-01
145296.50	2.208e-02	2.506e-01	2.083e-02
145297.50	-1.037e-02	4.714e-01	-1.056e-01
145298.50	2.438e-03	2.160e-02	-7.901e-02
145299.50	9.792e-03	3.859e-01	1.709e-01
145300.50	-1.306e-02	-2.477e-01	-3.168e-01
145301.50	4.973e-03	3.658e-01	-1.008e-01
145302.50	8.525e-03	2.285e-01	-1.536e-02
145303.50	-4.358e-03	-1.229e-01	2.784e-01
145304.50	1.843e-02	6.163e-01	-8.506e-02
145305.50	-1.296e-02	7.248e-02	2.736e-01
145306.50	4.272e-03	2.275e-01	-1.517e-01
145307.50	2.083e-02	3.254e-01	1.190e-01
145308.50	1.718e-02	1.066e-01	-4.003e-01
145309.50	4.531e-03	9.149e-02	-2.419e-01
145310.50	9.168e-03	3.926e-01	4.483e-02
145311.50	1.123e-02	4.723e-01	2.390e-01
145312.50	-2.102e-03	7.267e-02	5.184e-01
145313.50	-9.984e-03	-3.254e-01	-1.056e-01
145314.50	6.941e-03	1.622e-01	-3.830e-01
145315.50	9.235e-03	2.477e-01	1.776e-01
145316.50	7.930e-03	1.277e-01	-6.797e-02
145317.50	1.478e-03	1.574e-01	4.416e-01
145318.50	8.054e-03	4.666e-01	2.218e-01
145319.50	-6.998e-03	-2.669e-01	-2.688e-01
145320.50	-5.261e-03	-2.122e-01	-2.832e-01
145321.50	-1.306e-03	-4.886e-02	1.834e-01
145322.50	8.851e-03	2.909e-01	-2.083e-01
145323.50	8.064e-03	2.611e-01	-2.160e-01
145324.50	-4.781e-03	3.139e-03	3.456e-01
145325.50	7.680e-03	3.677e-01	1.075e-01
145326.50	-5.683e-03	-3.648e-01	-1.507e-01
145327.50	1.584e-03	-5.318e-02	-2.083e-01
145328.50	1.718e-02	5.021e-01	-6.566e-02
145329.50	-1.152e-02	-2.160e-01	6.902e-02
145330.50	2.410e-04	2.294e-02	2.534e-01
145331.50	1.181e-02	4.157e-01	-8.525e-02
145332.50	1.805e-03	9.101e-02	8.832e-02
145333.50	5.117e-03	2.093e-01	5.510e-02
145334.50	-6.941e-03	-1.085e-01	-4.733e-02
145335.50	3.254e-03	2.707e-03	-5.328e-02
145336.50	4.013e-03	1.344e-01	4.282e-01
145337.50	-3.725e-03	-3.619e-02	1.325e-01
145338.50	2.246e-03	8.016e-02	-4.061e-01
145339.50	-1.181e-02	-2.448e-01	4.666e-02
145340.50	5.914e-03	1.747e-01	1.738e-01
145341.50	7.968e-03	2.986e-01	2.477e-01
145342.50	1.795e-03	1.267e-01	-9.984e-02
145343.50	1.046e-02	1.526e-01	-1.565e-01
145344.50	1.939e-02	3.494e-01	-2.160e-01
145345.50	2.784e-03	5.069e-02	1.190e-01
145346.50	-1.555e-02	-2.458e-01	2.093e-01
145347.50	3.907e-03	-2.362e-02	-2.669e-01
145348.50	6.557e-03	1.814e-01	-1.123e-01
145349.50	-2.150e-03	-3.206e-02	-1.315e-01
145350.50	-6.605e-03	-1.286e-01	-1.642e-01
145351.50	-4.224e-03	-1.296e-01	-7.603e-02
145352.50	1.277e-02	2.794e-01	-3.168e-02
145353.50	1.728e-02	3.312e-01	-1.901e-01
145354.50	-3.638e-03	-9.456e-02	2.582e-01
145355.50	-6.950e-03	-1.853e-01	5.021e-02
145356.50	6.336e-03	2.170e-01	1.354e-01
145357.50	-2.995e-03	-8.035e-02	-3.062e-02
145358.50	2.976e-04	1.930e-01	1.882e-01
145359.50	9.696e-03	3.302e-01	-4.080e-02
145360.50	-8.304e-03	-3.802e-01	-1.190e-01
145361.50	-5.194e-03	-7.334e-02	3.542e-01
145362.50	5.155e-03	2.054e-01	1.306e-01
145363.50	6.163e-03	1.661e-01	1.450e-01
145364.50	-1.238e-03	-3.264e-02	-2.467e-01
145365.50	-6.739e-03	-9.888e-02	3.302e-02
145366.50	-6.067e-03	-2.141e-01	9.792e-02
145367.50	7.114e-03	1.651e-01	-1.402e-01
145368.50	4.656e-03	1.296e-01	-3.341e-02
145369.50	1.008e-02	2.602e-01	-2.371e-01
145370.50	7.066e-03	1.651e-01	5.011e-02
145371.50	-1.306e-03	-9.571e-02	-1.728e-01
145372.50	4.838e-03	1.574e-01	5.165e-01
145373.50	4.301e-03	-5.866e-02	-1.632e-01
145374.50	-1.248e-03	-8.678e-02	-1.046e-01
145375.50	2.410e-03	1.603e-01	2.534e-01
145376.50	1.526e-03	-2.870e-02	1.776e-01
145377.50	-2.995e-03	-3.293e-02	1.997e-01
145378.50	1.248e-02	1.690e-01	-2.294e-01
145379.50	6.125e-03	1.882e-01	-1.978e-01
145380.50	-5.568e-03	-1.910e-01	-3.398e-02
145381.50	2.390e-04	-9.792e-02	8.333e-02
145382.50	-2.362e-02	-7.997e-03	3.379e-01
145383.50	-5.155e-03	-9.245e-02	-1.066e-01
145384.50	1.354e-03	9.792e-02	-2.544e-02
145385.50	2.947e-03	2.179e-01	3.581e-01
145386.50	5.011e-04	-3.696e-02	-3.235e-03
145387.50	-7.690e-03	-1.219e-01	-2.333e-02
145388.50	1.046e-02	1.910e-01	4.733e-02
145389.50	1.853e-03	5.050e-02	-6.384e-02
145390.50	2.803e-03	7.450e-02	-5.626e-02
145391.50	-2.285e-03	2.736e-02	1.469e-01
145392.50	1.910e-03	8.102e-02	1.085e-02
145393.50	-3.562e-03	1.766e-03	-1.286e-02
145394.50	6.365e-04	-1.018e-01	-5.760e-02
145395.50	6.038e-03	1.613e-01	-1.267e-01
145396.50	-8.611e-05	-7.219e-02	5.357e-02
145397.50	7.421e-04	6.000e-02	-3.907e-02
145398.50	1.018e-03	9.888e-03	1.123e-01
145399.50	4.166e-03	7.728e-02	-1.622e-01
145400.50	-7.603e-04	6.384e-02	1.075e-02
145401.50	-2.410e-03	-8.189e-02	5.040e-02
145402.50	-3.965e-04	-5.222e-02	1.834e-01
145403.50	3.936e-03	-2.573e-02	-2.976e-01
145404.50	4.118e-03	9.696e-02	-2.237e-01
145405.50	7.037e-03	1.795e-01	-1.411e-01
145406.50	-5.261e-03	-1.325e-01	-7.632e-02
145407.50	-5.693e-03	-5.539e-02	1.651e-01
145408.50	-4.906e-03	-2.074e-01	-3.715e-03
145409.50	9.600e-03	2.294e-01	2.995e-02
145410.50	5.098e-03	3.485e-02	-6.634e-02
145411.50	-2.016e-03	-2.995e-02	5.098e-03
145412.50	-2.813e-03	1.104e-03	1.469e-01
145413.50	1.181e-03	5.731e-02	-1.248e-02
145414.50	-2.006e-03	3.744e-03	-1.747e-02
145415.50	-3.629e-03	-6.960e-02	1.622e-03
145416.50	2.083e-03	-4.301e-02	-2.966e-01
145417.50	3.178e-03	9.437e-03	3.485e-02
145418.50	2.218e-03	7.488e-02	-9.072e-02
145419.50	-4.867e-03	-1.238e-02	6.298e-02
145420.50	6.336e-05	2.909e-02	-4.435e-02
145421.50	5.270e-02	1.430e-01	1.997e-02
145422.50	2.765e-01	2.438e-01	1.987e-01
145423.50	2.602e-03	7.978e-02	2.640e-02
145424.50	-4.810e-04	-9.485e-02	-3.542e-02
145425.50	-3.782e-03	-6.576e-02	9.389e-02
145426.50	7.718e-03	1.680e-01	-5.357e-02
145427.50	-2.419e-03	4.262e-02	-5.645e-02
145428.50	-3.302e-03	-4.301e-02	4.954e-02
145429.50	-6.499e-03	4.320e-02	-1.997e-02
145430.50	6.163e-03	2.400e-01	6.096e-02
145431.50	2.458e-03	2.486e-02	4.714e-02
145432.50	-2.333e-03	-2.102e-02	3.494e-02
145433.50	-2.064e-02	-2.381e-01	1.296e-01
145434.50	-1.229e-03	-1.834e-01	4.733e-02
145435.50	-3.274e-03	-4.262e-02	2.429e-02
145436.50	3.043e-03	1.498e-01	7.987e-03
145437.50	-5.299e-03	-6.422e-02	1.315e-03
145438.50	8.362e-03	3.082e-02	9.245e-02
145439.50	-5.683e-03	-1.642e-01	4.358e-02
145440.50	6.470e-03	1.872e-01	-1.094e-01
145441.50	-5.482e-04	-3.322e-02	5.251e-02
145442.50	2.678e-04	-1.363e-01	1.939e-03
145443.50	5.318e-04	-1.546e-02	-9.792e-03
145444.50	6.346e-03	6.490e-02	-1.642e-01
145445.50	-6.134e-03	-8.957e-02	-1.757e-01
145446.50	5.962e-03	9.696e-02	-5.482e-02
145447.50	6.816e-03	-3.811e-02	-1.046e-01
145448.50	-4.522e-03	-2.880e-01	-3.418e-02
145449.50	1.114e-03	-3.850e-02	1.123e-01
145450.50	2.640e-03	1.056e-01	-1.142e-01
145451.50	-6.749e-03	-1.478e-01	4.618e-02
145452.50	2.054e-03	-1.507e-02	9.034e-02
145453.50	-5.309e-03	-1.075e-01	-1.488e-01
145454.50	1.056e-02	1.862e-01	-1.286e-01
145455.50	6.000e-04	-4.762e-02	-3.504e-03
145456.50	7.757e-03	-1.075e-02	8.438e-02
145457.50	-1.613e-03	1.018e-01	3.149e-02
145458.50	-6.029e-03	-5.299e-02	-3.907e-02
145459.50	1.286e-02	2.141e-01	2.429e-01
145460.50	-9.571e-03	-7.718e-02	-5.462e-02
145461.50	5.261e-03	8.957e-02	1.027e-01
145462.50	9.024e-03	1.949e-01	-9.696e-02
145463.50	-8.726e-03	-7.603e-02	-5.357e-02
145464.50	8.765e-03	-4.358e-02	-2.189e-02
145465.50	-6.202e-03	-8.285e-02	-8.054e-02
145466.50	-4.205e-03	-1.210e-01	1.440e-01
145467.50	-4.867e-03	6.470e-02	6.490e-02
145468.50	-5.146e-03	1.094e-01	1.402e-01
145469.50	1.162e-02	7.862e-02	-8.141e-02
145470.50	4.109e-03	8.285e-02	-1.162e-01
145471.50	1.411e-03	-2.294e-02	8.122e-02
145472.50	-5.299e-03	8.832e-02	1.373e-01
145473.50	-6.720e-03	-1.766e-01	5.318e-02
145474.50	1.344e-02	1.565e-01	9.533e-02
145475.50	3.562e-03	4.320e-02	-1.315e-01
145476.50	-9.696e-04	-3.763e-02	-1.075e-01
145477.50	-1.066e-03	-4.109e-02	-6.739e-02
145478.50	-6.624e-04	-2.371e-02	-7.066e-02
145479.50	7.958e-04	1.632e-02	-3.715e-02
145480.50	4.723e-03	-7.680e-02	2.784e-02
145481.50	8.774e-03	-6.470e-02	-8.438e-02
145482.50	2.669e-02	-8.083e-03	4.157e-02
145483.50	-4.848e-03	-1.066e-01	-4.109e-02
145484.50	-3.533e-03	-2.870e-02	-5.088e-02
145485.50	-2.630e-03	4.234e-03	7.258e-02
145486.50	9.504e-04	-2.534e-02	-1.123e-01
145487.50	4.694e-03	2.717e-02	6.077e-02
145488.50	5.405e-03	6.691e-02	7.392e-02
145489.50	-1.277e-03	-8.429e-03	-9.600e-02
145490.50	-3.677e-03	6.077e-03	2.102e-02
145491.50	-4.205e-03	3.437e-02	1.296e-02
145492.50	4.416e-03	9.984e-02	8.477e-02
145493.50	1.939e-03	6.749e-02	-7.786e-02
145494.50	-4.138e-04	-3.667e-02	2.544e-02
145495.50	-1.200e-03	-7.334e-02	-7.882e-02
145496.50	-8.736e-04	9.696e-02	1.238e-01
145497.50	1.699e-02	-4.570e-03	1.661e-01
145498.50	1.843e-02	9.341e-02	8.035e-03
145499.50	2.419e-03	-2.563e-02	4.291e-02
145500.50	4.531e-03	1.258e-02	-3.370e-02
145501.50	-3.379e-02	-1.680e-01	-9.206e-02
145502.50	-1.680e-02	-7.738e-04	-1.066e-01
145503.50	1.910e-03	3.686e-02	-5.837e-02
145504.50	2.285e-03	-1.968e-02	-9.408e-02
145505.50	-2.198e-03	1.027e-02	5.472e-02
145506.50	1.210e-03	8.640e-02	2.035e-03
145507.50	-2.198e-05	3.533e-02	1.306e-01
145508.50	9.792e-04	3.264e-02	4.704e-02
145509.50	-4.224e-04	3.725e-02	1.709e-02
145510.50	5.779e-03	6.336e-02	-4.800e-02
145511.50	2.986e-03	9.888e-02	5.386e-02
145512.50	-3.552e-03	-6.000e-02	1.738e-03
145513.50	-5.635e-04	-5.558e-02	6.077e-02
145514.50	2.928e-03	6.163e-02	4.723e-02
145515.50	-9.014e-04	-4.013e-02	-1.354e-01
145516.50	-4.694e-03	-7.219e-02	-6.730e-02
145517.50	-2.102e-04	-4.723e-02	3.754e-02
145518.50	-1.910e-03	-2.227e-02	-7.056e-02
145519.50	-1.642e-03	-1.306e-02	-1.296e-03
145520.50	2.438e-03	9.034e-02	-6.298e-03
145521.50	-8.246e-04	-3.120e-02	9.264e-02
145522.50	2.477e-03	5.587e-02	-4.694e-02
145523.50	8.035e-03	1.680e-01	3.149e-02
145524.50	3.216e-04	-2.678e-02	3.552e-02
145525.50	-2.794e-03	-8.707e-02	9.456e-02
145526.50	1.901e-03	6.912e-02	-1.210e-01
145527.50	3.869e-03	1.190e-01	-1.450e-01
145528.50	-9.187e-03	-1.920e-01	-1.315e-01
145529.50	-2.918e-03	-2.842e-02	-4.790e-02
145530.50	-3.562e-03	-1.478e-01	1.037e-01
145531.50	5.117e-04	5.318e-02	-5.808e-02
145532.50	-6.259e-03	-9.168e-02	-1.901e-02
145533.50	-8.726e-03	-2.016e-02	1.795e-01
145534.50	-3.840e-04	8.208e-02	8.227e-03
145535.50	4.512e-03	-8.189e-03	6.125e-02
145536.50	3.696e-03	2.630e-03	-6.173e-02
145537.50	8.707e-04	8.246e-03	9.446e-02
145538.50	-3.005e-04	9.024e-03	-9.197e-03
145539.50	-7.728e-04	-2.563e-02	2.266e-02
145540.50	1.450e-03	3.264e-02	3.389e-02
145541.50	4.474e-03	7.402e-02	-3.734e-03
145542.50	1.488e-03	-3.197e-03	7.978e-02
145543.50	-2.534e-02	3.216e-02	-3.494e-02
145544.50	-2.035e-02	1.315e-02	2.525e-02
145545.50	-2.074e-03	-6.902e-02	-6.192e-03
145546.50	-3.418e-03	-1.190e-01	-6.998e-02
145547.50	-3.158e-03	-7.027e-02	9.792e-02
145548.50	1.814e-03	5.386e-03	-1.238e-01
145549.50	5.827e-04	2.534e-02	5.904e-02
145550.50	4.877e-03	1.430e-01	-2.342e-02
145551.50	-1.680e-03	-4.147e-02	-3.379e-02
145552.50	-4.262e-03	-6.499e-02	-7.459e-02
145553.50	-1.862e-03	-1.661e-02	2.554e-02
145554.50	2.515e-03	-5.722e-03	3.888e-02
145555.50	-1.872e-03	-1.363e-02	1.574e-01
145556.50	6.134e-04	-1.507e-02	2.544e-02
145557.50	-1.344e-03	-6.528e-02	-4.906e-02
145558.50	2.323e-03	8.208e-02	-1.008e-02
145559.50	-4.646e-03	-4.934e-02	-8.294e-02
145560.50	-1.238e-03	-2.621e-02	-1.373e-01
145561.50	1.690e-03	-6.720e-02	2.506e-02
145562.50	4.205e-03	6.355e-02	-4.157e-02
145563.50	3.024e-04	5.155e-02	6.816e-02
145564.50	2.074e-03	4.906e-02	-1.162e-01
145565.50	4.186e-03	4.579e-02	-3.053e-02
145566.50	-3.226e-03	-4.474e-02	7.613e-03
145567.50	-5.059e-03	-1.094e-01	3.974e-02
145568.50	2.995e-03	2.794e-02	-1.795e-02
145569.50	-4.070e-03	4.560e-03	5.338e-03
145570.50	7.181e-04	7.382e-02	-1.315e-03
145571.50	1.114e-03	1.142e-02	-2.035e-02
145572.50	-8.659e-04	-4.080e-02	7.056e-02
145573.50	-2.275e-03	1.843e-02	5.674e-02
145574.50	2.218e-03	5.002e-02	1.258e-02
145575.50	-3.638e-03	-8.026e-02	3.456e-02
145576.50	-2.707e-03	-7.190e-02	1.469e-03
145577.50	1.075e-03	4.666e-02	-6.499e-02
145578.50	1.248e-02	-1.613e-02	-3.014e-02
145579.50	-7.056e-03	-1.920e-02	1.229e-02
145580.50	-3.235e-04	-4.637e-02	-2.198e-02
145581.50	3.725e-03	1.066e-01	1.786e-02
145582.50	-1.661e-03	6.038e-02	4.291e-02
145583.50	1.334e-03	3.600e-02	-8.074e-02
145584.50	-3.552e-03	-1.142e-01	-2.045e-02
145585.50	-9.888e-03	1.286e-02	-1.421e-02
145586.50	-2.486e-03	5.443e-02	3.917e-02
145587.50	-1.085e-03	-4.234e-02	-5.789e-02
145588.50	3.926e-03	1.382e-02	-3.562e-02
145589.50	-1.488e-03	9.696e-03	1.210e-01
145590.50	7.574e-05	-9.581e-03	1.546e-03
145591.50	9.370e-04	2.410e-02	-6.317e-02
145592.50	-5.875e-03	-9.178e-02	-1.546e-02
145593.50	1.978e-03	2.371e-02	-6.557e-02
145594.50	-1.872e-03	-2.390e-02	1.469e-02
145595.50	-8.342e-04	-1.930e-02	-5.597e-03
145596.50	1.613e-03	3.744e-02	8.045e-02
145597.50	3.418e-03	9.792e-03	6.922e-02
145598.50	-6.374e-05	1.085e-01	-2.659e-02
145599.50	-4.349e-03	-3.744e-02	-4.781e-02
145600.50	2.525e-03	1.104e-03	-4.128e-02
145601.50	-2.630e-03	-4.867e-02	2.256e-02
