145003.50	0.000e+00	0.000e+00	0.000e+00
145004.50	0.000e+00	0.000e+00	0.000e+00
145005.50	0.000e+00	0.000e+00	0.000e+00
145006.50	0.000e+00	0.000e+00	0.000e+00
145007.50	0.000e+00	0.000e+00	0.000e+00
145008.50	0.000e+00	0.000e+00	0.000e+00
145009.50	0.000e+00	0.000e+00	0.000e+00
145010.50	0.000e+00	0.000e+00	0.000e+00
145011.50	0.000e+00	0.000e+00	0.000e+00
145012.50	0.000e+00	0.000e+00	0.000e+00
145013.50	0.000e+00	0.000e+00	0.000e+00
145014.50	0.000e+00	0.000e+00	0.000e+00
145015.50	0.000e+00	0.000e+00	0.000e+00
145016.50	0.000e+00	0.000e+00	0.000e+00
145017.50	0.000e+00	0.000e+00	0.000e+00
145018.50	0.000e+00	0.000e+00	0.000e+00
145019.50	0.000e+00	0.000e+00	0.000e+00
145020.50	0.000e+00	0.000e+00	0.000e+00
145021.50	0.000e+00	0.000e+00	0.000e+00
145022.50	0.000e+00	0.000e+00	0.000e+00
145023.50	0.000e+00	0.000e+00	0.000e+00
145024.50	0.000e+00	0.000e+00	0.000e+00
145025.50	0.000e+00	0.000e+00	0.000e+00
145026.50	0.000e+00	0.000e+00	0.000e+00
145027.50	0.000e+00	0.000e+00	0.000e+00
145028.50	0.000e+00	0.000e+00	0.000e+00
145029.50	0.000e+00	0.000e+00	0.000e+00
145030.50	0.000e+00	0.000e+00	0.000e+00
145031.50	0.000e+00	0.000e+00	0.000e+00
145032.50	0.000e+00	0.000e+00	0.000e+00
145033.50	0.000e+00	0.000e+00	0.000e+00
145034.50	0.000e+00	0.000e+00	0.000e+00
145035.50	0.000e+00	0.000e+00	0.000e+00
145036.50	0.000e+00	0.000e+00	0.000e+00
145037.50	0.000e+00	0.000e+00	0.000e+00
145038.50	0.000e+00	0.000e+00	0.000e+00
145039.50	0.000e+00	0.000e+00	0.000e+00
145040.50	0.000e+00	0.000e+00	0.000e+00
145041.50	0.000e+00	0.000e+00	0.000e+00
145042.50	0.000e+00	0.000e+00	0.000e+00
145043.50	0.000e+00	0.000e+00	0.000e+00
145044.50	0.000e+00	0.000e+00	0.000e+00
145045.50	0.000e+00	0.000e+00	0.000e+00
145046.50	0.000e+00	0.000e+00	0.000e+00
145047.50	0.000e+00	0.000e+00	0.000e+00
145048.50	0.000e+00	0.000e+00	0.000e+00
145049.50	0.000e+00	0.000e+00	0.000e+00
145050.50	0.000e+00	0.000e+00	0.000e+00
145051.50	0.000e+00	0.000e+00	0.000e+00
145052.50	0.000e+00	0.000e+00	0.000e+00
145053.50	0.000e+00	0.000e+00	0.000e+00
145054.50	0.000e+00	0.000e+00	0.000e+00
145055.50	0.000e+00	0.000e+00	0.000e+00
145056.50	0.000e+00	0.000e+00	0.000e+00
145057.50	0.000e+00	0.000e+00	0.000e+00
145058.50	0.000e+00	0.000e+00	0.000e+00
145059.50	0.000e+00	0.000e+00	0.000e+00
145060.50	0.000e+00	0.000e+00	0.000e+00
145061.50	0.000e+00	0.000e+00	0.000e+00
145062.50	0.000e+00	0.000e+00	0.000e+00
145063.50	0.000e+00	0.000e+00	0.000e+00
145064.50	0.000e+00	0.000e+00	0.000e+00
145065.50	0.000e+00	0.000e+00	0.000e+00
145066.50	0.000e+00	0.000e+00	0.000e+00
145067.50	0.000e+00	0.000e+00	0.000e+00
145068.50	0.000e+00	0.000e+00	0.000e+00
145069.50	0.000e+00	0.000e+00	0.000e+00
145070.50	0.000e+00	0.000e+00	0.000e+00
145071.50	0.000e+00	0.000e+00	0.000e+00
145072.50	0.000e+00	0.000e+00	0.000e+00
145073.50	0.000e+00	0.000e+00	0.000e+00
145074.50	0.000e+00	0.000e+00	0.000e+00
145075.50	0.000e+00	0.000e+00	0.000e+00
145076.50	0.000e+00	0.000e+00	0.000e+00
145077.50	0.000e+00	0.000e+00	0.000e+00
145078.50	0.000e+00	0.000e+00	0.000e+00
145079.50	0.000e+00	0.000e+00	0.000e+00
145080.50	0.000e+00	0.000e+00	0.000e+00
145081.50	0.000e+00	0.000e+00	0.000e+00
145082.50	0.000e+00	0.000e+00	0.000e+00
145083.50	0.000e+00	0.000e+00	0.000e+00
145084.50	0.000e+00	0.000e+00	0.000e+00
145085.50	0.000e+00	0.000e+00	0.000e+00
145086.50	0.000e+00	0.000e+00	0.000e+00
145087.50	0.000e+00	0.000e+00	0.000e+00
145088.50	0.000e+00	0.000e+00	0.000e+00
145089.50	0.000e+00	0.000e+00	0.000e+00
145090.50	0.000e+00	0.000e+00	0.000e+00
145091.50	0.000e+00	0.000e+00	0.000e+00
145092.50	0.000e+00	0.000e+00	0.000e+00
145093.50	0.000e+00	0.000e+00	0.000e+00
145094.50	0.000e+00	0.000e+00	0.000e+00
145095.50	0.000e+00	0.000e+00	0.000e+00
145096.50	0.000e+00	0.000e+00	0.000e+00
145097.50	0.000e+00	0.000e+00	0.000e+00
145098.50	0.000e+00	0.000e+00	0.000e+00
145099.50	0.000e+00	0.000e+00	0.000e+00
145100.50	0.000e+00	0.000e+00	0.000e+00
145101.50	0.000e+00	0.000e+00	0.000e+00
145102.50	0.000e+00	0.000e+00	0.000e+00
145103.50	0.000e+00	0.000e+00	0.000e+00
145104.50	0.000e+00	0.000e+00	0.000e+00
145105.50	0.000e+00	0.000e+00	0.000e+00
145106.50	0.000e+00	0.000e+00	0.000e+00
145107.50	0.000e+00	0.000e+00	0.000e+00
145108.50	0.000e+00	0.000e+00	0.000e+00
145109.50	0.000e+00	0.000e+00	0.000e+00
145110.50	0.000e+00	0.000e+00	0.000e+00
145111.50	0.000e+00	0.000e+00	0.000e+00
145112.50	0.000e+00	0.000e+00	0.000e+00
145113.50	0.000e+00	0.000e+00	0.000e+00
145114.50	0.000e+00	0.000e+00	0.000e+00
145115.50	0.000e+00	0.000e+00	0.000e+00
145116.50	0.000e+00	0.000e+00	0.000e+00
145117.50	0.000e+00	0.000e+00	0.000e+00
145118.50	0.000e+00	0.000e+00	0.000e+00
145119.50	0.000e+00	0.000e+00	0.000e+00
145120.50	0.000e+00	0.000e+00	0.000e+00
145121.50	0.000e+00	0.000e+00	0.000e+00
145122.50	0.000e+00	0.000e+00	0.000e+00
145123.50	0.000e+00	0.000e+00	0.000e+00
145124.50	0.000e+00	0.000e+00	0.000e+00
145125.50	0.000e+00	0.000e+00	0.000e+00
145126.50	0.000e+00	0.000e+00	0.000e+00
145127.50	0.000e+00	0.000e+00	0.000e+00
145128.50	0.000e+00	0.000e+00	0.000e+00
145129.50	0.000e+00	0.000e+00	0.000e+00
145130.50	0.000e+00	0.000e+00	0.000e+00
145131.50	0.000e+00	0.000e+00	0.000e+00
145132.50	0.000e+00	0.000e+00	0.000e+00
145133.50	0.000e+00	0.000e+00	0.000e+00
145134.50	0.000e+00	0.000e+00	0.000e+00
145135.50	0.000e+00	0.000e+00	0.000e+00
145136.50	0.000e+00	0.000e+00	0.000e+00
145137.50	0.000e+00	0.000e+00	0.000e+00
145138.50	0.000e+00	0.000e+00	0.000e+00
145139.50	0.000e+00	0.000e+00	0.000e+00
145140.50	0.000e+00	0.000e+00	0.000e+00
145141.50	0.000e+00	0.000e+00	0.000e+00
145142.50	0.000e+00	0.000e+00	0.000e+00
145143.50	0.000e+00	0.000e+00	0.000e+00
145144.50	0.000e+00	0.000e+00	0.000e+00
145145.50	0.000e+00	0.000e+00	0.000e+00
145146.50	0.000e+00	0.000e+00	0.000e+00
145147.50	0.000e+00	0.000e+00	0.000e+00
145148.50	0.000e+00	0.000e+00	0.000e+00
145149.50	0.000e+00	0.000e+00	0.000e+00
145150.50	0.000e+00	0.000e+00	0.000e+00
145151.50	0.000e+00	0.000e+00	0.000e+00
145152.50	0.000e+00	0.000e+00	0.000e+00
145153.50	0.000e+00	0.000e+00	0.000e+00
145154.50	0.000e+00	0.000e+00	0.000e+00
145155.50	0.000e+00	0.000e+00	0.000e+00
145156.50	0.000e+00	0.000e+00	0.000e+00
145157.50	0.000e+00	0.000e+00	0.000e+00
145158.50	0.000e+00	0.000e+00	0.000e+00
145159.50	0.000e+00	0.000e+00	0.000e+00
145160.50	0.000e+00	0.000e+00	0.000e+00
145161.50	0.000e+00	0.000e+00	0.000e+00
145162.50	0.000e+00	0.000e+00	0.000e+00
145163.50	0.000e+00	0.000e+00	0.000e+00
145164.50	0.000e+00	0.000e+00	0.000e+00
145165.50	0.000e+00	0.000e+00	0.000e+00
145166.50	0.000e+00	0.000e+00	0.000e+00
145167.50	0.000e+00	0.000e+00	0.000e+00
145168.50	0.000e+00	0.000e+00	0.000e+00
145169.50	0.000e+00	0.000e+00	0.000e+00
145170.50	0.000e+00	0.000e+00	0.000e+00
145171.50	0.000e+00	0.000e+00	0.000e+00
145172.50	-1.882e-05	6.240e-04	-1.824e-03
145173.50	-3.648e-05	-1.075e-03	-7.373e-04
145174.50	-6.490e-04	-3.734e-02	1.286e-02
145175.50	-4.570e-04	-7.498e-02	8.141e-02
145176.50	-9.561e-03	-6.403e-01	2.256e-01
145177.50	-1.219e-01	-6.096e+00	-3.898e-01
145178.50	-2.160e+00	-1.392e+02	4.291e+01
145179.50	-1.018e+01	-6.019e+02	1.411e+02
145180.50	-1.296e+01	-6.528e+02	3.773e+01
145181.50	-4.022e+00	-1.642e+02	-2.765e+01
145182.50	-3.245e-01	5.290e+00	-1.930e+01
145183.50	1.584e+00	8.323e+01	-4.944e+00
145184.50	1.363e+00	8.246e+01	-1.834e+01
145185.50	1.920e+00	9.888e+01	-9.110e+00
145186.50	1.690e+00	9.581e+01	-2.410e+01
145187.50	1.632e+00	8.438e+01	-1.066e+01
145188.50	1.594e+00	7.603e+01	1.613e+00
145189.50	1.296e+00	7.046e+01	-1.306e+01
145190.50	1.162e+00	6.384e+01	-1.152e+01
145191.50	1.277e+00	6.576e+01	-6.941e+00
145192.50	9.984e-01	5.491e+01	-1.085e+01
145193.50	1.027e+00	5.232e+01	-4.790e+00
145194.50	8.707e-01	4.541e+01	-5.539e+00
145195.50	9.696e-01	4.589e+01	-1.046e-01
145196.50	7.392e-01	3.667e+01	-1.546e+00
145197.50	5.299e-01	3.005e+01	-8.218e+00
145198.50	7.488e-01	3.725e+01	-1.939e+00
145199.50	5.846e-01	3.187e+01	-6.451e+00
145200.50	5.818e-01	2.918e+01	-1.373e+00
145201.50	5.146e-01	2.659e+01	-2.054e+00
145202.50	4.886e-01	2.573e+01	-2.602e+00
145203.50	4.522e-01	2.304e+01	-2.400e+00
145204.50	4.646e-01	2.294e+01	-1.392e+00
145205.50	3.446e-01	1.766e+01	-1.526e+00
145206.50	3.725e-01	1.968e+01	-2.870e+00
145207.50	3.446e-01	1.910e+01	-2.429e+00
145208.50	3.802e-01	1.901e+01	-1.046e+00
145209.50	2.755e-01	1.411e+01	-6.941e-01
145210.50	2.842e-01	1.478e+01	-1.171e+00
145211.50	2.803e-01	1.392e+01	-2.275e-01
145212.50	2.246e-01	1.162e+01	-2.035e-01
145213.50	2.573e-01	1.411e+01	-2.794e+00
145214.50	2.390e-01	1.142e+01	8.218e-02
145215.50	2.093e-01	9.283e+00	1.190e+00
145216.50	1.997e-01	1.085e+01	-1.872e+00
145217.50	2.266e-01	1.123e+01	-7.680e-01
145218.50	1.594e-01	8.909e+00	-1.709e+00
145219.50	2.074e-01	1.152e+01	-2.707e+00
145220.50	1.814e-01	7.469e+00	2.122e+00
145221.50	1.133e-01	6.682e+00	-9.792e-01
145222.50	1.565e-01	6.931e+00	2.822e-01
145223.50	1.162e-01	6.144e+00	-3.389e-02
145224.50	1.267e-01	5.808e+00	-4.205e-01
145225.50	1.248e-01	6.288e+00	2.515e-02
145226.50	1.075e-01	5.664e+00	-5.002e-01
145227.50	1.075e-01	5.587e+00	-1.718e-01
145228.50	1.162e-01	6.134e+00	-4.858e-01
145229.50	1.037e-01	4.675e+00	-1.277e-01
145230.50	6.672e-02	3.821e+00	1.795e-02
145231.50	8.074e-02	4.598e+00	-6.912e-01
145232.50	9.514e-02	4.781e+00	-1.344e-01
145233.50	6.221e-02	3.562e+00	-6.048e-02
145234.50	7.738e-02	3.504e+00	4.685e-01
145235.50	9.792e-02	5.174e+00	-8.918e-01
145236.50	8.218e-02	3.677e+00	4.320e-01
145237.50	7.498e-02	3.485e+00	-1.728e-02
145238.50	6.173e-02	3.312e+00	-6.806e-01
145239.50	5.261e-02	3.168e+00	-7.690e-01
145240.50	4.733e-02	3.130e+00	-8.160e-01
145241.50	6.806e-02	2.774e+00	5.242e-01
145242.50	3.830e-02	2.141e+00	3.350e-01
145243.50	5.808e-02	3.178e+00	-3.974e-01
145244.50	2.237e-02	1.603e+00	-3.110e-01
145245.50	5.875e-02	2.554e+00	2.746e-01
145246.50	2.630e-02	1.853e+00	-9.533e-01
145247.50	4.637e-03	1.094e+00	-3.859e-01
145248.50	4.378e-02	2.659e+00	-4.483e-01
145249.50	2.342e-02	1.238e+00	-4.358e-01
145250.50	3.917e-02	1.709e+00	-2.870e-01
145251.50	5.146e-02	2.477e+00	-1.958e-01
145252.50	4.454e-02	2.035e+00	-2.986e-02
145253.50	2.074e-02	9.600e-01	1.334e-01
145254.50	4.176e-02	1.891e+00	4.128e-01
145255.50	4.099e-02	1.968e+00	-1.517e-01
145256.50	1.354e-02	8.563e-01	1.277e-01
145257.50	3.139e-03	7.939e-02	1.661e-02
145258.50	9.312e-03	1.296e+00	-6.000e-01
145259.50	5.222e-02	1.805e+00	3.811e-01
145260.50	2.400e-02	1.238e+00	-5.770e-01
145261.50	3.034e-02	1.402e+00	-5.107e-02
145262.50	1.795e-02	1.027e+00	3.331e-01
145263.50	2.755e-02	1.104e+00	6.077e-01
145264.50	1.776e-02	4.118e-01	7.133e-01
145265.50	3.226e-02	1.843e+00	-1.882e-01
145266.50	2.333e-03	7.709e-01	-5.750e-01
145267.50	4.051e-03	8.198e-01	-7.651e-01
145268.50	4.243e-03	5.962e-01	-8.611e-01
145269.50	2.102e-02	6.758e-01	2.765e-01
145270.50	2.410e-02	1.104e+00	1.382e-01
145271.50	7.814e-03	7.402e-01	-5.261e-01
145272.50	-9.523e-03	6.701e-01	-9.456e-01
145273.50	1.546e-02	6.835e-01	1.661e-01
145274.50	1.267e-02	7.248e-01	-5.856e-01
145275.50	1.373e-02	6.653e-01	4.330e-02
145276.50	3.456e-02	9.370e-01	5.856e-01
145277.50	1.104e-03	-1.997e-01	2.813e-01
145278.50	9.590e-03	4.733e-01	-3.206e-01
145279.50	2.400e-03	2.621e-01	2.726e-02
145280.50	1.536e-02	8.333e-01	1.037e-01
145281.50	8.842e-03	6.989e-01	-2.544e-01
145282.50	1.181e-02	6.941e-01	-2.323e-01
145283.50	9.139e-03	1.661e-01	2.947e-01
145284.50	-1.786e-03	-2.573e-04	5.232e-02
145285.50	1.018e-02	7.421e-01	-3.648e-01
145286.50	1.421e-02	2.294e-01	4.282e-01
145287.50	1.930e-02	6.979e-01	-5.712e-01
145288.50	-1.037e-02	-2.304e-01	-2.218e-01
145289.50	1.642e-02	5.578e-01	2.525e-01
145290.50	1.507e-02	5.779e-01	1.171e-01
145291.50	-1.325e-03	5.078e-01	-4.013e-01
145292.50	-7.757e-03	2.150e-01	-2.880e-01
145293.50	2.707e-03	2.784e-01	-4.022e-02
145294.50	2.314e-03	3.091e-01	3.293e-01
145295.50	3.907e-03	1.421e-01	1.354e-01
145296.50	2.736e-02	7.920e-01	1.210e-01
145297.50	7.037e-03	4.800e-01	-1.565e-01
145298.50	8.218e-03	5.654e-01	-9.370e-02
145299.50	-7.162e-04	2.304e-02	-5.386e-02
145300.50	-9.984e-03	1.306e-03	-1.747e-01
145301.50	1.949e-03	8.976e-02	3.331e-01
145302.50	8.640e-03	8.976e-02	2.755e-01
145303.50	1.056e-02	5.155e-01	-1.805e-02
145304.50	1.363e-02	6.749e-01	2.045e-01
145305.50	2.486e-03	2.698e-01	-2.160e-01
145306.50	-1.382e-03	-5.578e-02	1.200e-01
145307.50	-7.200e-03	8.784e-02	-4.358e-01
145308.50	-1.334e-02	-1.526e-01	-1.613e-01
145309.50	2.381e-02	4.301e-01	3.965e-01
145310.50	-2.227e-02	-2.016e-01	-9.696e-01
145311.50	-3.408e-03	9.792e-02	-4.147e-01
145312.50	-1.546e-03	-1.853e-01	2.189e-01
145313.50	-8.179e-03	-8.045e-02	2.544e-01
145314.50	6.528e-03	4.195e-01	-1.421e-01
145315.50	-4.608e-03	5.280e-03	-2.726e-01
145316.50	-1.315e-03	1.344e-01	-1.190e-01
145317.50	1.219e-02	3.821e-01	9.600e-02
145318.50	1.037e-03	2.381e-01	1.795e-02
145319.50	1.114e-02	4.272e-01	-5.981e-02
145320.50	5.674e-03	3.648e-01	-8.304e-03
145321.50	7.565e-03	1.651e-02	3.062e-02
145322.50	1.123e-02	4.464e-02	3.485e-01
145323.50	-2.266e-03	-3.014e-02	2.419e-01
145324.50	1.152e-02	3.130e-01	9.984e-02
145325.50	-3.293e-03	1.459e-01	-1.363e-01
145326.50	9.696e-03	2.054e-01	1.594e-01
145327.50	8.362e-03	3.043e-01	-1.238e-01
145328.50	-8.122e-03	1.258e-01	-1.930e-01
145329.50	5.261e-03	1.958e-01	-1.834e-01
145330.50	-1.142e-02	-4.704e-01	1.133e-01
145331.50	1.018e-02	1.565e-01	1.258e-01
145332.50	1.094e-02	4.234e-02	3.101e-01
145333.50	5.952e-03	1.997e-01	2.371e-01
145334.50	-1.498e-04	-5.203e-02	6.826e-02
145335.50	3.571e-03	1.046e-01	-6.778e-02
145336.50	1.210e-02	3.744e-01	1.430e-02
145337.50	-6.346e-03	2.429e-02	-9.110e-02
145338.50	-4.618e-03	-1.920e-01	9.427e-02
145339.50	1.229e-02	1.584e-01	5.491e-01
145340.50	-5.126e-05	9.696e-02	-1.478e-01
145341.50	4.694e-03	3.360e-01	-2.112e-02
145342.50	-2.304e-03	-8.899e-03	-2.170e-01
145343.50	-3.629e-03	-1.901e-01	2.890e-02
145344.50	2.976e-03	3.850e-01	-1.478e-01
145345.50	3.850e-05	1.315e-01	1.037e-02
145346.50	-3.629e-03	-1.843e-02	-5.261e-02
145347.50	-4.234e-03	-2.160e-02	-2.525e-01
145348.50	-1.728e-03	-8.659e-02	8.246e-02
145349.50	-1.411e-02	-2.429e-01	-1.862e-01
145350.50	3.648e-03	1.229e-01	-1.718e-01
145351.50	-3.706e-03	1.459e-01	-6.528e-02
145352.50	-6.643e-03	6.422e-02	-1.440e-01
145353.50	1.632e-02	2.179e-01	3.370e-01
145354.50	1.114e-02	2.525e-01	1.891e-01
145355.50	-4.176e-03	-1.632e-03	4.800e-02
145356.50	-5.827e-03	-2.842e-01	-5.318e-02
145357.50	8.602e-03	3.830e-01	1.949e-01
145358.50	6.730e-03	1.094e-01	1.949e-01
145359.50	-1.123e-02	-2.438e-01	-1.642e-01
145360.50	1.315e-03	3.610e-02	-3.053e-01
145361.50	8.525e-04	2.880e-01	-1.344e-01
145362.50	-4.195e-03	8.448e-03	-1.152e-01
145363.50	7.910e-03	3.581e-02	1.152e-01
145364.50	2.419e-03	-1.776e-01	-3.677e-02
145365.50	-1.258e-02	-4.694e-02	-3.475e-03
145366.50	-9.226e-04	-6.691e-02	1.680e-01
145367.50	9.254e-03	1.718e-01	9.408e-02
145368.50	4.301e-03	3.322e-01	-6.883e-02
145369.50	7.651e-03	1.440e-01	-1.219e-02
145370.50	-4.282e-03	-9.552e-02	5.040e-02
145371.50	-5.606e-04	9.158e-02	-7.421e-02
145372.50	-1.171e-02	-3.955e-01	-7.421e-02
145373.50	-1.056e-02	-3.648e-01	-9.398e-02
145374.50	1.814e-03	2.419e-01	-4.819e-02
145375.50	8.045e-03	1.747e-01	1.200e-01
145376.50	6.182e-03	1.133e-01	1.507e-01
145377.50	9.408e-04	1.325e-02	1.171e-01
145378.50	5.510e-03	3.581e-01	-2.112e-01
145379.50	-5.174e-03	-1.315e-01	4.598e-02
145380.50	1.354e-03	1.987e-02	-1.056e-01
145381.50	-1.344e-03	3.811e-02	1.584e-01
145382.50	-4.982e-04	-3.648e-02	1.027e-02
145383.50	-3.197e-03	-1.536e-02	-3.638e-01
145384.50	7.075e-04	5.597e-02	8.544e-02
145385.50	7.066e-03	1.152e-01	2.448e-01
145386.50	-2.275e-03	-5.386e-02	4.560e-02
145387.50	4.186e-03	4.291e-02	8.381e-02
145388.50	-2.150e-03	-1.258e-01	-2.170e-01
145389.50	3.398e-03	-6.643e-02	-1.507e-02
145390.50	8.093e-03	4.176e-01	1.056e-01
145391.50	-2.016e-03	1.267e-01	-4.896e-02
145392.50	-2.131e-03	5.146e-02	-7.152e-02
145393.50	-1.594e-03	-1.594e-01	-4.406e-02
145394.50	-2.669e-04	8.429e-02	1.382e-02
145395.50	2.083e-04	4.714e-03	-3.293e-02
145396.50	5.328e-03	7.786e-02	8.448e-02
145397.50	-1.670e-04	1.392e-01	-3.312e-02
145398.50	-4.157e-04	-1.334e-01	1.757e-01
145399.50	2.438e-03	9.110e-02	-6.672e-02
145400.50	-2.016e-03	-1.123e-01	-1.891e-04
145401.50	1.046e-03	7.939e-02	-1.440e-01
145402.50	-1.978e-03	8.554e-02	-1.104e-01
145403.50	-3.254e-03	-1.747e-01	1.238e-01
145404.50	-7.997e-03	-1.997e-01	1.258e-01
145405.50	-9.216e-04	-2.688e-02	-1.747e-01
145406.50	1.306e-02	3.619e-01	2.544e-01
145407.50	3.571e-03	3.235e-02	3.744e-02
145408.50	1.219e-02	1.046e-01	1.958e-01
145409.50	-3.053e-03	-5.760e-02	-1.238e-01
145410.50	1.901e-02	9.792e-02	6.422e-02
145411.50	-1.133e-02	-1.642e-01	-1.277e-01
145412.50	-9.331e-03	-1.306e-01	-6.509e-02
145413.50	-1.690e-03	-3.994e-02	1.238e-01
145414.50	9.485e-04	5.818e-03	-2.438e-02
145415.50	9.888e-03	4.128e-02	3.389e-02
145416.50	2.621e-03	7.075e-02	-4.915e-02
145417.50	-6.461e-03	-1.286e-01	-5.472e-02
145418.50	-1.738e-03	-3.552e-02	-9.888e-03
145419.50	6.835e-04	4.570e-02	-2.112e-01
145420.50	-2.016e-03	1.162e-01	-1.190e-01
145421.50	1.181e-03	2.688e-02	1.718e-01
145422.50	-5.386e-03	-1.709e-01	4.810e-02
145423.50	4.080e-03	2.035e-01	2.198e-02
145424.50	-1.517e-03	1.411e-02	7.277e-02
145425.50	-4.867e-03	-1.709e-01	-2.035e-02
145426.50	-5.904e-04	5.645e-02	7.459e-03
145427.50	2.150e-02	8.362e-02	9.005e-02
145428.50	3.034e-03	5.184e-02	-7.114e-02
145429.50	2.870e-03	7.421e-02	-1.315e-01
145430.50	-8.314e-04	-1.046e-01	-7.632e-02
145431.50	4.704e-03	2.659e-01	1.978e-02
145432.50	-3.014e-03	-3.523e-02	-4.445e-02
145433.50	4.138e-03	4.762e-02	-1.258e-01
145434.50	-2.198e-02	-9.561e-02	-9.523e-02
145435.50	9.053e-04	1.373e-01	-1.142e-02
145436.50	5.568e-03	3.158e-02	6.480e-02
145437.50	8.870e-03	1.334e-01	3.110e-02
145438.50	-1.603e-02	-2.467e-01	4.522e-02
145439.50	-8.640e-03	-3.053e-01	-2.554e-02
145440.50	-1.469e-02	-2.285e-01	3.984e-02
145441.50	-6.682e-03	2.400e-02	1.066e-01
145442.50	7.402e-03	1.238e-01	3.715e-02
145443.50	-2.755e-03	4.781e-03	-6.346e-02
145444.50	5.251e-03	-7.008e-02	-6.634e-02
145445.50	1.613e-03	2.698e-02	-2.899e-02
145446.50	2.813e-03	7.238e-02	-3.226e-02
145447.50	-1.882e-02	-7.459e-02	-1.181e-01
145448.50	1.277e-02	1.152e-01	-1.901e-02
145449.50	-2.659e-03	4.877e-02	1.075e-01
145450.50	1.123e-02	1.296e-02	-1.440e-01
145451.50	-4.954e-03	3.590e-02	-5.520e-02
145452.50	-1.728e-03	-4.589e-02	6.730e-02
145453.50	3.581e-03	1.603e-01	-4.906e-02
145454.50	8.870e-04	1.056e-01	-6.864e-02
145455.50	6.307e-03	1.027e-01	1.162e-01
145456.50	-4.637e-03	-3.101e-02	9.984e-03
145457.50	7.037e-03	8.035e-02	5.510e-02
145458.50	-5.750e-03	-1.709e-02	-3.370e-02
145459.50	-4.195e-03	-1.766e-03	-4.656e-03
145460.50	-2.294e-03	-8.352e-02	-5.981e-02
145461.50	-5.798e-03	-8.352e-02	1.190e-01
145462.50	1.315e-02	7.258e-04	-8.602e-02
145463.50	-1.440e-02	-6.922e-02	4.858e-02
145464.50	2.122e-02	1.469e-01	-2.803e-02
145465.50	8.746e-03	-7.133e-02	4.877e-02
145466.50	5.501e-04	1.450e-01	6.038e-02
145467.50	-5.789e-04	6.950e-04	-1.776e-01
145468.50	2.045e-02	9.792e-02	-1.219e-01
145469.50	5.549e-03	-1.872e-02	-4.022e-02
145470.50	-1.306e-03	-8.179e-02	1.478e-01
145471.50	8.563e-04	-4.483e-02	-2.275e-01
145472.50	-3.043e-03	-1.181e-01	1.373e-01
145473.50	2.026e-02	1.354e-03	-1.546e-02
145474.50	-1.363e-02	3.610e-02	1.440e-02
145475.50	-3.523e-02	-2.851e-02	-8.678e-02
145476.50	-1.526e-03	-1.402e-02	-1.373e-02
145477.50	-4.147e-03	-1.238e-01	8.314e-02
145478.50	-8.803e-03	2.573e-02	6.384e-02
145479.50	-4.877e-03	1.037e-01	-5.299e-02
145480.50	4.550e-03	1.037e-01	-7.133e-02
145481.50	1.181e-02	2.688e-02	9.130e-02
145482.50	9.014e-03	4.118e-02	3.437e-02
145483.50	-2.304e-05	-8.899e-02	9.542e-02
145484.50	-1.498e-03	2.918e-02	-2.842e-02
145485.50	-2.054e-03	1.613e-02	-9.427e-02
145486.50	2.582e-04	-7.958e-02	8.611e-02
145487.50	5.664e-03	7.354e-02	7.690e-02
145488.50	4.090e-03	1.123e-02	5.366e-04
145489.50	-5.491e-03	-1.267e-01	7.258e-03
145490.50	-2.314e-03	8.102e-02	-1.949e-01
145491.50	-3.158e-03	-1.027e-01	2.342e-02
145492.50	-2.208e-03	7.421e-02	3.456e-03
145493.50	5.203e-03	1.680e-01	3.840e-02
145494.50	2.362e-03	-9.254e-03	-1.997e-02
145495.50	-5.146e-03	-4.176e-02	-4.157e-02
145496.50	-1.142e-02	2.794e-02	-4.349e-02
145497.50	2.054e-03	-4.243e-02	6.307e-02
145498.50	5.290e-04	4.944e-02	-1.229e-01
145499.50	3.139e-03	-1.171e-01	-3.514e-02
145500.50	1.066e-02	5.981e-02	3.926e-02
145501.50	4.483e-03	1.286e-02	2.909e-02
145502.50	-3.667e-04	-7.939e-02	2.602e-02
145503.50	7.651e-03	-8.890e-02	5.837e-02
145504.50	-7.747e-04	4.771e-03	-4.166e-02
145505.50	-5.952e-03	-6.806e-02	3.629e-02
145506.50	-4.272e-03	-1.152e-02	-2.976e-02
145507.50	1.027e-03	8.486e-04	9.792e-02
145508.50	-2.026e-03	1.757e-01	-1.853e-01
145509.50	-4.166e-03	2.285e-02	-3.811e-02
145510.50	-3.859e-03	-7.421e-02	-3.494e-02
145511.50	2.026e-03	8.467e-02	3.168e-02
145512.50	3.245e-03	-2.131e-02	5.069e-02
145513.50	9.062e-04	-3.754e-02	5.693e-02
145514.50	-2.314e-03	-4.867e-02	5.885e-03
145515.50	-1.286e-03	9.034e-02	-8.362e-03
145516.50	-1.114e-03	4.224e-02	1.843e-02
145517.50	-1.229e-03	2.131e-02	5.578e-02
145518.50	6.403e-03	7.661e-02	-4.109e-02
145519.50	1.258e-02	1.075e-01	2.458e-02
145520.50	7.171e-04	6.326e-02	-4.522e-02
145521.50	-1.690e-02	-2.611e-02	9.696e-02
145522.50	6.758e-03	8.371e-02	1.133e-01
145523.50	-1.171e-02	8.016e-03	-3.514e-02
145524.50	2.381e-03	-3.725e-02	6.845e-02
145525.50	-4.829e-03	-5.050e-02	-1.162e-01
145526.50	4.022e-04	1.920e-02	-7.939e-02
145527.50	4.310e-03	1.152e-01	-1.171e-02
145528.50	2.035e-03	8.832e-02	2.006e-02
145529.50	2.035e-04	2.371e-02	-6.710e-02
145530.50	-2.381e-03	-1.248e-01	1.094e-01
145531.50	-1.526e-03	-4.589e-02	-5.894e-02
145532.50	-2.803e-03	-7.555e-02	-2.026e-02
145533.50	-2.131e-03	-5.261e-02	-2.803e-02
145534.50	-7.738e-04	-2.515e-02	1.018e-01
145535.50	1.546e-03	4.234e-02	-4.762e-02
145536.50	2.534e-03	-2.256e-02	-8.880e-03
145537.50	1.354e-03	9.370e-03	4.166e-02
145538.50	-1.968e-03	2.064e-02	-9.696e-02
145539.50	-1.661e-03	-6.106e-02	1.507e-02
145540.50	2.640e-04	1.507e-02	-7.402e-04
145541.50	1.229e-03	-7.901e-02	7.680e-02
145542.50	-3.581e-03	-6.547e-02	-7.085e-02
145543.50	1.526e-03	3.312e-02	-5.626e-03
145544.50	-2.986e-03	-3.101e-02	-8.870e-02
145545.50	-2.640e-03	6.269e-02	2.544e-02
145546.50	-1.142e-03	1.555e-02	1.949e-02
145547.50	-3.552e-03	-3.322e-02	1.085e-02
145548.50	1.008e-02	2.659e-02	4.666e-02
145549.50	-9.226e-03	2.880e-02	-1.066e-01
145550.50	-2.448e-03	-8.218e-02	1.334e-02
145551.50	8.688e-04	-3.312e-02	6.326e-02
145552.50	4.176e-03	2.371e-02	8.256e-02
145553.50	5.184e-03	9.379e-02	1.085e-01
145554.50	-4.339e-03	-7.949e-03	-6.038e-03
145555.50	-2.659e-03	-8.880e-02	-1.853e-02
145556.50	-8.995e-04	-6.278e-02	-6.874e-02
145557.50	-3.821e-04	7.930e-03	-9.590e-02
145558.50	4.646e-03	6.240e-02	6.941e-03
145559.50	-4.637e-04	-4.243e-02	3.024e-02
145560.50	6.307e-04	1.469e-02	1.046e-02
145561.50	4.176e-03	7.555e-02	2.352e-02
145562.50	1.958e-04	-4.042e-02	-3.024e-02
145563.50	2.698e-03	4.224e-02	-9.696e-03
145564.50	9.888e-04	-1.469e-02	-8.525e-03
145565.50	-5.366e-03	-1.392e-01	-7.565e-02
145566.50	1.718e-03	2.266e-02	1.920e-02
145567.50	-6.182e-04	4.358e-02	-6.240e-02
145568.50	4.963e-04	-4.954e-02	1.632e-02
145569.50	-8.390e-04	-1.296e-02	2.784e-03
145570.50	6.470e-03	8.208e-02	1.229e-01
145571.50	2.640e-03	8.045e-02	2.688e-02
145572.50	-1.046e-03	-9.696e-02	-4.474e-02
145573.50	1.046e-03	5.242e-02	-4.906e-03
145574.50	-1.066e-04	3.926e-02	4.118e-02
145575.50	-3.629e-04	4.253e-02	2.352e-03
145576.50	-2.746e-03	6.048e-02	-1.459e-01
145577.50	2.170e-03	-9.475e-03	1.104e-01
145578.50	-1.718e-03	-2.342e-02	-1.334e-02
145579.50	1.046e-03	-1.498e-02	2.630e-02
145580.50	6.355e-06	-6.077e-02	2.016e-02
145581.50	-1.306e-03	-4.406e-02	7.267e-02
145582.50	4.867e-03	-8.995e-03	1.181e-01
145583.50	7.555e-03	2.448e-02	8.736e-02
145584.50	2.717e-03	7.296e-02	-2.813e-02
145585.50	2.784e-03	8.650e-02	8.371e-02
145586.50	-2.640e-03	2.323e-03	-7.958e-02
145587.50	-2.016e-03	-4.723e-02	-7.632e-02
145588.50	-1.882e-03	6.538e-03	-4.349e-02
145589.50	-1.430e-03	-5.088e-02	-5.357e-03
145590.50	1.670e-03	3.878e-02	1.709e-02
145591.50	-9.168e-04	-4.781e-02	-3.197e-02
145592.50	-2.381e-03	-9.350e-02	3.120e-02
145593.50	-1.747e-02	-2.611e-02	-4.646e-02
145594.50	-3.312e-03	-8.016e-05	-1.219e-02
145595.50	7.709e-04	-3.677e-02	1.354e-01
145596.50	-4.752e-03	9.792e-02	-9.437e-02
145597.50	3.130e-03	2.218e-02	1.805e-02
145598.50	3.158e-03	-9.389e-03	7.018e-02
145599.50	-5.702e-03	1.133e-02	2.083e-02
145600.50	3.677e-05	-5.194e-02	-6.586e-02
145601.50	-3.706e-03	-5.635e-02	-9.370e-02
