145003.50	0.000e+00	0.000e+00	0.000e+00
145004.50	0.000e+00	0.000e+00	0.000e+00
145005.50	0.000e+00	0.000e+00	0.000e+00
145006.50	0.000e+00	0.000e+00	0.000e+00
145007.50	0.000e+00	0.000e+00	0.000e+00
145008.50	0.000e+00	0.000e+00	0.000e+00
145009.50	0.000e+00	0.000e+00	0.000e+00
145010.50	0.000e+00	0.000e+00	0.000e+00
145011.50	0.000e+00	0.000e+00	0.000e+00
145012.50	0.000e+00	0.000e+00	0.000e+00
145013.50	0.000e+00	0.000e+00	0.000e+00
145014.50	0.000e+00	0.000e+00	0.000e+00
145015.50	0.000e+00	0.000e+00	0.000e+00
145016.50	0.000e+00	0.000e+00	0.000e+00
145017.50	0.000e+00	0.000e+00	0.000e+00
145018.50	0.000e+00	0.000e+00	0.000e+00
145019.50	0.000e+00	0.000e+00	0.000e+00
145020.50	0.000e+00	0.000e+00	0.000e+00
145021.50	0.000e+00	0.000e+00	0.000e+00
145022.50	0.000e+00	0.000e+00	0.000e+00
145023.50	0.000e+00	0.000e+00	0.000e+00
145024.50	0.000e+00	0.000e+00	0.000e+00
145025.50	0.000e+00	0.000e+00	0.000e+00
145026.50	0.000e+00	0.000e+00	0.000e+00
145027.50	0.000e+00	0.000e+00	0.000e+00
145028.50	0.000e+00	0.000e+00	0.000e+00
145029.50	0.000e+00	0.000e+00	0.000e+00
145030.50	0.000e+00	0.000e+00	0.000e+00
145031.50	0.000e+00	0.000e+00	0.000e+00
145032.50	0.000e+00	0.000e+00	0.000e+00
145033.50	0.000e+00	0.000e+00	0.000e+00
145034.50	0.000e+00	0.000e+00	0.000e+00
145035.50	0.000e+00	0.000e+00	0.000e+00
145036.50	0.000e+00	0.000e+00	0.000e+00
145037.50	0.000e+00	0.000e+00	0.000e+00
145038.50	0.000e+00	0.000e+00	0.000e+00
145039.50	0.000e+00	0.000e+00	0.000e+00
145040.50	0.000e+00	0.000e+00	0.000e+00
145041.50	0.000e+00	0.000e+00	0.000e+00
145042.50	0.000e+00	0.000e+00	0.000e+00
145043.50	0.000e+00	0.000e+00	0.000e+00
145044.50	0.000e+00	0.000e+00	0.000e+00
145045.50	0.000e+00	0.000e+00	0.000e+00
145046.50	0.000e+00	0.000e+00	0.000e+00
145047.50	0.000e+00	0.000e+00	0.000e+00
145048.50	0.000e+00	0.000e+00	0.000e+00
145049.50	0.000e+00	0.000e+00	0.000e+00
145050.50	0.000e+00	0.000e+00	0.000e+00
145051.50	0.000e+00	0.000e+00	0.000e+00
145052.50	0.000e+00	0.000e+00	0.000e+00
145053.50	0.000e+00	0.000e+00	0.000e+00
145054.50	0.000e+00	0.000e+00	0.000e+00
145055.50	0.000e+00	0.000e+00	0.000e+00
145056.50	0.000e+00	0.000e+00	0.000e+00
145057.50	0.000e+00	0.000e+00	0.000e+00
145058.50	0.000e+00	0.000e+00	0.000e+00
145059.50	0.000e+00	0.000e+00	0.000e+00
145060.50	0.000e+00	0.000e+00	0.000e+00
145061.50	0.000e+00	0.000e+00	0.000e+00
145062.50	0.000e+00	0.000e+00	0.000e+00
145063.50	0.000e+00	0.000e+00	0.000e+00
145064.50	0.000e+00	0.000e+00	0.000e+00
145065.50	0.000e+00	0.000e+00	0.000e+00
145066.50	0.000e+00	0.000e+00	0.000e+00
145067.50	0.000e+00	0.000e+00	0.000e+00
145068.50	0.000e+00	0.000e+00	0.000e+00
145069.50	0.000e+00	0.000e+00	0.000e+00
145070.50	0.000e+00	0.000e+00	0.000e+00
145071.50	0.000e+00	0.000e+00	0.000e+00
145072.50	0.000e+00	0.000e+00	0.000e+00
145073.50	0.000e+00	0.000e+00	0.000e+00
145074.50	0.000e+00	0.000e+00	0.000e+00
145075.50	0.000e+00	0.000e+00	0.000e+00
145076.50	0.000e+00	0.000e+00	0.000e+00
145077.50	0.000e+00	0.000e+00	0.000e+00
145078.50	0.000e+00	0.000e+00	0.000e+00
145079.50	0.000e+00	0.000e+00	0.000e+00
145080.50	0.000e+00	0.000e+00	0.000e+00
145081.50	0.000e+00	0.000e+00	0.000e+00
145082.50	0.000e+00	0.000e+00	0.000e+00
145083.50	0.000e+00	0.000e+00	0.000e+00
145084.50	0.000e+00	0.000e+00	0.000e+00
145085.50	0.000e+00	0.000e+00	0.000e+00
145086.50	0.000e+00	0.000e+00	0.000e+00
145087.50	0.000e+00	0.000e+00	0.000e+00
145088.50	0.000e+00	0.000e+00	0.000e+00
145089.50	0.000e+00	0.000e+00	0.000e+00
145090.50	0.000e+00	0.000e+00	0.000e+00
145091.50	0.000e+00	0.000e+00	0.000e+00
145092.50	0.000e+00	0.000e+00	0.000e+00
145093.50	0.000e+00	0.000e+00	0.000e+00
145094.50	0.000e+00	0.000e+00	0.000e+00
145095.50	0.000e+00	0.000e+00	0.000e+00
145096.50	0.000e+00	0.000e+00	0.000e+00
145097.50	0.000e+00	0.000e+00	0.000e+00
145098.50	0.000e+00	0.000e+00	0.000e+00
145099.50	0.000e+00	0.000e+00	0.000e+00
145100.50	0.000e+00	0.000e+00	0.000e+00
145101.50	0.000e+00	0.000e+00	0.000e+00
145102.50	0.000e+00	0.000e+00	0.000e+00
145103.50	0.000e+00	0.000e+00	0.000e+00
145104.50	0.000e+00	0.000e+00	0.000e+00
145105.50	0.000e+00	0.000e+00	0.000e+00
145106.50	0.000e+00	0.000e+00	0.000e+00
145107.50	0.000e+00	0.000e+00	0.000e+00
145108.50	0.000e+00	0.000e+00	0.000e+00
145109.50	0.000e+00	0.000e+00	0.000e+00
145110.50	0.000e+00	0.000e+00	0.000e+00
145111.50	0.000e+00	0.000e+00	0.000e+00
145112.50	0.000e+00	0.000e+00	0.000e+00
145113.50	0.000e+00	0.000e+00	0.000e+00
145114.50	0.000e+00	0.000e+00	0.000e+00
145115.50	0.000e+00	0.000e+00	0.000e+00
145116.50	0.000e+00	0.000e+00	0.000e+00
145117.50	0.000e+00	0.000e+00	0.000e+00
145118.50	0.000e+00	0.000e+00	0.000e+00
145119.50	0.000e+00	0.000e+00	0.000e+00
145120.50	0.000e+00	0.000e+00	0.000e+00
145121.50	0.000e+00	0.000e+00	0.000e+00
145122.50	0.000e+00	0.000e+00	0.000e+00
145123.50	0.000e+00	0.000e+00	0.000e+00
145124.50	0.000e+00	0.000e+00	0.000e+00
145125.50	0.000e+00	0.000e+00	0.000e+00
145126.50	0.000e+00	0.000e+00	0.000e+00
145127.50	0.000e+00	0.000e+00	0.000e+00
145128.50	0.000e+00	0.000e+00	0.000e+00
145129.50	0.000e+00	0.000e+00	0.000e+00
145130.50	0.000e+00	0.000e+00	0.000e+00
145131.50	0.000e+00	0.000e+00	0.000e+00
145132.50	0.000e+00	0.000e+00	0.000e+00
145133.50	0.000e+00	0.000e+00	0.000e+00
145134.50	0.000e+00	0.000e+00	0.000e+00
145135.50	0.000e+00	0.000e+00	0.000e+00
145136.50	0.000e+00	0.000e+00	0.000e+00
145137.50	0.000e+00	0.000e+00	0.000e+00
145138.50	0.000e+00	0.000e+00	0.000e+00
145139.50	0.000e+00	0.000e+00	0.000e+00
145140.50	0.000e+00	0.000e+00	0.000e+00
145141.50	0.000e+00	0.000e+00	0.000e+00
145142.50	0.000e+00	0.000e+00	0.000e+00
145143.50	0.000e+00	0.000e+00	0.000e+00
145144.50	0.000e+00	0.000e+00	0.000e+00
145145.50	0.000e+00	0.000e+00	0.000e+00
145146.50	0.000e+00	0.000e+00	0.000e+00
145147.50	0.000e+00	0.000e+00	0.000e+00
145148.50	0.000e+00	0.000e+00	0.000e+00
145149.50	0.000e+00	0.000e+00	0.000e+00
145150.50	0.000e+00	0.000e+00	0.000e+00
145151.50	0.000e+00	0.000e+00	0.000e+00
145152.50	0.000e+00	0.000e+00	0.000e+00
145153.50	0.000e+00	0.000e+00	0.000e+00
145154.50	0.000e+00	0.000e+00	0.000e+00
145155.50	0.000e+00	0.000e+00	0.000e+00
145156.50	0.000e+00	0.000e+00	0.000e+00
145157.50	0.000e+00	0.000e+00	0.000e+00
145158.50	0.000e+00	0.000e+00	0.000e+00
145159.50	0.000e+00	0.000e+00	0.000e+00
145160.50	0.000e+00	0.000e+00	0.000e+00
145161.50	0.000e+00	0.000e+00	0.000e+00
145162.50	0.000e+00	0.000e+00	0.000e+00
145163.50	0.000e+00	0.000e+00	0.000e+00
145164.50	0.000e+00	0.000e+00	0.000e+00
145165.50	0.000e+00	0.000e+00	0.000e+00
145166.50	0.000e+00	0.000e+00	0.000e+00
145167.50	0.000e+00	0.000e+00	0.000e+00
145168.50	0.000e+00	0.000e+00	0.000e+00
145169.50	0.000e+00	0.000e+00	0.000e+00
145170.50	0.000e+00	0.000e+00	0.000e+00
145171.50	0.000e+00	0.000e+00	0.000e+00
145172.50	0.000e+00	0.000e+00	0.000e+00
145173.50	0.000e+00	0.000e+00	0.000e+00
145174.50	0.000e+00	0.000e+00	0.000e+00
145175.50	0.000e+00	0.000e+00	0.000e+00
145176.50	2.986e-07	-6.365e-05	3.696e-05
145177.50	-5.741e-05	-2.506e-03	2.650e-03
145178.50	-2.707e-05	1.037e-03	2.054e-04
145179.50	1.373e-04	1.469e-04	-3.043e-03
145180.50	4.128e-04	-7.094e-03	-5.654e-03
145181.50	3.427e-04	-3.120e-02	2.179e-03
145182.50	7.594e-03	-1.373e-01	-1.651e-01
145183.50	2.006e-02	-2.784e+00	1.277e+00
145184.50	1.219e+00	-6.461e+01	2.726e+00
145185.50	5.222e+00	-2.304e+02	-1.382e+01
145186.50	1.075e+01	-4.502e+02	-3.302e+01
145187.50	1.104e+01	-4.445e+02	-2.909e+01
145188.50	1.094e+01	-3.725e+02	-6.701e+01
145189.50	4.493e+00	-1.296e+02	-3.043e+01
145190.50	7.594e-01	-1.094e+01	-2.064e-01
145191.50	-5.645e-01	2.448e+01	1.286e+01
145192.50	-2.045e+00	8.141e+01	1.450e+01
145193.50	-1.891e+00	9.168e+01	-8.890e-01
145194.50	-2.390e+00	9.514e+01	1.046e+01
145195.50	-2.122e+00	8.534e+01	8.227e+00
145196.50	-2.390e+00	9.187e+01	9.561e+00
145197.50	-2.102e+00	7.824e+01	1.066e+01
145198.50	-2.266e+00	8.352e+01	1.066e+01
145199.50	-1.766e+00	6.883e+01	5.242e+00
145200.50	-1.718e+00	6.528e+01	6.269e+00
145201.50	-1.248e+00	5.846e+01	-3.370e+00
145202.50	-1.325e+00	5.645e+01	2.813e-01
145203.50	-1.536e+00	5.568e+01	7.344e+00
145204.50	-1.123e+00	4.685e+01	1.018e+00
145205.50	-1.344e+00	4.483e+01	8.870e+00
145206.50	-9.600e-01	4.070e+01	5.414e-01
145207.50	-1.123e+00	3.715e+01	7.315e+00
145208.50	-8.544e-01	3.187e+01	3.782e+00
145209.50	-7.248e-01	3.110e+01	-4.022e-01
145210.50	-7.987e-01	2.995e+01	3.034e+00
145211.50	-7.325e-01	2.755e+01	2.371e+00
145212.50	-6.394e-01	2.381e+01	2.506e+00
145213.50	-7.267e-01	2.438e+01	4.282e+00
145214.50	-6.970e-01	2.669e+01	1.622e+00
145215.50	-6.298e-01	2.342e+01	1.949e+00
145216.50	-4.474e-01	1.901e+01	-3.456e-01
145217.50	-4.522e-01	1.661e+01	2.035e+00
145218.50	-5.472e-01	1.920e+01	2.400e+00
145219.50	-4.032e-01	1.402e+01	2.352e+00
145220.50	-3.811e-01	1.622e+01	-3.014e-01
145221.50	-4.387e-01	1.526e+01	1.958e+00
145222.50	-4.464e-01	1.498e+01	2.467e+00
145223.50	-3.254e-01	1.142e+01	1.795e+00
145224.50	-4.061e-01	1.440e+01	1.757e+00
145225.50	-2.947e-01	1.085e+01	9.571e-01
145226.50	-2.285e-01	1.037e+01	-5.357e-01
145227.50	-2.957e-01	1.037e+01	1.315e+00
145228.50	-2.794e-01	1.046e+01	6.326e-01
145229.50	-2.794e-01	8.592e+00	2.035e+00
145230.50	-1.690e-01	7.968e+00	-7.037e-01
145231.50	-1.978e-01	7.027e+00	6.960e-01
145232.50	-2.102e-01	6.960e+00	1.536e+00
145233.50	-2.534e-01	7.651e+00	1.987e+00
145234.50	-1.478e-01	6.432e+00	-1.901e-01
145235.50	-2.410e-01	7.843e+00	1.507e+00
145236.50	-1.728e-01	6.883e+00	1.037e-01
145237.50	-2.314e-01	6.192e+00	2.592e+00
145238.50	-1.498e-01	4.886e+00	9.984e-01
145239.50	-1.334e-01	5.328e+00	8.890e-02
145240.50	-1.344e-01	5.386e+00	-4.858e-02
145241.50	-1.325e-01	3.869e+00	9.600e-01
145242.50	-1.258e-01	5.616e+00	-2.870e-01
145243.50	-1.334e-01	4.013e+00	1.190e+00
145244.50	-9.341e-02	2.957e+00	2.842e-01
145245.50	-9.792e-02	3.754e+00	3.091e-01
145246.50	-1.200e-01	3.677e+00	1.027e+00
145247.50	-9.043e-02	4.051e+00	-3.917e-01
145248.50	-7.507e-02	2.976e+00	-5.146e-02
145249.50	-1.142e-01	4.301e+00	5.280e-02
145250.50	-1.056e-01	3.878e+00	3.734e-01
145251.50	-9.696e-02	3.341e+00	2.938e-01
145252.50	-8.112e-02	3.101e+00	7.440e-02
145253.50	-8.544e-02	3.379e+00	5.626e-02
145254.50	-4.358e-02	2.314e+00	-2.246e-01
145255.50	-9.437e-02	2.698e+00	9.533e-01
145256.50	-7.814e-02	2.362e+00	2.602e-01
145257.50	-8.947e-02	2.794e+00	4.416e-01
145258.50	-8.054e-02	2.669e+00	3.754e-01
145259.50	-6.317e-02	1.152e+00	1.066e+00
145260.50	-4.435e-02	1.997e+00	-2.429e-01
145261.50	-5.126e-02	1.747e+00	5.501e-01
145262.50	-7.219e-02	1.670e+00	7.229e-01
145263.50	-5.808e-02	1.507e+00	5.520e-01
145264.50	-1.018e-02	7.747e-01	-3.331e-01
145265.50	-7.680e-02	1.843e+00	6.835e-01
145266.50	-2.899e-02	1.258e+00	-1.661e-01
145267.50	-2.918e-02	1.958e+00	-5.616e-01
145268.50	-2.851e-02	1.104e+00	1.344e-02
145269.50	-8.131e-02	2.227e+00	5.635e-01
145270.50	-4.454e-02	1.584e+00	1.238e-02
145271.50	-2.765e-02	3.917e-01	6.758e-01
145272.50	-1.747e-02	1.181e+00	-3.264e-01
145273.50	-7.075e-03	1.229e+00	-4.493e-01
145274.50	-6.230e-02	1.939e+00	3.178e-01
145275.50	2.563e-02	5.837e-01	-9.091e-01
145276.50	-4.435e-02	1.018e+00	4.752e-01
145277.50	-8.122e-02	1.085e+00	1.286e+00
145278.50	-1.440e-02	4.954e-01	6.432e-02
145279.50	-1.651e-02	9.149e-01	-2.064e-01
145280.50	-2.630e-02	7.718e-01	2.477e-01
145281.50	-1.891e-02	6.605e-01	2.592e-02
145282.50	-3.830e-02	6.221e-01	5.616e-01
145283.50	3.427e-03	2.813e-01	-4.579e-01
145284.50	-4.550e-02	1.181e+00	2.362e-01
145285.50	-3.523e-02	9.792e-01	2.381e-01
145286.50	-2.170e-02	6.931e-01	4.387e-01
145287.50	-2.582e-02	1.488e+00	-2.035e-01
145288.50	4.310e-03	1.459e-01	-1.728e-01
145289.50	-5.645e-03	4.493e-01	-3.082e-01
145290.50	-2.611e-02	6.413e-01	5.875e-01
145291.50	-1.430e-02	5.482e-01	-1.690e-01
145292.50	-2.640e-02	7.200e-01	3.158e-02
145293.50	-1.392e-02	5.501e-01	-3.350e-02
145294.50	-1.363e-02	8.678e-01	-2.246e-01
145295.50	-1.104e-02	8.064e-02	2.102e-01
145296.50	-5.357e-03	1.478e-01	1.507e-01
145297.50	1.315e-02	8.966e-02	-3.696e-01
145298.50	-1.018e-02	2.899e-01	1.354e-01
145299.50	1.699e-02	4.176e-02	-5.165e-01
145300.50	-1.795e-02	6.086e-01	-5.376e-02
145301.50	-4.243e-02	1.037e+00	2.794e-01
145302.50	-1.584e-02	3.274e-01	1.430e-01
145303.50	-1.258e-02	9.322e-02	4.771e-01
145304.50	2.966e-03	-2.189e-02	-2.746e-03
145305.50	-3.101e-02	7.190e-01	2.573e-01
145306.50	-3.389e-03	4.618e-01	-4.138e-01
145307.50	-2.726e-02	6.845e-01	-6.557e-03
145308.50	1.219e-02	3.802e-02	-3.139e-01
145309.50	-1.258e-02	3.389e-01	2.429e-01
145310.50	-3.974e-02	8.429e-01	4.934e-01
145311.50	3.139e-03	2.141e-01	-1.978e-01
145312.50	-3.600e-02	8.112e-01	3.658e-01
145313.50	-3.907e-04	3.302e-01	-2.074e-01
145314.50	1.680e-02	7.315e-02	-2.592e-01
145315.50	-2.659e-02	4.560e-01	2.861e-01
145316.50	-7.613e-03	1.613e-01	5.040e-02
145317.50	-1.373e-02	1.459e-01	1.882e-01
145318.50	1.939e-03	-1.939e-01	1.824e-01
145319.50	-7.411e-03	1.171e-01	1.565e-01
145320.50	-2.112e-02	7.392e-01	1.114e-01
145321.50	1.834e-02	-5.990e-01	-1.027e-01
145322.50	-1.114e-02	4.243e-02	1.315e-01
145323.50	-3.283e-02	6.202e-01	3.706e-01
145324.50	-1.546e-02	3.091e-01	3.485e-01
145325.50	-8.170e-04	1.747e-01	-1.219e-01
145326.50	1.162e-02	2.784e-01	-4.502e-01
145327.50	-6.931e-03	1.786e-01	5.443e-02
145328.50	6.058e-03	1.450e-01	-1.440e-01
145329.50	-1.114e-02	1.306e-01	1.786e-01
145330.50	-1.363e-02	4.003e-01	4.291e-02
145331.50	-1.229e-02	1.901e-01	2.160e-01
145332.50	-2.880e-02	4.483e-01	3.360e-01
145333.50	-2.093e-03	2.669e-01	-1.805e-01
145334.50	1.862e-02	-1.373e-01	-3.331e-01
145335.50	2.890e-03	-8.448e-03	-3.840e-02
145336.50	-1.325e-02	2.563e-01	1.843e-01
145337.50	-1.334e-02	-3.840e-02	2.496e-01
145338.50	5.549e-03	3.763e-02	-9.312e-02
145339.50	-4.618e-03	2.045e-01	1.507e-02
145340.50	-1.248e-02	2.170e-01	1.651e-01
145341.50	-4.733e-03	3.475e-01	-6.960e-02
145342.50	7.622e-03	-4.003e-02	-2.227e-01
145343.50	-1.152e-02	-7.507e-02	2.035e-01
145344.50	-1.498e-02	1.008e-01	3.427e-01
145345.50	6.298e-03	4.080e-02	-1.584e-01
145346.50	1.162e-02	-4.349e-03	-2.650e-01
145347.50	-8.880e-03	2.323e-01	1.267e-01
145348.50	-1.133e-02	2.170e-01	8.525e-02
145349.50	1.094e-03	-6.326e-02	6.000e-02
145350.50	-1.488e-02	6.038e-02	1.498e-01
145351.50	-3.706e-03	2.035e-01	-1.776e-01
145352.50	5.798e-03	-1.814e-01	-2.179e-03
145353.50	-4.982e-05	1.229e-01	8.477e-02
145354.50	1.354e-03	2.534e-01	1.162e-02
145355.50	8.650e-03	6.019e-02	-1.795e-01
145356.50	-2.486e-03	2.496e-01	-1.718e-01
145357.50	-1.795e-02	3.590e-01	3.619e-01
145358.50	-1.018e-02	2.755e-02	1.968e-01
145359.50	-1.075e-02	1.430e-01	5.155e-02
145360.50	-1.046e-03	3.955e-02	6.941e-02
145361.50	4.090e-03	4.954e-02	-4.742e-02
145362.50	-7.978e-03	2.342e-01	-8.678e-02
145363.50	1.258e-02	-2.198e-01	-2.074e-01
145364.50	1.469e-03	-8.986e-02	-9.600e-02
145365.50	-1.613e-02	2.784e-01	3.331e-01
145366.50	7.661e-03	5.990e-02	-1.987e-01
145367.50	-1.728e-02	6.010e-01	9.792e-02
145368.50	-1.814e-02	4.454e-02	3.581e-01
145369.50	-2.957e-03	-6.125e-02	7.987e-02
145370.50	3.014e-03	4.310e-02	-1.354e-01
145371.50	-1.574e-02	3.322e-01	5.962e-03
145372.50	-1.872e-03	2.448e-01	-7.728e-03
145373.50	3.850e-03	3.725e-02	-1.574e-01
145374.50	-6.240e-03	3.763e-02	1.910e-03
145375.50	-1.392e-03	-3.581e-02	8.429e-02
145376.50	1.075e-02	-2.496e-01	-1.728e-01
145377.50	-1.238e-02	3.302e-01	6.682e-02
145378.50	-5.683e-03	4.982e-02	8.995e-02
145379.50	-7.642e-03	1.046e-01	1.430e-01
145380.50	-4.752e-03	7.565e-02	2.554e-02
145381.50	8.189e-03	-2.141e-01	-1.286e-01
145382.50	5.798e-03	1.776e-02	2.179e-02
145383.50	2.822e-03	-2.074e-02	3.005e-02
145384.50	3.149e-03	-5.386e-02	3.456e-02
145385.50	2.746e-03	-6.490e-02	5.654e-02
145386.50	-5.760e-03	9.888e-02	2.726e-01
145387.50	-5.011e-03	1.123e-01	-8.986e-02
145388.50	-7.286e-03	-4.406e-03	2.035e-02
145389.50	-3.197e-03	3.197e-02	3.686e-02
145390.50	1.152e-03	-1.997e-02	-1.574e-02
145391.50	-3.370e-03	-6.576e-02	1.430e-01
145392.50	1.565e-03	1.536e-02	-3.235e-02
145393.50	-1.555e-02	2.678e-01	1.325e-01
145394.50	-4.061e-03	1.507e-01	-3.754e-02
145395.50	5.434e-03	-1.210e-03	-8.064e-02
145396.50	-1.027e-02	1.142e-01	7.651e-02
145397.50	5.942e-03	-2.285e-01	4.330e-02
145398.50	-8.438e-03	1.843e-01	7.805e-02
145399.50	-7.258e-05	-1.853e-01	1.123e-01
145400.50	-1.075e-02	1.786e-01	8.400e-02
145401.50	-1.546e-03	1.123e-01	-3.379e-02
145402.50	6.902e-03	-9.792e-02	-1.286e-01
145403.50	6.787e-03	-2.496e-01	-5.741e-02
145404.50	4.454e-03	1.373e-02	-1.910e-01
145405.50	6.346e-03	9.984e-02	-1.056e-01
145406.50	3.485e-04	2.237e-02	-1.210e-02
145407.50	-2.342e-03	2.227e-01	7.622e-03
145408.50	-1.728e-02	1.882e-01	3.907e-01
145409.50	-1.037e-02	-6.922e-02	1.920e-01
145410.50	7.622e-03	-2.467e-01	-1.440e-01
145411.50	2.275e-03	1.018e-01	-5.808e-02
145412.50	2.122e-03	-2.112e-01	3.197e-02
145413.50	6.653e-03	6.979e-03	-1.171e-01
145414.50	-3.562e-03	1.555e-01	-5.482e-02
145415.50	-7.978e-04	8.275e-02	2.755e-02
145416.50	-1.747e-02	1.114e-01	2.381e-01
145417.50	-2.813e-03	4.963e-02	4.781e-02
145418.50	-3.379e-04	2.448e-02	-7.238e-03
145419.50	-3.110e-04	1.613e-01	-6.029e-02
145420.50	-3.850e-03	1.738e-01	-4.685e-02
145421.50	5.741e-03	1.344e-02	-1.094e-01
145422.50	1.642e-02	-3.830e-01	-2.352e-01
145423.50	-6.384e-03	6.970e-02	8.102e-02
145424.50	-1.018e-02	1.469e-01	1.306e-01
145425.50	-5.184e-03	7.027e-02	8.611e-02
145426.50	1.181e-03	1.382e-02	2.054e-02
145427.50	-3.859e-03	1.008e-02	1.027e-01
145428.50	-3.408e-03	1.574e-02	3.379e-02
145429.50	1.344e-02	2.678e-02	-1.843e-01
145430.50	-1.402e-02	7.037e-02	1.344e-01
145431.50	1.046e-02	-8.410e-03	-2.294e-01
145432.50	9.187e-04	8.755e-03	6.931e-04
145433.50	1.200e-02	5.702e-02	8.026e-03
145434.50	2.218e-03	-2.333e-02	-1.469e-02
145435.50	-8.496e-03	6.461e-02	1.459e-01
145436.50	1.306e-03	7.632e-02	-1.718e-01
145437.50	1.882e-03	-7.738e-02	1.680e-02
145438.50	-1.008e-02	1.488e-01	1.056e-01
145439.50	7.363e-04	5.261e-02	-3.437e-02
145440.50	-1.123e-03	1.613e-01	-7.757e-02
145441.50	-2.842e-03	1.872e-02	7.939e-02
145442.50	7.843e-03	-1.027e-01	-1.267e-01
145443.50	4.032e-03	1.190e-01	-4.992e-02
145444.50	-1.046e-02	6.067e-02	7.718e-03
145445.50	-5.539e-03	7.766e-02	3.763e-02
145446.50	-1.699e-03	2.592e-03	1.123e-02
145447.50	-3.686e-03	-9.245e-02	1.930e-01
145448.50	-7.450e-03	-4.694e-02	1.152e-01
145449.50	1.238e-02	-2.525e-01	-2.765e-01
145450.50	1.354e-04	-4.819e-02	4.646e-02
145451.50	-1.200e-02	-3.878e-02	2.285e-01
145452.50	-2.784e-02	3.168e-02	5.760e-02
145453.50	1.171e-03	5.866e-02	-9.600e-02
145454.50	7.450e-04	9.888e-02	-6.902e-02
145455.50	-1.075e-02	1.718e-01	1.930e-01
145456.50	-6.989e-03	1.190e-01	1.622e-01
145457.50	8.141e-03	-4.291e-03	-1.123e-01
145458.50	-5.587e-03	-4.022e-03	2.669e-03
145459.50	-1.766e-04	2.506e-02	5.203e-02
145460.50	6.317e-04	-6.480e-04	3.024e-02
145461.50	-3.082e-03	2.947e-03	3.658e-02
145462.50	-6.422e-03	4.877e-02	5.856e-02
145463.50	5.510e-03	-1.056e-01	7.901e-02
145464.50	3.082e-03	-1.037e-01	-1.248e-02
145465.50	3.773e-03	-1.200e-01	-9.187e-02
145466.50	-1.315e-03	4.579e-02	-1.987e-01
145467.50	-1.786e-03	1.238e-01	-6.115e-02
145468.50	-1.104e-03	-9.696e-02	-5.760e-02
145469.50	-5.712e-03	5.866e-02	-2.256e-02
145470.50	8.448e-03	-7.066e-02	-3.350e-02
145471.50	1.949e-03	-2.074e-02	-5.856e-02
145472.50	-9.696e-03	1.459e-01	7.056e-02
145473.50	1.565e-02	-4.608e-02	2.870e-02
145474.50	1.219e-03	-6.682e-02	-1.152e-02
145475.50	-2.304e-03	-4.003e-02	1.200e-01
145476.50	7.978e-03	4.848e-02	-8.726e-02
145477.50	-3.974e-03	1.517e-01	3.562e-02
145478.50	-5.760e-03	1.766e-01	8.890e-02
145479.50	1.229e-02	-1.373e-01	-1.286e-01
145480.50	4.195e-03	-7.584e-02	-1.334e-01
145481.50	-2.563e-03	1.296e-02	-2.669e-02
145482.50	-8.640e-03	1.018e-01	3.130e-02
145483.50	1.949e-02	-8.102e-02	-2.285e-01
145484.50	-9.696e-03	1.018e-02	3.302e-04
145485.50	2.352e-03	-1.939e-01	1.085e-01
145486.50	2.506e-02	-1.411e-01	1.747e-02
145487.50	6.384e-04	-8.458e-02	-3.245e-02
145488.50	-3.974e-03	1.114e-01	-1.056e-01
145489.50	2.822e-02	-1.766e-01	2.266e-02
145490.50	-1.210e-02	2.102e-02	1.219e-01
145491.50	-1.286e-02	1.027e-01	1.498e-01
145492.50	-9.514e-03	7.469e-02	5.693e-02
145493.50	-1.104e-03	2.045e-01	-5.462e-02
145494.50	6.797e-03	-6.000e-02	-5.059e-02
145495.50	4.426e-03	1.891e-03	-3.782e-02
145496.50	-6.134e-04	-9.514e-03	4.454e-02
145497.50	-2.611e-04	-3.120e-02	9.696e-02
145498.50	-8.986e-03	7.920e-02	5.587e-02
145499.50	-4.013e-03	8.976e-02	1.085e-02
145500.50	7.709e-03	-2.784e-02	-1.968e-01
145501.50	7.392e-03	-1.613e-01	-1.219e-01
145502.50	1.574e-03	-1.478e-01	8.659e-02
145503.50	1.603e-02	3.610e-02	-1.181e-01
145504.50	1.306e-02	2.938e-02	-1.728e-02
145505.50	-2.256e-02	1.325e-01	1.325e-01
145506.50	6.518e-04	4.138e-02	-5.146e-02
145507.50	-1.661e-03	7.037e-02	7.190e-02
145508.50	-2.371e-03	-1.066e-01	1.046e-01
145509.50	5.923e-03	-2.323e-02	-1.344e-01
145510.50	-1.354e-03	7.776e-02	2.947e-02
145511.50	-2.640e-03	3.226e-02	-5.760e-02
145512.50	-4.109e-03	7.709e-02	-1.286e-01
145513.50	5.146e-03	-7.978e-02	-3.082e-02
145514.50	2.294e-03	-1.373e-01	1.248e-01
145515.50	-3.830e-03	7.978e-02	3.600e-02
145516.50	-1.776e-03	-6.010e-02	7.546e-02
145517.50	-1.219e-03	-2.218e-02	-3.101e-03
145518.50	3.034e-03	-1.632e-01	-7.133e-03
145519.50	-8.352e-03	1.488e-01	-8.131e-02
145520.50	-2.006e-03	5.002e-03	1.440e-02
145521.50	-3.658e-03	8.189e-03	4.627e-02
145522.50	1.853e-03	-3.274e-02	-4.301e-02
145523.50	-2.486e-03	1.248e-03	1.325e-01
145524.50	-9.696e-04	-2.074e-02	3.206e-02
145525.50	2.064e-03	-3.024e-02	-8.141e-02
145526.50	-5.126e-03	6.490e-02	1.267e-01
145527.50	-3.677e-03	7.834e-02	7.094e-02
145528.50	6.682e-03	-5.136e-02	-8.122e-02
145529.50	1.526e-02	3.389e-02	-3.658e-02
145530.50	1.066e-02	-9.696e-02	-6.173e-02
145531.50	-1.421e-03	-2.208e-02	6.701e-02
145532.50	-9.696e-03	4.934e-02	7.354e-03
145533.50	-7.286e-03	4.944e-02	5.232e-02
145534.50	5.837e-03	-7.632e-03	-1.123e-01
145535.50	1.843e-03	3.590e-02	-8.362e-02
145536.50	-1.037e-02	3.734e-02	4.176e-02
145537.50	-5.846e-03	-1.008e-02	1.920e-02
145538.50	2.563e-03	-2.688e-02	1.478e-02
145539.50	6.374e-03	-2.381e-02	-6.173e-02
145540.50	7.949e-04	2.880e-02	-2.141e-02
145541.50	-4.560e-03	4.397e-02	9.696e-02
145542.50	1.536e-03	1.114e-02	2.410e-02
145543.50	9.984e-05	-3.974e-02	5.299e-02
145544.50	2.102e-02	-9.091e-02	-2.304e-02
145545.50	-2.534e-02	2.362e-01	-1.248e-01
145546.50	9.245e-04	8.294e-02	-5.683e-02
145547.50	1.565e-03	-5.952e-02	-5.424e-02
145548.50	3.667e-03	1.008e-02	4.349e-02
145549.50	-6.422e-03	-6.346e-03	1.459e-01
145550.50	-7.469e-03	6.653e-02	7.114e-02
145551.50	5.251e-03	-1.142e-01	-2.582e-02
145552.50	2.822e-04	1.133e-01	-6.998e-02
145553.50	-1.910e-03	-4.915e-02	-9.792e-02
145554.50	5.107e-04	-5.299e-02	-1.766e-02
145555.50	4.733e-04	-1.843e-02	-2.304e-02
145556.50	-3.984e-04	8.736e-02	2.515e-02
145557.50	2.563e-03	8.074e-02	-6.106e-02
145558.50	-2.371e-03	-3.427e-02	-9.360e-03
145559.50	-2.966e-03	-3.754e-02	1.411e-02
145560.50	-6.096e-03	6.758e-02	7.901e-02
145561.50	4.147e-04	2.544e-02	3.706e-02
145562.50	-3.840e-03	4.714e-02	1.037e-01
145563.50	3.984e-03	-3.466e-02	8.803e-03
145564.50	-2.861e-03	3.830e-02	1.008e-01
145565.50	1.603e-03	-4.291e-02	1.421e-01
145566.50	-1.027e-02	-5.059e-02	-5.837e-02
145567.50	9.792e-03	1.978e-02	-1.392e-02
145568.50	-1.690e-03	1.354e-02	-8.381e-02
145569.50	-3.360e-03	-7.248e-03	-8.189e-02
145570.50	6.806e-04	2.582e-02	1.930e-02
145571.50	-2.640e-03	-2.736e-03	5.789e-03
145572.50	-1.325e-02	4.704e-02	9.600e-02
145573.50	-1.210e-04	-5.386e-02	-3.110e-02
145574.50	9.110e-03	-1.776e-02	-1.334e-01
145575.50	-9.984e-04	-1.526e-02	7.421e-03
145576.50	-8.525e-04	2.410e-02	6.394e-02
145577.50	-7.930e-04	5.309e-02	1.056e-01
145578.50	-7.219e-04	-2.035e-02	-2.371e-02
145579.50	1.258e-03	-1.824e-02	2.506e-02
145580.50	1.094e-03	3.974e-02	-4.426e-02
145581.50	-5.338e-04	-5.933e-03	-8.851e-03
145582.50	4.243e-03	-8.362e-02	-4.138e-03
145583.50	-4.291e-05	-8.429e-02	4.003e-03
145584.50	-3.936e-04	6.931e-03	-1.517e-02
145585.50	5.222e-03	1.085e-02	-2.630e-02
145586.50	1.738e-02	4.070e-02	-1.046e-01
145587.50	6.931e-04	-1.210e-03	-4.022e-03
145588.50	6.787e-05	-1.498e-03	-3.082e-02
145589.50	-1.930e-03	6.029e-02	-1.296e-02
145590.50	3.331e-03	-1.258e-02	-4.906e-02
145591.50	-2.563e-03	-1.046e-01	4.195e-03
145592.50	-4.954e-03	3.696e-02	-8.026e-03
145593.50	1.306e-02	5.078e-02	9.389e-03
145594.50	-4.022e-03	4.694e-02	-3.590e-02
145595.50	3.811e-03	-6.806e-02	-1.066e-02
145596.50	-7.594e-03	1.258e-02	7.488e-02
145597.50	-5.021e-03	-4.963e-02	5.770e-02
145598.50	-8.266e-04	2.285e-02	4.867e-02
145599.50	4.051e-02	-1.517e-01	-6.163e-02
145600.50	-4.416e-02	2.141e-01	1.190e-01
145601.50	-1.142e-03	-6.710e-03	-5.914e-03
