145003.50	0.000e+00	0.000e+00	0.000e+00
145004.50	0.000e+00	0.000e+00	0.000e+00
145005.50	0.000e+00	0.000e+00	0.000e+00
145006.50	0.000e+00	0.000e+00	0.000e+00
145007.50	0.000e+00	0.000e+00	0.000e+00
145008.50	0.000e+00	0.000e+00	0.000e+00
145009.50	0.000e+00	0.000e+00	0.000e+00
145010.50	0.000e+00	0.000e+00	0.000e+00
145011.50	0.000e+00	0.000e+00	0.000e+00
145012.50	0.000e+00	0.000e+00	0.000e+00
145013.50	0.000e+00	0.000e+00	0.000e+00
145014.50	0.000e+00	0.000e+00	0.000e+00
145015.50	0.000e+00	0.000e+00	0.000e+00
145016.50	0.000e+00	0.000e+00	0.000e+00
145017.50	0.000e+00	0.000e+00	0.000e+00
145018.50	0.000e+00	0.000e+00	0.000e+00
145019.50	0.000e+00	0.000e+00	0.000e+00
145020.50	0.000e+00	0.000e+00	0.000e+00
145021.50	0.000e+00	0.000e+00	0.000e+00
145022.50	0.000e+00	0.000e+00	0.000e+00
145023.50	0.000e+00	0.000e+00	0.000e+00
145024.50	0.000e+00	0.000e+00	0.000e+00
145025.50	0.000e+00	0.000e+00	0.000e+00
145026.50	0.000e+00	0.000e+00	0.000e+00
145027.50	0.000e+00	0.000e+00	0.000e+00
145028.50	0.000e+00	0.000e+00	0.000e+00
145029.50	0.000e+00	0.000e+00	0.000e+00
145030.50	0.000e+00	0.000e+00	0.000e+00
145031.50	0.000e+00	0.000e+00	0.000e+00
145032.50	0.000e+00	0.000e+00	0.000e+00
145033.50	0.000e+00	0.000e+00	0.000e+00
145034.50	0.000e+00	0.000e+00	0.000e+00
145035.50	0.000e+00	0.000e+00	0.000e+00
145036.50	0.000e+00	0.000e+00	0.000e+00
145037.50	0.000e+00	0.000e+00	0.000e+00
145038.50	0.000e+00	0.000e+00	0.000e+00
145039.50	0.000e+00	0.000e+00	0.000e+00
145040.50	0.000e+00	0.000e+00	0.000e+00
145041.50	0.000e+00	0.000e+00	0.000e+00
145042.50	0.000e+00	0.000e+00	0.000e+00
145043.50	0.000e+00	0.000e+00	0.000e+00
145044.50	0.000e+00	0.000e+00	0.000e+00
145045.50	0.000e+00	0.000e+00	0.000e+00
145046.50	0.000e+00	0.000e+00	0.000e+00
145047.50	0.000e+00	0.000e+00	0.000e+00
145048.50	0.000e+00	0.000e+00	0.000e+00
145049.50	0.000e+00	0.000e+00	0.000e+00
145050.50	0.000e+00	0.000e+00	0.000e+00
145051.50	0.000e+00	0.000e+00	0.000e+00
145052.50	0.000e+00	0.000e+00	0.000e+00
145053.50	0.000e+00	0.000e+00	0.000e+00
145054.50	0.000e+00	0.000e+00	0.000e+00
145055.50	0.000e+00	0.000e+00	0.000e+00
145056.50	0.000e+00	0.000e+00	0.000e+00
145057.50	0.000e+00	0.000e+00	0.000e+00
145058.50	0.000e+00	0.000e+00	0.000e+00
145059.50	0.000e+00	0.000e+00	0.000e+00
145060.50	0.000e+00	0.000e+00	0.000e+00
145061.50	0.000e+00	0.000e+00	0.000e+00
145062.50	0.000e+00	0.000e+00	0.000e+00
145063.50	0.000e+00	0.000e+00	0.000e+00
145064.50	0.000e+00	0.000e+00	0.000e+00
145065.50	0.000e+00	0.000e+00	0.000e+00
145066.50	0.000e+00	0.000e+00	0.000e+00
145067.50	0.000e+00	0.000e+00	0.000e+00
145068.50	0.000e+00	0.000e+00	0.000e+00
145069.50	0.000e+00	0.000e+00	0.000e+00
145070.50	0.000e+00	0.000e+00	0.000e+00
145071.50	0.000e+00	0.000e+00	0.000e+00
145072.50	0.000e+00	0.000e+00	0.000e+00
145073.50	0.000e+00	0.000e+00	0.000e+00
145074.50	0.000e+00	0.000e+00	0.000e+00
145075.50	0.000e+00	0.000e+00	0.000e+00
145076.50	0.000e+00	0.000e+00	0.000e+00
145077.50	0.000e+00	0.000e+00	0.000e+00
145078.50	0.000e+00	0.000e+00	0.000e+00
145079.50	0.000e+00	0.000e+00	0.000e+00
145080.50	0.000e+00	0.000e+00	0.000e+00
145081.50	0.000e+00	0.000e+00	0.000e+00
145082.50	0.000e+00	0.000e+00	0.000e+00
145083.50	0.000e+00	0.000e+00	0.000e+00
145084.50	0.000e+00	0.000e+00	0.000e+00
145085.50	0.000e+00	0.000e+00	0.000e+00
145086.50	0.000e+00	0.000e+00	0.000e+00
145087.50	0.000e+00	0.000e+00	0.000e+00
145088.50	0.000e+00	0.000e+00	0.000e+00
145089.50	0.000e+00	0.000e+00	0.000e+00
145090.50	0.000e+00	0.000e+00	0.000e+00
145091.50	0.000e+00	0.000e+00	0.000e+00
145092.50	0.000e+00	0.000e+00	0.000e+00
145093.50	0.000e+00	0.000e+00	0.000e+00
145094.50	0.000e+00	0.000e+00	0.000e+00
145095.50	0.000e+00	0.000e+00	0.000e+00
145096.50	0.000e+00	0.000e+00	0.000e+00
145097.50	0.000e+00	0.000e+00	0.000e+00
145098.50	0.000e+00	0.000e+00	0.000e+00
145099.50	0.000e+00	0.000e+00	0.000e+00
145100.50	0.000e+00	0.000e+00	0.000e+00
145101.50	0.000e+00	0.000e+00	0.000e+00
145102.50	0.000e+00	0.000e+00	0.000e+00
145103.50	0.000e+00	0.000e+00	0.000e+00
145104.50	0.000e+00	0.000e+00	0.000e+00
145105.50	0.000e+00	0.000e+00	0.000e+00
145106.50	0.000e+00	0.000e+00	0.000e+00
145107.50	0.000e+00	0.000e+00	0.000e+00
145108.50	0.000e+00	0.000e+00	0.000e+00
145109.50	0.000e+00	0.000e+00	0.000e+00
145110.50	0.000e+00	0.000e+00	0.000e+00
145111.50	0.000e+00	0.000e+00	0.000e+00
145112.50	0.000e+00	0.000e+00	0.000e+00
145113.50	0.000e+00	0.000e+00	0.000e+00
145114.50	0.000e+00	0.000e+00	0.000e+00
145115.50	0.000e+00	0.000e+00	0.000e+00
145116.50	0.000e+00	0.000e+00	0.000e+00
145117.50	0.000e+00	0.000e+00	0.000e+00
145118.50	0.000e+00	0.000e+00	0.000e+00
145119.50	0.000e+00	0.000e+00	0.000e+00
145120.50	0.000e+00	0.000e+00	0.000e+00
145121.50	0.000e+00	0.000e+00	0.000e+00
145122.50	0.000e+00	0.000e+00	0.000e+00
145123.50	0.000e+00	0.000e+00	0.000e+00
145124.50	0.000e+00	0.000e+00	0.000e+00
145125.50	0.000e+00	0.000e+00	0.000e+00
145126.50	0.000e+00	0.000e+00	0.000e+00
145127.50	0.000e+00	0.000e+00	0.000e+00
145128.50	0.000e+00	0.000e+00	0.000e+00
145129.50	0.000e+00	0.000e+00	0.000e+00
145130.50	0.000e+00	0.000e+00	0.000e+00
145131.50	0.000e+00	0.000e+00	0.000e+00
145132.50	0.000e+00	0.000e+00	0.000e+00
145133.50	0.000e+00	0.000e+00	0.000e+00
145134.50	0.000e+00	0.000e+00	0.000e+00
145135.50	0.000e+00	0.000e+00	0.000e+00
145136.50	0.000e+00	0.000e+00	0.000e+00
145137.50	0.000e+00	0.000e+00	0.000e+00
145138.50	0.000e+00	0.000e+00	0.000e+00
145139.50	0.000e+00	0.000e+00	0.000e+00
145140.50	0.000e+00	0.000e+00	0.000e+00
145141.50	0.000e+00	0.000e+00	0.000e+00
145142.50	0.000e+00	0.000e+00	0.000e+00
145143.50	0.000e+00	0.000e+00	0.000e+00
145144.50	0.000e+00	0.000e+00	0.000e+00
145145.50	0.000e+00	0.000e+00	0.000e+00
145146.50	0.000e+00	0.000e+00	0.000e+00
145147.50	0.000e+00	0.000e+00	0.000e+00
145148.50	0.000e+00	0.000e+00	0.000e+00
145149.50	0.000e+00	0.000e+00	0.000e+00
145150.50	0.000e+00	0.000e+00	0.000e+00
145151.50	0.000e+00	0.000e+00	0.000e+00
145152.50	0.000e+00	0.000e+00	0.000e+00
145153.50	0.000e+00	0.000e+00	0.000e+00
145154.50	0.000e+00	0.000e+00	0.000e+00
145155.50	0.000e+00	0.000e+00	0.000e+00
145156.50	0.000e+00	0.000e+00	0.000e+00
145157.50	0.000e+00	0.000e+00	0.000e+00
145158.50	0.000e+00	0.000e+00	0.000e+00
145159.50	0.000e+00	0.000e+00	0.000e+00
145160.50	0.000e+00	0.000e+00	0.000e+00
145161.50	0.000e+00	0.000e+00	0.000e+00
145162.50	0.000e+00	0.000e+00	0.000e+00
145163.50	0.000e+00	0.000e+00	0.000e+00
145164.50	0.000e+00	0.000e+00	0.000e+00
145165.50	0.000e+00	0.000e+00	0.000e+00
145166.50	0.000e+00	0.000e+00	0.000e+00
145167.50	0.000e+00	0.000e+00	0.000e+00
145168.50	0.000e+00	0.000e+00	0.000e+00
145169.50	0.000e+00	0.000e+00	0.000e+00
145170.50	-2.400e-06	-1.315e-03	7.526e-04
145171.50	4.109e-05	-3.264e-03	2.678e-04
145172.50	3.197e-05	-2.333e-03	3.120e-04
145173.50	-1.085e-05	5.808e-03	-1.958e-03
145174.50	-8.198e-05	-2.122e-04	2.640e-03
145175.50	1.594e-04	-5.626e-03	7.354e-04
145176.50	2.842e-04	4.896e-03	-8.870e-03
145177.50	5.549e-04	-3.667e-02	-1.709e-02
145178.50	1.315e-03	-3.398e-03	-3.562e-02
145179.50	-3.974e-04	1.085e-02	1.210e-02
145180.50	-7.738e-04	2.774e-02	1.978e-02
145181.50	6.182e-04	-4.397e-02	-1.632e-02
145182.50	2.438e-03	-4.723e-01	-5.760e-02
145183.50	8.218e-02	-2.400e+01	-2.218e+00
145184.50	1.008e+00	-1.430e+02	-2.630e+01
145185.50	2.496e+00	-3.168e+02	-6.307e+01
145186.50	2.794e+00	-4.195e+02	-6.778e+01
145187.50	1.747e+00	-4.003e+02	-3.898e+01
145188.50	2.026e+00	-1.805e+02	-4.550e+01
145189.50	5.107e-01	-6.317e+01	-7.728e+00
145190.50	-4.022e-01	1.046e+01	1.306e+01
145191.50	-2.170e-01	5.290e+01	7.670e+00
145192.50	-5.309e-01	7.411e+01	1.507e+01
145193.50	-6.490e-01	7.680e+01	1.709e+01
145194.50	-7.517e-01	8.650e+01	1.862e+01
145195.50	-6.240e-01	7.411e+01	1.555e+01
145196.50	-5.539e-01	8.410e+01	1.354e+01
145197.50	-5.021e-01	7.546e+01	1.238e+01
145198.50	-5.654e-01	6.720e+01	1.373e+01
145199.50	-2.880e-01	6.182e+01	5.846e+00
145200.50	-1.229e-01	5.923e+01	2.803e+00
145201.50	4.579e-03	5.030e+01	-1.805e-01
145202.50	-4.330e-01	5.069e+01	9.984e+00
145203.50	-2.458e-01	4.963e+01	5.894e+00
145204.50	-2.045e-01	3.888e+01	4.829e+00
145205.50	-2.074e-01	3.696e+01	4.589e+00
145206.50	-4.858e-01	3.283e+01	1.133e+01
145207.50	-2.083e-01	2.880e+01	4.858e+00
145208.50	-2.870e-01	3.389e+01	6.384e+00
145209.50	1.354e-02	3.005e+01	-2.554e-01
145210.50	6.566e-02	2.688e+01	-1.565e+00
145211.50	-6.778e-02	2.419e+01	1.382e+00
145212.50	-2.822e-01	2.237e+01	6.269e+00
145213.50	-8.976e-02	2.045e+01	2.112e+00
145214.50	-1.219e-01	2.150e+01	2.621e+00
145215.50	-1.277e-01	1.987e+01	2.861e+00
145216.50	-1.872e-01	1.642e+01	4.099e+00
145217.50	-2.131e-01	1.728e+01	4.838e+00
145218.50	-1.267e-01	1.536e+01	2.851e+00
145219.50	-1.306e-01	1.565e+01	2.755e+00
145220.50	-6.048e-02	1.526e+01	1.296e+00
145221.50	-3.917e-02	1.277e+01	8.179e-01
145222.50	-9.437e-02	1.142e+01	1.910e+00
145223.50	-8.602e-02	1.200e+01	1.776e+00
145224.50	-7.181e-02	1.104e+01	1.171e+00
145225.50	-6.989e-02	1.018e+01	1.699e+00
145226.50	-2.726e-02	8.208e+00	5.069e-01
145227.50	-1.382e-01	9.888e+00	3.014e+00
145228.50	-3.082e-02	7.459e+00	3.341e-01
145229.50	-4.656e-02	7.354e+00	9.552e-01
145230.50	5.760e-03	6.826e+00	-1.046e-01
145231.50	-2.294e-02	9.466e+00	5.837e-01
145232.50	-1.142e-01	7.603e+00	2.525e+00
145233.50	-4.454e-02	6.758e+00	8.861e-01
145234.50	-1.517e-02	5.376e+00	3.024e-01
145235.50	-4.800e-02	5.107e+00	1.094e+00
145236.50	-8.813e-02	5.270e+00	1.834e+00
145237.50	-2.131e-02	5.414e+00	1.709e-01
145238.50	-1.949e-02	5.347e+00	4.570e-01
145239.50	-1.123e-01	4.637e+00	2.410e+00
145240.50	2.314e-03	4.109e+00	-2.323e-01
145241.50	-3.034e-02	3.139e+00	5.088e-01
145242.50	2.150e-02	2.630e+00	-3.504e-01
145243.50	-2.630e-02	5.664e+00	6.077e-01
145244.50	-6.029e-02	4.426e+00	1.085e+00
145245.50	4.493e-02	3.686e+00	-8.870e-01
145246.50	-7.459e-02	2.966e+00	1.738e+00
145247.50	-5.318e-02	2.899e+00	8.496e-01
145248.50	-3.686e-02	2.112e+00	6.970e-01
145249.50	-3.494e-02	3.072e+00	4.829e-01
145250.50	1.930e-02	2.880e+00	-3.821e-01
145251.50	-5.347e-02	3.043e+00	9.984e-01
145252.50	-3.446e-02	2.093e+00	6.010e-01
145253.50	-2.218e-02	2.678e+00	4.973e-01
145254.50	9.379e-04	1.402e+00	-1.498e-02
145255.50	-6.874e-03	2.323e+00	-3.082e-02
145256.50	-2.054e-02	1.104e+00	4.723e-01
145257.50	-4.819e-02	2.938e+00	1.171e+00
145258.50	1.238e-02	2.131e+00	-1.718e-01
145259.50	4.531e-03	1.910e+00	1.315e-02
145260.50	-2.438e-02	2.342e+00	2.650e-01
145261.50	-2.659e-02	1.526e+00	6.979e-01
145262.50	-1.459e-02	2.256e+00	3.091e-01
145263.50	-2.189e-02	1.517e+00	4.867e-01
145264.50	2.237e-02	1.334e+00	-5.184e-01
145265.50	-3.014e-02	1.843e+00	6.106e-01
145266.50	-5.722e-02	1.277e+00	1.200e+00
145267.50	1.526e-02	2.515e-01	-2.054e-01
145268.50	2.074e-02	1.555e+00	-4.800e-01
145269.50	-4.570e-02	1.133e+00	9.216e-01
145270.50	-1.622e-02	1.478e+00	3.024e-01
145271.50	-8.381e-03	1.200e+00	1.440e-01
145272.50	-1.027e-02	8.333e-01	1.997e-01
145273.50	-5.059e-03	1.536e+00	4.282e-02
145274.50	2.198e-02	8.438e-01	-7.363e-01
145275.50	-9.101e-03	6.739e-01	3.581e-01
145276.50	2.611e-02	9.792e-01	-2.880e-01
145277.50	1.930e-03	1.258e-01	-1.459e-01
145278.50	-2.832e-02	1.229e+00	3.936e-01
145279.50	1.258e-02	7.286e-01	-3.946e-01
145280.50	4.666e-03	-1.843e-01	1.459e-02
145281.50	6.317e-03	8.227e-01	-1.728e-01
145282.50	-8.304e-03	1.066e+00	3.206e-01
145283.50	-1.286e-02	1.200e+00	3.792e-01
145284.50	-4.800e-02	1.286e-01	9.696e-01
145285.50	-1.555e-02	-1.651e-01	2.986e-01
145286.50	3.101e-03	6.586e-01	-1.104e-01
145287.50	-1.142e-02	7.498e-01	2.496e-01
145288.50	1.517e-02	1.037e+00	-3.235e-01
145289.50	2.861e-03	8.035e-01	-1.459e-01
145290.50	2.880e-02	7.728e-01	-6.240e-01
145291.50	-4.358e-02	2.122e-01	7.757e-01
145292.50	-1.536e-02	6.413e-01	4.934e-01
145293.50	1.872e-02	5.971e-01	-2.218e-01
145294.50	6.278e-03	-2.525e-01	-1.728e-02
145295.50	-5.059e-02	7.450e-01	7.267e-01
145296.50	-1.738e-02	9.408e-03	6.298e-02
145297.50	4.099e-03	5.568e-01	-1.238e-01
145298.50	-1.949e-02	2.093e-01	3.456e-01
145299.50	-1.133e-02	7.555e-01	1.267e-01
145300.50	3.619e-03	6.509e-01	-1.555e-01
145301.50	-5.347e-03	4.358e-01	2.736e-02
145302.50	4.416e-03	9.226e-02	-4.646e-02
145303.50	1.901e-02	2.794e-01	-4.378e-01
145304.50	1.958e-02	-3.667e-01	-5.270e-01
145305.50	-4.742e-02	8.304e-01	9.696e-01
145306.50	1.718e-02	-1.805e-01	-3.677e-01
145307.50	9.542e-03	5.232e-01	-2.813e-01
145308.50	-4.896e-03	2.352e-01	1.258e-01
145309.50	-6.941e-03	8.362e-01	1.277e-01
145310.50	-6.058e-03	-5.309e-02	7.382e-02
145311.50	-1.354e-03	6.250e-01	1.421e-01
145312.50	-7.142e-03	3.600e-01	3.446e-02
145313.50	-1.421e-03	-9.341e-02	8.870e-03
145314.50	-3.024e-03	2.285e-01	4.445e-02
145315.50	9.274e-03	1.363e-01	-1.315e-01
145316.50	8.928e-03	-1.248e-01	-1.872e-01
145317.50	-1.594e-02	5.453e-01	3.475e-01
145318.50	1.162e-02	-7.872e-02	-2.755e-01
145319.50	-5.146e-03	-5.558e-03	6.854e-02
145320.50	-1.190e-02	4.483e-01	3.226e-01
145321.50	-1.555e-02	8.074e-02	3.139e-01
145322.50	6.576e-04	5.069e-01	2.026e-02
145323.50	-9.888e-03	3.283e-01	3.658e-01
145324.50	-2.966e-03	-1.094e-01	1.632e-01
145325.50	-2.496e-02	3.110e-01	4.848e-01
145326.50	-5.414e-03	2.323e-01	5.702e-03
145327.50	5.866e-03	2.304e-02	-2.122e-01
145328.50	1.325e-02	4.320e-02	-2.659e-01
145329.50	-9.696e-03	4.627e-01	2.141e-01
145330.50	3.235e-03	2.650e-01	-1.603e-01
145331.50	-1.382e-03	2.400e-01	-9.350e-03
145332.50	1.478e-03	2.102e-01	-5.290e-02
145333.50	-5.731e-04	-6.134e-02	-6.038e-03
145334.50	-3.014e-02	8.237e-02	6.739e-01
145335.50	-2.928e-02	3.638e-02	2.438e-01
145336.50	9.005e-03	3.254e-01	-2.026e-01
145337.50	-3.475e-03	-2.093e-01	4.358e-02
145338.50	1.690e-02	5.136e-01	-3.446e-01
145339.50	8.448e-03	1.920e-01	-1.344e-01
145340.50	1.546e-03	-1.747e-01	-7.008e-02
145341.50	5.952e-04	4.003e-01	1.162e-02
145342.50	5.683e-03	5.002e-01	-2.294e-01
145343.50	-8.822e-03	-1.939e-01	2.131e-01
145344.50	-6.787e-04	6.749e-02	1.450e-01
145345.50	1.219e-02	-1.046e-01	-2.582e-01
145346.50	-4.234e-03	1.949e-01	1.373e-01
145347.50	-8.554e-03	2.160e-02	1.248e-01
145348.50	-8.774e-03	4.445e-02	1.901e-01
145349.50	1.056e-03	1.219e-01	-4.157e-02
145350.50	-7.642e-03	-6.451e-02	2.909e-01
145351.50	-1.411e-02	1.757e-01	2.314e-01
145352.50	-5.501e-03	-1.123e-01	1.190e-01
145353.50	-1.594e-02	3.120e-01	3.389e-01
145354.50	1.776e-02	-2.400e-01	-4.176e-01
145355.50	-4.627e-03	-1.536e-03	1.037e-01
145356.50	4.560e-03	2.314e-01	-1.795e-01
145357.50	-6.029e-03	2.928e-01	6.106e-02
145358.50	5.885e-03	1.507e-01	-1.574e-01
145359.50	5.808e-04	-2.621e-01	7.766e-02
145360.50	-4.550e-03	-2.918e-01	2.083e-02
145361.50	-3.514e-04	3.197e-01	1.181e-01
145362.50	-4.022e-03	4.128e-01	1.229e-01
145363.50	4.502e-04	1.555e-01	-1.344e-01
145364.50	1.440e-03	-2.554e-02	8.813e-02
145365.50	-1.306e-02	1.056e-01	2.995e-01
145366.50	-8.266e-03	-7.229e-02	1.171e-01
145367.50	1.142e-03	7.939e-02	-7.507e-02
145368.50	-1.699e-02	2.122e-01	4.838e-01
145369.50	1.334e-02	-7.574e-02	-2.669e-01
145370.50	-1.382e-02	8.064e-02	3.235e-01
145371.50	2.909e-03	4.714e-02	-1.142e-01
145372.50	4.723e-03	1.008e-01	-1.594e-01
145373.50	-3.802e-03	1.085e-02	4.502e-02
145374.50	1.056e-02	3.302e-02	-2.880e-01
145375.50	7.824e-05	2.477e-01	-8.150e-03
145376.50	-1.171e-02	-1.805e-01	1.536e-01
145377.50	4.032e-03	-9.984e-02	-1.334e-01
145378.50	2.717e-03	2.563e-01	-8.947e-02
145379.50	7.238e-03	2.794e-01	-1.728e-01
145380.50	5.539e-03	-1.805e-01	2.304e-02
145381.50	1.574e-03	-2.016e-01	4.426e-02
145382.50	-1.094e-02	8.669e-03	1.526e-01
145383.50	6.144e-03	9.322e-02	-1.814e-01
145384.50	1.248e-05	1.584e-01	1.459e-03
145385.50	-9.254e-03	1.565e-01	1.363e-01
145386.50	4.675e-04	1.440e-02	-4.397e-02
145387.50	-5.261e-03	-9.389e-02	4.013e-02
145388.50	4.013e-04	6.202e-02	-2.179e-02
145389.50	-1.046e-02	2.842e-02	2.458e-01
145390.50	-3.341e-03	-1.805e-01	-8.957e-02
145391.50	-7.382e-03	1.565e-01	2.093e-01
145392.50	2.246e-03	1.814e-01	1.987e-02
145393.50	9.696e-04	2.198e-02	-3.302e-02
145394.50	1.056e-03	-1.469e-01	4.810e-02
145395.50	7.027e-03	1.478e-01	-1.248e-01
145396.50	-1.718e-03	1.603e-01	-3.562e-02
145397.50	2.323e-03	-5.338e-02	-6.998e-02
145398.50	-3.216e-03	-3.773e-02	5.779e-02
145399.50	-3.322e-03	1.997e-01	2.189e-02
145400.50	6.125e-03	2.794e-01	-1.805e-01
145401.50	-1.190e-02	-9.984e-02	2.381e-01
145402.50	1.085e-02	1.066e-01	-2.189e-01
145403.50	-2.429e-03	-1.306e-01	1.738e-01
145404.50	-1.066e-02	-6.691e-02	3.024e-01
145405.50	3.322e-03	-1.882e-01	-8.554e-02
145406.50	-5.251e-03	-8.851e-02	5.146e-02
145407.50	4.243e-03	9.341e-02	-1.094e-01
145408.50	1.718e-03	7.498e-02	1.152e-02
145409.50	5.866e-03	1.901e-02	-1.104e-01
145410.50	-6.941e-03	1.008e-01	8.774e-02
145411.50	-5.856e-03	-5.885e-02	-2.899e-02
145412.50	-8.707e-04	7.949e-02	2.746e-02
145413.50	9.504e-04	-1.210e-01	3.456e-02
145414.50	-4.694e-03	5.664e-02	9.542e-02
145415.50	-2.333e-03	2.765e-02	5.318e-02
145416.50	-2.400e-03	5.030e-02	-5.088e-02
145417.50	-1.795e-03	2.918e-01	6.835e-02
145418.50	-3.936e-03	7.901e-02	1.162e-01
145419.50	8.294e-03	-8.045e-02	-1.622e-01
145420.50	6.605e-03	-1.219e-01	-2.160e-01
145421.50	-1.430e-03	-2.861e-02	-4.896e-02
145422.50	-1.968e-03	1.440e-02	5.750e-02
145423.50	-3.552e-03	-1.258e-01	1.066e-01
145424.50	1.718e-02	4.858e-02	-1.718e-02
145425.50	1.171e-03	-8.371e-02	-1.085e-02
145426.50	2.246e-02	-1.690e-02	-1.536e-01
145427.50	3.302e-03	1.651e-01	-4.157e-02
145428.50	-2.275e-03	4.186e-02	1.085e-01
145429.50	-6.355e-03	5.664e-02	1.670e-01
145430.50	-1.229e-02	2.611e-02	1.920e-01
145431.50	-5.002e-04	-2.006e-01	-6.096e-02
145432.50	5.251e-03	1.248e-02	6.000e-03
145433.50	1.651e-03	-8.707e-02	-5.357e-02
145434.50	-1.709e-03	4.829e-02	-3.062e-02
145435.50	5.366e-03	-1.181e-01	-2.141e-02
145436.50	-9.072e-04	5.491e-02	-2.803e-04
145437.50	-2.429e-03	3.149e-01	-1.958e-02
145438.50	-1.843e-03	-1.421e-02	1.949e-02
145439.50	3.264e-04	1.363e-01	-4.061e-02
145440.50	6.547e-03	2.928e-02	-2.150e-01
145441.50	1.018e-02	-1.450e-01	-1.382e-01
145442.50	-1.574e-02	-6.077e-02	3.024e-01
145443.50	-1.747e-02	-6.672e-02	2.832e-01
145444.50	-4.205e-04	-6.749e-02	1.171e-02
145445.50	2.506e-03	5.021e-02	-8.947e-02
145446.50	4.013e-03	1.114e-01	-4.262e-02
145447.50	-3.034e-03	1.181e-01	1.056e-01
145448.50	-2.957e-03	9.168e-02	1.382e-01
145449.50	-5.837e-05	-1.085e-02	-4.752e-02
145450.50	-6.394e-03	-1.882e-01	1.814e-01
145451.50	3.312e-03	3.264e-02	-9.581e-02
145452.50	1.738e-02	3.821e-02	-3.408e-01
145453.50	-5.059e-03	2.592e-02	1.526e-01
145454.50	1.536e-03	-4.819e-03	-3.053e-02
145455.50	7.181e-03	-2.986e-02	-8.275e-02
145456.50	9.341e-03	8.851e-02	-9.398e-02
145457.50	-6.710e-03	1.123e-01	1.018e-01
145458.50	-1.958e-02	5.021e-02	2.256e-01
145459.50	-4.099e-03	-8.477e-02	7.306e-02
145460.50	-6.058e-03	1.190e-02	1.152e-01
145461.50	8.448e-04	-8.755e-03	-3.360e-02
145462.50	5.299e-03	-1.344e-01	-2.477e-02
145463.50	4.042e-03	3.034e-02	-5.750e-02
145464.50	-7.498e-03	-1.642e-01	1.632e-01
145465.50	4.378e-03	5.856e-02	-3.446e-02
145466.50	6.979e-03	7.382e-02	-4.723e-02
145467.50	1.238e-02	9.216e-02	-2.122e-01
145468.50	-8.026e-03	-2.026e-01	-1.114e-01
145469.50	2.899e-04	7.219e-03	-4.896e-02
145470.50	3.984e-03	1.056e-01	-6.730e-02
145471.50	-1.622e-03	-7.555e-03	-7.046e-03
145472.50	-2.803e-03	5.664e-02	7.891e-02
145473.50	-2.035e-03	1.104e-01	4.675e-02
145474.50	-5.194e-03	1.747e-01	8.410e-02
145475.50	-3.475e-03	-2.237e-02	8.746e-02
145476.50	1.478e-03	-1.862e-01	2.698e-02
145477.50	7.171e-04	-6.442e-02	-1.757e-02
145478.50	-1.555e-03	9.168e-02	-2.304e-02
145479.50	-3.830e-03	1.978e-01	4.464e-02
145480.50	-4.157e-03	-1.430e-02	-7.920e-02
145481.50	-1.248e-03	-1.027e-01	-8.304e-02
145482.50	8.419e-03	7.133e-02	-3.331e-02
145483.50	-7.258e-03	-6.470e-02	1.056e-01
145484.50	8.966e-03	-1.027e-02	-9.792e-02
145485.50	-3.763e-03	-2.275e-02	3.139e-02
145486.50	-4.474e-03	4.570e-02	1.258e-02
145487.50	5.021e-03	-5.501e-02	-1.718e-02
145488.50	8.890e-03	9.581e-02	-9.984e-02
145489.50	1.891e-03	9.235e-02	-2.150e-02
145490.50	-3.302e-03	-7.622e-02	9.696e-02
145491.50	-4.541e-03	-2.352e-02	1.421e-02
145492.50	4.656e-03	-7.987e-03	-1.248e-02
145493.50	-4.320e-03	-3.302e-02	7.968e-02
145494.50	-2.189e-03	-1.584e-02	4.896e-02
145495.50	-3.782e-03	-1.882e-02	5.952e-02
145496.50	3.466e-03	3.283e-02	-9.600e-02
145497.50	1.181e-02	-1.862e-02	-1.133e-01
145498.50	4.666e-03	-1.181e-01	3.379e-02
145499.50	-1.498e-02	8.842e-02	2.045e-03
145500.50	6.288e-04	-8.208e-02	4.867e-03
145501.50	-4.234e-03	6.739e-02	5.472e-02
145502.50	-1.258e-03	2.141e-02	4.896e-02
145503.50	-4.186e-03	5.501e-02	6.864e-02
145504.50	-1.546e-02	2.966e-02	2.678e-01
145505.50	4.502e-03	-5.558e-02	-7.565e-02
145506.50	1.008e-02	-1.008e-01	-1.046e-01
145507.50	4.378e-03	-1.392e-01	-7.450e-02
145508.50	-1.949e-04	-5.587e-02	-1.949e-02
145509.50	8.314e-04	4.397e-02	-4.694e-02
145510.50	-5.702e-03	1.190e-01	1.267e-01
145511.50	-3.907e-03	8.813e-02	7.354e-02
145512.50	8.141e-04	6.691e-02	1.018e-02
145513.50	1.229e-02	-5.347e-03	-2.074e-01
145514.50	1.094e-02	-2.064e-02	-2.602e-01
145515.50	6.058e-01	-7.709e-03	-5.837e-01
145516.50	5.904e-01	5.021e-02	-4.858e-01
145517.50	7.219e-03	-9.533e-02	-9.466e-02
145518.50	3.082e-03	4.205e-02	-6.019e-02
145519.50	-6.614e-03	-4.550e-03	1.440e-01
145520.50	2.899e-03	-5.414e-03	5.558e-02
145521.50	6.547e-03	-3.389e-02	-1.181e-01
145522.50	7.891e-04	5.856e-02	-1.430e-02
145523.50	-3.014e-03	7.056e-03	1.805e-02
145524.50	-2.746e-02	1.104e-03	3.370e-03
145525.50	-3.014e-01	1.718e-01	2.179e-01
145526.50	2.304e-03	3.974e-02	-3.859e-02
145527.50	2.477e-03	9.187e-02	-4.138e-02
145528.50	-4.502e-03	4.118e-02	8.573e-02
145529.50	-3.130e-03	7.536e-02	6.211e-02
145530.50	6.787e-04	-1.526e-01	4.781e-02
145531.50	-1.786e-03	-3.466e-02	2.342e-02
145532.50	-6.720e-03	2.333e-02	1.142e-01
145533.50	5.126e-03	-9.792e-03	-1.430e-01
145534.50	6.154e-03	-9.792e-02	-9.274e-02
145535.50	6.346e-04	8.275e-02	1.862e-02
145536.50	4.022e-03	9.792e-04	-2.467e-02
145537.50	1.248e-03	1.046e-01	3.859e-02
145538.50	-5.280e-03	-1.267e-01	1.325e-01
145539.50	-5.328e-03	1.123e-02	6.950e-02
145540.50	-3.350e-03	9.533e-02	6.509e-02
145541.50	8.285e-03	-4.214e-02	5.424e-02
145542.50	-1.286e-03	8.515e-02	-8.870e-02
145543.50	-3.619e-03	7.613e-03	9.110e-02
145544.50	1.526e-03	-4.330e-02	-2.496e-02
145545.50	2.592e-03	-1.075e-01	5.347e-03
145546.50	4.877e-03	-1.555e-02	6.134e-02
145547.50	2.947e-03	5.146e-04	-2.938e-02
145548.50	2.851e-03	-2.256e-02	-2.122e-02
145549.50	2.410e-04	5.472e-02	2.928e-02
145550.50	3.917e-03	-4.800e-02	-3.456e-02
145551.50	-5.722e-03	2.400e-02	-4.598e-02
145552.50	-1.517e-02	9.110e-02	6.278e-02
145553.50	-1.536e-03	2.899e-02	3.888e-03
145554.50	-7.210e-02	-1.123e-01	1.594e-01
145555.50	2.189e-03	-6.000e-02	-5.750e-02
145556.50	-1.997e-03	-2.534e-02	-7.363e-04
145557.50	-1.910e-03	1.267e-01	-2.170e-03
145558.50	8.266e-03	-3.936e-02	-7.834e-02
145559.50	4.483e-03	-3.514e-03	-5.184e-02
145560.50	-3.053e-03	-2.237e-02	7.334e-02
145561.50	8.890e-04	5.194e-02	6.547e-02
145562.50	-6.710e-04	3.494e-03	-1.123e-03
145563.50	1.421e-04	7.987e-02	-1.008e-01
145564.50	2.227e-03	1.786e-02	4.493e-02
145565.50	3.706e-03	-2.822e-02	3.542e-02
145566.50	-4.214e-04	-2.592e-02	-1.238e-02
145567.50	2.035e-04	-1.613e-02	-2.938e-02
145568.50	-2.650e-04	8.640e-03	1.642e-02
145569.50	1.469e-03	-2.400e-02	-2.083e-02
145570.50	3.274e-03	-7.728e-02	1.594e-02
145571.50	-2.707e-03	8.534e-02	-2.525e-02
145572.50	5.971e-03	2.822e-02	-8.890e-02
145573.50	2.525e-03	3.226e-02	-7.747e-02
145574.50	-5.136e-03	6.038e-02	6.941e-02
145575.50	-5.078e-04	6.365e-02	-6.989e-04
145576.50	-3.917e-03	-7.296e-02	1.094e-01
145577.50	-5.933e-03	7.498e-02	9.600e-02
145578.50	-5.280e-03	3.850e-02	2.218e-02
145579.50	-2.006e-04	1.766e-02	-2.928e-02
145580.50	2.717e-03	-2.342e-02	2.390e-02
145581.50	8.333e-03	-5.011e-02	-7.728e-02
145582.50	-4.848e-04	1.622e-02	-3.878e-02
145583.50	-8.640e-02	8.477e-01	-1.920e-02
145584.50	-8.400e-02	8.765e-01	-8.208e-03
145585.50	-8.477e-04	-4.541e-02	1.229e-02
145586.50	1.901e-02	7.181e-02	-9.437e-02
145587.50	-3.178e-01	-1.018e+00	3.120e-01
145588.50	-3.341e-01	-9.792e-01	3.648e-01
145589.50	-7.238e-04	-2.611e-02	2.832e-04
145590.50	3.562e-03	4.570e-02	-5.789e-02
145591.50	-1.075e-03	5.626e-02	5.539e-02
145592.50	3.946e-03	-1.142e-01	-7.968e-02
145593.50	7.171e-03	-6.557e-02	-5.837e-02
145594.50	-8.947e-03	-3.446e-02	9.888e-02
145595.50	-3.053e-03	-2.573e-02	-8.294e-03
145596.50	1.690e-03	-1.776e-02	-2.486e-02
145597.50	6.010e-03	4.454e-02	2.218e-02
145598.50	4.195e-03	1.056e-01	-2.275e-02
145599.50	-2.198e-02	-5.789e-02	6.451e-02
145600.50	-2.333e-03	2.784e-02	4.416e-02
145601.50	7.546e-04	8.506e-02	-3.187e-02
