145003.50	0.000e+00	0.000e+00	0.000e+00
145004.50	0.000e+00	0.000e+00	0.000e+00
145005.50	0.000e+00	0.000e+00	0.000e+00
145006.50	0.000e+00	0.000e+00	0.000e+00
145007.50	0.000e+00	0.000e+00	0.000e+00
145008.50	0.000e+00	0.000e+00	0.000e+00
145009.50	0.000e+00	0.000e+00	0.000e+00
145010.50	0.000e+00	0.000e+00	0.000e+00
145011.50	0.000e+00	0.000e+00	0.000e+00
145012.50	0.000e+00	0.000e+00	0.000e+00
145013.50	0.000e+00	0.000e+00	0.000e+00
145014.50	0.000e+00	0.000e+00	0.000e+00
145015.50	0.000e+00	0.000e+00	0.000e+00
145016.50	0.000e+00	0.000e+00	0.000e+00
145017.50	0.000e+00	0.000e+00	0.000e+00
145018.50	0.000e+00	0.000e+00	0.000e+00
145019.50	0.000e+00	0.000e+00	0.000e+00
145020.50	0.000e+00	0.000e+00	0.000e+00
145021.50	0.000e+00	0.000e+00	0.000e+00
145022.50	0.000e+00	0.000e+00	0.000e+00
145023.50	0.000e+00	0.000e+00	0.000e+00
145024.50	0.000e+00	0.000e+00	0.000e+00
145025.50	0.000e+00	0.000e+00	0.000e+00
145026.50	0.000e+00	0.000e+00	0.000e+00
145027.50	0.000e+00	0.000e+00	0.000e+00
145028.50	0.000e+00	0.000e+00	0.000e+00
145029.50	0.000e+00	0.000e+00	0.000e+00
145030.50	0.000e+00	0.000e+00	0.000e+00
145031.50	0.000e+00	0.000e+00	0.000e+00
145032.50	0.000e+00	0.000e+00	0.000e+00
145033.50	0.000e+00	0.000e+00	0.000e+00
145034.50	0.000e+00	0.000e+00	0.000e+00
145035.50	0.000e+00	0.000e+00	0.000e+00
145036.50	0.000e+00	0.000e+00	0.000e+00
145037.50	0.000e+00	0.000e+00	0.000e+00
145038.50	0.000e+00	0.000e+00	0.000e+00
145039.50	0.000e+00	0.000e+00	0.000e+00
145040.50	0.000e+00	0.000e+00	0.000e+00
145041.50	0.000e+00	0.000e+00	0.000e+00
145042.50	0.000e+00	0.000e+00	0.000e+00
145043.50	0.000e+00	0.000e+00	0.000e+00
145044.50	0.000e+00	0.000e+00	0.000e+00
145045.50	0.000e+00	0.000e+00	0.000e+00
145046.50	0.000e+00	0.000e+00	0.000e+00
145047.50	0.000e+00	0.000e+00	0.000e+00
145048.50	0.000e+00	0.000e+00	0.000e+00
145049.50	0.000e+00	0.000e+00	0.000e+00
145050.50	0.000e+00	0.000e+00	0.000e+00
145051.50	0.000e+00	0.000e+00	0.000e+00
145052.50	0.000e+00	0.000e+00	0.000e+00
145053.50	0.000e+00	0.000e+00	0.000e+00
145054.50	0.000e+00	0.000e+00	0.000e+00
145055.50	0.000e+00	0.000e+00	0.000e+00
145056.50	0.000e+00	0.000e+00	0.000e+00
145057.50	0.000e+00	0.000e+00	0.000e+00
145058.50	0.000e+00	0.000e+00	0.000e+00
145059.50	0.000e+00	0.000e+00	0.000e+00
145060.50	0.000e+00	0.000e+00	0.000e+00
145061.50	0.000e+00	0.000e+00	0.000e+00
145062.50	0.000e+00	0.000e+00	0.000e+00
145063.50	0.000e+00	0.000e+00	0.000e+00
145064.50	0.000e+00	0.000e+00	0.000e+00
145065.50	0.000e+00	0.000e+00	0.000e+00
145066.50	0.000e+00	0.000e+00	0.000e+00
145067.50	0.000e+00	0.000e+00	0.000e+00
145068.50	0.000e+00	0.000e+00	0.000e+00
145069.50	0.000e+00	0.000e+00	0.000e+00
145070.50	0.000e+00	0.000e+00	0.000e+00
145071.50	0.000e+00	0.000e+00	0.000e+00
145072.50	0.000e+00	0.000e+00	0.000e+00
145073.50	0.000e+00	0.000e+00	0.000e+00
145074.50	0.000e+00	0.000e+00	0.000e+00
145075.50	0.000e+00	0.000e+00	0.000e+00
145076.50	0.000e+00	0.000e+00	0.000e+00
145077.50	0.000e+00	0.000e+00	0.000e+00
145078.50	0.000e+00	0.000e+00	0.000e+00
145079.50	0.000e+00	0.000e+00	0.000e+00
145080.50	0.000e+00	0.000e+00	0.000e+00
145081.50	0.000e+00	0.000e+00	0.000e+00
145082.50	0.000e+00	0.000e+00	0.000e+00
145083.50	0.000e+00	0.000e+00	0.000e+00
145084.50	0.000e+00	0.000e+00	0.000e+00
145085.50	0.000e+00	0.000e+00	0.000e+00
145086.50	0.000e+00	0.000e+00	0.000e+00
145087.50	0.000e+00	0.000e+00	0.000e+00
145088.50	0.000e+00	0.000e+00	0.000e+00
145089.50	0.000e+00	0.000e+00	0.000e+00
145090.50	0.000e+00	0.000e+00	0.000e+00
145091.50	0.000e+00	0.000e+00	0.000e+00
145092.50	0.000e+00	0.000e+00	0.000e+00
145093.50	0.000e+00	0.000e+00	0.000e+00
145094.50	0.000e+00	0.000e+00	0.000e+00
145095.50	0.000e+00	0.000e+00	0.000e+00
145096.50	0.000e+00	0.000e+00	0.000e+00
145097.50	0.000e+00	0.000e+00	0.000e+00
145098.50	0.000e+00	0.000e+00	0.000e+00
145099.50	0.000e+00	0.000e+00	0.000e+00
145100.50	0.000e+00	0.000e+00	0.000e+00
145101.50	0.000e+00	0.000e+00	0.000e+00
145102.50	0.000e+00	0.000e+00	0.000e+00
145103.50	0.000e+00	0.000e+00	0.000e+00
145104.50	0.000e+00	0.000e+00	0.000e+00
145105.50	0.000e+00	0.000e+00	0.000e+00
145106.50	-2.957e-07	-3.091e-05	6.854e-06
145107.50	2.064e-04	-9.398e-03	-3.725e-03
145108.50	2.486e-04	-8.746e-04	-2.899e-03
145109.50	-5.395e-04	6.806e-03	1.229e-02
145110.50	-1.680e-05	5.126e-03	-3.082e-04
145111.50	3.974e-06	-2.534e-06	-9.053e-06
145112.50	2.419e-05	2.698e-03	-2.266e-03
145113.50	-6.998e-05	-2.794e-03	6.173e-03
145114.50	2.630e-04	-8.467e-03	-9.322e-03
145115.50	-2.035e-04	6.326e-03	8.563e-03
145116.50	7.594e-04	-7.987e-03	-2.966e-02
145117.50	1.507e-04	-3.427e-02	8.131e-03
145118.50	-5.808e-03	3.696e-02	1.690e-01
145119.50	1.997e-03	-9.408e-02	-5.184e-02
145120.50	6.432e-03	-3.936e-01	-1.181e-01
145121.50	-4.598e-03	3.418e-01	8.381e-02
145122.50	-1.843e-03	2.746e-02	1.536e-01
145123.50	1.306e-03	-1.459e-01	-2.333e-02
145124.50	3.120e-03	-2.774e-01	-2.640e-02
145125.50	9.475e-03	-7.411e-01	-3.955e-01
145126.50	4.387e-03	-2.822e+00	8.026e-01
145127.50	6.470e-02	-1.229e+01	4.858e-02
145128.50	2.304e-01	-4.474e+01	-8.160e-01
145129.50	6.106e-01	-1.123e+02	-6.086e+00
145130.50	1.258e+00	-2.525e+02	-7.190e+00
145131.50	1.824e+00	-4.349e+02	6.806e+00
145132.50	1.795e+00	-3.974e+02	-6.192e+00
145133.50	2.054e+00	-4.675e+02	-6.240e+00
145134.50	9.158e-01	-1.872e+02	-1.056e+01
145135.50	-1.776e-01	6.355e+01	-4.013e+00
145136.50	-7.382e-01	1.536e+02	1.190e+01
145137.50	-6.240e-01	1.565e+02	2.842e+00
145138.50	-5.078e-01	1.334e+02	-8.678e-01
145139.50	-4.435e-01	1.181e+02	-2.621e+00
145140.50	-3.619e-01	1.056e+02	-4.550e+00
145141.50	-4.454e-01	8.890e+01	6.931e+00
145142.50	-4.147e-01	8.592e+01	3.811e+00
145143.50	-2.870e-01	7.171e+01	-3.168e-01
145144.50	-2.563e-01	6.422e+01	-2.438e+00
145145.50	-2.026e-01	6.038e+01	-4.378e+00
145146.50	-2.102e-01	5.606e+01	-2.534e+00
145147.50	-3.101e-01	5.194e+01	5.059e+00
145148.50	-1.824e-01	4.666e+01	-1.363e+00
145149.50	-2.035e-01	4.061e+01	1.958e+00
145150.50	-1.766e-01	3.811e+01	3.792e-01
145151.50	-2.448e-01	3.600e+01	6.125e+00
145152.50	-1.814e-01	3.072e+01	2.842e+00
145153.50	-1.258e-01	2.947e+01	-6.163e-01
145154.50	-1.066e-01	2.621e+01	-1.478e+00
145155.50	-1.066e-01	2.208e+01	7.930e-01
145156.50	-6.480e-02	2.227e+01	-2.400e+00
145157.50	-9.427e-02	2.285e+01	-6.182e-01
145158.50	-9.888e-02	2.275e+01	1.104e-01
145159.50	-1.411e-01	2.237e+01	2.371e+00
145160.50	-1.018e-01	1.613e+01	1.642e+00
145161.50	-1.104e-01	1.786e+01	1.536e+00
145162.50	-7.718e-02	1.901e+01	-1.632e+00
145163.50	-5.702e-02	1.498e+01	-5.914e-01
145164.50	-5.674e-02	1.296e+01	-3.946e-01
145165.50	-8.707e-02	1.334e+01	1.325e+00
145166.50	-4.714e-02	9.888e+00	-5.626e-01
145167.50	-5.472e-02	1.085e+01	-1.862e-01
145168.50	-6.317e-02	1.248e+01	1.094e-01
145169.50	-6.278e-02	1.027e+01	1.574e+00
145170.50	-6.874e-02	1.066e+01	1.277e+00
145171.50	-4.618e-02	8.573e+00	7.555e-01
145172.50	-6.470e-02	9.600e+00	1.402e+00
145173.50	-5.280e-02	8.861e+00	3.043e-01
145174.50	-5.040e-02	6.941e+00	1.066e+00
145175.50	-6.154e-02	7.152e+00	1.690e+00
145176.50	-5.395e-02	7.718e+00	2.650e-01
145177.50	-1.622e-02	7.651e+00	-1.738e+00
145178.50	-1.920e-02	5.414e+00	-9.120e-02
145179.50	-3.466e-02	3.946e+00	4.186e-01
145180.50	-2.179e-02	3.984e+00	6.499e-01
145181.50	-4.320e-02	7.056e+00	9.984e-02
145182.50	-9.696e-03	4.742e+00	-5.875e-01
145183.50	-3.408e-02	6.307e+00	3.206e-01
145184.50	-3.514e-02	3.936e+00	7.094e-01
145185.50	-2.525e-02	4.675e+00	-5.587e-01
145186.50	-1.978e-02	3.734e+00	1.574e-01
145187.50	-2.064e-02	4.666e+00	4.109e-01
145188.50	-4.992e-02	4.445e+00	1.987e+00
145189.50	-2.650e-02	4.157e+00	-3.629e-01
145190.50	-1.930e-02	2.371e+00	2.544e-02
145191.50	-7.699e-03	2.592e+00	-2.563e-01
145192.50	-1.152e-02	3.984e+00	2.525e-01
145193.50	-2.851e-02	2.323e+00	1.056e+00
145194.50	-1.085e-02	2.870e+00	-2.688e-02
145195.50	-1.747e-02	2.045e+00	-4.454e-02
145196.50	-8.678e-03	1.776e+00	-3.840e-01
145197.50	-9.053e-03	2.890e+00	7.728e-02
145198.50	-3.571e-03	2.381e+00	-1.190e+00
145199.50	-1.699e-02	1.699e+00	3.734e-01
145200.50	-1.450e-02	2.026e+00	-1.085e-01
145201.50	-3.312e-02	3.005e+00	7.642e-01
145202.50	6.605e-04	2.054e+00	-7.334e-01
145203.50	-5.203e-03	2.400e+00	-8.861e-01
145204.50	3.005e-03	1.632e+00	-3.974e-01
145205.50	-1.757e-02	1.440e+00	7.747e-01
145206.50	-1.306e-02	1.277e+00	6.058e-01
145207.50	-1.334e-02	9.600e-01	4.349e-01
145208.50	-1.546e-03	7.315e-01	-4.310e-01
145209.50	-2.102e-02	1.526e+00	2.208e-01
145210.50	-6.950e-03	1.642e+00	3.456e-01
145211.50	-8.218e-03	1.958e+00	-3.504e-01
145212.50	-7.392e-03	1.210e+00	3.917e-01
145213.50	-1.987e-03	1.094e+00	-3.552e-01
145214.50	-1.229e-02	1.238e+00	2.803e-01
145215.50	-7.363e-03	9.696e-01	6.173e-01
145216.50	-4.723e-03	1.315e+00	-4.858e-01
145217.50	-8.986e-03	9.696e-01	-8.938e-02
145218.50	-6.384e-03	5.750e-01	3.974e-01
145219.50	-1.267e-02	1.027e+00	3.936e-01
145220.50	-3.658e-03	6.029e-01	-3.120e-01
145221.50	4.176e-03	8.602e-01	-5.491e-01
145222.50	7.594e-03	5.539e-01	-9.379e-01
145223.50	-1.248e-02	3.139e-01	8.102e-01
145224.50	-6.086e-03	9.600e-01	2.976e-01
145225.50	-1.373e-02	8.093e-01	-7.392e-03
145226.50	-2.640e-03	4.637e-01	-7.958e-02
145227.50	-7.814e-03	1.382e+00	-4.982e-02
145228.50	2.266e-03	5.117e-01	-3.418e-01
145229.50	-2.054e-02	3.475e-02	3.043e-01
145230.50	9.341e-03	3.504e-01	-8.275e-01
145231.50	1.680e-02	9.888e-01	2.112e-01
145232.50	-2.333e-02	9.110e-01	7.027e-01
145233.50	1.027e-03	1.392e-01	1.507e-01
145234.50	2.525e-03	4.810e-01	3.437e-03
145235.50	-3.360e-03	3.802e-01	-2.563e-01
145236.50	-4.214e-02	5.645e-01	1.824e-01
145237.50	-5.414e-03	5.136e-01	2.333e-01
145238.50	7.344e-03	1.853e-01	3.350e-01
145239.50	-4.858e-03	4.934e-01	-3.456e-01
145240.50	4.426e-03	6.336e-01	-3.638e-01
145241.50	-1.027e-02	1.661e-01	-1.507e-01
145242.50	-1.286e-02	5.021e-01	5.203e-02
145243.50	-4.320e-03	6.826e-01	9.149e-03
145244.50	1.171e-02	6.998e-01	3.110e-01
145245.50	2.122e-02	-1.728e-01	-1.296e-01
145246.50	-1.382e-02	7.363e-02	1.728e-01
145247.50	1.747e-03	3.523e-02	3.418e-02
145248.50	4.598e-03	7.171e-01	-2.899e-01
145249.50	-9.475e-03	7.162e-01	-1.277e-02
145250.50	-2.438e-03	2.400e-01	7.421e-02
145251.50	2.477e-04	1.910e-01	2.755e-01
145252.50	-7.949e-04	2.323e-01	-2.102e-02
145253.50	2.621e-03	2.957e-01	-1.882e-01
145254.50	-8.746e-03	5.971e-01	2.112e-01
145255.50	5.750e-04	1.805e-01	-7.872e-02
145256.50	1.286e-04	-1.373e-01	-1.882e-01
145257.50	1.210e-03	-1.670e-01	-2.218e-01
145258.50	-7.229e-03	6.442e-01	4.570e-01
145259.50	3.773e-03	3.178e-02	-2.640e-01
145260.50	-4.224e-03	-1.258e-01	-1.286e-01
145261.50	1.872e-03	1.478e-01	1.670e-01
145262.50	-3.312e-03	2.794e-01	2.218e-01
145263.50	-3.293e-03	6.672e-01	-2.122e-02
145264.50	-5.261e-03	5.789e-01	1.085e-01
145265.50	-7.181e-03	4.426e-01	1.555e-01
145266.50	-1.258e-02	1.958e-01	2.189e-01
145267.50	3.888e-03	-7.498e-02	-3.658e-01
145268.50	2.544e-02	1.027e-01	1.354e-01
145269.50	-4.253e-03	2.822e-01	-4.704e-03
145270.50	-1.939e-04	1.958e-02	9.418e-02
145271.50	-2.083e-02	9.082e-02	-8.794e-02
145272.50	-8.179e-03	-9.168e-02	4.944e-02
145273.50	-1.670e-03	1.382e-01	-3.149e-03
145274.50	1.450e-03	2.467e-01	2.995e-02
145275.50	-3.792e-03	1.037e-01	1.075e-01
145276.50	-2.774e-03	2.237e-01	8.006e-02
145277.50	4.502e-03	-2.573e-01	-1.478e-01
145278.50	2.784e-03	3.821e-01	-1.709e-01
145279.50	1.872e-02	3.696e-01	1.248e-01
145280.50	-3.878e-03	4.205e-01	3.610e-02
145281.50	-7.037e-03	-3.370e-01	8.659e-02
145282.50	1.267e-03	1.526e-01	-4.464e-01
145283.50	-6.077e-03	-4.838e-02	9.600e-02
145284.50	-2.544e-03	4.858e-02	-2.909e-02
145285.50	-3.427e-03	5.606e-01	9.360e-02
145286.50	2.342e-03	-1.133e-01	-8.755e-03
145287.50	-3.754e-03	-1.094e-01	1.478e-01
145288.50	-6.115e-03	1.018e-01	8.976e-02
145289.50	-2.544e-03	5.040e-01	5.184e-03
145290.50	5.290e-03	2.352e-01	-2.573e-01
145291.50	-6.269e-03	-1.450e-01	2.064e-02
145292.50	-1.862e-03	-2.621e-02	9.398e-02
145293.50	1.142e-02	1.824e-01	-1.469e-01
145294.50	2.170e-03	-1.325e-01	2.650e-01
145295.50	-6.701e-03	-1.805e-02	1.334e-01
145296.50	-1.872e-03	2.045e-01	-4.243e-02
145297.50	-6.000e-03	4.742e-01	9.264e-02
145298.50	2.861e-04	-5.318e-02	-2.938e-02
145299.50	4.829e-03	-1.171e-01	-1.325e-01
145300.50	1.814e-03	-2.870e-02	-1.296e-01
145301.50	-5.635e-03	3.293e-01	1.555e-01
145302.50	-9.571e-03	2.410e-01	7.344e-02
145303.50	3.139e-03	-1.814e-01	-2.026e-01
145304.50	1.498e-03	1.786e-01	-4.531e-02
145305.50	-2.861e-03	2.026e-01	-8.026e-02
145306.50	8.381e-03	-1.555e-01	-9.446e-02
145307.50	-6.518e-03	2.429e-01	5.443e-01
145308.50	-5.482e-03	4.531e-02	6.576e-02
145309.50	8.822e-03	-1.872e-02	-3.370e-01
145310.50	3.379e-03	-1.882e-01	-3.715e-02
145311.50	-2.842e-03	6.480e-02	2.736e-01
145312.50	7.392e-03	1.075e-02	-9.379e-02
145313.50	-3.504e-03	2.640e-01	-1.853e-02
145314.50	-5.894e-03	1.507e-01	6.106e-02
145315.50	4.810e-03	1.958e-01	-2.074e-01
145316.50	-6.806e-04	2.842e-02	1.469e-01
145317.50	-1.786e-02	-2.304e-01	-1.008e-01
145318.50	-3.389e-03	9.130e-02	3.120e-01
145319.50	4.579e-03	8.813e-02	2.141e-01
145320.50	3.053e-03	-1.728e-01	1.190e-01
145321.50	5.290e-03	-2.496e-01	-6.432e-02
145322.50	-5.904e-03	4.070e-01	6.912e-02
145323.50	-3.408e-03	1.286e-01	1.853e-01
145324.50	-2.141e-03	9.427e-02	-6.211e-03
145325.50	-5.386e-03	1.277e-01	1.229e-01
145326.50	5.366e-03	1.210e-01	-2.045e-01
145327.50	-3.178e-03	1.200e-01	-1.085e-01
145328.50	-5.002e-03	2.093e-01	1.094e-01
145329.50	-3.485e-03	1.690e-01	-2.026e-01
145330.50	1.181e-03	-2.122e-01	-1.248e-01
145331.50	9.888e-04	-1.181e-01	7.507e-02
145332.50	-1.507e-03	1.574e-02	2.141e-01
145333.50	-1.219e-05	9.888e-02	2.611e-01
145334.50	-1.939e-03	2.659e-02	2.755e-03
145335.50	3.533e-03	4.742e-02	-2.074e-01
145336.50	-1.776e-03	-1.853e-05	1.296e-01
145337.50	4.733e-04	1.507e-02	3.187e-02
145338.50	-4.435e-03	-9.888e-02	3.773e-02
145339.50	9.245e-04	5.837e-02	-1.622e-01
145340.50	-2.410e-04	8.765e-02	9.360e-02
145341.50	3.686e-02	8.506e-02	2.870e-01
145342.50	-2.851e-02	-8.256e-02	-7.651e-02
145343.50	2.515e-04	9.888e-02	-3.101e-01
145344.50	-2.794e-03	-1.651e-01	5.107e-02
145345.50	-3.034e-03	3.264e-02	-5.962e-02
145346.50	-1.738e-03	-1.968e-01	7.517e-04
145347.50	1.430e-03	-2.198e-02	3.907e-02
145348.50	-4.397e-03	1.286e-01	-7.738e-02
145349.50	-1.574e-03	7.219e-02	1.814e-03
145350.50	-1.574e-03	1.123e-01	2.045e-01
145351.50	6.950e-03	1.094e-01	-8.410e-02
145352.50	5.808e-03	-1.440e-01	-1.853e-01
145353.50	-1.258e-02	-6.682e-02	2.131e-01
145354.50	-1.114e-02	1.286e-01	-6.278e-02
145355.50	-1.133e-03	-2.880e-03	9.504e-02
145356.50	-2.765e-03	-2.794e-02	7.296e-03
145357.50	4.560e-03	-8.698e-02	-1.680e-02
145358.50	3.552e-04	1.997e-01	-3.341e-02
145359.50	5.174e-03	-1.056e-02	-4.858e-04
145360.50	3.158e-03	1.795e-01	-8.986e-02
145361.50	-8.237e-03	6.355e-02	-4.666e-02
145362.50	-2.477e-03	-7.018e-02	3.091e-02
145363.50	-1.066e-04	1.008e-01	5.347e-02
145364.50	5.347e-03	2.170e-02	6.950e-02
145365.50	-1.536e-03	1.190e-01	6.029e-02
145366.50	-6.269e-04	-9.600e-02	2.400e-02
145367.50	6.806e-03	-1.190e-01	-1.517e-01
145368.50	-4.003e-03	-1.459e-01	1.142e-02
145369.50	-3.514e-04	7.728e-02	1.181e-01
145370.50	4.032e-03	2.774e-02	-1.747e-01
145371.50	-3.101e-03	1.104e-01	-2.938e-02
145372.50	-8.602e-04	2.678e-02	-5.683e-02
145373.50	-2.477e-03	3.715e-02	-3.715e-02
145374.50	-4.320e-04	4.099e-02	-2.160e-02
145375.50	-7.334e-04	1.354e-01	-1.037e-01
145376.50	-2.237e-03	-4.205e-03	-2.822e-02
145377.50	2.074e-03	-2.160e-01	6.662e-02
145378.50	1.930e-03	2.496e-02	4.848e-02
145379.50	-6.835e-03	6.173e-02	1.670e-01
145380.50	3.427e-03	1.632e-02	-7.334e-02
145381.50	5.357e-03	-1.786e-03	4.944e-03
145382.50	2.026e-03	-1.334e-01	-1.546e-02
145383.50	2.150e-04	-3.446e-02	-4.013e-02
145384.50	-5.443e-04	-4.589e-02	-5.894e-02
145385.50	-1.728e-03	1.402e-01	6.250e-02
145386.50	3.120e-03	-4.493e-02	2.160e-02
145387.50	-5.338e-04	-1.574e-01	-5.664e-02
145388.50	1.085e-03	8.467e-03	-2.198e-01
145389.50	-1.123e-03	7.123e-02	9.082e-02
145390.50	-4.790e-03	-1.190e-01	2.333e-01
145391.50	-2.611e-03	6.758e-02	4.896e-02
145392.50	-4.310e-03	1.776e-01	8.458e-02
145393.50	5.606e-03	9.888e-02	-2.688e-01
145394.50	3.475e-03	-4.838e-02	-9.110e-02
145395.50	3.974e-03	-4.243e-02	-4.762e-02
145396.50	2.102e-03	6.461e-03	-6.192e-02
145397.50	-2.170e-03	9.792e-02	2.381e-01
145398.50	-4.781e-03	1.037e-01	-3.581e-02
145399.50	2.477e-03	-4.051e-02	-4.877e-02
145400.50	-4.118e-03	8.074e-02	8.410e-02
145401.50	-3.552e-03	-8.006e-02	1.142e-01
145402.50	-1.440e-03	6.672e-02	6.576e-02
145403.50	2.208e-03	5.558e-02	-5.856e-02
145404.50	-1.853e-04	3.946e-02	4.550e-02
145405.50	1.008e-03	5.280e-02	-2.371e-02
145406.50	7.469e-03	-1.709e-01	-1.373e-02
145407.50	6.278e-03	-9.504e-02	-1.210e-01
145408.50	2.563e-03	-6.048e-02	4.829e-03
145409.50	-4.810e-04	1.373e-01	-1.037e-01
145410.50	-9.485e-04	7.738e-02	2.803e-02
145411.50	-2.851e-03	4.963e-02	1.162e-01
145412.50	-2.131e-03	8.064e-02	2.477e-02
145413.50	1.421e-03	-4.829e-02	-7.814e-02
145414.50	1.085e-03	-6.048e-02	-1.843e-02
145415.50	1.056e-03	-1.469e-01	-9.533e-02
145416.50	1.142e-02	-1.939e-02	1.267e-02
145417.50	6.499e-03	1.546e-01	7.286e-02
145418.50	3.168e-04	-5.136e-02	-1.258e-01
145419.50	1.699e-05	4.512e-02	-3.926e-02
145420.50	1.334e-03	4.810e-02	7.382e-02
145421.50	-4.531e-03	2.717e-02	8.198e-02
145422.50	3.082e-03	-8.554e-02	-2.966e-02
145423.50	3.811e-03	3.974e-02	-1.526e-01
145424.50	5.261e-03	1.075e-01	-5.501e-02
145425.50	-8.227e-04	-2.419e-02	8.016e-02
145426.50	1.229e-03	-7.056e-02	-6.259e-04
145427.50	3.274e-03	-4.176e-02	1.824e-01
145428.50	1.594e-02	-3.869e-02	-6.374e-02
145429.50	5.328e-05	-9.274e-03	-1.315e-01
145430.50	2.342e-03	1.440e-01	3.619e-03
145431.50	-1.142e-03	4.435e-02	7.046e-02
145432.50	2.890e-03	-7.882e-02	5.770e-02
145433.50	-2.755e-03	9.302e-02	-3.619e-02
145434.50	5.539e-03	-4.790e-02	7.853e-03
145435.50	-2.342e-03	9.293e-03	4.829e-02
145436.50	1.142e-03	1.133e-01	-7.584e-02
145437.50	5.146e-04	-3.034e-03	4.704e-02
145438.50	-1.210e-03	-4.042e-02	1.066e-01
145439.50	-6.029e-03	-1.133e-01	7.392e-02
145440.50	-1.075e-03	-2.611e-02	-4.694e-02
145441.50	-8.861e-04	-9.197e-02	-2.419e-02
145442.50	-5.914e-03	-1.027e-01	1.546e-02
145443.50	-3.658e-04	1.507e-01	-4.790e-02
145444.50	1.450e-02	6.710e-02	-2.218e-02
145445.50	6.048e-03	1.133e-01	-1.066e-01
145446.50	1.622e-03	-1.238e-01	3.974e-03
145447.50	4.742e-03	-1.123e-01	-1.440e-02
145448.50	-2.525e-03	4.003e-02	6.864e-03
145449.50	-4.502e-03	1.162e-01	-4.694e-02
145450.50	-5.760e-03	1.872e-01	-2.323e-02
145451.50	2.506e-02	1.104e-01	-1.584e-01
145452.50	4.915e-03	1.450e-02	-2.438e-02
145453.50	3.994e-04	-7.498e-02	-4.195e-02
145454.50	8.198e-03	-7.459e-02	6.634e-03
145455.50	1.008e-02	2.006e-02	-2.266e-02
145456.50	-8.784e-04	-2.698e-02	3.830e-02
145457.50	1.901e-02	4.570e-02	-1.267e-01
145458.50	5.539e-03	1.286e-01	-2.765e-02
145459.50	-4.339e-02	4.560e-02	3.216e-01
145460.50	-2.218e-02	-9.398e-03	7.075e-02
145461.50	-6.144e-03	4.848e-03	-6.739e-02
145462.50	8.342e-03	-1.286e-02	-2.227e-02
145463.50	1.421e-02	-4.771e-02	-5.347e-02
145464.50	3.187e-03	5.424e-02	3.984e-02
145465.50	-3.053e-02	-7.536e-02	1.622e-01
145466.50	5.424e-04	4.358e-03	1.978e-02
145467.50	1.651e-03	-7.315e-02	-1.075e-01
145468.50	-5.933e-04	-3.725e-02	-1.018e-01
145469.50	2.918e-03	-1.584e-02	-1.344e-01
145470.50	-1.757e-03	8.602e-02	-1.440e-02
145471.50	1.171e-02	-2.496e-02	8.342e-02
145472.50	6.864e-03	-3.821e-02	-6.317e-02
145473.50	1.354e-02	-4.291e-02	-9.120e-02
145474.50	-2.333e-02	-2.112e-02	1.709e-01
145475.50	-3.466e-04	-2.573e-02	-7.776e-02
145476.50	-2.870e-03	-1.392e-01	-1.517e-02
145477.50	-1.286e-03	-1.162e-02	-5.040e-02
145478.50	-2.179e-03	-9.696e-02	1.450e-02
145479.50	1.565e-03	2.333e-02	7.478e-02
145480.50	4.042e-02	1.603e-01	-1.459e-01
145481.50	3.802e-03	2.678e-02	3.715e-02
145482.50	4.550e-03	-2.045e-02	5.702e-02
145483.50	-4.742e-03	-5.059e-03	6.403e-02
145484.50	1.651e-02	2.045e-01	1.037e-01
145485.50	-4.032e-02	-1.152e-01	1.920e-01
145486.50	-1.613e-02	-1.546e-01	-3.965e-02
145487.50	-1.709e-02	-4.253e-02	-7.670e-02
145488.50	2.995e-03	-8.736e-02	3.427e-02
145489.50	3.293e-03	7.488e-02	-9.888e-02
145490.50	-1.162e-03	-3.379e-02	1.459e-01
145491.50	-5.078e-04	-4.051e-02	5.136e-02
145492.50	-2.995e-03	9.888e-02	8.813e-03
145493.50	-3.254e-03	4.877e-02	-3.562e-02
145494.50	-4.838e-04	5.050e-02	-5.539e-02
145495.50	3.024e-04	1.459e-03	5.990e-02
145496.50	-7.085e-03	-1.891e-02	4.147e-02
145497.50	-5.222e-03	-7.114e-02	-4.435e-02
145498.50	2.986e-03	-3.840e-02	-1.267e-01
145499.50	-1.430e-04	1.094e-01	-5.213e-02
145500.50	-8.141e-04	9.322e-02	-2.813e-02
145501.50	-1.142e-03	4.618e-02	8.986e-02
145502.50	-1.354e-03	2.333e-04	7.181e-02
145503.50	-6.250e-04	-3.658e-02	2.362e-02
145504.50	-1.949e-03	-7.344e-02	-3.437e-02
145505.50	-9.571e-04	-5.904e-02	1.248e-02
145506.50	5.443e-04	1.565e-01	-3.034e-02
145507.50	1.277e-03	1.104e-01	-1.440e-02
145508.50	7.306e-03	-3.398e-02	-1.930e-01
145509.50	8.285e-03	-3.734e-02	-4.838e-02
145510.50	4.464e-03	-1.162e-01	1.162e-01
145511.50	8.189e-03	1.344e-01	3.024e-03
145512.50	-6.643e-03	-6.768e-02	3.533e-02
145513.50	-1.536e-02	-1.574e-01	4.752e-03
145514.50	3.715e-03	-6.826e-02	-4.214e-02
145515.50	-3.648e-03	1.478e-01	8.621e-02
145516.50	-4.128e-02	9.792e-02	1.344e-01
145517.50	2.813e-03	-4.675e-03	-4.243e-02
145518.50	6.192e-04	4.397e-02	-3.686e-02
145519.50	-2.208e-03	-3.350e-02	-4.166e-02
145520.50	-3.302e-03	-3.590e-02	4.118e-02
145521.50	5.155e-04	1.210e-02	2.198e-03
145522.50	2.141e-03	-2.832e-02	-2.659e-02
145523.50	-3.024e-03	1.181e-01	-1.920e-02
145524.50	-2.016e-03	2.832e-02	-4.858e-02
145525.50	-2.995e-03	9.091e-04	4.099e-02
145526.50	2.640e-03	-9.235e-02	-3.629e-03
145527.50	8.342e-03	4.128e-02	1.853e-02
145528.50	-1.344e-02	3.466e-02	-1.354e-02
145529.50	-7.824e-03	-3.590e-02	2.736e-02
145530.50	2.093e-03	-5.683e-03	4.771e-02
145531.50	1.325e-02	-3.552e-02	-5.731e-02
145532.50	-1.085e-02	9.350e-02	4.992e-02
145533.50	-5.818e-03	1.632e-03	9.110e-02
145534.50	-4.531e-03	2.285e-02	9.533e-02
145535.50	-4.742e-03	-1.363e-01	2.026e-02
145536.50	2.746e-03	-2.966e-02	-3.677e-02
145537.50	-2.371e-02	5.664e-02	-3.245e-02
145538.50	9.283e-03	-9.888e-02	1.603e-02
145539.50	-3.245e-03	7.603e-02	3.082e-03
145540.50	3.619e-03	7.565e-02	9.984e-03
145541.50	3.014e-03	-7.920e-02	9.226e-02
145542.50	-1.229e-03	3.514e-03	1.123e-02
145543.50	7.325e-04	3.974e-02	4.166e-02
145544.50	2.429e-03	-5.539e-03	-8.016e-02
145545.50	1.613e-03	1.123e-01	-5.549e-02
145546.50	-6.595e-03	-1.027e-02	-1.440e-02
145547.50	-2.054e-03	-4.214e-02	1.219e-02
145548.50	1.632e-03	4.186e-03	2.544e-02
145549.50	-1.075e-03	-1.776e-02	-1.738e-02
145550.50	-1.728e-03	-6.394e-03	-5.722e-02
145551.50	-9.485e-04	-4.570e-02	-8.909e-02
145552.50	4.032e-03	-8.784e-02	-8.592e-02
145553.50	3.293e-03	-7.382e-02	8.861e-02
145554.50	9.984e-04	9.206e-02	-2.227e-02
145555.50	-4.483e-03	-1.622e-02	5.347e-02
145556.50	8.314e-04	1.315e-02	4.128e-02
145557.50	4.848e-03	-2.698e-03	1.507e-03
145558.50	-1.949e-04	9.888e-02	2.928e-02
145559.50	-4.944e-03	-8.362e-02	5.539e-02
145560.50	-6.730e-04	-3.600e-02	7.085e-02
145561.50	-2.294e-03	8.918e-02	-4.541e-04
145562.50	2.784e-03	-1.526e-02	-8.525e-02
145563.50	-1.171e-02	4.157e-03	6.250e-02
145564.50	-4.070e-03	1.786e-02	-1.776e-02
145565.50	5.923e-04	-8.198e-03	-3.485e-02
145566.50	-3.898e-03	1.853e-02	1.949e-02
145567.50	7.987e-03	2.064e-03	-9.792e-03
145568.50	-5.290e-03	-8.342e-02	1.766e-03
145569.50	1.344e-03	1.085e-01	3.917e-02
145570.50	1.632e-02	1.037e-01	-1.248e-02
145571.50	3.062e-02	1.094e-01	-6.643e-02
145572.50	-8.813e-03	-1.536e-01	3.466e-02
145573.50	-5.270e-03	-6.710e-02	7.872e-04
145574.50	-9.888e-05	1.488e-02	-8.621e-02
145575.50	-1.498e-02	-5.626e-02	5.136e-02
145576.50	1.517e-03	7.027e-02	7.238e-02
145577.50	5.597e-04	2.717e-02	1.622e-02
145578.50	-3.898e-03	-9.600e-04	-9.053e-03
145579.50	1.930e-03	-1.354e-02	-5.357e-02
145580.50	7.200e-03	-1.469e-03	-2.122e-02
145581.50	-4.070e-03	1.843e-03	4.070e-02
145582.50	-2.054e-02	1.066e-02	4.858e-02
145583.50	4.915e-04	2.400e-02	-6.413e-02
145584.50	2.477e-04	2.400e-02	1.229e-02
145585.50	-3.350e-03	7.910e-03	4.109e-02
145586.50	-1.574e-04	1.853e-02	-1.632e-02
145587.50	1.632e-03	-2.525e-02	4.666e-03
145588.50	5.376e-03	-4.378e-02	3.898e-02
145589.50	3.850e-03	-1.939e-02	-5.558e-02
145590.50	2.266e-03	-2.726e-02	3.014e-02
145591.50	6.250e-03	-1.939e-02	-1.190e-03
145592.50	1.488e-03	9.226e-03	3.965e-02
145593.50	-7.670e-03	-1.642e-02	6.221e-02
145594.50	5.914e-03	-5.990e-04	-5.328e-03
145595.50	-9.792e-04	5.405e-02	-3.178e-02
145596.50	-1.046e-02	-7.891e-02	-2.064e-02
145597.50	-8.496e-03	1.181e-01	2.765e-02
145598.50	-6.576e-03	-2.621e-02	-6.960e-02
145599.50	-3.053e-02	1.094e-01	1.258e-03
145600.50	1.488e-02	-2.966e-02	6.259e-03
145601.50	3.965e-02	-4.675e-02	-1.488e-01
