145003.50	0.000e+00	0.000e+00	0.000e+00
145004.50	0.000e+00	0.000e+00	0.000e+00
145005.50	0.000e+00	0.000e+00	0.000e+00
145006.50	0.000e+00	0.000e+00	0.000e+00
145007.50	0.000e+00	0.000e+00	0.000e+00
145008.50	0.000e+00	0.000e+00	0.000e+00
145009.50	0.000e+00	0.000e+00	0.000e+00
145010.50	0.000e+00	0.000e+00	0.000e+00
145011.50	0.000e+00	0.000e+00	0.000e+00
145012.50	0.000e+00	0.000e+00	0.000e+00
145013.50	0.000e+00	0.000e+00	0.000e+00
145014.50	0.000e+00	0.000e+00	0.000e+00
145015.50	0.000e+00	0.000e+00	0.000e+00
145016.50	0.000e+00	0.000e+00	0.000e+00
145017.50	0.000e+00	0.000e+00	0.000e+00
145018.50	0.000e+00	0.000e+00	0.000e+00
145019.50	0.000e+00	0.000e+00	0.000e+00
145020.50	0.000e+00	0.000e+00	0.000e+00
145021.50	0.000e+00	0.000e+00	0.000e+00
145022.50	0.000e+00	0.000e+00	0.000e+00
145023.50	0.000e+00	0.000e+00	0.000e+00
145024.50	0.000e+00	0.000e+00	0.000e+00
145025.50	0.000e+00	0.000e+00	0.000e+00
145026.50	0.000e+00	0.000e+00	0.000e+00
145027.50	0.000e+00	0.000e+00	0.000e+00
145028.50	0.000e+00	0.000e+00	0.000e+00
145029.50	0.000e+00	0.000e+00	0.000e+00
145030.50	0.000e+00	0.000e+00	0.000e+00
145031.50	0.000e+00	0.000e+00	0.000e+00
145032.50	0.000e+00	0.000e+00	0.000e+00
145033.50	0.000e+00	0.000e+00	0.000e+00
145034.50	0.000e+00	0.000e+00	0.000e+00
145035.50	0.000e+00	0.000e+00	0.000e+00
145036.50	0.000e+00	0.000e+00	0.000e+00
145037.50	0.000e+00	0.000e+00	0.000e+00
145038.50	0.000e+00	0.000e+00	0.000e+00
145039.50	0.000e+00	0.000e+00	0.000e+00
145040.50	0.000e+00	0.000e+00	0.000e+00
145041.50	0.000e+00	0.000e+00	0.000e+00
145042.50	0.000e+00	0.000e+00	0.000e+00
145043.50	0.000e+00	0.000e+00	0.000e+00
145044.50	0.000e+00	0.000e+00	0.000e+00
145045.50	0.000e+00	0.000e+00	0.000e+00
145046.50	0.000e+00	0.000e+00	0.000e+00
145047.50	0.000e+00	0.000e+00	0.000e+00
145048.50	0.000e+00	0.000e+00	0.000e+00
145049.50	0.000e+00	0.000e+00	0.000e+00
145050.50	0.000e+00	0.000e+00	0.000e+00
145051.50	0.000e+00	0.000e+00	0.000e+00
145052.50	0.000e+00	0.000e+00	0.000e+00
145053.50	0.000e+00	0.000e+00	0.000e+00
145054.50	0.000e+00	0.000e+00	0.000e+00
145055.50	0.000e+00	0.000e+00	0.000e+00
145056.50	0.000e+00	0.000e+00	0.000e+00
145057.50	0.000e+00	0.000e+00	0.000e+00
145058.50	0.000e+00	0.000e+00	0.000e+00
145059.50	0.000e+00	0.000e+00	0.000e+00
145060.50	0.000e+00	0.000e+00	0.000e+00
145061.50	0.000e+00	0.000e+00	0.000e+00
145062.50	0.000e+00	0.000e+00	0.000e+00
145063.50	0.000e+00	0.000e+00	0.000e+00
145064.50	0.000e+00	0.000e+00	0.000e+00
145065.50	0.000e+00	0.000e+00	0.000e+00
145066.50	0.000e+00	0.000e+00	0.000e+00
145067.50	0.000e+00	0.000e+00	0.000e+00
145068.50	0.000e+00	0.000e+00	0.000e+00
145069.50	0.000e+00	0.000e+00	0.000e+00
145070.50	0.000e+00	0.000e+00	0.000e+00
145071.50	0.000e+00	0.000e+00	0.000e+00
145072.50	0.000e+00	0.000e+00	0.000e+00
145073.50	0.000e+00	0.000e+00	0.000e+00
145074.50	0.000e+00	0.000e+00	0.000e+00
145075.50	0.000e+00	0.000e+00	0.000e+00
145076.50	0.000e+00	0.000e+00	0.000e+00
145077.50	0.000e+00	0.000e+00	0.000e+00
145078.50	0.000e+00	0.000e+00	0.000e+00
145079.50	0.000e+00	0.000e+00	0.000e+00
145080.50	0.000e+00	0.000e+00	0.000e+00
145081.50	0.000e+00	0.000e+00	0.000e+00
145082.50	0.000e+00	0.000e+00	0.000e+00
145083.50	0.000e+00	0.000e+00	0.000e+00
145084.50	0.000e+00	0.000e+00	0.000e+00
145085.50	0.000e+00	0.000e+00	0.000e+00
145086.50	0.000e+00	0.000e+00	0.000e+00
145087.50	0.000e+00	0.000e+00	0.000e+00
145088.50	0.000e+00	0.000e+00	0.000e+00
145089.50	0.000e+00	0.000e+00	0.000e+00
145090.50	0.000e+00	0.000e+00	0.000e+00
145091.50	0.000e+00	0.000e+00	0.000e+00
145092.50	0.000e+00	0.000e+00	0.000e+00
145093.50	0.000e+00	0.000e+00	0.000e+00
145094.50	0.000e+00	0.000e+00	0.000e+00
145095.50	0.000e+00	0.000e+00	0.000e+00
145096.50	0.000e+00	0.000e+00	0.000e+00
145097.50	0.000e+00	0.000e+00	0.000e+00
145098.50	0.000e+00	0.000e+00	0.000e+00
145099.50	0.000e+00	0.000e+00	0.000e+00
145100.50	0.000e+00	0.000e+00	0.000e+00
145101.50	0.000e+00	0.000e+00	0.000e+00
145102.50	0.000e+00	0.000e+00	0.000e+00
145103.50	0.000e+00	0.000e+00	0.000e+00
145104.50	0.000e+00	0.000e+00	0.000e+00
145105.50	0.000e+00	0.000e+00	0.000e+00
145106.50	0.000e+00	0.000e+00	0.000e+00
145107.50	0.000e+00	0.000e+00	0.000e+00
145108.50	0.000e+00	0.000e+00	0.000e+00
145109.50	0.000e+00	0.000e+00	0.000e+00
145110.50	0.000e+00	0.000e+00	0.000e+00
145111.50	0.000e+00	0.000e+00	0.000e+00
145112.50	0.000e+00	0.000e+00	0.000e+00
145113.50	0.000e+00	0.000e+00	0.000e+00
145114.50	0.000e+00	0.000e+00	0.000e+00
145115.50	0.000e+00	0.000e+00	0.000e+00
145116.50	0.000e+00	0.000e+00	0.000e+00
145117.50	0.000e+00	0.000e+00	0.000e+00
145118.50	0.000e+00	0.000e+00	0.000e+00
145119.50	0.000e+00	0.000e+00	0.000e+00
145120.50	0.000e+00	0.000e+00	0.000e+00
145121.50	0.000e+00	0.000e+00	0.000e+00
145122.50	0.000e+00	0.000e+00	0.000e+00
145123.50	0.000e+00	0.000e+00	0.000e+00
145124.50	0.000e+00	0.000e+00	0.000e+00
145125.50	0.000e+00	0.000e+00	0.000e+00
145126.50	0.000e+00	0.000e+00	0.000e+00
145127.50	0.000e+00	0.000e+00	0.000e+00
145128.50	0.000e+00	0.000e+00	0.000e+00
145129.50	0.000e+00	0.000e+00	0.000e+00
145130.50	0.000e+00	0.000e+00	0.000e+00
145131.50	0.000e+00	0.000e+00	0.000e+00
145132.50	0.000e+00	0.000e+00	0.000e+00
145133.50	0.000e+00	0.000e+00	0.000e+00
145134.50	0.000e+00	0.000e+00	0.000e+00
145135.50	0.000e+00	0.000e+00	0.000e+00
145136.50	0.000e+00	0.000e+00	0.000e+00
145137.50	0.000e+00	0.000e+00	0.000e+00
145138.50	0.000e+00	0.000e+00	0.000e+00
145139.50	0.000e+00	0.000e+00	0.000e+00
145140.50	0.000e+00	0.000e+00	0.000e+00
145141.50	0.000e+00	0.000e+00	0.000e+00
145142.50	0.000e+00	0.000e+00	0.000e+00
145143.50	0.000e+00	0.000e+00	0.000e+00
145144.50	0.000e+00	0.000e+00	0.000e+00
145145.50	0.000e+00	0.000e+00	0.000e+00
145146.50	0.000e+00	0.000e+00	0.000e+00
145147.50	0.000e+00	0.000e+00	0.000e+00
145148.50	0.000e+00	0.000e+00	0.000e+00
145149.50	0.000e+00	0.000e+00	0.000e+00
145150.50	0.000e+00	0.000e+00	0.000e+00
145151.50	0.000e+00	0.000e+00	0.000e+00
145152.50	0.000e+00	0.000e+00	0.000e+00
145153.50	0.000e+00	0.000e+00	0.000e+00
145154.50	0.000e+00	0.000e+00	0.000e+00
145155.50	0.000e+00	0.000e+00	0.000e+00
145156.50	0.000e+00	0.000e+00	0.000e+00
145157.50	0.000e+00	0.000e+00	0.000e+00
145158.50	0.000e+00	0.000e+00	0.000e+00
145159.50	0.000e+00	0.000e+00	0.000e+00
145160.50	0.000e+00	0.000e+00	0.000e+00
145161.50	0.000e+00	0.000e+00	0.000e+00
145162.50	0.000e+00	0.000e+00	0.000e+00
145163.50	0.000e+00	0.000e+00	0.000e+00
145164.50	0.000e+00	0.000e+00	0.000e+00
145165.50	0.000e+00	0.000e+00	0.000e+00
145166.50	0.000e+00	0.000e+00	0.000e+00
145167.50	0.000e+00	0.000e+00	0.000e+00
145168.50	0.000e+00	0.000e+00	0.000e+00
145169.50	0.000e+00	0.000e+00	0.000e+00
145170.50	0.000e+00	0.000e+00	0.000e+00
145171.50	0.000e+00	0.000e+00	0.000e+00
145172.50	0.000e+00	0.000e+00	0.000e+00
145173.50	0.000e+00	0.000e+00	0.000e+00
145174.50	0.000e+00	0.000e+00	0.000e+00
145175.50	0.000e+00	0.000e+00	0.000e+00
145176.50	0.000e+00	0.000e+00	0.000e+00
145177.50	0.000e+00	0.000e+00	0.000e+00
145178.50	0.000e+00	0.000e+00	0.000e+00
145179.50	9.888e-05	-3.187e-03	-1.046e-03
145180.50	-3.917e-05	-2.534e-03	2.794e-03
145181.50	1.526e-04	-6.816e-03	4.099e-04
145182.50	2.774e-05	7.114e-03	-3.370e-03
145183.50	-2.093e-04	7.027e-05	5.069e-03
145184.50	2.246e-05	9.427e-04	-9.206e-04
145185.50	9.350e-06	-4.330e-04	-2.218e-04
145186.50	1.459e-03	-1.171e-02	-3.763e-02
145187.50	-5.606e-04	-2.150e-02	1.190e-02
145188.50	1.478e-03	8.170e-03	-3.571e-02
145189.50	-3.619e-04	2.880e-04	9.504e-03
145190.50	6.490e-04	3.955e-02	-1.795e-02
145191.50	-5.117e-03	1.498e-01	1.296e-01
145192.50	9.888e-03	-6.240e+00	-2.256e-01
145193.50	2.592e-01	-4.272e+01	-6.518e+00
145194.50	1.075e+00	-1.104e+02	-2.630e+01
145195.50	1.450e+00	-1.949e+02	-3.446e+01
145196.50	2.717e+00	-2.842e+02	-6.278e+01
145197.50	1.517e+00	-2.813e+02	-3.264e+01
145198.50	1.949e+00	-2.746e+02	-4.205e+01
145199.50	1.574e+00	-1.392e+02	-3.245e+01
145200.50	6.691e-02	-6.259e+01	2.035e+00
145201.50	3.331e-01	-1.757e+01	-4.262e+00
145202.50	-2.966e-01	2.957e+01	9.187e+00
145203.50	-3.302e-01	4.752e+01	9.389e+00
145204.50	-2.515e-01	4.954e+01	7.651e+00
145205.50	-8.573e-01	6.144e+01	2.006e+01
145206.50	-4.157e-01	6.970e+01	1.027e+01
145207.50	-7.853e-01	6.941e+01	1.766e+01
145208.50	-5.280e-01	6.854e+01	1.258e+01
145209.50	-5.654e-01	6.557e+01	1.267e+01
145210.50	-1.939e-01	6.173e+01	4.109e+00
145211.50	-2.611e-01	5.904e+01	5.674e+00
145212.50	-2.458e-01	5.117e+01	5.021e+00
145213.50	-3.437e-01	4.762e+01	7.440e+00
145214.50	-4.550e-01	4.771e+01	9.696e+00
145215.50	-9.984e-02	4.282e+01	2.150e+00
145216.50	-3.485e-01	3.302e+01	7.776e+00
145217.50	-3.264e-01	3.437e+01	7.248e+00
145218.50	-3.677e-01	3.322e+01	7.824e+00
145219.50	-2.659e-01	3.187e+01	5.539e+00
145220.50	-2.141e-01	3.158e+01	4.502e+00
145221.50	-1.114e-01	2.458e+01	2.122e+00
145222.50	3.600e-02	2.362e+01	-6.547e-01
145223.50	-2.227e-02	2.342e+01	5.002e-01
145224.50	-3.187e-01	2.381e+01	6.653e+00
145225.50	-1.382e-01	1.968e+01	3.082e+00
145226.50	-6.384e-02	1.920e+01	1.584e+00
145227.50	-1.046e-01	1.805e+01	2.189e+00
145228.50	-2.592e-01	1.728e+01	5.674e+00
145229.50	-1.373e-01	1.459e+01	2.707e+00
145230.50	-2.160e-01	1.728e+01	4.483e+00
145231.50	-1.421e-02	1.411e+01	1.843e-01
145232.50	-8.707e-02	1.085e+01	1.642e+00
145233.50	-1.853e-01	1.440e+01	4.013e+00
145234.50	-1.344e-02	1.075e+01	7.901e-02
145235.50	-6.394e-02	1.210e+01	1.114e+00
145236.50	-8.602e-02	1.008e+01	1.699e+00
145237.50	-8.333e-02	9.888e+00	1.747e+00
145238.50	-1.229e-01	7.526e+00	2.438e+00
145239.50	-3.850e-02	9.792e+00	8.045e-01
145240.50	-1.075e-01	7.718e+00	1.901e+00
145241.50	-7.728e-02	6.077e+00	1.526e+00
145242.50	-4.762e-03	9.600e+00	1.219e-01
145243.50	-5.098e-02	6.691e+00	7.882e-01
145244.50	-4.474e-02	7.450e+00	8.467e-01
145245.50	-1.018e-01	6.941e+00	1.901e+00
145246.50	-5.990e-02	5.242e+00	1.018e+00
145247.50	3.456e-02	5.875e+00	-6.077e-01
145248.50	-3.811e-02	4.378e+00	6.202e-01
145249.50	-1.027e-01	4.349e+00	2.141e+00
145250.50	-2.429e-02	4.262e+00	4.330e-01
145251.50	-3.523e-02	5.510e+00	6.394e-01
145252.50	-6.336e-02	4.973e+00	1.430e+00
145253.50	-3.562e-02	2.534e+00	5.165e-01
145254.50	-1.190e-02	2.861e+00	1.594e-01
145255.50	-1.872e-02	4.157e+00	2.189e-01
145256.50	-7.075e-03	4.147e+00	1.344e-01
145257.50	-7.421e-02	3.581e+00	1.421e+00
145258.50	6.653e-03	4.320e+00	-1.277e-01
145259.50	-6.154e-02	1.411e+00	1.171e+00
145260.50	-4.637e-02	3.542e+00	8.602e-01
145261.50	-3.715e-02	2.813e+00	6.806e-01
145262.50	-4.800e-02	2.803e+00	9.341e-01
145263.50	3.917e-02	2.448e+00	-7.430e-01
145264.50	-8.237e-03	1.661e+00	8.698e-02
145265.50	-6.278e-02	3.082e+00	1.171e+00
145266.50	-2.707e-02	2.093e+00	5.962e-01
145267.50	4.358e-03	1.210e+00	1.651e-01
145268.50	-1.642e-02	2.035e+00	3.955e-01
145269.50	-2.074e-02	2.237e+00	3.878e-01
145270.50	-4.666e-02	1.555e+00	9.600e-01
145271.50	1.421e-03	2.150e+00	-4.445e-02
145272.50	4.512e-02	1.920e+00	-8.928e-01
145273.50	-1.440e-02	1.670e+00	2.390e-01
145274.50	-8.534e-02	1.642e+00	1.603e+00
145275.50	2.256e-02	1.546e+00	-4.762e-01
145276.50	-6.115e-03	1.373e+00	9.696e-02
145277.50	-5.040e-02	1.478e+00	9.888e-01
145278.50	-1.344e-02	5.338e-01	-1.555e-01
145279.50	-2.381e-02	2.506e+00	4.742e-01
145280.50	-5.510e-02	1.325e+00	1.027e+00
145281.50	-7.930e-03	1.421e+00	1.498e-01
145282.50	-3.312e-02	6.720e-01	7.651e-01
145283.50	2.918e-03	1.373e+00	-2.218e-01
145284.50	-1.171e-02	6.442e-01	2.534e-01
145285.50	3.370e-03	1.315e+00	-6.394e-02
145286.50	1.046e-02	9.178e-01	-3.130e-01
145287.50	-1.584e-02	8.333e-01	2.813e-01
145288.50	4.877e-02	8.477e-01	-9.091e-01
145289.50	1.632e-02	7.478e-01	-2.419e-01
145290.50	-3.418e-02	5.107e-01	6.749e-01
145291.50	-2.506e-02	-5.155e-02	3.427e-01
145292.50	1.190e-02	7.613e-01	-3.254e-01
145293.50	1.718e-02	1.075e+00	-1.507e-01
145294.50	2.899e-02	6.902e-01	-4.589e-01
145295.50	1.690e-02	1.037e+00	-1.632e-01
145296.50	-3.590e-02	1.786e-01	6.230e-01
145297.50	-5.453e-02	6.768e-01	8.774e-01
145298.50	-2.822e-02	-1.987e-01	3.629e-01
145299.50	1.104e-02	1.162e+00	-1.824e-01
145300.50	8.957e-03	6.835e-01	-3.907e-02
145301.50	-3.130e-02	4.915e-01	4.099e-01
145302.50	-2.736e-02	4.032e-01	5.395e-01
145303.50	4.070e-03	5.789e-01	7.632e-02
145304.50	-1.795e-02	6.211e-01	4.186e-01
145305.50	9.984e-03	6.470e-01	-2.592e-02
145306.50	-2.074e-02	8.842e-02	2.698e-01
145307.50	2.314e-02	2.909e-01	-4.464e-01
145308.50	2.784e-02	6.874e-01	-6.240e-01
145309.50	-2.362e-02	5.837e-01	3.389e-01
145310.50	-2.515e-02	2.909e-01	4.291e-01
145311.50	-1.987e-02	-1.440e-01	3.139e-01
145312.50	2.275e-02	2.054e-01	-5.050e-01
145313.50	-7.018e-03	2.477e-01	1.334e-01
145314.50	1.910e-02	4.186e-01	-3.350e-01
145315.50	-4.042e-03	1.056e+00	-3.494e-02
145316.50	-3.590e-03	2.496e-01	1.488e-01
145317.50	6.461e-03	-1.037e-01	-2.842e-01
145318.50	4.032e-03	3.946e-02	-3.168e-03
145319.50	-9.984e-03	5.002e-02	2.131e-01
145320.50	-1.670e-02	3.686e-01	2.899e-01
145321.50	-1.862e-02	4.742e-01	3.456e-01
145322.50	1.526e-02	9.082e-01	-2.755e-01
145323.50	2.554e-03	1.488e-01	1.037e-02
145324.50	-1.603e-03	5.165e-01	-9.984e-03
145325.50	-7.402e-03	3.389e-02	9.792e-02
145326.50	-2.006e-02	-1.507e-01	3.389e-01
145327.50	-1.776e-03	2.966e-01	1.373e-01
145328.50	5.270e-03	2.112e-01	4.042e-02
145329.50	-8.400e-03	4.733e-01	1.584e-01
145330.50	7.037e-03	2.266e-01	-1.373e-01
145331.50	-8.947e-03	-1.853e-01	2.486e-01
145332.50	9.792e-03	4.282e-02	-2.170e-01
145333.50	2.534e-03	2.515e-01	-9.264e-02
145334.50	-2.314e-02	3.494e-01	3.427e-01
145335.50	-9.360e-03	-5.203e-02	2.333e-01
145336.50	-4.627e-03	1.555e-01	5.251e-02
145337.50	-3.907e-03	5.059e-01	6.317e-02
145338.50	1.920e-02	-9.293e-02	-3.994e-01
145339.50	-1.075e-02	5.414e-01	1.728e-01
145340.50	-9.485e-05	4.128e-01	2.736e-02
145341.50	-1.968e-02	5.664e-02	2.736e-01
145342.50	-2.525e-04	-3.101e-01	-8.371e-02
145343.50	-6.778e-03	2.438e-01	1.363e-01
145344.50	-6.221e-03	2.688e-01	7.075e-02
145345.50	5.616e-03	-1.075e-02	3.197e-03
145346.50	-5.203e-03	4.080e-01	5.280e-02
145347.50	1.219e-03	8.477e-02	6.106e-02
145348.50	-8.419e-03	8.774e-02	1.814e-01
145349.50	2.266e-03	6.595e-02	-4.397e-02
145350.50	1.056e-02	1.507e-01	-2.170e-01
145351.50	-2.218e-02	1.958e-01	4.147e-01
145352.50	1.920e-03	2.592e-02	-5.664e-02
145353.50	-1.795e-03	3.120e-02	6.518e-02
145354.50	4.426e-03	-6.173e-03	-2.333e-02
145355.50	1.056e-02	3.206e-01	-2.333e-01
145356.50	9.418e-03	1.651e-01	-2.496e-01
145357.50	1.776e-02	7.037e-02	-2.602e-01
145358.50	-2.573e-02	2.227e-01	3.293e-01
145359.50	8.198e-03	-1.786e-02	-1.123e-01
145360.50	-6.720e-03	-1.891e-01	1.354e-01
145361.50	-1.152e-02	1.757e-01	2.774e-01
145362.50	-1.123e-02	6.086e-02	1.642e-01
145363.50	-1.104e-02	3.936e-01	3.043e-01
145364.50	-1.613e-02	2.093e-01	2.150e-01
145365.50	-1.296e-04	1.642e-02	-6.557e-02
145366.50	-1.200e-03	5.347e-02	-2.419e-02
145367.50	-1.709e-02	9.293e-03	1.978e-01
145368.50	-1.315e-03	-4.070e-01	5.558e-02
145369.50	7.142e-03	1.853e-01	-1.613e-01
145370.50	6.298e-03	1.958e-01	-9.187e-03
145371.50	-2.563e-03	3.514e-01	8.429e-02
145372.50	1.776e-03	-1.517e-01	-3.706e-02
145373.50	9.696e-03	-2.314e-02	-1.190e-01
145374.50	1.008e-03	1.824e-01	4.186e-02
145375.50	-2.246e-02	6.470e-02	4.118e-01
145376.50	2.170e-03	-2.170e-01	-5.568e-02
145377.50	-1.430e-02	2.390e-01	3.283e-01
145378.50	-1.008e-03	2.054e-01	-4.272e-02
145379.50	1.411e-02	7.037e-02	-2.630e-01
145380.50	-5.894e-03	1.037e-01	7.574e-02
145381.50	-2.131e-02	2.083e-01	3.965e-01
145382.50	1.114e-03	-3.782e-03	7.402e-03
145383.50	9.043e-03	-1.142e-01	-2.122e-01
145384.50	-6.010e-03	4.877e-02	-1.862e-02
145385.50	-5.674e-04	1.709e-01	-2.294e-03
145386.50	1.248e-02	1.018e-01	-2.918e-01
145387.50	2.016e-03	1.507e-01	-2.237e-02
145388.50	2.842e-04	2.688e-01	7.037e-02
145389.50	1.046e-03	-2.602e-01	-1.901e-02
145390.50	-1.555e-02	-3.878e-03	3.053e-01
145391.50	3.120e-03	-3.139e-01	-6.355e-02
145392.50	8.726e-03	9.600e-02	-2.294e-01
145393.50	-2.534e-03	2.717e-01	2.141e-02
145394.50	8.650e-03	1.027e-01	-2.688e-01
145395.50	-4.502e-03	4.982e-02	1.046e-02
145396.50	-1.085e-02	2.323e-02	1.334e-01
145397.50	-7.421e-03	2.429e-02	4.733e-02
145398.50	5.616e-03	-1.546e-01	-6.394e-02
145399.50	-1.555e-02	1.536e-01	2.698e-01
145400.50	9.456e-03	-2.698e-01	-1.574e-01
145401.50	3.341e-03	9.552e-02	1.392e-03
145402.50	-3.437e-03	-3.197e-02	6.538e-02
145403.50	-1.142e-02	7.200e-02	2.458e-01
145404.50	-7.882e-03	-1.478e-01	1.824e-01
145405.50	3.158e-03	3.283e-01	-2.400e-02
145406.50	-3.053e-03	2.170e-01	-9.494e-02
145407.50	-4.992e-04	-7.440e-02	-3.888e-02
145408.50	-2.218e-03	2.237e-01	4.205e-02
145409.50	7.142e-03	1.181e-01	-1.123e-01
145410.50	2.438e-03	-6.480e-02	-6.298e-02
145411.50	1.949e-03	-4.896e-02	1.152e-01
145412.50	1.853e-03	-6.787e-02	-4.800e-02
145413.50	2.602e-03	3.571e-02	-9.696e-03
145414.50	1.277e-03	-2.102e-02	2.208e-02
145415.50	-9.350e-03	1.622e-01	1.114e-01
145416.50	-4.666e-03	-7.181e-02	2.890e-02
145417.50	-7.056e-03	-2.698e-02	8.390e-02
145418.50	-6.029e-03	8.256e-03	1.066e-01
145419.50	1.008e-02	9.466e-02	-2.218e-01
145420.50	1.622e-03	-1.786e-01	-3.398e-02
145421.50	-4.877e-03	-9.696e-02	9.888e-02
145422.50	3.859e-03	1.862e-01	-1.430e-02
145423.50	2.246e-03	9.984e-02	1.162e-02
145424.50	1.008e-02	-6.355e-03	-1.085e-01
145425.50	8.870e-03	2.755e-01	-1.728e-01
145426.50	-1.066e-03	5.155e-02	2.880e-03
145427.50	-4.397e-03	-2.304e-01	7.181e-02
145428.50	-1.670e-02	-9.418e-02	3.533e-01
145429.50	-1.920e-03	-3.149e-02	7.075e-02
145430.50	-4.022e-03	1.709e-01	3.197e-02
145431.50	9.130e-03	1.008e-01	-2.218e-01
145432.50	-7.536e-03	-1.171e-01	1.133e-01
145433.50	2.803e-04	-5.770e-02	2.554e-02
145434.50	-2.064e-03	8.275e-02	5.741e-02
145435.50	1.622e-02	1.267e-01	-2.314e-01
145436.50	1.459e-03	-1.949e-01	-1.085e-02
145437.50	4.272e-03	-1.680e-01	-9.485e-02
145438.50	-6.509e-03	1.142e-01	1.200e-01
145439.50	-1.027e-02	-7.440e-02	1.277e-01
145440.50	-5.923e-03	3.360e-02	1.344e-01
145441.50	-8.890e-03	6.144e-04	1.757e-01
145442.50	1.488e-02	2.266e-03	-2.986e-01
145443.50	1.344e-03	-5.539e-02	-1.171e-02
145444.50	4.714e-03	1.277e-01	-1.334e-01
145445.50	-4.176e-03	1.267e-01	7.018e-02
145446.50	-6.346e-03	-3.360e-02	1.085e-01
145447.50	-2.246e-03	-5.146e-02	8.064e-02
145448.50	5.280e-03	6.797e-02	-1.613e-01
145449.50	-4.579e-03	1.622e-02	4.128e-02
145450.50	1.046e-02	1.306e-01	-2.534e-01
145451.50	1.402e-03	-1.190e-01	-2.746e-02
145452.50	-3.110e-03	1.123e-01	8.563e-02
145453.50	-8.477e-05	-3.811e-02	2.544e-02
145454.50	-7.853e-03	-1.853e-02	1.066e-01
145455.50	-2.467e-03	-9.235e-02	5.770e-02
145456.50	-7.114e-03	1.363e-01	2.035e-01
145457.50	7.613e-03	-7.008e-03	-2.016e-01
145458.50	2.458e-03	1.171e-01	-6.394e-02
145459.50	-5.136e-03	-1.066e-01	8.832e-02
145460.50	-7.210e-03	1.334e-03	8.976e-02
145461.50	-5.021e-03	-1.910e-01	1.286e-01
145462.50	-2.486e-03	-5.866e-02	6.365e-02
145463.50	-6.134e-03	1.037e-01	-8.938e-02
145464.50	-5.568e-04	1.056e-01	3.370e-02
145465.50	-1.392e-03	1.834e-01	5.280e-02
145466.50	4.810e-03	4.550e-02	-1.555e-02
145467.50	4.435e-03	-1.488e-02	-9.792e-02
145468.50	3.350e-04	5.549e-02	-3.331e-02
145469.50	-1.219e-02	1.459e-01	2.150e-01
145470.50	3.427e-03	-1.430e-01	2.045e-02
145471.50	3.917e-03	2.410e-03	-5.021e-02
145472.50	4.742e-03	2.986e-02	-1.037e-01
145473.50	-3.398e-03	-1.142e-01	3.110e-02
145474.50	-1.123e-02	-8.410e-02	1.565e-01
145475.50	-3.158e-03	-8.592e-02	5.194e-02
145476.50	2.381e-03	1.027e-01	-7.037e-02
145477.50	4.147e-03	1.037e-01	-1.046e-01
145478.50	4.570e-03	-4.589e-02	-7.565e-02
145479.50	-1.190e-02	-4.483e-02	2.150e-01
145480.50	5.386e-03	1.315e-01	-8.352e-02
145481.50	1.824e-03	-1.066e-01	-7.267e-02
145482.50	-4.387e-03	-1.008e-01	-1.786e-02
145483.50	9.888e-03	8.832e-02	-1.622e-01
145484.50	-3.782e-03	2.563e-02	1.142e-01
145485.50	3.101e-04	1.248e-01	2.122e-02
145486.50	-2.573e-03	-1.056e-02	-7.718e-03
145487.50	1.747e-03	1.142e-01	-6.931e-02
145488.50	-3.389e-03	5.568e-02	5.194e-02
145489.50	-5.674e-03	-1.267e-01	1.354e-01
145490.50	-4.570e-03	6.221e-02	-2.448e-02
145491.50	1.373e-02	-3.014e-02	-7.488e-02
145492.50	9.034e-03	1.392e-01	-4.752e-02
145493.50	-8.150e-03	-6.989e-02	2.976e-02
145494.50	5.117e-03	-1.210e-01	-4.205e-02
145495.50	4.435e-03	2.429e-03	2.026e-02
145496.50	2.333e-03	1.200e-01	-1.094e-01
145497.50	-8.621e-03	7.066e-02	8.822e-02
145498.50	-5.568e-03	-1.162e-01	2.381e-02
145499.50	4.397e-03	4.493e-02	-9.389e-02
145500.50	-3.216e-04	1.277e-02	1.334e-01
145501.50	8.573e-04	6.451e-02	-4.771e-02
145502.50	2.870e-03	1.642e-02	-2.976e-02
145503.50	1.248e-02	-1.642e-01	-2.650e-02
145504.50	-6.192e-03	-1.670e-01	3.811e-02
145505.50	-4.867e-03	-4.925e-02	8.218e-02
145506.50	8.112e-03	1.699e-01	-1.075e-01
145507.50	3.216e-03	-2.870e-02	3.955e-02
145508.50	-4.733e-03	-1.046e-01	-9.888e-02
145509.50	-5.549e-03	5.731e-03	3.341e-02
145510.50	-1.094e-02	4.522e-02	1.267e-01
145511.50	-2.218e-03	5.606e-02	4.666e-02
145512.50	1.104e-03	8.592e-03	-7.651e-02
145513.50	2.006e-03	5.386e-02	-9.984e-03
145514.50	2.870e-03	-6.557e-02	-1.603e-02
145515.50	-4.003e-03	-3.235e-03	4.714e-02
145516.50	2.525e-03	-1.219e-01	-3.302e-02
145517.50	-1.344e-02	-1.171e-01	8.525e-02
145518.50	1.382e-03	9.274e-02	5.837e-02
145519.50	-1.133e-03	8.496e-02	1.344e-03
145520.50	5.155e-03	1.286e-01	-5.501e-02
145521.50	-4.138e-03	2.698e-02	3.370e-02
145522.50	-8.861e-03	-6.778e-02	9.504e-02
145523.50	-6.010e-03	1.632e-02	7.910e-02
145524.50	-1.670e-04	-5.424e-02	8.966e-03
145525.50	-2.784e-03	-9.792e-02	8.208e-02
145526.50	5.798e-03	-6.758e-03	-1.027e-01
145527.50	1.584e-03	2.506e-02	-1.997e-02
145528.50	5.597e-03	4.522e-02	-9.197e-02
145529.50	7.920e-04	-8.237e-02	-4.003e-02
145530.50	-6.634e-03	1.526e-01	8.890e-02
145531.50	-1.622e-04	-9.120e-02	-4.550e-02
145532.50	2.861e-03	-1.162e-02	-1.133e-01
145533.50	7.104e-03	7.018e-02	-5.750e-02
145534.50	-3.984e-03	2.323e-02	9.984e-02
145535.50	1.334e-03	6.067e-02	1.565e-02
145536.50	8.054e-03	-9.302e-03	-8.256e-02
145537.50	4.051e-03	3.686e-02	-1.315e-01
145538.50	3.024e-03	-1.795e-02	-8.237e-02
145539.50	1.046e-03	-4.934e-02	-1.728e-02
145540.50	7.037e-03	-1.046e-02	-8.352e-02
145541.50	-4.330e-03	-3.322e-02	4.762e-02
145542.50	-1.008e-02	5.645e-02	1.574e-01
145543.50	6.778e-03	3.062e-02	-1.699e-01
145544.50	-2.602e-03	6.307e-02	9.350e-02
145545.50	-4.109e-03	-4.397e-03	8.688e-02
145546.50	-5.549e-03	-2.323e-02	6.259e-02
145547.50	-5.232e-03	-9.475e-02	1.037e-01
145548.50	1.622e-03	-3.053e-02	-2.774e-02
145549.50	4.723e-03	2.131e-02	-1.046e-01
145550.50	-4.598e-03	-6.058e-02	6.835e-02
145551.50	2.602e-04	-1.584e-01	4.147e-02
145552.50	-3.341e-03	3.802e-02	4.598e-02
145553.50	-5.232e-03	2.573e-02	1.498e-01
145554.50	-1.037e-03	1.411e-01	-3.638e-02
145555.50	-5.270e-04	-6.029e-02	-2.880e-02
145556.50	2.074e-03	4.877e-02	-2.323e-02
145557.50	9.235e-03	-3.149e-02	-9.283e-02
145558.50	-2.035e-04	4.742e-02	4.848e-04
145559.50	2.333e-03	7.786e-02	-5.098e-02
145560.50	5.731e-03	4.723e-03	-1.085e-01
145561.50	-6.221e-03	-7.200e-02	9.888e-02
145562.50	-2.458e-03	-1.536e-02	-1.555e-02
145563.50	-5.962e-04	3.658e-03	-4.320e-02
145564.50	1.027e-03	6.394e-03	-7.152e-02
145565.50	-4.320e-03	1.171e-02	6.365e-02
145566.50	-3.235e-03	-2.131e-02	6.442e-02
145567.50	-1.968e-03	6.912e-02	-5.635e-02
145568.50	4.474e-03	-6.442e-02	-2.198e-02
145569.50	-2.141e-03	8.112e-02	4.003e-02
145570.50	-4.358e-03	1.555e-01	1.219e-01
145571.50	-7.325e-03	1.190e-01	1.507e-01
145572.50	1.008e-03	-2.698e-02	-4.166e-02
145573.50	5.760e-03	-2.870e-02	-7.670e-02
145574.50	2.525e-03	-1.411e-01	2.064e-02
145575.50	-3.773e-03	2.285e-02	1.661e-02
145576.50	-2.774e-03	-3.946e-03	2.237e-02
145577.50	1.690e-03	1.853e-02	-6.288e-02
145578.50	1.402e-04	3.514e-02	-6.173e-03
145579.50	1.200e-03	-4.685e-02	-4.618e-02
145580.50	1.824e-04	7.718e-02	-1.056e-02
145581.50	1.862e-03	-7.670e-02	3.312e-02
145582.50	1.690e-03	-9.456e-02	1.277e-03
145583.50	5.818e-03	8.093e-02	-1.075e-01
145584.50	2.016e-03	3.341e-02	-3.312e-02
145585.50	2.765e-04	-4.205e-02	4.243e-03
145586.50	-1.210e-03	-7.555e-02	5.261e-02
145587.50	-3.610e-03	8.707e-02	7.229e-02
145588.50	-1.046e-03	3.946e-02	-4.224e-02
145589.50	5.981e-03	1.939e-01	-1.824e-01
145590.50	6.730e-05	1.027e-01	-7.190e-03
145591.50	-6.269e-03	-1.142e-01	1.037e-01
145592.50	-5.040e-03	3.360e-02	1.181e-01
145593.50	-3.677e-03	-4.416e-02	4.445e-02
145594.50	1.565e-03	-1.238e-02	-2.918e-02
145595.50	-4.906e-03	-5.261e-02	6.432e-02
145596.50	1.872e-03	-7.133e-02	-4.147e-02
145597.50	3.254e-03	4.454e-03	-5.021e-02
145598.50	1.258e-03	1.258e-02	-2.112e-02
145599.50	-1.555e-03	-1.786e-02	2.822e-02
145600.50	3.773e-03	-3.091e-02	-7.776e-02
145601.50	-5.798e-03	-3.667e-02	8.381e-02
