145003.50	0.000e+00	0.000e+00	0.000e+00
145004.50	0.000e+00	0.000e+00	0.000e+00
145005.50	0.000e+00	0.000e+00	0.000e+00
145006.50	0.000e+00	0.000e+00	0.000e+00
145007.50	0.000e+00	0.000e+00	0.000e+00
145008.50	0.000e+00	0.000e+00	0.000e+00
145009.50	0.000e+00	0.000e+00	0.000e+00
145010.50	0.000e+00	0.000e+00	0.000e+00
145011.50	0.000e+00	0.000e+00	0.000e+00
145012.50	0.000e+00	0.000e+00	0.000e+00
145013.50	0.000e+00	0.000e+00	0.000e+00
145014.50	0.000e+00	0.000e+00	0.000e+00
145015.50	0.000e+00	0.000e+00	0.000e+00
145016.50	0.000e+00	0.000e+00	0.000e+00
145017.50	0.000e+00	0.000e+00	0.000e+00
145018.50	0.000e+00	0.000e+00	0.000e+00
145019.50	0.000e+00	0.000e+00	0.000e+00
145020.50	0.000e+00	0.000e+00	0.000e+00
145021.50	0.000e+00	0.000e+00	0.000e+00
145022.50	0.000e+00	0.000e+00	0.000e+00
145023.50	0.000e+00	0.000e+00	0.000e+00
145024.50	0.000e+00	0.000e+00	0.000e+00
145025.50	0.000e+00	0.000e+00	0.000e+00
145026.50	0.000e+00	0.000e+00	0.000e+00
145027.50	0.000e+00	0.000e+00	0.000e+00
145028.50	0.000e+00	0.000e+00	0.000e+00
145029.50	0.000e+00	0.000e+00	0.000e+00
145030.50	0.000e+00	0.000e+00	0.000e+00
145031.50	0.000e+00	0.000e+00	0.000e+00
145032.50	0.000e+00	0.000e+00	0.000e+00
145033.50	0.000e+00	0.000e+00	0.000e+00
145034.50	0.000e+00	0.000e+00	0.000e+00
145035.50	0.000e+00	0.000e+00	0.000e+00
145036.50	0.000e+00	0.000e+00	0.000e+00
145037.50	0.000e+00	0.000e+00	0.000e+00
145038.50	0.000e+00	0.000e+00	0.000e+00
145039.50	0.000e+00	0.000e+00	0.000e+00
145040.50	0.000e+00	0.000e+00	0.000e+00
145041.50	0.000e+00	0.000e+00	0.000e+00
145042.50	0.000e+00	0.000e+00	0.000e+00
145043.50	0.000e+00	0.000e+00	0.000e+00
145044.50	0.000e+00	0.000e+00	0.000e+00
145045.50	0.000e+00	0.000e+00	0.000e+00
145046.50	0.000e+00	0.000e+00	0.000e+00
145047.50	0.000e+00	0.000e+00	0.000e+00
145048.50	0.000e+00	0.000e+00	0.000e+00
145049.50	0.000e+00	0.000e+00	0.000e+00
145050.50	0.000e+00	0.000e+00	0.000e+00
145051.50	0.000e+00	0.000e+00	0.000e+00
145052.50	0.000e+00	0.000e+00	0.000e+00
145053.50	0.000e+00	0.000e+00	0.000e+00
145054.50	0.000e+00	0.000e+00	0.000e+00
145055.50	0.000e+00	0.000e+00	0.000e+00
145056.50	0.000e+00	0.000e+00	0.000e+00
145057.50	0.000e+00	0.000e+00	0.000e+00
145058.50	0.000e+00	0.000e+00	0.000e+00
145059.50	0.000e+00	0.000e+00	0.000e+00
145060.50	0.000e+00	0.000e+00	0.000e+00
145061.50	0.000e+00	0.000e+00	0.000e+00
145062.50	0.000e+00	0.000e+00	0.000e+00
145063.50	0.000e+00	0.000e+00	0.000e+00
145064.50	0.000e+00	0.000e+00	0.000e+00
145065.50	0.000e+00	0.000e+00	0.000e+00
145066.50	0.000e+00	0.000e+00	0.000e+00
145067.50	0.000e+00	0.000e+00	0.000e+00
145068.50	0.000e+00	0.000e+00	0.000e+00
145069.50	0.000e+00	0.000e+00	0.000e+00
145070.50	0.000e+00	0.000e+00	0.000e+00
145071.50	0.000e+00	0.000e+00	0.000e+00
145072.50	0.000e+00	0.000e+00	0.000e+00
145073.50	0.000e+00	0.000e+00	0.000e+00
145074.50	0.000e+00	0.000e+00	0.000e+00
145075.50	0.000e+00	0.000e+00	0.000e+00
145076.50	0.000e+00	0.000e+00	0.000e+00
145077.50	0.000e+00	0.000e+00	0.000e+00
145078.50	0.000e+00	0.000e+00	0.000e+00
145079.50	0.000e+00	0.000e+00	0.000e+00
145080.50	0.000e+00	0.000e+00	0.000e+00
145081.50	0.000e+00	0.000e+00	0.000e+00
145082.50	0.000e+00	0.000e+00	0.000e+00
145083.50	0.000e+00	0.000e+00	0.000e+00
145084.50	0.000e+00	0.000e+00	0.000e+00
145085.50	0.000e+00	0.000e+00	0.000e+00
145086.50	0.000e+00	0.000e+00	0.000e+00
145087.50	0.000e+00	0.000e+00	0.000e+00
145088.50	0.000e+00	0.000e+00	0.000e+00
145089.50	0.000e+00	0.000e+00	0.000e+00
145090.50	0.000e+00	0.000e+00	0.000e+00
145091.50	0.000e+00	0.000e+00	0.000e+00
145092.50	0.000e+00	0.000e+00	0.000e+00
145093.50	0.000e+00	0.000e+00	0.000e+00
145094.50	0.000e+00	0.000e+00	0.000e+00
145095.50	0.000e+00	0.000e+00	0.000e+00
145096.50	0.000e+00	0.000e+00	0.000e+00
145097.50	0.000e+00	0.000e+00	0.000e+00
145098.50	0.000e+00	0.000e+00	0.000e+00
145099.50	0.000e+00	0.000e+00	0.000e+00
145100.50	0.000e+00	0.000e+00	0.000e+00
145101.50	0.000e+00	0.000e+00	0.000e+00
145102.50	0.000e+00	0.000e+00	0.000e+00
145103.50	0.000e+00	0.000e+00	0.000e+00
145104.50	0.000e+00	0.000e+00	0.000e+00
145105.50	0.000e+00	0.000e+00	0.000e+00
145106.50	0.000e+00	0.000e+00	0.000e+00
145107.50	0.000e+00	0.000e+00	0.000e+00
145108.50	0.000e+00	0.000e+00	0.000e+00
145109.50	0.000e+00	0.000e+00	0.000e+00
145110.50	0.000e+00	0.000e+00	0.000e+00
145111.50	0.000e+00	0.000e+00	0.000e+00
145112.50	0.000e+00	0.000e+00	0.000e+00
145113.50	0.000e+00	0.000e+00	0.000e+00
145114.50	0.000e+00	0.000e+00	0.000e+00
145115.50	0.000e+00	0.000e+00	0.000e+00
145116.50	0.000e+00	0.000e+00	0.000e+00
145117.50	0.000e+00	0.000e+00	0.000e+00
145118.50	0.000e+00	0.000e+00	0.000e+00
145119.50	0.000e+00	0.000e+00	0.000e+00
145120.50	0.000e+00	0.000e+00	0.000e+00
145121.50	0.000e+00	0.000e+00	0.000e+00
145122.50	0.000e+00	0.000e+00	0.000e+00
145123.50	0.000e+00	0.000e+00	0.000e+00
145124.50	0.000e+00	0.000e+00	0.000e+00
145125.50	0.000e+00	0.000e+00	0.000e+00
145126.50	0.000e+00	0.000e+00	0.000e+00
145127.50	0.000e+00	0.000e+00	0.000e+00
145128.50	0.000e+00	0.000e+00	0.000e+00
145129.50	0.000e+00	0.000e+00	0.000e+00
145130.50	0.000e+00	0.000e+00	0.000e+00
145131.50	0.000e+00	0.000e+00	0.000e+00
145132.50	0.000e+00	0.000e+00	0.000e+00
145133.50	0.000e+00	0.000e+00	0.000e+00
145134.50	0.000e+00	0.000e+00	0.000e+00
145135.50	0.000e+00	0.000e+00	0.000e+00
145136.50	0.000e+00	0.000e+00	0.000e+00
145137.50	0.000e+00	0.000e+00	0.000e+00
145138.50	0.000e+00	0.000e+00	0.000e+00
145139.50	0.000e+00	0.000e+00	0.000e+00
145140.50	0.000e+00	0.000e+00	0.000e+00
145141.50	0.000e+00	0.000e+00	0.000e+00
145142.50	0.000e+00	0.000e+00	0.000e+00
145143.50	0.000e+00	0.000e+00	0.000e+00
145144.50	0.000e+00	0.000e+00	0.000e+00
145145.50	0.000e+00	0.000e+00	0.000e+00
145146.50	0.000e+00	0.000e+00	0.000e+00
145147.50	0.000e+00	0.000e+00	0.000e+00
145148.50	0.000e+00	0.000e+00	0.000e+00
145149.50	0.000e+00	0.000e+00	0.000e+00
145150.50	0.000e+00	0.000e+00	0.000e+00
145151.50	0.000e+00	0.000e+00	0.000e+00
145152.50	0.000e+00	0.000e+00	0.000e+00
145153.50	0.000e+00	0.000e+00	0.000e+00
145154.50	0.000e+00	0.000e+00	0.000e+00
145155.50	0.000e+00	0.000e+00	0.000e+00
145156.50	0.000e+00	0.000e+00	0.000e+00
145157.50	0.000e+00	0.000e+00	0.000e+00
145158.50	0.000e+00	0.000e+00	0.000e+00
145159.50	0.000e+00	0.000e+00	0.000e+00
145160.50	0.000e+00	0.000e+00	0.000e+00
145161.50	0.000e+00	0.000e+00	0.000e+00
145162.50	0.000e+00	0.000e+00	0.000e+00
145163.50	0.000e+00	0.000e+00	0.000e+00
145164.50	0.000e+00	0.000e+00	0.000e+00
145165.50	0.000e+00	0.000e+00	0.000e+00
145166.50	0.000e+00	0.000e+00	0.000e+00
145167.50	0.000e+00	0.000e+00	0.000e+00
145168.50	0.000e+00	0.000e+00	0.000e+00
145169.50	0.000e+00	0.000e+00	0.000e+00
145170.50	0.000e+00	0.000e+00	0.000e+00
145171.50	0.000e+00	0.000e+00	0.000e+00
145172.50	0.000e+00	0.000e+00	0.000e+00
145173.50	0.000e+00	0.000e+00	0.000e+00
145174.50	0.000e+00	0.000e+00	0.000e+00
145175.50	0.000e+00	0.000e+00	0.000e+00
145176.50	0.000e+00	0.000e+00	0.000e+00
145177.50	0.000e+00	0.000e+00	0.000e+00
145178.50	0.000e+00	0.000e+00	0.000e+00
145179.50	0.000e+00	0.000e+00	0.000e+00
145180.50	0.000e+00	0.000e+00	0.000e+00
145181.50	0.000e+00	0.000e+00	0.000e+00
145182.50	0.000e+00	0.000e+00	0.000e+00
145183.50	0.000e+00	0.000e+00	0.000e+00
145184.50	-4.042e-05	1.056e-03	-1.430e-03
145185.50	8.717e-05	3.341e-03	2.189e-03
145186.50	5.270e-05	2.419e-04	1.133e-03
145187.50	6.538e-06	-3.360e-03	2.131e-03
145188.50	-4.397e-06	-2.170e-03	1.104e-05
145189.50	-1.229e-05	-3.552e-03	-1.661e-04
145190.50	-1.402e-04	1.507e-02	-8.083e-03
145191.50	3.542e-04	-2.179e-02	-7.373e-03
145192.50	-1.728e-03	1.373e-01	-2.093e-02
145193.50	5.770e-04	-1.958e-02	1.776e-02
145194.50	2.035e-03	-7.267e-02	7.670e-02
145195.50	7.757e-04	-3.418e-01	3.955e-02
145196.50	-8.006e-03	-8.410e-01	-3.763e-01
145197.50	1.229e-02	-1.392e+01	5.491e-01
145198.50	2.966e-01	-7.642e+01	1.306e+01
145199.50	7.786e-01	-1.795e+02	3.206e+01
145200.50	2.083e+00	-3.034e+02	8.275e+01
145201.50	1.546e+00	-3.427e+02	5.645e+01
145202.50	1.037e+00	-3.034e+02	3.341e+01
145203.50	8.966e-01	-1.469e+02	2.736e+01
145204.50	2.698e-01	-7.037e+01	3.322e+00
145205.50	3.514e-01	-8.400e+00	7.968e+00
145206.50	-6.931e-04	2.669e+01	-4.925e+00
145207.50	-3.898e-01	6.163e+01	-1.728e+01
145208.50	-4.262e-01	6.413e+01	-1.805e+01
145209.50	-5.654e-01	7.565e+01	-2.189e+01
145210.50	-1.613e-01	7.315e+01	-7.949e+00
145211.50	-3.254e-01	7.565e+01	-1.219e+01
145212.50	-4.234e-01	6.278e+01	-1.546e+01
145213.50	-3.773e-01	6.413e+01	-1.402e+01
145214.50	-3.715e-01	6.346e+01	-1.382e+01
145215.50	-2.170e-01	5.261e+01	-8.160e+00
145216.50	-2.755e-01	4.675e+01	-9.984e+00
145217.50	-1.728e-01	4.387e+01	-6.691e+00
145218.50	-2.170e-01	4.800e+01	-7.958e+00
145219.50	-1.872e-01	4.080e+01	-6.048e+00
145220.50	-3.091e-01	3.869e+01	-1.094e+01
145221.50	-2.381e-01	3.571e+01	-7.997e+00
145222.50	-1.910e-01	3.629e+01	-5.386e+00
145223.50	-8.304e-02	3.072e+01	-2.938e+00
145224.50	-8.765e-02	2.794e+01	-2.438e+00
145225.50	-4.800e-02	2.544e+01	-1.507e+00
145226.50	-1.210e-01	2.294e+01	-4.051e+00
145227.50	-1.258e-01	2.237e+01	-4.224e+00
145228.50	-5.808e-02	2.035e+01	-1.277e+00
145229.50	-2.122e-02	2.064e+01	-6.230e-01
145230.50	1.344e-03	1.728e+01	1.738e-01
145231.50	-9.514e-02	1.824e+01	-3.293e+00
145232.50	-1.382e-01	1.747e+01	-4.349e+00
145233.50	-8.323e-02	1.373e+01	-2.352e+00
145234.50	-1.085e-01	1.651e+01	-3.686e+00
145235.50	-4.003e-02	1.584e+01	-1.382e+00
145236.50	-7.987e-02	1.171e+01	-2.486e+00
145237.50	-6.096e-02	1.315e+01	-1.834e+00
145238.50	-4.541e-02	1.200e+01	-1.296e+00
145239.50	-7.901e-02	1.085e+01	-2.410e+00
145240.50	-1.056e-01	1.046e+01	-3.187e+00
145241.50	-2.237e-02	8.630e+00	-9.197e-01
145242.50	-2.707e-02	9.984e+00	-5.338e-01
145243.50	2.054e-02	8.765e+00	6.211e-01
145244.50	-2.842e-02	9.312e+00	-8.054e-01
145245.50	-5.530e-02	7.238e+00	-1.450e+00
145246.50	-5.280e-03	5.808e+00	-3.936e-02
145247.50	-7.824e-02	6.643e+00	-2.650e+00
145248.50	-2.496e-02	6.192e+00	-7.968e-01
145249.50	-4.272e-03	6.317e+00	3.456e-01
145250.50	-2.198e-02	6.566e+00	-3.600e-01
145251.50	-9.984e-03	6.518e+00	-5.318e-01
145252.50	-2.467e-02	5.837e+00	-7.402e-01
145253.50	-1.315e-02	6.163e+00	-1.536e-01
145254.50	3.936e-03	5.578e+00	2.669e-01
145255.50	-3.206e-02	3.955e+00	-1.018e+00
145256.50	1.210e-02	3.658e+00	5.002e-01
145257.50	-9.043e-03	4.560e+00	-6.634e-02
145258.50	-2.448e-02	3.283e+00	-1.459e-01
145259.50	-1.661e-02	4.733e+00	-5.030e-01
145260.50	-1.085e-02	3.715e+00	-5.674e-01
145261.50	-1.478e-02	2.861e+00	-6.326e-01
145262.50	-5.184e-02	4.387e+00	-1.498e+00
145263.50	-2.006e-02	3.254e+00	-5.059e-01
145264.50	8.006e-03	3.197e+00	4.992e-01
145265.50	-2.141e-02	2.333e+00	-5.990e-01
145266.50	1.085e-02	3.811e+00	5.222e-01
145267.50	-3.821e-02	2.141e+00	-1.181e+00
145268.50	-2.669e-03	2.189e+00	-3.360e-01
145269.50	-4.570e-02	2.083e+00	-1.565e+00
145270.50	5.462e-03	1.834e+00	3.581e-01
145271.50	1.757e-02	2.371e+00	6.086e-01
145272.50	-1.200e-02	2.208e+00	-1.891e-01
145273.50	-4.099e-02	3.187e+00	-1.219e+00
145274.50	-1.306e-02	1.546e+00	-3.072e-01
145275.50	9.792e-03	1.613e+00	3.149e-01
145276.50	-1.680e-02	7.238e-01	-2.947e-01
145277.50	-3.043e-02	1.066e+00	-8.381e-01
145278.50	-2.275e-02	2.131e+00	-4.694e-01
145279.50	-2.938e-03	1.334e+00	-1.939e-01
145280.50	9.888e-03	1.507e+00	-2.227e-02
145281.50	-1.891e-02	1.498e+00	-6.480e-01
145282.50	2.026e-03	6.874e-01	-6.893e-02
145283.50	-1.738e-02	1.421e+00	-5.222e-01
145284.50	-8.131e-05	1.747e+00	-1.238e-01
145285.50	-2.141e-02	1.402e+00	-2.861e-01
145286.50	5.818e-03	-2.698e-01	-7.699e-02
145287.50	7.344e-03	1.056e+00	4.925e-01
145288.50	8.851e-03	9.274e-01	4.416e-01
145289.50	-2.179e-02	1.958e+00	-5.203e-01
145290.50	8.602e-03	8.448e-01	1.939e-01
145291.50	-1.843e-02	1.421e+00	-6.461e-01
145292.50	4.147e-03	1.699e-01	1.795e-01
145293.50	-2.966e-02	9.274e-01	-9.696e-01
145294.50	-9.696e-03	1.037e+00	-3.850e-01
145295.50	-1.373e-02	2.160e-01	-5.059e-01
145296.50	2.851e-02	6.038e-01	4.877e-01
145297.50	1.152e-03	5.990e-01	3.696e-01
145298.50	-6.019e-03	1.066e-01	-8.506e-02
145299.50	-6.365e-03	8.986e-01	1.690e-01
145300.50	-1.920e-02	5.174e-01	-5.501e-01
145301.50	-1.181e-02	9.984e-01	-9.485e-02
145302.50	5.741e-03	8.419e-01	-1.728e-01
145303.50	-3.120e-02	1.229e+00	-1.046e+00
145304.50	-2.074e-02	-3.878e-02	-4.762e-01
145305.50	1.574e-02	4.253e-01	6.374e-01
145306.50	-6.058e-03	5.078e-01	-1.795e-01
145307.50	1.795e-03	2.765e-01	1.142e-02
145308.50	-1.277e-02	4.282e-01	-2.592e-01
145309.50	-4.147e-03	8.813e-01	-2.314e-02
145310.50	2.429e-03	8.477e-01	1.795e-01
145311.50	5.318e-03	7.843e-01	1.171e-01
145312.50	6.490e-04	1.354e-01	-3.744e-03
145313.50	6.691e-03	-2.640e-01	1.517e-01
145314.50	-1.757e-03	2.064e-01	-3.725e-04
145315.50	7.853e-03	3.120e-01	4.186e-02
145316.50	-1.853e-02	1.200e+00	-4.138e-01
145317.50	-2.189e-02	5.770e-01	-4.954e-01
145318.50	-2.304e-02	1.670e-01	-5.875e-01
145319.50	9.034e-03	5.165e-01	2.131e-01
145320.50	5.443e-03	3.859e-01	1.920e-01
145321.50	2.438e-03	-1.373e-01	2.467e-01
145322.50	-6.374e-03	5.270e-02	-1.219e-01
145323.50	-1.267e-02	3.245e-01	-2.986e-01
145324.50	1.334e-02	2.544e-01	3.322e-01
145325.50	8.333e-03	1.526e-01	2.054e-01
145326.50	6.893e-03	-2.794e-01	3.581e-02
145327.50	-1.142e-02	2.506e-01	-6.010e-02
145328.50	-8.218e-03	3.619e-01	-1.699e-01
145329.50	-4.262e-04	-3.101e-01	-1.718e-01
145330.50	-5.453e-03	3.427e-01	-2.189e-01
145331.50	1.613e-03	5.434e-01	1.526e-01
145332.50	-7.987e-03	4.387e-01	-2.592e-01
145333.50	-1.670e-02	2.630e-01	-3.322e-01
145334.50	-2.842e-03	2.438e-01	-1.795e-01
145335.50	-2.438e-02	5.021e-02	-5.318e-01
145336.50	-7.171e-03	3.178e-01	-1.498e-01
145337.50	1.421e-02	5.030e-01	4.195e-01
145338.50	1.162e-02	1.718e-01	1.718e-01
145339.50	-1.027e-02	-8.784e-02	-3.418e-01
145340.50	-8.093e-03	1.795e-01	-1.440e-01
145341.50	7.584e-03	-1.728e-01	2.496e-01
145342.50	4.147e-03	7.133e-02	1.757e-01
145343.50	1.997e-03	5.299e-01	1.104e-01
145344.50	-1.181e-02	1.114e-01	-5.078e-01
145345.50	-3.293e-03	1.056e-01	-8.304e-02
145346.50	2.707e-03	3.034e-01	2.045e-01
145347.50	-4.694e-03	1.718e-01	4.810e-02
145348.50	9.466e-03	6.010e-02	3.101e-01
145349.50	2.746e-03	2.093e-01	1.085e-01
145350.50	1.411e-02	-2.371e-02	4.368e-01
145351.50	-1.478e-03	2.746e-03	-1.306e-01
145352.50	-2.832e-03	3.648e-01	2.227e-02
145353.50	-3.466e-03	1.949e-01	-1.046e-01
145354.50	-1.354e-02	-1.546e-01	-3.715e-01
145355.50	6.576e-04	3.946e-01	-7.334e-02
145356.50	3.437e-03	2.976e-01	4.618e-02
145357.50	-7.267e-04	1.056e-01	-1.574e-01
145358.50	-3.763e-03	1.181e-01	-2.314e-02
145359.50	6.259e-03	-1.901e-01	3.168e-01
145360.50	-1.642e-03	2.851e-01	-3.754e-02
145361.50	-9.792e-03	1.728e-01	-3.043e-01
145362.50	6.259e-04	-8.554e-02	-1.738e-02
145363.50	8.851e-03	1.267e-01	3.072e-01
145364.50	9.331e-03	2.275e-01	4.291e-01
145365.50	-7.814e-03	9.696e-02	-7.114e-02
145366.50	6.845e-03	3.619e-02	2.141e-01
145367.50	-2.726e-03	-1.747e-01	1.008e-01
145368.50	-4.925e-03	2.928e-01	-1.008e-01
145369.50	-6.941e-03	2.678e-01	-2.371e-01
145370.50	-6.019e-03	-2.458e-02	-2.064e-01
145371.50	-4.733e-03	-6.240e-02	-1.680e-01
145372.50	-1.469e-03	1.987e-01	-1.066e-01
145373.50	4.349e-03	2.323e-01	2.640e-01
145374.50	-2.093e-02	3.082e-01	-4.416e-01
145375.50	-5.203e-03	-1.498e-01	-2.803e-01
145376.50	6.058e-03	-7.075e-03	8.947e-02
145377.50	-1.037e-02	-1.786e-01	-1.824e-01
145378.50	-3.331e-05	1.891e-01	-4.493e-02
145379.50	2.093e-03	-3.158e-02	1.027e-01
145380.50	-3.322e-03	-6.451e-02	-1.152e-01
145381.50	1.382e-02	7.104e-03	8.746e-02
145382.50	7.171e-04	6.797e-02	1.315e-01
145383.50	1.709e-03	9.696e-04	-3.427e-02
145384.50	7.891e-03	3.610e-02	1.862e-01
145385.50	-1.862e-02	-1.152e-01	-4.493e-01
145386.50	-2.352e-03	1.680e-01	-1.987e-01
145387.50	1.200e-04	-1.354e-01	8.851e-02
145388.50	-1.747e-02	2.131e-01	-1.152e-01
145389.50	9.888e-03	3.062e-01	1.594e-01
145390.50	1.978e-02	8.563e-02	4.090e-01
145391.50	6.211e-03	8.602e-02	1.786e-01
145392.50	-1.392e-02	4.954e-02	-4.138e-01
145393.50	2.870e-03	3.514e-01	9.091e-02
145394.50	-6.211e-03	5.808e-02	-5.299e-02
145395.50	-3.686e-03	-5.654e-02	-1.843e-01
145396.50	-4.301e-03	1.642e-01	-6.374e-02
145397.50	6.624e-03	-5.520e-03	2.285e-01
145398.50	4.906e-03	-4.838e-02	1.190e-01
145399.50	-1.594e-03	1.651e-01	-1.920e-01
145400.50	5.894e-03	1.344e-01	2.342e-01
145401.50	-4.915e-03	-1.306e-01	-8.093e-02
145402.50	-1.162e-03	-2.400e-02	6.768e-02
145403.50	3.187e-04	2.957e-01	-1.450e-02
145404.50	5.270e-03	4.253e-02	8.160e-02
145405.50	-5.558e-03	7.939e-02	-2.554e-01
145406.50	-5.952e-03	-6.048e-02	2.659e-02
145407.50	6.451e-04	3.696e-02	-1.200e-02
145408.50	-2.006e-03	-2.890e-02	-5.770e-02
145409.50	4.685e-03	1.200e-03	6.941e-02
145410.50	-1.565e-02	7.853e-02	-2.899e-01
145411.50	-1.478e-03	1.411e-02	1.123e-02
145412.50	1.526e-04	-1.066e-02	3.034e-02
145413.50	-4.781e-03	4.416e-02	-9.600e-02
145414.50	5.261e-03	2.765e-02	4.608e-02
145415.50	7.363e-03	7.027e-02	2.294e-01
145416.50	5.136e-03	-9.062e-02	1.306e-01
145417.50	2.122e-03	5.174e-02	1.363e-02
145418.50	-1.584e-03	-6.106e-03	2.976e-03
145419.50	8.198e-04	2.352e-01	-1.517e-01
145420.50	2.976e-03	-3.994e-01	1.238e-01
145421.50	-1.862e-03	-4.358e-02	1.862e-03
145422.50	1.699e-03	1.181e-01	4.858e-02
145423.50	2.448e-03	7.488e-02	8.995e-02
145424.50	1.382e-03	3.082e-02	1.680e-02
145425.50	-4.522e-03	1.382e-01	-1.219e-01
145426.50	-2.083e-04	-1.104e-01	-4.253e-02
145427.50	8.995e-03	3.293e-03	1.805e-01
145428.50	-8.083e-03	-3.850e-02	-1.584e-01
145429.50	-1.642e-03	4.349e-02	6.816e-02
145430.50	-2.554e-03	9.984e-02	3.360e-02
145431.50	-1.680e-03	-1.008e-01	-5.626e-02
145432.50	-1.142e-02	2.477e-02	-5.683e-03
145433.50	7.882e-03	8.803e-02	9.984e-02
145434.50	-6.374e-03	-4.771e-02	-2.467e-01
145435.50	8.112e-03	5.808e-03	5.904e-02
145436.50	1.229e-03	7.114e-03	8.458e-02
145437.50	8.544e-04	-1.354e-01	4.512e-02
145438.50	-5.261e-03	-2.227e-02	-1.690e-01
145439.50	-2.765e-03	2.083e-03	-1.162e-01
145440.50	2.698e-03	-8.131e-02	2.947e-02
145441.50	3.264e-03	1.171e-02	9.600e-02
145442.50	9.792e-05	-1.670e-01	-1.603e-03
145443.50	-3.936e-03	-9.696e-02	-1.325e-01
145444.50	1.968e-03	7.152e-02	2.506e-02
145445.50	3.418e-03	-5.136e-02	8.237e-02
145446.50	3.523e-03	2.362e-01	5.827e-02
145447.50	-6.336e-03	-5.990e-02	-1.392e-01
145448.50	3.802e-03	1.757e-01	-4.675e-02
145449.50	-3.590e-03	-4.195e-02	2.438e-03
145450.50	-4.675e-03	-4.637e-02	-1.075e-02
145451.50	-3.658e-03	3.274e-01	-1.008e-01
145452.50	8.362e-04	-1.939e-02	-6.451e-03
145453.50	2.851e-03	-9.302e-02	3.869e-02
145454.50	8.112e-03	-5.856e-02	1.613e-01
145455.50	3.120e-03	7.306e-02	2.227e-03
145456.50	4.128e-03	2.458e-01	1.382e-01
145457.50	3.744e-03	-5.386e-02	9.888e-02
145458.50	-4.358e-03	-1.718e-01	-6.758e-02
145459.50	-4.992e-05	-8.467e-02	1.699e-02
145460.50	-8.314e-03	-8.890e-02	-1.594e-01
145461.50	5.059e-03	7.152e-02	5.347e-02
145462.50	-6.624e-03	1.757e-01	-2.650e-01
145463.50	-5.798e-03	7.728e-02	-7.786e-02
145464.50	1.210e-03	-1.248e-01	-9.792e-03
145465.50	-2.899e-03	-6.019e-02	-2.294e-02
145466.50	-6.202e-03	-9.110e-03	-1.517e-01
145467.50	-3.168e-04	1.421e-01	-9.600e-02
145468.50	5.837e-04	-1.267e-02	2.381e-02
145469.50	1.440e-03	-1.421e-01	1.066e-01
145470.50	-2.179e-03	1.210e-01	-6.365e-02
145471.50	-2.832e-03	4.464e-02	-3.149e-02
145472.50	1.574e-03	9.984e-02	1.066e-01
145473.50	1.622e-03	-1.584e-02	-4.618e-03
145474.50	5.501e-04	1.690e-03	8.381e-03
145475.50	2.976e-03	-1.171e-01	1.229e-01
145476.50	-2.726e-03	8.141e-02	-1.008e-01
145477.50	1.498e-05	-2.314e-02	1.046e-01
145478.50	-3.504e-03	5.789e-02	-8.141e-02
145479.50	-3.984e-03	1.450e-01	-1.392e-01
145480.50	2.899e-03	8.237e-02	1.075e-01
145481.50	-1.958e-03	6.634e-02	-3.024e-02
145482.50	-2.246e-03	8.496e-02	2.429e-02
145483.50	-3.187e-03	7.574e-02	-1.142e-01
145484.50	6.566e-05	8.323e-02	-9.888e-02
145485.50	5.117e-03	4.714e-02	5.357e-02
145486.50	7.536e-03	-5.405e-02	1.642e-01
145487.50	-1.018e-03	-1.210e-01	2.342e-02
145488.50	9.178e-05	3.763e-02	4.541e-02
145489.50	-6.538e-03	-1.229e-01	-6.499e-02
145490.50	2.045e-03	3.706e-02	2.554e-02
145491.50	4.186e-03	7.258e-02	1.718e-01
145492.50	-2.323e-03	-2.909e-02	-6.422e-02
145493.50	-2.861e-03	3.014e-05	-1.171e-01
145494.50	-9.494e-03	-8.755e-02	-1.747e-01
145495.50	-1.728e-03	1.018e-01	5.021e-03
145496.50	-1.325e-03	-1.142e-01	-7.056e-02
145497.50	1.920e-03	-1.670e-01	-1.104e-02
145498.50	-3.370e-03	-2.189e-02	-2.794e-02
145499.50	-3.110e-03	5.770e-02	-2.093e-02
145500.50	-1.546e-03	8.515e-02	9.888e-03
145501.50	4.531e-03	-3.734e-02	5.712e-02
145502.50	2.400e-03	1.171e-02	4.272e-02
145503.50	2.362e-03	-2.851e-02	8.467e-02
145504.50	-5.078e-03	-8.448e-02	-1.123e-01
145505.50	3.830e-03	3.053e-02	6.307e-02
145506.50	1.661e-03	1.181e-01	-6.355e-03
145507.50	1.392e-03	-7.834e-03	-7.891e-03
145508.50	-2.390e-03	2.131e-02	-1.536e-02
145509.50	-4.454e-03	6.365e-02	-2.362e-02
145510.50	-3.494e-03	3.034e-02	-7.363e-02
145511.50	3.984e-03	-2.150e-02	2.861e-02
145512.50	1.382e-03	5.616e-02	5.472e-02
145513.50	-6.288e-03	-6.902e-02	-1.910e-01
145514.50	-5.434e-04	-4.205e-02	-4.262e-03
145515.50	2.438e-03	1.133e-02	-2.074e-02
145516.50	4.464e-03	8.592e-02	1.459e-01
145517.50	2.074e-03	-1.094e-01	2.851e-02
145518.50	-4.685e-03	-4.397e-02	-5.078e-02
145519.50	-1.642e-03	-5.184e-02	-6.950e-02
145520.50	4.282e-03	4.243e-02	8.381e-02
145521.50	6.941e-04	-1.440e-03	3.715e-02
145522.50	-3.466e-04	-3.686e-02	9.984e-02
145523.50	-1.786e-03	-4.954e-02	-5.597e-02
145524.50	-1.286e-03	1.536e-01	3.187e-02
145525.50	-3.869e-03	-2.102e-02	-7.027e-02
145526.50	2.045e-03	-1.037e-01	5.261e-02
145527.50	5.501e-03	-6.221e-03	7.440e-02
145528.50	-1.267e-03	1.104e-01	-5.616e-02
145529.50	-9.600e-04	1.478e-01	-1.565e-01
145530.50	1.286e-03	-8.093e-02	-1.142e-02
145531.50	5.011e-03	1.382e-02	7.046e-02
145532.50	5.510e-03	1.123e-01	1.382e-01
145533.50	2.726e-03	-1.930e-02	1.200e-01
145534.50	-1.891e-03	2.458e-02	-3.322e-02
145535.50	1.162e-03	2.141e-02	7.920e-02
145536.50	-4.656e-03	-5.990e-02	-1.123e-01
145537.50	-6.298e-03	9.984e-02	-1.018e-01
145538.50	5.155e-03	-1.267e-01	-6.470e-02
145539.50	5.549e-03	-2.976e-02	2.592e-02
145540.50	-3.456e-03	-1.114e-01	-6.019e-02
145541.50	1.411e-04	5.875e-02	1.949e-02
145542.50	-1.862e-03	-5.779e-02	-1.066e-01
145543.50	1.882e-03	-3.389e-02	2.650e-02
145544.50	1.546e-03	6.874e-02	1.450e-01
145545.50	-1.123e-02	2.496e-02	-6.816e-02
145546.50	-1.949e-03	2.947e-02	1.238e-01
145547.50	1.594e-03	-8.390e-05	-1.824e-03
145548.50	-1.219e-04	8.467e-02	1.958e-02
145549.50	-5.443e-04	6.365e-02	2.266e-02
145550.50	1.670e-03	1.402e-01	2.448e-02
145551.50	-8.602e-04	-3.811e-02	-5.818e-02
145552.50	1.066e-03	1.018e-01	-1.152e-02
145553.50	-4.378e-03	-8.573e-02	-7.229e-02
145554.50	2.544e-03	-1.066e-02	-1.094e-03
145555.50	3.360e-03	-6.298e-02	4.800e-02
145556.50	-1.334e-02	-3.254e-02	-2.650e-03
145557.50	7.210e-03	3.629e-03	8.016e-02
145558.50	1.738e-03	5.894e-02	4.387e-03
145559.50	-2.928e-03	3.446e-02	-8.141e-02
145560.50	7.027e-04	8.486e-02	-3.024e-02
145561.50	4.080e-05	-5.309e-02	-4.387e-02
145562.50	1.757e-03	-3.082e-02	2.083e-02
145563.50	1.018e-03	1.258e-02	1.862e-02
145564.50	-2.045e-03	-4.272e-02	-3.456e-02
145565.50	-1.469e-04	-5.798e-02	-2.659e-02
145566.50	9.888e-04	3.907e-02	1.987e-02
145567.50	-1.546e-03	7.267e-02	-2.698e-02
145568.50	3.475e-03	-5.664e-02	6.077e-02
145569.50	-1.507e-03	-3.648e-02	4.339e-03
145570.50	-5.270e-03	4.397e-03	-7.498e-02
145571.50	-4.358e-04	-1.094e-01	-4.090e-02
145572.50	-3.264e-03	3.341e-02	-5.088e-02
145573.50	2.563e-03	-9.600e-03	3.946e-02
145574.50	-2.352e-03	4.118e-02	-4.090e-02
145575.50	-2.496e-03	-1.190e-02	4.646e-02
145576.50	-2.256e-03	1.786e-02	-5.462e-02
145577.50	-1.037e-03	-9.696e-02	-6.518e-02
145578.50	-6.970e-04	-7.718e-02	-1.018e-02
145579.50	-6.413e-03	-2.131e-02	-6.048e-02
145580.50	1.555e-03	-3.178e-02	4.272e-02
145581.50	2.774e-03	1.085e-01	1.344e-01
145582.50	-7.008e-04	1.978e-02	1.440e-02
145583.50	4.099e-03	4.042e-02	8.995e-03
145584.50	1.843e-03	4.512e-02	6.240e-02
145585.50	7.901e-04	-4.579e-02	-1.603e-02
145586.50	-3.062e-03	4.531e-02	-5.933e-02
145587.50	-2.880e-03	1.795e-02	-8.755e-02
145588.50	-3.226e-03	7.603e-02	-8.362e-02
145589.50	4.426e-03	5.126e-02	7.430e-02
145590.50	-3.590e-03	1.258e-03	-7.075e-02
145591.50	4.445e-03	1.670e-02	9.120e-02
145592.50	2.429e-03	5.693e-02	1.190e-01
145593.50	2.323e-03	2.986e-02	1.517e-02
145594.50	2.208e-03	6.634e-02	4.522e-02
145595.50	-1.363e-03	-5.395e-02	-2.256e-02
145596.50	-2.746e-03	-8.198e-02	-2.141e-02
145597.50	-1.277e-03	-1.219e-02	-1.258e-01
145598.50	-5.818e-04	4.973e-02	-3.130e-02
145599.50	-1.786e-03	-4.166e-02	5.549e-04
145600.50	-6.355e-04	1.286e-02	-4.685e-02
145601.50	-3.312e-03	1.258e-02	7.459e-03
