145003.50	0.000e+00	0.000e+00	0.000e+00
145004.50	0.000e+00	0.000e+00	0.000e+00
145005.50	0.000e+00	0.000e+00	0.000e+00
145006.50	0.000e+00	0.000e+00	0.000e+00
145007.50	0.000e+00	0.000e+00	0.000e+00
145008.50	0.000e+00	0.000e+00	0.000e+00
145009.50	0.000e+00	0.000e+00	0.000e+00
145010.50	0.000e+00	0.000e+00	0.000e+00
145011.50	0.000e+00	0.000e+00	0.000e+00
145012.50	0.000e+00	0.000e+00	0.000e+00
145013.50	0.000e+00	0.000e+00	0.000e+00
145014.50	0.000e+00	0.000e+00	0.000e+00
145015.50	0.000e+00	0.000e+00	0.000e+00
145016.50	0.000e+00	0.000e+00	0.000e+00
145017.50	0.000e+00	0.000e+00	0.000e+00
145018.50	0.000e+00	0.000e+00	0.000e+00
145019.50	0.000e+00	0.000e+00	0.000e+00
145020.50	0.000e+00	0.000e+00	0.000e+00
145021.50	0.000e+00	0.000e+00	0.000e+00
145022.50	0.000e+00	0.000e+00	0.000e+00
145023.50	0.000e+00	0.000e+00	0.000e+00
145024.50	0.000e+00	0.000e+00	0.000e+00
145025.50	0.000e+00	0.000e+00	0.000e+00
145026.50	0.000e+00	0.000e+00	0.000e+00
145027.50	0.000e+00	0.000e+00	0.000e+00
145028.50	0.000e+00	0.000e+00	0.000e+00
145029.50	0.000e+00	0.000e+00	0.000e+00
145030.50	0.000e+00	0.000e+00	0.000e+00
145031.50	0.000e+00	0.000e+00	0.000e+00
145032.50	0.000e+00	0.000e+00	0.000e+00
145033.50	0.000e+00	0.000e+00	0.000e+00
145034.50	0.000e+00	0.000e+00	0.000e+00
145035.50	0.000e+00	0.000e+00	0.000e+00
145036.50	0.000e+00	0.000e+00	0.000e+00
145037.50	0.000e+00	0.000e+00	0.000e+00
145038.50	0.000e+00	0.000e+00	0.000e+00
145039.50	0.000e+00	0.000e+00	0.000e+00
145040.50	0.000e+00	0.000e+00	0.000e+00
145041.50	0.000e+00	0.000e+00	0.000e+00
145042.50	0.000e+00	0.000e+00	0.000e+00
145043.50	0.000e+00	0.000e+00	0.000e+00
145044.50	0.000e+00	0.000e+00	0.000e+00
145045.50	0.000e+00	0.000e+00	0.000e+00
145046.50	0.000e+00	0.000e+00	0.000e+00
145047.50	0.000e+00	0.000e+00	0.000e+00
145048.50	0.000e+00	0.000e+00	0.000e+00
145049.50	0.000e+00	0.000e+00	0.000e+00
145050.50	0.000e+00	0.000e+00	0.000e+00
145051.50	0.000e+00	0.000e+00	0.000e+00
145052.50	0.000e+00	0.000e+00	0.000e+00
145053.50	0.000e+00	0.000e+00	0.000e+00
145054.50	0.000e+00	0.000e+00	0.000e+00
145055.50	0.000e+00	0.000e+00	0.000e+00
145056.50	0.000e+00	0.000e+00	0.000e+00
145057.50	0.000e+00	0.000e+00	0.000e+00
145058.50	0.000e+00	0.000e+00	0.000e+00
145059.50	0.000e+00	0.000e+00	0.000e+00
145060.50	0.000e+00	0.000e+00	0.000e+00
145061.50	0.000e+00	0.000e+00	0.000e+00
145062.50	0.000e+00	0.000e+00	0.000e+00
145063.50	0.000e+00	0.000e+00	0.000e+00
145064.50	0.000e+00	0.000e+00	0.000e+00
145065.50	0.000e+00	0.000e+00	0.000e+00
145066.50	0.000e+00	0.000e+00	0.000e+00
145067.50	0.000e+00	0.000e+00	0.000e+00
145068.50	0.000e+00	0.000e+00	0.000e+00
145069.50	0.000e+00	0.000e+00	0.000e+00
145070.50	0.000e+00	0.000e+00	0.000e+00
145071.50	0.000e+00	0.000e+00	0.000e+00
145072.50	0.000e+00	0.000e+00	0.000e+00
145073.50	0.000e+00	0.000e+00	0.000e+00
145074.50	0.000e+00	0.000e+00	0.000e+00
145075.50	0.000e+00	0.000e+00	0.000e+00
145076.50	0.000e+00	0.000e+00	0.000e+00
145077.50	0.000e+00	0.000e+00	0.000e+00
145078.50	0.000e+00	0.000e+00	0.000e+00
145079.50	0.000e+00	0.000e+00	0.000e+00
145080.50	0.000e+00	0.000e+00	0.000e+00
145081.50	0.000e+00	0.000e+00	0.000e+00
145082.50	0.000e+00	0.000e+00	0.000e+00
145083.50	0.000e+00	0.000e+00	0.000e+00
145084.50	0.000e+00	0.000e+00	0.000e+00
145085.50	0.000e+00	0.000e+00	0.000e+00
145086.50	0.000e+00	0.000e+00	0.000e+00
145087.50	0.000e+00	0.000e+00	0.000e+00
145088.50	0.000e+00	0.000e+00	0.000e+00
145089.50	0.000e+00	0.000e+00	0.000e+00
145090.50	0.000e+00	0.000e+00	0.000e+00
145091.50	0.000e+00	0.000e+00	0.000e+00
145092.50	0.000e+00	0.000e+00	0.000e+00
145093.50	0.000e+00	0.000e+00	0.000e+00
145094.50	0.000e+00	0.000e+00	0.000e+00
145095.50	0.000e+00	0.000e+00	0.000e+00
145096.50	0.000e+00	0.000e+00	0.000e+00
145097.50	0.000e+00	0.000e+00	0.000e+00
145098.50	0.000e+00	0.000e+00	0.000e+00
145099.50	0.000e+00	0.000e+00	0.000e+00
145100.50	0.000e+00	0.000e+00	0.000e+00
145101.50	0.000e+00	0.000e+00	0.000e+00
145102.50	0.000e+00	0.000e+00	0.000e+00
145103.50	0.000e+00	0.000e+00	0.000e+00
145104.50	0.000e+00	0.000e+00	0.000e+00
145105.50	0.000e+00	0.000e+00	0.000e+00
145106.50	0.000e+00	0.000e+00	0.000e+00
145107.50	0.000e+00	0.000e+00	0.000e+00
145108.50	0.000e+00	0.000e+00	0.000e+00
145109.50	0.000e+00	0.000e+00	0.000e+00
145110.50	0.000e+00	0.000e+00	0.000e+00
145111.50	0.000e+00	0.000e+00	0.000e+00
145112.50	0.000e+00	0.000e+00	0.000e+00
145113.50	0.000e+00	0.000e+00	0.000e+00
145114.50	0.000e+00	0.000e+00	0.000e+00
145115.50	0.000e+00	0.000e+00	0.000e+00
145116.50	0.000e+00	0.000e+00	0.000e+00
145117.50	0.000e+00	0.000e+00	0.000e+00
145118.50	0.000e+00	0.000e+00	0.000e+00
145119.50	0.000e+00	0.000e+00	0.000e+00
145120.50	0.000e+00	0.000e+00	0.000e+00
145121.50	0.000e+00	0.000e+00	0.000e+00
145122.50	0.000e+00	0.000e+00	0.000e+00
145123.50	0.000e+00	0.000e+00	0.000e+00
145124.50	0.000e+00	0.000e+00	0.000e+00
145125.50	0.000e+00	0.000e+00	0.000e+00
145126.50	0.000e+00	0.000e+00	0.000e+00
145127.50	0.000e+00	0.000e+00	0.000e+00
145128.50	0.000e+00	0.000e+00	0.000e+00
145129.50	0.000e+00	0.000e+00	0.000e+00
145130.50	0.000e+00	0.000e+00	0.000e+00
145131.50	0.000e+00	0.000e+00	0.000e+00
145132.50	0.000e+00	0.000e+00	0.000e+00
145133.50	0.000e+00	0.000e+00	0.000e+00
145134.50	0.000e+00	0.000e+00	0.000e+00
145135.50	0.000e+00	0.000e+00	0.000e+00
145136.50	0.000e+00	0.000e+00	0.000e+00
145137.50	0.000e+00	0.000e+00	0.000e+00
145138.50	0.000e+00	0.000e+00	0.000e+00
145139.50	0.000e+00	0.000e+00	0.000e+00
145140.50	0.000e+00	0.000e+00	0.000e+00
145141.50	0.000e+00	0.000e+00	0.000e+00
145142.50	0.000e+00	0.000e+00	0.000e+00
145143.50	0.000e+00	0.000e+00	0.000e+00
145144.50	0.000e+00	0.000e+00	0.000e+00
145145.50	0.000e+00	0.000e+00	0.000e+00
145146.50	0.000e+00	0.000e+00	0.000e+00
145147.50	0.000e+00	0.000e+00	0.000e+00
145148.50	0.000e+00	0.000e+00	0.000e+00
145149.50	0.000e+00	0.000e+00	0.000e+00
145150.50	0.000e+00	0.000e+00	0.000e+00
145151.50	0.000e+00	0.000e+00	0.000e+00
145152.50	0.000e+00	0.000e+00	0.000e+00
145153.50	0.000e+00	0.000e+00	0.000e+00
145154.50	0.000e+00	0.000e+00	0.000e+00
145155.50	0.000e+00	0.000e+00	0.000e+00
145156.50	0.000e+00	0.000e+00	0.000e+00
145157.50	0.000e+00	0.000e+00	0.000e+00
145158.50	0.000e+00	0.000e+00	0.000e+00
145159.50	0.000e+00	0.000e+00	0.000e+00
145160.50	0.000e+00	0.000e+00	0.000e+00
145161.50	0.000e+00	0.000e+00	0.000e+00
145162.50	0.000e+00	0.000e+00	0.000e+00
145163.50	0.000e+00	0.000e+00	0.000e+00
145164.50	0.000e+00	0.000e+00	0.000e+00
145165.50	0.000e+00	0.000e+00	0.000e+00
145166.50	0.000e+00	0.000e+00	0.000e+00
145167.50	0.000e+00	0.000e+00	0.000e+00
145168.50	0.000e+00	0.000e+00	0.000e+00
145169.50	0.000e+00	0.000e+00	0.000e+00
145170.50	0.000e+00	0.000e+00	0.000e+00
145171.50	0.000e+00	0.000e+00	0.000e+00
145172.50	0.000e+00	0.000e+00	0.000e+00
145173.50	0.000e+00	0.000e+00	0.000e+00
145174.50	0.000e+00	0.000e+00	0.000e+00
145175.50	0.000e+00	0.000e+00	0.000e+00
145176.50	0.000e+00	0.000e+00	0.000e+00
145177.50	0.000e+00	0.000e+00	0.000e+00
145178.50	0.000e+00	0.000e+00	0.000e+00
145179.50	0.000e+00	0.000e+00	0.000e+00
145180.50	0.000e+00	0.000e+00	0.000e+00
145181.50	0.000e+00	0.000e+00	0.000e+00
145182.50	0.000e+00	0.000e+00	0.000e+00
145183.50	0.000e+00	0.000e+00	0.000e+00
145184.50	0.000e+00	0.000e+00	0.000e+00
145185.50	0.000e+00	0.000e+00	0.000e+00
145186.50	0.000e+00	0.000e+00	0.000e+00
145187.50	0.000e+00	0.000e+00	0.000e+00
145188.50	0.000e+00	0.000e+00	0.000e+00
145189.50	0.000e+00	0.000e+00	0.000e+00
145190.50	0.000e+00	0.000e+00	0.000e+00
145191.50	0.000e+00	0.000e+00	0.000e+00
145192.50	-3.763e-05	1.248e-03	-7.814e-04
145193.50	-1.162e-05	6.115e-04	-4.915e-04
145194.50	8.486e-05	-2.630e-03	1.306e-03
145195.50	3.706e-05	-8.275e-04	-1.469e-04
145196.50	4.877e-06	-2.592e-04	4.272e-04
145197.50	-8.016e-05	1.891e-03	-4.570e-04
145198.50	-1.776e-05	5.866e-04	-5.587e-04
145199.50	3.984e-05	-8.986e-04	-4.118e-04
145200.50	-2.822e-06	5.155e-05	1.277e-04
145201.50	7.334e-06	-3.571e-04	8.650e-04
145202.50	-2.544e-04	1.238e-02	-1.373e-02
145203.50	1.286e-03	-3.302e-02	-2.429e-02
145204.50	-1.546e-03	1.709e-01	-4.742e-01
145205.50	3.830e-01	-1.181e+01	3.312e-01
145206.50	1.258e+00	-3.802e+01	1.622e+00
145207.50	3.062e+00	-8.717e+01	-7.459e+00
145208.50	5.232e+00	-1.498e+02	6.989e+00
145209.50	8.285e+00	-2.304e+02	4.771e+00
145210.50	9.091e+00	-2.477e+02	1.133e+01
145211.50	9.466e+00	-2.477e+02	-7.114e+00
145212.50	9.072e+00	-2.314e+02	-1.661e+00
145213.50	6.317e+00	-1.555e+02	2.717e+00
145214.50	3.677e+00	-8.400e+01	4.627e+00
145215.50	2.035e+00	-3.590e+01	-2.160e+01
145216.50	2.986e-01	1.910e+00	1.037e+01
145217.50	-3.898e-01	2.179e+01	-6.154e+00
145218.50	-1.622e+00	4.925e+01	5.789e+00
145219.50	-2.122e+00	6.288e+01	-3.658e+00
145220.50	-2.726e+00	7.421e+01	4.310e+00
145221.50	-2.525e+00	6.979e+01	-4.195e+00
145222.50	-2.438e+00	6.614e+01	-4.042e-02
145223.50	-2.410e+00	6.298e+01	6.634e+00
145224.50	-2.611e+00	6.941e+01	-2.179e+00
145225.50	-2.294e+00	5.923e+01	2.208e+00
145226.50	-2.237e+00	5.914e+01	-4.858e+00
145227.50	-1.901e+00	5.002e+01	-3.610e+00
145228.50	-1.843e+00	4.790e+01	-2.093e+00
145229.50	-1.949e+00	4.992e+01	-4.272e-01
145230.50	-1.910e+00	4.925e+01	-2.150e+00
145231.50	-1.766e+00	4.464e+01	-1.056e-01
145232.50	-1.450e+00	3.686e+01	2.947e+00
145233.50	-1.450e+00	3.706e+01	-5.318e-01
145234.50	-1.344e+00	3.446e+01	-1.699e+00
145235.50	-1.152e+00	2.928e+01	-3.773e-02
145236.50	-1.152e+00	2.890e+01	1.594e+00
145237.50	-1.018e+00	2.659e+01	-3.168e+00
145238.50	-9.984e-01	2.554e+01	-9.264e-01
145239.50	-9.696e-01	2.448e+01	-1.680e-01
145240.50	-8.573e-01	2.170e+01	-1.325e+00
145241.50	-8.506e-01	2.093e+01	1.939e+00
145242.50	-7.085e-01	1.795e+01	1.344e-01
145243.50	-7.565e-01	1.862e+01	1.766e+00
145244.50	-6.682e-01	1.632e+01	1.709e+00
145245.50	-6.720e-01	1.709e+01	-2.438e-01
145246.50	-6.768e-01	1.709e+01	-1.546e+00
145247.50	-6.864e-01	1.680e+01	5.299e-01
145248.50	-5.462e-01	1.344e+01	-3.187e-01
145249.50	-5.510e-01	1.325e+01	9.792e-01
145250.50	-4.042e-01	9.888e+00	7.834e-01
145251.50	-5.270e-01	1.296e+01	-1.814e-01
145252.50	-4.675e-01	1.162e+01	7.594e-01
145253.50	-4.310e-01	1.114e+01	-1.690e+00
145254.50	-3.504e-01	8.678e+00	1.306e-01
145255.50	-3.888e-01	9.696e+00	4.954e-01
145256.50	-3.014e-01	7.123e+00	1.104e+00
145257.50	-3.101e-01	7.843e+00	-2.890e-02
145258.50	-3.091e-01	7.891e+00	-8.765e-01
145259.50	-3.686e-01	8.630e+00	1.978e+00
145260.50	-3.216e-01	7.690e+00	-8.794e-02
145261.50	-2.496e-01	6.250e+00	1.690e-02
145262.50	-2.717e-01	6.634e+00	-9.053e-01
145263.50	-2.438e-01	6.163e+00	-1.267e+00
145264.50	-2.381e-01	5.808e+00	5.270e-01
145265.50	-2.438e-01	5.981e+00	3.504e-01
145266.50	-1.824e-01	4.522e+00	-3.562e-01
145267.50	-2.141e-01	5.578e+00	-1.315e-01
145268.50	-2.275e-01	5.424e+00	6.077e-01
145269.50	-1.565e-01	4.118e+00	2.976e-02
145270.50	-1.920e-01	4.474e+00	8.736e-01
145271.50	-1.814e-01	4.051e+00	1.171e-01
145272.50	-2.074e-01	5.117e+00	1.574e-01
145273.50	-1.363e-01	3.264e+00	-3.754e-01
145274.50	-1.382e-01	3.485e+00	4.118e-01
145275.50	-1.075e-01	2.611e+00	2.189e-01
145276.50	-1.747e-01	3.955e+00	7.238e-01
145277.50	-1.181e-01	2.813e+00	3.197e-01
145278.50	-9.437e-02	2.093e+00	2.986e-01
145279.50	-1.853e-01	4.397e+00	4.906e-01
145280.50	-6.326e-02	1.642e+00	-3.226e-02
145281.50	-1.238e-01	3.158e+00	-2.832e-01
145282.50	-6.336e-02	1.574e+00	-3.043e-01
145283.50	-9.360e-02	2.429e+00	-5.539e-01
145284.50	-7.920e-02	2.054e+00	1.709e-02
145285.50	-1.171e-01	2.563e+00	1.286e+00
145286.50	-8.314e-02	2.093e+00	-6.758e-01
145287.50	-7.498e-02	1.766e+00	-1.046e-01
145288.50	-6.490e-02	1.747e+00	-1.603e-01
145289.50	-1.085e-01	2.544e+00	1.075e-01
145290.50	-8.141e-02	1.891e+00	3.830e-01
145291.50	-4.502e-02	9.034e-01	3.254e-01
145292.50	-3.926e-02	1.075e+00	-4.368e-01
145293.50	-6.605e-02	1.709e+00	3.408e-01
145294.50	-6.778e-02	1.805e+00	-3.581e-01
145295.50	-3.984e-02	9.792e-01	-3.600e-01
145296.50	-8.774e-02	1.910e+00	-3.034e-01
145297.50	-8.083e-02	1.613e+00	9.888e-01
145298.50	-9.696e-02	2.122e+00	7.718e-01
145299.50	-1.978e-02	5.568e-01	-1.152e+00
145300.50	-5.990e-02	1.536e+00	3.312e-02
145301.50	-5.779e-02	1.392e+00	-9.043e-02
145302.50	-5.069e-02	1.382e+00	-4.224e-01
145303.50	-4.330e-02	9.101e-01	4.906e-01
145304.50	-2.256e-02	6.336e-01	-1.565e-01
145305.50	-6.010e-02	1.392e+00	2.333e-01
145306.50	-4.253e-02	1.219e+00	-2.170e-02
145307.50	-2.592e-02	3.504e-01	6.048e-02
145308.50	-6.816e-03	2.909e-01	-5.616e-01
145309.50	-3.379e-02	9.398e-01	2.410e-01
145310.50	-2.995e-02	6.365e-01	3.446e-01
145311.50	1.882e-03	1.402e-01	-6.826e-01
145312.50	-5.069e-02	9.149e-01	4.234e-01
145313.50	-3.494e-02	6.874e-01	-4.838e-01
145314.50	-2.650e-02	8.534e-01	-3.936e-01
145315.50	-4.070e-03	8.688e-02	7.162e-05
145316.50	-2.880e-02	6.845e-01	-3.360e-01
145317.50	-1.507e-02	7.056e-01	-3.504e-01
145318.50	-6.710e-02	1.306e+00	1.037e-02
145319.50	-8.448e-03	1.421e-01	4.934e-01
145320.50	-4.714e-02	9.130e-01	-3.504e-01
145321.50	-3.686e-02	5.434e-01	4.378e-01
145322.50	-3.677e-02	7.066e-01	1.949e-01
145323.50	1.814e-02	-1.901e-01	-3.667e-01
145324.50	-4.781e-02	1.258e+00	1.968e-01
145325.50	-8.218e-03	3.869e-01	3.226e-01
145326.50	7.114e-04	-3.178e-02	2.371e-01
145327.50	-9.216e-03	3.936e-01	-2.515e-01
145328.50	-1.018e-02	3.648e-01	-2.304e-01
145329.50	-4.147e-02	6.509e-01	1.402e-01
145330.50	-4.080e-02	8.966e-01	2.419e-01
145331.50	-8.304e-03	2.640e-01	-2.112e-01
145332.50	-1.094e-02	1.882e-01	6.806e-02
145333.50	-4.070e-03	-4.963e-02	2.611e-01
145334.50	-5.635e-02	1.123e+00	2.323e-01
145335.50	-2.928e-02	6.643e-01	-1.325e-01
145336.50	-4.397e-03	2.083e-01	-1.853e-01
145337.50	-5.616e-04	-7.565e-02	5.386e-02
145338.50	-1.930e-02	4.051e-01	-5.741e-03
145339.50	-2.938e-02	6.490e-01	-1.286e-01
145340.50	5.827e-03	9.888e-02	3.888e-01
145341.50	-1.229e-02	1.901e-01	3.494e-01
145342.50	5.232e-03	5.213e-02	-2.477e-01
145343.50	2.861e-03	-1.219e-01	2.717e-02
145344.50	-1.507e-02	3.667e-01	-1.603e-01
145345.50	-3.283e-02	6.298e-01	-1.344e-01
145346.50	-1.978e-02	3.533e-01	1.142e-01
145347.50	-2.160e-02	4.579e-01	-2.371e-01
145348.50	9.888e-03	-2.698e-01	-7.603e-02
145349.50	-2.698e-02	3.562e-01	3.101e-01
145350.50	8.467e-04	1.718e-02	3.562e-02
145351.50	-1.594e-02	4.253e-01	2.592e-02
145352.50	-1.334e-02	4.752e-01	-2.112e-01
145353.50	-1.267e-02	2.966e-01	-1.670e-01
145354.50	-2.429e-02	6.864e-01	-3.312e-01
145355.50	5.059e-04	-7.507e-02	6.365e-01
145356.50	-1.488e-02	3.514e-01	7.421e-02
145357.50	-8.688e-03	2.352e-02	5.040e-01
145358.50	-9.130e-03	6.643e-02	3.888e-01
145359.50	4.781e-03	-3.542e-02	9.696e-02
145360.50	7.757e-03	-2.285e-02	2.131e-02
145361.50	-1.584e-02	4.877e-01	-5.002e-01
145362.50	5.376e-03	-2.736e-02	1.046e-01
145363.50	-1.536e-02	3.235e-01	-1.325e-01
145364.50	-1.315e-02	2.803e-01	2.726e-02
145365.50	-1.987e-02	3.523e-01	1.565e-01
145366.50	-8.054e-03	1.555e-01	1.133e-01
145367.50	-1.008e-03	-3.965e-03	2.880e-02
145368.50	1.181e-02	-7.344e-02	7.546e-02
145369.50	-3.110e-02	6.288e-01	3.744e-02
145370.50	-1.488e-02	1.325e-01	9.984e-02
145371.50	3.264e-03	-2.429e-02	-3.523e-01
145372.50	2.054e-03	5.866e-02	-3.542e-01
145373.50	-2.976e-05	-8.429e-02	2.083e-01
145374.50	-2.630e-02	4.080e-01	3.859e-01
145375.50	4.867e-04	2.784e-02	9.206e-02
145376.50	-6.730e-03	2.160e-01	-5.462e-01
145377.50	1.315e-02	-2.371e-01	2.189e-01
145378.50	-8.515e-03	1.642e-01	-2.467e-01
145379.50	6.538e-03	-2.563e-01	1.238e-01
145380.50	7.190e-03	7.872e-03	-2.746e-01
145381.50	-1.478e-02	4.070e-01	-2.630e-01
145382.50	-6.259e-04	4.858e-02	-2.736e-01
145383.50	-5.453e-03	-5.818e-02	3.408e-01
145384.50	2.822e-03	-5.088e-02	2.314e-01
145385.50	-1.094e-02	1.834e-01	3.619e-02
145386.50	-3.946e-03	8.746e-02	-3.696e-02
145387.50	1.430e-02	-6.451e-02	-1.306e-01
145388.50	-4.070e-03	1.229e-01	4.877e-01
145389.50	2.102e-03	-8.870e-03	-3.187e-01
145390.50	-1.526e-02	2.198e-01	-8.909e-02
145391.50	-2.006e-02	1.651e-01	5.136e-01
145392.50	5.107e-03	3.408e-02	-6.605e-02
145393.50	-1.814e-03	2.170e-02	-1.286e-01
145394.50	5.357e-05	-5.578e-02	2.208e-01
145395.50	-2.832e-02	4.848e-01	2.390e-01
145396.50	-5.213e-03	1.594e-01	-9.552e-02
145397.50	-1.133e-02	3.590e-01	-1.190e-01
145398.50	-1.891e-03	2.630e-02	-4.080e-02
145399.50	-4.454e-03	5.174e-02	-6.653e-02
145400.50	-1.267e-03	1.181e-01	-3.408e-02
145401.50	-1.286e-02	1.997e-01	4.387e-01
145402.50	-7.910e-03	1.094e-01	-1.373e-01
145403.50	1.210e-02	-2.198e-01	-9.149e-02
145404.50	5.232e-03	-2.362e-01	1.814e-01
145405.50	6.432e-03	-9.514e-02	-1.680e-01
145406.50	4.166e-03	-3.850e-02	1.104e-01
145407.50	-8.640e-03	2.016e-01	-1.718e-01
145408.50	-8.285e-03	1.258e-01	1.046e-01
145409.50	-2.477e-04	7.718e-02	-2.698e-01
145410.50	-9.062e-03	3.043e-01	-2.179e-01
145411.50	-9.888e-03	1.603e-01	1.286e-01
145412.50	-3.302e-03	-4.109e-02	9.293e-02
145413.50	5.501e-03	-1.728e-02	1.824e-01
145414.50	1.142e-03	3.168e-02	-1.536e-01
145415.50	-2.064e-02	3.658e-01	6.883e-02
145416.50	1.123e-02	-2.179e-01	-1.430e-01
145417.50	-3.398e-03	6.701e-02	8.314e-02
145418.50	5.520e-04	2.890e-02	-3.869e-02
145419.50	3.341e-03	-9.523e-02	1.037e-01
145420.50	5.971e-03	-3.024e-02	6.787e-02
145421.50	-6.250e-03	1.507e-01	-1.834e-04
145422.50	5.837e-04	2.525e-03	-1.757e-01
145423.50	-1.267e-02	6.278e-02	-6.058e-02
145424.50	1.219e-02	-2.688e-01	4.262e-02
145425.50	-8.515e-03	1.853e-01	-1.229e-01
145426.50	-7.277e-03	6.941e-02	-1.872e-01
145427.50	-7.786e-04	1.997e-02	5.309e-02
145428.50	-8.688e-03	2.170e-01	-1.574e-01
145429.50	-8.813e-04	3.686e-02	7.546e-02
145430.50	-6.192e-03	1.363e-01	2.458e-01
145431.50	-1.037e-02	1.670e-01	1.958e-02
145432.50	-4.656e-03	3.523e-02	6.864e-02
145433.50	5.885e-03	-1.613e-01	-2.400e-02
145434.50	-1.613e-02	9.043e-02	-2.141e-02
145435.50	-5.491e-03	1.421e-01	-8.122e-02
145436.50	1.296e-03	1.402e-02	2.726e-02
145437.50	-6.029e-03	9.600e-03	2.650e-01
145438.50	7.786e-03	-1.411e-01	5.770e-02
145439.50	-5.011e-03	1.517e-01	-2.678e-02
145440.50	2.064e-02	-1.910e-01	-7.459e-02
145441.50	5.088e-03	9.494e-02	4.138e-02
145442.50	-2.093e-02	3.706e-01	-1.862e-01
145443.50	1.094e-03	1.997e-02	7.478e-02
145444.50	5.251e-03	-7.766e-02	1.814e-02
145445.50	-1.306e-02	3.696e-02	1.162e-01
145446.50	-5.674e-03	3.917e-02	7.834e-02
145447.50	5.674e-03	-2.390e-02	1.152e-01
145448.50	-8.918e-03	2.333e-01	-6.470e-02
145449.50	2.746e-04	-8.227e-02	3.408e-01
145450.50	4.022e-04	-3.341e-02	2.861e-02
145451.50	-1.325e-03	9.696e-02	-4.080e-02
145452.50	-8.458e-04	-5.578e-02	-2.093e-01
145453.50	-1.872e-03	9.600e-03	-7.661e-02
145454.50	-9.245e-03	1.382e-01	9.888e-02
145455.50	-3.658e-04	1.680e-02	-4.032e-02
145456.50	7.133e-03	-5.942e-02	2.438e-02
145457.50	-6.336e-03	-3.600e-02	-1.757e-01
145458.50	1.613e-04	1.430e-01	-2.035e-01
145459.50	1.219e-02	-1.210e-02	-5.952e-02
145460.50	-5.606e-03	1.507e-01	6.806e-03
145461.50	-1.094e-02	8.400e-02	1.334e-01
145462.50	-2.698e-04	-7.776e-02	-2.966e-03
145463.50	-1.238e-02	1.296e-01	3.216e-02
145464.50	4.454e-02	-5.107e-02	-1.306e-01
145465.50	9.888e-03	3.926e-01	-2.650e-02
145466.50	-7.939e-02	-2.544e-02	-1.056e-01
145467.50	8.851e-02	-7.075e-01	2.621e-01
145468.50	-3.264e-03	1.507e-01	-1.306e-02
145469.50	2.016e-03	-1.056e-01	-2.266e-03
145470.50	-8.554e-03	7.738e-03	-1.200e-01
145471.50	-2.285e-02	1.661e-01	8.448e-03
145472.50	-6.326e-03	8.842e-02	-8.256e-02
145473.50	1.565e-02	-1.680e-01	6.643e-02
145474.50	1.171e-02	-2.688e-01	1.613e-01
145475.50	-2.621e-02	2.611e-01	2.227e-02
145476.50	2.102e-02	4.118e-02	2.208e-03
145477.50	2.573e-03	-1.171e-01	1.824e-01
145478.50	8.179e-04	-1.210e-02	1.123e-01
145479.50	-4.214e-03	4.166e-02	-2.093e-02
145480.50	-1.805e-03	8.544e-02	-2.054e-01
145481.50	3.082e-03	-3.264e-02	6.806e-02
145482.50	-2.179e-03	5.453e-02	-1.142e-01
145483.50	-4.560e-03	1.037e-01	-7.997e-02
145484.50	1.459e-03	7.382e-02	1.901e-02
145485.50	-3.533e-04	-1.478e-01	5.779e-02
145486.50	-6.874e-03	1.267e-01	-5.933e-03
145487.50	-6.672e-03	2.160e-01	4.253e-02
145488.50	3.485e-03	-1.066e-01	-9.149e-02
145489.50	6.413e-04	-4.915e-02	-8.083e-02
145490.50	-6.384e-03	6.442e-02	1.555e-01
145491.50	-2.112e-03	-4.339e-02	9.293e-02
145492.50	3.734e-03	-1.008e-01	3.168e-02
145493.50	-5.568e-05	7.402e-03	-1.613e-01
145494.50	-6.394e-03	1.334e-01	-5.366e-02
145495.50	-9.091e-04	1.978e-02	3.235e-02
145496.50	3.504e-04	4.877e-03	-6.125e-02
145497.50	5.251e-04	-3.466e-02	-8.333e-03
145498.50	-3.139e-03	3.331e-02	-1.766e-02
145499.50	-8.803e-03	1.402e-01	1.210e-01
145500.50	1.901e-03	-9.888e-02	2.294e-02
145501.50	-5.251e-03	-3.715e-03	4.272e-02
145502.50	-2.669e-03	5.741e-02	-1.267e-01
145503.50	2.746e-03	9.043e-02	-3.821e-02
145504.50	1.229e-02	-1.306e-01	-1.104e-01
145505.50	-4.435e-03	4.598e-02	7.536e-02
145506.50	-4.195e-03	8.554e-04	9.523e-02
145507.50	8.294e-03	-5.510e-02	-2.592e-01
145508.50	-2.419e-03	-1.344e-02	8.218e-02
145509.50	-2.352e-03	8.304e-02	2.822e-02
145510.50	-9.178e-03	1.469e-01	1.920e-01
145511.50	9.475e-03	-2.938e-03	-1.171e-02
145512.50	1.747e-02	-1.824e-01	-8.256e-02
145513.50	8.246e-03	-2.371e-01	-5.683e-02
145514.50	-6.701e-03	6.528e-02	3.379e-02
145515.50	-1.219e-02	1.872e-01	-1.584e-02
145516.50	-2.554e-03	-2.150e-02	1.104e-01
145517.50	3.254e-03	-4.877e-02	-3.677e-02
145518.50	-5.242e-03	4.762e-02	-1.373e-02
145519.50	5.203e-03	-1.757e-02	1.382e-02
145520.50	6.048e-03	-9.494e-02	-3.485e-02
145521.50	-5.098e-03	8.006e-02	2.198e-02
145522.50	-6.518e-03	-3.456e-02	3.130e-03
145523.50	-1.296e-02	2.890e-02	-5.635e-02
145524.50	-6.912e-03	1.478e-01	-8.755e-02
145525.50	3.101e-03	-1.248e-02	1.728e-02
145526.50	-7.229e-04	7.738e-03	9.379e-02
145527.50	6.730e-03	-1.258e-01	6.470e-02
145528.50	3.130e-03	-2.534e-02	9.408e-04
145529.50	2.112e-03	2.026e-02	-7.709e-02
145530.50	-7.152e-03	5.856e-02	1.114e-02
145531.50	-1.027e-02	7.258e-02	-4.349e-03
145532.50	-4.810e-04	-9.504e-03	1.872e-02
145533.50	5.971e-03	-1.200e-01	8.592e-02
145534.50	-5.318e-03	6.912e-02	-5.146e-02
145535.50	5.770e-03	-6.451e-02	5.357e-02
145536.50	9.475e-03	-1.008e-01	-4.330e-03
145537.50	-9.130e-04	-1.930e-02	2.352e-02
145538.50	-7.430e-03	1.382e-01	1.238e-02
145539.50	-4.445e-03	6.154e-02	1.306e-02
145540.50	-5.098e-03	1.027e-01	-4.723e-02
145541.50	-1.565e-03	5.098e-02	-8.794e-02
145542.50	3.696e-03	-3.283e-02	-1.171e-01
145543.50	-2.947e-03	9.446e-02	3.648e-02
145544.50	-1.814e-03	5.635e-02	1.661e-04
145545.50	4.723e-03	-8.064e-02	-6.624e-03
145546.50	1.997e-03	-7.008e-02	1.440e-01
145547.50	-4.733e-03	2.362e-03	-7.526e-03
145548.50	-4.061e-03	5.280e-02	-4.646e-02
145549.50	4.224e-03	9.542e-03	-4.906e-02
145550.50	3.638e-03	-8.285e-02	-5.904e-02
145551.50	-4.195e-03	2.880e-02	-6.710e-02
145552.50	-7.421e-03	1.258e-01	-6.787e-02
145553.50	-1.286e-03	3.734e-02	-2.256e-02
145554.50	4.195e-04	-8.525e-02	-2.093e-02
145555.50	3.830e-03	-3.062e-02	9.312e-04
145556.50	5.846e-03	-5.338e-02	-6.048e-02
145557.50	-4.445e-03	1.632e-02	6.701e-02
145558.50	2.410e-03	-4.109e-03	1.440e-01
145559.50	1.786e-02	2.016e-02	-9.082e-02
145560.50	1.738e-02	-3.120e-02	-9.466e-02
145561.50	1.181e-02	-7.306e-02	-3.715e-02
145562.50	3.072e-03	3.283e-02	-1.555e-02
145563.50	4.915e-03	-9.178e-02	6.883e-03
145564.50	-1.747e-03	-2.141e-03	-2.573e-03
145565.50	-2.045e-03	-4.109e-02	-1.843e-02
145566.50	-1.670e-03	-2.006e-02	1.526e-01
145567.50	2.112e-02	-6.374e-02	-2.054e-02
145568.50	1.114e-02	-1.296e-01	1.075e-02
145569.50	-7.555e-04	1.258e-02	-7.968e-02
145570.50	5.808e-03	-5.434e-02	-1.498e-01
145571.50	-1.718e-02	1.056e-01	8.726e-02
145572.50	-4.493e-02	1.315e-01	1.526e-01
145573.50	7.085e-03	7.574e-02	-1.469e-01
145574.50	3.792e-03	-5.338e-02	1.037e-02
145575.50	-1.901e-04	5.117e-02	-6.384e-02
145576.50	-4.454e-03	6.144e-02	1.373e-01
145577.50	-3.485e-04	3.456e-02	7.094e-02
145578.50	4.003e-03	-2.678e-02	5.530e-02
145579.50	2.419e-03	-4.406e-02	5.654e-02
145580.50	-8.525e-04	2.611e-02	-1.757e-02
145581.50	4.944e-03	-7.488e-02	8.083e-02
145582.50	3.235e-03	-8.678e-02	-6.355e-02
145583.50	5.280e-04	-2.227e-03	-2.362e-03
145584.50	-9.888e-03	2.150e-01	-3.494e-02
145585.50	-3.120e-03	7.402e-02	-7.757e-02
145586.50	6.586e-03	-2.496e-02	-4.464e-02
145587.50	-1.824e-03	-9.072e-03	-5.453e-02
145588.50	1.248e-03	-7.507e-02	5.520e-02
145589.50	5.002e-03	-1.229e-01	-5.462e-03
145590.50	-8.957e-03	1.392e-01	1.258e-01
145591.50	-8.486e-03	1.085e-01	5.933e-03
145592.50	-1.738e-03	6.758e-02	-4.147e-02
145593.50	-2.563e-03	8.179e-02	-1.536e-01
145594.50	8.064e-04	-4.301e-02	8.899e-03
145595.50	2.986e-03	-5.866e-02	3.926e-02
145596.50	3.005e-03	-1.478e-02	-1.075e-02
145597.50	5.894e-03	-7.824e-02	-2.986e-02
145598.50	-3.802e-03	4.070e-02	1.469e-01
145599.50	-2.074e-03	4.771e-02	3.869e-02
145600.50	-6.403e-03	1.286e-01	3.581e-02
145601.50	1.162e-03	-5.309e-02	4.157e-02
