145003.50	0.000e+00	0.000e+00	0.000e+00
145004.50	0.000e+00	0.000e+00	0.000e+00
145005.50	0.000e+00	0.000e+00	0.000e+00
145006.50	0.000e+00	0.000e+00	0.000e+00
145007.50	0.000e+00	0.000e+00	0.000e+00
145008.50	0.000e+00	0.000e+00	0.000e+00
145009.50	0.000e+00	0.000e+00	0.000e+00
145010.50	0.000e+00	0.000e+00	0.000e+00
145011.50	0.000e+00	0.000e+00	0.000e+00
145012.50	0.000e+00	0.000e+00	0.000e+00
145013.50	0.000e+00	0.000e+00	0.000e+00
145014.50	0.000e+00	0.000e+00	0.000e+00
145015.50	0.000e+00	0.000e+00	0.000e+00
145016.50	0.000e+00	0.000e+00	0.000e+00
145017.50	0.000e+00	0.000e+00	0.000e+00
145018.50	0.000e+00	0.000e+00	0.000e+00
145019.50	0.000e+00	0.000e+00	0.000e+00
145020.50	0.000e+00	0.000e+00	0.000e+00
145021.50	0.000e+00	0.000e+00	0.000e+00
145022.50	0.000e+00	0.000e+00	0.000e+00
145023.50	0.000e+00	0.000e+00	0.000e+00
145024.50	0.000e+00	0.000e+00	0.000e+00
145025.50	0.000e+00	0.000e+00	0.000e+00
145026.50	0.000e+00	0.000e+00	0.000e+00
145027.50	0.000e+00	0.000e+00	0.000e+00
145028.50	0.000e+00	0.000e+00	0.000e+00
145029.50	0.000e+00	0.000e+00	0.000e+00
145030.50	0.000e+00	0.000e+00	0.000e+00
145031.50	0.000e+00	0.000e+00	0.000e+00
145032.50	0.000e+00	0.000e+00	0.000e+00
145033.50	0.000e+00	0.000e+00	0.000e+00
145034.50	0.000e+00	0.000e+00	0.000e+00
145035.50	0.000e+00	0.000e+00	0.000e+00
145036.50	0.000e+00	0.000e+00	0.000e+00
145037.50	0.000e+00	0.000e+00	0.000e+00
145038.50	0.000e+00	0.000e+00	0.000e+00
145039.50	0.000e+00	0.000e+00	0.000e+00
145040.50	0.000e+00	0.000e+00	0.000e+00
145041.50	0.000e+00	0.000e+00	0.000e+00
145042.50	0.000e+00	0.000e+00	0.000e+00
145043.50	0.000e+00	0.000e+00	0.000e+00
145044.50	0.000e+00	0.000e+00	0.000e+00
145045.50	0.000e+00	0.000e+00	0.000e+00
145046.50	0.000e+00	0.000e+00	0.000e+00
145047.50	0.000e+00	0.000e+00	0.000e+00
145048.50	0.000e+00	0.000e+00	0.000e+00
145049.50	0.000e+00	0.000e+00	0.000e+00
145050.50	0.000e+00	0.000e+00	0.000e+00
145051.50	0.000e+00	0.000e+00	0.000e+00
145052.50	0.000e+00	0.000e+00	0.000e+00
145053.50	0.000e+00	0.000e+00	0.000e+00
145054.50	0.000e+00	0.000e+00	0.000e+00
145055.50	0.000e+00	0.000e+00	0.000e+00
145056.50	0.000e+00	0.000e+00	0.000e+00
145057.50	0.000e+00	0.000e+00	0.000e+00
145058.50	0.000e+00	0.000e+00	0.000e+00
145059.50	0.000e+00	0.000e+00	0.000e+00
145060.50	0.000e+00	0.000e+00	0.000e+00
145061.50	0.000e+00	0.000e+00	0.000e+00
145062.50	0.000e+00	0.000e+00	0.000e+00
145063.50	0.000e+00	0.000e+00	0.000e+00
145064.50	0.000e+00	0.000e+00	0.000e+00
145065.50	0.000e+00	0.000e+00	0.000e+00
145066.50	0.000e+00	0.000e+00	0.000e+00
145067.50	0.000e+00	0.000e+00	0.000e+00
145068.50	0.000e+00	0.000e+00	0.000e+00
145069.50	0.000e+00	0.000e+00	0.000e+00
145070.50	0.000e+00	0.000e+00	0.000e+00
145071.50	0.000e+00	0.000e+00	0.000e+00
145072.50	0.000e+00	0.000e+00	0.000e+00
145073.50	0.000e+00	0.000e+00	0.000e+00
145074.50	0.000e+00	0.000e+00	0.000e+00
145075.50	0.000e+00	0.000e+00	0.000e+00
145076.50	0.000e+00	0.000e+00	0.000e+00
145077.50	0.000e+00	0.000e+00	0.000e+00
145078.50	0.000e+00	0.000e+00	0.000e+00
145079.50	0.000e+00	0.000e+00	0.000e+00
145080.50	0.000e+00	0.000e+00	0.000e+00
145081.50	0.000e+00	0.000e+00	0.000e+00
145082.50	0.000e+00	0.000e+00	0.000e+00
145083.50	0.000e+00	0.000e+00	0.000e+00
145084.50	0.000e+00	0.000e+00	0.000e+00
145085.50	0.000e+00	0.000e+00	0.000e+00
145086.50	0.000e+00	0.000e+00	0.000e+00
145087.50	0.000e+00	0.000e+00	0.000e+00
145088.50	0.000e+00	0.000e+00	0.000e+00
145089.50	0.000e+00	0.000e+00	0.000e+00
145090.50	0.000e+00	0.000e+00	0.000e+00
145091.50	0.000e+00	0.000e+00	0.000e+00
145092.50	0.000e+00	0.000e+00	0.000e+00
145093.50	0.000e+00	0.000e+00	0.000e+00
145094.50	0.000e+00	0.000e+00	0.000e+00
145095.50	0.000e+00	0.000e+00	0.000e+00
145096.50	0.000e+00	0.000e+00	0.000e+00
145097.50	0.000e+00	0.000e+00	0.000e+00
145098.50	0.000e+00	0.000e+00	0.000e+00
145099.50	0.000e+00	0.000e+00	0.000e+00
145100.50	0.000e+00	0.000e+00	0.000e+00
145101.50	0.000e+00	0.000e+00	0.000e+00
145102.50	0.000e+00	0.000e+00	0.000e+00
145103.50	0.000e+00	0.000e+00	0.000e+00
145104.50	0.000e+00	0.000e+00	0.000e+00
145105.50	0.000e+00	0.000e+00	0.000e+00
145106.50	0.000e+00	0.000e+00	0.000e+00
145107.50	0.000e+00	0.000e+00	0.000e+00
145108.50	0.000e+00	0.000e+00	0.000e+00
145109.50	0.000e+00	0.000e+00	0.000e+00
145110.50	0.000e+00	0.000e+00	0.000e+00
145111.50	0.000e+00	0.000e+00	0.000e+00
145112.50	0.000e+00	0.000e+00	0.000e+00
145113.50	0.000e+00	0.000e+00	0.000e+00
145114.50	0.000e+00	0.000e+00	0.000e+00
145115.50	0.000e+00	0.000e+00	0.000e+00
145116.50	0.000e+00	0.000e+00	0.000e+00
145117.50	0.000e+00	0.000e+00	0.000e+00
145118.50	0.000e+00	0.000e+00	0.000e+00
145119.50	0.000e+00	0.000e+00	0.000e+00
145120.50	0.000e+00	0.000e+00	0.000e+00
145121.50	0.000e+00	0.000e+00	0.000e+00
145122.50	0.000e+00	0.000e+00	0.000e+00
145123.50	0.000e+00	0.000e+00	0.000e+00
145124.50	0.000e+00	0.000e+00	0.000e+00
145125.50	0.000e+00	0.000e+00	0.000e+00
145126.50	0.000e+00	0.000e+00	0.000e+00
145127.50	0.000e+00	0.000e+00	0.000e+00
145128.50	0.000e+00	0.000e+00	0.000e+00
145129.50	0.000e+00	0.000e+00	0.000e+00
145130.50	0.000e+00	0.000e+00	0.000e+00
145131.50	0.000e+00	0.000e+00	0.000e+00
145132.50	0.000e+00	0.000e+00	0.000e+00
145133.50	0.000e+00	0.000e+00	0.000e+00
145134.50	0.000e+00	0.000e+00	0.000e+00
145135.50	0.000e+00	0.000e+00	0.000e+00
145136.50	0.000e+00	0.000e+00	0.000e+00
145137.50	0.000e+00	0.000e+00	0.000e+00
145138.50	0.000e+00	0.000e+00	0.000e+00
145139.50	0.000e+00	0.000e+00	0.000e+00
145140.50	0.000e+00	0.000e+00	0.000e+00
145141.50	0.000e+00	0.000e+00	0.000e+00
145142.50	0.000e+00	0.000e+00	0.000e+00
145143.50	0.000e+00	0.000e+00	0.000e+00
145144.50	0.000e+00	0.000e+00	0.000e+00
145145.50	0.000e+00	0.000e+00	0.000e+00
145146.50	0.000e+00	0.000e+00	0.000e+00
145147.50	0.000e+00	0.000e+00	0.000e+00
145148.50	0.000e+00	0.000e+00	0.000e+00
145149.50	0.000e+00	0.000e+00	0.000e+00
145150.50	0.000e+00	0.000e+00	0.000e+00
145151.50	0.000e+00	0.000e+00	0.000e+00
145152.50	0.000e+00	0.000e+00	0.000e+00
145153.50	0.000e+00	0.000e+00	0.000e+00
145154.50	0.000e+00	0.000e+00	0.000e+00
145155.50	0.000e+00	0.000e+00	0.000e+00
145156.50	0.000e+00	0.000e+00	0.000e+00
145157.50	0.000e+00	0.000e+00	0.000e+00
145158.50	0.000e+00	0.000e+00	0.000e+00
145159.50	0.000e+00	0.000e+00	0.000e+00
145160.50	0.000e+00	0.000e+00	0.000e+00
145161.50	0.000e+00	0.000e+00	0.000e+00
145162.50	0.000e+00	0.000e+00	0.000e+00
145163.50	0.000e+00	0.000e+00	0.000e+00
145164.50	0.000e+00	0.000e+00	0.000e+00
145165.50	0.000e+00	0.000e+00	0.000e+00
145166.50	0.000e+00	0.000e+00	0.000e+00
145167.50	0.000e+00	0.000e+00	0.000e+00
145168.50	0.000e+00	0.000e+00	0.000e+00
145169.50	0.000e+00	0.000e+00	0.000e+00
145170.50	0.000e+00	0.000e+00	0.000e+00
145171.50	0.000e+00	0.000e+00	0.000e+00
145172.50	0.000e+00	0.000e+00	0.000e+00
145173.50	0.000e+00	0.000e+00	0.000e+00
145174.50	0.000e+00	0.000e+00	0.000e+00
145175.50	0.000e+00	0.000e+00	0.000e+00
145176.50	0.000e+00	0.000e+00	0.000e+00
145177.50	0.000e+00	0.000e+00	0.000e+00
145178.50	0.000e+00	0.000e+00	0.000e+00
145179.50	0.000e+00	0.000e+00	0.000e+00
145180.50	0.000e+00	0.000e+00	0.000e+00
145181.50	0.000e+00	0.000e+00	0.000e+00
145182.50	0.000e+00	0.000e+00	0.000e+00
145183.50	0.000e+00	0.000e+00	0.000e+00
145184.50	0.000e+00	0.000e+00	0.000e+00
145185.50	0.000e+00	0.000e+00	0.000e+00
145186.50	0.000e+00	0.000e+00	0.000e+00
145187.50	0.000e+00	0.000e+00	0.000e+00
145188.50	0.000e+00	0.000e+00	0.000e+00
145189.50	0.000e+00	0.000e+00	0.000e+00
145190.50	0.000e+00	0.000e+00	0.000e+00
145191.50	0.000e+00	0.000e+00	0.000e+00
145192.50	0.000e+00	0.000e+00	0.000e+00
145193.50	0.000e+00	0.000e+00	0.000e+00
145194.50	1.066e-04	2.688e-03	-2.669e-03
145195.50	-6.374e-05	-1.018e-03	1.834e-03
145196.50	7.190e-06	-9.888e-03	-9.398e-03
145197.50	-2.381e-04	5.693e-03	1.402e-02
145198.50	2.275e-04	2.976e-04	-5.942e-03
145199.50	3.053e-03	-5.395e-02	-1.267e-01
145200.50	6.941e-04	2.093e-02	-1.430e-02
145201.50	-3.898e-03	-1.690e-01	1.536e-02
145202.50	-5.894e-03	-2.179e-01	3.034e-02
145203.50	-7.181e-02	-4.618e+00	-1.066e+00
145204.50	-2.947e-01	-2.333e+01	-7.795e+00
145205.50	-5.510e-01	-4.694e+01	-1.738e+01
145206.50	-1.517e+00	-9.226e+01	-2.227e+01
145207.50	-2.342e+00	-1.421e+02	-3.504e+01
145208.50	-2.880e+00	-1.651e+02	-3.821e+01
145209.50	-4.349e+00	-1.968e+02	-2.160e+01
145210.50	-3.840e+00	-1.738e+02	-2.179e+01
145211.50	-3.706e+00	-1.526e+02	-1.296e+01
145212.50	-1.757e+00	-7.766e+01	-1.277e+01
145213.50	-1.440e+00	-3.936e+01	7.104e+00
145214.50	-9.110e-01	-1.219e+01	1.277e+01
145215.50	1.594e-01	2.630e+00	-5.482e+00
145216.50	7.498e-02	3.562e+01	2.122e+01
145217.50	7.709e-01	3.667e+01	3.446e+00
145218.50	2.870e-01	3.907e+01	1.882e+01
145219.50	1.133e+00	4.656e+01	2.458e+00
145220.50	8.016e-01	4.934e+01	1.277e+01
145221.50	1.430e+00	4.915e+01	-2.880e+00
145222.50	9.696e-01	5.069e+01	9.888e+00
145223.50	9.466e-01	4.646e+01	8.112e+00
145224.50	7.411e-01	4.262e+01	1.075e+01
145225.50	1.104e+00	4.522e+01	4.320e+00
145226.50	9.581e-01	4.454e+01	6.922e+00
145227.50	7.296e-01	3.667e+01	6.835e+00
145228.50	8.237e-01	3.322e+01	2.496e+00
145229.50	9.149e-01	3.475e+01	1.258e+00
145230.50	7.574e-01	3.139e+01	2.813e+00
145231.50	4.742e-01	2.774e+01	7.210e+00
145232.50	7.123e-01	2.918e+01	2.045e+00
145233.50	6.154e-01	2.208e+01	-7.104e-01
145234.50	5.405e-01	2.189e+01	1.613e+00
145235.50	3.936e-01	2.131e+01	4.925e+00
145236.50	4.704e-01	2.400e+01	4.589e+00
145237.50	3.514e-01	2.064e+01	5.789e+00
145238.50	3.926e-01	1.757e+01	2.246e+00
145239.50	4.339e-01	1.699e+01	1.085e+00
145240.50	4.310e-01	1.862e+01	2.160e+00
145241.50	4.704e-01	1.267e+01	-1.834e+00
145242.50	2.870e-01	1.296e+01	1.930e+00
145243.50	2.870e-01	1.152e+01	3.379e-01
145244.50	2.842e-01	1.210e+01	1.296e+00
145245.50	2.304e-01	1.114e+01	1.766e+00
145246.50	1.853e-01	9.888e+00	2.112e+00
145247.50	1.517e-01	9.005e+00	2.294e+00
145248.50	3.149e-01	1.286e+01	1.123e+00
145249.50	2.208e-01	1.027e+01	2.016e+00
145250.50	1.690e-01	9.350e+00	2.410e+00
145251.50	1.450e-01	6.730e+00	7.162e-01
145252.50	2.102e-01	8.477e+00	4.339e-01
145253.50	1.536e-01	7.786e+00	1.459e+00
145254.50	1.958e-01	6.826e+00	-2.477e-01
145255.50	1.430e-01	7.190e+00	1.411e+00
145256.50	1.200e-01	6.346e+00	1.402e+00
145257.50	1.373e-01	5.357e+00	2.131e-01
145258.50	1.037e-01	5.366e+00	9.312e-01
145259.50	1.373e-01	4.118e+00	-3.504e-01
145260.50	9.888e-02	4.848e+00	8.285e-01
145261.50	4.531e-02	3.542e+00	1.421e+00
145262.50	1.402e-01	4.646e+00	-3.706e-01
145263.50	1.162e-01	4.944e+00	5.904e-01
145264.50	1.450e-01	4.896e+00	-4.771e-01
145265.50	9.984e-03	3.350e+00	1.997e+00
145266.50	4.291e-02	2.544e+00	7.373e-01
145267.50	8.362e-02	4.214e+00	8.390e-01
145268.50	1.104e-01	3.149e+00	-7.862e-01
145269.50	8.870e-02	3.907e+00	3.437e-01
145270.50	7.450e-02	2.650e+00	3.158e-02
145271.50	6.758e-02	1.171e+00	-7.690e-01
145272.50	2.477e-02	2.995e+00	1.152e+00
145273.50	8.026e-02	3.043e+00	2.400e-01
145274.50	7.440e-02	2.400e+00	-1.824e-01
145275.50	4.531e-03	2.784e+00	2.016e+00
145276.50	3.197e-02	1.402e+00	-6.384e-02
145277.50	3.590e-01	1.776e+00	-2.669e-01
145278.50	3.859e-02	1.594e+00	5.933e-01
145279.50	-6.134e-03	1.469e+00	1.373e+00
145280.50	8.016e-02	2.102e+00	-4.166e-01
145281.50	7.546e-02	2.054e+00	-6.547e-01
145282.50	-7.114e-03	1.498e+00	1.286e+00
145283.50	1.920e-02	1.526e+00	7.555e-01
145284.50	1.853e-02	1.498e+00	8.813e-01
145285.50	3.158e-02	8.774e-01	-3.830e-01
145286.50	2.122e-02	2.554e+00	1.018e+00
145287.50	3.619e-02	2.208e+00	5.558e-01
145288.50	4.925e-02	1.114e+00	-3.658e-01
145289.50	7.306e-02	1.680e+00	-2.899e-01
145290.50	3.235e-02	1.037e+00	-1.949e-01
145291.50	8.957e-02	1.565e+00	-8.064e-01
145292.50	-1.507e-02	8.486e-01	9.571e-01
145293.50	1.056e-02	7.306e-01	4.051e-01
145294.50	-1.843e-02	-8.650e-02	1.594e-01
145295.50	4.896e-02	1.498e+00	-3.600e-01
145296.50	7.910e-02	1.786e+00	-5.530e-01
145297.50	2.400e-02	9.984e-01	4.186e-02
145298.50	3.014e-02	1.104e+00	2.333e-01
145299.50	-2.438e-02	4.704e-01	7.325e-01
145300.50	1.766e-02	9.696e-01	4.061e-01
145301.50	5.923e-02	9.792e-01	-5.914e-01
145302.50	4.147e-02	6.288e-01	-2.016e-01
145303.50	-1.373e-02	1.066e-01	2.698e-01
145304.50	-2.342e-03	-3.072e-02	-3.984e-02
145305.50	5.155e-02	1.632e+00	7.517e-03
145306.50	9.149e-03	1.104e+00	6.778e-01
145307.50	1.517e-02	8.832e-01	3.456e-01
145308.50	8.362e-03	7.901e-01	2.189e-01
145309.50	4.666e-03	3.456e-01	5.645e-03
145310.50	-5.318e-03	7.805e-01	5.443e-01
145311.50	3.686e-02	4.906e-01	-3.475e-01
145312.50	4.973e-03	1.267e-01	1.248e-01
145313.50	1.613e-02	3.322e-01	-3.360e-01
145314.50	1.411e-02	3.974e-01	9.888e-02
145315.50	1.094e-02	7.882e-01	4.397e-01
145316.50	9.792e-03	3.446e-01	4.234e-02
145317.50	-2.342e-03	-2.813e-01	-1.478e-01
145318.50	2.650e-02	7.622e-01	7.968e-03
145319.50	1.114e-02	5.232e-01	8.477e-02
145320.50	2.410e-02	6.317e-01	-2.880e-01
145321.50	8.755e-02	-1.027e-02	1.411e-01
145322.50	-1.507e-02	-3.667e-01	-2.189e-01
145323.50	3.754e-02	9.792e-01	-1.651e-01
145324.50	-1.555e-03	3.926e-01	3.322e-01
145325.50	-7.498e-04	5.626e-01	3.974e-01
145326.50	6.710e-03	2.947e-01	4.003e-02
145327.50	2.765e-02	5.098e-01	-3.053e-01
145328.50	5.357e-03	4.819e-02	2.496e-01
145329.50	2.198e-02	3.293e-01	-3.437e-01
145330.50	9.504e-03	1.258e-01	-2.160e-01
145331.50	-1.776e-03	-1.498e-01	-5.501e-02
145332.50	-5.827e-03	1.613e-01	1.488e-01
145333.50	1.114e-02	3.322e-01	-2.928e-02
145334.50	-9.062e-03	8.861e-02	3.053e-01
145335.50	3.043e-03	6.912e-01	2.957e-01
145336.50	4.637e-03	5.165e-03	2.899e-02
145337.50	7.402e-03	3.005e-01	1.843e-01
145338.50	9.552e-03	1.680e-01	-1.555e-01
145339.50	4.301e-02	4.378e-01	-4.176e-01
145340.50	2.774e-02	5.770e-01	-1.488e-01
145341.50	1.728e-03	-1.238e-01	-1.440e-01
145342.50	-1.910e-02	-9.274e-02	2.717e-01
145343.50	1.488e-02	2.525e-01	6.490e-02
145344.50	-7.728e-03	1.267e-02	1.526e-01
145345.50	-4.166e-03	2.563e-01	3.168e-01
145346.50	3.446e-03	2.803e-01	-2.112e-02
145347.50	-2.189e-02	3.005e-01	5.069e-01
145348.50	-1.997e-03	5.194e-01	5.990e-01
145349.50	3.072e-02	2.573e-01	-6.154e-01
145350.50	-3.446e-03	-2.986e-01	-2.592e-01
145351.50	2.371e-03	1.133e-01	1.430e-01
145352.50	1.661e-02	2.016e-01	-9.888e-02
145353.50	-1.411e-03	1.910e-01	-2.045e-02
145354.50	-1.546e-02	-4.166e-01	6.566e-02
145355.50	1.104e-02	3.629e-01	4.982e-02
145356.50	2.458e-02	1.507e-01	-4.109e-01
145357.50	-6.134e-03	2.160e-01	3.331e-01
145358.50	-2.957e-03	2.102e-01	1.142e-01
145359.50	1.344e-02	1.306e-01	-1.008e-01
145360.50	-1.238e-02	2.582e-01	4.800e-01
145361.50	-7.258e-03	6.432e-02	1.632e-01
145362.50	6.346e-04	-8.659e-02	-8.784e-02
145363.50	3.619e-03	3.283e-01	9.456e-02
145364.50	-1.258e-03	-8.102e-02	-8.995e-02
145365.50	-2.074e-02	-2.630e-01	3.043e-01
145366.50	1.718e-03	2.698e-02	-1.008e-01
145367.50	-3.101e-02	8.362e-02	-6.154e-02
145368.50	7.968e-03	2.419e-01	-1.306e-01
145369.50	-1.834e-02	-1.546e-01	3.456e-01
145370.50	-1.517e-02	-2.026e-01	2.294e-01
145371.50	1.526e-02	1.738e-01	-2.093e-01
145372.50	1.440e-02	2.630e-01	-1.354e-01
145373.50	1.296e-02	5.491e-01	1.229e-01
145374.50	-9.178e-03	4.032e-03	2.131e-01
145375.50	-9.427e-03	-2.515e-01	-7.344e-02
145376.50	-2.688e-03	-5.798e-02	-5.654e-02
145377.50	-9.888e-04	5.386e-02	4.320e-02
145378.50	3.446e-03	3.754e-01	1.517e-01
145379.50	-1.066e-02	-1.123e-01	1.440e-01
145380.50	1.354e-02	4.003e-01	-7.747e-02
145381.50	8.275e-04	7.891e-02	-9.561e-03
145382.50	-2.726e-03	-1.574e-01	5.386e-02
145383.50	4.282e-03	6.912e-02	-3.581e-03
145384.50	1.536e-02	1.824e-01	-1.488e-01
145385.50	9.206e-05	1.018e-01	4.205e-03
145386.50	-9.379e-04	-1.613e-01	-1.805e-01
145387.50	1.344e-03	-2.458e-01	-1.699e-01
145388.50	-4.013e-03	1.661e-02	1.450e-01
145389.50	-5.760e-03	2.275e-01	2.496e-01
145390.50	2.630e-03	1.555e-01	3.984e-02
145391.50	-3.494e-03	2.717e-02	1.613e-01
145392.50	3.072e-03	-3.053e-02	-1.651e-01
145393.50	-1.296e-02	-1.190e-01	2.102e-01
145394.50	-2.736e-03	-1.027e-01	4.819e-03
145395.50	2.016e-03	2.189e-01	1.478e-02
145396.50	1.613e-02	3.005e-01	-1.325e-01
145397.50	-8.064e-03	-7.613e-02	9.168e-02
145398.50	-2.006e-03	2.822e-02	3.216e-02
145399.50	-1.162e-02	-1.565e-01	4.963e-02
145400.50	1.018e-02	-1.238e-01	-2.842e-01
145401.50	-1.488e-02	9.888e-02	3.226e-01
145402.50	-1.622e-03	1.075e-01	1.450e-01
145403.50	-2.381e-02	7.286e-02	3.389e-01
145404.50	-1.498e-03	-9.427e-03	1.949e-01
145405.50	4.109e-03	7.315e-02	-5.914e-02
145406.50	9.206e-03	3.638e-01	5.155e-02
145407.50	-3.302e-03	8.928e-02	3.456e-02
145408.50	4.330e-03	1.632e-01	-1.402e-02
145409.50	-6.346e-05	-6.643e-02	-1.574e-01
145410.50	4.502e-03	1.190e-01	5.760e-02
145411.50	4.042e-03	1.546e-01	-1.027e-01
145412.50	-9.600e-04	-8.650e-02	-3.706e-02
145413.50	1.968e-03	6.144e-02	-6.586e-02
145414.50	1.978e-03	-1.958e-02	-1.392e-01
145415.50	-2.256e-02	-1.843e-01	4.013e-01
145416.50	-8.669e-03	-2.525e-01	-5.222e-02
145417.50	6.586e-03	1.930e-01	-1.229e-02
145418.50	-1.190e-02	9.014e-02	9.485e-02
145419.50	-1.651e-03	1.747e-01	-1.690e-01
145420.50	7.440e-03	1.037e-01	-8.266e-02
145421.50	-3.859e-03	-1.776e-01	-6.326e-04
145422.50	8.256e-03	-2.966e-02	-2.573e-01
145423.50	-1.210e-02	-7.910e-02	1.584e-01
145424.50	8.093e-03	4.138e-02	-2.381e-01
145425.50	-1.651e-02	-4.858e-01	1.344e-01
145426.50	-9.792e-04	2.246e-01	1.507e-01
145427.50	2.323e-03	1.421e-01	-1.094e-01
145428.50	-7.920e-03	-1.622e-01	1.632e-02
145429.50	2.909e-03	1.085e-01	-4.627e-02
145430.50	-4.234e-03	-4.224e-02	2.170e-02
145431.50	-4.819e-03	1.344e-02	1.027e-01
145432.50	1.066e-02	2.045e-01	-2.390e-01
145433.50	-9.571e-04	-1.277e-01	-2.602e-01
145434.50	-8.256e-03	2.496e-02	-4.906e-02
145435.50	4.675e-04	9.514e-02	9.542e-02
145436.50	-2.995e-03	9.437e-02	1.152e-01
145437.50	-2.093e-03	3.254e-02	4.656e-03
145438.50	-9.485e-03	-9.888e-03	1.469e-01
145439.50	6.192e-03	4.387e-03	-8.486e-02
145440.50	2.054e-02	7.738e-02	-1.632e-01
145441.50	-9.523e-03	1.296e-01	2.448e-01
145442.50	-1.728e-02	-7.229e-02	1.603e-01
145443.50	-4.272e-03	-1.430e-01	3.590e-02
145444.50	2.678e-03	1.238e-01	5.731e-02
145445.50	3.504e-03	1.430e-01	7.104e-02
145446.50	-4.464e-03	-7.478e-03	3.014e-03
145447.50	6.374e-04	-7.843e-02	-6.634e-02
145448.50	4.176e-03	7.670e-02	-3.600e-02
145449.50	-8.525e-03	2.467e-02	2.496e-01
145450.50	-3.398e-03	-8.467e-02	-2.390e-02
145451.50	-1.258e-02	-1.555e-01	8.486e-03
145452.50	-7.258e-03	-1.200e-01	-4.138e-02
145453.50	1.747e-02	2.890e-01	-2.314e-01
145454.50	6.221e-04	4.762e-02	1.133e-01
145455.50	-9.984e-03	-9.600e-02	1.133e-01
145456.50	-6.998e-03	-3.379e-02	-2.074e-02
145457.50	1.296e-02	1.786e-01	-2.381e-01
145458.50	1.747e-02	1.709e-01	-1.104e-01
145459.50	-8.851e-03	4.003e-03	2.256e-01
145460.50	2.880e-03	4.723e-02	-3.293e-02
145461.50	-5.213e-03	6.941e-02	7.104e-03
145462.50	-7.853e-03	3.178e-02	9.398e-02
145463.50	1.363e-04	-9.984e-02	-2.746e-02
145464.50	7.738e-03	1.152e-01	-4.848e-02
145465.50	-1.987e-02	-4.416e-03	2.304e-01
145466.50	3.254e-03	9.888e-03	-4.531e-02
145467.50	-1.363e-02	-9.005e-02	7.670e-02
145468.50	2.861e-03	-9.600e-03	-8.736e-02
145469.50	8.467e-03	-3.850e-04	-1.315e-01
145470.50	-7.430e-04	-1.747e-02	3.293e-02
145471.50	-4.483e-03	-1.085e-01	6.240e-03
145472.50	-7.027e-03	-1.104e-01	1.402e-02
145473.50	-4.829e-03	-8.141e-02	-3.514e-02
145474.50	-3.264e-03	9.984e-02	1.344e-01
145475.50	5.587e-03	5.165e-02	-6.259e-02
145476.50	1.795e-03	-4.560e-02	-1.507e-01
145477.50	4.906e-03	2.995e-02	-5.338e-02
145478.50	-7.219e-03	5.318e-02	9.149e-02
145479.50	3.946e-04	5.645e-02	1.680e-02
145480.50	-2.765e-03	2.621e-02	-1.027e-02
145481.50	1.334e-04	-4.781e-02	1.728e-02
145482.50	-7.469e-03	-4.810e-02	5.098e-02
145483.50	-4.963e-03	-9.466e-02	1.008e-02
145484.50	-1.085e-02	1.114e-01	1.306e-01
145485.50	-8.189e-03	-3.341e-02	1.354e-01
145486.50	-1.498e-02	-1.152e-01	5.558e-02
145487.50	-2.938e-03	-6.336e-03	1.440e-02
145488.50	1.267e-02	1.584e-01	-1.094e-01
145489.50	1.075e-03	2.083e-02	5.434e-03
145490.50	2.544e-03	-6.413e-03	-9.197e-02
145491.50	-2.342e-03	1.248e-01	4.243e-02
145492.50	1.814e-03	-1.834e-02	-1.008e-01
145493.50	-3.082e-03	-1.018e-01	-2.582e-02
145494.50	4.042e-03	-1.680e-02	2.179e-02
145495.50	1.373e-03	6.586e-02	-2.707e-02
145496.50	-1.123e-02	1.834e-02	3.888e-02
145497.50	6.538e-03	7.018e-02	-2.179e-02
145498.50	-9.139e-03	-3.360e-02	1.248e-01
145499.50	5.558e-03	1.651e-01	5.510e-02
145500.50	-5.395e-04	4.416e-02	-1.027e-02
145501.50	6.134e-03	1.181e-02	-7.450e-02
145502.50	-1.469e-02	-1.824e-02	9.158e-02
145503.50	-3.994e-03	-6.595e-02	1.507e-02
145504.50	-1.459e-03	-7.718e-02	6.125e-02
145505.50	-6.662e-03	-9.120e-02	-3.658e-02
145506.50	-4.358e-03	-1.200e-01	-1.152e-01
145507.50	1.718e-03	-6.941e-02	-3.811e-02
145508.50	-9.984e-03	-1.046e-01	-7.949e-03
145509.50	-1.075e-02	5.050e-02	1.958e-01
145510.50	4.320e-03	4.378e-02	-1.613e-02
145511.50	-3.485e-03	-7.766e-02	-2.342e-02
145512.50	1.853e-03	8.323e-03	6.422e-03
145513.50	1.651e-03	-3.907e-03	3.850e-03
145514.50	-2.957e-03	8.986e-02	-6.816e-02
145515.50	-2.899e-02	4.944e-02	7.901e-02
145516.50	8.045e-04	4.003e-02	-5.078e-02
145517.50	-5.405e-04	-8.275e-02	1.296e-02
145518.50	3.005e-03	-7.680e-04	-9.206e-02
145519.50	-8.899e-05	5.549e-02	4.906e-02
145520.50	-5.462e-03	-3.130e-02	2.410e-02
145521.50	6.451e-03	8.515e-02	-2.150e-02
145522.50	-2.333e-03	-3.005e-02	8.717e-02
145523.50	-1.277e-02	-2.909e-03	1.066e-01
145524.50	-6.326e-03	-7.709e-03	1.037e-01
145525.50	-4.339e-03	-3.773e-02	8.947e-02
145526.50	3.811e-03	9.130e-02	3.936e-02
145527.50	4.349e-03	1.114e-01	-3.264e-03
145528.50	2.342e-03	-5.578e-02	-1.315e-01
145529.50	-2.170e-03	-1.008e-01	7.363e-03
145530.50	-1.517e-03	3.984e-03	-9.043e-03
145531.50	-6.336e-03	-2.611e-02	5.021e-02
145532.50	-6.413e-03	-2.458e-02	-2.688e-02
145533.50	1.334e-04	-7.555e-03	-1.123e-01
145534.50	1.354e-03	5.251e-02	-8.966e-02
145535.50	4.253e-03	1.430e-02	1.430e-02
145536.50	1.469e-03	3.965e-02	-5.520e-02
145537.50	9.984e-04	7.488e-02	1.046e-01
145538.50	4.733e-03	7.622e-02	-5.299e-02
145539.50	1.757e-03	-3.514e-02	-1.008e-01
145540.50	-1.613e-02	-8.400e-02	1.459e-01
145541.50	-6.240e-03	-7.200e-03	1.862e-02
145542.50	2.323e-03	3.427e-02	-2.669e-02
145543.50	3.101e-03	3.485e-02	-3.859e-02
145544.50	4.944e-03	3.571e-02	-4.838e-02
145545.50	-5.530e-03	4.214e-02	8.467e-02
145546.50	6.912e-03	8.957e-02	-4.483e-02
145547.50	-5.194e-03	7.085e-03	8.592e-02
145548.50	1.440e-03	7.843e-02	-1.171e-02
145549.50	-7.382e-03	-1.027e-03	6.077e-02
145550.50	2.726e-03	1.910e-02	-1.008e-01
145551.50	4.618e-04	-1.574e-02	-1.478e-02
145552.50	5.462e-03	5.981e-02	-1.037e-01
145553.50	-3.581e-04	4.541e-02	2.448e-02
145554.50	-1.872e-03	-3.187e-02	-1.939e-02
145555.50	-3.053e-03	-1.114e-01	-1.123e-02
145556.50	2.218e-03	1.834e-03	-4.301e-02
145557.50	-3.197e-04	-8.774e-02	-7.162e-02
145558.50	-3.408e-03	-3.370e-02	-4.694e-03
145559.50	-9.312e-04	5.222e-02	1.027e-03
145560.50	-2.755e-03	4.963e-02	3.926e-02
145561.50	-6.998e-03	-9.888e-02	2.170e-02
145562.50	5.971e-03	-5.443e-02	-1.363e-01
145563.50	-2.717e-04	-2.074e-02	-4.224e-03
145564.50	-2.381e-03	1.363e-01	2.698e-02
145565.50	1.459e-03	-2.208e-02	-4.493e-02
145566.50	-4.358e-03	-7.738e-02	6.000e-02
145567.50	-6.058e-03	5.578e-02	-1.978e-02
145568.50	-6.499e-03	-1.373e-02	1.190e-01
145569.50	-6.854e-03	-8.458e-02	2.822e-02
145570.50	-1.728e-03	1.709e-03	6.374e-02
145571.50	-7.814e-04	3.494e-03	5.827e-03
145572.50	-4.493e-03	-1.594e-02	3.283e-02
145573.50	-1.488e-03	-4.589e-02	-2.285e-02
145574.50	-1.075e-03	9.034e-04	3.696e-03
145575.50	-5.990e-04	5.270e-02	-2.947e-02
145576.50	-1.008e-02	-2.400e-02	5.962e-02
145577.50	-3.101e-03	1.824e-02	9.389e-02
145578.50	3.917e-03	3.811e-02	-3.994e-02
145579.50	1.862e-03	-1.238e-02	-2.093e-02
145580.50	2.285e-03	-1.978e-03	-3.187e-02
145581.50	3.034e-03	1.123e-02	-6.403e-02
145582.50	2.179e-03	-1.747e-02	-6.163e-02
145583.50	5.136e-03	6.317e-02	-9.494e-02
145584.50	2.688e-03	3.283e-02	-6.672e-02
145585.50	-6.413e-03	-5.722e-02	3.043e-02
145586.50	1.286e-03	1.200e-01	-6.355e-04
145587.50	-4.531e-03	-5.040e-02	1.622e-02
145588.50	2.870e-03	4.714e-02	3.331e-02
145589.50	2.256e-03	-6.720e-02	-5.856e-02
145590.50	4.589e-03	6.422e-02	-4.790e-02
145591.50	5.328e-03	-3.274e-02	-8.602e-02
145592.50	-1.133e-02	-5.338e-02	1.046e-01
145593.50	1.123e-03	5.213e-03	1.018e-01
145594.50	-2.246e-02	9.581e-02	-3.254e-02
145595.50	-2.371e-02	-4.454e-02	-7.085e-02
145596.50	-1.325e-03	-4.973e-02	-7.373e-03
145597.50	8.400e-04	-5.981e-02	-2.650e-02
145598.50	4.714e-03	5.635e-02	-2.189e-02
145599.50	2.899e-04	-6.058e-02	3.744e-02
145600.50	-4.339e-03	-5.078e-02	2.659e-02
145601.50	3.312e-03	6.720e-02	1.949e-02
