366650.07 -1.13631e-03 1.71825e-01 1.02370e-02
366651.07 -3.38860e-03 -4.07430e-01 -8.00175e-03
366652.08 6.47229e-03 4.02998e-01 2.18792e-02
366653.08 -5.97290e-03 -3.99768e-01 -1.77138e-02
366654.08 4.32874e-03 3.95803e-01 8.70180e-03
366655.08 -3.73014e-03 -4.03941e-01 -7.53064e-03
366656.08 3.77434e-03 4.21242e-01 1.32871e-02
366657.08 -6.63057e-03 -4.38194e-01 -2.31640e-02
366658.09 8.33457e-03 4.47097e-01 3.13559e-02
366659.09 -6.58757e-03 -4.54842e-01 -1.92546e-02
366660.09 3.77818e-03 4.64253e-01 2.09360e-02
366661.09 -1.74099e-03 -4.51917e-01 -9.76259e-03
366662.09 2.52696e-03 4.29543e-01 1.10871e-02
366663.10 -1.56145e-03 -4.28909e-01 -1.71664e-02
366664.10 5.20269e-03 4.38619e-01 9.53034e-03
366665.10 -6.19034e-03 -4.38693e-01 -2.10880e-02
366666.10 7.61785e-03 4.31452e-01 2.63463e-02
366667.10 -5.82091e-03 -4.21006e-01 -1.68356e-02
366668.10 7.75955e-03 4.10025e-01 3.26965e-02
366669.11 -7.13343e-03 -4.08150e-01 -1.90586e-02
366670.11 7.43894e-03 4.34513e-01 -1.24409e-02
366671.11 -3.32796e-03 -4.64170e-01 1.46691e-03
366672.11 5.28267e-04 4.72631e-01 4.05654e-02
366673.11 7.76053e-04 -4.85438e-01 -3.69371e-02
366674.12 7.24352e-04 5.04814e-01 2.87605e-02
366675.12 -6.35781e-03 -5.05683e-01 -1.80616e-02
366676.12 7.61074e-03 4.86878e-01 6.49262e-03
366677.12 -7.74903e-03 -4.75058e-01 -6.25282e-03
366678.12 2.98410e-03 4.64205e-01 3.34642e-02
366679.12 7.75933e-04 -4.56641e-01 -5.05301e-02
366680.13 8.93386e-03 4.51417e-01 2.52631e-02
366681.13 -1.30927e-02 -4.45849e-01 -1.19517e-02
366682.13 1.26846e-02 4.55494e-01 2.08143e-02
366683.13 -7.45865e-03 -4.90861e-01 -5.54928e-02
366684.13 2.46116e-03 5.13921e-01 4.09443e-02
366685.14 2.58805e-03 -5.06379e-01 -1.65893e-02
366686.14 1.44165e-03 5.14190e-01 9.14890e-03
366687.14 -4.03130e-03 -5.40078e-01 -2.98536e-02
366688.14 8.18932e-03 5.35010e-01 3.96638e-02
366689.14 -6.16908e-03 -5.04286e-01 -2.01529e-02
366690.14 3.31547e-03 5.07942e-01 1.61976e-02
366691.15 -4.25300e-03 -5.35921e-01 -1.23763e-02
366692.15 9.48140e-03 5.39277e-01 1.71670e-03
366693.15 -1.14604e-02 -5.11599e-01 1.45684e-02
366694.15 1.21633e-02 5.07805e-01 1.06483e-02
366695.15 -6.24005e-03 -5.33850e-01 -4.38429e-02
366696.16 3.48911e-03 5.54927e-01 3.10293e-02
366697.16 1.06843e-03 -5.65317e-01 -1.29139e-02
366698.16 1.41439e-03 5.74345e-01 2.61384e-02
366699.16 -4.80883e-03 -5.81643e-01 -1.08773e-02
366700.16 8.48951e-03 5.95297e-01 5.81830e-03
366701.16 -4.68196e-03 -6.09640e-01 -3.41294e-02
366702.17 3.87141e-03 6.01266e-01 5.90117e-02
366703.17 -4.77154e-03 -5.93312e-01 -3.26193e-02
366704.17 9.41925e-03 5.95904e-01 -7.69781e-03
366705.17 -1.04822e-02 -5.91794e-01 -3.82230e-02
366706.17 1.14291e-02 5.83223e-01 5.25881e-02
366707.18 -7.86474e-03 -5.91523e-01 -3.32446e-02
366708.18 7.28015e-03 6.15503e-01 5.05625e-02
366709.18 -5.21963e-03 -6.32838e-01 -5.97931e-02
366710.18 9.41910e-03 6.41319e-01 3.57159e-02
366711.18 -7.78586e-03 -6.39793e-01 -4.35399e-02
366712.18 6.56181e-03 6.22720e-01 3.12964e-02
366713.19 -3.77982e-03 -6.09166e-01 -1.27033e-02
366714.19 2.86296e-04 6.16183e-01 6.63983e-02
366715.19 -5.29382e-03 -6.42379e-01 -7.02998e-02
366716.19 1.48618e-02 6.71373e-01 4.80408e-02
366717.19 -1.15581e-02 -6.91034e-01 -4.49469e-02
366718.19 1.18668e-02 6.90558e-01 4.34515e-02
366719.20 -4.06182e-03 -6.82668e-01 -5.87115e-02
366720.20 4.02665e-03 6.94774e-01 2.39335e-02
366721.20 -9.95142e-04 -7.24601e-01 -5.28859e-02
366722.20 4.94553e-03 7.50333e-01 8.59605e-02
366723.20 -9.43084e-03 -7.58168e-01 -6.40411e-02
366724.21 9.70685e-03 7.53800e-01 5.02703e-02
366725.21 -9.55089e-04 -7.49300e-01 -6.96012e-02
366726.21 2.00499e-03 7.55479e-01 8.51722e-02
366727.21 -7.71790e-03 -7.67424e-01 -6.69474e-02
366728.21 1.30856e-02 7.90462e-01 7.42861e-02
366729.21 -1.76724e-02 -8.21360e-01 -6.25077e-02
366730.22 2.12296e-02 8.22081e-01 4.48320e-02
366731.22 -1.31104e-02 -8.11914e-01 -5.89037e-02
366732.22 5.11821e-03 8.32129e-01 7.42049e-02
366733.22 3.29023e-03 -8.61904e-01 -2.09731e-02
366734.22 5.47728e-03 8.72370e-01 9.39521e-03
366735.23 -5.72197e-03 -8.55558e-01 -1.28277e-02
366736.23 6.22921e-03 8.65092e-01 4.00178e-02
366737.23 3.17278e-03 -8.94878e-01 -7.78267e-02
366738.23 -3.29204e-03 8.99756e-01 1.06759e-01
366739.23 5.61434e-03 -8.76559e-01 -7.82340e-02
366740.23 6.91585e-03 8.86787e-01 3.69949e-02
366741.24 -1.15182e-02 -9.34830e-01 -9.01471e-02
366742.24 1.85872e-02 9.73380e-01 9.75511e-02
366743.24 -1.76566e-02 -9.88509e-01 -9.26498e-02
366744.24 1.58410e-02 9.80617e-01 7.96128e-02
366745.24 -5.32552e-03 -9.91547e-01 -8.33210e-02
366746.25 8.81955e-03 1.03476e+00 4.94775e-02
366747.25 -4.53705e-03 -1.08812e+00 -1.21677e-01
366748.25 5.40853e-03 1.08336e+00 1.77271e-01
366749.25 -3.26491e-03 -1.08873e+00 -1.43496e-01
366750.25 1.26388e-02 1.14562e+00 9.64944e-02
366751.25 -1.84444e-02 -1.18695e+00 -2.11968e-02
366752.26 2.12546e-02 1.18079e+00 4.04692e-02
366753.26 -1.00861e-02 -1.19491e+00 -1.32746e-01
366754.26 7.07305e-03 1.23235e+00 1.96197e-01
366755.26 -2.81748e-04 -1.22744e+00 -1.13182e-01
366756.26 1.06529e-02 1.20110e+00 3.71984e-02
366757.27 -1.09191e-02 -1.20573e+00 -7.72633e-02
366758.27 2.01847e-02 1.21854e+00 1.44950e-01
366759.27 -5.97756e-03 -1.26586e+00 -1.54384e-01
366760.27 -8.82248e-03 1.37525e+00 1.69809e-01
366761.27 1.61656e-02 -1.42198e+00 -1.26954e-01
366762.27 -4.81839e-03 1.41129e+00 1.07834e-01
366763.28 -2.50407e-02 -1.42539e+00 -2.20236e-02
366764.28 3.69970e-02 1.47084e+00 1.53102e-01
366765.28 -2.38236e-02 -1.48784e+00 -3.15334e-01
366766.28 3.05387e-02 1.51882e+00 1.92748e-01
366767.28 2.02271e-03 -1.58969e+00 -1.43715e-01
366768.28 7.89682e-03 1.66320e+00 7.78101e-02
366769.29 2.19140e-03 -1.72711e+00 -1.94870e-01
366770.29 1.58792e-02 1.77502e+00 2.05606e-01
366771.29 -3.44899e-03 -1.84324e+00 -2.15347e-01
366772.29 -7.87771e-03 1.91294e+00 1.48221e-01
366773.29 3.12336e-02 -1.94886e+00 -1.11635e-01
366774.30 -3.84893e-02 2.00322e+00 2.56235e-01
366775.30 3.26335e-02 -2.07742e+00 -2.75777e-01
366776.30 1.51371e-02 2.10114e+00 2.46006e-01
366777.30 -3.97833e-02 -2.17516e+00 -1.41226e-01
366778.30 5.24879e-02 2.32177e+00 8.49495e-02
366779.30 -2.81237e-02 -2.35829e+00 -1.52395e-01
366780.31 8.61783e-03 2.30436e+00 3.16265e-01
366781.31 1.08176e-02 -2.35756e+00 -2.73901e-01
366782.31 1.78972e-02 2.56051e+00 2.45420e-01
366783.31 -1.77281e-02 -2.75097e+00 -1.99656e-01
366784.31 4.53359e-02 2.88784e+00 1.20086e-01
366785.32 -1.82547e-02 -3.03129e+00 -2.19761e-01
366786.32 1.49173e-02 3.14065e+00 2.82594e-01
366787.32 2.01086e-02 -3.28707e+00 -3.89366e-01
366788.32 9.95535e-03 3.40074e+00 2.90351e-01
366789.32 -6.36205e-03 -3.58766e+00 -2.42532e-01
366790.32 4.34817e-02 4.00482e+00 3.98204e-01
366791.33 -3.15463e-02 -4.48407e+00 -5.66750e-01
366792.33 6.10959e-02 4.75324e+00 5.93312e-01
366793.33 -4.80941e-02 -4.94186e+00 -3.88060e-01
366794.33 5.43924e-02 5.24132e+00 4.40568e-01
366795.33 1.90526e-02 -5.72744e+00 -4.89618e-01
366796.34 -2.11515e-02 6.23939e+00 4.30902e-01
366797.34 7.39321e-02 -6.81953e+00 -6.00779e-01
366798.34 2.52412e-02 7.47391e+00 9.38065e-01
366799.34 -3.47437e-02 -8.56959e+00 -9.27496e-01
366800.34 2.28936e-01 1.00318e+01 5.22785e-01
366801.34 -7.78975e-02 -1.23317e+01 -3.75519e-01
366802.35 1.39261e-01 1.48026e+01 8.52151e-01
366803.35 1.55125e-01 -1.78006e+01 -2.54860e+00
366804.35 7.21128e-02 1.89145e+01 4.16295e+00
366805.35 1.13044e-01 -2.47588e+01 -4.92810e+00
366806.35 1.91147e+00 -1.55930e+02 -2.30080e+01
366807.36 3.90434e+00 -1.20686e+03 -1.28123e+02
366808.36 2.36319e+00 -6.06903e+02 -5.67139e+01
366809.36 -2.31718e+00 2.43801e+02 3.29536e+01
366810.36 -5.25877e-01 1.48773e+02 2.11637e+01
366811.36 -5.85512e-01 1.55086e+02 1.36493e+01
366812.36 -8.58004e-01 1.14877e+02 1.31183e+01
366813.37 -4.23450e-01 1.14621e+02 2.04758e+01
366814.37 -6.91859e-01 8.69728e+01 1.18136e+01
366815.37 -2.55561e-01 9.32411e+01 1.14819e+01
366816.37 -3.30750e-01 7.46705e+01 5.35990e+00
366817.37 -1.32166e-02 7.24771e+01 3.46923e+00
366818.38 -4.20559e-01 5.64547e+01 4.83908e+00
366819.38 6.97578e-02 5.91812e+01 2.74574e+00
366820.38 -1.74298e-01 4.71088e+01 6.63683e-01
366821.38 -1.92954e-01 5.32843e+01 4.23588e+00
366822.38 -6.10445e-02 4.02351e+01 1.38408e+00
366823.38 -1.47824e-01 4.08364e+01 3.21453e+00
366824.39 -2.16135e-01 3.44204e+01 4.13882e+00
366825.39 -6.99052e-02 3.72542e+01 3.75030e+00
366826.39 -2.04013e-01 2.80515e+01 3.94244e+00
366827.39 -9.54949e-02 3.10919e+01 2.60015e+00
366828.39 -1.11791e-01 2.25577e+01 3.03978e+00
366829.39 -7.64133e-02 2.58406e+01 1.60607e+00
366830.40 -8.75694e-02 2.04460e+01 1.77024e+00
366831.40 -1.23684e-01 2.40268e+01 3.35886e+00
366832.40 -8.41749e-02 1.74851e+01 1.41857e+00
366833.40 -3.61349e-02 2.16792e+01 1.31811e+00
366834.40 -1.08197e-01 1.47104e+01 2.54071e+00
366835.41 2.68195e-03 2.05520e+01 -2.71782e-02
366836.41 -2.89654e-02 1.41683e+01 1.02669e+00
366837.41 -8.97348e-02 1.67876e+01 1.86133e+00
366838.41 -3.51750e-02 1.08469e+01 5.92211e-01
366839.41 -7.09338e-02 1.52091e+01 3.58850e+00
366840.41 -9.16154e-02 8.68516e+00 -4.94235e-01
366841.42 9.85854e-02 1.25506e+01 6.58566e-01
366842.42 -2.42436e-02 9.31015e+00 -2.08961e-01
366843.42 2.43238e-02 1.09357e+01 5.62002e-01
366844.42 -1.02249e-01 6.97331e+00 1.11161e+00
366845.42 -4.68623e-02 1.09132e+01 1.20565e+00
366846.43 -4.81507e-02 6.48419e+00 1.75498e+00
366847.43 -3.83958e-02 9.00422e+00 1.42686e+00
366848.43 -6.59967e-02 6.36720e+00 1.21629e+00
366849.43 -2.72289e-02 7.60895e+00 1.39835e+00
366850.43 -2.16937e-02 4.54397e+00 5.58192e-01
366851.43 -3.91493e-02 7.93081e+00 7.59842e-01
366852.44 -1.33185e-01 5.55392e+00 5.51550e-01
366853.44 -3.41292e-02 6.85928e+00 3.39368e-01
366854.44 2.99346e-02 3.61040e+00 2.33328e-01
366855.44 4.68647e-03 6.19863e+00 3.11683e-01
366856.44 -1.61097e-02 2.93203e+00 5.90775e-01
366857.45 1.37198e-02 5.29312e+00 2.14173e-01
366858.45 -4.66526e-02 3.40664e+00 5.46091e-01
366859.45 -1.53650e-02 6.20186e+00 1.02173e+00
366860.45 -2.72333e-02 3.00995e+00 2.35829e-01
366861.45 1.20383e-03 4.50688e+00 6.59639e-01
366862.45 -3.01244e-02 2.16953e+00 2.93828e-01
366863.46 1.01775e-02 4.08578e+00 -4.12304e-02
366864.46 -1.32684e-02 1.09142e+00 -2.90132e-01
366865.46 -1.41532e-02 3.58715e+00 9.37365e-01
366866.46 -2.74162e-02 1.53135e+00 -1.94879e-01
366867.46 3.41665e-02 3.48742e+00 1.23619e-01
366868.47 -4.37744e-02 1.89299e+00 5.66883e-01
366869.47 5.25357e-03 3.26827e+00 2.75805e-01
366870.47 -1.97570e-02 1.99203e+00 9.41275e-02
366871.47 1.44956e-03 3.11928e+00 2.58456e-01
366872.47 9.06186e-03 1.59224e+00 -3.48938e-01
366873.47 -7.72967e-03 2.37081e+00 3.01254e-01
366874.48 -3.80509e-02 1.44018e+00 8.44291e-01
366875.48 2.15067e-03 3.29992e+00 2.41595e-01
366876.48 -2.86387e-02 7.67719e-01 6.37770e-01
366877.48 -7.06294e-03 2.57630e+00 2.23139e-02
366878.48 2.68343e-03 4.45483e-01 2.18129e-01
366879.48 -5.86738e-03 2.56112e+00 -4.63297e-02
366880.49 -1.14568e-02 5.93443e-01 4.40008e-01
366881.49 -1.26740e-02 2.69573e+00 4.00572e-01
366882.49 -5.05006e-03 2.40942e-01 8.82099e-02
366883.49 6.98794e-03 2.39607e+00 1.66524e-01
366884.49 8.34373e-03 6.51640e-01 -1.86903e-01
366885.50 1.19928e-02 1.56819e+00 -2.28797e-01
366886.50 -2.94128e-03 1.26150e-01 -5.04054e-01
366887.50 1.15658e-02 1.89854e+00 6.26004e-01
366888.50 -2.53404e-02 4.36376e-01 5.55199e-02
366889.50 1.49507e-02 1.82241e+00 3.58332e-02
366890.50 -2.49343e-02 2.30847e-01 1.63081e-02
366891.51 1.15974e-02 1.71263e+00 1.80590e-01
366892.51 -1.10181e-02 3.90663e-01 1.28476e-01
366893.51 -1.74149e-04 1.64328e+00 3.02777e-02
366894.51 -5.09786e-03 2.19202e-02 9.30353e-02
366895.51 -8.01369e-03 1.02934e+00 4.82570e-01
366896.52 -2.87988e-03 1.59068e-01 -6.03975e-03
366897.52 4.76094e-03 1.24828e+00 -2.66308e-01
366898.52 -1.21532e-02 3.55336e-03 -8.81590e-03
366899.52 6.46729e-03 1.02736e+00 -1.12913e-01
366900.52 7.59369e-03 -7.57696e-03 -4.31454e-02
366901.52 4.25412e-03 1.44655e+00 2.60493e-01
366902.53 -1.32627e-02 -4.38386e-01 1.75513e-01
366903.53 7.64798e-03 1.56906e+00 9.99865e-02
366904.53 -1.13812e-02 7.38020e-02 -8.23919e-02
366905.53 -2.97301e-04 9.96108e-01 2.55866e-01
366906.53 -4.83464e-03 -2.32037e-01 -8.37012e-02
366907.54 1.59069e-03 1.14489e+00 1.20851e-01
366908.54 -1.63701e-02 -3.98961e-01 1.67388e-01
366909.54 1.38282e-02 1.12623e+00 5.70721e-02
366910.54 -9.65490e-03 -1.20573e-01 -9.95131e-02
366911.54 1.02071e-02 1.10566e+00 -2.29400e-02
366912.54 -5.94463e-03 -1.98505e-01 8.13603e-02
366913.55 -5.15423e-03 9.91068e-01 -1.23712e-01
366914.55 -9.93568e-03 -2.22163e-01 4.53623e-01
366915.55 5.34301e-07 8.95703e-01 -8.50902e-02
366916.55 2.22350e-03 -5.96976e-02 1.34949e-01
366917.55 -7.17501e-03 9.53181e-01 2.35678e-01
366918.56 -2.20581e-03 -1.67412e-01 -4.98371e-02
366919.56 1.09423e-03 9.28727e-01 3.23828e-02
366920.56 -3.71662e-03 -4.27477e-01 1.47140e-01
366921.56 8.64013e-03 1.02901e+00 -1.08047e-01
366922.56 -2.53259e-03 -1.48650e-01 2.03567e-03
366923.56 1.46228e-04 8.55972e-01 -2.77467e-02
366924.57 3.70670e-03 -5.46475e-01 -2.64646e-01
366925.57 5.18937e-03 7.30495e-01 1.70498e-02
366926.57 -1.58443e-02 -3.33521e-02 -4.33928e-02
366927.57 7.97065e-03 7.67871e-01 1.45006e-01
366928.57 -1.20363e-02 -5.45643e-01 1.98124e-01
366929.58 1.91560e-03 6.53959e-01 3.53407e-01
366930.58 8.38228e-04 -1.01205e-01 -2.38052e-01
366931.58 4.58261e-03 6.37571e-01 -1.32198e-01
366932.58 5.79725e-03 -3.19905e-01 -2.12554e-01
366933.58 -4.89882e-03 6.31245e-01 2.62039e-01
366934.58 -7.47819e-03 -5.67752e-01 -3.31865e-03
366935.59 7.65811e-04 7.79273e-01 2.05870e-01
366936.59 -9.92941e-03 -1.71928e-01 -1.43287e-01
366937.59 1.64761e-02 8.32524e-01 -1.03430e-01
366938.59 -1.96079e-03 -6.27409e-01 -1.11371e-01
366939.59 1.24919e-02 7.95419e-01 -2.35604e-01
366940.59 -5.57325e-04 -5.18797e-01 -2.82826e-02
366941.60 -1.59195e-03 5.37558e-01 6.09939e-02
366942.60 -9.57918e-03 -3.10047e-01 8.61014e-02
366943.60 -8.73141e-04 5.34877e-01 9.17603e-02
366944.60 -5.27957e-03 -3.81687e-01 2.82715e-02
366945.60 -1.91065e-03 7.40527e-01 1.56182e-01
366946.61 -5.20845e-03 -3.03314e-02 1.79485e-01
366947.61 -7.73309e-03 7.38612e-01 1.34135e-01
366948.61 -3.36721e-03 -2.54393e-01 5.58284e-02
366949.61 3.43684e-03 6.07845e-01 1.37297e-01
366950.61 -2.40018e-03 -4.55454e-01 -1.91284e-01
366951.61 1.00846e-02 7.63355e-01 1.45504e-01
366952.62 -1.38602e-02 -5.70791e-01 8.33823e-02
366953.62 1.07218e-02 6.51644e-01 1.63425e-01
366954.62 -1.78652e-03 -4.11855e-01 -1.61326e-01
366955.62 4.14962e-03 7.73173e-01 1.01340e-01
366956.62 -3.02321e-03 -2.36877e-01 -1.69018e-01
366957.63 5.06568e-03 3.98288e-01 -4.87013e-03
366958.63 -1.67148e-03 -3.50121e-01 -1.42120e-02
366959.63 9.00383e-03 4.84243e-01 -1.83781e-01
366960.63 7.80569e-04 -1.69356e-01 -1.39098e-01
366961.63 -7.86131e-03 4.50036e-01 2.45322e-01
366962.63 -5.50777e-03 -4.77436e-01 3.66968e-02
366963.64 9.46084e-03 6.44008e-01 1.48175e-02
366964.64 -1.16831e-02 -3.58455e-01 -2.23086e-03
366965.64 -1.73521e-03 4.09553e-01 2.40258e-01
366966.64 -1.65658e-03 -1.30305e-01 3.25835e-02
366967.64 -6.24665e-04 2.69006e-01 2.40440e-02
366968.65 -7.73682e-03 -2.51432e-01 1.37258e-01
366969.65 1.22318e-03 5.34410e-01 7.73254e-02
366970.65 1.02682e-02 -3.31279e-01 -1.01576e-01
366971.65 -9.23155e-04 4.44089e-01 -4.35508e-02
366972.65 -7.50618e-03 -2.92888e-01 3.00416e-02
366973.65 6.83793e-04 4.86675e-01 4.53322e-02
366974.66 -1.12839e-02 -4.22390e-01 1.93503e-01
366975.66 6.11947e-04 3.95690e-01 -4.19503e-02
366976.66 -3.20142e-03 -2.22180e-01 6.36887e-02
366977.66 -9.55926e-03 5.52313e-01 1.19273e-01
366978.66 -1.55903e-03 -3.26886e-01 3.17028e-02
366979.67 2.18855e-03 4.07129e-01 1.55597e-01
366980.67 4.28882e-03 -3.34646e-01 -1.35741e-01
366981.67 3.59736e-03 4.40766e-01 1.39656e-01
366982.67 -3.37255e-03 -2.05151e-01 6.97373e-02
366983.67 1.59844e-03 2.77354e-01 9.32783e-02
366984.67 4.29670e-03 -2.46356e-01 -1.40855e-01
366985.68 9.88647e-03 1.94164e-01 -8.11152e-02
366986.68 -3.75496e-03 -1.70099e-01 -1.33190e-01
366987.68 2.88393e-03 2.23766e-01 -7.04239e-03
366988.68 -1.04903e-02 -2.97014e-01 1.24312e-01
366989.68 -4.00583e-03 3.41650e-01 1.20446e-01
366990.68 1.74408e-03 -3.93248e-01 -4.41852e-02
366991.69 1.56071e-03 3.79009e-01 7.69640e-03
366992.69 -1.66253e-03 -2.82679e-01 1.28990e-01
366993.69 1.65316e-03 2.86311e-01 5.00123e-02
366994.69 -2.47513e-03 -2.78752e-01 -4.16631e-03
366995.69 1.61056e-03 4.10073e-01 -3.40624e-02
366996.70 -4.47457e-04 -2.88976e-01 -3.62814e-02
366997.70 -7.37580e-04 4.70359e-01 4.05058e-02
366998.70 -5.78597e-03 -2.73815e-01 6.49436e-02
366999.70 3.25246e-04 3.24244e-01 6.99654e-02
367000.70 -7.61600e-04 -2.09875e-01 -6.24791e-03
367001.70 8.01591e-03 1.63475e-01 -7.08798e-02
367002.71 4.49990e-03 -3.35949e-01 -4.91020e-02
367003.71 1.37675e-03 2.89413e-01 -3.66324e-03
367004.71 2.09261e-03 -2.46981e-01 -2.98450e-02
367005.71 -4.55777e-03 4.26858e-01 -5.44660e-03
367006.71 1.64609e-03 -2.16662e-01 -3.48898e-02
367007.72 2.53576e-03 4.45305e-01 -2.01654e-02
367008.72 4.88001e-04 -6.54920e-02 -8.26260e-02
367009.72 8.64939e-04 3.73249e-01 7.41606e-02
367010.72 -9.88055e-03 -2.76839e-01 1.95086e-01
367011.72 1.39745e-03 3.42128e-01 4.40858e-04
367012.72 -1.83701e-03 -2.12771e-01 -4.59091e-02
367013.73 3.04087e-03 2.89219e-01 -2.71474e-02
367014.73 1.78265e-03 -3.10173e-01 -1.37908e-01
367015.73 2.19261e-03 2.36798e-01 8.34250e-02
367016.73 -4.50741e-03 -2.30870e-01 -3.14570e-02
367017.73 -5.66698e-03 3.50500e-01 1.75491e-01
367018.74 -7.49129e-03 -2.07583e-01 1.26971e-01
367019.74 8.43711e-03 3.33974e-01 -8.97733e-02
367020.74 1.31157e-03 -4.67501e-01 -5.50701e-02
367021.74 -2.98577e-03 3.99670e-01 9.51757e-02
367022.74 -4.57326e-04 -2.91607e-01 1.88555e-02
367023.74 8.71902e-04 3.66253e-01 6.07197e-02
367024.75 -1.98914e-03 -2.20239e-01 -3.81963e-02
367025.75 3.12812e-03 3.34259e-01 2.35735e-02
367026.75 3.00786e-03 -1.63817e-01 -1.44641e-01
367027.75 4.22210e-03 2.03565e-01 -5.52651e-02
367028.75 -7.30810e-03 -3.28472e-01 2.61022e-02
367029.76 3.71338e-03 2.79947e-01 -9.20608e-02
367030.76 -3.03265e-04 -3.56351e-01 9.47035e-02
367031.76 -4.00138e-03 2.05371e-01 6.57940e-03
367032.76 8.55234e-03 -3.13981e-01 -1.22558e-01
367033.76 -1.23868e-03 2.51389e-01 1.05725e-01
367034.76 -2.30377e-03 -3.08408e-01 -2.43669e-02
367035.77 6.47296e-03 2.88829e-01 -7.97933e-03
367036.77 -9.09835e-03 -1.49267e-01 4.65041e-02
367037.77 9.57287e-05 2.42910e-01 5.63340e-02
367038.77 -1.69958e-03 -3.64037e-01 -6.04426e-02
367039.77 1.29855e-03 3.03761e-01 1.09323e-02
367040.78 -7.07623e-03 -2.43129e-01 1.55551e-02
367041.78 -4.64213e-04 2.53602e-01 1.63193e-01
367042.78 -5.99347e-03 -3.18731e-01 5.24599e-03
367043.78 4.41704e-03 2.25915e-01 -6.41470e-04
367044.78 -3.94754e-03 -1.86327e-01 2.71540e-02
367045.78 2.03019e-03 3.28219e-01 -3.15138e-02
367046.79 -2.11936e-03 -2.38138e-01 4.75971e-02
367047.79 1.96999e-03 3.17574e-01 1.09640e-01
367048.79 -1.23043e-03 -2.28939e-01 -1.05555e-01
367049.79 3.77397e-03 2.87009e-01 1.21738e-01
367050.79 7.38318e-04 -1.49809e-01 -1.51725e-01
367051.79 1.11829e-02 3.34572e-01 6.15704e-02
367052.80 -9.18551e-03 -2.76517e-01 -2.80152e-02
367053.80 5.18674e-03 1.74508e-01 -4.18131e-02
367054.80 -3.03511e-03 -2.58991e-01 6.49649e-05
367055.80 3.86332e-04 2.91703e-01 9.07055e-02
367056.80 -1.74527e-03 -2.16365e-01 9.61406e-04
367057.81 2.03346e-03 2.78141e-01 3.64720e-02
367058.81 -3.96611e-03 -2.85076e-01 2.10783e-02
367059.81 5.34812e-03 2.33953e-01 3.70862e-02
367060.81 7.82445e-04 -3.06318e-01 -1.22290e-01
367061.81 4.34988e-03 1.61698e-01 -6.39790e-02
367062.81 -8.30680e-03 -3.29474e-01 6.18340e-02
367063.82 1.57732e-03 2.87319e-01 1.04390e-01
367064.82 -2.80218e-03 -1.13856e-01 -3.84642e-02
367065.82 6.66531e-04 1.82207e-01 7.02567e-02
367066.82 1.45056e-03 -2.15249e-01 -6.31562e-02
367067.82 3.07007e-03 2.11962e-01 -1.85599e-02
367068.83 -1.53991e-03 -1.92633e-01 -2.85779e-02
367069.83 4.19326e-03 2.88717e-01 -6.68164e-02
367070.83 6.26438e-06 -2.24164e-01 4.46730e-02
367071.83 6.11251e-04 2.45645e-01 1.97536e-02
367072.83 1.48643e-03 -2.99429e-01 -6.73692e-02
367073.83 5.01378e-04 2.31241e-01 -4.25902e-03
367074.84 -3.58197e-03 -1.52545e-01 2.36847e-02
367075.84 4.67488e-03 2.95049e-01 -5.08509e-02
367076.84 1.03544e-03 -2.66725e-01 -4.40719e-02
367077.84 6.05774e-04 2.82595e-01 -5.05913e-03
367078.84 -1.70536e-04 -2.90154e-01 -1.56796e-02
367079.85 9.59797e-04 2.42383e-01 -4.95505e-03
367080.85 4.49687e-03 -1.84233e-01 -1.23363e-01
367081.85 3.07616e-03 2.91890e-01 7.30101e-02
367082.85 -5.98531e-03 -3.03939e-01 3.73734e-02
367083.85 5.42395e-03 3.09169e-01 3.61784e-02
367084.85 -4.62883e-03 -1.99267e-01 4.27478e-02
367085.86 4.69828e-04 1.65515e-01 6.58068e-02
367086.86 -1.99336e-03 -2.83710e-01 -4.87835e-02
367087.86 5.73411e-03 2.02622e-01 -1.06742e-02
367088.86 -2.01254e-03 -2.25113e-01 -7.03344e-02
367089.86 2.09626e-03 2.31516e-01 2.67229e-02
367090.87 -6.43009e-03 -1.21286e-01 4.37305e-02
367091.87 4.12460e-05 2.12089e-01 6.15148e-02
367092.87 -1.00421e-04 -1.11437e-01 -2.25496e-02
367093.87 1.28570e-03 1.40780e-01 -7.39898e-03
367094.87 -6.58709e-04 -2.11633e-01 -2.47409e-02
367095.87 3.78710e-04 2.57563e-01 4.92932e-02
367096.88 2.90791e-03 -2.08436e-01 -1.15544e-01
367097.88 5.91694e-03 1.44883e-01 -1.84546e-02
367098.88 -4.22845e-03 -1.54427e-01 -2.00544e-02
367099.88 2.21435e-03 2.38765e-01 5.73021e-02
367100.88 -2.52148e-03 -1.75483e-01 -1.65357e-02
367101.89 2.45832e-03 1.95410e-01 4.75740e-02
367102.89 -3.29817e-03 -1.82653e-01 3.44402e-02
367103.89 7.46007e-04 1.34410e-01 4.89517e-02
367104.89 -2.35537e-03 -2.00956e-01 -9.25419e-02
367105.89 8.45484e-04 1.38428e-01 1.27302e-01
367106.89 -9.19567e-03 -2.87786e-01 1.09314e-01
367107.90 1.70002e-03 2.20733e-01 4.23846e-02
367108.90 2.65651e-04 -1.74209e-01 2.50839e-02
367109.90 1.94156e-03 2.57186e-01 -8.05043e-02
367110.90 7.75516e-04 -1.69648e-01 -8.61496e-02
367111.90 4.66921e-03 1.97752e-01 -5.42205e-02
367112.90 -7.76412e-04 -1.95406e-01 -4.78440e-02
367113.91 3.44661e-05 1.95537e-01 2.57752e-02
367114.91 -1.76992e-03 -1.82052e-01 -9.20618e-02
367115.91 2.89631e-03 2.71662e-01 1.63738e-02
367116.91 -3.12077e-03 -3.62329e-01 2.32978e-03
367117.91 1.45547e-03 1.73066e-01 7.08650e-02
367118.92 -2.99070e-03 -2.39494e-01 -8.88461e-02
367119.92 -1.13947e-04 1.98448e-01 6.04906e-02
367120.92 -3.99704e-03 -1.18174e-01 1.32027e-03
367121.92 4.10773e-03 1.52626e-01 4.01294e-02
367122.92 -4.19186e-03 -1.87847e-01 8.00094e-03
367123.92 3.12953e-03 1.72411e-01 5.23488e-02
367124.93 -3.24677e-03 -1.68396e-01 -2.58145e-02
367125.93 3.54453e-03 1.91923e-01 1.08021e-02
367126.93 2.51602e-04 -1.54747e-01 -1.11330e-01
367127.93 2.34638e-03 1.91102e-01 3.62825e-02
367128.93 -9.87884e-04 -1.50685e-01 -2.29166e-02
367129.94 1.14269e-03 2.33618e-01 -1.66383e-02
367130.94 -4.34736e-03 -1.09501e-01 2.32838e-02
367131.94 1.99986e-03 1.69087e-01 3.68642e-02
367132.94 2.83736e-03 -1.43335e-01 -1.99985e-02
367133.94 1.36719e-04 2.40893e-01 -4.59893e-03
367134.94 -9.11847e-04 -2.23328e-01 -1.20056e-01
367135.95 3.34450e-03 1.11705e-01 6.36729e-03
367136.95 4.94914e-05 -1.94875e-01 5.67569e-04
367137.95 3.16060e-03 1.48608e-01 1.68926e-02
367138.95 -2.69230e-03 -1.25532e-01 -4.70628e-02
367139.95 1.01861e-03 2.33990e-01 8.06058e-02
367140.96 2.44560e-03 -1.41405e-01 -9.24852e-02
367141.96 -5.34329e-04 1.56160e-01 -4.11333e-02
367142.96 -5.47889e-03 -1.75245e-01 6.97468e-02
367143.96 5.79980e-03 1.51250e-01 -7.33586e-02
367144.96 -3.99677e-03 -1.69888e-01 3.98388e-02
367145.96 -2.35156e-03 2.02531e-01 1.55978e-02
367146.97 3.69996e-03 -1.73666e-01 -3.63012e-02
367147.97 -1.43035e-03 1.59955e-01 5.35501e-02
367148.97 -3.49490e-03 -2.50721e-01 -1.09134e-02
367149.97 1.20326e-03 1.18871e-01 1.20435e-02
367150.97 -3.88714e-03 -1.81468e-01 3.33344e-02
367151.98 1.59361e-03 1.76507e-01 7.07795e-02
367152.98 4.86634e-04 -2.23668e-01 -3.94539e-02
367153.98 -2.80475e-03 2.51412e-01 2.73248e-02
367154.98 -1.93470e-03 -1.66405e-01 -3.29559e-02
367155.98 3.87908e-03 2.17049e-01 -1.54281e-02
367156.98 -2.07973e-03 -2.00670e-01 1.12156e-02
367157.99 8.72864e-04 1.72061e-01 1.74591e-02
367158.99 3.96169e-04 -1.97498e-01 -5.46097e-03
367159.99 9.61726e-04 1.82509e-01 5.27133e-02
367160.99 4.11690e-04 -1.80188e-01 -6.63141e-02
367161.99 4.79601e-03 1.79164e-01 3.94630e-02
367162.99 3.40030e-04 -2.05090e-01 -4.86506e-02
367164.00 1.09148e-02 1.73509e-01 -4.64364e-02
367165.00 2.03334e-03 -1.89577e-01 4.55819e-02
367166.00 -6.09460e-03 1.87488e-01 -6.15151e-02
367167.00 1.34294e-03 -1.47339e-01 -5.38789e-02
367168.00 1.60207e-03 2.53980e-01 1.42052e-02
367169.01 -5.93899e-03 -1.97990e-01 -3.38083e-02
367170.01 6.36011e-03 2.02037e-01 -3.74622e-03
367171.01 -4.91643e-03 -1.85023e-01 3.79254e-03
367172.01 -2.70830e-03 1.84289e-01 5.14393e-02
367173.01 -3.35516e-03 -1.42711e-01 -2.07188e-02
367174.01 -1.03140e-03 1.29625e-01 3.30076e-02
367175.02 -4.12318e-03 -1.39489e-01 4.99225e-02
367176.02 4.61769e-05 2.01278e-01 5.85638e-02
367177.02 2.47618e-03 -2.06655e-01 -8.55226e-02
367178.02 6.91326e-04 1.31147e-01 -2.73610e-02
367179.02 1.53068e-03 -1.90465e-01 3.33298e-02
367180.03 -3.81213e-03 1.66904e-01 2.91803e-02
367181.03 -5.39624e-03 -1.61547e-01 3.97931e-02
367182.03 6.88145e-03 2.36797e-01 1.02071e-03
367183.03 3.37336e-03 -2.26628e-01 -9.43588e-02
367184.03 2.35825e-04 1.68866e-01 4.02911e-02
367185.03 -1.23969e-02 -2.01061e-01 6.94336e-02
367186.04 -6.95886e-03 1.62317e-01 3.83269e-02
367187.04 3.59119e-03 -1.25053e-01 -8.33484e-02
367188.04 -6.09391e-03 1.27668e-01 6.67503e-02
367189.04 -2.32098e-03 -1.83426e-01 -2.92436e-02
367190.04 4.57086e-03 1.37078e-01 -4.02754e-02
367191.05 2.63391e-03 -1.12212e-01 3.27337e-02
367192.05 1.43019e-02 1.96120e-01 5.94433e-02
367193.05 7.00128e-03 -1.66287e-01 -4.58897e-02
367194.05 -8.55319e-03 1.48030e-01 3.27567e-02
367195.05 1.01822e-02 -1.74099e-01 -5.40617e-02
367196.05 7.78374e-03 1.77264e-01 -1.21382e-03
367197.06 -9.56646e-03 -1.73457e-01 4.57225e-03
367198.06 -8.17444e-03 8.20409e-02 8.82441e-03
367199.06 1.26830e-02 -9.25866e-02 -4.39546e-02
367200.06 -1.28992e-04 1.85256e-01 1.03667e-02
367201.06 -7.66570e-03 -1.47399e-01 -2.54605e-02
367202.07 7.05419e-03 2.55792e-01 1.99358e-02
367203.07 -6.66676e-03 -1.35991e-01 3.13427e-02
367204.07 3.02245e-03 1.82181e-01 2.32430e-02
367205.07 2.29399e-03 -1.21510e-01 -6.13736e-02
367206.07 1.55636e-03 6.17648e-02 2.88418e-02
367207.07 -8.23041e-04 -1.89348e-01 -3.87942e-02
367208.08 -2.73781e-03 1.99590e-01 3.57128e-02
367209.08 -6.89372e-03 -1.86733e-01 -9.64277e-03
367210.08 3.72353e-03 2.07056e-01 1.50141e-02
367211.08 -2.58477e-03 -1.83099e-01 -1.07361e-02
367212.08 8.14326e-03 1.90293e-01 -1.11112e-02
367213.09 -7.02788e-03 -1.62783e-01 -1.12999e-02
367214.09 3.63709e-04 1.56985e-01 2.15700e-02
367215.09 -5.80221e-04 -1.46791e-01 -2.82603e-02
367216.09 -7.75310e-04 2.17071e-01 -3.39379e-03
367217.09 -3.65935e-04 -2.14919e-01 5.71899e-02
367218.09 -8.36220e-04 1.35284e-01 3.04224e-02
367219.10 2.81243e-04 -2.04566e-01 -4.09771e-02
367220.10 -5.79951e-04 2.00464e-01 3.37428e-02
367221.10 -2.04047e-04 -1.48820e-01 3.54374e-02
367222.10 1.04811e-03 1.69699e-01 -4.20675e-02
367223.10 8.26435e-04 -1.73928e-01 -2.15767e-03
367224.10 5.71445e-04 1.52744e-01 6.55835e-03
367225.11 -1.69831e-03 -1.99954e-01 2.73492e-02
367226.11 3.73489e-04 1.52379e-01 1.26538e-02
367227.11 1.99045e-03 -1.32339e-01 -4.53213e-02
367228.11 9.07184e-04 1.37523e-01 -1.83853e-02
367229.11 -2.69702e-03 -2.19592e-01 -1.41654e-02
367230.12 3.70511e-03 1.45064e-01 -3.66063e-02
367231.12 1.82033e-03 -1.90530e-01 1.38314e-03
367232.12 -3.38083e-03 2.04536e-01 2.29980e-02
367233.12 5.17164e-05 -1.89883e-01 1.94943e-02
367234.12 -1.69071e-04 1.87780e-01 1.88650e-02
367235.12 -8.35321e-04 -1.71762e-01 -3.39984e-02
367236.13 4.97960e-04 1.91897e-01 5.95409e-03
367237.13 5.30698e-03 -1.66209e-01 -4.54705e-02
367238.13 -5.22063e-03 1.91328e-01 4.32998e-02
367239.13 -5.24713e-03 -1.70463e-01 -1.43214e-02
367240.13 6.05149e-03 2.00750e-01 3.95658e-02
367241.14 1.15433e-03 -1.80898e-01 -1.60934e-02
367242.14 3.51133e-03 2.41091e-01 -1.81091e-02
367243.14 -6.13980e-03 -2.01021e-01 4.25015e-02
367244.14 -2.76725e-03 2.55906e-01 3.35060e-02
367245.14 2.34034e-03 -1.78900e-01 -3.17483e-02
367246.14 -2.99102e-03 1.81691e-01 -9.42559e-03
367247.15 -1.76436e-03 -1.49120e-01 -5.27203e-03
367248.15 -2.49204e-03 1.66181e-01 5.95883e-02
367249.15 2.22811e-03 -1.75656e-01 -1.99114e-02
