348284.78 -9.35647e-03 2.15146e-01 1.91222e-01
348285.78 -5.97741e-03 -3.15938e-01 1.73633e-03
348286.79 1.15492e-02 1.14269e-01 -1.47943e-01
348287.79 -6.57702e-03 -8.66967e-02 -1.79923e-01
348288.79 6.14367e-03 6.95567e-02 2.42593e-01
348289.79 -1.15076e-03 -4.84488e-02 6.45205e-02
348290.79 1.38921e-02 4.25191e-02 -1.73587e-01
348291.80 -3.06878e-02 -5.05224e-02 -2.58846e-02
348292.80 -1.26420e-04 5.21361e-02 -1.45160e-01
348293.80 2.79276e-02 -1.60369e-02 3.86164e-01
348294.80 -4.37226e-03 1.04665e-02 8.62706e-02
348295.80 5.21629e-03 -3.63205e-02 -8.27806e-02
348296.81 -2.98699e-02 1.16667e-02 -2.77981e-01
348297.81 5.77225e-03 -1.14048e-02 7.40679e-02
348298.81 8.26506e-03 2.11585e-02 2.27275e-01
348299.81 3.26066e-02 1.54660e-02 1.84746e-01
348300.82 1.82434e-03 -1.15430e-02 -2.26320e-01
348301.82 -4.54758e-02 -1.06146e-02 -2.32786e-01
348302.82 1.37708e-02 -2.55618e-02 7.90548e-02
348303.82 -1.35552e-02 1.58244e-02 2.65352e-01
348304.82 1.97715e-02 2.74242e-02 -1.80550e-02
348305.83 2.94212e-03 1.26948e-02 -1.23002e-01
348306.83 -1.05672e-02 -3.90874e-02 -7.02834e-02
348307.83 -4.19623e-04 -3.87954e-02 -8.14386e-02
348308.83 -3.37705e-03 2.57238e-02 1.46882e-01
348309.83 8.28059e-03 3.08084e-02 7.73799e-02
348310.84 -1.00383e-02 4.21971e-04 -1.59453e-01
348311.84 2.12601e-03 2.31440e-03 5.38730e-03
348312.84 -8.92819e-03 -6.66660e-03 -4.43898e-03
348313.84 9.83900e-03 7.56426e-03 1.90999e-01
348314.84 -8.22246e-03 -1.59277e-03 -1.74364e-01
348315.85 -3.38314e-03 1.53101e-03 9.20545e-02
348316.85 1.59711e-02 -4.09059e-02 -2.19496e-01
348317.85 -1.14373e-02 1.18748e-02 5.42234e-02
348318.85 -1.87011e-04 -6.19084e-03 -8.69815e-02
348319.86 1.86627e-02 4.14313e-02 6.23790e-02
348320.86 -2.99508e-02 -2.26550e-02 1.38157e-01
348321.86 1.17040e-02 1.69044e-02 1.76976e-01
348322.86 8.48815e-04 -2.67598e-02 -3.33348e-01
348323.86 9.12049e-03 3.98455e-02 -4.34461e-03
348324.87 -1.65944e-02 -1.05790e-02 -2.53381e-02
348325.87 4.48579e-03 -7.28669e-03 -1.10301e-01
348326.87 -8.54327e-03 -4.79618e-02 2.71919e-01
348327.87 1.06043e-02 5.41444e-02 -1.92948e-02
348328.87 1.79615e-02 1.51489e-02 -9.48526e-02
348329.88 -2.30078e-02 3.07074e-03 6.73841e-02
348330.88 -2.26589e-02 -6.96790e-02 1.25691e-01
348331.88 1.42948e-02 -4.30650e-04 2.48921e-02
348332.88 1.52723e-02 -1.16303e-02 -3.98576e-01
348333.88 1.58296e-02 9.28251e-02 1.25114e-02
348334.89 -3.60686e-02 -4.79014e-02 3.61084e-02
348335.89 1.79956e-04 -2.89826e-02 4.02524e-01
348336.89 -3.54209e-03 2.84024e-03 3.66774e-02
348337.89 1.82393e-02 7.26189e-02 -5.60073e-02
348338.90 3.58148e-02 -5.70473e-03 -1.50330e-01
348339.90 -3.30845e-02 1.81991e-02 -6.61020e-02
348340.90 -4.23416e-02 -8.70519e-02 -1.11509e-01
348341.90 2.12785e-02 1.89474e-02 3.86847e-01
348342.90 3.89626e-02 -8.83781e-03 -1.45327e-01
348343.91 -7.42385e-04 4.27451e-02 -6.69291e-02
348344.91 -2.84108e-03 -2.00247e-02 1.93263e-02
348345.91 -4.77324e-02 3.62539e-02 1.42740e-01
348346.91 -4.14033e-03 -3.98418e-02 4.09610e-02
348347.91 4.85972e-02 4.26088e-03 -1.75353e-01
348348.92 2.69200e-02 -2.17734e-02 -9.06268e-02
348349.92 -4.76863e-02 2.27767e-02 -2.88333e-01
348350.92 -5.89748e-03 -2.64483e-02 1.43743e-01
348351.92 -1.63117e-02 2.86849e-02 4.42735e-01
348352.93 3.36283e-02 -1.72250e-02 1.06953e-01
348353.93 2.32832e-02 2.81200e-02 -2.61092e-01
348354.93 -1.69535e-02 -3.90482e-02 -4.23468e-01
348355.93 -1.25160e-02 4.01176e-02 2.44605e-01
348356.93 -3.77628e-02 -1.84139e-02 2.45226e-01
348357.94 4.75863e-02 3.05787e-02 -1.26136e-02
348358.94 9.02028e-03 -7.52109e-02 -3.74986e-01
348359.94 -6.55134e-04 4.22563e-02 9.97758e-02
348360.94 -1.58725e-02 1.95133e-02 1.06570e-02
348361.94 -2.04642e-02 6.69665e-02 3.55200e-01
348362.95 2.42548e-03 -9.76166e-02 -1.14151e-01
348363.95 4.12204e-02 -3.50398e-03 -2.84824e-01
348364.95 -8.38529e-03 -1.11952e-01 -2.02439e-01
348365.95 -1.11279e-02 1.31022e-01 3.31417e-01
348366.95 -2.79546e-02 2.96464e-02 2.02047e-01
348367.96 1.86429e-02 2.75537e-02 -2.47628e-01
348368.96 1.65955e-02 -8.29114e-02 -2.78713e-01
348369.96 -1.20908e-02 6.57257e-02 1.02448e-01
348370.96 6.88007e-03 -6.23292e-02 3.61973e-01
348371.97 -3.29264e-02 1.37704e-02 9.46525e-02
348372.97 6.57634e-04 -6.58969e-02 -4.33546e-01
348373.97 4.94376e-02 8.92579e-02 2.94182e-01
348374.97 1.61655e-02 2.17869e-02 -3.13465e-01
348375.97 -5.99310e-02 4.41644e-02 1.11015e-01
348376.98 4.13896e-03 -1.62010e-01 6.91572e-02
348377.98 -1.63187e-02 1.78544e-02 -3.80122e-02
348378.98 6.11121e-02 2.40507e-02 2.27523e-02
348379.98 2.16695e-02 1.33055e-01 5.36077e-01
348380.98 -6.78366e-02 -8.03392e-02 -5.94875e-01
348381.99 -3.60268e-03 2.34213e-02 8.97559e-03
348382.99 1.66559e-02 -5.84548e-02 -3.27137e-01
348383.99 1.23276e-02 -2.60176e-03 4.13019e-01
348384.99 3.50775e-02 -6.31950e-02 2.00361e-01
348385.99 -3.22351e-02 9.95043e-02 -4.84737e-01
348387.00 -6.57738e-02 1.90823e-02 -1.86175e-01
348388.00 5.43705e-02 6.72126e-02 3.75164e-01
348389.00 2.37125e-02 -1.24594e-01 8.87022e-01
348390.00 9.71751e-03 -1.22765e-01 -2.26826e-01
348391.01 -1.64851e-02 5.63733e-02 -1.03382e+00
348392.01 -5.32778e-02 2.23357e-01 -1.07657e-01
348393.01 -4.60421e-03 1.76386e-02 1.59284e-01
348394.01 9.90200e-02 -7.51291e-02 1.06076e+00
348395.01 -1.48314e-03 -1.98003e-01 1.02670e-01
348396.02 -1.17326e-01 -1.03397e-02 -8.46675e-01
348397.02 4.49543e-02 5.37431e-02 -7.44910e-01
348398.02 -1.51653e-02 7.02146e-02 6.99713e-01
348399.02 6.38323e-02 -5.91741e-02 3.23097e-01
348400.02 4.88092e-02 1.00312e-01 -5.01863e-01
348401.03 -1.04955e-01 -1.38213e-01 -9.53163e-01
348402.03 -5.02130e-02 2.24821e-01 3.46099e-01
348403.03 5.25435e-02 -1.08075e-02 7.57651e-01
348404.03 7.90036e-02 5.26361e-02 1.46448e+00
348405.04 1.77671e-02 -2.70106e-01 -1.13592e+00
348406.04 -1.02239e-01 1.16782e-01 -8.45731e-01
348407.04 -6.99120e-02 -2.31643e-01 3.37747e-02
348408.04 6.74328e-02 3.13987e-01 3.91084e-01
348409.04 1.02806e-01 -1.48961e-01 7.35061e-01
348410.05 8.02558e-03 1.74800e-01 6.93625e-01
348411.05 -1.24465e-01 -2.45872e-01 -7.32915e-01
348412.05 -1.09787e-01 7.74723e-02 -9.54799e-01
348413.05 1.36878e-01 -5.79487e-01 4.30430e-01
348414.05 1.16394e-01 7.32746e-01 6.38707e-01
348415.06 -1.08354e-01 4.32928e-01 2.52366e-01
348416.06 -4.83922e-02 8.50369e-02 4.25658e-02
348417.06 2.81543e-02 -2.89949e+00 -1.09143e+00
348418.06 -5.35817e-02 -1.99971e+00 9.88091e-02
348419.06 -6.15321e-02 -1.86204e+00 2.65227e-01
348420.07 -5.43495e-02 -1.53357e+01 3.81963e+00
348421.07 -3.69093e-01 -7.11752e+01 1.41742e+00
348422.07 -1.44689e+00 -1.61792e+02 1.42937e+00
348423.07 -2.47014e+00 -2.94925e+02 -8.33459e-02
348424.08 -2.85591e+00 -2.95622e+02 2.91121e+00
348425.08 -2.71535e+00 -3.93122e+02 -1.46058e+00
348426.08 -1.43279e+00 -2.16844e+02 -1.85031e+00
348427.08 7.82879e-02 4.15265e+01 -5.52953e+00
348428.08 1.15191e+00 1.14208e+02 -4.57954e+00
348429.09 1.39963e+00 1.24212e+02 -3.52638e+00
348430.09 9.70428e-01 9.70640e+01 -3.25664e+00
348431.09 4.73875e-01 8.89799e+01 7.86484e-01
348432.09 2.91436e-01 8.07866e+01 -1.39105e+00
348433.09 7.94680e-01 7.58490e+01 8.47271e+00
348434.10 7.80797e-01 6.15120e+01 -3.12382e+00
348435.10 3.00679e-01 5.06221e+01 -4.71962e+00
348436.10 1.82605e-01 5.14922e+01 3.13542e+00
348437.10 3.76616e-01 4.97445e+01 -1.26543e+00
348438.10 5.20811e-01 4.06533e+01 -3.33769e+00
348439.11 2.89994e-01 3.85606e+01 -6.20299e-01
348440.11 1.78834e-01 3.36936e+01 2.10524e+00
348441.11 3.84603e-01 3.14029e+01 2.82522e+00
348442.11 1.56521e-01 3.02690e+01 -3.03676e+00
348443.12 6.60875e-02 2.74092e+01 5.83912e+00
348444.12 2.61194e-01 2.50950e+01 1.11322e+00
348445.12 2.48393e-01 2.33702e+01 5.23624e-01
348446.12 2.72285e-01 2.10599e+01 -2.56994e+00
348447.12 -1.96752e-02 1.80349e+01 -1.15043e+00
348448.13 1.05635e-02 1.73778e+01 1.14328e+00
348449.13 2.63136e-01 1.75936e+01 1.39467e+00
348450.13 1.68280e-01 1.44042e+01 1.70239e+00
348451.13 1.21791e-01 1.59008e+01 -2.37101e+00
348452.13 1.12815e-01 1.37109e+01 -5.42736e-01
348453.14 -5.28363e-02 1.41073e+01 1.45486e-01
348454.14 8.95758e-02 1.29491e+01 1.22255e+00
348455.14 2.29155e-01 1.21868e+01 4.33649e-02
348456.14 2.10161e-01 1.06244e+01 -1.41684e+00
348457.15 -7.40889e-02 1.13846e+01 -1.14574e-01
348458.15 -3.67692e-02 8.92200e+00 2.23775e+00
348459.15 1.05987e-01 9.21944e+00 1.58915e+00
348460.15 1.39358e-01 9.09526e+00 -8.48162e-01
348461.15 1.50664e-01 8.18318e+00 1.61834e+00
348462.16 -6.73571e-02 6.37163e+00 -1.17465e+00
348463.16 -6.92230e-02 7.02420e+00 1.10600e+00
348464.16 2.27709e-01 5.55708e+00 6.27422e-01
348465.16 -1.31593e-02 6.83136e+00 4.86390e-01
348466.16 1.61558e-02 6.27482e+00 -9.97066e-01
348467.17 1.23145e-01 5.63756e+00 1.42798e+00
348468.17 -1.73581e-02 4.89560e+00 5.96836e-01
348469.17 -1.18250e-02 5.28683e+00 -1.09107e-01
348470.17 5.65450e-02 4.83805e+00 -5.09495e-01
348471.17 4.15488e-02 4.86049e+00 -6.31277e-01
348472.18 4.93507e-02 3.98739e+00 4.38719e-01
348473.18 6.65657e-02 4.44111e+00 1.15560e+00
348474.18 -4.17918e-02 3.34180e+00 -5.12960e-01
348475.18 -2.26175e-03 3.69505e+00 -7.61757e-01
348476.19 6.05400e-02 2.63116e+00 -1.46830e-01
348477.19 5.16196e-02 3.44335e+00 -2.87207e-01
348478.19 8.04015e-02 3.22512e+00 2.49790e-01
348479.19 -7.04618e-02 4.00345e+00 1.29299e+00
348480.19 -6.24975e-03 2.15925e+00 -2.45212e-02
348481.20 8.28977e-02 3.08014e+00 -9.61913e-03
348482.20 1.21995e-01 2.53339e+00 -7.87410e-01
348483.20 2.69761e-02 2.59157e+00 -6.11061e-01
348484.20 -1.61350e-01 2.66953e+00 -4.09309e-01
348485.20 4.74438e-03 2.42731e+00 1.12671e+00
348486.21 1.28461e-01 1.90392e+00 5.34413e-01
348487.21 8.29246e-02 2.77468e+00 1.04691e-01
348488.21 -2.21981e-02 1.46271e+00 -6.28402e-01
348489.21 -1.01543e-01 1.63511e+00 -7.50831e-01
348490.21 -3.07038e-02 1.06339e+00 -1.78389e-01
348491.22 1.53648e-01 1.88682e+00 5.18601e-01
348492.22 2.65884e-02 1.60006e+00 4.16175e-01
348493.22 -1.91431e-02 1.65711e+00 3.79309e-02
348494.22 -5.27847e-02 8.21770e-01 2.40777e-01
348495.23 -2.97737e-02 1.73929e+00 -1.17152e+00
348496.23 8.48501e-02 9.70340e-01 3.80995e-02
348497.23 8.34193e-02 1.41951e+00 7.03300e-02
348498.23 -6.45199e-02 9.45535e-01 -9.68523e-02
348499.23 -5.68159e-02 1.48357e+00 5.39192e-01
348500.24 4.44221e-02 7.61382e-01 8.87216e-02
348501.24 4.28018e-02 1.35549e+00 3.27766e-01
348502.24 4.99050e-02 6.12512e-01 -4.76683e-01
348503.24 -7.70484e-02 1.03592e+00 -3.66528e-01
348504.24 2.85011e-02 7.21250e-01 -6.52647e-01
348505.25 2.71923e-03 8.52874e-01 6.96455e-01
348506.25 4.14171e-02 7.89308e-01 5.32970e-01
348507.25 8.21251e-03 1.32023e+00 4.44879e-01
348508.25 -4.11705e-02 6.31005e-01 -3.84626e-01
348509.26 1.10366e-02 1.01704e+00 -3.32716e-01
348510.26 7.57858e-02 3.43170e-01 1.34705e-01
348511.26 -6.11841e-02 1.05897e+00 4.37835e-01
348512.26 2.76646e-02 7.83838e-02 -6.34816e-02
348513.26 2.70749e-02 8.95096e-01 -1.15196e-01
348514.27 -5.01708e-02 4.39440e-01 1.35624e-01
348515.27 6.42124e-02 6.82782e-01 -2.51789e-01
348516.27 -3.13845e-02 3.67048e-01 3.67280e-01
348517.27 2.49791e-02 9.96111e-01 2.21981e-02
348518.27 -8.23722e-04 5.27014e-01 -2.29043e-01
348519.28 3.10705e-02 9.27295e-01 -2.10585e-01
348520.28 -2.05430e-03 4.00489e-01 -3.15862e-01
348521.28 -2.49080e-02 5.33185e-01 2.30057e-01
348522.28 1.41671e-02 -2.48777e-01 2.57092e-01
348523.28 5.97123e-04 6.17540e-01 -2.37991e-01
348524.29 6.78174e-02 3.97214e-01 -3.94396e-01
348525.29 -9.04589e-02 4.81537e-01 1.22493e-01
348526.29 4.16598e-02 2.13080e-01 1.87380e-01
348527.29 -2.97899e-02 6.10445e-01 -3.38371e-01
348528.30 6.17108e-02 1.73999e-01 -2.54300e-01
348529.30 2.61917e-02 7.78624e-01 2.87138e-01
348530.30 -5.72371e-02 1.30937e-02 -2.53316e-01
348531.30 -7.01402e-02 6.95426e-01 3.59152e-01
348532.30 7.10077e-02 -1.97714e-02 -3.44328e-01
348533.31 3.46150e-02 7.18118e-01 -1.67380e-01
348534.31 -6.66997e-03 1.72823e-01 1.12883e-02
348535.31 -2.39877e-02 4.22167e-01 1.19631e-01
348536.31 -1.78457e-02 -1.21449e-01 4.33974e-01
348537.31 -7.29992e-03 2.47886e-01 -1.90282e-01
348538.32 9.75605e-02 -9.20504e-02 1.16746e-01
348539.32 5.23814e-03 6.88988e-01 -5.38304e-02
348540.32 -8.72417e-02 3.43677e-02 1.86988e-01
348541.32 -6.53600e-03 6.02347e-01 -1.77379e-01
348542.32 3.26108e-02 -1.08358e-01 -4.11592e-01
348543.33 6.83041e-03 4.23620e-01 8.33861e-01
348544.33 3.53938e-03 5.62419e-02 2.83445e-01
348545.33 -1.99234e-02 3.41619e-01 -3.43948e-01
348546.33 -3.69335e-02 -1.77981e-01 -5.41399e-01
348547.34 2.32767e-02 5.52418e-01 2.32130e-01
348548.34 8.50360e-02 8.26105e-02 4.07287e-01
348549.34 -7.46711e-02 4.14552e-01 3.72532e-01
348550.34 -9.17352e-02 -5.49231e-01 4.63554e-02
348551.34 -3.14735e-03 6.47682e-01 -4.17086e-02
348552.35 8.51516e-03 -1.77942e-01 9.91369e-02
348553.35 9.11360e-02 3.27195e-01 1.57507e-03
348554.35 -1.73049e-02 -1.75696e-01 4.15891e-02
348555.35 -6.23816e-02 4.77123e-01 4.79018e-03
348556.35 -5.11778e-02 -1.80913e-01 -3.04856e-02
348557.36 8.49184e-02 2.78264e-01 6.18426e-02
348558.36 4.75164e-02 -1.48827e-01 2.76025e-01
348559.36 -5.48644e-02 4.06569e-01 -1.63137e-01
348560.36 -2.63488e-02 1.00515e-02 -5.20764e-01
348561.37 -1.65788e-03 3.16597e-01 2.55918e-01
348562.37 3.59230e-02 -2.02777e-01 -1.75683e-02
348563.37 1.60129e-02 3.25119e-01 5.21796e-02
348564.37 -3.30331e-02 -7.45252e-02 -1.64356e-01
348565.37 -3.58532e-03 2.63581e-01 -5.26483e-02
348566.38 -2.44349e-02 -1.39937e-01 -3.98933e-01
348567.38 5.69159e-02 4.69729e-01 -4.41500e-03
348568.38 -8.01510e-03 -3.40991e-02 3.67009e-02
348569.38 -1.11447e-02 4.38274e-01 -1.80052e-01
348570.38 -1.02182e-02 -1.01224e-02 -2.20497e-01
348571.39 8.78924e-03 2.17860e-01 8.83642e-02
348572.39 1.36338e-02 -3.23490e-01 3.68077e-03
348573.39 1.14807e-02 3.12578e-01 4.36483e-03
348574.39 -3.77404e-02 -1.03284e-01 1.67972e-01
348575.39 -6.00335e-03 2.85591e-01 -4.10163e-02
348576.40 2.91365e-02 -1.78268e-01 2.78877e-01
348577.40 1.62704e-02 4.31397e-01 -1.36900e-01
348578.40 -2.43797e-02 -1.11723e-01 -4.25622e-02
348579.40 -1.70218e-02 1.57554e-01 1.31990e-01
348580.41 -3.04493e-03 -3.18020e-01 3.87069e-02
348581.41 2.88164e-02 3.24133e-01 2.14599e-01
348582.41 5.81933e-04 -2.26398e-01 -1.77738e-01
348583.41 2.80088e-04 3.45529e-01 3.23188e-02
348584.41 -2.87954e-02 -2.96886e-01 -1.08970e-01
348585.42 -4.55092e-03 2.57752e-01 1.48274e-01
348586.42 4.41846e-02 -3.06109e-01 -1.60343e-01
348587.42 1.03432e-02 3.49964e-01 1.53693e-01
348588.42 -3.00661e-02 -2.08988e-01 -8.11270e-02
348589.42 -7.74515e-03 2.33266e-01 4.10608e-02
348590.43 -2.73552e-02 -3.42034e-02 2.24863e-03
348591.43 6.95934e-02 3.93533e-01 9.01268e-02
348592.43 5.04891e-03 -1.87509e-01 1.94228e-02
348593.43 -2.49105e-02 2.91335e-01 9.94583e-02
348594.43 -3.26289e-02 -1.38092e-01 -4.06252e-02
348595.44 8.70992e-03 4.64479e-01 -2.84400e-02
348596.44 2.54237e-02 -2.73442e-01 8.50326e-02
348597.44 1.15959e-02 1.48041e-01 -1.13550e-01
348598.44 -6.15319e-03 -5.10986e-02 -7.64309e-02
348599.45 -3.78606e-02 3.41930e-01 2.80267e-01
348600.45 1.42494e-02 -2.14595e-01 5.82771e-02
348601.45 2.91046e-02 1.83576e-01 -1.78472e-02
348602.45 4.67849e-04 -4.30104e-02 4.80922e-02
348603.45 -1.05370e-02 3.63491e-01 -2.50135e-03
348604.46 -3.18640e-02 -1.03753e-01 -4.51654e-02
348605.46 2.41333e-02 2.82883e-01 7.88437e-02
348606.46 -1.00218e-02 -2.26997e-01 7.03752e-03
348607.46 3.74979e-02 -2.03955e-03 1.44903e-01
348608.46 -3.76859e-02 -2.49437e-01 -1.24710e-01
348609.47 1.06314e-03 2.83322e-01 -3.36478e-03
348610.47 9.04500e-03 -1.40366e-02 6.52419e-02
348611.47 -3.12932e-04 2.66110e-01 1.93919e-01
348612.47 4.83221e-03 -2.99053e-01 1.19931e-01
348613.48 -6.08292e-03 2.32053e-01 -1.86760e-01
348614.48 5.63241e-03 -7.70456e-02 -2.37784e-02
348615.48 -2.07457e-02 1.90485e-01 -6.53681e-02
348616.48 2.62731e-02 -6.97320e-02 4.77126e-02
348617.48 -1.02983e-02 2.90898e-01 6.77132e-02
348618.49 3.82682e-03 -2.03434e-01 -1.53602e-01
348619.49 1.48625e-02 2.41373e-01 -1.30929e-01
348620.49 -2.08932e-02 -5.63484e-02 3.69677e-02
348621.49 9.19435e-03 1.77996e-01 2.17269e-01
348622.49 -1.18678e-02 -2.07698e-01 -2.40984e-02
348623.50 2.54544e-02 1.59690e-01 -6.51042e-03
348624.50 -1.44606e-02 -2.07330e-01 -9.30894e-02
348625.50 3.49593e-05 2.76495e-01 1.00241e-01
348626.50 -5.25060e-03 -1.74619e-01 1.25368e-03
348627.50 8.94172e-03 1.41198e-01 -2.84275e-02
348628.51 1.56683e-02 -1.94583e-01 -7.51816e-02
348629.51 -1.05578e-02 3.26616e-01 1.44163e-01
348630.51 -3.62604e-03 -1.86272e-01 9.71815e-03
348631.51 -1.68474e-02 1.03135e-01 6.05611e-02
348632.52 -1.79824e-03 -1.79761e-01 -4.31538e-02
348633.52 1.80256e-02 1.68859e-01 -1.15042e-01
348634.52 -1.90065e-02 -2.60081e-01 -1.64645e-01
348635.52 1.26852e-02 3.48565e-01 1.94304e-02
348636.52 -4.71136e-03 -6.69739e-02 5.12130e-03
348637.53 5.47801e-03 2.31780e-01 -3.23822e-02
348638.53 2.72163e-03 -1.34540e-01 1.02732e-01
348639.53 -2.13452e-04 2.53303e-01 1.03247e-01
348640.53 -8.35046e-03 -2.51227e-01 -1.13251e-01
348641.53 -9.92035e-03 1.96806e-01 2.75297e-02
348642.54 3.20006e-02 -2.37202e-01 -1.33053e-01
348643.54 -1.23962e-02 2.02347e-01 2.31755e-01
348644.54 2.71476e-03 -2.26861e-01 8.84442e-02
348645.54 -2.36687e-02 1.42658e-01 -1.75865e-01
348646.54 2.30039e-02 -1.94960e-01 -1.87109e-01
348647.55 -6.01874e-03 1.49131e-01 1.04990e-01
348648.55 9.91531e-03 -2.07303e-01 -1.05783e-01
348649.55 -5.05663e-03 2.59541e-01 1.26063e-01
348650.55 -1.02424e-02 -2.25839e-01 -8.08000e-02
348651.56 7.37572e-03 9.16141e-02 -5.25390e-02
348652.56 1.22538e-02 -1.20066e-01 -4.58006e-02
348653.56 -7.34579e-03 2.03519e-01 2.80570e-02
348654.56 -5.48130e-03 -2.44672e-01 -6.82884e-02
348655.56 2.08066e-03 2.34656e-01 -6.51062e-02
348656.57 -3.11992e-03 -1.01215e-01 9.02265e-02
348657.57 9.70947e-03 2.25769e-01 3.81745e-02
348658.57 4.53382e-03 -2.02192e-01 1.63271e-01
348659.57 -1.47293e-02 7.93745e-02 -1.09355e-01
348660.57 -8.66781e-03 -2.70690e-01 -8.33863e-02
348661.58 1.15822e-02 2.17307e-01 1.22305e-01
348662.58 -6.89478e-03 -1.88992e-01 -4.41105e-02
348663.58 1.25988e-02 1.39226e-01 -5.57407e-03
348664.58 -1.74488e-02 -9.12339e-02 -2.48086e-03
348665.59 1.86973e-02 1.89138e-01 -6.09062e-02
348666.59 -2.33143e-02 -1.99233e-01 2.51241e-03
348667.59 2.28050e-02 1.47658e-01 1.24907e-01
348668.59 -2.35326e-02 -1.56965e-01 -5.23006e-02
348669.59 2.16025e-02 2.70909e-01 -4.01024e-02
348670.60 -5.21940e-03 -7.13750e-02 -2.02879e-01
348671.60 1.81365e-02 1.53896e-01 -1.01402e-01
348672.60 -1.54355e-02 -7.10278e-02 2.04936e-03
348673.60 -3.24820e-03 9.83721e-02 1.83225e-02
348674.60 5.81358e-03 -7.09800e-02 3.38533e-02
348675.61 7.50239e-03 1.45683e-01 -7.36134e-02
348676.61 2.31829e-03 -1.54733e-01 1.20995e-01
348677.61 -1.47892e-02 1.22198e-01 -1.48161e-03
348678.61 9.23909e-03 -1.25288e-01 5.19130e-02
348679.61 1.46442e-03 1.36797e-01 -9.89897e-02
348680.62 7.13671e-03 -2.01692e-01 -1.11919e-01
348681.62 -8.05271e-03 1.48804e-01 3.98039e-03
348682.62 -1.85950e-02 -1.52309e-01 1.32431e-01
348683.62 -9.36383e-03 1.77675e-01 -4.03212e-03
348684.63 3.29880e-02 -1.40799e-01 2.37440e-02
348685.63 -3.12786e-03 1.10606e-01 -6.62473e-02
348686.63 -3.21999e-03 -1.20684e-01 -1.86236e-01
348687.63 -2.39299e-02 1.39132e-01 1.08427e-01
348688.63 1.59823e-02 -1.68983e-01 -7.28675e-02
348689.64 5.61042e-03 2.26020e-01 2.00046e-01
348690.64 1.02489e-02 -1.62813e-01 -1.35484e-01
348691.64 -1.81758e-02 1.24240e-01 1.24310e-01
348692.64 -1.03677e-02 -1.36066e-01 -3.08102e-02
348693.64 7.55720e-03 1.20983e-01 1.00477e-01
348694.65 1.23031e-02 -6.54466e-02 7.53039e-02
348695.65 8.53962e-03 1.99167e-01 -8.43746e-02
348696.65 -1.88708e-02 -1.01381e-01 4.05950e-02
348697.65 -7.23113e-03 9.55946e-02 -3.08784e-02
348698.65 1.27112e-02 -2.14987e-01 -7.40839e-03
348699.66 2.74184e-02 1.75887e-01 -5.93818e-02
348700.66 -7.75479e-03 -9.36394e-02 3.72326e-02
348701.66 -5.43448e-03 1.14336e-01 -6.30597e-02
348702.66 -2.09419e-02 -3.24300e-01 5.77481e-02
348703.67 1.50564e-02 9.63183e-02 4.64750e-02
348704.67 2.16326e-02 -3.16241e-02 3.26243e-02
348705.67 -2.19893e-02 2.18969e-01 1.69176e-01
348706.67 -3.44474e-02 -1.65684e-01 -7.89661e-02
348707.67 1.59454e-03 1.12787e-01 -1.41165e-01
348708.68 2.11477e-02 -1.48236e-01 -1.41328e-01
348709.68 1.81290e-02 1.46430e-01 7.22860e-02
348710.68 -1.21406e-02 -7.27241e-02 -6.01527e-02
348711.68 -2.44868e-02 1.21123e-01 1.03482e-01
348712.68 2.97778e-03 -1.38696e-01 -6.32138e-02
348713.69 3.24828e-02 7.31191e-02 7.35241e-02
348714.69 -5.95427e-04 -1.31725e-01 8.62584e-02
348715.69 -8.89692e-03 4.82031e-02 2.48059e-03
348716.69 -3.19713e-02 -1.37775e-01 -1.30196e-01
348717.70 2.35536e-02 1.89849e-01 -1.25615e-01
348718.70 1.82540e-02 -5.48790e-02 6.69449e-02
348719.70 1.35598e-02 7.72144e-02 2.40948e-02
348720.70 -1.91125e-02 -1.32279e-01 1.17002e-01
348721.70 -2.11402e-02 1.20713e-01 -1.82814e-01
348722.71 5.65099e-03 -5.99525e-02 -7.50721e-02
348723.71 2.61271e-02 1.45130e-01 -5.93220e-03
348724.71 2.49645e-03 2.28741e-03 1.03684e-01
348725.71 -2.67740e-02 1.94498e-01 1.79714e-01
348726.71 -2.37359e-03 -1.25578e-01 -1.71630e-02
348727.72 1.58516e-02 9.07025e-02 -7.15184e-02
348728.72 2.14276e-03 -7.61901e-02 -1.89915e-01
348729.72 -9.32399e-03 7.04193e-02 1.51048e-01
348730.72 -2.61598e-04 -7.10214e-02 -1.70517e-01
348731.72 3.25141e-02 8.10898e-03 4.00968e-02
348732.73 4.56042e-02 -1.21512e-01 -1.47351e-01
348733.73 4.18154e-02 6.03291e-03 -7.68874e-02
348734.73 -1.27941e-02 -1.30280e-02 1.39216e-02
348735.73 -2.83542e-02 8.24702e-02 2.16990e-01
348736.74 1.49794e-02 -1.36888e-01 4.54497e-02
348737.74 5.43733e-02 -6.27699e-02 2.89737e-02
348738.74 1.55182e-02 4.49219e-02 1.37185e-01
348739.74 -3.80401e-02 2.55019e-02 1.08038e-01
348740.74 -6.00071e-02 -5.09233e-02 -5.59737e-02
348741.75 -5.56827e-02 2.46507e-01 9.89050e-02
348742.75 2.74275e-02 -9.87509e-02 9.77670e-02
348743.75 8.35559e-03 9.69312e-02 -1.20098e-02
348744.75 7.54874e-03 -1.10211e-01 6.30319e-03
348745.75 -3.45538e-02 7.30867e-02 -1.52167e-01
348746.76 4.78039e-03 1.75261e-03 -1.55328e-02
348747.76 9.88955e-03 6.39444e-02 -1.36125e-01
348748.76 9.56177e-03 -1.33384e-01 6.65584e-02
348749.76 -5.83534e-03 7.23509e-02 -5.08827e-02
348750.76 -1.42366e-02 1.94516e-03 -6.26735e-02
348751.77 1.17289e-04 3.81733e-02 1.29836e-02
348752.77 -2.42678e-03 -1.83724e-02 -3.62101e-02
348753.77 6.52038e-03 6.57881e-02 -3.94698e-02
348754.77 4.73179e-03 -1.39833e-01 -4.40362e-03
348755.78 -4.43178e-03 4.64993e-02 -6.18542e-02
348756.78 -2.57808e-03 -3.05265e-02 4.05765e-02
348757.78 2.45816e-03 9.25987e-02 9.99888e-03
348758.78 -5.82528e-03 -3.19565e-02 2.36188e-02
348759.78 1.47238e-02 -7.19874e-04 -4.45604e-02
348760.79 -9.50041e-03 -7.87526e-02 5.48838e-02
348761.79 -2.59659e-03 4.12521e-02 1.67898e-02
348762.79 3.30975e-04 -7.60743e-02 -7.17068e-03
348763.79 -3.14664e-03 3.19617e-02 7.74824e-02
348764.79 -1.08675e-02 -3.33115e-02 5.29822e-02
348765.80 1.50809e-02 5.94630e-02 -1.06935e-01
348766.80 -2.98102e-02 -5.30402e-02 -1.17908e-01
348767.80 4.86845e-03 2.12808e-02 1.53759e-01
348768.80 1.20295e-02 -4.53147e-02 7.60048e-02
348769.80 6.37673e-03 8.09199e-02 1.41150e-02
348770.81 -7.11295e-03 -4.28090e-02 -9.71910e-02
348771.81 -3.57346e-03 1.31697e-01 -3.65779e-02
348772.81 3.14011e-03 -2.94144e-02 -4.91886e-03
348773.81 -9.49032e-03 3.49899e-02 1.31297e-01
348774.82 1.43115e-02 -5.40644e-02 -2.18762e-02
348775.82 -5.67893e-04 9.38578e-02 -5.80125e-02
348776.82 -1.00178e-03 -5.66293e-02 1.38699e-03
348777.82 1.71782e-04 5.11912e-02 -4.44648e-02
348778.82 -1.11365e-02 -1.22125e-01 2.37504e-02
348779.83 -8.49811e-03 -7.27170e-03 7.95919e-02
348780.83 1.91930e-02 -3.81070e-02 -1.61875e-02
348781.83 -1.22974e-02 6.58717e-02 -1.34640e-02
348782.83 5.64066e-03 -1.01642e-01 5.31101e-02
348783.83 -1.33300e-02 -9.64771e-03 -4.62861e-02
348784.84 3.65481e-03 -3.98580e-02 -2.15026e-02
348785.84 -3.38207e-03 3.41108e-02 2.93773e-02
348786.84 2.72139e-03 2.88419e-02 7.62231e-02
348787.84 2.81137e-03 6.94155e-02 8.87642e-04
348788.85 6.61987e-04 -3.89785e-02 -3.17219e-02
348789.85 -1.20164e-03 -4.45328e-03 -2.56172e-02
348790.85 1.80934e-03 -7.63316e-02 -4.22967e-02
348791.85 3.18847e-04 2.89177e-02 -1.23103e-02
348792.85 -5.91633e-04 7.61938e-03 6.52193e-02
348793.86 -1.37812e-03 4.06390e-02 6.56584e-02
348794.86 1.92364e-03 3.95908e-02 -3.64258e-02
348795.86 -6.71705e-03 4.35866e-02 -6.13172e-02
348796.86 8.56724e-03 -2.29350e-02 -3.04662e-02
348797.86 -1.28310e-03 5.52158e-02 1.27993e-02
348798.87 -1.74899e-03 -4.68518e-02 -5.27425e-02
348799.87 1.87371e-04 1.54220e-02 1.06888e-01
348800.87 -1.11301e-02 -2.20242e-02 7.95330e-02
348801.87 6.46235e-03 2.06785e-02 -1.02050e-02
348802.87 -4.64257e-03 3.49246e-03 -3.87707e-02
348803.88 4.42841e-03 4.70560e-02 4.23817e-03
348804.88 -4.10851e-03 -4.85984e-02 -4.86774e-02
348805.88 2.43905e-04 9.74833e-03 1.91884e-02
348806.88 -2.79009e-03 -2.49913e-02 3.00159e-02
348807.89 -2.48226e-04 1.12343e-02 1.15958e-02
348808.89 9.92817e-04 1.51491e-02 2.81093e-02
348809.89 1.09013e-03 9.64879e-02 -3.30106e-02
348810.89 -1.17188e-02 -1.28593e-02 -8.81813e-03
348811.89 7.64813e-03 -4.29389e-02 -2.87913e-02
348812.90 -4.00816e-03 -1.53076e-02 -6.92424e-02
348813.90 6.88922e-03 4.78050e-02 4.27262e-02
348814.90 -5.32555e-03 -6.52374e-03 8.96476e-02
348815.90 -3.97327e-03 -2.20128e-02 -2.22623e-02
348816.90 3.32340e-03 -8.48424e-04 -1.03187e-01
348817.91 1.04003e-02 -1.45405e-02 -2.97942e-02
348818.91 -8.92347e-04 -2.19611e-02 2.70889e-02
348819.91 2.71483e-03 9.44332e-02 5.88806e-02
348820.91 6.48316e-03 -3.53222e-02 5.68473e-03
348821.91 3.39297e-04 4.19351e-02 -2.97393e-03
348822.92 9.90468e-04 -2.37818e-02 -1.55064e-02
348823.92 -2.58973e-03 5.68163e-02 -6.63744e-03
348824.92 -8.19222e-03 -3.83970e-02 3.65531e-02
348825.92 6.65185e-03 1.93843e-04 5.87974e-02
348826.93 7.80315e-03 -3.08245e-02 -3.54668e-02
348827.93 -2.35120e-03 2.28071e-02 -4.08236e-02
348828.93 -4.24783e-03 3.10326e-02 -4.15616e-02
348829.93 -1.50497e-02 5.40545e-02 4.74519e-02
348830.93 3.11624e-03 9.96842e-03 -1.73528e-02
348831.94 1.24154e-03 1.66994e-02 -2.59470e-02
348832.94 3.71366e-03 -2.51372e-02 -1.84408e-02
348833.94 -4.10701e-03 -5.81630e-03 2.51710e-02
348834.94 -5.22268e-03 -1.95270e-02 2.58834e-02
348835.94 5.68022e-03 4.02055e-02 6.76802e-02
348836.95 5.58462e-03 -7.47248e-02 -6.72492e-02
348837.95 6.23112e-03 -2.71974e-02 8.36881e-04
348838.95 -9.44023e-03 4.04621e-02 -5.12868e-02
348839.95 1.94216e-04 1.67239e-02 4.50786e-02
348840.96 -1.06566e-02 1.96015e-02 -3.77471e-03
348841.96 1.67105e-03 -1.51572e-02 2.09193e-03
348842.96 1.37787e-03 -2.43543e-02 7.00875e-03
348843.96 -9.89684e-03 8.23548e-03 -5.18692e-02
348844.96 4.82287e-03 -1.39893e-02 2.60169e-02
348845.97 3.43894e-04 1.23726e-03 1.02028e-03
348846.97 -2.93771e-03 -1.42988e-02 2.90321e-02
348847.97 -1.02480e-02 -1.08473e-02 -1.11140e-02
348848.97 8.09743e-03 -8.39325e-03 -1.03168e-01
348849.97 -8.52369e-04 -7.28230e-03 3.56556e-02
348850.98 -5.83669e-03 -1.99160e-02 2.04272e-03
348851.98 -1.73644e-03 -1.31314e-03 6.91587e-03
348852.98 6.25926e-03 -4.76820e-04 2.70166e-02
348853.98 -3.18362e-03 1.97609e-02 4.93741e-02
348854.98 -4.98482e-04 6.39485e-03 -1.92904e-02
348855.99 5.46470e-03 1.32602e-03 -5.30226e-02
348856.99 -3.71347e-03 -5.41825e-02 -1.86801e-02
348857.99 -3.78153e-03 -1.93938e-02 -1.48648e-02
348858.99 -2.22865e-03 4.65262e-02 -8.42579e-02
348860.00 4.42706e-03 -9.83030e-03 -3.17737e-03
348861.00 2.33644e-03 -3.48156e-02 8.48853e-03
348862.00 -3.00698e-03 -1.32379e-02 4.22017e-02
348863.00 -8.82845e-03 5.41580e-03 2.77922e-03
348864.00 4.64800e-03 3.90268e-02 -1.95664e-02
348865.01 6.13900e-03 2.03500e-02 7.45568e-03
348866.01 2.90760e-03 1.17524e-02 1.29126e-02
348867.01 -6.48691e-03 -1.62314e-02 7.80153e-02
348868.01 -6.49012e-03 2.26277e-02 7.58719e-02
348869.01 2.43905e-03 -2.55791e-02 1.04154e-02
348870.02 5.91760e-03 2.64670e-02 -6.37526e-02
348871.02 -2.59578e-03 -2.21281e-02 -8.46617e-02
348872.02 -1.61961e-02 -5.06853e-03 1.19351e-02
348873.02 -6.16209e-03 8.39716e-03 3.75896e-02
348874.02 2.24192e-03 -9.20616e-04 -2.12624e-02
348875.03 4.31152e-03 -3.20133e-02 -5.81617e-02
348876.03 3.46688e-03 2.29915e-02 -2.52818e-02
348877.03 -7.01385e-03 -9.84326e-03 -1.98166e-03
348878.03 -2.89424e-03 2.71378e-02 5.11174e-02
348879.04 2.58244e-03 -4.07206e-02 1.41495e-02
348880.04 1.07728e-02 9.82991e-02 -3.85571e-02
348881.04 1.32675e-03 -4.60273e-02 -3.12967e-03
348882.04 -1.09175e-02 3.35728e-02 3.10762e-02
348883.04 -4.75203e-03 -9.56686e-02 -5.46251e-04
348884.05 4.99870e-03 6.76097e-02 -3.32255e-02
