178360.50	0.000e+00	0.000e+00	0.000e+00
178361.50	0.000e+00	0.000e+00	0.000e+00
178362.50	0.000e+00	0.000e+00	0.000e+00
178363.50	0.000e+00	0.000e+00	0.000e+00
178364.50	0.000e+00	0.000e+00	0.000e+00
178365.50	0.000e+00	0.000e+00	0.000e+00
178366.50	0.000e+00	0.000e+00	0.000e+00
178367.50	0.000e+00	0.000e+00	0.000e+00
178368.50	0.000e+00	0.000e+00	0.000e+00
178369.50	0.000e+00	0.000e+00	0.000e+00
178370.50	0.000e+00	0.000e+00	0.000e+00
178371.50	0.000e+00	0.000e+00	0.000e+00
178372.50	0.000e+00	0.000e+00	0.000e+00
178373.50	0.000e+00	0.000e+00	0.000e+00
178374.50	0.000e+00	0.000e+00	0.000e+00
178375.50	0.000e+00	0.000e+00	0.000e+00
178376.50	0.000e+00	0.000e+00	0.000e+00
178377.50	0.000e+00	0.000e+00	0.000e+00
178378.50	0.000e+00	0.000e+00	0.000e+00
178379.50	0.000e+00	0.000e+00	0.000e+00
178380.50	0.000e+00	0.000e+00	0.000e+00
178381.50	0.000e+00	0.000e+00	0.000e+00
178382.50	0.000e+00	0.000e+00	0.000e+00
178383.50	0.000e+00	0.000e+00	0.000e+00
178384.50	0.000e+00	0.000e+00	0.000e+00
178385.50	0.000e+00	0.000e+00	0.000e+00
178386.50	0.000e+00	0.000e+00	0.000e+00
178387.50	0.000e+00	0.000e+00	0.000e+00
178388.50	0.000e+00	0.000e+00	0.000e+00
178389.50	0.000e+00	0.000e+00	0.000e+00
178390.50	0.000e+00	0.000e+00	0.000e+00
178391.50	0.000e+00	0.000e+00	0.000e+00
178392.50	0.000e+00	0.000e+00	0.000e+00
178393.50	0.000e+00	0.000e+00	0.000e+00
178394.50	0.000e+00	0.000e+00	0.000e+00
178395.50	0.000e+00	0.000e+00	0.000e+00
178396.50	0.000e+00	0.000e+00	0.000e+00
178397.50	0.000e+00	0.000e+00	0.000e+00
178398.50	0.000e+00	0.000e+00	0.000e+00
178399.50	0.000e+00	0.000e+00	0.000e+00
178400.50	0.000e+00	0.000e+00	0.000e+00
178401.50	0.000e+00	0.000e+00	0.000e+00
178402.50	0.000e+00	0.000e+00	0.000e+00
178403.50	0.000e+00	0.000e+00	0.000e+00
178404.50	0.000e+00	0.000e+00	0.000e+00
178405.50	0.000e+00	0.000e+00	0.000e+00
178406.50	0.000e+00	0.000e+00	0.000e+00
178407.50	0.000e+00	0.000e+00	0.000e+00
178408.50	0.000e+00	0.000e+00	0.000e+00
178409.50	0.000e+00	0.000e+00	0.000e+00
178410.50	0.000e+00	0.000e+00	0.000e+00
178411.50	0.000e+00	0.000e+00	0.000e+00
178412.50	0.000e+00	0.000e+00	0.000e+00
178413.50	0.000e+00	0.000e+00	0.000e+00
178414.50	0.000e+00	0.000e+00	0.000e+00
178415.50	0.000e+00	0.000e+00	0.000e+00
178416.50	0.000e+00	0.000e+00	0.000e+00
178417.50	0.000e+00	0.000e+00	0.000e+00
178418.50	0.000e+00	0.000e+00	0.000e+00
178419.50	0.000e+00	0.000e+00	0.000e+00
178420.50	0.000e+00	0.000e+00	0.000e+00
178421.50	0.000e+00	0.000e+00	0.000e+00
178422.50	0.000e+00	0.000e+00	0.000e+00
178423.50	0.000e+00	0.000e+00	0.000e+00
178424.50	0.000e+00	0.000e+00	0.000e+00
178425.50	0.000e+00	0.000e+00	0.000e+00
178426.50	0.000e+00	0.000e+00	0.000e+00
178427.50	0.000e+00	0.000e+00	0.000e+00
178428.50	0.000e+00	0.000e+00	0.000e+00
178429.50	0.000e+00	0.000e+00	0.000e+00
178430.50	0.000e+00	0.000e+00	0.000e+00
178431.50	0.000e+00	0.000e+00	0.000e+00
178432.50	0.000e+00	0.000e+00	0.000e+00
178433.50	0.000e+00	0.000e+00	0.000e+00
178434.50	0.000e+00	0.000e+00	0.000e+00
178435.50	0.000e+00	0.000e+00	0.000e+00
178436.50	0.000e+00	0.000e+00	0.000e+00
178437.50	0.000e+00	0.000e+00	0.000e+00
178438.50	0.000e+00	0.000e+00	0.000e+00
178439.50	0.000e+00	0.000e+00	0.000e+00
178440.50	0.000e+00	0.000e+00	0.000e+00
178441.50	0.000e+00	0.000e+00	0.000e+00
178442.50	0.000e+00	0.000e+00	0.000e+00
178443.50	0.000e+00	0.000e+00	0.000e+00
178444.50	0.000e+00	0.000e+00	0.000e+00
178445.50	0.000e+00	0.000e+00	0.000e+00
178446.50	0.000e+00	0.000e+00	0.000e+00
178447.50	0.000e+00	0.000e+00	0.000e+00
178448.50	0.000e+00	0.000e+00	0.000e+00
178449.50	0.000e+00	0.000e+00	0.000e+00
178450.50	0.000e+00	0.000e+00	0.000e+00
178451.50	0.000e+00	0.000e+00	0.000e+00
178452.50	0.000e+00	0.000e+00	0.000e+00
178453.50	0.000e+00	0.000e+00	0.000e+00
178454.50	0.000e+00	0.000e+00	0.000e+00
178455.50	0.000e+00	0.000e+00	0.000e+00
178456.50	0.000e+00	0.000e+00	0.000e+00
178457.50	0.000e+00	0.000e+00	0.000e+00
178458.50	0.000e+00	0.000e+00	0.000e+00
178459.50	0.000e+00	0.000e+00	0.000e+00
178460.50	0.000e+00	0.000e+00	0.000e+00
178461.50	0.000e+00	0.000e+00	0.000e+00
178462.50	0.000e+00	0.000e+00	0.000e+00
178463.50	0.000e+00	0.000e+00	0.000e+00
178464.50	0.000e+00	0.000e+00	0.000e+00
178465.50	0.000e+00	0.000e+00	0.000e+00
178466.50	0.000e+00	0.000e+00	0.000e+00
178467.50	0.000e+00	0.000e+00	0.000e+00
178468.50	0.000e+00	0.000e+00	0.000e+00
178469.50	0.000e+00	0.000e+00	0.000e+00
178470.50	0.000e+00	0.000e+00	0.000e+00
178471.50	0.000e+00	0.000e+00	0.000e+00
178472.50	0.000e+00	0.000e+00	0.000e+00
178473.50	0.000e+00	0.000e+00	0.000e+00
178474.50	0.000e+00	0.000e+00	0.000e+00
178475.50	0.000e+00	0.000e+00	0.000e+00
178476.50	0.000e+00	0.000e+00	0.000e+00
178477.50	0.000e+00	0.000e+00	0.000e+00
178478.50	0.000e+00	0.000e+00	0.000e+00
178479.50	0.000e+00	0.000e+00	0.000e+00
178480.50	0.000e+00	0.000e+00	0.000e+00
178481.50	0.000e+00	0.000e+00	0.000e+00
178482.50	0.000e+00	0.000e+00	0.000e+00
178483.50	0.000e+00	0.000e+00	0.000e+00
178484.50	0.000e+00	0.000e+00	0.000e+00
178485.50	0.000e+00	0.000e+00	0.000e+00
178486.50	0.000e+00	0.000e+00	0.000e+00
178487.50	0.000e+00	0.000e+00	0.000e+00
178488.50	0.000e+00	0.000e+00	0.000e+00
178489.50	0.000e+00	0.000e+00	0.000e+00
178490.50	0.000e+00	0.000e+00	0.000e+00
178491.50	0.000e+00	0.000e+00	0.000e+00
178492.50	0.000e+00	0.000e+00	0.000e+00
178493.50	0.000e+00	0.000e+00	0.000e+00
178494.50	0.000e+00	0.000e+00	0.000e+00
178495.50	0.000e+00	0.000e+00	0.000e+00
178496.50	0.000e+00	0.000e+00	0.000e+00
178497.50	0.000e+00	0.000e+00	0.000e+00
178498.50	0.000e+00	0.000e+00	0.000e+00
178499.50	0.000e+00	0.000e+00	0.000e+00
178500.50	0.000e+00	0.000e+00	0.000e+00
178501.50	0.000e+00	0.000e+00	0.000e+00
178502.50	0.000e+00	0.000e+00	0.000e+00
178503.50	0.000e+00	0.000e+00	0.000e+00
178504.50	0.000e+00	0.000e+00	0.000e+00
178505.50	0.000e+00	0.000e+00	0.000e+00
178506.50	0.000e+00	0.000e+00	0.000e+00
178507.50	0.000e+00	0.000e+00	0.000e+00
178508.50	0.000e+00	0.000e+00	0.000e+00
178509.50	0.000e+00	0.000e+00	0.000e+00
178510.50	0.000e+00	0.000e+00	0.000e+00
178511.50	0.000e+00	0.000e+00	0.000e+00
178512.50	0.000e+00	0.000e+00	0.000e+00
178513.50	0.000e+00	0.000e+00	0.000e+00
178514.50	0.000e+00	0.000e+00	0.000e+00
178515.50	0.000e+00	0.000e+00	0.000e+00
178516.50	0.000e+00	0.000e+00	0.000e+00
178517.50	0.000e+00	0.000e+00	0.000e+00
178518.50	0.000e+00	0.000e+00	0.000e+00
178519.50	0.000e+00	0.000e+00	0.000e+00
178520.50	0.000e+00	0.000e+00	0.000e+00
178521.50	0.000e+00	0.000e+00	0.000e+00
178522.50	0.000e+00	0.000e+00	0.000e+00
178523.50	0.000e+00	0.000e+00	0.000e+00
178524.50	0.000e+00	0.000e+00	0.000e+00
178525.50	0.000e+00	0.000e+00	0.000e+00
178526.50	0.000e+00	0.000e+00	0.000e+00
178527.50	0.000e+00	0.000e+00	0.000e+00
178528.50	0.000e+00	0.000e+00	0.000e+00
178529.50	0.000e+00	0.000e+00	0.000e+00
178530.50	0.000e+00	0.000e+00	0.000e+00
178531.50	0.000e+00	0.000e+00	0.000e+00
178532.50	0.000e+00	0.000e+00	0.000e+00
178533.50	0.000e+00	0.000e+00	0.000e+00
178534.50	0.000e+00	0.000e+00	0.000e+00
178535.50	0.000e+00	0.000e+00	0.000e+00
178536.50	0.000e+00	0.000e+00	0.000e+00
178537.50	0.000e+00	0.000e+00	0.000e+00
178538.50	0.000e+00	0.000e+00	0.000e+00
178539.50	0.000e+00	0.000e+00	0.000e+00
178540.50	0.000e+00	0.000e+00	0.000e+00
178541.50	0.000e+00	0.000e+00	0.000e+00
178542.50	0.000e+00	0.000e+00	0.000e+00
178543.50	0.000e+00	0.000e+00	0.000e+00
178544.50	0.000e+00	0.000e+00	0.000e+00
178545.50	0.000e+00	0.000e+00	0.000e+00
178546.50	0.000e+00	0.000e+00	0.000e+00
178547.50	0.000e+00	0.000e+00	0.000e+00
178548.50	0.000e+00	0.000e+00	0.000e+00
178549.50	0.000e+00	0.000e+00	0.000e+00
178550.50	0.000e+00	0.000e+00	0.000e+00
178551.50	0.000e+00	0.000e+00	0.000e+00
178552.50	0.000e+00	0.000e+00	0.000e+00
178553.50	0.000e+00	0.000e+00	0.000e+00
178554.50	0.000e+00	0.000e+00	0.000e+00
178555.50	0.000e+00	0.000e+00	0.000e+00
178556.50	0.000e+00	0.000e+00	0.000e+00
178557.50	0.000e+00	0.000e+00	0.000e+00
178558.50	0.000e+00	0.000e+00	0.000e+00
178559.50	0.000e+00	0.000e+00	0.000e+00
178560.50	0.000e+00	0.000e+00	0.000e+00
178561.50	0.000e+00	0.000e+00	0.000e+00
178562.50	0.000e+00	0.000e+00	0.000e+00
178563.50	0.000e+00	0.000e+00	0.000e+00
178564.50	0.000e+00	0.000e+00	0.000e+00
178565.50	0.000e+00	0.000e+00	0.000e+00
178566.50	0.000e+00	0.000e+00	0.000e+00
178567.50	0.000e+00	0.000e+00	0.000e+00
178568.50	0.000e+00	0.000e+00	0.000e+00
178569.50	0.000e+00	0.000e+00	0.000e+00
178570.50	0.000e+00	0.000e+00	0.000e+00
178571.50	0.000e+00	0.000e+00	0.000e+00
178572.50	0.000e+00	0.000e+00	0.000e+00
178573.50	0.000e+00	0.000e+00	0.000e+00
178574.50	0.000e+00	0.000e+00	0.000e+00
178575.50	0.000e+00	0.000e+00	0.000e+00
178576.50	0.000e+00	0.000e+00	0.000e+00
178577.50	0.000e+00	0.000e+00	0.000e+00
178578.50	0.000e+00	0.000e+00	0.000e+00
178579.50	0.000e+00	0.000e+00	0.000e+00
178580.50	0.000e+00	0.000e+00	0.000e+00
178581.50	6.134e-07	1.670e-05	3.216e-06
178582.50	1.123e-05	2.698e-04	-9.197e-05
178583.50	-8.083e-06	-1.766e-04	1.411e-04
178584.50	-8.093e-06	8.621e-05	8.918e-04
178585.50	-2.707e-05	-6.845e-04	4.992e-04
178586.50	-3.302e-05	-5.962e-04	9.485e-04
178587.50	1.536e-05	4.858e-04	-1.382e-04
178588.50	9.245e-06	-3.283e-06	-5.827e-04
178589.50	-8.198e-05	-2.054e-03	5.798e-04
178590.50	-8.678e-04	-2.362e-02	1.430e-02
178591.50	4.234e-04	-3.581e-03	-1.037e-01
178592.50	-4.435e-02	-1.392e+00	-2.611e-01
178593.50	-6.605e-02	-1.853e+00	5.347e-01
178594.50	-6.250e-01	-1.834e+01	-5.789e-02
178595.50	-1.133e+00	-3.389e+01	-5.472e+00
178596.50	-2.333e+00	-6.518e+01	3.216e+00
178597.50	-3.629e+00	-9.984e+01	2.112e+00
178598.50	-4.618e+00	-1.238e+02	8.342e+00
178599.50	-4.992e+00	-1.373e+02	-1.459e+01
178600.50	-5.165e+00	-1.373e+02	-6.451e+00
178601.50	-5.328e+00	-1.354e+02	1.008e+01
178602.50	-1.978e+00	-5.050e+01	-9.696e+00
178603.50	-1.229e+00	-2.621e+01	9.110e+00
178604.50	-1.546e-01	-6.989e-02	1.142e+00
178605.50	4.800e-01	1.642e+01	3.418e+00
178606.50	6.490e-01	2.035e+01	1.978e+00
178607.50	9.062e-01	2.506e+01	-4.109e+00
178608.50	1.594e+00	4.291e+01	-2.381e+00
178609.50	1.325e+00	3.552e+01	-3.312e-01
178610.50	1.344e+00	3.638e+01	1.046e-01
178611.50	1.402e+00	3.792e+01	3.062e+00
178612.50	1.248e+00	3.293e+01	-1.046e+00
178613.50	1.296e+00	3.389e+01	-4.973e-01
178614.50	1.238e+00	3.245e+01	5.242e-01
178615.50	1.181e+00	3.110e+01	4.848e-01
178616.50	1.085e+00	2.880e+01	1.834e+00
178617.50	8.390e-01	2.122e+01	-3.811e+00
178618.50	1.037e+00	2.813e+01	3.130e+00
178619.50	9.446e-01	2.448e+01	-7.018e-01
178620.50	9.600e-01	2.410e+01	-3.226e+00
178621.50	7.910e-01	2.093e+01	1.267e+00
178622.50	6.931e-01	1.776e+01	-1.574e+00
178623.50	8.006e-01	2.026e+01	-2.352e+00
178624.50	7.123e-01	1.853e+01	3.523e-01
178625.50	6.509e-01	1.680e+01	-5.779e-02
178626.50	5.261e-01	1.382e+01	5.213e-01
178627.50	5.117e-01	1.363e+01	1.670e+00
178628.50	4.819e-01	1.277e+01	1.325e+00
178629.50	4.272e-01	1.114e+01	-4.320e-01
178630.50	3.619e-01	9.427e+00	-1.421e-01
178631.50	3.571e-01	9.312e+00	-4.118e-01
178632.50	3.629e-01	9.561e+00	8.054e-02
178633.50	3.158e-01	8.227e+00	-3.466e-01
178634.50	3.542e-01	9.168e+00	-6.442e-01
178635.50	3.792e-01	9.792e+00	6.413e-01
178636.50	2.544e-01	7.123e+00	1.258e+00
178637.50	3.072e-01	8.189e+00	8.304e-01
178638.50	2.458e-01	6.365e+00	-7.238e-01
178639.50	2.890e-01	7.738e+00	6.576e-01
178640.50	2.400e-01	6.422e+00	8.304e-01
178641.50	2.544e-01	6.499e+00	6.394e-03
178642.50	2.342e-01	5.702e+00	-1.555e+00
178643.50	1.440e-01	3.888e+00	-1.699e-01
178644.50	1.958e-01	5.290e+00	4.867e-01
178645.50	2.314e-01	6.000e+00	6.941e-02
178646.50	1.766e-01	4.608e+00	-1.795e-01
178647.50	1.171e-01	3.053e+00	-1.613e-01
178648.50	1.498e-01	3.955e+00	4.205e-01
178649.50	1.315e-01	3.302e+00	-5.664e-01
178650.50	1.699e-01	4.099e+00	-1.987e-01
178651.50	1.498e-01	3.811e+00	-2.323e-01
178652.50	1.056e-01	3.053e+00	1.430e+00
178653.50	1.037e-01	2.909e+00	1.795e-01
178654.50	1.104e-01	2.976e+00	5.146e-01
178655.50	1.114e-01	2.947e+00	4.915e-01
178656.50	9.792e-02	2.554e+00	1.517e-01
178657.50	1.046e-01	2.544e+00	-9.696e-01
178658.50	7.661e-02	1.939e+00	1.315e-02
178659.50	7.411e-02	2.352e+00	8.448e-01
178660.50	6.115e-02	1.382e+00	-3.686e-01
178661.50	6.336e-02	1.651e+00	4.627e-02
178662.50	5.203e-02	1.613e+00	-5.856e-02
178663.50	9.696e-02	2.448e+00	-1.430e-01
178664.50	4.982e-02	1.373e+00	-4.550e-02
178665.50	7.056e-02	1.766e+00	3.696e-01
178666.50	3.331e-02	1.056e+00	2.784e-01
178667.50	8.362e-02	2.189e+00	1.536e-01
178668.50	6.509e-02	1.459e+00	-7.450e-01
178669.50	5.693e-02	1.478e+00	3.696e-01
178670.50	5.261e-02	1.440e+00	3.427e-01
178671.50	5.491e-02	1.459e+00	9.130e-02
178672.50	4.234e-02	1.248e+00	6.883e-01
178673.50	2.563e-02	5.146e-01	-8.880e-02
178674.50	2.678e-02	8.563e-01	3.485e-01
178675.50	4.906e-02	1.229e+00	-5.261e-01
178676.50	7.238e-02	1.882e+00	-1.872e-01
178677.50	2.947e-02	9.600e-01	2.131e-01
178678.50	4.454e-02	9.216e-01	-7.574e-01
178679.50	2.688e-02	7.094e-01	-1.363e-01
178680.50	2.861e-02	8.429e-01	5.069e-01
178681.50	2.266e-02	8.458e-01	4.397e-01
178682.50	6.864e-03	2.611e-01	2.218e-01
178683.50	6.106e-02	1.421e+00	-2.285e-01
178684.50	4.118e-02	9.053e-01	-5.731e-01
178685.50	2.688e-02	6.950e-01	-7.440e-02
178686.50	1.440e-02	4.080e-01	1.296e-01
178687.50	3.437e-02	9.792e-01	4.992e-01
178688.50	2.179e-03	1.277e-01	-5.050e-02
178689.50	4.147e-02	1.037e+00	-1.853e-01
178690.50	4.339e-02	1.027e+00	-2.198e-01
178691.50	2.362e-02	6.067e-01	-2.688e-02
178692.50	1.354e-02	4.176e-01	3.533e-01
178693.50	1.258e-02	3.974e-01	-1.162e-01
178694.50	2.083e-02	4.819e-01	-4.627e-02
178695.50	1.862e-02	4.570e-01	-2.678e-02
178696.50	-2.986e-03	-2.160e-02	-9.792e-02
178697.50	3.274e-02	7.574e-01	-2.515e-01
178698.50	1.498e-02	3.158e-01	-5.088e-02
178699.50	2.861e-02	7.075e-01	-1.094e-02
178700.50	2.592e-02	6.710e-01	-2.573e-01
178701.50	5.856e-03	2.390e-01	6.451e-02
178702.50	2.870e-03	1.171e-01	1.766e-01
178703.50	2.573e-02	5.990e-01	-8.179e-02
178704.50	3.773e-02	9.053e-01	2.458e-02
178705.50	8.746e-03	1.478e-01	-4.838e-01
178706.50	6.346e-03	1.430e-01	-3.965e-01
178707.50	2.842e-03	1.738e-01	1.680e-01
178708.50	-1.334e-02	-4.387e-01	-6.806e-02
178709.50	2.102e-02	5.664e-01	1.363e-01
178710.50	2.218e-02	5.846e-01	2.333e-01
178711.50	1.939e-02	4.310e-01	1.738e-01
178712.50	-6.970e-03	-1.642e-01	-1.411e-01
178713.50	1.411e-02	5.242e-01	2.208e-01
178714.50	8.150e-03	2.227e-01	1.018e-01
178715.50	1.670e-02	3.859e-01	7.555e-03
178716.50	1.574e-02	3.398e-01	-3.398e-02
178717.50	5.251e-03	1.517e-01	7.795e-02
178718.50	3.965e-03	6.912e-02	-3.043e-02
178719.50	2.131e-02	5.203e-01	2.765e-01
178720.50	4.906e-03	1.901e-01	-4.829e-02
178721.50	8.707e-03	1.565e-01	-2.266e-01
178722.50	1.325e-02	4.090e-01	3.456e-02
178723.50	6.058e-03	2.717e-01	3.398e-01
178724.50	-2.237e-03	-9.792e-02	-1.363e-01
178725.50	-9.379e-03	-2.170e-01	-1.814e-01
178726.50	7.123e-03	1.382e-01	5.251e-02
178727.50	1.987e-03	2.458e-02	2.150e-02
178728.50	-1.517e-03	4.224e-02	1.171e-01
178729.50	3.120e-03	-3.571e-02	-2.112e-01
178730.50	2.640e-03	5.232e-02	-1.421e-01
178731.50	6.950e-04	1.219e-01	1.718e-01
178732.50	2.400e-02	6.864e-01	3.389e-01
178733.50	-3.542e-03	-4.205e-02	1.325e-02
178734.50	-9.792e-03	-2.045e-01	-2.371e-01
178735.50	4.781e-03	4.464e-02	-2.035e-01
178736.50	1.978e-02	4.397e-01	-2.074e-01
178737.50	1.162e-03	1.757e-01	5.520e-01
178738.50	-4.896e-03	-8.410e-02	1.056e-01
178739.50	1.027e-02	2.918e-01	-1.565e-02
178740.50	1.171e-02	1.814e-01	-1.219e-01
178741.50	-9.571e-03	-2.554e-01	-1.325e-01
178742.50	9.514e-03	2.342e-01	-6.576e-02
178743.50	2.486e-03	-1.603e-03	-2.371e-01
178744.50	5.242e-03	1.757e-01	-1.834e-01
178745.50	-7.344e-03	-9.379e-02	-1.718e-01
178746.50	1.939e-02	3.667e-01	-3.792e-02
178747.50	2.314e-03	1.037e-01	1.738e-01
178748.50	3.408e-03	5.501e-02	2.755e-02
178749.50	-8.774e-03	-1.238e-01	1.747e-01
178750.50	7.325e-03	1.766e-01	6.586e-02
178751.50	-5.213e-03	-1.190e-01	-3.878e-02
178752.50	-1.075e-02	-2.381e-01	-5.894e-02
178753.50	-4.291e-03	-4.886e-02	2.429e-01
178754.50	1.334e-02	3.725e-01	-3.101e-02
178755.50	6.787e-03	1.565e-01	8.765e-02
178756.50	9.888e-04	7.978e-02	1.373e-01
178757.50	-3.206e-03	9.014e-03	4.378e-02
178758.50	6.672e-03	1.872e-01	-6.614e-02
178759.50	4.234e-03	1.728e-01	1.171e-01
178760.50	5.030e-03	7.939e-02	-6.662e-03
178761.50	4.090e-03	1.286e-01	1.392e-01
178762.50	3.466e-03	3.370e-02	-1.056e-01
178763.50	-1.075e-03	6.682e-03	2.611e-01
178764.50	-2.832e-03	-2.832e-02	-3.254e-02
178765.50	-1.987e-03	-2.477e-03	2.093e-01
178766.50	-5.443e-03	-1.507e-01	-3.408e-02
178767.50	-5.194e-03	-1.286e-01	-1.440e-01
178768.50	7.891e-03	1.306e-01	-1.594e-01
178769.50	-1.709e-03	-8.438e-03	1.421e-01
178770.50	6.547e-03	7.306e-02	-2.227e-01
178771.50	4.934e-03	7.478e-02	-1.651e-01
178772.50	-9.437e-03	-2.179e-01	2.045e-02
178773.50	1.114e-03	9.888e-02	1.478e-01
178774.50	3.984e-03	1.296e-01	3.926e-02
178775.50	7.027e-03	1.488e-01	-7.690e-02
178776.50	-1.987e-03	-2.688e-02	2.861e-03
178777.50	-6.826e-03	-1.277e-01	3.034e-02
178778.50	-3.619e-03	-6.787e-02	2.275e-01
178779.50	1.114e-02	2.419e-01	-4.963e-02
178780.50	-3.850e-03	-1.200e-01	-2.794e-01
178781.50	6.557e-03	1.027e-01	-2.659e-03
178782.50	-1.795e-03	-3.706e-02	8.794e-02
178783.50	-1.757e-03	-8.218e-02	3.197e-02
178784.50	1.181e-02	2.736e-01	-1.498e-03
178785.50	4.646e-03	1.229e-01	-5.059e-02
178786.50	-9.600e-03	-1.766e-01	1.958e-02
178787.50	-1.699e-03	-2.006e-02	-4.781e-02
178788.50	-2.592e-04	-4.656e-02	1.430e-01
178789.50	9.514e-03	1.786e-01	1.152e-01
178790.50	3.456e-03	1.546e-01	-1.555e-01
178791.50	5.328e-03	1.498e-01	1.824e-01
178792.50	-3.744e-03	-1.123e-01	-1.133e-01
178793.50	-7.066e-03	-1.776e-01	5.290e-02
178794.50	7.805e-04	-7.421e-03	7.910e-02
178795.50	-7.814e-04	5.098e-02	3.245e-02
178796.50	2.429e-03	4.464e-02	4.320e-02
178797.50	-5.261e-03	-6.106e-03	9.350e-02
178798.50	-5.635e-03	-8.822e-02	-9.600e-02
178799.50	-8.083e-04	-7.171e-02	-1.373e-01
178800.50	5.242e-03	1.488e-01	-1.200e-02
178801.50	8.304e-03	1.958e-01	-1.440e-01
178802.50	5.280e-03	1.555e-01	2.851e-01
178803.50	1.037e-02	1.584e-01	-5.107e-02
178804.50	-6.586e-04	-7.814e-02	-1.546e-01
178805.50	2.659e-03	6.470e-02	-1.526e-02
178806.50	1.238e-03	1.210e-01	2.083e-01
178807.50	4.118e-03	1.459e-01	-8.918e-02
178808.50	-8.256e-03	-1.238e-01	1.642e-01
178809.50	-1.978e-03	-4.896e-03	-1.910e-01
178810.50	-2.304e-03	-1.133e-01	8.544e-02
178811.50	-8.198e-04	-1.392e-02	2.544e-02
178812.50	-2.544e-03	-4.752e-02	1.814e-01
178813.50	5.251e-03	1.315e-01	9.888e-03
178814.50	1.882e-03	-2.794e-02	-1.930e-02
178815.50	-8.650e-03	-1.306e-01	1.094e-02
178816.50	1.037e-02	2.035e-01	-4.800e-02
178817.50	3.514e-03	5.376e-02	-2.170e-01
178818.50	5.002e-03	1.277e-01	7.066e-02
178819.50	1.690e-03	6.806e-02	6.202e-02
178820.50	-6.490e-03	-1.565e-01	1.248e-03
178821.50	-1.565e-03	-1.670e-02	9.984e-02
178822.50	-3.082e-03	-9.322e-02	-5.741e-02
178823.50	-3.437e-04	-4.205e-02	-6.355e-02
178824.50	2.170e-03	1.027e-01	6.912e-02
178825.50	-4.349e-05	1.507e-02	5.021e-02
178826.50	-2.333e-03	-4.253e-02	-1.478e-01
178827.50	3.341e-03	9.984e-02	6.490e-02
178828.50	-2.006e-03	2.160e-02	5.222e-02
178829.50	4.829e-03	8.525e-02	-5.587e-03
178830.50	-2.458e-03	-3.888e-02	2.074e-02
178831.50	8.400e-03	1.613e-01	-6.442e-02
178832.50	3.581e-03	5.942e-02	3.638e-02
178833.50	-3.629e-03	-8.342e-02	7.968e-03
178834.50	-3.466e-03	-3.379e-02	7.373e-02
178835.50	4.253e-03	4.435e-02	-1.286e-01
178836.50	2.352e-03	6.010e-02	-1.008e-01
178837.50	-7.680e-03	-1.757e-01	-1.373e-04
178838.50	2.448e-03	3.850e-02	1.267e-02
178839.50	4.954e-04	1.286e-02	1.277e-01
178840.50	-3.888e-03	-1.075e-01	-1.008e-01
178841.50	-4.003e-03	-4.234e-02	-3.533e-02
178842.50	7.949e-03	1.498e-01	-1.805e-01
178843.50	6.691e-03	4.973e-02	-8.323e-02
178844.50	1.661e-03	-8.995e-03	-4.522e-02
178845.50	-6.288e-03	-9.590e-02	-1.018e-02
178846.50	-3.360e-03	-1.277e-02	9.034e-02
178847.50	6.096e-03	1.488e-01	2.621e-02
178848.50	-5.222e-03	-8.486e-02	6.336e-02
178849.50	5.501e-03	1.258e-01	-1.248e-02
178850.50	1.901e-03	7.238e-02	-2.112e-02
178851.50	-3.792e-03	-1.094e-01	7.613e-03
178852.50	-5.971e-03	-1.238e-01	-1.469e-02
178853.50	1.142e-03	7.027e-02	1.411e-01
178854.50	2.314e-03	5.693e-02	3.283e-02
178855.50	-3.235e-03	-8.122e-02	-9.600e-02
178856.50	-1.958e-03	-4.387e-02	-4.099e-02
178857.50	1.094e-02	1.498e-01	-8.851e-03
178858.50	-3.917e-03	-1.306e-01	8.726e-02
178859.50	3.907e-03	8.544e-02	9.984e-02
178860.50	5.021e-04	3.994e-02	3.965e-02
178861.50	-1.814e-03	2.102e-03	1.037e-01
178862.50	-6.768e-03	-1.200e-01	-3.360e-02
178863.50	-2.976e-04	-7.430e-02	-1.066e-01
178864.50	3.485e-03	4.550e-02	-5.386e-02
178865.50	1.421e-04	1.037e-02	5.808e-02
178866.50	3.840e-03	1.104e-01	9.984e-02
178867.50	-9.197e-04	-2.227e-02	-7.210e-02
178868.50	1.661e-03	4.416e-02	-2.122e-01
178869.50	3.158e-04	-1.258e-02	-1.363e-01
178870.50	-1.114e-02	-1.901e-01	1.958e-02
178871.50	-1.046e-03	3.994e-02	1.210e-01
178872.50	-3.475e-03	-4.234e-02	8.381e-02
178873.50	-3.110e-03	-8.534e-02	-2.371e-02
178874.50	3.034e-03	1.210e-01	1.046e-02
178875.50	-4.896e-03	-8.198e-02	7.421e-02
178876.50	2.093e-03	5.242e-03	-2.208e-02
178877.50	2.506e-03	2.275e-02	-1.258e-02
178878.50	6.451e-03	8.832e-02	-1.709e-01
178879.50	8.438e-04	5.558e-03	2.438e-03
178880.50	3.648e-03	8.880e-02	4.051e-02
178881.50	-2.438e-03	-2.198e-02	6.202e-02
178882.50	-4.186e-03	-5.722e-02	-3.907e-02
178883.50	-4.896e-03	-9.888e-02	-8.851e-03
178884.50	-1.776e-03	-1.037e-01	-8.909e-02
178885.50	-2.525e-03	-9.696e-02	-7.142e-02
178886.50	4.589e-03	1.037e-01	1.046e-01
178887.50	3.379e-03	6.202e-02	-6.394e-03
178888.50	-7.210e-03	-4.973e-02	5.098e-02
178889.50	-9.888e-04	1.430e-02	2.429e-02
178890.50	4.310e-03	5.654e-02	-8.525e-02
178891.50	1.296e-03	8.506e-03	2.458e-02
178892.50	1.094e-03	1.258e-02	3.677e-02
178893.50	2.755e-03	1.440e-02	-1.008e-01
178894.50	1.555e-03	2.256e-02	-9.696e-02
178895.50	-3.514e-03	-5.779e-02	7.162e-02
178896.50	-1.430e-03	-1.363e-02	3.946e-02
178897.50	2.506e-03	6.106e-02	8.208e-02
178898.50	-1.718e-03	-4.704e-02	-1.795e-02
178899.50	-1.440e-03	-1.459e-02	1.430e-02
178900.50	-4.512e-04	1.786e-02	-6.182e-02
178901.50	2.208e-03	5.318e-02	-1.114e-01
178902.50	3.110e-03	7.402e-02	-1.661e-03
178903.50	-1.920e-03	-1.757e-03	1.267e-01
178904.50	1.670e-03	-1.584e-02	1.469e-01
178905.50	4.522e-03	4.550e-02	-1.421e-01
178906.50	-1.526e-03	-3.523e-03	-7.574e-02
178907.50	-1.757e-03	-1.805e-02	6.816e-02
178908.50	3.302e-03	4.186e-02	-1.920e-02
178909.50	-1.565e-03	-1.565e-02	-1.306e-02
178910.50	-3.312e-03	-4.022e-02	-1.152e-02
178911.50	-3.024e-05	-3.475e-02	-7.517e-03
178912.50	-3.254e-03	-4.013e-02	-5.002e-02
178913.50	-9.542e-05	4.282e-03	-1.536e-02
178914.50	-4.867e-03	-1.219e-01	4.704e-02
178915.50	2.074e-03	3.158e-02	-2.947e-02
178916.50	3.773e-03	7.738e-02	2.813e-02
178917.50	-3.110e-03	-3.197e-02	2.938e-02
178918.50	2.534e-03	1.085e-01	5.914e-02
178919.50	-1.104e-03	1.306e-03	-9.888e-02
178920.50	4.320e-03	1.104e-01	3.658e-02
178921.50	5.405e-04	3.898e-02	1.296e-01
178922.50	5.731e-03	1.181e-01	-6.413e-02
178923.50	-2.515e-04	-1.546e-02	-7.258e-02
178924.50	1.306e-03	5.126e-03	6.547e-02
178925.50	-1.075e-04	-2.995e-02	-6.470e-02
178926.50	-3.562e-03	-9.283e-02	-1.325e-02
178927.50	-3.427e-03	-9.158e-02	4.915e-02
178928.50	7.162e-04	1.037e-02	-1.555e-02
178929.50	2.918e-03	8.150e-02	3.773e-03
178930.50	1.181e-04	3.734e-02	5.702e-02
178931.50	1.526e-03	1.594e-02	-1.920e-02
178932.50	-7.075e-04	-9.082e-03	5.357e-02
178933.50	-7.910e-04	-2.438e-02	2.976e-02
178934.50	3.427e-03	6.720e-02	-9.341e-02
178935.50	-2.150e-03	-4.810e-02	-4.886e-02
178936.50	-1.411e-03	-4.186e-03	-1.210e-02
178937.50	-7.046e-06	-2.861e-02	3.581e-02
178938.50	1.949e-03	4.157e-02	-5.520e-02
178939.50	1.910e-03	1.258e-02	-2.064e-02
178940.50	-7.286e-04	1.046e-02	1.373e-02
178941.50	8.141e-02	1.910e-01	-2.208e-01
178942.50	1.219e-02	6.000e-02	-7.469e-02
178943.50	8.899e-05	-1.181e-02	-6.960e-03
178944.50	9.283e-03	4.080e-02	4.416e-03
178945.50	1.258e-02	6.912e-02	6.989e-02
178946.50	2.371e-03	2.342e-02	3.005e-02
178947.50	2.746e-03	8.294e-02	8.621e-02
178948.50	-1.296e-03	-2.458e-02	-3.802e-02
178949.50	3.302e-03	9.360e-03	-7.574e-02
178950.50	-1.411e-03	-3.456e-02	-5.357e-02
178951.50	-6.240e-04	-1.181e-02	9.600e-02
178952.50	-6.749e-03	8.765e-02	5.971e-02
178953.50	-2.534e-03	2.918e-05	5.050e-02
178954.50	-3.254e-03	-4.733e-02	3.955e-02
178955.50	-3.917e-03	-5.510e-02	1.939e-02
178956.50	-5.434e-03	1.661e-02	7.939e-02
178957.50	3.667e-03	5.194e-02	-6.691e-02
178958.50	1.066e-03	-1.949e-02	-3.437e-02
