178360.50	0.000e+00	0.000e+00	0.000e+00
178361.50	0.000e+00	0.000e+00	0.000e+00
178362.50	0.000e+00	0.000e+00	0.000e+00
178363.50	0.000e+00	0.000e+00	0.000e+00
178364.50	0.000e+00	0.000e+00	0.000e+00
178365.50	0.000e+00	0.000e+00	0.000e+00
178366.50	0.000e+00	0.000e+00	0.000e+00
178367.50	0.000e+00	0.000e+00	0.000e+00
178368.50	0.000e+00	0.000e+00	0.000e+00
178369.50	0.000e+00	0.000e+00	0.000e+00
178370.50	0.000e+00	0.000e+00	0.000e+00
178371.50	0.000e+00	0.000e+00	0.000e+00
178372.50	0.000e+00	0.000e+00	0.000e+00
178373.50	0.000e+00	0.000e+00	0.000e+00
178374.50	0.000e+00	0.000e+00	0.000e+00
178375.50	0.000e+00	0.000e+00	0.000e+00
178376.50	0.000e+00	0.000e+00	0.000e+00
178377.50	0.000e+00	0.000e+00	0.000e+00
178378.50	0.000e+00	0.000e+00	0.000e+00
178379.50	0.000e+00	0.000e+00	0.000e+00
178380.50	0.000e+00	0.000e+00	0.000e+00
178381.50	0.000e+00	0.000e+00	0.000e+00
178382.50	0.000e+00	0.000e+00	0.000e+00
178383.50	0.000e+00	0.000e+00	0.000e+00
178384.50	0.000e+00	0.000e+00	0.000e+00
178385.50	0.000e+00	0.000e+00	0.000e+00
178386.50	0.000e+00	0.000e+00	0.000e+00
178387.50	0.000e+00	0.000e+00	0.000e+00
178388.50	0.000e+00	0.000e+00	0.000e+00
178389.50	0.000e+00	0.000e+00	0.000e+00
178390.50	0.000e+00	0.000e+00	0.000e+00
178391.50	0.000e+00	0.000e+00	0.000e+00
178392.50	0.000e+00	0.000e+00	0.000e+00
178393.50	0.000e+00	0.000e+00	0.000e+00
178394.50	0.000e+00	0.000e+00	0.000e+00
178395.50	0.000e+00	0.000e+00	0.000e+00
178396.50	0.000e+00	0.000e+00	0.000e+00
178397.50	0.000e+00	0.000e+00	0.000e+00
178398.50	0.000e+00	0.000e+00	0.000e+00
178399.50	0.000e+00	0.000e+00	0.000e+00
178400.50	0.000e+00	0.000e+00	0.000e+00
178401.50	0.000e+00	0.000e+00	0.000e+00
178402.50	0.000e+00	0.000e+00	0.000e+00
178403.50	0.000e+00	0.000e+00	0.000e+00
178404.50	0.000e+00	0.000e+00	0.000e+00
178405.50	0.000e+00	0.000e+00	0.000e+00
178406.50	0.000e+00	0.000e+00	0.000e+00
178407.50	0.000e+00	0.000e+00	0.000e+00
178408.50	0.000e+00	0.000e+00	0.000e+00
178409.50	0.000e+00	0.000e+00	0.000e+00
178410.50	0.000e+00	0.000e+00	0.000e+00
178411.50	0.000e+00	0.000e+00	0.000e+00
178412.50	0.000e+00	0.000e+00	0.000e+00
178413.50	0.000e+00	0.000e+00	0.000e+00
178414.50	0.000e+00	0.000e+00	0.000e+00
178415.50	0.000e+00	0.000e+00	0.000e+00
178416.50	0.000e+00	0.000e+00	0.000e+00
178417.50	0.000e+00	0.000e+00	0.000e+00
178418.50	0.000e+00	0.000e+00	0.000e+00
178419.50	0.000e+00	0.000e+00	0.000e+00
178420.50	0.000e+00	0.000e+00	0.000e+00
178421.50	0.000e+00	0.000e+00	0.000e+00
178422.50	0.000e+00	0.000e+00	0.000e+00
178423.50	0.000e+00	0.000e+00	0.000e+00
178424.50	0.000e+00	0.000e+00	0.000e+00
178425.50	0.000e+00	0.000e+00	0.000e+00
178426.50	0.000e+00	0.000e+00	0.000e+00
178427.50	0.000e+00	0.000e+00	0.000e+00
178428.50	0.000e+00	0.000e+00	0.000e+00
178429.50	0.000e+00	0.000e+00	0.000e+00
178430.50	0.000e+00	0.000e+00	0.000e+00
178431.50	0.000e+00	0.000e+00	0.000e+00
178432.50	0.000e+00	0.000e+00	0.000e+00
178433.50	0.000e+00	0.000e+00	0.000e+00
178434.50	0.000e+00	0.000e+00	0.000e+00
178435.50	0.000e+00	0.000e+00	0.000e+00
178436.50	0.000e+00	0.000e+00	0.000e+00
178437.50	0.000e+00	0.000e+00	0.000e+00
178438.50	0.000e+00	0.000e+00	0.000e+00
178439.50	0.000e+00	0.000e+00	0.000e+00
178440.50	0.000e+00	0.000e+00	0.000e+00
178441.50	0.000e+00	0.000e+00	0.000e+00
178442.50	0.000e+00	0.000e+00	0.000e+00
178443.50	0.000e+00	0.000e+00	0.000e+00
178444.50	0.000e+00	0.000e+00	0.000e+00
178445.50	0.000e+00	0.000e+00	0.000e+00
178446.50	0.000e+00	0.000e+00	0.000e+00
178447.50	0.000e+00	0.000e+00	0.000e+00
178448.50	0.000e+00	0.000e+00	0.000e+00
178449.50	0.000e+00	0.000e+00	0.000e+00
178450.50	0.000e+00	0.000e+00	0.000e+00
178451.50	0.000e+00	0.000e+00	0.000e+00
178452.50	0.000e+00	0.000e+00	0.000e+00
178453.50	0.000e+00	0.000e+00	0.000e+00
178454.50	0.000e+00	0.000e+00	0.000e+00
178455.50	0.000e+00	0.000e+00	0.000e+00
178456.50	0.000e+00	0.000e+00	0.000e+00
178457.50	0.000e+00	0.000e+00	0.000e+00
178458.50	0.000e+00	0.000e+00	0.000e+00
178459.50	0.000e+00	0.000e+00	0.000e+00
178460.50	0.000e+00	0.000e+00	0.000e+00
178461.50	0.000e+00	0.000e+00	0.000e+00
178462.50	0.000e+00	0.000e+00	0.000e+00
178463.50	0.000e+00	0.000e+00	0.000e+00
178464.50	0.000e+00	0.000e+00	0.000e+00
178465.50	0.000e+00	0.000e+00	0.000e+00
178466.50	0.000e+00	0.000e+00	0.000e+00
178467.50	0.000e+00	0.000e+00	0.000e+00
178468.50	0.000e+00	0.000e+00	0.000e+00
178469.50	0.000e+00	0.000e+00	0.000e+00
178470.50	0.000e+00	0.000e+00	0.000e+00
178471.50	0.000e+00	0.000e+00	0.000e+00
178472.50	0.000e+00	0.000e+00	0.000e+00
178473.50	0.000e+00	0.000e+00	0.000e+00
178474.50	0.000e+00	0.000e+00	0.000e+00
178475.50	0.000e+00	0.000e+00	0.000e+00
178476.50	0.000e+00	0.000e+00	0.000e+00
178477.50	0.000e+00	0.000e+00	0.000e+00
178478.50	0.000e+00	0.000e+00	0.000e+00
178479.50	0.000e+00	0.000e+00	0.000e+00
178480.50	0.000e+00	0.000e+00	0.000e+00
178481.50	0.000e+00	0.000e+00	0.000e+00
178482.50	0.000e+00	0.000e+00	0.000e+00
178483.50	0.000e+00	0.000e+00	0.000e+00
178484.50	0.000e+00	0.000e+00	0.000e+00
178485.50	0.000e+00	0.000e+00	0.000e+00
178486.50	0.000e+00	0.000e+00	0.000e+00
178487.50	0.000e+00	0.000e+00	0.000e+00
178488.50	0.000e+00	0.000e+00	0.000e+00
178489.50	0.000e+00	0.000e+00	0.000e+00
178490.50	0.000e+00	0.000e+00	0.000e+00
178491.50	0.000e+00	0.000e+00	0.000e+00
178492.50	0.000e+00	0.000e+00	0.000e+00
178493.50	0.000e+00	0.000e+00	0.000e+00
178494.50	0.000e+00	0.000e+00	0.000e+00
178495.50	0.000e+00	0.000e+00	0.000e+00
178496.50	0.000e+00	0.000e+00	0.000e+00
178497.50	0.000e+00	0.000e+00	0.000e+00
178498.50	0.000e+00	0.000e+00	0.000e+00
178499.50	0.000e+00	0.000e+00	0.000e+00
178500.50	0.000e+00	0.000e+00	0.000e+00
178501.50	0.000e+00	0.000e+00	0.000e+00
178502.50	0.000e+00	0.000e+00	0.000e+00
178503.50	0.000e+00	0.000e+00	0.000e+00
178504.50	0.000e+00	0.000e+00	0.000e+00
178505.50	0.000e+00	0.000e+00	0.000e+00
178506.50	0.000e+00	0.000e+00	0.000e+00
178507.50	0.000e+00	0.000e+00	0.000e+00
178508.50	0.000e+00	0.000e+00	0.000e+00
178509.50	0.000e+00	0.000e+00	0.000e+00
178510.50	0.000e+00	0.000e+00	0.000e+00
178511.50	0.000e+00	0.000e+00	0.000e+00
178512.50	0.000e+00	0.000e+00	0.000e+00
178513.50	0.000e+00	0.000e+00	0.000e+00
178514.50	0.000e+00	0.000e+00	0.000e+00
178515.50	0.000e+00	0.000e+00	0.000e+00
178516.50	0.000e+00	0.000e+00	0.000e+00
178517.50	0.000e+00	0.000e+00	0.000e+00
178518.50	0.000e+00	0.000e+00	0.000e+00
178519.50	0.000e+00	0.000e+00	0.000e+00
178520.50	0.000e+00	0.000e+00	0.000e+00
178521.50	0.000e+00	0.000e+00	0.000e+00
178522.50	0.000e+00	0.000e+00	0.000e+00
178523.50	0.000e+00	0.000e+00	0.000e+00
178524.50	0.000e+00	0.000e+00	0.000e+00
178525.50	0.000e+00	0.000e+00	0.000e+00
178526.50	0.000e+00	0.000e+00	0.000e+00
178527.50	0.000e+00	0.000e+00	0.000e+00
178528.50	0.000e+00	0.000e+00	0.000e+00
178529.50	0.000e+00	0.000e+00	0.000e+00
178530.50	0.000e+00	0.000e+00	0.000e+00
178531.50	0.000e+00	0.000e+00	0.000e+00
178532.50	0.000e+00	0.000e+00	0.000e+00
178533.50	0.000e+00	0.000e+00	0.000e+00
178534.50	0.000e+00	0.000e+00	0.000e+00
178535.50	0.000e+00	0.000e+00	0.000e+00
178536.50	0.000e+00	0.000e+00	0.000e+00
178537.50	0.000e+00	0.000e+00	0.000e+00
178538.50	0.000e+00	0.000e+00	0.000e+00
178539.50	0.000e+00	0.000e+00	0.000e+00
178540.50	0.000e+00	0.000e+00	0.000e+00
178541.50	0.000e+00	0.000e+00	0.000e+00
178542.50	0.000e+00	0.000e+00	0.000e+00
178543.50	0.000e+00	0.000e+00	0.000e+00
178544.50	0.000e+00	0.000e+00	0.000e+00
178545.50	0.000e+00	0.000e+00	0.000e+00
178546.50	0.000e+00	0.000e+00	0.000e+00
178547.50	0.000e+00	0.000e+00	0.000e+00
178548.50	0.000e+00	0.000e+00	0.000e+00
178549.50	0.000e+00	0.000e+00	0.000e+00
178550.50	0.000e+00	0.000e+00	0.000e+00
178551.50	0.000e+00	0.000e+00	0.000e+00
178552.50	0.000e+00	0.000e+00	0.000e+00
178553.50	0.000e+00	0.000e+00	0.000e+00
178554.50	0.000e+00	0.000e+00	0.000e+00
178555.50	0.000e+00	0.000e+00	0.000e+00
178556.50	0.000e+00	0.000e+00	0.000e+00
178557.50	0.000e+00	0.000e+00	0.000e+00
178558.50	0.000e+00	0.000e+00	0.000e+00
178559.50	0.000e+00	0.000e+00	0.000e+00
178560.50	0.000e+00	0.000e+00	0.000e+00
178561.50	0.000e+00	0.000e+00	0.000e+00
178562.50	0.000e+00	0.000e+00	0.000e+00
178563.50	0.000e+00	0.000e+00	0.000e+00
178564.50	0.000e+00	0.000e+00	0.000e+00
178565.50	0.000e+00	0.000e+00	0.000e+00
178566.50	0.000e+00	0.000e+00	0.000e+00
178567.50	0.000e+00	0.000e+00	0.000e+00
178568.50	0.000e+00	0.000e+00	0.000e+00
178569.50	0.000e+00	0.000e+00	0.000e+00
178570.50	0.000e+00	0.000e+00	0.000e+00
178571.50	0.000e+00	0.000e+00	0.000e+00
178572.50	0.000e+00	0.000e+00	0.000e+00
178573.50	0.000e+00	0.000e+00	0.000e+00
178574.50	0.000e+00	0.000e+00	0.000e+00
178575.50	0.000e+00	0.000e+00	0.000e+00
178576.50	0.000e+00	0.000e+00	0.000e+00
178577.50	0.000e+00	0.000e+00	0.000e+00
178578.50	0.000e+00	0.000e+00	0.000e+00
178579.50	0.000e+00	0.000e+00	0.000e+00
178580.50	0.000e+00	0.000e+00	0.000e+00
178581.50	0.000e+00	0.000e+00	0.000e+00
178582.50	0.000e+00	0.000e+00	0.000e+00
178583.50	0.000e+00	0.000e+00	0.000e+00
178584.50	0.000e+00	0.000e+00	0.000e+00
178585.50	0.000e+00	0.000e+00	0.000e+00
178586.50	0.000e+00	0.000e+00	0.000e+00
178587.50	0.000e+00	0.000e+00	0.000e+00
178588.50	0.000e+00	0.000e+00	0.000e+00
178589.50	0.000e+00	0.000e+00	0.000e+00
178590.50	0.000e+00	0.000e+00	0.000e+00
178591.50	0.000e+00	0.000e+00	0.000e+00
178592.50	0.000e+00	0.000e+00	0.000e+00
178593.50	0.000e+00	0.000e+00	0.000e+00
178594.50	0.000e+00	0.000e+00	0.000e+00
178595.50	0.000e+00	0.000e+00	0.000e+00
178596.50	0.000e+00	0.000e+00	0.000e+00
178597.50	-5.366e-06	3.427e-05	1.536e-04
178598.50	-1.171e-05	1.670e-04	2.755e-04
178599.50	9.091e-06	-1.670e-04	-1.718e-04
178600.50	5.923e-06	-1.546e-04	-8.362e-05
178601.50	-1.238e-04	2.851e-03	1.699e-03
178602.50	-6.048e-04	2.314e-02	8.832e-04
178603.50	-1.114e-02	1.709e-01	2.026e-01
178604.50	1.258e-02	-9.120e-01	3.034e-01
178605.50	2.074e-01	-7.594e+00	-3.379e-01
178606.50	3.456e-01	-1.392e+01	5.251e-01
178607.50	1.066e+00	-3.398e+01	-4.637e+00
178608.50	1.392e+00	-4.608e+01	-4.320e+00
178609.50	2.112e+00	-6.614e+01	-8.592e+00
178610.50	3.379e+00	-1.094e+02	-9.523e+00
178611.50	3.974e+00	-1.315e+02	-7.718e+00
178612.50	4.474e+00	-1.392e+02	-1.421e+01
178613.50	4.320e+00	-1.267e+02	-1.699e+01
178614.50	4.070e+00	-1.248e+02	-1.018e+01
178615.50	4.685e+00	-1.296e+02	-2.064e+01
178616.50	2.477e+00	-5.712e+01	-1.651e+01
178617.50	1.507e+00	-4.502e+01	-4.867e-01
178618.50	6.739e-01	-1.162e+01	-3.658e+00
178619.50	6.595e-03	1.046e+01	-3.274e+00
178620.50	8.602e-02	4.483e+00	-7.930e-01
178621.50	-1.123e+00	2.928e+01	1.075e+01
178622.50	-8.707e-01	3.158e+01	1.699e+00
178623.50	-1.507e+00	4.550e+01	6.605e+00
178624.50	-1.094e+00	4.320e+01	-2.314e+00
178625.50	-1.373e+00	4.157e+01	5.770e+00
178626.50	-1.574e+00	4.810e+01	5.290e+00
178627.50	-1.363e+00	4.234e+01	3.830e+00
178628.50	-1.258e+00	3.456e+01	6.912e+00
178629.50	-1.238e+00	3.955e+01	2.582e+00
178630.50	-1.421e+00	4.282e+01	4.080e+00
178631.50	-1.229e+00	3.475e+01	5.424e+00
178632.50	-1.104e+00	3.600e+01	1.056e+00
178633.50	-1.219e+00	3.552e+01	4.435e+00
178634.50	-1.094e+00	3.168e+01	4.262e+00
178635.50	-9.110e-01	2.822e+01	1.728e+00
178636.50	-8.141e-01	2.419e+01	2.669e+00
178637.50	-9.110e-01	2.400e+01	5.146e+00
178638.50	-7.901e-01	2.179e+01	3.389e+00
178639.50	-6.317e-01	2.035e+01	9.014e-01
178640.50	-6.950e-01	1.987e+01	2.496e+00
178641.50	-6.758e-01	1.930e+01	2.486e+00
178642.50	-4.570e-01	1.584e+01	-4.579e-01
178643.50	-5.654e-01	1.728e+01	1.382e+00
178644.50	-5.290e-01	1.526e+01	1.910e+00
178645.50	-4.963e-01	1.450e+01	1.315e+00
178646.50	-4.310e-01	1.344e+01	7.814e-01
178647.50	-4.810e-01	1.334e+01	1.997e+00
178648.50	-4.214e-01	1.114e+01	2.294e+00
178649.50	-4.118e-01	1.123e+01	2.016e+00
178650.50	-3.494e-01	1.075e+01	4.666e-01
178651.50	-3.341e-01	9.331e+00	1.162e+00
178652.50	-3.562e-01	1.008e+01	1.238e+00
178653.50	-3.466e-01	9.427e+00	1.699e+00
178654.50	-3.437e-01	8.525e+00	2.179e+00
178655.50	-2.592e-01	7.478e+00	8.554e-01
178656.50	-2.659e-01	8.582e+00	6.749e-03
178657.50	-3.178e-01	7.843e+00	2.006e+00
178658.50	-2.122e-01	6.720e+00	2.918e-01
178659.50	-1.392e-01	5.136e+00	-3.427e-01
178660.50	-2.102e-01	5.731e+00	9.418e-01
178661.50	-2.160e-01	6.182e+00	6.566e-01
178662.50	-2.275e-01	6.134e+00	1.066e+00
178663.50	-2.438e-01	5.270e+00	2.170e+00
178664.50	-1.776e-01	4.934e+00	6.067e-01
178665.50	-1.642e-01	3.802e+00	1.133e+00
178666.50	-1.027e-01	4.253e+00	-6.672e-01
178667.50	-1.392e-01	4.128e+00	3.744e-01
178668.50	-1.334e-01	3.590e+00	4.858e-01
178669.50	-1.171e-01	3.715e+00	7.229e-02
178670.50	-1.536e-01	3.754e+00	1.037e+00
178671.50	-1.824e-01	4.387e+00	1.162e+00
178672.50	-9.331e-02	3.686e+00	-4.752e-01
178673.50	-1.296e-01	3.446e+00	6.067e-01
178674.50	-5.962e-02	1.709e+00	2.976e-01
178675.50	-1.363e-01	4.042e+00	4.003e-01
178676.50	-1.142e-01	3.062e+00	4.685e-01
178677.50	-4.666e-02	1.843e+00	-2.112e-01
178678.50	-6.989e-02	1.603e+00	4.090e-01
178679.50	-6.096e-02	2.582e+00	-4.781e-01
178680.50	-6.749e-02	2.784e+00	-5.040e-01
178681.50	-7.181e-02	1.498e+00	7.286e-01
178682.50	-9.792e-02	2.035e+00	7.507e-01
178683.50	-1.094e-01	2.659e+00	6.317e-01
178684.50	-6.787e-02	1.584e+00	4.800e-01
178685.50	-9.034e-02	2.208e+00	4.858e-01
178686.50	-7.027e-02	1.805e+00	3.638e-01
178687.50	-4.051e-02	1.824e+00	-4.042e-01
178688.50	-6.192e-02	1.498e+00	4.445e-01
178689.50	-8.976e-02	1.862e+00	7.949e-01
178690.50	-6.221e-02	1.622e+00	2.746e-01
178691.50	-5.146e-02	1.190e+00	3.302e-01
178692.50	-4.733e-02	1.978e+00	-4.349e-01
178693.50	-7.478e-02	1.200e+00	9.379e-01
178694.50	-2.640e-02	1.104e+00	-6.864e-02
178695.50	-4.570e-02	1.018e+00	3.629e-01
178696.50	-8.198e-03	8.698e-01	-4.598e-01
178697.50	-1.450e-02	4.790e-01	-3.437e-02
178698.50	-3.811e-02	1.037e+00	1.037e-01
178699.50	-5.664e-02	1.258e+00	4.762e-01
178700.50	-5.472e-02	9.696e-01	6.835e-01
178701.50	-2.179e-02	7.632e-01	-4.838e-02
178702.50	-3.965e-02	8.102e-01	4.109e-01
178703.50	-2.323e-02	6.115e-01	-5.875e-02
178704.50	-2.275e-02	9.005e-01	-1.517e-01
178705.50	-1.296e-02	9.130e-01	-3.005e-01
178706.50	-3.120e-02	5.702e-01	3.648e-01
178707.50	-4.195e-02	1.066e+00	1.862e-01
178708.50	-6.787e-03	3.149e-01	-2.141e-02
178709.50	-2.256e-02	4.685e-01	1.085e-01
178710.50	-2.726e-02	9.091e-01	-1.046e-02
178711.50	-2.410e-03	1.190e-01	-1.363e-01
178712.50	-3.734e-02	6.941e-01	3.293e-01
178713.50	-2.122e-02	7.104e-01	2.803e-03
178714.50	-3.014e-02	8.554e-01	8.006e-02
178715.50	-3.024e-02	6.192e-01	2.890e-01
178716.50	-2.189e-02	5.779e-01	6.662e-02
178717.50	-1.834e-02	7.651e-02	3.283e-01
178718.50	-2.650e-02	9.178e-01	-2.448e-02
178719.50	-5.798e-03	2.016e-01	1.248e-02
178720.50	8.381e-04	4.109e-01	-2.256e-01
178721.50	-6.816e-03	2.093e-01	-1.382e-01
178722.50	-3.245e-02	7.862e-01	5.491e-02
178723.50	7.478e-03	7.171e-02	-2.122e-01
178724.50	-6.902e-03	1.594e-01	2.352e-02
178725.50	-5.837e-02	6.278e-01	9.696e-01
178726.50	-9.014e-03	1.536e-01	1.171e-01
178727.50	-3.312e-02	6.893e-01	2.438e-01
178728.50	-4.714e-03	6.816e-01	-3.485e-01
178729.50	1.392e-02	3.629e-01	-5.702e-01
178730.50	-1.603e-02	1.488e-01	2.506e-01
178731.50	-4.320e-03	2.419e-01	6.317e-02
178732.50	-2.861e-02	5.453e-01	1.181e-01
178733.50	2.822e-02	-1.968e-01	-4.579e-01
178734.50	-1.536e-03	3.427e-01	-1.805e-01
178735.50	-1.536e-02	1.123e-01	2.774e-01
178736.50	-1.872e-02	1.642e-01	2.381e-01
178737.50	-1.622e-03	6.182e-02	-1.670e-03
178738.50	-3.456e-02	6.538e-01	3.264e-01
178739.50	-3.072e-02	7.306e-01	1.795e-01
178740.50	3.226e-04	4.301e-01	-3.110e-01
178741.50	-1.546e-03	5.846e-02	-3.744e-02
178742.50	7.046e-03	2.774e-02	-1.123e-01
178743.50	-1.651e-02	1.958e-01	2.851e-01
178744.50	-2.976e-03	-1.872e-01	1.680e-01
178745.50	-2.698e-02	5.405e-01	1.133e-01
178746.50	-1.306e-02	2.794e-01	2.045e-01
178747.50	-2.582e-02	3.869e-01	3.254e-01
178748.50	5.011e-03	-2.285e-02	-1.142e-01
178749.50	-5.002e-04	2.419e-03	2.131e-02
178750.50	-2.966e-03	1.949e-01	-3.533e-02
178751.50	-5.472e-03	-1.056e-01	2.707e-01
178752.50	-3.043e-03	-1.171e-01	4.176e-02
178753.50	4.973e-03	1.814e-01	-3.082e-01
178754.50	-6.557e-04	1.901e-01	-1.114e-01
178755.50	-1.286e-02	3.917e-01	-2.294e-02
178756.50	-5.981e-03	-4.608e-02	1.891e-01
178757.50	-4.963e-03	4.070e-02	8.438e-02
178758.50	-7.584e-03	2.410e-01	-1.824e-03
178759.50	-1.709e-02	4.589e-01	9.984e-02
178760.50	5.549e-03	-1.680e-02	-1.210e-01
178761.50	-3.917e-03	1.555e-01	-1.018e-02
178762.50	-1.786e-02	3.168e-01	1.728e-01
178763.50	-1.277e-02	3.552e-01	2.160e-02
178764.50	1.238e-02	-1.891e-01	-1.469e-01
178765.50	-5.558e-03	5.501e-02	4.925e-02
178766.50	-4.915e-03	-1.114e-01	1.565e-01
178767.50	-2.630e-02	2.554e-01	3.974e-01
178768.50	-7.757e-03	1.699e-01	1.037e-01
178769.50	-7.114e-03	2.246e-01	-5.952e-02
178770.50	2.054e-03	1.152e-02	-4.579e-02
178771.50	-3.802e-03	7.882e-02	5.165e-02
178772.50	-1.046e-02	3.360e-01	-3.533e-02
178773.50	6.778e-03	6.912e-02	-1.488e-01
178774.50	-3.082e-03	-2.246e-02	2.928e-02
178775.50	-7.027e-03	3.149e-01	-2.342e-02
178776.50	-1.229e-02	2.986e-01	5.606e-02
178777.50	-1.574e-02	9.043e-02	2.803e-01
178778.50	5.318e-03	5.741e-02	-4.675e-02
178779.50	3.331e-04	-1.574e-01	1.728e-01
178780.50	-6.835e-03	2.083e-01	9.158e-03
178781.50	3.514e-03	4.301e-02	-1.152e-01
178782.50	-9.043e-03	6.355e-02	1.728e-01
178783.50	1.882e-03	2.870e-02	1.853e-02
178784.50	2.150e-02	-2.573e-01	-3.360e-01
178785.50	-1.949e-02	2.899e-01	3.418e-01
178786.50	-2.573e-03	-5.030e-02	7.853e-02
178787.50	2.400e-03	-9.581e-02	-5.712e-02
178788.50	-8.218e-03	2.266e-01	-1.075e-01
178789.50	-6.970e-03	3.389e-01	-1.142e-01
178790.50	-1.613e-03	-2.995e-02	7.498e-02
178791.50	-9.792e-04	6.355e-02	-5.107e-02
178792.50	1.267e-03	-5.318e-02	2.189e-02
178793.50	1.229e-02	-1.363e-01	-1.565e-01
178794.50	-1.267e-02	1.555e-01	1.402e-01
178795.50	-1.037e-02	1.114e-01	1.133e-01
178796.50	-5.270e-03	2.410e-01	-8.813e-02
178797.50	5.654e-03	-4.790e-02	-1.018e-01
178798.50	-3.072e-03	1.478e-01	-1.181e-02
178799.50	1.882e-03	3.350e-02	-6.211e-02
178800.50	-1.133e-02	5.808e-02	2.083e-01
178801.50	1.728e-03	1.728e-01	-2.035e-01
178802.50	7.478e-03	1.008e-01	-2.189e-01
178803.50	-5.760e-03	7.949e-03	1.680e-01
178804.50	-1.066e-02	2.227e-01	2.486e-02
178805.50	-3.274e-03	6.528e-02	3.274e-02
178806.50	8.659e-03	-1.814e-01	3.158e-02
178807.50	5.597e-03	-1.478e-01	-1.546e-01
178808.50	-1.517e-04	9.600e-02	-1.459e-01
178809.50	-9.024e-03	1.402e-01	9.792e-02
178810.50	-1.171e-02	1.162e-01	1.690e-01
178811.50	-1.766e-03	-1.526e-02	7.978e-02
178812.50	-3.869e-03	5.222e-02	5.750e-02
178813.50	-8.822e-03	1.085e-04	1.939e-01
178814.50	6.038e-04	-4.704e-02	5.059e-03
178815.50	-7.181e-03	1.219e-01	1.094e-01
178816.50	-3.024e-03	-1.133e-02	7.968e-02
178817.50	3.034e-03	-2.784e-02	-3.542e-02
178818.50	2.870e-03	-9.350e-02	3.590e-02
178819.50	-3.542e-03	-2.208e-02	1.229e-01
178820.50	-5.309e-03	-6.182e-02	1.478e-01
178821.50	-6.778e-03	5.405e-02	1.699e-01
178822.50	-1.018e-03	7.546e-02	-1.142e-01
178823.50	-1.200e-02	2.861e-01	-7.286e-03
178824.50	1.421e-03	5.280e-02	-8.784e-02
178825.50	7.786e-03	-1.661e-01	5.126e-03
178826.50	5.146e-03	2.890e-02	-1.142e-01
178827.50	-2.275e-03	-1.315e-02	5.165e-02
178828.50	8.256e-03	-9.542e-02	-1.248e-01
178829.50	1.997e-03	-1.142e-01	1.075e-01
178830.50	-4.704e-03	1.555e-01	-6.874e-02
178831.50	-8.419e-03	1.075e-01	1.075e-01
178832.50	-8.525e-03	7.238e-02	9.984e-02
178833.50	-5.549e-03	8.976e-02	4.954e-02
178834.50	1.046e-03	-8.371e-02	2.534e-02
178835.50	5.731e-03	-3.341e-02	1.690e-02
178836.50	-7.123e-03	1.373e-01	-3.437e-02
178837.50	6.326e-03	-3.485e-02	-7.661e-02
178838.50	-8.150e-03	3.533e-02	1.680e-01
178839.50	4.608e-03	-8.026e-02	-1.565e-02
178840.50	1.162e-03	-1.891e-02	-4.656e-02
178841.50	-2.160e-03	1.997e-02	5.174e-03
178842.50	-8.006e-03	7.248e-02	1.421e-01
178843.50	-3.859e-03	1.210e-01	8.131e-03
178844.50	1.670e-03	-9.062e-02	-3.562e-02
178845.50	1.421e-03	1.277e-02	-1.584e-02
178846.50	-1.123e-02	1.430e-01	1.440e-01
178847.50	-1.133e-03	6.797e-02	-5.923e-02
178848.50	-4.339e-03	8.755e-02	-7.373e-02
178849.50	1.296e-03	9.533e-02	8.515e-02
178850.50	1.517e-02	-7.085e-03	-2.515e-01
178851.50	4.262e-05	1.459e-02	-8.410e-02
178852.50	-8.208e-03	-3.629e-02	2.035e-01
178853.50	-1.939e-03	-5.376e-02	9.110e-02
178854.50	-3.898e-03	4.138e-02	7.027e-03
178855.50	-3.955e-03	3.552e-02	7.526e-03
178856.50	3.859e-04	4.848e-02	2.726e-02
178857.50	3.062e-03	6.941e-02	-6.029e-02
178858.50	-6.346e-03	1.056e-01	-2.294e-02
178859.50	3.936e-03	-4.656e-02	-4.147e-02
178860.50	-5.213e-03	8.736e-02	7.258e-02
178861.50	-7.843e-03	1.325e-01	7.949e-02
178862.50	-2.477e-03	8.141e-02	-5.472e-02
178863.50	-5.818e-03	6.010e-02	5.424e-02
178864.50	-9.158e-04	3.062e-02	7.248e-03
178865.50	5.011e-04	5.654e-02	-5.376e-02
178866.50	-3.677e-04	1.286e-02	-2.784e-02
178867.50	2.602e-03	-7.219e-02	-3.293e-02
178868.50	1.344e-04	-1.958e-02	-5.654e-03
178869.50	5.645e-03	-4.944e-02	2.256e-04
178870.50	-5.050e-03	9.984e-02	-8.506e-03
178871.50	7.430e-03	-4.790e-02	-8.582e-02
178872.50	3.504e-03	-9.379e-02	-2.237e-02
178873.50	-3.293e-03	7.699e-02	8.890e-04
178874.50	8.189e-04	-9.379e-02	6.950e-02
178875.50	-3.293e-03	1.882e-02	4.099e-02
178876.50	-9.523e-04	2.371e-02	1.142e-02
178877.50	6.470e-03	-7.594e-02	-8.314e-02
178878.50	3.062e-04	2.755e-02	-8.074e-02
178879.50	-9.082e-03	6.451e-02	1.210e-01
178880.50	3.331e-03	-6.528e-02	-4.992e-02
178881.50	-2.976e-03	-2.141e-02	8.621e-02
178882.50	3.110e-03	-6.634e-03	-2.746e-02
178883.50	3.686e-03	-2.266e-02	-4.138e-02
178884.50	3.533e-04	-4.330e-03	-2.976e-03
178885.50	-3.216e-03	6.125e-02	5.741e-03
178886.50	5.299e-03	2.688e-02	-1.315e-01
178887.50	-2.294e-03	6.960e-02	1.507e-02
178888.50	3.110e-03	-3.706e-02	-3.878e-02
178889.50	3.274e-03	3.398e-02	-6.288e-02
178890.50	3.206e-03	-1.142e-01	-6.979e-03
178891.50	-7.776e-03	3.869e-02	1.286e-01
178892.50	-3.437e-03	1.056e-01	-3.168e-03
178893.50	-3.408e-03	1.027e-01	-1.267e-02
178894.50	-3.331e-04	-8.304e-02	5.779e-02
178895.50	1.450e-03	-3.802e-02	3.187e-02
178896.50	2.630e-03	-1.344e-01	4.099e-02
178897.50	-1.306e-02	2.208e-01	1.488e-01
178898.50	-3.936e-04	9.062e-02	-6.797e-02
178899.50	2.928e-03	-6.826e-02	-4.330e-02
178900.50	2.122e-03	-1.210e-01	-1.008e-03
178901.50	5.386e-03	-7.603e-02	-4.291e-02
178902.50	-6.922e-03	7.488e-02	1.075e-01
178903.50	-6.355e-05	-7.267e-02	4.560e-02
178904.50	2.448e-03	-5.050e-03	-1.421e-02
178905.50	3.494e-03	-6.067e-02	-5.530e-02
178906.50	-8.122e-05	-1.162e-02	-1.786e-02
178907.50	-9.408e-04	1.997e-02	1.507e-02
178908.50	-2.448e-03	7.392e-02	-3.514e-03
178909.50	-8.371e-04	-5.558e-02	5.117e-02
178910.50	5.578e-03	-3.658e-02	-1.200e-01
178911.50	-6.720e-03	1.622e-01	4.147e-02
178912.50	3.658e-03	2.611e-02	-9.379e-02
178913.50	4.608e-04	4.723e-02	-6.662e-02
178914.50	1.402e-03	2.131e-02	-5.146e-02
178915.50	1.805e-03	-7.200e-02	2.227e-02
178916.50	5.501e-04	4.186e-02	-1.421e-02
178917.50	-3.552e-04	8.477e-03	-7.114e-03
178918.50	-9.984e-04	3.830e-02	1.354e-03
178919.50	-4.771e-03	1.114e-02	1.450e-01
178920.50	3.034e-03	1.210e-02	-1.958e-02
178921.50	2.794e-03	-1.334e-01	3.706e-02
178922.50	5.011e-03	-1.238e-01	-4.589e-02
178923.50	1.027e-02	-4.214e-02	-2.112e-01
178924.50	-9.696e-04	6.355e-02	-1.805e-02
178925.50	-9.091e-03	6.278e-02	1.517e-01
178926.50	-4.013e-03	-4.714e-02	1.238e-01
178927.50	-1.872e-03	3.264e-02	1.277e-04
178928.50	-2.851e-03	1.238e-01	-3.149e-02
178929.50	2.342e-03	4.694e-02	-8.448e-02
178930.50	2.400e-03	3.955e-02	-1.469e-01
178931.50	-1.584e-03	2.794e-02	4.080e-03
178932.50	7.997e-05	-6.250e-02	6.154e-02
178933.50	-1.382e-03	8.179e-03	3.600e-02
178934.50	-2.467e-03	-4.387e-02	8.448e-02
178935.50	4.589e-03	-8.160e-02	-1.104e-02
178936.50	2.006e-03	-4.781e-02	-2.678e-04
178937.50	-3.197e-03	6.403e-02	5.299e-02
178938.50	3.245e-03	6.086e-02	-5.030e-02
178939.50	-1.949e-03	3.053e-02	2.890e-04
178940.50	1.046e-03	-4.570e-02	3.072e-02
178941.50	-8.707e-05	-1.085e-01	3.936e-02
178942.50	2.813e-03	2.093e-03	-1.939e-02
178943.50	1.210e-03	5.952e-02	-7.891e-02
178944.50	2.342e-03	7.392e-02	-1.411e-01
178945.50	4.742e-03	-1.891e-02	-6.518e-02
178946.50	-1.978e-03	-6.154e-02	8.314e-02
178947.50	1.594e-03	-4.234e-02	1.354e-02
178948.50	6.624e-03	-1.114e-02	-6.509e-02
178949.50	-1.498e-03	2.803e-03	6.634e-02
178950.50	-1.536e-03	1.325e-02	1.834e-03
178951.50	-5.386e-03	1.843e-02	2.746e-02
178952.50	-1.670e-02	8.832e-02	1.430e-01
178953.50	1.219e-03	-4.867e-02	-2.563e-03
178954.50	8.486e-04	2.477e-03	-1.162e-02
178955.50	2.227e-03	6.144e-02	-6.614e-03
178956.50	1.171e-03	-1.085e-01	2.390e-02
178957.50	-9.043e-04	-6.509e-02	-7.786e-02
178958.50	5.299e-03	4.570e-02	-1.613e-02
