178360.50	0.000e+00	0.000e+00	0.000e+00
178361.50	0.000e+00	0.000e+00	0.000e+00
178362.50	0.000e+00	0.000e+00	0.000e+00
178363.50	0.000e+00	0.000e+00	0.000e+00
178364.50	0.000e+00	0.000e+00	0.000e+00
178365.50	0.000e+00	0.000e+00	0.000e+00
178366.50	0.000e+00	0.000e+00	0.000e+00
178367.50	0.000e+00	0.000e+00	0.000e+00
178368.50	0.000e+00	0.000e+00	0.000e+00
178369.50	0.000e+00	0.000e+00	0.000e+00
178370.50	0.000e+00	0.000e+00	0.000e+00
178371.50	0.000e+00	0.000e+00	0.000e+00
178372.50	0.000e+00	0.000e+00	0.000e+00
178373.50	0.000e+00	0.000e+00	0.000e+00
178374.50	0.000e+00	0.000e+00	0.000e+00
178375.50	0.000e+00	0.000e+00	0.000e+00
178376.50	0.000e+00	0.000e+00	0.000e+00
178377.50	0.000e+00	0.000e+00	0.000e+00
178378.50	0.000e+00	0.000e+00	0.000e+00
178379.50	0.000e+00	0.000e+00	0.000e+00
178380.50	0.000e+00	0.000e+00	0.000e+00
178381.50	0.000e+00	0.000e+00	0.000e+00
178382.50	0.000e+00	0.000e+00	0.000e+00
178383.50	0.000e+00	0.000e+00	0.000e+00
178384.50	0.000e+00	0.000e+00	0.000e+00
178385.50	0.000e+00	0.000e+00	0.000e+00
178386.50	0.000e+00	0.000e+00	0.000e+00
178387.50	0.000e+00	0.000e+00	0.000e+00
178388.50	0.000e+00	0.000e+00	0.000e+00
178389.50	0.000e+00	0.000e+00	0.000e+00
178390.50	0.000e+00	0.000e+00	0.000e+00
178391.50	0.000e+00	0.000e+00	0.000e+00
178392.50	0.000e+00	0.000e+00	0.000e+00
178393.50	0.000e+00	0.000e+00	0.000e+00
178394.50	0.000e+00	0.000e+00	0.000e+00
178395.50	0.000e+00	0.000e+00	0.000e+00
178396.50	0.000e+00	0.000e+00	0.000e+00
178397.50	0.000e+00	0.000e+00	0.000e+00
178398.50	0.000e+00	0.000e+00	0.000e+00
178399.50	0.000e+00	0.000e+00	0.000e+00
178400.50	0.000e+00	0.000e+00	0.000e+00
178401.50	0.000e+00	0.000e+00	0.000e+00
178402.50	0.000e+00	0.000e+00	0.000e+00
178403.50	0.000e+00	0.000e+00	0.000e+00
178404.50	0.000e+00	0.000e+00	0.000e+00
178405.50	0.000e+00	0.000e+00	0.000e+00
178406.50	0.000e+00	0.000e+00	0.000e+00
178407.50	0.000e+00	0.000e+00	0.000e+00
178408.50	0.000e+00	0.000e+00	0.000e+00
178409.50	0.000e+00	0.000e+00	0.000e+00
178410.50	0.000e+00	0.000e+00	0.000e+00
178411.50	0.000e+00	0.000e+00	0.000e+00
178412.50	0.000e+00	0.000e+00	0.000e+00
178413.50	0.000e+00	0.000e+00	0.000e+00
178414.50	0.000e+00	0.000e+00	0.000e+00
178415.50	0.000e+00	0.000e+00	0.000e+00
178416.50	0.000e+00	0.000e+00	0.000e+00
178417.50	0.000e+00	0.000e+00	0.000e+00
178418.50	0.000e+00	0.000e+00	0.000e+00
178419.50	0.000e+00	0.000e+00	0.000e+00
178420.50	0.000e+00	0.000e+00	0.000e+00
178421.50	0.000e+00	0.000e+00	0.000e+00
178422.50	0.000e+00	0.000e+00	0.000e+00
178423.50	0.000e+00	0.000e+00	0.000e+00
178424.50	0.000e+00	0.000e+00	0.000e+00
178425.50	0.000e+00	0.000e+00	0.000e+00
178426.50	0.000e+00	0.000e+00	0.000e+00
178427.50	0.000e+00	0.000e+00	0.000e+00
178428.50	0.000e+00	0.000e+00	0.000e+00
178429.50	0.000e+00	0.000e+00	0.000e+00
178430.50	0.000e+00	0.000e+00	0.000e+00
178431.50	0.000e+00	0.000e+00	0.000e+00
178432.50	0.000e+00	0.000e+00	0.000e+00
178433.50	0.000e+00	0.000e+00	0.000e+00
178434.50	0.000e+00	0.000e+00	0.000e+00
178435.50	0.000e+00	0.000e+00	0.000e+00
178436.50	0.000e+00	0.000e+00	0.000e+00
178437.50	0.000e+00	0.000e+00	0.000e+00
178438.50	0.000e+00	0.000e+00	0.000e+00
178439.50	0.000e+00	0.000e+00	0.000e+00
178440.50	0.000e+00	0.000e+00	0.000e+00
178441.50	0.000e+00	0.000e+00	0.000e+00
178442.50	0.000e+00	0.000e+00	0.000e+00
178443.50	0.000e+00	0.000e+00	0.000e+00
178444.50	0.000e+00	0.000e+00	0.000e+00
178445.50	0.000e+00	0.000e+00	0.000e+00
178446.50	0.000e+00	0.000e+00	0.000e+00
178447.50	0.000e+00	0.000e+00	0.000e+00
178448.50	0.000e+00	0.000e+00	0.000e+00
178449.50	0.000e+00	0.000e+00	0.000e+00
178450.50	0.000e+00	0.000e+00	0.000e+00
178451.50	0.000e+00	0.000e+00	0.000e+00
178452.50	0.000e+00	0.000e+00	0.000e+00
178453.50	0.000e+00	0.000e+00	0.000e+00
178454.50	0.000e+00	0.000e+00	0.000e+00
178455.50	0.000e+00	0.000e+00	0.000e+00
178456.50	0.000e+00	0.000e+00	0.000e+00
178457.50	0.000e+00	0.000e+00	0.000e+00
178458.50	0.000e+00	0.000e+00	0.000e+00
178459.50	0.000e+00	0.000e+00	0.000e+00
178460.50	0.000e+00	0.000e+00	0.000e+00
178461.50	0.000e+00	0.000e+00	0.000e+00
178462.50	0.000e+00	0.000e+00	0.000e+00
178463.50	0.000e+00	0.000e+00	0.000e+00
178464.50	0.000e+00	0.000e+00	0.000e+00
178465.50	0.000e+00	0.000e+00	0.000e+00
178466.50	0.000e+00	0.000e+00	0.000e+00
178467.50	0.000e+00	0.000e+00	0.000e+00
178468.50	0.000e+00	0.000e+00	0.000e+00
178469.50	0.000e+00	0.000e+00	0.000e+00
178470.50	0.000e+00	0.000e+00	0.000e+00
178471.50	0.000e+00	0.000e+00	0.000e+00
178472.50	0.000e+00	0.000e+00	0.000e+00
178473.50	0.000e+00	0.000e+00	0.000e+00
178474.50	0.000e+00	0.000e+00	0.000e+00
178475.50	0.000e+00	0.000e+00	0.000e+00
178476.50	0.000e+00	0.000e+00	0.000e+00
178477.50	0.000e+00	0.000e+00	0.000e+00
178478.50	0.000e+00	0.000e+00	0.000e+00
178479.50	0.000e+00	0.000e+00	0.000e+00
178480.50	0.000e+00	0.000e+00	0.000e+00
178481.50	0.000e+00	0.000e+00	0.000e+00
178482.50	0.000e+00	0.000e+00	0.000e+00
178483.50	0.000e+00	0.000e+00	0.000e+00
178484.50	0.000e+00	0.000e+00	0.000e+00
178485.50	0.000e+00	0.000e+00	0.000e+00
178486.50	0.000e+00	0.000e+00	0.000e+00
178487.50	0.000e+00	0.000e+00	0.000e+00
178488.50	0.000e+00	0.000e+00	0.000e+00
178489.50	0.000e+00	0.000e+00	0.000e+00
178490.50	0.000e+00	0.000e+00	0.000e+00
178491.50	0.000e+00	0.000e+00	0.000e+00
178492.50	0.000e+00	0.000e+00	0.000e+00
178493.50	0.000e+00	0.000e+00	0.000e+00
178494.50	0.000e+00	0.000e+00	0.000e+00
178495.50	0.000e+00	0.000e+00	0.000e+00
178496.50	0.000e+00	0.000e+00	0.000e+00
178497.50	0.000e+00	0.000e+00	0.000e+00
178498.50	0.000e+00	0.000e+00	0.000e+00
178499.50	0.000e+00	0.000e+00	0.000e+00
178500.50	0.000e+00	0.000e+00	0.000e+00
178501.50	0.000e+00	0.000e+00	0.000e+00
178502.50	0.000e+00	0.000e+00	0.000e+00
178503.50	0.000e+00	0.000e+00	0.000e+00
178504.50	0.000e+00	0.000e+00	0.000e+00
178505.50	0.000e+00	0.000e+00	0.000e+00
178506.50	0.000e+00	0.000e+00	0.000e+00
178507.50	0.000e+00	0.000e+00	0.000e+00
178508.50	0.000e+00	0.000e+00	0.000e+00
178509.50	0.000e+00	0.000e+00	0.000e+00
178510.50	0.000e+00	0.000e+00	0.000e+00
178511.50	0.000e+00	0.000e+00	0.000e+00
178512.50	0.000e+00	0.000e+00	0.000e+00
178513.50	0.000e+00	0.000e+00	0.000e+00
178514.50	0.000e+00	0.000e+00	0.000e+00
178515.50	0.000e+00	0.000e+00	0.000e+00
178516.50	0.000e+00	0.000e+00	0.000e+00
178517.50	0.000e+00	0.000e+00	0.000e+00
178518.50	0.000e+00	0.000e+00	0.000e+00
178519.50	0.000e+00	0.000e+00	0.000e+00
178520.50	0.000e+00	0.000e+00	0.000e+00
178521.50	0.000e+00	0.000e+00	0.000e+00
178522.50	0.000e+00	0.000e+00	0.000e+00
178523.50	0.000e+00	0.000e+00	0.000e+00
178524.50	0.000e+00	0.000e+00	0.000e+00
178525.50	0.000e+00	0.000e+00	0.000e+00
178526.50	0.000e+00	0.000e+00	0.000e+00
178527.50	0.000e+00	0.000e+00	0.000e+00
178528.50	0.000e+00	0.000e+00	0.000e+00
178529.50	0.000e+00	0.000e+00	0.000e+00
178530.50	0.000e+00	0.000e+00	0.000e+00
178531.50	0.000e+00	0.000e+00	0.000e+00
178532.50	0.000e+00	0.000e+00	0.000e+00
178533.50	0.000e+00	0.000e+00	0.000e+00
178534.50	0.000e+00	0.000e+00	0.000e+00
178535.50	0.000e+00	0.000e+00	0.000e+00
178536.50	0.000e+00	0.000e+00	0.000e+00
178537.50	0.000e+00	0.000e+00	0.000e+00
178538.50	0.000e+00	0.000e+00	0.000e+00
178539.50	0.000e+00	0.000e+00	0.000e+00
178540.50	0.000e+00	0.000e+00	0.000e+00
178541.50	0.000e+00	0.000e+00	0.000e+00
178542.50	0.000e+00	0.000e+00	0.000e+00
178543.50	0.000e+00	0.000e+00	0.000e+00
178544.50	0.000e+00	0.000e+00	0.000e+00
178545.50	0.000e+00	0.000e+00	0.000e+00
178546.50	0.000e+00	0.000e+00	0.000e+00
178547.50	0.000e+00	0.000e+00	0.000e+00
178548.50	0.000e+00	0.000e+00	0.000e+00
178549.50	0.000e+00	0.000e+00	0.000e+00
178550.50	0.000e+00	0.000e+00	0.000e+00
178551.50	0.000e+00	0.000e+00	0.000e+00
178552.50	0.000e+00	0.000e+00	0.000e+00
178553.50	0.000e+00	0.000e+00	0.000e+00
178554.50	0.000e+00	0.000e+00	0.000e+00
178555.50	0.000e+00	0.000e+00	0.000e+00
178556.50	0.000e+00	0.000e+00	0.000e+00
178557.50	0.000e+00	0.000e+00	0.000e+00
178558.50	0.000e+00	0.000e+00	0.000e+00
178559.50	0.000e+00	0.000e+00	0.000e+00
178560.50	0.000e+00	0.000e+00	0.000e+00
178561.50	0.000e+00	0.000e+00	0.000e+00
178562.50	0.000e+00	0.000e+00	0.000e+00
178563.50	0.000e+00	0.000e+00	0.000e+00
178564.50	0.000e+00	0.000e+00	0.000e+00
178565.50	0.000e+00	0.000e+00	0.000e+00
178566.50	0.000e+00	0.000e+00	0.000e+00
178567.50	0.000e+00	0.000e+00	0.000e+00
178568.50	0.000e+00	0.000e+00	0.000e+00
178569.50	0.000e+00	0.000e+00	0.000e+00
178570.50	0.000e+00	0.000e+00	0.000e+00
178571.50	0.000e+00	0.000e+00	0.000e+00
178572.50	0.000e+00	0.000e+00	0.000e+00
178573.50	0.000e+00	0.000e+00	0.000e+00
178574.50	0.000e+00	0.000e+00	0.000e+00
178575.50	0.000e+00	0.000e+00	0.000e+00
178576.50	0.000e+00	0.000e+00	0.000e+00
178577.50	0.000e+00	0.000e+00	0.000e+00
178578.50	0.000e+00	0.000e+00	0.000e+00
178579.50	0.000e+00	0.000e+00	0.000e+00
178580.50	0.000e+00	0.000e+00	0.000e+00
178581.50	0.000e+00	0.000e+00	0.000e+00
178582.50	0.000e+00	0.000e+00	0.000e+00
178583.50	0.000e+00	0.000e+00	0.000e+00
178584.50	0.000e+00	0.000e+00	0.000e+00
178585.50	0.000e+00	0.000e+00	0.000e+00
178586.50	0.000e+00	0.000e+00	0.000e+00
178587.50	-4.416e-04	-3.235e-03	9.418e-03
178588.50	-4.906e-04	-9.274e-03	7.046e-03
178589.50	-5.318e-04	2.765e-03	1.402e-02
178590.50	2.342e-04	-7.056e-04	-6.614e-03
178591.50	3.581e-04	2.314e-03	-7.978e-03
178592.50	1.613e-05	7.402e-04	-3.504e-04
178593.50	1.392e-05	-2.909e-03	-1.997e-03
178594.50	-1.171e-04	-1.277e-02	-6.480e-03
178595.50	5.520e-05	9.226e-03	5.923e-03
178596.50	8.189e-05	8.851e-05	-2.304e-03
178597.50	-1.162e-04	-4.656e-04	1.786e-03
178598.50	2.726e-04	8.678e-04	-5.904e-03
178599.50	-1.488e-05	1.411e-03	1.930e-03
178600.50	1.978e-03	-1.363e-02	-6.307e-02
178601.50	2.198e-03	-5.357e-05	-6.029e-02
178602.50	-3.456e-03	-3.226e-02	7.613e-02
178603.50	-7.690e-03	-2.150e-01	6.701e-02
178604.50	-3.638e-02	-1.325e+00	7.171e-02
178605.50	-7.718e-03	-2.832e+00	-1.872e+00
178606.50	-1.978e-01	-1.296e+01	-3.984e+00
178607.50	-2.707e-01	-2.112e+01	-8.083e+00
178608.50	-4.330e-01	-3.312e+01	-1.258e+01
178609.50	-1.123e+00	-5.654e+01	-1.104e+01
178610.50	-1.411e+00	-7.997e+01	-2.131e+01
178611.50	-1.459e+00	-8.102e+01	-2.131e+01
178612.50	-2.534e+00	-1.142e+02	-1.738e+01
178613.50	-2.458e+00	-1.046e+02	-1.325e+01
178614.50	-2.304e+00	-1.037e+02	-1.795e+01
178615.50	-2.218e+00	-9.293e+01	-1.363e+01
178616.50	-1.613e+00	-5.770e+01	-3.197e+00
178617.50	-1.056e+00	-2.554e+01	6.845e+00
178618.50	-7.862e-01	-1.526e+01	7.526e+00
178619.50	-6.192e-02	4.810e-01	5.462e-02
178620.50	2.918e-01	1.430e+01	1.930e+00
178621.50	1.718e-01	2.054e+01	9.571e+00
178622.50	3.936e-01	2.765e+01	9.264e+00
178623.50	2.554e-01	2.381e+01	1.027e+01
178624.50	8.611e-01	3.341e+01	1.958e+00
178625.50	7.181e-01	2.861e+01	2.189e+00
178626.50	9.427e-01	3.562e+01	2.208e+00
178627.50	6.624e-01	3.302e+01	7.440e+00
178628.50	5.261e-01	3.168e+01	1.008e+01
178629.50	6.269e-01	2.995e+01	6.125e+00
178630.50	7.018e-01	3.091e+01	4.982e+00
178631.50	8.189e-01	2.822e+01	6.720e-01
178632.50	5.962e-01	2.957e+01	6.874e+00
178633.50	6.163e-01	2.390e+01	2.035e+00
178634.50	7.027e-01	2.371e+01	7.594e-02
178635.50	5.395e-01	2.246e+01	2.765e+00
178636.50	5.280e-01	2.198e+01	2.995e+00
178637.50	3.917e-01	1.766e+01	2.957e+00
178638.50	4.858e-01	1.709e+01	3.974e-01
178639.50	3.955e-01	1.690e+01	2.448e+00
178640.50	2.054e-01	1.450e+01	5.712e+00
178641.50	4.762e-01	1.738e+01	1.046e+00
178642.50	2.544e-01	1.344e+01	3.398e+00
178643.50	3.158e-01	1.411e+01	2.678e+00
178644.50	2.755e-01	1.123e+01	1.325e+00
178645.50	3.139e-01	1.171e+01	8.256e-01
178646.50	3.034e-01	1.114e+01	7.382e-01
178647.50	3.533e-01	1.085e+01	-8.774e-01
178648.50	2.554e-01	1.056e+01	1.248e+00
178649.50	1.488e-01	6.134e+00	5.251e-01
178650.50	1.488e-01	7.440e+00	1.786e+00
178651.50	1.238e-01	6.413e+00	1.565e+00
178652.50	2.131e-01	8.602e+00	9.600e-01
178653.50	7.930e-02	7.190e+00	3.350e+00
178654.50	1.987e-01	6.624e+00	5.750e-02
178655.50	2.333e-01	7.728e+00	1.718e-02
178656.50	1.046e-01	6.163e+00	1.738e+00
178657.50	1.939e-01	5.952e+00	-5.395e-01
178658.50	8.179e-02	6.115e+00	2.362e+00
178659.50	1.162e-01	5.299e+00	9.696e-01
178660.50	1.411e-01	4.339e+00	-3.245e-01
178661.50	9.888e-02	4.704e+00	1.066e+00
178662.50	1.171e-01	3.456e+00	-3.984e-01
178663.50	6.902e-02	3.418e+00	7.046e-01
178664.50	7.872e-02	2.813e+00	1.267e-01
178665.50	4.397e-02	3.830e+00	1.776e+00
178666.50	9.360e-02	3.504e+00	3.014e-01
178667.50	6.730e-02	2.803e+00	3.994e-01
178668.50	8.870e-02	3.091e+00	-8.822e-02
178669.50	1.584e-01	4.675e+00	-4.138e-01
178670.50	3.312e-02	2.890e+00	1.267e+00
178671.50	3.408e-02	1.891e+00	4.493e-01
178672.50	4.147e-02	2.419e+00	6.547e-01
178673.50	6.240e-02	2.458e+00	3.101e-01
178674.50	5.059e-02	1.910e+00	-1.843e-02
178675.50	7.709e-02	1.738e+00	-6.394e-01
178676.50	6.182e-02	2.189e+00	7.066e-02
178677.50	3.936e-02	1.728e+00	2.602e-01
178678.50	2.218e-02	2.477e+00	1.315e+00
178679.50	6.096e-02	1.373e+00	-4.531e-01
178680.50	1.344e-03	1.373e+00	1.037e+00
178681.50	1.258e-02	1.018e+00	3.629e-01
178682.50	4.675e-02	1.709e+00	1.757e-01
178683.50	4.099e-02	1.718e+00	2.006e-01
178684.50	3.446e-02	1.152e+00	-4.493e-02
178685.50	3.158e-02	1.670e+00	6.288e-01
178686.50	4.243e-02	1.613e+00	1.267e-01
178687.50	-1.910e-03	6.883e-01	4.080e-01
178688.50	-2.477e-02	1.056e+00	1.123e+00
178689.50	2.544e-02	1.498e+00	4.464e-01
178690.50	4.589e-02	1.891e+00	2.506e-01
178691.50	-4.512e-03	4.186e-01	3.408e-01
178692.50	4.262e-02	1.306e+00	-4.464e-02
178693.50	2.630e-02	1.411e+00	2.448e-01
178694.50	5.789e-02	1.238e+00	-2.842e-01
178695.50	2.678e-02	5.856e-01	-2.045e-01
178696.50	1.853e-02	8.323e-01	1.642e-01
178697.50	4.752e-03	4.963e-01	1.594e-01
178698.50	3.101e-02	2.083e-01	-6.384e-01
178699.50	3.456e-02	9.984e-01	-1.584e-01
178700.50	6.778e-03	1.037e+00	5.952e-01
178701.50	4.781e-02	1.018e+00	-3.389e-01
178702.50	3.485e-02	6.998e-01	-4.906e-01
178703.50	-9.120e-03	5.683e-01	7.046e-01
178704.50	9.523e-03	4.627e-01	8.851e-02
178705.50	8.842e-03	6.298e-01	2.880e-01
178706.50	2.784e-02	7.104e-01	-1.258e-01
178707.50	1.584e-02	2.813e-01	-1.651e-01
178708.50	9.792e-03	7.190e-01	1.891e-01
178709.50	1.882e-02	1.056e+00	2.534e-01
178710.50	-3.542e-03	3.504e-01	3.024e-01
178711.50	2.122e-02	5.578e-01	-7.421e-02
178712.50	-4.445e-03	4.637e-01	4.608e-01
178713.50	2.285e-02	5.405e-01	-1.795e-01
178714.50	-8.880e-03	-9.888e-02	1.210e-01
178715.50	-8.688e-03	1.421e-01	2.794e-01
178716.50	2.266e-02	1.066e+00	2.083e-01
178717.50	1.334e-02	4.877e-01	1.373e-01
178718.50	3.158e-03	8.141e-02	6.883e-03
178719.50	1.008e-02	3.677e-01	-6.115e-02
178720.50	2.419e-02	3.178e-01	-3.043e-01
178721.50	1.776e-02	3.974e-01	-1.891e-01
178722.50	6.595e-03	3.619e-01	4.147e-02
178723.50	-1.181e-02	-6.912e-02	1.632e-01
178724.50	1.747e-02	6.317e-01	1.402e-01
178725.50	1.795e-02	3.043e-01	-2.429e-01
178726.50	8.131e-03	1.104e-01	-1.882e-01
178727.50	1.104e-03	3.226e-01	7.536e-02
178728.50	-5.078e-03	1.824e-01	1.690e-01
178729.50	1.488e-02	3.955e-01	-8.477e-02
178730.50	1.910e-02	5.098e-01	-1.008e-01
178731.50	-2.669e-03	-8.563e-03	1.344e-01
178732.50	-1.450e-02	3.994e-02	4.358e-01
178733.50	2.352e-02	2.822e-01	-3.917e-01
178734.50	1.190e-02	2.630e-01	-6.384e-02
178735.50	8.784e-03	-8.074e-02	-3.427e-01
178736.50	-3.946e-03	-8.419e-02	-4.954e-03
178737.50	-1.334e-02	2.515e-02	2.938e-01
178738.50	1.747e-02	5.674e-01	1.421e-02
178739.50	-2.573e-03	4.320e-01	4.224e-01
178740.50	-1.373e-02	-1.306e-01	2.621e-01
178741.50	-2.429e-03	2.563e-01	2.112e-01
178742.50	2.861e-03	-1.267e-01	-2.074e-01
178743.50	8.698e-03	7.661e-02	-1.315e-01
178744.50	1.997e-02	3.542e-01	-1.987e-01
178745.50	1.555e-02	3.773e-01	-2.477e-02
178746.50	2.746e-03	7.171e-02	-2.717e-02
178747.50	-1.027e-03	2.083e-01	1.526e-01
178748.50	-3.456e-03	8.803e-02	1.718e-01
178749.50	1.526e-02	1.574e-01	-3.043e-01
178750.50	2.611e-03	3.139e-01	1.718e-01
178751.50	4.397e-05	2.112e-02	-5.261e-02
178752.50	-1.162e-02	2.189e-01	4.531e-01
178753.50	-4.550e-03	2.074e-01	1.690e-01
178754.50	1.008e-02	3.782e-02	-2.275e-01
178755.50	-1.488e-03	-3.830e-01	-2.832e-01
178756.50	-6.595e-03	6.490e-02	2.112e-01
178757.50	1.296e-02	4.070e-01	4.646e-02
178758.50	-3.158e-03	-4.675e-02	-3.379e-02
178759.50	1.229e-02	3.322e-01	-1.488e-02
178760.50	-7.757e-04	3.389e-02	-3.610e-02
178761.50	6.922e-03	6.576e-02	-2.957e-03
178762.50	1.075e-03	2.035e-01	1.891e-01
178763.50	-1.248e-03	1.795e-01	1.296e-01
178764.50	7.411e-03	1.200e-01	-6.307e-02
178765.50	-1.363e-02	1.219e-01	4.128e-01
178766.50	-1.354e-02	-2.544e-01	4.099e-02
178767.50	7.190e-03	2.381e-01	-2.784e-02
178768.50	-2.390e-03	-2.122e-01	-1.786e-01
178769.50	-8.832e-04	1.296e-01	1.382e-01
178770.50	-4.128e-03	-1.546e-01	-8.477e-03
178771.50	-2.237e-03	-1.517e-01	-1.056e-01
178772.50	7.680e-03	2.170e-01	1.344e-02
178773.50	3.235e-03	1.123e-01	2.957e-02
178774.50	-3.082e-03	-4.973e-03	5.280e-02
178775.50	-2.890e-03	2.640e-01	2.208e-01
178776.50	-5.395e-03	-3.754e-02	1.200e-01
178777.50	6.461e-03	2.150e-02	-7.613e-02
178778.50	6.902e-03	2.266e-01	1.728e-02
178779.50	1.459e-03	1.200e-01	1.718e-02
178780.50	-5.318e-03	-9.792e-03	4.771e-02
178781.50	4.963e-03	-4.387e-02	-1.680e-01
178782.50	6.432e-03	2.141e-01	5.318e-02
178783.50	-5.405e-03	-5.117e-02	1.334e-01
178784.50	-2.774e-03	2.832e-02	2.995e-02
178785.50	7.594e-03	1.037e-01	1.210e-03
178786.50	-9.888e-03	-3.734e-02	2.410e-01
178787.50	-4.762e-03	-2.947e-02	-4.291e-03
178788.50	1.421e-02	1.546e-01	-2.592e-01
178789.50	-1.315e-03	1.277e-02	1.162e-01
178790.50	-5.280e-03	-1.757e-01	8.640e-05
178791.50	1.037e-02	-1.334e-01	-3.744e-01
178792.50	1.315e-03	1.258e-01	6.970e-02
178793.50	-2.362e-03	6.816e-02	7.382e-02
178794.50	-6.298e-03	-1.843e-03	1.786e-01
178795.50	9.350e-03	2.045e-01	-3.341e-02
178796.50	-1.853e-03	-5.040e-02	1.766e-02
178797.50	-4.416e-03	-3.802e-02	1.363e-03
178798.50	1.258e-02	1.526e-01	-1.728e-01
178799.50	-1.344e-02	-3.120e-01	6.442e-02
178800.50	9.888e-03	2.150e-01	-7.939e-02
178801.50	6.605e-03	1.219e-01	-2.304e-02
178802.50	4.618e-03	7.123e-03	1.594e-02
178803.50	-1.363e-02	-1.795e-01	1.574e-01
178804.50	-2.506e-03	6.893e-02	1.430e-01
178805.50	-6.038e-03	1.229e-01	2.400e-01
178806.50	-7.834e-03	-9.418e-04	1.306e-01
178807.50	7.334e-03	1.901e-01	-5.434e-02
178808.50	-5.232e-03	-4.598e-03	1.421e-01
178809.50	-1.066e-02	1.104e-02	1.862e-01
178810.50	-3.629e-03	1.296e-01	1.354e-01
178811.50	6.470e-03	1.181e-01	9.984e-03
178812.50	4.714e-03	6.288e-02	-6.144e-02
178813.50	7.430e-03	-8.285e-03	-1.574e-01
178814.50	1.469e-02	8.448e-02	7.392e-03
178815.50	1.027e-02	8.390e-02	-1.939e-01
178816.50	-1.680e-03	3.235e-03	-2.448e-02
178817.50	6.394e-03	-1.450e-01	-2.726e-01
178818.50	5.443e-04	2.534e-02	5.856e-02
178819.50	1.104e-03	-1.152e-02	-4.781e-02
178820.50	-9.341e-03	2.227e-03	1.651e-01
178821.50	-8.947e-03	-1.690e-01	-1.901e-04
178822.50	7.018e-03	1.459e-01	-7.200e-02
178823.50	1.939e-03	-6.816e-03	-3.360e-02
178824.50	-7.027e-04	1.123e-01	5.539e-02
178825.50	6.778e-03	-8.218e-02	-2.698e-01
178826.50	-1.123e-02	-1.200e-01	5.165e-02
178827.50	1.882e-03	5.376e-02	-3.946e-03
178828.50	-1.642e-03	2.890e-02	9.168e-03
178829.50	8.419e-04	9.792e-02	3.562e-02
178830.50	6.365e-03	1.373e-01	-8.496e-03
178831.50	-8.333e-03	-1.258e-01	9.792e-02
178832.50	-1.037e-02	-1.325e-01	1.642e-01
178833.50	2.189e-03	-3.802e-02	-1.690e-01
178834.50	-1.037e-02	-1.517e-01	8.112e-02
178835.50	2.534e-03	6.010e-03	-6.979e-02
178836.50	5.789e-03	1.901e-01	-8.045e-02
178837.50	5.760e-03	-5.654e-03	-7.123e-02
178838.50	2.486e-04	-9.437e-02	-3.024e-02
178839.50	6.758e-03	1.517e-01	2.803e-02
178840.50	2.294e-03	2.371e-02	9.312e-03
178841.50	-4.090e-03	1.123e-01	1.344e-01
178842.50	-4.214e-03	9.888e-02	1.642e-01
178843.50	2.659e-03	-1.680e-02	-1.008e-02
178844.50	8.544e-03	9.254e-02	-7.267e-02
178845.50	-3.053e-03	-9.888e-02	-4.061e-02
178846.50	-1.238e-03	-5.414e-02	-3.898e-02
178847.50	-1.066e-02	-4.387e-02	2.304e-01
178848.50	-1.670e-02	-2.045e-01	1.930e-01
178849.50	8.813e-03	2.630e-01	-9.600e-03
178850.50	3.658e-03	-1.517e-02	-9.600e-02
178851.50	7.594e-03	2.563e-03	-2.064e-01
178852.50	8.170e-03	2.611e-01	-2.650e-02
178853.50	1.958e-04	-2.131e-02	-3.936e-02
178854.50	-2.890e-04	1.968e-01	9.187e-02
178855.50	-3.485e-04	-9.437e-02	1.632e-02
178856.50	-7.632e-03	-1.555e-01	1.920e-02
178857.50	-7.046e-03	-7.594e-02	1.267e-01
178858.50	5.338e-03	1.536e-01	-1.805e-02
178859.50	2.016e-04	9.014e-02	3.331e-02
178860.50	-8.918e-04	-5.088e-02	-5.002e-02
178861.50	-1.834e-03	-1.152e-01	2.659e-03
178862.50	3.446e-03	2.966e-02	-2.477e-02
178863.50	8.573e-03	1.046e-01	-1.306e-01
178864.50	1.843e-03	3.811e-02	-2.246e-02
178865.50	-2.957e-03	-4.186e-02	9.005e-03
178866.50	1.190e-04	-2.726e-02	-1.603e-02
178867.50	-2.131e-03	7.939e-02	9.254e-02
178868.50	-2.026e-03	5.107e-02	6.893e-02
178869.50	-5.472e-04	-4.819e-02	-2.362e-02
178870.50	-3.178e-03	-8.621e-02	7.901e-03
178871.50	-3.994e-03	2.899e-03	9.888e-02
178872.50	-1.555e-03	-1.718e-01	-1.152e-01
178873.50	5.126e-03	-1.920e-02	-9.014e-02
178874.50	-9.533e-04	2.314e-02	5.606e-02
178875.50	4.214e-03	-2.496e-03	-1.306e-01
178876.50	-7.075e-03	-1.037e-01	6.125e-02
178877.50	-3.293e-03	6.806e-02	1.248e-01
178878.50	4.378e-03	1.440e-01	1.507e-02
178879.50	2.390e-03	5.741e-02	1.546e-02
178880.50	-4.992e-03	-1.094e-01	3.898e-02
178881.50	1.651e-03	3.926e-02	-7.891e-03
178882.50	5.894e-03	8.822e-02	-4.992e-02
178883.50	6.566e-03	1.075e-01	-2.525e-02
178884.50	8.659e-03	8.698e-02	-8.813e-02
178885.50	-5.194e-03	-1.526e-01	3.840e-02
178886.50	-1.267e-02	-5.664e-02	2.006e-01
178887.50	-3.898e-03	7.104e-02	4.963e-02
178888.50	-1.872e-04	-4.762e-02	-6.038e-02
178889.50	-9.984e-03	-2.035e-01	6.067e-02
178890.50	-1.488e-05	-9.984e-02	-4.493e-02
178891.50	-3.955e-04	-1.325e-02	1.296e-02
178892.50	-2.746e-03	4.080e-02	5.827e-02
178893.50	9.494e-03	1.459e-01	-9.456e-02
178894.50	1.200e-02	1.162e-01	-1.546e-01
178895.50	5.904e-04	-6.096e-02	-8.141e-02
178896.50	-1.958e-03	1.594e-02	1.267e-02
178897.50	-4.272e-04	5.098e-02	3.360e-02
178898.50	-1.037e-03	-3.610e-02	2.477e-02
178899.50	1.027e-03	-1.190e-02	-1.200e-02
178900.50	3.514e-03	5.347e-02	-3.878e-02
178901.50	6.893e-04	1.373e-01	1.123e-01
178902.50	-5.270e-03	-8.986e-03	1.306e-01
178903.50	6.989e-03	9.456e-02	-5.779e-02
178904.50	1.200e-03	3.658e-03	-3.130e-02
178905.50	-7.238e-05	-3.936e-02	-2.563e-02
178906.50	5.837e-04	-7.478e-02	-7.315e-02
178907.50	-2.899e-04	-1.008e-01	-1.008e-01
178908.50	-5.376e-03	-3.101e-02	4.550e-02
178909.50	-4.762e-03	-7.517e-02	4.358e-02
178910.50	-5.280e-03	-5.722e-02	4.723e-02
178911.50	-7.747e-04	5.146e-02	9.888e-02
178912.50	-1.046e-03	-7.805e-03	6.163e-02
178913.50	3.590e-03	-3.091e-03	-6.134e-02
178914.50	-1.229e-03	-1.411e-02	3.600e-03
178915.50	-1.210e-03	3.955e-02	3.312e-02
178916.50	-3.158e-04	-1.392e-02	-3.350e-02
178917.50	1.987e-03	5.040e-02	-2.429e-02
178918.50	1.882e-03	1.824e-02	-2.390e-02
178919.50	6.182e-03	2.342e-02	-5.875e-02
178920.50	-5.338e-03	-1.056e-01	6.480e-02
178921.50	-5.453e-03	-7.507e-02	6.931e-02
178922.50	-5.040e-03	-2.170e-02	1.190e-01
178923.50	1.718e-04	7.565e-02	7.574e-02
178924.50	3.706e-03	5.462e-02	-3.264e-03
178925.50	3.197e-03	4.560e-02	-2.582e-03
178926.50	5.059e-04	2.774e-02	-3.322e-02
178927.50	2.755e-03	3.389e-02	-5.203e-02
178928.50	3.197e-03	8.294e-02	-2.275e-02
178929.50	-3.946e-03	-6.701e-02	5.798e-02
178930.50	-1.411e-03	3.859e-02	4.992e-02
178931.50	-5.222e-04	-3.878e-02	-2.093e-02
178932.50	2.045e-06	6.115e-03	-2.458e-02
178933.50	1.085e-03	5.904e-02	-1.450e-02
178934.50	-3.965e-03	-6.874e-02	-4.771e-02
178935.50	3.533e-03	7.363e-02	-3.504e-02
178936.50	5.453e-03	7.018e-02	-5.520e-02
178937.50	-3.734e-03	-3.830e-02	7.670e-02
178938.50	1.114e-04	-1.354e-02	-2.179e-02
178939.50	-5.002e-04	2.678e-02	6.202e-02
178940.50	3.504e-03	8.707e-02	-2.419e-02
178941.50	-1.382e-03	-6.893e-02	-5.702e-02
178942.50	-2.678e-04	-4.762e-03	-4.848e-04
178943.50	-2.918e-03	-1.901e-02	3.926e-02
178944.50	-1.085e-03	-8.870e-02	-5.213e-02
178945.50	-5.933e-03	-2.822e-02	1.027e-01
178946.50	3.686e-03	5.078e-02	-5.981e-02
178947.50	-7.603e-04	2.640e-02	1.526e-02
178948.50	5.184e-03	8.400e-02	-1.670e-02
178949.50	3.754e-03	6.115e-02	-7.853e-02
178950.50	-6.317e-03	-1.200e-02	1.133e-01
178951.50	-2.957e-04	-2.122e-02	-2.966e-02
178952.50	8.112e-03	7.075e-02	-1.382e-01
178953.50	-1.277e-03	3.091e-02	8.150e-02
178954.50	-3.629e-03	-5.635e-02	4.243e-02
178955.50	-2.794e-03	-5.318e-02	3.158e-02
178956.50	-2.342e-03	-2.938e-03	2.285e-03
178957.50	1.872e-03	-1.613e-02	-7.402e-02
178958.50	2.400e-03	-3.043e-02	-6.480e-02
