178360.50	0.000e+00	0.000e+00	0.000e+00
178361.50	0.000e+00	0.000e+00	0.000e+00
178362.50	0.000e+00	0.000e+00	0.000e+00
178363.50	0.000e+00	0.000e+00	0.000e+00
178364.50	0.000e+00	0.000e+00	0.000e+00
178365.50	0.000e+00	0.000e+00	0.000e+00
178366.50	0.000e+00	0.000e+00	0.000e+00
178367.50	0.000e+00	0.000e+00	0.000e+00
178368.50	0.000e+00	0.000e+00	0.000e+00
178369.50	0.000e+00	0.000e+00	0.000e+00
178370.50	0.000e+00	0.000e+00	0.000e+00
178371.50	0.000e+00	0.000e+00	0.000e+00
178372.50	0.000e+00	0.000e+00	0.000e+00
178373.50	0.000e+00	0.000e+00	0.000e+00
178374.50	0.000e+00	0.000e+00	0.000e+00
178375.50	0.000e+00	0.000e+00	0.000e+00
178376.50	0.000e+00	0.000e+00	0.000e+00
178377.50	0.000e+00	0.000e+00	0.000e+00
178378.50	0.000e+00	0.000e+00	0.000e+00
178379.50	0.000e+00	0.000e+00	0.000e+00
178380.50	0.000e+00	0.000e+00	0.000e+00
178381.50	0.000e+00	0.000e+00	0.000e+00
178382.50	0.000e+00	0.000e+00	0.000e+00
178383.50	0.000e+00	0.000e+00	0.000e+00
178384.50	0.000e+00	0.000e+00	0.000e+00
178385.50	0.000e+00	0.000e+00	0.000e+00
178386.50	0.000e+00	0.000e+00	0.000e+00
178387.50	0.000e+00	0.000e+00	0.000e+00
178388.50	0.000e+00	0.000e+00	0.000e+00
178389.50	0.000e+00	0.000e+00	0.000e+00
178390.50	0.000e+00	0.000e+00	0.000e+00
178391.50	0.000e+00	0.000e+00	0.000e+00
178392.50	0.000e+00	0.000e+00	0.000e+00
178393.50	0.000e+00	0.000e+00	0.000e+00
178394.50	0.000e+00	0.000e+00	0.000e+00
178395.50	0.000e+00	0.000e+00	0.000e+00
178396.50	0.000e+00	0.000e+00	0.000e+00
178397.50	0.000e+00	0.000e+00	0.000e+00
178398.50	0.000e+00	0.000e+00	0.000e+00
178399.50	0.000e+00	0.000e+00	0.000e+00
178400.50	0.000e+00	0.000e+00	0.000e+00
178401.50	0.000e+00	0.000e+00	0.000e+00
178402.50	0.000e+00	0.000e+00	0.000e+00
178403.50	0.000e+00	0.000e+00	0.000e+00
178404.50	0.000e+00	0.000e+00	0.000e+00
178405.50	0.000e+00	0.000e+00	0.000e+00
178406.50	0.000e+00	0.000e+00	0.000e+00
178407.50	0.000e+00	0.000e+00	0.000e+00
178408.50	0.000e+00	0.000e+00	0.000e+00
178409.50	0.000e+00	0.000e+00	0.000e+00
178410.50	0.000e+00	0.000e+00	0.000e+00
178411.50	0.000e+00	0.000e+00	0.000e+00
178412.50	0.000e+00	0.000e+00	0.000e+00
178413.50	0.000e+00	0.000e+00	0.000e+00
178414.50	0.000e+00	0.000e+00	0.000e+00
178415.50	0.000e+00	0.000e+00	0.000e+00
178416.50	0.000e+00	0.000e+00	0.000e+00
178417.50	0.000e+00	0.000e+00	0.000e+00
178418.50	0.000e+00	0.000e+00	0.000e+00
178419.50	0.000e+00	0.000e+00	0.000e+00
178420.50	0.000e+00	0.000e+00	0.000e+00
178421.50	0.000e+00	0.000e+00	0.000e+00
178422.50	0.000e+00	0.000e+00	0.000e+00
178423.50	0.000e+00	0.000e+00	0.000e+00
178424.50	0.000e+00	0.000e+00	0.000e+00
178425.50	0.000e+00	0.000e+00	0.000e+00
178426.50	0.000e+00	0.000e+00	0.000e+00
178427.50	0.000e+00	0.000e+00	0.000e+00
178428.50	0.000e+00	0.000e+00	0.000e+00
178429.50	0.000e+00	0.000e+00	0.000e+00
178430.50	0.000e+00	0.000e+00	0.000e+00
178431.50	0.000e+00	0.000e+00	0.000e+00
178432.50	0.000e+00	0.000e+00	0.000e+00
178433.50	0.000e+00	0.000e+00	0.000e+00
178434.50	0.000e+00	0.000e+00	0.000e+00
178435.50	0.000e+00	0.000e+00	0.000e+00
178436.50	0.000e+00	0.000e+00	0.000e+00
178437.50	0.000e+00	0.000e+00	0.000e+00
178438.50	0.000e+00	0.000e+00	0.000e+00
178439.50	0.000e+00	0.000e+00	0.000e+00
178440.50	0.000e+00	0.000e+00	0.000e+00
178441.50	0.000e+00	0.000e+00	0.000e+00
178442.50	0.000e+00	0.000e+00	0.000e+00
178443.50	0.000e+00	0.000e+00	0.000e+00
178444.50	0.000e+00	0.000e+00	0.000e+00
178445.50	0.000e+00	0.000e+00	0.000e+00
178446.50	0.000e+00	0.000e+00	0.000e+00
178447.50	0.000e+00	0.000e+00	0.000e+00
178448.50	0.000e+00	0.000e+00	0.000e+00
178449.50	0.000e+00	0.000e+00	0.000e+00
178450.50	0.000e+00	0.000e+00	0.000e+00
178451.50	0.000e+00	0.000e+00	0.000e+00
178452.50	0.000e+00	0.000e+00	0.000e+00
178453.50	0.000e+00	0.000e+00	0.000e+00
178454.50	0.000e+00	0.000e+00	0.000e+00
178455.50	0.000e+00	0.000e+00	0.000e+00
178456.50	0.000e+00	0.000e+00	0.000e+00
178457.50	0.000e+00	0.000e+00	0.000e+00
178458.50	0.000e+00	0.000e+00	0.000e+00
178459.50	0.000e+00	0.000e+00	0.000e+00
178460.50	0.000e+00	0.000e+00	0.000e+00
178461.50	0.000e+00	0.000e+00	0.000e+00
178462.50	0.000e+00	0.000e+00	0.000e+00
178463.50	0.000e+00	0.000e+00	0.000e+00
178464.50	0.000e+00	0.000e+00	0.000e+00
178465.50	0.000e+00	0.000e+00	0.000e+00
178466.50	-2.880e-06	6.989e-06	1.642e-04
178467.50	9.322e-05	6.634e-03	1.267e-03
178468.50	-3.888e-05	-3.024e-03	-4.176e-04
178469.50	-2.966e-05	-1.920e-03	7.853e-04
178470.50	7.699e-04	-7.622e-04	-2.035e-02
178471.50	1.296e-03	2.486e-02	-1.190e-02
178472.50	-1.738e-03	-1.690e-02	2.477e-02
178473.50	-2.746e-04	-3.082e-03	2.861e-03
178474.50	-1.238e-04	-2.688e-03	-4.541e-03
178475.50	1.075e-04	3.005e-03	5.856e-03
178476.50	5.962e-04	4.733e-04	-6.893e-04
178477.50	-3.552e-04	-1.056e-02	-4.637e-04
178478.50	4.291e-04	1.056e-02	3.888e-03
178479.50	-2.822e-04	-4.954e-04	2.698e-03
178480.50	-8.611e-04	-1.190e-02	-6.326e-03
178481.50	-1.123e-04	-2.534e-02	-1.421e-02
178482.50	1.238e-03	-1.795e-01	-1.066e-01
178483.50	-3.619e-03	1.987e-01	3.322e-01
178484.50	-7.622e-04	-1.123e-01	5.078e-02
178485.50	3.677e-03	2.976e-02	-2.275e-01
178486.50	-5.501e-04	9.696e-02	7.901e-02
178487.50	4.646e-04	-2.006e-02	-5.453e-02
178488.50	4.483e-04	-8.122e-02	-1.594e-01
178489.50	-6.125e-03	-8.688e-01	1.181e-01
178490.50	-8.294e-03	-5.856e-01	4.349e-01
178491.50	-9.024e-03	-2.717e+00	-2.947e-01
178492.50	-6.806e-02	-1.296e+01	4.915e-01
178493.50	-1.450e-01	-4.272e+01	-3.590e+00
178494.50	-4.781e-01	-1.056e+02	1.152e+00
178495.50	-8.477e-01	-2.218e+02	-7.008e+00
178496.50	-1.190e+00	-3.120e+02	-6.221e+00
178497.50	-1.046e+00	-2.573e+02	4.080e+00
178498.50	-1.181e+00	-3.370e+02	-6.432e+00
178499.50	-3.139e-01	-1.162e+02	-3.648e+00
178500.50	3.946e-01	6.096e+01	-6.461e+00
178501.50	3.581e-01	1.094e+02	9.696e+00
178502.50	5.136e-01	1.142e+02	-2.208e+00
178503.50	3.638e-01	9.792e+01	2.870e+00
178504.50	3.667e-01	8.563e+01	-7.498e-01
178505.50	3.427e-01	7.776e+01	-1.680e+00
178506.50	2.362e-01	6.816e+01	3.168e+00
178507.50	2.083e-01	5.933e+01	2.438e+00
178508.50	1.786e-01	4.790e+01	1.085e+00
178509.50	2.323e-01	5.251e+01	-2.122e+00
178510.50	1.853e-01	4.339e+01	-7.699e-01
178511.50	1.738e-01	4.013e+01	-2.035e+00
178512.50	1.469e-01	3.658e+01	2.054e-01
178513.50	1.171e-01	3.302e+01	9.600e-01
178514.50	9.696e-02	3.091e+01	1.776e+00
178515.50	1.085e-01	2.611e+01	-3.264e-01
178516.50	8.496e-02	2.947e+01	2.870e+00
178517.50	7.949e-02	2.371e+01	2.381e+00
178518.50	6.653e-02	2.150e+01	1.056e+00
178519.50	6.490e-02	1.709e+01	-3.619e-01
178520.50	8.611e-02	1.651e+01	-1.421e+00
178521.50	6.019e-02	1.862e+01	6.538e-01
178522.50	6.010e-02	1.565e+01	5.520e-02
178523.50	3.658e-02	1.488e+01	1.286e+00
178524.50	3.590e-02	1.354e+01	9.418e-01
178525.50	5.530e-02	1.574e+01	6.557e-01
178526.50	8.630e-02	1.459e+01	-1.958e+00
178527.50	2.275e-02	1.200e+01	1.546e+00
178528.50	5.050e-02	1.066e+01	-1.747e+00
178529.50	3.149e-02	1.075e+01	-3.187e-01
178530.50	3.350e-02	8.947e+00	-2.794e-01
178531.50	2.304e-02	9.504e+00	9.034e-01
178532.50	1.901e-02	9.504e+00	1.066e+00
178533.50	2.765e-02	7.478e+00	-3.014e-01
178534.50	-8.371e-03	8.064e+00	2.861e+00
178535.50	1.738e-02	5.789e+00	-1.133e-02
178536.50	2.429e-02	7.402e+00	-3.254e-01
178537.50	2.448e-02	7.037e+00	1.622e-01
178538.50	1.162e-02	4.896e+00	3.936e-01
178539.50	2.486e-02	6.374e+00	-1.901e-02
178540.50	2.016e-02	6.374e+00	4.051e-01
178541.50	6.365e-03	3.802e+00	4.416e-01
178542.50	-5.990e-03	3.955e+00	1.498e+00
178543.50	1.651e-02	5.328e+00	2.218e-01
178544.50	6.518e-03	3.821e+00	2.707e-01
178545.50	1.795e-02	4.186e+00	-3.197e-01
178546.50	1.123e-02	3.840e+00	-1.306e-01
178547.50	3.888e-03	3.994e+00	4.915e-01
178548.50	1.958e-02	3.254e+00	-4.512e-01
178549.50	7.325e-03	3.763e+00	8.246e-01
178550.50	8.582e-03	3.293e+00	1.440e-02
178551.50	1.181e-02	2.390e+00	-1.094e-01
178552.50	1.046e-02	3.446e+00	-1.104e-01
178553.50	1.142e-02	2.621e+00	-2.515e-01
178554.50	9.792e-03	2.717e+00	-6.864e-02
178555.50	-6.701e-04	2.640e+00	5.261e-01
178556.50	5.683e-04	2.006e+00	6.451e-01
178557.50	8.842e-03	2.957e+00	5.002e-02
178558.50	4.099e-03	2.035e+00	3.014e-01
178559.50	6.624e-03	1.392e+00	-1.248e-02
178560.50	6.470e-03	1.786e+00	-5.280e-02
178561.50	1.123e-02	2.362e+00	-9.514e-02
178562.50	-6.278e-04	1.718e+00	3.283e-01
178563.50	6.624e-03	1.805e+00	-1.834e-01
178564.50	1.181e-02	2.054e+00	-4.061e-01
178565.50	5.088e-03	1.085e+00	-7.459e-02
178566.50	6.845e-04	6.365e-01	-6.019e-02
178567.50	-1.872e-03	1.354e+00	2.678e-01
178568.50	6.634e-03	1.373e+00	-1.738e-01
178569.50	1.229e-02	1.824e+00	-2.112e-01
178570.50	4.973e-03	1.315e+00	-2.179e-01
178571.50	2.054e-04	4.771e-01	2.602e-01
178572.50	4.051e-03	1.085e+00	-1.133e-01
178573.50	6.077e-04	8.064e-01	-1.392e-01
178574.50	4.282e-03	1.430e+00	-2.410e-01
178575.50	-4.243e-03	1.046e+00	6.413e-01
178576.50	3.523e-03	6.941e-01	-3.062e-01
178577.50	1.968e-04	8.448e-01	2.170e-01
178578.50	-4.896e-03	1.075e+00	5.866e-01
178579.50	4.982e-03	1.200e+00	3.917e-02
178580.50	3.523e-03	8.026e-01	4.003e-01
178581.50	5.059e-03	8.371e-01	6.854e-02
178582.50	7.411e-04	6.029e-01	-3.024e-02
178583.50	-4.944e-03	-1.766e-01	-1.526e-01
178584.50	1.142e-02	6.682e-01	-5.539e-01
178585.50	8.765e-04	5.818e-01	3.437e-01
178586.50	1.171e-02	1.056e+00	-6.144e-01
178587.50	-2.304e-03	3.475e-01	2.602e-01
178588.50	4.848e-05	7.718e-01	-4.493e-02
178589.50	-2.784e-03	4.685e-01	3.226e-01
178590.50	1.190e-03	5.971e-01	-1.123e-01
178591.50	2.102e-04	8.650e-01	2.486e-01
178592.50	-2.256e-03	5.597e-01	3.667e-01
178593.50	1.661e-03	3.082e-01	-2.064e-01
178594.50	4.435e-04	3.187e-01	2.429e-03
178595.50	2.179e-03	6.634e-01	-1.123e-01
178596.50	4.982e-03	6.902e-01	3.245e-02
178597.50	-8.285e-04	1.382e-01	-6.403e-02
178598.50	-6.634e-04	1.354e-01	-1.603e-01
178599.50	-5.165e-03	2.304e-01	2.611e-01
178600.50	-3.370e-03	1.334e-01	-2.266e-01
178601.50	-1.507e-02	1.968e-01	2.419e-01
178602.50	8.976e-03	6.317e-01	-2.477e-01
178603.50	3.734e-03	3.408e-01	-5.165e-02
178604.50	-2.976e-04	4.138e-01	1.075e-02
178605.50	8.054e-04	4.003e-01	-1.104e-01
178606.50	6.778e-03	6.538e-01	-2.582e-01
178607.50	6.989e-03	1.200e-01	-1.853e-01
178608.50	-2.976e-03	2.890e-01	-5.818e-05
178609.50	-3.600e-03	7.517e-02	1.766e-01
178610.50	-1.085e-03	9.485e-02	9.696e-02
178611.50	-4.224e-03	8.448e-02	3.091e-01
178612.50	2.650e-03	5.491e-01	3.811e-02
178613.50	1.354e-02	8.707e-02	-2.870e-02
178614.50	1.267e-02	1.517e-01	-4.454e-01
178615.50	-3.600e-03	-7.642e-02	1.690e-01
178616.50	1.248e-02	6.480e-01	7.046e-04
178617.50	-9.888e-03	4.762e-01	-5.693e-02
178618.50	-2.880e-03	-5.338e-02	1.699e-01
178619.50	-7.747e-04	7.114e-02	5.174e-02
178620.50	-9.514e-03	4.589e-01	1.306e-01
178621.50	5.280e-03	2.419e-01	7.997e-02
178622.50	1.632e-03	-1.411e-01	-2.371e-02
178623.50	2.141e-03	9.888e-02	2.765e-01
178624.50	4.531e-03	3.379e-01	2.179e-03
178625.50	4.176e-03	3.389e-01	-1.891e-01
178626.50	2.083e-03	-3.850e-02	-1.478e-01
178627.50	1.718e-03	8.189e-02	6.202e-02
178628.50	-5.136e-03	2.314e-01	1.690e-01
178629.50	-3.821e-04	4.205e-01	1.862e-01
178630.50	-7.027e-03	7.142e-02	-7.056e-02
178631.50	1.085e-04	1.795e-01	-1.747e-01
178632.50	3.216e-03	1.382e-02	7.469e-02
178633.50	5.702e-03	1.882e-02	-1.219e-01
178634.50	-8.880e-03	-4.570e-01	2.707e-01
178635.50	-2.064e-03	2.237e-01	-1.920e-01
178636.50	-2.400e-03	7.939e-02	1.680e-01
178637.50	-1.114e-02	2.026e-01	1.181e-01
178638.50	8.544e-03	2.093e-01	-2.544e-01
178639.50	1.622e-03	3.283e-01	-5.750e-02
178640.50	-2.688e-03	-5.789e-02	6.403e-02
178641.50	2.496e-03	1.171e-01	-4.848e-02
178642.50	-6.614e-03	8.880e-02	2.544e-01
178643.50	6.432e-03	-8.304e-02	-3.542e-01
178644.50	4.195e-03	6.691e-02	-8.035e-02
178645.50	-7.104e-03	-1.498e-02	1.584e-02
178646.50	7.795e-04	2.928e-01	2.765e-01
178647.50	3.763e-03	8.870e-02	-1.133e-01
178648.50	-6.144e-04	4.858e-03	5.136e-02
178649.50	4.090e-03	-1.574e-02	-2.534e-01
178650.50	1.152e-03	2.323e-01	1.930e-01
178651.50	-5.683e-04	1.728e-01	2.198e-02
178652.50	5.069e-02	3.917e-02	-1.613e-01
178653.50	7.450e-03	4.176e-02	7.392e-02
178654.50	-5.318e-03	3.187e-01	7.286e-02
178655.50	5.635e-04	2.102e-02	-1.056e-01
178656.50	4.070e-03	1.027e-01	-1.469e-01
178657.50	-6.701e-03	5.952e-02	8.621e-02
178658.50	-2.333e-03	-2.794e-02	9.888e-02
178659.50	7.411e-04	-2.160e-01	-1.066e-01
178660.50	7.574e-04	2.054e-01	-2.611e-02
178661.50	-4.579e-04	-4.714e-03	1.440e-01
178662.50	2.525e-03	9.456e-02	5.414e-02
178663.50	-3.245e-03	-1.642e-01	1.450e-02
178664.50	-4.320e-03	7.536e-02	1.258e-01
178665.50	3.715e-03	5.770e-02	-1.584e-01
178666.50	1.843e-03	1.901e-01	-1.910e-01
178667.50	-2.477e-03	-5.597e-02	9.005e-02
178668.50	1.987e-03	1.834e-01	-1.594e-02
178669.50	4.982e-03	2.707e-01	-1.834e-01
178670.50	-1.709e-03	4.435e-02	1.027e-01
178671.50	-1.421e-03	-2.016e-01	1.699e-01
178672.50	-4.781e-03	-1.642e-01	2.534e-01
178673.50	-2.851e-03	-1.632e-02	6.442e-03
178674.50	-4.253e-04	2.150e-01	-5.270e-02
178675.50	2.726e-03	1.661e-01	-2.035e-01
178676.50	-1.555e-03	-1.037e-01	-2.918e-02
178677.50	-1.488e-03	3.523e-02	8.630e-02
178678.50	1.382e-03	2.093e-02	-6.730e-02
178679.50	3.130e-03	3.552e-01	-2.467e-03
178680.50	-3.341e-03	8.534e-02	3.398e-01
178681.50	-5.270e-03	-1.267e-01	1.440e-01
178682.50	4.867e-04	2.294e-01	2.765e-01
178683.50	1.987e-04	-5.635e-02	-6.912e-02
178684.50	2.534e-03	-1.219e-01	-6.749e-02
178685.50	6.643e-04	-6.038e-02	-3.120e-01
178686.50	-3.821e-03	1.805e-02	1.306e-01
178687.50	2.074e-03	1.680e-01	-8.054e-02
178688.50	9.542e-04	-3.696e-02	1.018e-01
178689.50	1.805e-03	5.434e-02	2.352e-02
178690.50	2.227e-03	2.112e-01	-4.915e-02
178691.50	1.219e-03	-2.774e-02	1.555e-02
178692.50	-3.216e-04	3.792e-02	2.429e-01
178693.50	-9.466e-04	1.248e-01	9.984e-02
178694.50	-6.106e-04	9.600e-02	-1.622e-03
178695.50	-1.958e-02	5.558e-02	-4.253e-03
178696.50	-3.840e-03	-2.890e-02	-1.248e-01
178697.50	4.982e-04	-5.395e-02	-1.027e-02
178698.50	-1.210e-03	-1.363e-02	-3.946e-02
178699.50	1.738e-03	6.336e-02	1.555e-01
178700.50	-1.603e-03	-1.142e-01	-3.072e-02
178701.50	-1.478e-03	-2.563e-02	-8.669e-02
178702.50	-1.766e-03	5.654e-03	-1.258e-01
178703.50	-1.354e-02	-8.986e-02	-6.269e-03
178704.50	9.696e-04	1.469e-01	5.779e-02
178705.50	3.158e-03	6.240e-02	3.974e-02
178706.50	1.920e-02	1.162e-01	-3.322e-01
178707.50	-4.541e-03	-2.870e-02	2.458e-01
178708.50	1.594e-04	4.474e-02	-8.141e-02
178709.50	5.213e-03	2.995e-02	1.718e-02
178710.50	6.691e-03	-1.200e-02	-6.653e-02
178711.50	-1.315e-03	1.219e-01	-2.794e-02
178712.50	-5.664e-03	9.110e-02	1.805e-01
178713.50	4.378e-04	-9.149e-02	5.424e-02
178714.50	-4.992e-03	-4.426e-02	-1.536e-02
178715.50	9.696e-04	2.429e-02	-1.814e-03
178716.50	-2.352e-04	-1.085e-02	6.797e-03
178717.50	-2.880e-03	-5.530e-02	9.322e-02
178718.50	2.784e-03	1.507e-01	7.200e-02
178719.50	-4.656e-03	-1.555e-01	5.501e-02
178720.50	-9.581e-04	1.411e-02	4.800e-02
178721.50	5.904e-04	1.738e-02	3.562e-02
178722.50	1.757e-03	-7.027e-02	-7.786e-02
178723.50	5.510e-03	3.024e-02	-4.944e-02
178724.50	2.669e-03	8.083e-02	-1.354e-01
178725.50	-5.760e-03	-1.459e-01	4.723e-02
178726.50	1.085e-03	6.758e-02	1.085e-01
178727.50	9.792e-03	1.536e-01	-1.651e-01
178728.50	5.914e-03	-6.682e-02	-5.904e-02
178729.50	-2.698e-03	-1.718e-01	4.474e-02
178730.50	-5.366e-03	-1.421e-01	9.984e-02
178731.50	-2.448e-03	-1.872e-02	2.333e-02
178732.50	-2.784e-03	1.930e-01	1.651e-02
178733.50	-2.035e-03	-9.456e-02	9.254e-02
178734.50	1.594e-03	2.342e-02	-3.840e-02
178735.50	3.149e-03	-5.261e-02	2.400e-03
178736.50	9.792e-03	5.194e-02	-5.770e-02
178737.50	6.480e-03	3.840e-02	-7.584e-02
178738.50	8.227e-03	2.045e-02	-7.987e-02
178739.50	5.942e-03	1.219e-01	2.890e-02
178740.50	-1.574e-02	-7.555e-02	9.523e-04
178741.50	-2.870e-04	-1.190e-01	4.262e-02
178742.50	1.142e-03	5.856e-02	-1.210e-01
178743.50	-1.968e-03	-1.632e-02	1.757e-02
178744.50	1.565e-04	1.507e-01	-3.734e-02
178745.50	1.104e-03	-7.469e-02	-7.392e-02
178746.50	-1.440e-03	9.600e-02	4.061e-02
178747.50	-1.738e-03	8.698e-02	3.869e-02
178748.50	-1.344e-03	8.909e-02	-1.162e-02
178749.50	1.901e-03	-6.701e-02	-8.381e-02
178750.50	4.454e-03	4.483e-02	-3.917e-02
178751.50	-2.218e-03	5.299e-02	-5.270e-02
178752.50	1.037e-03	4.013e-02	8.794e-02
178753.50	-7.834e-04	-4.138e-02	-9.984e-02
178754.50	-3.034e-03	-1.622e-01	1.363e-01
178755.50	9.005e-04	2.918e-02	-2.515e-02
178756.50	-2.563e-03	-7.882e-03	3.581e-02
178757.50	4.579e-03	-1.814e-02	-1.354e-01
178758.50	2.477e-03	-1.056e-03	-1.315e-01
178759.50	-9.475e-04	1.939e-02	-3.168e-03
178760.50	-5.050e-03	1.440e-02	1.949e-01
178761.50	5.040e-04	-6.758e-02	-3.418e-02
178762.50	1.267e-02	1.171e-01	1.402e-02
178763.50	4.685e-03	-2.371e-02	-5.606e-03
178764.50	2.630e-03	-3.446e-02	-1.430e-01
178765.50	1.334e-03	-1.738e-01	-5.818e-02
178766.50	-6.768e-04	8.678e-02	-4.406e-03
178767.50	-2.534e-03	-2.774e-02	2.198e-01
178768.50	8.784e-04	6.000e-02	-6.106e-03
178769.50	1.210e-05	7.978e-02	-1.910e-02
178770.50	-1.718e-03	1.046e-01	4.790e-02
178771.50	4.771e-03	9.389e-02	1.766e-02
178772.50	-5.578e-03	3.091e-02	4.070e-03
178773.50	-6.317e-04	3.658e-03	4.675e-02
178774.50	-1.507e-03	-4.752e-02	8.419e-02
178775.50	4.742e-03	-1.718e-02	3.581e-02
178776.50	3.677e-03	7.670e-02	-1.987e-02
178777.50	1.517e-04	2.640e-02	-9.024e-02
178778.50	-4.694e-04	-6.106e-02	3.725e-02
178779.50	-1.421e-03	7.066e-02	1.478e-03
178780.50	1.738e-02	1.066e-02	-6.317e-02
178781.50	6.634e-03	-7.862e-02	-1.507e-01
178782.50	-1.642e-04	-4.531e-02	-5.126e-02
178783.50	6.518e-04	1.267e-02	-7.046e-02
178784.50	-9.552e-05	-9.024e-02	2.150e-02
178785.50	-2.986e-03	1.171e-01	1.229e-01
178786.50	-1.152e-03	9.178e-02	1.766e-02
178787.50	8.717e-03	-5.126e-02	-1.200e-02
178788.50	1.430e-02	4.963e-02	3.005e-02
178789.50	-3.274e-04	2.630e-02	-2.400e-02
178790.50	1.987e-03	-8.909e-03	9.533e-02
178791.50	6.182e-04	5.174e-02	-6.835e-02
178792.50	-2.083e-02	-2.736e-02	1.776e-01
178793.50	-1.565e-03	1.670e-02	-5.088e-02
178794.50	6.710e-04	-4.637e-02	-4.128e-02
178795.50	3.120e-04	-2.525e-02	1.450e-02
178796.50	1.795e-03	-7.200e-02	-4.522e-02
178797.50	3.149e-03	2.611e-02	-3.974e-02
178798.50	1.661e-03	-6.586e-03	-5.712e-02
178799.50	1.642e-02	2.909e-02	-2.813e-02
178800.50	3.542e-01	4.656e-01	7.286e-02
178801.50	-1.094e-01	-4.128e-01	4.560e-02
178802.50	-9.792e-02	1.085e-01	1.488e-01
178803.50	-8.707e-02	1.066e-01	3.197e-01
178804.50	-1.843e-02	2.227e-01	-1.306e-01
178805.50	-1.488e-04	9.504e-02	-2.765e-02
178806.50	1.882e-03	-9.792e-02	-6.787e-02
178807.50	2.064e-03	1.123e-02	2.400e-02
178808.50	1.862e-03	1.190e-01	1.248e-01
178809.50	-1.267e-02	1.766e-02	4.627e-02
178810.50	-2.458e-02	6.134e-02	-3.379e-01
178811.50	-1.277e-02	5.117e-02	2.784e-02
178812.50	-2.794e-02	-8.995e-02	-4.570e-02
178813.50	-1.584e-01	-3.792e-01	-2.602e-01
178814.50	-1.248e-01	-2.410e-01	-1.805e-01
178815.50	1.037e-01	1.133e-02	4.378e-01
178816.50	6.672e-02	-3.974e-02	1.027e-01
178817.50	1.123e-03	-3.850e-02	-2.794e-03
178818.50	2.362e-03	3.600e-02	1.603e-02
178819.50	-4.762e-03	-9.792e-02	2.899e-02
178820.50	4.205e-03	8.726e-02	-8.035e-02
178821.50	-1.987e-03	-2.064e-02	7.411e-02
178822.50	-2.832e-03	-5.098e-02	-1.171e-02
178823.50	-1.123e-03	4.733e-02	-6.509e-03
178824.50	8.880e-05	5.338e-02	-3.965e-02
178825.50	2.054e-03	8.563e-02	-6.269e-02
178826.50	2.410e-04	-1.718e-02	-1.670e-02
178827.50	-2.131e-03	-6.490e-02	1.171e-03
178828.50	-2.774e-05	1.786e-02	2.717e-02
178829.50	3.456e-04	-7.430e-03	-2.054e-02
178830.50	-1.229e-03	2.218e-02	6.490e-02
178831.50	4.704e-04	-4.541e-03	-2.285e-02
178832.50	1.152e-03	-6.595e-02	-7.987e-02
178833.50	-1.104e-03	1.421e-02	7.613e-02
178834.50	1.862e-05	1.008e-03	-2.966e-03
178835.50	1.642e-03	2.659e-02	2.582e-02
178836.50	2.045e-03	-1.382e-02	-3.168e-02
178837.50	-1.392e-04	-3.360e-02	2.918e-02
178838.50	-6.029e-04	6.077e-02	5.808e-02
178839.50	1.315e-03	4.147e-02	1.584e-02
178840.50	-2.928e-04	-1.286e-02	-5.453e-03
178841.50	1.795e-04	-6.144e-02	-1.085e-02
178842.50	-2.218e-03	-3.379e-02	-1.776e-02
178843.50	2.342e-04	7.747e-02	5.146e-02
178844.50	4.973e-04	4.138e-02	-2.419e-02
178845.50	1.075e-03	2.045e-02	2.035e-02
178846.50	6.672e-04	1.805e-02	4.579e-02
178847.50	-2.333e-03	4.858e-02	-8.890e-02
178848.50	3.418e-03	-3.274e-02	-5.856e-02
178849.50	2.429e-03	-5.040e-02	-2.707e-02
178850.50	-3.792e-03	-9.696e-02	-3.686e-02
178851.50	-3.072e-03	1.325e-03	1.910e-02
178852.50	-8.352e-04	-6.499e-02	4.186e-02
178853.50	-6.038e-04	-4.061e-02	-3.744e-04
178854.50	-4.445e-04	-1.162e-02	2.170e-02
178855.50	-2.208e-04	-1.210e-02	4.570e-02
178856.50	4.685e-06	5.846e-02	-1.910e-02
178857.50	-2.362e-03	-8.064e-02	2.054e-02
178858.50	1.699e-03	-2.602e-02	-3.600e-02
178859.50	4.330e-03	4.118e-02	-5.328e-02
178860.50	1.315e-03	5.366e-02	-8.314e-02
178861.50	-5.491e-04	8.227e-03	-3.830e-02
178862.50	-1.939e-03	-1.325e-02	2.352e-02
178863.50	-1.824e-03	-2.870e-03	8.266e-02
178864.50	6.173e-04	4.205e-02	-7.805e-02
178865.50	1.930e-03	4.435e-02	-1.296e-02
178866.50	-7.440e-04	1.555e-02	4.282e-02
178867.50	-5.722e-04	-5.962e-02	-2.112e-02
178868.50	2.429e-03	5.299e-03	4.301e-03
178869.50	-3.466e-03	4.992e-02	1.008e-01
178870.50	1.133e-04	2.640e-02	-4.637e-02
178871.50	3.235e-03	-1.171e-02	1.747e-02
178872.50	-6.432e-03	-2.755e-02	3.446e-02
178873.50	-9.245e-04	-9.072e-04	7.565e-02
178874.50	1.565e-03	9.331e-03	-2.698e-02
178875.50	-2.362e-04	1.152e-03	-1.670e-02
178876.50	-1.555e-04	-5.126e-02	-1.267e-02
178877.50	-4.656e-04	4.694e-02	3.427e-02
178878.50	2.717e-04	2.630e-02	-4.589e-02
178879.50	-2.506e-03	-2.736e-02	2.438e-03
178880.50	-5.357e-04	2.246e-02	1.392e-02
178881.50	3.830e-03	5.098e-02	-4.522e-02
178882.50	3.427e-03	-1.507e-02	5.318e-02
178883.50	-3.811e-04	4.752e-03	8.045e-04
178884.50	-6.710e-04	-2.150e-02	1.344e-02
178885.50	-9.888e-04	3.514e-02	-6.768e-03
178886.50	2.131e-03	1.382e-01	1.008e-01
178887.50	6.672e-05	-2.515e-02	4.176e-02
178888.50	-9.792e-04	-3.408e-02	2.928e-02
178889.50	9.350e-04	1.526e-02	-3.034e-02
178890.50	5.338e-04	-2.122e-02	1.382e-02
178891.50	4.368e-04	2.890e-02	-4.358e-02
178892.50	2.198e-03	-4.320e-02	-7.642e-02
178893.50	4.109e-04	-4.426e-02	-1.123e-03
178894.50	-1.315e-03	3.763e-02	2.707e-02
178895.50	-1.690e-04	9.888e-03	1.853e-02
178896.50	-1.891e-04	3.197e-02	-1.344e-02
178897.50	-1.536e-03	-1.018e-02	8.909e-03
178898.50	2.736e-04	-6.134e-02	-3.562e-02
178899.50	1.258e-05	-2.266e-02	-6.691e-02
178900.50	1.747e-03	1.613e-02	-4.426e-02
178901.50	4.330e-04	-1.219e-02	3.110e-02
178902.50	-7.248e-04	1.757e-02	1.152e-02
178903.50	-1.075e-03	1.843e-03	5.338e-02
178904.50	-1.546e-03	4.819e-02	7.123e-02
178905.50	-3.754e-03	-1.661e-02	-4.022e-02
178906.50	-6.413e-04	-4.598e-02	-5.856e-02
178907.50	1.046e-03	2.496e-02	6.941e-03
178908.50	-2.246e-03	3.293e-02	5.059e-03
178909.50	-7.814e-05	1.162e-01	3.629e-02
178910.50	1.018e-03	-1.642e-02	-5.462e-03
178911.50	-9.888e-04	-2.822e-02	8.016e-02
178912.50	-1.238e-03	-3.917e-02	3.130e-02
178913.50	1.699e-03	3.072e-02	7.776e-03
178914.50	1.507e-03	8.093e-03	1.478e-02
178915.50	-2.688e-04	-2.995e-02	4.358e-02
178916.50	8.611e-04	-6.787e-02	-9.984e-02
178917.50	-1.786e-03	1.536e-02	2.678e-02
178918.50	-1.814e-03	-2.362e-03	3.725e-02
178919.50	-1.565e-03	-2.304e-02	6.902e-03
178920.50	-7.334e-04	-3.370e-02	-7.805e-02
178921.50	-7.066e-05	9.254e-05	6.758e-03
178922.50	1.603e-03	4.637e-02	-2.486e-02
178923.50	4.358e-03	-3.331e-02	-6.451e-02
178924.50	-2.122e-03	-3.782e-03	-2.947e-02
178925.50	-1.066e-03	2.410e-02	-2.122e-02
178926.50	-2.630e-04	-4.195e-02	5.098e-02
178927.50	1.968e-04	-2.832e-02	-3.974e-02
178928.50	-2.602e-04	-3.101e-02	-2.698e-02
178929.50	-1.402e-03	2.314e-03	-2.448e-02
178930.50	5.558e-04	-6.662e-03	-4.646e-03
178931.50	9.206e-04	2.822e-02	3.331e-02
178932.50	2.026e-04	-1.354e-02	-7.123e-03
178933.50	-5.789e-04	2.122e-02	2.813e-02
178934.50	7.171e-04	1.277e-02	-3.091e-03
178935.50	3.840e-04	3.389e-02	9.984e-03
178936.50	2.746e-04	-6.221e-02	3.341e-02
178937.50	2.410e-04	1.411e-02	-2.650e-02
178938.50	-8.160e-04	-2.131e-03	3.600e-02
178939.50	3.619e-05	-2.966e-02	-1.162e-02
178940.50	6.758e-02	-1.075e-01	-2.179e-01
178941.50	3.254e-02	-1.939e-02	-1.296e-01
178942.50	-1.786e-03	-2.909e-02	2.650e-03
178943.50	3.792e-02	-1.066e-01	-5.088e-02
178944.50	7.296e-03	-2.832e-02	-6.605e-03
178945.50	-2.246e-04	-4.166e-02	1.747e-02
178946.50	-8.246e-03	6.931e-02	2.880e-02
178947.50	1.622e-04	3.994e-02	-3.504e-02
178948.50	-2.064e-03	-3.610e-02	-3.984e-03
178949.50	4.272e-02	-1.133e-01	-1.670e-01
178950.50	2.621e-02	-1.642e-02	-2.342e-02
178951.50	5.453e-02	4.714e-02	-3.158e-01
178952.50	-9.101e-02	2.304e-01	2.774e-01
178953.50	-3.206e-02	-9.888e-02	2.448e-01
178954.50	-3.370e-04	-2.803e-02	4.858e-04
178955.50	-7.325e-04	-2.851e-02	3.082e-02
178956.50	-7.450e-02	9.696e-02	3.216e-01
178957.50	1.939e-04	3.437e-02	3.370e-03
178958.50	4.378e-04	-5.779e-03	-5.011e-03
