178360.50	0.000e+00	0.000e+00	0.000e+00
178361.50	0.000e+00	0.000e+00	0.000e+00
178362.50	0.000e+00	0.000e+00	0.000e+00
178363.50	0.000e+00	0.000e+00	0.000e+00
178364.50	0.000e+00	0.000e+00	0.000e+00
178365.50	0.000e+00	0.000e+00	0.000e+00
178366.50	0.000e+00	0.000e+00	0.000e+00
178367.50	0.000e+00	0.000e+00	0.000e+00
178368.50	0.000e+00	0.000e+00	0.000e+00
178369.50	0.000e+00	0.000e+00	0.000e+00
178370.50	0.000e+00	0.000e+00	0.000e+00
178371.50	0.000e+00	0.000e+00	0.000e+00
178372.50	0.000e+00	0.000e+00	0.000e+00
178373.50	0.000e+00	0.000e+00	0.000e+00
178374.50	0.000e+00	0.000e+00	0.000e+00
178375.50	0.000e+00	0.000e+00	0.000e+00
178376.50	0.000e+00	0.000e+00	0.000e+00
178377.50	0.000e+00	0.000e+00	0.000e+00
178378.50	0.000e+00	0.000e+00	0.000e+00
178379.50	0.000e+00	0.000e+00	0.000e+00
178380.50	0.000e+00	0.000e+00	0.000e+00
178381.50	0.000e+00	0.000e+00	0.000e+00
178382.50	0.000e+00	0.000e+00	0.000e+00
178383.50	0.000e+00	0.000e+00	0.000e+00
178384.50	0.000e+00	0.000e+00	0.000e+00
178385.50	0.000e+00	0.000e+00	0.000e+00
178386.50	0.000e+00	0.000e+00	0.000e+00
178387.50	0.000e+00	0.000e+00	0.000e+00
178388.50	0.000e+00	0.000e+00	0.000e+00
178389.50	0.000e+00	0.000e+00	0.000e+00
178390.50	0.000e+00	0.000e+00	0.000e+00
178391.50	0.000e+00	0.000e+00	0.000e+00
178392.50	0.000e+00	0.000e+00	0.000e+00
178393.50	0.000e+00	0.000e+00	0.000e+00
178394.50	0.000e+00	0.000e+00	0.000e+00
178395.50	0.000e+00	0.000e+00	0.000e+00
178396.50	0.000e+00	0.000e+00	0.000e+00
178397.50	0.000e+00	0.000e+00	0.000e+00
178398.50	0.000e+00	0.000e+00	0.000e+00
178399.50	0.000e+00	0.000e+00	0.000e+00
178400.50	0.000e+00	0.000e+00	0.000e+00
178401.50	0.000e+00	0.000e+00	0.000e+00
178402.50	0.000e+00	0.000e+00	0.000e+00
178403.50	0.000e+00	0.000e+00	0.000e+00
178404.50	0.000e+00	0.000e+00	0.000e+00
178405.50	0.000e+00	0.000e+00	0.000e+00
178406.50	0.000e+00	0.000e+00	0.000e+00
178407.50	0.000e+00	0.000e+00	0.000e+00
178408.50	0.000e+00	0.000e+00	0.000e+00
178409.50	0.000e+00	0.000e+00	0.000e+00
178410.50	0.000e+00	0.000e+00	0.000e+00
178411.50	0.000e+00	0.000e+00	0.000e+00
178412.50	0.000e+00	0.000e+00	0.000e+00
178413.50	0.000e+00	0.000e+00	0.000e+00
178414.50	0.000e+00	0.000e+00	0.000e+00
178415.50	0.000e+00	0.000e+00	0.000e+00
178416.50	0.000e+00	0.000e+00	0.000e+00
178417.50	0.000e+00	0.000e+00	0.000e+00
178418.50	0.000e+00	0.000e+00	0.000e+00
178419.50	0.000e+00	0.000e+00	0.000e+00
178420.50	0.000e+00	0.000e+00	0.000e+00
178421.50	0.000e+00	0.000e+00	0.000e+00
178422.50	0.000e+00	0.000e+00	0.000e+00
178423.50	0.000e+00	0.000e+00	0.000e+00
178424.50	0.000e+00	0.000e+00	0.000e+00
178425.50	0.000e+00	0.000e+00	0.000e+00
178426.50	0.000e+00	0.000e+00	0.000e+00
178427.50	0.000e+00	0.000e+00	0.000e+00
178428.50	0.000e+00	0.000e+00	0.000e+00
178429.50	0.000e+00	0.000e+00	0.000e+00
178430.50	0.000e+00	0.000e+00	0.000e+00
178431.50	0.000e+00	0.000e+00	0.000e+00
178432.50	0.000e+00	0.000e+00	0.000e+00
178433.50	0.000e+00	0.000e+00	0.000e+00
178434.50	0.000e+00	0.000e+00	0.000e+00
178435.50	0.000e+00	0.000e+00	0.000e+00
178436.50	0.000e+00	0.000e+00	0.000e+00
178437.50	0.000e+00	0.000e+00	0.000e+00
178438.50	0.000e+00	0.000e+00	0.000e+00
178439.50	0.000e+00	0.000e+00	0.000e+00
178440.50	0.000e+00	0.000e+00	0.000e+00
178441.50	0.000e+00	0.000e+00	0.000e+00
178442.50	0.000e+00	0.000e+00	0.000e+00
178443.50	0.000e+00	0.000e+00	0.000e+00
178444.50	0.000e+00	0.000e+00	0.000e+00
178445.50	0.000e+00	0.000e+00	0.000e+00
178446.50	0.000e+00	0.000e+00	0.000e+00
178447.50	0.000e+00	0.000e+00	0.000e+00
178448.50	0.000e+00	0.000e+00	0.000e+00
178449.50	0.000e+00	0.000e+00	0.000e+00
178450.50	0.000e+00	0.000e+00	0.000e+00
178451.50	0.000e+00	0.000e+00	0.000e+00
178452.50	0.000e+00	0.000e+00	0.000e+00
178453.50	0.000e+00	0.000e+00	0.000e+00
178454.50	0.000e+00	0.000e+00	0.000e+00
178455.50	0.000e+00	0.000e+00	0.000e+00
178456.50	0.000e+00	0.000e+00	0.000e+00
178457.50	0.000e+00	0.000e+00	0.000e+00
178458.50	0.000e+00	0.000e+00	0.000e+00
178459.50	0.000e+00	0.000e+00	0.000e+00
178460.50	0.000e+00	0.000e+00	0.000e+00
178461.50	0.000e+00	0.000e+00	0.000e+00
178462.50	0.000e+00	0.000e+00	0.000e+00
178463.50	0.000e+00	0.000e+00	0.000e+00
178464.50	0.000e+00	0.000e+00	0.000e+00
178465.50	0.000e+00	0.000e+00	0.000e+00
178466.50	0.000e+00	0.000e+00	0.000e+00
178467.50	0.000e+00	0.000e+00	0.000e+00
178468.50	0.000e+00	0.000e+00	0.000e+00
178469.50	0.000e+00	0.000e+00	0.000e+00
178470.50	0.000e+00	0.000e+00	0.000e+00
178471.50	0.000e+00	0.000e+00	0.000e+00
178472.50	0.000e+00	0.000e+00	0.000e+00
178473.50	0.000e+00	0.000e+00	0.000e+00
178474.50	0.000e+00	0.000e+00	0.000e+00
178475.50	0.000e+00	0.000e+00	0.000e+00
178476.50	0.000e+00	0.000e+00	0.000e+00
178477.50	0.000e+00	0.000e+00	0.000e+00
178478.50	0.000e+00	0.000e+00	0.000e+00
178479.50	0.000e+00	0.000e+00	0.000e+00
178480.50	0.000e+00	0.000e+00	0.000e+00
178481.50	0.000e+00	0.000e+00	0.000e+00
178482.50	0.000e+00	0.000e+00	0.000e+00
178483.50	0.000e+00	0.000e+00	0.000e+00
178484.50	0.000e+00	0.000e+00	0.000e+00
178485.50	0.000e+00	0.000e+00	0.000e+00
178486.50	0.000e+00	0.000e+00	0.000e+00
178487.50	0.000e+00	0.000e+00	0.000e+00
178488.50	0.000e+00	0.000e+00	0.000e+00
178489.50	0.000e+00	0.000e+00	0.000e+00
178490.50	0.000e+00	0.000e+00	0.000e+00
178491.50	0.000e+00	0.000e+00	0.000e+00
178492.50	0.000e+00	0.000e+00	0.000e+00
178493.50	0.000e+00	0.000e+00	0.000e+00
178494.50	0.000e+00	0.000e+00	0.000e+00
178495.50	0.000e+00	0.000e+00	0.000e+00
178496.50	0.000e+00	0.000e+00	0.000e+00
178497.50	0.000e+00	0.000e+00	0.000e+00
178498.50	0.000e+00	0.000e+00	0.000e+00
178499.50	0.000e+00	0.000e+00	0.000e+00
178500.50	0.000e+00	0.000e+00	0.000e+00
178501.50	0.000e+00	0.000e+00	0.000e+00
178502.50	0.000e+00	0.000e+00	0.000e+00
178503.50	0.000e+00	0.000e+00	0.000e+00
178504.50	0.000e+00	0.000e+00	0.000e+00
178505.50	0.000e+00	0.000e+00	0.000e+00
178506.50	0.000e+00	0.000e+00	0.000e+00
178507.50	0.000e+00	0.000e+00	0.000e+00
178508.50	0.000e+00	0.000e+00	0.000e+00
178509.50	0.000e+00	0.000e+00	0.000e+00
178510.50	0.000e+00	0.000e+00	0.000e+00
178511.50	0.000e+00	0.000e+00	0.000e+00
178512.50	0.000e+00	0.000e+00	0.000e+00
178513.50	0.000e+00	0.000e+00	0.000e+00
178514.50	0.000e+00	0.000e+00	0.000e+00
178515.50	0.000e+00	0.000e+00	0.000e+00
178516.50	0.000e+00	0.000e+00	0.000e+00
178517.50	0.000e+00	0.000e+00	0.000e+00
178518.50	0.000e+00	0.000e+00	0.000e+00
178519.50	0.000e+00	0.000e+00	0.000e+00
178520.50	0.000e+00	0.000e+00	0.000e+00
178521.50	0.000e+00	0.000e+00	0.000e+00
178522.50	0.000e+00	0.000e+00	0.000e+00
178523.50	0.000e+00	0.000e+00	0.000e+00
178524.50	0.000e+00	0.000e+00	0.000e+00
178525.50	0.000e+00	0.000e+00	0.000e+00
178526.50	0.000e+00	0.000e+00	0.000e+00
178527.50	0.000e+00	0.000e+00	0.000e+00
178528.50	0.000e+00	0.000e+00	0.000e+00
178529.50	0.000e+00	0.000e+00	0.000e+00
178530.50	0.000e+00	0.000e+00	0.000e+00
178531.50	0.000e+00	0.000e+00	0.000e+00
178532.50	0.000e+00	0.000e+00	0.000e+00
178533.50	0.000e+00	0.000e+00	0.000e+00
178534.50	0.000e+00	0.000e+00	0.000e+00
178535.50	0.000e+00	0.000e+00	0.000e+00
178536.50	0.000e+00	0.000e+00	0.000e+00
178537.50	0.000e+00	0.000e+00	0.000e+00
178538.50	0.000e+00	0.000e+00	0.000e+00
178539.50	0.000e+00	0.000e+00	0.000e+00
178540.50	0.000e+00	0.000e+00	0.000e+00
178541.50	0.000e+00	0.000e+00	0.000e+00
178542.50	0.000e+00	0.000e+00	0.000e+00
178543.50	0.000e+00	0.000e+00	0.000e+00
178544.50	0.000e+00	0.000e+00	0.000e+00
178545.50	0.000e+00	0.000e+00	0.000e+00
178546.50	0.000e+00	0.000e+00	0.000e+00
178547.50	0.000e+00	0.000e+00	0.000e+00
178548.50	0.000e+00	0.000e+00	0.000e+00
178549.50	0.000e+00	0.000e+00	0.000e+00
178550.50	0.000e+00	0.000e+00	0.000e+00
178551.50	0.000e+00	0.000e+00	0.000e+00
178552.50	0.000e+00	0.000e+00	0.000e+00
178553.50	0.000e+00	0.000e+00	0.000e+00
178554.50	0.000e+00	0.000e+00	0.000e+00
178555.50	0.000e+00	0.000e+00	0.000e+00
178556.50	0.000e+00	0.000e+00	0.000e+00
178557.50	0.000e+00	0.000e+00	0.000e+00
178558.50	0.000e+00	0.000e+00	0.000e+00
178559.50	0.000e+00	0.000e+00	0.000e+00
178560.50	0.000e+00	0.000e+00	0.000e+00
178561.50	0.000e+00	0.000e+00	0.000e+00
178562.50	0.000e+00	0.000e+00	0.000e+00
178563.50	0.000e+00	0.000e+00	0.000e+00
178564.50	0.000e+00	0.000e+00	0.000e+00
178565.50	0.000e+00	0.000e+00	0.000e+00
178566.50	0.000e+00	0.000e+00	0.000e+00
178567.50	0.000e+00	0.000e+00	0.000e+00
178568.50	0.000e+00	0.000e+00	0.000e+00
178569.50	0.000e+00	0.000e+00	0.000e+00
178570.50	0.000e+00	0.000e+00	0.000e+00
178571.50	0.000e+00	0.000e+00	0.000e+00
178572.50	0.000e+00	0.000e+00	0.000e+00
178573.50	0.000e+00	0.000e+00	0.000e+00
178574.50	0.000e+00	0.000e+00	0.000e+00
178575.50	0.000e+00	0.000e+00	0.000e+00
178576.50	0.000e+00	0.000e+00	0.000e+00
178577.50	0.000e+00	0.000e+00	0.000e+00
178578.50	0.000e+00	0.000e+00	0.000e+00
178579.50	0.000e+00	0.000e+00	0.000e+00
178580.50	0.000e+00	0.000e+00	0.000e+00
178581.50	0.000e+00	0.000e+00	0.000e+00
178582.50	0.000e+00	0.000e+00	0.000e+00
178583.50	0.000e+00	0.000e+00	0.000e+00
178584.50	0.000e+00	0.000e+00	0.000e+00
178585.50	0.000e+00	0.000e+00	0.000e+00
178586.50	0.000e+00	0.000e+00	0.000e+00
178587.50	0.000e+00	0.000e+00	0.000e+00
178588.50	0.000e+00	0.000e+00	0.000e+00
178589.50	0.000e+00	0.000e+00	0.000e+00
178590.50	0.000e+00	0.000e+00	0.000e+00
178591.50	0.000e+00	0.000e+00	0.000e+00
178592.50	0.000e+00	0.000e+00	0.000e+00
178593.50	0.000e+00	0.000e+00	0.000e+00
178594.50	0.000e+00	0.000e+00	0.000e+00
178595.50	0.000e+00	0.000e+00	0.000e+00
178596.50	0.000e+00	0.000e+00	0.000e+00
178597.50	0.000e+00	0.000e+00	0.000e+00
178598.50	0.000e+00	0.000e+00	0.000e+00
178599.50	0.000e+00	0.000e+00	0.000e+00
178600.50	0.000e+00	0.000e+00	0.000e+00
178601.50	0.000e+00	0.000e+00	0.000e+00
178602.50	0.000e+00	0.000e+00	0.000e+00
178603.50	0.000e+00	0.000e+00	0.000e+00
178604.50	0.000e+00	0.000e+00	0.000e+00
178605.50	0.000e+00	0.000e+00	0.000e+00
178606.50	-2.006e-05	8.016e-04	-5.194e-04
178607.50	7.603e-05	1.978e-03	1.709e-03
178608.50	5.904e-05	3.974e-06	1.622e-03
178609.50	-4.829e-05	-4.867e-02	-1.978e-04
178610.50	-6.710e-04	-1.949e-02	-2.170e-02
178611.50	-1.066e-02	-4.147e-01	-4.003e-01
178612.50	-1.056e-03	-2.170e+00	-4.474e-02
178613.50	6.778e-02	-8.947e+00	2.467e+00
178614.50	1.248e-01	-2.141e+01	4.349e+00
178615.50	2.064e-01	-3.965e+01	7.008e+00
178616.50	4.138e-01	-6.125e+01	1.373e+01
178617.50	6.835e-01	-9.322e+01	2.237e+01
178618.50	1.066e+00	-1.334e+02	3.408e+01
178619.50	1.114e+00	-1.325e+02	3.466e+01
178620.50	7.171e-01	-1.334e+02	2.102e+01
178621.50	5.597e-01	-1.440e+02	1.546e+01
178622.50	8.563e-01	-1.094e+02	2.381e+01
178623.50	2.237e-01	-4.675e+01	4.483e+00
178624.50	4.435e-01	-3.158e+01	1.171e+01
178625.50	2.026e-01	-5.002e+00	4.022e+00
178626.50	-2.246e-01	1.584e+01	-8.774e+00
178627.50	-1.843e-01	2.640e+01	-6.941e+00
178628.50	-2.400e-01	3.024e+01	-8.717e+00
178629.50	-2.717e-01	3.955e+01	-9.341e+00
178630.50	-4.541e-01	4.032e+01	-1.411e+01
178631.50	-2.842e-01	4.406e+01	-9.197e+00
178632.50	-1.546e-01	3.917e+01	-5.453e+00
178633.50	-4.128e-01	3.619e+01	-1.286e+01
178634.50	-4.214e-01	4.022e+01	-1.286e+01
178635.50	-3.907e-01	3.600e+01	-1.190e+01
178636.50	-6.566e-02	3.706e+01	-2.083e+00
178637.50	-1.373e-01	3.331e+01	-4.080e+00
178638.50	-1.978e-01	3.043e+01	-6.182e+00
178639.50	-2.131e-01	2.976e+01	-6.192e+00
178640.50	-2.381e-01	2.861e+01	-6.816e+00
178641.50	-9.600e-02	2.496e+01	-2.870e+00
178642.50	-8.774e-02	2.410e+01	-2.467e+00
178643.50	-2.486e-01	2.525e+01	-6.960e+00
178644.50	-1.680e-01	1.958e+01	-4.541e+00
178645.50	-1.085e-01	2.122e+01	-2.640e+00
178646.50	-1.171e-01	1.718e+01	-3.514e+00
178647.50	-4.358e-02	1.738e+01	-1.450e+00
178648.50	-7.910e-02	1.536e+01	-2.083e+00
178649.50	-1.008e-01	1.574e+01	-2.592e+00
178650.50	-3.619e-02	1.248e+01	-1.142e+00
178651.50	-7.526e-02	1.219e+01	-2.026e+00
178652.50	-3.946e-02	1.344e+01	-1.190e+00
178653.50	-1.613e-01	1.210e+01	-4.618e+00
178654.50	1.334e-02	1.085e+01	5.261e-01
178655.50	-9.062e-02	1.258e+01	-2.429e+00
178656.50	-1.123e-01	9.696e+00	-3.178e+00
178657.50	-5.875e-02	9.005e+00	-1.488e+00
178658.50	-3.533e-02	8.410e+00	-1.085e+00
178659.50	-3.504e-02	9.792e+00	-9.072e-01
178660.50	-6.912e-02	6.298e+00	-1.814e+00
178661.50	-5.213e-02	6.566e+00	-1.392e+00
178662.50	-4.742e-02	7.133e+00	-1.181e+00
178663.50	-2.246e-02	6.374e+00	-5.126e-01
178664.50	-1.651e-02	7.133e+00	-4.896e-01
178665.50	-6.288e-02	5.645e+00	-1.766e+00
178666.50	-3.494e-02	4.800e+00	-9.398e-01
178667.50	-3.571e-02	5.270e+00	-1.133e+00
178668.50	2.026e-02	6.192e+00	4.445e-01
178669.50	-7.114e-03	4.954e+00	-7.939e-03
178670.50	-3.840e-02	4.224e+00	-6.797e-01
178671.50	-7.142e-03	4.848e+00	-5.117e-02
178672.50	-4.272e-02	3.667e+00	-1.046e+00
178673.50	-3.226e-02	3.840e+00	-8.227e-01
178674.50	1.133e-02	4.426e+00	3.187e-01
178675.50	2.342e-03	4.138e+00	1.872e-02
178676.50	-4.675e-02	4.186e+00	-1.085e+00
178677.50	-1.978e-02	3.034e+00	-6.038e-01
178678.50	-8.323e-03	3.427e+00	-2.947e-01
178679.50	-1.267e-02	2.035e+00	-2.304e-01
178680.50	-9.264e-03	2.832e+00	-3.907e-01
178681.50	-1.584e-02	3.274e+00	-3.197e-01
178682.50	-1.776e-03	2.112e+00	9.379e-02
178683.50	1.728e-03	2.410e+00	-3.552e-02
178684.50	-3.168e-02	2.064e+00	-1.018e+00
178685.50	-1.459e-02	2.602e+00	-4.109e-01
178686.50	-4.118e-02	1.939e+00	-1.018e+00
178687.50	-1.142e-02	2.410e+00	-2.189e-01
178688.50	-2.918e-03	1.680e+00	-1.114e-02
178689.50	-1.219e-03	1.210e+00	8.582e-02
178690.50	-1.008e-02	1.574e+00	-2.458e-01
178691.50	-3.082e-02	2.266e+00	-8.957e-01
178692.50	-4.752e-03	1.872e+00	-1.882e-01
178693.50	-1.978e-02	1.162e+00	-3.706e-01
178694.50	1.334e-02	1.085e+00	4.243e-01
178695.50	-1.344e-03	1.411e+00	-8.102e-02
178696.50	-2.611e-02	1.411e+00	-6.672e-01
178697.50	-2.947e-03	1.133e+00	-7.411e-02
178698.50	-4.387e-03	7.507e-01	-9.024e-02
178699.50	-4.733e-03	8.630e-01	-1.306e-01
178700.50	-1.603e-02	1.555e+00	-4.320e-01
178701.50	-1.565e-02	8.621e-01	-4.397e-01
178702.50	-2.592e-02	6.451e-01	-5.866e-01
178703.50	-2.630e-02	1.757e+00	-8.362e-01
178704.50	1.987e-02	9.600e-01	6.000e-01
178705.50	-2.784e-03	4.906e-01	-3.763e-02
178706.50	4.445e-03	9.494e-01	1.037e-01
178707.50	5.366e-03	1.162e+00	1.699e-01
178708.50	-1.392e-02	9.437e-01	-3.936e-01
178709.50	-2.141e-02	7.891e-01	-5.760e-01
178710.50	-1.094e-02	-1.978e-01	-2.832e-01
178711.50	1.277e-02	5.270e-01	3.283e-01
178712.50	-2.352e-02	4.454e-01	-6.374e-01
178713.50	6.768e-03	1.344e+00	2.064e-01
178714.50	-1.565e-02	7.066e-01	-5.088e-01
178715.50	1.152e-02	3.062e-01	3.514e-01
178716.50	3.562e-03	2.333e-01	3.408e-02
178717.50	-1.997e-02	4.531e-01	-5.299e-01
178718.50	-1.325e-02	5.501e-01	-1.834e-01
178719.50	-1.834e-03	7.622e-01	-1.498e-02
178720.50	-1.469e-03	1.584e-01	-2.093e-02
178721.50	2.880e-04	3.264e-01	2.045e-02
178722.50	-3.120e-02	2.419e-01	-8.918e-01
178723.50	6.701e-03	8.083e-01	1.286e-01
178724.50	8.630e-03	5.530e-01	2.352e-01
178725.50	-1.882e-02	6.442e-01	-4.848e-01
178726.50	-7.786e-03	5.635e-01	-2.832e-01
178727.50	-1.200e-02	2.515e-01	-1.306e-01
178728.50	1.469e-02	4.637e-01	3.754e-01
178729.50	1.997e-03	4.666e-01	1.910e-01
178730.50	2.995e-03	1.123e-01	4.339e-02
178731.50	-8.602e-03	8.698e-02	-1.901e-01
178732.50	-6.634e-03	4.186e-01	-1.766e-01
178733.50	1.046e-02	6.365e-01	2.822e-01
178734.50	-8.112e-03	2.352e-01	-1.699e-02
178735.50	1.373e-02	1.728e-01	3.523e-01
178736.50	1.133e-03	6.854e-02	-7.373e-03
178737.50	-1.613e-02	1.824e-01	-5.126e-01
178738.50	-5.021e-03	5.290e-01	-1.786e-01
178739.50	-1.190e-03	2.246e-01	3.514e-02
178740.50	-1.200e-02	6.998e-01	-3.974e-01
178741.50	3.619e-03	6.576e-02	6.086e-02
178742.50	3.696e-03	2.294e-01	2.035e-01
178743.50	-1.181e-02	5.270e-03	-1.958e-01
178744.50	3.158e-04	6.672e-02	3.715e-02
178745.50	-8.794e-03	-1.795e-02	-1.622e-01
178746.50	-1.200e-03	4.022e-01	-4.877e-02
178747.50	1.094e-03	-7.469e-02	1.094e-02
178748.50	8.995e-04	1.987e-02	2.006e-02
178749.50	-4.070e-03	2.323e-01	-5.664e-02
178750.50	1.238e-02	1.382e-01	1.978e-01
178751.50	-5.578e-03	5.213e-01	-7.469e-02
178752.50	-1.574e-02	6.259e-02	-3.782e-01
178753.50	-7.027e-03	1.814e-01	-1.872e-01
178754.50	-1.008e-02	3.994e-01	-2.726e-01
178755.50	-1.325e-03	3.370e-01	-6.806e-02
178756.50	-1.046e-03	2.602e-01	-7.834e-02
178757.50	5.165e-03	1.190e-01	1.805e-01
178758.50	-3.408e-03	-2.976e-01	-3.552e-02
178759.50	4.858e-03	-1.142e-03	1.190e-01
178760.50	-1.594e-03	-2.736e-01	-4.810e-02
178761.50	-2.112e-02	1.546e-01	-4.550e-01
178762.50	-9.984e-03	9.696e-02	-1.891e-01
178763.50	8.986e-03	3.053e-01	1.555e-01
178764.50	5.510e-03	2.438e-01	1.709e-01
178765.50	-2.870e-04	1.066e-01	3.754e-02
178766.50	6.019e-03	4.090e-02	1.066e-01
178767.50	1.171e-02	1.939e-01	3.024e-01
178768.50	-8.083e-03	1.843e-01	-1.699e-01
178769.50	6.643e-03	2.717e-01	2.947e-01
178770.50	5.261e-03	3.878e-02	8.861e-02
178771.50	3.158e-03	3.610e-02	1.075e-01
178772.50	4.848e-03	-9.888e-02	6.000e-02
178773.50	-4.378e-03	1.651e-01	-1.075e-01
178774.50	-2.342e-04	1.939e-01	3.014e-02
178775.50	-6.586e-03	3.168e-01	-1.891e-01
178776.50	-6.586e-03	5.126e-01	-2.275e-01
178777.50	-4.790e-03	-7.066e-03	-6.960e-02
178778.50	-1.085e-02	-4.579e-02	-2.150e-01
178779.50	-1.402e-03	2.928e-03	-1.546e-02
178780.50	5.424e-03	-9.523e-02	1.978e-01
178781.50	1.200e-03	-1.152e-01	3.581e-02
178782.50	4.579e-03	6.518e-03	4.387e-02
178783.50	-1.574e-03	1.296e-01	3.744e-02
178784.50	-4.810e-03	1.162e-01	-1.258e-01
178785.50	-6.480e-03	-2.582e-02	-7.805e-02
178786.50	-3.043e-03	1.344e-01	-6.682e-02
178787.50	-4.368e-03	2.419e-01	-1.526e-01
178788.50	7.459e-03	1.392e-01	2.083e-01
178789.50	1.056e-03	-1.709e-01	3.619e-02
178790.50	1.027e-03	1.949e-01	2.880e-03
178791.50	2.122e-03	1.190e-01	3.898e-02
178792.50	1.277e-03	-9.322e-02	2.803e-02
178793.50	-4.205e-03	1.440e-01	-1.642e-01
178794.50	-9.696e-03	1.382e-01	-2.045e-01
178795.50	-6.816e-03	8.141e-02	-1.498e-01
178796.50	-8.006e-03	-7.085e-02	-1.344e-01
178797.50	9.590e-03	1.152e-01	2.064e-01
178798.50	2.390e-04	8.342e-02	2.976e-02
178799.50	-9.792e-03	-2.573e-02	-1.843e-01
178800.50	6.941e-03	3.619e-02	9.024e-02
178801.50	-6.989e-04	1.267e-01	-4.166e-02
178802.50	1.594e-03	-1.930e-01	3.773e-02
178803.50	-1.594e-03	-9.696e-02	4.147e-02
178804.50	3.802e-03	-4.531e-02	3.821e-02
178805.50	2.515e-03	2.054e-01	5.971e-02
178806.50	-6.499e-03	2.803e-01	-8.342e-02
178807.50	-1.699e-03	7.066e-02	-2.227e-02
178808.50	1.862e-03	-9.984e-02	-6.144e-02
178809.50	-2.832e-03	1.670e-02	-2.717e-02
178810.50	2.755e-03	1.814e-01	-3.418e-02
178811.50	7.622e-04	-1.622e-02	-1.123e-01
178812.50	3.302e-03	1.882e-01	8.093e-02
178813.50	1.075e-03	5.270e-02	4.186e-02
178814.50	3.917e-03	-7.325e-02	6.058e-02
178815.50	6.182e-03	4.541e-02	4.454e-02
178816.50	-3.254e-03	1.632e-01	-1.450e-02
178817.50	-4.589e-03	8.112e-02	-1.661e-01
178818.50	-7.075e-03	1.027e-01	-1.661e-01
178819.50	-3.859e-03	-4.157e-03	-2.534e-02
178820.50	-4.733e-03	-3.226e-02	-5.818e-02
178821.50	3.437e-03	-2.582e-02	1.536e-01
178822.50	5.443e-03	3.197e-01	3.005e-02
178823.50	4.522e-03	-2.064e-02	2.179e-01
178824.50	-7.258e-03	2.563e-02	-1.440e-01
178825.50	4.742e-03	-1.642e-01	1.296e-01
178826.50	-2.016e-03	-7.104e-04	-4.435e-02
178827.50	-3.830e-03	2.294e-01	-9.792e-02
178828.50	1.632e-03	7.670e-02	4.406e-02
178829.50	9.984e-04	3.034e-02	1.229e-01
178830.50	-5.088e-03	3.187e-02	-8.746e-02
178831.50	6.624e-05	-2.448e-02	-3.475e-02
178832.50	3.955e-03	-1.008e-01	2.438e-02
178833.50	-2.026e-03	-1.325e-01	-2.006e-02
178834.50	-4.781e-03	-9.888e-03	-5.030e-02
178835.50	3.926e-03	2.544e-01	5.222e-02
178836.50	-7.018e-03	1.565e-02	-1.594e-01
178837.50	3.254e-03	7.200e-02	5.232e-02
178838.50	6.394e-03	5.405e-02	1.603e-01
178839.50	2.554e-03	-2.026e-01	9.888e-02
178840.50	1.507e-03	-2.621e-01	-8.026e-03
178841.50	3.955e-03	-4.195e-02	1.651e-01
178842.50	5.808e-03	-2.496e-02	1.210e-01
178843.50	-2.122e-03	2.208e-01	-7.661e-02
178844.50	-3.034e-03	-7.680e-02	-6.403e-02
178845.50	-4.819e-04	5.232e-02	4.330e-02
178846.50	-1.498e-03	2.045e-01	-6.086e-02
178847.50	4.954e-04	1.891e-02	-2.947e-02
178848.50	-9.888e-04	-6.806e-02	-2.640e-02
178849.50	1.488e-03	-2.947e-02	3.091e-02
178850.50	-3.245e-03	-3.581e-02	-4.541e-02
178851.50	-4.118e-03	-5.078e-02	-5.078e-02
178852.50	-5.030e-03	2.208e-03	-1.392e-01
178853.50	-2.294e-03	8.563e-02	-5.030e-02
178854.50	1.238e-03	-5.146e-02	3.830e-02
178855.50	-2.266e-03	1.142e-01	2.333e-02
178856.50	-4.147e-03	-1.277e-02	-8.083e-02
178857.50	-3.686e-03	3.859e-02	-9.398e-02
178858.50	4.608e-03	8.400e-04	8.304e-02
178859.50	-7.709e-04	-7.622e-02	-6.816e-03
178860.50	-3.907e-04	-1.526e-01	-1.008e-01
178861.50	4.502e-03	7.402e-02	8.851e-02
178862.50	1.526e-03	1.987e-01	9.888e-02
178863.50	-2.650e-03	-9.331e-02	-2.966e-02
178864.50	3.840e-03	-2.371e-02	-1.632e-02
178865.50	-1.910e-03	-8.237e-02	-1.603e-02
178866.50	-1.104e-03	-6.778e-02	-4.061e-02
178867.50	-2.842e-03	5.136e-02	-7.670e-02
178868.50	1.891e-03	5.971e-03	-1.728e-02
178869.50	2.314e-04	7.546e-02	-2.189e-03
178870.50	-8.179e-03	-3.024e-02	-1.450e-01
178871.50	4.099e-03	2.678e-02	8.448e-02
178872.50	4.944e-03	1.901e-02	8.995e-02
178873.50	-5.405e-03	1.469e-01	-1.142e-01
178874.50	2.496e-03	1.526e-01	8.026e-02
178875.50	1.114e-03	-1.478e-01	3.600e-02
178876.50	-4.483e-03	1.027e-01	-5.578e-02
178877.50	-2.179e-03	3.331e-02	-5.107e-02
178878.50	-3.245e-03	1.555e-01	-9.379e-02
178879.50	3.418e-03	-4.253e-02	5.654e-02
178880.50	5.318e-03	-8.726e-03	1.392e-01
178881.50	-2.160e-03	-3.283e-02	-4.694e-02
178882.50	-3.120e-03	-6.192e-02	-1.046e-01
178883.50	2.122e-03	-3.667e-04	7.910e-02
178884.50	2.390e-03	1.018e-01	6.566e-02
178885.50	-7.536e-03	-1.440e-01	-1.930e-01
178886.50	3.187e-04	-1.258e-03	2.717e-02
178887.50	-1.123e-03	2.813e-02	-2.294e-02
178888.50	-8.822e-04	-1.200e-02	4.915e-02
178889.50	-3.667e-03	-3.619e-02	-2.678e-02
178890.50	4.253e-04	1.834e-02	-1.085e-01
178891.50	2.237e-03	-6.538e-02	-3.418e-04
178892.50	2.285e-03	-1.018e-01	9.494e-02
178893.50	-3.504e-03	8.909e-02	-5.501e-02
178894.50	-2.467e-03	6.672e-02	-4.003e-02
178895.50	1.056e-03	5.491e-03	3.763e-02
178896.50	-4.138e-04	8.928e-03	-3.936e-02
178897.50	1.440e-03	7.114e-02	5.232e-02
178898.50	4.934e-03	6.259e-02	6.931e-02
178899.50	-4.445e-03	-1.229e-03	-8.746e-02
178900.50	7.901e-04	6.816e-02	-5.117e-03
178901.50	2.477e-03	-2.438e-02	5.011e-02
178902.50	-1.008e-03	1.008e-01	-3.418e-02
178903.50	-1.939e-03	-5.318e-03	-2.016e-02
178904.50	3.254e-03	4.262e-02	8.170e-02
178905.50	1.094e-03	9.322e-02	-1.488e-02
178906.50	1.891e-03	-1.046e-02	7.498e-02
178907.50	-6.394e-04	-3.830e-02	1.478e-03
178908.50	-1.872e-05	1.037e-01	9.264e-03
178909.50	-2.160e-03	3.283e-02	-5.290e-02
178910.50	-2.832e-04	-9.600e-02	9.264e-04
178911.50	-3.514e-04	-2.179e-02	4.637e-02
178912.50	-2.323e-03	-3.187e-02	-7.498e-02
178913.50	1.757e-03	-2.381e-02	6.010e-02
178914.50	-7.123e-05	-2.774e-03	-9.504e-03
178915.50	-3.466e-03	1.498e-02	-6.614e-02
178916.50	-2.630e-03	-2.957e-02	-6.509e-02
178917.50	2.035e-03	7.920e-02	4.531e-02
178918.50	-4.675e-03	-1.430e-01	-3.629e-02
178919.50	-3.936e-03	2.870e-02	-7.325e-02
178920.50	-1.248e-03	5.357e-02	-7.843e-02
178921.50	5.990e-04	-4.829e-02	-1.690e-02
178922.50	-1.219e-04	-2.842e-02	7.747e-03
178923.50	-6.528e-03	-1.306e-01	-1.277e-01
178924.50	-4.704e-05	5.386e-02	4.925e-03
178925.50	4.781e-03	2.918e-02	5.990e-02
178926.50	7.018e-04	-2.966e-02	1.344e-02
178927.50	-1.248e-03	-6.653e-02	2.045e-02
178928.50	-1.354e-04	7.507e-02	-5.731e-02
178929.50	8.957e-04	-2.006e-02	7.123e-05
178930.50	3.101e-03	8.218e-02	1.392e-01
178931.50	1.555e-03	1.786e-02	4.262e-02
178932.50	1.843e-03	4.858e-02	5.366e-02
178933.50	-4.445e-03	5.683e-03	-6.979e-02
178934.50	2.045e-03	-7.670e-02	-2.150e-02
178935.50	-4.541e-03	-2.054e-02	-1.094e-01
178936.50	1.834e-03	-6.307e-02	2.947e-02
178937.50	-4.771e-05	-5.539e-02	2.458e-02
178938.50	4.282e-03	4.531e-02	5.770e-02
178939.50	-1.133e-04	3.302e-02	-4.378e-02
178940.50	-5.098e-03	-1.142e-02	-1.037e-01
178941.50	-3.264e-03	3.370e-02	-5.702e-02
178942.50	2.736e-03	3.062e-02	1.085e-01
178943.50	9.216e-04	-6.595e-02	3.686e-02
178944.50	-7.997e-05	1.901e-02	3.878e-02
178945.50	2.179e-03	2.928e-02	1.421e-02
178946.50	-1.834e-04	-2.362e-02	2.083e-02
178947.50	-2.314e-03	-7.286e-02	-3.590e-02
178948.50	-2.822e-03	1.094e-01	-5.174e-02
178949.50	-5.952e-04	5.405e-02	-7.277e-02
178950.50	-1.267e-03	4.579e-02	-9.888e-03
178951.50	5.050e-03	-9.216e-03	3.830e-02
178952.50	6.614e-03	-9.389e-02	1.190e-01
178953.50	8.333e-03	4.013e-02	1.584e-01
178954.50	-9.283e-04	6.979e-02	5.242e-03
178955.50	-5.174e-03	1.661e-03	-6.874e-02
178956.50	-3.120e-03	-7.152e-02	-7.334e-02
178957.50	-4.397e-05	8.026e-02	1.430e-02
178958.50	3.917e-03	-1.747e-03	1.354e-01
