178360.50	0.000e+00	0.000e+00	0.000e+00
178361.50	0.000e+00	0.000e+00	0.000e+00
178362.50	0.000e+00	0.000e+00	0.000e+00
178363.50	0.000e+00	0.000e+00	0.000e+00
178364.50	0.000e+00	0.000e+00	0.000e+00
178365.50	0.000e+00	0.000e+00	0.000e+00
178366.50	0.000e+00	0.000e+00	0.000e+00
178367.50	0.000e+00	0.000e+00	0.000e+00
178368.50	0.000e+00	0.000e+00	0.000e+00
178369.50	0.000e+00	0.000e+00	0.000e+00
178370.50	0.000e+00	0.000e+00	0.000e+00
178371.50	0.000e+00	0.000e+00	0.000e+00
178372.50	0.000e+00	0.000e+00	0.000e+00
178373.50	0.000e+00	0.000e+00	0.000e+00
178374.50	0.000e+00	0.000e+00	0.000e+00
178375.50	0.000e+00	0.000e+00	0.000e+00
178376.50	0.000e+00	0.000e+00	0.000e+00
178377.50	0.000e+00	0.000e+00	0.000e+00
178378.50	0.000e+00	0.000e+00	0.000e+00
178379.50	0.000e+00	0.000e+00	0.000e+00
178380.50	0.000e+00	0.000e+00	0.000e+00
178381.50	0.000e+00	0.000e+00	0.000e+00
178382.50	0.000e+00	0.000e+00	0.000e+00
178383.50	0.000e+00	0.000e+00	0.000e+00
178384.50	0.000e+00	0.000e+00	0.000e+00
178385.50	0.000e+00	0.000e+00	0.000e+00
178386.50	0.000e+00	0.000e+00	0.000e+00
178387.50	0.000e+00	0.000e+00	0.000e+00
178388.50	0.000e+00	0.000e+00	0.000e+00
178389.50	0.000e+00	0.000e+00	0.000e+00
178390.50	0.000e+00	0.000e+00	0.000e+00
178391.50	0.000e+00	0.000e+00	0.000e+00
178392.50	0.000e+00	0.000e+00	0.000e+00
178393.50	0.000e+00	0.000e+00	0.000e+00
178394.50	0.000e+00	0.000e+00	0.000e+00
178395.50	0.000e+00	0.000e+00	0.000e+00
178396.50	0.000e+00	0.000e+00	0.000e+00
178397.50	0.000e+00	0.000e+00	0.000e+00
178398.50	0.000e+00	0.000e+00	0.000e+00
178399.50	0.000e+00	0.000e+00	0.000e+00
178400.50	0.000e+00	0.000e+00	0.000e+00
178401.50	0.000e+00	0.000e+00	0.000e+00
178402.50	0.000e+00	0.000e+00	0.000e+00
178403.50	0.000e+00	0.000e+00	0.000e+00
178404.50	0.000e+00	0.000e+00	0.000e+00
178405.50	0.000e+00	0.000e+00	0.000e+00
178406.50	0.000e+00	0.000e+00	0.000e+00
178407.50	0.000e+00	0.000e+00	0.000e+00
178408.50	0.000e+00	0.000e+00	0.000e+00
178409.50	0.000e+00	0.000e+00	0.000e+00
178410.50	0.000e+00	0.000e+00	0.000e+00
178411.50	0.000e+00	0.000e+00	0.000e+00
178412.50	0.000e+00	0.000e+00	0.000e+00
178413.50	0.000e+00	0.000e+00	0.000e+00
178414.50	0.000e+00	0.000e+00	0.000e+00
178415.50	0.000e+00	0.000e+00	0.000e+00
178416.50	0.000e+00	0.000e+00	0.000e+00
178417.50	0.000e+00	0.000e+00	0.000e+00
178418.50	0.000e+00	0.000e+00	0.000e+00
178419.50	0.000e+00	0.000e+00	0.000e+00
178420.50	0.000e+00	0.000e+00	0.000e+00
178421.50	0.000e+00	0.000e+00	0.000e+00
178422.50	0.000e+00	0.000e+00	0.000e+00
178423.50	0.000e+00	0.000e+00	0.000e+00
178424.50	0.000e+00	0.000e+00	0.000e+00
178425.50	0.000e+00	0.000e+00	0.000e+00
178426.50	0.000e+00	0.000e+00	0.000e+00
178427.50	0.000e+00	0.000e+00	0.000e+00
178428.50	0.000e+00	0.000e+00	0.000e+00
178429.50	0.000e+00	0.000e+00	0.000e+00
178430.50	0.000e+00	0.000e+00	0.000e+00
178431.50	0.000e+00	0.000e+00	0.000e+00
178432.50	0.000e+00	0.000e+00	0.000e+00
178433.50	0.000e+00	0.000e+00	0.000e+00
178434.50	0.000e+00	0.000e+00	0.000e+00
178435.50	0.000e+00	0.000e+00	0.000e+00
178436.50	0.000e+00	0.000e+00	0.000e+00
178437.50	0.000e+00	0.000e+00	0.000e+00
178438.50	0.000e+00	0.000e+00	0.000e+00
178439.50	0.000e+00	0.000e+00	0.000e+00
178440.50	0.000e+00	0.000e+00	0.000e+00
178441.50	0.000e+00	0.000e+00	0.000e+00
178442.50	0.000e+00	0.000e+00	0.000e+00
178443.50	0.000e+00	0.000e+00	0.000e+00
178444.50	0.000e+00	0.000e+00	0.000e+00
178445.50	0.000e+00	0.000e+00	0.000e+00
178446.50	0.000e+00	0.000e+00	0.000e+00
178447.50	0.000e+00	0.000e+00	0.000e+00
178448.50	0.000e+00	0.000e+00	0.000e+00
178449.50	0.000e+00	0.000e+00	0.000e+00
178450.50	0.000e+00	0.000e+00	0.000e+00
178451.50	0.000e+00	0.000e+00	0.000e+00
178452.50	0.000e+00	0.000e+00	0.000e+00
178453.50	0.000e+00	0.000e+00	0.000e+00
178454.50	0.000e+00	0.000e+00	0.000e+00
178455.50	0.000e+00	0.000e+00	0.000e+00
178456.50	0.000e+00	0.000e+00	0.000e+00
178457.50	0.000e+00	0.000e+00	0.000e+00
178458.50	0.000e+00	0.000e+00	0.000e+00
178459.50	0.000e+00	0.000e+00	0.000e+00
178460.50	0.000e+00	0.000e+00	0.000e+00
178461.50	0.000e+00	0.000e+00	0.000e+00
178462.50	0.000e+00	0.000e+00	0.000e+00
178463.50	0.000e+00	0.000e+00	0.000e+00
178464.50	0.000e+00	0.000e+00	0.000e+00
178465.50	0.000e+00	0.000e+00	0.000e+00
178466.50	0.000e+00	0.000e+00	0.000e+00
178467.50	0.000e+00	0.000e+00	0.000e+00
178468.50	0.000e+00	0.000e+00	0.000e+00
178469.50	0.000e+00	0.000e+00	0.000e+00
178470.50	0.000e+00	0.000e+00	0.000e+00
178471.50	0.000e+00	0.000e+00	0.000e+00
178472.50	0.000e+00	0.000e+00	0.000e+00
178473.50	0.000e+00	0.000e+00	0.000e+00
178474.50	0.000e+00	0.000e+00	0.000e+00
178475.50	0.000e+00	0.000e+00	0.000e+00
178476.50	0.000e+00	0.000e+00	0.000e+00
178477.50	0.000e+00	0.000e+00	0.000e+00
178478.50	0.000e+00	0.000e+00	0.000e+00
178479.50	0.000e+00	0.000e+00	0.000e+00
178480.50	0.000e+00	0.000e+00	0.000e+00
178481.50	0.000e+00	0.000e+00	0.000e+00
178482.50	0.000e+00	0.000e+00	0.000e+00
178483.50	0.000e+00	0.000e+00	0.000e+00
178484.50	0.000e+00	0.000e+00	0.000e+00
178485.50	0.000e+00	0.000e+00	0.000e+00
178486.50	0.000e+00	0.000e+00	0.000e+00
178487.50	0.000e+00	0.000e+00	0.000e+00
178488.50	0.000e+00	0.000e+00	0.000e+00
178489.50	0.000e+00	0.000e+00	0.000e+00
178490.50	0.000e+00	0.000e+00	0.000e+00
178491.50	0.000e+00	0.000e+00	0.000e+00
178492.50	0.000e+00	0.000e+00	0.000e+00
178493.50	0.000e+00	0.000e+00	0.000e+00
178494.50	0.000e+00	0.000e+00	0.000e+00
178495.50	0.000e+00	0.000e+00	0.000e+00
178496.50	0.000e+00	0.000e+00	0.000e+00
178497.50	0.000e+00	0.000e+00	0.000e+00
178498.50	0.000e+00	0.000e+00	0.000e+00
178499.50	0.000e+00	0.000e+00	0.000e+00
178500.50	0.000e+00	0.000e+00	0.000e+00
178501.50	0.000e+00	0.000e+00	0.000e+00
178502.50	0.000e+00	0.000e+00	0.000e+00
178503.50	0.000e+00	0.000e+00	0.000e+00
178504.50	0.000e+00	0.000e+00	0.000e+00
178505.50	0.000e+00	0.000e+00	0.000e+00
178506.50	0.000e+00	0.000e+00	0.000e+00
178507.50	0.000e+00	0.000e+00	0.000e+00
178508.50	0.000e+00	0.000e+00	0.000e+00
178509.50	0.000e+00	0.000e+00	0.000e+00
178510.50	0.000e+00	0.000e+00	0.000e+00
178511.50	0.000e+00	0.000e+00	0.000e+00
178512.50	0.000e+00	0.000e+00	0.000e+00
178513.50	0.000e+00	0.000e+00	0.000e+00
178514.50	0.000e+00	0.000e+00	0.000e+00
178515.50	0.000e+00	0.000e+00	0.000e+00
178516.50	0.000e+00	0.000e+00	0.000e+00
178517.50	0.000e+00	0.000e+00	0.000e+00
178518.50	0.000e+00	0.000e+00	0.000e+00
178519.50	0.000e+00	0.000e+00	0.000e+00
178520.50	0.000e+00	0.000e+00	0.000e+00
178521.50	0.000e+00	0.000e+00	0.000e+00
178522.50	0.000e+00	0.000e+00	0.000e+00
178523.50	0.000e+00	0.000e+00	0.000e+00
178524.50	0.000e+00	0.000e+00	0.000e+00
178525.50	0.000e+00	0.000e+00	0.000e+00
178526.50	0.000e+00	0.000e+00	0.000e+00
178527.50	0.000e+00	0.000e+00	0.000e+00
178528.50	0.000e+00	0.000e+00	0.000e+00
178529.50	0.000e+00	0.000e+00	0.000e+00
178530.50	0.000e+00	0.000e+00	0.000e+00
178531.50	0.000e+00	0.000e+00	0.000e+00
178532.50	0.000e+00	0.000e+00	0.000e+00
178533.50	0.000e+00	0.000e+00	0.000e+00
178534.50	0.000e+00	0.000e+00	0.000e+00
178535.50	0.000e+00	0.000e+00	0.000e+00
178536.50	0.000e+00	0.000e+00	0.000e+00
178537.50	0.000e+00	0.000e+00	0.000e+00
178538.50	0.000e+00	0.000e+00	0.000e+00
178539.50	0.000e+00	0.000e+00	0.000e+00
178540.50	0.000e+00	0.000e+00	0.000e+00
178541.50	0.000e+00	0.000e+00	0.000e+00
178542.50	0.000e+00	0.000e+00	0.000e+00
178543.50	0.000e+00	0.000e+00	0.000e+00
178544.50	0.000e+00	0.000e+00	0.000e+00
178545.50	0.000e+00	0.000e+00	0.000e+00
178546.50	0.000e+00	0.000e+00	0.000e+00
178547.50	0.000e+00	0.000e+00	0.000e+00
178548.50	0.000e+00	0.000e+00	0.000e+00
178549.50	0.000e+00	0.000e+00	0.000e+00
178550.50	0.000e+00	0.000e+00	0.000e+00
178551.50	0.000e+00	0.000e+00	0.000e+00
178552.50	0.000e+00	0.000e+00	0.000e+00
178553.50	0.000e+00	0.000e+00	0.000e+00
178554.50	0.000e+00	0.000e+00	0.000e+00
178555.50	0.000e+00	0.000e+00	0.000e+00
178556.50	0.000e+00	0.000e+00	0.000e+00
178557.50	0.000e+00	0.000e+00	0.000e+00
178558.50	0.000e+00	0.000e+00	0.000e+00
178559.50	0.000e+00	0.000e+00	0.000e+00
178560.50	0.000e+00	0.000e+00	0.000e+00
178561.50	0.000e+00	0.000e+00	0.000e+00
178562.50	0.000e+00	0.000e+00	0.000e+00
178563.50	0.000e+00	0.000e+00	0.000e+00
178564.50	0.000e+00	0.000e+00	0.000e+00
178565.50	0.000e+00	0.000e+00	0.000e+00
178566.50	0.000e+00	0.000e+00	0.000e+00
178567.50	0.000e+00	0.000e+00	0.000e+00
178568.50	0.000e+00	0.000e+00	0.000e+00
178569.50	0.000e+00	0.000e+00	0.000e+00
178570.50	0.000e+00	0.000e+00	0.000e+00
178571.50	0.000e+00	0.000e+00	0.000e+00
178572.50	0.000e+00	0.000e+00	0.000e+00
178573.50	0.000e+00	0.000e+00	0.000e+00
178574.50	0.000e+00	0.000e+00	0.000e+00
178575.50	0.000e+00	0.000e+00	0.000e+00
178576.50	0.000e+00	0.000e+00	0.000e+00
178577.50	0.000e+00	0.000e+00	0.000e+00
178578.50	0.000e+00	0.000e+00	0.000e+00
178579.50	0.000e+00	0.000e+00	0.000e+00
178580.50	0.000e+00	0.000e+00	0.000e+00
178581.50	0.000e+00	0.000e+00	0.000e+00
178582.50	0.000e+00	0.000e+00	0.000e+00
178583.50	0.000e+00	0.000e+00	0.000e+00
178584.50	0.000e+00	0.000e+00	0.000e+00
178585.50	0.000e+00	0.000e+00	0.000e+00
178586.50	0.000e+00	0.000e+00	0.000e+00
178587.50	0.000e+00	0.000e+00	0.000e+00
178588.50	0.000e+00	0.000e+00	0.000e+00
178589.50	0.000e+00	0.000e+00	0.000e+00
178590.50	0.000e+00	0.000e+00	0.000e+00
178591.50	0.000e+00	0.000e+00	0.000e+00
178592.50	0.000e+00	0.000e+00	0.000e+00
178593.50	0.000e+00	0.000e+00	0.000e+00
178594.50	0.000e+00	0.000e+00	0.000e+00
178595.50	0.000e+00	0.000e+00	0.000e+00
178596.50	0.000e+00	0.000e+00	0.000e+00
178597.50	0.000e+00	0.000e+00	0.000e+00
178598.50	0.000e+00	0.000e+00	0.000e+00
178599.50	0.000e+00	0.000e+00	0.000e+00
178600.50	0.000e+00	0.000e+00	0.000e+00
178601.50	0.000e+00	0.000e+00	0.000e+00
178602.50	0.000e+00	0.000e+00	0.000e+00
178603.50	0.000e+00	0.000e+00	0.000e+00
178604.50	0.000e+00	0.000e+00	0.000e+00
178605.50	0.000e+00	0.000e+00	0.000e+00
178606.50	-3.427e-06	7.517e-05	-4.848e-05
178607.50	-2.045e-05	8.736e-03	1.219e-02
178608.50	-1.219e-03	1.229e-02	-5.510e-02
178609.50	2.995e-03	-5.856e-02	9.446e-02
178610.50	-9.293e-03	-1.680e-01	-8.170e-01
178611.50	1.248e-01	-5.357e+00	-6.816e-01
178612.50	3.984e-01	-1.411e+01	1.882e+00
178613.50	8.102e-01	-2.928e+01	2.102e+00
178614.50	1.488e+00	-5.366e+01	2.784e+00
178615.50	2.266e+00	-7.814e+01	7.363e+00
178616.50	3.514e+00	-1.190e+02	1.238e+01
178617.50	4.618e+00	-1.459e+02	2.659e+01
178618.50	4.406e+00	-1.421e+02	1.661e+01
178619.50	4.752e+00	-1.498e+02	1.872e+01
178620.50	4.656e+00	-1.526e+02	6.749e+00
178621.50	3.965e+00	-1.133e+02	2.458e+01
178622.50	1.766e+00	-4.608e+01	1.085e+01
178623.50	1.075e+00	-2.640e+01	4.320e+00
178624.50	1.478e-01	-5.923e+00	-1.085e+01
178625.50	-2.630e-01	2.026e+01	6.682e+00
178626.50	-7.622e-01	2.899e+01	-3.456e+00
178627.50	-1.114e+00	4.042e+01	-2.890e+00
178628.50	-1.315e+00	4.330e+01	-7.632e+00
178629.50	-1.411e+00	4.656e+01	-5.722e+00
178630.50	-1.421e+00	4.243e+01	-1.162e+01
178631.50	-1.450e+00	4.646e+01	-6.845e+00
178632.50	-1.258e+00	4.358e+01	-1.478e+00
178633.50	-1.642e+00	5.030e+01	-8.458e+00
178634.50	-1.210e+00	3.830e+01	-4.694e+00
178635.50	-1.142e+00	3.744e+01	-3.024e+00
178636.50	-1.296e+00	4.109e+01	-4.147e+00
178637.50	-1.094e+00	3.216e+01	-6.960e+00
178638.50	-1.027e+00	3.197e+01	-4.301e+00
178639.50	-8.736e-01	2.736e+01	-3.475e+00
178640.50	-9.034e-01	3.014e+01	-7.411e-01
178641.50	-8.534e-01	2.544e+01	-4.493e+00
178642.50	-7.478e-01	2.429e+01	-1.354e+00
178643.50	-7.814e-01	2.342e+01	-3.773e+00
178644.50	-7.776e-01	2.256e+01	-4.445e+00
178645.50	-7.517e-01	2.208e+01	-4.051e+00
178646.50	-6.048e-01	1.843e+01	-2.342e+00
178647.50	-5.683e-01	1.882e+01	-7.968e-01
178648.50	-4.838e-01	1.430e+01	-2.285e+00
178649.50	-5.530e-01	1.680e+01	-2.669e+00
178650.50	-4.387e-01	1.507e+01	5.184e-01
178651.50	-4.445e-01	1.210e+01	-3.542e+00
178652.50	-3.859e-01	1.286e+01	3.869e-01
178653.50	-5.242e-01	1.574e+01	-1.930e+00
178654.50	-3.014e-01	1.046e+01	3.322e-01
178655.50	-2.966e-01	9.984e+00	4.512e-02
178656.50	-3.754e-01	1.066e+01	-2.371e+00
178657.50	-3.206e-01	1.018e+01	-5.414e-01
178658.50	-3.082e-01	9.350e+00	-1.507e+00
178659.50	-2.678e-01	8.496e+00	-5.290e-01
178660.50	-2.477e-01	8.294e+00	5.222e-02
178661.50	-2.726e-01	7.613e+00	-1.728e+00
178662.50	-2.410e-01	7.344e+00	-9.542e-01
178663.50	-2.083e-01	6.989e+00	2.966e-01
178664.50	-2.486e-01	7.411e+00	-1.037e+00
178665.50	-1.834e-01	5.981e+00	-2.938e-01
178666.50	-1.891e-01	6.029e+00	4.973e-02
178667.50	-1.776e-01	4.771e+00	-1.075e+00
178668.50	-2.266e-01	6.480e+00	-1.190e+00
178669.50	-1.507e-01	4.934e+00	-7.891e-02
178670.50	-1.613e-01	5.059e+00	-5.059e-01
178671.50	-1.488e-01	4.157e+00	-9.792e-01
178672.50	-1.430e-01	4.608e+00	-2.640e-01
178673.50	-1.306e-01	4.349e+00	3.053e-02
178674.50	-9.600e-02	2.899e+00	-4.925e-01
178675.50	-1.296e-01	4.157e+00	7.930e-02
178676.50	-1.344e-01	4.080e+00	-3.254e-01
178677.50	-1.498e-01	4.022e+00	-1.286e+00
178678.50	-1.200e-01	3.504e+00	-6.480e-01
178679.50	-8.246e-02	2.746e+00	1.546e-01
178680.50	-9.600e-02	3.101e+00	8.246e-02
178681.50	-6.259e-02	2.429e+00	3.302e-01
178682.50	-6.211e-02	2.314e+00	-2.621e-02
178683.50	-5.952e-02	2.246e+00	1.546e-01
178684.50	-1.027e-01	2.544e+00	-9.984e-01
178685.50	-8.573e-02	2.534e+00	-2.150e-03
178686.50	-6.317e-02	2.122e+00	6.288e-03
178687.50	-7.747e-02	2.160e+00	-2.880e-01
178688.50	-6.960e-02	1.757e+00	-4.483e-01
178689.50	-4.214e-02	1.315e+00	-3.610e-01
178690.50	-4.944e-02	1.094e+00	-7.651e-01
178691.50	-4.733e-02	1.709e+00	2.890e-01
178692.50	-6.490e-02	2.131e+00	-1.200e-01
178693.50	-8.141e-02	2.026e+00	-6.221e-01
178694.50	-5.558e-02	1.507e+00	-3.677e-01
178695.50	-6.067e-02	1.430e+00	-5.347e-01
178696.50	-4.675e-02	1.661e+00	2.928e-01
178697.50	-5.875e-02	1.210e+00	-9.446e-01
178698.50	-4.080e-02	1.613e+00	3.005e-01
178699.50	-3.686e-02	1.469e+00	3.610e-01
178700.50	-1.622e-02	8.438e-01	4.502e-01
178701.50	-4.560e-02	1.066e+00	-4.934e-01
178702.50	-3.139e-02	1.104e+00	2.227e-01
178703.50	-4.224e-02	1.277e+00	-6.480e-02
178704.50	-4.186e-02	1.258e+00	-2.515e-01
178705.50	-4.176e-02	9.792e-01	-5.328e-01
178706.50	-3.264e-02	1.094e+00	6.672e-02
178707.50	-1.171e-02	6.701e-01	3.197e-01
178708.50	-2.093e-02	2.890e-01	-5.962e-01
178709.50	-2.131e-02	8.362e-01	2.093e-01
178710.50	-2.746e-02	8.333e-01	-1.315e-01
178711.50	-2.621e-02	6.077e-01	-3.082e-01
178712.50	-2.995e-02	8.506e-01	-9.158e-02
178713.50	-3.034e-02	9.792e-01	-1.027e-03
178714.50	-1.997e-02	8.602e-01	2.976e-01
178715.50	-3.197e-02	7.805e-01	-3.370e-01
178716.50	-1.699e-02	3.130e-01	-3.427e-01
178717.50	-1.642e-02	5.040e-01	9.792e-02
178718.50	-1.363e-02	7.008e-01	1.958e-01
178719.50	-1.699e-02	4.109e-01	7.939e-02
178720.50	-2.352e-02	5.664e-01	-6.874e-02
178721.50	-4.003e-02	9.072e-01	-5.021e-01
178722.50	-1.882e-02	2.506e-01	-5.923e-01
178723.50	-1.805e-02	7.910e-01	2.870e-01
178724.50	-1.699e-02	5.338e-01	5.366e-02
178725.50	-9.888e-03	5.088e-01	2.486e-02
178726.50	-3.139e-02	7.286e-01	-4.080e-01
178727.50	-2.342e-02	5.798e-01	-1.267e-01
178728.50	2.640e-03	-2.189e-02	3.283e-02
178729.50	-1.488e-02	5.587e-01	1.277e-01
178730.50	-1.757e-02	4.464e-01	1.344e-02
178731.50	-1.306e-02	3.149e-01	-3.667e-02
178732.50	-2.678e-02	4.992e-01	-2.957e-01
178733.50	-1.728e-02	1.805e-01	-4.474e-01
178734.50	-1.814e-02	4.080e-01	-2.323e-01
178735.50	1.430e-02	4.838e-03	5.299e-01
178736.50	1.872e-03	-2.573e-02	-1.603e-01
178737.50	-2.246e-02	5.270e-01	-6.182e-03
178738.50	-1.056e-03	1.066e-02	-1.334e-01
178739.50	-1.507e-02	4.867e-01	-1.325e-01
178740.50	-2.698e-03	2.054e-01	2.803e-01
178741.50	-1.363e-02	2.832e-01	-2.582e-01
178742.50	3.043e-03	1.757e-01	2.458e-01
178743.50	-1.651e-02	4.435e-01	5.798e-03
178744.50	-2.400e-02	5.942e-01	-7.949e-02
178745.50	-1.334e-04	-2.621e-01	-3.197e-01
178746.50	9.312e-04	-1.536e-01	-1.046e-02
178747.50	-3.408e-03	3.571e-01	2.573e-01
178748.50	-1.056e-02	1.805e-01	-1.574e-01
178749.50	1.210e-02	-5.088e-02	1.200e-01
178750.50	-1.450e-02	3.034e-01	-1.181e-01
178751.50	-2.054e-02	4.378e-01	3.110e-03
178752.50	-4.858e-03	-3.331e-02	-4.464e-02
178753.50	2.179e-03	5.818e-03	1.104e-01
178754.50	1.373e-03	6.355e-02	-4.954e-03
178755.50	-1.286e-02	4.109e-01	7.104e-02
178756.50	-2.534e-03	8.198e-02	-2.525e-02
178757.50	-2.179e-02	2.880e-01	-3.850e-01
178758.50	-1.229e-02	2.774e-01	-2.909e-01
178759.50	-4.982e-03	2.304e-01	1.286e-01
178760.50	-3.850e-03	2.765e-01	2.160e-01
178761.50	5.386e-03	-9.264e-02	6.566e-02
178762.50	-1.814e-02	4.464e-01	-1.354e-01
178763.50	-3.677e-03	1.325e-01	1.094e-01
178764.50	-1.344e-02	2.208e-01	-2.246e-01
178765.50	-1.402e-02	3.226e-01	2.640e-03
178766.50	3.130e-04	-1.469e-01	-1.661e-01
178767.50	-5.414e-04	7.670e-02	-1.171e-01
178768.50	-2.458e-03	3.859e-01	3.245e-02
178769.50	-2.976e-03	1.450e-01	1.690e-01
178770.50	-7.334e-03	1.718e-01	1.315e-01
178771.50	4.166e-03	-3.149e-01	3.062e-02
178772.50	-7.872e-03	1.373e-01	-1.133e-01
178773.50	-8.141e-03	6.442e-02	-3.110e-01
178774.50	-1.190e-02	2.246e-01	-2.141e-01
178775.50	-6.163e-03	2.573e-01	1.171e-01
178776.50	8.506e-03	-4.080e-02	1.958e-01
178777.50	9.571e-04	1.018e-01	1.565e-01
178778.50	-1.008e-02	1.536e-01	-1.805e-01
178779.50	-6.096e-03	1.728e-01	4.637e-02
178780.50	-8.794e-03	2.246e-01	-1.507e-01
178781.50	7.142e-04	5.184e-02	-5.530e-02
178782.50	-3.974e-04	-1.392e-01	-7.219e-02
178783.50	2.381e-04	3.254e-02	3.840e-02
178784.50	-2.880e-03	1.680e-01	1.267e-01
178785.50	2.477e-03	1.402e-01	2.400e-01
178786.50	-4.291e-03	1.757e-01	3.101e-03
178787.50	-3.005e-03	9.792e-02	3.389e-02
178788.50	-4.982e-03	3.274e-01	6.019e-02
178789.50	-8.803e-05	-6.691e-02	-1.392e-02
178790.50	1.094e-02	-2.122e-01	1.382e-01
178791.50	-5.693e-03	1.574e-02	-5.990e-02
178792.50	-1.286e-02	1.930e-01	-1.834e-01
178793.50	3.898e-03	-4.090e-02	1.853e-01
178794.50	-3.850e-03	7.584e-02	-9.293e-02
178795.50	-1.296e-02	3.014e-01	-1.565e-01
178796.50	4.358e-03	-8.602e-02	4.320e-02
178797.50	-1.306e-02	3.955e-01	-1.814e-01
178798.50	-5.827e-03	2.093e-01	1.037e-01
178799.50	4.531e-03	-2.381e-02	4.291e-02
178800.50	1.584e-02	-3.446e-01	-5.798e-02
178801.50	-4.838e-03	1.757e-02	-1.027e-01
178802.50	-2.544e-03	1.776e-01	1.056e-01
178803.50	-9.350e-03	2.122e-01	-1.190e-01
178804.50	4.397e-03	-8.563e-02	9.792e-03
178805.50	-6.278e-03	4.070e-02	-1.056e-01
178806.50	-5.616e-03	2.218e-01	1.200e-01
178807.50	-4.253e-04	3.888e-02	6.509e-02
178808.50	3.072e-03	9.696e-02	2.045e-01
178809.50	-1.555e-03	3.197e-02	-9.792e-02
178810.50	-5.693e-03	9.302e-02	-2.006e-02
178811.50	-3.878e-03	-6.144e-03	-9.888e-02
178812.50	-5.952e-03	1.325e-01	-1.123e-01
178813.50	-3.091e-03	2.179e-02	-8.746e-02
178814.50	-9.542e-04	6.019e-02	8.880e-03
178815.50	-3.053e-03	5.558e-02	-3.917e-02
178816.50	-5.414e-03	5.712e-02	-1.402e-01
178817.50	9.456e-04	-4.118e-02	8.294e-03
178818.50	4.416e-03	-7.142e-02	2.803e-03
178819.50	-5.808e-03	7.565e-04	-6.941e-02
178820.50	-6.701e-03	2.112e-01	1.882e-02
178821.50	1.037e-02	-2.928e-01	5.069e-02
178822.50	-7.152e-03	1.949e-01	7.286e-02
178823.50	-3.590e-03	1.680e-01	6.077e-02
178824.50	-2.246e-03	1.018e-01	-3.053e-02
178825.50	1.565e-02	-1.786e-01	3.062e-01
178826.50	-4.070e-03	1.613e-01	4.723e-02
178827.50	-8.746e-03	1.238e-01	-1.229e-01
178828.50	-4.867e-03	4.838e-02	1.075e-03
178829.50	7.286e-04	-1.843e-02	-2.995e-02
178830.50	4.723e-03	-9.514e-02	5.491e-02
178831.50	-8.170e-03	2.122e-01	-5.856e-02
178832.50	-2.150e-03	-6.576e-02	-2.429e-01
178833.50	1.037e-02	-1.680e-01	1.594e-01
178834.50	-6.691e-03	2.112e-02	-1.459e-01
178835.50	-1.642e-02	1.238e-01	1.469e-01
178836.50	1.344e-02	-1.210e-01	-1.699e-02
178837.50	-4.694e-03	-4.733e-02	-2.035e-01
178838.50	1.814e-03	-2.995e-02	5.722e-03
178839.50	5.184e-03	3.629e-02	1.296e-01
178840.50	-6.682e-03	7.046e-02	-1.939e-01
178841.50	-1.363e-03	3.523e-03	5.203e-02
178842.50	-9.523e-04	-7.200e-02	-7.642e-02
178843.50	-5.251e-03	1.555e-01	4.877e-02
178844.50	3.226e-04	4.589e-02	3.139e-02
178845.50	-1.142e-03	1.622e-01	1.027e-01
178846.50	-5.770e-03	1.594e-01	-1.613e-02
178847.50	-3.398e-03	-1.402e-02	-3.859e-02
178848.50	-1.882e-03	3.590e-02	1.469e-02
178849.50	9.696e-04	6.010e-03	3.571e-02
178850.50	-6.730e-03	1.690e-01	-3.590e-02
178851.50	4.330e-03	-1.392e-01	-3.216e-02
178852.50	-1.901e-03	7.882e-03	-1.133e-01
178853.50	2.122e-03	-1.171e-02	8.707e-02
178854.50	3.629e-03	7.190e-02	2.160e-01
178855.50	-3.667e-03	6.125e-03	-1.046e-01
178856.50	-4.406e-03	4.003e-02	-9.792e-02
178857.50	-3.965e-03	6.989e-02	-6.451e-02
178858.50	1.171e-03	-9.235e-02	-4.886e-02
178859.50	5.194e-04	3.226e-02	1.718e-02
178860.50	2.966e-03	4.886e-02	1.037e-01
178861.50	-1.670e-03	6.422e-02	-4.531e-02
178862.50	3.782e-04	4.157e-02	-4.406e-02
178863.50	7.171e-04	-8.822e-02	-6.672e-02
178864.50	-1.738e-03	7.238e-02	7.997e-02
178865.50	-1.296e-03	-3.379e-02	-8.198e-02
178866.50	-9.888e-04	-2.784e-02	-7.997e-02
178867.50	-2.064e-03	6.394e-02	5.251e-02
178868.50	-3.216e-03	5.395e-02	-5.770e-02
178869.50	-5.280e-04	-6.134e-02	-7.171e-02
178870.50	-5.078e-04	-3.946e-02	8.141e-02
178871.50	3.216e-03	3.782e-03	7.622e-02
178872.50	1.027e-03	6.470e-02	4.819e-02
178873.50	-7.171e-03	1.430e-01	-6.624e-02
178874.50	7.507e-03	-1.334e-01	6.413e-02
178875.50	8.966e-04	-8.400e-02	-2.813e-02
178876.50	-3.254e-03	9.178e-02	5.520e-02
178877.50	4.214e-03	1.066e-02	9.888e-02
178878.50	1.632e-03	-2.602e-02	1.622e-02
178879.50	-1.210e-03	3.773e-02	4.790e-03
178880.50	-4.954e-03	1.382e-01	-2.150e-02
178881.50	-1.373e-03	5.539e-03	-5.213e-02
178882.50	3.974e-03	1.152e-03	4.387e-02
178883.50	-1.334e-03	8.659e-04	-8.563e-03
178884.50	3.523e-03	-7.286e-02	1.200e-01
178885.50	2.688e-03	-7.939e-02	-9.206e-02
178886.50	2.784e-03	-6.240e-02	1.142e-01
178887.50	7.594e-04	8.486e-03	4.762e-02
178888.50	3.686e-03	-5.664e-02	3.293e-02
178889.50	-9.034e-03	1.046e-01	-1.546e-01
178890.50	-6.154e-05	-5.789e-03	-4.320e-02
178891.50	1.843e-03	-7.776e-02	9.216e-02
178892.50	-2.736e-03	9.888e-02	-7.987e-03
178893.50	1.507e-03	9.331e-03	4.550e-02
178894.50	-3.946e-03	4.387e-02	-1.536e-03
178895.50	-6.067e-03	1.248e-01	-2.736e-02
178896.50	4.666e-03	-1.440e-01	-3.686e-02
178897.50	-3.389e-03	4.877e-02	-9.456e-02
178898.50	-6.634e-04	1.997e-02	1.709e-02
178899.50	3.552e-03	-8.688e-02	2.602e-02
178900.50	5.338e-03	-1.190e-01	7.891e-02
178901.50	-3.082e-04	-7.766e-03	-6.624e-02
178902.50	-5.232e-03	7.488e-02	-9.600e-02
178903.50	3.264e-03	-4.762e-02	2.237e-02
178904.50	1.709e-03	-3.264e-03	3.274e-02
178905.50	-1.363e-03	7.008e-02	3.888e-02
178906.50	-3.197e-03	3.946e-02	-3.677e-02
178907.50	1.891e-03	-4.982e-02	2.755e-02
178908.50	-7.507e-04	2.419e-02	-4.541e-02
178909.50	-5.078e-03	1.210e-01	-7.430e-02
178910.50	-1.133e-03	7.037e-02	4.522e-03
178911.50	-1.440e-03	2.266e-02	3.254e-02
178912.50	-4.483e-05	-7.766e-03	7.210e-02
178913.50	-1.315e-03	3.830e-02	-6.317e-02
178914.50	1.805e-03	-1.843e-02	5.184e-02
178915.50	3.149e-03	-8.285e-03	5.165e-02
178916.50	-3.754e-03	4.435e-02	-1.219e-02
178917.50	-2.851e-03	8.266e-02	1.440e-02
178918.50	5.770e-03	-9.370e-02	2.582e-02
178919.50	1.267e-03	-9.245e-02	-5.424e-02
178920.50	-1.210e-03	-8.698e-03	1.402e-02
178921.50	2.074e-03	-6.230e-02	1.747e-02
178922.50	-9.600e-04	-1.008e-02	-5.693e-02
178923.50	-1.104e-03	-1.728e-02	-2.006e-02
178924.50	-3.686e-03	1.008e-01	-4.272e-02
178925.50	-2.592e-03	9.984e-02	8.861e-03
178926.50	-4.675e-03	4.109e-02	-9.034e-02
178927.50	-1.478e-03	1.334e-02	-4.733e-03
178928.50	-9.984e-04	1.776e-02	-4.714e-02
178929.50	5.606e-03	-1.277e-01	-3.168e-02
178930.50	-4.704e-03	5.626e-02	-2.246e-02
178931.50	-2.160e-03	4.474e-02	-6.211e-03
178932.50	4.675e-03	-1.056e-01	8.602e-02
178933.50	-1.066e-03	5.165e-02	-3.293e-02
178934.50	-6.374e-03	6.912e-02	-8.141e-02
178935.50	-2.438e-03	6.269e-02	1.008e-02
178936.50	-4.579e-03	1.190e-02	-9.984e-02
178937.50	3.600e-03	-5.990e-02	5.309e-02
178938.50	7.766e-03	-1.210e-01	8.957e-02
178939.50	1.824e-03	-2.150e-02	5.280e-02
178940.50	4.483e-04	2.054e-02	1.392e-02
178941.50	-2.074e-03	-4.829e-02	-1.190e-01
178942.50	-4.358e-04	4.474e-02	9.984e-02
178943.50	-9.792e-04	6.653e-02	4.445e-02
178944.50	1.171e-03	-5.126e-03	-3.197e-02
178945.50	4.771e-04	-7.123e-04	-2.995e-02
178946.50	-2.650e-03	4.234e-02	-5.299e-02
178947.50	-3.427e-03	1.142e-02	-7.267e-02
178948.50	-3.389e-04	4.531e-02	3.926e-02
178949.50	1.862e-03	1.738e-02	9.101e-02
178950.50	-4.445e-04	5.750e-02	5.674e-02
178951.50	1.258e-03	-5.434e-02	3.936e-02
178952.50	2.688e-03	-3.667e-02	1.978e-02
178953.50	-2.573e-04	3.389e-02	-3.197e-02
178954.50	-1.094e-03	4.531e-02	-6.000e-03
178955.50	7.843e-04	-4.282e-02	6.557e-03
178956.50	1.843e-03	-8.918e-02	-2.246e-02
178957.50	1.392e-04	2.237e-02	2.208e-02
178958.50	2.669e-03	-3.283e-02	4.944e-02
