178360.50	0.000e+00	0.000e+00	0.000e+00
178361.50	0.000e+00	0.000e+00	0.000e+00
178362.50	0.000e+00	0.000e+00	0.000e+00
178363.50	0.000e+00	0.000e+00	0.000e+00
178364.50	0.000e+00	0.000e+00	0.000e+00
178365.50	0.000e+00	0.000e+00	0.000e+00
178366.50	0.000e+00	0.000e+00	0.000e+00
178367.50	0.000e+00	0.000e+00	0.000e+00
178368.50	0.000e+00	0.000e+00	0.000e+00
178369.50	0.000e+00	0.000e+00	0.000e+00
178370.50	0.000e+00	0.000e+00	0.000e+00
178371.50	0.000e+00	0.000e+00	0.000e+00
178372.50	0.000e+00	0.000e+00	0.000e+00
178373.50	0.000e+00	0.000e+00	0.000e+00
178374.50	0.000e+00	0.000e+00	0.000e+00
178375.50	0.000e+00	0.000e+00	0.000e+00
178376.50	0.000e+00	0.000e+00	0.000e+00
178377.50	0.000e+00	0.000e+00	0.000e+00
178378.50	0.000e+00	0.000e+00	0.000e+00
178379.50	0.000e+00	0.000e+00	0.000e+00
178380.50	0.000e+00	0.000e+00	0.000e+00
178381.50	0.000e+00	0.000e+00	0.000e+00
178382.50	0.000e+00	0.000e+00	0.000e+00
178383.50	0.000e+00	0.000e+00	0.000e+00
178384.50	0.000e+00	0.000e+00	0.000e+00
178385.50	0.000e+00	0.000e+00	0.000e+00
178386.50	0.000e+00	0.000e+00	0.000e+00
178387.50	0.000e+00	0.000e+00	0.000e+00
178388.50	0.000e+00	0.000e+00	0.000e+00
178389.50	0.000e+00	0.000e+00	0.000e+00
178390.50	0.000e+00	0.000e+00	0.000e+00
178391.50	0.000e+00	0.000e+00	0.000e+00
178392.50	0.000e+00	0.000e+00	0.000e+00
178393.50	0.000e+00	0.000e+00	0.000e+00
178394.50	0.000e+00	0.000e+00	0.000e+00
178395.50	0.000e+00	0.000e+00	0.000e+00
178396.50	0.000e+00	0.000e+00	0.000e+00
178397.50	0.000e+00	0.000e+00	0.000e+00
178398.50	0.000e+00	0.000e+00	0.000e+00
178399.50	0.000e+00	0.000e+00	0.000e+00
178400.50	0.000e+00	0.000e+00	0.000e+00
178401.50	0.000e+00	0.000e+00	0.000e+00
178402.50	0.000e+00	0.000e+00	0.000e+00
178403.50	0.000e+00	0.000e+00	0.000e+00
178404.50	0.000e+00	0.000e+00	0.000e+00
178405.50	0.000e+00	0.000e+00	0.000e+00
178406.50	0.000e+00	0.000e+00	0.000e+00
178407.50	0.000e+00	0.000e+00	0.000e+00
178408.50	0.000e+00	0.000e+00	0.000e+00
178409.50	0.000e+00	0.000e+00	0.000e+00
178410.50	0.000e+00	0.000e+00	0.000e+00
178411.50	0.000e+00	0.000e+00	0.000e+00
178412.50	0.000e+00	0.000e+00	0.000e+00
178413.50	0.000e+00	0.000e+00	0.000e+00
178414.50	0.000e+00	0.000e+00	0.000e+00
178415.50	0.000e+00	0.000e+00	0.000e+00
178416.50	0.000e+00	0.000e+00	0.000e+00
178417.50	0.000e+00	0.000e+00	0.000e+00
178418.50	0.000e+00	0.000e+00	0.000e+00
178419.50	0.000e+00	0.000e+00	0.000e+00
178420.50	0.000e+00	0.000e+00	0.000e+00
178421.50	0.000e+00	0.000e+00	0.000e+00
178422.50	0.000e+00	0.000e+00	0.000e+00
178423.50	0.000e+00	0.000e+00	0.000e+00
178424.50	0.000e+00	0.000e+00	0.000e+00
178425.50	0.000e+00	0.000e+00	0.000e+00
178426.50	0.000e+00	0.000e+00	0.000e+00
178427.50	0.000e+00	0.000e+00	0.000e+00
178428.50	0.000e+00	0.000e+00	0.000e+00
178429.50	0.000e+00	0.000e+00	0.000e+00
178430.50	0.000e+00	0.000e+00	0.000e+00
178431.50	0.000e+00	0.000e+00	0.000e+00
178432.50	0.000e+00	0.000e+00	0.000e+00
178433.50	0.000e+00	0.000e+00	0.000e+00
178434.50	0.000e+00	0.000e+00	0.000e+00
178435.50	0.000e+00	0.000e+00	0.000e+00
178436.50	0.000e+00	0.000e+00	0.000e+00
178437.50	0.000e+00	0.000e+00	0.000e+00
178438.50	0.000e+00	0.000e+00	0.000e+00
178439.50	0.000e+00	0.000e+00	0.000e+00
178440.50	0.000e+00	0.000e+00	0.000e+00
178441.50	0.000e+00	0.000e+00	0.000e+00
178442.50	0.000e+00	0.000e+00	0.000e+00
178443.50	0.000e+00	0.000e+00	0.000e+00
178444.50	0.000e+00	0.000e+00	0.000e+00
178445.50	0.000e+00	0.000e+00	0.000e+00
178446.50	0.000e+00	0.000e+00	0.000e+00
178447.50	0.000e+00	0.000e+00	0.000e+00
178448.50	0.000e+00	0.000e+00	0.000e+00
178449.50	0.000e+00	0.000e+00	0.000e+00
178450.50	0.000e+00	0.000e+00	0.000e+00
178451.50	0.000e+00	0.000e+00	0.000e+00
178452.50	0.000e+00	0.000e+00	0.000e+00
178453.50	0.000e+00	0.000e+00	0.000e+00
178454.50	0.000e+00	0.000e+00	0.000e+00
178455.50	0.000e+00	0.000e+00	0.000e+00
178456.50	0.000e+00	0.000e+00	0.000e+00
178457.50	0.000e+00	0.000e+00	0.000e+00
178458.50	0.000e+00	0.000e+00	0.000e+00
178459.50	0.000e+00	0.000e+00	0.000e+00
178460.50	0.000e+00	0.000e+00	0.000e+00
178461.50	0.000e+00	0.000e+00	0.000e+00
178462.50	0.000e+00	0.000e+00	0.000e+00
178463.50	0.000e+00	0.000e+00	0.000e+00
178464.50	0.000e+00	0.000e+00	0.000e+00
178465.50	0.000e+00	0.000e+00	0.000e+00
178466.50	0.000e+00	0.000e+00	0.000e+00
178467.50	0.000e+00	0.000e+00	0.000e+00
178468.50	0.000e+00	0.000e+00	0.000e+00
178469.50	0.000e+00	0.000e+00	0.000e+00
178470.50	0.000e+00	0.000e+00	0.000e+00
178471.50	0.000e+00	0.000e+00	0.000e+00
178472.50	0.000e+00	0.000e+00	0.000e+00
178473.50	0.000e+00	0.000e+00	0.000e+00
178474.50	0.000e+00	0.000e+00	0.000e+00
178475.50	0.000e+00	0.000e+00	0.000e+00
178476.50	0.000e+00	0.000e+00	0.000e+00
178477.50	0.000e+00	0.000e+00	0.000e+00
178478.50	0.000e+00	0.000e+00	0.000e+00
178479.50	0.000e+00	0.000e+00	0.000e+00
178480.50	0.000e+00	0.000e+00	0.000e+00
178481.50	0.000e+00	0.000e+00	0.000e+00
178482.50	0.000e+00	0.000e+00	0.000e+00
178483.50	0.000e+00	0.000e+00	0.000e+00
178484.50	0.000e+00	0.000e+00	0.000e+00
178485.50	0.000e+00	0.000e+00	0.000e+00
178486.50	0.000e+00	0.000e+00	0.000e+00
178487.50	0.000e+00	0.000e+00	0.000e+00
178488.50	0.000e+00	0.000e+00	0.000e+00
178489.50	0.000e+00	0.000e+00	0.000e+00
178490.50	0.000e+00	0.000e+00	0.000e+00
178491.50	0.000e+00	0.000e+00	0.000e+00
178492.50	0.000e+00	0.000e+00	0.000e+00
178493.50	0.000e+00	0.000e+00	0.000e+00
178494.50	0.000e+00	0.000e+00	0.000e+00
178495.50	0.000e+00	0.000e+00	0.000e+00
178496.50	0.000e+00	0.000e+00	0.000e+00
178497.50	0.000e+00	0.000e+00	0.000e+00
178498.50	0.000e+00	0.000e+00	0.000e+00
178499.50	0.000e+00	0.000e+00	0.000e+00
178500.50	0.000e+00	0.000e+00	0.000e+00
178501.50	0.000e+00	0.000e+00	0.000e+00
178502.50	0.000e+00	0.000e+00	0.000e+00
178503.50	0.000e+00	0.000e+00	0.000e+00
178504.50	0.000e+00	0.000e+00	0.000e+00
178505.50	0.000e+00	0.000e+00	0.000e+00
178506.50	0.000e+00	0.000e+00	0.000e+00
178507.50	0.000e+00	0.000e+00	0.000e+00
178508.50	0.000e+00	0.000e+00	0.000e+00
178509.50	0.000e+00	0.000e+00	0.000e+00
178510.50	0.000e+00	0.000e+00	0.000e+00
178511.50	0.000e+00	0.000e+00	0.000e+00
178512.50	0.000e+00	0.000e+00	0.000e+00
178513.50	0.000e+00	0.000e+00	0.000e+00
178514.50	0.000e+00	0.000e+00	0.000e+00
178515.50	0.000e+00	0.000e+00	0.000e+00
178516.50	0.000e+00	0.000e+00	0.000e+00
178517.50	0.000e+00	0.000e+00	0.000e+00
178518.50	0.000e+00	0.000e+00	0.000e+00
178519.50	0.000e+00	0.000e+00	0.000e+00
178520.50	0.000e+00	0.000e+00	0.000e+00
178521.50	0.000e+00	0.000e+00	0.000e+00
178522.50	0.000e+00	0.000e+00	0.000e+00
178523.50	0.000e+00	0.000e+00	0.000e+00
178524.50	0.000e+00	0.000e+00	0.000e+00
178525.50	0.000e+00	0.000e+00	0.000e+00
178526.50	0.000e+00	0.000e+00	0.000e+00
178527.50	0.000e+00	0.000e+00	0.000e+00
178528.50	0.000e+00	0.000e+00	0.000e+00
178529.50	0.000e+00	0.000e+00	0.000e+00
178530.50	0.000e+00	0.000e+00	0.000e+00
178531.50	0.000e+00	0.000e+00	0.000e+00
178532.50	0.000e+00	0.000e+00	0.000e+00
178533.50	0.000e+00	0.000e+00	0.000e+00
178534.50	0.000e+00	0.000e+00	0.000e+00
178535.50	0.000e+00	0.000e+00	0.000e+00
178536.50	0.000e+00	0.000e+00	0.000e+00
178537.50	0.000e+00	0.000e+00	0.000e+00
178538.50	0.000e+00	0.000e+00	0.000e+00
178539.50	0.000e+00	0.000e+00	0.000e+00
178540.50	0.000e+00	0.000e+00	0.000e+00
178541.50	0.000e+00	0.000e+00	0.000e+00
178542.50	0.000e+00	0.000e+00	0.000e+00
178543.50	0.000e+00	0.000e+00	0.000e+00
178544.50	0.000e+00	0.000e+00	0.000e+00
178545.50	0.000e+00	0.000e+00	0.000e+00
178546.50	0.000e+00	0.000e+00	0.000e+00
178547.50	0.000e+00	0.000e+00	0.000e+00
178548.50	0.000e+00	0.000e+00	0.000e+00
178549.50	0.000e+00	0.000e+00	0.000e+00
178550.50	0.000e+00	0.000e+00	0.000e+00
178551.50	0.000e+00	0.000e+00	0.000e+00
178552.50	0.000e+00	0.000e+00	0.000e+00
178553.50	0.000e+00	0.000e+00	0.000e+00
178554.50	0.000e+00	0.000e+00	0.000e+00
178555.50	0.000e+00	0.000e+00	0.000e+00
178556.50	0.000e+00	0.000e+00	0.000e+00
178557.50	0.000e+00	0.000e+00	0.000e+00
178558.50	0.000e+00	0.000e+00	0.000e+00
178559.50	0.000e+00	0.000e+00	0.000e+00
178560.50	0.000e+00	0.000e+00	0.000e+00
178561.50	0.000e+00	0.000e+00	0.000e+00
178562.50	0.000e+00	0.000e+00	0.000e+00
178563.50	0.000e+00	0.000e+00	0.000e+00
178564.50	0.000e+00	0.000e+00	0.000e+00
178565.50	0.000e+00	0.000e+00	0.000e+00
178566.50	0.000e+00	0.000e+00	0.000e+00
178567.50	0.000e+00	0.000e+00	0.000e+00
178568.50	0.000e+00	0.000e+00	0.000e+00
178569.50	0.000e+00	0.000e+00	0.000e+00
178570.50	0.000e+00	0.000e+00	0.000e+00
178571.50	0.000e+00	0.000e+00	0.000e+00
178572.50	0.000e+00	0.000e+00	0.000e+00
178573.50	0.000e+00	0.000e+00	0.000e+00
178574.50	0.000e+00	0.000e+00	0.000e+00
178575.50	0.000e+00	0.000e+00	0.000e+00
178576.50	0.000e+00	0.000e+00	0.000e+00
178577.50	0.000e+00	0.000e+00	0.000e+00
178578.50	0.000e+00	0.000e+00	0.000e+00
178579.50	0.000e+00	0.000e+00	0.000e+00
178580.50	0.000e+00	0.000e+00	0.000e+00
178581.50	0.000e+00	0.000e+00	0.000e+00
178582.50	0.000e+00	0.000e+00	0.000e+00
178583.50	0.000e+00	0.000e+00	0.000e+00
178584.50	0.000e+00	0.000e+00	0.000e+00
178585.50	0.000e+00	0.000e+00	0.000e+00
178586.50	0.000e+00	0.000e+00	0.000e+00
178587.50	0.000e+00	0.000e+00	0.000e+00
178588.50	0.000e+00	0.000e+00	0.000e+00
178589.50	0.000e+00	0.000e+00	0.000e+00
178590.50	0.000e+00	0.000e+00	0.000e+00
178591.50	0.000e+00	0.000e+00	0.000e+00
178592.50	0.000e+00	0.000e+00	0.000e+00
178593.50	0.000e+00	0.000e+00	0.000e+00
178594.50	0.000e+00	0.000e+00	0.000e+00
178595.50	0.000e+00	0.000e+00	0.000e+00
178596.50	0.000e+00	0.000e+00	0.000e+00
178597.50	0.000e+00	0.000e+00	0.000e+00
178598.50	0.000e+00	0.000e+00	0.000e+00
178599.50	0.000e+00	0.000e+00	0.000e+00
178600.50	0.000e+00	0.000e+00	0.000e+00
178601.50	0.000e+00	0.000e+00	0.000e+00
178602.50	0.000e+00	0.000e+00	0.000e+00
178603.50	0.000e+00	0.000e+00	0.000e+00
178604.50	0.000e+00	0.000e+00	0.000e+00
178605.50	0.000e+00	0.000e+00	0.000e+00
178606.50	0.000e+00	0.000e+00	0.000e+00
178607.50	0.000e+00	0.000e+00	0.000e+00
178608.50	0.000e+00	0.000e+00	0.000e+00
178609.50	0.000e+00	0.000e+00	0.000e+00
178610.50	0.000e+00	0.000e+00	0.000e+00
178611.50	0.000e+00	0.000e+00	0.000e+00
178612.50	0.000e+00	0.000e+00	0.000e+00
178613.50	0.000e+00	0.000e+00	0.000e+00
178614.50	0.000e+00	0.000e+00	0.000e+00
178615.50	0.000e+00	0.000e+00	0.000e+00
178616.50	0.000e+00	0.000e+00	0.000e+00
178617.50	0.000e+00	0.000e+00	0.000e+00
178618.50	2.765e-05	-6.384e-04	6.250e-04
178619.50	-5.597e-05	1.066e-03	-4.502e-04
178620.50	-5.174e-04	1.450e-02	-4.176e-03
178621.50	1.930e-03	-5.270e-02	7.286e-03
178622.50	-4.099e-03	1.344e-01	-1.190e-01
178623.50	3.581e-02	-9.216e-01	-7.565e-02
178624.50	1.901e-01	-4.915e+00	1.651e-01
178625.50	4.387e-01	-1.133e+01	8.774e-01
178626.50	7.498e-01	-1.872e+01	-2.928e-01
178627.50	1.507e+00	-3.686e+01	-2.333e+00
178628.50	1.670e+00	-4.051e+01	-4.522e-01
178629.50	2.746e+00	-6.662e+01	1.805e+00
178630.50	3.667e+00	-8.803e+01	2.390e+00
178631.50	4.685e+00	-1.104e+02	1.488e-01
178632.50	4.723e+00	-1.114e+02	4.915e+00
178633.50	5.165e+00	-1.181e+02	-1.066e+00
178634.50	4.666e+00	-1.056e+02	3.024e+00
178635.50	4.214e+00	-9.341e+01	-3.110e-01
178636.50	5.702e+00	-1.248e+02	-5.894e+00
178637.50	2.246e+00	-4.867e+01	1.133e+01
178638.50	1.853e+00	-3.466e+01	-1.133e+01
178639.50	6.595e-01	-9.600e+00	-1.699e+00
178640.50	2.131e-01	1.699e+00	-6.672e+00
178641.50	-1.901e-01	8.746e+00	8.842e-01
178642.50	-4.790e-01	1.402e+01	6.134e+00
178643.50	-1.286e+00	3.197e+01	2.717e+00
178644.50	-1.325e+00	3.341e+01	-3.917e+00
178645.50	-1.680e+00	3.955e+01	5.184e+00
178646.50	-1.814e+00	4.301e+01	-2.093e+00
178647.50	-1.824e+00	4.272e+01	-1.814e+00
178648.50	-1.469e+00	3.408e+01	1.920e+00
178649.50	-1.699e+00	3.917e+01	1.008e+00
178650.50	-1.690e+00	3.878e+01	-1.901e+00
178651.50	-1.517e+00	3.523e+01	-3.062e+00
178652.50	-1.526e+00	3.542e+01	-3.898e+00
178653.50	-1.546e+00	3.446e+01	2.150e+00
178654.50	-1.373e+00	3.072e+01	6.403e-01
178655.50	-1.363e+00	3.062e+01	-9.590e-01
178656.50	-1.469e+00	3.254e+01	1.392e+00
178657.50	-1.258e+00	2.851e+01	-3.590e+00
178658.50	-1.219e+00	2.669e+01	2.410e+00
178659.50	-1.008e+00	2.246e+01	-1.267e+00
178660.50	-9.600e-01	2.150e+01	-1.219e+00
178661.50	-8.832e-01	1.978e+01	-1.152e+00
178662.50	-9.274e-01	2.035e+01	1.392e+00
178663.50	-8.813e-01	1.958e+01	-6.403e-01
178664.50	-6.874e-01	1.507e+01	3.638e-01
178665.50	-6.432e-01	1.430e+01	-5.712e-01
178666.50	-6.624e-01	1.478e+01	-1.056e-01
178667.50	-6.835e-01	1.498e+01	-6.566e-02
178668.50	-5.990e-01	1.315e+01	1.718e-01
178669.50	-5.914e-01	1.286e+01	3.802e-01
178670.50	-5.357e-01	1.162e+01	1.219e+00
178671.50	-5.962e-01	1.277e+01	1.450e+00
178672.50	-4.982e-01	1.114e+01	-1.910e+00
178673.50	-4.291e-01	9.245e+00	7.382e-01
178674.50	-4.637e-01	9.696e+00	1.939e+00
178675.50	-3.091e-01	6.682e+00	5.731e-01
178676.50	-4.358e-01	9.408e+00	1.795e-01
178677.50	-4.051e-01	8.851e+00	-5.750e-01
178678.50	-4.714e-01	1.037e+01	-1.123e+00
178679.50	-3.139e-01	6.854e+00	2.534e-01
178680.50	-2.678e-01	5.606e+00	1.344e+00
178681.50	-3.571e-01	7.872e+00	-8.890e-01
178682.50	-2.707e-01	6.106e+00	-9.792e-01
178683.50	-2.381e-01	5.030e+00	1.411e+00
178684.50	-1.901e-01	4.195e+00	-1.603e-01
178685.50	-2.237e-01	4.973e+00	-8.496e-01
178686.50	-2.890e-01	6.163e+00	-4.781e-02
178687.50	-2.438e-01	5.395e+00	-6.221e-01
178688.50	-1.882e-01	4.166e+00	-2.947e-01
178689.50	-1.824e-01	3.917e+00	1.046e-01
178690.50	-2.179e-01	4.387e+00	1.603e+00
178691.50	-2.371e-01	5.088e+00	-3.206e-01
178692.50	-1.699e-01	3.830e+00	-1.056e+00
178693.50	-2.035e-01	4.320e+00	2.813e-01
178694.50	-1.526e-01	3.389e+00	1.651e-01
178695.50	-1.190e-01	2.525e+00	4.454e-01
178696.50	-7.699e-02	1.661e+00	1.478e-02
178697.50	-1.267e-01	2.717e+00	3.091e-01
178698.50	-1.382e-01	2.986e+00	-2.938e-01
178699.50	-1.584e-01	3.283e+00	2.947e-01
178700.50	-1.392e-01	3.053e+00	-2.467e-01
178701.50	-9.197e-02	1.632e+00	1.488e+00
178702.50	-1.421e-01	3.062e+00	2.227e-01
178703.50	-1.046e-01	2.208e+00	2.458e-01
178704.50	-9.283e-02	2.054e+00	-5.107e-01
178705.50	-1.315e-01	2.803e+00	1.565e-01
178706.50	-6.893e-02	1.526e+00	1.738e-01
178707.50	-4.560e-02	1.027e+00	-9.216e-02
178708.50	-7.987e-02	1.680e+00	2.122e-01
178709.50	-9.696e-02	2.112e+00	2.006e-01
178710.50	-9.523e-02	1.958e+00	-1.546e-01
178711.50	-7.661e-02	1.622e+00	-1.843e-01
178712.50	-4.282e-02	8.016e-01	9.600e-01
178713.50	-5.674e-02	1.306e+00	-5.386e-01
178714.50	-7.642e-02	1.718e+00	-2.314e-01
178715.50	-7.200e-02	1.574e+00	-2.726e-01
178716.50	-6.835e-02	1.507e+00	-7.171e-02
178717.50	-6.269e-02	1.478e+00	-7.997e-01
178718.50	-5.626e-02	1.219e+00	7.968e-02
178719.50	-1.958e-02	3.763e-01	4.032e-01
178720.50	-3.811e-02	8.227e-01	-1.469e-01
178721.50	-7.968e-02	1.622e+00	4.915e-01
178722.50	-3.331e-02	6.346e-01	-3.130e-02
178723.50	-6.730e-02	1.296e+00	6.346e-02
178724.50	-3.418e-02	7.248e-01	4.570e-01
178725.50	-4.714e-02	9.888e-01	1.152e-02
178726.50	-3.235e-02	6.960e-01	-3.053e-01
178727.50	-3.917e-02	8.333e-01	-3.120e-01
178728.50	-5.702e-02	1.171e+00	5.318e-02
178729.50	-5.213e-02	1.162e+00	-6.019e-03
178730.50	-3.898e-02	8.554e-01	-3.610e-02
178731.50	-1.834e-02	3.850e-01	-1.642e-01
178732.50	-4.790e-02	9.571e-01	3.677e-01
178733.50	-5.386e-02	1.123e+00	-1.901e-01
178734.50	-2.333e-02	4.090e-01	1.814e-01
178735.50	-1.066e-02	3.648e-01	-3.552e-01
178736.50	-6.826e-03	1.872e-01	-2.851e-03
178737.50	-1.834e-02	3.648e-01	-8.899e-02
178738.50	-1.123e-02	2.899e-01	1.162e-01
178739.50	-2.429e-02	5.760e-01	-1.344e-01
178740.50	-3.955e-02	8.362e-01	-5.069e-02
178741.50	-7.411e-04	1.632e-01	-5.290e-02
178742.50	-4.214e-02	7.373e-01	3.677e-03
178743.50	-1.670e-02	3.629e-01	-2.333e-01
178744.50	-4.013e-02	8.112e-01	3.370e-01
178745.50	3.110e-03	7.066e-02	-7.834e-01
178746.50	-6.931e-03	1.805e-01	-1.181e-01
178747.50	-2.198e-02	4.550e-01	2.496e-01
178748.50	-2.899e-02	5.472e-01	5.136e-01
178749.50	-2.698e-02	4.714e-01	4.349e-01
178750.50	-1.162e-02	2.755e-01	-4.186e-01
178751.50	-7.824e-03	1.958e-01	-1.661e-01
178752.50	-2.813e-02	6.278e-01	-1.114e-01
178753.50	-6.499e-03	9.053e-02	3.139e-02
178754.50	-2.275e-02	4.656e-01	2.150e-01
178755.50	-3.235e-02	6.010e-01	-8.323e-02
178756.50	-4.310e-03	7.027e-02	-1.901e-02
178757.50	-1.258e-02	2.563e-01	1.219e-01
178758.50	-1.901e-02	3.302e-01	1.104e-01
178759.50	-1.834e-02	3.139e-01	3.984e-01
178760.50	-7.296e-03	1.248e-01	1.910e-01
178761.50	-4.378e-03	1.814e-01	-1.872e-01
178762.50	-4.138e-03	4.723e-02	6.730e-02
178763.50	-2.227e-02	4.474e-01	1.978e-01
178764.50	-5.366e-03	2.611e-01	-6.605e-02
178765.50	-1.776e-02	3.024e-01	-6.691e-02
178766.50	-1.738e-02	2.525e-01	-2.678e-02
178767.50	-2.525e-02	3.514e-01	6.634e-02
178768.50	-1.373e-02	2.419e-01	-1.450e-01
178769.50	-1.037e-02	3.158e-01	-8.909e-02
178770.50	-1.642e-02	3.005e-01	7.920e-02
178771.50	-4.368e-03	8.611e-02	-2.429e-01
178772.50	1.037e-02	-1.738e-01	-5.117e-02
178773.50	-3.686e-03	1.344e-01	1.248e-01
178774.50	-2.957e-02	5.587e-01	3.418e-02
178775.50	-1.450e-02	3.197e-01	1.037e-01
178776.50	-4.550e-03	1.642e-02	2.035e-01
178777.50	-1.075e-02	2.352e-01	-7.056e-02
178778.50	2.966e-04	3.475e-02	-1.555e-01
178779.50	1.046e-02	-1.258e-01	-5.443e-02
178780.50	-1.642e-02	3.754e-01	1.978e-01
178781.50	-1.574e-02	3.216e-01	2.554e-01
178782.50	-5.443e-03	3.994e-02	3.312e-02
178783.50	-1.728e-02	5.318e-01	-2.525e-01
178784.50	-6.797e-03	1.603e-01	3.590e-02
178785.50	8.333e-03	-1.306e-01	1.546e-01
178786.50	-2.237e-02	2.659e-01	8.045e-02
178787.50	-1.459e-02	2.659e-01	4.291e-03
178788.50	-5.203e-03	8.707e-02	1.027e-02
178789.50	2.938e-03	-5.923e-02	1.853e-01
178790.50	-4.685e-03	1.104e-01	-8.131e-02
178791.50	-6.480e-03	1.728e-01	-1.978e-01
178792.50	-6.038e-03	1.776e-01	4.675e-02
178793.50	1.229e-03	4.310e-02	1.651e-01
178794.50	-4.339e-03	3.206e-03	2.477e-01
178795.50	-1.277e-02	1.027e-01	1.123e-03
178796.50	-3.667e-03	4.234e-02	-4.138e-01
178797.50	6.624e-03	-9.514e-02	7.162e-02
178798.50	-6.854e-03	2.016e-01	1.450e-02
178799.50	-1.661e-02	3.456e-01	2.189e-01
178800.50	-1.210e-02	1.286e-01	1.853e-01
178801.50	-7.776e-04	1.382e-01	-3.792e-01
178802.50	-3.206e-03	1.430e-01	-1.680e-01
178803.50	9.158e-03	-1.968e-01	-1.008e-01
178804.50	-2.227e-03	-9.245e-02	2.842e-01
178805.50	-1.066e-02	1.565e-01	-4.896e-02
178806.50	8.006e-04	7.622e-02	-1.594e-01
178807.50	-1.123e-02	3.130e-01	-1.814e-01
178808.50	2.592e-03	-4.070e-02	-8.093e-02
178809.50	-4.330e-03	4.051e-02	1.699e-02
178810.50	5.232e-03	-1.018e-01	-1.363e-02
178811.50	-1.277e-02	1.939e-01	1.258e-01
178812.50	-4.406e-03	6.288e-02	1.094e-01
178813.50	-4.291e-03	1.200e-01	-4.013e-02
178814.50	1.114e-02	-2.246e-01	7.814e-02
178815.50	-1.440e-02	2.602e-01	1.411e-01
178816.50	-2.323e-03	4.454e-02	5.904e-02
178817.50	5.203e-03	-4.262e-02	-1.382e-02
178818.50	8.592e-04	2.131e-02	-1.594e-01
178819.50	-1.517e-03	-3.226e-02	-9.590e-02
178820.50	-8.573e-03	1.104e-01	1.075e-01
178821.50	3.638e-03	-8.486e-02	3.178e-01
178822.50	-9.206e-03	1.430e-01	1.862e-01
178823.50	4.627e-03	-4.310e-02	-5.136e-02
178824.50	-1.430e-02	3.053e-01	1.469e-02
178825.50	-1.824e-02	3.274e-01	-4.435e-02
178826.50	1.555e-03	1.949e-02	-8.765e-03
178827.50	1.190e-02	-2.467e-01	-3.226e-02
178828.50	-2.880e-03	2.314e-02	-1.536e-02
178829.50	-3.869e-03	2.285e-02	1.574e-01
178830.50	-1.555e-02	2.957e-01	-1.162e-01
178831.50	-3.571e-03	1.219e-01	-1.584e-01
178832.50	2.630e-03	-8.582e-02	7.958e-02
178833.50	3.072e-03	-2.093e-02	-4.531e-02
178834.50	-5.501e-03	1.162e-01	-4.320e-02
178835.50	-9.552e-04	-7.776e-03	8.352e-02
178836.50	-4.147e-03	1.008e-01	-1.248e-01
178837.50	-5.098e-04	-1.133e-02	-1.594e-01
178838.50	-5.750e-03	8.285e-02	-1.382e-01
178839.50	2.563e-03	2.362e-02	-7.229e-02
178840.50	-8.237e-03	1.843e-01	2.189e-01
178841.50	-6.307e-03	1.008e-01	5.299e-02
178842.50	-2.573e-03	4.234e-02	-2.323e-03
178843.50	6.374e-03	-9.005e-02	-2.314e-01
178844.50	-6.528e-03	1.200e-01	7.171e-02
178845.50	-1.882e-04	2.064e-02	-2.563e-02
178846.50	-4.042e-03	2.986e-02	2.150e-01
178847.50	4.954e-03	-1.123e-01	1.056e-01
178848.50	2.189e-03	-3.907e-02	4.042e-02
178849.50	4.646e-03	-7.008e-02	2.563e-02
178850.50	1.670e-03	-1.123e-01	-6.557e-02
178851.50	-8.707e-03	1.296e-01	1.642e-01
178852.50	2.995e-03	-3.062e-02	-2.582e-01
178853.50	-6.029e-03	1.248e-01	-9.984e-02
178854.50	-8.803e-03	1.613e-01	-6.221e-02
178855.50	-2.438e-03	4.061e-02	4.954e-02
178856.50	9.984e-04	-1.526e-02	1.392e-01
178857.50	-4.099e-03	1.315e-01	-1.411e-03
178858.50	-9.696e-04	1.766e-02	8.861e-02
178859.50	-7.296e-03	1.075e-01	5.712e-02
178860.50	-5.021e-03	1.114e-01	1.210e-01
178861.50	-6.144e-03	1.440e-01	-1.306e-01
178862.50	7.402e-03	-1.718e-01	-6.912e-02
178863.50	-5.338e-03	1.978e-01	-1.114e-02
178864.50	8.150e-05	-7.315e-03	1.306e-01
178865.50	1.277e-03	-7.853e-03	-5.011e-02
178866.50	3.754e-04	-5.587e-02	8.822e-02
178867.50	3.888e-03	-4.426e-02	-2.746e-03
178868.50	-5.827e-03	1.354e-01	-2.362e-01
178869.50	-3.907e-03	7.546e-02	-5.434e-02
178870.50	-6.250e-03	6.048e-02	1.997e-02
178871.50	3.782e-03	-8.246e-02	1.834e-02
178872.50	-2.304e-03	3.715e-02	3.888e-02
178873.50	2.246e-03	-9.792e-03	6.557e-02
178874.50	-9.293e-03	2.093e-01	2.054e-02
178875.50	-7.430e-03	2.006e-01	3.965e-02
178876.50	-2.333e-03	-8.736e-03	9.984e-02
178877.50	4.042e-03	-7.123e-02	-3.254e-02
178878.50	-6.077e-04	-1.757e-03	-3.427e-02
178879.50	2.160e-03	-3.034e-02	-3.658e-02
178880.50	2.822e-03	-8.496e-02	1.018e-01
178881.50	-4.195e-03	7.584e-02	8.861e-02
178882.50	3.485e-03	-9.360e-02	-1.315e-01
178883.50	-3.494e-03	1.133e-01	-2.707e-02
178884.50	-1.334e-03	2.909e-02	5.280e-02
178885.50	5.213e-03	-1.046e-01	-4.042e-02
178886.50	-7.507e-03	1.546e-01	-8.861e-02
178887.50	-6.970e-04	-1.459e-02	1.363e-02
178888.50	-2.131e-03	-1.757e-02	3.514e-02
178889.50	-5.030e-03	4.493e-02	8.822e-02
178890.50	1.114e-02	-7.728e-02	-9.005e-03
178891.50	7.738e-04	-5.616e-02	6.662e-02
178892.50	9.331e-04	1.027e-02	-8.304e-02
178893.50	-1.853e-03	2.477e-02	-1.066e-02
178894.50	1.306e-03	1.526e-02	-9.072e-02
178895.50	-2.170e-03	-4.915e-03	-3.869e-02
178896.50	-3.254e-03	2.650e-02	-2.122e-02
178897.50	-2.227e-03	2.669e-03	-3.168e-02
178898.50	3.619e-03	-3.130e-02	-2.698e-02
178899.50	3.869e-03	-5.818e-02	6.595e-04
178900.50	-6.394e-03	8.026e-02	1.421e-01
178901.50	-4.694e-03	8.237e-02	-3.034e-02
178902.50	2.899e-03	-4.080e-02	1.162e-01
178903.50	3.821e-03	-2.947e-02	5.750e-02
178904.50	2.534e-04	-1.267e-02	-1.219e-02
178905.50	1.152e-03	6.250e-03	-9.475e-02
178906.50	-1.334e-03	1.258e-02	-6.288e-02
178907.50	-2.525e-03	2.304e-02	3.014e-04
178908.50	-5.069e-03	8.342e-02	-5.597e-02
178909.50	-5.453e-03	1.152e-01	1.306e-03
178910.50	3.523e-03	-8.179e-02	-4.781e-02
178911.50	5.050e-03	-8.698e-02	4.541e-02
178912.50	1.555e-03	2.083e-02	-8.746e-03
178913.50	-5.069e-03	8.122e-02	-9.696e-02
178914.50	-2.678e-03	6.250e-02	-3.840e-02
178915.50	-1.584e-03	3.053e-02	1.056e-02
178916.50	3.072e-04	-2.189e-02	-4.022e-02
178917.50	-7.008e-03	1.162e-01	1.286e-02
178918.50	5.472e-04	-3.130e-02	1.344e-01
178919.50	4.550e-03	-6.106e-02	1.104e-03
178920.50	-1.824e-03	3.216e-02	5.338e-02
178921.50	3.984e-04	1.968e-02	8.102e-02
178922.50	3.984e-03	-5.597e-02	1.133e-02
178923.50	3.005e-03	-2.621e-02	-1.363e-01
178924.50	-2.698e-03	1.440e-03	-3.821e-02
178925.50	2.669e-03	-6.941e-02	-1.699e-03
178926.50	-1.546e-04	8.909e-03	1.354e-01
178927.50	-1.104e-02	1.613e-01	6.960e-02
178928.50	-2.150e-03	2.477e-02	-1.546e-02
178929.50	3.005e-03	-3.302e-02	-5.136e-02
178930.50	3.754e-03	-7.690e-02	-6.902e-02
178931.50	3.379e-03	-1.094e-01	4.042e-02
178932.50	-2.342e-03	4.282e-02	-8.861e-03
178933.50	2.573e-03	-5.606e-02	4.118e-02
178934.50	3.130e-03	-2.813e-02	-1.248e-01
178935.50	3.456e-03	-1.603e-02	-4.205e-02
178936.50	-7.210e-04	3.907e-03	-5.088e-02
178937.50	-1.440e-03	5.338e-02	1.027e-02
178938.50	-2.237e-03	4.042e-02	-2.256e-03
178939.50	-2.410e-03	4.195e-02	4.378e-02
178940.50	-3.130e-03	1.018e-01	-2.621e-02
178941.50	-3.014e-04	-1.958e-03	8.640e-02
178942.50	-2.976e-03	4.378e-02	5.136e-02
178943.50	-1.680e-03	3.562e-02	-5.520e-02
178944.50	6.998e-03	-1.334e-01	5.846e-03
178945.50	2.054e-03	-3.360e-02	-3.437e-02
178946.50	-5.242e-03	1.162e-01	-9.168e-03
178947.50	-3.763e-03	8.640e-02	2.765e-02
178948.50	2.506e-03	-2.525e-02	-8.458e-03
178949.50	-6.979e-04	-6.086e-04	3.821e-02
178950.50	3.370e-03	-5.357e-02	-6.000e-02
178951.50	-7.824e-03	6.576e-02	8.765e-02
178952.50	9.437e-04	1.306e-02	-9.523e-03
178953.50	-6.845e-03	1.987e-02	-6.173e-02
178954.50	-2.189e-03	-1.056e-02	1.843e-01
178955.50	7.488e-04	-1.229e-02	5.683e-02
178956.50	-8.698e-04	3.667e-02	-3.062e-02
178957.50	-3.581e-03	3.706e-02	8.966e-02
178958.50	-5.299e-05	-2.026e-02	-1.469e-01
