178360.50	0.000e+00	0.000e+00	0.000e+00
178361.50	0.000e+00	0.000e+00	0.000e+00
178362.50	0.000e+00	0.000e+00	0.000e+00
178363.50	0.000e+00	0.000e+00	0.000e+00
178364.50	0.000e+00	0.000e+00	0.000e+00
178365.50	0.000e+00	0.000e+00	0.000e+00
178366.50	0.000e+00	0.000e+00	0.000e+00
178367.50	0.000e+00	0.000e+00	0.000e+00
178368.50	0.000e+00	0.000e+00	0.000e+00
178369.50	0.000e+00	0.000e+00	0.000e+00
178370.50	0.000e+00	0.000e+00	0.000e+00
178371.50	0.000e+00	0.000e+00	0.000e+00
178372.50	0.000e+00	0.000e+00	0.000e+00
178373.50	0.000e+00	0.000e+00	0.000e+00
178374.50	0.000e+00	0.000e+00	0.000e+00
178375.50	0.000e+00	0.000e+00	0.000e+00
178376.50	0.000e+00	0.000e+00	0.000e+00
178377.50	0.000e+00	0.000e+00	0.000e+00
178378.50	0.000e+00	0.000e+00	0.000e+00
178379.50	0.000e+00	0.000e+00	0.000e+00
178380.50	0.000e+00	0.000e+00	0.000e+00
178381.50	0.000e+00	0.000e+00	0.000e+00
178382.50	0.000e+00	0.000e+00	0.000e+00
178383.50	0.000e+00	0.000e+00	0.000e+00
178384.50	0.000e+00	0.000e+00	0.000e+00
178385.50	0.000e+00	0.000e+00	0.000e+00
178386.50	0.000e+00	0.000e+00	0.000e+00
178387.50	0.000e+00	0.000e+00	0.000e+00
178388.50	0.000e+00	0.000e+00	0.000e+00
178389.50	0.000e+00	0.000e+00	0.000e+00
178390.50	0.000e+00	0.000e+00	0.000e+00
178391.50	0.000e+00	0.000e+00	0.000e+00
178392.50	0.000e+00	0.000e+00	0.000e+00
178393.50	0.000e+00	0.000e+00	0.000e+00
178394.50	0.000e+00	0.000e+00	0.000e+00
178395.50	0.000e+00	0.000e+00	0.000e+00
178396.50	0.000e+00	0.000e+00	0.000e+00
178397.50	0.000e+00	0.000e+00	0.000e+00
178398.50	0.000e+00	0.000e+00	0.000e+00
178399.50	0.000e+00	0.000e+00	0.000e+00
178400.50	0.000e+00	0.000e+00	0.000e+00
178401.50	0.000e+00	0.000e+00	0.000e+00
178402.50	0.000e+00	0.000e+00	0.000e+00
178403.50	0.000e+00	0.000e+00	0.000e+00
178404.50	0.000e+00	0.000e+00	0.000e+00
178405.50	0.000e+00	0.000e+00	0.000e+00
178406.50	0.000e+00	0.000e+00	0.000e+00
178407.50	0.000e+00	0.000e+00	0.000e+00
178408.50	0.000e+00	0.000e+00	0.000e+00
178409.50	0.000e+00	0.000e+00	0.000e+00
178410.50	0.000e+00	0.000e+00	0.000e+00
178411.50	0.000e+00	0.000e+00	0.000e+00
178412.50	0.000e+00	0.000e+00	0.000e+00
178413.50	0.000e+00	0.000e+00	0.000e+00
178414.50	0.000e+00	0.000e+00	0.000e+00
178415.50	0.000e+00	0.000e+00	0.000e+00
178416.50	0.000e+00	0.000e+00	0.000e+00
178417.50	0.000e+00	0.000e+00	0.000e+00
178418.50	0.000e+00	0.000e+00	0.000e+00
178419.50	0.000e+00	0.000e+00	0.000e+00
178420.50	0.000e+00	0.000e+00	0.000e+00
178421.50	0.000e+00	0.000e+00	0.000e+00
178422.50	0.000e+00	0.000e+00	0.000e+00
178423.50	0.000e+00	0.000e+00	0.000e+00
178424.50	0.000e+00	0.000e+00	0.000e+00
178425.50	0.000e+00	0.000e+00	0.000e+00
178426.50	0.000e+00	0.000e+00	0.000e+00
178427.50	0.000e+00	0.000e+00	0.000e+00
178428.50	0.000e+00	0.000e+00	0.000e+00
178429.50	0.000e+00	0.000e+00	0.000e+00
178430.50	0.000e+00	0.000e+00	0.000e+00
178431.50	0.000e+00	0.000e+00	0.000e+00
178432.50	0.000e+00	0.000e+00	0.000e+00
178433.50	0.000e+00	0.000e+00	0.000e+00
178434.50	0.000e+00	0.000e+00	0.000e+00
178435.50	0.000e+00	0.000e+00	0.000e+00
178436.50	0.000e+00	0.000e+00	0.000e+00
178437.50	0.000e+00	0.000e+00	0.000e+00
178438.50	0.000e+00	0.000e+00	0.000e+00
178439.50	0.000e+00	0.000e+00	0.000e+00
178440.50	0.000e+00	0.000e+00	0.000e+00
178441.50	0.000e+00	0.000e+00	0.000e+00
178442.50	0.000e+00	0.000e+00	0.000e+00
178443.50	0.000e+00	0.000e+00	0.000e+00
178444.50	0.000e+00	0.000e+00	0.000e+00
178445.50	0.000e+00	0.000e+00	0.000e+00
178446.50	0.000e+00	0.000e+00	0.000e+00
178447.50	0.000e+00	0.000e+00	0.000e+00
178448.50	0.000e+00	0.000e+00	0.000e+00
178449.50	0.000e+00	0.000e+00	0.000e+00
178450.50	0.000e+00	0.000e+00	0.000e+00
178451.50	0.000e+00	0.000e+00	0.000e+00
178452.50	0.000e+00	0.000e+00	0.000e+00
178453.50	0.000e+00	0.000e+00	0.000e+00
178454.50	0.000e+00	0.000e+00	0.000e+00
178455.50	0.000e+00	0.000e+00	0.000e+00
178456.50	0.000e+00	0.000e+00	0.000e+00
178457.50	0.000e+00	0.000e+00	0.000e+00
178458.50	0.000e+00	0.000e+00	0.000e+00
178459.50	0.000e+00	0.000e+00	0.000e+00
178460.50	0.000e+00	0.000e+00	0.000e+00
178461.50	0.000e+00	0.000e+00	0.000e+00
178462.50	0.000e+00	0.000e+00	0.000e+00
178463.50	0.000e+00	0.000e+00	0.000e+00
178464.50	0.000e+00	0.000e+00	0.000e+00
178465.50	0.000e+00	0.000e+00	0.000e+00
178466.50	0.000e+00	0.000e+00	0.000e+00
178467.50	0.000e+00	0.000e+00	0.000e+00
178468.50	0.000e+00	0.000e+00	0.000e+00
178469.50	0.000e+00	0.000e+00	0.000e+00
178470.50	0.000e+00	0.000e+00	0.000e+00
178471.50	0.000e+00	0.000e+00	0.000e+00
178472.50	0.000e+00	0.000e+00	0.000e+00
178473.50	0.000e+00	0.000e+00	0.000e+00
178474.50	0.000e+00	0.000e+00	0.000e+00
178475.50	0.000e+00	0.000e+00	0.000e+00
178476.50	0.000e+00	0.000e+00	0.000e+00
178477.50	0.000e+00	0.000e+00	0.000e+00
178478.50	0.000e+00	0.000e+00	0.000e+00
178479.50	0.000e+00	0.000e+00	0.000e+00
178480.50	0.000e+00	0.000e+00	0.000e+00
178481.50	0.000e+00	0.000e+00	0.000e+00
178482.50	0.000e+00	0.000e+00	0.000e+00
178483.50	0.000e+00	0.000e+00	0.000e+00
178484.50	0.000e+00	0.000e+00	0.000e+00
178485.50	0.000e+00	0.000e+00	0.000e+00
178486.50	0.000e+00	0.000e+00	0.000e+00
178487.50	0.000e+00	0.000e+00	0.000e+00
178488.50	0.000e+00	0.000e+00	0.000e+00
178489.50	0.000e+00	0.000e+00	0.000e+00
178490.50	0.000e+00	0.000e+00	0.000e+00
178491.50	0.000e+00	0.000e+00	0.000e+00
178492.50	0.000e+00	0.000e+00	0.000e+00
178493.50	0.000e+00	0.000e+00	0.000e+00
178494.50	0.000e+00	0.000e+00	0.000e+00
178495.50	0.000e+00	0.000e+00	0.000e+00
178496.50	0.000e+00	0.000e+00	0.000e+00
178497.50	0.000e+00	0.000e+00	0.000e+00
178498.50	0.000e+00	0.000e+00	0.000e+00
178499.50	0.000e+00	0.000e+00	0.000e+00
178500.50	0.000e+00	0.000e+00	0.000e+00
178501.50	0.000e+00	0.000e+00	0.000e+00
178502.50	0.000e+00	0.000e+00	0.000e+00
178503.50	0.000e+00	0.000e+00	0.000e+00
178504.50	0.000e+00	0.000e+00	0.000e+00
178505.50	0.000e+00	0.000e+00	0.000e+00
178506.50	0.000e+00	0.000e+00	0.000e+00
178507.50	0.000e+00	0.000e+00	0.000e+00
178508.50	0.000e+00	0.000e+00	0.000e+00
178509.50	0.000e+00	0.000e+00	0.000e+00
178510.50	0.000e+00	0.000e+00	0.000e+00
178511.50	0.000e+00	0.000e+00	0.000e+00
178512.50	0.000e+00	0.000e+00	0.000e+00
178513.50	0.000e+00	0.000e+00	0.000e+00
178514.50	0.000e+00	0.000e+00	0.000e+00
178515.50	0.000e+00	0.000e+00	0.000e+00
178516.50	0.000e+00	0.000e+00	0.000e+00
178517.50	0.000e+00	0.000e+00	0.000e+00
178518.50	0.000e+00	0.000e+00	0.000e+00
178519.50	0.000e+00	0.000e+00	0.000e+00
178520.50	0.000e+00	0.000e+00	0.000e+00
178521.50	0.000e+00	0.000e+00	0.000e+00
178522.50	0.000e+00	0.000e+00	0.000e+00
178523.50	0.000e+00	0.000e+00	0.000e+00
178524.50	0.000e+00	0.000e+00	0.000e+00
178525.50	0.000e+00	0.000e+00	0.000e+00
178526.50	0.000e+00	0.000e+00	0.000e+00
178527.50	0.000e+00	0.000e+00	0.000e+00
178528.50	0.000e+00	0.000e+00	0.000e+00
178529.50	0.000e+00	0.000e+00	0.000e+00
178530.50	0.000e+00	0.000e+00	0.000e+00
178531.50	0.000e+00	0.000e+00	0.000e+00
178532.50	0.000e+00	0.000e+00	0.000e+00
178533.50	0.000e+00	0.000e+00	0.000e+00
178534.50	0.000e+00	0.000e+00	0.000e+00
178535.50	0.000e+00	0.000e+00	0.000e+00
178536.50	0.000e+00	0.000e+00	0.000e+00
178537.50	0.000e+00	0.000e+00	0.000e+00
178538.50	0.000e+00	0.000e+00	0.000e+00
178539.50	0.000e+00	0.000e+00	0.000e+00
178540.50	0.000e+00	0.000e+00	0.000e+00
178541.50	0.000e+00	0.000e+00	0.000e+00
178542.50	0.000e+00	0.000e+00	0.000e+00
178543.50	0.000e+00	0.000e+00	0.000e+00
178544.50	0.000e+00	0.000e+00	0.000e+00
178545.50	0.000e+00	0.000e+00	0.000e+00
178546.50	0.000e+00	0.000e+00	0.000e+00
178547.50	0.000e+00	0.000e+00	0.000e+00
178548.50	0.000e+00	0.000e+00	0.000e+00
178549.50	0.000e+00	0.000e+00	0.000e+00
178550.50	0.000e+00	0.000e+00	0.000e+00
178551.50	0.000e+00	0.000e+00	0.000e+00
178552.50	0.000e+00	0.000e+00	0.000e+00
178553.50	0.000e+00	0.000e+00	0.000e+00
178554.50	0.000e+00	0.000e+00	0.000e+00
178555.50	0.000e+00	0.000e+00	0.000e+00
178556.50	0.000e+00	0.000e+00	0.000e+00
178557.50	0.000e+00	0.000e+00	0.000e+00
178558.50	0.000e+00	0.000e+00	0.000e+00
178559.50	0.000e+00	0.000e+00	0.000e+00
178560.50	0.000e+00	0.000e+00	0.000e+00
178561.50	0.000e+00	0.000e+00	0.000e+00
178562.50	0.000e+00	0.000e+00	0.000e+00
178563.50	0.000e+00	0.000e+00	0.000e+00
178564.50	0.000e+00	0.000e+00	0.000e+00
178565.50	0.000e+00	0.000e+00	0.000e+00
178566.50	0.000e+00	0.000e+00	0.000e+00
178567.50	0.000e+00	0.000e+00	0.000e+00
178568.50	0.000e+00	0.000e+00	0.000e+00
178569.50	0.000e+00	0.000e+00	0.000e+00
178570.50	0.000e+00	0.000e+00	0.000e+00
178571.50	0.000e+00	0.000e+00	0.000e+00
178572.50	0.000e+00	0.000e+00	0.000e+00
178573.50	0.000e+00	0.000e+00	0.000e+00
178574.50	0.000e+00	0.000e+00	0.000e+00
178575.50	0.000e+00	0.000e+00	0.000e+00
178576.50	0.000e+00	0.000e+00	0.000e+00
178577.50	0.000e+00	0.000e+00	0.000e+00
178578.50	0.000e+00	0.000e+00	0.000e+00
178579.50	0.000e+00	0.000e+00	0.000e+00
178580.50	0.000e+00	0.000e+00	0.000e+00
178581.50	0.000e+00	0.000e+00	0.000e+00
178582.50	0.000e+00	0.000e+00	0.000e+00
178583.50	0.000e+00	0.000e+00	0.000e+00
178584.50	0.000e+00	0.000e+00	0.000e+00
178585.50	0.000e+00	0.000e+00	0.000e+00
178586.50	0.000e+00	0.000e+00	0.000e+00
178587.50	0.000e+00	0.000e+00	0.000e+00
178588.50	0.000e+00	0.000e+00	0.000e+00
178589.50	0.000e+00	0.000e+00	0.000e+00
178590.50	0.000e+00	0.000e+00	0.000e+00
178591.50	0.000e+00	0.000e+00	0.000e+00
178592.50	0.000e+00	0.000e+00	0.000e+00
178593.50	0.000e+00	0.000e+00	0.000e+00
178594.50	0.000e+00	0.000e+00	0.000e+00
178595.50	0.000e+00	0.000e+00	0.000e+00
178596.50	0.000e+00	0.000e+00	0.000e+00
178597.50	0.000e+00	0.000e+00	0.000e+00
178598.50	0.000e+00	0.000e+00	0.000e+00
178599.50	0.000e+00	0.000e+00	0.000e+00
178600.50	0.000e+00	0.000e+00	0.000e+00
178601.50	0.000e+00	0.000e+00	0.000e+00
178602.50	0.000e+00	0.000e+00	0.000e+00
178603.50	0.000e+00	0.000e+00	0.000e+00
178604.50	0.000e+00	0.000e+00	0.000e+00
178605.50	0.000e+00	0.000e+00	0.000e+00
178606.50	0.000e+00	0.000e+00	0.000e+00
178607.50	0.000e+00	0.000e+00	0.000e+00
178608.50	0.000e+00	0.000e+00	0.000e+00
178609.50	0.000e+00	0.000e+00	0.000e+00
178610.50	0.000e+00	0.000e+00	0.000e+00
178611.50	-2.832e-06	6.317e-05	4.013e-05
178612.50	-1.882e-05	1.872e-04	4.080e-04
178613.50	5.750e-06	-2.006e-04	-4.570e-07
178614.50	1.229e-05	2.890e-05	-3.581e-04
178615.50	1.152e-06	-2.093e-05	-1.632e-05
178616.50	-1.450e-04	3.274e-03	1.728e-03
178617.50	-2.842e-04	6.480e-03	3.187e-03
178618.50	4.733e-03	-1.142e-01	-4.829e-02
178619.50	-2.141e-02	2.611e-01	4.042e-01
178620.50	1.210e-02	-1.382e+00	7.027e-01
178621.50	2.650e-01	-7.315e+00	-1.747e+00
178622.50	2.573e-01	-1.075e+01	1.181e+00
178623.50	7.133e-01	-2.208e+01	-2.390e+00
178624.50	1.190e+00	-3.312e+01	-6.605e+00
178625.50	1.210e+00	-3.840e+01	-2.467e+00
178626.50	2.150e+00	-6.106e+01	-9.523e+00
178627.50	2.755e+00	-8.774e+01	-3.946e+00
178628.50	3.446e+00	-1.037e+02	-8.573e+00
178629.50	3.811e+00	-1.066e+02	-1.440e+01
178630.50	3.360e+00	-1.027e+02	-4.906e+00
178631.50	3.830e+00	-9.696e+01	-2.054e+01
178632.50	3.389e+00	-9.696e+01	-7.219e+00
178633.50	3.552e+00	-9.389e+01	-1.258e+01
178634.50	2.621e+00	-5.309e+01	-2.035e+01
178635.50	1.162e+00	-3.245e+01	3.264e-01
178636.50	4.896e-01	-1.565e+01	4.349e+00
178637.50	4.838e-01	-1.853e+00	-6.202e+00
178638.50	-7.738e-02	8.803e+00	-9.792e-01
178639.50	-2.429e-01	1.066e+01	1.555e+00
178640.50	-5.472e-01	2.189e+01	-3.379e-01
178641.50	-1.066e+00	2.688e+01	8.150e+00
178642.50	-1.459e+00	4.205e+01	5.366e+00
178643.50	-9.149e-01	3.427e+01	-2.083e+00
178644.50	-1.325e+00	3.763e+01	5.011e+00
178645.50	-1.373e+00	3.830e+01	5.501e+00
178646.50	-1.133e+00	3.427e+01	2.352e+00
178647.50	-1.306e+00	3.456e+01	5.933e+00
178648.50	-1.210e+00	3.562e+01	2.534e+00
178649.50	-1.334e+00	3.619e+01	5.290e+00
178650.50	-1.085e+00	3.331e+01	8.784e-01
178651.50	-1.046e+00	3.005e+01	2.294e+00
178652.50	-1.363e+00	3.446e+01	6.470e+00
178653.50	-1.104e+00	2.678e+01	6.077e+00
178654.50	-1.008e+00	2.822e+01	2.813e+00
178655.50	-9.178e-01	2.611e+01	2.371e+00
178656.50	-6.989e-01	1.910e+01	2.429e+00
178657.50	-8.035e-01	2.198e+01	2.371e+00
178658.50	-6.912e-01	1.872e+01	2.342e+00
178659.50	-6.797e-01	1.862e+01	1.795e+00
178660.50	-6.912e-01	1.882e+01	1.814e+00
178661.50	-6.000e-01	1.680e+01	1.517e+00
178662.50	-5.722e-01	1.632e+01	1.190e+00
178663.50	-5.059e-01	1.469e+01	1.056e+00
178664.50	-5.386e-01	1.392e+01	2.400e+00
178665.50	-4.886e-01	1.258e+01	1.920e+00
178666.50	-4.080e-01	1.171e+01	8.534e-01
178667.50	-4.896e-01	1.229e+01	2.083e+00
178668.50	-3.907e-01	9.984e+00	1.594e+00
178669.50	-3.514e-01	9.600e+00	8.957e-01
178670.50	-3.302e-01	9.533e+00	5.856e-01
178671.50	-4.003e-01	1.085e+01	1.142e+00
178672.50	-3.888e-01	8.016e+00	3.082e+00
178673.50	-3.216e-01	8.093e+00	1.459e+00
178674.50	-3.398e-01	8.803e+00	1.229e+00
178675.50	-3.120e-01	8.563e+00	8.362e-01
178676.50	-2.563e-01	6.499e+00	1.085e+00
178677.50	-2.410e-01	6.614e+00	5.808e-01
178678.50	-1.872e-01	6.000e+00	-1.958e-01
178679.50	-2.189e-01	5.952e+00	6.403e-01
178680.50	-2.467e-01	6.566e+00	8.179e-01
178681.50	-1.997e-01	4.483e+00	1.229e+00
178682.50	-2.448e-01	5.357e+00	1.699e+00
178683.50	-1.229e-01	3.533e+00	9.600e-02
178684.50	-1.987e-01	4.512e+00	1.094e+00
178685.50	-1.901e-01	5.050e+00	6.950e-01
178686.50	-1.104e-01	3.696e+00	-3.043e-01
178687.50	-1.277e-01	3.466e+00	3.379e-01
178688.50	-1.469e-01	3.802e+00	6.566e-01
178689.50	-1.306e-01	3.907e+00	6.701e-02
178690.50	-1.642e-01	4.157e+00	5.213e-01
178691.50	-1.469e-01	2.976e+00	1.142e+00
178692.50	-1.478e-01	4.406e+00	6.154e-02
178693.50	-1.190e-01	3.014e+00	4.694e-01
178694.50	-1.037e-01	2.947e+00	1.891e-01
178695.50	-7.805e-02	1.699e+00	5.875e-01
178696.50	-9.110e-02	2.074e+00	5.280e-01
178697.50	-6.739e-02	2.410e+00	-3.322e-01
178698.50	-7.210e-02	2.573e+00	-3.744e-01
178699.50	-6.125e-02	2.150e+00	-1.114e-01
178700.50	-1.094e-01	1.939e+00	1.056e+00
178701.50	-9.005e-02	2.294e+00	3.130e-01
178702.50	-8.899e-02	1.901e+00	5.971e-01
178703.50	-7.114e-02	1.526e+00	4.819e-01
178704.50	-9.274e-02	1.747e+00	8.362e-01
178705.50	-7.584e-02	2.477e+00	-1.546e-01
178706.50	-4.378e-02	1.584e+00	-2.179e-01
178707.50	-6.874e-02	1.632e+00	3.043e-01
178708.50	-7.939e-02	1.680e+00	6.019e-01
178709.50	-6.883e-02	1.421e+00	5.194e-01
178710.50	-7.056e-02	1.690e+00	3.850e-01
178711.50	-6.730e-02	1.517e+00	2.323e-01
178712.50	-3.226e-02	1.507e+00	-3.379e-01
178713.50	-7.997e-02	1.661e+00	5.414e-01
178714.50	-2.467e-02	4.723e-01	1.603e-01
178715.50	-2.285e-02	5.011e-01	7.229e-02
178716.50	-3.062e-02	6.048e-01	2.054e-01
178717.50	-3.235e-02	9.696e-01	1.334e-01
178718.50	-6.048e-02	1.402e+00	3.552e-01
178719.50	-4.291e-02	9.888e-01	1.718e-01
178720.50	-5.539e-02	9.696e-01	5.654e-01
178721.50	-2.746e-02	1.075e+00	-2.208e-01
178722.50	-2.266e-02	1.114e+00	-3.485e-01
178723.50	-2.064e-02	8.323e-02	4.234e-01
178724.50	-3.101e-02	7.392e-01	1.430e-01
178725.50	-4.013e-02	8.582e-01	2.582e-01
178726.50	-2.390e-02	8.131e-01	-9.350e-02
178727.50	-1.354e-02	6.557e-01	-2.112e-01
178728.50	-6.413e-03	5.107e-01	-2.544e-01
178729.50	-3.254e-02	5.914e-01	2.832e-01
178730.50	-2.419e-02	1.747e-01	5.002e-01
178731.50	-1.728e-02	6.605e-01	-2.784e-02
178732.50	-7.536e-03	7.814e-01	-3.850e-01
178733.50	-1.190e-02	3.571e-01	1.123e-01
178734.50	-3.552e-02	5.050e-01	2.995e-01
178735.50	-2.016e-02	4.598e-01	1.258e-01
178736.50	-5.146e-02	1.018e+00	3.226e-01
178737.50	1.402e-02	9.696e-04	-3.322e-01
178738.50	-5.126e-03	2.333e-01	-1.133e-01
178739.50	2.275e-03	3.638e-01	-2.333e-01
178740.50	-2.573e-02	4.752e-01	1.690e-01
178741.50	-3.034e-02	4.454e-01	2.918e-01
178742.50	-5.299e-02	9.696e-01	4.022e-01
178743.50	-2.554e-02	3.379e-01	2.928e-01
178744.50	-1.411e-02	2.400e-01	9.600e-02
178745.50	-4.704e-02	4.656e-01	6.778e-01
178746.50	-1.603e-02	5.232e-01	3.226e-02
178747.50	-2.669e-03	3.581e-02	2.170e-02
178748.50	-6.355e-03	8.314e-01	-5.107e-01
178749.50	-1.306e-02	3.523e-01	1.450e-02
178750.50	4.358e-03	-1.402e-01	3.811e-02
178751.50	1.162e-02	3.293e-01	-5.030e-01
178752.50	-3.763e-02	6.490e-01	2.707e-01
178753.50	-1.181e-02	2.736e-01	1.488e-01
178754.50	8.928e-03	-2.525e-03	-1.104e-01
178755.50	-2.918e-03	5.347e-01	-3.946e-01
178756.50	-4.224e-03	-7.478e-02	9.792e-02
178757.50	-1.392e-02	1.498e-01	2.362e-01
178758.50	-4.234e-03	1.066e-01	4.714e-02
178759.50	-3.014e-02	6.250e-01	2.189e-01
178760.50	-2.698e-02	4.262e-01	1.997e-01
178761.50	-8.870e-03	1.507e-01	1.229e-01
178762.50	-1.123e-02	1.373e-01	7.978e-02
178763.50	-5.232e-03	3.014e-01	-3.917e-02
178764.50	1.056e-02	-3.274e-02	-1.786e-01
178765.50	4.090e-03	6.106e-02	-1.142e-01
178766.50	-2.986e-02	4.310e-01	3.792e-01
178767.50	-2.630e-02	3.043e-01	2.688e-01
178768.50	1.459e-02	-2.822e-01	-9.034e-02
178769.50	-1.008e-02	8.304e-02	1.440e-01
178770.50	-8.755e-03	2.573e-01	-1.421e-01
178771.50	-7.190e-03	1.133e-01	1.574e-01
178772.50	6.653e-03	1.430e-01	-2.294e-01
178773.50	-4.022e-04	-2.515e-01	2.496e-01
178774.50	-1.661e-02	2.966e-01	1.411e-01
178775.50	-6.134e-03	1.306e-01	1.910e-02
178776.50	-1.104e-02	1.997e-01	7.901e-02
178777.50	-2.707e-03	1.834e-01	-8.918e-02
178778.50	-1.757e-02	3.850e-01	1.334e-01
178779.50	-1.498e-02	6.739e-02	2.707e-01
178780.50	-1.728e-02	4.618e-01	5.616e-03
178781.50	1.085e-02	-5.510e-02	-1.910e-01
178782.50	-6.950e-03	8.822e-02	6.883e-02
178783.50	1.344e-02	-9.283e-04	-2.227e-01
178784.50	1.392e-03	1.507e-01	-1.306e-01
178785.50	-6.720e-03	-1.421e-01	2.275e-01
178786.50	-1.075e-02	1.046e-01	1.382e-01
178787.50	-2.323e-02	3.898e-01	2.102e-01
178788.50	2.832e-03	2.045e-01	-2.554e-01
178789.50	-4.022e-03	1.661e-01	3.734e-02
178790.50	-2.659e-03	7.805e-02	-5.107e-02
178791.50	-1.651e-02	2.208e-01	1.891e-01
178792.50	-1.037e-02	8.150e-02	2.381e-01
178793.50	-1.411e-02	1.910e-01	2.016e-01
178794.50	-8.006e-03	2.323e-01	1.469e-02
178795.50	-1.027e-02	8.486e-02	1.814e-01
178796.50	9.504e-03	7.181e-02	-2.592e-01
178797.50	-9.792e-03	4.147e-01	-8.323e-02
178798.50	5.357e-04	1.421e-01	-1.133e-01
178799.50	-1.248e-02	-3.168e-03	3.331e-01
178800.50	4.954e-03	-2.410e-01	2.506e-02
178801.50	-3.754e-03	7.891e-03	2.266e-02
178802.50	-9.293e-03	2.352e-01	1.046e-02
178803.50	7.651e-03	-4.464e-02	-9.283e-02
178804.50	-2.294e-04	-1.421e-01	1.190e-01
178805.50	-4.589e-03	1.949e-01	-2.390e-02
178806.50	3.456e-03	7.872e-03	-1.526e-01
178807.50	4.291e-03	5.347e-02	-1.680e-01
178808.50	4.080e-03	3.917e-02	-1.901e-01
178809.50	7.181e-05	2.352e-03	3.043e-02
178810.50	3.408e-04	-2.227e-01	1.661e-01
178811.50	-8.160e-03	1.037e-01	1.363e-01
178812.50	-9.389e-03	2.899e-01	-6.605e-02
178813.50	-3.984e-03	-7.229e-02	1.027e-01
178814.50	-4.310e-03	1.478e-01	-2.755e-02
178815.50	-1.114e-02	7.651e-02	1.728e-01
178816.50	1.498e-03	3.984e-02	-2.573e-02
178817.50	6.134e-04	1.786e-01	-1.920e-01
178818.50	-5.808e-03	1.526e-01	8.822e-02
178819.50	-1.046e-03	1.066e-01	-5.971e-02
178820.50	-3.830e-03	8.707e-02	-2.822e-02
178821.50	-2.986e-03	1.814e-01	-2.304e-02
178822.50	-3.130e-03	-2.438e-03	6.048e-02
178823.50	2.573e-03	-1.334e-01	4.157e-02
178824.50	5.059e-03	-1.613e-01	-3.514e-02
178825.50	-1.517e-03	9.984e-02	-9.216e-02
178826.50	-1.555e-02	3.197e-01	4.925e-03
178827.50	-1.152e-03	4.051e-02	-1.392e-02
178828.50	2.342e-03	7.018e-02	-1.027e-01
178829.50	9.984e-04	-1.709e-02	4.589e-02
178830.50	2.717e-04	-8.506e-02	1.373e-01
178831.50	-1.411e-03	2.669e-02	-4.522e-02
178832.50	-4.675e-03	2.822e-02	9.888e-02
178833.50	-3.571e-03	-2.832e-02	1.114e-01
178834.50	-9.696e-03	-9.984e-02	3.216e-01
178835.50	-3.014e-03	1.210e-01	-9.082e-02
178836.50	3.427e-03	-7.181e-03	-7.181e-02
178837.50	4.042e-03	5.827e-02	-1.680e-02
178838.50	-1.066e-02	7.891e-02	1.565e-01
178839.50	-5.328e-03	7.594e-03	1.008e-01
178840.50	1.392e-03	-1.824e-01	1.450e-01
178841.50	-4.618e-03	5.654e-02	3.782e-02
178842.50	-1.171e-02	2.246e-01	6.288e-02
178843.50	1.699e-03	9.370e-02	-1.171e-01
178844.50	2.256e-03	-1.862e-01	7.181e-02
178845.50	1.325e-02	-5.808e-02	-2.909e-01
178846.50	-1.094e-03	-1.498e-02	4.704e-02
178847.50	-4.042e-03	9.600e-02	1.978e-03
178848.50	7.354e-05	4.771e-02	-7.478e-02
178849.50	-5.501e-03	9.456e-02	3.965e-02
178850.50	1.440e-03	-2.314e-02	-2.362e-02
178851.50	-7.267e-03	-5.597e-02	1.882e-01
178852.50	-3.216e-03	7.056e-02	1.085e-02
178853.50	-3.101e-03	1.709e-01	-5.731e-02
178854.50	-1.786e-03	-3.514e-02	8.640e-02
178855.50	-5.030e-03	-3.533e-02	1.872e-01
178856.50	-6.355e-03	1.517e-01	8.611e-02
178857.50	-2.141e-03	-3.149e-02	6.835e-02
178858.50	-3.110e-04	-5.021e-02	2.573e-02
178859.50	2.928e-03	1.123e-01	-9.600e-02
178860.50	-5.414e-03	9.418e-02	2.678e-02
178861.50	1.094e-03	2.688e-02	-8.429e-02
178862.50	-7.517e-04	1.651e-02	-1.325e-02
178863.50	-1.094e-02	9.792e-02	1.834e-01
178864.50	-2.534e-03	-3.638e-02	1.430e-01
178865.50	4.982e-03	-1.248e-02	-6.403e-02
178866.50	6.038e-03	-9.072e-02	-5.731e-02
178867.50	4.992e-06	1.862e-02	-2.438e-02
178868.50	-2.438e-03	4.992e-02	-6.384e-03
178869.50	-5.002e-03	1.488e-01	1.891e-02
178870.50	-6.576e-03	6.739e-02	3.331e-02
178871.50	2.208e-03	-6.720e-02	-3.264e-02
178872.50	8.179e-03	8.794e-03	-1.325e-01
178873.50	1.248e-02	-7.987e-02	-1.325e-01
178874.50	4.819e-04	-2.832e-02	-6.835e-02
178875.50	-4.992e-03	6.490e-02	4.733e-02
178876.50	-5.770e-03	2.102e-01	2.899e-02
178877.50	3.322e-03	-5.050e-02	-7.978e-02
178878.50	-4.656e-03	7.325e-02	-2.371e-02
178879.50	-9.312e-03	3.955e-02	1.651e-01
178880.50	-3.312e-03	1.104e-01	1.834e-02
178881.50	-1.046e-02	1.344e-01	9.792e-02
178882.50	5.971e-04	-5.818e-02	1.296e-02
178883.50	2.064e-03	1.661e-02	-5.434e-02
178884.50	-2.131e-03	1.430e-02	6.653e-02
178885.50	3.802e-04	9.792e-03	-5.866e-02
178886.50	4.618e-03	-4.608e-02	-4.858e-02
178887.50	4.262e-03	1.469e-02	-7.450e-02
178888.50	-1.882e-03	-4.723e-03	9.005e-02
178889.50	-8.486e-03	1.373e-01	1.565e-02
178890.50	-1.075e-03	-2.899e-02	1.776e-02
178891.50	-1.766e-04	6.586e-02	-4.867e-02
178892.50	-4.589e-03	3.168e-02	3.552e-02
178893.50	5.827e-03	-8.477e-02	-6.134e-02
178894.50	3.206e-03	-8.467e-02	-2.736e-02
178895.50	-3.850e-04	-4.752e-03	-2.611e-02
178896.50	2.534e-03	-8.016e-02	4.282e-03
178897.50	-2.726e-03	7.987e-02	-4.214e-02
178898.50	-1.238e-02	2.602e-01	1.440e-02
178899.50	1.114e-03	7.075e-03	-1.267e-02
178900.50	-6.816e-04	-3.235e-03	2.861e-02
178901.50	8.736e-04	-6.010e-03	-1.594e-01
178902.50	-2.534e-04	-5.779e-02	1.382e-01
178903.50	9.254e-03	-8.016e-02	-5.136e-04
178904.50	4.934e-03	-1.200e-01	-5.002e-02
178905.50	-1.392e-02	4.493e-02	1.632e-01
178906.50	-6.173e-04	1.027e-02	2.208e-02
178907.50	-1.018e-03	8.218e-02	-8.074e-03
178908.50	1.104e-03	1.507e-01	-1.248e-01
178909.50	7.094e-03	-2.774e-03	-1.104e-01
178910.50	6.173e-03	-7.277e-03	-4.675e-02
178911.50	-1.267e-03	-7.882e-02	6.077e-02
178912.50	-6.221e-04	3.946e-03	5.914e-03
178913.50	-2.170e-03	-5.338e-02	8.285e-02
178914.50	7.133e-03	-1.440e-01	-5.040e-02
178915.50	-6.202e-03	-2.419e-02	1.574e-01
178916.50	-2.112e-03	-6.605e-04	2.266e-02
178917.50	4.195e-03	-2.026e-02	-4.618e-02
178918.50	3.907e-04	-1.123e-01	7.200e-02
178919.50	-4.483e-03	4.771e-02	5.731e-02
178920.50	-5.424e-03	1.133e-01	-1.805e-02
178921.50	-6.893e-03	5.165e-02	8.083e-02
178922.50	1.670e-03	1.114e-02	-4.992e-02
178923.50	5.626e-03	6.422e-02	-9.696e-02
178924.50	-1.670e-03	-5.702e-02	1.882e-03
178925.50	-1.037e-03	1.402e-02	2.995e-02
178926.50	2.237e-03	-7.613e-03	-3.974e-02
178927.50	1.296e-03	-1.258e-02	-1.421e-02
178928.50	-1.142e-03	7.008e-02	-2.899e-02
178929.50	1.142e-04	7.296e-03	-4.896e-02
178930.50	5.376e-03	-1.718e-01	4.973e-02
178931.50	4.330e-03	1.910e-02	-7.651e-02
178932.50	-7.430e-03	1.354e-01	8.102e-02
178933.50	-6.230e-03	1.296e-01	1.248e-02
178934.50	5.184e-03	-3.274e-02	-1.046e-01
178935.50	-2.880e-03	2.755e-02	3.965e-02
178936.50	-5.386e-03	6.106e-02	7.162e-02
178937.50	6.384e-03	-1.056e-01	-5.933e-02
178938.50	-2.861e-03	7.469e-02	-3.571e-02
178939.50	-1.382e-03	1.478e-02	5.558e-02
178940.50	-1.411e-03	8.304e-03	4.090e-02
178941.50	3.696e-03	-4.982e-02	-1.891e-02
178942.50	4.195e-03	-7.546e-02	-4.982e-02
178943.50	6.038e-03	-1.066e-01	-8.064e-02
178944.50	3.312e-03	-5.165e-02	-6.029e-02
178945.50	-3.475e-03	2.342e-02	2.429e-02
178946.50	-1.142e-03	1.594e-01	-7.315e-02
178947.50	1.795e-03	2.611e-02	-5.270e-02
178948.50	-6.634e-03	5.117e-02	1.517e-01
178949.50	-1.795e-04	-3.091e-02	3.802e-02
178950.50	-6.384e-04	-7.046e-02	8.486e-02
178951.50	-6.835e-04	1.056e-02	-3.110e-02
178952.50	-1.690e-03	5.597e-02	-2.381e-02
178953.50	8.909e-03	-1.018e-01	-1.008e-01
178954.50	4.742e-03	-6.259e-02	-6.326e-02
178955.50	-4.502e-03	8.477e-02	3.504e-02
178956.50	2.947e-05	-2.621e-02	3.082e-02
178957.50	-6.086e-03	1.267e-02	1.171e-01
178958.50	5.155e-04	1.190e-03	1.286e-02
