178360.50	0.000e+00	0.000e+00	0.000e+00
178361.50	0.000e+00	0.000e+00	0.000e+00
178362.50	0.000e+00	0.000e+00	0.000e+00
178363.50	0.000e+00	0.000e+00	0.000e+00
178364.50	0.000e+00	0.000e+00	0.000e+00
178365.50	0.000e+00	0.000e+00	0.000e+00
178366.50	0.000e+00	0.000e+00	0.000e+00
178367.50	0.000e+00	0.000e+00	0.000e+00
178368.50	0.000e+00	0.000e+00	0.000e+00
178369.50	0.000e+00	0.000e+00	0.000e+00
178370.50	0.000e+00	0.000e+00	0.000e+00
178371.50	0.000e+00	0.000e+00	0.000e+00
178372.50	0.000e+00	0.000e+00	0.000e+00
178373.50	0.000e+00	0.000e+00	0.000e+00
178374.50	0.000e+00	0.000e+00	0.000e+00
178375.50	0.000e+00	0.000e+00	0.000e+00
178376.50	0.000e+00	0.000e+00	0.000e+00
178377.50	0.000e+00	0.000e+00	0.000e+00
178378.50	0.000e+00	0.000e+00	0.000e+00
178379.50	0.000e+00	0.000e+00	0.000e+00
178380.50	0.000e+00	0.000e+00	0.000e+00
178381.50	0.000e+00	0.000e+00	0.000e+00
178382.50	0.000e+00	0.000e+00	0.000e+00
178383.50	0.000e+00	0.000e+00	0.000e+00
178384.50	0.000e+00	0.000e+00	0.000e+00
178385.50	0.000e+00	0.000e+00	0.000e+00
178386.50	0.000e+00	0.000e+00	0.000e+00
178387.50	0.000e+00	0.000e+00	0.000e+00
178388.50	0.000e+00	0.000e+00	0.000e+00
178389.50	0.000e+00	0.000e+00	0.000e+00
178390.50	0.000e+00	0.000e+00	0.000e+00
178391.50	0.000e+00	0.000e+00	0.000e+00
178392.50	0.000e+00	0.000e+00	0.000e+00
178393.50	0.000e+00	0.000e+00	0.000e+00
178394.50	0.000e+00	0.000e+00	0.000e+00
178395.50	0.000e+00	0.000e+00	0.000e+00
178396.50	0.000e+00	0.000e+00	0.000e+00
178397.50	0.000e+00	0.000e+00	0.000e+00
178398.50	0.000e+00	0.000e+00	0.000e+00
178399.50	0.000e+00	0.000e+00	0.000e+00
178400.50	0.000e+00	0.000e+00	0.000e+00
178401.50	0.000e+00	0.000e+00	0.000e+00
178402.50	0.000e+00	0.000e+00	0.000e+00
178403.50	0.000e+00	0.000e+00	0.000e+00
178404.50	0.000e+00	0.000e+00	0.000e+00
178405.50	0.000e+00	0.000e+00	0.000e+00
178406.50	0.000e+00	0.000e+00	0.000e+00
178407.50	0.000e+00	0.000e+00	0.000e+00
178408.50	0.000e+00	0.000e+00	0.000e+00
178409.50	0.000e+00	0.000e+00	0.000e+00
178410.50	0.000e+00	0.000e+00	0.000e+00
178411.50	0.000e+00	0.000e+00	0.000e+00
178412.50	0.000e+00	0.000e+00	0.000e+00
178413.50	0.000e+00	0.000e+00	0.000e+00
178414.50	0.000e+00	0.000e+00	0.000e+00
178415.50	0.000e+00	0.000e+00	0.000e+00
178416.50	0.000e+00	0.000e+00	0.000e+00
178417.50	0.000e+00	0.000e+00	0.000e+00
178418.50	0.000e+00	0.000e+00	0.000e+00
178419.50	0.000e+00	0.000e+00	0.000e+00
178420.50	0.000e+00	0.000e+00	0.000e+00
178421.50	0.000e+00	0.000e+00	0.000e+00
178422.50	0.000e+00	0.000e+00	0.000e+00
178423.50	0.000e+00	0.000e+00	0.000e+00
178424.50	0.000e+00	0.000e+00	0.000e+00
178425.50	0.000e+00	0.000e+00	0.000e+00
178426.50	0.000e+00	0.000e+00	0.000e+00
178427.50	0.000e+00	0.000e+00	0.000e+00
178428.50	0.000e+00	0.000e+00	0.000e+00
178429.50	0.000e+00	0.000e+00	0.000e+00
178430.50	0.000e+00	0.000e+00	0.000e+00
178431.50	0.000e+00	0.000e+00	0.000e+00
178432.50	0.000e+00	0.000e+00	0.000e+00
178433.50	0.000e+00	0.000e+00	0.000e+00
178434.50	0.000e+00	0.000e+00	0.000e+00
178435.50	0.000e+00	0.000e+00	0.000e+00
178436.50	0.000e+00	0.000e+00	0.000e+00
178437.50	0.000e+00	0.000e+00	0.000e+00
178438.50	0.000e+00	0.000e+00	0.000e+00
178439.50	0.000e+00	0.000e+00	0.000e+00
178440.50	0.000e+00	0.000e+00	0.000e+00
178441.50	0.000e+00	0.000e+00	0.000e+00
178442.50	0.000e+00	0.000e+00	0.000e+00
178443.50	0.000e+00	0.000e+00	0.000e+00
178444.50	0.000e+00	0.000e+00	0.000e+00
178445.50	0.000e+00	0.000e+00	0.000e+00
178446.50	0.000e+00	0.000e+00	0.000e+00
178447.50	0.000e+00	0.000e+00	0.000e+00
178448.50	0.000e+00	0.000e+00	0.000e+00
178449.50	0.000e+00	0.000e+00	0.000e+00
178450.50	0.000e+00	0.000e+00	0.000e+00
178451.50	0.000e+00	0.000e+00	0.000e+00
178452.50	0.000e+00	0.000e+00	0.000e+00
178453.50	0.000e+00	0.000e+00	0.000e+00
178454.50	0.000e+00	0.000e+00	0.000e+00
178455.50	0.000e+00	0.000e+00	0.000e+00
178456.50	0.000e+00	0.000e+00	0.000e+00
178457.50	0.000e+00	0.000e+00	0.000e+00
178458.50	0.000e+00	0.000e+00	0.000e+00
178459.50	0.000e+00	0.000e+00	0.000e+00
178460.50	0.000e+00	0.000e+00	0.000e+00
178461.50	0.000e+00	0.000e+00	0.000e+00
178462.50	0.000e+00	0.000e+00	0.000e+00
178463.50	0.000e+00	0.000e+00	0.000e+00
178464.50	0.000e+00	0.000e+00	0.000e+00
178465.50	0.000e+00	0.000e+00	0.000e+00
178466.50	0.000e+00	0.000e+00	0.000e+00
178467.50	0.000e+00	0.000e+00	0.000e+00
178468.50	0.000e+00	0.000e+00	0.000e+00
178469.50	0.000e+00	0.000e+00	0.000e+00
178470.50	0.000e+00	0.000e+00	0.000e+00
178471.50	0.000e+00	0.000e+00	0.000e+00
178472.50	0.000e+00	0.000e+00	0.000e+00
178473.50	0.000e+00	0.000e+00	0.000e+00
178474.50	0.000e+00	0.000e+00	0.000e+00
178475.50	0.000e+00	0.000e+00	0.000e+00
178476.50	0.000e+00	0.000e+00	0.000e+00
178477.50	0.000e+00	0.000e+00	0.000e+00
178478.50	0.000e+00	0.000e+00	0.000e+00
178479.50	0.000e+00	0.000e+00	0.000e+00
178480.50	0.000e+00	0.000e+00	0.000e+00
178481.50	0.000e+00	0.000e+00	0.000e+00
178482.50	0.000e+00	0.000e+00	0.000e+00
178483.50	0.000e+00	0.000e+00	0.000e+00
178484.50	0.000e+00	0.000e+00	0.000e+00
178485.50	0.000e+00	0.000e+00	0.000e+00
178486.50	0.000e+00	0.000e+00	0.000e+00
178487.50	0.000e+00	0.000e+00	0.000e+00
178488.50	0.000e+00	0.000e+00	0.000e+00
178489.50	0.000e+00	0.000e+00	0.000e+00
178490.50	0.000e+00	0.000e+00	0.000e+00
178491.50	0.000e+00	0.000e+00	0.000e+00
178492.50	0.000e+00	0.000e+00	0.000e+00
178493.50	0.000e+00	0.000e+00	0.000e+00
178494.50	0.000e+00	0.000e+00	0.000e+00
178495.50	0.000e+00	0.000e+00	0.000e+00
178496.50	0.000e+00	0.000e+00	0.000e+00
178497.50	0.000e+00	0.000e+00	0.000e+00
178498.50	0.000e+00	0.000e+00	0.000e+00
178499.50	0.000e+00	0.000e+00	0.000e+00
178500.50	0.000e+00	0.000e+00	0.000e+00
178501.50	0.000e+00	0.000e+00	0.000e+00
178502.50	0.000e+00	0.000e+00	0.000e+00
178503.50	0.000e+00	0.000e+00	0.000e+00
178504.50	0.000e+00	0.000e+00	0.000e+00
178505.50	0.000e+00	0.000e+00	0.000e+00
178506.50	0.000e+00	0.000e+00	0.000e+00
178507.50	0.000e+00	0.000e+00	0.000e+00
178508.50	0.000e+00	0.000e+00	0.000e+00
178509.50	0.000e+00	0.000e+00	0.000e+00
178510.50	0.000e+00	0.000e+00	0.000e+00
178511.50	0.000e+00	0.000e+00	0.000e+00
178512.50	0.000e+00	0.000e+00	0.000e+00
178513.50	0.000e+00	0.000e+00	0.000e+00
178514.50	0.000e+00	0.000e+00	0.000e+00
178515.50	0.000e+00	0.000e+00	0.000e+00
178516.50	0.000e+00	0.000e+00	0.000e+00
178517.50	0.000e+00	0.000e+00	0.000e+00
178518.50	0.000e+00	0.000e+00	0.000e+00
178519.50	0.000e+00	0.000e+00	0.000e+00
178520.50	0.000e+00	0.000e+00	0.000e+00
178521.50	0.000e+00	0.000e+00	0.000e+00
178522.50	0.000e+00	0.000e+00	0.000e+00
178523.50	0.000e+00	0.000e+00	0.000e+00
178524.50	0.000e+00	0.000e+00	0.000e+00
178525.50	0.000e+00	0.000e+00	0.000e+00
178526.50	0.000e+00	0.000e+00	0.000e+00
178527.50	0.000e+00	0.000e+00	0.000e+00
178528.50	0.000e+00	0.000e+00	0.000e+00
178529.50	0.000e+00	0.000e+00	0.000e+00
178530.50	0.000e+00	0.000e+00	0.000e+00
178531.50	0.000e+00	0.000e+00	0.000e+00
178532.50	0.000e+00	0.000e+00	0.000e+00
178533.50	0.000e+00	0.000e+00	0.000e+00
178534.50	0.000e+00	0.000e+00	0.000e+00
178535.50	0.000e+00	0.000e+00	0.000e+00
178536.50	0.000e+00	0.000e+00	0.000e+00
178537.50	0.000e+00	0.000e+00	0.000e+00
178538.50	0.000e+00	0.000e+00	0.000e+00
178539.50	0.000e+00	0.000e+00	0.000e+00
178540.50	0.000e+00	0.000e+00	0.000e+00
178541.50	0.000e+00	0.000e+00	0.000e+00
178542.50	0.000e+00	0.000e+00	0.000e+00
178543.50	0.000e+00	0.000e+00	0.000e+00
178544.50	0.000e+00	0.000e+00	0.000e+00
178545.50	0.000e+00	0.000e+00	0.000e+00
178546.50	0.000e+00	0.000e+00	0.000e+00
178547.50	0.000e+00	0.000e+00	0.000e+00
178548.50	0.000e+00	0.000e+00	0.000e+00
178549.50	0.000e+00	0.000e+00	0.000e+00
178550.50	0.000e+00	0.000e+00	0.000e+00
178551.50	0.000e+00	0.000e+00	0.000e+00
178552.50	0.000e+00	0.000e+00	0.000e+00
178553.50	0.000e+00	0.000e+00	0.000e+00
178554.50	0.000e+00	0.000e+00	0.000e+00
178555.50	0.000e+00	0.000e+00	0.000e+00
178556.50	0.000e+00	0.000e+00	0.000e+00
178557.50	0.000e+00	0.000e+00	0.000e+00
178558.50	0.000e+00	0.000e+00	0.000e+00
178559.50	0.000e+00	0.000e+00	0.000e+00
178560.50	0.000e+00	0.000e+00	0.000e+00
178561.50	0.000e+00	0.000e+00	0.000e+00
178562.50	0.000e+00	0.000e+00	0.000e+00
178563.50	0.000e+00	0.000e+00	0.000e+00
178564.50	0.000e+00	0.000e+00	0.000e+00
178565.50	0.000e+00	0.000e+00	0.000e+00
178566.50	0.000e+00	0.000e+00	0.000e+00
178567.50	0.000e+00	0.000e+00	0.000e+00
178568.50	0.000e+00	0.000e+00	0.000e+00
178569.50	0.000e+00	0.000e+00	0.000e+00
178570.50	0.000e+00	0.000e+00	0.000e+00
178571.50	0.000e+00	0.000e+00	0.000e+00
178572.50	0.000e+00	0.000e+00	0.000e+00
178573.50	0.000e+00	0.000e+00	0.000e+00
178574.50	0.000e+00	0.000e+00	0.000e+00
178575.50	0.000e+00	0.000e+00	0.000e+00
178576.50	0.000e+00	0.000e+00	0.000e+00
178577.50	0.000e+00	0.000e+00	0.000e+00
178578.50	0.000e+00	0.000e+00	0.000e+00
178579.50	0.000e+00	0.000e+00	0.000e+00
178580.50	0.000e+00	0.000e+00	0.000e+00
178581.50	0.000e+00	0.000e+00	0.000e+00
178582.50	0.000e+00	0.000e+00	0.000e+00
178583.50	0.000e+00	0.000e+00	0.000e+00
178584.50	0.000e+00	0.000e+00	0.000e+00
178585.50	0.000e+00	0.000e+00	0.000e+00
178586.50	0.000e+00	0.000e+00	0.000e+00
178587.50	0.000e+00	0.000e+00	0.000e+00
178588.50	0.000e+00	0.000e+00	0.000e+00
178589.50	0.000e+00	0.000e+00	0.000e+00
178590.50	0.000e+00	0.000e+00	0.000e+00
178591.50	0.000e+00	0.000e+00	0.000e+00
178592.50	0.000e+00	0.000e+00	0.000e+00
178593.50	0.000e+00	0.000e+00	0.000e+00
178594.50	0.000e+00	0.000e+00	0.000e+00
178595.50	0.000e+00	0.000e+00	0.000e+00
178596.50	0.000e+00	0.000e+00	0.000e+00
178597.50	0.000e+00	0.000e+00	0.000e+00
178598.50	0.000e+00	0.000e+00	0.000e+00
178599.50	0.000e+00	0.000e+00	0.000e+00
178600.50	0.000e+00	0.000e+00	0.000e+00
178601.50	0.000e+00	0.000e+00	0.000e+00
178602.50	0.000e+00	0.000e+00	0.000e+00
178603.50	0.000e+00	0.000e+00	0.000e+00
178604.50	0.000e+00	0.000e+00	0.000e+00
178605.50	-5.923e-04	-3.398e-03	1.046e-02
178606.50	-4.550e-04	-7.632e-03	4.675e-03
178607.50	1.584e-04	2.102e-03	-2.563e-03
178608.50	-5.434e-04	-3.120e-04	1.037e-02
178609.50	2.947e-04	-5.338e-03	-1.142e-02
178610.50	-5.779e-05	-1.718e-03	3.197e-03
178611.50	6.826e-05	4.166e-03	-1.536e-04
178612.50	1.738e-04	3.024e-03	-2.208e-03
178613.50	6.893e-05	-3.696e-04	-2.083e-03
178614.50	-3.005e-04	-4.608e-03	4.090e-03
178615.50	1.680e-04	1.171e-03	-2.995e-03
178616.50	1.344e-03	-5.635e-03	-3.811e-02
178617.50	2.198e-03	-2.006e-02	-6.979e-02
178618.50	3.715e-03	1.210e-01	-1.920e-02
178619.50	-2.400e-02	-7.296e-01	1.238e-01
178620.50	-5.654e-02	-1.546e+00	3.917e-01
178621.50	4.378e-02	-2.026e+00	-2.736e+00
178622.50	-1.824e-01	-9.888e+00	-2.486e+00
178623.50	-2.467e-01	-1.517e+01	-4.848e+00
178624.50	-1.325e-01	-1.987e+01	-1.162e+01
178625.50	-7.536e-01	-3.427e+01	-5.981e+00
178626.50	-8.093e-01	-4.531e+01	-1.325e+01
178627.50	-1.229e+00	-6.298e+01	-1.613e+01
178628.50	-1.123e+00	-5.981e+01	-1.661e+01
178629.50	-2.006e+00	-8.650e+01	-1.459e+01
178630.50	-2.054e+00	-8.294e+01	-1.133e+01
178631.50	-1.786e+00	-7.901e+01	-1.594e+01
178632.50	-1.661e+00	-7.258e+01	-1.507e+01
178633.50	-1.680e+00	-7.046e+01	-1.363e+01
178634.50	-1.699e+00	-4.589e+01	5.875e+00
178635.50	-1.190e+00	-2.938e+01	5.664e+00
178636.50	-4.858e-01	-1.094e+01	2.429e+00
178637.50	-1.200e-01	-4.694e-01	1.171e+00
178638.50	-3.629e-01	-3.206e+00	5.040e+00
178639.50	7.536e-01	2.371e+01	-1.402e+00
178640.50	1.229e-01	1.747e+01	9.082e+00
178641.50	2.438e-01	1.939e+01	7.622e+00
178642.50	3.418e-01	2.448e+01	9.149e+00
178643.50	6.288e-01	1.920e+01	-1.546e+00
178644.50	5.942e-01	2.746e+01	5.942e+00
178645.50	8.371e-01	2.976e+01	1.901e+00
178646.50	4.723e-01	2.726e+01	9.043e+00
178647.50	6.202e-01	2.563e+01	4.186e+00
178648.50	5.578e-01	2.947e+01	8.477e+00
178649.50	7.795e-01	2.822e+01	2.736e+00
178650.50	3.955e-01	2.314e+01	7.555e+00
178651.50	7.066e-01	2.333e+01	7.094e-01
178652.50	7.574e-01	2.496e+01	7.114e-01
178653.50	6.682e-01	2.371e+01	2.006e+00
178654.50	4.915e-01	2.083e+01	3.917e+00
178655.50	5.203e-01	1.939e+01	1.958e+00
178656.50	4.378e-01	1.651e+01	2.026e+00
178657.50	4.282e-01	1.498e+01	1.037e+00
178658.50	2.698e-01	1.603e+01	5.645e+00
178659.50	3.312e-01	1.565e+01	3.936e+00
178660.50	3.456e-01	1.517e+01	3.331e+00
178661.50	2.083e-01	9.456e+00	2.093e+00
178662.50	3.802e-01	1.373e+01	1.478e+00
178663.50	3.840e-01	1.258e+01	4.704e-01
178664.50	3.226e-01	1.219e+01	1.354e+00
178665.50	3.341e-01	1.056e+01	-1.085e-01
178666.50	2.285e-01	1.056e+01	2.506e+00
178667.50	2.275e-01	8.880e+00	1.277e+00
178668.50	2.515e-01	8.266e+00	1.853e-01
178669.50	2.035e-01	5.453e+00	-8.986e-01
178670.50	6.221e-02	5.155e+00	2.198e+00
178671.50	1.219e-01	6.691e+00	2.227e+00
178672.50	1.613e-01	7.382e+00	1.757e+00
178673.50	1.786e-01	6.595e+00	7.286e-01
178674.50	1.958e-01	7.440e+00	8.621e-01
178675.50	1.891e-01	6.989e+00	7.325e-01
178676.50	1.786e-01	6.115e+00	5.866e-01
178677.50	1.190e-01	5.434e+00	1.181e+00
178678.50	1.363e-01	4.589e+00	1.171e-01
178679.50	8.966e-02	4.301e+00	1.056e+00
178680.50	9.024e-02	3.955e+00	8.611e-01
178681.50	1.488e-01	3.706e+00	-6.749e-01
178682.50	6.010e-02	3.437e+00	1.210e+00
178683.50	7.229e-03	2.592e+00	1.757e+00
178684.50	8.390e-02	2.938e+00	7.632e-02
178685.50	7.709e-02	3.494e+00	7.939e-01
178686.50	1.248e-01	4.262e+00	3.350e-01
178687.50	1.142e-01	3.840e+00	1.190e-01
178688.50	5.088e-02	2.150e+00	2.275e-01
178689.50	9.984e-02	2.976e+00	4.531e-02
178690.50	7.776e-02	2.995e+00	5.280e-01
178691.50	4.733e-02	2.112e+00	4.128e-01
178692.50	8.832e-02	2.544e+00	-2.765e-01
178693.50	4.915e-03	7.949e-01	3.312e-01
178694.50	4.090e-02	1.718e+00	2.467e-01
178695.50	4.435e-02	2.150e+00	5.136e-01
178696.50	4.781e-02	1.824e+00	3.014e-01
178697.50	3.418e-02	2.045e+00	7.814e-01
178698.50	5.942e-02	1.651e+00	-7.814e-02
178699.50	3.005e-02	1.507e+00	4.618e-01
178700.50	2.899e-02	1.037e+00	8.659e-02
178701.50	3.725e-02	1.891e+00	6.038e-01
178702.50	3.091e-02	1.430e+00	2.650e-01
178703.50	2.784e-02	1.133e+00	1.613e-01
178704.50	4.032e-02	1.296e+00	9.504e-02
178705.50	5.760e-02	1.891e+00	7.814e-02
178706.50	-9.264e-03	8.784e-01	7.411e-01
178707.50	1.997e-02	1.603e+00	7.018e-01
178708.50	2.736e-02	1.392e+00	3.350e-01
178709.50	9.561e-03	7.306e-01	4.128e-01
178710.50	2.506e-02	1.200e+00	2.544e-01
178711.50	2.880e-02	1.642e+00	5.606e-01
178712.50	2.822e-02	6.989e-01	-2.170e-01
178713.50	1.747e-02	5.376e-01	-3.293e-02
178714.50	2.045e-02	9.542e-01	8.506e-02
178715.50	1.670e-02	4.608e-01	-4.214e-02
178716.50	4.397e-02	4.896e-01	-6.432e-01
178717.50	4.416e-02	1.018e+00	-1.651e-01
178718.50	2.218e-02	1.392e+00	5.194e-01
178719.50	-2.275e-02	8.621e-02	4.675e-01
178720.50	2.054e-02	5.645e-01	-1.805e-01
178721.50	4.973e-02	1.142e+00	-2.419e-01
178722.50	-5.270e-03	3.936e-01	5.290e-01
178723.50	9.149e-03	4.435e-01	1.114e-01
178724.50	1.766e-02	7.786e-01	8.179e-02
178725.50	6.173e-02	1.267e+00	-4.147e-01
178726.50	4.368e-02	9.197e-01	-1.882e-01
178727.50	2.352e-02	7.622e-01	5.539e-02
178728.50	-2.352e-02	-3.043e-01	2.410e-01
178729.50	1.690e-02	6.768e-01	8.870e-02
178730.50	-1.334e-02	-1.238e-01	2.074e-01
178731.50	9.293e-03	5.760e-01	1.958e-01
178732.50	1.114e-02	5.510e-01	8.621e-02
178733.50	2.486e-02	7.949e-01	7.814e-02
178734.50	-2.774e-02	2.496e-01	8.141e-01
178735.50	9.600e-03	4.435e-01	9.600e-02
178736.50	2.371e-02	4.618e-01	-2.381e-01
178737.50	7.277e-03	3.936e-01	1.104e-01
178738.50	6.806e-03	1.584e-01	2.237e-02
178739.50	7.997e-03	3.245e-02	-2.419e-01
178740.50	-4.877e-03	3.763e-01	3.802e-01
178741.50	2.717e-02	6.115e-01	-2.381e-01
178742.50	2.976e-02	8.006e-01	-3.187e-02
178743.50	1.920e-02	3.350e-01	-2.150e-01
178744.50	-1.526e-02	-1.661e-01	6.451e-02
178745.50	2.784e-02	3.072e-01	-4.531e-01
178746.50	-1.066e-02	1.229e-01	2.640e-01
178747.50	1.478e-02	1.421e-01	-1.843e-01
178748.50	1.795e-02	3.437e-01	-1.402e-01
178749.50	8.698e-04	1.891e-01	9.475e-02
178750.50	-2.160e-03	1.469e-01	1.056e-01
178751.50	-5.386e-03	2.381e-02	1.728e-01
178752.50	6.336e-03	4.282e-02	-1.306e-01
178753.50	-6.019e-03	-9.984e-02	8.160e-03
178754.50	-5.251e-03	1.526e-01	2.717e-01
178755.50	3.254e-03	1.805e-01	2.419e-02
178756.50	2.467e-02	3.264e-01	-3.782e-01
178757.50	4.733e-05	3.542e-01	3.043e-01
178758.50	-1.709e-03	2.506e-01	2.938e-01
178759.50	2.314e-04	-5.184e-02	-7.795e-02
178760.50	1.747e-03	1.200e-01	1.267e-01
178761.50	-7.392e-03	2.650e-01	2.813e-01
178762.50	8.688e-04	1.939e-01	1.526e-01
178763.50	1.430e-02	2.995e-01	-1.238e-01
178764.50	1.133e-02	1.776e-01	-2.026e-02
178765.50	9.888e-03	1.498e-01	-1.757e-01
178766.50	-6.835e-03	3.869e-02	1.747e-01
178767.50	1.776e-02	3.494e-01	-7.824e-02
178768.50	6.029e-03	-6.422e-02	-2.400e-01
178769.50	1.104e-02	4.992e-01	1.008e-01
178770.50	9.024e-03	2.794e-02	-1.766e-01
178771.50	7.747e-04	3.907e-02	-2.477e-02
178772.50	-1.392e-02	3.235e-02	3.456e-01
178773.50	-1.901e-02	1.565e-01	5.338e-01
178774.50	8.803e-03	1.459e-01	-1.392e-01
178775.50	1.382e-02	-5.126e-02	-3.600e-01
178776.50	-1.805e-03	9.043e-04	1.930e-02
178777.50	1.133e-02	4.387e-01	4.906e-02
178778.50	-6.970e-03	5.904e-03	1.882e-01
178779.50	-1.565e-03	2.083e-01	2.227e-01
178780.50	6.931e-03	1.181e-01	-1.114e-01
178781.50	2.112e-03	3.283e-02	5.424e-02
178782.50	-5.501e-03	-1.613e-01	5.328e-02
178783.50	2.102e-03	1.450e-01	5.597e-02
178784.50	-6.432e-04	6.259e-02	8.957e-06
178785.50	5.126e-03	1.344e-01	-1.104e-02
178786.50	-3.994e-03	1.546e-01	2.371e-01
178787.50	8.486e-03	6.509e-02	-1.805e-01
178788.50	-1.248e-02	-1.738e-01	9.082e-02
178789.50	1.210e-04	-6.480e-02	-9.581e-02
178790.50	2.093e-03	1.709e-01	1.008e-01
178791.50	9.168e-03	-4.915e-02	-1.891e-01
178792.50	-3.408e-03	4.973e-02	1.267e-01
178793.50	-9.149e-03	1.382e-01	2.045e-01
178794.50	5.328e-03	1.315e-01	-2.995e-02
178795.50	-5.290e-03	-1.229e-01	-5.069e-02
178796.50	-4.118e-03	8.246e-02	1.430e-01
178797.50	-8.640e-03	5.885e-02	2.064e-01
178798.50	-6.653e-03	1.450e-02	2.083e-01
178799.50	1.488e-02	1.267e-01	-1.661e-01
178800.50	-7.699e-04	1.421e-01	1.402e-01
178801.50	1.142e-03	1.440e-02	-1.018e-01
178802.50	-9.389e-04	-1.018e-01	-7.402e-02
178803.50	-1.066e-02	-8.448e-02	1.094e-01
178804.50	4.685e-03	1.488e-01	2.285e-02
178805.50	1.094e-02	-2.995e-02	-1.440e-01
178806.50	2.381e-04	5.827e-02	5.213e-02
178807.50	2.630e-03	6.691e-02	9.082e-03
178808.50	1.075e-03	9.005e-02	3.101e-03
178809.50	-4.714e-03	5.626e-03	8.966e-02
178810.50	4.272e-03	-6.096e-02	-1.824e-01
178811.50	8.765e-04	5.587e-02	2.141e-02
178812.50	-1.037e-03	3.562e-02	5.693e-02
178813.50	4.474e-03	2.611e-02	-6.931e-02
178814.50	2.285e-03	1.200e-01	4.858e-02
178815.50	-8.160e-04	-2.208e-01	-1.536e-01
178816.50	-2.506e-03	1.267e-01	1.373e-01
178817.50	-5.942e-03	-3.926e-02	1.421e-01
178818.50	-1.152e-03	3.686e-02	1.056e-01
178819.50	-2.198e-03	-1.613e-01	-8.179e-02
178820.50	8.083e-03	3.370e-02	-1.978e-01
178821.50	-5.011e-03	1.046e-01	2.506e-01
178822.50	3.878e-03	1.162e-01	7.152e-03
178823.50	7.267e-03	2.285e-01	-1.229e-02
178824.50	-1.181e-03	4.781e-02	5.971e-02
178825.50	1.325e-03	6.086e-02	1.968e-02
178826.50	-9.984e-04	-1.411e-02	4.541e-02
178827.50	-1.027e-02	1.987e-02	1.795e-01
178828.50	6.499e-04	3.677e-02	-4.781e-02
178829.50	-8.918e-03	2.294e-02	2.179e-01
178830.50	8.861e-03	-5.222e-03	-1.411e-01
178831.50	-9.226e-03	-1.334e-01	9.984e-02
178832.50	-3.542e-03	-8.160e-02	-1.248e-02
178833.50	3.754e-03	1.354e-01	1.114e-01
178834.50	1.546e-02	6.950e-02	-2.986e-01
178835.50	-3.168e-03	-5.827e-04	4.310e-02
178836.50	8.688e-04	9.005e-02	6.826e-02
178837.50	9.408e-03	1.910e-01	-1.075e-01
178838.50	4.541e-03	1.114e-01	-1.075e-01
178839.50	5.635e-03	5.981e-02	-9.379e-02
178840.50	2.410e-04	3.590e-02	5.491e-04
178841.50	-1.651e-04	-1.315e-01	-4.426e-02
178842.50	-6.749e-04	-1.008e-01	-2.861e-02
178843.50	5.549e-03	1.162e-01	-7.392e-02
178844.50	-9.446e-03	-1.536e-01	9.091e-02
178845.50	2.026e-04	-9.485e-02	-8.170e-02
178846.50	1.421e-04	-1.824e-01	-1.008e-01
178847.50	7.584e-03	3.888e-02	-5.712e-02
178848.50	-2.525e-03	1.632e-01	1.584e-01
178849.50	-1.795e-03	1.997e-01	1.805e-01
178850.50	2.410e-04	-3.619e-02	-5.501e-02
178851.50	-3.216e-03	-2.803e-01	-1.363e-01
178852.50	1.949e-03	1.027e-01	8.678e-02
178853.50	-5.386e-03	-1.344e-01	-5.261e-02
178854.50	-2.064e-03	-3.158e-02	1.949e-02
178855.50	2.621e-03	1.555e-01	9.437e-02
178856.50	-8.726e-03	-2.026e-02	1.421e-01
178857.50	-3.562e-03	-2.515e-02	9.245e-02
178858.50	-7.133e-03	-6.730e-02	1.104e-01
178859.50	2.803e-04	-2.045e-02	-2.486e-02
178860.50	-1.286e-03	9.514e-02	-9.984e-02
178861.50	5.750e-03	6.576e-02	-4.186e-02
178862.50	5.597e-03	3.830e-02	-7.459e-02
178863.50	-5.059e-03	1.459e-01	1.901e-01
178864.50	1.450e-03	1.142e-01	1.402e-01
178865.50	2.506e-02	-1.594e-02	-2.573e-01
178866.50	-1.162e-03	4.608e-02	-4.579e-02
178867.50	2.208e-04	-1.709e-02	-7.517e-02
178868.50	4.560e-03	8.410e-02	-3.533e-02
178869.50	8.371e-03	6.691e-02	-1.133e-01
178870.50	-7.229e-04	8.726e-02	5.616e-02
178871.50	-9.600e-03	-1.094e-01	1.133e-01
178872.50	3.878e-03	1.075e-01	-7.238e-03
178873.50	5.856e-03	9.600e-02	-8.362e-02
178874.50	-8.506e-03	3.466e-02	1.267e-01
178875.50	-7.594e-03	-2.083e-02	1.373e-01
178876.50	1.718e-03	-1.565e-02	-6.970e-02
178877.50	-9.350e-03	-9.168e-02	9.888e-02
178878.50	-2.573e-03	-5.136e-02	4.147e-02
178879.50	-1.805e-03	-8.256e-02	-1.229e-01
178880.50	1.555e-03	6.710e-02	-1.286e-02
178881.50	-4.742e-03	-6.538e-02	3.466e-02
178882.50	-6.950e-03	-8.659e-02	1.085e-01
178883.50	3.715e-03	1.085e-01	3.379e-02
178884.50	9.696e-03	7.181e-02	-1.699e-01
178885.50	-2.314e-03	7.795e-02	8.227e-02
178886.50	2.486e-03	3.802e-02	-1.411e-02
178887.50	3.322e-03	-2.429e-02	-6.950e-02
178888.50	-1.958e-03	-1.325e-01	4.493e-02
178889.50	-6.288e-03	-6.019e-02	6.662e-02
178890.50	8.966e-03	-5.933e-02	-1.296e-01
178891.50	-9.091e-03	-4.896e-02	5.856e-02
178892.50	-2.602e-03	-2.525e-03	4.051e-02
178893.50	-7.075e-04	-1.334e-02	-5.203e-03
178894.50	7.267e-03	1.085e-01	-4.771e-02
178895.50	5.962e-04	2.170e-02	2.410e-02
178896.50	-5.165e-03	-5.837e-02	2.285e-02
178897.50	-1.536e-03	8.208e-02	3.350e-02
178898.50	2.131e-03	8.947e-02	2.947e-02
178899.50	-5.194e-04	-4.781e-02	-1.008e-02
178900.50	-3.283e-03	-4.502e-02	5.789e-02
178901.50	-4.282e-03	-8.909e-02	2.410e-02
178902.50	2.390e-03	5.962e-02	-9.984e-03
178903.50	-4.733e-03	-1.574e-01	-3.466e-02
178904.50	1.027e-02	1.469e-01	-1.142e-01
178905.50	2.813e-03	6.154e-02	-1.565e-02
178906.50	8.246e-03	1.277e-01	-9.456e-02
178907.50	-6.720e-03	-6.509e-02	1.776e-02
178908.50	-6.672e-03	-1.008e-01	2.525e-02
178909.50	-6.086e-04	6.106e-02	1.488e-01
178910.50	-1.152e-03	-7.517e-02	-1.344e-02
178911.50	2.112e-03	3.610e-02	-7.507e-02
178912.50	-6.115e-03	-5.530e-02	9.158e-02
178913.50	-1.651e-03	-2.054e-02	3.091e-02
178914.50	-1.718e-03	-5.462e-03	1.565e-02
178915.50	2.122e-04	-3.110e-03	3.667e-03
178916.50	1.459e-02	1.162e-01	-1.603e-01
178917.50	1.315e-03	8.371e-02	-3.101e-03
178918.50	-4.253e-04	7.267e-02	4.886e-02
178919.50	3.024e-03	4.906e-02	-9.792e-03
178920.50	-4.733e-03	-9.398e-02	4.368e-02
178921.50	-3.053e-03	-1.200e-01	-2.698e-02
178922.50	3.341e-03	4.550e-02	-5.510e-02
178923.50	1.930e-03	8.842e-02	2.909e-02
178924.50	-4.867e-03	1.709e-02	1.152e-01
178925.50	-1.920e-03	4.147e-02	6.605e-02
178926.50	7.123e-04	2.477e-02	5.933e-02
178927.50	3.581e-04	-4.934e-02	-6.230e-02
178928.50	8.400e-04	5.501e-02	-3.149e-02
178929.50	-1.066e-03	-4.704e-02	-1.651e-03
178930.50	-2.400e-03	-1.450e-01	-2.813e-02
178931.50	-2.275e-03	-1.978e-02	-4.253e-03
178932.50	-1.968e-04	4.205e-02	5.904e-02
178933.50	-1.037e-03	-6.499e-03	6.778e-02
178934.50	8.381e-03	1.411e-01	-4.397e-02
178935.50	-3.782e-03	-9.696e-02	-2.218e-02
178936.50	-7.939e-03	-1.690e-01	1.843e-02
178937.50	-2.170e-03	1.229e-02	6.758e-02
178938.50	-8.438e-04	-7.469e-03	-6.710e-03
178939.50	6.874e-03	-3.350e-02	-1.603e-01
178940.50	-2.573e-03	4.061e-02	1.286e-01
178941.50	2.362e-03	2.294e-02	-2.083e-02
178942.50	3.888e-03	3.974e-02	-6.413e-02
178943.50	5.491e-03	-2.842e-02	-6.547e-02
178944.50	-5.942e-03	-2.563e-03	1.411e-01
178945.50	-3.053e-03	-1.939e-02	6.874e-03
178946.50	-6.614e-04	-6.048e-03	-3.130e-02
178947.50	-9.350e-06	6.624e-02	1.920e-02
178948.50	-6.595e-03	2.208e-02	1.459e-01
178949.50	4.589e-03	7.987e-02	-5.184e-02
178950.50	2.150e-03	9.984e-03	-4.752e-02
178951.50	3.283e-03	1.843e-02	-6.144e-02
178952.50	1.046e-03	7.267e-02	6.883e-02
178953.50	1.786e-03	-2.400e-03	-3.773e-02
178954.50	-1.507e-03	-2.189e-02	4.493e-03
178955.50	3.168e-03	5.875e-02	-7.920e-04
178956.50	5.021e-03	7.661e-02	-4.963e-02
178957.50	-5.990e-03	-6.874e-02	9.322e-02
178958.50	2.966e-03	1.133e-01	2.563e-02
