178360.50	0.000e+00	0.000e+00	0.000e+00
178361.50	0.000e+00	0.000e+00	0.000e+00
178362.50	0.000e+00	0.000e+00	0.000e+00
178363.50	0.000e+00	0.000e+00	0.000e+00
178364.50	0.000e+00	0.000e+00	0.000e+00
178365.50	0.000e+00	0.000e+00	0.000e+00
178366.50	0.000e+00	0.000e+00	0.000e+00
178367.50	0.000e+00	0.000e+00	0.000e+00
178368.50	0.000e+00	0.000e+00	0.000e+00
178369.50	0.000e+00	0.000e+00	0.000e+00
178370.50	0.000e+00	0.000e+00	0.000e+00
178371.50	0.000e+00	0.000e+00	0.000e+00
178372.50	0.000e+00	0.000e+00	0.000e+00
178373.50	0.000e+00	0.000e+00	0.000e+00
178374.50	0.000e+00	0.000e+00	0.000e+00
178375.50	0.000e+00	0.000e+00	0.000e+00
178376.50	0.000e+00	0.000e+00	0.000e+00
178377.50	0.000e+00	0.000e+00	0.000e+00
178378.50	0.000e+00	0.000e+00	0.000e+00
178379.50	0.000e+00	0.000e+00	0.000e+00
178380.50	0.000e+00	0.000e+00	0.000e+00
178381.50	0.000e+00	0.000e+00	0.000e+00
178382.50	0.000e+00	0.000e+00	0.000e+00
178383.50	0.000e+00	0.000e+00	0.000e+00
178384.50	0.000e+00	0.000e+00	0.000e+00
178385.50	0.000e+00	0.000e+00	0.000e+00
178386.50	0.000e+00	0.000e+00	0.000e+00
178387.50	0.000e+00	0.000e+00	0.000e+00
178388.50	0.000e+00	0.000e+00	0.000e+00
178389.50	0.000e+00	0.000e+00	0.000e+00
178390.50	0.000e+00	0.000e+00	0.000e+00
178391.50	0.000e+00	0.000e+00	0.000e+00
178392.50	0.000e+00	0.000e+00	0.000e+00
178393.50	0.000e+00	0.000e+00	0.000e+00
178394.50	0.000e+00	0.000e+00	0.000e+00
178395.50	0.000e+00	0.000e+00	0.000e+00
178396.50	0.000e+00	0.000e+00	0.000e+00
178397.50	0.000e+00	0.000e+00	0.000e+00
178398.50	0.000e+00	0.000e+00	0.000e+00
178399.50	0.000e+00	0.000e+00	0.000e+00
178400.50	0.000e+00	0.000e+00	0.000e+00
178401.50	0.000e+00	0.000e+00	0.000e+00
178402.50	0.000e+00	0.000e+00	0.000e+00
178403.50	0.000e+00	0.000e+00	0.000e+00
178404.50	0.000e+00	0.000e+00	0.000e+00
178405.50	0.000e+00	0.000e+00	0.000e+00
178406.50	0.000e+00	0.000e+00	0.000e+00
178407.50	0.000e+00	0.000e+00	0.000e+00
178408.50	0.000e+00	0.000e+00	0.000e+00
178409.50	0.000e+00	0.000e+00	0.000e+00
178410.50	0.000e+00	0.000e+00	0.000e+00
178411.50	0.000e+00	0.000e+00	0.000e+00
178412.50	0.000e+00	0.000e+00	0.000e+00
178413.50	0.000e+00	0.000e+00	0.000e+00
178414.50	0.000e+00	0.000e+00	0.000e+00
178415.50	0.000e+00	0.000e+00	0.000e+00
178416.50	0.000e+00	0.000e+00	0.000e+00
178417.50	0.000e+00	0.000e+00	0.000e+00
178418.50	0.000e+00	0.000e+00	0.000e+00
178419.50	0.000e+00	0.000e+00	0.000e+00
178420.50	0.000e+00	0.000e+00	0.000e+00
178421.50	0.000e+00	0.000e+00	0.000e+00
178422.50	0.000e+00	0.000e+00	0.000e+00
178423.50	0.000e+00	0.000e+00	0.000e+00
178424.50	0.000e+00	0.000e+00	0.000e+00
178425.50	0.000e+00	0.000e+00	0.000e+00
178426.50	0.000e+00	0.000e+00	0.000e+00
178427.50	0.000e+00	0.000e+00	0.000e+00
178428.50	0.000e+00	0.000e+00	0.000e+00
178429.50	0.000e+00	0.000e+00	0.000e+00
178430.50	0.000e+00	0.000e+00	0.000e+00
178431.50	0.000e+00	0.000e+00	0.000e+00
178432.50	0.000e+00	0.000e+00	0.000e+00
178433.50	0.000e+00	0.000e+00	0.000e+00
178434.50	0.000e+00	0.000e+00	0.000e+00
178435.50	0.000e+00	0.000e+00	0.000e+00
178436.50	0.000e+00	0.000e+00	0.000e+00
178437.50	0.000e+00	0.000e+00	0.000e+00
178438.50	0.000e+00	0.000e+00	0.000e+00
178439.50	0.000e+00	0.000e+00	0.000e+00
178440.50	0.000e+00	0.000e+00	0.000e+00
178441.50	0.000e+00	0.000e+00	0.000e+00
178442.50	0.000e+00	0.000e+00	0.000e+00
178443.50	0.000e+00	0.000e+00	0.000e+00
178444.50	0.000e+00	0.000e+00	0.000e+00
178445.50	0.000e+00	0.000e+00	0.000e+00
178446.50	0.000e+00	0.000e+00	0.000e+00
178447.50	0.000e+00	0.000e+00	0.000e+00
178448.50	0.000e+00	0.000e+00	0.000e+00
178449.50	0.000e+00	0.000e+00	0.000e+00
178450.50	0.000e+00	0.000e+00	0.000e+00
178451.50	0.000e+00	0.000e+00	0.000e+00
178452.50	0.000e+00	0.000e+00	0.000e+00
178453.50	0.000e+00	0.000e+00	0.000e+00
178454.50	0.000e+00	0.000e+00	0.000e+00
178455.50	0.000e+00	0.000e+00	0.000e+00
178456.50	0.000e+00	0.000e+00	0.000e+00
178457.50	0.000e+00	0.000e+00	0.000e+00
178458.50	0.000e+00	0.000e+00	0.000e+00
178459.50	0.000e+00	0.000e+00	0.000e+00
178460.50	0.000e+00	0.000e+00	0.000e+00
178461.50	0.000e+00	0.000e+00	0.000e+00
178462.50	0.000e+00	0.000e+00	0.000e+00
178463.50	0.000e+00	0.000e+00	0.000e+00
178464.50	0.000e+00	0.000e+00	0.000e+00
178465.50	0.000e+00	0.000e+00	0.000e+00
178466.50	0.000e+00	0.000e+00	0.000e+00
178467.50	0.000e+00	0.000e+00	0.000e+00
178468.50	0.000e+00	0.000e+00	0.000e+00
178469.50	0.000e+00	0.000e+00	0.000e+00
178470.50	0.000e+00	0.000e+00	0.000e+00
178471.50	0.000e+00	0.000e+00	0.000e+00
178472.50	0.000e+00	0.000e+00	0.000e+00
178473.50	0.000e+00	0.000e+00	0.000e+00
178474.50	0.000e+00	0.000e+00	0.000e+00
178475.50	0.000e+00	0.000e+00	0.000e+00
178476.50	0.000e+00	0.000e+00	0.000e+00
178477.50	0.000e+00	0.000e+00	0.000e+00
178478.50	0.000e+00	0.000e+00	0.000e+00
178479.50	0.000e+00	0.000e+00	0.000e+00
178480.50	0.000e+00	0.000e+00	0.000e+00
178481.50	0.000e+00	0.000e+00	0.000e+00
178482.50	0.000e+00	0.000e+00	0.000e+00
178483.50	0.000e+00	0.000e+00	0.000e+00
178484.50	0.000e+00	0.000e+00	0.000e+00
178485.50	0.000e+00	0.000e+00	0.000e+00
178486.50	0.000e+00	0.000e+00	0.000e+00
178487.50	0.000e+00	0.000e+00	0.000e+00
178488.50	0.000e+00	0.000e+00	0.000e+00
178489.50	0.000e+00	0.000e+00	0.000e+00
178490.50	0.000e+00	0.000e+00	0.000e+00
178491.50	0.000e+00	0.000e+00	0.000e+00
178492.50	0.000e+00	0.000e+00	0.000e+00
178493.50	0.000e+00	0.000e+00	0.000e+00
178494.50	0.000e+00	0.000e+00	0.000e+00
178495.50	0.000e+00	0.000e+00	0.000e+00
178496.50	0.000e+00	0.000e+00	0.000e+00
178497.50	0.000e+00	0.000e+00	0.000e+00
178498.50	0.000e+00	0.000e+00	0.000e+00
178499.50	0.000e+00	0.000e+00	0.000e+00
178500.50	0.000e+00	0.000e+00	0.000e+00
178501.50	0.000e+00	0.000e+00	0.000e+00
178502.50	0.000e+00	0.000e+00	0.000e+00
178503.50	0.000e+00	0.000e+00	0.000e+00
178504.50	0.000e+00	0.000e+00	0.000e+00
178505.50	0.000e+00	0.000e+00	0.000e+00
178506.50	0.000e+00	0.000e+00	0.000e+00
178507.50	0.000e+00	0.000e+00	0.000e+00
178508.50	0.000e+00	0.000e+00	0.000e+00
178509.50	0.000e+00	0.000e+00	0.000e+00
178510.50	0.000e+00	0.000e+00	0.000e+00
178511.50	0.000e+00	0.000e+00	0.000e+00
178512.50	0.000e+00	0.000e+00	0.000e+00
178513.50	0.000e+00	0.000e+00	0.000e+00
178514.50	0.000e+00	0.000e+00	0.000e+00
178515.50	0.000e+00	0.000e+00	0.000e+00
178516.50	0.000e+00	0.000e+00	0.000e+00
178517.50	0.000e+00	0.000e+00	0.000e+00
178518.50	0.000e+00	0.000e+00	0.000e+00
178519.50	0.000e+00	0.000e+00	0.000e+00
178520.50	0.000e+00	0.000e+00	0.000e+00
178521.50	0.000e+00	0.000e+00	0.000e+00
178522.50	0.000e+00	0.000e+00	0.000e+00
178523.50	0.000e+00	0.000e+00	0.000e+00
178524.50	0.000e+00	0.000e+00	0.000e+00
178525.50	0.000e+00	0.000e+00	0.000e+00
178526.50	0.000e+00	0.000e+00	0.000e+00
178527.50	0.000e+00	0.000e+00	0.000e+00
178528.50	0.000e+00	0.000e+00	0.000e+00
178529.50	0.000e+00	0.000e+00	0.000e+00
178530.50	0.000e+00	0.000e+00	0.000e+00
178531.50	0.000e+00	0.000e+00	0.000e+00
178532.50	0.000e+00	0.000e+00	0.000e+00
178533.50	0.000e+00	0.000e+00	0.000e+00
178534.50	0.000e+00	0.000e+00	0.000e+00
178535.50	0.000e+00	0.000e+00	0.000e+00
178536.50	0.000e+00	0.000e+00	0.000e+00
178537.50	0.000e+00	0.000e+00	0.000e+00
178538.50	0.000e+00	0.000e+00	0.000e+00
178539.50	0.000e+00	0.000e+00	0.000e+00
178540.50	0.000e+00	0.000e+00	0.000e+00
178541.50	0.000e+00	0.000e+00	0.000e+00
178542.50	0.000e+00	0.000e+00	0.000e+00
178543.50	0.000e+00	0.000e+00	0.000e+00
178544.50	0.000e+00	0.000e+00	0.000e+00
178545.50	0.000e+00	0.000e+00	0.000e+00
178546.50	0.000e+00	0.000e+00	0.000e+00
178547.50	0.000e+00	0.000e+00	0.000e+00
178548.50	0.000e+00	0.000e+00	0.000e+00
178549.50	0.000e+00	0.000e+00	0.000e+00
178550.50	0.000e+00	0.000e+00	0.000e+00
178551.50	0.000e+00	0.000e+00	0.000e+00
178552.50	0.000e+00	0.000e+00	0.000e+00
178553.50	0.000e+00	0.000e+00	0.000e+00
178554.50	0.000e+00	0.000e+00	0.000e+00
178555.50	0.000e+00	0.000e+00	0.000e+00
178556.50	0.000e+00	0.000e+00	0.000e+00
178557.50	0.000e+00	0.000e+00	0.000e+00
178558.50	0.000e+00	0.000e+00	0.000e+00
178559.50	0.000e+00	0.000e+00	0.000e+00
178560.50	0.000e+00	0.000e+00	0.000e+00
178561.50	0.000e+00	0.000e+00	0.000e+00
178562.50	0.000e+00	0.000e+00	0.000e+00
178563.50	0.000e+00	0.000e+00	0.000e+00
178564.50	0.000e+00	0.000e+00	0.000e+00
178565.50	0.000e+00	0.000e+00	0.000e+00
178566.50	0.000e+00	0.000e+00	0.000e+00
178567.50	0.000e+00	0.000e+00	0.000e+00
178568.50	0.000e+00	0.000e+00	0.000e+00
178569.50	0.000e+00	0.000e+00	0.000e+00
178570.50	0.000e+00	0.000e+00	0.000e+00
178571.50	0.000e+00	0.000e+00	0.000e+00
178572.50	0.000e+00	0.000e+00	0.000e+00
178573.50	0.000e+00	0.000e+00	0.000e+00
178574.50	0.000e+00	0.000e+00	0.000e+00
178575.50	0.000e+00	0.000e+00	0.000e+00
178576.50	0.000e+00	0.000e+00	0.000e+00
178577.50	0.000e+00	0.000e+00	0.000e+00
178578.50	0.000e+00	0.000e+00	0.000e+00
178579.50	0.000e+00	0.000e+00	0.000e+00
178580.50	0.000e+00	0.000e+00	0.000e+00
178581.50	0.000e+00	0.000e+00	0.000e+00
178582.50	0.000e+00	0.000e+00	0.000e+00
178583.50	0.000e+00	0.000e+00	0.000e+00
178584.50	0.000e+00	0.000e+00	0.000e+00
178585.50	0.000e+00	0.000e+00	0.000e+00
178586.50	0.000e+00	0.000e+00	0.000e+00
178587.50	0.000e+00	0.000e+00	0.000e+00
178588.50	0.000e+00	0.000e+00	0.000e+00
178589.50	0.000e+00	0.000e+00	0.000e+00
178590.50	0.000e+00	0.000e+00	0.000e+00
178591.50	0.000e+00	0.000e+00	0.000e+00
178592.50	0.000e+00	0.000e+00	0.000e+00
178593.50	0.000e+00	0.000e+00	0.000e+00
178594.50	0.000e+00	0.000e+00	0.000e+00
178595.50	0.000e+00	0.000e+00	0.000e+00
178596.50	0.000e+00	0.000e+00	0.000e+00
178597.50	0.000e+00	0.000e+00	0.000e+00
178598.50	0.000e+00	0.000e+00	0.000e+00
178599.50	0.000e+00	0.000e+00	0.000e+00
178600.50	0.000e+00	0.000e+00	0.000e+00
178601.50	0.000e+00	0.000e+00	0.000e+00
178602.50	0.000e+00	0.000e+00	0.000e+00
178603.50	0.000e+00	0.000e+00	0.000e+00
178604.50	0.000e+00	0.000e+00	0.000e+00
178605.50	0.000e+00	0.000e+00	0.000e+00
178606.50	0.000e+00	0.000e+00	0.000e+00
178607.50	0.000e+00	0.000e+00	0.000e+00
178608.50	0.000e+00	0.000e+00	0.000e+00
178609.50	0.000e+00	0.000e+00	0.000e+00
178610.50	0.000e+00	0.000e+00	0.000e+00
178611.50	0.000e+00	0.000e+00	0.000e+00
178612.50	0.000e+00	0.000e+00	0.000e+00
178613.50	0.000e+00	0.000e+00	0.000e+00
178614.50	0.000e+00	0.000e+00	0.000e+00
178615.50	-6.576e-06	4.666e-05	7.056e-04
178616.50	-5.078e-05	-4.896e-04	2.323e-03
178617.50	-3.965e-06	-3.821e-04	-7.632e-04
178618.50	9.984e-06	1.334e-04	-2.678e-04
178619.50	-3.101e-06	-5.357e-04	-1.334e-03
178620.50	-5.453e-04	-1.565e-02	-4.090e-03
178621.50	9.888e-04	1.891e-02	-4.934e-02
178622.50	-1.277e-02	-3.254e-01	6.442e-02
178623.50	-5.731e-02	-1.574e+00	-4.186e-01
178624.50	-6.000e-03	-1.008e-01	3.034e-01
178625.50	-2.486e-01	-6.278e+00	4.406e-01
178626.50	-5.664e-01	-1.459e+01	-1.334e+00
178627.50	-6.288e-01	-1.642e+01	-3.245e+00
178628.50	-1.210e+00	-2.966e+01	1.085e+00
178629.50	-1.526e+00	-3.725e+01	-4.627e-01
178630.50	-2.669e+00	-6.317e+01	6.490e+00
178631.50	-2.218e+00	-5.309e+01	-1.027e+00
178632.50	-3.523e+00	-8.314e+01	9.792e-02
178633.50	-3.139e+00	-7.555e+01	-1.248e+01
178634.50	-3.418e+00	-7.843e+01	2.362e+00
178635.50	-2.938e+00	-6.653e+01	-4.704e-03
178636.50	-3.648e+00	-8.016e+01	6.912e+00
178637.50	-1.670e+00	-3.696e+01	-5.914e+00
178638.50	-1.104e+00	-2.256e+01	7.459e-01
178639.50	-8.794e-01	-1.642e+01	4.637e+00
178640.50	-4.829e-01	-8.496e+00	4.733e-01
178641.50	7.478e-01	1.843e+01	-2.275e+00
178642.50	2.938e-01	9.197e+00	1.392e+00
178643.50	5.894e-01	1.594e+01	2.246e+00
178644.50	9.418e-01	2.342e+01	1.757e+00
178645.50	9.984e-01	2.390e+01	-5.338e-01
178646.50	8.189e-01	1.939e+01	-3.619e+00
178647.50	1.094e+00	2.525e+01	-1.488e+00
178648.50	1.104e+00	2.592e+01	2.227e+00
178649.50	1.066e+00	2.506e+01	7.574e-01
178650.50	1.056e+00	2.352e+01	-2.717e+00
178651.50	1.104e+00	2.573e+01	6.634e-01
178652.50	1.085e+00	2.486e+01	1.997e-01
178653.50	1.037e+00	2.352e+01	1.536e+00
178654.50	1.008e+00	2.285e+01	3.389e-01
178655.50	9.264e-01	2.102e+01	2.342e-01
178656.50	8.899e-01	2.035e+01	-7.190e-02
178657.50	7.997e-01	1.805e+01	-4.003e-01
178658.50	7.354e-01	1.651e+01	-7.344e-01
178659.50	8.746e-01	1.901e+01	-2.429e+00
178660.50	6.538e-01	1.478e+01	7.958e-01
178661.50	6.874e-01	1.498e+01	-2.573e+00
178662.50	6.710e-01	1.517e+01	6.720e-01
178663.50	5.760e-01	1.315e+01	2.362e+00
178664.50	4.694e-01	1.075e+01	1.507e-01
178665.50	5.155e-01	1.181e+01	1.286e+00
178666.50	5.117e-01	1.104e+01	-1.210e+00
178667.50	3.293e-01	7.536e+00	2.640e-01
178668.50	3.494e-01	7.680e+00	-1.584e+00
178669.50	4.550e-01	1.056e+01	1.478e+00
178670.50	3.120e-01	7.018e+00	-4.531e-01
178671.50	4.742e-01	1.046e+01	9.888e-02
178672.50	3.782e-01	8.534e+00	1.181e-02
178673.50	2.976e-01	6.749e+00	2.698e-01
178674.50	2.794e-01	6.470e+00	1.200e+00
178675.50	3.312e-01	7.392e+00	-2.141e-01
178676.50	1.939e-01	4.608e+00	4.906e-01
178677.50	2.938e-01	6.394e+00	-9.888e-01
178678.50	2.141e-01	5.059e+00	1.267e+00
178679.50	2.429e-01	5.126e+00	-1.901e+00
178680.50	2.035e-01	4.675e+00	5.222e-01
178681.50	1.997e-01	4.330e+00	-4.195e-01
178682.50	1.795e-01	3.965e+00	-2.726e-01
178683.50	1.872e-01	4.224e+00	1.018e+00
178684.50	1.478e-01	3.312e+00	-2.822e-01
178685.50	1.613e-01	3.898e+00	6.490e-01
178686.50	8.803e-02	1.910e+00	-2.371e-01
178687.50	1.584e-01	3.571e+00	-1.805e-01
178688.50	1.728e-01	3.754e+00	-3.533e-03
178689.50	1.478e-01	3.312e+00	2.314e-01
178690.50	1.450e-01	3.283e+00	5.117e-01
178691.50	1.622e-01	3.648e+00	6.643e-01
178692.50	1.027e-01	2.304e+00	-2.525e-01
178693.50	7.075e-02	1.776e+00	8.333e-01
178694.50	1.190e-01	2.467e+00	-7.670e-01
178695.50	7.901e-02	1.728e+00	-3.062e-01
178696.50	6.682e-02	1.507e+00	-5.194e-01
178697.50	1.104e-01	2.419e+00	5.357e-02
178698.50	8.458e-02	1.939e+00	9.984e-02
178699.50	8.947e-02	2.006e+00	2.563e-01
178700.50	8.122e-02	1.920e+00	4.934e-01
178701.50	1.555e-02	5.472e-01	2.400e-01
178702.50	5.040e-02	1.142e+00	2.467e-01
178703.50	6.442e-02	1.517e+00	3.590e-01
178704.50	5.549e-02	1.219e+00	-3.590e-01
178705.50	5.222e-02	1.267e+00	6.787e-01
178706.50	8.304e-02	1.786e+00	-1.334e-01
178707.50	6.490e-02	1.478e+00	-6.096e-02
178708.50	3.888e-02	9.888e-01	4.128e-01
178709.50	1.046e-01	2.074e+00	-1.037e+00
178710.50	4.954e-02	1.248e+00	8.131e-01
178711.50	3.782e-02	9.178e-01	2.573e-01
178712.50	6.058e-02	1.286e+00	-3.062e-01
178713.50	6.365e-02	1.507e+00	-2.582e-02
178714.50	2.890e-02	5.846e-01	-2.928e-01
178715.50	3.581e-02	7.219e-01	-1.843e-01
178716.50	2.208e-02	5.366e-01	-1.133e-01
178717.50	1.507e-02	4.234e-01	1.882e-01
178718.50	6.595e-02	1.354e+00	2.784e-01
178719.50	1.862e-02	4.598e-01	1.978e-01
178720.50	6.931e-03	2.890e-01	6.634e-02
178721.50	2.707e-02	5.722e-01	-6.720e-02
178722.50	4.790e-02	9.984e-01	9.984e-03
178723.50	9.984e-03	3.936e-01	-5.837e-02
178724.50	3.878e-02	8.650e-01	-6.077e-02
178725.50	5.818e-02	1.306e+00	3.110e-01
178726.50	3.331e-02	6.557e-01	-2.131e-01
178727.50	2.246e-02	4.579e-01	-3.926e-01
178728.50	3.283e-02	5.933e-01	-4.934e-01
178729.50	2.890e-02	6.394e-01	2.726e-01
178730.50	-7.594e-05	1.248e-01	-1.757e-02
178731.50	1.114e-02	4.147e-01	3.360e-01
178732.50	3.110e-02	7.133e-01	1.757e-01
178733.50	3.485e-02	7.594e-01	-1.978e-01
178734.50	1.901e-02	3.408e-01	-2.621e-01
178735.50	-9.696e-03	-1.344e-01	1.354e-01
178736.50	3.878e-02	8.227e-01	-5.232e-02
178737.50	1.862e-02	3.965e-01	-1.536e-01
178738.50	1.152e-02	2.822e-01	2.822e-02
178739.50	1.766e-02	3.110e-01	-7.939e-02
178740.50	-6.336e-03	-1.008e-01	3.811e-01
178741.50	9.437e-03	1.834e-01	-5.117e-01
178742.50	1.843e-02	4.368e-01	4.070e-02
178743.50	2.438e-02	4.253e-01	-3.629e-01
178744.50	-1.507e-03	8.803e-02	-1.066e-01
178745.50	3.562e-02	7.382e-01	4.934e-02
178746.50	-8.669e-03	-1.133e-01	2.630e-01
178747.50	1.459e-02	3.408e-01	-2.851e-02
178748.50	6.365e-03	1.402e-01	-1.862e-01
178749.50	1.536e-02	2.698e-01	-1.181e-01
178750.50	2.083e-02	4.512e-01	2.208e-01
178751.50	-1.018e-02	-1.718e-01	-2.458e-01
178752.50	3.494e-03	1.402e-01	7.277e-02
178753.50	1.574e-02	2.995e-01	-4.099e-02
178754.50	9.014e-03	2.554e-01	2.717e-01
178755.50	2.928e-02	5.770e-01	2.131e-02
178756.50	4.771e-03	7.334e-02	4.301e-03
178757.50	9.600e-03	1.200e-01	2.419e-01
178758.50	1.162e-02	2.045e-01	1.142e-01
178759.50	-9.888e-04	8.362e-03	1.066e-01
178760.50	1.046e-02	3.168e-01	2.054e-01
178761.50	1.133e-02	2.957e-01	1.459e-01
178762.50	9.178e-03	1.690e-01	-2.266e-02
178763.50	1.133e-02	1.949e-01	-1.238e-01
178764.50	6.192e-03	8.352e-02	-4.829e-02
178765.50	1.766e-02	3.773e-01	-4.915e-02
178766.50	2.122e-02	4.464e-01	1.248e-01
178767.50	5.155e-04	6.490e-02	-2.650e-01
178768.50	-9.485e-03	-7.805e-02	1.258e-01
178769.50	8.640e-03	1.824e-01	-1.565e-01
178770.50	-1.450e-02	-2.746e-01	-6.058e-02
178771.50	2.218e-02	3.821e-01	-2.851e-01
178772.50	9.984e-03	2.323e-01	1.066e-01
178773.50	2.890e-03	8.400e-02	-3.312e-02
178774.50	8.688e-03	1.699e-01	1.056e-01
178775.50	6.499e-03	6.605e-02	-2.016e-01
178776.50	-2.390e-02	-4.118e-01	1.690e-01
178777.50	1.680e-03	1.027e-01	1.248e-02
178778.50	8.160e-03	9.888e-02	-2.342e-01
178779.50	5.222e-03	9.024e-02	-3.158e-02
178780.50	1.075e-02	2.602e-01	1.363e-01
178781.50	2.554e-03	6.970e-02	4.560e-02
178782.50	-1.085e-02	-1.536e-01	-1.594e-02
178783.50	1.046e-02	1.997e-01	7.114e-02
178784.50	4.742e-03	1.344e-01	-1.190e-02
178785.50	1.440e-02	3.206e-01	-3.043e-02
178786.50	1.555e-02	2.861e-01	-1.258e-02
178787.50	-1.037e-02	-1.642e-01	-2.208e-01
178788.50	8.342e-03	9.984e-02	-2.064e-02
178789.50	-8.640e-03	-1.882e-01	-7.526e-02
178790.50	-6.058e-03	-8.122e-02	6.029e-02
178791.50	-1.296e-02	-1.834e-01	1.469e-01
178792.50	2.342e-03	2.266e-02	1.315e-01
178793.50	3.581e-03	1.709e-01	3.331e-01
178794.50	3.907e-04	6.374e-02	3.043e-03
178795.50	6.653e-03	1.536e-01	-3.744e-03
178796.50	3.763e-05	7.344e-02	2.755e-01
178797.50	1.027e-02	1.584e-01	4.118e-03
178798.50	1.766e-03	-6.442e-02	-1.978e-01
178799.50	8.362e-03	1.670e-01	-6.384e-02
178800.50	-1.603e-02	-2.842e-01	7.037e-02
178801.50	8.198e-03	2.266e-01	9.984e-02
178802.50	3.926e-03	7.354e-02	-1.555e-02
178803.50	-1.114e-03	5.242e-02	2.621e-01
178804.50	6.874e-04	4.282e-02	-4.483e-02
178805.50	-4.877e-03	-1.469e-01	-2.976e-01
178806.50	-4.291e-03	-4.867e-02	1.978e-01
178807.50	-4.781e-03	-1.277e-01	-1.469e-01
178808.50	-1.450e-02	-2.621e-01	-1.747e-01
178809.50	1.296e-02	1.987e-01	-1.181e-01
178810.50	7.690e-03	1.718e-01	2.890e-01
178811.50	2.544e-03	5.290e-02	-5.213e-02
178812.50	-6.893e-03	-1.795e-01	-1.949e-02
178813.50	-2.026e-04	1.478e-02	2.189e-01
178814.50	1.766e-03	4.118e-02	-1.392e-01
178815.50	-2.602e-03	1.757e-02	1.238e-01
178816.50	3.523e-04	1.296e-02	-5.434e-03
178817.50	-6.653e-03	-2.102e-01	-4.493e-02
178818.50	1.267e-02	2.573e-01	8.976e-02
178819.50	8.208e-03	1.526e-01	2.458e-02
178820.50	-4.013e-03	-8.410e-03	-2.698e-02
178821.50	1.949e-03	1.085e-01	2.026e-01
178822.50	-4.800e-03	-8.016e-02	4.627e-02
178823.50	-5.846e-04	-3.178e-02	6.355e-02
178824.50	2.650e-03	3.504e-02	-1.075e-01
178825.50	-3.014e-03	-5.126e-02	-2.170e-02
178826.50	5.203e-03	1.315e-01	6.778e-02
178827.50	1.594e-02	2.880e-01	-3.888e-01
178828.50	2.150e-03	7.709e-02	-4.810e-02
178829.50	-6.816e-03	-1.037e-01	2.630e-01
178830.50	-9.696e-04	-2.592e-02	-4.550e-02
178831.50	1.373e-03	-1.248e-02	-1.843e-01
178832.50	-3.936e-03	-7.574e-02	1.123e-01
178833.50	1.334e-02	2.630e-01	-1.066e-01
178834.50	-2.083e-03	-2.573e-02	9.053e-02
178835.50	7.267e-03	1.690e-01	1.728e-02
178836.50	-6.845e-03	-8.755e-02	8.333e-02
178837.50	7.382e-04	-2.102e-02	1.094e-01
178838.50	1.517e-03	1.670e-02	6.269e-02
178839.50	-4.339e-03	-3.389e-02	-1.901e-01
178840.50	1.094e-02	1.613e-01	-1.603e-01
178841.50	-5.587e-04	-2.141e-02	-5.875e-02
178842.50	-4.714e-03	-8.016e-02	9.379e-02
178843.50	3.802e-03	8.765e-02	-9.888e-03
178844.50	-1.066e-03	-3.120e-02	-4.886e-04
178845.50	3.475e-03	3.936e-02	-7.066e-02
178846.50	4.608e-03	1.459e-01	6.096e-03
178847.50	2.083e-03	4.234e-02	-3.994e-02
178848.50	4.906e-03	6.778e-02	6.787e-02
178849.50	-9.120e-04	1.872e-03	1.133e-01
178850.50	6.931e-03	1.344e-01	-9.600e-02
178851.50	-5.376e-03	-1.018e-01	9.302e-02
178852.50	-1.286e-03	-1.190e-02	1.133e-01
178853.50	7.507e-03	9.216e-02	9.792e-02
178854.50	-5.482e-03	-1.402e-01	1.056e-01
178855.50	8.006e-03	1.930e-01	-1.334e-01
178856.50	-3.590e-03	-2.333e-02	2.429e-02
178857.50	1.882e-03	8.957e-02	8.746e-02
178858.50	8.957e-03	1.891e-01	-7.334e-02
178859.50	-4.176e-03	-9.696e-02	-1.517e-01
178860.50	2.947e-03	6.010e-02	9.984e-04
178861.50	-3.264e-03	-6.643e-02	1.325e-03
178862.50	7.546e-04	2.525e-02	5.088e-02
178863.50	-7.267e-03	-1.162e-01	9.792e-02
178864.50	3.024e-03	1.190e-02	8.861e-03
178865.50	-1.622e-03	-4.301e-02	-1.843e-01
178866.50	5.357e-03	9.792e-02	1.670e-02
178867.50	-5.606e-03	-8.179e-02	-1.680e-02
178868.50	-1.661e-02	-2.726e-01	-5.904e-03
178869.50	5.002e-03	8.122e-02	5.472e-02
178870.50	7.757e-04	4.646e-02	1.786e-01
178871.50	1.171e-02	2.112e-01	-8.112e-02
178872.50	-1.037e-03	-2.726e-03	-9.600e-02
178873.50	-1.555e-04	3.782e-02	1.536e-01
178874.50	-1.565e-03	-4.128e-02	4.157e-02
178875.50	3.101e-03	3.600e-03	-1.526e-01
178876.50	1.056e-03	-2.016e-02	-1.248e-02
178877.50	8.218e-04	2.054e-02	-8.947e-02
178878.50	-2.227e-04	-1.872e-02	-8.774e-02
178879.50	-7.584e-03	-1.536e-01	9.082e-02
178880.50	3.859e-03	1.210e-01	-4.032e-02
178881.50	1.594e-04	-2.419e-02	1.018e-02
178882.50	8.918e-04	4.973e-03	-1.056e-01
178883.50	-1.104e-03	-4.694e-02	-1.046e-02
178884.50	5.318e-03	1.018e-01	2.861e-02
178885.50	8.333e-03	1.517e-01	-4.704e-02
178886.50	-4.733e-03	-2.294e-02	4.291e-02
178887.50	-5.683e-04	-2.630e-02	4.272e-02
178888.50	-4.042e-03	-5.376e-02	1.258e-01
178889.50	4.426e-03	5.587e-02	-9.696e-02
178890.50	6.298e-03	1.248e-01	4.128e-02
178891.50	-3.984e-03	-8.496e-02	-1.642e-02
178892.50	5.846e-04	-4.099e-02	-3.984e-02
178893.50	-3.610e-03	-5.741e-02	-2.678e-02
178894.50	8.381e-04	4.810e-02	3.475e-02
178895.50	-1.258e-03	-1.286e-02	-6.461e-02
178896.50	-4.310e-04	-1.987e-02	8.880e-02
178897.50	3.638e-04	2.390e-02	-6.365e-02
178898.50	-1.286e-03	-7.450e-02	3.754e-03
178899.50	5.894e-03	5.827e-02	-1.267e-01
178900.50	-2.870e-03	5.587e-03	-1.162e-02
178901.50	-9.005e-04	1.622e-02	9.466e-02
178902.50	-2.534e-03	8.285e-04	-4.800e-02
178903.50	-6.701e-03	-7.642e-02	1.526e-01
178904.50	4.214e-05	4.070e-02	1.296e-01
178905.50	-1.862e-03	-1.862e-03	-6.893e-03
178906.50	-5.174e-04	-2.678e-02	-6.182e-02
178907.50	2.707e-03	-1.219e-02	-6.038e-02
178908.50	-7.411e-03	-1.373e-01	2.237e-02
178909.50	2.074e-03	4.781e-02	9.130e-02
178910.50	-5.894e-04	-2.851e-02	-9.504e-02
178911.50	5.674e-03	8.054e-02	-8.371e-02
178912.50	3.754e-03	6.096e-02	-8.054e-02
178913.50	-5.530e-03	-7.814e-02	-3.667e-02
178914.50	-2.198e-03	-8.285e-03	-1.882e-05
178915.50	2.976e-03	3.629e-02	-1.565e-02
178916.50	-1.910e-03	-2.918e-02	5.722e-02
178917.50	4.406e-03	1.171e-01	-8.554e-03
178918.50	-3.571e-03	-4.598e-02	-6.797e-02
178919.50	-5.366e-05	-4.618e-02	-1.805e-02
178920.50	-3.821e-03	-4.195e-02	5.693e-02
178921.50	-3.485e-03	-5.117e-02	-1.910e-02
178922.50	-2.285e-03	-3.744e-02	-1.306e-01
178923.50	-7.786e-04	-3.802e-02	8.976e-03
178924.50	2.208e-04	6.403e-03	7.507e-02
178925.50	3.216e-03	6.845e-02	6.797e-03
178926.50	2.909e-03	3.994e-02	5.050e-02
178927.50	-6.058e-03	-1.459e-01	1.315e-02
178928.50	3.005e-04	-2.957e-02	-7.478e-02
178929.50	5.136e-03	3.696e-02	-1.190e-03
178930.50	-3.600e-03	-4.627e-02	4.013e-02
178931.50	-3.312e-03	-1.536e-02	1.066e-01
178932.50	7.392e-03	1.037e-01	-4.925e-02
178933.50	2.765e-03	8.246e-02	4.790e-02
178934.50	-9.350e-03	-1.805e-01	2.179e-02
178935.50	-2.333e-04	5.530e-02	-8.957e-03
178936.50	-3.859e-03	-5.328e-02	-5.578e-02
178937.50	4.560e-03	1.363e-02	-1.709e-01
178938.50	4.186e-03	4.416e-02	-4.934e-02
178939.50	4.646e-03	1.018e-01	4.166e-02
178940.50	1.805e-03	9.130e-02	6.010e-02
178941.50	1.987e-03	4.666e-02	-7.680e-02
178942.50	1.373e-03	2.285e-02	4.858e-02
178943.50	2.717e-04	3.466e-02	1.094e-01
178944.50	-5.626e-03	-1.123e-01	1.056e-01
178945.50	4.733e-03	8.717e-02	1.373e-02
178946.50	6.960e-03	1.056e-01	-6.970e-02
178947.50	-1.066e-03	-2.515e-02	-2.534e-02
178948.50	-3.302e-03	7.142e-03	3.024e-02
178949.50	-2.534e-03	1.277e-02	-7.939e-02
178950.50	-6.048e-04	-2.813e-02	-2.429e-02
178951.50	6.221e-03	4.109e-02	6.163e-02
178952.50	-1.632e-03	-4.301e-02	6.806e-02
178953.50	-3.581e-03	-6.941e-02	2.563e-02
178954.50	3.082e-03	6.115e-02	-5.078e-02
178955.50	-3.274e-04	-1.939e-03	1.824e-02
178956.50	-8.458e-03	-1.430e-01	2.842e-02
178957.50	-4.675e-04	-4.589e-02	-7.690e-02
178958.50	1.632e-03	1.094e-02	-1.056e-01
