178360.50	0.000e+00	0.000e+00	0.000e+00
178361.50	0.000e+00	0.000e+00	0.000e+00
178362.50	0.000e+00	0.000e+00	0.000e+00
178363.50	0.000e+00	0.000e+00	0.000e+00
178364.50	0.000e+00	0.000e+00	0.000e+00
178365.50	0.000e+00	0.000e+00	0.000e+00
178366.50	0.000e+00	0.000e+00	0.000e+00
178367.50	0.000e+00	0.000e+00	0.000e+00
178368.50	0.000e+00	0.000e+00	0.000e+00
178369.50	0.000e+00	0.000e+00	0.000e+00
178370.50	0.000e+00	0.000e+00	0.000e+00
178371.50	0.000e+00	0.000e+00	0.000e+00
178372.50	0.000e+00	0.000e+00	0.000e+00
178373.50	0.000e+00	0.000e+00	0.000e+00
178374.50	0.000e+00	0.000e+00	0.000e+00
178375.50	0.000e+00	0.000e+00	0.000e+00
178376.50	0.000e+00	0.000e+00	0.000e+00
178377.50	0.000e+00	0.000e+00	0.000e+00
178378.50	0.000e+00	0.000e+00	0.000e+00
178379.50	0.000e+00	0.000e+00	0.000e+00
178380.50	0.000e+00	0.000e+00	0.000e+00
178381.50	0.000e+00	0.000e+00	0.000e+00
178382.50	0.000e+00	0.000e+00	0.000e+00
178383.50	0.000e+00	0.000e+00	0.000e+00
178384.50	0.000e+00	0.000e+00	0.000e+00
178385.50	0.000e+00	0.000e+00	0.000e+00
178386.50	0.000e+00	0.000e+00	0.000e+00
178387.50	0.000e+00	0.000e+00	0.000e+00
178388.50	0.000e+00	0.000e+00	0.000e+00
178389.50	0.000e+00	0.000e+00	0.000e+00
178390.50	0.000e+00	0.000e+00	0.000e+00
178391.50	0.000e+00	0.000e+00	0.000e+00
178392.50	0.000e+00	0.000e+00	0.000e+00
178393.50	0.000e+00	0.000e+00	0.000e+00
178394.50	0.000e+00	0.000e+00	0.000e+00
178395.50	0.000e+00	0.000e+00	0.000e+00
178396.50	0.000e+00	0.000e+00	0.000e+00
178397.50	0.000e+00	0.000e+00	0.000e+00
178398.50	0.000e+00	0.000e+00	0.000e+00
178399.50	0.000e+00	0.000e+00	0.000e+00
178400.50	0.000e+00	0.000e+00	0.000e+00
178401.50	0.000e+00	0.000e+00	0.000e+00
178402.50	0.000e+00	0.000e+00	0.000e+00
178403.50	0.000e+00	0.000e+00	0.000e+00
178404.50	0.000e+00	0.000e+00	0.000e+00
178405.50	0.000e+00	0.000e+00	0.000e+00
178406.50	0.000e+00	0.000e+00	0.000e+00
178407.50	0.000e+00	0.000e+00	0.000e+00
178408.50	0.000e+00	0.000e+00	0.000e+00
178409.50	0.000e+00	0.000e+00	0.000e+00
178410.50	0.000e+00	0.000e+00	0.000e+00
178411.50	0.000e+00	0.000e+00	0.000e+00
178412.50	0.000e+00	0.000e+00	0.000e+00
178413.50	0.000e+00	0.000e+00	0.000e+00
178414.50	0.000e+00	0.000e+00	0.000e+00
178415.50	0.000e+00	0.000e+00	0.000e+00
178416.50	0.000e+00	0.000e+00	0.000e+00
178417.50	0.000e+00	0.000e+00	0.000e+00
178418.50	0.000e+00	0.000e+00	0.000e+00
178419.50	0.000e+00	0.000e+00	0.000e+00
178420.50	0.000e+00	0.000e+00	0.000e+00
178421.50	0.000e+00	0.000e+00	0.000e+00
178422.50	0.000e+00	0.000e+00	0.000e+00
178423.50	0.000e+00	0.000e+00	0.000e+00
178424.50	0.000e+00	0.000e+00	0.000e+00
178425.50	0.000e+00	0.000e+00	0.000e+00
178426.50	0.000e+00	0.000e+00	0.000e+00
178427.50	0.000e+00	0.000e+00	0.000e+00
178428.50	0.000e+00	0.000e+00	0.000e+00
178429.50	0.000e+00	0.000e+00	0.000e+00
178430.50	0.000e+00	0.000e+00	0.000e+00
178431.50	0.000e+00	0.000e+00	0.000e+00
178432.50	0.000e+00	0.000e+00	0.000e+00
178433.50	0.000e+00	0.000e+00	0.000e+00
178434.50	0.000e+00	0.000e+00	0.000e+00
178435.50	0.000e+00	0.000e+00	0.000e+00
178436.50	0.000e+00	0.000e+00	0.000e+00
178437.50	0.000e+00	0.000e+00	0.000e+00
178438.50	0.000e+00	0.000e+00	0.000e+00
178439.50	0.000e+00	0.000e+00	0.000e+00
178440.50	0.000e+00	0.000e+00	0.000e+00
178441.50	0.000e+00	0.000e+00	0.000e+00
178442.50	0.000e+00	0.000e+00	0.000e+00
178443.50	0.000e+00	0.000e+00	0.000e+00
178444.50	0.000e+00	0.000e+00	0.000e+00
178445.50	0.000e+00	0.000e+00	0.000e+00
178446.50	0.000e+00	0.000e+00	0.000e+00
178447.50	0.000e+00	0.000e+00	0.000e+00
178448.50	0.000e+00	0.000e+00	0.000e+00
178449.50	0.000e+00	0.000e+00	0.000e+00
178450.50	0.000e+00	0.000e+00	0.000e+00
178451.50	0.000e+00	0.000e+00	0.000e+00
178452.50	0.000e+00	0.000e+00	0.000e+00
178453.50	0.000e+00	0.000e+00	0.000e+00
178454.50	0.000e+00	0.000e+00	0.000e+00
178455.50	0.000e+00	0.000e+00	0.000e+00
178456.50	0.000e+00	0.000e+00	0.000e+00
178457.50	0.000e+00	0.000e+00	0.000e+00
178458.50	0.000e+00	0.000e+00	0.000e+00
178459.50	0.000e+00	0.000e+00	0.000e+00
178460.50	0.000e+00	0.000e+00	0.000e+00
178461.50	0.000e+00	0.000e+00	0.000e+00
178462.50	0.000e+00	0.000e+00	0.000e+00
178463.50	0.000e+00	0.000e+00	0.000e+00
178464.50	0.000e+00	0.000e+00	0.000e+00
178465.50	0.000e+00	0.000e+00	0.000e+00
178466.50	0.000e+00	0.000e+00	0.000e+00
178467.50	0.000e+00	0.000e+00	0.000e+00
178468.50	-1.354e-06	7.565e-05	6.902e-04
178469.50	1.488e-04	-9.696e-03	-2.314e-04
178470.50	-1.507e-04	8.602e-03	-2.026e-03
178471.50	8.112e-05	1.142e-03	-3.667e-03
178472.50	3.226e-05	3.446e-04	-1.747e-03
178473.50	1.757e-04	1.046e-02	-7.430e-05
178474.50	9.600e-05	5.904e-03	8.054e-03
178475.50	6.912e-05	3.494e-03	-3.274e-03
178476.50	-1.056e-03	-3.053e-02	-4.762e-03
178477.50	3.734e-04	6.758e-03	-5.654e-04
178478.50	4.176e-04	7.286e-03	2.246e-03
178479.50	2.333e-04	8.986e-03	1.536e-03
178480.50	-2.035e-03	-5.203e-02	-6.461e-03
178481.50	2.218e-03	5.376e-02	-1.258e-03
178482.50	1.190e-02	1.987e-01	6.480e-02
178483.50	4.368e-04	-4.435e-02	3.302e-02
178484.50	-1.286e-02	-4.003e-01	2.016e-01
178485.50	2.074e-03	2.074e-01	2.822e-02
178486.50	-2.198e-02	-1.709e-01	-8.438e-03
178487.50	2.179e-02	2.074e-01	-1.123e-01
178488.50	1.920e-04	-4.003e-02	-7.229e-02
178489.50	9.600e-03	-8.150e-02	5.040e-02
178490.50	3.005e-02	-2.285e-01	-4.762e-01
178491.50	-1.152e-01	-1.843e+00	-3.120e-01
178492.50	-1.718e-02	-5.184e+00	7.853e-01
178493.50	-6.547e-02	-1.901e+01	9.427e-01
178494.50	-1.786e-01	-5.251e+01	2.054e+00
178495.50	-5.462e-01	-1.315e+02	2.918e+00
178496.50	-1.094e+00	-2.515e+02	1.018e+01
178497.50	-1.171e+00	-2.851e+02	5.290e+00
178498.50	-1.142e+00	-2.813e+02	1.344e+01
178499.50	-1.162e+00	-3.005e+02	7.920e+00
178500.50	-1.430e-01	-5.846e+01	-3.130e-01
178501.50	3.408e-01	5.789e+01	-1.114e+01
178502.50	5.040e-01	1.114e+02	-4.090e+00
178503.50	4.762e-01	1.104e+02	-2.592e+00
178504.50	4.416e-01	9.888e+01	-5.904e+00
178505.50	3.840e-01	8.717e+01	-1.027e+01
178506.50	2.698e-01	7.046e+01	1.997e+00
178507.50	2.554e-01	6.758e+01	4.099e+00
178508.50	2.294e-01	5.453e+01	-1.363e+00
178509.50	2.304e-01	5.347e+01	-3.782e+00
178510.50	1.622e-01	4.819e+01	-1.766e+00
178511.50	1.642e-01	4.301e+01	3.888e-01
178512.50	1.786e-01	3.830e+01	-5.779e+00
178513.50	1.670e-01	3.725e+01	-1.939e+00
178514.50	1.152e-01	3.082e+01	1.699e+00
178515.50	1.104e-01	2.957e+01	-6.557e-01
178516.50	1.018e-01	2.678e+01	-1.622e-01
178517.50	1.085e-01	2.630e+01	-2.074e+00
178518.50	8.342e-02	2.362e+01	2.237e+00
178519.50	8.314e-02	2.227e+01	4.493e-01
178520.50	8.170e-02	1.978e+01	-9.475e-01
178521.50	6.854e-02	1.651e+01	-8.765e-01
178522.50	5.597e-02	1.565e+01	-2.659e-01
178523.50	5.962e-02	1.757e+01	1.718e-01
178524.50	4.973e-02	1.325e+01	-3.178e-01
178525.50	6.298e-02	1.440e+01	-1.334e+00
178526.50	3.619e-02	1.334e+01	2.285e+00
178527.50	5.414e-02	1.382e+01	6.970e-01
178528.50	4.685e-02	1.267e+01	-3.226e-01
178529.50	5.184e-02	1.056e+01	-2.381e+00
178530.50	4.982e-02	1.018e+01	-2.410e+00
178531.50	2.688e-02	1.075e+01	1.056e+00
178532.50	4.157e-02	1.046e+01	-2.563e-03
178533.50	1.834e-02	6.346e+00	3.850e-01
178534.50	2.986e-02	8.074e+00	-9.888e-02
178535.50	2.842e-02	7.459e+00	4.147e-01
178536.50	3.274e-02	8.016e+00	-4.848e-02
178537.50	1.642e-02	5.578e+00	-5.549e-01
178538.50	1.315e-02	6.038e+00	1.814e+00
178539.50	1.382e-02	5.702e+00	6.480e-01
178540.50	2.064e-02	6.202e+00	5.894e-01
178541.50	1.296e-02	5.050e+00	5.482e-01
178542.50	2.035e-02	4.387e+00	-4.022e-01
178543.50	2.016e-02	5.299e+00	-5.645e-01
178544.50	1.075e-02	5.299e+00	9.792e-01
178545.50	1.642e-02	4.176e+00	5.126e-02
178546.50	1.354e-02	3.283e+00	-6.557e-01
178547.50	1.440e-02	3.571e+00	2.515e-01
178548.50	1.478e-02	4.128e+00	-3.370e-01
178549.50	8.688e-03	3.610e+00	-5.165e-01
178550.50	9.082e-03	3.725e+00	5.827e-01
178551.50	1.363e-02	2.861e+00	-1.238e-01
178552.50	1.181e-02	2.986e+00	6.806e-03
178553.50	1.123e-02	3.110e+00	7.200e-01
178554.50	7.334e-03	2.496e+00	-2.765e-01
178555.50	-9.696e-03	2.304e+00	1.085e+00
178556.50	9.696e-03	2.909e+00	2.342e-01
178557.50	1.584e-02	2.352e+00	-8.352e-01
178558.50	1.229e-02	2.266e+00	-8.544e-01
178559.50	1.728e-02	2.525e+00	-5.107e-01
178560.50	4.733e-03	2.266e+00	-4.118e-02
178561.50	3.350e-03	1.430e+00	1.738e-01
178562.50	7.315e-03	2.285e+00	7.037e-01
178563.50	3.379e-03	1.603e+00	1.267e-01
178564.50	-2.986e-03	9.187e-01	-1.402e-01
178565.50	7.997e-04	1.334e+00	3.197e-01
178566.50	6.643e-03	1.574e+00	-1.210e-01
178567.50	5.539e-03	1.843e+00	-2.726e-01
178568.50	1.277e-03	1.094e+00	4.790e-01
178569.50	1.632e-02	2.150e+00	-7.152e-01
178570.50	1.728e-03	8.592e-01	-1.728e-01
178571.50	3.370e-03	9.888e-01	-2.650e-01
178572.50	3.427e-03	1.315e+00	1.488e-01
178573.50	4.003e-03	8.640e-01	1.584e-02
178574.50	7.114e-03	1.642e+00	-2.890e-02
178575.50	3.878e-03	9.696e-01	1.853e-01
178576.50	8.150e-03	4.474e-01	-2.966e-01
178577.50	-8.554e-03	7.709e-01	-1.882e-01
178578.50	4.214e-03	6.019e-01	-1.814e-01
178579.50	-3.734e-03	-4.176e-02	-5.088e-02
178580.50	4.771e-03	1.277e+00	5.846e-03
178581.50	5.107e-03	1.181e+00	4.819e-01
178582.50	1.757e-04	8.074e-01	1.459e-01
178583.50	6.586e-03	1.027e+00	-9.984e-02
178584.50	2.650e-03	6.384e-01	3.379e-01
178585.50	8.371e-04	4.704e-01	-1.229e-01
178586.50	3.043e-03	6.634e-01	6.518e-02
178587.50	2.323e-03	-8.698e-02	-4.810e-01
178588.50	7.498e-04	9.283e-01	2.333e-01
178589.50	-4.867e-04	5.414e-01	3.446e-01
178590.50	3.005e-03	8.006e-01	-3.610e-01
178591.50	6.989e-03	5.242e-01	1.853e-01
178592.50	6.922e-04	8.342e-01	-2.237e-01
178593.50	-2.006e-03	3.821e-01	3.667e-01
178594.50	-3.370e-03	4.224e-01	1.690e-01
178595.50	-1.699e-03	3.139e-01	-7.478e-01
178596.50	3.158e-03	5.059e-01	9.053e-03
178597.50	3.552e-03	5.741e-01	-2.074e-01
178598.50	1.277e-03	3.917e-01	1.661e-01
178599.50	5.894e-03	6.029e-01	4.397e-02
178600.50	-4.762e-03	5.472e-02	-2.477e-01
178601.50	-4.800e-03	-1.690e-01	2.794e-01
178602.50	4.378e-03	3.936e-01	-2.323e-02
178603.50	1.594e-03	7.373e-01	1.315e-01
178604.50	3.552e-03	3.158e-01	-5.088e-01
178605.50	-1.853e-03	5.779e-01	2.486e-02
178606.50	-4.733e-03	-3.581e-03	3.158e-01
178607.50	-5.232e-06	3.370e-01	-4.714e-01
178608.50	4.618e-04	4.435e-02	-1.066e-02
178609.50	-2.122e-04	1.344e-01	4.243e-01
178610.50	2.016e-03	2.755e-01	2.122e-01
178611.50	-2.602e-03	3.274e-01	1.008e-01
178612.50	1.584e-03	3.850e-01	-6.595e-01
178613.50	8.918e-04	2.477e-01	-2.410e-01
178614.50	3.187e-03	2.285e-01	-1.930e-01
178615.50	-5.818e-05	2.899e-01	1.565e-01
178616.50	-3.379e-03	2.170e-01	1.997e-01
178617.50	-2.938e-05	3.917e-01	7.718e-02
178618.50	-2.784e-04	1.680e-01	9.091e-02
178619.50	4.742e-03	-1.680e-02	-2.314e-01
178620.50	8.582e-03	2.582e-01	1.594e-01
178621.50	3.216e-03	4.992e-01	-2.266e-01
178622.50	-3.782e-03	-2.198e-01	-4.848e-02
178623.50	-5.626e-04	1.267e-01	8.861e-02
178624.50	-4.234e-03	1.171e-01	3.533e-01
178625.50	3.226e-03	4.282e-01	1.334e-01
178626.50	-4.262e-04	3.149e-02	2.640e-01
178627.50	1.795e-03	1.210e-01	-1.594e-01
178628.50	1.574e-03	4.925e-02	1.123e-01
178629.50	-2.371e-04	-3.187e-03	-3.264e-01
178630.50	-3.274e-03	9.984e-02	-4.282e-02
178631.50	-2.640e-03	1.133e-01	4.205e-01
178632.50	9.456e-04	1.920e-01	1.997e-01
178633.50	-6.038e-03	-8.314e-02	-5.213e-02
178634.50	2.006e-03	2.688e-01	-5.203e-02
178635.50	-1.498e-03	3.331e-01	1.008e-01
178636.50	2.477e-03	1.555e-01	2.275e-01
178637.50	8.842e-04	-5.539e-02	-1.027e-01
178638.50	-2.717e-03	7.699e-02	-1.066e-02
178639.50	3.216e-03	-6.269e-02	-9.984e-02
178640.50	3.936e-04	3.715e-01	-2.227e-01
178641.50	1.891e-03	2.352e-01	-3.341e-02
178642.50	2.928e-03	-1.046e-01	-1.133e-01
178643.50	2.160e-03	1.517e-01	-2.986e-01
178644.50	-2.477e-03	1.632e-01	1.085e-02
178645.50	-1.805e-03	1.354e-01	-1.277e-01
178646.50	-1.747e-03	3.427e-02	4.493e-02
178647.50	-5.309e-04	2.083e-01	5.501e-02
178648.50	-2.314e-03	-1.622e-01	-4.051e-02
178649.50	-8.496e-04	6.586e-02	6.163e-02
178650.50	-9.043e-04	-3.245e-02	1.814e-01
178651.50	-1.949e-03	7.862e-02	-2.592e-03
178652.50	-1.661e-03	4.464e-02	-5.453e-02
178653.50	-1.853e-03	5.040e-02	3.331e-02
178654.50	1.094e-03	8.198e-02	4.358e-02
178655.50	-7.181e-04	7.843e-02	2.342e-02
178656.50	1.142e-03	4.666e-02	5.981e-02
178657.50	3.955e-03	-1.421e-01	2.765e-02
178658.50	2.074e-03	1.258e-01	-4.406e-02
178659.50	8.246e-04	2.918e-01	-1.402e-01
178660.50	1.142e-03	1.200e-01	-1.834e-01
178661.50	3.610e-03	1.152e-01	3.667e-02
178662.50	3.562e-03	-2.179e-01	-2.189e-01
178663.50	-9.014e-03	1.546e-01	4.598e-02
178664.50	6.528e-04	1.315e-01	-1.277e-01
178665.50	3.475e-03	1.757e-01	2.822e-01
178666.50	-4.579e-06	-7.219e-02	1.171e-01
178667.50	5.366e-03	1.728e-02	-2.534e-01
178668.50	-4.214e-03	1.354e-01	1.094e-01
178669.50	-1.459e-02	-6.125e-02	1.978e-01
178670.50	-4.339e-03	-2.765e-01	-2.006e-01
178671.50	1.795e-03	1.978e-01	7.613e-02
178672.50	1.190e-03	3.034e-01	5.539e-02
178673.50	4.752e-03	3.178e-02	-9.984e-02
178674.50	6.605e-03	6.941e-02	-2.909e-02
178675.50	5.453e-05	2.323e-02	1.613e-01
178676.50	-2.381e-04	1.210e-01	1.238e-01
178677.50	4.109e-03	2.122e-01	-1.411e-01
178678.50	-2.515e-04	-8.995e-02	1.046e-01
178679.50	2.112e-03	4.541e-02	-1.334e-01
178680.50	-2.774e-03	1.027e-02	2.851e-01
178681.50	-4.435e-05	1.728e-01	-3.571e-03
178682.50	-3.427e-03	-7.229e-02	1.008e-01
178683.50	3.120e-03	-3.418e-02	2.035e-02
178684.50	2.582e-03	2.189e-01	4.570e-03
178685.50	-1.478e-03	1.190e-01	3.619e-02
178686.50	8.352e-04	1.920e-01	9.600e-02
178687.50	4.723e-03	-4.675e-02	1.910e-01
178688.50	1.027e-03	1.363e-03	4.522e-03
178689.50	-1.872e-03	6.893e-02	1.882e-01
178690.50	-7.056e-04	3.149e-02	-5.366e-02
178691.50	4.099e-03	1.258e-01	-2.150e-01
178692.50	-5.722e-03	-1.843e-01	-4.723e-03
178693.50	-4.560e-05	-5.290e-02	1.286e-01
178694.50	2.294e-03	9.888e-02	-1.459e-02
178695.50	1.555e-04	2.237e-01	-5.558e-02
178696.50	-3.523e-04	-1.805e-02	-2.333e-01
178697.50	-5.942e-04	-6.672e-02	4.858e-04
178698.50	-5.894e-03	2.957e-02	-1.574e-01
178699.50	-1.786e-03	-9.408e-02	3.101e-02
178700.50	-2.170e-05	-8.650e-02	1.334e-01
178701.50	-2.563e-03	2.362e-02	1.498e-01
178702.50	7.939e-04	2.458e-02	-1.622e-02
178703.50	4.234e-04	1.114e-02	8.707e-03
178704.50	-2.266e-03	-8.074e-02	6.557e-02
178705.50	1.920e-03	7.920e-02	1.853e-01
178706.50	9.226e-03	5.328e-02	1.718e-01
178707.50	3.216e-03	2.774e-01	-5.405e-02
178708.50	4.646e-03	2.371e-01	-4.406e-02
178709.50	4.368e-03	6.701e-02	-1.142e-01
178710.50	-2.112e-02	-2.333e-01	-1.680e-02
178711.50	-3.859e-04	1.814e-02	9.398e-02
178712.50	-2.880e-03	-1.248e-01	3.619e-02
178713.50	-9.235e-05	-1.757e-01	-1.507e-01
178714.50	-1.843e-03	-1.450e-02	-6.749e-02
178715.50	9.293e-03	1.824e-01	1.526e-01
178716.50	-8.016e-05	3.830e-03	-2.400e-03
178717.50	-5.213e-03	-4.512e-02	-4.483e-02
178718.50	3.619e-03	-9.322e-02	-3.178e-03
178719.50	-5.942e-03	1.680e-01	-2.803e-01
178720.50	6.048e-03	6.691e-02	3.744e-02
178721.50	2.381e-03	1.718e-01	1.891e-02
178722.50	-2.381e-03	-2.429e-01	-6.250e-02
178723.50	-1.920e-03	-1.325e-01	1.546e-01
178724.50	2.218e-03	9.034e-03	-4.982e-02
178725.50	4.032e-03	-1.066e-01	-2.218e-01
178726.50	2.390e-03	7.757e-02	-7.882e-02
178727.50	-1.277e-04	-8.083e-02	1.286e-01
178728.50	-4.147e-03	3.811e-02	-4.637e-03
178729.50	-9.245e-03	1.718e-01	1.373e-01
178730.50	-4.637e-04	1.094e-02	-3.014e-02
178731.50	5.424e-05	-1.094e-01	4.925e-02
178732.50	1.661e-03	1.882e-02	-9.120e-03
178733.50	4.867e-04	-1.862e-01	-6.144e-02
178734.50	-2.630e-03	-4.752e-02	2.726e-02
178735.50	-1.978e-03	1.046e-01	2.918e-02
178736.50	1.075e-03	-5.242e-02	1.104e-01
178737.50	2.160e-03	-1.766e-02	1.574e-02
178738.50	3.370e-03	1.238e-01	-7.162e-02
178739.50	2.102e-03	6.797e-03	9.984e-02
178740.50	1.478e-03	-7.027e-02	-1.939e-01
178741.50	-2.467e-03	4.147e-02	-2.640e-02
178742.50	-1.718e-04	1.248e-02	-8.419e-02
178743.50	2.352e-03	7.978e-02	-4.560e-02
178744.50	8.160e-04	1.018e-02	9.302e-02
178745.50	-5.098e-03	-4.714e-02	-4.090e-02
178746.50	-1.430e-03	3.677e-02	-9.984e-02
178747.50	4.925e-04	7.997e-02	4.426e-02
178748.50	1.776e-03	3.398e-02	7.709e-02
178749.50	1.526e-03	9.792e-02	-1.027e-02
178750.50	-2.678e-03	1.680e-02	9.984e-02
178751.50	-6.000e-03	-9.600e-02	-3.120e-02
178752.50	-2.160e-03	1.488e-03	-3.350e-02
178753.50	5.741e-03	9.418e-02	-8.803e-02
178754.50	1.430e-03	-2.083e-02	3.456e-02
178755.50	9.600e-04	-2.314e-02	1.018e-02
178756.50	-5.587e-04	8.314e-02	-4.147e-02
178757.50	1.219e-03	8.669e-03	-2.141e-02
178758.50	-1.699e-03	-5.731e-02	4.310e-02
178759.50	-4.051e-04	-8.938e-02	3.024e-02
178760.50	9.034e-04	-1.258e-02	6.576e-02
178761.50	3.446e-03	1.958e-02	3.456e-02
178762.50	3.139e-04	3.571e-02	-2.563e-02
178763.50	-1.334e-03	-4.166e-02	-8.669e-02
178764.50	7.594e-04	6.154e-02	-8.544e-02
178765.50	-1.651e-04	5.213e-02	2.515e-02
178766.50	-3.274e-04	1.133e-01	4.982e-02
178767.50	-1.594e-03	-7.392e-02	-1.910e-02
178768.50	9.696e-04	-1.450e-01	-4.858e-02
178769.50	9.792e-04	8.275e-02	1.267e-01
178770.50	4.790e-02	1.699e-03	-2.304e-01
178771.50	5.462e-02	-3.158e-01	-2.563e-01
178772.50	4.205e-02	-3.494e-01	3.120e-02
178773.50	4.310e-03	2.390e-02	5.674e-02
178774.50	-2.189e-03	1.315e-01	-3.763e-02
178775.50	3.917e-02	-2.352e-01	-1.229e-02
178776.50	3.542e-02	-2.726e-01	1.421e-01
178777.50	-8.525e-02	5.222e-01	-5.213e-02
178778.50	7.680e-04	2.045e-02	4.848e-02
178779.50	-7.958e-02	3.139e-01	3.427e-01
178780.50	-3.264e-03	-5.539e-02	-1.267e-03
178781.50	2.266e-03	-3.110e-02	-1.862e-02
178782.50	-7.046e-03	-6.576e-02	-7.834e-02
178783.50	2.678e-04	-2.918e-02	4.502e-02
178784.50	7.824e-04	-2.102e-02	3.744e-02
178785.50	2.611e-02	9.792e-02	-1.334e-01
178786.50	3.658e-03	1.584e-02	-1.306e-02
178787.50	-2.784e-03	-1.354e-01	-9.984e-02
178788.50	-1.613e-07	-3.379e-02	2.986e-02
178789.50	-8.285e-03	1.277e-01	1.728e-02
178790.50	-4.253e-04	-7.699e-03	-5.098e-02
178791.50	-1.334e-03	4.598e-02	5.606e-02
178792.50	1.392e-03	9.696e-02	-7.200e-02
178793.50	-5.501e-04	8.563e-02	-1.219e-01
178794.50	2.256e-03	8.890e-02	6.806e-02
178795.50	2.198e-03	-5.846e-02	2.909e-02
178796.50	7.901e-05	-9.792e-02	3.494e-02
178797.50	-1.027e-03	8.045e-02	7.296e-02
178798.50	-1.104e-03	-6.845e-03	-5.693e-03
178799.50	-3.446e-05	1.027e-01	-2.131e-02
178800.50	-2.419e-02	7.565e-02	1.402e-01
178801.50	-9.082e-03	-1.776e-02	7.286e-02
178802.50	1.354e-03	-1.037e-01	-8.160e-02
178803.50	3.955e-03	4.445e-02	-1.507e-02
178804.50	-5.770e-03	5.347e-02	-3.629e-02
178805.50	-1.085e-02	-5.424e-02	-9.024e-03
178806.50	1.008e-03	-2.448e-02	1.718e-02
178807.50	-1.056e-04	-6.298e-02	4.445e-02
178808.50	2.016e-03	7.622e-02	-6.576e-02
178809.50	4.973e-03	1.306e-01	9.792e-02
178810.50	-2.986e-03	2.410e-02	-4.205e-02
178811.50	-3.571e-03	-7.229e-02	1.008e-01
178812.50	5.002e-05	4.090e-02	-4.435e-02
178813.50	2.285e-05	1.402e-01	-6.288e-02
178814.50	5.587e-04	-2.938e-02	-8.467e-02
178815.50	-3.187e-03	2.659e-02	1.526e-02
178816.50	3.024e-03	5.635e-04	-2.640e-02
178817.50	-5.866e-04	7.123e-02	-3.101e-04
178818.50	-2.054e-03	-1.267e-01	4.963e-02
178819.50	-2.458e-03	-2.131e-02	3.312e-02
178820.50	2.141e-03	1.565e-02	-1.958e-02
178821.50	3.082e-04	3.149e-02	-2.246e-02
178822.50	-2.746e-03	-8.486e-02	4.848e-03
178823.50	4.483e-04	-2.582e-02	-4.838e-02
178824.50	-3.283e-03	-2.275e-02	3.043e-02
178825.50	-1.555e-03	4.310e-02	5.491e-03
178826.50	6.509e-04	1.555e-01	-7.248e-02
178827.50	2.448e-04	-4.512e-02	2.986e-02
178828.50	7.622e-04	2.026e-02	-2.064e-02
178829.50	-8.486e-04	-6.086e-02	2.630e-02
178830.50	1.747e-03	-9.178e-02	-6.749e-03
178831.50	1.402e-04	1.651e-02	4.310e-02
178832.50	3.418e-03	-7.546e-03	-3.984e-02
178833.50	4.675e-03	-4.781e-02	-1.402e-02
178834.50	-2.054e-03	-4.790e-02	8.285e-02
178835.50	1.210e-03	-1.238e-02	-7.363e-02
178836.50	1.142e-03	1.046e-01	1.008e-03
178837.50	-1.939e-03	-1.402e-02	-8.890e-04
178838.50	-1.190e-03	-9.158e-02	-4.685e-03
178839.50	1.584e-03	6.067e-02	4.272e-02
178840.50	2.515e-03	3.821e-02	2.890e-02
178841.50	3.581e-06	-4.090e-02	-1.075e-02
178842.50	-5.587e-04	-1.584e-02	-8.045e-02
178843.50	2.390e-04	-4.003e-02	6.739e-02
178844.50	-2.784e-03	-1.795e-02	2.938e-02
178845.50	-1.046e-02	1.786e-02	9.504e-02
178846.50	-1.632e-03	5.107e-03	1.421e-02
178847.50	3.043e-04	3.370e-02	6.077e-04
178848.50	-4.800e-04	-5.021e-03	-5.376e-02
178849.50	4.464e-04	-2.246e-02	-8.179e-02
178850.50	3.235e-03	-6.710e-02	-7.210e-02
178851.50	2.410e-03	9.014e-02	7.795e-02
178852.50	-6.288e-04	6.326e-02	7.738e-02
178853.50	4.810e-03	-4.397e-02	1.027e-02
178854.50	-5.626e-03	2.918e-02	-7.190e-02
178855.50	-3.840e-03	-3.034e-02	-1.104e-02
178856.50	-2.918e-04	3.014e-02	2.208e-02
178857.50	-9.139e-04	-5.251e-02	-8.266e-02
178858.50	-2.122e-03	2.362e-02	2.227e-03
178859.50	-1.843e-03	3.850e-02	-1.027e-02
178860.50	-4.061e-04	-1.190e-02	-3.206e-02
178861.50	8.995e-04	-3.034e-02	-1.949e-02
178862.50	7.430e-06	9.888e-04	1.334e-03
178863.50	-2.179e-03	2.486e-02	6.730e-02
178864.50	8.026e-04	-3.581e-02	3.658e-02
178865.50	-9.984e-06	1.450e-02	-4.944e-02
178866.50	-1.402e-02	1.085e-01	-6.394e-02
178867.50	-4.416e-04	4.464e-02	-2.035e-02
178868.50	3.091e-03	5.280e-02	8.755e-02
178869.50	1.882e-03	6.019e-02	4.042e-02
178870.50	-6.989e-04	7.872e-02	1.613e-02
178871.50	-3.360e-03	-2.746e-03	1.632e-02
178872.50	1.680e-03	2.275e-03	-3.408e-02
178873.50	1.795e-05	-9.888e-03	9.283e-02
178874.50	-4.944e-04	-6.634e-02	6.605e-03
178875.50	-5.405e-04	-4.512e-02	2.083e-02
178876.50	-2.717e-03	3.024e-02	-4.781e-02
178877.50	-4.157e-03	-4.598e-03	-4.358e-02
178878.50	-2.448e-03	4.186e-02	2.650e-02
178879.50	-5.088e-04	4.771e-03	-6.326e-03
178880.50	-2.352e-03	-3.360e-02	-4.195e-02
178881.50	1.920e-03	-2.813e-02	2.755e-02
178882.50	-3.552e-04	-1.018e-02	-4.272e-02
178883.50	8.602e-04	-2.150e-02	2.534e-02
178884.50	-7.728e-04	2.678e-02	3.341e-02
178885.50	-1.258e-03	1.613e-02	-6.336e-02
178886.50	2.131e-03	-3.494e-02	3.974e-02
178887.50	4.858e-04	2.410e-02	5.722e-02
178888.50	-3.216e-04	9.600e-03	-4.944e-02
178889.50	6.518e-04	9.696e-03	5.482e-02
178890.50	1.277e-02	4.886e-02	-1.584e-02
178891.50	3.178e-03	-7.382e-04	-4.666e-02
178892.50	-3.533e-04	-6.365e-02	-5.194e-02
178893.50	-9.398e-04	-2.419e-02	-4.982e-02
178894.50	1.901e-04	-6.566e-02	-5.338e-02
178895.50	6.893e-04	-1.133e-02	2.832e-02
178896.50	5.520e-03	2.678e-02	5.722e-03
178897.50	-4.080e-04	-2.419e-02	3.427e-02
178898.50	-8.246e-04	8.256e-02	4.406e-02
178899.50	1.920e-03	5.280e-02	5.242e-02
178900.50	3.917e-05	3.206e-03	-2.122e-02
178901.50	-7.910e-04	3.024e-02	4.416e-02
178902.50	-1.094e-03	-1.603e-02	6.902e-02
178903.50	7.094e-04	-2.794e-02	-1.152e-02
178904.50	7.920e-04	-1.526e-03	-1.046e-02
178905.50	1.114e-03	1.229e-02	-5.069e-02
178906.50	1.978e-03	-5.923e-02	2.093e-02
178907.50	4.330e-04	4.474e-04	-3.437e-02
178908.50	4.627e-04	-3.206e-03	5.098e-02
178909.50	-1.094e-03	2.582e-03	-6.086e-02
178910.50	-4.810e-04	1.958e-02	3.062e-02
178911.50	-3.264e-03	6.307e-02	-2.602e-02
178912.50	-4.243e-03	1.478e-02	-2.381e-02
178913.50	-8.054e-04	-2.102e-02	1.075e-02
178914.50	1.978e-03	3.062e-02	-1.430e-02
178915.50	2.458e-04	-4.934e-02	1.469e-02
178916.50	-2.621e-03	-1.862e-02	2.438e-02
178917.50	-4.013e-04	-2.621e-02	2.131e-02
178918.50	-1.949e-04	-6.298e-02	1.718e-03
178919.50	-5.712e-04	-2.410e-02	-3.274e-02
178920.50	1.286e-03	-3.658e-03	1.008e-02
178921.50	2.208e-03	-1.747e-02	-1.152e-03
178922.50	1.190e-04	1.219e-02	1.085e-02
178923.50	-1.498e-03	4.790e-02	-4.454e-03
178924.50	-3.139e-04	4.406e-02	-1.277e-03
178925.50	1.008e-03	-3.398e-03	-5.213e-02
178926.50	4.742e-04	-5.722e-03	1.747e-02
178927.50	-3.418e-04	-2.362e-02	5.674e-04
178928.50	1.056e-05	1.306e-02	-1.286e-02
178929.50	-1.133e-03	8.189e-03	1.142e-03
178930.50	-7.594e-04	-5.280e-03	2.717e-03
178931.50	-1.210e-03	-9.792e-03	-1.862e-03
178932.50	-4.042e-05	6.096e-02	2.400e-02
178933.50	4.502e-04	-3.629e-02	-2.227e-04
178934.50	-1.642e-05	-2.227e-02	7.882e-03
178935.50	-1.450e-03	1.661e-03	-1.171e-01
178936.50	6.979e-05	1.632e-02	1.334e-02
178937.50	-1.978e-04	4.742e-02	-3.331e-03
178938.50	-4.272e-04	-4.099e-02	-5.030e-03
178939.50	4.022e-04	-8.582e-03	3.926e-02
178940.50	4.858e-04	-1.171e-02	6.202e-02
178941.50	4.925e-04	-2.774e-02	-6.490e-03
178942.50	-8.794e-04	8.006e-02	-4.541e-02
178943.50	-6.096e-04	6.422e-02	3.389e-02
178944.50	5.962e-05	-1.776e-02	4.166e-02
178945.50	-2.141e-03	6.029e-02	2.621e-02
178946.50	7.267e-04	1.133e-03	-5.290e-02
178947.50	-5.894e-03	-4.954e-03	-1.853e-02
178948.50	-7.834e-03	-2.515e-02	-2.726e-02
178949.50	-1.075e-03	-1.046e-01	4.368e-03
178950.50	1.430e-03	-1.680e-02	6.230e-02
178951.50	6.768e-04	-5.261e-02	7.306e-02
178952.50	-1.450e-03	1.622e-02	-4.138e-02
178953.50	-1.114e-04	-7.795e-03	-3.370e-02
178954.50	8.765e-04	-1.334e-02	-1.190e-02
178955.50	5.184e-04	-4.051e-02	-1.440e-02
178956.50	1.238e-03	1.258e-02	-1.603e-02
178957.50	1.219e-04	9.053e-02	4.214e-04
178958.50	-7.046e-04	1.555e-02	-3.552e-02
