178360.50	0.000e+00	0.000e+00	0.000e+00
178361.50	0.000e+00	0.000e+00	0.000e+00
178362.50	0.000e+00	0.000e+00	0.000e+00
178363.50	0.000e+00	0.000e+00	0.000e+00
178364.50	0.000e+00	0.000e+00	0.000e+00
178365.50	0.000e+00	0.000e+00	0.000e+00
178366.50	0.000e+00	0.000e+00	0.000e+00
178367.50	0.000e+00	0.000e+00	0.000e+00
178368.50	0.000e+00	0.000e+00	0.000e+00
178369.50	0.000e+00	0.000e+00	0.000e+00
178370.50	0.000e+00	0.000e+00	0.000e+00
178371.50	0.000e+00	0.000e+00	0.000e+00
178372.50	0.000e+00	0.000e+00	0.000e+00
178373.50	0.000e+00	0.000e+00	0.000e+00
178374.50	0.000e+00	0.000e+00	0.000e+00
178375.50	0.000e+00	0.000e+00	0.000e+00
178376.50	0.000e+00	0.000e+00	0.000e+00
178377.50	0.000e+00	0.000e+00	0.000e+00
178378.50	0.000e+00	0.000e+00	0.000e+00
178379.50	0.000e+00	0.000e+00	0.000e+00
178380.50	0.000e+00	0.000e+00	0.000e+00
178381.50	0.000e+00	0.000e+00	0.000e+00
178382.50	0.000e+00	0.000e+00	0.000e+00
178383.50	0.000e+00	0.000e+00	0.000e+00
178384.50	0.000e+00	0.000e+00	0.000e+00
178385.50	0.000e+00	0.000e+00	0.000e+00
178386.50	0.000e+00	0.000e+00	0.000e+00
178387.50	0.000e+00	0.000e+00	0.000e+00
178388.50	0.000e+00	0.000e+00	0.000e+00
178389.50	0.000e+00	0.000e+00	0.000e+00
178390.50	0.000e+00	0.000e+00	0.000e+00
178391.50	0.000e+00	0.000e+00	0.000e+00
178392.50	0.000e+00	0.000e+00	0.000e+00
178393.50	0.000e+00	0.000e+00	0.000e+00
178394.50	0.000e+00	0.000e+00	0.000e+00
178395.50	0.000e+00	0.000e+00	0.000e+00
178396.50	0.000e+00	0.000e+00	0.000e+00
178397.50	0.000e+00	0.000e+00	0.000e+00
178398.50	0.000e+00	0.000e+00	0.000e+00
178399.50	0.000e+00	0.000e+00	0.000e+00
178400.50	0.000e+00	0.000e+00	0.000e+00
178401.50	0.000e+00	0.000e+00	0.000e+00
178402.50	0.000e+00	0.000e+00	0.000e+00
178403.50	0.000e+00	0.000e+00	0.000e+00
178404.50	0.000e+00	0.000e+00	0.000e+00
178405.50	0.000e+00	0.000e+00	0.000e+00
178406.50	0.000e+00	0.000e+00	0.000e+00
178407.50	0.000e+00	0.000e+00	0.000e+00
178408.50	0.000e+00	0.000e+00	0.000e+00
178409.50	0.000e+00	0.000e+00	0.000e+00
178410.50	0.000e+00	0.000e+00	0.000e+00
178411.50	0.000e+00	0.000e+00	0.000e+00
178412.50	0.000e+00	0.000e+00	0.000e+00
178413.50	0.000e+00	0.000e+00	0.000e+00
178414.50	0.000e+00	0.000e+00	0.000e+00
178415.50	0.000e+00	0.000e+00	0.000e+00
178416.50	0.000e+00	0.000e+00	0.000e+00
178417.50	0.000e+00	0.000e+00	0.000e+00
178418.50	0.000e+00	0.000e+00	0.000e+00
178419.50	0.000e+00	0.000e+00	0.000e+00
178420.50	0.000e+00	0.000e+00	0.000e+00
178421.50	0.000e+00	0.000e+00	0.000e+00
178422.50	0.000e+00	0.000e+00	0.000e+00
178423.50	0.000e+00	0.000e+00	0.000e+00
178424.50	0.000e+00	0.000e+00	0.000e+00
178425.50	0.000e+00	0.000e+00	0.000e+00
178426.50	0.000e+00	0.000e+00	0.000e+00
178427.50	0.000e+00	0.000e+00	0.000e+00
178428.50	0.000e+00	0.000e+00	0.000e+00
178429.50	0.000e+00	0.000e+00	0.000e+00
178430.50	0.000e+00	0.000e+00	0.000e+00
178431.50	0.000e+00	0.000e+00	0.000e+00
178432.50	0.000e+00	0.000e+00	0.000e+00
178433.50	0.000e+00	0.000e+00	0.000e+00
178434.50	0.000e+00	0.000e+00	0.000e+00
178435.50	0.000e+00	0.000e+00	0.000e+00
178436.50	0.000e+00	0.000e+00	0.000e+00
178437.50	0.000e+00	0.000e+00	0.000e+00
178438.50	0.000e+00	0.000e+00	0.000e+00
178439.50	0.000e+00	0.000e+00	0.000e+00
178440.50	0.000e+00	0.000e+00	0.000e+00
178441.50	0.000e+00	0.000e+00	0.000e+00
178442.50	0.000e+00	0.000e+00	0.000e+00
178443.50	0.000e+00	0.000e+00	0.000e+00
178444.50	0.000e+00	0.000e+00	0.000e+00
178445.50	0.000e+00	0.000e+00	0.000e+00
178446.50	0.000e+00	0.000e+00	0.000e+00
178447.50	0.000e+00	0.000e+00	0.000e+00
178448.50	0.000e+00	0.000e+00	0.000e+00
178449.50	0.000e+00	0.000e+00	0.000e+00
178450.50	0.000e+00	0.000e+00	0.000e+00
178451.50	0.000e+00	0.000e+00	0.000e+00
178452.50	0.000e+00	0.000e+00	0.000e+00
178453.50	0.000e+00	0.000e+00	0.000e+00
178454.50	0.000e+00	0.000e+00	0.000e+00
178455.50	0.000e+00	0.000e+00	0.000e+00
178456.50	0.000e+00	0.000e+00	0.000e+00
178457.50	0.000e+00	0.000e+00	0.000e+00
178458.50	0.000e+00	0.000e+00	0.000e+00
178459.50	0.000e+00	0.000e+00	0.000e+00
178460.50	0.000e+00	0.000e+00	0.000e+00
178461.50	0.000e+00	0.000e+00	0.000e+00
178462.50	0.000e+00	0.000e+00	0.000e+00
178463.50	0.000e+00	0.000e+00	0.000e+00
178464.50	0.000e+00	0.000e+00	0.000e+00
178465.50	0.000e+00	0.000e+00	0.000e+00
178466.50	0.000e+00	0.000e+00	0.000e+00
178467.50	0.000e+00	0.000e+00	0.000e+00
178468.50	-4.589e-05	2.102e-03	1.920e-04
178469.50	2.602e-04	-7.142e-03	2.112e-03
178470.50	-1.421e-04	3.360e-03	-2.246e-03
178471.50	-2.563e-05	1.459e-03	3.168e-04
178472.50	1.690e-04	-5.222e-03	4.598e-03
178473.50	3.734e-04	-1.229e-02	-1.584e-03
178474.50	2.544e-05	-4.531e-03	9.792e-05
178475.50	-8.650e-04	2.333e-02	1.277e-02
178476.50	4.387e-04	-7.584e-03	1.094e-03
178477.50	-9.072e-05	1.018e-02	-1.517e-02
178478.50	-1.853e-04	-2.045e-03	-2.390e-02
178479.50	-1.680e-03	4.704e-02	2.784e-02
178480.50	1.469e-04	-6.499e-04	3.398e-03
178481.50	1.219e-05	2.102e-02	-9.197e-03
178482.50	1.920e-04	-2.928e-03	-9.322e-05
178483.50	3.504e-03	-6.144e-02	1.987e-02
178484.50	1.834e-03	3.350e-03	6.653e-04
178485.50	-2.515e-03	-1.306e-01	4.608e-02
178486.50	2.544e-03	-1.382e-01	3.619e-02
178487.50	1.056e-03	9.792e-02	1.306e-01
178488.50	2.640e-03	1.382e-02	-6.336e-03
178489.50	-1.066e-03	1.862e-02	1.757e-02
178490.50	8.371e-04	-6.403e-01	-1.834e-01
178491.50	3.322e-03	-7.824e-01	1.114e-01
178492.50	3.082e-02	-6.365e+00	2.851e-01
178493.50	8.294e-02	-1.958e+01	2.544e+00
178494.50	2.554e-01	-5.482e+01	1.690e-01
178495.50	6.288e-01	-1.392e+02	-7.238e-01
178496.50	1.123e+00	-2.669e+02	1.056e+01
178497.50	1.200e+00	-2.870e+02	1.162e+01
178498.50	1.229e+00	-2.976e+02	6.749e+00
178499.50	1.219e+00	-3.072e+02	1.200e+01
178500.50	2.899e-01	-6.595e+01	-1.200e+00
178501.50	-2.102e-01	6.182e+01	-4.646e+00
178502.50	-3.994e-01	1.200e+02	-1.421e+01
178503.50	-4.867e-01	1.210e+02	4.608e+00
178504.50	-3.552e-01	9.696e+01	-6.634e+00
178505.50	-3.120e-01	8.755e+01	-9.360e+00
178506.50	-3.245e-01	7.814e+01	9.600e-01
178507.50	-2.794e-01	6.768e+01	2.160e-01
178508.50	-2.189e-01	5.520e+01	-1.574e+00
178509.50	-2.563e-01	5.923e+01	2.362e-01
178510.50	-2.045e-01	5.107e+01	-2.160e+00
178511.50	-1.632e-01	4.272e+01	-4.608e+00
178512.50	-1.670e-01	4.032e+01	-2.525e+00
178513.50	-1.795e-01	3.869e+01	1.171e+00
178514.50	-1.286e-01	3.226e+01	-2.035e+00
178515.50	-1.344e-01	3.043e+01	-9.984e-01
178516.50	-1.229e-01	2.928e+01	-6.250e-01
178517.50	-1.200e-01	2.554e+01	3.091e+00
178518.50	-8.707e-02	2.179e+01	-8.947e-01
178519.50	-1.075e-01	2.458e+01	-2.285e+00
178520.50	-9.331e-02	1.891e+01	5.251e-01
178521.50	-8.650e-02	1.939e+01	-4.502e-01
178522.50	-7.882e-02	1.738e+01	3.994e-02
178523.50	-4.963e-02	1.459e+01	-2.630e+00
178524.50	-8.122e-02	1.651e+01	2.506e+00
178525.50	-8.976e-02	1.565e+01	1.459e+00
178526.50	-5.683e-02	1.459e+01	-3.043e-01
178527.50	-5.453e-02	1.286e+01	-1.613e+00
178528.50	-5.453e-02	1.238e+01	2.016e-01
178529.50	-4.771e-02	1.123e+01	-9.235e-01
178530.50	-4.656e-02	9.696e+00	-9.542e-02
178531.50	-5.213e-02	1.104e+01	-7.651e-01
178532.50	-3.235e-02	8.198e+00	-1.920e+00
178533.50	-4.349e-02	9.139e+00	4.954e-01
178534.50	-3.264e-02	6.970e+00	-4.042e-01
178535.50	-4.512e-02	8.736e+00	1.498e+00
178536.50	-3.946e-02	8.400e+00	-7.690e-01
178537.50	-3.053e-02	7.142e+00	5.770e-01
178538.50	-4.109e-02	6.413e+00	1.334e+00
178539.50	-3.110e-02	5.357e+00	1.037e+00
178540.50	-3.715e-02	5.203e+00	1.738e+00
178541.50	-3.610e-02	5.837e+00	1.229e+00
178542.50	-2.131e-02	4.982e+00	-3.254e-01
178543.50	-2.074e-02	5.424e+00	-6.144e-01
178544.50	-1.757e-02	5.069e+00	-1.094e+00
178545.50	-1.958e-02	4.022e+00	-6.941e-01
178546.50	-2.304e-02	3.821e+00	-6.346e-01
178547.50	-2.371e-02	4.560e+00	1.075e-01
178548.50	-1.114e-02	3.274e+00	4.013e-02
178549.50	-3.734e-02	4.099e+00	9.446e-01
178550.50	-2.054e-02	3.370e+00	4.474e-01
178551.50	-1.363e-02	3.571e+00	-3.898e-01
178552.50	-1.920e-02	3.869e+00	-1.440e-03
178553.50	-2.198e-02	3.408e+00	2.342e-01
178554.50	-1.642e-02	2.880e+00	7.382e-01
178555.50	-2.035e-02	2.765e+00	3.658e-01
178556.50	-3.504e-03	1.661e+00	-3.504e-01
178557.50	-1.066e-02	1.901e+00	7.046e-02
178558.50	2.390e-03	2.333e+00	-6.000e-01
178559.50	1.699e-03	1.296e+00	-7.027e-01
178560.50	-9.427e-03	2.294e+00	1.373e-01
178561.50	-1.603e-02	2.074e+00	5.760e-01
178562.50	-1.430e-02	2.698e+00	-8.650e-02
178563.50	-6.816e-03	1.267e+00	-3.254e-01
178564.50	-1.258e-02	1.680e+00	2.563e-01
178565.50	-1.152e-02	1.728e+00	3.350e-01
178566.50	-9.331e-03	1.344e+00	-1.152e-01
178567.50	-1.066e-02	2.237e+00	-1.046e-01
178568.50	-4.301e-03	1.968e+00	-7.469e-01
178569.50	-3.014e-03	1.277e+00	2.861e-01
178570.50	-7.824e-03	1.296e+00	-2.496e-01
178571.50	-8.093e-03	1.171e+00	-1.430e-01
178572.50	-1.709e-03	7.565e-01	-2.218e-01
178573.50	-8.957e-03	1.162e+00	2.122e-01
178574.50	-7.267e-03	1.027e+00	3.802e-02
178575.50	-7.680e-03	8.851e-01	1.862e-01
178576.50	-7.075e-03	1.152e+00	3.130e-01
178577.50	-3.773e-03	1.104e+00	-3.955e-01
178578.50	-5.414e-03	6.826e-01	-6.422e-01
178579.50	-1.171e-02	8.861e-01	2.813e-01
178580.50	3.955e-04	4.771e-01	-1.238e-02
178581.50	4.224e-03	6.557e-01	-1.267e-01
178582.50	-8.947e-03	9.302e-01	3.082e-01
178583.50	4.493e-02	8.938e-01	-2.611e-01
178584.50	1.171e-02	3.629e-01	3.245e-01
178585.50	-3.562e-03	4.627e-01	1.018e-02
178586.50	-1.258e-03	3.072e-01	-1.728e-01
178587.50	-8.534e-04	4.886e-01	7.142e-02
178588.50	-6.998e-03	9.696e-01	-8.170e-02
178589.50	-1.296e-03	1.133e+00	-4.147e-01
178590.50	-6.509e-03	4.195e-01	5.539e-01
178591.50	-7.882e-04	3.802e-01	-6.672e-02
178592.50	-4.675e-03	4.147e-01	-9.456e-02
178593.50	-3.341e-03	5.126e-01	1.373e-01
178594.50	-4.522e-04	4.358e-01	5.299e-02
178595.50	-7.171e-03	9.888e-01	7.891e-02
178596.50	-2.880e-03	2.477e-01	-2.179e-01
178597.50	-1.104e-02	2.554e-01	-4.742e-02
178598.50	1.104e-03	4.512e-01	4.186e-02
178599.50	-4.954e-04	2.342e-01	-3.082e-01
178600.50	-4.646e-03	5.280e-01	-2.294e-01
178601.50	-1.661e-03	3.850e-01	-1.920e-01
178602.50	-2.006e-03	1.574e-01	-1.814e-01
178603.50	-5.904e-03	4.982e-01	1.795e-01
178604.50	-3.619e-03	3.552e-01	2.131e-01
178605.50	6.346e-04	5.376e-01	4.330e-01
178606.50	4.042e-03	5.203e-01	3.466e-01
178607.50	5.155e-03	3.197e-01	-4.282e-01
178608.50	-1.891e-02	-2.093e-02	-1.517e-01
178609.50	2.506e-02	3.014e-01	-1.325e-01
178610.50	3.110e-03	1.949e-01	5.040e-01
178611.50	-5.510e-03	1.334e-01	-3.408e-01
178612.50	9.322e-05	5.309e-01	-1.584e-01
178613.50	-3.926e-03	1.037e-01	2.323e-01
178614.50	-2.275e-03	3.110e-01	-3.946e-02
178615.50	-4.838e-04	3.216e-01	2.438e-02
178616.50	2.045e-03	2.774e-01	3.389e-02
178617.50	6.710e-04	1.805e-01	-4.771e-02
178618.50	-3.331e-03	2.189e-01	-3.005e-01
178619.50	6.758e-04	2.208e-01	5.059e-02
178620.50	1.114e-03	2.611e-01	-2.602e-02
178621.50	-6.346e-03	7.037e-01	-3.648e-02
178622.50	5.971e-04	-2.794e-01	-4.714e-01
178623.50	-9.514e-04	1.046e-01	1.411e-01
178624.50	-4.042e-03	-9.888e-03	3.158e-01
178625.50	2.822e-03	2.794e-01	2.045e-01
178626.50	-3.034e-03	3.293e-01	9.600e-02
178627.50	5.309e-04	-4.397e-02	2.323e-02
178628.50	-1.056e-04	2.899e-02	-1.507e-01
178629.50	-5.328e-03	4.445e-01	1.670e-01
178630.50	4.176e-03	4.618e-02	-2.150e-01
178631.50	3.898e-03	-2.458e-01	-9.504e-02
178632.50	-2.957e-04	1.478e-01	2.170e-01
178633.50	2.822e-03	5.443e-01	-6.538e-02
178634.50	-6.106e-03	2.659e-01	1.757e-01
178635.50	-3.283e-04	-3.869e-02	3.744e-01
178636.50	6.048e-04	2.256e-01	3.053e-02
178637.50	-5.203e-04	-8.227e-02	3.840e-02
178638.50	-2.822e-03	-1.229e-01	1.555e-01
178639.50	9.696e-05	3.091e-01	-1.258e-01
178640.50	5.674e-03	-5.069e-02	-2.006e-01
178641.50	9.043e-03	8.784e-02	-2.016e-01
178642.50	-1.037e-03	1.008e-01	4.042e-02
178643.50	-2.179e-03	6.960e-02	-3.322e-02
178644.50	1.200e-03	1.622e-01	-1.622e-01
178645.50	4.742e-03	-1.296e-01	2.381e-02
178646.50	-1.632e-03	1.603e-01	-3.408e-02
178647.50	-1.430e-02	5.664e-02	-1.056e-01
178648.50	-2.573e-02	-1.267e-01	5.846e-02
178649.50	3.667e-03	1.718e-01	-1.296e-01
178650.50	-2.006e-02	2.592e-01	8.592e-02
178651.50	3.437e-03	1.296e-02	1.478e-02
178652.50	2.227e-03	-1.651e-02	1.181e-01
178653.50	9.475e-03	3.504e-01	1.056e-01
178654.50	-9.043e-04	1.075e-01	-3.773e-01
178655.50	-7.094e-04	5.587e-02	1.632e-02
178656.50	6.384e-03	2.045e-01	1.987e-01
178657.50	3.590e-04	1.536e-01	2.621e-02
178658.50	-1.325e-03	1.709e-01	1.373e-01
178659.50	1.142e-03	-5.923e-02	-3.571e-01
178660.50	8.381e-04	-2.093e-01	6.653e-02
178661.50	-2.419e-04	1.862e-01	-2.016e-02
178662.50	-2.314e-03	-2.803e-03	4.368e-02
178663.50	5.616e-04	-2.659e-01	-2.314e-02
178664.50	-2.083e-03	2.179e-01	3.907e-02
178665.50	4.282e-02	-1.546e-01	-5.174e-02
178666.50	4.704e-02	4.272e-02	1.248e-01
178667.50	2.602e-03	-1.411e-02	9.302e-02
178668.50	4.042e-03	1.210e-03	5.126e-02
178669.50	-3.907e-02	-1.910e-02	1.536e-03
178670.50	-1.392e-02	3.437e-01	-9.139e-03
178671.50	-2.026e-02	2.362e-01	1.334e-01
178672.50	1.325e-01	2.275e-01	-4.301e-01
178673.50	2.621e-02	1.968e-01	-2.352e-02
178674.50	-9.427e-02	3.600e-02	-7.296e-02
178675.50	-4.954e-02	-1.699e-01	1.008e-02
178676.50	-1.699e-02	-6.720e-02	7.430e-02
178677.50	-2.717e-03	-9.197e-02	2.035e-01
178678.50	-9.398e-03	1.488e-01	-2.976e-02
178679.50	-9.293e-03	1.152e-01	3.427e-01
178680.50	1.075e-02	-9.792e-02	6.806e-02
178681.50	2.870e-02	8.669e-02	1.459e-01
178682.50	-3.629e-03	-3.792e-02	1.978e-01
178683.50	-7.690e-03	2.256e-01	1.085e-01
178684.50	-5.491e-02	8.746e-02	-1.574e-02
178685.50	-4.704e-02	-4.195e-02	-1.066e-01
178686.50	1.738e-03	3.744e-02	2.198e-02
178687.50	-8.582e-03	2.323e-01	2.035e-01
178688.50	1.450e-02	-1.181e-02	-1.651e-01
178689.50	5.174e-02	1.824e-01	-1.402e-01
178690.50	1.440e-03	1.536e-04	-1.296e-01
178691.50	1.229e-04	1.786e-02	8.794e-02
178692.50	-2.112e-03	-2.016e-02	-7.536e-03
178693.50	-1.306e-04	-1.968e-02	-1.661e-01
178694.50	-5.203e-03	5.722e-03	1.315e-01
178695.50	-1.094e-02	-2.122e-02	4.387e-02
178696.50	4.742e-02	5.251e-01	1.162e-01
178697.50	3.322e-03	-5.597e-02	3.341e-03
178698.50	-1.478e-03	-8.467e-02	3.408e-02
178699.50	3.005e-03	-7.123e-02	1.795e-02
178700.50	3.859e-02	1.891e-01	2.534e-02
178701.50	6.710e-03	1.181e-02	-9.696e-02
178702.50	-2.150e-03	7.104e-02	-1.123e-01
178703.50	-2.477e-03	5.414e-02	2.179e-02
178704.50	-4.474e-03	2.198e-02	-2.515e-01
178705.50	4.186e-03	-2.515e-02	4.022e-03
178706.50	5.213e-03	6.682e-03	2.198e-01
178707.50	-1.872e-02	-9.888e-02	-1.728e-02
178708.50	-4.483e-02	3.082e-01	1.315e-01
178709.50	1.594e-03	3.418e-02	-2.026e-03
178710.50	4.234e-03	-9.600e-03	1.085e-01
178711.50	6.730e-04	1.037e-01	1.258e-02
178712.50	-3.014e-04	-7.747e-02	-1.786e-01
178713.50	-2.890e-03	-9.226e-03	9.523e-03
178714.50	-5.664e-03	-6.096e-03	8.659e-02
178715.50	-2.093e-03	8.947e-02	1.670e-01
178716.50	-1.478e-03	4.685e-02	-1.018e-01
178717.50	1.507e-03	2.400e-02	-1.747e-01
178718.50	-6.768e-04	2.381e-03	6.154e-02
178719.50	-3.821e-03	1.632e-02	8.544e-02
178720.50	1.373e-02	4.762e-02	4.992e-02
178721.50	-1.171e-02	3.312e-02	-2.266e-01
178722.50	-1.104e-03	-1.094e-01	-1.594e-01
178723.50	-5.549e-03	-6.019e-02	-1.440e-01
178724.50	1.325e-02	-5.530e-02	2.381e-01
178725.50	3.158e-03	9.264e-02	8.813e-02
178726.50	-2.803e-03	7.651e-02	-6.979e-02
178727.50	-1.123e-04	-4.195e-02	1.834e-01
178728.50	1.085e-03	1.094e-01	-2.035e-01
178729.50	3.926e-03	-1.286e-01	4.963e-02
178730.50	5.174e-03	3.178e-02	8.592e-02
178731.50	5.280e-03	1.219e-01	-2.246e-01
178732.50	7.488e-03	7.651e-02	-2.467e-02
178733.50	-6.355e-03	-6.653e-02	1.286e-02
178734.50	3.974e-05	-5.424e-03	-4.858e-02
178735.50	-6.758e-04	-6.480e-02	3.274e-02
178736.50	5.990e-03	1.997e-02	4.032e-03
178737.50	-8.477e-03	1.267e-01	7.037e-02
178738.50	5.789e-03	-1.786e-01	1.181e-02
178739.50	3.322e-03	9.082e-03	-9.466e-02
178740.50	-1.862e-03	1.190e-02	-1.469e-01
178741.50	-2.496e-03	-1.728e-02	8.822e-02
178742.50	3.168e-03	-6.662e-02	-1.651e-02
178743.50	-2.707e-03	-1.325e-01	-4.752e-02
178744.50	-1.104e-03	8.784e-02	1.277e-01
178745.50	2.525e-03	-5.693e-02	1.843e-02
178746.50	-4.272e-04	-6.720e-02	3.955e-02
178747.50	1.613e-03	2.352e-02	-1.574e-02
178748.50	-1.286e-03	-3.466e-03	-1.114e-01
178749.50	1.555e-03	7.104e-02	-1.488e-01
178750.50	1.190e-03	5.808e-02	1.162e-01
178751.50	-5.578e-04	1.469e-01	-5.693e-02
178752.50	-2.573e-03	-2.102e-02	-1.709e-02
178753.50	-1.920e-03	4.454e-02	9.696e-03
178754.50	1.248e-03	-8.246e-02	-4.733e-02
178755.50	6.086e-03	-6.115e-02	-4.397e-02
178756.50	1.248e-03	2.851e-02	3.062e-02
178757.50	2.429e-04	-5.837e-02	6.979e-02
178758.50	7.843e-04	2.842e-02	2.458e-02
178759.50	-9.600e-04	1.882e-02	5.414e-02
178760.50	2.544e-04	-2.314e-02	9.418e-02
178761.50	2.227e-04	-2.323e-02	-4.493e-02
178762.50	-2.256e-03	1.507e-02	-1.766e-02
178763.50	-3.754e-04	5.750e-02	1.450e-01
178764.50	-1.258e-03	2.995e-02	-1.008e-01
178765.50	1.958e-03	-3.264e-03	3.859e-02
178766.50	1.459e-03	-2.429e-02	1.901e-02
178767.50	-1.027e-02	1.901e-01	-5.405e-02
178768.50	2.160e-03	-3.072e-02	-3.792e-02
178769.50	2.582e-03	7.018e-02	7.958e-02
178770.50	1.450e-03	7.085e-02	-3.850e-02
178771.50	1.373e-03	-1.114e-02	-1.459e-02
178772.50	4.570e-04	-3.082e-02	-6.154e-02
178773.50	2.448e-03	-9.792e-02	-6.442e-02
178774.50	1.642e-03	-3.379e-02	-1.642e-02
178775.50	-5.645e-04	7.958e-02	1.248e-01
178776.50	8.218e-04	-2.477e-02	4.925e-02
178777.50	3.552e-03	8.237e-03	-1.238e-01
178778.50	-3.437e-03	6.557e-03	-6.566e-02
178779.50	-5.194e-04	-8.390e-03	7.958e-03
178780.50	1.027e-03	1.258e-01	-6.211e-03
178781.50	1.622e-03	1.104e-01	-1.363e-01
178782.50	-1.795e-03	-3.101e-02	2.410e-02
178783.50	-1.325e-03	1.104e-02	1.795e-02
178784.50	-5.386e-03	-4.522e-02	7.670e-02
178785.50	-4.397e-03	2.842e-02	-8.342e-02
178786.50	-1.949e-04	6.058e-02	7.853e-02
178787.50	-6.096e-04	2.189e-02	1.248e-02
178788.50	2.496e-03	-1.190e-01	-5.683e-02
178789.50	-9.322e-04	1.334e-02	5.462e-02
178790.50	-5.616e-05	2.842e-02	-2.611e-02
178791.50	-2.966e-04	-1.363e-02	1.306e-02
178792.50	2.045e-04	-1.066e-02	1.229e-01
178793.50	2.179e-04	-1.046e-01	-5.981e-02
178794.50	3.149e-03	-1.526e-01	-2.141e-02
178795.50	1.651e-03	1.210e-01	-7.536e-02
178796.50	-5.251e-04	7.536e-02	-2.083e-02
178797.50	-9.984e-04	9.235e-02	7.699e-02
178798.50	4.080e-04	3.696e-02	2.160e-02
178799.50	-1.008e-03	5.520e-02	-3.014e-02
178800.50	6.010e-03	-6.672e-02	6.557e-03
178801.50	-2.074e-03	-2.822e-02	9.984e-02
178802.50	-3.370e-04	-6.778e-02	3.264e-02
178803.50	-9.984e-04	-6.355e-02	1.478e-02
178804.50	-6.586e-04	7.814e-02	-6.845e-03
178805.50	2.650e-05	3.533e-02	-4.051e-02
178806.50	1.296e-03	-2.784e-02	-1.162e-01
178807.50	-8.323e-04	-4.061e-02	-5.731e-02
178808.50	-1.776e-03	6.326e-02	1.699e-01
178809.50	-4.704e-04	-4.848e-02	-3.629e-02
178810.50	-1.171e-03	1.997e-01	7.190e-02
178811.50	9.984e-04	4.982e-02	1.104e-01
178812.50	7.584e-04	1.037e-01	5.338e-02
178813.50	2.122e-03	-1.958e-02	-1.162e-01
178814.50	-8.986e-04	-9.792e-02	-7.344e-02
178815.50	-1.776e-03	-4.982e-02	-5.654e-02
178816.50	1.574e-03	5.501e-02	-5.981e-02
178817.50	4.147e-03	-7.546e-02	2.467e-03
178818.50	4.781e-03	1.805e-02	6.048e-02
178819.50	3.418e-03	-1.296e-02	-5.078e-02
178820.50	-1.488e-03	-3.427e-02	-1.776e-02
178821.50	-8.621e-04	4.723e-02	1.354e-01
178822.50	-6.192e-03	1.018e-01	1.219e-02
178823.50	8.736e-04	4.656e-02	1.382e-03
178824.50	-4.848e-04	3.139e-02	-6.922e-02
178825.50	6.586e-04	-5.702e-02	-1.958e-02
178826.50	-1.277e-03	2.275e-02	2.467e-02
178827.50	-2.342e-03	2.774e-02	-5.290e-04
178828.50	-1.757e-04	-4.454e-02	-3.130e-02
178829.50	1.123e-03	-4.886e-02	-5.808e-02
178830.50	1.968e-04	-1.037e-01	1.949e-02
178831.50	4.022e-04	-3.974e-02	-5.290e-02
178832.50	-2.006e-03	-7.190e-02	-1.536e-02
178833.50	-7.901e-03	-9.984e-02	-6.394e-02
178834.50	8.611e-05	-3.590e-03	6.922e-02
178835.50	-9.581e-05	4.483e-02	2.266e-02
178836.50	-4.070e-04	8.544e-02	3.360e-02
178837.50	-1.949e-03	-7.219e-02	3.101e-02
178838.50	-9.984e-05	-9.792e-03	-1.997e-02
178839.50	7.056e-05	-5.174e-02	-4.963e-02
178840.50	1.056e-03	2.016e-02	1.027e-01
178841.50	1.392e-03	4.061e-02	-5.702e-02
178842.50	4.224e-05	-1.786e-02	2.342e-02
178843.50	-1.738e-03	6.106e-02	-4.080e-02
178844.50	-1.670e-03	5.414e-02	1.258e-03
178845.50	-1.229e-03	-2.304e-02	-9.360e-03
178846.50	1.382e-03	2.448e-02	-8.026e-02
178847.50	7.642e-04	-1.757e-02	-6.998e-02
178848.50	1.776e-03	-5.645e-02	1.565e-02
178849.50	-4.262e-04	-1.690e-02	5.232e-02
178850.50	-4.042e-04	1.882e-02	-1.642e-02
178851.50	8.285e-04	2.016e-02	-1.450e-02
178852.50	-9.158e-04	9.120e-02	-8.179e-02
178853.50	-2.947e-04	-4.080e-02	7.315e-02
178854.50	1.046e-03	-7.546e-02	4.675e-02
178855.50	3.149e-03	-3.648e-02	1.027e-01
178856.50	4.147e-04	1.968e-03	-2.006e-02
178857.50	-6.797e-04	1.728e-03	-5.654e-03
178858.50	2.093e-04	-4.109e-02	-1.037e-02
178859.50	-3.350e-03	2.573e-02	2.506e-02
178860.50	-1.037e-03	2.899e-02	-4.531e-03
178861.50	1.085e-03	-1.315e-02	3.139e-02
178862.50	5.731e-03	-8.650e-02	-6.163e-02
178863.50	2.976e-03	-2.285e-02	-1.363e-02
178864.50	2.515e-02	7.786e-02	5.299e-02
178865.50	1.478e-02	5.050e-02	-2.755e-04
178866.50	-1.469e-03	9.101e-02	-6.778e-02
178867.50	-4.032e-03	-4.944e-02	4.896e-02
178868.50	-2.342e-03	4.896e-02	8.918e-02
178869.50	2.208e-04	-3.619e-02	-1.286e-01
178870.50	2.352e-03	-5.962e-02	-1.517e-02
178871.50	1.901e-03	2.074e-02	-2.803e-02
178872.50	-9.888e-04	-5.040e-02	2.726e-02
178873.50	6.643e-03	-2.093e-02	2.390e-02
178874.50	-2.947e-03	2.918e-02	7.843e-02
178875.50	-6.067e-03	3.802e-02	9.581e-02
178876.50	1.920e-03	1.334e-01	-6.346e-03
178877.50	1.709e-03	9.792e-03	-7.162e-02
178878.50	-1.459e-02	7.094e-03	-4.128e-02
178879.50	-2.323e-03	4.214e-02	-5.712e-02
178880.50	-3.523e-04	-4.330e-02	-2.390e-02
178881.50	8.304e-04	-2.266e-02	6.182e-02
178882.50	-6.067e-04	6.979e-02	2.918e-02
178883.50	-9.984e-04	-2.947e-02	3.792e-02
178884.50	-3.706e-04	5.962e-02	-2.986e-02
178885.50	-2.966e-04	-7.507e-03	3.312e-02
178886.50	2.909e-04	7.478e-03	-4.042e-02
178887.50	3.552e-04	6.096e-02	-4.099e-04
178888.50	3.773e-03	-1.862e-02	3.936e-02
178889.50	-6.182e-05	-2.678e-02	2.074e-02
178890.50	-2.333e-02	-1.123e-01	4.358e-02
178891.50	-2.880e-02	-9.792e-02	3.120e-02
178892.50	9.149e-04	1.142e-02	-2.659e-02
178893.50	-2.966e-03	7.651e-03	-4.483e-02
178894.50	2.294e-03	-5.395e-02	-1.680e-02
178895.50	-5.827e-05	1.008e-02	-3.802e-02
178896.50	-1.152e-04	7.200e-02	-6.211e-02
178897.50	-4.128e-04	3.878e-02	-1.142e-02
178898.50	-7.728e-04	9.475e-03	-2.918e-02
178899.50	1.085e-03	-2.218e-02	5.645e-02
178900.50	7.248e-04	-4.618e-02	4.502e-02
178901.50	4.570e-04	-5.712e-02	-2.803e-04
178902.50	-4.310e-04	1.555e-02	4.378e-02
178903.50	2.592e-06	6.730e-02	-2.832e-02
178904.50	-6.941e-04	-3.485e-02	-5.818e-02
178905.50	-1.469e-03	1.968e-03	3.494e-02
178906.50	-3.955e-03	4.310e-02	-1.699e-02
178907.50	4.848e-03	-2.899e-02	1.104e-01
178908.50	6.710e-04	1.776e-02	5.357e-04
178909.50	-3.014e-03	-4.637e-02	-3.302e-02
178910.50	2.102e-03	-6.768e-02	4.368e-02
178911.50	1.200e-03	3.562e-02	4.704e-02
178912.50	2.534e-03	-1.142e-02	2.333e-02
178913.50	-3.456e-03	2.659e-02	-6.125e-02
178914.50	-5.146e-04	-5.424e-03	2.544e-02
178915.50	-5.203e-04	-3.283e-02	-1.603e-02
178916.50	1.094e-03	5.290e-02	-6.326e-03
178917.50	-3.715e-03	5.232e-02	-4.502e-02
178918.50	-2.170e-04	9.888e-02	2.698e-02
178919.50	-1.066e-03	-2.189e-02	-4.032e-02
178920.50	9.792e-04	-7.075e-03	3.667e-02
178921.50	4.550e-03	-1.987e-02	3.456e-02
178922.50	-7.363e-05	1.354e-01	-3.936e-02
178923.50	1.210e-04	-3.792e-02	-2.026e-02
178924.50	1.632e-04	-2.515e-02	-2.333e-02
178925.50	-1.978e-03	-7.075e-02	4.387e-03
178926.50	-1.094e-02	7.958e-03	7.699e-02
178927.50	-2.333e-04	-1.642e-02	4.618e-03
178928.50	-2.045e-04	2.938e-02	-4.330e-02
178929.50	5.146e-05	9.197e-03	-3.091e-02
178930.50	-5.645e-04	-5.693e-02	3.504e-02
178931.50	5.702e-04	-5.645e-02	-3.754e-02
178932.50	-1.786e-03	-2.746e-02	2.880e-02
178933.50	1.344e-03	-6.490e-02	1.469e-02
178934.50	1.018e-03	8.976e-04	-1.315e-02
178935.50	8.035e-04	5.261e-02	5.856e-02
178936.50	3.322e-04	-3.542e-02	-4.349e-02
178937.50	2.707e-04	1.949e-02	3.898e-02
178938.50	3.821e-05	5.011e-02	6.883e-02
178939.50	-1.008e-03	1.210e-02	-2.102e-02
178940.50	-1.162e-03	8.822e-03	-2.726e-02
178941.50	-2.198e-02	2.170e-02	-8.064e-02
178942.50	1.046e-03	3.859e-02	-3.821e-02
178943.50	2.698e-04	7.373e-02	3.235e-02
178944.50	4.234e-03	-3.850e-02	1.690e-02
178945.50	2.909e-03	2.083e-02	5.683e-02
178946.50	1.008e-03	-2.006e-02	-2.986e-02
178947.50	-2.986e-04	-3.322e-02	-9.600e-03
178948.50	-8.544e-04	5.779e-03	1.699e-04
178949.50	8.342e-04	-1.334e-03	-1.882e-02
178950.50	-6.883e-04	3.082e-02	-2.534e-02
178951.50	4.550e-05	-2.458e-02	2.832e-02
178952.50	-1.795e-03	3.034e-02	-1.978e-02
178953.50	-6.845e-04	2.285e-04	3.955e-02
178954.50	1.546e-03	-4.541e-02	-3.178e-02
178955.50	-1.238e-02	-2.064e-02	4.282e-02
178956.50	-4.502e-03	3.331e-04	1.526e-02
178957.50	1.450e-03	1.354e-02	-1.632e-02
178958.50	-5.626e-04	-1.075e-02	1.613e-02
