178360.50	0.000e+00	0.000e+00	0.000e+00
178361.50	0.000e+00	0.000e+00	0.000e+00
178362.50	0.000e+00	0.000e+00	0.000e+00
178363.50	0.000e+00	0.000e+00	0.000e+00
178364.50	0.000e+00	0.000e+00	0.000e+00
178365.50	0.000e+00	0.000e+00	0.000e+00
178366.50	0.000e+00	0.000e+00	0.000e+00
178367.50	0.000e+00	0.000e+00	0.000e+00
178368.50	0.000e+00	0.000e+00	0.000e+00
178369.50	0.000e+00	0.000e+00	0.000e+00
178370.50	0.000e+00	0.000e+00	0.000e+00
178371.50	0.000e+00	0.000e+00	0.000e+00
178372.50	0.000e+00	0.000e+00	0.000e+00
178373.50	0.000e+00	0.000e+00	0.000e+00
178374.50	0.000e+00	0.000e+00	0.000e+00
178375.50	0.000e+00	0.000e+00	0.000e+00
178376.50	0.000e+00	0.000e+00	0.000e+00
178377.50	0.000e+00	0.000e+00	0.000e+00
178378.50	0.000e+00	0.000e+00	0.000e+00
178379.50	0.000e+00	0.000e+00	0.000e+00
178380.50	0.000e+00	0.000e+00	0.000e+00
178381.50	0.000e+00	0.000e+00	0.000e+00
178382.50	0.000e+00	0.000e+00	0.000e+00
178383.50	0.000e+00	0.000e+00	0.000e+00
178384.50	0.000e+00	0.000e+00	0.000e+00
178385.50	0.000e+00	0.000e+00	0.000e+00
178386.50	0.000e+00	0.000e+00	0.000e+00
178387.50	0.000e+00	0.000e+00	0.000e+00
178388.50	0.000e+00	0.000e+00	0.000e+00
178389.50	0.000e+00	0.000e+00	0.000e+00
178390.50	0.000e+00	0.000e+00	0.000e+00
178391.50	0.000e+00	0.000e+00	0.000e+00
178392.50	0.000e+00	0.000e+00	0.000e+00
178393.50	0.000e+00	0.000e+00	0.000e+00
178394.50	0.000e+00	0.000e+00	0.000e+00
178395.50	0.000e+00	0.000e+00	0.000e+00
178396.50	0.000e+00	0.000e+00	0.000e+00
178397.50	0.000e+00	0.000e+00	0.000e+00
178398.50	0.000e+00	0.000e+00	0.000e+00
178399.50	0.000e+00	0.000e+00	0.000e+00
178400.50	0.000e+00	0.000e+00	0.000e+00
178401.50	0.000e+00	0.000e+00	0.000e+00
178402.50	0.000e+00	0.000e+00	0.000e+00
178403.50	0.000e+00	0.000e+00	0.000e+00
178404.50	0.000e+00	0.000e+00	0.000e+00
178405.50	0.000e+00	0.000e+00	0.000e+00
178406.50	0.000e+00	0.000e+00	0.000e+00
178407.50	0.000e+00	0.000e+00	0.000e+00
178408.50	0.000e+00	0.000e+00	0.000e+00
178409.50	0.000e+00	0.000e+00	0.000e+00
178410.50	0.000e+00	0.000e+00	0.000e+00
178411.50	0.000e+00	0.000e+00	0.000e+00
178412.50	0.000e+00	0.000e+00	0.000e+00
178413.50	0.000e+00	0.000e+00	0.000e+00
178414.50	0.000e+00	0.000e+00	0.000e+00
178415.50	0.000e+00	0.000e+00	0.000e+00
178416.50	0.000e+00	0.000e+00	0.000e+00
178417.50	0.000e+00	0.000e+00	0.000e+00
178418.50	0.000e+00	0.000e+00	0.000e+00
178419.50	0.000e+00	0.000e+00	0.000e+00
178420.50	0.000e+00	0.000e+00	0.000e+00
178421.50	0.000e+00	0.000e+00	0.000e+00
178422.50	0.000e+00	0.000e+00	0.000e+00
178423.50	0.000e+00	0.000e+00	0.000e+00
178424.50	0.000e+00	0.000e+00	0.000e+00
178425.50	0.000e+00	0.000e+00	0.000e+00
178426.50	0.000e+00	0.000e+00	0.000e+00
178427.50	0.000e+00	0.000e+00	0.000e+00
178428.50	0.000e+00	0.000e+00	0.000e+00
178429.50	0.000e+00	0.000e+00	0.000e+00
178430.50	0.000e+00	0.000e+00	0.000e+00
178431.50	0.000e+00	0.000e+00	0.000e+00
178432.50	0.000e+00	0.000e+00	0.000e+00
178433.50	0.000e+00	0.000e+00	0.000e+00
178434.50	0.000e+00	0.000e+00	0.000e+00
178435.50	0.000e+00	0.000e+00	0.000e+00
178436.50	0.000e+00	0.000e+00	0.000e+00
178437.50	0.000e+00	0.000e+00	0.000e+00
178438.50	0.000e+00	0.000e+00	0.000e+00
178439.50	0.000e+00	0.000e+00	0.000e+00
178440.50	0.000e+00	0.000e+00	0.000e+00
178441.50	0.000e+00	0.000e+00	0.000e+00
178442.50	0.000e+00	0.000e+00	0.000e+00
178443.50	0.000e+00	0.000e+00	0.000e+00
178444.50	0.000e+00	0.000e+00	0.000e+00
178445.50	0.000e+00	0.000e+00	0.000e+00
178446.50	0.000e+00	0.000e+00	0.000e+00
178447.50	0.000e+00	0.000e+00	0.000e+00
178448.50	0.000e+00	0.000e+00	0.000e+00
178449.50	0.000e+00	0.000e+00	0.000e+00
178450.50	0.000e+00	0.000e+00	0.000e+00
178451.50	0.000e+00	0.000e+00	0.000e+00
178452.50	0.000e+00	0.000e+00	0.000e+00
178453.50	0.000e+00	0.000e+00	0.000e+00
178454.50	0.000e+00	0.000e+00	0.000e+00
178455.50	0.000e+00	0.000e+00	0.000e+00
178456.50	0.000e+00	0.000e+00	0.000e+00
178457.50	0.000e+00	0.000e+00	0.000e+00
178458.50	0.000e+00	0.000e+00	0.000e+00
178459.50	0.000e+00	0.000e+00	0.000e+00
178460.50	0.000e+00	0.000e+00	0.000e+00
178461.50	0.000e+00	0.000e+00	0.000e+00
178462.50	0.000e+00	0.000e+00	0.000e+00
178463.50	0.000e+00	0.000e+00	0.000e+00
178464.50	0.000e+00	0.000e+00	0.000e+00
178465.50	0.000e+00	0.000e+00	0.000e+00
178466.50	0.000e+00	0.000e+00	0.000e+00
178467.50	0.000e+00	0.000e+00	0.000e+00
178468.50	0.000e+00	0.000e+00	0.000e+00
178469.50	0.000e+00	0.000e+00	0.000e+00
178470.50	0.000e+00	0.000e+00	0.000e+00
178471.50	0.000e+00	0.000e+00	0.000e+00
178472.50	-1.642e-06	8.150e-05	-2.122e-04
178473.50	1.334e-04	-7.795e-03	-1.123e-02
178474.50	3.370e-04	-1.450e-02	-2.304e-03
178475.50	2.842e-05	-1.498e-03	1.949e-02
178476.50	-2.198e-04	1.027e-02	2.861e-03
178477.50	1.181e-04	-6.634e-03	-1.286e-02
178478.50	-4.224e-05	1.200e-03	-6.720e-03
178479.50	-4.646e-05	9.053e-04	1.440e-03
178480.50	2.371e-05	-2.410e-03	7.200e-03
178481.50	-2.102e-04	1.594e-02	-1.824e-03
178482.50	2.323e-05	-6.010e-04	2.640e-03
178483.50	-3.869e-05	-1.430e-03	-4.666e-03
178484.50	3.552e-04	-3.917e-02	7.613e-04
178485.50	5.443e-04	3.514e-02	1.891e-02
178486.50	6.106e-04	-4.973e-03	-1.142e-02
178487.50	7.795e-05	3.782e-03	-3.178e-03
178488.50	-1.430e-03	3.850e-02	5.309e-02
178489.50	4.781e-04	-3.235e-02	-4.618e-02
178490.50	1.018e-03	-3.034e-02	-1.709e-02
178491.50	2.909e-03	-2.083e-01	6.403e-03
178492.50	1.094e-03	1.776e-02	-1.094e-01
178493.50	-2.717e-03	8.640e-02	1.229e-01
178494.50	1.152e-02	-1.037e+00	6.989e-02
178495.50	3.206e-02	-3.485e+00	5.462e-01
178496.50	1.584e-01	-1.709e+01	1.498e+00
178497.50	5.875e-01	-5.904e+01	-1.392e+00
178498.50	1.565e+00	-1.613e+02	-5.165e+00
178499.50	2.890e+00	-3.264e+02	1.200e+01
178500.50	2.640e+00	-2.947e+02	4.733e-02
178501.50	3.350e+00	-3.869e+02	2.544e+00
178502.50	2.102e+00	-2.544e+02	6.528e+00
178503.50	-5.386e-02	1.411e+01	-1.104e+01
178504.50	-9.696e-01	1.085e+02	4.896e+00
178505.50	-1.085e+00	1.382e+02	-6.998e+00
178506.50	-9.792e-01	1.114e+02	3.802e+00
178507.50	-7.766e-01	9.370e+01	-2.861e+00
178508.50	-6.595e-01	8.515e+01	-9.082e+00
178509.50	-6.960e-01	7.709e+01	2.851e+00
178510.50	-6.125e-01	6.787e+01	2.832e+00
178511.50	-4.502e-01	5.530e+01	-3.120e+00
178512.50	-4.915e-01	5.376e+01	1.123e+00
178513.50	-4.349e-01	5.107e+01	-2.266e+00
178514.50	-3.571e-01	4.483e+01	-4.896e+00
178515.50	-3.648e-01	4.022e+01	-3.379e-01
178516.50	-3.427e-01	3.696e+01	7.181e-01
178517.50	-3.034e-01	3.254e+01	1.238e+00
178518.50	-2.822e-01	3.235e+01	-1.046e+00
178519.50	-2.986e-01	2.928e+01	3.523e+00
178520.50	-2.323e-01	2.352e+01	1.670e+00
178521.50	-2.256e-01	2.362e+01	1.277e+00
178522.50	-1.488e-01	1.978e+01	-3.322e+00
178523.50	-1.584e-01	1.968e+01	-3.216e+00
178524.50	-1.718e-01	2.006e+01	-1.075e+00
178525.50	-1.853e-01	1.853e+01	2.486e+00
178526.50	-1.728e-01	1.738e+01	1.094e+00
178527.50	-1.325e-01	1.507e+01	-2.237e-01
178528.50	-1.622e-01	1.661e+01	9.696e-01
178529.50	-1.296e-01	1.373e+01	7.786e-01
178530.50	-1.200e-01	1.306e+01	-3.994e-01
178531.50	-1.027e-01	1.094e+01	-6.182e-01
178532.50	-1.027e-01	1.152e+01	-8.602e-01
178533.50	-7.901e-02	1.008e+01	-1.690e+00
178534.50	-8.726e-02	8.746e+00	1.085e+00
178535.50	-7.805e-02	9.494e+00	-7.133e-01
178536.50	-8.698e-02	8.621e+00	7.603e-01
178537.50	-1.008e-01	9.984e+00	5.808e-01
178538.50	-6.835e-02	6.710e+00	-3.744e-01
178539.50	-7.478e-02	8.083e+00	5.261e-01
178540.50	-8.400e-02	6.730e+00	1.920e+00
178541.50	-6.480e-02	6.250e+00	5.904e-01
178542.50	-7.334e-02	5.779e+00	1.718e+00
178543.50	-6.086e-02	5.914e+00	8.717e-02
178544.50	-5.894e-02	5.923e+00	2.880e-03
178545.50	-5.501e-02	6.134e+00	-1.392e-01
178546.50	-3.984e-02	4.320e+00	-4.445e-01
178547.50	-5.501e-02	4.790e+00	7.344e-01
178548.50	-3.264e-02	4.282e+00	-1.171e+00
178549.50	-2.880e-02	3.734e+00	5.990e-02
178550.50	-4.454e-02	4.435e+00	4.214e-01
178551.50	-3.178e-02	3.802e+00	-5.290e-01
178552.50	-3.446e-02	3.965e+00	-1.910e-01
178553.50	-4.867e-02	4.272e+00	7.939e-01
178554.50	-3.235e-02	2.237e+00	7.018e-01
178555.50	-3.254e-02	3.677e+00	-7.978e-02
178556.50	-3.802e-02	2.736e+00	1.018e+00
178557.50	-3.446e-02	3.350e+00	-6.605e-02
178558.50	-2.131e-02	2.640e+00	-7.853e-01
178559.50	-2.486e-02	2.592e+00	2.755e-01
178560.50	-2.035e-02	2.208e+00	2.765e-01
178561.50	-2.506e-02	2.525e+00	1.123e-01
178562.50	-2.064e-02	2.467e+00	-2.438e-01
178563.50	-1.267e-02	1.958e+00	-2.237e-01
178564.50	-1.805e-02	8.218e-01	3.619e-01
178565.50	-6.758e-03	1.776e+00	-1.526e-01
178566.50	-9.792e-03	1.315e+00	-4.474e-01
178567.50	-3.322e-02	2.410e+00	9.696e-01
178568.50	-1.277e-02	1.738e+00	-9.034e-02
178569.50	-2.525e-02	2.294e+00	-3.312e-01
178570.50	-2.218e-02	1.565e+00	1.075e-01
178571.50	-9.072e-03	1.190e+00	-4.733e-01
178572.50	-1.181e-02	1.738e+00	-5.866e-01
178573.50	-9.533e-03	1.277e+00	-3.955e-01
178574.50	-1.642e-02	1.286e+00	2.122e-01
178575.50	-1.046e-02	1.056e+00	4.349e-01
178576.50	2.688e-03	1.536e+00	2.294e-02
178577.50	7.440e-03	8.419e-01	3.331e-02
178578.50	-7.594e-03	1.286e+00	2.131e-01
178579.50	-5.165e-03	1.037e+00	-9.504e-02
178580.50	-1.565e-02	5.520e-01	4.339e-01
178581.50	-2.064e-02	1.229e+00	-1.075e-01
178582.50	-4.579e-03	5.520e-01	-8.026e-02
178583.50	1.834e-03	3.322e-01	-3.917e-02
178584.50	-5.549e-03	7.718e-01	-9.053e-02
178585.50	-1.056e-02	5.462e-01	2.947e-01
178586.50	-1.056e-02	9.696e-01	-1.853e-01
178587.50	-1.248e-02	1.392e+00	-3.888e-01
178588.50	-3.917e-03	6.797e-01	-4.675e-01
178589.50	7.642e-04	3.110e-01	-3.485e-01
178590.50	-1.450e-02	6.346e-01	7.008e-01
178591.50	-3.514e-03	4.013e-01	1.853e-01
178592.50	-6.010e-03	6.173e-01	-2.650e-01
178593.50	-1.152e-02	6.202e-01	1.661e-01
178594.50	-6.029e-03	1.286e-01	2.122e-01
178595.50	-5.050e-03	1.066e+00	-2.352e-01
178596.50	-1.219e-02	4.973e-01	3.341e-01
178597.50	-4.224e-03	4.512e-01	-1.027e-01
178598.50	-3.994e-03	6.307e-01	-1.085e-01
178599.50	-1.325e-03	3.581e-01	-2.371e-01
178600.50	6.874e-04	3.034e-01	-3.005e-01
178601.50	-5.146e-03	6.518e-01	-9.466e-02
178602.50	-2.064e-02	4.330e-02	1.546e-01
178603.50	-3.302e-02	5.098e-01	3.600e-01
178604.50	-5.261e-03	4.138e-01	3.869e-02
178605.50	-5.568e-03	1.210e-01	1.133e-01
178606.50	-1.248e-03	8.707e-02	-2.256e-02
178607.50	-6.518e-03	6.096e-01	5.040e-02
178608.50	1.046e-02	2.227e-01	1.286e-01
178609.50	3.782e-03	2.256e-01	-4.445e-02
178610.50	-2.842e-02	2.851e-01	-1.248e-01
178611.50	-1.229e-02	3.427e-01	-9.197e-02
178612.50	-3.130e-03	2.698e-03	-2.899e-01
178613.50	4.109e-03	5.741e-01	4.224e-01
178614.50	1.075e-02	4.886e-01	-4.090e-01
178615.50	-3.859e-03	5.808e-01	1.469e-01
178616.50	-2.717e-02	-1.786e-01	3.878e-01
178617.50	1.498e-01	1.478e-01	-3.802e-01
178618.50	-1.190e-01	5.683e-01	6.826e-01
178619.50	-5.702e-02	-1.181e-02	1.382e-01
178620.50	1.872e-04	4.762e-01	5.069e-02
178621.50	-3.475e-03	2.381e-01	-6.864e-02
178622.50	4.330e-04	4.042e-01	-4.042e-01
178623.50	-4.282e-03	3.859e-01	-2.650e-01
178624.50	-5.069e-03	-9.418e-02	-4.483e-02
178625.50	-1.286e-02	1.699e-02	4.301e-01
178626.50	-9.600e-03	-1.949e-01	-2.976e-01
178627.50	9.888e-03	4.550e-01	-3.312e-01
178628.50	5.520e-02	-2.544e-01	-3.869e-01
178629.50	-1.958e-03	4.858e-02	2.707e-01
178630.50	1.094e-03	6.518e-02	1.565e-01
178631.50	5.117e-02	7.949e-01	4.282e-02
178632.50	1.795e-02	3.350e-01	1.834e-01
178633.50	-6.173e-03	2.170e-01	2.477e-01
178634.50	-2.227e-03	1.488e-01	-2.525e-02
178635.50	3.984e-03	9.888e-02	-3.888e-01
178636.50	-3.331e-03	3.418e-01	1.382e-01
178637.50	-4.531e-03	2.112e-01	-4.646e-02
178638.50	-3.302e-03	9.696e-03	8.976e-02
178639.50	2.842e-03	1.114e-01	-8.189e-02
178640.50	2.707e-03	3.043e-01	8.582e-02
178641.50	3.485e-03	-8.554e-02	1.651e-01
178642.50	-1.642e-03	1.123e-01	-4.022e-02
178643.50	-2.899e-03	1.258e-01	9.600e-02
178644.50	1.344e-03	1.094e-01	-1.152e-01
178645.50	-2.141e-03	1.046e-01	2.122e-02
178646.50	-1.642e-03	-4.195e-02	1.814e-02
178647.50	-3.744e-03	2.227e-01	1.776e-01
178648.50	-2.122e-03	1.555e-01	1.200e-01
178649.50	-6.365e-04	3.254e-03	-1.085e-02
178650.50	2.928e-03	1.488e-01	-1.853e-01
178651.50	-1.114e-03	1.891e-01	-2.237e-01
178652.50	1.699e-03	-7.075e-02	1.190e-01
178653.50	1.142e-03	-9.561e-02	-2.083e-01
178654.50	-9.130e-04	1.814e-01	-1.939e-01
178655.50	-2.506e-03	-5.962e-03	1.613e-01
178656.50	-4.099e-04	2.755e-02	-3.523e-02
178657.50	1.594e-03	6.912e-02	-3.725e-02
178658.50	5.472e-03	-2.486e-01	1.037e-01
178659.50	-4.858e-04	1.670e-01	-6.778e-02
178660.50	-6.144e-03	3.427e-01	5.885e-02
178661.50	-1.286e-04	2.755e-02	3.187e-02
178662.50	-3.600e-03	3.590e-01	3.773e-02
178663.50	9.082e-04	7.930e-02	-1.478e-03
178664.50	2.381e-03	2.947e-02	1.958e-01
178665.50	3.754e-03	9.888e-02	-9.590e-02
178666.50	-4.781e-03	1.104e-01	2.698e-01
178667.50	6.835e-03	-5.702e-02	-8.659e-02
178668.50	-2.957e-03	1.373e-01	-9.561e-02
178669.50	-1.978e-03	2.746e-02	-4.493e-02
178670.50	6.106e-03	-1.354e-02	-1.114e-01
178671.50	2.640e-04	4.272e-02	7.373e-02
178672.50	-9.408e-04	6.326e-02	3.706e-02
178673.50	-3.398e-03	2.899e-01	-8.381e-02
178674.50	2.755e-03	-1.478e-01	6.067e-02
178675.50	3.389e-03	-1.920e-01	1.843e-02
178676.50	-8.045e-04	4.838e-02	1.066e-02
178677.50	-2.131e-03	2.314e-01	-7.066e-03
178678.50	-1.843e-03	2.880e-01	-1.872e-01
178679.50	1.651e-03	3.917e-02	4.454e-04
178680.50	6.019e-03	1.142e-01	1.210e-01
178681.50	5.530e-04	5.242e-02	-3.686e-02
178682.50	1.094e-03	-3.629e-02	1.363e-01
178683.50	4.944e-04	8.266e-02	8.563e-02
178684.50	-6.864e-04	-1.094e-01	-3.427e-02
178685.50	-2.688e-03	3.216e-02	1.258e-01
178686.50	3.984e-03	1.066e-01	-8.486e-02
178687.50	-9.984e-03	2.304e-01	-1.546e-02
178688.50	-6.566e-03	-8.294e-02	-1.613e-01
178689.50	-8.736e-03	-8.189e-02	-4.502e-02
178690.50	1.565e-02	-4.781e-02	2.621e-01
178691.50	3.418e-03	-8.947e-03	-3.178e-03
178692.50	1.622e-03	-4.214e-02	6.432e-02
178693.50	-4.598e-03	6.826e-02	1.574e-01
178694.50	-5.741e-03	2.966e-01	3.149e-01
178695.50	-3.667e-04	4.714e-02	5.280e-02
178696.50	-2.582e-03	-1.834e-01	-3.994e-02
178697.50	-5.184e-04	-2.218e-02	-3.206e-01
178698.50	-1.171e-03	8.026e-02	6.346e-02
178699.50	4.291e-04	-4.742e-02	8.304e-02
178700.50	3.293e-04	5.386e-02	-5.866e-02
178701.50	-8.909e-05	-5.328e-03	1.795e-02
178702.50	-1.056e-02	1.642e-01	7.939e-02
178703.50	-1.632e-03	3.312e-02	-8.995e-02
178704.50	-3.091e-04	-7.162e-02	-1.910e-02
178705.50	-1.526e-03	2.131e-01	2.928e-02
178706.50	4.042e-03	-6.202e-02	-1.094e-01
178707.50	6.749e-04	-6.787e-02	2.746e-02
178708.50	1.450e-03	-1.958e-01	1.920e-01
178709.50	-4.378e-04	-9.082e-02	1.699e-01
178710.50	7.738e-03	5.818e-02	1.642e-02
178711.50	-6.067e-03	1.478e-01	7.037e-02
178712.50	-3.014e-03	3.264e-02	-2.496e-02
178713.50	-4.406e-03	1.488e-01	3.370e-03
178714.50	3.254e-04	1.738e-01	-4.253e-02
178715.50	3.216e-03	-5.155e-02	-3.571e-02
178716.50	-2.976e-03	5.530e-02	-3.898e-02
178717.50	4.368e-03	-6.797e-02	-1.584e-01
178718.50	1.853e-03	3.331e-02	-1.219e-01
178719.50	-1.536e-03	-1.018e-01	9.792e-02
178720.50	-8.995e-04	-3.658e-03	1.248e-01
178721.50	-5.875e-04	-1.517e-03	-3.773e-02
178722.50	-5.635e-04	-1.853e-02	-1.238e-01
178723.50	-1.363e-03	6.058e-02	-1.190e-02
178724.50	-2.400e-03	-6.067e-02	7.325e-02
178725.50	-3.322e-03	2.611e-02	-2.861e-03
178726.50	4.992e-03	1.901e-01	-1.334e-01
178727.50	-6.835e-03	1.018e-01	-3.514e-02
178728.50	-2.765e-04	7.690e-04	1.248e-01
178729.50	2.179e-03	4.646e-02	-9.456e-03
178730.50	4.358e-03	-2.294e-02	-5.117e-02
178731.50	6.221e-03	7.152e-02	4.166e-03
178732.50	-3.254e-04	1.104e-01	-1.546e-02
178733.50	-4.282e-03	5.866e-03	-3.091e-02
178734.50	6.029e-05	-8.880e-02	1.757e-01
178735.50	2.966e-03	-3.917e-02	-5.261e-02
178736.50	-3.658e-03	1.373e-01	6.221e-03
178737.50	-1.229e-03	3.466e-02	-4.291e-02
178738.50	1.200e-02	-1.478e-01	-9.082e-02
178739.50	9.082e-03	-1.421e-01	-1.498e-01
178740.50	4.886e-04	4.358e-03	2.726e-02
178741.50	-1.306e-03	2.477e-02	9.792e-02
178742.50	-2.362e-03	4.848e-02	-4.589e-02
178743.50	-1.258e-02	1.238e-02	1.008e-02
178744.50	2.352e-03	-1.306e-02	-1.603e-02
178745.50	3.619e-03	4.666e-02	-9.302e-02
178746.50	7.642e-04	8.650e-02	-2.390e-02
178747.50	-2.035e-03	-4.934e-02	1.210e-01
178748.50	-2.246e-04	-8.611e-02	-3.350e-02
178749.50	-3.158e-02	-1.450e-01	-4.214e-02
178750.50	-1.152e-03	2.189e-01	3.658e-02
178751.50	-1.670e-03	6.154e-02	7.862e-02
178752.50	2.957e-03	-8.342e-02	1.162e-01
178753.50	-2.602e-03	6.902e-03	2.131e-02
178754.50	1.133e-03	-6.682e-02	-4.790e-02
178755.50	2.198e-04	8.314e-03	-8.746e-02
178756.50	2.803e-03	-3.600e-02	-6.499e-02
178757.50	7.306e-04	-1.766e-02	1.382e-01
178758.50	-2.870e-04	2.333e-02	-9.984e-02
178759.50	3.283e-03	8.150e-04	-5.078e-05
178760.50	-5.002e-03	-4.550e-03	1.498e-01
178761.50	1.661e-03	2.122e-02	7.709e-03
178762.50	-3.514e-03	4.214e-02	-3.446e-02
178763.50	1.277e-03	3.638e-02	2.842e-02
178764.50	5.635e-04	-2.976e-02	6.739e-02
178765.50	4.704e-04	1.421e-01	-6.211e-02
178766.50	-9.350e-05	8.573e-02	-4.070e-02
178767.50	4.339e-04	-5.472e-02	4.205e-04
178768.50	-3.725e-04	4.589e-02	2.957e-02
178769.50	6.029e-05	1.104e-01	-1.718e-02
178770.50	1.027e-02	-8.746e-02	-2.842e-02
178771.50	6.730e-03	2.870e-03	-1.891e-02
178772.50	6.950e-03	-1.181e-01	5.674e-03
178773.50	-1.402e-02	8.438e-02	-6.557e-02
178774.50	-1.267e-04	3.216e-02	1.901e-02
178775.50	-6.998e-03	1.450e-01	4.915e-02
178776.50	2.083e-03	-1.018e-01	-8.141e-03
178777.50	1.526e-02	-1.478e-02	3.398e-02
178778.50	3.715e-03	-1.200e-01	-6.739e-03
178779.50	3.283e-02	1.728e-01	-5.232e-02
178780.50	7.603e-03	-2.093e-03	3.907e-02
178781.50	-2.246e-03	5.213e-03	-2.515e-02
178782.50	-2.102e-02	7.584e-02	-5.914e-02
178783.50	-1.123e-03	1.027e-01	-2.746e-02
178784.50	3.389e-03	-3.043e-02	-4.358e-02
178785.50	-3.984e-04	-6.048e-02	3.466e-02
178786.50	-3.926e-03	4.080e-02	9.696e-02
178787.50	-1.373e-03	2.515e-02	-1.978e-02
178788.50	-1.766e-04	-1.046e-01	-1.382e-01
178789.50	4.810e-03	-8.486e-02	-2.794e-02
178790.50	4.310e-03	-4.032e-02	-3.667e-02
178791.50	-6.480e-03	1.190e-01	-1.901e-01
178792.50	-2.266e-04	-9.984e-02	2.170e-02
178793.50	-7.277e-04	9.888e-02	1.018e-01
178794.50	-3.437e-03	1.075e-01	4.214e-02
178795.50	6.538e-04	-6.643e-02	1.210e-01
178796.50	2.246e-03	-1.478e-02	-9.168e-02
178797.50	-1.632e-03	6.403e-02	1.056e-01
178798.50	-2.669e-03	1.747e-02	4.838e-02
178799.50	-7.315e-04	-9.696e-02	1.978e-02
178800.50	-1.584e-02	-7.661e-02	6.317e-02
178801.50	-3.581e-02	-4.109e-02	-2.266e-02
178802.50	-1.142e-03	1.402e-03	-7.853e-02
178803.50	-2.400e-03	7.680e-02	5.962e-02
178804.50	4.819e-04	-1.978e-02	7.805e-03
178805.50	3.091e-04	1.843e-02	-3.178e-02
178806.50	7.162e-04	-8.256e-02	-2.938e-02
178807.50	1.162e-03	-4.848e-02	-3.821e-02
178808.50	-6.912e-04	-1.488e-02	3.658e-02
178809.50	1.805e-03	-3.571e-02	-6.038e-02
178810.50	-1.728e-03	9.101e-02	1.517e-02
178811.50	-8.477e-04	-3.293e-02	-2.016e-02
178812.50	-1.738e-03	9.792e-02	5.107e-02
178813.50	-9.600e-05	-3.523e-02	-4.378e-03
178814.50	1.661e-03	-1.430e-02	6.960e-02
178815.50	-6.211e-04	-2.458e-02	-5.971e-02
178816.50	1.574e-03	-7.200e-03	-5.376e-03
178817.50	-7.229e-03	6.749e-02	-1.402e-01
178818.50	1.642e-04	1.094e-02	4.896e-03
178819.50	-1.987e-03	6.730e-02	2.093e-02
178820.50	-4.320e-03	1.018e-01	-5.530e-02
178821.50	-8.909e-05	-6.077e-02	-1.325e-02
178822.50	-4.109e-03	8.726e-02	1.008e-01
178823.50	-4.589e-04	1.574e-02	2.813e-02
178824.50	-1.834e-03	-7.238e-02	8.016e-02
178825.50	1.632e-03	7.709e-03	-8.611e-02
178826.50	-1.171e-04	2.083e-03	4.032e-04
178827.50	-1.517e-03	1.066e-01	-5.059e-02
178828.50	-3.917e-05	-5.232e-02	1.498e-02
178829.50	3.187e-03	-2.890e-02	5.472e-02
178830.50	-1.373e-03	-1.690e-03	2.189e-02
178831.50	-1.046e-02	-8.669e-02	6.154e-02
178832.50	-1.344e-04	2.419e-02	6.413e-02
178833.50	7.229e-03	1.709e-02	-8.304e-02
178834.50	2.179e-03	1.699e-01	-3.888e-02
178835.50	2.467e-04	-9.523e-02	-4.013e-02
178836.50	5.242e-03	-7.306e-02	3.110e-02
178837.50	-1.507e-03	-1.728e-02	1.478e-01
178838.50	-3.283e-03	2.995e-02	-2.352e-02
178839.50	1.075e-03	-4.877e-02	-1.958e-02
178840.50	-9.302e-05	3.226e-02	2.160e-03
178841.50	-6.691e-04	-1.296e-02	4.733e-02
178842.50	2.573e-03	-5.261e-03	2.986e-02
178843.50	1.459e-03	-6.653e-02	-1.498e-02
178844.50	-4.493e-03	5.462e-02	-1.402e-01
178845.50	2.266e-03	6.979e-02	-5.750e-02
178846.50	5.702e-02	-2.650e-01	-3.917e-02
178847.50	-5.136e-03	-1.363e-02	-3.542e-02
178848.50	6.758e-03	1.094e-01	-2.410e-02
178849.50	-4.714e-03	-2.170e-02	3.734e-02
178850.50	-1.382e-03	5.136e-02	-1.008e-01
178851.50	2.198e-04	8.890e-02	-7.910e-03
178852.50	-1.238e-02	-1.469e-02	1.786e-01
178853.50	-7.795e-03	-1.133e-01	8.102e-02
178854.50	-3.168e-04	4.205e-02	-6.864e-02
178855.50	2.026e-04	-3.466e-02	-8.774e-03
178856.50	-7.056e-03	1.056e-01	2.803e-02
178857.50	-2.851e-03	1.104e-02	-1.728e-02
178858.50	3.034e-03	-4.291e-03	1.651e-02
178859.50	-8.650e-03	-6.480e-02	4.454e-02
178860.50	-3.648e-03	-7.699e-02	6.010e-03
178861.50	4.368e-04	-1.037e-02	-1.430e-02
178862.50	6.547e-04	1.325e-01	7.680e-02
178863.50	1.910e-02	-9.274e-02	4.253e-02
178864.50	6.758e-03	-9.350e-02	3.072e-02
178865.50	-4.694e-04	8.458e-02	-3.168e-02
178866.50	-4.896e-04	-4.426e-02	-3.629e-02
178867.50	9.034e-03	-5.088e-02	2.678e-02
178868.50	1.200e-03	2.669e-02	1.210e-02
178869.50	-2.592e-05	5.424e-02	4.157e-02
178870.50	-2.371e-03	-5.078e-02	-3.130e-03
178871.50	7.766e-03	4.051e-02	-6.010e-02
178872.50	-8.486e-04	-5.386e-04	-9.984e-03
178873.50	1.325e-02	-5.328e-02	1.094e-01
178874.50	-6.998e-02	-2.429e-01	1.613e-02
178875.50	7.478e-03	8.986e-02	6.288e-02
178876.50	1.210e-03	2.813e-02	-4.320e-03
178877.50	-2.198e-03	3.245e-02	-7.402e-02
178878.50	1.507e-03	-2.179e-02	-5.405e-03
178879.50	1.805e-03	1.613e-02	-5.443e-02
178880.50	-1.997e-03	3.226e-02	-6.307e-02
178881.50	-4.090e-03	-5.539e-02	2.112e-02
178882.50	-1.027e-02	1.680e-02	-3.475e-02
178883.50	5.808e-04	4.982e-02	-6.442e-02
178884.50	-1.613e-03	-2.477e-02	6.931e-03
178885.50	2.064e-03	-5.933e-02	6.605e-02
178886.50	-1.027e-03	3.043e-02	-9.034e-03
178887.50	-3.139e-03	1.814e-02	1.910e-02
178888.50	-8.918e-04	2.208e-02	-5.386e-02
178889.50	-1.680e-02	-2.429e-03	-2.659e-02
178890.50	-1.200e-03	-2.621e-02	-3.110e-02
178891.50	-2.909e-06	2.208e-02	-3.533e-02
178892.50	-1.642e-03	3.600e-02	2.698e-02
178893.50	2.179e-03	-3.034e-02	3.754e-02
178894.50	-1.450e-03	7.363e-02	-1.258e-03
178895.50	-5.405e-04	3.053e-02	2.458e-03
178896.50	5.837e-02	1.085e-01	1.229e-01
178897.50	3.917e-02	1.958e-01	8.438e-02
178898.50	-3.533e-02	-1.450e-01	-3.917e-02
178899.50	-5.827e-03	-2.035e-02	2.669e-02
178900.50	-1.219e-03	6.067e-02	-1.920e-02
178901.50	-8.813e-03	-1.066e-02	2.534e-02
178902.50	1.843e-03	-6.077e-02	4.090e-02
178903.50	2.045e-03	-7.200e-02	-2.390e-02
178904.50	-6.413e-04	-6.000e-02	-3.206e-02
178905.50	6.806e-04	3.370e-02	-2.064e-02
178906.50	1.440e-02	4.080e-02	3.350e-02
178907.50	6.480e-04	4.310e-02	-2.323e-02
178908.50	-1.718e-02	-5.875e-02	8.285e-02
178909.50	-4.464e-02	-1.901e-01	1.046e-02
178910.50	7.853e-04	-4.618e-02	-5.856e-02
178911.50	-8.746e-04	3.322e-02	-5.789e-02
178912.50	-5.069e-04	9.792e-02	-1.114e-02
178913.50	3.965e-04	-5.395e-02	3.763e-02
178914.50	-4.675e-03	5.798e-02	-2.640e-02
178915.50	-4.272e-04	-9.888e-03	-6.451e-02
178916.50	-2.218e-03	1.699e-02	-1.843e-02
178917.50	-1.469e-03	-5.126e-03	3.446e-03
178918.50	1.555e-03	-3.418e-02	-3.360e-02
178919.50	-4.003e-04	2.496e-02	1.699e-02
178920.50	-9.888e-04	2.544e-02	8.323e-03
178921.50	9.552e-04	-3.888e-02	4.291e-03
178922.50	6.893e-04	-1.920e-02	1.296e-02
178923.50	-7.018e-04	7.651e-02	2.765e-02
178924.50	2.573e-03	-1.430e-02	-1.488e-02
178925.50	-8.602e-04	2.602e-02	5.635e-02
178926.50	-4.858e-04	-2.832e-02	6.010e-02
178927.50	8.630e-04	-5.078e-02	1.296e-02
178928.50	2.890e-04	-2.899e-03	-7.190e-04
178929.50	8.784e-04	4.032e-03	1.267e-02
178930.50	-2.563e-04	-2.390e-02	-1.786e-04
178931.50	-2.496e-03	5.242e-02	3.302e-03
178932.50	-1.344e-03	-1.670e-02	-2.016e-02
178933.50	6.998e-03	-2.621e-02	1.882e-02
178934.50	-3.571e-04	9.139e-02	3.773e-03
178935.50	9.446e-04	-4.032e-02	-3.178e-02
178936.50	-8.582e-04	-3.638e-02	3.130e-04
178937.50	-2.074e-03	8.976e-02	7.411e-03
178938.50	-1.018e-04	4.771e-02	2.813e-02
178939.50	1.891e-02	-4.061e-02	3.024e-02
178940.50	1.699e-01	-1.920e-01	2.256e-01
178941.50	-2.160e-03	2.285e-02	-8.506e-03
178942.50	1.181e-03	9.523e-03	2.112e-02
178943.50	1.450e-03	-3.034e-02	3.024e-02
178944.50	2.054e-03	6.893e-02	5.856e-02
178945.50	7.382e-02	-1.152e-01	8.371e-02
178946.50	5.827e-02	-9.043e-02	5.750e-02
178947.50	-2.112e-03	-1.805e-02	1.718e-02
178948.50	-7.066e-04	1.555e-02	-3.302e-02
178949.50	-5.866e-02	-2.726e-01	-2.630e-01
178950.50	-8.890e-03	-3.504e-02	-6.250e-02
178951.50	-1.392e-01	1.958e-01	-2.054e-01
178952.50	-9.696e-02	1.526e-01	-1.142e-01
178953.50	1.219e-04	1.469e-02	-1.190e-02
178954.50	4.205e-04	-1.805e-02	-1.757e-02
178955.50	4.195e-04	2.938e-02	-5.866e-02
178956.50	-8.659e-03	2.045e-01	1.190e-01
178957.50	-2.640e-03	5.098e-02	9.293e-02
178958.50	-4.982e-04	1.594e-02	9.984e-03
