178360.50	0.000e+00	0.000e+00	0.000e+00
178361.50	0.000e+00	0.000e+00	0.000e+00
178362.50	0.000e+00	0.000e+00	0.000e+00
178363.50	0.000e+00	0.000e+00	0.000e+00
178364.50	0.000e+00	0.000e+00	0.000e+00
178365.50	0.000e+00	0.000e+00	0.000e+00
178366.50	0.000e+00	0.000e+00	0.000e+00
178367.50	0.000e+00	0.000e+00	0.000e+00
178368.50	0.000e+00	0.000e+00	0.000e+00
178369.50	0.000e+00	0.000e+00	0.000e+00
178370.50	0.000e+00	0.000e+00	0.000e+00
178371.50	0.000e+00	0.000e+00	0.000e+00
178372.50	0.000e+00	0.000e+00	0.000e+00
178373.50	0.000e+00	0.000e+00	0.000e+00
178374.50	0.000e+00	0.000e+00	0.000e+00
178375.50	0.000e+00	0.000e+00	0.000e+00
178376.50	0.000e+00	0.000e+00	0.000e+00
178377.50	0.000e+00	0.000e+00	0.000e+00
178378.50	0.000e+00	0.000e+00	0.000e+00
178379.50	0.000e+00	0.000e+00	0.000e+00
178380.50	0.000e+00	0.000e+00	0.000e+00
178381.50	0.000e+00	0.000e+00	0.000e+00
178382.50	0.000e+00	0.000e+00	0.000e+00
178383.50	0.000e+00	0.000e+00	0.000e+00
178384.50	0.000e+00	0.000e+00	0.000e+00
178385.50	0.000e+00	0.000e+00	0.000e+00
178386.50	0.000e+00	0.000e+00	0.000e+00
178387.50	0.000e+00	0.000e+00	0.000e+00
178388.50	0.000e+00	0.000e+00	0.000e+00
178389.50	0.000e+00	0.000e+00	0.000e+00
178390.50	0.000e+00	0.000e+00	0.000e+00
178391.50	0.000e+00	0.000e+00	0.000e+00
178392.50	0.000e+00	0.000e+00	0.000e+00
178393.50	0.000e+00	0.000e+00	0.000e+00
178394.50	0.000e+00	0.000e+00	0.000e+00
178395.50	0.000e+00	0.000e+00	0.000e+00
178396.50	0.000e+00	0.000e+00	0.000e+00
178397.50	0.000e+00	0.000e+00	0.000e+00
178398.50	0.000e+00	0.000e+00	0.000e+00
178399.50	0.000e+00	0.000e+00	0.000e+00
178400.50	0.000e+00	0.000e+00	0.000e+00
178401.50	0.000e+00	0.000e+00	0.000e+00
178402.50	0.000e+00	0.000e+00	0.000e+00
178403.50	0.000e+00	0.000e+00	0.000e+00
178404.50	0.000e+00	0.000e+00	0.000e+00
178405.50	0.000e+00	0.000e+00	0.000e+00
178406.50	0.000e+00	0.000e+00	0.000e+00
178407.50	0.000e+00	0.000e+00	0.000e+00
178408.50	0.000e+00	0.000e+00	0.000e+00
178409.50	0.000e+00	0.000e+00	0.000e+00
178410.50	0.000e+00	0.000e+00	0.000e+00
178411.50	0.000e+00	0.000e+00	0.000e+00
178412.50	0.000e+00	0.000e+00	0.000e+00
178413.50	0.000e+00	0.000e+00	0.000e+00
178414.50	0.000e+00	0.000e+00	0.000e+00
178415.50	0.000e+00	0.000e+00	0.000e+00
178416.50	0.000e+00	0.000e+00	0.000e+00
178417.50	0.000e+00	0.000e+00	0.000e+00
178418.50	0.000e+00	0.000e+00	0.000e+00
178419.50	0.000e+00	0.000e+00	0.000e+00
178420.50	0.000e+00	0.000e+00	0.000e+00
178421.50	0.000e+00	0.000e+00	0.000e+00
178422.50	0.000e+00	0.000e+00	0.000e+00
178423.50	0.000e+00	0.000e+00	0.000e+00
178424.50	0.000e+00	0.000e+00	0.000e+00
178425.50	0.000e+00	0.000e+00	0.000e+00
178426.50	0.000e+00	0.000e+00	0.000e+00
178427.50	0.000e+00	0.000e+00	0.000e+00
178428.50	0.000e+00	0.000e+00	0.000e+00
178429.50	0.000e+00	0.000e+00	0.000e+00
178430.50	0.000e+00	0.000e+00	0.000e+00
178431.50	0.000e+00	0.000e+00	0.000e+00
178432.50	0.000e+00	0.000e+00	0.000e+00
178433.50	0.000e+00	0.000e+00	0.000e+00
178434.50	0.000e+00	0.000e+00	0.000e+00
178435.50	0.000e+00	0.000e+00	0.000e+00
178436.50	0.000e+00	0.000e+00	0.000e+00
178437.50	0.000e+00	0.000e+00	0.000e+00
178438.50	0.000e+00	0.000e+00	0.000e+00
178439.50	0.000e+00	0.000e+00	0.000e+00
178440.50	0.000e+00	0.000e+00	0.000e+00
178441.50	0.000e+00	0.000e+00	0.000e+00
178442.50	0.000e+00	0.000e+00	0.000e+00
178443.50	0.000e+00	0.000e+00	0.000e+00
178444.50	0.000e+00	0.000e+00	0.000e+00
178445.50	0.000e+00	0.000e+00	0.000e+00
178446.50	0.000e+00	0.000e+00	0.000e+00
178447.50	0.000e+00	0.000e+00	0.000e+00
178448.50	0.000e+00	0.000e+00	0.000e+00
178449.50	0.000e+00	0.000e+00	0.000e+00
178450.50	0.000e+00	0.000e+00	0.000e+00
178451.50	0.000e+00	0.000e+00	0.000e+00
178452.50	0.000e+00	0.000e+00	0.000e+00
178453.50	0.000e+00	0.000e+00	0.000e+00
178454.50	0.000e+00	0.000e+00	0.000e+00
178455.50	0.000e+00	0.000e+00	0.000e+00
178456.50	0.000e+00	0.000e+00	0.000e+00
178457.50	0.000e+00	0.000e+00	0.000e+00
178458.50	0.000e+00	0.000e+00	0.000e+00
178459.50	0.000e+00	0.000e+00	0.000e+00
178460.50	0.000e+00	0.000e+00	0.000e+00
178461.50	0.000e+00	0.000e+00	0.000e+00
178462.50	0.000e+00	0.000e+00	0.000e+00
178463.50	0.000e+00	0.000e+00	0.000e+00
178464.50	0.000e+00	0.000e+00	0.000e+00
178465.50	0.000e+00	0.000e+00	0.000e+00
178466.50	0.000e+00	0.000e+00	0.000e+00
178467.50	0.000e+00	0.000e+00	0.000e+00
178468.50	0.000e+00	0.000e+00	0.000e+00
178469.50	0.000e+00	0.000e+00	0.000e+00
178470.50	0.000e+00	0.000e+00	0.000e+00
178471.50	0.000e+00	0.000e+00	0.000e+00
178472.50	0.000e+00	0.000e+00	0.000e+00
178473.50	0.000e+00	0.000e+00	0.000e+00
178474.50	0.000e+00	0.000e+00	0.000e+00
178475.50	0.000e+00	0.000e+00	0.000e+00
178476.50	0.000e+00	0.000e+00	0.000e+00
178477.50	0.000e+00	0.000e+00	0.000e+00
178478.50	-4.176e-06	-3.898e-04	5.232e-05
178479.50	2.966e-06	1.075e-04	3.898e-05
178480.50	-2.170e-05	-8.150e-04	1.766e-03
178481.50	5.126e-05	5.078e-03	-1.584e-03
178482.50	-7.267e-05	4.176e-03	7.546e-04
178483.50	-7.421e-05	-3.053e-04	2.122e-03
178484.50	1.219e-04	1.056e-02	-3.840e-03
178485.50	1.766e-04	-1.997e-02	-1.066e-02
178486.50	9.245e-04	4.598e-04	-5.146e-02
178487.50	1.094e-03	-1.018e-01	-1.027e-01
178488.50	3.696e-03	-2.880e-01	-1.229e-01
178489.50	-7.738e-03	1.862e-01	3.677e-01
178490.50	-2.208e-03	-8.957e-02	1.133e-01
178491.50	3.725e-03	2.506e-01	-1.718e-01
178492.50	6.182e-05	-1.526e-01	4.051e-03
178493.50	8.227e-04	-7.872e-01	-1.632e-02
178494.50	2.390e-03	-1.997e+00	-3.869e-02
178495.50	-1.853e-02	-1.037e+01	1.056e+00
178496.50	1.104e-01	-4.570e+01	-5.808e+00
178497.50	7.728e-02	-1.258e+02	-3.619e+00
178498.50	3.274e-01	-2.832e+02	-1.670e+01
178499.50	4.646e-02	-3.187e+02	-6.000e-02
178500.50	3.322e-01	-3.590e+02	-1.507e+01
178501.50	3.418e-01	-2.947e+02	-1.574e+01
178502.50	1.910e-01	-2.150e+01	-8.371e+00
178503.50	-1.680e-01	1.200e+02	1.181e+01
178504.50	-1.248e-01	1.238e+02	8.650e+00
178505.50	-8.659e-02	1.123e+02	5.290e+00
178506.50	3.091e-03	9.024e+01	6.173e-01
178507.50	-4.589e-02	8.438e+01	2.746e+00
178508.50	4.915e-03	7.430e+01	-1.488e-01
178509.50	-1.478e-01	6.701e+01	8.515e+00
178510.50	1.094e-02	5.808e+01	-7.920e-01
178511.50	1.411e-02	4.723e+01	-9.398e-01
178512.50	1.152e-02	5.107e+01	-2.218e+00
178513.50	-5.942e-02	4.474e+01	2.621e+00
178514.50	-4.224e-03	3.773e+01	-3.494e-01
178515.50	-5.069e-03	3.754e+01	-7.411e-02
178516.50	-1.670e-02	3.293e+01	9.216e-01
178517.50	-8.467e-02	2.832e+01	3.946e+00
178518.50	-2.938e-02	2.918e+01	1.363e+00
178519.50	-7.354e-02	2.515e+01	3.581e+00
178520.50	-7.037e-02	2.573e+01	3.581e+00
178521.50	-1.814e-02	2.054e+01	2.678e-01
178522.50	-6.394e-03	1.872e+01	2.275e-02
178523.50	3.792e-03	1.651e+01	-3.850e-01
178524.50	2.016e-02	1.728e+01	-1.171e+00
178525.50	-2.573e-02	1.555e+01	8.054e-01
178526.50	-2.544e-02	1.498e+01	1.450e+00
178527.50	1.162e-03	1.459e+01	-3.907e-01
178528.50	-2.064e-02	1.488e+01	8.486e-01
178529.50	-2.314e-02	1.517e+01	6.394e-01
178530.50	-5.482e-03	1.190e+01	-1.939e-01
178531.50	1.450e-01	1.133e+01	1.430e+00
178532.50	-8.438e-02	9.792e+00	-1.584e+00
178533.50	7.219e-03	9.158e+00	-2.880e-01
178534.50	-1.114e-01	9.053e+00	1.430e+00
178535.50	-2.198e-02	8.554e+00	2.419e-01
178536.50	-3.158e-02	7.997e+00	1.584e+00
178537.50	-1.661e-02	6.758e+00	4.550e-01
178538.50	-5.818e-02	7.248e+00	1.440e+00
178539.50	1.085e-03	7.978e+00	-1.613e-01
178540.50	-2.438e-02	5.126e+00	6.864e-01
178541.50	-2.438e-02	6.576e+00	1.171e+00
178542.50	-1.162e-02	6.230e+00	7.306e-01
178543.50	2.774e-02	6.163e+00	1.133e+00
178544.50	1.776e-02	4.666e+00	-5.117e-01
178545.50	-1.690e-02	3.658e+00	5.453e-01
178546.50	1.306e-02	4.195e+00	-7.411e-01
178547.50	-9.494e-03	4.205e+00	4.954e-01
178548.50	-1.094e-02	3.734e+00	3.696e-02
178549.50	-9.984e-03	3.523e+00	3.581e-01
178550.50	-2.765e-02	4.042e+00	1.411e+00
178551.50	-3.091e-03	4.589e+00	-3.715e-02
178552.50	1.690e-02	4.118e+00	-1.200e+00
178553.50	-5.750e-03	2.698e+00	1.238e-01
178554.50	-1.133e-02	2.534e+00	3.552e-01
178555.50	-8.381e-03	3.206e+00	5.088e-01
178556.50	-1.229e-03	3.446e+00	1.382e-01
178557.50	1.085e-02	1.978e+00	-7.171e-01
178558.50	-2.851e-02	2.467e+00	9.331e-01
178559.50	-2.774e-02	2.150e+00	1.354e+00
178560.50	-3.686e-03	1.642e+00	1.594e-01
178561.50	3.274e-04	2.304e+00	-2.640e-01
178562.50	-9.696e-03	2.746e+00	7.565e-01
178563.50	9.494e-03	1.651e+00	-5.280e-01
178564.50	-1.258e-04	1.834e+00	-2.563e-01
178565.50	-6.624e-03	1.344e+00	3.619e-01
178566.50	7.814e-03	1.651e+00	-3.466e-01
178567.50	2.573e-03	1.699e+00	-2.957e-01
178568.50	2.870e-03	2.045e+00	-4.214e-01
178569.50	-6.144e-03	1.306e+00	1.200e-01
178570.50	2.054e-03	1.594e+00	-6.422e-02
178571.50	-4.838e-03	1.123e+00	2.054e-01
178572.50	3.254e-03	7.901e-01	-1.354e-01
178573.50	-6.883e-03	8.170e-01	3.024e-01
178574.50	-4.992e-03	2.016e+00	-4.915e-02
178575.50	-8.102e-03	1.517e+00	6.096e-01
178576.50	-4.819e-04	9.110e-01	1.651e-01
178577.50	1.075e-05	7.949e-01	-3.418e-01
178578.50	-5.510e-03	8.842e-01	2.659e-01
178579.50	2.429e-03	8.506e-01	-3.254e-01
178580.50	1.901e-03	9.082e-01	1.997e-01
178581.50	-9.696e-03	1.133e+00	5.405e-01
178582.50	7.622e-04	7.565e-01	8.630e-02
178583.50	3.418e-03	5.251e-01	7.795e-02
178584.50	-9.696e-03	6.691e-01	2.582e-01
178585.50	4.147e-03	7.786e-01	-5.078e-01
178586.50	-7.094e-03	8.822e-01	1.459e-01
178587.50	-2.083e-03	5.290e-01	7.738e-02
178588.50	-5.136e-03	2.342e-01	2.573e-01
178589.50	3.475e-03	8.765e-01	-3.514e-01
178590.50	2.640e-03	5.453e-01	-7.200e-02
178591.50	5.827e-03	7.085e-01	-2.582e-01
178592.50	-5.107e-04	8.525e-01	-1.258e-01
178593.50	2.947e-03	2.342e-01	-4.454e-02
178594.50	-4.320e-03	5.530e-01	1.613e-01
178595.50	-7.171e-03	2.064e-01	1.027e-01
178596.50	-1.574e-04	2.179e-01	-6.086e-02
178597.50	-3.245e-03	4.675e-01	2.582e-01
178598.50	-3.523e-03	6.048e-01	1.642e-01
178599.50	-6.586e-03	3.418e-01	2.198e-01
178600.50	4.906e-03	1.190e+00	5.693e-02
178601.50	-2.688e-03	2.054e-01	1.181e-01
178602.50	8.774e-03	1.200e-01	-6.787e-01
178603.50	2.410e-03	3.763e-01	-1.517e-01
178604.50	1.277e-03	4.051e-01	-6.067e-02
178605.50	-3.168e-03	8.083e-02	1.622e-01
178606.50	-5.002e-03	1.478e-01	1.862e-01
178607.50	-9.456e-03	6.557e-01	4.234e-01
178608.50	6.422e-03	4.454e-01	-1.651e-01
178609.50	6.778e-04	2.534e-01	-1.085e-01
178610.50	3.437e-04	3.043e-01	-1.008e-01
178611.50	-2.304e-03	1.046e-01	2.899e-02
178612.50	1.766e-03	4.733e-01	-2.352e-01
178613.50	-8.170e-03	2.198e-01	1.469e-01
178614.50	1.795e-04	1.373e-01	-4.445e-02
178615.50	-6.720e-03	-4.080e-02	2.928e-01
178616.50	-1.440e-03	7.546e-01	3.667e-02
178617.50	1.315e-02	1.027e-01	-1.440e-01
178618.50	3.187e-03	-1.018e-01	-1.286e-01
178619.50	-7.114e-03	1.181e-01	3.293e-01
178620.50	1.958e-04	3.053e-01	2.918e-02
178621.50	-7.584e-04	2.141e-01	-2.688e-01
178622.50	-7.901e-03	1.622e-03	3.370e-01
178623.50	9.226e-03	1.843e-01	-2.899e-01
178624.50	6.931e-03	8.006e-02	-3.014e-01
178625.50	-8.400e-03	3.917e-01	3.926e-01
178626.50	1.210e-04	2.726e-01	-2.429e-02
178627.50	-7.133e-03	5.462e-02	3.725e-01
178628.50	-2.160e-04	8.381e-02	3.811e-02
178629.50	2.630e-03	6.010e-01	-5.395e-02
178630.50	1.200e-03	1.795e-02	-1.642e-01
178631.50	-7.795e-03	1.018e-02	1.315e-01
178632.50	2.122e-03	2.496e-01	-8.554e-03
178633.50	4.896e-04	4.790e-01	-4.032e-02
178634.50	-1.066e-03	1.142e-01	5.078e-03
178635.50	5.645e-03	1.450e-01	-2.246e-01
178636.50	-4.013e-03	1.440e-01	4.214e-02
178637.50	-4.560e-03	-5.914e-03	4.493e-03
178638.50	6.499e-04	1.296e-01	-1.018e-02
178639.50	-1.114e-03	-1.334e-01	3.725e-02
178640.50	-3.446e-03	-3.254e-02	-1.574e-01
178641.50	-2.371e-03	7.920e-02	2.957e-02
178642.50	-8.208e-03	6.394e-02	2.477e-01
178643.50	2.957e-03	7.488e-02	-4.330e-02
178644.50	-1.478e-03	1.440e-01	1.066e-01
178645.50	5.155e-03	2.419e-01	-1.949e-01
178646.50	-5.731e-03	4.349e-03	2.659e-01
178647.50	-4.685e-03	-2.544e-02	1.392e-01
178648.50	-3.600e-03	2.006e-01	7.670e-02
178649.50	2.957e-03	-1.363e-01	-6.240e-02
178650.50	-3.936e-03	9.984e-03	1.373e-01
178651.50	4.080e-03	3.274e-01	-1.814e-01
178652.50	1.123e-03	3.005e-01	2.074e-01
178653.50	-1.248e-04	1.334e-01	-1.622e-01
178654.50	-2.563e-03	5.558e-02	-1.421e-01
178655.50	1.066e-03	-1.286e-01	-7.642e-02
178656.50	-3.014e-03	6.048e-02	-4.339e-02
178657.50	1.517e-03	1.546e-01	-1.046e-01
178658.50	-1.104e-03	1.517e-01	3.590e-02
178659.50	7.613e-05	2.640e-01	2.208e-02
178660.50	-3.773e-03	1.814e-01	2.246e-01
178661.50	2.016e-03	-4.234e-02	1.334e-01
178662.50	-2.275e-03	2.698e-02	7.450e-03
178663.50	1.738e-03	1.901e-01	1.680e-02
178664.50	-3.235e-03	9.206e-02	-6.490e-02
178665.50	-1.382e-03	-2.640e-01	6.211e-02
178666.50	3.782e-03	2.074e-01	-1.555e-01
178667.50	-1.901e-04	-9.600e-02	8.458e-02
178668.50	-3.936e-03	9.091e-02	1.690e-01
178669.50	5.462e-03	1.190e-01	-1.565e-01
178670.50	6.586e-03	-8.304e-02	-1.306e-01
178671.50	-4.378e-03	-1.258e-01	1.354e-01
178672.50	-6.058e-03	-1.066e-01	1.728e-01
178673.50	2.093e-03	1.075e-01	-1.315e-01
178674.50	-4.646e-03	9.110e-04	1.440e-01
178675.50	3.245e-03	3.235e-01	-9.792e-02
178676.50	2.064e-03	-1.670e-01	9.264e-02
178677.50	4.829e-03	8.026e-02	-5.088e-02
178678.50	-5.702e-03	1.670e-02	1.248e-01
178679.50	2.890e-03	1.920e-01	-2.141e-01
178680.50	-3.226e-03	-9.216e-02	1.171e-01
178681.50	-4.982e-03	1.728e-01	2.093e-01
178682.50	1.459e-03	3.562e-02	2.938e-02
178683.50	1.670e-03	6.643e-02	-8.131e-02
178684.50	-3.197e-04	8.122e-02	-7.517e-02
178685.50	4.877e-03	-1.690e-02	-1.613e-01
178686.50	-1.853e-04	-1.027e-01	1.229e-01
178687.50	6.883e-04	1.430e-01	-1.334e-02
178688.50	9.158e-04	9.888e-02	-5.952e-02
178689.50	-5.760e-03	1.373e-01	3.005e-02
178690.50	-1.478e-02	-4.483e-02	2.957e-01
178691.50	-2.515e-03	-9.062e-02	-1.632e-02
178692.50	1.536e-02	2.102e-01	4.858e-03
178693.50	-4.627e-03	-1.680e-01	3.917e-02
178694.50	6.154e-05	1.613e-01	1.066e-01
178695.50	5.194e-03	1.258e-01	3.427e-02
178696.50	-8.419e-04	-1.517e-01	2.179e-02
178697.50	-8.285e-03	-5.242e-03	2.045e-01
178698.50	-4.723e-04	-7.392e-02	-8.582e-03
178699.50	3.898e-03	8.285e-02	-1.766e-01
178700.50	2.822e-03	2.256e-01	-1.776e-01
178701.50	-8.189e-04	2.573e-01	1.306e-01
178702.50	-2.976e-03	-3.850e-02	3.811e-02
178703.50	3.120e-03	-4.090e-02	-1.565e-01
178704.50	4.022e-03	2.832e-01	-4.675e-02
178705.50	-1.632e-03	-1.757e-01	-6.749e-02
178706.50	1.834e-03	1.094e-01	6.624e-02
178707.50	-1.286e-03	-1.306e-01	1.430e-01
178708.50	5.424e-04	-1.411e-02	-1.632e-02
178709.50	2.515e-03	6.643e-02	-1.392e-01
178710.50	6.010e-04	-1.709e-01	6.134e-02
178711.50	-4.282e-03	2.563e-01	1.882e-01
178712.50	-9.696e-04	-1.085e-01	-1.037e-01
178713.50	-2.774e-03	-1.469e-01	-7.315e-02
178714.50	4.502e-03	2.506e-02	7.267e-03
178715.50	-1.171e-02	5.155e-02	3.974e-02
178716.50	6.432e-04	-3.850e-02	-4.992e-02
178717.50	-2.141e-03	2.736e-01	1.565e-01
178718.50	4.570e-03	3.197e-01	1.075e-01
178719.50	5.894e-03	-9.302e-02	-2.947e-02
178720.50	6.240e-03	7.344e-02	-9.245e-02
178721.50	-2.093e-02	-1.968e-01	1.363e-01
178722.50	3.850e-04	-9.552e-02	5.405e-02
178723.50	2.554e-04	-2.208e-02	-6.922e-02
178724.50	-6.077e-04	-6.634e-02	8.314e-02
178725.50	-1.392e-04	7.834e-02	1.699e-04
178726.50	1.555e-03	-2.390e-02	-1.190e-01
178727.50	-2.189e-03	2.851e-02	6.528e-02
178728.50	-7.027e-04	-1.190e-01	-7.786e-02
178729.50	-1.747e-03	4.608e-02	1.680e-01
178730.50	-2.544e-03	-5.376e-02	9.178e-02
178731.50	4.138e-03	9.206e-02	-6.643e-02
178732.50	2.880e-04	9.139e-02	-3.763e-02
178733.50	-1.987e-04	8.707e-02	-8.947e-02
178734.50	2.429e-03	3.802e-02	-1.651e-01
178735.50	-4.090e-04	-5.712e-02	-5.395e-02
178736.50	-2.458e-03	-3.466e-02	7.334e-02
178737.50	7.344e-04	-1.085e-01	5.501e-02
178738.50	1.978e-03	-1.651e-01	-3.350e-02
178739.50	-4.742e-04	6.989e-02	8.189e-02
178740.50	-2.726e-04	-4.474e-02	6.298e-02
178741.50	2.074e-03	1.661e-02	-4.128e-02
178742.50	4.186e-04	1.094e-01	-2.717e-02
178743.50	4.234e-04	-1.018e-01	-6.499e-02
178744.50	1.421e-03	6.384e-03	-1.258e-01
178745.50	-2.650e-04	4.090e-02	1.574e-02
178746.50	-1.296e-03	6.653e-02	1.152e-02
178747.50	-2.525e-04	4.243e-02	-1.027e-02
178748.50	1.354e-03	4.282e-02	2.179e-02
178749.50	-2.467e-04	-5.328e-02	-3.936e-02
178750.50	-4.762e-03	5.232e-03	1.277e-01
178751.50	2.582e-03	-1.181e-02	-1.219e-01
178752.50	-2.717e-03	-1.133e-02	8.410e-02
178753.50	4.694e-04	5.722e-02	-1.469e-02
178754.50	1.402e-03	1.162e-02	-2.986e-02
178755.50	-3.782e-04	1.027e-02	-4.896e-03
178756.50	4.262e-03	1.402e-02	-7.738e-02
178757.50	-3.859e-03	8.189e-02	1.344e-01
178758.50	5.203e-03	6.288e-02	2.429e-02
178759.50	4.397e-03	1.018e-02	-8.285e-02
178760.50	1.968e-03	-4.090e-02	-5.482e-02
178761.50	-1.622e-03	-3.926e-02	1.853e-02
178762.50	1.027e-03	6.278e-02	-1.613e-01
178763.50	2.602e-05	-1.277e-02	6.720e-02
178764.50	5.693e-03	-6.586e-02	1.910e-02
178765.50	-2.467e-03	7.277e-02	-4.013e-02
178766.50	-3.878e-03	2.534e-02	2.947e-02
178767.50	1.075e-03	-6.614e-02	7.507e-02
178768.50	7.008e-03	4.666e-02	-1.968e-01
178769.50	1.450e-03	5.232e-02	2.918e-02
178770.50	-1.661e-03	-6.048e-02	7.594e-02
178771.50	-2.746e-03	7.776e-03	1.027e-01
178772.50	-1.373e-03	4.848e-02	-2.592e-02
178773.50	2.880e-03	-4.109e-02	-1.123e-01
178774.50	1.670e-04	-5.117e-02	3.830e-02
178775.50	2.285e-04	-3.043e-02	7.133e-02
178776.50	1.910e-03	-6.326e-02	-1.296e-01
178777.50	-4.282e-03	6.010e-03	2.851e-02
178778.50	-4.541e-03	-5.731e-02	5.059e-02
178779.50	-5.837e-04	-1.738e-02	4.560e-02
178780.50	-7.190e-04	1.421e-01	7.018e-03
178781.50	2.486e-03	1.046e-01	-5.443e-02
178782.50	-8.227e-04	-1.027e-01	4.118e-02
178783.50	-2.208e-03	5.146e-03	7.949e-02
178784.50	-7.190e-04	1.018e-01	3.331e-02
178785.50	2.726e-03	3.610e-02	-3.456e-02
178786.50	-2.803e-03	-1.651e-02	8.822e-02
178787.50	1.450e-03	1.843e-02	-7.200e-02
178788.50	1.277e-03	9.053e-02	-3.638e-02
178789.50	-1.814e-04	-3.763e-02	4.320e-02
178790.50	-3.398e-03	9.005e-03	6.499e-02
178791.50	3.485e-03	5.318e-02	-2.026e-01
178792.50	1.526e-03	-4.666e-02	-3.763e-02
178793.50	1.584e-03	-2.362e-02	4.886e-02
178794.50	7.152e-03	1.805e-02	-8.198e-02
178795.50	-1.469e-02	-6.298e-02	1.555e-02
178796.50	-5.827e-04	-2.592e-02	5.981e-02
178797.50	-3.840e-03	4.157e-02	1.133e-01
178798.50	-9.149e-04	-7.392e-02	6.278e-02
178799.50	-2.035e-03	8.659e-04	-5.482e-02
178800.50	-3.168e-03	7.603e-02	2.688e-02
178801.50	-9.360e-04	-2.381e-02	4.522e-03
178802.50	4.272e-04	6.288e-02	4.579e-02
178803.50	2.544e-04	2.918e-02	-2.918e-02
178804.50	2.698e-04	-3.043e-02	-1.901e-02
178805.50	2.803e-03	8.054e-02	-1.056e-01
178806.50	5.280e-03	4.272e-03	-8.592e-02
178807.50	-5.443e-04	-7.786e-02	5.059e-02
178808.50	-3.629e-03	9.600e-02	-3.389e-02
178809.50	-8.611e-04	4.762e-02	1.814e-02
178810.50	-6.979e-04	1.085e-02	1.027e-01
178811.50	2.352e-04	2.170e-03	5.088e-02
178812.50	3.504e-04	-1.382e-01	4.800e-04
178813.50	2.534e-04	-5.962e-03	-2.410e-02
178814.50	6.662e-04	-5.011e-02	-3.418e-02
178815.50	-4.867e-03	-7.142e-02	-2.938e-03
178816.50	-1.699e-03	-7.190e-03	-2.554e-02
178817.50	4.051e-03	-1.392e-02	4.723e-02
178818.50	4.282e-03	6.931e-02	-6.490e-02
178819.50	-8.515e-04	6.643e-02	7.152e-02
178820.50	1.344e-03	1.680e-02	-4.733e-02
178821.50	-1.094e-03	1.987e-02	1.344e-01
178822.50	1.978e-03	-5.798e-03	-1.210e-01
178823.50	3.178e-03	2.995e-02	-1.046e-01
178824.50	-5.299e-03	4.013e-03	1.162e-01
178825.50	8.294e-04	-2.726e-02	3.859e-04
178826.50	1.517e-02	-2.947e-02	-1.210e-01
178827.50	2.160e-03	-9.149e-03	-6.922e-03
178828.50	8.995e-04	1.430e-02	-1.248e-02
178829.50	2.352e-03	5.030e-02	-9.600e-02
178830.50	-1.469e-04	2.064e-02	7.075e-03
178831.50	1.008e-04	3.370e-02	9.792e-02
178832.50	-6.173e-04	-4.320e-02	3.082e-02
178833.50	1.229e-03	-6.019e-02	9.216e-03
178834.50	2.755e-03	-5.846e-02	2.707e-02
178835.50	-2.621e-04	2.285e-02	-6.317e-02
178836.50	1.334e-03	4.982e-02	-2.333e-02
178837.50	2.131e-03	4.243e-02	-8.534e-02
178838.50	-1.181e-03	-3.312e-02	-9.600e-02
178839.50	-1.402e-08	2.861e-02	-2.534e-02
178840.50	9.168e-04	-6.605e-03	-1.795e-02
178841.50	-2.630e-04	-1.210e-02	2.467e-02
178842.50	1.536e-03	7.469e-03	3.072e-02
178843.50	-8.112e-04	-3.091e-02	6.557e-02
178844.50	-8.842e-03	-5.606e-02	8.218e-02
178845.50	-8.227e-03	3.427e-02	1.008e-01
178846.50	-4.810e-03	3.475e-02	3.744e-02
178847.50	2.218e-03	-5.491e-02	5.126e-03
178848.50	1.517e-03	-4.858e-03	-1.776e-02
178849.50	-2.323e-03	-5.798e-02	6.202e-02
178850.50	-1.555e-03	2.563e-02	3.581e-02
178851.50	1.037e-03	-2.928e-02	-1.104e-01
178852.50	4.013e-03	4.109e-03	-5.424e-02
178853.50	-1.469e-03	6.317e-02	3.571e-02
178854.50	-6.259e-04	7.968e-02	-1.238e-02
178855.50	2.467e-04	7.066e-03	-1.037e-01
178856.50	-4.243e-04	-5.472e-02	1.651e-02
178857.50	-1.632e-03	-3.715e-02	5.069e-02
178858.50	-2.179e-04	-1.872e-03	5.318e-03
178859.50	1.584e-03	-6.326e-02	4.070e-02
178860.50	2.342e-03	8.851e-02	-4.810e-02
178861.50	-4.234e-03	-1.008e-01	2.256e-02
178862.50	-2.342e-03	3.456e-02	4.224e-02
178863.50	1.843e-03	3.869e-02	-5.520e-02
178864.50	3.744e-03	1.613e-02	-4.378e-02
178865.50	-3.274e-03	4.502e-02	5.222e-02
178866.50	7.248e-04	3.610e-02	-5.654e-02
178867.50	-2.266e-03	-5.174e-02	1.018e-01
178868.50	2.227e-04	2.467e-02	3.475e-02
178869.50	2.246e-03	2.189e-02	-6.355e-02
178870.50	-8.160e-04	-2.170e-02	-2.448e-03
178871.50	-1.248e-03	1.027e-02	5.424e-02
178872.50	9.792e-04	-3.312e-02	-7.555e-02
178873.50	9.696e-04	1.728e-03	-4.378e-02
178874.50	-1.152e-03	3.494e-02	8.717e-02
178875.50	1.200e-03	-9.456e-02	2.170e-02
178876.50	3.341e-04	1.805e-02	-6.672e-02
178877.50	1.325e-03	9.600e-02	6.720e-02
178878.50	1.920e-03	-7.978e-02	-9.062e-02
178879.50	-8.659e-04	-1.056e-01	1.344e-02
178880.50	-2.534e-03	-7.786e-03	1.056e-01
178881.50	-2.621e-03	3.446e-02	3.869e-02
178882.50	-1.747e-03	9.014e-02	2.477e-02
178883.50	-3.178e-04	2.746e-03	-4.925e-02
178884.50	5.366e-03	7.075e-02	-5.856e-02
178885.50	-6.288e-04	-6.182e-03	-1.037e-02
178886.50	-1.008e-03	-3.811e-02	1.776e-02
178887.50	1.162e-03	2.928e-02	2.544e-03
178888.50	2.246e-03	1.315e-02	-2.832e-02
178889.50	-9.197e-04	1.238e-02	3.312e-02
178890.50	1.296e-03	2.755e-02	-9.101e-03
178891.50	4.838e-05	-1.901e-02	3.254e-02
178892.50	-4.810e-04	1.469e-02	6.019e-03
178893.50	2.026e-04	-3.677e-02	1.958e-02
178894.50	1.181e-03	1.382e-02	-8.515e-02
178895.50	-1.939e-03	2.659e-03	2.371e-02
178896.50	8.112e-04	-4.320e-02	-1.171e-02
178897.50	-1.440e-03	3.206e-02	3.043e-02
178898.50	-1.411e-03	4.070e-02	4.838e-02
178899.50	-6.797e-04	6.470e-02	1.056e-02
178900.50	2.035e-03	6.269e-02	-1.920e-02
178901.50	-3.542e-04	-5.059e-02	5.808e-03
178902.50	-2.362e-03	1.027e-02	2.170e-02
178903.50	-1.277e-03	-1.142e-02	2.266e-02
178904.50	1.814e-03	-1.968e-02	-4.147e-02
178905.50	-2.314e-03	6.499e-02	4.282e-03
178906.50	1.430e-05	3.149e-02	-1.786e-02
178907.50	3.034e-04	-9.984e-02	-4.858e-02
178908.50	-8.832e-04	-1.392e-02	2.755e-02
178909.50	-4.560e-04	-6.691e-03	2.400e-02
178910.50	-9.187e-04	-4.013e-02	-2.765e-02
178911.50	-4.598e-04	-1.920e-02	-7.584e-03
178912.50	-3.888e-04	-1.958e-02	-8.429e-03
178913.50	2.458e-02	-1.747e-03	-3.840e-02
178914.50	3.427e-02	-1.402e-03	-3.840e-02
178915.50	-6.413e-04	1.258e-02	2.688e-02
178916.50	7.315e-04	3.677e-02	6.048e-02
178917.50	-1.526e-03	3.792e-02	-1.248e-02
178918.50	-1.882e-03	1.238e-02	4.762e-03
178919.50	1.565e-03	-1.738e-02	-8.362e-02
178920.50	1.738e-03	-3.398e-03	-4.061e-02
178921.50	1.738e-03	2.198e-02	3.187e-02
178922.50	2.726e-04	-3.466e-02	-2.851e-03
178923.50	-1.488e-03	-2.198e-02	2.544e-02
178924.50	1.699e-03	-2.938e-03	-4.934e-03
178925.50	-7.421e-03	3.802e-02	8.765e-02
178926.50	-1.114e-03	1.757e-02	3.504e-02
178927.50	2.554e-04	-3.446e-03	3.091e-03
178928.50	-1.344e-04	-2.160e-02	-1.373e-02
178929.50	6.883e-04	1.891e-02	-4.608e-02
178930.50	1.718e-04	7.565e-02	-2.170e-02
178931.50	-2.016e-03	7.718e-03	2.803e-02
178932.50	-2.352e-03	-2.794e-02	3.878e-02
178933.50	2.400e-03	-7.450e-02	-7.085e-02
178934.50	2.822e-04	-6.691e-02	-1.766e-02
178935.50	-5.894e-04	-1.277e-02	6.605e-02
178936.50	2.266e-04	-7.958e-03	-5.376e-03
178937.50	1.603e-03	-3.130e-02	-1.622e-02
178938.50	1.594e-04	6.336e-02	1.306e-02
178939.50	3.946e-03	-9.446e-03	-3.542e-02
178940.50	4.080e-04	6.202e-03	-2.746e-02
178941.50	1.171e-04	9.082e-03	-1.786e-02
178942.50	6.077e-04	1.171e-02	-3.610e-02
178943.50	-8.746e-04	3.763e-03	-2.928e-02
178944.50	6.307e-05	-2.794e-02	-1.930e-02
178945.50	-1.373e-03	3.024e-02	-9.533e-03
178946.50	6.950e-05	2.496e-02	-1.594e-02
178947.50	-9.792e-04	-1.123e-02	7.354e-02
178948.50	3.610e-04	-1.248e-02	-2.256e-03
178949.50	-1.411e-03	-2.275e-02	-2.112e-03
178950.50	-1.930e-04	4.301e-02	3.533e-02
178951.50	-2.122e-04	3.485e-02	5.501e-02
178952.50	2.842e-04	2.323e-02	1.814e-02
178953.50	2.899e-03	-3.062e-02	8.410e-03
178954.50	-1.526e-03	-1.958e-02	3.533e-02
178955.50	8.822e-04	1.526e-02	-5.309e-02
178956.50	-3.888e-04	3.110e-02	1.478e-03
178957.50	7.622e-04	-2.678e-02	-3.955e-02
178958.50	-1.363e-03	-2.227e-02	-2.544e-02
