178360.50	0.000e+00	0.000e+00	0.000e+00
178361.50	0.000e+00	0.000e+00	0.000e+00
178362.50	0.000e+00	0.000e+00	0.000e+00
178363.50	0.000e+00	0.000e+00	0.000e+00
178364.50	0.000e+00	0.000e+00	0.000e+00
178365.50	0.000e+00	0.000e+00	0.000e+00
178366.50	0.000e+00	0.000e+00	0.000e+00
178367.50	0.000e+00	0.000e+00	0.000e+00
178368.50	0.000e+00	0.000e+00	0.000e+00
178369.50	0.000e+00	0.000e+00	0.000e+00
178370.50	0.000e+00	0.000e+00	0.000e+00
178371.50	0.000e+00	0.000e+00	0.000e+00
178372.50	0.000e+00	0.000e+00	0.000e+00
178373.50	0.000e+00	0.000e+00	0.000e+00
178374.50	0.000e+00	0.000e+00	0.000e+00
178375.50	0.000e+00	0.000e+00	0.000e+00
178376.50	0.000e+00	0.000e+00	0.000e+00
178377.50	0.000e+00	0.000e+00	0.000e+00
178378.50	0.000e+00	0.000e+00	0.000e+00
178379.50	0.000e+00	0.000e+00	0.000e+00
178380.50	0.000e+00	0.000e+00	0.000e+00
178381.50	0.000e+00	0.000e+00	0.000e+00
178382.50	0.000e+00	0.000e+00	0.000e+00
178383.50	0.000e+00	0.000e+00	0.000e+00
178384.50	0.000e+00	0.000e+00	0.000e+00
178385.50	0.000e+00	0.000e+00	0.000e+00
178386.50	0.000e+00	0.000e+00	0.000e+00
178387.50	0.000e+00	0.000e+00	0.000e+00
178388.50	0.000e+00	0.000e+00	0.000e+00
178389.50	0.000e+00	0.000e+00	0.000e+00
178390.50	0.000e+00	0.000e+00	0.000e+00
178391.50	0.000e+00	0.000e+00	0.000e+00
178392.50	0.000e+00	0.000e+00	0.000e+00
178393.50	0.000e+00	0.000e+00	0.000e+00
178394.50	0.000e+00	0.000e+00	0.000e+00
178395.50	0.000e+00	0.000e+00	0.000e+00
178396.50	0.000e+00	0.000e+00	0.000e+00
178397.50	0.000e+00	0.000e+00	0.000e+00
178398.50	0.000e+00	0.000e+00	0.000e+00
178399.50	0.000e+00	0.000e+00	0.000e+00
178400.50	0.000e+00	0.000e+00	0.000e+00
178401.50	0.000e+00	0.000e+00	0.000e+00
178402.50	0.000e+00	0.000e+00	0.000e+00
178403.50	0.000e+00	0.000e+00	0.000e+00
178404.50	0.000e+00	0.000e+00	0.000e+00
178405.50	0.000e+00	0.000e+00	0.000e+00
178406.50	0.000e+00	0.000e+00	0.000e+00
178407.50	0.000e+00	0.000e+00	0.000e+00
178408.50	0.000e+00	0.000e+00	0.000e+00
178409.50	0.000e+00	0.000e+00	0.000e+00
178410.50	0.000e+00	0.000e+00	0.000e+00
178411.50	0.000e+00	0.000e+00	0.000e+00
178412.50	0.000e+00	0.000e+00	0.000e+00
178413.50	0.000e+00	0.000e+00	0.000e+00
178414.50	0.000e+00	0.000e+00	0.000e+00
178415.50	0.000e+00	0.000e+00	0.000e+00
178416.50	0.000e+00	0.000e+00	0.000e+00
178417.50	0.000e+00	0.000e+00	0.000e+00
178418.50	0.000e+00	0.000e+00	0.000e+00
178419.50	0.000e+00	0.000e+00	0.000e+00
178420.50	0.000e+00	0.000e+00	0.000e+00
178421.50	0.000e+00	0.000e+00	0.000e+00
178422.50	0.000e+00	0.000e+00	0.000e+00
178423.50	0.000e+00	0.000e+00	0.000e+00
178424.50	0.000e+00	0.000e+00	0.000e+00
178425.50	0.000e+00	0.000e+00	0.000e+00
178426.50	0.000e+00	0.000e+00	0.000e+00
178427.50	0.000e+00	0.000e+00	0.000e+00
178428.50	0.000e+00	0.000e+00	0.000e+00
178429.50	0.000e+00	0.000e+00	0.000e+00
178430.50	0.000e+00	0.000e+00	0.000e+00
178431.50	0.000e+00	0.000e+00	0.000e+00
178432.50	0.000e+00	0.000e+00	0.000e+00
178433.50	0.000e+00	0.000e+00	0.000e+00
178434.50	0.000e+00	0.000e+00	0.000e+00
178435.50	0.000e+00	0.000e+00	0.000e+00
178436.50	0.000e+00	0.000e+00	0.000e+00
178437.50	0.000e+00	0.000e+00	0.000e+00
178438.50	0.000e+00	0.000e+00	0.000e+00
178439.50	0.000e+00	0.000e+00	0.000e+00
178440.50	0.000e+00	0.000e+00	0.000e+00
178441.50	0.000e+00	0.000e+00	0.000e+00
178442.50	0.000e+00	0.000e+00	0.000e+00
178443.50	0.000e+00	0.000e+00	0.000e+00
178444.50	0.000e+00	0.000e+00	0.000e+00
178445.50	0.000e+00	0.000e+00	0.000e+00
178446.50	0.000e+00	0.000e+00	0.000e+00
178447.50	0.000e+00	0.000e+00	0.000e+00
178448.50	0.000e+00	0.000e+00	0.000e+00
178449.50	0.000e+00	0.000e+00	0.000e+00
178450.50	0.000e+00	0.000e+00	0.000e+00
178451.50	0.000e+00	0.000e+00	0.000e+00
178452.50	0.000e+00	0.000e+00	0.000e+00
178453.50	0.000e+00	0.000e+00	0.000e+00
178454.50	0.000e+00	0.000e+00	0.000e+00
178455.50	0.000e+00	0.000e+00	0.000e+00
178456.50	0.000e+00	0.000e+00	0.000e+00
178457.50	0.000e+00	0.000e+00	0.000e+00
178458.50	0.000e+00	0.000e+00	0.000e+00
178459.50	0.000e+00	0.000e+00	0.000e+00
178460.50	0.000e+00	0.000e+00	0.000e+00
178461.50	0.000e+00	0.000e+00	0.000e+00
178462.50	0.000e+00	0.000e+00	0.000e+00
178463.50	-1.402e-04	-2.448e-03	1.190e-03
178464.50	-6.864e-04	-2.938e-02	-1.757e-02
178465.50	5.472e-04	1.056e-02	2.237e-03
178466.50	1.450e-04	7.507e-03	4.483e-03
178467.50	9.792e-05	1.882e-03	3.600e-04
178468.50	-1.142e-04	-2.314e-03	9.792e-03
178469.50	8.746e-05	-7.123e-03	-6.749e-03
178470.50	1.325e-04	1.555e-02	-8.899e-03
178471.50	7.133e-05	-2.429e-03	6.806e-03
178472.50	2.957e-04	-1.162e-02	-2.563e-03
178473.50	8.544e-05	4.896e-04	-1.747e-03
178474.50	7.037e-05	1.459e-02	-2.006e-03
178475.50	8.957e-05	2.323e-02	1.766e-03
178476.50	-1.546e-04	-3.293e-03	-4.147e-03
178477.50	3.168e-04	2.554e-02	5.674e-03
178478.50	-5.472e-04	-5.453e-02	-1.642e-03
178479.50	6.058e-04	2.534e-02	-3.110e-03
178480.50	6.538e-04	-2.736e-01	-6.403e-02
178481.50	-5.136e-03	2.333e-01	3.187e-01
178482.50	-1.181e-03	-8.131e-02	5.021e-02
178483.50	8.352e-04	7.776e-03	-8.294e-02
178484.50	2.285e-03	4.762e-02	-1.421e-01
178485.50	9.984e-05	7.402e-02	-1.910e-02
178486.50	9.101e-04	-1.440e-01	-1.296e-01
178487.50	2.774e-03	-7.651e-01	3.302e-03
178488.50	-8.621e-03	-1.114e+00	7.517e-01
178489.50	2.246e-04	-3.101e+00	-8.294e-02
178490.50	-4.358e-03	-1.267e+01	5.107e-01
178491.50	3.994e-02	-4.147e+01	-2.880e+00
178492.50	2.976e-02	-9.485e+01	-1.622e+00
178493.50	4.867e-02	-1.958e+02	-2.362e+00
178494.50	3.043e-02	-3.139e+02	6.307e-01
178495.50	4.752e-02	-2.170e+02	4.560e-01
178496.50	6.595e-02	-3.456e+02	-2.323e-01
178497.50	1.325e-01	-1.776e+02	-5.923e+00
178498.50	1.056e-01	9.792e+00	-4.858e+00
178499.50	-2.179e-02	9.888e+01	4.618e+00
178500.50	2.390e-02	1.152e+02	-2.506e-01
178501.50	1.709e-02	1.085e+02	-3.120e-01
178502.50	1.334e-02	9.235e+01	-8.150e-01
178503.50	5.520e-02	7.747e+01	-4.445e+00
178504.50	-4.963e-02	7.229e+01	3.984e+00
178505.50	-2.918e-02	6.365e+01	2.352e+00
178506.50	-4.282e-02	5.520e+01	2.803e+00
178507.50	3.389e-02	4.877e+01	-2.534e+00
178508.50	3.418e-02	4.694e+01	-4.205e+00
178509.50	-1.373e-02	4.262e+01	2.688e-01
178510.50	5.203e-03	4.080e+01	-8.957e-01
178511.50	-2.266e-02	3.312e+01	1.190e+00
178512.50	-1.958e-02	3.158e+01	9.792e-01
178513.50	-1.363e-02	2.803e+01	4.061e-01
178514.50	-2.698e-02	2.774e+01	1.747e+00
178515.50	-3.072e-02	2.544e+01	2.525e+00
178516.50	-2.678e-02	2.266e+01	1.123e+00
178517.50	5.088e-04	1.776e+01	-6.288e-01
178518.50	1.133e-02	1.872e+01	-1.162e+00
178519.50	-1.123e-02	1.613e+01	4.262e-01
178520.50	3.552e-03	1.709e+01	-1.488e+00
178521.50	-6.346e-03	1.632e+01	3.974e-01
178522.50	-4.416e-02	1.478e+01	2.928e+00
178523.50	-1.517e-03	1.546e+01	3.994e-01
178524.50	-1.738e-02	1.440e+01	7.392e-01
178525.50	1.363e-03	1.258e+01	-9.130e-01
178526.50	5.578e-03	1.152e+01	-1.354e+00
178527.50	-4.675e-03	1.210e+01	-1.901e-01
178528.50	1.027e-02	9.149e+00	-8.890e-01
178529.50	-7.670e-03	7.181e+00	5.222e-01
178530.50	-2.026e-02	8.410e+00	6.998e-01
178531.50	-2.650e-02	9.792e+00	1.411e+00
178532.50	1.910e-03	8.083e+00	-3.686e-01
178533.50	-1.382e-03	6.346e+00	-4.118e-03
178534.50	-1.392e-02	7.862e+00	9.888e-01
178535.50	-3.091e-02	7.488e+00	2.160e+00
178536.50	8.467e-03	6.115e+00	-1.075e+00
178537.50	-5.693e-03	5.520e+00	2.726e-01
178538.50	-1.430e-02	5.030e+00	8.822e-01
178539.50	-2.515e-02	6.394e+00	1.613e+00
178540.50	7.046e-03	4.435e+00	-9.178e-01
178541.50	4.579e-03	5.021e+00	-5.242e-01
178542.50	-1.440e-02	2.774e+00	8.534e-01
178543.50	-1.344e-02	2.064e+00	6.547e-01
178544.50	2.458e-03	5.203e+00	-5.280e-01
178545.50	3.811e-03	5.520e+00	-5.242e-01
178546.50	-7.075e-03	3.936e+00	2.534e-01
178547.50	-5.664e-03	3.485e+00	6.067e-01
178548.50	1.632e-03	3.274e+00	-4.541e-01
178549.50	-6.979e-03	3.533e+00	4.819e-01
178550.50	-7.306e-03	1.738e+00	3.984e-01
178551.50	-6.278e-03	2.573e+00	5.347e-01
178552.50	-1.834e-02	3.638e+00	1.363e-01
178553.50	-6.346e-03	3.341e+00	-2.160e-02
178554.50	-4.954e-03	2.400e+00	4.147e-01
178555.50	-5.885e-03	1.757e+00	-1.046e-02
178556.50	4.531e-03	2.074e+00	-5.530e-01
178557.50	1.277e-03	1.594e+00	-3.082e-02
178558.50	-3.811e-03	1.834e+00	1.718e-02
178559.50	-5.818e-03	1.949e+00	4.474e-01
178560.50	-1.910e-03	2.621e+00	-1.315e-01
178561.50	-9.379e-04	1.219e+00	1.123e-01
178562.50	8.198e-03	1.382e+00	-5.539e-02
178563.50	5.462e-03	2.045e+00	-5.875e-01
178564.50	-8.323e-04	1.651e+00	-2.266e-01
178565.50	9.792e-05	9.024e-01	5.232e-02
178566.50	-4.176e-03	1.210e+00	4.320e-01
178567.50	6.547e-03	1.555e+00	-3.552e-01
178568.50	-1.584e-03	1.382e+00	-6.432e-02
178569.50	-1.104e-03	1.229e+00	-2.035e-01
178570.50	-2.602e-03	9.379e-01	7.507e-02
178571.50	-3.379e-03	1.210e+00	2.986e-01
178572.50	2.314e-03	1.219e+00	-1.536e-01
178573.50	-4.781e-05	-8.160e-02	1.920e-01
178574.50	3.302e-03	1.181e+00	-8.246e-02
178575.50	-9.792e-03	9.485e-01	6.115e-01
178576.50	-6.202e-03	1.238e+00	2.717e-01
178577.50	-7.123e-03	1.171e+00	2.102e-01
178578.50	5.904e-03	7.814e-01	-6.038e-01
178579.50	-3.466e-03	7.939e-01	2.227e-01
178580.50	2.534e-03	6.432e-01	2.150e-01
178581.50	2.093e-03	5.530e-01	-3.110e-01
178582.50	-7.373e-04	9.485e-01	3.034e-02
178583.50	7.306e-05	4.166e-02	-1.632e-01
178584.50	7.411e-04	2.237e-01	1.046e-01
178585.50	1.066e-02	8.496e-01	-4.330e-01
178586.50	-2.630e-03	5.126e-01	2.314e-01
178587.50	2.496e-03	6.422e-01	-1.469e-01
178588.50	-4.080e-04	4.320e-01	2.918e-01
178589.50	-4.531e-03	7.613e-01	-1.565e-01
178590.50	2.006e-02	6.586e-01	-1.219e-01
178591.50	3.206e-02	7.747e-01	-1.162e-01
178592.50	-7.008e-03	2.122e-01	3.360e-01
178593.50	2.035e-03	3.869e-01	-6.211e-02
178594.50	-7.200e-03	5.597e-01	-1.632e-01
178595.50	-1.709e-02	4.637e-01	2.486e-01
178596.50	-7.910e-04	1.949e-01	-1.526e-01
178597.50	-4.205e-03	2.928e-01	2.938e-01
178598.50	6.211e-06	2.112e-01	1.594e-01
178599.50	9.792e-04	5.088e-01	-1.133e-01
178600.50	4.090e-03	2.554e-01	-2.621e-01
178601.50	5.750e-03	3.802e-01	-2.851e-01
178602.50	-4.550e-03	2.314e-01	-2.083e-01
178603.50	-2.035e-03	3.082e-01	2.458e-01
178604.50	6.144e-04	3.802e-01	-1.805e-01
178605.50	1.162e-03	2.880e-01	-1.536e-01
178606.50	-1.690e-03	5.866e-01	1.430e-02
178607.50	5.338e-03	2.352e-01	-3.370e-02
178608.50	-1.181e-02	3.504e-01	5.386e-01
178609.50	-1.229e-03	1.344e-01	1.738e-01
178610.50	4.589e-03	4.982e-01	-4.368e-01
178611.50	-9.398e-03	-2.429e-01	1.862e-01
178612.50	-5.174e-03	2.467e-02	3.485e-02
178613.50	5.338e-03	7.738e-02	-9.792e-02
178614.50	2.342e-03	3.504e-01	-1.104e-01
178615.50	-5.309e-03	7.680e-02	3.581e-01
178616.50	-1.805e-03	1.267e-01	1.354e-01
178617.50	3.667e-03	3.677e-01	-2.410e-01
178618.50	9.696e-05	4.214e-01	5.875e-02
178619.50	-2.563e-03	1.997e-01	-7.133e-02
178620.50	4.848e-04	1.382e-01	1.536e-01
178621.50	1.440e-03	3.437e-01	-1.872e-01
178622.50	4.685e-03	2.026e-01	-3.341e-02
178623.50	1.507e-02	-4.886e-02	-1.786e-02
178624.50	1.123e-03	4.320e-01	-9.408e-02
178625.50	8.621e-03	2.515e-01	1.286e-01
178626.50	-1.344e-02	-5.434e-02	3.101e-01
178627.50	-2.678e-03	2.928e-01	1.910e-01
178628.50	-4.330e-03	-6.096e-02	-1.334e-01
178629.50	-8.160e-03	8.842e-02	8.179e-02
178630.50	1.200e-02	2.611e-01	-8.246e-02
178631.50	-7.402e-03	1.363e-01	3.859e-01
178632.50	-1.834e-03	2.362e-02	1.200e-02
178633.50	3.571e-03	1.680e-01	-2.678e-01
178634.50	5.261e-03	2.957e-01	-1.814e-01
178635.50	-1.862e-02	-1.440e-01	-9.494e-02
178636.50	-9.792e-03	-7.200e-02	8.429e-02
178637.50	-5.117e-03	-8.352e-02	1.229e-01
178638.50	-3.955e-04	4.522e-02	-1.258e-01
178639.50	3.744e-04	4.666e-02	1.488e-01
178640.50	8.918e-04	2.160e-01	-1.786e-02
178641.50	1.565e-03	4.608e-02	-2.102e-01
178642.50	2.890e-03	1.738e-01	-3.187e-01
178643.50	-1.862e-03	2.083e-01	-9.466e-02
178644.50	-5.981e-03	-7.834e-03	8.842e-02
178645.50	-5.990e-03	1.603e-01	1.411e-01
178646.50	1.882e-02	1.853e-01	-1.728e-01
178647.50	-4.397e-03	9.245e-02	1.430e-01
178648.50	3.869e-03	-2.678e-03	-1.018e-01
178649.50	2.534e-04	2.237e-01	2.765e-01
178650.50	-7.738e-03	-9.139e-02	2.035e-01
178651.50	2.726e-03	2.429e-01	-6.077e-02
178652.50	-1.661e-03	-5.453e-03	1.354e-01
178653.50	-2.602e-03	-4.128e-02	1.200e-01
178654.50	1.344e-04	3.840e-02	-3.638e-02
178655.50	-8.227e-05	1.757e-01	-1.930e-01
178656.50	5.491e-03	1.661e-01	-1.526e-01
178657.50	-1.018e-04	-2.150e-01	7.968e-02
178658.50	-4.646e-03	1.738e-01	-5.683e-02
178659.50	1.891e-03	3.130e-01	-1.344e-01
178660.50	-5.904e-04	2.371e-01	7.507e-02
178661.50	-3.072e-03	-5.933e-02	-2.515e-02
178662.50	-4.848e-03	5.213e-03	9.888e-02
178663.50	3.830e-03	1.469e-03	-1.402e-01
178664.50	2.640e-03	1.728e-01	2.122e-01
178665.50	9.504e-04	-2.851e-01	-2.102e-02
178666.50	-1.450e-03	-1.258e-01	2.784e-02
178667.50	1.565e-03	1.402e-01	-3.408e-02
178668.50	1.171e-03	3.562e-02	-6.826e-02
178669.50	2.630e-03	1.114e-01	-7.363e-02
178670.50	-1.085e-02	1.027e-01	-1.094e-01
178671.50	-3.437e-03	-3.936e-02	1.094e-01
178672.50	-1.392e-03	2.765e-02	1.344e-01
178673.50	4.147e-03	3.293e-01	2.890e-02
178674.50	8.534e-03	2.323e-01	7.267e-02
178675.50	7.584e-03	-1.930e-01	3.341e-02
178676.50	-1.440e-02	-1.046e-01	1.987e-01
178677.50	-2.582e-03	-1.354e-02	-1.219e-01
178678.50	-4.061e-03	8.870e-02	1.651e-01
178679.50	1.200e-05	-6.893e-02	6.019e-02
178680.50	-1.939e-03	2.957e-01	1.709e-03
178681.50	-1.440e-03	2.227e-01	5.501e-02
178682.50	7.766e-04	6.106e-02	-1.181e-01
178683.50	-1.171e-03	-1.546e-01	6.230e-02
178684.50	-1.430e-03	-1.142e-01	-2.717e-03
178685.50	3.744e-04	-9.552e-02	-7.997e-03
178686.50	8.266e-04	9.523e-02	1.958e-01
178687.50	-2.909e-03	2.093e-01	1.603e-02
178688.50	5.539e-04	-7.469e-02	6.058e-02
178689.50	2.899e-03	1.843e-01	-1.930e-01
178690.50	2.573e-03	-3.398e-02	-1.181e-01
178691.50	2.486e-03	8.822e-02	1.286e-01
178692.50	3.878e-03	6.336e-02	1.565e-01
178693.50	-3.418e-03	1.075e-01	2.275e-01
178694.50	-9.082e-04	-9.696e-02	-1.085e-01
178695.50	-5.818e-04	-6.278e-03	-4.502e-02
178696.50	-1.526e-03	-6.086e-03	1.123e-01
178697.50	1.555e-02	6.854e-02	-1.930e-01
178698.50	2.755e-02	-1.363e-01	-3.398e-01
178699.50	-6.211e-03	2.563e-01	3.888e-02
178700.50	-3.158e-03	-9.571e-02	1.142e-01
178701.50	1.094e-03	-3.763e-02	-1.229e-02
178702.50	-2.246e-03	1.699e-01	5.837e-02
178703.50	-2.880e-04	1.248e-01	-2.582e-02
178704.50	1.526e-03	-1.382e-01	4.886e-02
178705.50	-2.093e-03	-6.144e-02	1.181e-02
178706.50	2.237e-03	7.133e-02	1.286e-01
178707.50	-1.517e-04	8.794e-02	-4.426e-02
178708.50	2.794e-03	-2.035e-02	-1.690e-02
178709.50	2.659e-02	7.229e-02	6.480e-02
178710.50	-2.448e-03	-2.131e-02	-1.910e-02
178711.50	2.170e-03	-1.373e-01	-4.973e-02
178712.50	-1.046e-03	-1.018e-01	-9.082e-03
178713.50	3.965e-03	3.514e-02	-7.718e-02
178714.50	5.213e-03	2.314e-02	-1.354e-02
178715.50	1.824e-03	1.248e-01	8.160e-02
178716.50	2.218e-03	1.094e-01	6.835e-02
178717.50	2.218e-02	-2.006e-02	-9.072e-02
178718.50	-2.534e-04	-8.630e-03	-6.547e-02
178719.50	1.344e-03	1.354e-01	4.646e-02
178720.50	2.064e-02	-3.936e-01	1.046e-01
178721.50	7.920e-02	2.016e-01	4.522e-01
178722.50	-2.102e-03	1.344e-01	2.323e-01
178723.50	-1.018e-03	-4.819e-02	1.603e-02
178724.50	5.117e-02	4.310e-01	-5.616e-02
178725.50	-1.382e-02	1.267e-01	7.987e-02
178726.50	-1.555e-01	6.384e-01	-3.408e-01
178727.50	-3.744e-01	-1.277e+00	-5.616e-01
178728.50	1.354e-02	-1.853e-01	5.414e-02
178729.50	2.074e-01	3.091e-01	3.206e-01
178730.50	-2.909e-03	6.480e-02	-2.026e-02
178731.50	2.448e-03	7.306e-02	-5.606e-02
178732.50	-3.994e-04	4.742e-02	8.314e-02
178733.50	1.834e-03	-7.382e-02	-7.718e-02
178734.50	-1.574e-03	-5.971e-02	1.565e-01
178735.50	4.637e-04	-8.669e-02	5.491e-02
178736.50	1.277e-04	1.891e-02	-1.450e-01
178737.50	-1.018e-04	1.325e-03	2.669e-03
178738.50	1.085e-03	6.854e-02	-2.621e-02
178739.50	1.056e-03	-4.358e-02	-3.821e-02
178740.50	1.651e-03	3.398e-02	6.874e-02
178741.50	1.344e-03	-4.186e-02	-2.266e-02
178742.50	7.229e-04	-1.133e-01	3.610e-02
178743.50	9.456e-04	-7.411e-02	-1.046e-01
178744.50	7.066e-04	-4.262e-03	-9.888e-02
178745.50	-2.880e-04	2.669e-02	6.422e-02
178746.50	-2.179e-03	1.517e-01	-2.429e-03
178747.50	-7.642e-04	1.661e-01	7.229e-02
178748.50	2.947e-03	8.390e-02	-1.642e-01
178749.50	-1.008e-03	-9.552e-02	-1.027e-02
178750.50	-3.581e-03	-2.688e-02	3.322e-02
178751.50	2.477e-04	4.378e-02	-1.325e-02
178752.50	2.333e-03	-9.600e-02	-1.008e-01
178753.50	-1.910e-03	4.742e-02	1.574e-01
178754.50	-1.440e-03	-1.056e-01	5.194e-02
178755.50	3.379e-03	9.034e-02	1.162e-01
178756.50	5.520e-03	9.888e-02	-9.792e-02
178757.50	5.194e-03	-5.174e-02	-1.152e-01
178758.50	-2.602e-03	-8.083e-03	5.482e-02
178759.50	6.192e-04	-4.118e-02	-1.229e-01
178760.50	-1.430e-03	3.302e-02	8.707e-02
178761.50	1.219e-03	-5.184e-02	-5.510e-02
178762.50	1.133e-03	2.870e-02	-6.077e-02
178763.50	-4.138e-03	7.123e-02	1.094e-01
178764.50	-2.141e-04	2.918e-02	-1.622e-02
178765.50	-5.414e-04	7.507e-02	-4.272e-02
178766.50	-2.736e-03	3.715e-02	3.264e-02
178767.50	-1.267e-03	5.251e-02	5.818e-02
178768.50	2.496e-03	-8.150e-02	5.069e-02
178769.50	2.688e-03	1.997e-02	-1.507e-01
178770.50	2.467e-04	-1.402e-01	-1.046e-01
178771.50	7.565e-04	1.066e-01	-1.776e-02
178772.50	7.507e-07	-3.581e-02	7.344e-02
178773.50	-1.978e-03	1.459e-02	9.984e-02
178774.50	1.440e-03	-2.957e-02	-2.083e-02
178775.50	1.075e-03	4.253e-02	2.986e-02
178776.50	1.334e-03	4.224e-02	3.197e-02
178777.50	2.458e-03	1.046e-01	-3.763e-02
178778.50	-2.314e-03	-8.112e-02	5.731e-03
178779.50	-2.880e-04	6.893e-03	-5.846e-02
178780.50	2.064e-03	-2.352e-02	-1.622e-02
178781.50	-4.128e-03	1.843e-02	5.549e-02
178782.50	-6.806e-03	-1.258e-02	4.704e-02
178783.50	-1.325e-03	5.808e-02	5.098e-02
178784.50	2.266e-03	-9.178e-02	-4.714e-02
178785.50	1.315e-03	6.643e-03	-8.640e-02
178786.50	-2.448e-03	6.470e-02	-4.301e-02
178787.50	-6.163e-03	-5.530e-02	2.131e-02
178788.50	1.066e-03	9.984e-03	1.978e-02
178789.50	-3.533e-04	1.238e-02	3.955e-02
178790.50	8.890e-04	6.355e-02	2.640e-02
178791.50	2.218e-03	-8.861e-03	1.018e-02
178792.50	3.254e-04	-5.222e-03	-5.376e-02
178793.50	-2.362e-05	-3.312e-02	2.208e-02
178794.50	1.334e-03	4.214e-02	1.978e-02
178795.50	-2.045e-03	-1.114e-01	7.507e-02
178796.50	-9.485e-04	6.365e-02	2.131e-02
178797.50	8.851e-04	-4.118e-02	-1.123e-01
178798.50	-3.360e-03	-6.182e-02	1.162e-01
178799.50	5.530e-03	3.293e-02	-1.306e-01
178800.50	-1.421e-03	7.987e-02	4.714e-02
178801.50	-7.603e-04	-8.621e-02	5.040e-03
178802.50	-2.909e-03	-1.670e-02	1.565e-01
178803.50	-1.910e-03	1.891e-01	-7.862e-03
178804.50	1.421e-03	1.229e-01	-8.611e-02
178805.50	1.200e-03	-2.035e-02	-6.326e-02
178806.50	-4.502e-04	-4.666e-02	4.522e-02
178807.50	-7.037e-04	-4.118e-03	-3.898e-02
178808.50	-2.621e-03	5.040e-02	6.979e-02
178809.50	3.014e-03	-3.629e-02	-7.229e-02
178810.50	-1.459e-04	8.381e-02	6.461e-02
178811.50	-2.563e-03	3.830e-02	-3.024e-02
178812.50	-6.374e-04	-7.862e-02	-3.504e-03
178813.50	-1.392e-03	-3.514e-02	5.539e-02
178814.50	4.243e-03	7.306e-03	-4.406e-02
178815.50	1.978e-03	3.379e-02	1.085e-02
178816.50	-3.245e-03	-3.734e-04	-3.014e-02
178817.50	3.158e-03	-3.130e-02	-1.958e-03
178818.50	1.334e-03	-6.010e-03	-4.080e-02
178819.50	2.256e-03	6.672e-02	-1.018e-01
178820.50	-3.936e-04	-9.485e-02	2.006e-02
178821.50	5.654e-04	4.051e-02	5.952e-02
178822.50	-3.427e-04	-2.438e-02	2.256e-03
178823.50	6.182e-04	-1.757e-02	-1.075e-02
178824.50	-1.651e-03	-1.882e-02	4.886e-02
178825.50	-2.717e-04	8.496e-02	5.981e-05
178826.50	1.824e-03	2.698e-02	-1.507e-01
178827.50	1.824e-03	-6.442e-03	5.098e-03
178828.50	6.816e-04	7.382e-02	-2.246e-02
178829.50	-3.245e-04	-6.614e-02	3.168e-02
178830.50	-2.371e-04	-6.941e-02	-3.091e-03
178831.50	-4.349e-05	1.344e-01	-6.624e-02
178832.50	1.325e-04	3.523e-02	3.763e-02
178833.50	-1.882e-06	4.051e-02	1.344e-02
178834.50	-1.642e-03	-7.373e-02	5.914e-02
178835.50	-7.142e-04	-1.344e-01	5.059e-03
178836.50	4.426e-04	5.318e-02	-1.814e-04
178837.50	3.005e-04	-3.715e-02	-2.573e-02
178838.50	2.477e-04	-3.062e-03	6.067e-02
178839.50	3.811e-04	-5.242e-02	1.565e-02
178840.50	-1.843e-03	-6.797e-02	-9.571e-03
178841.50	-1.930e-03	-7.142e-02	-6.192e-02
178842.50	3.101e-03	3.504e-02	1.584e-03
178843.50	4.858e-04	1.267e-02	-2.266e-02
178844.50	-1.373e-04	-4.368e-02	-9.561e-03
178845.50	-5.270e-04	-2.976e-02	5.203e-02
178846.50	-2.131e-03	9.523e-03	6.758e-02
178847.50	-1.421e-04	-6.931e-03	-4.080e-02
178848.50	6.077e-04	5.347e-02	-3.840e-02
178849.50	3.859e-03	3.168e-02	-6.154e-02
178850.50	-1.584e-03	-8.582e-02	1.277e-01
178851.50	-1.565e-03	1.968e-04	9.600e-02
178852.50	-1.315e-03	-6.355e-02	-3.994e-02
178853.50	-5.069e-04	1.728e-02	2.832e-02
178854.50	-2.170e-03	3.370e-02	8.208e-03
178855.50	-1.123e-03	1.210e-01	1.325e-03
178856.50	2.083e-03	5.184e-02	-5.635e-03
178857.50	2.554e-03	-3.984e-02	-3.955e-02
178858.50	-8.861e-04	2.563e-02	9.360e-03
178859.50	1.373e-03	-2.765e-02	-6.874e-02
178860.50	-1.421e-06	2.774e-02	-4.253e-02
178861.50	-1.037e-04	-3.936e-02	1.862e-03
178862.50	-3.610e-04	6.893e-02	-2.506e-02
178863.50	-5.866e-04	7.939e-03	-4.502e-02
178864.50	1.238e-03	3.898e-03	-6.701e-02
178865.50	-3.456e-04	-1.968e-04	-4.387e-02
178866.50	-1.152e-03	-2.659e-03	5.606e-02
178867.50	-5.078e-04	-2.621e-02	1.728e-02
178868.50	-6.230e-04	-4.810e-02	3.350e-02
178869.50	-6.979e-04	4.243e-02	1.190e-02
178870.50	1.738e-04	-8.246e-03	-3.226e-02
178871.50	2.314e-04	2.918e-02	3.101e-02
178872.50	8.170e-04	-2.448e-02	1.613e-02
178873.50	-4.867e-04	7.786e-03	7.488e-03
178874.50	-1.939e-03	5.712e-02	1.430e-02
178875.50	-5.270e-04	-3.091e-02	-1.219e-02
178876.50	-1.114e-03	-4.915e-03	1.776e-03
178877.50	3.130e-04	3.283e-02	-9.082e-03
178878.50	8.784e-04	7.286e-02	-5.098e-03
178879.50	-8.016e-04	-1.373e-04	-1.238e-02
178880.50	-6.038e-04	-1.776e-02	6.893e-03
178881.50	2.890e-04	-4.406e-02	2.026e-02
178882.50	1.891e-03	5.462e-02	7.613e-02
178883.50	-1.325e-03	2.179e-02	9.792e-02
178884.50	-1.027e-03	1.037e-03	6.192e-02
178885.50	6.672e-04	8.102e-03	-7.373e-02
178886.50	-1.267e-03	-2.515e-02	1.498e-03
178887.50	-9.053e-04	2.150e-02	-5.405e-02
178888.50	1.450e-03	6.605e-02	-2.467e-02
178889.50	-6.384e-05	3.254e-02	2.669e-03
178890.50	-7.680e-05	3.638e-04	2.314e-02
178891.50	5.568e-04	-4.771e-02	3.926e-02
178892.50	-7.229e-04	-3.398e-02	1.430e-02
178893.50	-9.888e-04	-1.325e-02	-4.790e-03
178894.50	1.843e-03	1.680e-02	-6.653e-02
178895.50	1.315e-03	5.587e-03	-5.174e-02
178896.50	-1.968e-03	1.853e-02	-1.891e-02
178897.50	-8.150e-04	2.506e-02	5.654e-02
178898.50	-2.304e-05	-6.749e-02	9.005e-02
178899.50	3.734e-04	-4.963e-02	6.202e-03
178900.50	4.800e-04	-5.069e-02	-2.496e-02
178901.50	1.546e-04	-1.670e-02	1.872e-02
178902.50	6.144e-05	-1.958e-02	-3.782e-02
178903.50	1.162e-02	-2.093e-02	1.306e-02
178904.50	2.237e-02	3.994e-02	-5.270e-02
178905.50	-1.210e-03	3.782e-02	5.846e-03
178906.50	1.949e-03	3.139e-02	-1.546e-02
178907.50	1.190e-03	-1.181e-02	2.189e-02
178908.50	-1.363e-03	-5.702e-03	4.406e-02
178909.50	-3.254e-04	3.043e-02	-4.310e-02
178910.50	-1.517e-03	2.784e-02	1.171e-01
178911.50	1.027e-02	6.096e-02	-3.514e-02
178912.50	1.373e-03	3.974e-02	-2.765e-02
178913.50	-6.144e-04	9.888e-03	-9.888e-03
178914.50	-8.986e-04	-6.077e-02	2.150e-02
178915.50	1.594e-03	3.082e-02	-3.062e-02
178916.50	-5.760e-04	-1.450e-02	-3.494e-03
178917.50	-7.066e-04	-8.458e-03	-1.776e-02
178918.50	4.742e-05	-2.131e-02	-5.328e-02
178919.50	-6.874e-04	-6.384e-03	3.024e-02
178920.50	-9.302e-04	4.061e-02	5.693e-02
178921.50	2.256e-03	-2.102e-02	-9.485e-02
178922.50	1.430e-05	4.310e-02	7.498e-02
178923.50	-3.782e-04	-4.646e-02	-6.221e-02
178924.50	-2.890e-06	-4.982e-03	1.488e-02
178925.50	6.144e-03	8.275e-02	-6.874e-03
178926.50	1.046e-03	-1.133e-02	-3.206e-03
178927.50	-4.445e-03	1.190e-02	-6.682e-02
178928.50	-1.517e-03	2.285e-02	3.370e-02
178929.50	4.070e-04	-1.430e-03	-3.734e-02
178930.50	7.709e-05	3.178e-02	-1.046e-02
178931.50	6.518e-04	-3.043e-02	-7.709e-03
178932.50	-1.670e-03	-3.840e-02	3.101e-02
178933.50	6.432e-03	-1.344e-02	1.210e-02
178934.50	-1.603e-03	-5.069e-02	2.534e-02
178935.50	-2.477e-03	-4.954e-02	-1.162e-03
178936.50	-5.722e-04	5.789e-02	9.792e-03
178937.50	6.096e-04	1.306e-02	-1.805e-02
178938.50	-4.051e-04	-9.984e-03	-5.635e-03
178939.50	1.670e-03	-3.005e-02	2.938e-04
178940.50	-4.819e-04	7.891e-03	2.112e-02
178941.50	2.045e-03	4.128e-03	-3.206e-02
178942.50	-4.368e-04	-1.142e-02	3.715e-03
178943.50	-2.102e-04	-9.053e-03	2.678e-03
178944.50	-2.112e-03	-8.189e-03	1.603e-03
178945.50	-1.469e-03	3.283e-02	3.984e-02
178946.50	-1.766e-05	1.344e-02	6.480e-03
178947.50	6.749e-04	2.419e-02	1.594e-02
178948.50	7.574e-04	-1.661e-02	-2.381e-02
178949.50	4.416e-07	-2.352e-02	7.258e-04
178950.50	-6.134e-04	-2.419e-03	7.901e-03
178951.50	-1.056e-03	3.773e-02	5.434e-02
178952.50	-6.528e-04	1.930e-02	-8.256e-03
178953.50	3.130e-03	6.259e-03	-5.942e-02
178954.50	3.648e-03	-1.142e-02	-1.229e-02
178955.50	-2.525e-03	-2.928e-02	2.150e-02
178956.50	4.790e-04	3.082e-02	-1.162e-02
178957.50	-1.603e-03	1.075e-02	1.248e-02
178958.50	-1.421e-03	2.026e-02	1.949e-02
