178360.50	0.000e+00	0.000e+00	0.000e+00
178361.50	0.000e+00	0.000e+00	0.000e+00
178362.50	0.000e+00	0.000e+00	0.000e+00
178363.50	0.000e+00	0.000e+00	0.000e+00
178364.50	0.000e+00	0.000e+00	0.000e+00
178365.50	0.000e+00	0.000e+00	0.000e+00
178366.50	0.000e+00	0.000e+00	0.000e+00
178367.50	0.000e+00	0.000e+00	0.000e+00
178368.50	0.000e+00	0.000e+00	0.000e+00
178369.50	0.000e+00	0.000e+00	0.000e+00
178370.50	0.000e+00	0.000e+00	0.000e+00
178371.50	0.000e+00	0.000e+00	0.000e+00
178372.50	0.000e+00	0.000e+00	0.000e+00
178373.50	0.000e+00	0.000e+00	0.000e+00
178374.50	0.000e+00	0.000e+00	0.000e+00
178375.50	0.000e+00	0.000e+00	0.000e+00
178376.50	0.000e+00	0.000e+00	0.000e+00
178377.50	0.000e+00	0.000e+00	0.000e+00
178378.50	0.000e+00	0.000e+00	0.000e+00
178379.50	0.000e+00	0.000e+00	0.000e+00
178380.50	0.000e+00	0.000e+00	0.000e+00
178381.50	0.000e+00	0.000e+00	0.000e+00
178382.50	0.000e+00	0.000e+00	0.000e+00
178383.50	0.000e+00	0.000e+00	0.000e+00
178384.50	0.000e+00	0.000e+00	0.000e+00
178385.50	0.000e+00	0.000e+00	0.000e+00
178386.50	0.000e+00	0.000e+00	0.000e+00
178387.50	0.000e+00	0.000e+00	0.000e+00
178388.50	0.000e+00	0.000e+00	0.000e+00
178389.50	0.000e+00	0.000e+00	0.000e+00
178390.50	0.000e+00	0.000e+00	0.000e+00
178391.50	0.000e+00	0.000e+00	0.000e+00
178392.50	0.000e+00	0.000e+00	0.000e+00
178393.50	0.000e+00	0.000e+00	0.000e+00
178394.50	0.000e+00	0.000e+00	0.000e+00
178395.50	0.000e+00	0.000e+00	0.000e+00
178396.50	0.000e+00	0.000e+00	0.000e+00
178397.50	0.000e+00	0.000e+00	0.000e+00
178398.50	0.000e+00	0.000e+00	0.000e+00
178399.50	0.000e+00	0.000e+00	0.000e+00
178400.50	0.000e+00	0.000e+00	0.000e+00
178401.50	0.000e+00	0.000e+00	0.000e+00
178402.50	0.000e+00	0.000e+00	0.000e+00
178403.50	0.000e+00	0.000e+00	0.000e+00
178404.50	0.000e+00	0.000e+00	0.000e+00
178405.50	0.000e+00	0.000e+00	0.000e+00
178406.50	0.000e+00	0.000e+00	0.000e+00
178407.50	0.000e+00	0.000e+00	0.000e+00
178408.50	0.000e+00	0.000e+00	0.000e+00
178409.50	0.000e+00	0.000e+00	0.000e+00
178410.50	0.000e+00	0.000e+00	0.000e+00
178411.50	0.000e+00	0.000e+00	0.000e+00
178412.50	0.000e+00	0.000e+00	0.000e+00
178413.50	0.000e+00	0.000e+00	0.000e+00
178414.50	0.000e+00	0.000e+00	0.000e+00
178415.50	0.000e+00	0.000e+00	0.000e+00
178416.50	0.000e+00	0.000e+00	0.000e+00
178417.50	0.000e+00	0.000e+00	0.000e+00
178418.50	0.000e+00	0.000e+00	0.000e+00
178419.50	0.000e+00	0.000e+00	0.000e+00
178420.50	0.000e+00	0.000e+00	0.000e+00
178421.50	0.000e+00	0.000e+00	0.000e+00
178422.50	0.000e+00	0.000e+00	0.000e+00
178423.50	0.000e+00	0.000e+00	0.000e+00
178424.50	0.000e+00	0.000e+00	0.000e+00
178425.50	0.000e+00	0.000e+00	0.000e+00
178426.50	0.000e+00	0.000e+00	0.000e+00
178427.50	0.000e+00	0.000e+00	0.000e+00
178428.50	0.000e+00	0.000e+00	0.000e+00
178429.50	0.000e+00	0.000e+00	0.000e+00
178430.50	0.000e+00	0.000e+00	0.000e+00
178431.50	0.000e+00	0.000e+00	0.000e+00
178432.50	0.000e+00	0.000e+00	0.000e+00
178433.50	0.000e+00	0.000e+00	0.000e+00
178434.50	0.000e+00	0.000e+00	0.000e+00
178435.50	0.000e+00	0.000e+00	0.000e+00
178436.50	0.000e+00	0.000e+00	0.000e+00
178437.50	0.000e+00	0.000e+00	0.000e+00
178438.50	0.000e+00	0.000e+00	0.000e+00
178439.50	0.000e+00	0.000e+00	0.000e+00
178440.50	0.000e+00	0.000e+00	0.000e+00
178441.50	0.000e+00	0.000e+00	0.000e+00
178442.50	0.000e+00	0.000e+00	0.000e+00
178443.50	0.000e+00	0.000e+00	0.000e+00
178444.50	0.000e+00	0.000e+00	0.000e+00
178445.50	0.000e+00	0.000e+00	0.000e+00
178446.50	0.000e+00	0.000e+00	0.000e+00
178447.50	0.000e+00	0.000e+00	0.000e+00
178448.50	0.000e+00	0.000e+00	0.000e+00
178449.50	0.000e+00	0.000e+00	0.000e+00
178450.50	0.000e+00	0.000e+00	0.000e+00
178451.50	0.000e+00	0.000e+00	0.000e+00
178452.50	0.000e+00	0.000e+00	0.000e+00
178453.50	0.000e+00	0.000e+00	0.000e+00
178454.50	0.000e+00	0.000e+00	0.000e+00
178455.50	0.000e+00	0.000e+00	0.000e+00
178456.50	0.000e+00	0.000e+00	0.000e+00
178457.50	0.000e+00	0.000e+00	0.000e+00
178458.50	0.000e+00	0.000e+00	0.000e+00
178459.50	0.000e+00	0.000e+00	0.000e+00
178460.50	0.000e+00	0.000e+00	0.000e+00
178461.50	0.000e+00	0.000e+00	0.000e+00
178462.50	0.000e+00	0.000e+00	0.000e+00
178463.50	0.000e+00	0.000e+00	0.000e+00
178464.50	0.000e+00	0.000e+00	0.000e+00
178465.50	0.000e+00	0.000e+00	0.000e+00
178466.50	0.000e+00	0.000e+00	0.000e+00
178467.50	0.000e+00	0.000e+00	0.000e+00
178468.50	0.000e+00	0.000e+00	0.000e+00
178469.50	-4.493e-05	4.944e-03	-3.178e-03
178470.50	2.362e-05	-2.774e-03	1.238e-03
178471.50	1.094e-04	-1.891e-03	3.706e-03
178472.50	-7.238e-05	3.187e-03	-3.014e-03
178473.50	-2.678e-05	2.170e-03	-1.805e-03
178474.50	-4.992e-05	-6.240e-03	-3.418e-04
178475.50	5.261e-05	3.398e-03	8.899e-04
178476.50	1.190e-05	-2.102e-03	1.536e-03
178477.50	-4.637e-06	-3.725e-03	6.538e-03
178478.50	-2.726e-05	2.794e-03	-4.618e-04
178479.50	2.429e-04	-6.173e-03	-1.248e-02
178480.50	-1.613e-04	4.579e-03	2.198e-03
178481.50	-1.027e-04	1.805e-03	3.754e-03
178482.50	2.736e-04	9.206e-03	-5.827e-02
178483.50	-2.304e-04	-3.341e-02	5.414e-02
178484.50	2.314e-04	3.312e-02	-1.181e-02
178485.50	3.427e-04	9.322e-04	-9.331e-03
178486.50	1.190e-04	-1.910e-04	1.786e-02
178487.50	7.872e-05	1.651e-03	9.792e-03
178488.50	-1.114e-04	-3.965e-02	1.440e-01
178489.50	-3.782e-04	2.525e-02	2.621e-02
178490.50	7.363e-04	-4.186e-02	-2.448e-02
178491.50	1.507e-03	-2.429e-01	6.106e-02
178492.50	-1.133e-03	3.427e-01	1.037e-01
178493.50	4.541e-04	-3.754e-02	3.139e-02
178494.50	1.594e-03	-2.362e-01	-1.056e-02
178495.50	-1.421e-03	-1.354e+00	-2.410e-01
178496.50	-3.523e-03	-6.250e+00	2.045e-01
178497.50	1.142e-02	-2.266e+01	4.512e+00
178498.50	6.547e-03	-6.893e+01	8.170e-01
178499.50	2.256e-02	-1.795e+02	7.258e+00
178500.50	4.541e-02	-3.341e+02	2.371e+01
178501.50	4.589e-02	-2.525e+02	7.978e+00
178502.50	6.182e-02	-3.773e+02	3.370e+01
178503.50	6.221e-02	-1.939e+02	1.901e+00
178504.50	5.203e-02	3.005e+01	-9.312e+00
178505.50	3.254e-02	1.027e+02	-1.411e+01
178506.50	2.842e-02	1.219e+02	-6.787e+00
178507.50	1.853e-02	1.056e+02	-1.421e+00
178508.50	3.965e-03	9.283e+01	-1.757e+01
178509.50	4.598e-04	7.853e+01	-2.131e-01
178510.50	-6.634e-03	7.075e+01	-2.410e+00
178511.50	-2.246e-03	6.173e+01	7.843e-01
178512.50	2.659e-03	5.866e+01	-3.504e+00
178513.50	-7.603e-03	5.069e+01	-2.246e+00
178514.50	-5.405e-03	4.675e+01	-4.099e+00
178515.50	-5.098e-03	4.109e+01	-2.026e+00
178516.50	-1.450e-02	4.099e+01	-3.600e+00
178517.50	-9.101e-03	3.034e+01	8.150e-01
178518.50	-1.498e-02	3.101e+01	-1.277e+00
178519.50	-8.832e-03	2.726e+01	-4.368e+00
178520.50	-2.525e-03	2.957e+01	-8.486e-01
178521.50	-1.133e-02	2.419e+01	1.603e+00
178522.50	-4.992e-03	2.390e+01	-2.083e+00
178523.50	-7.162e-03	2.198e+01	-9.600e-02
178524.50	-1.469e-02	1.882e+01	-1.728e+00
178525.50	-7.171e-03	1.843e+01	1.325e-01
178526.50	-2.429e-03	1.699e+01	7.478e-01
178527.50	-7.133e-03	1.296e+01	-2.563e+00
178528.50	-7.843e-03	1.488e+01	-3.254e-01
178529.50	-4.157e-03	1.546e+01	1.718e+00
178530.50	2.429e-02	1.325e+01	1.402e+00
178531.50	-3.638e-03	1.334e+01	-6.912e-01
178532.50	-1.046e-02	1.018e+01	-3.638e+00
178533.50	-5.050e-03	1.171e+01	-7.843e-01
178534.50	-7.958e-03	1.018e+01	-2.909e-01
178535.50	-9.696e-03	8.467e+00	4.781e-01
178536.50	-2.621e-03	9.120e+00	-1.229e+00
178537.50	-5.078e-03	9.494e+00	-6.125e-02
178538.50	-8.592e-03	8.995e+00	-1.987e-01
178539.50	-2.659e-03	6.346e+00	-4.157e-01
178540.50	-1.488e-02	7.354e+00	-1.747e-01
178541.50	8.938e-04	6.557e+00	1.104e+00
178542.50	3.187e-04	4.944e+00	1.085e+00
178543.50	-6.461e-03	6.077e+00	3.974e-01
178544.50	1.805e-03	5.818e+00	3.638e-01
178545.50	-6.365e-03	5.395e+00	9.792e-01
178546.50	2.026e-03	4.378e+00	6.058e-01
178547.50	-7.440e-03	4.915e+00	-4.090e-01
178548.50	-6.346e-03	5.414e+00	-3.005e-01
178549.50	-4.934e-03	4.560e+00	-7.325e-01
178550.50	-2.458e-04	3.312e+00	4.051e-01
178551.50	2.880e-03	3.917e+00	-6.125e-01
178552.50	-2.064e-03	5.088e+00	-7.171e-01
178553.50	-5.366e-04	3.917e+00	-6.864e-01
178554.50	6.730e-04	2.218e+00	2.102e-01
178555.50	-8.266e-03	3.542e+00	9.696e-01
178556.50	8.381e-04	2.822e+00	-3.226e-01
178557.50	-6.634e-03	2.141e+00	1.142e+00
178558.50	-1.258e-03	2.448e+00	-4.186e-02
178559.50	-8.150e-03	2.688e+00	-1.027e+00
178560.50	-9.331e-03	2.861e+00	-1.776e-01
178561.50	-6.182e-03	2.342e+00	3.168e-01
178562.50	-1.277e-03	2.659e+00	3.005e-01
178563.50	-1.459e-03	1.920e+00	-4.896e-01
178564.50	-1.094e-02	1.440e+00	3.811e-01
178565.50	5.117e-03	1.872e+00	1.910e-01
178566.50	1.661e-03	2.285e+00	-6.250e-01
178567.50	9.523e-03	1.344e+00	-5.933e-01
178568.50	-4.224e-03	1.786e+00	6.979e-02
178569.50	-6.941e-04	1.776e+00	-6.845e-01
178570.50	1.853e-03	1.661e+00	7.843e-01
178571.50	-4.042e-03	1.824e+00	5.213e-01
178572.50	5.395e-03	1.469e+00	2.016e-02
178573.50	2.141e-04	1.334e+00	-2.266e-01
178574.50	-1.526e-03	1.267e+00	-2.054e-01
178575.50	-4.426e-03	1.517e+00	2.966e-02
178576.50	-3.446e-04	7.680e-01	-4.224e-01
178577.50	-3.034e-03	8.909e-01	-5.405e-01
178578.50	1.248e-03	1.363e+00	-5.347e-02
178579.50	-3.178e-03	1.094e+00	1.584e-01
178580.50	-3.024e-03	7.085e-01	2.851e-02
178581.50	-1.949e-03	1.056e+00	2.976e-02
178582.50	4.003e-04	3.571e-01	-5.174e-01
178583.50	-2.640e-03	7.718e-01	6.336e-01
178584.50	9.523e-04	4.301e-01	-1.315e-01
178585.50	-1.152e-03	1.018e+00	-5.635e-01
178586.50	-4.474e-03	5.030e-01	1.018e-01
178587.50	2.995e-02	7.824e-01	5.030e-01
178588.50	4.896e-02	-1.402e-01	3.475e-01
178589.50	-2.995e-03	8.650e-01	5.942e-02
178590.50	8.429e-03	5.213e-01	8.266e-04
178591.50	-3.514e-03	7.805e-01	-5.069e-01
178592.50	5.693e-04	4.099e-01	1.238e-01
178593.50	1.344e-03	5.654e-01	4.502e-01
178594.50	-2.870e-02	5.261e-01	-6.538e-01
178595.50	1.709e-03	8.736e-01	-6.451e-02
178596.50	1.440e-03	4.387e-01	-2.006e-01
178597.50	9.187e-04	5.472e-01	-4.214e-01
178598.50	-3.024e-04	8.582e-01	-5.328e-01
178599.50	-4.656e-03	3.216e-01	2.198e-01
178600.50	2.947e-03	6.643e-01	4.032e-01
178601.50	1.315e-03	1.882e-01	2.246e-01
178602.50	-8.467e-03	-3.917e-02	9.590e-02
178603.50	-3.571e-03	6.221e-01	1.507e-01
178604.50	3.437e-03	8.342e-01	-7.027e-02
178605.50	-2.170e-03	5.683e-01	-1.642e-01
178606.50	-4.560e-03	2.602e-01	4.224e-01
178607.50	1.238e-04	-3.965e-02	-7.238e-02
178608.50	7.526e-03	5.894e-01	-3.638e-01
178609.50	1.085e-03	-2.016e-01	-1.795e-01
178610.50	1.757e-02	3.773e-01	-3.504e-02
178611.50	-4.934e-04	-9.283e-02	-4.282e-02
178612.50	4.205e-04	2.707e-01	5.021e-04
178613.50	1.190e-02	4.090e-01	4.416e-01
178614.50	2.294e-04	4.042e-01	-8.678e-02
178615.50	-6.902e-05	1.162e-01	-2.880e-01
178616.50	1.738e-03	2.381e-01	-2.525e-01
178617.50	2.986e-03	5.683e-01	-7.997e-02
178618.50	8.016e-03	4.752e-01	3.917e-01
178619.50	-1.008e-02	1.920e-01	3.802e-02
178620.50	-2.774e-03	2.122e-01	-8.045e-02
178621.50	6.547e-03	4.550e-02	-3.072e-01
178622.50	-3.542e-03	4.339e-01	-4.397e-02
178623.50	-6.144e-04	3.725e-01	1.008e-01
178624.50	-7.075e-03	2.006e-01	2.381e-01
178625.50	-1.632e-02	2.794e-01	2.928e-02
178626.50	8.630e-03	3.168e-01	2.045e-01
178627.50	3.773e-03	2.170e-01	-2.880e-01
178628.50	-2.947e-03	6.835e-02	-1.834e-01
178629.50	7.200e-04	-2.870e-01	-7.709e-02
178630.50	-2.016e-03	1.190e-01	1.680e-02
178631.50	-6.950e-03	-2.707e-02	1.555e-01
178632.50	-2.957e-03	2.909e-01	-2.813e-02
178633.50	-2.323e-04	2.544e-01	-2.294e-02
178634.50	4.397e-03	2.304e-01	2.995e-01
178635.50	-1.411e-03	-1.690e-01	2.179e-01
178636.50	-6.662e-03	1.574e-01	-2.736e-01
178637.50	-1.037e-02	2.448e-02	1.651e-01
178638.50	1.478e-03	1.930e-01	1.162e-02
178639.50	2.630e-03	2.669e-01	-2.525e-01
178640.50	2.947e-04	2.851e-01	2.323e-01
178641.50	1.709e-03	-3.043e-02	-9.542e-03
178642.50	-1.910e-04	1.939e-01	1.421e-01
178643.50	1.104e-03	-9.533e-04	1.171e-01
178644.50	-2.352e-03	8.573e-02	-3.600e-02
178645.50	-1.632e-02	-1.085e-01	-1.786e-01
178646.50	-7.910e-03	-1.085e-01	1.891e-01
178647.50	-2.429e-03	3.725e-01	-1.046e-01
178648.50	7.459e-04	1.075e-01	8.112e-04
178649.50	-3.235e-03	1.603e-01	3.187e-02
178650.50	-1.709e-03	1.603e-01	-1.392e-01
178651.50	-1.517e-03	1.834e-02	-1.363e-01
178652.50	-2.554e-03	6.758e-02	-2.880e-02
178653.50	8.170e-03	3.686e-02	1.632e-01
178654.50	3.850e-03	3.571e-01	1.382e-01
178655.50	3.034e-03	2.678e-02	-3.062e-01
178656.50	-5.520e-03	-1.114e-02	-3.686e-01
178657.50	-1.229e-02	-3.024e-01	-1.190e-01
178658.50	2.573e-03	2.909e-01	1.555e-01
178659.50	-2.544e-04	1.402e-01	1.066e-01
178660.50	-2.976e-03	-1.622e-02	-1.642e-01
178661.50	-4.474e-03	1.162e-02	-3.648e-02
178662.50	-1.152e-03	1.056e-01	2.102e-01
178663.50	4.099e-04	1.910e-01	-1.555e-01
178664.50	-4.560e-03	5.952e-02	1.027e-01
178665.50	8.150e-04	1.104e-01	1.814e-03
178666.50	1.181e-03	1.680e-01	-1.891e-01
178667.50	-1.133e-03	1.478e-02	-2.458e-02
178668.50	-3.206e-04	-5.021e-02	1.258e-01
178669.50	2.045e-05	9.984e-02	-1.392e-01
178670.50	5.606e-04	7.094e-02	2.150e-04
178671.50	2.246e-03	-3.264e-01	-2.035e-01
178672.50	1.738e-03	-5.146e-02	4.704e-02
178673.50	-3.005e-02	3.245e-01	1.085e-01
178674.50	-3.110e-02	4.483e-02	1.171e-01
178675.50	-1.843e-03	-1.210e-01	1.910e-02
178676.50	-6.576e-04	4.138e-02	6.154e-03
178677.50	1.363e-03	1.133e-01	9.178e-03
178678.50	-7.133e-04	1.526e-01	-7.200e-02
178679.50	-1.690e-03	1.603e-01	1.085e-01
178680.50	1.853e-03	1.152e-01	-1.411e-01
178681.50	-1.094e-03	8.496e-02	-2.870e-02
178682.50	7.709e-04	3.331e-01	4.070e-02
178683.50	4.368e-03	8.198e-02	1.642e-01
178684.50	-5.587e-04	-1.258e-01	2.947e-02
178685.50	-9.149e-03	-1.286e-01	-8.765e-02
178686.50	-1.411e-03	1.382e-01	4.224e-01
178687.50	-5.011e-03	-3.206e-02	7.853e-02
178688.50	1.642e-04	-2.938e-02	-9.379e-02
178689.50	8.026e-04	2.102e-02	-8.006e-02
178690.50	2.285e-04	1.277e-01	1.315e-01
178691.50	-9.696e-04	3.456e-01	7.709e-02
178692.50	-3.638e-04	9.984e-02	4.675e-02
178693.50	-2.198e-03	-7.594e-02	8.669e-02
178694.50	4.762e-03	1.546e-01	-1.584e-01
178695.50	-3.456e-03	-1.411e-01	5.290e-02
178696.50	3.053e-03	-1.824e-05	-7.747e-03
178697.50	1.603e-03	-1.421e-01	1.459e-01
178698.50	-1.517e-03	-3.216e-02	5.443e-02
178699.50	-3.235e-03	1.642e-01	7.814e-02
178700.50	7.843e-04	1.037e-01	-1.997e-01
178701.50	-1.786e-03	-1.277e-01	3.293e-02
178702.50	-4.368e-04	-9.984e-02	-6.874e-03
178703.50	-1.872e-03	-9.984e-02	-1.478e-01
178704.50	-1.814e-03	6.989e-02	3.139e-02
178705.50	-4.656e-03	1.968e-01	1.066e-02
178706.50	5.098e-04	9.561e-02	-1.306e-01
178707.50	1.306e-03	1.517e-01	7.056e-02
178708.50	1.277e-02	-1.114e-01	8.438e-02
178709.50	2.333e-03	-1.363e-01	2.506e-01
178710.50	-2.995e-03	-5.040e-02	4.704e-02
178711.50	6.528e-04	-4.906e-02	-1.392e-01
178712.50	-1.613e-03	7.162e-02	1.661e-04
178713.50	-1.603e-03	2.170e-01	9.178e-02
178714.50	-1.862e-03	1.334e-01	-2.141e-01
178715.50	-1.440e-03	-4.762e-02	-1.104e-01
178716.50	-2.419e-03	-4.435e-02	8.256e-02
178717.50	-2.842e-03	-1.728e-01	1.133e-01
178718.50	1.488e-04	4.819e-02	5.069e-03
178719.50	3.139e-03	-3.936e-02	-8.496e-02
178720.50	4.205e-03	1.766e-01	6.432e-02
178721.50	2.515e-03	-1.296e-01	-4.848e-02
178722.50	6.538e-03	-5.568e-02	-1.402e-01
178723.50	-3.802e-03	1.286e-01	-8.822e-03
178724.50	2.102e-03	1.718e-02	1.286e-01
178725.50	-8.035e-03	7.776e-02	-8.544e-02
178726.50	-5.693e-03	-2.294e-01	1.277e-01
178727.50	-2.093e-04	7.690e-02	1.334e-02
178728.50	2.083e-04	4.752e-02	-2.822e-02
178729.50	2.458e-03	-6.077e-02	-7.651e-02
178730.50	1.373e-03	-2.765e-02	-9.427e-02
178731.50	-2.928e-03	1.488e-01	-1.238e-01
178732.50	3.168e-03	-1.632e-01	4.733e-02
178733.50	-5.616e-03	1.094e-01	-3.091e-02
178734.50	-6.029e-03	1.267e-01	-7.584e-02
178735.50	4.570e-03	-1.142e-01	-1.517e-02
178736.50	-5.338e-03	-4.320e-02	8.333e-02
178737.50	-8.832e-03	1.181e-01	3.139e-02
178738.50	1.200e-03	2.352e-03	-1.834e-01
178739.50	3.648e-03	-5.789e-02	-1.958e-02
178740.50	-1.075e-03	-3.082e-02	9.792e-02
178741.50	-1.008e-03	8.602e-02	-9.034e-02
178742.50	2.784e-03	-7.757e-02	-4.954e-02
178743.50	5.923e-03	6.134e-02	2.976e-01
178744.50	1.325e-03	1.085e-01	5.578e-02
178745.50	-3.322e-04	4.790e-02	-7.526e-02
178746.50	8.784e-04	-1.363e-01	8.698e-02
178747.50	-1.382e-03	3.494e-02	-4.570e-02
178748.50	2.362e-04	-4.435e-03	-2.016e-01
178749.50	1.171e-03	-8.851e-02	-1.296e-01
178750.50	-2.371e-03	1.008e-02	-1.622e-01
178751.50	-1.344e-03	-4.042e-02	-3.782e-03
178752.50	-2.035e-04	-5.616e-02	1.834e-01
178753.50	-2.669e-04	-4.070e-02	8.506e-02
178754.50	9.370e-04	7.200e-02	7.296e-02
178755.50	-1.114e-03	1.286e-01	-9.062e-02
178756.50	-5.712e-04	2.688e-02	-6.605e-02
178757.50	9.571e-05	6.048e-02	2.275e-01
178758.50	-1.181e-03	1.008e-01	2.736e-02
178759.50	1.027e-04	-5.875e-03	-6.499e-02
178760.50	1.056e-03	-1.680e-01	7.757e-02
178761.50	-1.930e-03	1.094e-01	-1.536e-01
178762.50	1.392e-02	2.784e-02	1.181e-02
178763.50	1.930e-02	8.486e-02	6.038e-02
178764.50	-4.474e-04	-2.266e-02	-1.440e-02
178765.50	-5.376e-04	3.341e-02	3.802e-04
178766.50	4.330e-05	9.494e-02	2.880e-02
178767.50	2.064e-03	-8.141e-02	-1.066e-03
178768.50	9.792e-05	-3.533e-02	-2.534e-03
178769.50	-8.131e-05	-6.115e-02	-1.344e-01
178770.50	1.930e-03	-8.602e-02	7.661e-02
178771.50	5.453e-04	-7.267e-02	-2.592e-02
178772.50	-1.075e-03	1.037e-01	8.410e-03
178773.50	1.555e-03	-1.066e-02	1.421e-01
178774.50	1.795e-03	7.488e-02	-7.469e-02
178775.50	-2.429e-03	6.182e-02	6.336e-02
178776.50	-1.296e-04	2.582e-02	9.792e-03
178777.50	3.523e-04	-1.382e-01	-9.984e-02
178778.50	-2.131e-03	1.277e-01	5.290e-02
178779.50	5.232e-04	7.258e-02	2.093e-02
178780.50	-2.774e-04	1.546e-01	-4.550e-02
178781.50	-1.229e-03	-2.342e-02	-1.382e-01
178782.50	3.360e-04	-3.130e-03	-1.104e-02
178783.50	5.875e-03	-2.026e-02	2.496e-02
178784.50	-3.418e-03	1.910e-02	1.718e-02
178785.50	-3.648e-03	-3.379e-02	-2.035e-02
178786.50	5.510e-03	8.630e-03	1.315e-01
178787.50	7.258e-03	8.170e-02	5.040e-02
178788.50	-1.277e-02	9.456e-02	-1.834e-01
178789.50	1.805e-03	-7.056e-02	-1.229e-01
178790.50	-1.248e-02	1.277e-02	-1.862e-01
178791.50	1.910e-02	-7.680e-02	8.842e-02
178792.50	-2.592e-03	5.472e-02	1.046e-01
178793.50	-2.198e-04	-1.162e-01	9.696e-02
178794.50	3.235e-04	1.229e-02	-1.027e-01
178795.50	-2.534e-03	2.650e-02	1.123e-01
178796.50	-1.152e-03	-5.184e-02	3.974e-02
178797.50	9.110e-04	2.131e-02	4.704e-02
178798.50	8.986e-04	1.018e-02	-5.213e-02
178799.50	-1.939e-03	1.411e-02	-6.019e-02
178800.50	-6.288e-04	-8.918e-02	-2.822e-02
178801.50	-1.613e-03	-6.288e-02	7.440e-02
178802.50	1.882e-04	4.214e-03	-9.072e-02
178803.50	-2.467e-04	1.018e-01	-4.512e-03
178804.50	-4.397e-04	2.822e-02	-8.880e-03
178805.50	1.565e-03	6.605e-02	4.589e-02
178806.50	-2.429e-03	3.734e-02	9.792e-02
178807.50	-3.936e-04	1.459e-01	-2.467e-03
178808.50	1.958e-03	-1.210e-02	-3.485e-02
178809.50	7.142e-04	1.882e-02	-4.061e-02
178810.50	-7.267e-04	-7.622e-02	1.478e-02
178811.50	4.771e-04	9.370e-02	9.533e-03
178812.50	-8.122e-04	3.446e-02	-4.704e-02
178813.50	-3.283e-04	5.971e-02	4.512e-02
178814.50	3.994e-04	6.346e-02	-3.590e-02
178815.50	3.091e-05	-9.504e-02	1.181e-02
178816.50	9.888e-05	-4.032e-03	1.210e-01
178817.50	-8.832e-04	1.805e-02	7.354e-03
178818.50	5.645e-04	-2.832e-02	-7.248e-02
178819.50	-1.123e-03	1.450e-02	-6.077e-03
178820.50	8.765e-04	-1.258e-02	-1.382e-02
178821.50	3.283e-04	6.595e-02	-7.392e-02
178822.50	1.171e-03	-4.358e-02	5.635e-02
178823.50	1.402e-03	-7.075e-04	2.131e-02
178824.50	-5.654e-04	1.325e-03	-2.045e-02
178825.50	-1.440e-03	-1.814e-02	9.302e-03
178826.50	-5.693e-04	-9.341e-02	8.611e-02
178827.50	-4.714e-05	-2.592e-02	8.755e-02
178828.50	5.587e-04	3.034e-02	2.054e-02
178829.50	-1.670e-03	-3.456e-02	-1.728e-01
178830.50	-2.400e-04	6.979e-02	-1.478e-01
178831.50	8.266e-04	-9.043e-02	1.872e-02
178832.50	2.314e-03	-1.363e-03	4.550e-02
178833.50	1.123e-01	-3.965e-01	-3.667e-01
178834.50	1.411e-02	-1.238e-01	1.440e-01
178835.50	1.440e-02	-2.189e-01	1.968e-01
178836.50	-3.053e-03	5.251e-02	-1.853e-02
178837.50	-3.706e-03	6.384e-02	-2.909e-02
178838.50	4.387e-03	1.306e-03	4.243e-02
178839.50	2.918e-02	-1.421e-01	1.555e-01
178840.50	-5.107e-02	-1.162e-01	1.450e-01
178841.50	2.419e-02	-2.371e-01	2.045e-01
178842.50	-5.741e-02	4.253e-01	-5.011e-01
178843.50	1.459e-03	-1.795e-02	1.056e-02
178844.50	-6.077e-04	-3.811e-02	4.992e-02
178845.50	-6.192e-02	2.861e-01	6.336e-02
178846.50	-1.872e-03	4.483e-02	-5.846e-02
178847.50	-1.872e-03	1.469e-02	1.152e-02
178848.50	1.661e-03	2.794e-03	7.728e-02
178849.50	-1.181e-04	-6.374e-02	-3.034e-03
178850.50	4.147e-03	6.566e-03	6.317e-02
178851.50	-1.882e-03	3.418e-02	-9.437e-02
178852.50	5.414e-04	-5.539e-02	-1.037e-02
178853.50	1.238e-03	-1.584e-02	-6.442e-02
178854.50	5.741e-04	3.437e-03	-5.645e-02
178855.50	-1.498e-03	-4.954e-02	3.965e-02
178856.50	8.774e-04	7.488e-03	-1.133e-02
178857.50	-1.574e-03	5.261e-02	3.197e-02
178858.50	-1.306e-02	1.248e-01	7.008e-03
178859.50	1.152e-03	-7.315e-04	-3.235e-03
178860.50	3.379e-03	-3.984e-02	-2.016e-03
178861.50	-1.008e-03	-7.958e-03	9.312e-03
178862.50	-8.918e-04	2.755e-02	-3.053e-02
178863.50	5.491e-03	1.910e-02	-2.237e-02
178864.50	-3.226e-03	3.590e-02	-2.458e-03
178865.50	7.190e-04	-3.427e-02	3.322e-02
178866.50	-7.699e-04	8.794e-03	-4.426e-02
178867.50	5.434e-04	3.898e-02	1.622e-02
178868.50	9.043e-04	4.282e-02	-5.866e-02
178869.50	6.634e-04	-2.074e-02	4.003e-02
178870.50	-1.661e-04	-4.416e-02	1.056e-01
178871.50	2.582e-04	-8.438e-02	-3.254e-02
178872.50	-5.251e-03	-4.790e-02	-3.619e-02
178873.50	-5.366e-03	-4.646e-03	2.170e-02
178874.50	7.891e-06	7.882e-02	9.888e-02
178875.50	-3.965e-03	2.189e-02	5.328e-02
178876.50	5.923e-03	4.877e-02	1.795e-02
178877.50	3.610e-03	8.006e-02	-1.978e-03
178878.50	-2.419e-03	1.046e-03	2.496e-02
178879.50	2.054e-03	2.035e-02	2.640e-02
178880.50	-5.482e-04	7.565e-03	-5.328e-02
178881.50	-5.798e-04	3.101e-02	-6.720e-02
178882.50	-5.078e-04	8.045e-03	2.659e-02
178883.50	-1.238e-04	-1.286e-02	2.669e-02
178884.50	-3.331e-02	-5.251e-02	-3.379e-02
178885.50	2.602e-03	6.566e-03	-5.962e-02
178886.50	2.813e-04	-6.653e-03	-2.947e-02
178887.50	3.062e-03	-1.114e-03	5.923e-02
178888.50	3.494e-04	-1.325e-03	8.621e-03
178889.50	3.936e-05	4.282e-02	-3.754e-02
178890.50	7.901e-02	1.008e-01	3.610e-02
178891.50	1.171e-01	2.304e-01	2.419e-02
178892.50	-5.165e-02	-1.248e-01	-1.238e-01
178893.50	4.656e-03	-5.251e-02	-5.328e-02
178894.50	-2.237e-02	-2.880e-02	5.194e-02
178895.50	-1.238e-01	-2.458e-01	-1.046e-01
178896.50	-8.486e-04	-1.824e-02	-3.955e-02
178897.50	1.066e-04	7.085e-03	3.658e-02
178898.50	1.152e-03	-6.893e-02	6.182e-02
178899.50	1.978e-05	3.062e-02	5.626e-02
178900.50	-6.864e-04	9.034e-02	2.227e-02
178901.50	1.190e-03	8.314e-02	3.475e-02
178902.50	-1.517e-02	-5.808e-02	1.958e-02
178903.50	-6.029e-03	-1.066e-02	8.736e-03
178904.50	-9.984e-03	-1.267e-02	-4.579e-02
178905.50	-1.075e-03	6.758e-03	-6.384e-03
178906.50	-3.994e-04	1.094e-02	2.995e-02
178907.50	5.856e-04	-1.190e-01	3.677e-02
178908.50	-8.582e-05	2.784e-02	-7.277e-02
178909.50	-3.302e-03	4.598e-02	4.483e-02
178910.50	5.942e-04	6.038e-02	7.834e-03
178911.50	7.219e-03	-8.621e-02	-7.574e-03
178912.50	-3.120e-03	2.707e-02	5.117e-02
178913.50	-1.728e-02	-3.696e-02	2.534e-02
178914.50	1.334e-03	4.781e-02	-2.573e-02
178915.50	2.294e-04	-4.512e-02	-3.245e-02
178916.50	-3.302e-04	-2.851e-02	-6.346e-02
178917.50	-1.315e-03	4.358e-03	-3.715e-02
178918.50	-1.171e-03	-2.246e-02	-4.570e-02
178919.50	3.926e-02	2.410e-02	-2.045e-02
178920.50	2.314e-02	6.950e-02	-6.605e-02
178921.50	-3.629e-03	-1.056e-03	1.622e-02
178922.50	-4.282e-04	-6.259e-03	5.078e-02
178923.50	5.741e-04	8.794e-02	4.896e-02
178924.50	5.702e-04	5.539e-02	1.181e-01
178925.50	-1.056e-03	3.350e-02	-6.470e-02
178926.50	-5.213e-03	-4.598e-02	6.355e-02
178927.50	-7.747e-04	-8.534e-03	-1.776e-03
178928.50	-2.045e-03	-2.486e-02	-2.918e-02
178929.50	-1.027e-03	-6.797e-03	3.293e-02
178930.50	-3.533e-03	-3.696e-02	1.392e-02
178931.50	6.902e-03	4.944e-02	-2.189e-02
178932.50	3.379e-02	8.554e-02	-3.533e-02
178933.50	8.333e-04	-5.597e-02	1.555e-02
178934.50	1.075e-03	2.486e-02	-1.882e-02
178935.50	-1.978e-04	4.790e-02	-5.338e-03
178936.50	1.613e-03	4.685e-02	1.958e-02
178937.50	5.626e-03	2.074e-02	-3.533e-02
178938.50	4.522e-02	1.190e-01	7.632e-02
178939.50	-2.890e-03	2.410e-02	6.595e-02
178940.50	-2.131e-04	-2.122e-02	1.344e-02
178941.50	1.027e-04	-4.800e-02	-7.104e-02
178942.50	5.290e-04	-5.549e-04	-3.379e-02
178943.50	1.008e-03	2.410e-02	-3.466e-02
178944.50	1.478e-03	-5.405e-02	1.939e-02
178945.50	3.610e-04	4.397e-02	3.734e-02
178946.50	-1.613e-03	5.914e-03	-2.659e-02
178947.50	-7.296e-04	-3.408e-02	-4.963e-02
178948.50	-2.938e-04	-5.318e-03	-7.987e-03
178949.50	-1.958e-04	2.237e-02	-5.357e-03
178950.50	-1.200e-02	9.187e-02	-3.878e-02
178951.50	-1.018e-02	3.398e-02	-7.651e-02
178952.50	1.786e-03	-7.133e-02	8.909e-03
178953.50	1.018e-03	-5.251e-02	3.955e-02
178954.50	-6.739e-05	3.101e-02	2.285e-02
178955.50	2.506e-05	4.022e-02	1.526e-02
178956.50	3.562e-04	7.190e-03	-1.133e-02
178957.50	1.814e-03	6.845e-02	-4.378e-02
178958.50	1.027e-03	-4.224e-02	-1.037e-02
