178360.50	0.000e+00	0.000e+00	0.000e+00
178361.50	0.000e+00	0.000e+00	0.000e+00
178362.50	0.000e+00	0.000e+00	0.000e+00
178363.50	0.000e+00	0.000e+00	0.000e+00
178364.50	0.000e+00	0.000e+00	0.000e+00
178365.50	0.000e+00	0.000e+00	0.000e+00
178366.50	0.000e+00	0.000e+00	0.000e+00
178367.50	0.000e+00	0.000e+00	0.000e+00
178368.50	0.000e+00	0.000e+00	0.000e+00
178369.50	0.000e+00	0.000e+00	0.000e+00
178370.50	0.000e+00	0.000e+00	0.000e+00
178371.50	0.000e+00	0.000e+00	0.000e+00
178372.50	0.000e+00	0.000e+00	0.000e+00
178373.50	0.000e+00	0.000e+00	0.000e+00
178374.50	0.000e+00	0.000e+00	0.000e+00
178375.50	0.000e+00	0.000e+00	0.000e+00
178376.50	0.000e+00	0.000e+00	0.000e+00
178377.50	0.000e+00	0.000e+00	0.000e+00
178378.50	0.000e+00	0.000e+00	0.000e+00
178379.50	0.000e+00	0.000e+00	0.000e+00
178380.50	0.000e+00	0.000e+00	0.000e+00
178381.50	0.000e+00	0.000e+00	0.000e+00
178382.50	0.000e+00	0.000e+00	0.000e+00
178383.50	0.000e+00	0.000e+00	0.000e+00
178384.50	0.000e+00	0.000e+00	0.000e+00
178385.50	0.000e+00	0.000e+00	0.000e+00
178386.50	0.000e+00	0.000e+00	0.000e+00
178387.50	0.000e+00	0.000e+00	0.000e+00
178388.50	0.000e+00	0.000e+00	0.000e+00
178389.50	0.000e+00	0.000e+00	0.000e+00
178390.50	0.000e+00	0.000e+00	0.000e+00
178391.50	0.000e+00	0.000e+00	0.000e+00
178392.50	0.000e+00	0.000e+00	0.000e+00
178393.50	0.000e+00	0.000e+00	0.000e+00
178394.50	0.000e+00	0.000e+00	0.000e+00
178395.50	0.000e+00	0.000e+00	0.000e+00
178396.50	0.000e+00	0.000e+00	0.000e+00
178397.50	0.000e+00	0.000e+00	0.000e+00
178398.50	0.000e+00	0.000e+00	0.000e+00
178399.50	0.000e+00	0.000e+00	0.000e+00
178400.50	0.000e+00	0.000e+00	0.000e+00
178401.50	0.000e+00	0.000e+00	0.000e+00
178402.50	0.000e+00	0.000e+00	0.000e+00
178403.50	0.000e+00	0.000e+00	0.000e+00
178404.50	0.000e+00	0.000e+00	0.000e+00
178405.50	0.000e+00	0.000e+00	0.000e+00
178406.50	0.000e+00	0.000e+00	0.000e+00
178407.50	0.000e+00	0.000e+00	0.000e+00
178408.50	0.000e+00	0.000e+00	0.000e+00
178409.50	0.000e+00	0.000e+00	0.000e+00
178410.50	0.000e+00	0.000e+00	0.000e+00
178411.50	0.000e+00	0.000e+00	0.000e+00
178412.50	0.000e+00	0.000e+00	0.000e+00
178413.50	0.000e+00	0.000e+00	0.000e+00
178414.50	0.000e+00	0.000e+00	0.000e+00
178415.50	0.000e+00	0.000e+00	0.000e+00
178416.50	0.000e+00	0.000e+00	0.000e+00
178417.50	0.000e+00	0.000e+00	0.000e+00
178418.50	0.000e+00	0.000e+00	0.000e+00
178419.50	0.000e+00	0.000e+00	0.000e+00
178420.50	0.000e+00	0.000e+00	0.000e+00
178421.50	0.000e+00	0.000e+00	0.000e+00
178422.50	0.000e+00	0.000e+00	0.000e+00
178423.50	0.000e+00	0.000e+00	0.000e+00
178424.50	0.000e+00	0.000e+00	0.000e+00
178425.50	0.000e+00	0.000e+00	0.000e+00
178426.50	0.000e+00	0.000e+00	0.000e+00
178427.50	0.000e+00	0.000e+00	0.000e+00
178428.50	0.000e+00	0.000e+00	0.000e+00
178429.50	0.000e+00	0.000e+00	0.000e+00
178430.50	0.000e+00	0.000e+00	0.000e+00
178431.50	0.000e+00	0.000e+00	0.000e+00
178432.50	0.000e+00	0.000e+00	0.000e+00
178433.50	0.000e+00	0.000e+00	0.000e+00
178434.50	0.000e+00	0.000e+00	0.000e+00
178435.50	0.000e+00	0.000e+00	0.000e+00
178436.50	0.000e+00	0.000e+00	0.000e+00
178437.50	0.000e+00	0.000e+00	0.000e+00
178438.50	0.000e+00	0.000e+00	0.000e+00
178439.50	0.000e+00	0.000e+00	0.000e+00
178440.50	0.000e+00	0.000e+00	0.000e+00
178441.50	0.000e+00	0.000e+00	0.000e+00
178442.50	0.000e+00	0.000e+00	0.000e+00
178443.50	0.000e+00	0.000e+00	0.000e+00
178444.50	0.000e+00	0.000e+00	0.000e+00
178445.50	0.000e+00	0.000e+00	0.000e+00
178446.50	0.000e+00	0.000e+00	0.000e+00
178447.50	0.000e+00	0.000e+00	0.000e+00
178448.50	0.000e+00	0.000e+00	0.000e+00
178449.50	0.000e+00	0.000e+00	0.000e+00
178450.50	0.000e+00	0.000e+00	0.000e+00
178451.50	0.000e+00	0.000e+00	0.000e+00
178452.50	0.000e+00	0.000e+00	0.000e+00
178453.50	0.000e+00	0.000e+00	0.000e+00
178454.50	0.000e+00	0.000e+00	0.000e+00
178455.50	0.000e+00	0.000e+00	0.000e+00
178456.50	0.000e+00	0.000e+00	0.000e+00
178457.50	0.000e+00	0.000e+00	0.000e+00
178458.50	0.000e+00	0.000e+00	0.000e+00
178459.50	0.000e+00	0.000e+00	0.000e+00
178460.50	0.000e+00	0.000e+00	0.000e+00
178461.50	0.000e+00	0.000e+00	0.000e+00
178462.50	0.000e+00	0.000e+00	0.000e+00
178463.50	0.000e+00	0.000e+00	0.000e+00
178464.50	0.000e+00	0.000e+00	0.000e+00
178465.50	0.000e+00	0.000e+00	0.000e+00
178466.50	0.000e+00	0.000e+00	0.000e+00
178467.50	0.000e+00	0.000e+00	0.000e+00
178468.50	0.000e+00	0.000e+00	0.000e+00
178469.50	0.000e+00	0.000e+00	0.000e+00
178470.50	0.000e+00	0.000e+00	0.000e+00
178471.50	0.000e+00	0.000e+00	0.000e+00
178472.50	0.000e+00	0.000e+00	0.000e+00
178473.50	0.000e+00	0.000e+00	0.000e+00
178474.50	0.000e+00	0.000e+00	0.000e+00
178475.50	0.000e+00	0.000e+00	0.000e+00
178476.50	0.000e+00	0.000e+00	0.000e+00
178477.50	0.000e+00	0.000e+00	0.000e+00
178478.50	-8.266e-07	-1.632e-04	1.315e-04
178479.50	2.122e-06	-7.546e-04	2.448e-03
178480.50	7.958e-05	-4.445e-04	-5.558e-03
178481.50	7.219e-05	1.008e-03	-4.944e-03
178482.50	1.430e-05	-8.525e-04	1.891e-03
178483.50	9.561e-05	-3.792e-03	-1.354e-03
178484.50	9.696e-05	-7.200e-03	2.170e-02
178485.50	-3.350e-04	2.141e-02	8.534e-04
178486.50	2.045e-04	-2.006e-02	-1.411e-02
178487.50	-1.354e-04	8.352e-03	-6.326e-03
178488.50	-1.267e-04	1.382e-02	8.400e-04
178489.50	-6.058e-04	2.573e-02	-1.152e-02
178490.50	1.238e-03	-8.323e-02	3.840e-02
178491.50	8.458e-04	-5.616e-02	-5.318e-02
178492.50	3.590e-03	-2.323e-01	-4.464e-03
178493.50	-2.208e-03	2.506e-01	1.238e-01
178494.50	4.320e-03	-5.290e-01	7.958e-02
178495.50	9.312e-03	-1.152e+00	2.026e-01
178496.50	6.509e-02	-9.120e+00	1.142e+00
178497.50	2.141e-01	-3.130e+01	3.005e+00
178498.50	6.221e-01	-9.072e+01	-2.400e+00
178499.50	1.478e+00	-2.256e+02	5.798e+00
178500.50	2.198e+00	-3.485e+02	2.333e+01
178501.50	1.699e+00	-2.717e+02	6.518e+00
178502.50	2.304e+00	-3.840e+02	2.045e+01
178503.50	7.440e-01	-1.248e+02	1.248e+00
178504.50	-3.043e-01	5.376e+01	-6.019e+00
178505.50	-6.739e-01	1.210e+02	-1.661e+01
178506.50	-7.738e-01	1.306e+02	1.824e+00
178507.50	-6.010e-01	1.027e+02	-4.416e+00
178508.50	-4.925e-01	8.534e+01	-8.285e+00
178509.50	-5.117e-01	8.582e+01	-5.539e+00
178510.50	-4.243e-01	6.806e+01	-4.234e-01
178511.50	-3.658e-01	6.115e+01	-2.122e+00
178512.50	-3.533e-01	5.645e+01	6.461e-01
178513.50	-3.494e-01	5.520e+01	-1.037e+00
178514.50	-2.803e-01	4.483e+01	-4.051e+00
178515.50	-2.458e-01	3.974e+01	-3.062e+00
178516.50	-2.515e-01	4.051e+01	-3.859e+00
178517.50	-2.227e-01	3.418e+01	7.920e-01
178518.50	-2.074e-01	3.187e+01	-2.458e+00
178519.50	-1.795e-01	2.899e+01	-4.838e-01
178520.50	-1.910e-01	2.851e+01	9.062e-01
178521.50	-1.421e-01	2.275e+01	1.018e+00
178522.50	-1.334e-01	2.150e+01	-2.227e+00
178523.50	-1.488e-01	2.208e+01	-9.542e-01
178524.50	-1.392e-01	2.102e+01	1.594e-01
178525.50	-1.114e-01	1.747e+01	-2.102e+00
178526.50	-1.190e-01	1.786e+01	-6.058e-01
178527.50	-1.123e-01	1.546e+01	2.890e+00
178528.50	-9.341e-02	1.315e+01	-4.992e-01
178529.50	-9.888e-02	1.622e+01	-4.973e-02
178530.50	-8.832e-02	1.344e+01	-6.461e-01
178531.50	-7.267e-02	1.162e+01	-1.056e+00
178532.50	-8.237e-02	1.219e+01	-7.354e-01
178533.50	-6.326e-02	1.008e+01	-9.139e-01
178534.50	-6.518e-02	1.075e+01	-2.026e-01
178535.50	-6.586e-02	9.312e+00	-2.525e-01
178536.50	-5.750e-02	8.458e+00	-1.334e-01
178537.50	-5.654e-02	8.438e+00	-1.142e+00
178538.50	-5.606e-02	8.419e+00	5.587e-01
178539.50	-5.222e-02	7.642e+00	6.144e-01
178540.50	-4.973e-02	7.565e+00	-7.238e-01
178541.50	-5.472e-02	7.056e+00	4.829e-01
178542.50	-4.714e-02	5.952e+00	2.054e+00
178543.50	-4.301e-02	6.029e+00	1.104e+00
178544.50	-3.725e-02	5.338e+00	1.459e+00
178545.50	-3.773e-02	5.510e+00	5.165e-01
178546.50	-2.477e-02	4.973e+00	-1.181e+00
178547.50	-7.478e-03	4.982e+00	-2.342e-01
178548.50	-3.082e-02	4.195e+00	-1.075e+00
178549.50	-3.840e-02	4.541e+00	-4.099e-01
178550.50	-3.206e-02	4.819e+00	-3.053e-01
178551.50	-2.995e-02	3.888e+00	4.435e-01
178552.50	-2.986e-02	3.898e+00	-1.997e-01
178553.50	-2.074e-02	2.957e+00	5.549e-01
178554.50	-2.986e-02	4.243e+00	-2.045e-01
178555.50	-1.939e-02	3.043e+00	-2.928e-01
178556.50	-2.237e-02	2.650e+00	5.213e-01
178557.50	-2.102e-02	3.360e+00	3.418e-01
178558.50	-1.901e-02	3.034e+00	5.971e-01
178559.50	-1.930e-02	2.803e+00	-2.563e-01
178560.50	-1.421e-02	2.438e+00	-7.958e-01
178561.50	-1.555e-02	1.498e+00	3.648e-01
178562.50	-1.546e-02	1.334e+00	-5.491e-01
178563.50	-1.114e-02	2.736e+00	5.338e-02
178564.50	-8.054e-03	1.843e+00	-8.429e-02
178565.50	-1.008e-02	2.150e+00	2.064e-02
178566.50	-1.786e-02	1.987e+00	5.318e-02
178567.50	-1.901e-02	1.738e+00	2.467e-02
178568.50	-1.632e-02	1.075e+00	1.238e-01
178569.50	-5.203e-02	1.910e+00	2.534e-01
178570.50	-9.456e-03	1.670e+00	-1.930e-01
178571.50	-1.258e-02	2.093e+00	2.362e-01
178572.50	-1.651e-02	1.910e+00	-3.206e-03
178573.50	-9.235e-03	9.226e-01	-5.318e-01
178574.50	-3.581e-03	1.114e+00	-7.104e-01
178575.50	-3.206e-03	1.584e+00	8.822e-02
178576.50	-4.013e-03	1.104e+00	-5.222e-01
178577.50	-1.862e-02	1.363e+00	1.901e-01
178578.50	-8.304e-03	7.747e-01	4.042e-01
178579.50	2.045e-03	1.066e+00	2.928e-01
178580.50	1.046e-02	5.702e-01	-2.582e-01
178581.50	-3.552e-02	1.018e+00	-4.464e-01
178582.50	-2.650e-02	4.435e-01	-1.997e-01
178583.50	-6.355e-03	8.774e-01	4.531e-01
178584.50	1.142e-01	1.546e+00	-3.101e-01
178585.50	-5.338e-02	2.669e-01	-3.379e-01
178586.50	-5.395e-02	5.030e-01	1.056e-01
178587.50	-2.410e-03	5.971e-01	7.066e-01
178588.50	-6.211e-03	1.085e+00	3.187e-01
178589.50	-3.418e-02	3.360e-01	-4.762e-02
178590.50	-1.555e-02	2.592e-01	-7.277e-01
178591.50	-1.642e-02	5.837e-01	-7.277e-02
178592.50	-9.792e-03	7.786e-01	-1.565e-01
178593.50	-3.206e-02	1.056e+00	1.862e-02
178594.50	-2.352e-03	3.514e-01	4.176e-01
178595.50	7.670e-02	6.470e-01	-5.434e-01
178596.50	-1.901e-03	3.802e-01	1.354e-01
178597.50	-2.717e-03	3.274e-01	1.104e-01
178598.50	-6.518e-04	6.442e-01	1.478e-01
178599.50	-5.597e-03	7.997e-01	-5.654e-01
178600.50	-4.800e-03	1.296e-01	-4.627e-01
178601.50	3.437e-02	1.555e-01	4.358e-01
178602.50	7.210e-03	5.078e-01	3.437e-01
178603.50	3.907e-04	5.462e-01	-5.923e-01
178604.50	-3.926e-03	2.621e-01	-2.342e-01
178605.50	2.266e-02	8.314e-01	6.691e-01
178606.50	-8.429e-04	4.387e-01	1.075e-01
178607.50	-2.736e-03	1.142e-01	-9.014e-02
178608.50	7.795e-04	2.563e-01	4.320e-02
178609.50	1.219e-04	-7.814e-02	7.526e-02
178610.50	-3.638e-03	7.200e-01	-1.930e-01
178611.50	-4.176e-03	6.048e-01	2.371e-01
178612.50	-4.733e-03	3.610e-01	2.851e-02
178613.50	-7.805e-03	2.410e-01	2.045e-02
178614.50	1.306e-03	-3.293e-01	-1.651e-01
178615.50	-5.386e-03	6.710e-01	-1.354e-01
178616.50	1.555e-03	-6.422e-03	2.390e-01
178617.50	-2.890e-03	5.117e-01	-1.325e-01
178618.50	-1.056e-03	3.926e-01	1.824e-01
178619.50	-2.246e-03	4.214e-01	-8.054e-02
178620.50	-1.718e-03	2.448e-01	-1.690e-01
178621.50	-1.018e-03	2.966e-01	2.630e-01
178622.50	-3.398e-04	-5.981e-02	-2.630e-01
178623.50	3.984e-03	-5.914e-02	-1.766e-01
178624.50	-1.987e-03	1.440e-01	-7.526e-02
178625.50	-7.958e-04	3.725e-01	4.397e-02
178626.50	-2.774e-03	2.928e-01	-4.483e-02
178627.50	4.013e-03	5.722e-02	2.381e-02
178628.50	2.803e-04	2.275e-03	1.315e-01
178629.50	6.662e-05	3.130e-01	-2.410e-01
178630.50	-3.014e-03	2.669e-01	3.379e-02
178631.50	-6.432e-04	1.008e-01	1.594e-01
178632.50	-6.048e-03	3.274e-01	-2.410e-01
178633.50	1.210e-03	2.170e-02	1.459e-01
178634.50	-1.718e-03	3.600e-01	2.736e-01
178635.50	2.842e-03	-1.286e-01	8.486e-03
178636.50	-1.699e-03	5.539e-02	1.910e-01
178637.50	-1.632e-03	3.139e-01	-3.206e-01
178638.50	-2.256e-03	2.054e-01	1.670e-01
178639.50	1.277e-02	-2.035e-02	1.699e-01
178640.50	-3.024e-04	4.368e-02	-5.789e-02
178641.50	-1.171e-02	1.757e-03	1.152e-01
178642.50	4.397e-03	6.816e-02	4.694e-02
178643.50	-1.814e-03	2.390e-01	-2.947e-02
178644.50	-5.597e-04	1.171e-01	1.258e-02
178645.50	-8.390e-04	1.402e-01	-5.798e-02
178646.50	-1.747e-04	1.430e-01	-2.947e-01
178647.50	1.546e-04	-5.510e-02	1.680e-01
178648.50	-1.555e-03	3.840e-02	4.608e-02
178649.50	2.314e-03	5.664e-02	-1.066e-01
178650.50	-2.650e-03	2.448e-01	1.613e-02
178651.50	3.917e-04	1.267e-02	4.272e-04
178652.50	-9.005e-04	1.296e-02	-2.006e-01
178653.50	1.286e-03	-7.306e-02	2.515e-02
178654.50	1.296e-03	1.248e-01	-3.206e-01
178655.50	2.880e-04	4.272e-02	-1.421e-01
178656.50	-1.997e-03	2.477e-01	1.987e-01
178657.50	-5.030e-03	2.909e-01	1.094e-01
178658.50	1.517e-02	1.085e-01	1.632e-01
178659.50	1.766e-03	3.005e-01	-7.238e-02
178660.50	-1.680e-03	2.314e-01	-9.984e-02
178661.50	-7.834e-03	-2.448e-01	-2.698e-02
178662.50	-8.064e-03	7.392e-03	2.429e-01
178663.50	-5.462e-04	2.803e-01	-6.192e-02
178664.50	2.160e-03	-1.459e-01	-3.014e-01
178665.50	7.824e-04	-5.405e-02	1.651e-01
178666.50	5.510e-03	1.747e-01	8.659e-02
178667.50	-6.403e-03	-1.325e-02	1.075e-01
178668.50	3.552e-03	-1.056e-02	-2.035e-01
178669.50	-2.006e-04	-1.680e-01	-1.258e-01
178670.50	-1.910e-05	-1.210e-01	-1.402e-02
178671.50	-3.091e-03	1.594e-01	4.541e-02
178672.50	-1.430e-04	1.872e-01	2.390e-01
178673.50	-2.035e-03	1.766e-01	1.104e-01
178674.50	-6.096e-03	2.611e-01	-4.406e-02
178675.50	1.555e-03	-4.934e-03	6.422e-02
178676.50	-3.082e-03	-9.226e-02	-1.133e-02
178677.50	6.086e-04	1.238e-02	-3.014e-02
178678.50	-1.574e-03	7.718e-02	-1.094e-01
178679.50	-1.546e-03	7.651e-02	-5.155e-02
178680.50	-1.670e-03	4.397e-02	2.227e-01
178681.50	-1.018e-03	1.853e-01	5.088e-02
178682.50	-2.102e-03	-8.563e-02	2.362e-04
178683.50	2.602e-03	1.910e-01	-4.445e-02
178684.50	2.870e-03	1.814e-01	3.667e-02
178685.50	5.203e-03	6.797e-02	3.120e-02
178686.50	-3.696e-04	-7.334e-02	1.795e-01
178687.50	-2.755e-03	1.603e-02	-8.515e-02
178688.50	2.285e-03	8.880e-02	1.286e-01
178689.50	-5.779e-04	8.285e-02	6.950e-02
178690.50	3.667e-05	2.438e-03	-1.142e-03
178691.50	3.542e-03	1.008e-02	-4.771e-02
178692.50	-3.149e-04	2.563e-02	-2.045e-02
178693.50	-1.958e-03	-1.277e-01	-2.074e-02
178694.50	1.075e-03	1.018e-01	3.725e-02
178695.50	-5.779e-03	-7.133e-02	-1.075e-01
178696.50	-7.910e-03	5.290e-02	1.517e-01
178697.50	-4.666e-03	4.944e-02	-5.875e-02
178698.50	-5.664e-03	4.618e-02	-3.082e-02
178699.50	-1.344e-03	-8.352e-03	7.814e-02
178700.50	1.037e-04	1.123e-01	-8.496e-03
178701.50	4.253e-03	-2.650e-02	6.470e-02
178702.50	-3.283e-04	1.286e-01	1.200e-01
178703.50	-3.101e-03	7.814e-02	-3.658e-02
178704.50	3.062e-02	-1.008e-01	4.906e-04
178705.50	3.686e-02	-9.696e-02	-2.698e-02
178706.50	3.638e-03	2.851e-03	1.459e-01
178707.50	7.536e-04	-6.547e-02	4.339e-02
178708.50	-3.149e-03	1.526e-02	-1.622e-01
178709.50	-1.459e-03	4.070e-02	-7.565e-02
178710.50	-3.878e-03	6.950e-02	4.781e-04
178711.50	-1.651e-04	1.190e-01	6.077e-02
178712.50	6.144e-04	-4.896e-02	-4.109e-02
178713.50	4.896e-03	-7.190e-02	1.526e-02
178714.50	-4.070e-04	3.418e-02	2.275e-01
178715.50	2.064e-03	-3.619e-02	5.741e-03
178716.50	1.037e-03	1.805e-01	-1.085e-01
178717.50	2.352e-02	-7.373e-02	8.160e-02
178718.50	2.544e-02	1.037e-01	1.334e-01
178719.50	-4.147e-03	-1.382e-01	-1.632e-01
178720.50	2.573e-03	1.882e-02	-2.016e-01
178721.50	1.133e-03	9.206e-02	-1.306e-01
178722.50	8.294e-04	-3.754e-02	3.562e-02
178723.50	-1.901e-03	1.373e-01	1.402e-01
178724.50	-1.037e-03	1.670e-01	1.296e-01
178725.50	2.256e-03	5.722e-02	-1.325e-01
178726.50	-1.613e-02	2.957e-03	-5.203e-02
178727.50	-2.006e-02	-6.950e-02	1.421e-03
178728.50	1.382e-03	-4.301e-02	8.746e-02
178729.50	3.226e-04	-3.523e-02	-1.565e-02
178730.50	1.546e-03	-7.920e-02	-1.306e-01
178731.50	2.746e-03	2.774e-02	-6.259e-02
178732.50	6.806e-04	7.210e-03	1.574e-01
178733.50	-8.506e-04	1.440e-01	-1.181e-01
178734.50	1.133e-03	1.008e-02	-1.939e-02
178735.50	-3.917e-02	-1.037e-01	-2.218e-01
178736.50	2.582e-03	-1.114e-01	-6.634e-02
178737.50	-4.800e-03	-9.533e-02	9.398e-02
178738.50	-1.507e-03	2.477e-02	7.152e-02
178739.50	3.418e-03	3.043e-02	-2.381e-01
178740.50	-9.590e-04	-5.702e-02	1.382e-01
178741.50	3.494e-03	1.584e-02	1.498e-01
178742.50	-3.792e-03	-3.677e-03	-7.594e-02
178743.50	-1.306e-03	-5.386e-02	-2.707e-02
178744.50	-1.882e-04	-3.917e-02	1.315e-01
178745.50	-1.008e-03	-5.779e-02	7.728e-02
178746.50	-2.074e-03	-5.520e-02	-7.738e-02
178747.50	-1.066e-03	5.462e-03	4.896e-02
178748.50	6.614e-03	-1.085e-02	7.949e-03
178749.50	6.518e-05	-8.390e-02	5.050e-02
178750.50	-1.210e-02	2.477e-02	-4.426e-02
178751.50	1.930e-03	1.114e-02	-2.035e-02
178752.50	-2.333e-03	1.286e-01	5.779e-02
178753.50	-5.280e-04	1.488e-01	-9.254e-03
178754.50	-3.514e-03	1.200e-03	-1.258e-01
178755.50	-2.640e-03	9.696e-02	-2.659e-02
178756.50	-1.709e-03	8.506e-02	-3.274e-02
178757.50	7.488e-04	-1.459e-01	-7.181e-02
178758.50	9.984e-04	4.637e-02	7.133e-02
178759.50	9.418e-03	4.176e-02	8.957e-02
178760.50	-3.331e-03	1.498e-01	-4.128e-02
178761.50	-8.381e-03	5.866e-03	-1.104e-01
178762.50	-1.776e-02	-2.102e-02	-1.536e-01
178763.50	1.085e-02	-1.075e-01	2.016e-01
178764.50	1.325e-03	-5.626e-02	5.914e-02
178765.50	1.574e-03	-2.429e-03	7.853e-02
178766.50	8.026e-04	-3.053e-02	1.306e-01
178767.50	6.787e-03	-5.347e-02	-1.094e-02
178768.50	1.872e-03	-4.493e-02	1.613e-02
178769.50	-1.517e-03	9.888e-02	1.517e-01
178770.50	-2.650e-03	1.978e-01	-5.107e-02
178771.50	-2.582e-03	3.062e-02	-6.835e-02
178772.50	-2.035e-03	1.248e-01	1.738e-01
178773.50	-6.192e-04	7.094e-02	-1.882e-02
178774.50	-1.382e-04	-1.181e-01	-1.104e-01
178775.50	-8.285e-04	-2.774e-02	-7.603e-02
178776.50	3.514e-03	7.248e-03	-7.286e-02
178777.50	4.752e-04	-7.536e-02	1.843e-02
178778.50	3.590e-03	-9.043e-02	-9.984e-02
178779.50	8.957e-04	1.411e-01	-1.152e-01
178780.50	1.651e-03	-1.066e-01	3.571e-02
178781.50	3.418e-04	-9.014e-02	3.494e-02
178782.50	-6.970e-04	-3.888e-02	-7.814e-02
178783.50	1.133e-03	9.984e-02	-7.555e-02
178784.50	-3.168e-03	2.006e-01	1.027e-01
178785.50	-4.483e-04	4.963e-02	8.563e-02
178786.50	1.133e-02	-2.650e-02	-6.998e-03
178787.50	-2.726e-02	9.523e-02	1.046e-01
178788.50	-5.856e-03	-5.597e-02	4.598e-02
178789.50	4.646e-04	-4.330e-02	-2.563e-02
178790.50	2.947e-03	-1.526e-01	-8.832e-02
178791.50	1.517e-04	4.819e-02	-6.374e-02
178792.50	6.240e-03	6.960e-02	4.272e-02
178793.50	8.746e-03	-3.610e-02	4.003e-02
178794.50	-1.661e-04	3.926e-02	1.824e-02
178795.50	3.514e-03	5.213e-02	6.038e-02
178796.50	2.880e-03	-1.814e-03	-2.918e-02
178797.50	2.602e-03	-4.387e-02	-3.658e-02
178798.50	2.352e-03	-4.752e-02	-3.552e-02
178799.50	-1.325e-04	-6.787e-02	-1.267e-01
178800.50	2.621e-04	4.147e-02	-2.198e-02
178801.50	1.747e-04	3.322e-02	5.587e-02
178802.50	1.085e-03	-5.645e-02	1.018e-02
178803.50	4.656e-04	-4.867e-02	8.813e-02
178804.50	-6.192e-04	1.104e-01	-1.757e-02
178805.50	1.114e-03	4.944e-02	2.486e-02
178806.50	1.690e-03	8.544e-03	-1.056e-01
178807.50	7.930e-04	-1.786e-02	-2.141e-02
178808.50	-5.837e-03	-2.611e-02	-6.461e-02
178809.50	-5.174e-03	4.502e-02	-8.054e-03
178810.50	3.725e-03	-2.371e-02	2.016e-02
178811.50	6.547e-03	-3.754e-02	1.104e-01
178812.50	2.208e-03	9.418e-02	-5.366e-02
178813.50	-5.818e-04	-2.698e-02	-1.085e-02
178814.50	-6.605e-04	-4.570e-03	7.651e-02
178815.50	-7.200e-02	-1.824e-01	4.195e-02
178816.50	-2.285e-02	-9.226e-02	-4.051e-02
178817.50	8.160e-05	1.766e-02	5.050e-02
178818.50	-6.643e-04	8.909e-02	-5.261e-03
178819.50	1.517e-03	5.990e-02	7.238e-03
178820.50	4.186e-02	-2.362e-02	6.912e-02
178821.50	-3.254e-03	5.789e-02	-2.928e-02
178822.50	-1.085e-04	8.822e-03	1.555e-02
178823.50	-5.443e-04	6.288e-02	1.181e-01
178824.50	1.891e-03	-1.133e-01	1.133e-02
178825.50	1.498e-03	3.312e-03	-1.747e-01
178826.50	1.642e-03	3.197e-03	8.851e-03
178827.50	2.746e-03	-2.784e-02	3.226e-02
178828.50	5.827e-04	-1.814e-02	-7.066e-02
178829.50	1.277e-03	-3.619e-02	-3.187e-02
178830.50	-3.869e-03	-5.856e-02	4.886e-02
178831.50	-9.034e-03	2.698e-02	3.955e-03
178832.50	-1.056e-02	4.704e-02	-7.411e-02
178833.50	8.400e-04	-6.288e-02	7.286e-02
178834.50	-2.842e-03	-8.861e-04	-2.611e-02
178835.50	9.888e-04	-4.848e-03	-4.502e-04
178836.50	2.112e-03	2.726e-02	-1.757e-02
178837.50	-1.536e-03	5.549e-02	4.387e-03
178838.50	-6.864e-04	2.314e-02	-1.382e-02
178839.50	8.784e-04	-6.326e-02	1.738e-02
178840.50	-4.042e-03	-2.995e-02	5.030e-02
178841.50	-8.928e-03	7.987e-02	2.525e-02
178842.50	1.814e-03	2.160e-02	-2.918e-02
178843.50	-8.592e-04	-6.538e-02	-4.128e-02
178844.50	-4.858e-03	-6.864e-02	-9.600e-03
178845.50	3.590e-03	1.680e-02	7.805e-03
178846.50	-6.710e-04	8.016e-03	-3.523e-02
178847.50	6.614e-04	6.182e-02	7.354e-02
178848.50	2.026e-04	-4.771e-02	2.054e-03
178849.50	1.277e-02	-5.750e-02	4.483e-02
178850.50	3.408e-03	-2.304e-02	8.918e-02
178851.50	-1.027e-03	6.096e-02	-5.654e-02
178852.50	-4.358e-04	6.192e-02	-1.632e-02
178853.50	-1.037e-03	2.246e-02	-2.947e-02
178854.50	2.458e-04	-1.805e-02	-3.168e-02
178855.50	1.190e-03	-1.181e-02	-5.914e-02
178856.50	3.082e-03	-6.058e-02	-1.795e-02
178857.50	-7.939e-03	-2.890e-03	-3.187e-02
178858.50	-4.166e-02	6.163e-02	-2.784e-02
178859.50	-4.906e-04	-3.398e-02	2.794e-02
178860.50	-3.725e-05	7.162e-02	-9.888e-03
178861.50	-5.760e-04	2.006e-02	4.906e-03
178862.50	1.440e-03	-8.938e-02	9.888e-02
178863.50	1.670e-03	7.910e-02	9.696e-03
178864.50	1.296e-03	-3.869e-02	-1.104e-02
178865.50	9.120e-04	-5.491e-04	2.275e-02
178866.50	1.094e-03	-1.171e-02	-2.390e-03
178867.50	1.478e-03	1.018e-02	4.330e-03
178868.50	2.870e-03	-8.765e-02	-3.984e-02
178869.50	-5.462e-04	-7.066e-02	3.130e-02
178870.50	2.765e-04	1.690e-02	3.312e-02
178871.50	6.912e-04	-4.387e-03	-4.118e-02
178872.50	4.963e-03	3.898e-02	-1.584e-02
178873.50	4.406e-04	4.800e-02	-1.469e-02
178874.50	-2.966e-03	2.294e-02	2.736e-02
178875.50	-5.894e-03	3.389e-02	5.040e-03
178876.50	-7.958e-04	-2.947e-03	-3.792e-02
178877.50	-2.208e-04	2.976e-02	-1.882e-02
178878.50	-1.008e-03	1.930e-02	4.262e-02
178879.50	-1.334e-03	-1.594e-02	1.296e-02
178880.50	-2.381e-03	3.322e-02	1.862e-02
178881.50	7.498e-04	-1.200e-02	7.171e-02
178882.50	3.840e-03	3.648e-02	-5.261e-03
178883.50	1.459e-03	-8.861e-03	-9.120e-02
178884.50	5.914e-04	7.114e-02	2.563e-02
178885.50	-6.912e-04	6.096e-03	-3.523e-02
178886.50	-1.498e-03	-6.077e-02	4.013e-02
178887.50	-2.515e-03	1.286e-02	-4.819e-03
178888.50	-1.843e-03	2.323e-02	1.814e-02
178889.50	-8.342e-04	5.453e-02	-3.043e-02
178890.50	2.410e-03	-5.750e-02	2.093e-02
178891.50	-7.152e-03	1.229e-02	-7.354e-02
178892.50	-2.477e-02	1.354e-02	-3.600e-02
178893.50	-3.706e-02	7.776e-02	-9.062e-03
178894.50	6.883e-04	-3.283e-02	1.622e-03
178895.50	1.334e-03	-2.506e-02	-6.941e-03
178896.50	-1.219e-03	-3.226e-02	-3.302e-02
178897.50	-6.202e-04	1.478e-02	-4.406e-02
178898.50	-7.718e-04	2.323e-02	4.147e-02
178899.50	1.882e-03	-1.613e-02	2.266e-02
178900.50	1.440e-03	2.611e-02	6.259e-03
178901.50	1.114e-03	-3.043e-02	3.043e-02
178902.50	-2.429e-03	7.603e-02	-1.430e-02
178903.50	-2.131e-03	-1.642e-02	-2.179e-02
178904.50	9.888e-04	-5.750e-02	6.096e-02
178905.50	1.555e-03	-7.267e-03	3.658e-02
178906.50	-1.094e-01	-1.046e-01	9.984e-02
178907.50	-9.014e-02	-1.459e-01	-1.152e-02
178908.50	3.437e-02	7.670e-02	4.445e-02
178909.50	5.654e-02	7.872e-02	-2.045e-03
178910.50	1.094e-01	9.014e-02	-1.267e-01
178911.50	1.018e-04	-5.261e-03	-4.848e-02
178912.50	5.472e-05	1.738e-02	-6.317e-02
178913.50	1.546e-03	1.277e-02	-2.179e-02
178914.50	1.142e-04	6.250e-02	9.014e-03
178915.50	-1.075e-04	7.584e-02	3.014e-02
178916.50	2.726e-04	1.325e-02	7.814e-02
178917.50	-1.594e-03	3.811e-02	-5.434e-02
178918.50	-4.013e-04	3.792e-02	-1.536e-02
178919.50	2.669e-03	-7.450e-02	2.016e-02
178920.50	-1.987e-03	-3.658e-02	3.792e-04
178921.50	7.891e-04	-1.392e-02	6.240e-02
178922.50	1.267e-03	-1.603e-02	3.840e-02
178923.50	-2.390e-03	1.699e-02	-3.600e-02
178924.50	-2.381e-03	2.141e-02	-2.707e-02
178925.50	1.085e-03	4.829e-02	7.786e-02
178926.50	-5.894e-04	2.016e-02	-2.294e-02
178927.50	-9.216e-04	9.322e-03	-4.646e-02
178928.50	9.034e-04	-9.350e-02	-1.478e-02
178929.50	1.997e-03	-1.402e-02	2.582e-03
178930.50	9.792e-04	-3.456e-02	-1.450e-02
178931.50	-7.642e-04	1.056e-02	-3.014e-02
178932.50	2.189e-03	-8.496e-02	4.195e-02
178933.50	1.786e-05	-3.667e-02	-3.005e-02
178934.50	-5.366e-03	2.822e-02	-7.507e-02
178935.50	-4.358e-03	4.234e-02	-1.498e-02
178936.50	-1.037e-03	5.798e-02	4.368e-02
178937.50	1.670e-05	-3.974e-03	6.797e-03
178938.50	3.043e-04	4.042e-02	-1.056e-02
178939.50	1.661e-04	-1.219e-02	-2.947e-03
178940.50	9.427e-04	3.466e-02	1.085e-03
178941.50	5.002e-04	-2.496e-02	2.285e-03
178942.50	4.579e-04	-3.869e-02	-4.349e-02
178943.50	-9.341e-04	2.832e-02	9.571e-02
178944.50	1.171e-03	-2.506e-02	4.138e-02
178945.50	-3.235e-04	-6.874e-04	-1.056e-02
178946.50	-7.133e-04	6.854e-02	4.579e-02
178947.50	-1.200e-03	-1.718e-02	-8.976e-04
178948.50	-8.890e-04	6.490e-03	2.074e-02
178949.50	3.456e-05	-1.219e-02	-3.466e-02
178950.50	4.493e-04	2.362e-03	-8.371e-03
178951.50	-1.066e-03	1.190e-02	-6.019e-03
178952.50	-1.258e-03	4.838e-02	-1.152e-02
178953.50	-2.054e-04	1.200e-02	-1.056e-02
178954.50	7.373e-04	-4.781e-02	2.342e-02
178955.50	9.485e-04	-1.776e-02	-1.805e-02
178956.50	-1.882e-04	1.085e-02	-2.381e-02
178957.50	3.312e-04	-1.603e-02	-4.349e-02
178958.50	1.680e-03	5.702e-03	-1.699e-02
