178360.50	0.000e+00	0.000e+00	0.000e+00
178361.50	0.000e+00	0.000e+00	0.000e+00
178362.50	0.000e+00	0.000e+00	0.000e+00
178363.50	0.000e+00	0.000e+00	0.000e+00
178364.50	0.000e+00	0.000e+00	0.000e+00
178365.50	0.000e+00	0.000e+00	0.000e+00
178366.50	0.000e+00	0.000e+00	0.000e+00
178367.50	0.000e+00	0.000e+00	0.000e+00
178368.50	0.000e+00	0.000e+00	0.000e+00
178369.50	0.000e+00	0.000e+00	0.000e+00
178370.50	0.000e+00	0.000e+00	0.000e+00
178371.50	0.000e+00	0.000e+00	0.000e+00
178372.50	0.000e+00	0.000e+00	0.000e+00
178373.50	0.000e+00	0.000e+00	0.000e+00
178374.50	0.000e+00	0.000e+00	0.000e+00
178375.50	0.000e+00	0.000e+00	0.000e+00
178376.50	0.000e+00	0.000e+00	0.000e+00
178377.50	0.000e+00	0.000e+00	0.000e+00
178378.50	0.000e+00	0.000e+00	0.000e+00
178379.50	0.000e+00	0.000e+00	0.000e+00
178380.50	0.000e+00	0.000e+00	0.000e+00
178381.50	0.000e+00	0.000e+00	0.000e+00
178382.50	0.000e+00	0.000e+00	0.000e+00
178383.50	0.000e+00	0.000e+00	0.000e+00
178384.50	0.000e+00	0.000e+00	0.000e+00
178385.50	0.000e+00	0.000e+00	0.000e+00
178386.50	0.000e+00	0.000e+00	0.000e+00
178387.50	0.000e+00	0.000e+00	0.000e+00
178388.50	0.000e+00	0.000e+00	0.000e+00
178389.50	0.000e+00	0.000e+00	0.000e+00
178390.50	0.000e+00	0.000e+00	0.000e+00
178391.50	0.000e+00	0.000e+00	0.000e+00
178392.50	0.000e+00	0.000e+00	0.000e+00
178393.50	0.000e+00	0.000e+00	0.000e+00
178394.50	0.000e+00	0.000e+00	0.000e+00
178395.50	0.000e+00	0.000e+00	0.000e+00
178396.50	0.000e+00	0.000e+00	0.000e+00
178397.50	0.000e+00	0.000e+00	0.000e+00
178398.50	0.000e+00	0.000e+00	0.000e+00
178399.50	0.000e+00	0.000e+00	0.000e+00
178400.50	0.000e+00	0.000e+00	0.000e+00
178401.50	0.000e+00	0.000e+00	0.000e+00
178402.50	0.000e+00	0.000e+00	0.000e+00
178403.50	0.000e+00	0.000e+00	0.000e+00
178404.50	0.000e+00	0.000e+00	0.000e+00
178405.50	0.000e+00	0.000e+00	0.000e+00
178406.50	0.000e+00	0.000e+00	0.000e+00
178407.50	0.000e+00	0.000e+00	0.000e+00
178408.50	0.000e+00	0.000e+00	0.000e+00
178409.50	0.000e+00	0.000e+00	0.000e+00
178410.50	0.000e+00	0.000e+00	0.000e+00
178411.50	0.000e+00	0.000e+00	0.000e+00
178412.50	0.000e+00	0.000e+00	0.000e+00
178413.50	0.000e+00	0.000e+00	0.000e+00
178414.50	0.000e+00	0.000e+00	0.000e+00
178415.50	0.000e+00	0.000e+00	0.000e+00
178416.50	0.000e+00	0.000e+00	0.000e+00
178417.50	0.000e+00	0.000e+00	0.000e+00
178418.50	0.000e+00	0.000e+00	0.000e+00
178419.50	0.000e+00	0.000e+00	0.000e+00
178420.50	0.000e+00	0.000e+00	0.000e+00
178421.50	0.000e+00	0.000e+00	0.000e+00
178422.50	0.000e+00	0.000e+00	0.000e+00
178423.50	0.000e+00	0.000e+00	0.000e+00
178424.50	0.000e+00	0.000e+00	0.000e+00
178425.50	0.000e+00	0.000e+00	0.000e+00
178426.50	0.000e+00	0.000e+00	0.000e+00
178427.50	0.000e+00	0.000e+00	0.000e+00
178428.50	0.000e+00	0.000e+00	0.000e+00
178429.50	0.000e+00	0.000e+00	0.000e+00
178430.50	0.000e+00	0.000e+00	0.000e+00
178431.50	0.000e+00	0.000e+00	0.000e+00
178432.50	0.000e+00	0.000e+00	0.000e+00
178433.50	0.000e+00	0.000e+00	0.000e+00
178434.50	0.000e+00	0.000e+00	0.000e+00
178435.50	0.000e+00	0.000e+00	0.000e+00
178436.50	0.000e+00	0.000e+00	0.000e+00
178437.50	0.000e+00	0.000e+00	0.000e+00
178438.50	0.000e+00	0.000e+00	0.000e+00
178439.50	0.000e+00	0.000e+00	0.000e+00
178440.50	0.000e+00	0.000e+00	0.000e+00
178441.50	0.000e+00	0.000e+00	0.000e+00
178442.50	0.000e+00	0.000e+00	0.000e+00
178443.50	0.000e+00	0.000e+00	0.000e+00
178444.50	0.000e+00	0.000e+00	0.000e+00
178445.50	0.000e+00	0.000e+00	0.000e+00
178446.50	0.000e+00	0.000e+00	0.000e+00
178447.50	0.000e+00	0.000e+00	0.000e+00
178448.50	0.000e+00	0.000e+00	0.000e+00
178449.50	0.000e+00	0.000e+00	0.000e+00
178450.50	0.000e+00	0.000e+00	0.000e+00
178451.50	0.000e+00	0.000e+00	0.000e+00
178452.50	0.000e+00	0.000e+00	0.000e+00
178453.50	0.000e+00	0.000e+00	0.000e+00
178454.50	0.000e+00	0.000e+00	0.000e+00
178455.50	0.000e+00	0.000e+00	0.000e+00
178456.50	0.000e+00	0.000e+00	0.000e+00
178457.50	0.000e+00	0.000e+00	0.000e+00
178458.50	0.000e+00	0.000e+00	0.000e+00
178459.50	0.000e+00	0.000e+00	0.000e+00
178460.50	0.000e+00	0.000e+00	0.000e+00
178461.50	0.000e+00	0.000e+00	0.000e+00
178462.50	0.000e+00	0.000e+00	0.000e+00
178463.50	0.000e+00	0.000e+00	0.000e+00
178464.50	0.000e+00	0.000e+00	0.000e+00
178465.50	0.000e+00	0.000e+00	0.000e+00
178466.50	0.000e+00	0.000e+00	0.000e+00
178467.50	0.000e+00	0.000e+00	0.000e+00
178468.50	0.000e+00	0.000e+00	0.000e+00
178469.50	0.000e+00	0.000e+00	0.000e+00
178470.50	0.000e+00	0.000e+00	0.000e+00
178471.50	0.000e+00	0.000e+00	0.000e+00
178472.50	-3.706e-04	2.170e-03	-1.258e-02
178473.50	-3.216e-03	9.043e-03	-5.078e-02
178474.50	8.160e-03	-2.314e-02	8.477e-02
178475.50	2.726e-03	-1.622e-02	9.888e-03
178476.50	-7.296e-03	2.784e-02	-2.995e-02
178477.50	-7.421e-06	4.848e-04	-3.590e-04
178478.50	5.328e-06	-1.565e-04	-6.125e-04
178479.50	3.763e-05	-5.914e-04	-1.258e-03
178480.50	9.888e-05	-1.958e-03	-1.066e-03
178481.50	3.859e-05	-7.258e-04	-5.750e-04
178482.50	-1.066e-04	3.840e-04	4.061e-03
178483.50	2.035e-04	8.486e-03	-9.072e-03
178484.50	6.586e-04	5.914e-03	-1.930e-02
178485.50	1.939e-04	-2.995e-02	6.912e-03
178486.50	-3.514e-05	1.344e-03	6.950e-03
178487.50	6.259e-05	5.203e-03	4.320e-04
178488.50	1.805e-05	1.325e-02	3.274e-04
178489.50	-3.974e-04	-6.269e-03	5.347e-03
178490.50	-9.082e-05	6.538e-03	-1.632e-03
178491.50	4.483e-04	-5.232e-03	5.002e-03
178492.50	3.840e-04	-4.147e-03	-1.747e-02
178493.50	-5.789e-04	2.026e-02	-2.333e-03
178494.50	4.781e-04	-2.746e-02	-1.219e-02
178495.50	-4.157e-04	8.227e-03	-3.523e-03
178496.50	5.011e-04	-1.440e-02	-3.101e-02
178497.50	1.728e-03	-4.886e-02	-1.008e-01
178498.50	-2.266e-04	4.906e-02	2.438e-02
178499.50	9.523e-03	-5.501e-01	-8.813e-02
178500.50	4.464e-02	-3.629e+00	8.371e-01
178501.50	2.669e-01	-2.112e+01	1.642e+00
178502.50	1.171e+00	-8.928e+01	-2.304e+00
178503.50	3.216e+00	-2.582e+02	-1.421e+00
178504.50	4.800e+00	-4.032e+02	8.189e+00
178505.50	4.378e+00	-3.782e+02	3.629e+00
178506.50	4.349e+00	-3.907e+02	8.880e+00
178507.50	2.294e-01	-1.594e+01	-1.363e+01
178508.50	-1.363e+00	1.142e+02	6.538e+00
178509.50	-1.651e+00	1.526e+02	-7.805e+00
178510.50	-1.277e+00	1.123e+02	9.014e-01
178511.50	-1.142e+00	9.792e+01	2.381e+00
178512.50	-1.027e+00	9.302e+01	-5.904e+00
178513.50	-8.986e-01	7.958e+01	-2.208e+00
178514.50	-8.016e-01	6.893e+01	-1.795e-01
178515.50	-7.411e-01	6.288e+01	9.792e-01
178516.50	-5.501e-01	5.165e+01	-5.347e+00
178517.50	-6.528e-01	5.299e+01	3.648e+00
178518.50	-5.213e-01	4.656e+01	-4.291e+00
178519.50	-4.819e-01	4.272e+01	-3.139e+00
178520.50	-4.570e-01	3.734e+01	1.162e+00
178521.50	-4.272e-01	3.533e+01	-1.440e-01
178522.50	-4.080e-01	3.216e+01	2.592e+00
178523.50	-3.907e-01	3.120e+01	1.392e+00
178524.50	-3.302e-01	2.659e+01	1.133e+00
178525.50	-2.890e-01	2.342e+01	1.075e+00
178526.50	-2.419e-01	2.141e+01	-1.920e+00
178527.50	-2.304e-01	2.064e+01	-1.766e+00
178528.50	-2.026e-01	1.939e+01	-3.398e+00
178529.50	-2.554e-01	2.016e+01	8.160e-01
178530.50	-2.486e-01	1.872e+01	2.496e+00
178531.50	-1.997e-01	1.680e+01	-2.026e-01
178532.50	-1.891e-01	1.526e+01	1.008e+00
178533.50	-1.738e-01	1.363e+01	6.883e-01
178534.50	-1.670e-01	1.315e+01	3.984e-01
178535.50	-1.402e-01	1.190e+01	-1.574e+00
178536.50	-1.315e-01	1.123e+01	-1.171e+00
178537.50	-1.488e-01	1.190e+01	1.018e-01
178538.50	-1.229e-01	9.600e+00	3.677e-01
178539.50	-1.162e-01	9.696e+00	-3.082e-01
178540.50	-9.523e-02	8.602e+00	-7.968e-01
178541.50	-1.075e-01	7.613e+00	1.440e+00
178542.50	-1.094e-01	9.101e+00	-5.856e-01
178543.50	-1.066e-01	7.325e+00	1.747e+00
178544.50	-1.066e-01	8.141e+00	7.027e-01
178545.50	-7.978e-02	6.394e+00	4.762e-01
178546.50	-6.595e-02	5.069e+00	4.906e-01
178547.50	-9.005e-02	6.346e+00	5.059e-01
178548.50	-8.486e-02	6.038e+00	1.680e+00
178549.50	-8.083e-02	6.816e+00	-9.888e-01
178550.50	-5.990e-02	4.925e+00	-3.590e-01
178551.50	-6.288e-02	4.502e+00	8.458e-01
178552.50	-5.894e-02	5.136e+00	-5.462e-01
178553.50	-5.770e-02	4.502e+00	2.275e-01
178554.50	-4.349e-02	3.686e+00	-2.160e-01
178555.50	-1.594e-02	3.091e+00	-1.200e+00
178556.50	-4.973e-02	4.829e+00	7.978e-01
178557.50	-4.781e-02	3.322e+00	1.334e-01
178558.50	-5.136e-02	4.176e+00	3.312e-01
178559.50	-4.464e-02	3.274e+00	6.749e-01
178560.50	-3.811e-02	2.717e+00	2.131e-01
178561.50	-3.658e-02	2.573e+00	6.154e-01
178562.50	-4.550e-02	3.398e+00	8.093e-02
178563.50	-2.381e-02	2.506e+00	-2.294e-01
178564.50	-2.813e-02	2.304e+00	-4.646e-02
178565.50	-3.782e-02	2.602e+00	-2.237e-01
178566.50	-2.861e-02	2.573e+00	-6.566e-01
178567.50	-2.390e-02	1.613e+00	3.466e-01
178568.50	-3.456e-02	2.486e+00	7.219e-02
178569.50	-2.746e-02	2.218e+00	-2.419e-02
178570.50	-8.966e-03	9.984e-01	1.670e-01
178571.50	-2.006e-02	1.546e+00	7.478e-01
178572.50	-1.978e-02	1.670e+00	-7.603e-01
178573.50	-2.842e-02	1.507e+00	3.946e-01
178574.50	-7.094e-02	1.776e+00	5.712e-01
178575.50	-2.794e-02	2.170e+00	-5.126e-02
178576.50	-1.171e-02	1.094e+00	-4.387e-01
178577.50	-2.496e-03	1.306e+00	-9.235e-01
178578.50	-4.925e-03	2.342e+00	-5.587e-01
178579.50	-5.309e-02	1.066e+00	-1.642e-01
178580.50	-3.552e-02	6.912e-01	7.018e-01
178581.50	-1.238e-02	1.123e+00	6.173e-01
178582.50	-3.427e-04	7.046e-01	2.659e-01
178583.50	1.066e-01	1.152e+00	-7.584e-01
178584.50	-9.984e-02	1.238e+00	2.208e-01
178585.50	-5.568e-02	7.555e-01	2.899e-01
178586.50	-1.114e-02	5.443e-01	-1.277e-02
178587.50	-1.978e-02	1.037e+00	4.310e-01
178588.50	-1.171e-02	3.907e-01	-2.736e-01
178589.50	-1.258e-02	5.357e-01	3.187e-02
178590.50	1.507e-02	8.544e-01	-4.973e-01
178591.50	3.725e-02	7.382e-01	-1.651e-01
178592.50	5.462e-02	9.475e-01	-4.944e-01
178593.50	2.141e-02	1.008e+00	5.414e-02
178594.50	-5.731e-02	1.277e+00	1.776e-01
178595.50	-6.682e-03	5.203e-01	-2.438e-01
178596.50	-1.133e-02	5.750e-01	3.398e-01
178597.50	-5.309e-03	3.994e-01	-3.206e-02
178598.50	-4.810e-03	4.570e-01	1.046e-01
178599.50	-9.091e-03	5.011e-01	2.909e-01
178600.50	-6.221e-03	9.792e-01	-1.382e-01
178601.50	-1.498e-02	9.984e-01	1.872e-01
178602.50	5.818e-04	1.402e-01	-3.907e-01
178603.50	5.875e-03	4.272e-01	-6.461e-01
178604.50	-2.045e-03	3.034e-01	-1.114e-01
178605.50	-9.331e-03	1.728e-01	2.630e-01
178606.50	-1.958e-03	3.706e-01	-1.507e-01
178607.50	-5.261e-03	2.621e-01	1.459e-01
178608.50	-1.200e-02	5.971e-01	1.853e-01
178609.50	1.594e-03	-4.790e-02	7.373e-02
178610.50	-5.904e-03	1.507e-01	8.976e-02
178611.50	-8.861e-03	6.154e-01	1.325e-01
178612.50	-1.258e-03	4.262e-01	-4.598e-01
178613.50	2.064e-03	2.323e-01	7.469e-02
178614.50	-4.608e-03	3.178e-01	2.256e-01
178615.50	-2.957e-03	3.130e-01	1.162e-01
178616.50	-3.130e-03	5.328e-01	-1.536e-01
178617.50	-5.808e-03	2.352e-02	-1.642e-01
178618.50	-6.067e-04	3.475e-01	2.611e-01
178619.50	-3.197e-03	5.424e-01	2.198e-01
178620.50	-6.336e-03	4.925e-01	-4.118e-03
178621.50	-3.984e-03	2.429e-01	-5.837e-02
178622.50	1.363e-03	-2.410e-01	1.958e-01
178623.50	-2.976e-03	2.947e-01	9.514e-02
178624.50	-7.075e-03	1.469e-01	1.824e-01
178625.50	-7.805e-03	5.683e-01	-2.131e-01
178626.50	-3.590e-03	4.090e-01	2.179e-01
178627.50	5.030e-03	1.200e-01	-5.520e-01
178628.50	-6.662e-03	3.322e-01	1.142e-01
178629.50	3.667e-03	8.150e-02	-1.363e-01
178630.50	6.662e-03	2.717e-01	-1.862e-01
178631.50	3.379e-03	-1.382e-01	-1.104e-01
178632.50	4.195e-03	-2.688e-01	8.390e-03
178633.50	-4.570e-04	1.565e-01	1.728e-01
178634.50	-8.803e-03	4.368e-01	3.696e-01
178635.50	-1.843e-03	2.477e-01	-3.139e-01
178636.50	-6.758e-04	9.552e-02	2.323e-02
178637.50	-6.442e-03	3.274e-01	1.814e-01
178638.50	1.814e-03	3.638e-02	-3.936e-01
178639.50	1.910e-03	-1.680e-03	-1.277e-02
178640.50	-2.496e-03	-5.520e-02	1.632e-01
178641.50	-7.814e-03	4.483e-01	1.651e-01
178642.50	-1.622e-02	4.013e-01	2.496e-01
178643.50	-1.968e-03	2.112e-01	-8.122e-02
178644.50	-7.920e-04	1.901e-01	-1.267e-01
178645.50	-3.514e-04	1.546e-01	2.016e-02
178646.50	2.208e-03	-2.218e-01	-4.397e-02
178647.50	5.126e-03	-3.398e-01	2.362e-02
178648.50	-5.098e-03	4.406e-01	-1.478e-01
178649.50	-4.013e-03	1.699e-01	1.363e-01
178650.50	-1.066e-03	4.877e-02	-1.526e-01
178651.50	8.966e-04	2.141e-02	3.274e-02
178652.50	-1.085e-03	4.445e-02	3.658e-01
178653.50	-8.842e-03	2.237e-01	1.834e-01
178654.50	-3.811e-03	7.248e-02	-1.315e-01
178655.50	-2.928e-03	5.942e-02	1.296e-01
178656.50	-1.066e-03	-6.739e-02	-7.574e-02
178657.50	1.968e-03	2.227e-01	-3.638e-01
178658.50	-2.064e-03	-9.475e-03	1.872e-01
178659.50	-2.803e-03	1.699e-01	-6.682e-02
178660.50	8.237e-04	2.208e-01	-9.792e-02
178661.50	4.502e-03	-3.235e-02	-6.941e-02
178662.50	2.294e-03	-1.642e-01	6.230e-02
178663.50	-3.293e-03	1.747e-01	-1.776e-01
178664.50	-2.918e-03	1.133e-01	1.958e-01
178665.50	2.621e-03	-7.670e-02	-2.227e-02
178666.50	-4.195e-03	1.133e-02	-3.782e-02
178667.50	4.416e-03	2.659e-01	2.842e-01
178668.50	-1.478e-03	1.133e-02	6.806e-02
178669.50	-1.805e-03	3.005e-01	-1.699e-01
178670.50	-3.926e-03	2.870e-01	2.198e-01
178671.50	-4.858e-03	2.054e-01	-7.210e-02
178672.50	-9.542e-04	2.141e-01	-1.421e-01
178673.50	4.675e-03	-7.085e-02	-8.755e-02
178674.50	-2.928e-03	-6.768e-02	2.083e-01
178675.50	1.181e-03	-3.331e-02	1.363e-01
178676.50	1.958e-02	7.891e-02	-2.563e-01
178677.50	-3.802e-03	2.371e-01	3.542e-02
178678.50	5.750e-04	-1.382e-01	-6.278e-03
178679.50	-2.794e-03	6.019e-02	2.496e-02
178680.50	-4.656e-03	2.102e-01	4.253e-02
178681.50	-7.267e-04	6.230e-02	-1.267e-01
178682.50	-1.853e-04	7.056e-02	-8.179e-02
178683.50	-1.824e-02	-1.728e-01	1.469e-01
178684.50	-1.392e-02	3.235e-02	4.099e-02
178685.50	2.314e-03	1.430e-01	-2.026e-01
178686.50	-2.371e-03	8.909e-02	5.962e-02
178687.50	-4.685e-03	7.901e-02	1.728e-01
178688.50	1.046e-03	-2.477e-02	-7.123e-02
178689.50	-5.280e-04	1.162e-01	9.590e-02
178690.50	3.446e-03	-3.168e-01	3.782e-02
178691.50	3.274e-03	-1.056e-01	1.498e-01
178692.50	-2.554e-04	3.264e-02	3.293e-02
178693.50	-4.906e-03	3.197e-01	-7.085e-02
178694.50	-1.814e-03	1.008e-01	7.891e-02
178695.50	6.326e-04	9.235e-03	-5.645e-02
178696.50	-1.613e-03	1.987e-01	7.536e-02
178697.50	2.141e-03	1.008e-01	-8.237e-02
178698.50	-1.930e-03	-5.587e-03	1.142e-01
178699.50	-4.579e-04	-1.258e-01	-3.283e-02
178700.50	-4.925e-04	-6.010e-02	1.440e-02
178701.50	2.314e-03	2.438e-02	-1.248e-01
178702.50	3.686e-03	-1.123e-01	8.131e-02
178703.50	-2.093e-03	-7.910e-04	1.738e-01
178704.50	-3.830e-03	1.507e-01	1.018e-01
178705.50	-2.026e-03	-2.026e-02	1.306e-01
178706.50	-3.101e-03	1.094e-01	8.736e-02
178707.50	-2.006e-04	2.458e-01	2.006e-02
178708.50	1.027e-02	9.072e-02	-2.976e-01
178709.50	1.747e-02	-8.755e-02	-2.323e-01
178710.50	2.054e-02	-3.898e-02	2.256e-01
178711.50	-5.942e-04	1.066e-01	-8.976e-02
178712.50	1.872e-03	-6.941e-02	5.683e-02
178713.50	-7.910e-04	-1.142e-01	5.664e-02
178714.50	1.027e-03	4.349e-02	8.054e-02
178715.50	-1.373e-03	-3.581e-02	2.266e-01
178716.50	4.464e-03	3.293e-02	-4.550e-02
178717.50	-4.464e-03	6.461e-02	-1.690e-01
178718.50	-3.264e-03	-6.106e-02	4.915e-02
178719.50	4.762e-03	1.363e-01	-6.182e-02
178720.50	-5.232e-03	1.229e-01	4.848e-02
178721.50	-5.664e-03	1.824e-01	9.600e-02
178722.50	-2.774e-04	-4.349e-02	-1.690e-01
178723.50	-5.299e-04	5.299e-02	-8.342e-02
178724.50	-1.882e-02	8.419e-02	-8.918e-02
178725.50	-4.291e-02	-1.478e-01	2.208e-01
178726.50	-6.163e-04	-8.026e-02	-3.850e-02
178727.50	4.320e-03	-6.893e-02	8.237e-02
178728.50	2.909e-03	-1.690e-01	1.910e-02
178729.50	-2.438e-03	1.757e-01	-4.598e-02
178730.50	6.288e-05	-1.958e-02	6.739e-02
178731.50	2.640e-03	4.022e-03	-7.670e-03
178732.50	-9.187e-04	9.014e-02	-8.314e-02
178733.50	-4.147e-03	1.891e-01	1.776e-02
178734.50	7.594e-04	5.309e-03	2.112e-02
178735.50	-2.083e-03	4.013e-02	-3.725e-02
178736.50	-1.162e-04	-3.984e-03	-9.888e-02
178737.50	2.131e-03	-9.197e-02	-2.659e-02
178738.50	-6.557e-03	-1.690e-02	6.134e-02
178739.50	4.080e-03	-1.229e-01	1.632e-02
178740.50	-3.706e-03	3.427e-02	-8.400e-02
178741.50	-6.902e-04	1.584e-01	-4.339e-02
178742.50	-8.256e-04	2.016e-02	1.574e-02
178743.50	-1.219e-03	-4.589e-02	2.294e-02
178744.50	1.018e-03	2.822e-02	-6.605e-02
178745.50	-1.546e-03	-1.133e-02	-5.222e-02
178746.50	2.976e-03	-6.662e-02	-2.246e-02
178747.50	3.984e-03	4.358e-02	-2.525e-02
178748.50	-2.650e-03	9.331e-02	-1.747e-02
178749.50	-1.142e-02	-9.984e-02	2.266e-01
178750.50	-2.323e-03	-8.803e-02	8.506e-02
178751.50	1.555e-02	2.352e-01	-3.821e-02
178752.50	-1.949e-03	8.688e-02	-1.440e-02
178753.50	-1.939e-03	-1.680e-02	7.469e-02
178754.50	6.970e-04	-1.814e-02	-3.600e-02
178755.50	1.008e-03	-3.946e-03	2.419e-02
178756.50	-1.325e-03	4.320e-02	3.293e-02
178757.50	4.138e-03	-5.098e-02	8.410e-03
178758.50	-2.160e-04	3.293e-02	3.110e-02
178759.50	-1.786e-03	4.147e-02	6.653e-02
178760.50	9.533e-04	2.525e-02	-6.451e-02
178761.50	-2.016e-04	-4.138e-02	8.064e-02
178762.50	2.006e-02	2.986e-02	-7.334e-02
178763.50	-2.611e-02	-1.133e-01	7.210e-03
178764.50	-1.939e-03	1.210e-01	6.595e-03
178765.50	-1.363e-02	-9.888e-02	1.766e-01
178766.50	-5.021e-03	-2.842e-02	4.339e-02
178767.50	-1.699e-03	-5.309e-02	-5.002e-02
178768.50	8.688e-04	6.941e-02	-1.085e-01
178769.50	3.466e-04	4.224e-02	-5.789e-03
178770.50	-2.093e-04	1.421e-01	9.792e-02
178771.50	4.118e-03	1.373e-03	1.046e-03
178772.50	-6.365e-03	1.190e-01	1.939e-02
178773.50	7.018e-03	1.853e-02	-7.680e-02
178774.50	6.317e-03	1.306e-01	-9.533e-02
178775.50	4.637e-04	-7.152e-04	5.520e-02
178776.50	-5.491e-03	7.229e-05	-1.229e-01
178777.50	-6.979e-03	4.445e-02	-8.678e-02
178778.50	4.301e-03	-3.562e-02	1.315e-01
178779.50	4.195e-03	2.054e-02	5.520e-02
178780.50	-4.685e-02	-2.525e-01	4.637e-02
178781.50	-2.218e-02	-1.018e-01	4.934e-02
178782.50	-1.008e-04	1.459e-03	-2.870e-02
178783.50	1.008e-03	9.696e-02	3.859e-02
178784.50	-1.296e-03	-8.822e-02	-4.090e-02
178785.50	-1.699e-03	6.662e-02	9.888e-02
178786.50	1.613e-03	-3.072e-02	3.360e-02
178787.50	-4.416e-03	6.250e-02	6.230e-02
178788.50	5.290e-03	-1.334e-01	-6.432e-02
178789.50	2.189e-03	5.328e-02	-3.946e-03
178790.50	-1.152e-03	9.696e-02	3.888e-02
178791.50	2.285e-03	5.232e-02	-1.046e-01
178792.50	4.608e-03	8.506e-02	-1.248e-01
178793.50	-8.112e-03	-2.208e-01	-1.526e-02
178794.50	-1.181e-02	-3.581e-02	-5.962e-02
178795.50	1.277e-03	-7.296e-03	-3.110e-02
178796.50	-3.610e-04	-7.930e-02	2.390e-02
178797.50	3.130e-03	2.122e-03	-1.046e-01
178798.50	-3.120e-03	-5.702e-02	2.794e-02
178799.50	4.963e-02	2.602e-01	1.123e-01
178800.50	2.314e-02	4.781e-02	-4.118e-02
178801.50	-3.158e-02	-1.277e-01	-1.075e-01
178802.50	6.010e-04	1.037e-01	1.027e-01
178803.50	-7.469e-03	3.034e-03	6.278e-02
178804.50	-2.083e-03	-2.698e-03	9.696e-03
178805.50	1.603e-03	4.138e-02	8.486e-03
178806.50	4.848e-04	-5.578e-02	-1.872e-04
178807.50	9.485e-03	7.162e-02	-1.651e-02
178808.50	1.594e-03	-8.304e-02	-5.962e-02
178809.50	-3.782e-02	-1.430e-01	3.158e-02
178810.50	-1.546e-02	-1.344e-01	6.864e-02
178811.50	3.821e-04	2.419e-02	9.792e-03
178812.50	7.718e-04	4.781e-02	-3.907e-02
178813.50	-4.406e-04	6.307e-03	1.728e-02
178814.50	4.282e-04	-2.909e-02	-1.574e-02
178815.50	-3.072e-04	-1.402e-02	-3.254e-02
178816.50	1.786e-03	-8.611e-02	-5.952e-02
178817.50	-1.421e-03	7.795e-02	2.966e-02
178818.50	-4.694e-04	2.995e-02	3.370e-02
178819.50	-3.984e-04	-7.334e-02	-6.499e-02
178820.50	1.306e-03	-9.888e-03	-7.392e-02
178821.50	-1.738e-03	9.485e-02	-2.227e-02
178822.50	-4.224e-03	1.296e-01	-7.574e-03
178823.50	9.264e-04	5.117e-02	-3.725e-02
178824.50	-1.882e-03	1.296e-01	-5.885e-04
178825.50	2.736e-03	-1.498e-01	-1.392e-02
178826.50	-3.494e-03	-5.021e-02	-3.005e-02
178827.50	-1.277e-03	6.048e-03	7.786e-03
178828.50	1.718e-04	7.632e-02	5.952e-02
178829.50	8.640e-04	-5.184e-02	6.086e-02
178830.50	7.162e-04	1.853e-02	2.506e-03
178831.50	-2.362e-03	1.709e-02	-1.978e-02
178832.50	3.638e-04	-6.173e-02	2.755e-02
178833.50	1.354e-03	-5.059e-02	-5.290e-02
178834.50	1.622e-04	-6.730e-02	8.611e-02
178835.50	-1.114e-03	-3.888e-02	8.669e-03
178836.50	-3.437e-03	2.794e-02	-2.006e-02
178837.50	-1.066e-03	5.338e-03	2.246e-02
178838.50	5.386e-04	-5.117e-02	-3.994e-02
178839.50	1.373e-03	1.814e-02	-1.018e-02
178840.50	5.050e-05	-6.576e-02	6.067e-02
178841.50	-1.920e-01	-1.613e-01	3.302e-01
178842.50	-1.546e-03	5.750e-02	1.603e-02
178843.50	5.318e-02	1.891e-01	-1.363e-01
178844.50	7.430e-02	6.000e-03	-1.334e-01
178845.50	6.499e-02	4.330e-02	-7.872e-02
178846.50	4.512e-03	-3.456e-03	-7.622e-02
178847.50	3.370e-04	3.187e-02	-4.675e-02
178848.50	-1.286e-03	1.181e-01	1.046e-02
178849.50	-1.085e-04	2.285e-03	4.147e-02
178850.50	-1.085e-03	-1.296e-01	9.696e-02
178851.50	5.750e-05	3.667e-02	-1.594e-02
178852.50	5.558e-04	2.947e-02	-7.584e-02
178853.50	-1.709e-03	2.150e-02	-1.795e-02
178854.50	-1.421e-05	-1.603e-02	3.686e-02
178855.50	1.632e-04	-5.520e-03	5.914e-03
178856.50	1.210e-03	-8.688e-02	2.102e-02
178857.50	-1.027e-03	4.349e-02	-2.563e-02
178858.50	-1.142e-03	-3.802e-03	1.382e-02
178859.50	-1.757e-04	6.010e-02	-2.256e-02
178860.50	1.411e-04	-2.333e-02	-3.562e-02
178861.50	1.238e-03	-2.342e-02	3.072e-03
178862.50	-7.056e-03	4.982e-02	-1.392e-02
178863.50	-1.680e-02	-1.392e-02	-3.821e-02
178864.50	-1.392e-03	4.138e-02	-2.918e-03
178865.50	-1.190e-03	1.200e-02	2.026e-02
178866.50	-1.008e-03	1.142e-02	-6.192e-02
178867.50	-1.066e-02	2.083e-02	1.843e-02
178868.50	4.445e-03	-1.094e-02	1.162e-01
178869.50	1.162e-03	-4.243e-02	1.075e-01
178870.50	1.325e-03	3.101e-03	-1.066e-01
178871.50	6.298e-04	2.563e-03	-4.906e-02
178872.50	-1.795e-03	1.603e-02	-2.198e-02
178873.50	3.226e-04	2.419e-02	4.589e-02
178874.50	-4.339e-04	-4.656e-02	4.541e-02
178875.50	6.451e-03	-3.648e-02	-9.581e-02
178876.50	-1.200e-04	-2.362e-04	-5.827e-02
178877.50	-3.821e-04	-3.859e-02	4.061e-02
178878.50	-4.080e-04	-1.670e-04	6.374e-02
178879.50	-9.792e-05	-2.813e-02	-4.358e-02
178880.50	-1.258e-03	3.533e-02	1.594e-03
178881.50	-8.515e-04	2.208e-02	1.258e-02
178882.50	-1.526e-03	-3.946e-02	1.114e-01
178883.50	-6.317e-04	-2.342e-02	-1.421e-02
178884.50	4.214e-04	3.514e-02	5.434e-02
178885.50	-1.498e-04	-4.982e-03	3.264e-02
178886.50	-5.107e-03	5.616e-03	-3.629e-02
178887.50	1.594e-03	-5.299e-02	-1.440e-02
178888.50	4.915e-03	-5.530e-02	-3.005e-02
178889.50	1.181e-03	-9.043e-02	-8.285e-02
178890.50	-1.142e-02	1.642e-01	-9.984e-02
178891.50	3.494e-04	6.067e-02	-2.909e-02
178892.50	-7.277e-03	-5.587e-02	2.909e-03
178893.50	1.027e-04	-5.558e-02	1.325e-02
178894.50	-5.117e-04	4.944e-02	-3.907e-02
178895.50	-8.774e-04	4.810e-02	-6.643e-02
178896.50	-1.517e-03	2.515e-02	6.384e-02
178897.50	-5.645e-04	4.771e-02	1.162e-02
178898.50	-9.427e-04	1.325e-02	1.171e-01
178899.50	1.507e-03	-6.941e-02	2.563e-02
178900.50	2.198e-03	-3.677e-02	-2.093e-02
178901.50	-1.162e-03	7.219e-02	-2.198e-02
178902.50	-3.302e-03	8.054e-02	3.754e-02
178903.50	-1.613e-02	8.266e-02	5.981e-03
178904.50	-1.008e-03	-5.405e-02	-6.566e-02
178905.50	7.594e-04	-2.986e-02	8.054e-03
178906.50	-6.614e-04	2.813e-02	2.899e-02
178907.50	9.398e-04	-2.314e-02	5.270e-02
178908.50	-9.082e-03	7.402e-02	1.469e-01
178909.50	3.178e-05	-7.555e-03	-1.507e-02
178910.50	4.032e-03	1.632e-02	-4.992e-02
178911.50	9.792e-04	-3.782e-03	-3.850e-02
178912.50	9.888e-04	-1.680e-02	-5.242e-03
178913.50	5.366e-05	-3.206e-02	-2.717e-02
178914.50	6.106e-05	1.469e-02	-3.360e-02
178915.50	-7.613e-04	-2.016e-02	-2.381e-02
178916.50	-9.005e-04	6.557e-03	-1.584e-02
178917.50	-1.853e-04	-6.019e-02	-6.144e-02
178918.50	-1.680e-03	3.869e-02	-2.554e-02
178919.50	2.064e-03	-4.810e-02	1.738e-02
178920.50	7.603e-04	-4.570e-02	2.659e-02
178921.50	-1.306e-03	2.016e-02	-4.262e-03
178922.50	1.267e-04	-3.062e-02	8.746e-03
178923.50	-6.086e-04	2.986e-02	2.918e-02
178924.50	9.427e-05	1.133e-02	-1.104e-02
178925.50	-8.323e-04	6.682e-02	1.363e-03
178926.50	-8.150e-04	1.968e-02	1.267e-03
178927.50	-1.018e-03	6.480e-02	8.966e-03
178928.50	1.776e-03	-3.754e-02	7.152e-03
178929.50	5.194e-04	-3.802e-02	3.293e-02
178930.50	3.370e-04	-5.069e-02	6.442e-02
178931.50	-1.008e-03	2.400e-02	3.110e-02
178932.50	-1.085e-04	1.344e-01	1.747e-02
178933.50	-6.365e-05	-1.200e-02	6.413e-02
178934.50	-5.875e-04	-2.410e-02	-1.104e-03
178935.50	-2.602e-03	-9.283e-03	-5.626e-02
178936.50	8.938e-05	-1.354e-02	-9.533e-02
178937.50	2.083e-03	2.832e-02	1.613e-02
178938.50	-4.973e-03	-1.603e-02	7.469e-03
178939.50	-1.526e-03	3.638e-02	1.459e-02
178940.50	-9.466e-03	-5.827e-03	-3.418e-05
178941.50	-7.094e-03	2.842e-02	-1.738e-04
178942.50	5.280e-04	-2.170e-02	2.016e-02
178943.50	1.546e-02	-6.643e-02	3.264e-02
178944.50	-6.979e-04	-4.090e-02	-1.766e-02
178945.50	-6.077e-04	-4.531e-03	2.160e-02
178946.50	3.744e-03	-2.294e-02	-3.158e-02
178947.50	7.171e-03	2.035e-02	-2.717e-02
178948.50	9.888e-03	-6.317e-02	-2.774e-02
178949.50	-8.256e-05	7.622e-03	7.085e-04
178950.50	-7.699e-04	3.571e-02	-6.067e-03
178951.50	-1.632e-02	3.600e-02	-5.962e-03
178952.50	-6.125e-03	-4.310e-02	-9.561e-03
178953.50	-5.712e-04	6.115e-03	-1.066e-02
178954.50	-8.400e-04	3.158e-02	1.402e-02
178955.50	-4.714e-03	-1.738e-02	1.824e-03
178956.50	-1.325e-03	-3.754e-02	1.421e-02
178957.50	1.152e-02	-4.061e-02	-2.659e-04
178958.50	2.026e-02	2.150e-02	1.536e-02
