178360.50	0.000e+00	0.000e+00	0.000e+00
178361.50	0.000e+00	0.000e+00	0.000e+00
178362.50	0.000e+00	0.000e+00	0.000e+00
178363.50	0.000e+00	0.000e+00	0.000e+00
178364.50	0.000e+00	0.000e+00	0.000e+00
178365.50	0.000e+00	0.000e+00	0.000e+00
178366.50	0.000e+00	0.000e+00	0.000e+00
178367.50	0.000e+00	0.000e+00	0.000e+00
178368.50	0.000e+00	0.000e+00	0.000e+00
178369.50	0.000e+00	0.000e+00	0.000e+00
178370.50	0.000e+00	0.000e+00	0.000e+00
178371.50	0.000e+00	0.000e+00	0.000e+00
178372.50	0.000e+00	0.000e+00	0.000e+00
178373.50	0.000e+00	0.000e+00	0.000e+00
178374.50	0.000e+00	0.000e+00	0.000e+00
178375.50	0.000e+00	0.000e+00	0.000e+00
178376.50	0.000e+00	0.000e+00	0.000e+00
178377.50	0.000e+00	0.000e+00	0.000e+00
178378.50	0.000e+00	0.000e+00	0.000e+00
178379.50	0.000e+00	0.000e+00	0.000e+00
178380.50	0.000e+00	0.000e+00	0.000e+00
178381.50	0.000e+00	0.000e+00	0.000e+00
178382.50	0.000e+00	0.000e+00	0.000e+00
178383.50	0.000e+00	0.000e+00	0.000e+00
178384.50	0.000e+00	0.000e+00	0.000e+00
178385.50	0.000e+00	0.000e+00	0.000e+00
178386.50	0.000e+00	0.000e+00	0.000e+00
178387.50	0.000e+00	0.000e+00	0.000e+00
178388.50	0.000e+00	0.000e+00	0.000e+00
178389.50	0.000e+00	0.000e+00	0.000e+00
178390.50	0.000e+00	0.000e+00	0.000e+00
178391.50	0.000e+00	0.000e+00	0.000e+00
178392.50	0.000e+00	0.000e+00	0.000e+00
178393.50	0.000e+00	0.000e+00	0.000e+00
178394.50	0.000e+00	0.000e+00	0.000e+00
178395.50	0.000e+00	0.000e+00	0.000e+00
178396.50	0.000e+00	0.000e+00	0.000e+00
178397.50	0.000e+00	0.000e+00	0.000e+00
178398.50	0.000e+00	0.000e+00	0.000e+00
178399.50	0.000e+00	0.000e+00	0.000e+00
178400.50	0.000e+00	0.000e+00	0.000e+00
178401.50	0.000e+00	0.000e+00	0.000e+00
178402.50	0.000e+00	0.000e+00	0.000e+00
178403.50	0.000e+00	0.000e+00	0.000e+00
178404.50	0.000e+00	0.000e+00	0.000e+00
178405.50	0.000e+00	0.000e+00	0.000e+00
178406.50	0.000e+00	0.000e+00	0.000e+00
178407.50	0.000e+00	0.000e+00	0.000e+00
178408.50	0.000e+00	0.000e+00	0.000e+00
178409.50	0.000e+00	0.000e+00	0.000e+00
178410.50	0.000e+00	0.000e+00	0.000e+00
178411.50	0.000e+00	0.000e+00	0.000e+00
178412.50	0.000e+00	0.000e+00	0.000e+00
178413.50	0.000e+00	0.000e+00	0.000e+00
178414.50	0.000e+00	0.000e+00	0.000e+00
178415.50	0.000e+00	0.000e+00	0.000e+00
178416.50	0.000e+00	0.000e+00	0.000e+00
178417.50	0.000e+00	0.000e+00	0.000e+00
178418.50	0.000e+00	0.000e+00	0.000e+00
178419.50	0.000e+00	0.000e+00	0.000e+00
178420.50	0.000e+00	0.000e+00	0.000e+00
178421.50	0.000e+00	0.000e+00	0.000e+00
178422.50	0.000e+00	0.000e+00	0.000e+00
178423.50	0.000e+00	0.000e+00	0.000e+00
178424.50	0.000e+00	0.000e+00	0.000e+00
178425.50	0.000e+00	0.000e+00	0.000e+00
178426.50	0.000e+00	0.000e+00	0.000e+00
178427.50	0.000e+00	0.000e+00	0.000e+00
178428.50	0.000e+00	0.000e+00	0.000e+00
178429.50	0.000e+00	0.000e+00	0.000e+00
178430.50	0.000e+00	0.000e+00	0.000e+00
178431.50	0.000e+00	0.000e+00	0.000e+00
178432.50	0.000e+00	0.000e+00	0.000e+00
178433.50	0.000e+00	0.000e+00	0.000e+00
178434.50	0.000e+00	0.000e+00	0.000e+00
178435.50	0.000e+00	0.000e+00	0.000e+00
178436.50	0.000e+00	0.000e+00	0.000e+00
178437.50	0.000e+00	0.000e+00	0.000e+00
178438.50	0.000e+00	0.000e+00	0.000e+00
178439.50	0.000e+00	0.000e+00	0.000e+00
178440.50	0.000e+00	0.000e+00	0.000e+00
178441.50	0.000e+00	0.000e+00	0.000e+00
178442.50	0.000e+00	0.000e+00	0.000e+00
178443.50	0.000e+00	0.000e+00	0.000e+00
178444.50	0.000e+00	0.000e+00	0.000e+00
178445.50	0.000e+00	0.000e+00	0.000e+00
178446.50	0.000e+00	0.000e+00	0.000e+00
178447.50	0.000e+00	0.000e+00	0.000e+00
178448.50	0.000e+00	0.000e+00	0.000e+00
178449.50	0.000e+00	0.000e+00	0.000e+00
178450.50	0.000e+00	0.000e+00	0.000e+00
178451.50	0.000e+00	0.000e+00	0.000e+00
178452.50	0.000e+00	0.000e+00	0.000e+00
178453.50	0.000e+00	0.000e+00	0.000e+00
178454.50	0.000e+00	0.000e+00	0.000e+00
178455.50	0.000e+00	0.000e+00	0.000e+00
178456.50	0.000e+00	0.000e+00	0.000e+00
178457.50	0.000e+00	0.000e+00	0.000e+00
178458.50	0.000e+00	0.000e+00	0.000e+00
178459.50	0.000e+00	0.000e+00	0.000e+00
178460.50	0.000e+00	0.000e+00	0.000e+00
178461.50	0.000e+00	0.000e+00	0.000e+00
178462.50	0.000e+00	0.000e+00	0.000e+00
178463.50	0.000e+00	0.000e+00	0.000e+00
178464.50	0.000e+00	0.000e+00	0.000e+00
178465.50	0.000e+00	0.000e+00	0.000e+00
178466.50	0.000e+00	0.000e+00	0.000e+00
178467.50	0.000e+00	0.000e+00	0.000e+00
178468.50	0.000e+00	0.000e+00	0.000e+00
178469.50	0.000e+00	0.000e+00	0.000e+00
178470.50	0.000e+00	0.000e+00	0.000e+00
178471.50	0.000e+00	0.000e+00	0.000e+00
178472.50	0.000e+00	0.000e+00	0.000e+00
178473.50	0.000e+00	0.000e+00	0.000e+00
178474.50	0.000e+00	0.000e+00	0.000e+00
178475.50	0.000e+00	0.000e+00	0.000e+00
178476.50	0.000e+00	0.000e+00	0.000e+00
178477.50	0.000e+00	0.000e+00	0.000e+00
178478.50	0.000e+00	0.000e+00	0.000e+00
178479.50	0.000e+00	0.000e+00	0.000e+00
178480.50	1.632e-06	-1.238e-04	-1.190e-04
178481.50	1.200e-06	-7.286e-05	8.467e-05
178482.50	-4.637e-06	2.630e-05	1.786e-04
178483.50	-1.690e-07	-3.043e-05	-3.821e-05
178484.50	-8.352e-06	-5.933e-04	4.973e-04
178485.50	-5.866e-05	1.411e-04	2.294e-03
178486.50	-9.514e-05	1.181e-02	1.555e-03
178487.50	9.581e-05	-5.366e-03	-3.667e-03
178488.50	9.696e-05	-5.040e-03	-4.819e-03
178489.50	5.837e-04	-3.398e-02	-5.011e-02
178490.50	1.267e-03	-2.621e-02	-6.970e-02
178491.50	-2.880e-04	-2.438e-02	2.544e-02
178492.50	-7.046e-04	1.613e-02	5.011e-02
178493.50	-1.901e-04	3.053e-02	2.851e-02
178494.50	1.565e-03	2.083e-02	-9.101e-03
178495.50	6.230e-03	-2.390e-01	-1.670e-01
178496.50	-2.947e-03	1.594e-01	1.498e-01
178497.50	-5.491e-03	-3.667e-02	2.218e-01
178498.50	6.826e-03	-6.278e-01	-2.688e-01
178499.50	-3.139e-03	-2.486e+00	5.395e-02
178500.50	-3.552e-03	-1.920e+01	8.525e-02
178501.50	2.458e-01	-8.851e+01	-1.104e+01
178502.50	3.542e-01	-2.592e+02	-1.603e+01
178503.50	2.592e-01	-3.926e+02	-1.046e+01
178504.50	4.925e-01	-4.051e+02	-2.093e+01
178505.50	5.597e-01	-3.322e+02	-2.381e+01
178506.50	1.411e-01	8.611e+00	-5.587e+00
178507.50	-2.237e-01	1.392e+02	1.315e+01
178508.50	-1.709e-01	1.334e+02	9.283e+00
178509.50	-2.554e-01	1.094e+02	1.277e+01
178510.50	-7.382e-02	8.832e+01	3.974e+00
178511.50	3.946e-04	8.534e+01	3.667e-01
178512.50	-1.248e-01	7.334e+01	6.346e+00
178513.50	-6.595e-02	6.835e+01	3.562e+00
178514.50	-6.499e-02	5.654e+01	2.707e+00
178515.50	1.728e-01	5.088e+01	-1.498e+00
178516.50	-4.253e-02	4.877e+01	-1.622e+00
178517.50	-1.757e-02	4.330e+01	3.677e-01
178518.50	-4.829e-02	3.917e+01	1.805e+00
178519.50	-4.982e-02	3.898e+01	2.237e+00
178520.50	-6.538e-02	3.293e+01	1.411e+00
178521.50	-1.200e-02	2.678e+01	1.757e-01
178522.50	-9.590e-02	3.024e+01	4.205e+00
178523.50	-1.142e-01	2.688e+01	5.414e+00
178524.50	-5.702e-02	2.227e+01	1.997e+00
178525.50	-2.198e-02	2.342e+01	7.210e-01
178526.50	-2.774e-02	1.862e+01	9.542e-01
178527.50	-4.205e-02	1.786e+01	8.093e-01
178528.50	-5.942e-03	1.718e+01	-8.448e-01
178529.50	-9.485e-03	1.440e+01	2.774e-01
178530.50	-3.898e-02	1.642e+01	1.699e+00
178531.50	1.229e-03	1.507e+01	-1.354e-01
178532.50	7.469e-03	1.392e+01	-9.792e-01
178533.50	-2.554e-02	1.450e+01	1.104e+00
178534.50	-3.514e-02	1.229e+01	1.306e+00
178535.50	-2.582e-02	1.056e+01	9.792e-01
178536.50	-1.949e-02	1.066e+01	7.651e-01
178537.50	1.277e-03	9.533e+00	-9.696e-02
178538.50	-1.968e-02	8.563e+00	6.288e-01
178539.50	-1.162e-02	8.851e+00	3.206e-01
178540.50	-3.197e-02	8.083e+00	1.171e+00
178541.50	-2.496e-02	7.498e+00	8.314e-01
178542.50	-2.534e-02	7.584e+00	1.104e+00
178543.50	-9.264e-03	7.459e+00	8.957e-02
178544.50	-1.603e-02	5.520e+00	6.163e-01
178545.50	-5.088e-02	6.710e+00	2.285e+00
178546.50	-3.139e-02	6.384e+00	1.229e+00
178547.50	6.691e-03	5.270e+00	-2.275e-01
178548.50	-1.670e-02	4.282e+00	5.808e-01
178549.50	3.418e-02	5.040e+00	-1.632e+00
178550.50	-1.978e-02	3.658e+00	6.259e-01
178551.50	-2.534e-03	3.523e+00	1.238e-01
178552.50	-5.856e-03	4.464e+00	1.133e-01
178553.50	-1.642e-02	4.810e+00	6.806e-01
178554.50	-1.651e-02	3.734e+00	6.240e-01
178555.50	-4.858e-03	3.686e+00	-9.600e-02
178556.50	1.152e-03	3.773e+00	-5.942e-02
178557.50	-2.794e-03	3.293e+00	2.256e-02
178558.50	-4.925e-03	3.005e+00	6.902e-03
178559.50	-1.363e-02	3.005e+00	5.683e-01
178560.50	-4.685e-03	2.630e+00	7.680e-02
178561.50	9.110e-04	1.958e+00	-3.427e-01
178562.50	-5.242e-03	2.525e+00	7.728e-02
178563.50	-2.496e-02	2.400e+00	8.218e-01
178564.50	-2.112e-02	2.294e+00	1.085e+00
178565.50	-2.774e-02	2.122e+00	1.142e+00
178566.50	9.178e-03	1.939e+00	-4.320e-01
178567.50	2.131e-04	2.515e+00	5.222e-02
178568.50	3.206e-03	1.978e+00	-3.773e-01
178569.50	-4.810e-04	1.584e+00	8.890e-02
178570.50	-2.266e-03	9.792e-01	-6.950e-02
178571.50	-3.648e-03	1.824e+00	-1.661e-01
178572.50	-1.910e-03	2.074e+00	-5.251e-02
178573.50	-1.574e-03	7.210e-01	-3.686e-03
178574.50	-3.082e-03	1.978e+00	5.837e-04
178575.50	1.075e-02	5.453e-01	-1.872e-01
178576.50	5.683e-03	1.219e+00	-4.262e-01
178577.50	-7.075e-03	1.555e+00	4.099e-01
178578.50	-6.048e-03	1.440e+00	3.187e-01
178579.50	-4.560e-03	8.563e-01	1.901e-01
178580.50	-1.229e-02	1.459e+00	4.118e-01
178581.50	-9.235e-03	1.238e+00	3.072e-01
178582.50	-3.725e-03	9.792e-01	2.909e-01
178583.50	2.285e-03	9.792e-01	-2.602e-01
178584.50	1.306e-02	9.581e-01	-4.992e-01
178585.50	-1.066e-03	3.235e-01	5.414e-02
178586.50	-1.613e-03	1.190e+00	3.725e-02
178587.50	-1.834e-02	8.448e-01	6.355e-01
178588.50	-7.267e-03	7.267e-01	2.285e-01
178589.50	1.517e-02	8.659e-01	-6.019e-01
178590.50	-4.032e-03	-1.277e-01	2.285e-02
178591.50	-4.685e-03	1.190e+00	2.390e-01
178592.50	-1.258e-03	5.491e-01	1.133e-01
178593.50	-2.918e-03	2.486e-01	2.227e-01
178594.50	-3.475e-03	8.237e-01	1.430e-01
178595.50	1.248e-02	7.459e-01	-3.994e-01
178596.50	-6.288e-03	5.683e-01	-8.198e-02
178597.50	3.379e-03	6.307e-01	-3.283e-01
178598.50	-4.560e-03	1.421e-01	1.306e-01
178599.50	2.285e-03	2.515e-01	2.717e-02
178600.50	-9.984e-03	8.304e-02	1.622e-01
178601.50	-8.016e-03	8.150e-01	2.141e-01
178602.50	-1.085e-03	5.798e-01	1.546e-01
178603.50	-2.726e-03	5.462e-01	1.776e-01
178604.50	3.744e-03	8.006e-01	-2.064e-01
178605.50	-6.509e-03	3.696e-01	1.450e-01
178606.50	-5.942e-03	9.888e-02	8.870e-02
178607.50	1.267e-02	3.418e-01	-4.474e-01
178608.50	1.114e-03	2.554e-01	-2.477e-02
178609.50	4.128e-03	2.822e-01	-8.640e-02
178610.50	5.952e-03	5.107e-01	-1.046e-01
178611.50	-1.190e-02	3.149e-01	3.773e-01
178612.50	-5.117e-04	4.627e-01	-9.120e-02
178613.50	-1.738e-03	3.830e-01	5.539e-03
178614.50	-5.626e-03	3.821e-01	1.622e-01
178615.50	-8.006e-03	2.074e-01	4.003e-01
178616.50	-1.862e-03	3.283e-02	2.083e-01
178617.50	4.339e-04	1.478e-01	-6.154e-02
178618.50	6.902e-03	6.787e-01	-3.984e-01
178619.50	-4.934e-05	7.507e-02	-1.421e-01
178620.50	-3.638e-03	8.957e-02	2.294e-01
178621.50	5.126e-03	6.931e-02	-1.190e-01
178622.50	1.094e-03	1.632e-01	-8.467e-02
178623.50	-3.773e-04	3.168e-01	-6.528e-02
178624.50	-7.142e-03	1.958e-01	2.544e-01
178625.50	-2.016e-04	2.554e-01	-1.075e-01
178626.50	2.122e-03	-1.574e-01	-1.574e-01
178627.50	-3.350e-03	2.429e-01	2.784e-02
178628.50	-5.731e-03	3.888e-01	2.362e-01
178629.50	-4.301e-03	2.064e-01	1.584e-01
178630.50	3.936e-03	1.450e-01	-4.800e-02
178631.50	5.933e-03	-7.334e-02	-1.229e-01
178632.50	-3.840e-03	5.395e-01	5.597e-02
178633.50	-3.082e-03	1.747e-01	1.546e-01
178634.50	1.315e-03	-1.258e-01	-6.653e-02
178635.50	-9.533e-03	3.389e-01	2.803e-01
178636.50	-1.891e-03	1.565e-01	1.834e-02
178637.50	3.734e-03	4.637e-03	-1.805e-01
178638.50	3.245e-03	2.294e-01	-2.102e-01
178639.50	-9.034e-04	4.061e-01	-7.459e-02
178640.50	4.109e-03	-4.128e-01	-2.016e-02
178641.50	-1.027e-03	5.194e-01	-7.728e-02
178642.50	-4.435e-03	5.856e-02	2.323e-01
178643.50	-4.406e-03	2.285e-01	1.584e-01
178644.50	1.027e-03	2.266e-02	-2.880e-02
178645.50	4.339e-03	3.053e-01	-1.171e-01
178646.50	1.008e-04	-3.600e-01	-1.853e-01
178647.50	1.594e-03	2.794e-01	7.114e-02
178648.50	1.210e-03	3.811e-02	8.678e-02
178649.50	-7.594e-03	2.659e-01	3.024e-01
178650.50	-1.286e-04	-8.515e-02	-9.792e-02
178651.50	6.451e-04	3.139e-02	-7.997e-02
178652.50	-3.658e-03	-3.542e-02	2.909e-02
178653.50	-9.561e-03	1.114e-01	3.139e-01
178654.50	2.592e-03	1.718e-01	-1.747e-01
178655.50	1.344e-03	1.411e-01	-3.898e-03
178656.50	1.853e-03	1.459e-01	-8.438e-02
178657.50	4.387e-03	-2.054e-01	3.610e-03
178658.50	2.669e-03	3.571e-01	-4.022e-02
178659.50	-8.170e-03	3.350e-02	3.322e-01
178660.50	3.658e-03	2.554e-01	-2.266e-01
178661.50	9.274e-04	9.264e-02	1.315e-01
178662.50	-3.533e-03	-6.125e-03	1.402e-01
178663.50	5.933e-03	2.611e-01	-2.026e-01
178664.50	-5.059e-04	2.544e-01	-1.027e-01
178665.50	-7.190e-03	1.018e-02	3.850e-02
178666.50	7.277e-04	1.469e-01	3.206e-02
178667.50	1.354e-03	5.971e-02	2.899e-02
178668.50	-1.142e-03	5.174e-02	3.082e-02
178669.50	-5.770e-03	-1.498e-01	2.582e-01
178670.50	-2.832e-03	1.325e-01	-1.469e-01
178671.50	-5.779e-04	-3.475e-02	-7.334e-02
178672.50	-2.851e-03	1.728e-01	2.333e-02
178673.50	-3.485e-03	-1.430e-01	1.939e-01
178674.50	3.869e-03	-2.189e-02	-6.682e-02
178675.50	3.466e-03	-1.315e-01	-1.296e-01
178676.50	-3.466e-03	-9.696e-02	2.611e-01
178677.50	-8.410e-04	1.450e-01	2.304e-01
178678.50	3.082e-03	-1.757e-01	-7.488e-02
178679.50	2.822e-03	6.902e-02	-2.986e-01
178680.50	2.246e-03	1.728e-01	-4.157e-02
178681.50	-2.198e-04	2.678e-01	-2.822e-03
178682.50	-1.709e-03	1.680e-02	1.363e-01
178683.50	-4.541e-03	-6.470e-02	2.669e-01
178684.50	5.827e-03	6.442e-03	-8.362e-02
178685.50	-9.379e-04	4.771e-02	-3.619e-02
178686.50	3.014e-03	-2.765e-02	1.066e-02
178687.50	-6.422e-03	-4.080e-02	-8.525e-02
178688.50	-5.011e-04	1.238e-01	1.968e-02
178689.50	-3.562e-03	1.363e-01	1.411e-01
178690.50	-1.315e-03	1.277e-01	1.334e-01
178691.50	1.824e-05	9.331e-03	-5.875e-03
178692.50	3.216e-03	7.987e-02	-1.498e-01
178693.50	2.976e-04	3.667e-02	-7.392e-04
178694.50	6.374e-03	-1.344e-02	-1.066e-01
178695.50	-4.358e-03	2.122e-01	7.181e-02
178696.50	-7.450e-04	-2.995e-02	1.757e-02
178697.50	1.536e-03	-8.784e-02	-1.248e-01
178698.50	-9.082e-03	-1.786e-01	2.170e-01
178699.50	-2.678e-03	-1.853e-01	1.056e-01
178700.50	-2.083e-03	1.901e-01	7.795e-03
178701.50	1.354e-04	1.747e-01	2.083e-02
178702.50	-1.872e-03	1.162e-01	1.498e-01
178703.50	4.109e-05	9.600e-02	3.984e-02
178704.50	1.344e-03	1.882e-02	-1.190e-01
178705.50	-2.064e-03	1.843e-02	8.698e-03
178706.50	-3.475e-03	1.526e-01	1.258e-01
178707.50	8.995e-03	2.198e-03	-1.939e-01
178708.50	1.469e-03	1.104e-01	3.408e-02
178709.50	-6.317e-04	1.056e-01	-6.730e-02
178710.50	6.470e-04	2.784e-03	-5.597e-02
178711.50	2.218e-03	1.315e-02	1.805e-02
178712.50	2.275e-03	-1.862e-01	-1.498e-02
178713.50	-2.352e-03	-9.120e-02	5.760e-02
178714.50	3.696e-03	1.478e-01	-1.805e-01
178715.50	-3.600e-03	9.696e-02	2.227e-01
178716.50	5.424e-03	9.984e-02	-5.386e-02
178717.50	4.138e-03	-1.219e-01	-1.805e-01
178718.50	-4.790e-03	-1.978e-02	9.014e-03
178719.50	-4.147e-03	1.056e-01	8.909e-02
178720.50	-5.002e-03	-6.538e-02	3.696e-02
178721.50	-3.562e-03	-6.672e-02	6.480e-02
178722.50	-8.400e-03	-1.488e-01	-4.147e-02
178723.50	1.507e-02	2.016e-01	-3.667e-02
178724.50	-5.635e-03	9.533e-02	1.622e-01
178725.50	1.382e-03	1.238e-02	-3.667e-02
178726.50	1.805e-03	-2.102e-01	-4.378e-02
178727.50	6.058e-03	7.517e-02	-2.592e-04
178728.50	7.344e-04	1.526e-01	6.586e-02
178729.50	-5.069e-03	-7.805e-02	1.430e-01
178730.50	-5.184e-03	2.611e-02	8.822e-02
178731.50	-6.557e-03	-1.046e-02	-1.258e-01
178732.50	-4.397e-03	9.792e-02	6.403e-02
178733.50	-7.891e-03	2.698e-02	6.835e-02
178734.50	-3.360e-03	-1.334e-01	-9.792e-02
178735.50	-2.429e-03	1.757e-01	1.555e-02
178736.50	3.139e-03	-2.131e-02	8.803e-02
178737.50	-3.216e-04	1.488e-02	-7.238e-02
178738.50	-3.581e-03	-1.018e-01	3.014e-02
178739.50	4.512e-04	2.659e-02	2.784e-02
178740.50	3.312e-03	1.373e-01	-7.642e-02
178741.50	1.133e-02	-7.133e-02	1.306e-02
178742.50	2.429e-03	-1.008e-01	-1.344e-01
178743.50	8.275e-04	-5.914e-03	-4.752e-02
178744.50	-6.154e-03	5.040e-02	1.776e-01
178745.50	7.526e-03	1.037e-01	-1.238e-01
178746.50	-4.224e-03	-9.888e-02	6.365e-02
178747.50	-6.691e-04	2.333e-03	-6.710e-02
178748.50	2.275e-04	6.883e-02	2.064e-02
178749.50	6.653e-03	1.949e-01	-4.282e-02
178750.50	1.142e-02	-1.114e-01	-4.090e-02
178751.50	6.461e-03	6.691e-02	-1.152e-01
178752.50	-1.853e-02	-1.373e-01	5.270e-02
178753.50	-1.574e-03	-2.554e-03	5.981e-02
178754.50	-1.104e-03	8.093e-04	7.565e-02
178755.50	4.531e-04	9.600e-03	9.005e-02
178756.50	3.043e-04	1.718e-03	-4.742e-02
178757.50	-5.693e-04	2.083e-03	2.477e-02
178758.50	5.760e-05	6.634e-03	-4.915e-02
178759.50	-8.074e-04	2.314e-02	9.446e-02
178760.50	2.400e-03	-1.277e-03	-1.162e-01
178761.50	-2.496e-03	4.358e-02	5.194e-02
178762.50	2.054e-03	-6.067e-02	-1.565e-01
178763.50	-1.661e-03	-1.258e-02	6.230e-02
178764.50	4.877e-04	1.354e-01	-8.429e-02
178765.50	1.594e-03	5.050e-02	-1.642e-02
178766.50	3.523e-03	-4.570e-02	5.654e-02
178767.50	8.534e-03	-2.189e-02	-1.104e-01
178768.50	1.824e-04	4.531e-02	-1.843e-03
178769.50	7.286e-04	-1.200e-01	2.486e-02
178770.50	-3.427e-03	1.766e-01	4.474e-02
178771.50	-2.390e-03	3.082e-02	5.021e-02
178772.50	1.997e-03	-2.323e-02	-5.741e-03
178773.50	-6.528e-04	-4.973e-02	4.272e-02
178774.50	1.056e-03	-1.162e-01	-9.187e-02
178775.50	-6.845e-04	-3.619e-02	-4.301e-02
178776.50	-4.992e-03	-8.515e-02	8.746e-02
178777.50	4.541e-03	2.064e-02	-1.056e-01
178778.50	-6.950e-05	7.296e-02	-2.035e-02
178779.50	6.845e-04	2.486e-02	-2.122e-02
178780.50	-2.314e-03	-1.258e-01	3.610e-02
178781.50	5.856e-04	-3.370e-02	3.715e-02
178782.50	1.872e-03	1.315e-01	-1.200e-01
178783.50	-1.642e-03	9.792e-02	7.296e-02
178784.50	-4.406e-04	3.302e-02	3.533e-02
178785.50	-4.339e-05	-1.162e-01	4.714e-02
178786.50	-7.037e-04	5.395e-02	6.518e-02
178787.50	5.069e-05	-2.016e-02	5.875e-02
178788.50	-2.006e-03	3.178e-02	-3.466e-03
178789.50	-1.565e-04	8.381e-02	-1.363e-02
178790.50	2.371e-03	6.288e-02	1.210e-02
178791.50	-3.408e-04	-1.632e-02	-5.290e-03
178792.50	-1.229e-03	-3.014e-02	2.246e-02
178793.50	1.920e-03	-8.074e-02	-8.122e-02
178794.50	4.550e-04	3.446e-02	2.189e-02
178795.50	6.250e-05	8.035e-02	3.773e-02
178796.50	-1.325e-03	-2.813e-02	5.338e-02
178797.50	5.712e-04	-5.962e-03	2.438e-02
178798.50	-5.568e-04	-3.763e-03	4.800e-02
178799.50	3.446e-04	4.474e-02	-1.008e-01
178800.50	1.171e-03	1.555e-02	-4.637e-02
178801.50	-2.256e-04	-2.976e-02	-2.803e-02
178802.50	1.910e-04	-3.792e-02	-4.464e-02
178803.50	-9.888e-04	1.411e-02	4.790e-02
178804.50	2.054e-03	5.174e-02	-1.200e-03
178805.50	4.205e-03	-6.490e-02	-1.286e-01
178806.50	-3.466e-03	-8.803e-02	3.427e-02
178807.50	-6.989e-04	1.056e-01	3.965e-02
178808.50	-7.210e-04	1.661e-01	2.458e-02
178809.50	-1.325e-03	9.792e-02	6.730e-02
178810.50	-1.171e-03	-8.755e-02	-2.160e-04
178811.50	-1.238e-03	-4.320e-03	3.312e-02
178812.50	3.322e-03	6.470e-02	-1.200e-01
178813.50	2.554e-03	-3.302e-02	2.083e-02
178814.50	-3.168e-04	-7.546e-02	2.832e-02
178815.50	-7.114e-04	-1.171e-01	2.275e-02
178816.50	4.800e-03	4.387e-02	-3.878e-02
178817.50	-1.344e-03	3.053e-02	1.814e-03
178818.50	-9.888e-04	4.320e-02	4.138e-02
178819.50	1.286e-03	-4.886e-02	-7.690e-02
178820.50	-3.370e-03	-1.123e-01	2.976e-02
178821.50	-8.237e-04	6.470e-02	-4.666e-02
178822.50	1.104e-03	-2.688e-02	-6.019e-02
178823.50	9.062e-04	-1.824e-01	2.554e-02
178824.50	1.152e-03	2.899e-02	2.602e-02
178825.50	1.997e-03	-1.210e-02	-3.312e-02
178826.50	5.722e-03	1.805e-03	2.198e-02
178827.50	-8.074e-03	4.656e-02	9.696e-03
178828.50	2.755e-04	8.256e-02	1.786e-02
178829.50	-1.872e-03	1.363e-01	2.736e-02
178830.50	-9.082e-04	-5.117e-02	6.538e-02
178831.50	3.619e-03	-7.987e-02	-1.200e-01
178832.50	-1.680e-03	-3.466e-02	4.493e-02
178833.50	-2.256e-04	2.045e-02	1.709e-02
178834.50	-1.699e-03	6.845e-02	6.355e-02
178835.50	2.006e-03	8.458e-02	-4.474e-03
178836.50	2.112e-03	2.813e-03	-7.056e-02
178837.50	-1.699e-03	4.128e-02	3.168e-02
178838.50	-6.067e-04	5.558e-02	-4.387e-03
178839.50	-7.075e-04	-2.976e-02	-2.112e-02
178840.50	7.037e-04	-8.083e-02	-1.085e-01
178841.50	-3.658e-03	4.234e-02	7.152e-02
178842.50	-7.766e-04	4.397e-02	3.542e-02
178843.50	2.342e-03	-9.792e-02	1.882e-02
178844.50	1.738e-03	2.179e-02	-1.094e-02
178845.50	5.347e-03	-7.805e-02	-1.613e-01
178846.50	1.603e-03	-6.269e-02	-9.792e-03
178847.50	1.738e-03	-9.792e-03	-7.930e-02
178848.50	-1.114e-03	-1.114e-02	7.133e-02
178849.50	2.141e-03	7.171e-02	-5.443e-02
178850.50	-1.430e-03	-5.002e-02	4.704e-02
178851.50	3.379e-04	2.371e-02	9.216e-03
178852.50	8.131e-04	5.107e-02	-3.427e-02
178853.50	-8.525e-04	-3.254e-02	-4.694e-02
178854.50	-1.526e-03	4.886e-02	6.029e-04
178855.50	-9.322e-05	5.520e-02	-3.178e-02
178856.50	-2.966e-03	-5.990e-02	6.960e-02
178857.50	-2.304e-03	-2.246e-02	1.440e-01
178858.50	3.389e-03	-7.757e-03	-1.210e-01
178859.50	-2.726e-03	3.888e-02	6.682e-02
178860.50	1.219e-03	-4.445e-02	-1.210e-01
178861.50	1.094e-03	-6.922e-02	2.602e-02
178862.50	2.842e-03	6.470e-03	-1.536e-02
178863.50	1.651e-03	1.066e-01	1.306e-02
178864.50	3.005e-03	9.350e-02	-3.072e-02
178865.50	-1.978e-03	-2.160e-02	1.334e-02
178866.50	-3.341e-03	-7.411e-03	5.645e-02
178867.50	-3.053e-03	-5.530e-02	1.411e-01
178868.50	-5.232e-04	6.528e-03	-9.514e-03
178869.50	-6.730e-04	3.216e-03	-1.872e-02
178870.50	1.978e-03	-4.608e-02	-7.248e-02
178871.50	2.842e-03	7.142e-02	-5.674e-02
178872.50	-1.776e-04	2.294e-02	1.430e-02
178873.50	2.026e-03	1.728e-02	2.784e-02
178874.50	-1.661e-03	5.674e-02	1.258e-01
178875.50	-1.190e-03	-7.037e-02	3.485e-02
178876.50	-9.437e-04	-4.666e-02	7.594e-04
178877.50	3.043e-03	-2.957e-02	-7.190e-02
178878.50	-1.046e-03	-5.213e-03	3.235e-02
178879.50	-3.869e-03	-9.312e-02	4.032e-02
178880.50	-3.398e-03	1.814e-02	-1.085e-02
178881.50	-2.736e-03	5.021e-02	6.662e-02
178882.50	-2.966e-03	9.792e-02	-7.776e-02
178883.50	1.421e-03	-5.472e-02	-4.349e-03
178884.50	-3.571e-03	-1.968e-02	4.349e-02
178885.50	1.018e-03	-4.483e-02	-6.614e-02
178886.50	1.267e-04	-5.971e-03	-1.526e-02
178887.50	2.784e-03	1.987e-02	-3.610e-02
178888.50	1.411e-03	-5.002e-02	4.195e-02
178889.50	-1.152e-03	3.283e-02	1.939e-02
178890.50	-6.586e-04	-6.989e-03	-1.267e-03
178891.50	-5.971e-04	9.792e-03	2.150e-02
178892.50	1.987e-04	-4.368e-02	3.715e-02
178893.50	2.304e-03	2.246e-02	-2.314e-02
178894.50	1.411e-03	8.563e-02	-5.923e-02
178895.50	-5.482e-04	5.146e-02	-1.411e-02
178896.50	1.277e-03	4.522e-02	-8.851e-03
178897.50	-4.205e-04	-7.210e-03	4.656e-02
178898.50	-1.776e-03	-7.430e-02	3.475e-02
178899.50	-3.187e-03	9.370e-03	3.187e-02
178900.50	-1.997e-03	5.338e-02	3.830e-02
178901.50	5.386e-04	4.406e-02	-1.968e-03
178902.50	-8.477e-04	2.621e-02	-1.085e-02
178903.50	-3.898e-04	4.454e-02	1.181e-02
178904.50	3.552e-03	-4.214e-02	-7.008e-02
178905.50	-2.611e-03	2.016e-02	-1.075e-02
178906.50	-2.438e-03	-5.299e-02	-1.018e-02
178907.50	3.379e-04	1.066e-02	2.650e-02
178908.50	2.102e-03	3.590e-02	-4.714e-02
178909.50	-1.574e-03	4.435e-02	4.560e-03
178910.50	-9.888e-04	-4.714e-02	-2.515e-02
178911.50	-4.733e-04	8.333e-04	5.021e-02
178912.50	-1.536e-03	5.702e-03	7.411e-03
178913.50	1.536e-03	-6.144e-02	-1.891e-02
178914.50	2.851e-04	6.922e-03	1.267e-02
178915.50	3.120e-03	1.824e-02	3.408e-02
178916.50	-4.800e-04	9.561e-03	2.218e-02
178917.50	-7.027e-04	-5.779e-03	-1.094e-02
178918.50	-7.123e-03	-1.363e-02	9.053e-03
178919.50	2.736e-05	-5.107e-02	-1.728e-02
178920.50	7.181e-05	4.262e-02	-6.576e-02
178921.50	2.438e-03	-3.197e-02	1.190e-02
178922.50	-2.083e-03	3.293e-02	5.616e-02
178923.50	3.053e-03	2.861e-02	-1.536e-02
178924.50	2.909e-04	-1.037e-01	3.245e-02
178925.50	1.267e-03	4.752e-03	-6.902e-03
178926.50	1.642e-04	4.378e-02	2.755e-02
178927.50	-9.696e-04	1.277e-02	-1.018e-03
178928.50	9.888e-04	3.091e-02	7.776e-03
178929.50	4.435e-05	1.430e-02	-4.934e-03
178930.50	5.136e-04	1.709e-02	-1.498e-02
178931.50	2.026e-03	2.842e-02	2.851e-02
178932.50	-3.494e-03	-1.757e-02	2.141e-02
178933.50	3.965e-04	-1.642e-02	-2.630e-02
178934.50	-1.008e-03	2.890e-02	2.131e-02
178935.50	-1.056e-05	-7.152e-03	-1.498e-02
178936.50	1.469e-03	-2.851e-03	-7.882e-03
178937.50	-2.323e-03	-1.402e-02	3.014e-04
178938.50	1.181e-03	1.843e-02	-2.026e-02
178939.50	-2.544e-03	1.248e-03	-2.688e-02
178940.50	-2.323e-03	-5.395e-02	1.882e-02
178941.50	1.507e-03	-4.426e-02	-2.554e-02
178942.50	2.227e-03	5.549e-03	-4.982e-02
178943.50	-1.411e-03	-1.430e-02	2.218e-02
178944.50	-1.162e-04	4.570e-02	3.120e-03
178945.50	-1.238e-03	3.638e-02	-1.027e-02
178946.50	1.306e-03	-1.459e-02	-3.206e-02
178947.50	1.498e-03	-6.288e-03	2.246e-02
178948.50	-8.246e-05	-1.104e-02	2.506e-02
178949.50	-6.854e-04	-7.027e-04	-3.322e-02
178950.50	-1.363e-03	-7.786e-03	3.821e-02
178951.50	-3.024e-04	1.277e-02	-1.094e-02
178952.50	9.370e-04	2.534e-02	-3.782e-02
178953.50	-2.189e-03	-8.698e-02	1.862e-02
178954.50	8.525e-04	-4.109e-03	-2.458e-02
178955.50	1.094e-03	2.496e-02	1.325e-02
178956.50	-6.240e-04	-1.939e-02	1.651e-03
178957.50	2.160e-04	7.738e-02	3.552e-02
178958.50	-4.637e-04	2.131e-02	3.466e-02
