178360.50	0.000e+00	0.000e+00	0.000e+00
178361.50	0.000e+00	0.000e+00	0.000e+00
178362.50	0.000e+00	0.000e+00	0.000e+00
178363.50	0.000e+00	0.000e+00	0.000e+00
178364.50	0.000e+00	0.000e+00	0.000e+00
178365.50	0.000e+00	0.000e+00	0.000e+00
178366.50	0.000e+00	0.000e+00	0.000e+00
178367.50	0.000e+00	0.000e+00	0.000e+00
178368.50	0.000e+00	0.000e+00	0.000e+00
178369.50	0.000e+00	0.000e+00	0.000e+00
178370.50	0.000e+00	0.000e+00	0.000e+00
178371.50	0.000e+00	0.000e+00	0.000e+00
178372.50	0.000e+00	0.000e+00	0.000e+00
178373.50	0.000e+00	0.000e+00	0.000e+00
178374.50	0.000e+00	0.000e+00	0.000e+00
178375.50	0.000e+00	0.000e+00	0.000e+00
178376.50	0.000e+00	0.000e+00	0.000e+00
178377.50	0.000e+00	0.000e+00	0.000e+00
178378.50	0.000e+00	0.000e+00	0.000e+00
178379.50	0.000e+00	0.000e+00	0.000e+00
178380.50	0.000e+00	0.000e+00	0.000e+00
178381.50	0.000e+00	0.000e+00	0.000e+00
178382.50	0.000e+00	0.000e+00	0.000e+00
178383.50	0.000e+00	0.000e+00	0.000e+00
178384.50	0.000e+00	0.000e+00	0.000e+00
178385.50	0.000e+00	0.000e+00	0.000e+00
178386.50	0.000e+00	0.000e+00	0.000e+00
178387.50	0.000e+00	0.000e+00	0.000e+00
178388.50	0.000e+00	0.000e+00	0.000e+00
178389.50	0.000e+00	0.000e+00	0.000e+00
178390.50	0.000e+00	0.000e+00	0.000e+00
178391.50	0.000e+00	0.000e+00	0.000e+00
178392.50	0.000e+00	0.000e+00	0.000e+00
178393.50	0.000e+00	0.000e+00	0.000e+00
178394.50	0.000e+00	0.000e+00	0.000e+00
178395.50	0.000e+00	0.000e+00	0.000e+00
178396.50	0.000e+00	0.000e+00	0.000e+00
178397.50	0.000e+00	0.000e+00	0.000e+00
178398.50	0.000e+00	0.000e+00	0.000e+00
178399.50	0.000e+00	0.000e+00	0.000e+00
178400.50	0.000e+00	0.000e+00	0.000e+00
178401.50	0.000e+00	0.000e+00	0.000e+00
178402.50	0.000e+00	0.000e+00	0.000e+00
178403.50	0.000e+00	0.000e+00	0.000e+00
178404.50	0.000e+00	0.000e+00	0.000e+00
178405.50	0.000e+00	0.000e+00	0.000e+00
178406.50	0.000e+00	0.000e+00	0.000e+00
178407.50	0.000e+00	0.000e+00	0.000e+00
178408.50	0.000e+00	0.000e+00	0.000e+00
178409.50	0.000e+00	0.000e+00	0.000e+00
178410.50	0.000e+00	0.000e+00	0.000e+00
178411.50	0.000e+00	0.000e+00	0.000e+00
178412.50	0.000e+00	0.000e+00	0.000e+00
178413.50	0.000e+00	0.000e+00	0.000e+00
178414.50	0.000e+00	0.000e+00	0.000e+00
178415.50	0.000e+00	0.000e+00	0.000e+00
178416.50	0.000e+00	0.000e+00	0.000e+00
178417.50	0.000e+00	0.000e+00	0.000e+00
178418.50	0.000e+00	0.000e+00	0.000e+00
178419.50	0.000e+00	0.000e+00	0.000e+00
178420.50	0.000e+00	0.000e+00	0.000e+00
178421.50	0.000e+00	0.000e+00	0.000e+00
178422.50	0.000e+00	0.000e+00	0.000e+00
178423.50	0.000e+00	0.000e+00	0.000e+00
178424.50	0.000e+00	0.000e+00	0.000e+00
178425.50	0.000e+00	0.000e+00	0.000e+00
178426.50	0.000e+00	0.000e+00	0.000e+00
178427.50	0.000e+00	0.000e+00	0.000e+00
178428.50	0.000e+00	0.000e+00	0.000e+00
178429.50	0.000e+00	0.000e+00	0.000e+00
178430.50	0.000e+00	0.000e+00	0.000e+00
178431.50	0.000e+00	0.000e+00	0.000e+00
178432.50	0.000e+00	0.000e+00	0.000e+00
178433.50	0.000e+00	0.000e+00	0.000e+00
178434.50	0.000e+00	0.000e+00	0.000e+00
178435.50	0.000e+00	0.000e+00	0.000e+00
178436.50	0.000e+00	0.000e+00	0.000e+00
178437.50	0.000e+00	0.000e+00	0.000e+00
178438.50	0.000e+00	0.000e+00	0.000e+00
178439.50	0.000e+00	0.000e+00	0.000e+00
178440.50	0.000e+00	0.000e+00	0.000e+00
178441.50	0.000e+00	0.000e+00	0.000e+00
178442.50	0.000e+00	0.000e+00	0.000e+00
178443.50	0.000e+00	0.000e+00	0.000e+00
178444.50	0.000e+00	0.000e+00	0.000e+00
178445.50	0.000e+00	0.000e+00	0.000e+00
178446.50	0.000e+00	0.000e+00	0.000e+00
178447.50	0.000e+00	0.000e+00	0.000e+00
178448.50	0.000e+00	0.000e+00	0.000e+00
178449.50	0.000e+00	0.000e+00	0.000e+00
178450.50	0.000e+00	0.000e+00	0.000e+00
178451.50	0.000e+00	0.000e+00	0.000e+00
178452.50	0.000e+00	0.000e+00	0.000e+00
178453.50	0.000e+00	0.000e+00	0.000e+00
178454.50	0.000e+00	0.000e+00	0.000e+00
178455.50	0.000e+00	0.000e+00	0.000e+00
178456.50	0.000e+00	0.000e+00	0.000e+00
178457.50	0.000e+00	0.000e+00	0.000e+00
178458.50	0.000e+00	0.000e+00	0.000e+00
178459.50	0.000e+00	0.000e+00	0.000e+00
178460.50	0.000e+00	0.000e+00	0.000e+00
178461.50	0.000e+00	0.000e+00	0.000e+00
178462.50	0.000e+00	0.000e+00	0.000e+00
178463.50	0.000e+00	0.000e+00	0.000e+00
178464.50	0.000e+00	0.000e+00	0.000e+00
178465.50	0.000e+00	0.000e+00	0.000e+00
178466.50	0.000e+00	0.000e+00	0.000e+00
178467.50	0.000e+00	0.000e+00	0.000e+00
178468.50	0.000e+00	0.000e+00	0.000e+00
178469.50	0.000e+00	0.000e+00	0.000e+00
178470.50	0.000e+00	0.000e+00	0.000e+00
178471.50	0.000e+00	0.000e+00	0.000e+00
178472.50	0.000e+00	0.000e+00	0.000e+00
178473.50	0.000e+00	0.000e+00	0.000e+00
178474.50	0.000e+00	0.000e+00	0.000e+00
178475.50	0.000e+00	0.000e+00	0.000e+00
178476.50	0.000e+00	0.000e+00	0.000e+00
178477.50	0.000e+00	0.000e+00	0.000e+00
178478.50	5.885e-06	-3.178e-04	-3.216e-04
178479.50	1.085e-04	3.139e-04	-2.534e-03
178480.50	-3.955e-05	2.582e-03	2.352e-03
178481.50	-9.590e-05	-8.707e-04	2.237e-03
178482.50	5.914e-05	-3.206e-03	2.083e-04
178483.50	-2.429e-04	2.870e-03	1.008e-02
178484.50	1.574e-05	-7.843e-03	-4.848e-03
178485.50	2.832e-04	7.584e-03	-6.998e-03
178486.50	2.064e-04	7.728e-05	-3.235e-03
178487.50	-1.152e-04	-1.987e-03	3.226e-03
178488.50	-2.026e-04	6.029e-03	7.162e-03
178489.50	3.994e-04	5.146e-03	-2.870e-03
178490.50	-4.742e-04	-3.542e-02	-3.590e-03
178491.50	1.987e-04	1.363e-03	9.542e-04
178492.50	4.704e-04	-5.587e-03	-1.171e-02
178493.50	2.294e-05	2.448e-03	-2.093e-03
178494.50	-1.776e-04	-1.267e-01	-7.104e-02
178495.50	-7.718e-03	1.200e-02	3.504e-01
178496.50	6.230e-03	8.678e-02	-2.525e-01
178497.50	2.218e-03	-3.034e-03	-1.162e-01
178498.50	-7.373e-03	-6.067e-01	7.920e-02
178499.50	-1.142e-02	-1.488e+00	-1.642e-01
178500.50	-1.066e-01	-1.085e+01	2.582e-01
178501.50	-3.850e-01	-5.645e+01	-7.181e+00
178502.50	-1.459e+00	-1.824e+02	-7.949e+00
178503.50	-2.870e+00	-3.811e+02	-1.910e+01
178504.50	-2.506e+00	-3.206e+02	-4.282e+00
178505.50	-3.034e+00	-4.186e+02	-1.286e+01
178506.50	-3.629e-01	-7.824e+01	-6.029e+00
178507.50	9.984e-01	1.075e+02	-3.216e+00
178508.50	8.630e-01	1.296e+02	1.267e+01
178509.50	7.901e-01	1.142e+02	8.736e+00
178510.50	7.133e-01	9.014e+01	1.949e+00
178511.50	6.173e-01	8.198e+01	3.840e+00
178512.50	5.443e-01	7.181e+01	2.189e+00
178513.50	5.462e-01	7.123e+01	2.688e+00
178514.50	4.330e-01	5.626e+01	1.363e+00
178515.50	4.051e-01	4.982e+01	-2.707e-01
178516.50	3.494e-01	4.714e+01	2.045e+00
178517.50	4.176e-01	4.474e+01	-2.784e+00
178518.50	3.139e-01	3.974e+01	2.294e-01
178519.50	2.256e-01	3.312e+01	2.016e+00
178520.50	2.227e-01	3.322e+01	2.678e+00
178521.50	2.227e-01	2.822e+01	1.123e-01
178522.50	1.997e-01	2.995e+01	2.755e+00
178523.50	2.035e-01	2.650e+01	4.070e-01
178524.50	1.872e-01	2.554e+01	1.373e+00
178525.50	1.066e-01	1.939e+01	2.832e+00
178526.50	1.325e-01	2.035e+01	1.795e+00
178527.50	1.286e-01	1.613e+01	-9.984e-02
178528.50	1.258e-01	1.642e+01	2.534e-01
178529.50	1.248e-01	1.584e+01	9.418e-02
178530.50	1.152e-01	1.613e+01	4.685e-01
178531.50	1.133e-01	1.526e+01	5.270e-01
178532.50	1.296e-01	1.517e+01	-6.470e-01
178533.50	7.891e-02	1.133e+01	4.330e-01
178534.50	5.184e-02	1.018e+01	1.613e+00
178535.50	1.133e-01	1.296e+01	-4.819e-01
178536.50	1.008e-01	1.152e+01	-4.954e-01
178537.50	6.950e-02	9.139e+00	-8.976e-02
178538.50	6.067e-02	9.542e+00	7.459e-01
178539.50	6.288e-02	8.294e+00	1.354e-02
178540.50	2.851e-02	7.997e+00	2.141e+00
178541.50	4.502e-02	8.294e+00	9.888e-01
178542.50	3.571e-02	7.190e+00	1.363e+00
178543.50	5.779e-02	5.837e+00	-8.784e-01
178544.50	2.870e-02	5.472e+00	5.866e-01
178545.50	3.869e-02	6.893e+00	6.576e-01
178546.50	5.510e-02	5.904e+00	2.534e-02
178547.50	3.130e-02	3.792e+00	-1.133e-01
178548.50	4.781e-03	4.397e+00	1.661e+00
178549.50	3.014e-02	5.664e+00	7.968e-01
178550.50	5.856e-02	4.109e+00	-1.421e+00
178551.50	3.139e-02	4.915e+00	2.582e-01
178552.50	3.782e-03	4.378e+00	1.594e+00
178553.50	2.736e-02	4.550e+00	4.550e-01
178554.50	2.746e-02	3.581e+00	-2.861e-02
178555.50	1.152e-02	2.448e+00	4.368e-02
178556.50	2.131e-02	2.880e+00	1.325e-01
178557.50	2.477e-02	2.803e+00	8.851e-02
178558.50	3.139e-02	3.427e+00	-3.725e-01
178559.50	3.178e-02	3.437e+00	-4.906e-01
178560.50	1.162e-02	2.938e+00	6.614e-01
178561.50	1.709e-02	1.910e+00	-1.786e-01
178562.50	1.478e-02	3.178e+00	4.848e-01
178563.50	1.248e-03	2.122e+00	1.018e+00
178564.50	1.507e-02	1.526e+00	-2.947e-01
178565.50	1.517e-02	1.997e+00	8.419e-02
178566.50	2.659e-02	2.957e+00	-2.467e-01
178567.50	7.805e-03	2.170e+00	4.099e-01
178568.50	9.034e-03	1.651e+00	9.792e-03
178569.50	1.085e-02	1.997e+00	4.445e-01
178570.50	1.728e-02	1.565e+00	-3.149e-01
178571.50	5.549e-03	2.534e-01	-8.045e-02
178572.50	2.362e-03	1.066e+00	1.229e-01
178573.50	7.277e-03	1.594e+00	1.805e-01
178574.50	1.421e-02	1.344e+00	-3.802e-01
178575.50	7.843e-03	1.853e+00	1.987e-01
178576.50	1.027e-02	1.469e+00	1.421e-01
178577.50	1.402e-02	1.517e+00	1.296e-02
178578.50	1.133e-02	9.216e-01	-6.432e-02
178579.50	9.792e-03	1.018e+00	-2.026e-01
178580.50	3.360e-03	6.595e-01	-8.045e-02
178581.50	9.466e-03	1.085e+00	-1.642e-01
178582.50	1.795e-02	1.392e+00	-2.438e-01
178583.50	-1.430e-03	1.296e+00	6.461e-01
178584.50	4.310e-03	1.162e+00	3.552e-01
178585.50	-5.270e-03	5.846e-01	3.235e-01
178586.50	1.958e-03	3.562e-01	-1.325e-01
178587.50	8.899e-03	6.307e-01	-8.746e-02
178588.50	5.549e-03	7.824e-01	4.166e-02
178589.50	1.046e-02	5.962e-01	-1.690e-01
178590.50	2.294e-04	2.755e-01	1.219e-01
178591.50	-5.520e-04	8.064e-01	1.171e-01
178592.50	3.821e-03	7.459e-01	3.878e-02
178593.50	-2.362e-03	5.520e-01	2.237e-01
178594.50	4.157e-03	5.424e-01	3.533e-03
178595.50	5.808e-03	7.968e-01	8.371e-02
178596.50	1.795e-02	6.029e-01	-3.427e-01
178597.50	3.206e-03	2.851e-01	-4.541e-01
178598.50	5.232e-03	9.302e-01	2.784e-01
178599.50	-5.462e-03	6.067e-01	5.328e-01
178600.50	-4.186e-03	3.696e-01	1.046e-01
178601.50	-2.102e-03	6.336e-01	3.101e-01
178602.50	6.115e-03	2.813e-01	1.085e-01
178603.50	4.464e-03	3.734e-01	-1.459e-02
178604.50	6.566e-03	6.413e-01	-1.805e-01
178605.50	1.738e-03	5.606e-01	3.878e-02
178606.50	1.296e-02	4.838e-01	-4.973e-01
178607.50	5.165e-03	-8.707e-02	-4.138e-01
178608.50	2.525e-03	2.611e-01	-4.205e-02
178609.50	5.568e-03	5.491e-01	2.736e-02
178610.50	-9.091e-03	1.267e-01	4.253e-01
178611.50	-7.411e-03	-1.430e-01	1.891e-01
178612.50	-2.630e-04	1.488e-01	-3.629e-02
178613.50	-1.229e-03	4.214e-01	1.517e-01
178614.50	-3.965e-03	1.594e-01	2.208e-01
178615.50	1.190e-02	6.893e-01	-3.082e-01
178616.50	7.776e-03	4.253e-02	-2.938e-01
178617.50	5.366e-03	4.070e-01	-7.805e-02
178618.50	9.696e-03	4.205e-01	-3.974e-01
178619.50	-2.102e-03	-1.392e-01	-7.872e-02
178620.50	1.133e-03	5.002e-01	5.568e-02
178621.50	-2.170e-03	-3.907e-02	2.534e-01
178622.50	3.072e-04	3.619e-01	3.245e-01
178623.50	-5.971e-03	3.264e-01	-1.987e-01
178624.50	-5.530e-04	9.984e-02	-6.528e-03
178625.50	2.045e-03	6.835e-02	1.747e-01
178626.50	-3.946e-03	-6.307e-02	4.186e-01
178627.50	7.958e-04	2.045e-01	3.878e-02
178628.50	-4.042e-04	2.621e-01	1.728e-01
178629.50	7.699e-04	3.005e-01	1.958e-01
178630.50	9.523e-03	2.208e-01	-3.024e-01
178631.50	-1.661e-03	3.859e-01	8.189e-03
178632.50	-5.846e-03	-5.683e-03	2.083e-01
178633.50	8.986e-03	2.083e-01	-3.178e-01
178634.50	5.558e-03	1.344e-01	-2.938e-01
178635.50	-7.190e-03	8.947e-02	3.792e-01
178636.50	9.984e-04	-7.229e-02	-1.190e-01
178637.50	4.003e-03	1.824e-01	5.050e-04
178638.50	-2.054e-03	-2.765e-01	-5.434e-02
178639.50	4.176e-03	8.794e-02	-2.659e-01
178640.50	-3.312e-03	3.110e-01	1.373e-01
178641.50	5.568e-03	5.414e-01	1.306e-01
178642.50	4.886e-04	1.008e-02	-1.853e-02
178643.50	5.741e-04	1.210e-01	-3.120e-02
178644.50	-2.966e-03	1.690e-01	7.987e-02
178645.50	-2.688e-03	-1.334e-03	1.008e-01
178646.50	1.594e-03	2.054e-01	-8.141e-02
178647.50	-1.056e-03	2.525e-01	-5.856e-02
178648.50	-2.717e-03	-1.334e-01	1.133e-01
178649.50	-9.197e-04	7.133e-03	-7.411e-03
178650.50	1.315e-03	-1.555e-02	-1.066e-01
178651.50	-1.114e-03	2.986e-01	3.504e-02
178652.50	2.938e-03	1.459e-01	-1.267e-01
178653.50	3.302e-03	-8.986e-02	-1.872e-01
178654.50	1.862e-05	1.747e-01	9.110e-02
178655.50	3.331e-03	4.925e-01	-4.166e-03
178656.50	-1.450e-03	3.226e-02	8.726e-02
178657.50	-5.645e-03	-1.526e-01	1.210e-01
178658.50	4.608e-04	1.728e-01	3.542e-02
178659.50	-3.965e-03	-3.389e-02	3.034e-01
178660.50	4.502e-03	4.752e-02	-1.094e-01
178661.50	-3.293e-03	-1.882e-01	1.373e-01
178662.50	-3.034e-04	-9.437e-04	1.114e-01
178663.50	7.680e-03	-6.374e-02	-1.958e-01
178664.50	-3.322e-03	7.814e-02	-3.418e-02
178665.50	-7.843e-03	1.354e-01	1.603e-02
178666.50	2.198e-03	2.064e-01	-1.114e-02
178667.50	-1.037e-03	-2.294e-03	4.886e-03
178668.50	1.670e-04	-1.219e-01	9.696e-03
178669.50	-7.757e-04	7.651e-02	-8.218e-02
178670.50	-3.130e-03	2.563e-01	1.123e-01
178671.50	4.502e-03	9.475e-02	-9.446e-02
178672.50	3.379e-03	1.997e-01	6.806e-02
178673.50	4.080e-04	-2.074e-01	6.989e-02
178674.50	8.198e-03	6.336e-02	6.432e-02
178675.50	3.965e-03	2.227e-01	4.954e-02
178676.50	-5.059e-03	1.910e-01	1.229e-01
178677.50	3.936e-03	1.555e-01	-4.435e-02
178678.50	4.550e-03	-1.334e-01	-1.363e-01
178679.50	2.352e-03	-2.400e-01	-1.699e-01
178680.50	-8.150e-03	-2.832e-01	1.277e-01
178681.50	2.160e-03	1.373e-01	9.984e-02
178682.50	3.907e-03	1.488e-01	-1.805e-01
178683.50	-3.302e-03	6.749e-02	2.630e-01
178684.50	1.411e-03	1.277e-01	1.507e-02
178685.50	2.650e-03	1.757e-01	-1.190e-01
178686.50	-3.802e-03	-1.430e-01	2.966e-02
178687.50	6.557e-04	-5.040e-03	-1.296e-01
178688.50	-1.459e-03	8.467e-03	3.984e-02
178689.50	-3.446e-03	-1.056e-01	6.480e-02
178690.50	1.834e-03	2.381e-01	8.928e-02
178691.50	5.770e-03	1.152e-01	-1.363e-02
178692.50	-1.728e-03	7.075e-02	1.651e-01
178693.50	2.064e-04	4.502e-02	1.046e-01
178694.50	-5.414e-03	1.258e-01	1.882e-01
178695.50	-1.910e-03	2.246e-01	9.984e-02
178696.50	-3.686e-04	-4.570e-02	-2.006e-02
178697.50	1.507e-03	-2.275e-02	-1.200e-01
178698.50	6.778e-03	7.872e-02	-2.381e-01
178699.50	3.014e-03	9.254e-02	-1.594e-02
178700.50	-4.618e-03	-9.888e-02	-3.907e-03
178701.50	2.314e-03	2.438e-02	1.363e-01
178702.50	-8.736e-03	4.301e-02	1.277e-01
178703.50	-1.238e-03	1.488e-01	1.824e-01
178704.50	5.395e-03	7.891e-02	-1.402e-01
178705.50	4.819e-03	-4.013e-03	1.507e-02
178706.50	8.698e-04	-3.427e-03	-1.498e-01
178707.50	4.435e-03	-3.514e-03	-1.622e-01
178708.50	-7.344e-03	2.323e-01	1.661e-01
178709.50	-8.496e-03	-1.891e-01	-1.315e-01
178710.50	-5.040e-03	-1.402e-01	-4.320e-02
178711.50	-3.859e-03	7.728e-02	1.238e-01
178712.50	-2.352e-05	1.094e-02	5.990e-02
178713.50	-5.050e-04	-6.816e-02	1.642e-01
178714.50	-1.882e-03	-1.085e-01	5.357e-02
178715.50	5.299e-03	8.544e-02	-1.728e-01
178716.50	-2.122e-03	7.891e-02	8.390e-02
178717.50	1.766e-03	7.373e-02	-1.200e-01
178718.50	-4.877e-04	4.186e-02	-6.038e-02
178719.50	3.878e-03	-4.570e-02	-3.091e-02
178720.50	-5.184e-03	-2.563e-02	2.160e-01
178721.50	-1.872e-03	2.256e-02	9.235e-02
178722.50	3.898e-03	1.046e-01	-1.162e-01
178723.50	-1.978e-03	-2.870e-02	-1.920e-02
178724.50	-1.757e-03	-7.133e-02	1.152e-01
178725.50	2.851e-03	-8.851e-02	6.710e-02
178726.50	-9.379e-03	-2.093e-01	-1.258e-02
178727.50	6.710e-05	6.518e-02	8.659e-03
178728.50	6.010e-04	1.805e-01	2.774e-02
178729.50	-2.707e-03	8.371e-02	3.648e-02
178730.50	3.840e-03	-4.032e-02	-1.478e-01
178731.50	-9.274e-04	3.034e-02	3.629e-02
178732.50	-1.430e-03	-4.867e-02	1.210e-01
178733.50	3.619e-03	3.658e-02	-1.738e-01
178734.50	1.891e-03	-1.258e-01	-1.574e-01
178735.50	-3.062e-04	-1.219e-02	-3.072e-03
178736.50	1.661e-03	6.048e-02	-5.357e-02
178737.50	-2.237e-03	-6.595e-02	-3.466e-03
178738.50	-9.552e-04	1.459e-02	1.133e-01
178739.50	3.706e-03	1.066e-01	-2.669e-02
178740.50	5.770e-05	-3.398e-02	-2.899e-02
178741.50	-2.947e-03	-5.059e-03	-4.426e-03
178742.50	-3.821e-03	-9.600e-02	1.354e-01
178743.50	-1.200e-03	5.846e-02	4.944e-02
178744.50	-2.544e-03	9.984e-02	3.312e-02
178745.50	5.078e-03	4.560e-02	-7.747e-02
178746.50	-3.936e-03	-4.915e-02	6.298e-02
178747.50	-2.525e-03	6.163e-02	4.070e-02
178748.50	2.371e-04	-8.803e-02	-1.133e-01
178749.50	1.901e-03	1.997e-03	1.891e-02
178750.50	2.630e-03	-2.717e-02	-6.768e-02
178751.50	-3.715e-04	7.766e-03	-5.078e-02
178752.50	8.438e-04	-1.930e-02	-9.600e-02
178753.50	8.218e-04	6.077e-02	-4.426e-03
178754.50	-3.638e-03	9.024e-02	1.478e-01
178755.50	2.102e-03	5.184e-02	3.542e-02
178756.50	1.219e-03	-2.467e-02	-1.757e-02
178757.50	2.851e-03	-2.294e-02	-1.642e-01
178758.50	-1.478e-03	5.635e-02	-1.872e-02
178759.50	-4.579e-04	-6.960e-02	-2.314e-02
178760.50	1.392e-03	-4.752e-02	7.603e-02
178761.50	-9.984e-04	7.123e-02	9.149e-02
178762.50	3.898e-03	1.622e-01	-2.275e-01
178763.50	8.477e-04	-2.131e-02	-3.898e-02
178764.50	7.930e-04	-2.621e-02	-5.174e-02
178765.50	-1.210e-03	1.018e-02	2.995e-02
178766.50	-2.659e-03	-6.758e-02	8.938e-02
178767.50	-6.682e-04	1.008e-01	3.533e-02
178768.50	2.554e-04	-1.133e-01	-2.074e-02
178769.50	-9.696e-04	-8.237e-02	3.658e-02
178770.50	1.987e-03	4.358e-02	-3.888e-02
178771.50	-2.275e-03	-2.160e-02	6.710e-02
178772.50	-1.930e-04	-1.709e-02	-3.062e-02
178773.50	3.254e-03	1.872e-01	-2.813e-02
178774.50	4.618e-04	2.390e-02	-1.085e-02
178775.50	-1.392e-03	-1.114e-01	3.226e-02
178776.50	-2.083e-03	-1.824e-01	-2.477e-02
178777.50	-6.989e-04	1.200e-01	5.722e-02
178778.50	-3.648e-04	2.266e-02	-2.045e-02
178779.50	1.219e-03	-6.826e-02	-8.448e-02
178780.50	1.661e-03	-1.152e-02	1.142e-02
178781.50	2.573e-03	1.334e-01	1.574e-02
178782.50	2.813e-03	1.709e-01	-2.256e-02
178783.50	-1.133e-02	-4.819e-02	-2.266e-02
178784.50	-1.690e-02	-6.864e-02	8.506e-02
178785.50	-9.446e-04	6.701e-03	-3.206e-02
178786.50	1.142e-03	-7.728e-02	-3.581e-02
178787.50	-6.422e-04	6.077e-02	1.651e-01
178788.50	-1.536e-03	3.446e-02	8.218e-02
178789.50	1.997e-04	3.168e-02	-3.926e-02
178790.50	6.595e-04	1.690e-02	-1.027e-01
178791.50	3.293e-04	-7.498e-02	-4.435e-02
178792.50	4.157e-04	2.246e-03	4.771e-02
178793.50	-9.350e-04	-7.142e-02	6.547e-03
178794.50	-1.786e-03	4.406e-02	9.082e-03
178795.50	1.066e-03	9.168e-02	-8.918e-02
178796.50	4.742e-03	6.854e-02	-1.248e-02
178797.50	-5.539e-04	-1.536e-01	2.400e-02
178798.50	-1.574e-02	-8.870e-02	1.469e-01
178799.50	-5.549e-03	1.450e-01	8.995e-03
178800.50	2.026e-03	1.661e-02	-8.150e-02
178801.50	6.538e-03	7.181e-03	-1.574e-02
178802.50	3.331e-03	-1.555e-02	-3.216e-02
178803.50	6.576e-03	-3.638e-02	3.571e-02
178804.50	1.546e-03	1.786e-02	5.990e-02
178805.50	3.043e-03	7.642e-02	-6.058e-02
178806.50	-4.195e-03	1.229e-02	5.030e-02
178807.50	-2.611e-03	-8.150e-02	5.712e-02
178808.50	4.013e-03	4.416e-02	-8.314e-02
178809.50	2.054e-03	-1.795e-01	-2.419e-02
178810.50	2.832e-03	-2.026e-02	-4.858e-02
178811.50	1.238e-03	5.798e-02	5.242e-02
178812.50	-2.006e-03	-7.210e-02	3.974e-02
178813.50	-2.246e-03	-4.877e-04	-1.699e-02
178814.50	-1.296e-03	9.792e-02	1.622e-02
178815.50	4.003e-04	-5.914e-02	-8.669e-02
178816.50	2.448e-04	7.402e-02	-3.398e-02
178817.50	3.034e-03	1.939e-01	1.363e-02
178818.50	-7.622e-04	7.411e-02	4.550e-02
178819.50	-3.475e-03	1.478e-02	9.696e-02
178820.50	-2.986e-03	-6.269e-04	-4.022e-02
178821.50	4.214e-03	-1.056e-01	-1.882e-01
178822.50	-5.203e-03	8.131e-03	1.526e-01
178823.50	-1.162e-03	1.411e-02	8.698e-02
178824.50	1.786e-03	-5.702e-03	-9.456e-02
178825.50	-5.770e-04	6.250e-03	-5.462e-02
178826.50	-1.594e-03	-1.037e-01	-2.554e-02
178827.50	-2.035e-04	4.157e-02	1.594e-01
178828.50	1.747e-03	5.933e-02	-1.795e-02
178829.50	5.501e-03	7.171e-02	-2.304e-02
178830.50	-1.229e-03	-8.890e-02	-1.930e-02
178831.50	-7.421e-04	-8.707e-02	-3.754e-02
178832.50	-2.947e-04	8.429e-02	2.678e-02
178833.50	-3.389e-03	-5.923e-02	1.056e-01
178834.50	7.325e-04	6.106e-02	-2.630e-02
178835.50	9.485e-05	-6.086e-02	-6.355e-02
178836.50	3.629e-03	-7.200e-03	4.166e-02
178837.50	7.594e-03	2.035e-01	4.723e-02
178838.50	1.181e-02	2.160e-02	-6.912e-02
178839.50	3.523e-03	3.139e-02	3.149e-02
178840.50	5.126e-03	-2.659e-02	-1.277e-01
178841.50	-2.621e-02	-1.853e-01	7.603e-02
178842.50	-9.984e-04	4.483e-02	-8.486e-03
178843.50	1.142e-03	4.310e-02	-4.445e-02
178844.50	4.253e-03	7.555e-02	-9.293e-02
178845.50	-1.267e-03	-7.421e-02	2.381e-02
178846.50	-2.256e-03	-7.142e-03	-3.840e-02
178847.50	5.434e-04	-1.517e-02	1.507e-02
178848.50	-8.035e-04	-5.827e-02	3.926e-03
178849.50	-1.478e-03	3.792e-02	4.810e-02
178850.50	8.054e-04	-4.915e-03	-5.741e-02
178851.50	1.728e-04	9.792e-02	4.013e-02
178852.50	1.411e-03	-2.851e-02	-2.294e-02
178853.50	-1.286e-03	-3.850e-04	-2.582e-02
178854.50	2.390e-04	-1.776e-02	-1.037e-02
178855.50	-2.842e-03	2.698e-02	3.235e-02
178856.50	1.114e-03	-4.243e-02	8.861e-03
178857.50	2.352e-03	5.914e-03	-2.842e-02
178858.50	-3.610e-04	1.613e-02	1.142e-02
178859.50	-3.446e-04	-3.936e-02	-1.613e-02
178860.50	-6.595e-04	7.421e-03	8.515e-02
178861.50	6.970e-04	5.616e-02	1.622e-03
178862.50	2.938e-04	4.166e-02	-2.304e-03
178863.50	-1.834e-03	-4.790e-02	3.370e-03
178864.50	-9.792e-04	-7.037e-03	-8.246e-02
178865.50	-7.834e-03	5.386e-02	3.523e-02
178866.50	2.246e-03	-1.219e-01	-3.408e-02
178867.50	2.045e-03	-4.915e-02	-9.408e-02
178868.50	1.229e-03	-3.869e-02	3.802e-03
178869.50	-2.035e-02	-1.344e-02	1.430e-01
178870.50	-2.534e-03	-3.226e-02	4.397e-02
178871.50	-2.419e-03	-4.291e-02	5.088e-02
178872.50	2.726e-03	1.075e-02	-1.997e-02
178873.50	1.930e-03	-5.894e-02	-4.445e-02
178874.50	-4.512e-04	1.229e-02	9.466e-04
178875.50	1.872e-04	-4.157e-03	7.421e-03
178876.50	7.738e-04	-2.717e-02	2.621e-03
178877.50	-1.613e-03	2.227e-02	5.664e-02
178878.50	6.038e-04	-8.659e-03	3.974e-03
178879.50	-1.834e-03	3.341e-02	2.189e-02
178880.50	5.347e-03	2.362e-02	-8.112e-02
178881.50	3.062e-03	3.178e-02	-3.590e-02
178882.50	-9.149e-04	-4.022e-02	1.085e-02
178883.50	-4.387e-03	1.824e-02	-5.875e-02
178884.50	-1.814e-03	5.069e-03	5.539e-02
178885.50	-4.320e-03	-1.536e-02	1.373e-01
178886.50	-8.650e-04	2.342e-02	1.795e-02
178887.50	1.114e-03	3.408e-02	2.458e-02
178888.50	-8.717e-04	3.782e-02	2.486e-02
178889.50	-8.026e-04	2.899e-02	3.024e-02
178890.50	3.139e-04	4.742e-02	8.592e-04
178891.50	1.670e-03	-2.390e-02	-1.642e-02
178892.50	2.698e-03	7.142e-02	-7.248e-02
178893.50	-1.930e-03	-3.514e-02	1.238e-02
178894.50	2.102e-03	-1.536e-02	-3.149e-02
178895.50	2.189e-04	-7.795e-03	1.834e-03
178896.50	-6.067e-04	7.190e-03	6.115e-03
178897.50	-2.410e-03	-2.448e-03	6.278e-02
178898.50	2.227e-04	2.707e-02	4.406e-02
178899.50	9.053e-04	3.715e-02	-5.251e-03
178900.50	3.350e-03	-5.846e-03	-2.611e-02
178901.50	3.485e-03	3.360e-02	1.402e-02
178902.50	1.603e-02	-6.154e-02	-1.152e-01
178903.50	1.296e-04	-6.576e-03	-6.019e-02
178904.50	-3.821e-05	1.152e-02	-6.979e-02
178905.50	1.430e-03	-2.966e-02	-9.053e-04
178906.50	2.640e-03	1.306e-02	3.062e-02
178907.50	-1.699e-03	7.344e-02	2.246e-02
178908.50	-2.477e-03	4.570e-02	5.242e-02
178909.50	-2.659e-04	4.272e-02	2.160e-02
178910.50	-6.240e-04	-8.890e-02	4.618e-03
178911.50	6.298e-02	6.768e-02	-6.864e-03
178912.50	1.296e-01	2.842e-01	3.965e-02
178913.50	-4.205e-03	1.728e-02	-1.114e-02
178914.50	2.726e-04	5.434e-02	-3.408e-02
178915.50	1.642e-03	1.123e-01	5.021e-02
178916.50	-2.707e-03	-1.085e-02	-4.157e-03
178917.50	-3.427e-02	-4.426e-02	-6.432e-02
178918.50	-3.101e-03	-4.320e-02	-3.398e-02
178919.50	2.122e-03	-1.219e-02	-4.291e-02
178920.50	2.342e-04	-1.690e-03	1.363e-02
178921.50	-4.416e-04	-1.709e-02	-4.032e-03
178922.50	-2.592e-03	-8.602e-02	-5.117e-02
178923.50	-2.544e-03	-3.898e-02	1.162e-02
178924.50	3.187e-03	-4.224e-02	2.429e-02
178925.50	-2.323e-03	-5.520e-02	-1.306e-02
178926.50	2.573e-03	3.821e-02	-4.637e-02
178927.50	3.005e-03	-4.118e-02	-2.362e-02
178928.50	-2.026e-03	-4.109e-02	4.013e-02
178929.50	-1.123e-02	2.131e-02	-2.602e-02
178930.50	-1.478e-02	-9.504e-02	-3.197e-02
178931.50	1.469e-03	2.285e-02	1.162e-03
178932.50	-7.862e-04	2.554e-02	4.858e-02
178933.50	1.258e-03	2.477e-02	-4.742e-02
178934.50	-1.142e-03	1.190e-02	3.715e-04
178935.50	-5.462e-03	3.821e-02	-1.920e-02
178936.50	-3.370e-03	-1.258e-02	-4.099e-02
178937.50	3.744e-04	3.082e-02	2.294e-02
178938.50	-1.181e-03	-1.306e-02	1.958e-02
178939.50	-2.774e-04	3.158e-02	1.027e-01
178940.50	-9.350e-02	-1.574e-01	-1.373e-01
178941.50	-1.325e-02	-4.291e-02	-1.334e-02
178942.50	1.891e-03	2.256e-02	-1.834e-02
178943.50	-1.219e-03	-3.466e-02	-3.187e-02
178944.50	-2.573e-03	-6.893e-02	2.506e-02
178945.50	-1.075e-02	-6.701e-02	3.197e-01
178946.50	-1.277e-03	2.227e-02	4.070e-03
178947.50	-3.485e-04	-1.718e-04	-6.413e-02
178948.50	-1.094e-04	2.976e-02	-2.880e-02
178949.50	9.370e-04	1.642e-02	4.819e-02
178950.50	9.475e-04	-8.208e-03	1.574e-02
178951.50	-9.600e-04	-2.640e-02	1.440e-02
178952.50	1.459e-03	1.824e-02	-6.634e-02
178953.50	-6.470e-04	-3.350e-03	2.218e-02
178954.50	1.056e-04	-2.083e-02	-1.546e-02
178955.50	4.195e-03	3.360e-02	-4.387e-02
178956.50	-4.320e-04	-1.133e-02	9.043e-03
178957.50	3.331e-04	9.984e-03	3.254e-02
178958.50	9.475e-04	-2.054e-02	8.102e-03
