178360.50	0.000e+00	0.000e+00	0.000e+00
178361.50	0.000e+00	0.000e+00	0.000e+00
178362.50	0.000e+00	0.000e+00	0.000e+00
178363.50	0.000e+00	0.000e+00	0.000e+00
178364.50	0.000e+00	0.000e+00	0.000e+00
178365.50	0.000e+00	0.000e+00	0.000e+00
178366.50	0.000e+00	0.000e+00	0.000e+00
178367.50	0.000e+00	0.000e+00	0.000e+00
178368.50	0.000e+00	0.000e+00	0.000e+00
178369.50	0.000e+00	0.000e+00	0.000e+00
178370.50	0.000e+00	0.000e+00	0.000e+00
178371.50	0.000e+00	0.000e+00	0.000e+00
178372.50	0.000e+00	0.000e+00	0.000e+00
178373.50	0.000e+00	0.000e+00	0.000e+00
178374.50	0.000e+00	0.000e+00	0.000e+00
178375.50	0.000e+00	0.000e+00	0.000e+00
178376.50	0.000e+00	0.000e+00	0.000e+00
178377.50	0.000e+00	0.000e+00	0.000e+00
178378.50	0.000e+00	0.000e+00	0.000e+00
178379.50	0.000e+00	0.000e+00	0.000e+00
178380.50	0.000e+00	0.000e+00	0.000e+00
178381.50	0.000e+00	0.000e+00	0.000e+00
178382.50	0.000e+00	0.000e+00	0.000e+00
178383.50	0.000e+00	0.000e+00	0.000e+00
178384.50	0.000e+00	0.000e+00	0.000e+00
178385.50	0.000e+00	0.000e+00	0.000e+00
178386.50	0.000e+00	0.000e+00	0.000e+00
178387.50	0.000e+00	0.000e+00	0.000e+00
178388.50	0.000e+00	0.000e+00	0.000e+00
178389.50	0.000e+00	0.000e+00	0.000e+00
178390.50	0.000e+00	0.000e+00	0.000e+00
178391.50	0.000e+00	0.000e+00	0.000e+00
178392.50	0.000e+00	0.000e+00	0.000e+00
178393.50	0.000e+00	0.000e+00	0.000e+00
178394.50	0.000e+00	0.000e+00	0.000e+00
178395.50	0.000e+00	0.000e+00	0.000e+00
178396.50	0.000e+00	0.000e+00	0.000e+00
178397.50	0.000e+00	0.000e+00	0.000e+00
178398.50	0.000e+00	0.000e+00	0.000e+00
178399.50	0.000e+00	0.000e+00	0.000e+00
178400.50	0.000e+00	0.000e+00	0.000e+00
178401.50	0.000e+00	0.000e+00	0.000e+00
178402.50	0.000e+00	0.000e+00	0.000e+00
178403.50	0.000e+00	0.000e+00	0.000e+00
178404.50	0.000e+00	0.000e+00	0.000e+00
178405.50	0.000e+00	0.000e+00	0.000e+00
178406.50	0.000e+00	0.000e+00	0.000e+00
178407.50	0.000e+00	0.000e+00	0.000e+00
178408.50	0.000e+00	0.000e+00	0.000e+00
178409.50	0.000e+00	0.000e+00	0.000e+00
178410.50	0.000e+00	0.000e+00	0.000e+00
178411.50	0.000e+00	0.000e+00	0.000e+00
178412.50	0.000e+00	0.000e+00	0.000e+00
178413.50	0.000e+00	0.000e+00	0.000e+00
178414.50	0.000e+00	0.000e+00	0.000e+00
178415.50	0.000e+00	0.000e+00	0.000e+00
178416.50	0.000e+00	0.000e+00	0.000e+00
178417.50	0.000e+00	0.000e+00	0.000e+00
178418.50	0.000e+00	0.000e+00	0.000e+00
178419.50	0.000e+00	0.000e+00	0.000e+00
178420.50	0.000e+00	0.000e+00	0.000e+00
178421.50	0.000e+00	0.000e+00	0.000e+00
178422.50	0.000e+00	0.000e+00	0.000e+00
178423.50	0.000e+00	0.000e+00	0.000e+00
178424.50	0.000e+00	0.000e+00	0.000e+00
178425.50	0.000e+00	0.000e+00	0.000e+00
178426.50	0.000e+00	0.000e+00	0.000e+00
178427.50	0.000e+00	0.000e+00	0.000e+00
178428.50	0.000e+00	0.000e+00	0.000e+00
178429.50	0.000e+00	0.000e+00	0.000e+00
178430.50	0.000e+00	0.000e+00	0.000e+00
178431.50	0.000e+00	0.000e+00	0.000e+00
178432.50	0.000e+00	0.000e+00	0.000e+00
178433.50	0.000e+00	0.000e+00	0.000e+00
178434.50	0.000e+00	0.000e+00	0.000e+00
178435.50	0.000e+00	0.000e+00	0.000e+00
178436.50	0.000e+00	0.000e+00	0.000e+00
178437.50	0.000e+00	0.000e+00	0.000e+00
178438.50	0.000e+00	0.000e+00	0.000e+00
178439.50	0.000e+00	0.000e+00	0.000e+00
178440.50	0.000e+00	0.000e+00	0.000e+00
178441.50	0.000e+00	0.000e+00	0.000e+00
178442.50	0.000e+00	0.000e+00	0.000e+00
178443.50	0.000e+00	0.000e+00	0.000e+00
178444.50	0.000e+00	0.000e+00	0.000e+00
178445.50	0.000e+00	0.000e+00	0.000e+00
178446.50	0.000e+00	0.000e+00	0.000e+00
178447.50	0.000e+00	0.000e+00	0.000e+00
178448.50	0.000e+00	0.000e+00	0.000e+00
178449.50	0.000e+00	0.000e+00	0.000e+00
178450.50	0.000e+00	0.000e+00	0.000e+00
178451.50	0.000e+00	0.000e+00	0.000e+00
178452.50	0.000e+00	0.000e+00	0.000e+00
178453.50	0.000e+00	0.000e+00	0.000e+00
178454.50	0.000e+00	0.000e+00	0.000e+00
178455.50	0.000e+00	0.000e+00	0.000e+00
178456.50	0.000e+00	0.000e+00	0.000e+00
178457.50	0.000e+00	0.000e+00	0.000e+00
178458.50	0.000e+00	0.000e+00	0.000e+00
178459.50	0.000e+00	0.000e+00	0.000e+00
178460.50	0.000e+00	0.000e+00	0.000e+00
178461.50	0.000e+00	0.000e+00	0.000e+00
178462.50	0.000e+00	0.000e+00	0.000e+00
178463.50	0.000e+00	0.000e+00	0.000e+00
178464.50	3.523e-05	5.808e-04	-6.912e-03
178465.50	-2.659e-04	1.267e-02	-3.149e-03
178466.50	5.424e-05	-1.210e-03	1.315e-02
178467.50	1.133e-04	1.565e-03	-2.266e-03
178468.50	3.869e-05	-5.347e-03	2.890e-03
178469.50	2.333e-04	9.226e-03	-2.448e-03
178470.50	-7.229e-05	-1.085e-02	5.923e-03
178471.50	-5.770e-04	-5.702e-02	2.746e-02
178472.50	8.237e-04	3.091e-02	-3.936e-02
178473.50	-2.304e-04	2.822e-02	-5.837e-04
178474.50	1.315e-04	-3.590e-03	-2.390e-03
178475.50	2.534e-04	9.792e-03	-9.792e-03
178476.50	-9.216e-04	1.814e-02	4.406e-02
178477.50	3.821e-04	-4.214e-02	-4.109e-02
178478.50	1.123e-04	-8.755e-03	3.341e-03
178479.50	9.888e-04	4.013e-02	1.997e-03
178480.50	-2.170e-03	-3.187e-01	5.213e-03
178481.50	-2.486e-03	2.410e-01	2.304e-01
178482.50	-2.918e-04	9.350e-03	1.152e-01
178483.50	2.928e-03	5.587e-02	-2.563e-01
178484.50	-5.731e-04	-5.606e-02	7.651e-02
178485.50	4.310e-03	9.110e-02	-1.133e-01
178486.50	3.005e-03	-2.438e-01	-9.888e-02
178487.50	-3.091e-03	-7.690e-01	1.488e-01
178488.50	-4.493e-03	-5.962e-01	2.429e-01
178489.50	-3.994e-03	-3.110e+00	-9.245e-02
178490.50	-1.930e-02	-1.229e+01	7.066e-01
178491.50	-5.702e-02	-3.638e+01	-1.910e+00
178492.50	-2.054e-01	-8.947e+01	1.267e-01
178493.50	-3.302e-01	-1.824e+02	-3.965e+00
178494.50	-6.346e-01	-3.082e+02	1.872e+00
178495.50	-4.435e-01	-2.179e+02	4.032e+00
178496.50	-5.645e-01	-3.350e+02	-4.205e+00
178497.50	-3.062e-01	-1.968e+02	-4.339e-01
178498.50	1.344e-01	1.555e-01	-6.470e+00
178499.50	1.728e-01	8.986e+01	4.675e+00
178500.50	3.091e-01	1.152e+02	-4.426e+00
178501.50	1.968e-01	1.066e+02	3.350e+00
178502.50	2.333e-01	9.370e+01	-3.302e+00
178503.50	1.978e-01	7.920e+01	-3.043e+00
178504.50	1.354e-01	7.123e+01	1.085e+00
178505.50	7.267e-02	6.470e+01	4.742e+00
178506.50	9.302e-02	5.155e+01	5.981e-01
178507.50	1.114e-01	5.059e+01	-1.046e+00
178508.50	1.066e-01	4.829e+01	-3.168e+00
178509.50	8.765e-02	4.099e+01	-1.546e+00
178510.50	9.600e-02	4.099e+01	-1.411e+00
178511.50	4.349e-02	3.206e+01	1.488e+00
178512.50	4.272e-02	3.235e+01	1.104e+00
178513.50	5.242e-02	2.842e+01	-1.718e-01
178514.50	4.445e-02	2.669e+01	3.888e-01
178515.50	7.766e-03	2.582e+01	3.744e+00
178516.50	3.821e-02	2.333e+01	9.024e-01
178517.50	3.926e-02	1.891e+01	-9.408e-01
178518.50	3.667e-02	1.699e+01	-6.432e-01
178519.50	2.861e-02	1.728e+01	-5.050e-01
178520.50	2.227e-02	1.594e+01	3.139e-01
178521.50	1.373e-02	1.603e+01	9.504e-01
178522.50	1.690e-02	1.450e+01	8.035e-01
178523.50	2.294e-02	1.536e+01	3.322e-01
178524.50	1.152e-02	1.555e+01	8.352e-01
178525.50	1.046e-02	1.171e+01	1.229e-01
178526.50	4.301e-02	1.306e+01	-2.294e+00
178527.50	1.987e-02	9.696e+00	-5.875e-01
178528.50	1.939e-02	9.542e+00	-2.765e-01
178529.50	1.699e-02	8.995e+00	-3.907e-01
178530.50	-8.717e-03	9.696e+00	2.131e+00
178531.50	2.054e-02	7.171e+00	2.429e-01
178532.50	1.306e-02	8.006e+00	8.918e-02
178533.50	5.462e-03	7.507e+00	2.026e-01
178534.50	8.813e-03	7.325e+00	6.624e-01
178535.50	-4.694e-03	6.854e+00	1.488e+00
178536.50	1.718e-02	6.394e+00	-7.190e-01
178537.50	1.258e-02	4.752e+00	-4.925e-01
178538.50	-1.075e-02	6.182e+00	1.517e+00
178539.50	-7.008e-03	5.702e+00	1.430e+00
178540.50	6.979e-03	5.098e+00	-3.629e-01
178541.50	7.027e-03	3.475e+00	1.517e-01
178542.50	7.843e-03	3.773e+00	1.325e-01
178543.50	3.130e-03	4.224e+00	-1.277e-01
178544.50	1.190e-04	3.907e+00	-2.035e-01
178545.50	5.165e-03	4.051e+00	3.754e-01
178546.50	1.325e-02	4.877e+00	-5.146e-01
178547.50	-2.525e-03	3.206e+00	3.437e-01
178548.50	3.024e-03	2.976e+00	4.531e-01
178549.50	5.366e-03	3.062e+00	2.534e-01
178550.50	2.554e-02	2.362e+00	-1.075e-01
178551.50	3.427e-02	2.707e+00	-3.542e-02
178552.50	-3.974e-03	3.744e+00	7.085e-01
178553.50	2.582e-03	2.554e+00	-2.822e-01
178554.50	-5.021e-03	2.832e+00	3.658e-01
178555.50	1.085e-02	2.141e+00	-3.696e-01
178556.50	-6.211e-03	1.824e+00	2.323e-01
178557.50	3.725e-03	1.632e+00	-4.224e-01
178558.50	-2.208e-03	1.843e+00	3.821e-01
178559.50	3.370e-03	1.853e+00	-6.547e-02
178560.50	4.061e-03	2.314e+00	-9.696e-02
178561.50	-5.549e-03	2.131e+00	4.608e-01
178562.50	3.139e-03	1.920e+00	-4.714e-02
178563.50	1.978e-03	6.134e-01	-3.341e-01
178564.50	5.654e-03	1.306e+00	-4.915e-01
178565.50	6.634e-03	1.325e+00	-2.630e-02
178566.50	-8.755e-03	1.258e+00	2.822e-01
178567.50	5.194e-03	1.344e+00	-3.091e-01
178568.50	2.102e-04	1.526e+00	1.584e-01
178569.50	4.733e-04	1.718e+00	2.285e-01
178570.50	8.832e-03	8.726e-01	-5.376e-01
178571.50	5.030e-03	6.778e-01	-8.477e-02
178572.50	-6.173e-03	7.171e-01	3.514e-01
178573.50	6.451e-03	8.294e-01	-1.910e-01
178574.50	-4.598e-03	8.390e-01	5.040e-02
178575.50	3.149e-03	1.334e+00	2.938e-01
178576.50	-2.592e-03	8.765e-01	4.320e-01
178577.50	6.998e-04	1.258e+00	3.715e-01
178578.50	1.930e-03	4.541e-01	-1.344e-01
178579.50	-1.862e-03	5.952e-01	-4.454e-02
178580.50	-5.981e-04	1.181e+00	-2.918e-01
178581.50	-1.632e-05	4.579e-01	2.630e-01
178582.50	6.106e-03	5.741e-01	-2.832e-03
178583.50	7.690e-04	6.883e-01	-5.347e-02
178584.50	7.795e-04	3.197e-01	-3.533e-01
178585.50	3.235e-03	3.994e-01	-3.293e-03
178586.50	-2.688e-03	5.712e-01	1.478e-01
178587.50	1.642e-04	6.826e-01	-2.861e-01
178588.50	-4.013e-04	5.482e-01	-8.045e-02
178589.50	-9.302e-03	7.882e-01	8.218e-01
178590.50	5.626e-03	1.018e+00	-1.478e-01
178591.50	1.210e-03	4.944e-01	-9.571e-02
178592.50	4.781e-03	1.056e-01	-2.458e-01
178593.50	-1.325e-04	7.776e-01	-1.104e-01
178594.50	-6.259e-03	2.717e-02	4.627e-01
178595.50	9.504e-04	3.638e-01	1.805e-01
178596.50	5.770e-03	6.365e-01	-3.494e-01
178597.50	2.458e-03	-1.469e-01	-2.832e-01
178598.50	-1.603e-03	3.427e-01	1.661e-01
178599.50	4.502e-03	4.483e-01	3.600e-02
178600.50	3.706e-03	3.283e-01	-7.286e-02
178601.50	9.120e-04	3.014e-01	-1.747e-01
178602.50	1.766e-03	8.323e-01	3.034e-02
178603.50	-2.611e-04	8.861e-02	-3.072e-01
178604.50	6.134e-03	3.830e-01	-1.930e-02
178605.50	3.158e-03	1.123e-01	-7.910e-02
178606.50	-6.240e-04	2.986e-01	-1.027e-01
178607.50	-1.306e-03	3.389e-01	-4.243e-02
178608.50	-3.293e-03	2.486e-01	4.646e-01
178609.50	-8.256e-04	3.245e-01	-3.120e-02
178610.50	-1.027e-03	2.803e-01	3.341e-01
178611.50	-4.042e-03	9.485e-02	7.728e-02
178612.50	5.558e-03	1.334e-01	-3.744e-01
178613.50	8.765e-03	-2.726e-01	-1.200e-01
178614.50	6.432e-04	9.792e-02	4.253e-02
178615.50	1.248e-03	3.888e-01	-2.016e-01
178616.50	2.477e-03	4.829e-01	1.718e-01
178617.50	1.171e-04	3.600e-01	1.411e-01
178618.50	-4.646e-03	4.627e-01	3.168e-01
178619.50	-1.680e-03	9.696e-02	2.218e-01
178620.50	1.910e-03	-1.286e-01	-2.400e-01
178621.50	3.955e-03	1.277e-01	-3.590e-01
178622.50	2.045e-03	4.714e-01	-1.008e-01
178623.50	-2.640e-04	3.053e-01	9.072e-02
178624.50	5.376e-03	1.037e-01	-7.334e-02
178625.50	-2.928e-03	7.075e-02	1.094e-01
178626.50	-6.403e-03	-1.018e-02	3.523e-01
178627.50	-3.821e-03	1.229e-01	2.966e-01
178628.50	3.763e-04	5.030e-02	1.930e-01
178629.50	2.285e-02	9.168e-02	-1.795e-01
178630.50	3.322e-03	6.086e-01	-8.102e-02
178631.50	-3.917e-03	2.899e-02	1.123e-01
178632.50	2.438e-03	1.382e-02	-2.419e-01
178633.50	3.629e-03	7.613e-03	-2.390e-01
178634.50	1.248e-02	2.870e-01	2.304e-01
178635.50	-1.133e-02	1.930e-01	7.613e-02
178636.50	1.920e-03	-7.853e-02	-1.450e-01
178637.50	-8.918e-03	-7.344e-02	2.755e-01
178638.50	1.920e-02	-2.150e-02	-2.179e-01
178639.50	2.621e-02	5.875e-02	-7.690e-02
178640.50	3.686e-03	1.853e-01	-1.450e-01
178641.50	2.995e-03	1.498e-01	-6.528e-02
178642.50	1.738e-02	1.046e-01	-3.082e-01
178643.50	-8.506e-03	7.997e-02	-5.424e-02
178644.50	-2.726e-02	3.293e-01	-3.542e-02
178645.50	-4.685e-04	1.747e-01	1.229e-01
178646.50	8.304e-04	1.027e-01	5.779e-02
178647.50	-4.138e-02	-4.541e-01	2.448e-01
178648.50	-6.768e-02	6.912e-02	2.506e-01
178649.50	-2.390e-02	3.101e-01	1.565e-01
178650.50	-1.766e-02	-4.493e-02	-4.349e-03
178651.50	2.832e-03	2.150e-02	-4.454e-02
178652.50	-1.229e-03	1.670e-01	8.938e-02
178653.50	-1.277e-03	2.016e-01	1.891e-01
178654.50	3.590e-04	7.200e-02	3.341e-02
178655.50	2.429e-03	6.720e-02	-5.117e-02
178656.50	1.190e-03	-2.304e-02	-2.554e-01
178657.50	3.581e-03	-1.555e-02	5.635e-02
178658.50	-7.373e-03	1.094e-01	1.229e-01
178659.50	-1.728e-04	1.594e-02	-1.325e-01
178660.50	1.296e-03	9.034e-02	1.133e-02
178661.50	-2.064e-04	7.459e-02	-6.144e-02
178662.50	-1.766e-03	1.853e-01	-1.037e-01
178663.50	-4.090e-03	6.413e-02	3.427e-02
178664.50	-5.040e-03	-3.178e-01	-3.869e-02
178665.50	9.312e-04	-4.224e-02	1.037e-02
178666.50	1.728e-02	1.987e-01	6.480e-03
178667.50	-4.522e-03	1.018e-01	1.277e-01
178668.50	-6.096e-04	-1.882e-01	-8.285e-02
178669.50	5.136e-03	1.104e-01	6.922e-03
178670.50	2.582e-03	2.323e-01	-3.725e-02
178671.50	6.787e-04	1.747e-01	1.219e-01
178672.50	2.794e-03	-7.421e-02	-1.680e-01
178673.50	2.141e-03	2.899e-02	1.181e-02
178674.50	-8.179e-03	1.459e-01	-2.285e-02
178675.50	-6.595e-03	-6.826e-02	3.254e-01
178676.50	9.888e-04	-2.870e-02	1.200e-01
178677.50	4.656e-03	3.408e-01	1.200e-02
178678.50	-4.464e-03	2.131e-01	2.093e-01
178679.50	-4.339e-03	-6.461e-02	1.114e-01
178680.50	1.795e-03	2.189e-01	-1.824e-01
178681.50	-7.910e-04	8.371e-02	8.246e-02
178682.50	3.686e-04	-1.584e-01	1.930e-02
178683.50	-2.755e-03	-1.258e-01	9.101e-02
178684.50	1.939e-03	-9.792e-02	1.363e-02
178685.50	1.238e-03	-4.474e-02	-4.982e-04
178686.50	-1.478e-03	2.266e-01	-4.234e-02
178687.50	-2.842e-04	1.094e-01	-2.179e-02
178688.50	2.170e-03	6.720e-02	-1.392e-01
178689.50	2.506e-04	-1.104e-03	-7.114e-02
178690.50	-3.254e-03	1.603e-01	5.971e-02
178691.50	-2.659e-03	3.082e-02	1.882e-01
178692.50	-3.782e-04	5.424e-02	-3.062e-02
178693.50	-2.342e-03	5.002e-02	1.027e-01
178694.50	6.096e-04	4.637e-02	1.718e-01
178695.50	4.934e-03	2.554e-02	1.805e-01
178696.50	4.790e-03	1.546e-03	-8.851e-02
178697.50	4.694e-03	-7.526e-02	-1.882e-01
178698.50	-5.222e-03	3.331e-03	-5.664e-02
178699.50	-9.600e-03	-2.256e-01	1.757e-02
178700.50	1.795e-03	2.563e-01	-1.382e-02
178701.50	3.110e-03	3.773e-02	-1.603e-01
178702.50	-1.987e-04	2.746e-02	9.398e-02
178703.50	3.811e-04	-2.602e-02	-1.354e-02
178704.50	-1.200e-02	1.094e-01	-1.795e-01
178705.50	-1.402e-02	-2.189e-01	-5.712e-03
178706.50	-1.536e-03	1.018e-01	1.200e-01
178707.50	-1.757e-03	-4.618e-02	1.219e-01
178708.50	2.544e-05	1.459e-02	-1.286e-01
178709.50	-2.986e-04	-5.011e-02	8.362e-02
178710.50	-2.928e-04	-4.378e-02	2.026e-02
178711.50	-7.776e-05	7.325e-02	9.792e-02
178712.50	-1.814e-03	1.440e-01	-1.277e-02
178713.50	-3.110e-03	-3.005e-02	1.085e-01
178714.50	-1.094e-03	3.408e-03	-6.374e-02
178715.50	-2.256e-03	6.518e-02	9.792e-02
178716.50	1.354e-03	7.853e-02	-1.776e-01
178717.50	9.792e-04	4.733e-02	-3.514e-02
178718.50	1.181e-03	-1.248e-01	-8.381e-02
178719.50	-1.229e-03	1.642e-02	-1.075e-02
178720.50	-6.643e-04	-1.248e-01	-3.024e-02
178721.50	8.659e-04	-4.358e-02	8.678e-02
178722.50	1.824e-04	9.091e-02	4.464e-02
178723.50	1.555e-04	-4.742e-02	1.622e-02
178724.50	-2.899e-04	1.027e-01	-2.266e-02
178725.50	-1.248e-03	-1.114e-01	-5.923e-02
178726.50	-5.050e-04	-6.576e-02	7.094e-02
178727.50	-3.494e-03	1.027e-01	4.915e-02
178728.50	-1.459e-03	-1.171e-02	1.190e-01
178729.50	4.243e-03	1.306e-02	-1.853e-01
178730.50	1.507e-03	6.960e-02	-1.421e-01
178731.50	1.238e-03	4.070e-02	1.152e-02
178732.50	-1.411e-03	-8.851e-02	1.680e-01
178733.50	-9.533e-05	-5.808e-02	-6.691e-04
178734.50	3.149e-03	-1.066e-01	-1.133e-01
178735.50	-2.074e-03	6.067e-02	1.440e-01
178736.50	1.507e-03	1.402e-01	-1.574e-02
178737.50	6.874e-04	-8.534e-02	-6.086e-02
178738.50	-2.851e-04	8.429e-03	3.600e-02
178739.50	2.986e-03	-1.622e-01	-1.642e-01
178740.50	-1.939e-03	-1.450e-02	-7.738e-02
178741.50	-3.994e-03	6.432e-02	1.008e-01
178742.50	-1.613e-03	9.792e-02	3.696e-02
178743.50	-4.675e-04	-2.131e-02	-1.670e-02
178744.50	-5.693e-04	2.342e-02	-9.034e-02
178745.50	-7.190e-04	4.560e-02	5.434e-02
178746.50	2.352e-03	1.085e-01	-1.632e-01
178747.50	-2.813e-04	-1.354e-02	3.696e-02
178748.50	2.726e-03	1.488e-01	1.200e-01
178749.50	3.571e-03	5.875e-02	-1.008e-01
178750.50	-6.317e-04	-9.792e-02	-8.957e-02
178751.50	-1.334e-03	2.582e-03	1.574e-02
178752.50	6.518e-04	-5.587e-02	3.158e-02
178753.50	-4.042e-03	-8.218e-03	1.459e-01
178754.50	-8.074e-04	-4.531e-02	-4.550e-02
178755.50	2.026e-04	-1.795e-01	5.789e-03
178756.50	3.571e-03	-1.747e-02	-9.446e-02
178757.50	-7.594e-04	2.131e-03	1.488e-02
178758.50	-8.294e-04	9.600e-02	-7.027e-02
178759.50	-6.384e-04	1.325e-01	8.899e-02
178760.50	-4.032e-04	6.614e-02	-4.474e-02
178761.50	2.746e-03	-9.274e-02	-2.477e-02
178762.50	2.986e-03	-7.392e-02	-5.712e-02
178763.50	-3.130e-03	5.069e-02	-6.288e-02
178764.50	-1.939e-03	1.286e-01	1.286e-01
178765.50	8.035e-04	6.134e-02	5.568e-02
178766.50	5.530e-04	-1.334e-01	2.640e-02
178767.50	1.766e-03	-4.963e-02	-1.094e-01
178768.50	-1.402e-03	7.680e-02	-4.339e-02
178769.50	-3.053e-04	2.179e-02	1.488e-01
178770.50	-3.197e-03	-2.842e-03	-5.702e-03
178771.50	-1.200e-04	2.371e-02	-4.330e-02
178772.50	6.566e-03	9.514e-02	-3.830e-02
178773.50	-3.245e-03	7.229e-02	-2.918e-03
178774.50	-1.450e-04	-3.120e-03	1.046e-01
178775.50	1.661e-04	-1.258e-02	-1.574e-01
178776.50	2.189e-03	-9.034e-02	7.018e-02
178777.50	-6.336e-03	-7.910e-02	7.949e-02
178778.50	-3.850e-03	2.842e-02	7.738e-02
178779.50	2.246e-03	9.600e-02	-1.622e-03
178780.50	-1.728e-03	-3.898e-02	4.982e-02
178781.50	1.728e-03	-9.130e-03	-7.200e-02
178782.50	1.574e-03	-5.443e-02	2.141e-02
178783.50	-2.083e-03	-1.642e-02	-2.890e-02
178784.50	1.546e-03	-2.227e-02	-2.842e-02
178785.50	4.973e-03	1.229e-01	-8.074e-02
178786.50	-1.402e-03	1.210e-01	5.539e-02
178787.50	-1.190e-03	-2.890e-02	-5.578e-03
178788.50	-1.882e-03	5.117e-02	3.878e-02
178789.50	1.498e-03	-3.168e-02	-6.941e-02
178790.50	6.739e-03	-8.947e-02	-1.469e-01
178791.50	6.970e-04	-5.309e-02	-1.469e-02
178792.50	-6.922e-03	2.755e-02	1.574e-01
178793.50	-1.027e-03	-2.333e-02	5.914e-02
178794.50	1.997e-03	4.618e-02	-5.645e-02
178795.50	2.707e-03	4.675e-02	-1.440e-02
178796.50	2.554e-03	-1.229e-01	-2.592e-02
178797.50	-4.291e-03	1.440e-02	6.134e-02
178798.50	-4.118e-03	-1.853e-02	-1.133e-02
178799.50	5.578e-03	-4.291e-02	-9.571e-02
178800.50	7.834e-04	1.603e-02	8.870e-02
178801.50	2.861e-04	5.366e-02	-2.573e-02
178802.50	-1.373e-03	-5.030e-04	4.877e-03
178803.50	-9.600e-04	1.334e-01	2.256e-02
178804.50	-3.168e-03	5.731e-02	6.845e-02
178805.50	2.813e-04	-6.797e-02	2.352e-02
178806.50	9.254e-04	1.027e-01	-4.032e-02
178807.50	-1.718e-04	4.042e-02	1.920e-02
178808.50	-1.699e-03	1.267e-02	9.984e-02
178809.50	3.840e-03	7.555e-02	-1.459e-02
178810.50	-3.370e-04	-5.664e-02	-5.549e-02
178811.50	-1.632e-03	-7.526e-02	3.005e-02
178812.50	4.963e-05	-3.437e-02	-9.360e-02
178813.50	6.509e-04	8.141e-02	-5.088e-02
178814.50	-4.109e-04	2.189e-02	5.453e-02
178815.50	-9.696e-04	2.102e-02	4.224e-02
178816.50	3.216e-03	-5.789e-02	4.963e-02
178817.50	-2.102e-03	-7.930e-02	3.667e-02
178818.50	3.686e-02	7.248e-02	2.160e-02
178819.50	1.680e-01	1.123e-01	2.237e-01
178820.50	8.256e-04	2.352e-02	-4.320e-02
178821.50	-2.650e-03	2.918e-02	4.272e-02
178822.50	1.910e-03	4.867e-02	2.813e-02
178823.50	3.254e-02	3.331e-01	-2.227e-01
178824.50	-2.045e-04	-2.016e-02	-1.699e-03
178825.50	-5.146e-04	-4.973e-02	4.330e-02
178826.50	9.427e-04	4.771e-02	2.947e-02
178827.50	9.600e-03	3.754e-01	-2.611e-01
178828.50	-1.219e-01	-4.906e-02	-3.206e-01
178829.50	-4.378e-01	-9.590e-01	-5.222e-01
178830.50	2.928e-01	1.526e-01	5.760e-01
178831.50	2.390e-02	-2.525e-02	7.997e-02
178832.50	6.970e-04	-4.339e-02	8.621e-02
178833.50	-1.277e-03	1.085e-02	5.731e-02
178834.50	-7.795e-05	-6.211e-02	-1.219e-02
178835.50	2.112e-04	4.992e-02	4.320e-02
178836.50	-9.523e-04	5.587e-04	2.784e-02
178837.50	2.621e-03	1.085e-01	-2.938e-02
178838.50	-4.829e-05	6.019e-03	-2.554e-02
178839.50	2.400e-03	-1.238e-01	4.378e-02
178840.50	-1.718e-03	-6.384e-02	6.077e-02
178841.50	-1.037e-03	1.498e-02	-4.762e-02
178842.50	6.019e-04	5.443e-02	-4.714e-02
178843.50	-1.085e-03	2.141e-02	3.370e-02
178844.50	2.650e-06	-2.918e-02	-5.990e-02
178845.50	-6.922e-04	-7.162e-02	-3.341e-02
178846.50	-1.757e-03	-1.882e-02	6.115e-02
178847.50	4.608e-04	-5.174e-02	-3.773e-02
178848.50	7.046e-04	-3.600e-03	-1.094e-02
178849.50	-9.110e-04	-4.762e-02	1.699e-02
178850.50	1.056e-03	6.730e-02	-4.368e-02
178851.50	-2.458e-03	-6.442e-02	1.142e-01
178852.50	-1.862e-03	2.006e-03	6.797e-02
178853.50	-3.888e-04	2.506e-02	-1.978e-03
178854.50	3.341e-04	-4.406e-02	-9.072e-02
178855.50	1.104e-03	5.654e-02	-4.733e-02
178856.50	-2.688e-04	-3.418e-02	4.790e-02
178857.50	1.978e-04	-8.602e-03	5.568e-02
178858.50	-5.203e-04	8.890e-02	5.597e-04
178859.50	9.475e-04	1.603e-02	-6.682e-02
178860.50	1.747e-03	5.194e-03	-2.256e-02
178861.50	-6.163e-05	1.248e-02	-2.064e-02
178862.50	-8.640e-04	-2.582e-03	6.595e-02
178863.50	-7.392e-04	3.322e-02	7.114e-02
178864.50	-4.982e-04	7.248e-03	-1.018e-01
178865.50	1.853e-03	1.459e-02	-3.926e-02
178866.50	-9.110e-04	2.390e-02	-4.925e-03
178867.50	1.411e-02	7.286e-02	-9.984e-02
178868.50	5.549e-03	-6.432e-02	-8.496e-03
178869.50	2.630e-03	-8.083e-02	3.955e-02
178870.50	-1.066e-03	-4.320e-02	3.110e-02
178871.50	1.152e-03	4.886e-02	-5.837e-03
178872.50	3.331e-03	2.842e-02	3.504e-02
178873.50	-1.392e-03	1.891e-02	4.570e-02
178874.50	-7.344e-04	-1.056e-02	-2.237e-02
178875.50	-1.286e-03	-1.142e-03	3.408e-02
178876.50	-1.373e-03	2.112e-02	-1.315e-02
178877.50	1.104e-03	-8.304e-04	-2.266e-02
178878.50	6.326e-04	-3.802e-02	4.166e-02
178879.50	-1.142e-03	1.104e-02	4.454e-03
178880.50	5.539e-04	1.949e-02	-2.717e-02
178881.50	-1.392e-03	-2.928e-02	8.986e-02
178882.50	4.176e-04	6.509e-02	-6.461e-03
178883.50	-1.402e-05	8.918e-02	6.902e-03
178884.50	-7.210e-04	-1.882e-02	4.982e-02
178885.50	-6.538e-04	4.387e-03	-1.805e-02
178886.50	-3.178e-04	3.370e-02	3.514e-02
178887.50	-2.006e-03	-3.821e-02	6.845e-02
178888.50	3.216e-04	5.846e-02	-1.930e-02
178889.50	1.190e-03	6.269e-02	-4.483e-02
178890.50	1.402e-03	4.762e-03	-4.934e-02
178891.50	-2.669e-04	-1.430e-02	8.237e-03
178892.50	-3.101e-04	-6.029e-03	-5.549e-02
178893.50	4.944e-04	-3.130e-02	-1.075e-02
178894.50	1.411e-03	-3.120e-02	4.906e-02
178895.50	7.018e-04	-8.266e-02	-3.552e-03
178896.50	-1.200e-03	8.592e-03	-5.434e-02
178897.50	-1.286e-03	-5.808e-02	1.277e-02
178898.50	1.882e-03	-6.365e-02	-3.398e-02
178899.50	-1.814e-04	3.043e-02	3.398e-02
178900.50	-3.120e-04	-3.600e-02	2.208e-02
178901.50	2.093e-03	1.440e-02	8.966e-03
178902.50	-9.984e-03	1.152e-02	3.610e-02
178903.50	-1.267e-03	-4.541e-02	-3.302e-02
178904.50	1.382e-03	2.563e-02	-4.310e-02
178905.50	-3.562e-03	-1.430e-02	5.635e-02
178906.50	-3.504e-03	7.853e-03	-7.728e-02
178907.50	7.286e-04	1.229e-01	2.698e-02
178908.50	2.333e-03	7.949e-02	1.584e-02
178909.50	-1.354e-03	2.093e-03	9.696e-02
178910.50	-2.688e-04	-5.232e-02	1.987e-02
178911.50	5.616e-06	-5.750e-03	6.442e-03
178912.50	-1.277e-03	-1.219e-03	-4.032e-02
178913.50	-3.245e-03	9.398e-02	3.696e-02
178914.50	-2.813e-04	-3.034e-02	-2.515e-02
178915.50	-1.306e-03	-8.045e-02	-8.160e-02
178916.50	1.392e-03	2.458e-02	3.744e-02
178917.50	1.690e-05	9.120e-03	6.106e-03
178918.50	7.747e-04	-1.517e-03	5.165e-02
178919.50	-4.013e-04	-3.130e-02	-4.675e-02
178920.50	4.800e-04	-8.064e-03	9.552e-03
178921.50	5.645e-03	-7.450e-03	2.976e-02
178922.50	-3.206e-03	-4.675e-02	-8.678e-04
178923.50	-1.507e-03	3.898e-02	-5.194e-02
178924.50	-2.534e-05	-7.181e-02	-6.029e-02
178925.50	-2.467e-03	3.610e-02	-1.210e-02
178926.50	-4.550e-04	3.984e-02	-2.006e-03
178927.50	1.325e-03	1.162e-01	-2.640e-02
178928.50	-5.318e-05	-1.738e-02	-1.872e-02
178929.50	-3.034e-04	-1.066e-01	4.406e-02
178930.50	1.037e-04	-2.746e-02	2.486e-02
178931.50	-2.995e-04	7.651e-03	-2.726e-03
178932.50	-7.315e-04	-2.410e-02	1.037e-03
178933.50	2.438e-03	6.374e-02	-5.232e-02
178934.50	1.258e-03	-2.774e-02	6.086e-03
178935.50	-1.008e-03	-2.880e-02	1.286e-02
178936.50	-1.238e-03	1.670e-02	4.810e-02
178937.50	-3.946e-04	2.995e-02	-1.555e-02
178938.50	-5.357e-04	2.554e-02	4.992e-02
178939.50	1.469e-02	-7.997e-02	-3.677e-02
178940.50	8.918e-02	-1.882e-01	-3.187e-01
178941.50	-5.088e-04	-3.869e-03	-3.254e-02
178942.50	1.786e-02	-5.098e-02	-1.680e-02
178943.50	2.083e-02	-1.171e-01	4.272e-02
178944.50	7.018e-04	1.786e-02	-1.757e-02
178945.50	-3.792e-03	4.234e-03	8.707e-03
178946.50	-3.350e-03	-2.246e-02	3.350e-02
178947.50	1.507e-03	3.773e-02	3.437e-02
178948.50	2.928e-02	-6.202e-02	-5.242e-02
178949.50	2.554e-02	-1.142e-01	-5.357e-02
178950.50	3.590e-02	-2.112e-01	-1.306e-02
178951.50	1.718e-02	2.371e-01	-3.878e-01
178952.50	-1.066e-01	8.371e-02	5.040e-01
178953.50	2.381e-05	8.803e-04	8.294e-03
178954.50	3.590e-04	6.278e-02	-2.102e-02
178955.50	-5.107e-02	1.152e-01	2.237e-01
178956.50	-2.352e-02	4.464e-02	1.363e-01
178957.50	3.926e-04	3.437e-02	-3.206e-02
178958.50	-7.882e-04	-2.381e-02	-1.507e-02
