178360.50	0.000e+00	0.000e+00	0.000e+00
178361.50	0.000e+00	0.000e+00	0.000e+00
178362.50	0.000e+00	0.000e+00	0.000e+00
178363.50	0.000e+00	0.000e+00	0.000e+00
178364.50	0.000e+00	0.000e+00	0.000e+00
178365.50	0.000e+00	0.000e+00	0.000e+00
178366.50	0.000e+00	0.000e+00	0.000e+00
178367.50	0.000e+00	0.000e+00	0.000e+00
178368.50	0.000e+00	0.000e+00	0.000e+00
178369.50	0.000e+00	0.000e+00	0.000e+00
178370.50	0.000e+00	0.000e+00	0.000e+00
178371.50	0.000e+00	0.000e+00	0.000e+00
178372.50	0.000e+00	0.000e+00	0.000e+00
178373.50	0.000e+00	0.000e+00	0.000e+00
178374.50	0.000e+00	0.000e+00	0.000e+00
178375.50	0.000e+00	0.000e+00	0.000e+00
178376.50	0.000e+00	0.000e+00	0.000e+00
178377.50	0.000e+00	0.000e+00	0.000e+00
178378.50	0.000e+00	0.000e+00	0.000e+00
178379.50	0.000e+00	0.000e+00	0.000e+00
178380.50	0.000e+00	0.000e+00	0.000e+00
178381.50	0.000e+00	0.000e+00	0.000e+00
178382.50	0.000e+00	0.000e+00	0.000e+00
178383.50	0.000e+00	0.000e+00	0.000e+00
178384.50	0.000e+00	0.000e+00	0.000e+00
178385.50	0.000e+00	0.000e+00	0.000e+00
178386.50	0.000e+00	0.000e+00	0.000e+00
178387.50	0.000e+00	0.000e+00	0.000e+00
178388.50	0.000e+00	0.000e+00	0.000e+00
178389.50	0.000e+00	0.000e+00	0.000e+00
178390.50	0.000e+00	0.000e+00	0.000e+00
178391.50	0.000e+00	0.000e+00	0.000e+00
178392.50	0.000e+00	0.000e+00	0.000e+00
178393.50	0.000e+00	0.000e+00	0.000e+00
178394.50	0.000e+00	0.000e+00	0.000e+00
178395.50	0.000e+00	0.000e+00	0.000e+00
178396.50	0.000e+00	0.000e+00	0.000e+00
178397.50	0.000e+00	0.000e+00	0.000e+00
178398.50	0.000e+00	0.000e+00	0.000e+00
178399.50	0.000e+00	0.000e+00	0.000e+00
178400.50	0.000e+00	0.000e+00	0.000e+00
178401.50	0.000e+00	0.000e+00	0.000e+00
178402.50	0.000e+00	0.000e+00	0.000e+00
178403.50	0.000e+00	0.000e+00	0.000e+00
178404.50	0.000e+00	0.000e+00	0.000e+00
178405.50	0.000e+00	0.000e+00	0.000e+00
178406.50	0.000e+00	0.000e+00	0.000e+00
178407.50	0.000e+00	0.000e+00	0.000e+00
178408.50	0.000e+00	0.000e+00	0.000e+00
178409.50	0.000e+00	0.000e+00	0.000e+00
178410.50	0.000e+00	0.000e+00	0.000e+00
178411.50	0.000e+00	0.000e+00	0.000e+00
178412.50	0.000e+00	0.000e+00	0.000e+00
178413.50	0.000e+00	0.000e+00	0.000e+00
178414.50	0.000e+00	0.000e+00	0.000e+00
178415.50	0.000e+00	0.000e+00	0.000e+00
178416.50	0.000e+00	0.000e+00	0.000e+00
178417.50	0.000e+00	0.000e+00	0.000e+00
178418.50	0.000e+00	0.000e+00	0.000e+00
178419.50	0.000e+00	0.000e+00	0.000e+00
178420.50	0.000e+00	0.000e+00	0.000e+00
178421.50	0.000e+00	0.000e+00	0.000e+00
178422.50	0.000e+00	0.000e+00	0.000e+00
178423.50	0.000e+00	0.000e+00	0.000e+00
178424.50	0.000e+00	0.000e+00	0.000e+00
178425.50	0.000e+00	0.000e+00	0.000e+00
178426.50	0.000e+00	0.000e+00	0.000e+00
178427.50	0.000e+00	0.000e+00	0.000e+00
178428.50	0.000e+00	0.000e+00	0.000e+00
178429.50	0.000e+00	0.000e+00	0.000e+00
178430.50	0.000e+00	0.000e+00	0.000e+00
178431.50	0.000e+00	0.000e+00	0.000e+00
178432.50	0.000e+00	0.000e+00	0.000e+00
178433.50	0.000e+00	0.000e+00	0.000e+00
178434.50	0.000e+00	0.000e+00	0.000e+00
178435.50	0.000e+00	0.000e+00	0.000e+00
178436.50	0.000e+00	0.000e+00	0.000e+00
178437.50	0.000e+00	0.000e+00	0.000e+00
178438.50	0.000e+00	0.000e+00	0.000e+00
178439.50	0.000e+00	0.000e+00	0.000e+00
178440.50	0.000e+00	0.000e+00	0.000e+00
178441.50	0.000e+00	0.000e+00	0.000e+00
178442.50	0.000e+00	0.000e+00	0.000e+00
178443.50	0.000e+00	0.000e+00	0.000e+00
178444.50	0.000e+00	0.000e+00	0.000e+00
178445.50	0.000e+00	0.000e+00	0.000e+00
178446.50	0.000e+00	0.000e+00	0.000e+00
178447.50	0.000e+00	0.000e+00	0.000e+00
178448.50	0.000e+00	0.000e+00	0.000e+00
178449.50	0.000e+00	0.000e+00	0.000e+00
178450.50	0.000e+00	0.000e+00	0.000e+00
178451.50	0.000e+00	0.000e+00	0.000e+00
178452.50	0.000e+00	0.000e+00	0.000e+00
178453.50	0.000e+00	0.000e+00	0.000e+00
178454.50	0.000e+00	0.000e+00	0.000e+00
178455.50	0.000e+00	0.000e+00	0.000e+00
178456.50	0.000e+00	0.000e+00	0.000e+00
178457.50	0.000e+00	0.000e+00	0.000e+00
178458.50	0.000e+00	0.000e+00	0.000e+00
178459.50	0.000e+00	0.000e+00	0.000e+00
178460.50	0.000e+00	0.000e+00	0.000e+00
178461.50	0.000e+00	0.000e+00	0.000e+00
178462.50	0.000e+00	0.000e+00	0.000e+00
178463.50	0.000e+00	0.000e+00	0.000e+00
178464.50	0.000e+00	0.000e+00	0.000e+00
178465.50	0.000e+00	0.000e+00	0.000e+00
178466.50	0.000e+00	0.000e+00	0.000e+00
178467.50	0.000e+00	0.000e+00	0.000e+00
178468.50	0.000e+00	0.000e+00	0.000e+00
178469.50	0.000e+00	0.000e+00	0.000e+00
178470.50	0.000e+00	0.000e+00	0.000e+00
178471.50	0.000e+00	0.000e+00	0.000e+00
178472.50	0.000e+00	0.000e+00	0.000e+00
178473.50	0.000e+00	0.000e+00	0.000e+00
178474.50	0.000e+00	0.000e+00	0.000e+00
178475.50	0.000e+00	0.000e+00	0.000e+00
178476.50	0.000e+00	0.000e+00	0.000e+00
178477.50	0.000e+00	0.000e+00	0.000e+00
178478.50	0.000e+00	0.000e+00	0.000e+00
178479.50	0.000e+00	0.000e+00	0.000e+00
178480.50	0.000e+00	0.000e+00	0.000e+00
178481.50	-3.466e-05	-1.565e-03	-6.586e-03
178482.50	1.709e-05	3.994e-03	1.296e-03
178483.50	-1.315e-05	-9.696e-04	1.632e-03
178484.50	3.130e-05	-1.882e-03	6.950e-03
178485.50	5.750e-05	-7.133e-04	-4.051e-03
178486.50	4.426e-06	3.878e-04	-5.424e-04
178487.50	6.787e-05	2.659e-04	3.811e-03
178488.50	-2.256e-05	3.830e-03	2.246e-03
178489.50	-1.574e-05	2.957e-05	2.707e-03
178490.50	4.666e-05	-8.227e-03	1.114e-03
178491.50	1.114e-04	-4.819e-04	-5.674e-03
178492.50	-1.248e-04	-2.544e-02	-2.813e-02
178493.50	7.594e-05	1.747e-02	-3.898e-04
178494.50	1.190e-05	4.003e-02	9.888e-03
178495.50	-4.848e-05	-3.677e-02	2.362e-02
178496.50	-3.389e-04	1.987e-02	4.387e-02
178497.50	9.696e-04	-3.974e-02	7.766e-03
178498.50	5.203e-04	-6.326e-02	-5.914e-02
178499.50	5.664e-04	-3.830e-02	-1.632e-02
178500.50	9.082e-03	-7.814e-01	6.000e-02
178501.50	6.518e-02	-6.624e+00	2.390e-01
178502.50	3.101e-01	-3.274e+01	5.011e+00
178503.50	1.056e+00	-1.162e+02	-4.166e-01
178504.50	2.698e+00	-3.091e+02	1.104e+01
178505.50	3.043e+00	-3.581e+02	2.765e+01
178506.50	3.322e+00	-4.042e+02	1.354e+01
178507.50	2.419e+00	-3.043e+02	2.323e+01
178508.50	-1.795e-01	1.891e+01	-5.568e+00
178509.50	-9.389e-01	1.200e+02	-1.296e+01
178510.50	-1.085e+00	1.382e+02	-1.728e+01
178511.50	-9.446e-01	1.171e+02	3.782e+00
178512.50	-7.248e-01	9.101e+01	-7.728e+00
178513.50	-6.998e-01	8.678e+01	-5.798e+00
178514.50	-6.182e-01	7.488e+01	-4.771e+00
178515.50	-5.549e-01	6.797e+01	-6.835e+00
178516.50	-4.474e-01	5.837e+01	2.381e+00
178517.50	-4.637e-01	5.626e+01	-2.688e+00
178518.50	-4.090e-01	4.819e+01	-1.738e+00
178519.50	-3.610e-01	4.234e+01	-1.018e+00
178520.50	-3.658e-01	4.282e+01	-4.157e+00
178521.50	-3.110e-01	3.677e+01	-4.752e+00
178522.50	-2.784e-01	3.293e+01	6.624e-04
178523.50	-2.650e-01	3.082e+01	-1.920e+00
178524.50	-2.640e-01	3.053e+01	-9.504e-01
178525.50	-2.122e-01	2.515e+01	1.258e+00
178526.50	-1.891e-01	2.256e+01	-1.997e+00
178527.50	-1.728e-01	2.074e+01	1.133e+00
178528.50	-2.160e-01	2.294e+01	-3.696e+00
178529.50	-1.949e-01	1.882e+01	-6.605e-01
178530.50	-1.613e-01	1.901e+01	8.237e-01
178531.50	-1.690e-01	1.872e+01	4.550e-01
178532.50	-1.181e-01	1.411e+01	-9.149e-01
178533.50	-8.554e-02	1.344e+01	2.813e-01
178534.50	-1.555e-01	1.526e+01	1.670e-01
178535.50	-8.851e-02	1.229e+01	-2.170e+00
178536.50	-1.162e-01	1.152e+01	-1.315e+00
178537.50	-1.200e-01	1.123e+01	-1.344e+00
178538.50	-1.037e-01	1.094e+01	5.155e-01
178539.50	3.370e-02	9.600e+00	4.646e-01
178540.50	-1.718e-01	7.517e+00	-1.190e+00
178541.50	-9.024e-02	1.114e+01	1.104e-02
178542.50	-1.056e-01	9.331e+00	-1.920e-01
178543.50	-1.008e-01	6.797e+00	-5.453e-01
178544.50	-5.789e-02	5.597e+00	6.499e-01
178545.50	-9.984e-02	7.824e+00	6.854e-01
178546.50	-2.093e-02	8.160e+00	-2.131e-01
178547.50	-2.448e-02	6.874e+00	3.936e-01
178548.50	-4.435e-02	5.491e+00	1.757e+00
178549.50	-4.838e-02	5.299e+00	9.571e-01
178550.50	-5.011e-02	5.501e+00	-2.275e-01
178551.50	-3.475e-02	5.126e+00	2.736e-02
178552.50	-1.786e-03	3.418e+00	-1.123e+00
178553.50	-4.195e-02	5.414e+00	4.387e-01
178554.50	-4.637e-02	5.376e+00	-5.712e-01
178555.50	-3.293e-02	4.147e+00	-4.454e-01
178556.50	2.918e-03	3.110e+00	1.037e-01
178557.50	-4.598e-02	4.387e+00	5.597e-01
178558.50	-3.082e-02	2.678e+00	5.482e-02
178559.50	-3.350e-02	3.811e+00	2.150e-01
178560.50	-3.091e-02	3.466e+00	-7.632e-01
178561.50	-2.438e-02	2.429e+00	-3.245e-01
178562.50	-3.197e-02	3.494e+00	4.560e-01
178563.50	-2.563e-02	3.370e+00	-2.851e-01
178564.50	-1.843e-02	1.690e+00	5.232e-01
178565.50	-2.016e-02	2.534e+00	5.414e-02
178566.50	-1.037e-02	2.189e+00	1.133e-01
178567.50	-1.997e-02	1.862e+00	1.901e-01
178568.50	-1.872e-02	2.112e+00	-9.014e-01
178569.50	-2.726e-02	2.966e+00	2.947e-01
178570.50	-1.421e-02	1.603e+00	-1.747e-01
178571.50	-9.475e-03	1.046e+00	-1.219e-02
178572.50	-1.363e-02	1.690e+00	-2.918e-01
178573.50	-1.354e-02	1.498e+00	6.566e-01
178574.50	-1.018e-02	2.218e+00	4.243e-01
178575.50	-4.291e-03	1.603e+00	-8.304e-01
178576.50	-1.699e-02	1.968e+00	-2.141e-01
178577.50	-2.448e-02	1.718e+00	4.291e-01
178578.50	-1.795e-02	1.718e+00	-1.507e-01
178579.50	-5.491e-03	1.142e+00	-8.400e-01
178580.50	-8.957e-03	8.851e-01	-1.296e-01
178581.50	-5.482e-03	8.899e-01	3.917e-03
178582.50	-7.373e-03	8.323e-01	-3.619e-01
178583.50	-1.008e-02	1.411e+00	-2.102e-02
178584.50	-1.334e-02	9.110e-01	1.843e-01
178585.50	-1.814e-02	1.066e+00	3.466e-01
178586.50	-8.678e-03	8.669e-01	-4.339e-01
178587.50	1.171e-03	3.206e-01	-6.442e-02
178588.50	-2.534e-02	8.669e-01	-4.742e-01
178589.50	-5.078e-03	8.458e-01	2.774e-01
178590.50	-9.888e-03	1.094e+00	-3.283e-01
178591.50	-5.203e-03	2.928e-01	3.782e-01
178592.50	-4.378e-03	3.168e-01	3.610e-01
178593.50	-7.555e-03	1.267e+00	-1.152e-02
178594.50	-3.475e-03	4.099e-01	3.197e-01
178595.50	-1.142e-03	5.750e-01	-3.418e-01
178596.50	-6.163e-03	8.256e-01	-6.586e-02
178597.50	-1.008e-02	9.187e-01	-1.584e-01
178598.50	-9.533e-03	7.920e-01	-3.283e-01
178599.50	-2.870e-03	5.770e-01	-2.822e-01
178600.50	2.390e-04	2.429e-01	2.918e-01
178601.50	-4.522e-03	4.358e-01	2.563e-01
178602.50	-1.008e-03	5.779e-01	-4.858e-01
178603.50	9.600e-03	-4.128e-01	1.430e-01
178604.50	-1.920e-03	6.595e-01	2.717e-01
178605.50	-8.054e-03	6.442e-01	-2.160e-01
178606.50	-4.493e-03	5.165e-01	-9.590e-02
178607.50	-2.170e-03	3.830e-01	-1.085e-02
178608.50	-5.088e-03	1.066e-01	8.563e-02
178609.50	-9.235e-04	4.781e-01	3.120e-02
178610.50	-1.901e-02	2.294e-01	3.226e-03
178611.50	-1.459e-02	5.386e-01	-3.379e-01
178612.50	-3.072e-03	4.810e-01	-1.776e-02
178613.50	-4.253e-03	2.611e-01	2.266e-01
178614.50	5.434e-04	4.502e-01	-2.410e-01
178615.50	1.392e-04	1.267e-01	3.878e-01
178616.50	-4.685e-03	5.482e-01	2.141e-01
178617.50	-6.538e-03	3.322e-01	-9.034e-02
178618.50	-1.171e-03	9.792e-02	-1.238e-01
178619.50	-7.978e-04	-2.448e-02	-3.965e-01
178620.50	-2.131e-03	7.018e-01	4.166e-02
178621.50	8.150e-04	2.198e-01	1.392e-01
178622.50	-1.402e-02	7.651e-01	1.210e-01
178623.50	-1.258e-03	1.334e-01	-2.381e-01
178624.50	6.221e-02	1.133e-01	7.392e-02
178625.50	6.845e-04	1.469e-01	-9.072e-02
178626.50	4.637e-03	2.026e-01	7.622e-02
178627.50	8.112e-04	5.798e-02	4.781e-01
178628.50	-2.678e-03	3.850e-01	-1.795e-02
178629.50	-1.814e-02	-1.114e-01	-1.008e-01
178630.50	-4.771e-03	6.490e-03	-2.054e-01
178631.50	-6.922e-03	5.981e-01	-2.294e-01
178632.50	-1.738e-04	2.678e-01	-1.277e-02
178633.50	-2.275e-03	-1.306e-01	9.792e-02
178634.50	-1.066e-02	6.250e-02	-3.254e-01
178635.50	-5.232e-02	5.683e-02	-4.022e-01
178636.50	-4.637e-03	5.011e-01	4.291e-01
178637.50	-4.800e-03	4.387e-01	1.296e-01
178638.50	-2.266e-03	2.170e-02	-6.960e-03
178639.50	2.938e-03	-1.709e-01	1.411e-01
178640.50	-6.307e-04	-3.830e-02	-5.923e-02
178641.50	1.354e-03	1.699e-01	2.918e-01
178642.50	-5.366e-04	1.142e-01	1.574e-01
178643.50	-2.179e-03	1.709e-01	-1.536e-01
178644.50	5.693e-04	5.866e-02	-1.968e-02
178645.50	-1.046e-02	2.006e-01	-1.142e-02
178646.50	-1.939e-03	1.680e-02	-2.170e-01
178647.50	2.746e-03	-2.371e-01	1.210e-01
178648.50	-2.227e-03	2.352e-01	1.738e-01
178649.50	-2.198e-03	1.344e-01	-4.522e-02
178650.50	1.229e-03	1.046e-01	-5.472e-02
178651.50	2.784e-03	1.392e-01	-4.387e-03
178652.50	-1.190e-03	2.246e-01	-3.082e-02
178653.50	-7.344e-04	3.907e-02	6.365e-02
178654.50	-1.114e-02	1.267e-02	1.094e-01
178655.50	-1.104e-02	1.632e-01	8.333e-02
178656.50	7.498e-04	-7.776e-03	3.139e-02
178657.50	-4.358e-03	9.888e-02	-1.805e-01
178658.50	-2.285e-03	1.171e-01	-3.917e-01
178659.50	-1.392e-03	-3.638e-02	1.987e-02
178660.50	1.469e-03	4.771e-02	1.661e-01
178661.50	-2.285e-03	9.600e-02	2.026e-01
178662.50	-1.027e-03	1.795e-01	-1.306e-01
178663.50	-2.438e-03	2.160e-01	-6.902e-02
178664.50	-2.150e-03	1.402e-01	6.576e-02
178665.50	-6.029e-04	3.245e-01	-1.642e-02
178666.50	-1.738e-04	-4.570e-02	-1.200e-01
178667.50	-1.910e-04	7.363e-02	8.832e-02
178668.50	-2.582e-03	1.181e-01	9.552e-02
178669.50	-3.600e-04	4.886e-02	-2.515e-01
178670.50	-1.200e-04	7.651e-03	-8.774e-02
178671.50	-1.354e-03	9.216e-02	-1.037e-01
178672.50	1.469e-03	9.197e-02	1.834e-01
178673.50	7.661e-04	3.888e-02	2.506e-03
178674.50	-8.563e-03	-2.006e-01	3.446e-02
178675.50	-5.021e-03	-5.002e-02	1.459e-02
178676.50	1.478e-03	3.763e-02	-2.045e-01
178677.50	1.526e-03	9.792e-02	2.112e-02
178678.50	-2.448e-03	1.066e-01	2.726e-01
178679.50	-4.118e-03	2.275e-01	1.142e-01
178680.50	-3.398e-03	1.286e-01	5.453e-02
178681.50	2.890e-03	-2.246e-02	2.006e-02
178682.50	4.522e-04	-1.728e-01	-8.755e-02
178683.50	-1.210e-03	-4.330e-02	6.538e-02
178684.50	-6.413e-03	2.026e-01	1.133e-01
178685.50	-1.786e-04	1.210e-01	-4.790e-02
178686.50	1.421e-03	-4.061e-02	8.035e-03
178687.50	4.608e-04	6.394e-02	5.750e-02
178688.50	-4.445e-03	5.069e-02	1.690e-01
178689.50	-3.744e-03	2.294e-01	-2.563e-01
178690.50	1.258e-03	4.291e-02	1.651e-01
178691.50	3.658e-03	6.355e-02	2.227e-02
178692.50	2.150e-03	3.859e-02	6.422e-02
178693.50	-3.110e-03	-2.794e-02	-6.298e-02
178694.50	-3.168e-03	-3.552e-02	-3.043e-02
178695.50	3.514e-03	2.093e-02	7.344e-02
178696.50	1.766e-03	6.048e-02	4.330e-02
178697.50	3.168e-03	4.800e-02	1.584e-01
178698.50	-4.714e-03	1.459e-01	5.981e-02
178699.50	-6.797e-02	-2.966e-02	-8.736e-02
178700.50	-1.862e-02	7.488e-02	-1.882e-01
178701.50	1.488e-03	-3.187e-01	-1.613e-01
178702.50	1.469e-03	-1.814e-01	7.795e-02
178703.50	-4.214e-03	1.930e-01	2.102e-01
178704.50	-2.102e-03	2.448e-01	-1.430e-01
178705.50	-1.949e-03	7.296e-02	5.117e-02
178706.50	-5.405e-03	9.475e-02	-1.248e-02
178707.50	-5.126e-04	-1.027e-01	1.114e-01
178708.50	-6.950e-04	9.984e-02	6.384e-02
178709.50	1.296e-03	1.603e-02	-1.027e-01
178710.50	-1.373e-03	1.930e-02	4.685e-02
178711.50	-2.890e-04	7.210e-02	3.360e-02
178712.50	1.152e-03	-1.075e-01	-1.882e-02
178713.50	-4.646e-05	-3.024e-02	2.410e-02
178714.50	-1.066e-03	-8.074e-02	1.344e-01
178715.50	3.082e-04	7.795e-02	4.291e-02
178716.50	7.795e-04	-6.000e-02	-4.339e-02
178717.50	-1.718e-03	1.642e-01	-2.794e-02
178718.50	-1.258e-03	2.573e-02	-1.334e-01
178719.50	1.978e-03	-3.226e-03	-4.147e-02
178720.50	-2.256e-03	1.181e-01	1.133e-01
178721.50	1.747e-03	-2.573e-02	-3.139e-02
178722.50	7.594e-04	-1.104e-01	-9.888e-02
178723.50	-3.821e-04	1.037e-01	4.925e-02
178724.50	3.178e-03	-5.798e-02	1.152e-01
178725.50	-5.414e-04	-9.792e-02	-1.018e-01
178726.50	1.123e-03	-2.525e-03	-9.600e-02
178727.50	7.152e-04	-1.603e-02	-5.117e-02
178728.50	-4.493e-03	2.611e-01	-1.939e-02
178729.50	-1.037e-03	4.099e-02	-9.139e-02
178730.50	8.371e-04	-8.765e-02	9.696e-02
178731.50	-1.219e-03	-3.571e-03	6.336e-02
178732.50	9.187e-04	1.123e-01	8.179e-03
178733.50	1.795e-03	5.443e-02	-8.726e-02
178734.50	1.709e-03	8.285e-02	1.565e-01
178735.50	-1.949e-03	-8.227e-02	-8.746e-02
178736.50	1.843e-03	-1.584e-01	-5.376e-02
178737.50	-7.718e-04	-2.726e-02	-1.363e-01
178738.50	1.603e-03	-1.853e-02	1.238e-01
178739.50	2.419e-03	1.363e-02	-1.075e-01
178740.50	-3.168e-03	5.808e-02	-9.235e-02
178741.50	-7.325e-04	1.526e-03	-3.322e-02
178742.50	1.862e-04	-1.363e-03	-1.450e-03
178743.50	-6.365e-04	-8.093e-02	-4.090e-02
178744.50	-2.736e-04	7.939e-02	-1.651e-02
178745.50	-3.408e-04	-6.749e-02	1.056e-01
178746.50	-2.314e-03	7.690e-02	1.018e-01
178747.50	-4.330e-03	1.133e-01	2.285e-02
178748.50	7.450e-04	-4.570e-02	-9.696e-05
178749.50	2.611e-03	-1.680e-01	1.469e-01
178750.50	3.082e-04	-6.442e-02	3.216e-02
178751.50	8.592e-04	-4.790e-02	-6.067e-02
178752.50	-1.776e-03	2.650e-02	5.482e-03
178753.50	-3.005e-03	7.354e-02	-1.037e-01
178754.50	3.802e-04	6.182e-02	-5.616e-03
178755.50	1.123e-03	-2.688e-02	-1.210e-01
178756.50	2.525e-03	-6.211e-02	1.469e-01
178757.50	-1.229e-04	-3.331e-02	-1.680e-02
178758.50	-1.498e-03	1.766e-01	-2.410e-02
178759.50	-1.709e-01	-4.320e-01	6.230e-03
178760.50	9.350e-04	-6.192e-02	1.104e-01
178761.50	1.085e-01	4.090e-01	-2.198e-02
178762.50	6.077e-02	2.515e-01	-1.795e-01
178763.50	-9.792e-05	-1.267e-02	-1.296e-02
178764.50	-2.477e-04	-1.469e-01	4.742e-02
178765.50	-2.026e-03	5.299e-02	-4.896e-02
178766.50	2.198e-03	1.344e-03	-6.499e-02
178767.50	7.776e-04	-5.155e-02	-9.245e-03
178768.50	-1.411e-03	1.747e-02	1.325e-02
178769.50	7.373e-04	-3.091e-02	9.110e-02
178770.50	-1.238e-03	2.006e-02	3.149e-02
178771.50	-8.890e-03	1.536e-01	-4.070e-02
178772.50	-6.326e-03	7.315e-03	-5.712e-03
178773.50	1.152e-03	9.542e-02	8.554e-02
178774.50	2.285e-04	1.142e-01	1.162e-01
178775.50	1.469e-03	-1.075e-02	7.315e-03
178776.50	-2.947e-03	4.378e-02	-3.677e-02
178777.50	1.565e-03	6.154e-02	-8.506e-02
178778.50	4.406e-03	-4.694e-02	2.602e-02
178779.50	3.341e-04	-5.107e-02	8.851e-02
178780.50	-1.392e-03	-7.056e-02	1.632e-02
178781.50	-9.475e-04	8.851e-02	-3.523e-02
178782.50	-2.573e-03	4.531e-02	-1.315e-01
178783.50	-2.179e-03	-9.302e-02	-8.352e-02
178784.50	2.899e-03	-7.181e-02	-5.472e-02
178785.50	-2.784e-03	2.611e-02	-2.198e-02
178786.50	-4.915e-04	-6.211e-02	-1.219e-02
178787.50	-1.536e-04	5.981e-02	-3.725e-03
178788.50	-1.920e-03	-8.755e-03	8.352e-02
178789.50	-1.987e-03	1.738e-02	-3.398e-04
178790.50	-2.016e-04	1.085e-01	6.970e-03
178791.50	-1.594e-03	3.485e-02	4.109e-02
178792.50	-1.430e-03	4.589e-02	-3.466e-02
178793.50	-3.984e-04	1.296e-02	5.866e-02
178794.50	-7.315e-04	-3.389e-03	-5.242e-02
178795.50	-1.450e-03	8.966e-02	8.717e-03
178796.50	2.102e-04	1.142e-02	3.072e-02
178797.50	1.738e-03	2.861e-02	9.187e-03
178798.50	7.402e-03	-4.522e-02	5.530e-02
178799.50	2.026e-02	-1.162e-01	4.560e-02
178800.50	1.238e-02	-1.152e-01	-3.648e-02
178801.50	-6.826e-03	6.317e-02	-2.842e-02
178802.50	-7.526e-03	-5.952e-02	-6.816e-02
178803.50	1.037e-03	-1.498e-02	-6.144e-02
178804.50	1.747e-02	9.398e-02	1.978e-01
178805.50	-2.390e-02	2.410e-01	-4.454e-02
178806.50	-1.210e-03	-3.533e-02	-5.472e-02
178807.50	1.171e-03	-1.094e-01	-1.037e-01
178808.50	1.296e-02	-5.770e-02	-2.822e-02
178809.50	3.322e-04	3.504e-03	4.992e-03
178810.50	-2.630e-03	3.888e-02	6.720e-03
178811.50	-1.450e-03	-2.918e-02	-1.171e-01
178812.50	1.066e-03	-8.208e-02	2.362e-02
178813.50	1.373e-03	2.851e-02	4.867e-02
178814.50	-1.613e-03	2.909e-02	4.013e-02
178815.50	-1.507e-03	-7.738e-02	-7.123e-02
178816.50	-2.314e-04	-1.037e-02	-2.198e-02
178817.50	-8.064e-04	-1.219e-03	5.357e-02
178818.50	-9.034e-04	5.491e-02	9.888e-02
178819.50	-2.304e-03	8.534e-02	-1.238e-02
178820.50	-6.240e-03	4.118e-02	-9.696e-02
178821.50	1.469e-03	-1.949e-02	8.083e-02
178822.50	9.389e-04	-1.104e-01	-6.950e-02
178823.50	-2.362e-03	6.432e-02	1.450e-01
178824.50	7.402e-04	-4.205e-02	-2.285e-02
178825.50	2.371e-03	7.507e-03	-2.813e-02
178826.50	2.765e-04	6.480e-02	4.579e-02
178827.50	-2.362e-04	-5.904e-02	-1.978e-02
178828.50	-3.389e-03	9.696e-02	4.070e-03
178829.50	6.518e-04	-9.254e-02	2.054e-02
178830.50	1.891e-03	-1.565e-02	4.080e-02
178831.50	-1.642e-04	3.101e-02	-1.238e-02
178832.50	3.398e-03	-5.827e-02	4.070e-02
178833.50	-2.976e-06	-1.622e-02	-3.264e-02
178834.50	1.958e-03	-9.091e-02	-4.051e-02
178835.50	-7.498e-03	1.584e-01	-7.795e-02
178836.50	8.774e-04	7.776e-02	-8.794e-02
178837.50	4.109e-04	-1.690e-02	4.349e-02
178838.50	-2.189e-03	-1.978e-02	-6.451e-03
178839.50	3.014e-04	3.734e-02	-5.702e-02
178840.50	1.286e-03	-3.869e-02	6.826e-02
178841.50	4.397e-03	-1.075e-02	2.227e-02
178842.50	-1.440e-03	1.306e-02	2.573e-02
178843.50	-2.448e-03	-3.062e-03	-3.907e-03
178844.50	1.507e-03	3.629e-02	-3.408e-02
178845.50	-5.098e-04	8.947e-02	-2.870e-02
178846.50	-2.227e-03	-6.509e-03	6.115e-02
178847.50	1.642e-03	-2.429e-02	6.576e-02
178848.50	9.062e-04	-4.474e-02	8.141e-03
178849.50	-9.446e-04	3.293e-02	-2.621e-02
178850.50	1.776e-03	3.946e-03	2.208e-02
178851.50	2.006e-04	-7.085e-02	-3.946e-02
178852.50	-3.686e-04	-7.286e-02	-7.450e-02
178853.50	7.872e-04	-6.826e-03	2.045e-03
178854.50	4.186e-03	-3.686e-02	-5.856e-03
178855.50	-6.749e-03	3.610e-02	-5.568e-02
178856.50	-8.150e-03	1.133e-02	3.178e-02
178857.50	9.370e-03	-4.608e-02	1.277e-01
178858.50	-1.891e-03	4.118e-02	-4.502e-02
178859.50	-1.968e-03	-5.059e-04	-1.152e-01
178860.50	-1.382e-04	-1.411e-02	-4.742e-02
178861.50	-1.248e-03	1.200e-01	-6.182e-02
178862.50	-4.080e-04	3.830e-02	6.595e-02
178863.50	1.210e-03	5.731e-03	9.005e-02
178864.50	-5.155e-04	-6.470e-02	-7.939e-02
178865.50	-1.277e-03	-4.733e-02	-6.394e-03
178866.50	-1.450e-05	-1.978e-02	-1.142e-02
178867.50	-1.766e-03	-9.696e-03	9.696e-02
178868.50	-2.006e-04	-4.339e-02	3.590e-02
178869.50	-5.318e-04	9.466e-03	4.963e-03
178870.50	7.498e-04	-2.285e-02	7.286e-03
178871.50	-1.613e-04	1.795e-02	-5.386e-02
178872.50	3.350e-04	3.782e-02	1.738e-03
178873.50	1.258e-02	-9.696e-03	4.608e-02
178874.50	5.318e-02	-8.582e-02	-3.139e-02
178875.50	1.872e-03	-5.318e-02	-1.757e-02
178876.50	5.462e-03	-2.112e-02	-9.888e-03
178877.50	-5.069e-03	7.574e-02	9.024e-02
178878.50	-1.603e-03	4.541e-02	2.774e-02
178879.50	-1.968e-04	-3.408e-02	-8.438e-02
178880.50	-4.502e-04	-6.442e-02	-9.216e-04
178881.50	1.382e-03	-2.112e-02	1.008e-01
178882.50	1.488e-03	-5.050e-02	2.006e-02
178883.50	-1.104e-03	5.434e-02	-1.834e-02
178884.50	-9.178e-04	1.459e-02	-9.571e-03
178885.50	-4.339e-04	-1.594e-02	1.286e-03
178886.50	-6.874e-04	3.590e-02	-5.222e-02
178887.50	2.150e-04	2.333e-02	4.416e-02
178888.50	-1.814e-03	6.096e-02	2.592e-02
178889.50	-9.466e-04	4.637e-03	-5.318e-02
178890.50	1.277e-03	4.992e-02	4.013e-02
178891.50	4.522e-03	-2.112e-02	-2.208e-02
178892.50	-3.466e-04	-2.544e-02	1.104e-02
178893.50	3.773e-04	-2.054e-02	-4.272e-02
178894.50	-2.784e-03	1.459e-02	1.450e-02
178895.50	-2.342e-03	3.168e-02	-5.990e-02
178896.50	-2.246e-03	-2.208e-02	-3.706e-02
178897.50	2.707e-03	-6.086e-02	-1.392e-02
178898.50	1.632e-03	-3.926e-03	2.803e-02
178899.50	-1.651e-03	7.094e-02	2.429e-02
178900.50	-2.938e-03	1.325e-03	4.013e-02
178901.50	-8.294e-04	-4.493e-02	6.480e-02
178902.50	5.818e-04	5.011e-02	-4.291e-02
178903.50	6.797e-04	-6.566e-02	2.707e-02
178904.50	1.104e-04	-4.291e-02	3.082e-02
178905.50	-1.603e-03	6.163e-03	-7.075e-02
178906.50	-4.694e-03	5.174e-02	-2.026e-02
178907.50	-6.758e-03	-8.736e-03	2.698e-03
178908.50	-1.891e-04	2.102e-02	-2.909e-02
178909.50	-1.210e-03	2.870e-02	9.293e-03
178910.50	6.067e-04	9.792e-03	-2.275e-02
178911.50	4.483e-04	1.584e-02	6.192e-03
178912.50	1.450e-04	-1.930e-03	7.709e-03
178913.50	2.323e-04	-1.133e-03	-7.930e-03
178914.50	6.912e-04	5.491e-02	8.726e-04
178915.50	-9.120e-05	6.806e-02	-1.757e-02
178916.50	2.371e-03	-1.325e-02	4.445e-02
178917.50	4.694e-04	-4.483e-02	-2.774e-02
178918.50	-1.795e-03	5.290e-02	-1.027e-02
178919.50	1.162e-03	-5.040e-02	6.384e-02
178920.50	3.936e-04	3.840e-02	3.840e-03
178921.50	-5.578e-06	3.101e-02	-1.997e-02
178922.50	9.350e-04	-3.773e-02	-9.475e-03
178923.50	8.381e-04	-9.792e-04	-5.165e-02
178924.50	-8.160e-04	5.482e-03	5.645e-02
178925.50	-1.594e-03	2.506e-02	5.501e-03
178926.50	5.366e-04	-3.610e-02	1.498e-02
178927.50	-6.864e-04	3.245e-02	8.275e-02
178928.50	-9.485e-05	2.784e-02	1.891e-02
178929.50	-2.026e-03	-1.555e-03	1.987e-02
178930.50	-1.603e-03	-3.936e-02	6.720e-03
178931.50	2.640e-03	-6.451e-02	-2.995e-02
178932.50	-1.450e-03	-1.670e-02	-3.130e-02
178933.50	1.056e-03	-3.629e-03	1.123e-02
178934.50	8.064e-04	2.141e-02	-3.907e-02
178935.50	4.243e-04	3.274e-02	-2.035e-02
178936.50	1.277e-03	1.968e-02	5.712e-03
178937.50	1.133e-03	-3.158e-02	3.446e-03
178938.50	1.354e-03	-1.162e-03	2.880e-03
178939.50	-5.165e-04	-1.786e-02	-2.266e-02
178940.50	-2.026e-03	-5.472e-03	-1.325e-02
178941.50	-3.542e-04	-5.328e-03	-6.710e-02
178942.50	1.872e-04	1.382e-04	-3.235e-02
178943.50	-9.053e-04	2.486e-02	-4.589e-03
178944.50	5.971e-04	-1.325e-02	2.294e-02
178945.50	-6.288e-04	1.402e-02	-3.235e-03
178946.50	3.830e-03	-5.040e-03	1.680e-02
178947.50	-1.344e-04	4.426e-02	6.240e-02
178948.50	-9.792e-04	6.000e-02	2.573e-02
178949.50	5.146e-04	-3.082e-02	-2.314e-02
178950.50	-9.792e-04	8.515e-03	1.546e-02
178951.50	1.891e-03	-5.923e-02	-8.486e-03
178952.50	-2.602e-03	8.160e-03	-2.755e-02
178953.50	4.147e-04	9.456e-03	4.282e-02
178954.50	2.640e-04	-1.123e-03	5.280e-02
178955.50	1.296e-03	8.122e-04	9.302e-03
178956.50	-7.075e-04	5.482e-02	1.488e-02
178957.50	4.090e-04	6.202e-02	-6.922e-02
178958.50	-1.229e-03	-1.574e-02	-5.165e-02
