178360.50	0.000e+00	0.000e+00	0.000e+00
178361.50	0.000e+00	0.000e+00	0.000e+00
178362.50	0.000e+00	0.000e+00	0.000e+00
178363.50	0.000e+00	0.000e+00	0.000e+00
178364.50	0.000e+00	0.000e+00	0.000e+00
178365.50	0.000e+00	0.000e+00	0.000e+00
178366.50	0.000e+00	0.000e+00	0.000e+00
178367.50	0.000e+00	0.000e+00	0.000e+00
178368.50	0.000e+00	0.000e+00	0.000e+00
178369.50	0.000e+00	0.000e+00	0.000e+00
178370.50	0.000e+00	0.000e+00	0.000e+00
178371.50	0.000e+00	0.000e+00	0.000e+00
178372.50	0.000e+00	0.000e+00	0.000e+00
178373.50	0.000e+00	0.000e+00	0.000e+00
178374.50	0.000e+00	0.000e+00	0.000e+00
178375.50	0.000e+00	0.000e+00	0.000e+00
178376.50	0.000e+00	0.000e+00	0.000e+00
178377.50	0.000e+00	0.000e+00	0.000e+00
178378.50	0.000e+00	0.000e+00	0.000e+00
178379.50	0.000e+00	0.000e+00	0.000e+00
178380.50	0.000e+00	0.000e+00	0.000e+00
178381.50	0.000e+00	0.000e+00	0.000e+00
178382.50	0.000e+00	0.000e+00	0.000e+00
178383.50	0.000e+00	0.000e+00	0.000e+00
178384.50	0.000e+00	0.000e+00	0.000e+00
178385.50	0.000e+00	0.000e+00	0.000e+00
178386.50	0.000e+00	0.000e+00	0.000e+00
178387.50	0.000e+00	0.000e+00	0.000e+00
178388.50	0.000e+00	0.000e+00	0.000e+00
178389.50	0.000e+00	0.000e+00	0.000e+00
178390.50	0.000e+00	0.000e+00	0.000e+00
178391.50	0.000e+00	0.000e+00	0.000e+00
178392.50	0.000e+00	0.000e+00	0.000e+00
178393.50	0.000e+00	0.000e+00	0.000e+00
178394.50	0.000e+00	0.000e+00	0.000e+00
178395.50	0.000e+00	0.000e+00	0.000e+00
178396.50	0.000e+00	0.000e+00	0.000e+00
178397.50	0.000e+00	0.000e+00	0.000e+00
178398.50	0.000e+00	0.000e+00	0.000e+00
178399.50	0.000e+00	0.000e+00	0.000e+00
178400.50	0.000e+00	0.000e+00	0.000e+00
178401.50	0.000e+00	0.000e+00	0.000e+00
178402.50	0.000e+00	0.000e+00	0.000e+00
178403.50	0.000e+00	0.000e+00	0.000e+00
178404.50	0.000e+00	0.000e+00	0.000e+00
178405.50	0.000e+00	0.000e+00	0.000e+00
178406.50	0.000e+00	0.000e+00	0.000e+00
178407.50	0.000e+00	0.000e+00	0.000e+00
178408.50	0.000e+00	0.000e+00	0.000e+00
178409.50	0.000e+00	0.000e+00	0.000e+00
178410.50	0.000e+00	0.000e+00	0.000e+00
178411.50	0.000e+00	0.000e+00	0.000e+00
178412.50	0.000e+00	0.000e+00	0.000e+00
178413.50	0.000e+00	0.000e+00	0.000e+00
178414.50	0.000e+00	0.000e+00	0.000e+00
178415.50	0.000e+00	0.000e+00	0.000e+00
178416.50	0.000e+00	0.000e+00	0.000e+00
178417.50	0.000e+00	0.000e+00	0.000e+00
178418.50	0.000e+00	0.000e+00	0.000e+00
178419.50	0.000e+00	0.000e+00	0.000e+00
178420.50	0.000e+00	0.000e+00	0.000e+00
178421.50	0.000e+00	0.000e+00	0.000e+00
178422.50	0.000e+00	0.000e+00	0.000e+00
178423.50	0.000e+00	0.000e+00	0.000e+00
178424.50	0.000e+00	0.000e+00	0.000e+00
178425.50	0.000e+00	0.000e+00	0.000e+00
178426.50	0.000e+00	0.000e+00	0.000e+00
178427.50	0.000e+00	0.000e+00	0.000e+00
178428.50	0.000e+00	0.000e+00	0.000e+00
178429.50	0.000e+00	0.000e+00	0.000e+00
178430.50	0.000e+00	0.000e+00	0.000e+00
178431.50	0.000e+00	0.000e+00	0.000e+00
178432.50	0.000e+00	0.000e+00	0.000e+00
178433.50	0.000e+00	0.000e+00	0.000e+00
178434.50	0.000e+00	0.000e+00	0.000e+00
178435.50	0.000e+00	0.000e+00	0.000e+00
178436.50	0.000e+00	0.000e+00	0.000e+00
178437.50	0.000e+00	0.000e+00	0.000e+00
178438.50	0.000e+00	0.000e+00	0.000e+00
178439.50	0.000e+00	0.000e+00	0.000e+00
178440.50	0.000e+00	0.000e+00	0.000e+00
178441.50	0.000e+00	0.000e+00	0.000e+00
178442.50	0.000e+00	0.000e+00	0.000e+00
178443.50	0.000e+00	0.000e+00	0.000e+00
178444.50	0.000e+00	0.000e+00	0.000e+00
178445.50	0.000e+00	0.000e+00	0.000e+00
178446.50	0.000e+00	0.000e+00	0.000e+00
178447.50	0.000e+00	0.000e+00	0.000e+00
178448.50	0.000e+00	0.000e+00	0.000e+00
178449.50	0.000e+00	0.000e+00	0.000e+00
178450.50	0.000e+00	0.000e+00	0.000e+00
178451.50	0.000e+00	0.000e+00	0.000e+00
178452.50	0.000e+00	0.000e+00	0.000e+00
178453.50	0.000e+00	0.000e+00	0.000e+00
178454.50	0.000e+00	0.000e+00	0.000e+00
178455.50	0.000e+00	0.000e+00	0.000e+00
178456.50	0.000e+00	0.000e+00	0.000e+00
178457.50	0.000e+00	0.000e+00	0.000e+00
178458.50	0.000e+00	0.000e+00	0.000e+00
178459.50	0.000e+00	0.000e+00	0.000e+00
178460.50	0.000e+00	0.000e+00	0.000e+00
178461.50	0.000e+00	0.000e+00	0.000e+00
178462.50	0.000e+00	0.000e+00	0.000e+00
178463.50	0.000e+00	0.000e+00	0.000e+00
178464.50	0.000e+00	0.000e+00	0.000e+00
178465.50	0.000e+00	0.000e+00	0.000e+00
178466.50	0.000e+00	0.000e+00	0.000e+00
178467.50	0.000e+00	0.000e+00	0.000e+00
178468.50	0.000e+00	0.000e+00	0.000e+00
178469.50	0.000e+00	0.000e+00	0.000e+00
178470.50	0.000e+00	0.000e+00	0.000e+00
178471.50	0.000e+00	0.000e+00	0.000e+00
178472.50	0.000e+00	0.000e+00	0.000e+00
178473.50	0.000e+00	0.000e+00	0.000e+00
178474.50	0.000e+00	0.000e+00	0.000e+00
178475.50	0.000e+00	0.000e+00	0.000e+00
178476.50	0.000e+00	0.000e+00	0.000e+00
178477.50	0.000e+00	0.000e+00	0.000e+00
178478.50	0.000e+00	0.000e+00	0.000e+00
178479.50	0.000e+00	0.000e+00	0.000e+00
178480.50	0.000e+00	0.000e+00	0.000e+00
178481.50	0.000e+00	0.000e+00	0.000e+00
178482.50	0.000e+00	0.000e+00	0.000e+00
178483.50	0.000e+00	0.000e+00	0.000e+00
178484.50	0.000e+00	0.000e+00	0.000e+00
178485.50	0.000e+00	0.000e+00	0.000e+00
178486.50	0.000e+00	0.000e+00	0.000e+00
178487.50	0.000e+00	0.000e+00	0.000e+00
178488.50	-8.544e-06	-2.131e-04	2.746e-04
178489.50	2.093e-06	-5.654e-05	-6.442e-05
178490.50	1.661e-06	6.768e-05	-5.453e-05
178491.50	2.160e-05	-3.149e-04	-6.365e-04
178492.50	-4.502e-05	-1.085e-03	1.891e-03
178493.50	-7.939e-05	8.419e-03	1.200e-03
178494.50	5.270e-04	-2.256e-02	-2.966e-02
178495.50	2.976e-04	-4.147e-02	-2.592e-02
178496.50	1.469e-03	1.229e-02	-4.560e-02
178497.50	-7.517e-04	3.072e-03	4.234e-02
178498.50	-3.610e-04	-1.584e-03	1.853e-02
178499.50	-5.194e-04	1.882e-02	1.978e-02
178500.50	-2.544e-05	-2.746e-02	-7.718e-03
178501.50	-9.792e-06	8.314e-03	2.112e-03
178502.50	1.334e-04	9.245e-03	-3.110e-03
178503.50	-5.712e-04	3.110e-02	2.861e-02
178504.50	5.837e-03	-1.190e-01	-1.882e-01
178505.50	3.062e-03	-1.843e+00	-5.808e-02
178506.50	-1.958e-02	-1.747e+01	6.576e-01
178507.50	4.733e-01	-1.363e+02	-1.872e+01
178508.50	7.632e-01	-4.454e+02	-3.072e+01
178509.50	4.858e-01	-4.541e+02	-1.834e+01
178510.50	9.245e-01	-4.915e+02	-3.667e+01
178511.50	2.832e-01	-6.941e+00	-9.600e+00
178512.50	-3.283e-01	1.642e+02	1.661e+01
178513.50	-1.286e-01	1.382e+02	6.422e+00
178514.50	-3.744e-01	1.123e+02	1.661e+01
178515.50	-2.957e-01	9.235e+01	1.286e+01
178516.50	-2.938e-02	8.333e+01	1.430e+00
178517.50	-1.373e-01	8.102e+01	6.374e+00
178518.50	-1.162e-01	6.442e+01	5.117e+00
178519.50	-5.856e-02	6.221e+01	2.045e+00
178520.50	-2.611e-02	5.136e+01	1.114e+00
178521.50	-2.246e-02	4.560e+01	8.064e-01
178522.50	1.872e-04	4.838e+01	-4.176e-01
178523.50	-1.699e-02	3.926e+01	6.586e-01
178524.50	-5.798e-02	3.850e+01	1.978e+00
178525.50	-1.066e-01	3.590e+01	4.262e+00
178526.50	-2.899e-02	2.880e+01	7.786e-01
178527.50	-3.994e-02	2.918e+01	1.651e+00
178528.50	-1.181e-01	2.957e+01	4.896e+00
178529.50	-9.590e-02	2.189e+01	3.648e+00
178530.50	-7.267e-02	2.285e+01	2.390e+00
178531.50	5.309e-03	1.939e+01	-5.366e-01
178532.50	-5.827e-02	1.939e+01	2.179e+00
178533.50	-2.304e-02	1.747e+01	6.038e-01
178534.50	-3.840e-02	1.699e+01	1.248e+00
178535.50	-1.210e-02	1.450e+01	6.403e-01
178536.50	2.458e-03	1.603e+01	-8.314e-01
178537.50	-3.590e-02	1.526e+01	6.115e-01
178538.50	-6.365e-03	1.344e+01	7.862e-02
178539.50	-3.139e-02	1.162e+01	9.149e-01
178540.50	-5.635e-02	1.229e+01	1.824e+00
178541.50	-2.218e-02	1.056e+01	8.256e-01
178542.50	-3.101e-02	9.408e+00	1.382e+00
178543.50	1.795e-02	9.360e+00	-7.853e-01
178544.50	-1.334e-02	7.728e+00	1.795e-01
178545.50	-1.968e-02	9.206e+00	7.008e-01
178546.50	-4.598e-02	8.179e+00	1.507e+00
178547.50	-2.746e-02	7.123e+00	9.542e-01
178548.50	-3.197e-02	7.037e+00	1.478e+00
178549.50	-1.594e-02	6.538e+00	3.043e-01
178550.50	-5.453e-02	6.960e+00	2.141e+00
178551.50	-1.325e-02	5.674e+00	2.986e-01
178552.50	-3.542e-03	6.432e+00	-5.318e-03
178553.50	7.075e-02	4.954e+00	7.190e-01
178554.50	9.226e-02	3.245e+00	-5.510e-01
178555.50	-8.458e-02	5.011e+00	4.253e-01
178556.50	-2.390e-03	4.483e+00	8.909e-03
178557.50	-2.563e-03	3.629e+00	-1.402e-01
178558.50	7.699e-04	4.061e+00	-8.563e-02
178559.50	-1.882e-02	4.483e+00	5.856e-01
178560.50	-2.026e-02	4.272e+00	9.600e-01
178561.50	-1.133e-02	3.706e+00	3.130e-01
178562.50	-4.963e-03	2.717e+00	4.598e-02
178563.50	-2.794e-02	2.957e+00	5.482e-03
178564.50	9.043e-03	3.110e+00	-4.646e-01
178565.50	3.437e-03	2.544e+00	-2.208e-01
178566.50	-2.323e-02	2.813e+00	8.995e-01
178567.50	-1.738e-02	1.584e+00	6.106e-01
178568.50	-5.539e-03	1.507e+00	2.467e-02
178569.50	-1.133e-02	2.275e+00	1.862e-01
178570.50	-2.333e-02	3.974e+00	8.160e-01
178571.50	-1.613e-02	2.352e+00	6.432e-01
178572.50	-8.429e-03	1.334e+00	1.738e-01
178573.50	-5.222e-03	2.669e+00	4.406e-02
178574.50	7.354e-04	1.440e+00	-1.872e-01
178575.50	-3.322e-02	1.661e+00	-1.747e-01
178576.50	-5.328e-03	1.114e+00	1.594e-01
178577.50	-8.150e-03	1.574e+00	2.765e-01
178578.50	-3.878e-03	1.670e+00	8.909e-02
178579.50	-8.218e-03	9.485e-01	3.696e-01
178580.50	7.862e-03	1.373e+00	-1.680e-01
178581.50	1.181e-02	1.200e+00	-4.800e-01
178582.50	2.717e-03	1.498e+00	-8.362e-02
178583.50	-8.640e-03	1.373e+00	5.664e-01
178584.50	-3.274e-03	8.371e-01	-2.909e-02
178585.50	-1.133e-02	1.507e+00	-1.258e-01
178586.50	-4.858e-02	1.171e+00	8.659e-01
178587.50	1.085e-02	7.373e-01	-4.493e-01
178588.50	-5.712e-03	1.757e+00	1.661e-01
178589.50	-1.920e-02	6.816e-01	5.654e-01
178590.50	-9.110e-03	7.690e-01	3.101e-01
178591.50	3.974e-03	7.738e-01	-4.147e-01
178592.50	-1.133e-02	7.997e-01	2.669e-01
178593.50	5.760e-03	8.266e-01	-1.094e-03
178594.50	7.757e-04	1.267e+00	-4.262e-02
178595.50	-1.411e-03	9.130e-02	1.094e-01
178596.50	-2.582e-04	4.502e-01	-5.866e-03
178597.50	4.570e-03	6.346e-01	-3.110e-01
178598.50	-4.579e-03	7.037e-01	2.688e-01
178599.50	-3.965e-03	7.037e-01	1.699e-01
178600.50	5.194e-04	5.578e-01	-6.672e-02
178601.50	5.866e-04	6.067e-01	2.333e-02
178602.50	-3.552e-03	2.563e-01	2.275e-01
178603.50	-1.286e-03	4.406e-01	-5.693e-02
178604.50	5.693e-03	7.075e-01	-2.928e-01
178605.50	3.014e-03	5.069e-01	-1.622e-01
178606.50	-3.226e-03	2.429e-01	1.421e-01
178607.50	-6.278e-03	6.586e-02	2.198e-01
178608.50	-2.861e-03	5.069e-01	1.699e-01
178609.50	2.765e-03	7.056e-01	-1.632e-01
178610.50	-1.248e-02	4.646e-01	3.677e-01
178611.50	-7.104e-03	6.288e-01	1.997e-01
178612.50	4.781e-03	3.494e-01	-1.622e-01
178613.50	8.362e-03	6.998e-02	-2.323e-01
178614.50	3.629e-03	6.269e-02	1.430e-01
178615.50	1.622e-03	5.491e-01	-1.536e-01
178616.50	-1.824e-03	3.389e-01	7.277e-03
178617.50	8.170e-03	5.213e-01	-2.515e-01
178618.50	-1.306e-02	3.062e-01	2.621e-01
178619.50	-9.014e-03	4.886e-01	3.043e-01
178620.50	-4.483e-03	1.546e-01	4.176e-03
178621.50	-5.395e-03	2.678e-01	1.718e-01
178622.50	-4.454e-03	2.851e-01	8.160e-02
178623.50	3.494e-03	2.246e-01	-7.622e-02
178624.50	-1.037e-02	-1.104e-02	4.339e-01
178625.50	6.106e-03	5.021e-01	-3.168e-01
178626.50	1.392e-02	4.080e-01	-5.299e-01
178627.50	-8.006e-03	2.698e-02	2.227e-01
178628.50	-2.851e-03	-1.210e-02	6.720e-02
178629.50	3.178e-03	8.006e-02	-1.891e-01
178630.50	9.379e-04	4.733e-01	-1.190e-01
178631.50	-7.843e-04	2.198e-01	8.256e-02
178632.50	-4.560e-03	6.806e-02	8.438e-02
178633.50	-4.464e-03	2.227e-01	1.046e-01
178634.50	3.379e-04	8.928e-02	1.306e-01
178635.50	-4.157e-03	5.472e-02	1.478e-01
178636.50	5.530e-04	2.294e-01	-2.122e-02
178637.50	-2.899e-03	1.402e-01	9.091e-02
178638.50	1.094e-02	3.014e-01	-3.830e-01
178639.50	-3.658e-04	3.667e-01	-3.792e-02
178640.50	-3.504e-03	5.424e-02	1.152e-01
178641.50	-4.838e-03	-6.422e-02	4.925e-02
178642.50	-1.142e-03	-2.880e-02	3.638e-02
178643.50	-2.938e-03	1.949e-01	8.381e-02
178644.50	-3.034e-03	3.514e-02	6.614e-02
178645.50	-2.400e-03	7.978e-02	1.344e-01
178646.50	1.555e-03	3.139e-01	-1.085e-01
178647.50	-6.518e-04	4.224e-01	-1.190e-01
178648.50	6.259e-03	1.613e-01	-2.928e-01
178649.50	-7.910e-04	4.310e-02	8.534e-02
178650.50	-7.478e-03	1.296e-01	2.832e-01
178651.50	-4.637e-03	7.229e-02	1.277e-01
178652.50	-1.651e-04	2.938e-01	-6.883e-03
178653.50	-4.320e-04	7.382e-02	1.085e-02
178654.50	3.610e-03	-1.603e-01	-4.262e-02
178655.50	1.574e-03	1.315e-01	6.902e-02
178656.50	5.386e-03	2.342e-01	-1.421e-01
178657.50	5.424e-03	3.091e-02	-1.680e-01
178658.50	8.285e-04	2.467e-01	2.554e-02
178659.50	-2.976e-03	-1.018e-01	4.541e-02
178660.50	-5.942e-04	-1.085e-01	-9.158e-02
178661.50	-9.254e-03	-1.238e-01	3.389e-01
178662.50	-4.234e-03	1.517e-01	2.486e-01
178663.50	-1.238e-02	1.680e-01	3.120e-01
178664.50	-3.226e-03	1.008e-01	2.986e-02
178665.50	2.554e-03	-4.550e-02	-2.813e-01
178666.50	5.002e-03	1.824e-01	-4.550e-02
178667.50	1.450e-04	3.802e-01	-5.155e-02
178668.50	-8.486e-03	1.786e-01	3.514e-01
178669.50	3.869e-03	4.224e-01	-1.642e-01
178670.50	2.342e-03	2.458e-02	-1.526e-01
178671.50	1.526e-03	-8.842e-02	-1.690e-02
178672.50	-3.725e-03	8.371e-02	1.181e-01
178673.50	8.294e-03	1.670e-01	-1.728e-01
178674.50	-2.083e-03	1.834e-02	1.238e-01
178675.50	2.957e-04	-9.360e-02	-4.733e-02
178676.50	-5.587e-03	1.930e-01	1.267e-01
178677.50	-3.005e-03	-3.926e-02	9.696e-02
178678.50	1.133e-03	1.027e-01	2.986e-02
178679.50	2.794e-03	-2.035e-02	-5.040e-02
178680.50	4.474e-04	-1.392e-01	-1.795e-02
178681.50	1.526e-04	-2.986e-01	-1.392e-02
178682.50	8.909e-04	-7.056e-02	3.686e-02
178683.50	1.123e-03	1.574e-01	-1.181e-02
178684.50	-4.483e-03	8.141e-02	7.142e-02
178685.50	-1.862e-03	2.458e-01	1.373e-02
178686.50	-5.750e-03	-1.632e-02	2.064e-01
178687.50	-7.056e-04	-6.221e-03	7.277e-03
178688.50	1.709e-03	1.133e-02	-1.027e-01
178689.50	7.430e-03	5.290e-02	-2.064e-01
178690.50	3.130e-03	9.696e-02	1.066e-02
178691.50	-7.565e-03	-2.362e-02	2.285e-01
178692.50	-2.352e-03	2.611e-02	1.478e-01
178693.50	1.805e-03	-1.987e-02	-6.000e-02
178694.50	1.478e-03	9.418e-02	-6.144e-02
178695.50	-5.779e-04	1.277e-01	4.416e-02
178696.50	2.467e-03	-1.344e-01	1.296e-02
178697.50	3.206e-03	7.363e-02	-2.438e-02
178698.50	-9.110e-03	8.256e-02	5.386e-02
178699.50	5.722e-04	1.325e-01	2.429e-02
178700.50	3.600e-03	6.288e-02	-1.008e-01
178701.50	1.075e-03	-8.112e-02	-8.333e-02
178702.50	2.755e-03	5.587e-02	-3.034e-02
178703.50	-1.142e-02	-6.874e-02	2.851e-01
178704.50	5.194e-03	-4.368e-02	-7.190e-02
178705.50	1.008e-03	1.843e-02	-1.229e-01
178706.50	-1.498e-03	-9.984e-02	-1.430e-01
178707.50	-1.085e-03	9.024e-02	2.381e-01
178708.50	-1.574e-03	3.110e-01	-1.843e-02
178709.50	-5.981e-03	6.134e-02	9.254e-02
178710.50	-1.411e-03	1.325e-01	3.427e-02
178711.50	9.792e-04	1.507e-02	-8.054e-02
178712.50	-6.595e-03	5.299e-02	2.794e-01
178713.50	1.354e-03	1.440e-01	-7.450e-02
178714.50	8.419e-04	-7.507e-02	-5.597e-02
178715.50	9.888e-04	-9.696e-04	-8.582e-02
178716.50	9.360e-04	3.120e-02	3.302e-02
178717.50	-2.006e-03	1.094e-03	8.995e-02
178718.50	-4.963e-03	-5.213e-02	7.843e-02
178719.50	4.906e-03	6.221e-02	-1.757e-01
178720.50	3.696e-03	1.728e-02	-1.690e-01
178721.50	-3.754e-03	-9.590e-04	7.056e-02
178722.50	-3.859e-05	4.858e-02	2.486e-02
178723.50	-1.238e-03	2.755e-02	1.181e-01
178724.50	2.150e-03	1.238e-01	8.275e-03
178725.50	-7.949e-03	-1.690e-02	7.546e-02
178726.50	2.093e-03	-2.976e-02	-8.170e-02
178727.50	6.672e-04	9.600e-02	1.920e-02
178728.50	3.370e-03	6.355e-02	-1.200e-01
178729.50	-1.958e-03	-1.411e-01	6.038e-02
178730.50	-1.114e-03	-1.411e-01	-1.142e-02
178731.50	-3.821e-03	3.043e-02	1.277e-01
178732.50	-1.440e-03	-1.930e-02	-5.885e-03
178733.50	2.419e-03	-2.266e-02	-1.046e-01
178734.50	3.350e-03	3.168e-02	-2.621e-02
178735.50	-3.744e-03	9.466e-02	1.085e-01
178736.50	-1.930e-03	1.766e-01	2.774e-02
178737.50	-4.877e-03	-7.574e-02	5.050e-02
178738.50	-2.362e-05	-1.411e-01	1.728e-02
178739.50	-5.837e-04	-1.766e-01	1.728e-01
178740.50	4.848e-03	-7.354e-02	-2.342e-02
178741.50	5.453e-04	-6.979e-02	-8.995e-02
178742.50	-1.450e-03	2.179e-01	9.130e-02
178743.50	7.565e-04	2.861e-02	-8.342e-02
178744.50	5.184e-03	-9.322e-02	-5.558e-02
178745.50	5.184e-04	1.930e-01	2.275e-03
178746.50	9.696e-04	4.272e-02	-6.192e-02
178747.50	-2.045e-03	-2.256e-02	5.338e-02
178748.50	3.149e-03	-1.382e-02	-1.238e-01
178749.50	7.450e-04	1.018e-01	5.222e-02
178750.50	-2.333e-03	-5.443e-02	1.085e-01
178751.50	4.906e-03	-1.498e-01	-7.651e-02
178752.50	1.440e-04	1.162e-01	-1.296e-01
178753.50	1.949e-03	5.261e-02	-1.555e-02
178754.50	-1.190e-03	1.027e-01	3.763e-02
178755.50	-1.210e-03	-1.661e-01	4.714e-02
178756.50	-3.408e-03	3.130e-02	-1.267e-02
178757.50	-4.877e-03	-7.027e-02	7.891e-02
178758.50	-3.197e-04	3.283e-02	3.005e-02
178759.50	-1.306e-02	-9.696e-02	8.966e-02
178760.50	1.651e-02	1.786e-01	-2.650e-02
178761.50	4.109e-03	7.843e-02	-7.027e-02
178762.50	2.813e-03	5.635e-03	-2.650e-02
178763.50	2.122e-04	-9.379e-02	-4.205e-02
178764.50	6.096e-04	-5.290e-02	-4.944e-02
178765.50	5.299e-03	5.462e-02	-1.526e-01
178766.50	-2.794e-03	8.237e-02	9.504e-02
178767.50	-2.794e-03	1.075e-01	6.058e-02
178768.50	-1.229e-03	3.331e-02	3.850e-02
178769.50	-1.066e-03	1.699e-02	2.698e-02
178770.50	-1.162e-05	-7.498e-02	-3.130e-02
178771.50	-3.053e-03	4.781e-02	-1.891e-02
178772.50	2.525e-03	-5.050e-02	-2.592e-02
178773.50	-1.853e-03	1.315e-01	4.368e-02
178774.50	3.830e-03	-1.805e-02	-6.787e-03
178775.50	6.691e-04	-2.448e-02	-8.054e-02
178776.50	4.704e-03	-7.354e-02	-7.334e-02
178777.50	1.344e-03	-1.738e-02	-8.486e-03
178778.50	1.411e-03	6.960e-02	5.472e-02
178779.50	-2.246e-03	1.555e-02	-7.651e-03
178780.50	-4.330e-03	-5.030e-02	-5.760e-04
178781.50	1.853e-03	-5.347e-02	2.803e-03
178782.50	2.208e-04	-7.344e-02	-1.363e-02
178783.50	-4.330e-03	-4.560e-02	1.114e-02
178784.50	3.398e-03	1.546e-01	1.670e-02
178785.50	-3.629e-04	6.010e-02	1.594e-01
178786.50	1.008e-02	2.285e-02	-1.603e-01
178787.50	8.227e-03	1.200e-01	-5.750e-02
178788.50	1.027e-02	-7.786e-02	-1.469e-01
178789.50	-2.678e-02	-6.634e-02	2.486e-01
178790.50	-8.438e-04	1.267e-01	-6.835e-02
178791.50	-3.101e-03	2.381e-02	5.635e-02
178792.50	-2.861e-03	-1.382e-01	1.008e-01
178793.50	2.371e-04	-1.085e-01	3.437e-02
178794.50	1.094e-03	-1.171e-01	-6.144e-02
178795.50	3.946e-03	8.870e-02	-7.373e-02
178796.50	5.376e-03	8.486e-02	-9.024e-02
178797.50	-1.987e-03	3.322e-02	9.168e-02
178798.50	-2.266e-03	4.829e-02	1.027e-01
178799.50	1.651e-03	2.842e-02	-4.454e-02
178800.50	-4.397e-03	4.973e-02	9.571e-02
178801.50	-3.130e-03	-9.792e-02	-8.659e-03
178802.50	2.534e-04	-2.026e-02	-6.538e-03
178803.50	2.966e-04	-1.190e-03	-3.677e-02
178804.50	2.938e-03	-2.333e-03	-1.037e-01
178805.50	1.987e-04	5.165e-02	-2.390e-03
178806.50	-2.582e-03	3.043e-02	9.149e-02
178807.50	-5.270e-04	4.704e-02	1.814e-02
178808.50	6.979e-03	-8.083e-02	-1.200e-01
178809.50	1.066e-03	3.715e-02	-3.293e-04
178810.50	-9.561e-04	-2.765e-02	8.160e-02
178811.50	-1.574e-03	-1.373e-02	-9.168e-03
178812.50	3.226e-03	5.750e-02	-3.898e-02
178813.50	5.731e-04	1.603e-02	8.611e-03
178814.50	-4.637e-04	5.971e-03	-3.312e-02
178815.50	1.037e-04	-5.952e-02	-3.149e-02
178816.50	-4.090e-03	-2.746e-02	1.642e-02
178817.50	1.142e-04	1.286e-01	4.560e-02
178818.50	-5.981e-03	-7.382e-02	9.360e-02
178819.50	3.734e-04	3.898e-03	1.498e-02
178820.50	-1.066e-03	8.256e-02	-8.400e-03
178821.50	1.517e-03	9.216e-02	-5.395e-02
178822.50	4.061e-03	-8.717e-02	-4.070e-02
178823.50	1.920e-03	-6.010e-02	-7.718e-02
178824.50	-8.102e-04	-6.384e-02	-4.675e-03
178825.50	-5.462e-04	-5.088e-02	3.072e-02
178826.50	3.907e-03	-1.536e-02	-7.229e-02
178827.50	2.064e-03	1.728e-02	-4.838e-02
178828.50	6.989e-05	-8.381e-02	-6.288e-02
178829.50	2.064e-04	2.918e-02	-7.987e-03
178830.50	-2.458e-03	-2.966e-02	4.243e-02
178831.50	-1.968e-03	3.485e-02	1.066e-01
178832.50	6.470e-03	1.190e-01	5.971e-02
178833.50	1.939e-03	3.110e-02	-3.667e-02
178834.50	-1.757e-03	-6.096e-02	4.070e-02
178835.50	3.696e-03	-9.485e-02	-2.765e-02
178836.50	-2.794e-04	-7.066e-02	-1.488e-02
178837.50	2.285e-03	1.277e-01	-6.307e-02
178838.50	-1.738e-03	1.526e-02	4.253e-02
178839.50	-3.744e-03	3.312e-02	4.474e-02
178840.50	-1.286e-04	4.666e-02	8.179e-02
178841.50	1.939e-03	1.594e-01	-5.146e-02
178842.50	3.024e-03	-5.146e-02	-5.395e-02
178843.50	5.520e-04	4.090e-02	5.424e-03
178844.50	-4.301e-04	-4.675e-02	-1.306e-02
178845.50	-3.850e-03	9.350e-02	7.248e-02
178846.50	-9.792e-04	-5.702e-02	3.514e-02
178847.50	1.718e-03	-4.742e-02	-5.280e-02
178848.50	-5.040e-03	-8.640e-02	-6.394e-03
178849.50	3.715e-03	-4.474e-02	6.336e-02
178850.50	-2.842e-03	9.581e-02	-3.888e-02
178851.50	-2.947e-03	7.670e-02	-5.866e-02
178852.50	1.008e-03	-5.261e-02	-6.950e-02
178853.50	-1.229e-03	-6.442e-02	3.706e-02
178854.50	2.256e-03	-6.250e-02	-8.938e-02
178855.50	-5.318e-04	-4.435e-02	1.968e-02
178856.50	4.829e-04	-3.341e-02	7.968e-03
178857.50	2.851e-03	4.426e-04	-6.816e-02
178858.50	1.018e-03	4.646e-02	-7.642e-03
178859.50	3.974e-04	-4.166e-03	-1.613e-02
178860.50	-8.986e-04	1.037e-02	4.550e-02
178861.50	3.686e-04	4.032e-02	1.488e-02
178862.50	-4.934e-03	8.160e-02	7.094e-02
178863.50	-2.765e-03	2.794e-02	-2.467e-03
178864.50	5.578e-03	-7.536e-02	-6.000e-02
178865.50	-4.157e-04	1.315e-03	2.112e-02
178866.50	-1.354e-03	-7.632e-03	1.478e-02
178867.50	-7.507e-04	-2.438e-03	2.506e-02
178868.50	-9.888e-04	-1.910e-02	7.949e-02
178869.50	1.306e-03	1.891e-02	-7.238e-02
178870.50	-4.963e-04	3.917e-02	-2.294e-02
178871.50	5.222e-04	-1.354e-02	-2.899e-02
178872.50	2.198e-04	-1.478e-02	-1.795e-02
178873.50	2.227e-03	5.578e-02	-3.206e-03
178874.50	-2.477e-03	1.085e-02	7.056e-02
178875.50	-2.054e-03	-6.259e-02	9.984e-02
178876.50	-1.670e-03	-1.776e-02	6.077e-02
178877.50	1.056e-03	-1.411e-02	-1.632e-02
178878.50	-8.563e-04	1.498e-02	8.179e-02
178879.50	1.037e-03	1.949e-02	-1.210e-01
178880.50	3.254e-03	1.757e-02	2.189e-02
178881.50	-3.187e-03	-4.925e-02	6.595e-02
178882.50	-2.563e-03	4.963e-02	-5.846e-03
178883.50	9.984e-04	-7.766e-03	-7.315e-02
178884.50	-8.544e-04	-3.283e-02	-5.002e-02
178885.50	1.133e-04	2.669e-02	-5.789e-03
178886.50	-9.379e-04	5.597e-03	1.258e-02
178887.50	1.488e-03	5.808e-02	-2.218e-03
178888.50	1.843e-04	-3.389e-02	2.602e-02
178889.50	-2.640e-03	-1.507e-02	-6.403e-02
178890.50	-6.682e-03	-2.352e-02	8.717e-02
178891.50	7.478e-04	-5.606e-02	8.890e-03
178892.50	-2.938e-03	5.069e-03	9.197e-03
178893.50	-2.918e-03	2.611e-02	7.776e-02
178894.50	7.229e-04	-5.098e-02	-3.494e-02
178895.50	7.363e-04	2.112e-02	-3.245e-02
178896.50	2.736e-05	1.075e-02	-3.734e-02
178897.50	-6.854e-04	5.270e-02	1.171e-02
178898.50	6.672e-04	-2.726e-02	2.918e-02
178899.50	1.411e-03	1.018e-02	-4.656e-02
178900.50	1.286e-03	4.493e-03	-3.706e-02
178901.50	1.123e-02	4.090e-03	-7.344e-02
178902.50	2.851e-03	5.846e-02	-2.986e-04
178903.50	2.160e-03	2.467e-02	5.491e-02
178904.50	-3.686e-03	3.168e-02	6.797e-03
178905.50	-2.352e-03	-3.235e-03	-1.680e-02
178906.50	-2.477e-03	3.331e-02	6.413e-02
178907.50	3.322e-03	1.757e-02	-6.096e-02
178908.50	1.334e-03	2.256e-02	2.477e-04
178909.50	-1.171e-03	-1.699e-02	-2.026e-02
178910.50	6.989e-04	3.619e-02	-1.795e-02
178911.50	2.362e-03	5.270e-02	-2.256e-02
178912.50	3.398e-03	-1.728e-02	-5.597e-02
178913.50	-3.312e-03	2.102e-02	7.498e-02
178914.50	6.077e-04	5.923e-03	2.899e-02
178915.50	4.118e-03	-9.552e-03	-1.114e-01
178916.50	-3.034e-03	-7.440e-02	6.634e-02
178917.50	-5.587e-03	-1.738e-02	3.917e-02
178918.50	-1.968e-03	3.043e-02	4.531e-02
178919.50	-5.002e-03	-1.498e-02	9.139e-02
178920.50	-1.344e-04	6.115e-02	1.440e-02
178921.50	1.315e-03	-1.862e-02	-9.216e-02
178922.50	-3.715e-03	-2.909e-03	2.102e-02
178923.50	1.152e-03	-4.042e-02	3.638e-03
178924.50	9.792e-04	-6.163e-02	-1.200e-02
178925.50	3.322e-04	-6.058e-02	1.507e-02
178926.50	-1.325e-03	-3.619e-03	5.578e-02
178927.50	-4.090e-04	4.147e-02	1.334e-03
178928.50	-1.162e-03	2.093e-02	-4.474e-03
178929.50	2.083e-03	-3.552e-02	-2.198e-02
178930.50	1.459e-04	2.755e-02	-9.888e-03
178931.50	5.165e-04	-2.304e-02	1.920e-02
178932.50	-1.075e-04	5.616e-03	6.730e-03
178933.50	6.346e-03	1.498e-02	-2.419e-02
178934.50	-1.046e-03	4.541e-02	7.574e-03
178935.50	-6.922e-04	-4.445e-02	-3.139e-02
178936.50	-2.918e-03	5.146e-02	2.515e-02
178937.50	-3.101e-03	3.053e-02	5.213e-02
178938.50	-2.938e-03	-4.042e-02	7.546e-03
178939.50	6.058e-04	6.586e-02	-1.152e-02
178940.50	1.613e-03	6.845e-04	-2.822e-02
178941.50	5.232e-04	-1.872e-02	-5.626e-02
178942.50	-1.987e-03	-6.634e-02	2.266e-02
178943.50	4.118e-03	4.243e-02	-4.166e-02
178944.50	-7.488e-04	9.533e-03	3.379e-02
178945.50	-7.363e-04	1.718e-02	1.498e-02
178946.50	-2.362e-04	-3.130e-02	-1.728e-02
178947.50	8.237e-04	4.147e-03	-4.416e-02
178948.50	-3.706e-03	-3.936e-05	7.987e-02
178949.50	4.032e-03	-1.613e-02	-3.034e-02
178950.50	1.536e-03	-1.987e-02	2.630e-02
178951.50	2.822e-04	-1.728e-02	3.571e-03
178952.50	-4.426e-03	-2.515e-02	3.542e-02
178953.50	-1.507e-05	2.746e-02	-3.725e-02
178954.50	6.758e-04	-2.227e-03	-1.718e-02
178955.50	-2.938e-04	-3.494e-02	1.978e-03
178956.50	4.608e-03	6.058e-02	-5.107e-02
178957.50	3.965e-03	2.870e-02	-4.704e-02
178958.50	1.949e-03	-5.904e-03	5.203e-03
