178360.50	0.000e+00	0.000e+00	0.000e+00
178361.50	0.000e+00	0.000e+00	0.000e+00
178362.50	0.000e+00	0.000e+00	0.000e+00
178363.50	0.000e+00	0.000e+00	0.000e+00
178364.50	0.000e+00	0.000e+00	0.000e+00
178365.50	0.000e+00	0.000e+00	0.000e+00
178366.50	0.000e+00	0.000e+00	0.000e+00
178367.50	0.000e+00	0.000e+00	0.000e+00
178368.50	0.000e+00	0.000e+00	0.000e+00
178369.50	0.000e+00	0.000e+00	0.000e+00
178370.50	0.000e+00	0.000e+00	0.000e+00
178371.50	0.000e+00	0.000e+00	0.000e+00
178372.50	0.000e+00	0.000e+00	0.000e+00
178373.50	0.000e+00	0.000e+00	0.000e+00
178374.50	0.000e+00	0.000e+00	0.000e+00
178375.50	0.000e+00	0.000e+00	0.000e+00
178376.50	0.000e+00	0.000e+00	0.000e+00
178377.50	0.000e+00	0.000e+00	0.000e+00
178378.50	0.000e+00	0.000e+00	0.000e+00
178379.50	0.000e+00	0.000e+00	0.000e+00
178380.50	0.000e+00	0.000e+00	0.000e+00
178381.50	0.000e+00	0.000e+00	0.000e+00
178382.50	0.000e+00	0.000e+00	0.000e+00
178383.50	0.000e+00	0.000e+00	0.000e+00
178384.50	0.000e+00	0.000e+00	0.000e+00
178385.50	0.000e+00	0.000e+00	0.000e+00
178386.50	0.000e+00	0.000e+00	0.000e+00
178387.50	0.000e+00	0.000e+00	0.000e+00
178388.50	0.000e+00	0.000e+00	0.000e+00
178389.50	0.000e+00	0.000e+00	0.000e+00
178390.50	0.000e+00	0.000e+00	0.000e+00
178391.50	0.000e+00	0.000e+00	0.000e+00
178392.50	0.000e+00	0.000e+00	0.000e+00
178393.50	0.000e+00	0.000e+00	0.000e+00
178394.50	0.000e+00	0.000e+00	0.000e+00
178395.50	0.000e+00	0.000e+00	0.000e+00
178396.50	0.000e+00	0.000e+00	0.000e+00
178397.50	0.000e+00	0.000e+00	0.000e+00
178398.50	0.000e+00	0.000e+00	0.000e+00
178399.50	0.000e+00	0.000e+00	0.000e+00
178400.50	0.000e+00	0.000e+00	0.000e+00
178401.50	0.000e+00	0.000e+00	0.000e+00
178402.50	0.000e+00	0.000e+00	0.000e+00
178403.50	0.000e+00	0.000e+00	0.000e+00
178404.50	0.000e+00	0.000e+00	0.000e+00
178405.50	0.000e+00	0.000e+00	0.000e+00
178406.50	0.000e+00	0.000e+00	0.000e+00
178407.50	0.000e+00	0.000e+00	0.000e+00
178408.50	0.000e+00	0.000e+00	0.000e+00
178409.50	0.000e+00	0.000e+00	0.000e+00
178410.50	0.000e+00	0.000e+00	0.000e+00
178411.50	0.000e+00	0.000e+00	0.000e+00
178412.50	0.000e+00	0.000e+00	0.000e+00
178413.50	0.000e+00	0.000e+00	0.000e+00
178414.50	0.000e+00	0.000e+00	0.000e+00
178415.50	0.000e+00	0.000e+00	0.000e+00
178416.50	0.000e+00	0.000e+00	0.000e+00
178417.50	0.000e+00	0.000e+00	0.000e+00
178418.50	0.000e+00	0.000e+00	0.000e+00
178419.50	0.000e+00	0.000e+00	0.000e+00
178420.50	0.000e+00	0.000e+00	0.000e+00
178421.50	0.000e+00	0.000e+00	0.000e+00
178422.50	0.000e+00	0.000e+00	0.000e+00
178423.50	0.000e+00	0.000e+00	0.000e+00
178424.50	0.000e+00	0.000e+00	0.000e+00
178425.50	0.000e+00	0.000e+00	0.000e+00
178426.50	0.000e+00	0.000e+00	0.000e+00
178427.50	0.000e+00	0.000e+00	0.000e+00
178428.50	0.000e+00	0.000e+00	0.000e+00
178429.50	0.000e+00	0.000e+00	0.000e+00
178430.50	0.000e+00	0.000e+00	0.000e+00
178431.50	0.000e+00	0.000e+00	0.000e+00
178432.50	0.000e+00	0.000e+00	0.000e+00
178433.50	0.000e+00	0.000e+00	0.000e+00
178434.50	0.000e+00	0.000e+00	0.000e+00
178435.50	0.000e+00	0.000e+00	0.000e+00
178436.50	0.000e+00	0.000e+00	0.000e+00
178437.50	0.000e+00	0.000e+00	0.000e+00
178438.50	0.000e+00	0.000e+00	0.000e+00
178439.50	0.000e+00	0.000e+00	0.000e+00
178440.50	0.000e+00	0.000e+00	0.000e+00
178441.50	0.000e+00	0.000e+00	0.000e+00
178442.50	0.000e+00	0.000e+00	0.000e+00
178443.50	0.000e+00	0.000e+00	0.000e+00
178444.50	0.000e+00	0.000e+00	0.000e+00
178445.50	0.000e+00	0.000e+00	0.000e+00
178446.50	0.000e+00	0.000e+00	0.000e+00
178447.50	0.000e+00	0.000e+00	0.000e+00
178448.50	0.000e+00	0.000e+00	0.000e+00
178449.50	0.000e+00	0.000e+00	0.000e+00
178450.50	0.000e+00	0.000e+00	0.000e+00
178451.50	0.000e+00	0.000e+00	0.000e+00
178452.50	0.000e+00	0.000e+00	0.000e+00
178453.50	0.000e+00	0.000e+00	0.000e+00
178454.50	0.000e+00	0.000e+00	0.000e+00
178455.50	0.000e+00	0.000e+00	0.000e+00
178456.50	0.000e+00	0.000e+00	0.000e+00
178457.50	0.000e+00	0.000e+00	0.000e+00
178458.50	0.000e+00	0.000e+00	0.000e+00
178459.50	0.000e+00	0.000e+00	0.000e+00
178460.50	0.000e+00	0.000e+00	0.000e+00
178461.50	0.000e+00	0.000e+00	0.000e+00
178462.50	0.000e+00	0.000e+00	0.000e+00
178463.50	0.000e+00	0.000e+00	0.000e+00
178464.50	0.000e+00	0.000e+00	0.000e+00
178465.50	0.000e+00	0.000e+00	0.000e+00
178466.50	0.000e+00	0.000e+00	0.000e+00
178467.50	0.000e+00	0.000e+00	0.000e+00
178468.50	0.000e+00	0.000e+00	0.000e+00
178469.50	0.000e+00	0.000e+00	0.000e+00
178470.50	0.000e+00	0.000e+00	0.000e+00
178471.50	0.000e+00	0.000e+00	0.000e+00
178472.50	0.000e+00	0.000e+00	0.000e+00
178473.50	0.000e+00	0.000e+00	0.000e+00
178474.50	0.000e+00	0.000e+00	0.000e+00
178475.50	0.000e+00	0.000e+00	0.000e+00
178476.50	0.000e+00	0.000e+00	0.000e+00
178477.50	0.000e+00	0.000e+00	0.000e+00
178478.50	0.000e+00	0.000e+00	0.000e+00
178479.50	0.000e+00	0.000e+00	0.000e+00
178480.50	0.000e+00	0.000e+00	0.000e+00
178481.50	0.000e+00	0.000e+00	0.000e+00
178482.50	0.000e+00	0.000e+00	0.000e+00
178483.50	0.000e+00	0.000e+00	0.000e+00
178484.50	0.000e+00	0.000e+00	0.000e+00
178485.50	0.000e+00	0.000e+00	0.000e+00
178486.50	0.000e+00	0.000e+00	0.000e+00
178487.50	0.000e+00	0.000e+00	0.000e+00
178488.50	0.000e+00	0.000e+00	0.000e+00
178489.50	0.000e+00	0.000e+00	0.000e+00
178490.50	3.062e-07	7.613e-06	2.765e-05
178491.50	5.030e-06	5.674e-05	6.019e-04
178492.50	-2.986e-06	-4.022e-04	1.498e-04
178493.50	-4.954e-06	-8.390e-05	-9.984e-04
178494.50	-1.056e-04	-2.006e-02	1.018e-01
178495.50	8.813e-05	5.059e-03	6.394e-03
178496.50	2.698e-04	2.515e-02	-3.158e-02
178497.50	1.037e-04	7.056e-03	-5.587e-03
178498.50	-2.227e-04	-1.843e-02	-3.235e-04
178499.50	-5.251e-04	-6.240e-02	5.251e-03
178500.50	6.979e-04	6.403e-02	2.045e-03
178501.50	-8.112e-06	2.054e-03	-1.632e-02
178502.50	5.386e-05	6.336e-03	-8.054e-03
178503.50	-5.376e-04	-7.795e-02	2.266e-02
178504.50	-9.264e-05	7.133e-03	-3.110e-02
178505.50	-1.075e-05	-1.094e-03	3.562e-02
178506.50	-1.104e-03	-3.053e-02	-1.555e-01
178507.50	-2.131e-02	-2.035e+00	4.694e-01
178508.50	-1.613e-01	-1.450e+01	2.093e+00
178509.50	-9.379e-01	-8.592e+01	1.008e+01
178510.50	-3.389e+00	-3.206e+02	2.554e+01
178511.50	-4.003e+00	-3.926e+02	2.765e+01
178512.50	-4.618e+00	-4.694e+02	3.226e+01
178513.50	-1.661e+00	-1.843e+02	-1.997e-01
178514.50	1.085e+00	9.888e+01	-2.074e+01
178515.50	1.363e+00	1.325e+02	-1.344e+01
178516.50	1.152e+00	1.123e+02	-4.234e+00
178517.50	9.888e-01	9.696e+01	-8.890e+00
178518.50	8.986e-01	8.938e+01	-1.066e+01
178519.50	7.661e-01	7.613e+01	-4.243e+00
178520.50	6.192e-01	6.067e+01	-8.602e-01
178521.50	6.086e-01	6.019e+01	-3.562e+00
178522.50	5.098e-01	5.021e+01	-6.739e-01
178523.50	5.002e-01	5.021e+01	-5.731e+00
178524.50	5.040e-01	4.867e+01	-3.696e+00
178525.50	3.907e-01	3.821e+01	7.843e-02
178526.50	3.456e-01	3.446e+01	1.046e+00
178527.50	3.245e-01	3.322e+01	-5.050e+00
178528.50	3.110e-01	3.158e+01	-2.515e+00
178529.50	2.918e-01	2.822e+01	-1.306e+00
178530.50	2.237e-01	2.314e+01	-2.390e+00
178531.50	2.525e-01	2.496e+01	5.232e-01
178532.50	2.141e-01	2.189e+01	9.696e-01
178533.50	2.026e-01	2.074e+01	-3.091e+00
178534.50	2.198e-01	2.150e+01	-8.803e-01
178535.50	1.565e-01	1.574e+01	-1.114e+00
178536.50	1.776e-01	1.795e+01	-9.542e-02
178537.50	1.622e-01	1.594e+01	-2.112e-01
178538.50	1.238e-01	1.258e+01	-1.171e+00
178539.50	1.248e-01	1.296e+01	2.995e-01
178540.50	1.018e-01	1.075e+01	-1.709e+00
178541.50	1.286e-01	1.306e+01	-3.926e-01
178542.50	1.229e-01	1.190e+01	7.632e-01
178543.50	9.888e-02	1.008e+01	9.072e-01
178544.50	1.152e-01	1.123e+01	-2.314e-01
178545.50	9.792e-02	1.066e+01	-1.459e+00
178546.50	8.678e-02	8.688e+00	-1.930e+00
178547.50	7.248e-02	6.768e+00	-1.594e-01
178548.50	7.814e-02	8.237e+00	-1.786e-01
178549.50	6.643e-02	7.478e+00	-3.341e-01
178550.50	6.931e-02	6.547e+00	9.888e-01
178551.50	6.230e-02	6.595e+00	3.610e-01
178552.50	5.347e-02	5.587e+00	-1.210e-01
178553.50	6.269e-02	6.038e+00	1.142e+00
178554.50	5.011e-02	4.819e+00	-5.184e-01
178555.50	4.858e-02	4.896e+00	-5.290e-01
178556.50	3.754e-02	4.003e+00	6.115e-02
178557.50	4.618e-02	4.685e+00	-1.219e-01
178558.50	4.310e-02	4.291e+00	9.274e-01
178559.50	4.598e-02	4.723e+00	-2.582e-01
178560.50	4.675e-02	4.858e+00	1.114e-01
178561.50	3.101e-02	3.629e+00	-1.834e-01
178562.50	2.304e-02	2.515e+00	4.157e-01
178563.50	4.656e-02	4.061e+00	4.320e-01
178564.50	3.523e-02	3.571e+00	-9.072e-01
178565.50	2.707e-02	3.283e+00	-1.190e-01
178566.50	2.016e-02	2.458e+00	-2.256e-01
178567.50	3.072e-02	3.389e+00	-1.795e-01
178568.50	2.045e-02	2.179e+00	-6.298e-01
178569.50	3.062e-02	2.774e+00	-9.696e-02
178570.50	1.565e-02	2.141e+00	-3.638e-01
178571.50	2.179e-02	1.939e+00	9.792e-01
178572.50	2.784e-02	2.918e+00	-2.093e-01
178573.50	2.141e-02	2.160e+00	-2.486e-02
178574.50	1.747e-02	2.323e+00	-1.190e+00
178575.50	2.554e-02	1.939e+00	6.749e-01
178576.50	2.323e-02	2.131e+00	9.254e-01
178577.50	-9.216e-04	4.589e-01	-3.734e-01
178578.50	1.162e-02	1.738e+00	-3.293e-01
178579.50	1.459e-02	1.507e+00	-4.944e-02
178580.50	1.498e-02	1.632e+00	-5.165e-01
178581.50	1.853e-02	1.584e+00	5.299e-01
178582.50	3.782e-03	7.757e-01	4.426e-01
178583.50	1.459e-02	1.258e+00	-4.570e-01
178584.50	1.978e-02	1.402e+00	-1.834e-01
178585.50	1.162e-02	1.411e+00	-1.229e-01
178586.50	5.165e-04	4.051e-01	-2.813e-01
178587.50	1.459e-02	1.373e+00	3.677e-02
178588.50	8.957e-03	1.085e+00	1.997e-01
178589.50	6.192e-04	-3.158e-02	-1.603e-01
178590.50	2.438e-03	7.258e-01	1.075e-01
178591.50	9.792e-03	1.190e+00	2.093e-01
178592.50	1.642e-02	1.594e+00	-1.891e-01
178593.50	7.296e-03	1.258e+00	-7.085e-01
178594.50	1.939e-02	8.746e-01	1.949e-01
178595.50	9.485e-02	-4.838e-01	-7.286e-01
178596.50	-2.640e-02	5.328e-01	1.075e+00
178597.50	6.278e-03	8.736e-01	5.357e-02
178598.50	-2.275e-02	9.984e-01	-1.018e-01
178599.50	7.286e-03	6.374e-01	-9.696e-02
178600.50	-2.458e-04	4.906e-01	-1.488e-02
178601.50	5.232e-03	6.691e-01	-1.037e-01
178602.50	5.693e-03	3.552e-01	8.995e-02
178603.50	4.915e-03	7.910e-01	-1.459e-01
178604.50	6.326e-03	6.154e-01	2.813e-01
178605.50	-1.862e-03	1.238e-02	1.210e-01
178606.50	-4.752e-04	3.456e-01	6.202e-02
178607.50	1.142e-02	9.254e-01	-2.611e-01
178608.50	-1.075e-03	2.410e-01	-5.693e-01
178609.50	1.075e-02	8.477e-01	9.139e-02
178610.50	3.955e-03	6.067e-01	1.373e-01
178611.50	1.056e-04	1.181e-01	-6.221e-02
178612.50	4.080e-03	3.782e-01	-9.561e-02
178613.50	1.229e-03	5.270e-01	-2.640e-01
178614.50	-3.043e-04	2.227e-01	-3.773e-01
178615.50	2.966e-03	5.155e-01	4.339e-02
178616.50	4.858e-03	7.402e-01	-3.110e-01
178617.50	5.856e-03	3.686e-01	2.534e-01
178618.50	-5.501e-03	1.690e-01	2.707e-02
178619.50	-2.822e-03	1.450e-01	-1.334e-01
178620.50	6.317e-03	2.035e-01	4.243e-01
178621.50	3.965e-03	3.571e-01	-1.536e-01
178622.50	6.634e-03	5.674e-01	3.130e-01
178623.50	-3.523e-03	-1.085e-01	-1.632e-01
178624.50	-2.237e-03	-1.018e-01	-2.026e-01
178625.50	2.141e-03	3.802e-01	2.947e-02
178626.50	2.026e-03	2.506e-01	-1.738e-02
178627.50	4.272e-03	2.746e-01	-3.370e-02
178628.50	1.066e-03	3.014e-01	-9.485e-02
178629.50	1.555e-03	-1.690e-01	2.755e-02
178630.50	-6.038e-03	3.763e-01	-1.315e-01
178631.50	-7.402e-04	3.638e-01	-1.430e-01
178632.50	2.400e-03	2.256e-01	-2.650e-01
178633.50	-1.411e-04	-2.093e-01	2.390e-02
178634.50	3.936e-03	5.126e-01	3.130e-01
178635.50	4.982e-03	2.362e-01	2.227e-01
178636.50	6.202e-04	4.531e-02	-1.786e-01
178637.50	3.552e-03	3.869e-01	7.104e-02
178638.50	-1.142e-03	4.147e-02	2.947e-02
178639.50	2.563e-04	6.787e-02	2.832e-01
178640.50	-6.864e-03	-1.152e-01	-2.621e-01
178641.50	1.075e-02	3.197e-01	-2.698e-01
178642.50	9.466e-03	1.267e-01	3.485e-01
178643.50	1.133e-03	-2.275e-01	3.773e-01
178644.50	1.661e-03	1.133e-01	-1.968e-01
178645.50	6.739e-03	2.093e-01	4.080e-01
178646.50	5.818e-03	3.677e-01	1.162e-01
178647.50	4.829e-04	1.344e-02	-2.736e-01
178648.50	1.930e-03	-1.181e-02	-4.627e-01
178649.50	-1.334e-03	2.602e-01	2.026e-01
178650.50	4.598e-03	1.872e-01	-2.957e-02
178651.50	2.592e-04	1.277e-01	5.424e-02
178652.50	3.638e-04	3.322e-01	6.586e-02
178653.50	-4.176e-03	1.488e-01	1.219e-01
178654.50	-3.197e-03	1.584e-01	-4.896e-02
178655.50	1.891e-03	2.314e-01	1.392e-02
178656.50	-2.198e-03	-1.766e-02	-1.219e-01
178657.50	-3.610e-03	-4.992e-03	2.496e-01
178658.50	2.534e-03	1.661e-01	6.950e-02
178659.50	6.365e-03	2.467e-01	9.792e-02
178660.50	-2.650e-03	-1.373e-01	-1.200e-01
178661.50	-7.296e-03	-3.792e-02	1.248e-01
178662.50	2.208e-03	5.731e-02	4.829e-02
178663.50	-8.659e-03	1.757e-02	-5.558e-02
178664.50	-2.170e-04	1.526e-01	-3.677e-01
178665.50	-3.638e-03	-1.920e-01	-2.112e-01
178666.50	-4.166e-03	2.064e-02	-1.258e-01
178667.50	1.766e-03	-5.050e-02	1.162e-02
178668.50	-9.542e-04	-1.498e-01	-1.286e-02
178669.50	2.851e-03	1.882e-01	3.062e-02
178670.50	5.693e-03	8.813e-02	1.306e-01
178671.50	-5.126e-03	-2.832e-01	-1.094e-01
178672.50	3.062e-03	8.717e-02	-3.312e-01
178673.50	-1.411e-02	4.378e-01	-1.325e-01
178674.50	3.638e-03	1.718e-01	3.830e-03
178675.50	2.899e-03	1.507e-01	3.120e-01
178676.50	1.373e-03	7.632e-02	-2.189e-01
178677.50	3.475e-03	-2.947e-02	3.926e-02
178678.50	2.362e-03	1.603e-01	-1.680e-01
178679.50	-4.838e-03	1.690e-01	8.093e-03
178680.50	-7.565e-03	8.966e-02	-1.123e-01
178681.50	1.670e-03	1.450e-01	2.448e-01
178682.50	1.142e-03	9.984e-03	2.064e-01
178683.50	5.069e-03	1.085e-01	1.094e-01
178684.50	3.178e-03	2.544e-01	-1.430e-01
178685.50	-1.306e-03	-5.366e-02	-1.997e-01
178686.50	-5.779e-03	-1.286e-01	4.886e-02
178687.50	1.459e-03	9.600e-03	3.427e-02
178688.50	2.208e-03	8.765e-02	7.603e-02
178689.50	-2.966e-03	-3.955e-02	-1.354e-01
178690.50	3.936e-03	2.525e-01	1.546e-01
178691.50	1.162e-03	8.314e-02	3.024e-01
178692.50	-8.112e-04	-7.795e-02	1.882e-01
178693.50	2.371e-03	-2.160e-02	2.362e-02
178694.50	-4.675e-04	1.142e-01	-3.283e-02
178695.50	8.189e-04	8.765e-02	-1.978e-02
178696.50	-3.418e-03	1.776e-01	-1.421e-01
178697.50	-1.882e-03	-2.285e-01	-7.632e-02
178698.50	-1.555e-04	9.888e-02	9.149e-02
178699.50	-1.315e-03	-2.122e-01	1.555e-01
178700.50	2.966e-04	-6.989e-04	-1.027e-01
178701.50	-1.555e-03	-4.474e-02	-1.910e-01
178702.50	6.019e-03	2.314e-01	-7.843e-02
178703.50	-3.024e-03	3.360e-02	3.869e-02
178704.50	2.611e-03	1.651e-01	1.910e-01
178705.50	2.534e-03	3.744e-02	-2.352e-02
178706.50	-2.938e-04	-3.888e-02	6.221e-02
178707.50	3.043e-03	3.168e-02	3.197e-02
178708.50	2.400e-04	-1.008e-02	-2.458e-03
178709.50	4.512e-03	4.934e-02	1.594e-01
178710.50	-3.802e-03	9.264e-02	1.037e-01
178711.50	-7.190e-04	-6.480e-02	1.363e-01
178712.50	-2.698e-03	7.488e-03	-2.957e-02
178713.50	4.234e-03	2.371e-02	-1.094e-01
178714.50	-3.792e-04	-8.918e-03	1.027e-01
178715.50	-2.074e-04	3.341e-02	3.504e-02
178716.50	-2.314e-03	1.920e-01	-4.790e-02
178717.50	-4.205e-04	1.680e-02	-8.726e-02
178718.50	-3.610e-03	-1.219e-01	1.834e-01
178719.50	1.488e-02	-4.387e-02	1.488e-01
178720.50	-3.514e-03	3.053e-03	-1.152e-01
178721.50	1.536e-03	-4.666e-03	-3.053e-02
178722.50	-1.440e-03	7.997e-02	-1.459e-01
178723.50	-5.904e-05	3.638e-02	5.491e-02
178724.50	9.350e-04	6.614e-02	5.309e-02
178725.50	-5.146e-03	-9.792e-02	-2.602e-01
178726.50	-4.349e-03	1.680e-02	6.768e-02
178727.50	6.749e-03	9.168e-02	1.440e-02
178728.50	8.045e-04	4.675e-02	-1.114e-01
178729.50	-3.542e-03	5.520e-02	2.832e-02
178730.50	8.582e-04	-9.888e-02	5.654e-02
178731.50	5.165e-03	1.114e-01	-1.018e-01
178732.50	-4.762e-04	-2.054e-02	-2.438e-02
178733.50	-3.120e-03	6.317e-02	-1.805e-01
178734.50	-4.512e-03	-1.910e-01	1.517e-02
178735.50	1.171e-03	-6.557e-03	5.808e-02
178736.50	-2.746e-03	-1.709e-01	1.133e-02
178737.50	1.910e-03	1.238e-01	1.085e-02
178738.50	1.766e-03	-4.253e-03	2.054e-01
178739.50	-3.062e-03	-2.246e-02	-9.600e-02
178740.50	-1.066e-03	-5.587e-02	-4.512e-02
178741.50	-8.208e-04	3.149e-02	-1.584e-01
178742.50	3.754e-03	1.104e-01	7.382e-02
178743.50	1.411e-03	2.477e-02	2.246e-01
178744.50	2.736e-03	5.731e-02	1.690e-01
178745.50	-1.718e-03	-1.728e-01	-5.674e-02
178746.50	3.840e-03	1.651e-01	-1.306e-01
178747.50	8.026e-05	4.656e-02	1.949e-01
178748.50	-3.696e-03	2.064e-02	-5.702e-02
178749.50	-4.550e-03	-1.219e-01	-6.509e-02
178750.50	1.018e-03	-1.757e-02	-2.054e-01
178751.50	-1.210e-03	1.459e-02	-1.008e-01
178752.50	-4.090e-03	-4.656e-02	9.984e-03
178753.50	4.022e-03	1.622e-01	-9.696e-02
178754.50	3.082e-03	1.565e-01	3.293e-02
178755.50	-1.517e-03	-1.219e-01	5.203e-02
178756.50	1.968e-03	9.792e-02	-8.611e-03
178757.50	-1.056e-03	4.541e-03	-6.374e-02
178758.50	5.472e-04	1.930e-02	7.843e-02
178759.50	1.075e-03	2.582e-02	1.133e-01
178760.50	-2.611e-03	-6.019e-02	-8.218e-02
178761.50	2.496e-03	1.267e-01	7.315e-02
178762.50	1.296e-03	-7.373e-02	2.726e-02
178763.50	-3.120e-04	3.139e-02	-1.872e-01
178764.50	1.133e-03	1.814e-02	8.333e-02
178765.50	6.125e-04	9.350e-02	-1.805e-02
178766.50	-2.880e-03	-1.286e-01	-1.046e-01
178767.50	-4.022e-04	-1.075e-01	5.184e-02
178768.50	1.075e-03	4.752e-02	3.600e-02
178769.50	-1.219e-03	-1.152e-01	5.520e-02
178770.50	-7.949e-03	-8.909e-02	-1.094e-01
178771.50	-7.920e-03	5.837e-02	1.507e-01
178772.50	1.123e-03	4.378e-02	-1.680e-01
178773.50	-4.224e-03	-8.659e-02	-1.267e-01
178774.50	4.982e-03	-2.918e-02	-5.213e-02
178775.50	1.315e-03	5.597e-02	-1.795e-02
178776.50	-3.245e-03	6.662e-03	-4.061e-02
178777.50	-7.190e-04	-7.738e-02	9.178e-02
178778.50	-2.976e-03	1.344e-03	5.789e-02
178779.50	7.056e-03	1.277e-01	-5.011e-02
178780.50	3.754e-04	-1.210e-02	5.578e-02
178781.50	3.062e-03	7.382e-02	2.842e-02
178782.50	1.795e-04	3.197e-02	2.515e-02
178783.50	1.632e-03	6.912e-05	-6.048e-02
178784.50	-2.746e-04	-7.286e-02	1.219e-02
178785.50	-3.485e-04	1.690e-03	6.298e-02
178786.50	-2.093e-03	-1.133e-01	-4.118e-02
178787.50	2.323e-03	1.459e-01	-1.670e-02
178788.50	-1.411e-05	-1.181e-01	-5.914e-02
178789.50	2.534e-03	7.123e-03	3.725e-02
178790.50	6.077e-03	1.286e-01	-3.830e-02
178791.50	-5.923e-03	2.563e-02	7.258e-03
178792.50	-9.312e-03	1.094e-01	-4.512e-02
178793.50	9.235e-04	3.907e-02	-1.728e-02
178794.50	-2.122e-03	-9.792e-02	7.334e-02
178795.50	3.072e-04	-2.026e-02	-8.525e-02
178796.50	1.958e-03	5.635e-02	1.075e-01
178797.50	2.131e-03	1.008e-01	2.755e-02
178798.50	-2.122e-04	5.856e-02	6.816e-03
178799.50	-8.419e-05	-4.061e-02	4.493e-02
178800.50	1.507e-03	1.075e-01	8.256e-02
178801.50	-2.736e-03	-4.022e-02	2.506e-02
178802.50	-3.907e-03	-1.104e-02	-1.162e-01
178803.50	-2.669e-03	-4.781e-02	-5.434e-02
178804.50	-2.976e-03	-6.182e-02	8.189e-03
178805.50	1.114e-03	-1.747e-02	2.314e-02
178806.50	1.123e-03	-5.107e-03	-5.770e-02
178807.50	-5.443e-04	1.430e-01	-3.091e-02
178808.50	-3.830e-04	4.195e-02	2.861e-02
178809.50	-2.179e-03	-4.541e-02	-2.304e-02
178810.50	2.438e-04	3.091e-02	-3.072e-02
178811.50	1.171e-03	-2.938e-02	1.402e-02
178812.50	2.419e-03	6.192e-02	-6.115e-02
178813.50	1.709e-02	-2.352e-02	4.224e-02
178814.50	1.046e-04	-1.200e-02	1.219e-01
178815.50	-1.786e-03	4.320e-02	-5.117e-03
178816.50	-2.650e-03	9.533e-03	4.310e-02
178817.50	2.938e-04	9.235e-02	-7.526e-02
178818.50	-1.114e-03	-1.488e-02	2.611e-02
178819.50	5.818e-03	-5.290e-02	-2.621e-02
178820.50	9.888e-03	1.133e-01	-6.077e-02
178821.50	-8.227e-04	-4.598e-02	-7.786e-02
178822.50	6.067e-03	-6.720e-03	1.450e-01
178823.50	2.515e-03	3.274e-02	-6.048e-02
178824.50	-7.315e-03	-6.547e-02	5.971e-02
178825.50	-1.421e-02	-1.354e-01	2.736e-02
178826.50	-1.469e-03	9.984e-03	2.016e-02
178827.50	-3.840e-04	-2.323e-02	2.477e-02
178828.50	4.474e-04	-1.248e-02	3.504e-02
178829.50	2.323e-03	4.963e-02	-4.234e-02
178830.50	2.515e-03	4.848e-02	-2.717e-02
178831.50	1.526e-03	1.402e-02	-6.307e-03
178832.50	-3.850e-04	-8.122e-03	-6.144e-02
178833.50	-5.040e-04	3.245e-02	1.229e-02
178834.50	5.520e-04	4.128e-02	-4.800e-02
178835.50	-5.309e-03	-1.392e-01	1.622e-02
178836.50	2.294e-03	9.427e-02	-1.354e-01
178837.50	-1.498e-03	-4.512e-02	-7.056e-02
178838.50	-8.870e-04	6.307e-02	5.712e-02
178839.50	8.525e-04	4.224e-02	2.064e-02
178840.50	-1.498e-03	3.734e-02	6.346e-02
178841.50	7.690e-03	2.035e-02	3.475e-02
178842.50	1.277e-02	3.821e-04	9.139e-02
178843.50	-1.296e-02	-1.795e-02	-1.632e-01
178844.50	1.200e-04	-7.363e-03	8.870e-02
178845.50	2.016e-04	1.267e-01	-2.698e-02
178846.50	-7.824e-03	-1.075e-02	-1.248e-01
178847.50	7.421e-04	-1.248e-01	-1.978e-02
178848.50	3.629e-03	-7.392e-02	1.286e-01
178849.50	-6.221e-05	-5.338e-02	3.168e-02
178850.50	-3.139e-03	-1.248e-01	-1.258e-02
178851.50	1.277e-03	4.704e-02	-2.842e-02
178852.50	1.344e-04	3.389e-02	-2.189e-03
178853.50	1.181e-03	5.443e-02	-3.456e-02
178854.50	2.342e-04	-1.450e-02	3.706e-02
178855.50	-3.725e-05	1.603e-02	-1.229e-02
178856.50	-3.466e-03	3.235e-02	3.389e-02
178857.50	-3.389e-03	-5.232e-02	-1.171e-02
178858.50	1.757e-03	-3.120e-02	2.563e-02
178859.50	1.699e-03	-2.966e-03	-5.155e-02
178860.50	-6.250e-05	-6.586e-02	7.814e-02
178861.50	2.256e-04	-1.046e-02	4.320e-02
178862.50	2.429e-04	1.670e-02	-5.414e-02
178863.50	-1.210e-03	-1.277e-02	-4.128e-03
178864.50	-1.939e-03	1.277e-02	2.218e-02
178865.50	-7.123e-04	3.830e-03	-9.110e-03
178866.50	-8.928e-05	1.594e-02	6.269e-02
178867.50	-1.085e-03	2.909e-02	-2.083e-01
178868.50	-1.757e-04	3.955e-02	-8.170e-03
178869.50	1.171e-03	3.696e-02	3.494e-02
178870.50	-3.898e-04	-3.101e-02	4.925e-02
178871.50	-1.075e-03	2.525e-02	4.954e-03
178872.50	2.736e-03	5.626e-02	7.382e-02
178873.50	2.794e-04	-4.195e-02	4.579e-02
178874.50	5.453e-04	-3.274e-02	2.707e-04
178875.50	2.534e-04	-1.315e-02	-2.256e-02
178876.50	8.803e-04	6.499e-02	-1.181e-01
178877.50	-2.381e-03	-8.496e-03	4.819e-03
178878.50	-1.978e-03	-4.368e-02	-3.610e-02
178879.50	1.536e-02	4.234e-02	2.515e-02
178880.50	5.558e-02	3.331e-02	1.459e-01
178881.50	-1.056e-03	-2.582e-02	6.365e-02
178882.50	2.458e-03	1.949e-03	-4.157e-02
178883.50	8.832e-04	7.162e-02	4.397e-03
178884.50	-1.181e-03	-1.805e-02	-1.152e-02
178885.50	-1.555e-03	-4.243e-02	-7.363e-02
178886.50	1.421e-03	3.293e-02	-3.235e-02
178887.50	6.547e-03	-2.947e-02	-5.846e-02
178888.50	-1.853e-04	3.648e-02	-1.421e-02
178889.50	7.181e-04	-2.995e-02	5.846e-02
178890.50	1.306e-03	-6.710e-03	1.190e-01
178891.50	2.026e-04	-4.147e-02	5.482e-02
178892.50	1.133e-04	-5.184e-02	-4.752e-02
178893.50	1.363e-03	4.646e-02	-2.170e-02
178894.50	5.510e-03	-6.806e-02	6.346e-02
178895.50	1.718e-03	-1.584e-02	3.955e-03
178896.50	2.093e-03	1.210e-02	-3.984e-02
178897.50	8.678e-04	8.131e-02	-8.419e-03
178898.50	9.341e-04	2.582e-02	-1.594e-02
178899.50	2.122e-03	1.190e-01	1.037e-01
178900.50	1.085e-02	-2.006e-02	1.219e-02
178901.50	1.594e-02	1.114e-01	3.514e-02
178902.50	-2.630e-03	5.462e-02	2.669e-02
178903.50	1.229e-04	-2.870e-02	-2.995e-02
178904.50	3.571e-03	-6.730e-02	1.603e-02
178905.50	-1.526e-03	1.843e-02	-2.141e-02
178906.50	-4.186e-04	-3.062e-03	-9.696e-02
178907.50	7.181e-03	3.830e-02	1.718e-02
178908.50	7.930e-04	8.275e-03	-6.893e-02
178909.50	-1.402e-03	-5.846e-02	2.870e-02
178910.50	-1.200e-03	-3.178e-02	1.277e-02
178911.50	-1.402e-03	-3.811e-02	-3.946e-02
178912.50	-5.923e-03	1.603e-03	2.573e-03
178913.50	-1.056e-03	-4.022e-02	-5.558e-02
178914.50	8.544e-04	-1.622e-02	-2.477e-02
178915.50	1.546e-03	1.114e-01	-2.352e-02
178916.50	-1.814e-04	-2.467e-02	-9.235e-03
178917.50	-4.272e-03	-4.042e-02	7.018e-02
178918.50	7.411e-04	5.299e-02	2.909e-02
178919.50	3.859e-03	-7.930e-02	-2.112e-02
178920.50	2.064e-02	3.072e-02	2.294e-02
178921.50	-1.334e-03	3.264e-02	-7.392e-02
178922.50	1.046e-03	-6.144e-02	2.304e-02
178923.50	1.613e-04	2.016e-02	-4.858e-02
178924.50	-4.531e-03	-4.896e-02	1.267e-01
178925.50	-4.262e-03	-8.995e-03	4.272e-03
178926.50	3.590e-04	7.728e-04	1.603e-03
178927.50	-9.178e-04	-4.406e-02	2.381e-02
178928.50	-2.035e-04	1.968e-02	-8.966e-03
178929.50	1.651e-04	-1.574e-03	3.024e-02
178930.50	-2.717e-04	-1.344e-02	8.611e-03
178931.50	8.410e-04	-3.293e-02	4.262e-02
178932.50	2.832e-03	-2.832e-02	8.573e-02
178933.50	3.734e-03	4.330e-02	2.832e-02
178934.50	7.411e-04	8.602e-02	3.926e-03
178935.50	6.797e-04	-1.498e-02	-1.814e-02
178936.50	-3.658e-02	-5.866e-02	-8.784e-03
178937.50	-1.382e-02	-8.112e-03	-2.880e-02
178938.50	7.968e-04	6.096e-02	-5.424e-02
178939.50	1.123e-04	-5.760e-03	1.766e-02
178940.50	-5.395e-04	-3.485e-02	-4.349e-03
178941.50	3.312e-04	-1.277e-02	-1.862e-02
178942.50	1.085e-03	1.757e-02	1.315e-02
178943.50	-7.248e-05	3.600e-02	-3.734e-02
178944.50	-1.123e-05	-5.510e-03	3.139e-03
178945.50	-2.093e-03	-1.459e-02	-4.627e-02
178946.50	-1.085e-02	-5.021e-02	-4.320e-02
178947.50	-4.234e-03	1.210e-02	-2.246e-02
178948.50	-5.962e-04	1.939e-05	-1.248e-02
178949.50	4.771e-04	-5.914e-04	1.613e-02
178950.50	-4.531e-04	2.045e-02	1.114e-02
178951.50	1.632e-03	-2.074e-02	-9.984e-04
178952.50	4.560e-04	3.869e-02	-4.483e-03
178953.50	5.126e-04	-5.846e-02	-2.381e-02
178954.50	-1.872e-04	-1.123e-02	-2.285e-02
178955.50	1.709e-03	-2.957e-02	3.062e-02
178956.50	1.056e-03	-2.544e-02	3.091e-02
178957.50	-3.101e-03	-8.458e-04	5.616e-04
178958.50	-5.405e-04	1.075e-04	-2.774e-02
