178360.50	0.000e+00	0.000e+00	0.000e+00
178361.50	0.000e+00	0.000e+00	0.000e+00
178362.50	0.000e+00	0.000e+00	0.000e+00
178363.50	0.000e+00	0.000e+00	0.000e+00
178364.50	0.000e+00	0.000e+00	0.000e+00
178365.50	0.000e+00	0.000e+00	0.000e+00
178366.50	0.000e+00	0.000e+00	0.000e+00
178367.50	0.000e+00	0.000e+00	0.000e+00
178368.50	0.000e+00	0.000e+00	0.000e+00
178369.50	0.000e+00	0.000e+00	0.000e+00
178370.50	0.000e+00	0.000e+00	0.000e+00
178371.50	0.000e+00	0.000e+00	0.000e+00
178372.50	0.000e+00	0.000e+00	0.000e+00
178373.50	0.000e+00	0.000e+00	0.000e+00
178374.50	0.000e+00	0.000e+00	0.000e+00
178375.50	0.000e+00	0.000e+00	0.000e+00
178376.50	0.000e+00	0.000e+00	0.000e+00
178377.50	0.000e+00	0.000e+00	0.000e+00
178378.50	0.000e+00	0.000e+00	0.000e+00
178379.50	0.000e+00	0.000e+00	0.000e+00
178380.50	0.000e+00	0.000e+00	0.000e+00
178381.50	0.000e+00	0.000e+00	0.000e+00
178382.50	0.000e+00	0.000e+00	0.000e+00
178383.50	0.000e+00	0.000e+00	0.000e+00
178384.50	0.000e+00	0.000e+00	0.000e+00
178385.50	0.000e+00	0.000e+00	0.000e+00
178386.50	0.000e+00	0.000e+00	0.000e+00
178387.50	0.000e+00	0.000e+00	0.000e+00
178388.50	0.000e+00	0.000e+00	0.000e+00
178389.50	0.000e+00	0.000e+00	0.000e+00
178390.50	0.000e+00	0.000e+00	0.000e+00
178391.50	0.000e+00	0.000e+00	0.000e+00
178392.50	0.000e+00	0.000e+00	0.000e+00
178393.50	0.000e+00	0.000e+00	0.000e+00
178394.50	0.000e+00	0.000e+00	0.000e+00
178395.50	0.000e+00	0.000e+00	0.000e+00
178396.50	0.000e+00	0.000e+00	0.000e+00
178397.50	0.000e+00	0.000e+00	0.000e+00
178398.50	0.000e+00	0.000e+00	0.000e+00
178399.50	0.000e+00	0.000e+00	0.000e+00
178400.50	0.000e+00	0.000e+00	0.000e+00
178401.50	0.000e+00	0.000e+00	0.000e+00
178402.50	0.000e+00	0.000e+00	0.000e+00
178403.50	0.000e+00	0.000e+00	0.000e+00
178404.50	0.000e+00	0.000e+00	0.000e+00
178405.50	0.000e+00	0.000e+00	0.000e+00
178406.50	0.000e+00	0.000e+00	0.000e+00
178407.50	0.000e+00	0.000e+00	0.000e+00
178408.50	0.000e+00	0.000e+00	0.000e+00
178409.50	0.000e+00	0.000e+00	0.000e+00
178410.50	0.000e+00	0.000e+00	0.000e+00
178411.50	0.000e+00	0.000e+00	0.000e+00
178412.50	0.000e+00	0.000e+00	0.000e+00
178413.50	0.000e+00	0.000e+00	0.000e+00
178414.50	0.000e+00	0.000e+00	0.000e+00
178415.50	0.000e+00	0.000e+00	0.000e+00
178416.50	0.000e+00	0.000e+00	0.000e+00
178417.50	0.000e+00	0.000e+00	0.000e+00
178418.50	0.000e+00	0.000e+00	0.000e+00
178419.50	0.000e+00	0.000e+00	0.000e+00
178420.50	0.000e+00	0.000e+00	0.000e+00
178421.50	0.000e+00	0.000e+00	0.000e+00
178422.50	0.000e+00	0.000e+00	0.000e+00
178423.50	0.000e+00	0.000e+00	0.000e+00
178424.50	0.000e+00	0.000e+00	0.000e+00
178425.50	0.000e+00	0.000e+00	0.000e+00
178426.50	0.000e+00	0.000e+00	0.000e+00
178427.50	0.000e+00	0.000e+00	0.000e+00
178428.50	0.000e+00	0.000e+00	0.000e+00
178429.50	0.000e+00	0.000e+00	0.000e+00
178430.50	0.000e+00	0.000e+00	0.000e+00
178431.50	0.000e+00	0.000e+00	0.000e+00
178432.50	0.000e+00	0.000e+00	0.000e+00
178433.50	0.000e+00	0.000e+00	0.000e+00
178434.50	0.000e+00	0.000e+00	0.000e+00
178435.50	0.000e+00	0.000e+00	0.000e+00
178436.50	0.000e+00	0.000e+00	0.000e+00
178437.50	0.000e+00	0.000e+00	0.000e+00
178438.50	0.000e+00	0.000e+00	0.000e+00
178439.50	0.000e+00	0.000e+00	0.000e+00
178440.50	0.000e+00	0.000e+00	0.000e+00
178441.50	0.000e+00	0.000e+00	0.000e+00
178442.50	0.000e+00	0.000e+00	0.000e+00
178443.50	0.000e+00	0.000e+00	0.000e+00
178444.50	0.000e+00	0.000e+00	0.000e+00
178445.50	0.000e+00	0.000e+00	0.000e+00
178446.50	0.000e+00	0.000e+00	0.000e+00
178447.50	0.000e+00	0.000e+00	0.000e+00
178448.50	0.000e+00	0.000e+00	0.000e+00
178449.50	0.000e+00	0.000e+00	0.000e+00
178450.50	0.000e+00	0.000e+00	0.000e+00
178451.50	0.000e+00	0.000e+00	0.000e+00
178452.50	0.000e+00	0.000e+00	0.000e+00
178453.50	0.000e+00	0.000e+00	0.000e+00
178454.50	0.000e+00	0.000e+00	0.000e+00
178455.50	0.000e+00	0.000e+00	0.000e+00
178456.50	0.000e+00	0.000e+00	0.000e+00
178457.50	0.000e+00	0.000e+00	0.000e+00
178458.50	0.000e+00	0.000e+00	0.000e+00
178459.50	0.000e+00	0.000e+00	0.000e+00
178460.50	0.000e+00	0.000e+00	0.000e+00
178461.50	0.000e+00	0.000e+00	0.000e+00
178462.50	0.000e+00	0.000e+00	0.000e+00
178463.50	0.000e+00	0.000e+00	0.000e+00
178464.50	0.000e+00	0.000e+00	0.000e+00
178465.50	0.000e+00	0.000e+00	0.000e+00
178466.50	0.000e+00	0.000e+00	0.000e+00
178467.50	0.000e+00	0.000e+00	0.000e+00
178468.50	0.000e+00	0.000e+00	0.000e+00
178469.50	0.000e+00	0.000e+00	0.000e+00
178470.50	0.000e+00	0.000e+00	0.000e+00
178471.50	0.000e+00	0.000e+00	0.000e+00
178472.50	0.000e+00	0.000e+00	0.000e+00
178473.50	0.000e+00	0.000e+00	0.000e+00
178474.50	0.000e+00	0.000e+00	0.000e+00
178475.50	0.000e+00	0.000e+00	0.000e+00
178476.50	0.000e+00	0.000e+00	0.000e+00
178477.50	0.000e+00	0.000e+00	0.000e+00
178478.50	0.000e+00	0.000e+00	0.000e+00
178479.50	0.000e+00	0.000e+00	0.000e+00
178480.50	0.000e+00	0.000e+00	0.000e+00
178481.50	0.000e+00	0.000e+00	0.000e+00
178482.50	0.000e+00	0.000e+00	0.000e+00
178483.50	0.000e+00	0.000e+00	0.000e+00
178484.50	0.000e+00	0.000e+00	0.000e+00
178485.50	0.000e+00	0.000e+00	0.000e+00
178486.50	1.440e-06	-9.542e-05	5.818e-05
178487.50	7.181e-05	-4.685e-03	2.822e-03
178488.50	-2.371e-05	1.978e-03	-1.402e-03
178489.50	0.000e+00	0.000e+00	0.000e+00
178490.50	1.862e-05	-6.029e-04	-3.466e-04
178491.50	-4.982e-06	-5.011e-04	-2.554e-03
178492.50	2.554e-05	-1.814e-04	2.813e-03
178493.50	3.677e-05	-9.696e-04	-5.386e-03
178494.50	2.890e-05	-2.016e-04	-2.035e-03
178495.50	-6.730e-05	5.597e-03	-1.411e-04
178496.50	-3.907e-04	1.450e-02	8.304e-04
178497.50	5.933e-05	-8.045e-03	2.534e-03
178498.50	1.306e-04	-8.179e-04	-2.736e-03
178499.50	2.909e-04	3.667e-03	-1.603e-02
178500.50	1.075e-04	-2.275e-03	-3.043e-03
178501.50	2.074e-04	-1.094e-02	1.786e-02
178502.50	1.325e-04	-1.843e-03	-2.842e-03
178503.50	-1.718e-04	-1.344e-03	5.482e-03
178504.50	-1.411e-05	4.522e-03	-2.582e-03
178505.50	-2.304e-04	2.707e-03	2.198e-03
178506.50	1.584e-04	-1.066e-03	-1.536e-02
178507.50	-2.333e-04	-1.171e-02	3.168e-02
178508.50	-1.661e-04	3.168e-02	-1.776e-02
178509.50	1.594e-03	-2.832e-02	-3.437e-02
178510.50	1.114e-03	-1.786e-02	-4.426e-02
178511.50	1.037e-04	3.686e-02	-1.162e-01
178512.50	5.549e-04	-5.117e-02	1.526e-02
178513.50	7.747e-04	-5.645e-02	8.851e-03
178514.50	3.562e-02	-1.978e+00	1.354e-01
178515.50	6.470e-01	-3.485e+01	1.978e+00
178516.50	6.470e+00	-3.466e+02	-2.179e+00
178517.50	1.181e+01	-6.672e+02	1.728e+01
178518.50	1.162e+01	-6.816e+02	-2.794e+00
178519.50	-1.795e-01	6.864e+00	-9.139e+00
178520.50	-3.610e+00	2.083e+02	6.586e+00
178521.50	-2.650e+00	1.584e+02	-3.110e+00
178522.50	-1.766e+00	1.066e+02	-3.533e+00
178523.50	-1.776e+00	1.056e+02	-5.328e+00
178524.50	-1.699e+00	9.283e+01	8.314e+00
178525.50	-1.498e+00	8.650e+01	-1.008e+00
178526.50	-1.296e+00	7.488e+01	-1.978e+00
178527.50	-1.104e+00	6.538e+01	-4.291e+00
178528.50	-1.018e+00	6.067e+01	-5.750e+00
178529.50	-9.322e-01	5.347e+01	-1.747e+00
178530.50	-8.467e-01	4.694e+01	2.496e+00
178531.50	-7.795e-01	4.387e+01	-3.523e-02
178532.50	-6.797e-01	4.013e+01	-3.312e+00
178533.50	-6.845e-01	3.917e+01	-1.728e+00
178534.50	-6.125e-01	3.178e+01	4.714e+00
178535.50	-5.558e-01	3.024e+01	1.603e+00
178536.50	-5.386e-01	2.938e+01	6.595e-01
178537.50	-5.059e-01	2.813e+01	1.478e-01
178538.50	-4.051e-01	2.371e+01	-2.400e+00
178539.50	-3.984e-01	2.304e+01	-1.766e+00
178540.50	-3.984e-01	2.170e+01	7.344e-01
178541.50	-3.523e-01	1.958e+01	1.680e-01
178542.50	-3.773e-01	2.074e+01	1.046e+00
178543.50	-2.928e-01	1.603e+01	-5.789e-01
178544.50	-2.842e-01	1.565e+01	1.344e-01
178545.50	-2.717e-01	1.526e+01	-1.843e-01
178546.50	-2.371e-01	1.344e+01	-1.142e+00
178547.50	-2.314e-01	1.306e+01	-3.187e-01
178548.50	-2.237e-01	1.286e+01	-1.181e+00
178549.50	-2.102e-01	1.123e+01	1.507e+00
178550.50	-2.054e-01	1.094e+01	6.720e-01
178551.50	-1.901e-01	1.008e+01	5.942e-01
178552.50	-1.930e-01	9.888e+00	7.776e-01
178553.50	-1.344e-01	7.565e+00	-1.171e+00
178554.50	-1.632e-01	9.005e+00	-3.562e-01
178555.50	-1.670e-01	9.014e+00	4.829e-01
178556.50	-1.411e-01	6.970e+00	1.613e+00
178557.50	-1.046e-01	5.856e+00	-2.477e-01
178558.50	-1.363e-01	7.248e+00	4.109e-01
178559.50	-1.238e-01	6.432e+00	7.056e-01
178560.50	-1.296e-01	6.816e+00	2.573e-01
178561.50	-1.085e-01	5.232e+00	7.930e-01
178562.50	-1.046e-01	6.240e+00	-4.589e-01
178563.50	-8.419e-02	4.771e+00	-2.381e-01
178564.50	-9.984e-02	4.896e+00	4.723e-01
178565.50	-8.256e-02	4.003e+00	4.387e-01
178566.50	-9.888e-02	5.453e+00	1.181e-01
178567.50	-7.747e-02	4.426e+00	-1.190e-01
178568.50	-6.883e-02	3.744e+00	-2.179e-01
178569.50	-8.419e-02	4.032e+00	6.614e-01
178570.50	-6.912e-02	3.696e+00	-1.814e-01
178571.50	-6.739e-02	3.677e+00	-7.872e-02
178572.50	-6.557e-02	3.130e+00	1.114e+00
178573.50	-6.202e-02	2.995e+00	-3.859e-02
178574.50	-5.539e-02	2.928e+00	2.304e-01
178575.50	-5.942e-02	2.832e+00	5.712e-01
178576.50	-4.051e-02	2.534e+00	-5.251e-01
178577.50	-3.840e-02	2.400e+00	-5.818e-01
178578.50	-2.554e-02	1.728e+00	-2.986e-01
178579.50	-5.568e-02	2.659e+00	-1.661e-01
178580.50	-4.666e-02	2.333e+00	3.446e-01
178581.50	-3.830e-02	1.910e+00	9.888e-02
178582.50	-5.424e-02	2.477e+00	4.406e-01
178583.50	-4.214e-02	2.198e+00	-2.342e-01
178584.50	-3.619e-02	1.565e+00	9.370e-01
178585.50	-3.658e-02	1.920e+00	2.141e-01
178586.50	-2.803e-02	1.613e+00	-3.898e-01
178587.50	-2.515e-02	1.421e+00	-2.141e-01
178588.50	-2.467e-02	1.747e+00	-1.709e-02
178589.50	-3.034e-02	1.901e+00	-8.630e-01
178590.50	-9.696e-03	7.354e-01	-3.322e-01
178591.50	-4.234e-02	1.642e+00	7.450e-01
178592.50	-2.141e-02	1.037e+00	-4.704e-02
178593.50	-2.611e-02	1.190e+00	2.304e-03
178594.50	-2.755e-02	1.517e+00	2.189e-01
178595.50	-1.546e-02	6.922e-01	1.853e-01
178596.50	-1.152e-02	8.035e-01	-7.718e-01
178597.50	-1.949e-02	1.018e+00	-4.637e-02
178598.50	-1.546e-02	6.394e-01	6.355e-01
178599.50	-1.382e-02	5.357e-01	2.976e-01
178600.50	-1.066e-02	5.434e-01	1.286e-01
178601.50	-2.544e-02	1.402e+00	-3.994e-01
178602.50	-1.517e-02	1.066e+00	-7.488e-01
178603.50	-1.066e-02	5.616e-01	-1.008e-01
178604.50	-1.046e-02	6.643e-01	-1.958e-01
178605.50	-8.909e-03	3.926e-01	2.659e-01
178606.50	-1.478e-02	8.822e-01	-1.690e-01
178607.50	-3.110e-02	1.498e+00	2.765e-01
178608.50	1.488e-02	5.837e-01	-2.525e-01
178609.50	-1.037e-02	9.792e-01	1.421e-01
178610.50	-1.651e-02	7.978e-01	3.638e-02
178611.50	-1.162e-02	3.398e-01	2.016e-01
178612.50	-5.990e-03	3.360e-01	-1.066e-02
178613.50	-5.405e-03	4.637e-01	-1.882e-01
178614.50	-1.258e-02	7.622e-01	9.034e-02
178615.50	-9.984e-03	2.678e-01	1.891e-01
178616.50	-3.254e-03	2.650e-01	-5.952e-01
178617.50	-1.094e-02	5.520e-01	-2.429e-01
178618.50	-1.728e-02	5.597e-01	3.168e-01
178619.50	-4.570e-03	3.293e-01	-1.661e-01
178620.50	-5.626e-03	4.512e-01	-7.267e-02
178621.50	8.074e-04	2.016e-01	-3.744e-01
178622.50	-3.830e-03	2.755e-01	-6.768e-02
178623.50	-1.104e-02	3.581e-01	3.917e-01
178624.50	-1.421e-02	6.288e-01	2.582e-01
178625.50	-9.322e-03	2.822e-01	-6.442e-02
178626.50	-1.142e-02	4.070e-01	1.219e-01
178627.50	7.008e-03	-6.077e-02	-5.606e-02
178628.50	-6.970e-03	4.291e-01	-2.150e-01
178629.50	-8.794e-03	2.525e-01	1.008e-01
178630.50	-5.222e-03	1.632e-01	2.544e-01
178631.50	-2.112e-03	1.478e-02	6.643e-02
178632.50	-1.805e-02	8.093e-01	2.112e-01
178633.50	-8.035e-03	4.224e-01	1.478e-01
178634.50	-2.966e-02	1.027e-01	4.781e-02
178635.50	-1.997e-02	4.013e-01	4.214e-01
178636.50	7.594e-03	3.370e-01	-1.632e-01
178637.50	3.686e-03	1.738e-01	-1.930e-01
178638.50	-3.120e-03	1.901e-01	-3.072e-01
178639.50	-4.186e-03	1.795e-01	1.238e-01
178640.50	5.722e-03	2.995e-01	2.218e-01
178641.50	-1.334e-02	1.190e-01	2.534e-01
178642.50	-3.984e-02	5.510e-01	2.064e-01
178643.50	-1.382e-02	-1.891e-03	-2.054e-01
178644.50	3.984e-03	2.544e-01	-3.254e-01
178645.50	-1.469e-02	4.541e-01	4.858e-02
178646.50	-4.378e-02	3.744e-01	2.966e-01
178647.50	4.570e-02	-3.370e-01	-3.485e-02
178648.50	1.958e-01	-2.582e-01	-7.382e-01
178649.50	-5.606e-02	4.157e-01	1.526e-01
178650.50	-1.066e-01	1.354e-01	1.891e-01
178651.50	-1.152e-02	5.357e-01	1.027e-02
178652.50	-2.141e-02	1.622e-01	-8.054e-02
178653.50	-3.456e-02	2.918e-01	-1.834e-02
178654.50	1.018e-01	-1.613e-01	-3.302e-01
178655.50	1.392e-01	3.523e-01	-5.117e-01
178656.50	-8.333e-02	1.018e-01	3.197e-01
178657.50	1.267e-03	-1.181e-01	2.899e-01
178658.50	1.104e-03	1.613e-01	-1.498e-01
178659.50	8.909e-03	1.651e-01	-1.728e-01
178660.50	-3.360e-02	2.899e-01	1.363e-01
178661.50	3.475e-03	-2.582e-01	9.984e-03
178662.50	-2.602e-03	1.997e-01	2.688e-02
178663.50	6.125e-02	5.299e-01	2.746e-01
178664.50	-3.936e-02	-9.254e-02	-1.219e-01
178665.50	-1.094e-03	1.104e-01	-1.958e-01
178666.50	-1.037e-02	1.258e-01	-4.378e-02
178667.50	-3.322e-03	2.746e-01	-2.746e-02
178668.50	-7.661e-04	-8.045e-02	2.285e-02
178669.50	-2.803e-02	-2.880e-01	1.277e-01
178670.50	7.853e-04	8.131e-03	2.899e-02
178671.50	2.064e-02	-2.640e-01	2.640e-01
178672.50	-5.194e-03	1.498e-02	-1.421e-01
178673.50	-5.626e-03	1.997e-01	-9.696e-03
178674.50	-3.398e-03	2.362e-01	1.718e-01
178675.50	-5.664e-03	2.074e-01	1.958e-01
178676.50	1.085e-04	2.371e-02	-2.189e-01
178677.50	2.938e-03	1.920e-01	-1.968e-01
178678.50	6.989e-03	5.645e-02	-2.304e-01
178679.50	-2.851e-03	2.928e-01	1.584e-01
178680.50	5.760e-04	-1.046e-01	2.890e-01
178681.50	-6.250e-03	3.581e-01	-2.083e-01
178682.50	-1.814e-02	1.459e-01	1.978e-01
178683.50	9.437e-03	-1.008e-01	-4.483e-02
178684.50	3.600e-04	7.027e-02	-3.101e-02
178685.50	-2.362e-03	4.186e-02	2.026e-01
178686.50	2.640e-03	7.382e-02	-3.619e-01
178687.50	2.131e-03	-1.008e-01	-9.696e-02
178688.50	-2.275e-02	6.605e-02	1.747e-01
178689.50	2.784e-05	-1.114e-01	-1.277e-02
178690.50	-6.739e-03	2.621e-01	1.238e-01
178691.50	-4.742e-03	3.187e-01	1.920e-02
178692.50	7.334e-04	-1.104e-01	6.451e-02
178693.50	3.917e-03	-1.478e-01	-1.478e-01
178694.50	7.930e-03	-2.006e-01	-2.429e-02
178695.50	-3.715e-03	2.947e-01	8.371e-04
178696.50	4.790e-05	1.152e-01	1.046e-01
178697.50	-1.507e-04	6.288e-02	-8.506e-02
178698.50	-1.104e-02	1.229e-01	-1.930e-01
178699.50	-1.066e-02	1.430e-01	-7.354e-03
178700.50	9.792e-04	1.114e-01	2.362e-02
178701.50	4.790e-04	-5.318e-02	1.229e-01
178702.50	3.888e-03	-1.584e-01	7.075e-02
178703.50	-7.594e-03	1.152e-01	1.440e-01
178704.50	-1.210e-03	8.006e-02	1.181e-01
178705.50	-3.638e-03	2.650e-01	-1.517e-01
178706.50	-3.226e-03	9.696e-02	5.693e-02
178707.50	1.642e-03	-1.037e-01	1.718e-02
178708.50	-4.550e-03	2.438e-02	2.227e-01
178709.50	1.018e-03	-3.187e-02	4.675e-02
178710.50	3.552e-02	1.075e-01	-2.208e-01
178711.50	4.090e-03	4.992e-02	-1.546e-02
178712.50	7.018e-03	-4.358e-02	-6.499e-03
178713.50	9.475e-06	1.555e-01	-7.459e-02
178714.50	2.659e-04	-1.766e-02	2.035e-01
178715.50	2.986e-02	-1.027e-01	-7.363e-02
178716.50	5.981e-03	2.534e-01	-1.046e-01
178717.50	-9.101e-03	1.430e-01	-2.784e-02
178718.50	-2.150e-03	3.024e-02	8.755e-02
178719.50	-3.043e-02	-1.306e-01	2.842e-01
178720.50	-4.070e-02	-8.765e-02	1.786e-01
178721.50	-1.277e-03	1.315e-01	2.150e-02
178722.50	-2.275e-03	1.382e-01	1.747e-01
178723.50	-7.776e-04	-1.718e-02	1.526e-01
178724.50	3.610e-03	-5.501e-02	-2.573e-01
178725.50	-2.371e-03	6.797e-02	-1.286e-01
178726.50	-1.834e-03	1.046e-01	-2.189e-02
178727.50	2.102e-04	-3.533e-02	-2.141e-01
178728.50	-2.381e-03	-3.379e-02	5.184e-02
178729.50	3.763e-03	-1.315e-01	2.122e-01
178730.50	-9.590e-04	-5.357e-03	7.757e-02
178731.50	3.014e-03	-1.306e-01	-1.344e-01
178732.50	-2.506e-03	1.555e-01	9.984e-02
178733.50	-4.838e-04	4.733e-02	3.485e-02
178734.50	-2.842e-03	7.565e-02	1.382e-01
178735.50	1.142e-04	8.544e-02	-1.171e-01
178736.50	4.906e-05	-2.832e-03	-2.678e-02
178737.50	7.210e-03	-2.362e-01	-6.029e-02
178738.50	-1.114e-03	2.938e-02	9.581e-03
178739.50	-4.522e-04	4.867e-02	-1.968e-03
178740.50	4.464e-02	-1.267e-01	9.984e-03
178741.50	1.171e-02	6.528e-02	-6.874e-02
178742.50	1.526e-03	5.674e-02	-1.411e-01
178743.50	1.219e-03	1.075e-01	-8.554e-02
178744.50	-7.056e-03	1.037e-01	-3.024e-02
178745.50	-3.600e-03	1.526e-01	-1.248e-01
178746.50	-4.387e-04	-3.293e-02	8.285e-02
178747.50	8.074e-03	-1.162e-01	-8.784e-02
178748.50	1.123e-02	-5.270e-02	-1.277e-01
178749.50	3.802e-03	9.427e-02	-1.968e-01
178750.50	-1.306e-03	-4.896e-02	1.997e-01
178751.50	3.024e-03	-8.208e-02	-9.523e-02
178752.50	3.187e-03	-2.093e-02	5.194e-02
178753.50	-5.674e-02	1.334e-01	1.872e-01
178754.50	-3.715e-02	1.286e-01	1.190e-01
178755.50	-1.584e-03	1.075e-01	7.642e-03
178756.50	1.680e-03	-7.939e-02	5.750e-03
178757.50	-1.843e-03	-2.333e-02	7.075e-02
178758.50	1.459e-04	1.286e-01	-1.104e-01
178759.50	3.456e-03	-4.579e-02	1.546e-02
178760.50	-6.211e-04	7.536e-02	-2.438e-02
178761.50	4.742e-04	-5.030e-03	1.536e-02
178762.50	-8.602e-03	8.352e-02	-8.784e-03
178763.50	1.046e-02	7.661e-02	8.506e-02
178764.50	-3.398e-02	2.698e-01	-1.402e-01
178765.50	-8.640e-03	1.565e-03	-1.171e-01
178766.50	2.669e-02	-2.237e-01	2.122e-01
178767.50	-4.320e-03	-1.114e-01	1.248e-01
178768.50	-1.584e-02	1.219e-01	4.426e-02
178769.50	-2.976e-02	1.661e-01	-5.069e-02
178770.50	-8.794e-03	2.304e-02	8.323e-02
178771.50	1.920e-03	-1.670e-02	4.310e-02
178772.50	3.062e-03	-7.181e-02	-5.904e-02
178773.50	4.685e-03	-3.168e-02	1.046e-01
178774.50	1.142e-03	4.598e-02	-5.770e-02
178775.50	-3.888e-03	1.459e-02	4.282e-02
178776.50	-5.558e-02	1.411e-01	1.229e-01
178777.50	-4.118e-02	1.046e-01	1.027e-01
178778.50	1.680e-03	1.622e-02	-5.357e-02
178779.50	8.813e-03	-1.018e-01	-8.275e-02
178780.50	7.219e-04	3.648e-02	2.688e-03
178781.50	-2.832e-03	7.450e-02	2.717e-02
178782.50	2.525e-04	-1.891e-01	7.286e-02
178783.50	1.891e-02	-3.686e-01	6.854e-02
178784.50	-1.430e-03	2.323e-02	-8.534e-02
178785.50	-2.947e-03	1.430e-01	-1.824e-01
178786.50	2.467e-04	5.539e-02	-5.789e-02
178787.50	-1.738e-03	1.181e-01	4.051e-02
178788.50	-1.018e-03	-1.402e-02	1.190e-01
178789.50	8.573e-04	-9.581e-02	2.438e-02
178790.50	1.478e-03	-6.086e-02	-1.162e-02
178791.50	-1.766e-03	4.416e-02	-6.845e-02
178792.50	-4.022e-04	2.170e-02	1.766e-03
178793.50	-1.219e-03	4.454e-02	-1.152e-02
178794.50	2.006e-03	-6.566e-02	4.464e-03
178795.50	-1.181e-03	9.187e-02	6.115e-02
178796.50	-4.109e-03	1.142e-01	2.026e-02
178797.50	-1.334e-04	4.118e-03	6.730e-02
178798.50	6.470e-04	-7.306e-02	-5.501e-03
178799.50	-1.478e-03	-1.690e-02	1.344e-01
178800.50	-1.958e-03	-1.459e-02	1.843e-02
178801.50	4.896e-03	-8.909e-02	-8.026e-02
178802.50	2.678e-03	1.094e-02	-7.094e-02
178803.50	-2.160e-03	3.629e-02	1.930e-02
178804.50	-2.026e-03	-3.034e-02	8.390e-02
178805.50	1.565e-03	4.387e-02	5.875e-02
178806.50	5.328e-03	-3.830e-02	-1.171e-01
178807.50	-1.949e-03	1.661e-02	-9.101e-02
178808.50	-5.242e-03	3.600e-02	-4.685e-02
178809.50	2.256e-03	2.458e-02	2.966e-02
178810.50	1.210e-03	-7.920e-03	2.880e-03
178811.50	-8.189e-04	-7.315e-03	-4.944e-02
178812.50	-6.586e-02	-1.958e-01	6.979e-02
178813.50	-1.517e-01	-2.390e-02	3.072e-01
178814.50	8.448e-02	1.459e-02	-1.104e-01
178815.50	9.158e-02	1.238e-01	-1.114e-01
178816.50	4.483e-02	-9.792e-03	-2.026e-01
178817.50	2.381e-05	-9.571e-02	1.027e-01
178818.50	-1.200e-03	6.019e-02	1.450e-02
178819.50	-1.651e-03	1.219e-01	-3.763e-02
178820.50	-9.082e-04	5.136e-02	-2.966e-02
178821.50	4.771e-04	-1.075e-01	1.046e-01
178822.50	1.094e-03	-3.398e-02	5.453e-02
178823.50	1.738e-04	-4.003e-02	1.728e-02
178824.50	2.189e-03	-4.464e-02	-8.515e-02
178825.50	3.667e-03	-1.421e-01	5.453e-04
178826.50	1.133e-03	3.590e-02	-1.075e-03
178827.50	-5.213e-04	1.171e-01	-5.894e-02
178828.50	-3.226e-03	1.373e-01	7.104e-02
178829.50	-1.651e-03	3.552e-02	-3.158e-02
178830.50	-8.093e-04	-6.778e-02	1.382e-02
178831.50	2.352e-03	6.144e-02	-2.122e-02
178832.50	1.075e-03	-3.917e-02	-2.150e-03
178833.50	1.958e-03	-4.416e-02	2.400e-02
178834.50	4.560e-04	-4.186e-02	-3.101e-02
178835.50	-1.478e-03	-3.437e-02	6.269e-02
178836.50	-1.008e-03	5.146e-02	-1.094e-01
178837.50	6.595e-04	-1.027e-01	-1.766e-02
178838.50	3.024e-03	-9.600e-02	-2.189e-02
178839.50	-1.085e-03	3.274e-02	-3.178e-02
178840.50	-1.546e-03	3.600e-02	-6.182e-03
178841.50	-2.909e-03	5.021e-02	3.130e-02
178842.50	2.966e-03	-4.397e-02	-8.986e-02
178843.50	8.285e-04	-3.274e-02	-6.835e-02
178844.50	1.018e-03	-6.806e-02	-8.371e-04
178845.50	-1.075e-03	9.696e-03	-1.219e-02
178846.50	5.232e-04	1.958e-02	-4.906e-02
178847.50	1.008e-03	3.226e-02	-1.603e-02
178848.50	-1.632e-04	-1.978e-02	-2.765e-02
178849.50	-1.411e-03	9.590e-02	8.765e-02
178850.50	2.198e-04	5.443e-02	9.984e-02
178851.50	-6.509e-04	6.979e-03	8.880e-02
178852.50	-2.170e-05	-3.514e-03	-9.696e-03
178853.50	-2.995e-04	-3.734e-02	4.973e-02
178854.50	7.786e-04	-4.224e-02	3.494e-02
178855.50	1.142e-03	-2.630e-02	-2.477e-02
178856.50	-2.899e-04	-1.546e-02	-1.114e-01
178857.50	1.354e-04	7.498e-02	-1.699e-02
178858.50	-3.178e-03	7.325e-02	-5.510e-03
178859.50	-4.195e-03	1.123e-01	7.670e-02
178860.50	8.381e-04	-7.690e-03	9.984e-02
178861.50	1.363e-04	-1.853e-02	4.061e-02
178862.50	1.104e-03	-6.058e-02	-3.696e-02
178863.50	-6.221e-04	-1.891e-02	-5.050e-02
178864.50	9.984e-04	-1.661e-02	1.286e-02
178865.50	1.334e-03	-1.901e-02	-1.046e-02
178866.50	-2.026e-03	3.638e-02	5.328e-03
178867.50	-8.765e-04	1.958e-02	2.573e-02
178868.50	1.075e-03	8.122e-02	-8.362e-02
178869.50	-2.861e-03	6.346e-02	4.982e-02
178870.50	1.459e-03	-1.824e-02	-1.046e-01
178871.50	2.294e-03	2.640e-02	-2.563e-02
178872.50	3.274e-03	-1.267e-02	3.475e-02
178873.50	-5.923e-03	1.181e-01	2.563e-02
178874.50	-3.850e-04	-4.474e-02	-3.398e-02
178875.50	-1.843e-04	-3.427e-03	8.054e-02
178876.50	-6.614e-05	-3.082e-02	-4.090e-02
178877.50	-3.418e-04	4.224e-02	3.802e-02
178878.50	-9.984e-04	-1.766e-02	4.330e-02
178879.50	1.037e-03	2.333e-02	-2.736e-02
178880.50	1.594e-03	-1.363e-02	2.995e-02
178881.50	-4.838e-04	-4.838e-02	-8.246e-02
178882.50	-2.611e-04	-1.094e-02	-2.198e-03
178883.50	2.947e-04	-3.264e-02	3.965e-02
178884.50	4.224e-03	-9.888e-02	-4.790e-02
178885.50	1.690e-03	-3.130e-02	1.536e-02
178886.50	-5.712e-04	6.576e-02	-5.722e-03
178887.50	1.306e-03	-1.594e-02	-1.930e-02
178888.50	-2.237e-03	3.715e-02	1.488e-01
178889.50	-1.123e-03	4.435e-02	-7.421e-02
178890.50	-3.917e-04	3.686e-03	-4.944e-02
178891.50	3.312e-03	-6.115e-03	-8.544e-02
178892.50	1.661e-03	-4.781e-02	-1.603e-02
178893.50	-1.286e-03	4.560e-02	3.859e-02
178894.50	-5.078e-04	3.869e-02	4.829e-03
178895.50	-4.406e-03	-1.930e-02	2.890e-02
178896.50	-1.958e-03	-8.438e-03	4.166e-02
178897.50	2.352e-03	-6.912e-02	3.427e-02
178898.50	1.939e-04	1.344e-02	1.958e-02
178899.50	-6.883e-04	-4.781e-02	2.285e-02
178900.50	1.008e-03	5.626e-03	-3.821e-03
178901.50	-4.138e-04	2.669e-02	-4.714e-03
178902.50	-1.536e-03	2.573e-02	-3.811e-03
178903.50	1.834e-02	-1.046e-01	4.291e-02
178904.50	1.949e-03	3.686e-02	-5.501e-02
178905.50	-8.774e-04	-1.027e-02	3.907e-02
178906.50	-5.510e-04	-6.086e-02	-7.997e-03
178907.50	5.626e-04	-3.533e-02	-4.618e-02
178908.50	8.822e-04	7.872e-03	-2.554e-02
178909.50	-5.011e-04	2.707e-02	-8.746e-02
178910.50	-6.672e-04	2.218e-02	-6.058e-02
178911.50	7.766e-03	-4.723e-02	2.467e-02
178912.50	-2.717e-03	1.440e-02	-1.334e-02
178913.50	-4.598e-03	1.066e-02	4.560e-02
178914.50	-2.141e-04	5.280e-02	3.542e-02
178915.50	-4.838e-04	-4.291e-02	4.032e-02
178916.50	5.693e-05	4.742e-02	-6.154e-02
178917.50	-7.363e-03	8.640e-02	6.336e-02
178918.50	-5.539e-03	1.603e-03	-5.443e-02
178919.50	-1.430e-03	7.402e-02	-2.333e-02
178920.50	5.194e-04	5.443e-03	1.018e-02
178921.50	-1.411e-04	-1.594e-02	6.701e-03
178922.50	-2.448e-04	5.990e-03	-2.218e-03
178923.50	-1.056e-04	4.090e-03	-3.590e-02
178924.50	-1.046e-03	3.581e-03	5.578e-02
178925.50	-2.630e-03	-2.218e-03	-2.150e-02
178926.50	-1.142e-02	8.650e-02	-3.936e-02
178927.50	-1.680e-03	4.771e-02	-1.200e-02
178928.50	-8.717e-04	-1.162e-02	3.629e-02
178929.50	7.162e-05	-3.600e-02	-9.034e-03
178930.50	-1.181e-03	1.613e-02	7.795e-02
178931.50	1.478e-03	-3.859e-02	-1.574e-02
178932.50	-1.824e-04	1.210e-02	2.976e-02
178933.50	-2.122e-03	7.507e-02	-4.954e-02
178934.50	-1.085e-03	2.986e-02	1.248e-02
178935.50	1.190e-03	-6.125e-02	4.925e-02
178936.50	-2.150e-05	-1.613e-02	5.136e-02
178937.50	5.942e-04	-2.323e-02	3.216e-02
178938.50	-1.344e-03	2.938e-02	-1.296e-02
178939.50	3.043e-04	-1.027e-02	-6.230e-02
178940.50	3.485e-04	-1.622e-02	9.264e-03
178941.50	3.859e-05	1.344e-02	8.909e-02
178942.50	1.574e-03	-4.090e-02	-5.040e-02
178943.50	1.123e-03	4.426e-03	-5.453e-02
178944.50	1.536e-03	5.798e-03	1.603e-02
178945.50	1.373e-03	1.085e-02	9.792e-03
178946.50	-1.306e-03	1.699e-02	3.072e-02
178947.50	-9.485e-05	4.819e-02	-1.699e-02
178948.50	-1.776e-03	-4.896e-04	-2.333e-02
178949.50	1.565e-03	-2.285e-02	3.734e-03
178950.50	-1.162e-03	5.002e-02	2.582e-02
178951.50	-1.171e-03	-3.792e-02	1.939e-02
178952.50	-1.795e-03	-6.902e-03	-3.120e-02
178953.50	2.102e-03	-5.510e-03	-3.187e-02
178954.50	1.306e-03	2.544e-02	6.547e-02
178955.50	3.312e-04	-3.370e-02	-3.619e-02
178956.50	4.406e-03	-9.427e-02	2.390e-02
178957.50	-6.019e-05	-7.152e-03	1.478e-02
178958.50	2.016e-03	-2.208e-02	1.613e-02
