178360.50	0.000e+00	0.000e+00	0.000e+00
178361.50	0.000e+00	0.000e+00	0.000e+00
178362.50	0.000e+00	0.000e+00	0.000e+00
178363.50	0.000e+00	0.000e+00	0.000e+00
178364.50	0.000e+00	0.000e+00	0.000e+00
178365.50	0.000e+00	0.000e+00	0.000e+00
178366.50	0.000e+00	0.000e+00	0.000e+00
178367.50	0.000e+00	0.000e+00	0.000e+00
178368.50	0.000e+00	0.000e+00	0.000e+00
178369.50	0.000e+00	0.000e+00	0.000e+00
178370.50	0.000e+00	0.000e+00	0.000e+00
178371.50	0.000e+00	0.000e+00	0.000e+00
178372.50	0.000e+00	0.000e+00	0.000e+00
178373.50	0.000e+00	0.000e+00	0.000e+00
178374.50	0.000e+00	0.000e+00	0.000e+00
178375.50	0.000e+00	0.000e+00	0.000e+00
178376.50	0.000e+00	0.000e+00	0.000e+00
178377.50	0.000e+00	0.000e+00	0.000e+00
178378.50	0.000e+00	0.000e+00	0.000e+00
178379.50	0.000e+00	0.000e+00	0.000e+00
178380.50	0.000e+00	0.000e+00	0.000e+00
178381.50	0.000e+00	0.000e+00	0.000e+00
178382.50	0.000e+00	0.000e+00	0.000e+00
178383.50	0.000e+00	0.000e+00	0.000e+00
178384.50	0.000e+00	0.000e+00	0.000e+00
178385.50	0.000e+00	0.000e+00	0.000e+00
178386.50	0.000e+00	0.000e+00	0.000e+00
178387.50	0.000e+00	0.000e+00	0.000e+00
178388.50	0.000e+00	0.000e+00	0.000e+00
178389.50	0.000e+00	0.000e+00	0.000e+00
178390.50	0.000e+00	0.000e+00	0.000e+00
178391.50	0.000e+00	0.000e+00	0.000e+00
178392.50	0.000e+00	0.000e+00	0.000e+00
178393.50	0.000e+00	0.000e+00	0.000e+00
178394.50	0.000e+00	0.000e+00	0.000e+00
178395.50	0.000e+00	0.000e+00	0.000e+00
178396.50	0.000e+00	0.000e+00	0.000e+00
178397.50	0.000e+00	0.000e+00	0.000e+00
178398.50	0.000e+00	0.000e+00	0.000e+00
178399.50	0.000e+00	0.000e+00	0.000e+00
178400.50	0.000e+00	0.000e+00	0.000e+00
178401.50	0.000e+00	0.000e+00	0.000e+00
178402.50	0.000e+00	0.000e+00	0.000e+00
178403.50	0.000e+00	0.000e+00	0.000e+00
178404.50	0.000e+00	0.000e+00	0.000e+00
178405.50	0.000e+00	0.000e+00	0.000e+00
178406.50	0.000e+00	0.000e+00	0.000e+00
178407.50	0.000e+00	0.000e+00	0.000e+00
178408.50	0.000e+00	0.000e+00	0.000e+00
178409.50	0.000e+00	0.000e+00	0.000e+00
178410.50	0.000e+00	0.000e+00	0.000e+00
178411.50	0.000e+00	0.000e+00	0.000e+00
178412.50	0.000e+00	0.000e+00	0.000e+00
178413.50	0.000e+00	0.000e+00	0.000e+00
178414.50	0.000e+00	0.000e+00	0.000e+00
178415.50	0.000e+00	0.000e+00	0.000e+00
178416.50	0.000e+00	0.000e+00	0.000e+00
178417.50	0.000e+00	0.000e+00	0.000e+00
178418.50	0.000e+00	0.000e+00	0.000e+00
178419.50	0.000e+00	0.000e+00	0.000e+00
178420.50	0.000e+00	0.000e+00	0.000e+00
178421.50	0.000e+00	0.000e+00	0.000e+00
178422.50	0.000e+00	0.000e+00	0.000e+00
178423.50	0.000e+00	0.000e+00	0.000e+00
178424.50	0.000e+00	0.000e+00	0.000e+00
178425.50	0.000e+00	0.000e+00	0.000e+00
178426.50	0.000e+00	0.000e+00	0.000e+00
178427.50	0.000e+00	0.000e+00	0.000e+00
178428.50	0.000e+00	0.000e+00	0.000e+00
178429.50	0.000e+00	0.000e+00	0.000e+00
178430.50	0.000e+00	0.000e+00	0.000e+00
178431.50	0.000e+00	0.000e+00	0.000e+00
178432.50	0.000e+00	0.000e+00	0.000e+00
178433.50	0.000e+00	0.000e+00	0.000e+00
178434.50	0.000e+00	0.000e+00	0.000e+00
178435.50	0.000e+00	0.000e+00	0.000e+00
178436.50	0.000e+00	0.000e+00	0.000e+00
178437.50	0.000e+00	0.000e+00	0.000e+00
178438.50	0.000e+00	0.000e+00	0.000e+00
178439.50	0.000e+00	0.000e+00	0.000e+00
178440.50	0.000e+00	0.000e+00	0.000e+00
178441.50	0.000e+00	0.000e+00	0.000e+00
178442.50	0.000e+00	0.000e+00	0.000e+00
178443.50	0.000e+00	0.000e+00	0.000e+00
178444.50	0.000e+00	0.000e+00	0.000e+00
178445.50	0.000e+00	0.000e+00	0.000e+00
178446.50	0.000e+00	0.000e+00	0.000e+00
178447.50	0.000e+00	0.000e+00	0.000e+00
178448.50	0.000e+00	0.000e+00	0.000e+00
178449.50	0.000e+00	0.000e+00	0.000e+00
178450.50	0.000e+00	0.000e+00	0.000e+00
178451.50	0.000e+00	0.000e+00	0.000e+00
178452.50	0.000e+00	0.000e+00	0.000e+00
178453.50	0.000e+00	0.000e+00	0.000e+00
178454.50	0.000e+00	0.000e+00	0.000e+00
178455.50	0.000e+00	0.000e+00	0.000e+00
178456.50	0.000e+00	0.000e+00	0.000e+00
178457.50	0.000e+00	0.000e+00	0.000e+00
178458.50	0.000e+00	0.000e+00	0.000e+00
178459.50	0.000e+00	0.000e+00	0.000e+00
178460.50	0.000e+00	0.000e+00	0.000e+00
178461.50	0.000e+00	0.000e+00	0.000e+00
178462.50	0.000e+00	0.000e+00	0.000e+00
178463.50	0.000e+00	0.000e+00	0.000e+00
178464.50	0.000e+00	0.000e+00	0.000e+00
178465.50	0.000e+00	0.000e+00	0.000e+00
178466.50	0.000e+00	0.000e+00	0.000e+00
178467.50	0.000e+00	0.000e+00	0.000e+00
178468.50	0.000e+00	0.000e+00	0.000e+00
178469.50	0.000e+00	0.000e+00	0.000e+00
178470.50	0.000e+00	0.000e+00	0.000e+00
178471.50	0.000e+00	0.000e+00	0.000e+00
178472.50	0.000e+00	0.000e+00	0.000e+00
178473.50	0.000e+00	0.000e+00	0.000e+00
178474.50	0.000e+00	0.000e+00	0.000e+00
178475.50	0.000e+00	0.000e+00	0.000e+00
178476.50	0.000e+00	0.000e+00	0.000e+00
178477.50	0.000e+00	0.000e+00	0.000e+00
178478.50	0.000e+00	0.000e+00	0.000e+00
178479.50	0.000e+00	0.000e+00	0.000e+00
178480.50	0.000e+00	0.000e+00	0.000e+00
178481.50	0.000e+00	0.000e+00	0.000e+00
178482.50	0.000e+00	0.000e+00	0.000e+00
178483.50	0.000e+00	0.000e+00	0.000e+00
178484.50	0.000e+00	0.000e+00	0.000e+00
178485.50	0.000e+00	0.000e+00	0.000e+00
178486.50	0.000e+00	0.000e+00	0.000e+00
178487.50	0.000e+00	0.000e+00	0.000e+00
178488.50	0.000e+00	0.000e+00	0.000e+00
178489.50	0.000e+00	0.000e+00	0.000e+00
178490.50	0.000e+00	0.000e+00	0.000e+00
178491.50	0.000e+00	0.000e+00	0.000e+00
178492.50	0.000e+00	0.000e+00	0.000e+00
178493.50	0.000e+00	0.000e+00	0.000e+00
178494.50	0.000e+00	0.000e+00	0.000e+00
178495.50	0.000e+00	0.000e+00	0.000e+00
178496.50	0.000e+00	0.000e+00	0.000e+00
178497.50	0.000e+00	0.000e+00	0.000e+00
178498.50	0.000e+00	0.000e+00	0.000e+00
178499.50	-2.237e-08	-9.888e-06	7.162e-07
178500.50	-9.523e-06	-3.581e-04	2.294e-04
178501.50	4.982e-06	-7.613e-05	-1.248e-04
178502.50	7.133e-06	2.870e-04	-2.035e-04
178503.50	1.181e-03	-7.459e-02	-5.779e-02
178504.50	1.046e-03	3.341e-02	-2.630e-02
178505.50	-4.474e-04	1.978e-02	2.611e-02
178506.50	-5.376e-04	-1.229e-02	1.795e-02
178507.50	-5.501e-04	-1.114e-04	1.555e-02
178508.50	-5.299e-05	-1.910e-02	-3.024e-03
178509.50	-2.650e-05	3.034e-02	1.930e-03
178510.50	-8.179e-04	-2.294e-02	3.130e-02
178511.50	1.056e-03	6.528e-02	-3.389e-02
178512.50	1.814e-03	-4.589e-01	-6.115e-02
178513.50	-1.373e-02	-6.269e+00	5.443e-01
178514.50	5.155e-01	-1.267e+02	-1.843e+01
178515.50	1.430e+00	-6.106e+02	-5.155e+01
178516.50	1.402e+00	-7.450e+02	-5.136e+01
178517.50	7.824e-01	-1.661e+02	-2.765e+01
178518.50	-6.442e-01	1.853e+02	2.726e+01
178519.50	-1.094e-01	1.536e+02	5.827e+00
178520.50	-4.080e-01	1.181e+02	1.622e+01
178521.50	-3.552e-01	1.037e+02	1.411e+01
178522.50	-2.717e-01	8.506e+01	1.018e+01
178523.50	-2.515e-01	8.054e+01	9.542e+00
178524.50	-1.430e-01	7.382e+01	5.894e+00
178525.50	3.619e-02	6.461e+01	-1.229e+00
178526.50	-1.978e-01	5.616e+01	7.046e+00
178527.50	-3.840e-02	4.522e+01	1.344e+00
178528.50	-5.213e-02	5.021e+01	1.661e+00
178529.50	1.834e-02	4.166e+01	-7.958e-01
178530.50	-5.395e-02	4.330e+01	1.670e+00
178531.50	-8.429e-02	3.149e+01	3.043e+00
178532.50	-6.854e-02	3.408e+01	2.304e+00
178533.50	-1.046e-01	3.101e+01	3.802e+00
178534.50	-6.893e-02	2.938e+01	2.525e+00
178535.50	-8.621e-02	2.602e+01	3.091e+00
178536.50	-9.120e-02	2.179e+01	3.005e+00
178537.50	-4.464e-02	2.045e+01	1.133e+00
178538.50	-6.682e-02	1.930e+01	2.390e+00
178539.50	-5.482e-02	1.987e+01	1.594e+00
178540.50	-5.818e-02	1.728e+01	1.882e+00
178541.50	-2.592e-02	1.651e+01	7.738e-01
178542.50	-2.995e-02	1.584e+01	8.717e-01
178543.50	-2.467e-03	1.546e+01	-3.658e-01
178544.50	-1.459e-03	1.603e+01	1.056e-01
178545.50	-4.138e-02	1.171e+01	1.430e+00
178546.50	-1.382e-02	1.171e+01	3.859e-01
178547.50	-5.520e-02	1.162e+01	1.949e+00
178548.50	-3.408e-02	9.984e+00	1.238e+00
178549.50	-3.427e-02	9.187e+00	9.696e-01
178550.50	2.909e-02	8.582e+00	-1.267e+00
178551.50	-2.986e-02	8.986e+00	8.755e-01
178552.50	-1.517e-02	7.824e+00	4.646e-01
178553.50	-5.242e-02	7.584e+00	1.690e+00
178554.50	-6.106e-02	7.690e+00	2.016e+00
178555.50	-4.205e-02	6.662e+00	1.248e+00
178556.50	-3.254e-02	6.912e+00	1.258e+00
178557.50	-7.027e-03	6.442e+00	1.440e-01
178558.50	-2.650e-02	5.501e+00	9.178e-01
178559.50	-1.843e-02	4.838e+00	6.048e-01
178560.50	1.862e-02	5.318e+00	-6.989e-01
178561.50	-2.458e-02	4.512e+00	6.576e-01
178562.50	-3.619e-02	5.414e+00	8.938e-01
178563.50	3.091e-03	3.840e+00	-1.978e-01
178564.50	7.997e-03	3.802e+00	-2.726e-01
178565.50	-9.792e-03	3.898e+00	3.072e-01
178566.50	-2.054e-02	3.706e+00	5.942e-01
178567.50	-2.851e-02	4.195e+00	1.018e+00
178568.50	-7.574e-03	3.878e+00	1.373e-01
178569.50	1.488e-03	2.794e+00	-9.082e-03
178570.50	-2.525e-03	3.370e+00	7.565e-02
178571.50	-2.477e-02	2.477e+00	8.678e-01
178572.50	5.462e-03	2.765e+00	-3.926e-01
178573.50	1.459e-02	1.296e+00	-6.672e-01
178574.50	-3.696e-02	2.083e+00	1.200e+00
178575.50	7.200e-03	2.294e+00	-2.995e-01
178576.50	-1.862e-02	3.091e+00	5.827e-01
178577.50	-2.851e-02	2.477e+00	1.037e+00
178578.50	8.323e-03	2.170e+00	-2.890e-01
178579.50	-8.803e-03	2.218e+00	2.150e-01
178580.50	-6.701e-03	2.112e+00	-1.229e-01
178581.50	-2.198e-03	1.411e+00	-8.995e-02
178582.50	-2.515e-02	1.680e+00	7.267e-01
178583.50	-8.928e-03	2.333e+00	3.274e-01
178584.50	-1.123e-03	5.338e-01	8.659e-02
178585.50	-1.334e-03	1.248e+00	1.728e-01
178586.50	1.325e-03	1.709e+00	-3.206e-01
178587.50	-1.997e-02	1.142e+00	7.901e-01
178588.50	2.534e-03	1.382e+00	-1.920e-01
178589.50	-7.488e-03	1.565e+00	3.360e-01
178590.50	-2.986e-03	1.219e+00	3.667e-02
178591.50	1.699e-02	1.450e+00	-6.691e-01
178592.50	-1.210e-02	8.294e-01	4.790e-01
178593.50	9.792e-03	7.325e-01	-4.954e-01
178594.50	-5.606e-03	1.171e+00	2.458e-01
178595.50	-1.238e-03	1.123e+00	4.848e-02
178596.50	-5.712e-03	1.027e+00	2.026e-01
178597.50	-1.565e-02	1.152e+00	3.638e-01
178598.50	-6.346e-03	7.085e-01	1.661e-01
178599.50	-8.083e-03	7.613e-01	1.862e-01
178600.50	-5.174e-03	5.942e-01	1.277e-01
178601.50	1.075e-02	9.600e-01	-4.349e-01
178602.50	-3.533e-03	7.968e-01	1.795e-01
178603.50	-1.613e-02	7.421e-01	1.709e-01
178604.50	-2.640e-02	1.584e-01	3.706e-01
178605.50	3.360e-03	6.211e-01	-7.603e-02
178606.50	-4.262e-04	3.139e-01	-1.450e-01
178607.50	-6.749e-03	7.267e-02	1.718e-01
178608.50	7.277e-03	9.696e-01	-1.594e-01
178609.50	4.339e-03	5.827e-01	-2.794e-01
178610.50	4.570e-03	-5.520e-03	-3.206e-01
178611.50	-2.707e-02	8.582e-01	8.150e-01
178612.50	-3.686e-03	8.112e-01	1.968e-01
178613.50	-1.306e-02	3.648e-01	2.870e-01
178614.50	8.928e-03	3.571e-01	-9.350e-02
178615.50	6.816e-03	6.058e-02	-2.525e-01
178616.50	3.802e-03	4.003e-01	-1.238e-01
178617.50	-4.762e-03	5.165e-01	2.026e-01
178618.50	-1.142e-03	5.011e-01	5.107e-02
178619.50	-1.690e-03	2.573e-01	-9.888e-03
178620.50	1.296e-03	5.011e-01	-9.226e-02
178621.50	-4.051e-03	2.515e-01	-8.246e-03
178622.50	-3.206e-03	4.992e-01	2.054e-01
178623.50	2.554e-03	4.003e-01	2.026e-02
178624.50	-6.701e-04	4.339e-01	-8.304e-03
178625.50	7.363e-03	8.074e-02	-2.458e-01
178626.50	-1.488e-02	3.946e-01	4.464e-01
178627.50	-2.496e-03	3.677e-01	1.517e-01
178628.50	3.168e-03	2.707e-01	-5.078e-02
178629.50	-2.266e-03	3.149e-01	6.634e-02
178630.50	-3.523e-03	1.248e-01	6.058e-02
178631.50	-7.565e-04	2.131e-01	-3.398e-02
178632.50	-2.438e-03	4.118e-01	2.045e-02
178633.50	2.659e-04	2.102e-01	-9.024e-02
178634.50	2.035e-03	-2.323e-01	-1.018e-01
178635.50	1.037e-02	4.589e-01	-3.360e-01
178636.50	-7.555e-03	1.622e-01	2.323e-01
178637.50	-1.862e-03	3.110e-01	5.952e-02
178638.50	4.032e-04	1.402e-01	-1.949e-02
178639.50	-7.862e-04	1.421e-01	1.517e-02
178640.50	-9.696e-03	2.227e-01	4.157e-01
178641.50	-1.766e-03	-2.544e-02	4.685e-03
178642.50	-4.550e-05	-7.421e-02	2.765e-02
178643.50	-2.870e-03	5.318e-01	-3.101e-02
178644.50	6.298e-02	2.496e-01	-3.437e-01
178645.50	1.594e-01	1.738e-01	-7.046e-01
178646.50	3.888e-03	2.525e-02	-1.574e-01
178647.50	-4.474e-02	-3.370e-03	9.149e-02
178648.50	-3.350e-02	6.394e-02	1.363e-01
178649.50	-7.306e-04	2.304e-02	5.520e-02
178650.50	-3.053e-03	3.197e-01	-4.339e-02
178651.50	-1.546e-02	9.696e-02	3.437e-01
178652.50	-4.445e-03	1.152e-01	1.190e-01
178653.50	-1.891e-02	4.483e-01	4.426e-01
178654.50	1.315e-02	-5.280e-02	-3.571e-01
178655.50	-1.814e-03	2.515e-01	6.624e-02
178656.50	4.205e-03	2.966e-01	-6.595e-02
178657.50	-1.344e-03	2.006e-01	7.210e-02
178658.50	-7.824e-03	2.554e-02	1.334e-01
178659.50	2.477e-03	1.133e-02	-1.402e-01
178660.50	-2.342e-02	1.162e-01	1.766e-01
178661.50	2.227e-03	2.208e-01	-1.555e-01
178662.50	-3.763e-03	1.104e-01	1.488e-01
178663.50	-1.421e-04	1.334e-01	-9.043e-02
178664.50	1.075e-02	6.768e-02	-1.565e-01
178665.50	8.371e-04	1.267e-01	7.853e-02
178666.50	-8.131e-03	-2.333e-01	2.966e-01
178667.50	3.168e-03	9.101e-02	-1.594e-01
178668.50	-6.211e-03	8.198e-02	1.498e-01
178669.50	1.632e-03	7.670e-02	-1.190e-01
178670.50	-9.331e-03	-1.190e-01	2.755e-02
178671.50	-6.307e-04	1.978e-01	3.888e-02
178672.50	-3.658e-04	1.402e-01	6.202e-02
178673.50	-6.835e-03	2.515e-02	2.794e-01
178674.50	1.843e-03	2.006e-01	-2.093e-02
178675.50	-1.594e-03	2.448e-01	1.728e-02
178676.50	2.285e-04	1.670e-01	-6.365e-02
178677.50	-1.670e-02	3.072e-01	1.114e-01
178678.50	-2.256e-02	-1.459e-01	-5.741e-02
178679.50	4.387e-03	-2.410e-01	-9.600e-02
178680.50	-6.413e-03	1.661e-01	9.466e-02
178681.50	-7.229e-04	1.546e-01	-1.238e-02
178682.50	-7.469e-03	7.402e-02	2.304e-01
178683.50	-1.277e-04	6.691e-02	-3.581e-02
178684.50	-9.034e-04	-7.498e-02	1.008e-01
178685.50	-2.112e-03	-1.123e-01	7.574e-02
178686.50	3.418e-04	1.613e-01	-2.976e-02
178687.50	9.984e-04	2.266e-01	1.066e-01
178688.50	3.542e-03	2.602e-02	-1.315e-01
178689.50	8.688e-04	-1.584e-01	5.549e-02
178690.50	3.120e-03	-2.170e-02	-6.058e-02
178691.50	-2.765e-02	5.318e-02	1.219e-01
178692.50	-2.678e-02	-6.912e-02	8.314e-03
178693.50	-1.930e-03	-5.875e-03	1.574e-01
178694.50	-4.954e-04	6.394e-02	3.917e-03
178695.50	1.210e-04	1.450e-01	-2.698e-02
178696.50	-6.307e-03	3.101e-02	1.373e-01
178697.50	1.066e-03	1.267e-01	-6.509e-02
178698.50	-2.938e-03	-1.123e-01	1.642e-01
178699.50	9.984e-04	1.094e-01	-1.046e-01
178700.50	7.786e-04	-4.099e-02	5.002e-02
178701.50	3.110e-03	-2.054e-01	-1.392e-01
178702.50	-8.880e-03	1.757e-01	3.139e-01
178703.50	4.656e-03	-3.907e-02	-2.016e-01
178704.50	7.507e-04	1.526e-01	-5.654e-02
178705.50	-4.109e-04	1.267e-02	7.699e-03
178706.50	-2.582e-03	4.877e-02	3.398e-02
178707.50	-2.842e-03	4.435e-02	-7.142e-03
178708.50	6.394e-04	-3.418e-02	1.488e-02
178709.50	-1.037e-04	-5.328e-02	-7.843e-03
178710.50	-2.928e-04	1.094e-01	1.046e-01
178711.50	1.613e-05	-3.514e-02	-6.480e-02
178712.50	3.994e-03	3.946e-02	-1.181e-01
178713.50	-2.006e-03	1.411e-01	4.262e-02
178714.50	-4.051e-03	3.341e-01	1.622e-01
178715.50	1.766e-03	-7.939e-02	-7.968e-02
178716.50	6.826e-04	1.181e-01	2.381e-02
178717.50	-6.134e-03	1.728e-01	6.787e-02
178718.50	1.805e-03	2.506e-02	2.275e-03
178719.50	2.986e-03	4.982e-02	-4.195e-02
178720.50	-6.518e-03	3.811e-03	1.651e-01
178721.50	-6.720e-04	-1.344e-01	1.238e-03
178722.50	6.902e-03	9.322e-02	-2.870e-01
178723.50	8.688e-04	6.778e-02	-6.864e-02
178724.50	-1.027e-03	-5.261e-02	1.114e-01
178725.50	-2.995e-03	6.893e-02	1.574e-01
178726.50	7.104e-03	5.290e-02	-1.315e-01
178727.50	1.104e-03	-1.536e-01	1.190e-01
178728.50	3.878e-04	-3.216e-03	1.392e-02
178729.50	-6.432e-04	1.901e-01	9.696e-03
178730.50	-5.549e-03	5.674e-02	-4.886e-04
178731.50	1.728e-03	1.555e-01	-5.299e-02
178732.50	2.448e-03	-2.851e-02	-1.267e-02
178733.50	1.622e-03	-2.035e-02	-3.389e-02
178734.50	3.878e-03	1.037e-01	4.253e-03
178735.50	-2.496e-03	-1.171e-01	2.966e-02
178736.50	-3.370e-03	-1.594e-01	-3.984e-02
178737.50	5.386e-06	1.085e-01	-5.309e-02
178738.50	-1.027e-03	-2.208e-01	-1.517e-01
178739.50	-4.128e-04	3.562e-02	-3.600e-02
178740.50	6.643e-04	3.590e-02	-1.939e-02
178741.50	-8.477e-03	7.901e-02	2.333e-01
178742.50	-5.482e-04	-8.400e-02	1.123e-01
178743.50	-2.563e-03	1.018e-01	3.322e-04
178744.50	-4.195e-03	-7.670e-02	9.283e-02
178745.50	-6.278e-03	-1.008e-01	1.382e-01
178746.50	-4.291e-03	4.867e-02	-4.570e-03
178747.50	-9.110e-04	2.064e-02	-3.782e-02
178748.50	-2.640e-03	8.774e-02	7.853e-02
178749.50	3.696e-03	-6.259e-02	-1.670e-02
178750.50	7.786e-03	-4.915e-02	-1.354e-01
178751.50	-3.178e-04	5.923e-02	3.955e-03
178752.50	-8.016e-03	1.296e-02	2.208e-01
178753.50	5.050e-03	1.286e-01	-1.690e-01
178754.50	3.178e-03	5.856e-02	2.861e-04
178755.50	9.600e-04	-1.200e-01	-2.515e-02
178756.50	-7.690e-04	-9.072e-02	3.360e-02
178757.50	-3.053e-03	3.264e-02	1.142e-01
178758.50	-1.862e-03	1.584e-01	5.136e-02
178759.50	6.490e-03	4.502e-02	-1.603e-01
178760.50	8.150e-05	-9.466e-02	1.114e-02
178761.50	8.957e-04	-5.290e-02	-2.966e-02
178762.50	-4.483e-03	-2.870e-02	1.037e-01
178763.50	7.411e-03	1.469e-01	-4.608e-02
178764.50	1.555e-03	2.621e-03	-9.168e-02
178765.50	1.584e-03	8.304e-03	-7.382e-02
178766.50	-4.704e-03	4.637e-03	1.699e-01
178767.50	5.203e-03	-1.037e-02	-1.373e-01
178768.50	-8.006e-03	-2.237e-01	5.059e-02
178769.50	-6.000e-03	6.470e-02	1.114e-01
178770.50	9.984e-04	-6.451e-02	3.734e-02
178771.50	3.437e-03	1.133e-01	-1.920e-02
178772.50	-1.344e-03	1.248e-01	-1.603e-02
178773.50	-1.056e-03	-1.056e-01	6.211e-02
178774.50	2.438e-03	1.939e-02	-7.690e-02
178775.50	-9.043e-04	3.283e-02	2.237e-02
178776.50	9.533e-06	4.790e-02	5.280e-02
178777.50	1.824e-03	4.819e-02	-7.930e-02
178778.50	8.736e-03	-8.170e-02	-1.690e-01
178779.50	-2.966e-03	4.003e-02	-1.171e-01
178780.50	-7.757e-04	-1.104e-02	-9.254e-02
178781.50	-4.675e-03	-4.810e-02	1.258e-01
178782.50	2.333e-03	1.229e-01	2.880e-02
178783.50	2.966e-03	-2.218e-02	-5.126e-02
178784.50	-1.277e-03	4.666e-02	2.275e-02
178785.50	2.650e-03	-9.600e-02	-4.838e-02
178786.50	1.123e-04	-7.267e-02	2.352e-02
178787.50	-4.291e-03	2.275e-02	4.944e-02
178788.50	2.486e-03	2.285e-02	-5.856e-02
178789.50	1.459e-04	6.701e-02	2.592e-02
178790.50	9.293e-04	9.792e-03	4.070e-02
178791.50	-2.842e-03	-1.421e-02	8.323e-02
178792.50	1.152e-03	2.006e-02	9.389e-04
178793.50	-1.258e-04	5.818e-02	1.277e-02
178794.50	-8.947e-05	1.325e-01	-2.544e-02
178795.50	6.787e-04	1.910e-02	7.920e-02
178796.50	2.131e-03	-8.717e-02	-1.152e-03
178797.50	-3.485e-04	-1.344e-03	-1.104e-01
178798.50	-3.331e-03	-7.037e-02	-2.602e-02
178799.50	-4.349e-03	-4.742e-02	2.707e-02
178800.50	3.542e-03	3.494e-03	-1.536e-02
178801.50	3.744e-03	-1.786e-01	-2.736e-02
178802.50	-3.274e-03	1.046e-02	1.152e-02
178803.50	9.418e-03	1.469e-01	-1.046e-02
178804.50	1.344e-03	1.075e-01	-4.906e-02
178805.50	-2.554e-03	-3.408e-02	9.466e-02
178806.50	1.901e-03	1.315e-02	-5.779e-02
178807.50	-5.539e-04	-8.832e-02	5.472e-02
178808.50	1.968e-03	3.475e-02	-2.678e-02
178809.50	2.179e-03	7.997e-02	-3.034e-02
178810.50	-6.960e-03	6.701e-02	1.296e-01
178811.50	2.122e-03	-3.014e-03	2.150e-02
178812.50	-1.901e-03	-1.670e-02	-3.302e-03
178813.50	-3.725e-03	-1.354e-02	7.526e-02
178814.50	-1.997e-03	3.149e-02	-2.640e-02
178815.50	-1.795e-03	2.976e-02	4.598e-02
178816.50	2.554e-03	-2.102e-02	-6.950e-02
178817.50	2.266e-03	2.035e-02	-1.978e-02
178818.50	7.114e-03	3.696e-02	-3.024e-03
178819.50	-2.947e-03	-6.912e-02	1.018e-02
178820.50	-5.318e-04	-9.792e-03	4.704e-02
178821.50	-3.590e-03	6.893e-03	-1.229e-02
178822.50	3.408e-03	7.200e-02	-8.304e-02
178823.50	-1.152e-03	-2.189e-02	2.678e-02
178824.50	2.909e-03	-1.632e-01	-1.392e-01
178825.50	-7.718e-03	2.102e-02	6.806e-02
178826.50	-1.085e-03	1.526e-02	3.178e-02
178827.50	-6.902e-04	-5.674e-03	6.000e-02
178828.50	8.179e-03	1.142e-01	2.602e-02
178829.50	1.123e-02	5.002e-02	-5.597e-02
178830.50	1.814e-03	-3.773e-02	-7.642e-02
178831.50	-1.258e-02	-2.218e-02	2.400e-02
178832.50	-3.523e-03	-2.227e-02	-1.027e-01
178833.50	-4.166e-03	-5.357e-02	2.794e-02
178834.50	1.382e-03	4.387e-02	-3.888e-02
178835.50	4.445e-03	3.878e-02	-2.813e-03
178836.50	1.315e-03	-1.094e-02	-4.790e-02
178837.50	5.357e-04	-9.389e-05	-1.488e-02
178838.50	-3.485e-04	-7.075e-03	-1.296e-02
178839.50	-4.522e-04	7.066e-03	4.742e-02
178840.50	6.816e-04	1.440e-02	9.561e-03
178841.50	-9.293e-04	-4.454e-02	6.595e-03
178842.50	-1.363e-03	5.520e-03	1.478e-02
178843.50	2.064e-04	1.968e-02	-8.986e-03
178844.50	-4.176e-03	-9.600e-02	9.283e-02
178845.50	-7.968e-04	4.637e-02	2.323e-02
178846.50	-3.226e-03	8.582e-03	-2.602e-02
178847.50	2.842e-03	-2.957e-02	-1.046e-01
178848.50	9.600e-04	4.963e-02	1.085e-02
178849.50	8.045e-04	-3.965e-02	-1.440e-02
178850.50	-1.229e-03	2.429e-02	7.277e-02
178851.50	-1.728e-03	2.054e-02	6.086e-02
178852.50	-9.984e-04	4.483e-02	3.590e-02
178853.50	-1.037e-03	-2.314e-02	-5.866e-02
178854.50	2.371e-03	-3.110e-03	-1.277e-01
178855.50	2.122e-03	-3.350e-02	-8.813e-03
178856.50	2.458e-03	1.171e-02	-5.645e-02
178857.50	8.448e-05	-1.152e-02	7.987e-02
178858.50	-1.574e-03	5.434e-03	3.216e-02
178859.50	1.536e-03	3.226e-02	-1.891e-02
178860.50	6.941e-04	-2.381e-02	2.352e-02
178861.50	1.344e-03	-1.680e-02	-6.499e-02
178862.50	-1.296e-03	-3.485e-02	1.133e-01
178863.50	-2.784e-03	2.467e-02	4.080e-02
178864.50	1.373e-03	-1.939e-02	-6.086e-02
178865.50	2.822e-04	-6.854e-02	-2.774e-02
178866.50	-5.280e-03	9.984e-03	1.411e-01
178867.50	4.483e-04	8.314e-02	3.139e-03
178868.50	4.291e-03	5.990e-02	-8.285e-02
178869.50	2.006e-03	1.997e-02	-4.522e-02
178870.50	8.630e-04	-5.798e-02	-2.486e-02
178871.50	-3.101e-04	6.864e-03	-2.131e-02
178872.50	-2.784e-03	1.402e-02	1.814e-02
178873.50	2.438e-03	-5.424e-02	8.035e-03
178874.50	1.622e-03	-3.610e-02	-7.843e-03
178875.50	-1.603e-03	6.720e-03	6.614e-02
178876.50	8.429e-04	1.546e-02	-7.507e-02
178877.50	-2.861e-03	6.451e-02	5.962e-02
178878.50	2.093e-04	1.142e-01	3.053e-02
178879.50	-2.160e-04	-2.525e-02	-3.370e-03
178880.50	1.805e-03	3.053e-02	-5.616e-02
178881.50	-2.611e-03	-9.235e-03	8.141e-02
178882.50	3.984e-03	-9.542e-02	-6.749e-02
178883.50	5.510e-03	-1.018e-01	-7.018e-03
178884.50	-1.766e-03	6.115e-02	9.158e-02
178885.50	-1.613e-03	1.469e-02	-6.691e-02
178886.50	-9.005e-04	-3.149e-02	1.834e-02
178887.50	-8.870e-03	-2.803e-02	4.858e-02
178888.50	-3.350e-04	6.144e-02	8.160e-03
178889.50	5.280e-03	-1.594e-02	-2.525e-03
178890.50	5.040e-04	9.485e-02	1.728e-02
178891.50	1.997e-03	-2.458e-02	-2.890e-02
178892.50	4.426e-04	-1.152e-01	-3.149e-02
178893.50	2.390e-04	3.485e-02	-4.195e-02
178894.50	-1.709e-03	-1.392e-02	5.472e-02
178895.50	2.285e-04	-2.621e-02	8.534e-03
178896.50	4.925e-04	-9.542e-02	6.509e-02
178897.50	2.285e-03	-1.363e-02	-7.814e-02
178898.50	-3.322e-04	2.525e-02	-8.189e-03
178899.50	6.394e-04	1.536e-02	-2.294e-02
178900.50	3.360e-04	6.202e-02	4.013e-02
178901.50	-2.285e-03	2.189e-02	3.581e-02
178902.50	4.589e-03	5.174e-02	-6.787e-02
178903.50	-7.901e-04	-9.696e-03	6.566e-02
178904.50	-9.792e-04	-4.598e-03	4.522e-02
178905.50	-6.797e-04	3.542e-02	3.101e-02
178906.50	7.286e-04	-4.666e-02	-7.459e-02
178907.50	4.090e-04	3.130e-02	-3.034e-02
178908.50	5.818e-04	5.328e-02	-7.546e-02
178909.50	-8.429e-04	-1.315e-02	1.027e-03
178910.50	-2.102e-03	1.469e-02	-1.018e-02
178911.50	7.037e-04	7.402e-02	-3.907e-02
178912.50	1.910e-03	1.354e-02	-5.040e-02
178913.50	1.392e-03	2.323e-02	3.581e-03
178914.50	8.131e-05	-3.754e-02	3.437e-02
178915.50	2.170e-03	-3.830e-02	-4.992e-02
178916.50	-1.862e-03	1.171e-02	2.947e-02
178917.50	1.766e-03	-1.699e-02	3.821e-02
178918.50	-1.152e-03	5.002e-02	7.315e-02
178919.50	4.320e-04	7.450e-02	6.470e-02
178920.50	-1.056e-02	1.670e-02	-2.083e-02
178921.50	-1.018e-03	6.835e-03	-2.611e-02
178922.50	3.686e-04	6.749e-02	-3.552e-02
178923.50	5.923e-03	-3.130e-03	-6.298e-02
178924.50	2.294e-03	-2.630e-02	-4.973e-03
178925.50	1.162e-03	-6.067e-02	-2.966e-02
178926.50	4.147e-03	1.747e-02	-8.602e-03
178927.50	-4.042e-04	-1.421e-02	3.830e-02
178928.50	-4.224e-03	-7.152e-02	8.438e-02
178929.50	-1.891e-03	2.390e-02	4.080e-02
178930.50	-1.210e-03	-5.942e-02	6.077e-03
178931.50	2.477e-03	-3.110e-02	-5.645e-02
178932.50	2.371e-04	-1.123e-02	-2.755e-02
178933.50	-1.536e-03	-3.149e-03	2.995e-02
178934.50	-3.850e-03	-1.123e-02	1.872e-02
178935.50	1.978e-03	-1.421e-04	-1.286e-02
178936.50	3.994e-04	9.216e-03	7.430e-03
178937.50	1.133e-03	6.950e-02	-4.166e-02
178938.50	6.182e-04	4.032e-02	4.771e-03
178939.50	1.670e-03	-6.115e-02	-6.874e-02
178940.50	-1.469e-03	3.754e-02	1.584e-02
178941.50	-4.310e-04	-9.475e-03	-1.382e-02
178942.50	-4.656e-03	-3.696e-02	1.478e-02
178943.50	-9.888e-04	-1.997e-02	4.896e-02
178944.50	1.930e-03	-3.965e-03	-3.869e-02
178945.50	1.363e-03	2.630e-02	-3.379e-02
178946.50	1.920e-03	2.630e-02	2.362e-02
178947.50	-6.518e-06	1.987e-02	3.734e-02
178948.50	-8.765e-04	1.440e-03	2.189e-02
178949.50	1.430e-03	3.187e-02	4.618e-02
178950.50	2.170e-03	2.966e-02	3.005e-02
178951.50	8.506e-03	5.328e-02	-3.686e-02
178952.50	2.506e-03	2.189e-02	-3.350e-02
178953.50	-3.101e-03	-3.427e-02	5.606e-02
178954.50	4.790e-04	1.210e-02	-9.984e-03
178955.50	2.486e-03	-3.062e-02	-7.354e-02
178956.50	-1.258e-03	-1.133e-02	7.229e-03
178957.50	-8.448e-04	-3.427e-02	1.190e-02
178958.50	-4.195e-03	7.958e-03	5.203e-02
