178360.50	0.000e+00	0.000e+00	0.000e+00
178361.50	0.000e+00	0.000e+00	0.000e+00
178362.50	0.000e+00	0.000e+00	0.000e+00
178363.50	0.000e+00	0.000e+00	0.000e+00
178364.50	0.000e+00	0.000e+00	0.000e+00
178365.50	0.000e+00	0.000e+00	0.000e+00
178366.50	0.000e+00	0.000e+00	0.000e+00
178367.50	0.000e+00	0.000e+00	0.000e+00
178368.50	0.000e+00	0.000e+00	0.000e+00
178369.50	0.000e+00	0.000e+00	0.000e+00
178370.50	0.000e+00	0.000e+00	0.000e+00
178371.50	0.000e+00	0.000e+00	0.000e+00
178372.50	0.000e+00	0.000e+00	0.000e+00
178373.50	0.000e+00	0.000e+00	0.000e+00
178374.50	0.000e+00	0.000e+00	0.000e+00
178375.50	0.000e+00	0.000e+00	0.000e+00
178376.50	0.000e+00	0.000e+00	0.000e+00
178377.50	0.000e+00	0.000e+00	0.000e+00
178378.50	0.000e+00	0.000e+00	0.000e+00
178379.50	0.000e+00	0.000e+00	0.000e+00
178380.50	0.000e+00	0.000e+00	0.000e+00
178381.50	0.000e+00	0.000e+00	0.000e+00
178382.50	0.000e+00	0.000e+00	0.000e+00
178383.50	0.000e+00	0.000e+00	0.000e+00
178384.50	0.000e+00	0.000e+00	0.000e+00
178385.50	0.000e+00	0.000e+00	0.000e+00
178386.50	0.000e+00	0.000e+00	0.000e+00
178387.50	0.000e+00	0.000e+00	0.000e+00
178388.50	0.000e+00	0.000e+00	0.000e+00
178389.50	0.000e+00	0.000e+00	0.000e+00
178390.50	0.000e+00	0.000e+00	0.000e+00
178391.50	0.000e+00	0.000e+00	0.000e+00
178392.50	0.000e+00	0.000e+00	0.000e+00
178393.50	0.000e+00	0.000e+00	0.000e+00
178394.50	0.000e+00	0.000e+00	0.000e+00
178395.50	0.000e+00	0.000e+00	0.000e+00
178396.50	0.000e+00	0.000e+00	0.000e+00
178397.50	0.000e+00	0.000e+00	0.000e+00
178398.50	0.000e+00	0.000e+00	0.000e+00
178399.50	0.000e+00	0.000e+00	0.000e+00
178400.50	0.000e+00	0.000e+00	0.000e+00
178401.50	0.000e+00	0.000e+00	0.000e+00
178402.50	0.000e+00	0.000e+00	0.000e+00
178403.50	0.000e+00	0.000e+00	0.000e+00
178404.50	0.000e+00	0.000e+00	0.000e+00
178405.50	0.000e+00	0.000e+00	0.000e+00
178406.50	0.000e+00	0.000e+00	0.000e+00
178407.50	0.000e+00	0.000e+00	0.000e+00
178408.50	0.000e+00	0.000e+00	0.000e+00
178409.50	0.000e+00	0.000e+00	0.000e+00
178410.50	0.000e+00	0.000e+00	0.000e+00
178411.50	0.000e+00	0.000e+00	0.000e+00
178412.50	0.000e+00	0.000e+00	0.000e+00
178413.50	0.000e+00	0.000e+00	0.000e+00
178414.50	0.000e+00	0.000e+00	0.000e+00
178415.50	0.000e+00	0.000e+00	0.000e+00
178416.50	0.000e+00	0.000e+00	0.000e+00
178417.50	0.000e+00	0.000e+00	0.000e+00
178418.50	0.000e+00	0.000e+00	0.000e+00
178419.50	0.000e+00	0.000e+00	0.000e+00
178420.50	0.000e+00	0.000e+00	0.000e+00
178421.50	0.000e+00	0.000e+00	0.000e+00
178422.50	0.000e+00	0.000e+00	0.000e+00
178423.50	0.000e+00	0.000e+00	0.000e+00
178424.50	0.000e+00	0.000e+00	0.000e+00
178425.50	0.000e+00	0.000e+00	0.000e+00
178426.50	0.000e+00	0.000e+00	0.000e+00
178427.50	0.000e+00	0.000e+00	0.000e+00
178428.50	0.000e+00	0.000e+00	0.000e+00
178429.50	0.000e+00	0.000e+00	0.000e+00
178430.50	0.000e+00	0.000e+00	0.000e+00
178431.50	0.000e+00	0.000e+00	0.000e+00
178432.50	0.000e+00	0.000e+00	0.000e+00
178433.50	0.000e+00	0.000e+00	0.000e+00
178434.50	0.000e+00	0.000e+00	0.000e+00
178435.50	0.000e+00	0.000e+00	0.000e+00
178436.50	0.000e+00	0.000e+00	0.000e+00
178437.50	0.000e+00	0.000e+00	0.000e+00
178438.50	0.000e+00	0.000e+00	0.000e+00
178439.50	0.000e+00	0.000e+00	0.000e+00
178440.50	0.000e+00	0.000e+00	0.000e+00
178441.50	0.000e+00	0.000e+00	0.000e+00
178442.50	0.000e+00	0.000e+00	0.000e+00
178443.50	0.000e+00	0.000e+00	0.000e+00
178444.50	0.000e+00	0.000e+00	0.000e+00
178445.50	0.000e+00	0.000e+00	0.000e+00
178446.50	0.000e+00	0.000e+00	0.000e+00
178447.50	0.000e+00	0.000e+00	0.000e+00
178448.50	0.000e+00	0.000e+00	0.000e+00
178449.50	0.000e+00	0.000e+00	0.000e+00
178450.50	0.000e+00	0.000e+00	0.000e+00
178451.50	0.000e+00	0.000e+00	0.000e+00
178452.50	0.000e+00	0.000e+00	0.000e+00
178453.50	0.000e+00	0.000e+00	0.000e+00
178454.50	0.000e+00	0.000e+00	0.000e+00
178455.50	0.000e+00	0.000e+00	0.000e+00
178456.50	0.000e+00	0.000e+00	0.000e+00
178457.50	0.000e+00	0.000e+00	0.000e+00
178458.50	0.000e+00	0.000e+00	0.000e+00
178459.50	0.000e+00	0.000e+00	0.000e+00
178460.50	0.000e+00	0.000e+00	0.000e+00
178461.50	0.000e+00	0.000e+00	0.000e+00
178462.50	0.000e+00	0.000e+00	0.000e+00
178463.50	0.000e+00	0.000e+00	0.000e+00
178464.50	0.000e+00	0.000e+00	0.000e+00
178465.50	0.000e+00	0.000e+00	0.000e+00
178466.50	0.000e+00	0.000e+00	0.000e+00
178467.50	0.000e+00	0.000e+00	0.000e+00
178468.50	0.000e+00	0.000e+00	0.000e+00
178469.50	0.000e+00	0.000e+00	0.000e+00
178470.50	0.000e+00	0.000e+00	0.000e+00
178471.50	0.000e+00	0.000e+00	0.000e+00
178472.50	0.000e+00	0.000e+00	0.000e+00
178473.50	0.000e+00	0.000e+00	0.000e+00
178474.50	0.000e+00	0.000e+00	0.000e+00
178475.50	0.000e+00	0.000e+00	0.000e+00
178476.50	0.000e+00	0.000e+00	0.000e+00
178477.50	0.000e+00	0.000e+00	0.000e+00
178478.50	0.000e+00	0.000e+00	0.000e+00
178479.50	0.000e+00	0.000e+00	0.000e+00
178480.50	0.000e+00	0.000e+00	0.000e+00
178481.50	0.000e+00	0.000e+00	0.000e+00
178482.50	0.000e+00	0.000e+00	0.000e+00
178483.50	0.000e+00	0.000e+00	0.000e+00
178484.50	0.000e+00	0.000e+00	0.000e+00
178485.50	0.000e+00	0.000e+00	0.000e+00
178486.50	0.000e+00	0.000e+00	0.000e+00
178487.50	0.000e+00	0.000e+00	0.000e+00
178488.50	0.000e+00	0.000e+00	0.000e+00
178489.50	0.000e+00	0.000e+00	0.000e+00
178490.50	0.000e+00	0.000e+00	0.000e+00
178491.50	0.000e+00	0.000e+00	0.000e+00
178492.50	0.000e+00	0.000e+00	0.000e+00
178493.50	0.000e+00	0.000e+00	0.000e+00
178494.50	0.000e+00	0.000e+00	0.000e+00
178495.50	0.000e+00	0.000e+00	0.000e+00
178496.50	0.000e+00	0.000e+00	0.000e+00
178497.50	0.000e+00	0.000e+00	0.000e+00
178498.50	0.000e+00	0.000e+00	0.000e+00
178499.50	0.000e+00	0.000e+00	0.000e+00
178500.50	-4.051e-05	1.248e-03	2.026e-03
178501.50	-1.843e-04	-2.208e-03	4.368e-03
178502.50	1.795e-04	-1.094e-03	-5.866e-03
178503.50	1.536e-04	1.142e-03	-4.253e-03
178504.50	-8.246e-06	-4.819e-04	7.114e-04
178505.50	-1.142e-04	-2.736e-03	2.093e-03
178506.50	4.166e-05	2.074e-04	-9.072e-04
178507.50	9.984e-05	4.358e-03	-2.256e-03
178508.50	2.659e-04	5.155e-03	1.814e-03
178509.50	-1.094e-03	-7.238e-02	3.197e-02
178510.50	1.104e-03	-2.323e-02	-8.304e-02
178511.50	-8.419e-04	3.648e-02	4.829e-02
178512.50	7.862e-04	-1.699e-01	-1.670e-01
178513.50	-2.477e-02	-2.362e+00	-2.602e-01
178514.50	-3.053e-01	-3.322e+01	-6.259e+00
178515.50	-3.677e+00	-3.686e+02	-5.098e+01
178516.50	-7.046e+00	-6.154e+02	-2.784e+01
178517.50	-6.269e+00	-5.510e+02	-9.264e+00
178518.50	1.421e+00	1.104e+02	4.032e+00
178519.50	1.805e+00	1.565e+02	6.739e+00
178520.50	1.459e+00	1.219e+02	2.928e+00
178521.50	9.101e-01	1.027e+02	1.747e+01
178522.50	8.861e-01	8.678e+01	9.283e+00
178523.50	9.072e-01	8.410e+01	6.202e+00
178524.50	7.219e-01	6.451e+01	3.274e+00
178525.50	7.536e-01	6.518e+01	2.582e+00
178526.50	7.584e-01	6.029e+01	-7.738e-01
178527.50	4.771e-01	4.656e+01	4.598e+00
178528.50	4.992e-01	4.858e+01	4.243e+00
178529.50	5.558e-01	4.109e+01	-2.563e+00
178530.50	4.723e-01	3.648e+01	-4.608e-01
178531.50	4.301e-01	3.792e+01	1.459e+00
178532.50	2.947e-01	3.158e+01	4.234e+00
178533.50	3.293e-01	2.842e+01	5.347e-01
178534.50	2.342e-01	2.554e+01	3.331e+00
178535.50	2.554e-01	2.640e+01	3.274e+00
178536.50	2.765e-01	2.304e+01	1.670e-01
178537.50	2.438e-01	2.170e+01	1.229e+00
178538.50	1.872e-01	2.006e+01	2.611e+00
178539.50	2.650e-01	1.910e+01	-1.517e+00
178540.50	1.651e-01	1.603e+01	1.277e+00
178541.50	1.046e-01	1.622e+01	4.042e+00
178542.50	1.853e-01	1.440e+01	-6.662e-01
178543.50	1.757e-01	1.584e+01	7.498e-01
178544.50	1.795e-01	1.373e+01	-6.490e-01
178545.50	1.574e-01	1.344e+01	4.464e-01
178546.50	7.325e-02	9.888e+00	2.170e+00
178547.50	1.517e-01	1.162e+01	-3.840e-01
178548.50	1.286e-01	1.066e+01	-9.475e-02
178549.50	1.382e-01	1.075e+01	-4.013e-01
178550.50	1.152e-01	1.027e+01	4.934e-01
178551.50	6.384e-02	8.208e+00	1.622e+00
178552.50	7.939e-02	7.421e+00	3.898e-01
178553.50	5.251e-02	6.835e+00	1.219e+00
178554.50	5.635e-02	6.960e+00	1.181e+00
178555.50	8.170e-02	6.806e+00	4.378e-02
178556.50	6.432e-02	7.248e+00	1.085e+00
178557.50	4.147e-02	5.501e+00	1.075e+00
178558.50	3.590e-02	3.830e+00	2.765e-01
178559.50	5.846e-02	5.405e+00	5.683e-01
178560.50	4.214e-02	5.491e+00	1.018e+00
178561.50	7.277e-02	5.098e+00	-3.341e-01
178562.50	3.830e-02	4.243e+00	3.139e-01
178563.50	3.802e-02	3.120e+00	-9.466e-02
178564.50	3.274e-02	4.128e+00	7.795e-01
178565.50	5.866e-02	4.445e+00	-3.907e-01
178566.50	5.155e-02	3.744e+00	-1.728e-01
178567.50	4.522e-02	5.194e+00	7.786e-01
178568.50	3.043e-02	2.918e+00	1.498e-01
178569.50	1.565e-02	2.266e+00	5.117e-01
178570.50	3.590e-02	3.254e+00	1.632e-01
178571.50	3.178e-02	2.544e+00	-1.200e-01
178572.50	3.533e-02	2.362e+00	-3.878e-01
178573.50	-2.448e-03	2.035e+00	8.122e-01
178574.50	4.195e-02	2.678e+00	-3.466e-01
178575.50	1.757e-02	2.275e+00	3.331e-01
178576.50	2.467e-02	2.198e+00	1.622e-01
178577.50	1.267e-02	2.074e+00	5.232e-01
178578.50	1.814e-02	1.901e+00	1.517e-01
178579.50	1.680e-02	2.150e+00	5.040e-01
178580.50	1.555e-02	1.958e+00	3.139e-01
178581.50	1.229e-02	1.286e+00	2.170e-01
178582.50	1.862e-02	1.238e+00	-1.997e-01
178583.50	2.496e-02	1.930e+00	-1.296e-01
178584.50	1.277e-02	1.526e+00	3.091e-01
178585.50	3.034e-02	1.910e+00	-3.926e-01
178586.50	1.152e-02	1.210e+00	2.122e-02
178587.50	6.653e-03	7.699e-01	-4.301e-02
178588.50	1.795e-02	1.344e+00	2.035e-02
178589.50	3.322e-03	1.075e+00	3.782e-01
178590.50	1.546e-02	1.334e+00	-2.045e-01
178591.50	4.531e-03	1.200e+00	4.704e-01
178592.50	7.968e-03	1.277e+00	4.099e-01
178593.50	8.506e-03	9.600e-01	4.358e-02
178594.50	9.696e-03	8.285e-01	8.362e-04
178595.50	1.766e-02	7.123e-01	-3.235e-01
178596.50	2.467e-02	1.229e+00	-1.968e-01
178597.50	2.419e-02	1.267e+00	1.968e-04
178598.50	8.429e-03	7.037e-01	-2.861e-01
178599.50	2.746e-03	7.325e-01	2.333e-01
178600.50	8.381e-03	5.885e-01	6.326e-02
178601.50	-2.035e-03	6.662e-01	2.976e-01
178602.50	-3.197e-03	1.056e-01	-4.186e-03
178603.50	7.104e-04	6.768e-01	3.360e-01
178604.50	6.672e-03	6.480e-01	9.792e-02
178605.50	1.315e-02	4.042e-01	-4.176e-01
178606.50	4.330e-03	5.482e-01	2.141e-01
178607.50	1.238e-02	1.315e+00	1.594e-01
178608.50	6.576e-03	4.992e-01	-1.843e-01
178609.50	-4.829e-03	2.045e-02	1.862e-01
178610.50	6.634e-03	4.474e-01	-5.914e-02
178611.50	7.411e-03	8.938e-01	1.094e-01
178612.50	-1.594e-03	7.411e-01	3.408e-01
178613.50	-3.158e-03	2.870e-01	2.909e-01
178614.50	9.283e-03	4.550e-01	-2.986e-01
178615.50	1.958e-02	5.741e-01	-5.117e-01
178616.50	-3.245e-03	6.346e-01	5.587e-01
178617.50	-1.037e-02	6.298e-02	2.746e-01
178618.50	1.392e-03	1.786e-01	-2.515e-02
178619.50	9.561e-03	7.248e-01	-1.258e-01
178620.50	4.330e-03	1.085e-02	-1.718e-01
178621.50	4.704e-03	4.714e-01	1.190e-01
178622.50	1.642e-02	6.403e-01	-2.198e-01
178623.50	8.707e-03	6.874e-01	-7.219e-03
178624.50	-1.066e-02	-3.984e-01	2.170e-01
178625.50	1.699e-03	-1.814e-01	-2.304e-01
178626.50	5.875e-03	4.195e-01	1.046e-01
178627.50	-7.968e-04	3.590e-01	2.333e-01
178628.50	1.786e-03	3.389e-03	-1.152e-01
178629.50	1.334e-02	7.286e-01	-3.782e-01
178630.50	-1.478e-03	-3.677e-02	2.026e-02
178631.50	5.155e-03	3.187e-01	-6.480e-02
178632.50	-5.482e-03	-1.123e-01	1.459e-01
178633.50	5.395e-03	5.645e-01	-5.405e-02
178634.50	2.150e-03	2.150e-01	5.866e-02
178635.50	4.214e-03	7.277e-02	3.878e-02
178636.50	-1.190e-03	4.666e-01	3.053e-01
178637.50	9.494e-04	-1.757e-01	-2.045e-01
178638.50	2.938e-03	1.843e-01	-1.795e-02
178639.50	-4.435e-03	-9.590e-02	1.123e-01
178640.50	-2.362e-03	3.994e-01	2.218e-01
178641.50	-1.430e-03	3.226e-01	2.390e-01
178642.50	4.819e-03	2.938e-01	-9.091e-02
178643.50	7.728e-03	-6.096e-03	-3.686e-01
178644.50	2.198e-03	1.354e-01	7.210e-02
178645.50	-2.314e-03	3.043e-01	1.344e-01
178646.50	5.683e-03	3.302e-01	-1.670e-01
178647.50	-5.664e-03	-1.478e-01	2.323e-01
178648.50	-3.744e-03	6.835e-02	2.333e-01
178649.50	3.840e-03	1.728e-01	-1.402e-01
178650.50	8.179e-03	2.170e-01	-1.949e-01
178651.50	-5.933e-03	-1.162e-01	1.066e-01
178652.50	-4.560e-03	-1.075e-01	8.717e-02
178653.50	3.322e-03	6.576e-02	-2.822e-01
178654.50	2.707e-03	7.469e-02	-4.262e-02
178655.50	3.542e-03	1.987e-02	-2.026e-01
178656.50	8.784e-04	2.323e-01	9.053e-02
178657.50	2.563e-03	3.629e-01	2.342e-02
178658.50	8.218e-03	4.310e-01	-5.741e-02
178659.50	3.610e-03	-3.254e-02	-1.277e-01
178660.50	-6.682e-03	1.238e-01	1.766e-01
178661.50	-1.430e-04	1.690e-01	3.984e-02
178662.50	-5.549e-03	1.834e-01	3.514e-01
178663.50	-7.834e-03	-2.352e-01	6.144e-02
178664.50	5.050e-03	3.091e-01	-6.384e-02
178665.50	6.019e-03	1.104e-01	-8.314e-02
178666.50	-5.213e-03	-5.405e-02	2.678e-01
178667.50	1.094e-02	1.123e-01	-2.803e-01
178668.50	3.782e-03	2.544e-01	-1.891e-01
178669.50	-4.637e-03	4.301e-02	1.267e-01
178670.50	-1.978e-03	-2.045e-01	-2.640e-02
178671.50	-4.762e-03	-1.642e-01	1.469e-01
178672.50	6.259e-04	7.584e-02	3.984e-02
178673.50	-2.179e-03	2.390e-01	3.562e-01
178674.50	6.000e-04	1.315e-01	7.133e-02
178675.50	-9.322e-04	1.622e-01	3.725e-02
178676.50	1.229e-03	-8.659e-02	-1.603e-01
178677.50	-3.446e-03	-4.291e-02	1.142e-01
178678.50	4.973e-04	1.219e-01	8.150e-02
178679.50	-2.150e-04	-8.112e-02	-9.274e-02
178680.50	-6.346e-03	-2.102e-01	1.440e-01
178681.50	7.085e-03	1.632e-01	-1.565e-01
178682.50	1.603e-03	7.853e-02	4.157e-02
178683.50	5.942e-03	1.440e-01	-1.757e-01
178684.50	-2.371e-03	1.056e-01	3.024e-02
178685.50	-7.171e-03	-2.160e-01	2.131e-01
178686.50	4.349e-03	6.173e-02	6.720e-02
178687.50	6.432e-03	2.995e-01	-8.045e-02
178688.50	-2.170e-03	1.622e-01	4.090e-03
178689.50	5.904e-04	3.869e-02	-1.450e-01
178690.50	-2.957e-03	-4.176e-02	7.094e-02
178691.50	-2.659e-03	-1.546e-02	-3.466e-02
178692.50	2.515e-03	4.118e-02	9.283e-02
178693.50	-1.651e-03	-4.320e-02	7.958e-03
178694.50	4.819e-03	2.237e-01	-2.611e-03
178695.50	3.686e-03	-5.213e-02	6.518e-02
178696.50	1.411e-03	-2.429e-01	-1.594e-02
178697.50	-5.347e-04	1.018e-02	-5.587e-02
178698.50	2.227e-03	2.544e-01	8.429e-02
178699.50	-1.891e-03	1.190e-02	1.670e-01
178700.50	-6.902e-04	1.997e-01	1.162e-01
178701.50	-5.885e-04	-2.304e-01	-1.555e-01
178702.50	6.566e-04	1.325e-01	6.106e-02
178703.50	4.368e-03	2.074e-02	-1.267e-01
178704.50	-1.661e-03	1.939e-01	1.430e-01
178705.50	5.357e-03	2.035e-02	-6.422e-02
178706.50	2.966e-03	2.074e-01	1.766e-04
178707.50	9.600e-03	2.218e-01	-3.590e-01
178708.50	-7.354e-03	-1.123e-01	1.632e-01
178709.50	-2.438e-03	-4.032e-02	7.632e-02
178710.50	-4.742e-03	-8.688e-02	8.650e-02
178711.50	1.373e-03	-1.238e-02	-4.541e-02
178712.50	2.947e-03	1.075e-01	-3.245e-02
178713.50	7.546e-04	-7.670e-02	9.696e-03
178714.50	-3.821e-03	1.181e-01	1.450e-01
178715.50	5.626e-04	2.006e-01	1.411e-02
178716.50	-2.544e-03	4.656e-02	-2.323e-02
178717.50	-2.362e-03	2.026e-01	1.363e-01
178718.50	-3.629e-03	-9.485e-02	5.942e-02
178719.50	2.870e-03	-2.755e-03	4.176e-02
178720.50	1.949e-04	8.746e-02	5.971e-02
178721.50	-4.627e-03	-1.824e-01	3.974e-02
178722.50	5.626e-03	1.968e-01	-1.930e-01
178723.50	5.606e-03	6.422e-03	-1.450e-01
178724.50	-7.027e-03	-2.515e-01	1.181e-01
178725.50	-3.850e-03	2.102e-01	1.123e-01
178726.50	-2.784e-03	-6.758e-02	6.931e-02
178727.50	7.459e-04	-6.970e-02	-4.464e-02
178728.50	-2.170e-03	5.990e-02	-7.094e-03
178729.50	-4.109e-03	-8.947e-02	3.130e-02
178730.50	-6.086e-03	-1.354e-01	1.853e-01
178731.50	-1.085e-03	-1.046e-01	1.190e-02
178732.50	2.669e-03	-1.018e-01	-1.517e-01
178733.50	6.269e-03	8.141e-02	-1.747e-01
178734.50	9.091e-03	3.062e-01	-8.064e-02
178735.50	-2.698e-03	-3.504e-02	1.814e-01
178736.50	2.342e-03	-2.995e-02	-6.192e-02
178737.50	4.426e-03	6.720e-02	-1.795e-01
178738.50	-9.888e-04	1.555e-01	1.478e-01
178739.50	1.066e-03	-6.182e-03	-6.259e-02
178740.50	-3.581e-03	-7.507e-02	1.142e-01
178741.50	-4.445e-03	1.008e-01	9.485e-02
178742.50	1.930e-03	9.984e-02	8.736e-03
178743.50	5.280e-03	3.466e-02	-1.056e-01
178744.50	-3.926e-03	-2.093e-01	6.048e-02
178745.50	-3.667e-03	-1.258e-01	-4.301e-02
178746.50	1.901e-03	1.459e-01	-7.968e-03
178747.50	-1.901e-03	3.850e-02	8.170e-02
178748.50	-1.632e-03	-1.651e-01	-4.656e-02
178749.50	2.746e-03	1.229e-01	6.470e-03
178750.50	2.784e-03	4.838e-02	-6.106e-02
178751.50	-6.518e-04	4.915e-02	-1.728e-02
178752.50	-4.138e-04	-3.072e-02	-4.560e-02
178753.50	5.347e-03	9.888e-02	-1.142e-01
178754.50	5.539e-05	-4.234e-02	-4.656e-02
178755.50	-2.006e-05	1.901e-02	5.530e-02
178756.50	-4.349e-03	-8.928e-02	9.792e-02
178757.50	3.120e-03	1.046e-01	-5.990e-02
178758.50	-3.245e-03	-5.251e-02	6.403e-02
178759.50	4.186e-04	-1.306e-01	-1.085e-01
178760.50	-1.046e-03	-1.018e-02	-1.536e-02
178761.50	-1.075e-03	3.274e-02	8.016e-02
178762.50	-3.014e-03	5.194e-02	7.142e-02
178763.50	6.422e-04	8.179e-02	1.200e-01
178764.50	2.726e-04	-1.267e-02	-4.493e-02
178765.50	-3.149e-03	-1.450e-01	2.755e-02
178766.50	2.755e-03	-4.550e-02	-1.027e-01
178767.50	-2.669e-03	-1.066e-01	5.453e-03
178768.50	-7.910e-04	-3.043e-02	-3.715e-02
178769.50	4.886e-03	1.046e-01	-1.104e-01
178770.50	-2.160e-03	1.526e-01	1.411e-01
178771.50	-5.040e-04	8.736e-02	5.549e-02
178772.50	-3.274e-03	1.632e-02	1.584e-01
178773.50	-4.435e-04	-5.232e-02	-2.842e-02
178774.50	1.882e-03	8.755e-03	-1.142e-01
178775.50	4.877e-04	1.267e-03	8.141e-03
178776.50	2.794e-04	-3.254e-02	-6.115e-02
178777.50	2.448e-03	-6.989e-03	-7.882e-02
178778.50	3.706e-03	8.832e-02	5.616e-03
178779.50	-1.392e-04	1.363e-02	1.085e-01
178780.50	2.458e-03	4.176e-02	-6.854e-02
178781.50	5.174e-03	6.941e-02	-9.590e-02
178782.50	2.400e-03	1.027e-01	2.074e-02
178783.50	-1.008e-03	-1.526e-01	-5.558e-02
178784.50	4.742e-05	-2.746e-02	3.581e-03
178785.50	2.208e-03	3.917e-03	-9.485e-02
178786.50	8.218e-04	4.531e-02	2.179e-03
178787.50	-1.402e-03	-2.074e-02	3.254e-05
178788.50	9.984e-04	5.587e-02	1.181e-02
178789.50	-5.405e-03	-9.696e-02	1.334e-01
178790.50	6.816e-03	4.253e-02	-7.920e-02
178791.50	2.803e-03	1.565e-01	4.157e-02
178792.50	-1.114e-02	-1.286e-01	-1.987e-02
178793.50	-7.421e-04	-1.267e-01	-3.600e-02
178794.50	4.829e-05	7.843e-02	5.184e-02
178795.50	8.746e-03	7.018e-02	-1.190e-01
178796.50	-5.549e-03	-7.632e-02	6.749e-02
178797.50	1.056e-03	1.661e-02	-4.493e-02
178798.50	3.149e-03	3.744e-02	-3.014e-02
178799.50	-4.042e-03	4.157e-02	1.728e-01
178800.50	-4.272e-03	1.709e-02	9.696e-02
178801.50	3.475e-03	3.427e-02	-1.152e-01
178802.50	-1.258e-02	-9.235e-02	1.536e-02
178803.50	5.376e-03	1.085e-01	-2.179e-02
178804.50	3.677e-03	8.467e-02	-5.405e-02
178805.50	-8.390e-04	-7.104e-02	3.456e-02
178806.50	1.315e-03	2.371e-02	-3.658e-02
178807.50	-1.574e-03	8.592e-03	2.352e-02
178808.50	-2.362e-03	5.952e-03	4.973e-02
178809.50	-5.990e-03	-1.104e-02	1.421e-01
178810.50	1.469e-04	-2.131e-03	4.186e-02
178811.50	1.344e-03	1.843e-02	-7.027e-02
178812.50	-3.878e-04	-1.344e-01	-5.184e-02
178813.50	-3.245e-03	-1.190e-01	8.064e-02
178814.50	1.123e-03	6.634e-02	5.770e-02
178815.50	1.459e-03	1.373e-02	-1.728e-02
178816.50	-6.902e-04	3.744e-04	6.106e-03
178817.50	1.680e-03	-7.248e-02	-9.446e-02
178818.50	7.402e-04	1.219e-03	-2.410e-02
178819.50	-2.083e-03	-2.304e-02	4.445e-02
178820.50	2.054e-03	7.219e-02	-1.709e-02
178821.50	-2.659e-03	-3.293e-02	2.054e-02
178822.50	-3.466e-04	1.546e-02	-3.686e-03
178823.50	2.986e-03	1.094e-01	-4.954e-02
178824.50	2.227e-03	1.363e-01	-2.813e-02
178825.50	3.648e-03	-3.350e-02	-1.526e-02
178826.50	-6.931e-03	-1.507e-01	-4.214e-02
178827.50	-4.022e-03	2.947e-02	5.318e-02
178828.50	-1.190e-04	-1.306e-02	3.043e-02
178829.50	1.613e-03	-5.808e-03	-2.419e-02
178830.50	1.181e-03	-2.064e-02	-9.696e-03
178831.50	2.102e-03	-1.728e-02	1.018e-02
178832.50	3.715e-03	1.814e-02	1.498e-03
178833.50	3.917e-03	5.443e-02	1.008e-01
178834.50	-3.216e-03	-1.939e-02	-2.669e-02
178835.50	-3.034e-03	-2.506e-02	4.800e-02
178836.50	4.368e-04	2.678e-02	3.667e-02
178837.50	1.075e-04	3.475e-02	5.040e-02
178838.50	-4.118e-04	-2.141e-02	-3.552e-02
178839.50	3.091e-03	2.746e-02	-7.354e-02
178840.50	-6.067e-04	-6.845e-02	-4.349e-02
178841.50	-2.275e-03	1.229e-02	-3.821e-02
178842.50	2.947e-04	-3.350e-02	-1.008e-02
178843.50	3.514e-03	4.522e-02	-7.354e-02
178844.50	-8.659e-04	5.414e-03	-7.392e-02
178845.50	7.286e-04	5.040e-02	-2.150e-02
178846.50	-2.477e-03	2.323e-02	1.056e-01
178847.50	5.635e-04	2.659e-02	4.013e-02
178848.50	2.179e-03	2.822e-02	6.250e-03
178849.50	4.550e-04	8.899e-03	-6.614e-03
178850.50	3.878e-03	3.571e-02	2.352e-02
178851.50	-3.888e-03	-8.246e-02	9.792e-02
178852.50	-1.200e-03	-8.630e-02	1.056e-02
178853.50	5.501e-04	5.146e-02	1.056e-02
178854.50	2.746e-04	6.106e-03	-5.011e-02
178855.50	1.104e-03	2.016e-02	3.024e-02
178856.50	2.342e-03	4.493e-02	1.459e-02
178857.50	7.728e-04	-3.955e-02	2.899e-03
178858.50	4.589e-04	-4.397e-02	-4.426e-02
178859.50	-1.200e-03	-1.430e-02	-7.277e-02
178860.50	4.925e-03	7.190e-03	-1.123e-01
178861.50	4.464e-04	1.306e-02	6.778e-03
178862.50	1.334e-03	6.768e-02	3.802e-02
178863.50	-2.410e-03	-2.928e-02	7.517e-02
178864.50	-3.110e-05	-2.573e-02	1.046e-02
178865.50	2.083e-03	-6.106e-03	-4.464e-02
178866.50	-1.565e-03	4.214e-03	3.965e-02
178867.50	1.920e-03	-1.210e-02	-6.576e-02
178868.50	2.496e-03	2.006e-02	-5.894e-02
178869.50	6.086e-03	5.232e-02	-3.437e-02
178870.50	-1.709e-04	1.363e-02	-1.421e-02
178871.50	7.363e-04	6.384e-02	-2.650e-03
178872.50	-2.342e-03	-1.190e-02	3.638e-02
178873.50	-2.266e-03	3.542e-03	7.027e-02
178874.50	-2.026e-03	2.803e-02	1.104e-01
178875.50	-1.181e-03	-8.717e-03	1.565e-02
178876.50	-2.976e-03	-3.696e-02	-3.821e-03
178877.50	-3.312e-03	3.686e-02	-1.978e-02
178878.50	1.123e-03	2.842e-02	-6.010e-02
178879.50	4.810e-04	8.419e-03	2.899e-02
178880.50	-6.701e-04	-8.611e-02	-1.229e-02
178881.50	-1.277e-03	5.606e-03	7.997e-03
178882.50	-8.928e-04	-8.179e-02	-4.666e-03
178883.50	9.696e-04	9.427e-03	-1.978e-02
178884.50	6.653e-04	-2.362e-02	-3.782e-02
178885.50	1.354e-03	4.406e-02	5.222e-02
178886.50	1.133e-03	-1.037e-01	-4.339e-02
178887.50	-3.110e-03	-2.755e-02	4.301e-02
178888.50	-1.027e-03	1.622e-02	-6.182e-02
178889.50	-5.318e-03	1.834e-02	-2.362e-02
178890.50	-2.467e-04	1.891e-02	7.517e-02
178891.50	3.226e-03	1.613e-03	6.038e-03
178892.50	-6.653e-04	-3.283e-02	-2.237e-02
178893.50	-2.170e-03	3.360e-02	5.779e-02
178894.50	5.856e-04	-2.102e-02	-5.981e-02
178895.50	6.038e-04	4.704e-02	-1.450e-02
178896.50	4.051e-05	1.469e-02	7.862e-03
178897.50	1.459e-03	-4.781e-03	-2.986e-02
178898.50	4.954e-04	-5.635e-02	-5.722e-02
178899.50	6.538e-04	2.669e-02	-3.302e-04
178900.50	1.651e-03	-1.690e-03	-5.482e-02
178901.50	-7.814e-04	3.763e-02	4.282e-02
178902.50	-3.504e-03	-2.477e-02	5.770e-02
178903.50	-1.613e-03	4.205e-02	3.446e-02
178904.50	1.766e-03	-8.678e-03	-3.830e-02
178905.50	1.402e-03	-6.163e-02	-4.387e-03
178906.50	-4.157e-04	6.922e-03	-1.757e-02
178907.50	3.034e-03	4.906e-02	-2.938e-02
178908.50	1.526e-03	3.514e-02	-5.587e-02
178909.50	-1.469e-03	5.136e-02	-4.272e-02
178910.50	2.861e-04	5.798e-02	4.838e-02
178911.50	-1.402e-03	1.661e-02	4.685e-02
178912.50	2.026e-03	7.949e-02	-4.992e-03
178913.50	1.286e-03	-4.627e-02	-5.558e-02
178914.50	-3.706e-03	-9.792e-02	7.248e-02
178915.50	-6.480e-03	-4.973e-02	7.488e-02
178916.50	-1.882e-02	-1.306e-01	8.784e-02
178917.50	6.816e-03	-1.094e-02	-4.166e-02
178918.50	2.880e-04	1.267e-02	1.008e-01
178919.50	-2.726e-03	-3.552e-02	4.925e-02
178920.50	-1.027e-03	6.893e-03	-6.250e-02
178921.50	1.027e-02	6.701e-02	-1.075e-01
178922.50	1.277e-02	8.659e-02	-7.507e-02
178923.50	-4.627e-03	4.013e-02	4.714e-02
178924.50	4.262e-03	5.510e-02	-2.851e-02
178925.50	8.621e-05	-2.688e-02	3.139e-02
178926.50	1.632e-03	-8.438e-02	-1.411e-02
178927.50	2.381e-03	1.210e-01	9.792e-03
178928.50	2.054e-04	1.584e-02	-3.101e-02
178929.50	2.755e-03	1.123e-02	-1.296e-02
178930.50	-1.411e-03	9.466e-03	3.254e-02
178931.50	1.517e-04	-4.618e-02	-9.600e-02
178932.50	1.555e-03	5.213e-03	1.325e-03
178933.50	-1.114e-03	-3.811e-02	3.658e-02
178934.50	-5.491e-03	3.245e-02	5.894e-02
178935.50	-1.526e-03	3.888e-02	4.886e-02
178936.50	-5.395e-03	3.043e-02	9.600e-02
178937.50	1.258e-05	-2.842e-02	-7.526e-02
178938.50	1.699e-04	-1.594e-02	-4.915e-02
178939.50	-3.734e-03	-7.046e-02	-2.026e-02
178940.50	-3.418e-03	3.840e-02	6.614e-02
178941.50	-1.526e-03	-1.690e-02	3.245e-02
178942.50	-4.224e-03	7.968e-03	8.189e-02
178943.50	-1.469e-04	-4.224e-02	-4.531e-02
178944.50	3.926e-03	-3.043e-02	-9.341e-03
178945.50	1.382e-03	1.747e-02	-1.699e-02
178946.50	-3.686e-04	5.674e-04	-3.715e-02
178947.50	1.862e-04	4.387e-02	2.534e-02
178948.50	-3.936e-03	-4.675e-02	1.987e-02
178949.50	-1.373e-03	-2.938e-02	-3.110e-02
178950.50	-1.085e-03	-3.398e-02	1.469e-02
178951.50	-2.141e-04	-3.322e-02	-1.363e-02
178952.50	2.995e-03	4.464e-02	2.899e-03
178953.50	3.341e-03	4.234e-03	-1.805e-02
178954.50	5.290e-03	3.610e-02	-3.350e-02
178955.50	-3.235e-03	-4.234e-02	-5.069e-03
178956.50	-5.261e-03	-9.792e-04	2.602e-02
178957.50	-7.478e-04	1.056e-02	3.542e-03
178958.50	-1.037e-03	1.027e-02	-1.392e-02
