178360.50	0.000e+00	0.000e+00	0.000e+00
178361.50	0.000e+00	0.000e+00	0.000e+00
178362.50	0.000e+00	0.000e+00	0.000e+00
178363.50	0.000e+00	0.000e+00	0.000e+00
178364.50	0.000e+00	0.000e+00	0.000e+00
178365.50	0.000e+00	0.000e+00	0.000e+00
178366.50	0.000e+00	0.000e+00	0.000e+00
178367.50	0.000e+00	0.000e+00	0.000e+00
178368.50	0.000e+00	0.000e+00	0.000e+00
178369.50	0.000e+00	0.000e+00	0.000e+00
178370.50	0.000e+00	0.000e+00	0.000e+00
178371.50	0.000e+00	0.000e+00	0.000e+00
178372.50	0.000e+00	0.000e+00	0.000e+00
178373.50	0.000e+00	0.000e+00	0.000e+00
178374.50	0.000e+00	0.000e+00	0.000e+00
178375.50	0.000e+00	0.000e+00	0.000e+00
178376.50	0.000e+00	0.000e+00	0.000e+00
178377.50	0.000e+00	0.000e+00	0.000e+00
178378.50	0.000e+00	0.000e+00	0.000e+00
178379.50	0.000e+00	0.000e+00	0.000e+00
178380.50	0.000e+00	0.000e+00	0.000e+00
178381.50	0.000e+00	0.000e+00	0.000e+00
178382.50	0.000e+00	0.000e+00	0.000e+00
178383.50	0.000e+00	0.000e+00	0.000e+00
178384.50	0.000e+00	0.000e+00	0.000e+00
178385.50	0.000e+00	0.000e+00	0.000e+00
178386.50	0.000e+00	0.000e+00	0.000e+00
178387.50	0.000e+00	0.000e+00	0.000e+00
178388.50	0.000e+00	0.000e+00	0.000e+00
178389.50	0.000e+00	0.000e+00	0.000e+00
178390.50	0.000e+00	0.000e+00	0.000e+00
178391.50	0.000e+00	0.000e+00	0.000e+00
178392.50	0.000e+00	0.000e+00	0.000e+00
178393.50	0.000e+00	0.000e+00	0.000e+00
178394.50	0.000e+00	0.000e+00	0.000e+00
178395.50	0.000e+00	0.000e+00	0.000e+00
178396.50	0.000e+00	0.000e+00	0.000e+00
178397.50	0.000e+00	0.000e+00	0.000e+00
178398.50	0.000e+00	0.000e+00	0.000e+00
178399.50	0.000e+00	0.000e+00	0.000e+00
178400.50	0.000e+00	0.000e+00	0.000e+00
178401.50	0.000e+00	0.000e+00	0.000e+00
178402.50	0.000e+00	0.000e+00	0.000e+00
178403.50	0.000e+00	0.000e+00	0.000e+00
178404.50	0.000e+00	0.000e+00	0.000e+00
178405.50	0.000e+00	0.000e+00	0.000e+00
178406.50	0.000e+00	0.000e+00	0.000e+00
178407.50	0.000e+00	0.000e+00	0.000e+00
178408.50	0.000e+00	0.000e+00	0.000e+00
178409.50	0.000e+00	0.000e+00	0.000e+00
178410.50	0.000e+00	0.000e+00	0.000e+00
178411.50	0.000e+00	0.000e+00	0.000e+00
178412.50	0.000e+00	0.000e+00	0.000e+00
178413.50	0.000e+00	0.000e+00	0.000e+00
178414.50	0.000e+00	0.000e+00	0.000e+00
178415.50	0.000e+00	0.000e+00	0.000e+00
178416.50	0.000e+00	0.000e+00	0.000e+00
178417.50	0.000e+00	0.000e+00	0.000e+00
178418.50	0.000e+00	0.000e+00	0.000e+00
178419.50	0.000e+00	0.000e+00	0.000e+00
178420.50	0.000e+00	0.000e+00	0.000e+00
178421.50	0.000e+00	0.000e+00	0.000e+00
178422.50	0.000e+00	0.000e+00	0.000e+00
178423.50	0.000e+00	0.000e+00	0.000e+00
178424.50	0.000e+00	0.000e+00	0.000e+00
178425.50	0.000e+00	0.000e+00	0.000e+00
178426.50	0.000e+00	0.000e+00	0.000e+00
178427.50	0.000e+00	0.000e+00	0.000e+00
178428.50	0.000e+00	0.000e+00	0.000e+00
178429.50	0.000e+00	0.000e+00	0.000e+00
178430.50	0.000e+00	0.000e+00	0.000e+00
178431.50	0.000e+00	0.000e+00	0.000e+00
178432.50	0.000e+00	0.000e+00	0.000e+00
178433.50	0.000e+00	0.000e+00	0.000e+00
178434.50	0.000e+00	0.000e+00	0.000e+00
178435.50	0.000e+00	0.000e+00	0.000e+00
178436.50	0.000e+00	0.000e+00	0.000e+00
178437.50	0.000e+00	0.000e+00	0.000e+00
178438.50	0.000e+00	0.000e+00	0.000e+00
178439.50	0.000e+00	0.000e+00	0.000e+00
178440.50	0.000e+00	0.000e+00	0.000e+00
178441.50	0.000e+00	0.000e+00	0.000e+00
178442.50	0.000e+00	0.000e+00	0.000e+00
178443.50	0.000e+00	0.000e+00	0.000e+00
178444.50	0.000e+00	0.000e+00	0.000e+00
178445.50	0.000e+00	0.000e+00	0.000e+00
178446.50	0.000e+00	0.000e+00	0.000e+00
178447.50	0.000e+00	0.000e+00	0.000e+00
178448.50	0.000e+00	0.000e+00	0.000e+00
178449.50	0.000e+00	0.000e+00	0.000e+00
178450.50	0.000e+00	0.000e+00	0.000e+00
178451.50	0.000e+00	0.000e+00	0.000e+00
178452.50	0.000e+00	0.000e+00	0.000e+00
178453.50	0.000e+00	0.000e+00	0.000e+00
178454.50	0.000e+00	0.000e+00	0.000e+00
178455.50	0.000e+00	0.000e+00	0.000e+00
178456.50	0.000e+00	0.000e+00	0.000e+00
178457.50	0.000e+00	0.000e+00	0.000e+00
178458.50	0.000e+00	0.000e+00	0.000e+00
178459.50	0.000e+00	0.000e+00	0.000e+00
178460.50	0.000e+00	0.000e+00	0.000e+00
178461.50	0.000e+00	0.000e+00	0.000e+00
178462.50	0.000e+00	0.000e+00	0.000e+00
178463.50	0.000e+00	0.000e+00	0.000e+00
178464.50	0.000e+00	0.000e+00	0.000e+00
178465.50	0.000e+00	0.000e+00	0.000e+00
178466.50	0.000e+00	0.000e+00	0.000e+00
178467.50	0.000e+00	0.000e+00	0.000e+00
178468.50	0.000e+00	0.000e+00	0.000e+00
178469.50	0.000e+00	0.000e+00	0.000e+00
178470.50	0.000e+00	0.000e+00	0.000e+00
178471.50	0.000e+00	0.000e+00	0.000e+00
178472.50	0.000e+00	0.000e+00	0.000e+00
178473.50	0.000e+00	0.000e+00	0.000e+00
178474.50	0.000e+00	0.000e+00	0.000e+00
178475.50	0.000e+00	0.000e+00	0.000e+00
178476.50	0.000e+00	0.000e+00	0.000e+00
178477.50	0.000e+00	0.000e+00	0.000e+00
178478.50	0.000e+00	0.000e+00	0.000e+00
178479.50	0.000e+00	0.000e+00	0.000e+00
178480.50	0.000e+00	0.000e+00	0.000e+00
178481.50	0.000e+00	0.000e+00	0.000e+00
178482.50	0.000e+00	0.000e+00	0.000e+00
178483.50	0.000e+00	0.000e+00	0.000e+00
178484.50	0.000e+00	0.000e+00	0.000e+00
178485.50	0.000e+00	0.000e+00	0.000e+00
178486.50	0.000e+00	0.000e+00	0.000e+00
178487.50	0.000e+00	0.000e+00	0.000e+00
178488.50	0.000e+00	0.000e+00	0.000e+00
178489.50	0.000e+00	0.000e+00	0.000e+00
178490.50	0.000e+00	0.000e+00	0.000e+00
178491.50	0.000e+00	0.000e+00	0.000e+00
178492.50	0.000e+00	0.000e+00	0.000e+00
178493.50	0.000e+00	0.000e+00	0.000e+00
178494.50	0.000e+00	0.000e+00	0.000e+00
178495.50	0.000e+00	0.000e+00	0.000e+00
178496.50	0.000e+00	0.000e+00	0.000e+00
178497.50	0.000e+00	0.000e+00	0.000e+00
178498.50	0.000e+00	0.000e+00	0.000e+00
178499.50	0.000e+00	0.000e+00	0.000e+00
178500.50	9.696e-06	3.619e-06	6.547e-04
178501.50	6.106e-06	-3.149e-05	4.800e-04
178502.50	2.390e-04	-1.507e-02	9.398e-02
178503.50	9.984e-05	1.872e-03	1.066e-02
178504.50	1.949e-04	1.997e-02	-2.592e-02
178505.50	2.938e-05	3.610e-03	-1.123e-02
178506.50	-8.688e-04	-8.218e-02	1.910e-02
178507.50	8.026e-04	6.595e-02	-1.517e-02
178508.50	6.893e-05	7.565e-03	-1.334e-02
178509.50	1.354e-04	7.114e-03	2.928e-03
178510.50	-4.090e-04	-2.189e-02	-2.083e-02
178511.50	-1.978e-04	-1.968e-02	2.803e-02
178512.50	1.651e-04	3.562e-03	1.363e-02
178513.50	3.034e-04	2.870e-02	-3.840e-02
178514.50	-2.438e-04	-4.637e-02	9.792e-02
178515.50	-2.035e-02	-1.632e+00	5.482e-01
178516.50	-3.014e-01	-2.266e+01	1.210e+00
178517.50	-2.909e+00	-2.352e+02	3.773e+01
178518.50	-6.538e+00	-5.309e+02	3.821e+01
178519.50	-6.893e+00	-5.942e+02	5.741e+01
178520.50	-1.258e+00	-1.162e+02	-2.227e+01
178521.50	1.718e+00	1.411e+02	-2.506e+01
178522.50	1.699e+00	1.402e+02	-1.066e+01
178523.50	1.277e+00	1.056e+02	-9.082e+00
178524.50	1.152e+00	9.514e+01	-7.507e+00
178525.50	9.888e-01	8.448e+01	-1.267e+01
178526.50	9.389e-01	7.738e+01	-2.208e+00
178527.50	6.826e-01	5.635e+01	-2.362e+00
178528.50	7.488e-01	6.250e+01	-5.712e+00
178529.50	5.904e-01	4.858e+01	-1.584e+00
178530.50	5.818e-01	4.886e+01	-4.493e+00
178531.50	5.366e-01	4.560e+01	-5.990e+00
178532.50	4.934e-01	4.042e+01	-1.142e+00
178533.50	4.502e-01	3.562e+01	1.104e+00
178534.50	3.994e-01	3.331e+01	-5.818e-01
178535.50	3.120e-01	2.794e+01	-5.376e+00
178536.50	3.341e-01	2.803e+01	-2.794e+00
178537.50	3.178e-01	2.621e+01	-1.584e+00
178538.50	2.966e-01	2.429e+01	9.379e-01
178539.50	2.266e-01	2.045e+01	-3.283e+00
178540.50	2.640e-01	2.150e+01	-3.293e-01
178541.50	2.554e-01	2.093e+01	-8.198e-01
178542.50	2.246e-01	1.891e+01	-1.296e+00
178543.50	1.757e-01	1.526e+01	-1.046e+00
178544.50	1.670e-01	1.430e+01	-6.979e-01
178545.50	1.632e-01	1.354e+01	-4.454e-01
178546.50	1.430e-01	1.219e+01	-3.994e-01
178547.50	1.622e-01	1.363e+01	-1.171e+00
178548.50	1.430e-01	1.219e+01	-1.162e+00
178549.50	1.200e-01	1.008e+01	9.523e-01
178550.50	1.526e-01	1.238e+01	4.224e-01
178551.50	1.190e-01	1.008e+01	-8.333e-01
178552.50	1.142e-01	9.696e+00	-6.038e-01
178553.50	1.229e-01	9.792e+00	-4.896e-01
178554.50	7.219e-02	7.114e+00	-1.642e+00
178555.50	9.370e-02	7.949e+00	5.616e-01
178556.50	8.035e-02	6.989e+00	-6.010e-01
178557.50	8.275e-02	7.085e+00	-2.467e-02
178558.50	6.278e-02	5.549e+00	3.206e-01
178559.50	8.851e-02	6.643e+00	6.595e-01
178560.50	5.789e-02	4.858e+00	-6.643e-01
178561.50	7.027e-02	5.069e+00	4.608e-01
178562.50	4.752e-02	5.136e+00	-1.469e+00
178563.50	1.114e-01	4.090e+00	4.186e-01
178564.50	5.520e-03	4.330e+00	2.496e+00
178565.50	5.904e-02	4.714e+00	-7.670e-01
178566.50	7.594e-02	4.877e+00	-1.085e+00
178567.50	4.560e-02	4.042e+00	3.658e-01
178568.50	4.742e-02	3.562e+00	6.778e-01
178569.50	5.194e-02	4.061e+00	1.315e-01
178570.50	3.629e-02	3.686e+00	-8.477e-01
178571.50	2.976e-02	2.419e+00	6.010e-01
178572.50	4.234e-02	3.648e+00	-2.237e-01
178573.50	2.160e-02	2.410e+00	-6.941e-01
178574.50	3.811e-02	3.341e+00	-1.632e-01
178575.50	2.554e-02	2.515e+00	-5.616e-01
178576.50	2.698e-02	2.429e+00	4.310e-01
178577.50	3.149e-02	2.851e+00	-4.867e-01
178578.50	2.160e-02	2.131e+00	-3.715e-01
178579.50	2.506e-02	2.074e+00	-1.920e-01
178580.50	2.947e-02	2.525e+00	2.534e-01
178581.50	2.534e-02	1.766e+00	-2.342e-01
178582.50	2.294e-02	2.064e+00	-4.973e-01
178583.50	1.910e-02	1.824e+00	-1.766e-01
178584.50	2.189e-02	1.930e+00	7.094e-01
178585.50	2.016e-02	1.565e+00	8.122e-01
178586.50	1.008e-02	1.210e+00	-3.456e-01
178587.50	1.114e-02	1.066e+00	-7.786e-02
178588.50	1.440e-02	1.411e+00	-5.491e-01
178589.50	1.814e-02	1.382e+00	-2.774e-01
178590.50	1.853e-02	1.354e+00	3.667e-01
178591.50	1.373e-02	1.315e+00	-6.662e-01
178592.50	1.469e-02	1.248e+00	4.608e-01
178593.50	6.624e-03	6.154e-01	2.650e-01
178594.50	9.792e-03	6.710e-01	1.939e-01
178595.50	1.133e-02	1.094e+00	-2.966e-01
178596.50	5.693e-03	1.142e+00	-1.430e-01
178597.50	1.517e-02	9.110e-01	5.597e-01
178598.50	5.338e-03	6.240e-01	-5.040e-01
178599.50	6.422e-03	9.792e-01	-4.262e-01
178600.50	1.190e-02	8.515e-01	-7.795e-02
178601.50	8.630e-03	6.134e-01	-2.506e-02
178602.50	8.294e-03	1.056e+00	-5.002e-01
178603.50	1.296e-02	1.056e+00	-3.082e-02
178604.50	5.530e-03	6.288e-01	1.411e-01
178605.50	2.352e-03	1.450e-01	-3.542e-02
178606.50	1.478e-02	1.238e+00	1.709e-01
178607.50	8.074e-03	5.722e-01	2.525e-01
178608.50	5.568e-03	9.245e-01	-5.530e-01
178609.50	3.302e-03	1.018e-01	3.168e-01
178610.50	8.362e-03	4.061e-01	-2.016e-02
178611.50	-8.602e-04	2.477e-01	-3.322e-01
178612.50	9.696e-03	5.645e-01	1.066e-01
178613.50	5.722e-03	6.317e-01	-1.334e-01
178614.50	6.106e-03	4.138e-01	2.976e-01
178615.50	8.122e-03	7.344e-01	-8.678e-02
178616.50	4.080e-03	2.947e-01	-2.141e-01
178617.50	-1.344e-03	2.621e-01	-9.206e-02
178618.50	5.126e-03	3.744e-01	1.814e-01
178619.50	9.888e-03	9.427e-01	3.706e-02
178620.50	8.698e-04	3.427e-01	-4.522e-01
178621.50	3.744e-03	4.474e-01	-1.603e-01
178622.50	4.061e-03	2.947e-01	2.246e-02
178623.50	3.254e-03	3.446e-01	-9.379e-02
178624.50	5.952e-03	2.227e-01	1.882e-01
178625.50	-2.064e-03	3.245e-01	-1.853e-01
178626.50	-2.784e-04	3.830e-02	-4.723e-01
178627.50	6.346e-03	4.070e-01	5.376e-02
178628.50	-4.685e-03	1.325e-01	2.160e-01
178629.50	6.221e-03	4.944e-01	3.389e-01
178630.50	5.453e-03	4.358e-01	-1.757e-01
178631.50	-4.848e-03	5.885e-02	-1.325e-01
178632.50	8.064e-03	2.947e-01	4.051e-02
178633.50	2.150e-03	9.984e-02	7.046e-02
178634.50	-7.018e-04	1.018e-01	-9.245e-02
178635.50	6.086e-03	4.320e-01	-4.752e-02
178636.50	-3.350e-03	2.419e-01	-2.784e-01
178637.50	-2.573e-03	-1.344e-01	1.488e-01
178638.50	-5.597e-03	6.115e-01	-1.747e-01
178639.50	1.075e-03	-1.238e-01	2.842e-01
178640.50	-2.688e-03	6.211e-02	-2.650e-01
178641.50	5.453e-05	1.507e-01	-1.344e-01
178642.50	1.997e-03	2.054e-01	8.698e-02
178643.50	2.899e-03	2.534e-01	6.307e-02
178644.50	2.851e-03	1.402e-01	1.104e-01
178645.50	1.440e-03	1.766e-01	-1.238e-01
178646.50	-1.027e-03	9.504e-03	1.142e-01
178647.50	9.696e-03	3.610e-01	1.709e-01
178648.50	7.728e-03	2.976e-01	1.958e-01
178649.50	-5.616e-03	-2.102e-01	-1.786e-01
178650.50	2.870e-03	3.581e-01	-2.045e-02
178651.50	-1.613e-05	1.363e-01	-9.696e-02
178652.50	-6.346e-04	3.821e-02	-8.630e-02
178653.50	-1.104e-03	-2.554e-01	-6.634e-03
178654.50	6.019e-03	6.816e-02	2.410e-01
178655.50	-4.022e-03	3.283e-01	2.554e-01
178656.50	1.162e-02	3.264e-01	-1.411e-01
178657.50	1.363e-03	8.496e-02	-2.275e-02
178658.50	-1.344e-03	2.621e-03	1.142e-01
178659.50	4.867e-03	1.766e-01	9.005e-02
178660.50	1.430e-03	2.794e-01	-1.718e-01
178661.50	4.032e-05	1.094e-01	-7.930e-02
178662.50	5.818e-03	2.746e-01	1.709e-01
178663.50	-2.650e-03	-4.406e-02	3.043e-02
178664.50	-1.094e-03	-2.870e-02	-1.757e-01
178665.50	7.277e-04	1.507e-01	-1.814e-01
178666.50	4.320e-03	1.853e-01	1.795e-01
178667.50	-1.219e-04	2.150e-01	9.523e-02
178668.50	4.810e-04	7.738e-03	1.306e-01
178669.50	6.394e-03	2.918e-01	9.984e-02
178670.50	2.006e-04	1.094e-01	-9.014e-02
178671.50	5.779e-04	-1.757e-01	-8.534e-02
178672.50	-5.472e-03	-2.102e-01	-3.763e-02
178673.50	-5.002e-03	-6.221e-02	-2.429e-01
178674.50	2.448e-03	4.906e-02	-2.275e-01
178675.50	-5.434e-03	-2.112e-01	-4.205e-02
178676.50	4.205e-03	5.942e-02	1.152e-01
178677.50	1.507e-03	6.259e-02	3.091e-02
178678.50	-1.123e-03	1.344e-02	-2.064e-01
178679.50	-9.389e-05	1.430e-01	1.027e-01
178680.50	3.475e-03	3.706e-01	1.046e-01
178681.50	3.936e-03	9.888e-02	1.565e-01
178682.50	-6.480e-03	-2.093e-02	-1.363e-02
178683.50	-1.968e-03	2.179e-03	-3.043e-01
178684.50	-2.045e-03	-6.547e-02	-3.648e-02
178685.50	-2.371e-03	9.600e-02	-4.771e-02
178686.50	4.781e-03	2.659e-01	7.181e-02
178687.50	-1.930e-04	1.085e-01	-3.082e-02
178688.50	1.814e-03	5.472e-02	-3.965e-02
178689.50	3.898e-03	7.987e-02	9.590e-02
178690.50	-5.088e-03	-8.755e-02	1.046e-01
178691.50	-2.986e-03	-3.523e-04	-2.515e-01
178692.50	3.130e-03	8.563e-02	-1.018e-01
178693.50	-5.280e-03	1.795e-02	7.469e-02
178694.50	5.731e-03	3.418e-01	1.507e-02
178695.50	-8.909e-04	-1.459e-01	5.866e-02
178696.50	3.091e-03	9.331e-02	1.776e-01
178697.50	-3.600e-03	4.637e-02	1.286e-01
178698.50	4.061e-04	-5.366e-03	1.171e-01
178699.50	-3.254e-03	1.690e-01	-2.208e-01
178700.50	2.093e-03	-1.824e-02	-6.269e-02
178701.50	8.707e-03	2.006e-01	3.802e-01
178702.50	-3.926e-04	-2.784e-01	2.371e-02
178703.50	-1.632e-03	6.749e-02	-7.190e-02
178704.50	3.667e-03	8.246e-02	1.190e-01
178705.50	-2.726e-03	-1.133e-01	-1.507e-02
178706.50	-1.603e-03	1.190e-02	-1.488e-01
178707.50	6.422e-03	1.037e-01	-2.621e-02
178708.50	8.285e-03	2.035e-01	1.018e-01
178709.50	-1.450e-02	-6.950e-02	2.227e-01
178710.50	-4.608e-04	-1.123e-01	-8.304e-02
178711.50	2.966e-03	4.214e-02	-8.016e-02
178712.50	-5.376e-03	-1.037e-01	-2.314e-02
178713.50	3.773e-03	2.131e-01	1.574e-01
178714.50	3.178e-03	1.037e-01	3.907e-02
178715.50	4.186e-03	-5.232e-02	6.758e-02
178716.50	1.075e-03	2.707e-02	2.659e-02
178717.50	-2.486e-03	-3.725e-02	-2.362e-01
178718.50	2.064e-03	2.198e-02	-1.229e-01
178719.50	-3.370e-03	4.685e-02	8.707e-02
178720.50	5.693e-03	3.245e-02	1.392e-01
178721.50	9.571e-04	1.930e-01	2.486e-01
178722.50	1.747e-04	4.867e-02	6.979e-02
178723.50	-1.795e-03	2.170e-02	-5.568e-02
178724.50	-4.742e-03	-1.920e-01	-1.718e-01
178725.50	4.051e-03	1.555e-01	4.406e-02
178726.50	-4.896e-04	1.286e-01	-3.504e-02
178727.50	2.822e-03	-7.344e-02	2.064e-02
178728.50	-1.114e-05	-1.613e-02	1.104e-01
178729.50	-2.083e-03	1.123e-01	-3.254e-01
178730.50	3.696e-03	1.114e-01	7.978e-02
178731.50	4.310e-03	5.261e-02	1.219e-01
178732.50	5.606e-03	4.541e-02	4.080e-02
178733.50	-5.520e-03	-8.256e-02	4.838e-02
178734.50	-2.314e-03	-9.888e-02	-9.696e-02
178735.50	-2.064e-03	3.562e-02	-1.526e-01
178736.50	-5.069e-03	-3.514e-02	-7.027e-02
178737.50	1.795e-03	7.104e-02	9.792e-02
178738.50	-4.531e-04	-4.963e-02	-7.306e-02
178739.50	3.811e-04	-6.106e-02	-1.555e-01
178740.50	5.990e-04	-6.835e-02	3.485e-02
178741.50	-1.555e-03	6.845e-03	-1.632e-02
178742.50	-1.114e-03	-1.584e-01	4.387e-02
178743.50	1.536e-03	-2.822e-02	-8.995e-02
178744.50	1.382e-03	3.398e-02	5.568e-02
178745.50	-3.542e-03	-7.171e-02	4.128e-02
178746.50	2.314e-03	8.381e-02	-2.438e-02
178747.50	-1.306e-03	-7.382e-03	-5.491e-02
178748.50	3.552e-03	1.258e-01	7.718e-02
178749.50	2.582e-04	-8.467e-03	1.363e-01
178750.50	-1.795e-03	-3.408e-02	1.949e-02
178751.50	-1.930e-03	-6.125e-02	-7.507e-02
178752.50	3.360e-03	1.085e-01	4.330e-02
178753.50	-1.661e-04	5.731e-02	8.323e-02
178754.50	4.435e-04	1.642e-02	-1.565e-02
178755.50	2.746e-03	1.162e-01	3.120e-02
178756.50	-8.448e-04	-7.296e-03	-1.958e-02
178757.50	1.114e-03	1.200e-01	4.934e-02
178758.50	-1.690e-03	-8.448e-02	-2.237e-03
178759.50	2.755e-03	9.504e-02	-7.008e-02
178760.50	1.094e-03	2.717e-02	-2.006e-01
178761.50	-3.638e-04	-9.600e-02	-1.066e-01
178762.50	-2.237e-03	-6.922e-02	-5.837e-04
178763.50	-4.598e-04	1.027e-02	1.469e-01
178764.50	-2.630e-04	2.150e-02	7.094e-03
178765.50	1.277e-03	5.376e-02	-5.712e-03
178766.50	-6.490e-05	1.363e-01	-5.914e-02
178767.50	2.832e-04	-3.005e-02	-9.696e-02
178768.50	-8.582e-04	-1.277e-01	8.256e-03
178769.50	-4.781e-04	-2.266e-02	4.973e-02
178770.50	-3.187e-04	8.707e-02	-9.888e-02
178771.50	1.834e-02	2.429e-02	1.488e-01
178772.50	-8.256e-03	6.451e-02	5.443e-02
178773.50	-2.602e-03	-9.024e-02	5.357e-02
178774.50	-6.557e-04	-4.550e-04	-7.728e-02
178775.50	6.278e-04	-4.099e-03	-7.939e-02
178776.50	7.075e-04	1.498e-01	3.763e-02
178777.50	-1.296e-03	4.781e-02	-7.709e-02
178778.50	-2.774e-03	-1.642e-01	2.986e-02
178779.50	-4.157e-04	-8.189e-02	7.325e-02
178780.50	-2.045e-03	-5.002e-02	2.698e-03
178781.50	-2.054e-03	-1.008e-01	-5.894e-02
178782.50	1.738e-03	4.886e-02	4.848e-02
178783.50	2.016e-03	-6.643e-02	8.438e-02
178784.50	3.514e-03	1.200e-01	-3.763e-02
178785.50	-3.590e-03	-2.861e-02	-3.389e-02
178786.50	-8.890e-03	-4.474e-02	-1.834e-01
178787.50	-2.890e-03	-9.984e-02	-6.826e-02
178788.50	1.152e-03	2.966e-02	-5.770e-02
178789.50	-3.120e-03	5.299e-02	6.528e-03
178790.50	-7.133e-03	1.267e-02	-2.650e-02
178791.50	2.429e-03	1.200e-02	7.229e-02
178792.50	1.872e-03	-8.112e-02	1.478e-01
178793.50	-2.285e-03	1.891e-04	5.194e-02
178794.50	-6.710e-03	-1.085e-01	-7.565e-02
178795.50	1.018e-03	4.771e-02	-1.402e-01
178796.50	2.054e-03	1.094e-01	-5.270e-02
178797.50	3.763e-03	1.459e-01	-3.667e-02
178798.50	1.747e-03	1.392e-01	1.123e-01
178799.50	-8.669e-04	-1.594e-02	-7.517e-03
178800.50	8.899e-04	-5.251e-03	-1.507e-01
178801.50	2.016e-03	1.162e-01	-8.947e-03
178802.50	1.546e-03	-6.864e-02	1.680e-01
178803.50	4.262e-04	6.451e-02	9.485e-02
178804.50	-1.325e-03	-6.086e-02	2.784e-02
178805.50	1.997e-03	8.630e-02	1.968e-02
178806.50	-8.928e-05	6.134e-02	-2.342e-02
178807.50	-5.846e-04	-1.229e-02	-4.157e-02
178808.50	9.600e-05	-9.475e-02	8.045e-02
178809.50	2.275e-05	-4.282e-02	-4.330e-02
178810.50	5.578e-04	1.267e-02	-1.133e-02
178811.50	1.642e-04	1.046e-01	-4.915e-02
178812.50	-1.123e-03	1.411e-02	1.277e-03
178813.50	4.205e-04	-1.853e-03	6.576e-02
178814.50	-2.314e-03	8.352e-03	-1.286e-01
178815.50	-5.971e-03	-1.210e-01	-4.858e-03
178816.50	-5.702e-03	-5.040e-02	6.221e-02
178817.50	2.707e-03	1.152e-01	6.029e-02
178818.50	-4.867e-03	-7.718e-02	-6.259e-02
178819.50	9.043e-03	1.766e-01	3.072e-02
178820.50	1.402e-04	-3.763e-02	-2.880e-02
178821.50	2.851e-03	8.381e-02	-6.778e-02
178822.50	-1.882e-03	1.574e-03	-3.466e-02
178823.50	1.296e-04	-3.475e-02	-1.046e-02
178824.50	-3.571e-03	-4.464e-02	4.032e-02
178825.50	5.674e-03	8.016e-02	-1.430e-02
178826.50	3.821e-03	8.266e-02	8.870e-02
178827.50	-5.674e-04	-1.978e-02	-4.570e-02
178828.50	3.475e-03	2.208e-02	-2.986e-02
178829.50	-2.218e-03	-4.310e-02	-2.774e-02
178830.50	-1.421e-03	-1.632e-01	-7.661e-03
178831.50	1.632e-03	3.955e-02	-4.147e-03
178832.50	-1.210e-03	-7.459e-02	3.082e-02
178833.50	5.837e-04	1.277e-03	-7.930e-02
178834.50	-4.205e-04	-6.451e-04	-5.174e-02
178835.50	1.171e-03	-8.563e-02	1.104e-01
178836.50	5.856e-03	-1.882e-02	-3.312e-02
178837.50	3.091e-03	1.315e-01	-4.531e-02
178838.50	2.544e-03	6.432e-02	7.814e-02
178839.50	2.342e-03	8.448e-02	1.133e-01
178840.50	-1.930e-03	-4.003e-02	-9.206e-03
178841.50	-1.910e-03	1.277e-02	-5.530e-02
178842.50	-2.208e-03	-1.018e-01	-5.174e-02
178843.50	-1.834e-04	1.123e-01	8.957e-02
178844.50	4.474e-03	6.826e-02	-2.909e-02
178845.50	-2.342e-03	-1.018e-01	5.309e-02
178846.50	-1.114e-03	6.816e-04	-4.618e-02
178847.50	4.675e-03	1.066e-01	-1.238e-02
178848.50	-6.250e-03	-2.986e-02	-9.408e-02
178849.50	-5.530e-03	-3.178e-02	-8.832e-02
178850.50	-1.853e-04	1.584e-02	-4.272e-02
178851.50	1.152e-03	-3.802e-02	3.850e-02
178852.50	-8.160e-05	-6.077e-02	8.486e-02
178853.50	-1.152e-03	4.406e-02	1.958e-02
178854.50	3.782e-04	6.029e-03	-6.595e-05
178855.50	1.594e-03	3.370e-03	5.693e-02
178856.50	1.853e-03	4.205e-02	7.546e-02
178857.50	7.354e-04	7.066e-02	2.122e-02
178858.50	-2.141e-03	-4.301e-02	-1.392e-01
178859.50	-3.984e-03	-1.526e-01	-1.574e-02
178860.50	-8.419e-04	-8.890e-03	-2.477e-02
178861.50	5.462e-04	2.467e-03	-1.210e-01
178862.50	5.376e-04	-1.075e-02	-1.123e-02
178863.50	-7.037e-04	1.190e-02	4.944e-02
178864.50	-7.411e-04	9.062e-03	1.862e-02
178865.50	-3.456e-04	1.843e-02	1.699e-02
178866.50	2.275e-04	-1.680e-02	9.888e-02
178867.50	-6.077e-04	-3.696e-02	2.678e-03
178868.50	1.392e-03	-9.792e-03	-3.446e-02
178869.50	1.402e-02	1.325e-01	6.874e-02
178870.50	9.888e-04	3.946e-02	4.982e-03
178871.50	5.098e-03	5.174e-02	-2.678e-02
178872.50	3.552e-04	-1.056e-02	-2.842e-03
178873.50	7.469e-03	7.574e-02	4.406e-03
178874.50	-1.997e-02	-9.091e-02	-1.104e-02
178875.50	-4.810e-03	-1.853e-02	1.834e-02
178876.50	2.592e-03	-2.822e-02	5.875e-02
178877.50	-2.054e-03	-8.246e-03	-1.584e-02
178878.50	-1.546e-03	-1.200e-02	-2.496e-02
178879.50	5.568e-04	4.579e-02	-1.008e-02
178880.50	-2.179e-03	-9.696e-02	1.133e-02
178881.50	-8.611e-04	2.093e-02	-3.619e-02
178882.50	3.053e-04	-9.475e-03	4.877e-02
178883.50	1.104e-03	-2.966e-03	1.114e-01
178884.50	1.296e-03	-9.984e-03	1.642e-02
178885.50	-3.005e-03	-5.539e-02	-2.582e-02
178886.50	-1.795e-04	2.131e-02	-2.122e-02
178887.50	2.266e-03	4.618e-02	-2.246e-02
178888.50	-1.968e-03	-5.933e-02	-2.477e-03
178889.50	-1.315e-03	-3.917e-02	-6.230e-02
178890.50	-1.728e-03	-5.530e-02	-6.720e-02
178891.50	1.680e-03	-1.507e-03	-3.014e-02
178892.50	-1.152e-03	-1.814e-02	3.427e-02
178893.50	-1.613e-03	3.485e-02	-7.680e-02
178894.50	1.498e-02	6.854e-02	1.315e-01
178895.50	3.619e-03	1.066e-01	-1.565e-02
178896.50	-9.475e-03	1.632e-02	-4.896e-02
178897.50	-5.443e-04	1.296e-02	-6.413e-02
178898.50	-1.536e-03	-2.294e-02	2.813e-02
178899.50	-6.221e-03	5.107e-03	-1.200e-02
178900.50	3.571e-03	1.325e-02	1.594e-02
178901.50	5.280e-03	-7.296e-02	1.555e-01
178902.50	2.678e-03	7.277e-02	1.651e-02
178903.50	-6.029e-03	-2.237e-02	-8.803e-02
178904.50	-1.507e-03	4.618e-02	-1.363e-01
178905.50	-9.341e-04	1.920e-02	-3.869e-03
178906.50	-4.262e-04	5.126e-02	4.128e-02
178907.50	-2.688e-03	-8.141e-02	6.173e-02
178908.50	-8.986e-04	-4.646e-02	-4.694e-03
178909.50	-6.643e-04	-2.525e-02	1.152e-02
178910.50	-1.430e-03	1.219e-03	-5.942e-02
178911.50	6.173e-04	1.939e-02	-1.085e-02
178912.50	5.770e-04	1.728e-02	5.914e-02
178913.50	7.728e-04	-2.669e-02	4.272e-02
178914.50	-3.648e-04	1.411e-02	5.136e-02
178915.50	2.390e-03	5.578e-02	8.784e-03
178916.50	-9.158e-04	8.419e-03	-2.870e-02
178917.50	-8.093e-04	-4.714e-02	-1.382e-03
178918.50	-6.902e-06	-6.893e-02	-3.024e-02
178919.50	1.670e-03	-4.982e-02	-4.234e-02
178920.50	-1.171e-03	2.304e-02	9.696e-03
178921.50	-1.008e-04	4.675e-02	2.294e-02
178922.50	6.451e-04	2.890e-02	2.352e-02
178923.50	1.037e-03	8.506e-03	-1.997e-02
178924.50	-8.698e-04	-6.278e-02	-1.786e-02
178925.50	-1.786e-04	-1.526e-02	-1.133e-01
178926.50	2.726e-03	-3.024e-02	1.469e-02
178927.50	7.958e-04	5.414e-02	1.882e-03
178928.50	-2.525e-03	3.994e-02	2.314e-02
178929.50	-3.110e-03	-3.706e-02	-3.619e-02
178930.50	-1.786e-03	-3.946e-02	1.075e-02
178931.50	2.102e-03	-7.286e-02	5.683e-02
178932.50	2.611e-04	-2.246e-02	9.696e-02
178933.50	-1.344e-03	4.397e-02	-6.086e-03
178934.50	7.565e-04	4.819e-02	6.586e-03
178935.50	-1.277e-03	-2.890e-02	-1.402e-02
178936.50	2.371e-03	3.706e-02	1.978e-02
178937.50	1.315e-03	-2.688e-02	-4.243e-03
178938.50	1.133e-03	3.475e-02	6.874e-03
178939.50	6.202e-04	7.498e-03	1.286e-02
178940.50	-7.805e-04	-4.915e-02	-5.760e-03
178941.50	-1.709e-03	-3.005e-02	-1.248e-02
178942.50	-3.533e-04	-1.872e-02	2.515e-02
178943.50	5.405e-04	3.811e-02	2.966e-02
178944.50	-9.398e-04	-4.675e-02	7.795e-03
178945.50	4.579e-05	-3.917e-02	1.085e-03
178946.50	1.075e-03	2.573e-02	-9.984e-03
178947.50	1.258e-04	4.579e-02	-4.646e-03
178948.50	6.989e-04	-2.208e-02	1.478e-02
178949.50	1.910e-03	3.398e-02	-3.187e-02
178950.50	9.984e-04	1.901e-02	-1.603e-02
178951.50	-1.939e-03	5.395e-04	6.192e-03
178952.50	-9.350e-04	-2.563e-02	-3.350e-02
178953.50	-1.258e-03	-2.045e-02	-3.898e-02
178954.50	-5.472e-04	2.496e-02	1.094e-02
178955.50	1.632e-03	9.197e-03	6.998e-02
178956.50	6.192e-05	-1.085e-03	-1.642e-03
178957.50	-2.314e-03	-4.810e-02	-4.819e-02
178958.50	5.491e-04	2.765e-02	-1.382e-02
