178360.50	0.000e+00	0.000e+00	0.000e+00
178361.50	0.000e+00	0.000e+00	0.000e+00
178362.50	0.000e+00	0.000e+00	0.000e+00
178363.50	0.000e+00	0.000e+00	0.000e+00
178364.50	0.000e+00	0.000e+00	0.000e+00
178365.50	0.000e+00	0.000e+00	0.000e+00
178366.50	0.000e+00	0.000e+00	0.000e+00
178367.50	0.000e+00	0.000e+00	0.000e+00
178368.50	0.000e+00	0.000e+00	0.000e+00
178369.50	0.000e+00	0.000e+00	0.000e+00
178370.50	0.000e+00	0.000e+00	0.000e+00
178371.50	0.000e+00	0.000e+00	0.000e+00
178372.50	0.000e+00	0.000e+00	0.000e+00
178373.50	0.000e+00	0.000e+00	0.000e+00
178374.50	0.000e+00	0.000e+00	0.000e+00
178375.50	0.000e+00	0.000e+00	0.000e+00
178376.50	0.000e+00	0.000e+00	0.000e+00
178377.50	0.000e+00	0.000e+00	0.000e+00
178378.50	0.000e+00	0.000e+00	0.000e+00
178379.50	0.000e+00	0.000e+00	0.000e+00
178380.50	0.000e+00	0.000e+00	0.000e+00
178381.50	0.000e+00	0.000e+00	0.000e+00
178382.50	0.000e+00	0.000e+00	0.000e+00
178383.50	0.000e+00	0.000e+00	0.000e+00
178384.50	0.000e+00	0.000e+00	0.000e+00
178385.50	0.000e+00	0.000e+00	0.000e+00
178386.50	0.000e+00	0.000e+00	0.000e+00
178387.50	0.000e+00	0.000e+00	0.000e+00
178388.50	0.000e+00	0.000e+00	0.000e+00
178389.50	0.000e+00	0.000e+00	0.000e+00
178390.50	0.000e+00	0.000e+00	0.000e+00
178391.50	0.000e+00	0.000e+00	0.000e+00
178392.50	0.000e+00	0.000e+00	0.000e+00
178393.50	0.000e+00	0.000e+00	0.000e+00
178394.50	0.000e+00	0.000e+00	0.000e+00
178395.50	0.000e+00	0.000e+00	0.000e+00
178396.50	0.000e+00	0.000e+00	0.000e+00
178397.50	0.000e+00	0.000e+00	0.000e+00
178398.50	0.000e+00	0.000e+00	0.000e+00
178399.50	0.000e+00	0.000e+00	0.000e+00
178400.50	0.000e+00	0.000e+00	0.000e+00
178401.50	0.000e+00	0.000e+00	0.000e+00
178402.50	0.000e+00	0.000e+00	0.000e+00
178403.50	0.000e+00	0.000e+00	0.000e+00
178404.50	0.000e+00	0.000e+00	0.000e+00
178405.50	0.000e+00	0.000e+00	0.000e+00
178406.50	0.000e+00	0.000e+00	0.000e+00
178407.50	0.000e+00	0.000e+00	0.000e+00
178408.50	0.000e+00	0.000e+00	0.000e+00
178409.50	0.000e+00	0.000e+00	0.000e+00
178410.50	0.000e+00	0.000e+00	0.000e+00
178411.50	0.000e+00	0.000e+00	0.000e+00
178412.50	0.000e+00	0.000e+00	0.000e+00
178413.50	0.000e+00	0.000e+00	0.000e+00
178414.50	0.000e+00	0.000e+00	0.000e+00
178415.50	0.000e+00	0.000e+00	0.000e+00
178416.50	0.000e+00	0.000e+00	0.000e+00
178417.50	0.000e+00	0.000e+00	0.000e+00
178418.50	0.000e+00	0.000e+00	0.000e+00
178419.50	0.000e+00	0.000e+00	0.000e+00
178420.50	0.000e+00	0.000e+00	0.000e+00
178421.50	0.000e+00	0.000e+00	0.000e+00
178422.50	0.000e+00	0.000e+00	0.000e+00
178423.50	0.000e+00	0.000e+00	0.000e+00
178424.50	0.000e+00	0.000e+00	0.000e+00
178425.50	0.000e+00	0.000e+00	0.000e+00
178426.50	0.000e+00	0.000e+00	0.000e+00
178427.50	0.000e+00	0.000e+00	0.000e+00
178428.50	0.000e+00	0.000e+00	0.000e+00
178429.50	0.000e+00	0.000e+00	0.000e+00
178430.50	0.000e+00	0.000e+00	0.000e+00
178431.50	0.000e+00	0.000e+00	0.000e+00
178432.50	0.000e+00	0.000e+00	0.000e+00
178433.50	0.000e+00	0.000e+00	0.000e+00
178434.50	0.000e+00	0.000e+00	0.000e+00
178435.50	0.000e+00	0.000e+00	0.000e+00
178436.50	0.000e+00	0.000e+00	0.000e+00
178437.50	0.000e+00	0.000e+00	0.000e+00
178438.50	0.000e+00	0.000e+00	0.000e+00
178439.50	0.000e+00	0.000e+00	0.000e+00
178440.50	0.000e+00	0.000e+00	0.000e+00
178441.50	0.000e+00	0.000e+00	0.000e+00
178442.50	0.000e+00	0.000e+00	0.000e+00
178443.50	0.000e+00	0.000e+00	0.000e+00
178444.50	0.000e+00	0.000e+00	0.000e+00
178445.50	0.000e+00	0.000e+00	0.000e+00
178446.50	0.000e+00	0.000e+00	0.000e+00
178447.50	0.000e+00	0.000e+00	0.000e+00
178448.50	0.000e+00	0.000e+00	0.000e+00
178449.50	0.000e+00	0.000e+00	0.000e+00
178450.50	0.000e+00	0.000e+00	0.000e+00
178451.50	0.000e+00	0.000e+00	0.000e+00
178452.50	0.000e+00	0.000e+00	0.000e+00
178453.50	0.000e+00	0.000e+00	0.000e+00
178454.50	0.000e+00	0.000e+00	0.000e+00
178455.50	0.000e+00	0.000e+00	0.000e+00
178456.50	0.000e+00	0.000e+00	0.000e+00
178457.50	0.000e+00	0.000e+00	0.000e+00
178458.50	0.000e+00	0.000e+00	0.000e+00
178459.50	0.000e+00	0.000e+00	0.000e+00
178460.50	0.000e+00	0.000e+00	0.000e+00
178461.50	0.000e+00	0.000e+00	0.000e+00
178462.50	0.000e+00	0.000e+00	0.000e+00
178463.50	0.000e+00	0.000e+00	0.000e+00
178464.50	0.000e+00	0.000e+00	0.000e+00
178465.50	0.000e+00	0.000e+00	0.000e+00
178466.50	0.000e+00	0.000e+00	0.000e+00
178467.50	0.000e+00	0.000e+00	0.000e+00
178468.50	0.000e+00	0.000e+00	0.000e+00
178469.50	0.000e+00	0.000e+00	0.000e+00
178470.50	0.000e+00	0.000e+00	0.000e+00
178471.50	0.000e+00	0.000e+00	0.000e+00
178472.50	0.000e+00	0.000e+00	0.000e+00
178473.50	0.000e+00	0.000e+00	0.000e+00
178474.50	0.000e+00	0.000e+00	0.000e+00
178475.50	0.000e+00	0.000e+00	0.000e+00
178476.50	0.000e+00	0.000e+00	0.000e+00
178477.50	0.000e+00	0.000e+00	0.000e+00
178478.50	0.000e+00	0.000e+00	0.000e+00
178479.50	0.000e+00	0.000e+00	0.000e+00
178480.50	0.000e+00	0.000e+00	0.000e+00
178481.50	0.000e+00	0.000e+00	0.000e+00
178482.50	0.000e+00	0.000e+00	0.000e+00
178483.50	0.000e+00	0.000e+00	0.000e+00
178484.50	0.000e+00	0.000e+00	0.000e+00
178485.50	0.000e+00	0.000e+00	0.000e+00
178486.50	0.000e+00	0.000e+00	0.000e+00
178487.50	0.000e+00	0.000e+00	0.000e+00
178488.50	0.000e+00	0.000e+00	0.000e+00
178489.50	0.000e+00	0.000e+00	0.000e+00
178490.50	0.000e+00	0.000e+00	0.000e+00
178491.50	0.000e+00	0.000e+00	0.000e+00
178492.50	0.000e+00	0.000e+00	0.000e+00
178493.50	0.000e+00	0.000e+00	0.000e+00
178494.50	0.000e+00	0.000e+00	0.000e+00
178495.50	0.000e+00	0.000e+00	0.000e+00
178496.50	1.786e-05	2.275e-04	6.077e-04
178497.50	2.218e-04	7.526e-03	7.037e-03
178498.50	-1.795e-04	1.642e-03	-3.331e-03
178499.50	1.622e-04	-7.843e-03	4.032e-03
178500.50	5.866e-05	5.654e-03	8.179e-04
178501.50	-1.296e-04	-1.478e-03	-6.173e-03
178502.50	-9.792e-06	-2.736e-03	1.507e-03
178503.50	-3.523e-05	-1.382e-03	-9.888e-04
178504.50	-3.936e-04	2.448e-03	-8.592e-03
178505.50	9.274e-05	3.437e-03	4.685e-04
178506.50	-1.190e-03	-5.482e-03	-4.973e-02
178507.50	1.622e-03	-1.181e-02	5.558e-02
178508.50	9.226e-04	-2.381e-02	6.144e-02
178509.50	3.072e-04	8.016e-03	1.661e-02
178510.50	-4.061e-04	-3.667e-02	-2.074e-03
178511.50	-1.142e-04	3.946e-02	-1.766e-02
178512.50	1.853e-04	2.016e-02	1.478e-02
178513.50	-2.611e-04	5.242e-03	-2.429e-02
178514.50	1.901e-04	-7.584e-02	1.574e-02
178515.50	1.978e-03	-3.226e-01	1.459e-01
178516.50	9.984e-03	-6.307e+00	1.075e+00
178517.50	1.373e-01	-9.408e+01	1.258e+01
178518.50	4.973e-01	-4.982e+02	4.733e+01
178519.50	5.741e-01	-5.328e+02	5.914e+01
178520.50	5.395e-01	-4.838e+02	5.558e+01
178521.50	-1.757e-01	8.045e+01	-2.698e+01
178522.50	-1.920e-01	1.718e+02	-2.947e+01
178523.50	-9.696e-02	1.286e+02	-1.354e+01
178524.50	-1.210e-01	1.085e+02	-1.536e+01
178525.50	-7.632e-02	9.696e+01	-1.018e+01
178526.50	-6.672e-02	7.930e+01	-7.210e+00
178527.50	-3.648e-02	7.382e+01	-4.205e+00
178528.50	-1.162e-01	6.403e+01	-1.296e+01
178529.50	-2.342e-02	5.933e+01	-2.765e+00
178530.50	-3.878e-02	5.472e+01	-4.186e+00
178531.50	-3.110e-02	4.810e+01	-2.323e+00
178532.50	-3.706e-02	4.531e+01	-2.966e+00
178533.50	-5.098e-02	3.773e+01	-4.829e+00
178534.50	-2.669e-02	3.456e+01	-2.227e+00
178535.50	-4.320e-02	3.667e+01	-4.301e+00
178536.50	-5.942e-02	2.938e+01	-5.088e+00
178537.50	-2.496e-02	2.918e+01	-2.342e+00
178538.50	-2.976e-04	2.486e+01	-5.021e-02
178539.50	-3.312e-02	2.189e+01	-3.120e+00
178540.50	-1.219e-02	2.486e+01	-1.949e-01
178541.50	-2.112e-02	2.160e+01	-1.200e+00
178542.50	-4.723e-02	1.987e+01	-3.533e+00
178543.50	-8.419e-03	1.862e+01	-3.667e-01
178544.50	-1.181e-03	1.430e+01	8.630e-01
178545.50	-1.392e-02	1.498e+01	-1.027e+00
178546.50	-1.478e-02	1.459e+01	-1.306e+00
178547.50	-1.488e-02	1.565e+01	-7.421e-01
178548.50	-1.450e-02	1.277e+01	-1.421e+00
178549.50	-2.851e-02	1.085e+01	-2.294e+00
178550.50	-5.280e-03	1.238e+01	2.141e-01
178551.50	-2.746e-02	1.008e+01	-1.786e+00
178552.50	-1.718e-02	9.888e+00	-6.422e-01
178553.50	4.339e-04	1.085e+01	-1.440e-01
178554.50	-7.786e-03	8.506e+00	-5.251e-01
178555.50	-9.984e-03	7.248e+00	-6.768e-01
178556.50	-1.776e-02	7.248e+00	-1.104e+00
178557.50	-1.354e-02	9.139e+00	-4.963e-01
178558.50	-5.914e-03	6.778e+00	8.323e-02
178559.50	2.054e-03	6.710e+00	7.258e-01
178560.50	7.872e-03	5.683e+00	7.834e-01
178561.50	-1.037e-02	4.752e+00	-8.381e-01
178562.50	-4.272e-03	5.338e+00	6.797e-02
178563.50	7.632e-04	5.606e+00	3.168e-01
178564.50	8.928e-04	5.568e+00	6.019e-01
178565.50	2.909e-03	4.675e+00	2.083e-01
178566.50	-1.661e-04	5.434e+00	1.795e-01
178567.50	-6.883e-03	3.610e+00	-4.608e-01
178568.50	8.266e-03	4.387e+00	6.115e-01
178569.50	-1.363e-02	3.946e+00	-7.008e-01
178570.50	-2.102e-03	4.723e+00	-2.640e-01
178571.50	-9.984e-03	3.101e+00	-5.213e-01
178572.50	-1.056e-02	2.851e+00	-9.341e-01
178573.50	-9.120e-03	3.053e+00	-5.280e-01
178574.50	-6.355e-03	2.784e+00	1.315e-01
178575.50	-1.642e-03	2.851e+00	5.894e-01
178576.50	-5.270e-03	2.650e+00	-7.546e-01
178577.50	-9.984e-03	2.544e+00	-7.152e-01
178578.50	5.645e-03	2.054e+00	7.200e-01
178579.50	2.582e-03	2.390e+00	5.213e-01
178580.50	-1.498e-02	2.995e+00	-1.056e+00
178581.50	4.186e-05	2.006e+00	2.477e-01
178582.50	1.411e-03	2.275e+00	2.362e-01
178583.50	-3.024e-03	2.342e+00	-3.677e-01
178584.50	5.251e-04	1.315e+00	-5.626e-02
178585.50	-9.984e-03	1.334e+00	-6.893e-01
178586.50	-3.907e-03	1.958e+00	-4.176e-03
178587.50	-6.077e-04	1.488e+00	2.246e-01
178588.50	-1.738e-03	1.728e+00	-2.794e-01
178589.50	-1.056e-02	1.795e+00	-6.960e-01
178590.50	3.744e-03	9.130e-01	4.714e-01
178591.50	-6.106e-03	1.728e+00	-2.448e-01
178592.50	-1.162e-03	8.707e-01	-4.925e-01
178593.50	1.018e-02	1.306e+00	6.230e-01
178594.50	-7.277e-03	1.526e+00	-1.565e-01
178595.50	-6.019e-03	1.018e+00	-2.294e-01
178596.50	2.861e-03	1.152e+00	4.099e-01
178597.50	-1.930e-03	9.034e-01	1.382e-01
178598.50	-3.418e-03	1.267e+00	1.507e-01
178599.50	-1.181e-02	6.710e-01	-6.816e-01
178600.50	-3.686e-03	1.114e+00	-5.683e-02
178601.50	1.603e-03	5.030e-01	2.429e-01
178602.50	-2.458e-03	1.037e+00	-6.250e-01
178603.50	-4.435e-04	3.859e-01	-4.531e-02
178604.50	-2.554e-03	6.086e-01	-5.530e-01
178605.50	-1.882e-03	2.784e-01	-2.285e-01
178606.50	1.056e-03	5.866e-01	1.258e-01
178607.50	-6.413e-03	-6.077e-02	-2.736e-01
178608.50	-1.258e-03	5.904e-01	5.050e-02
178609.50	-4.704e-03	1.171e+00	-1.219e-01
178610.50	-2.602e-04	9.533e-02	-2.179e-01
178611.50	4.483e-03	7.219e-01	1.104e-01
178612.50	2.976e-03	6.010e-01	1.862e-01
178613.50	9.984e-03	8.333e-01	7.670e-02
178614.50	-1.142e-03	3.523e-01	-1.402e-01
178615.50	-3.696e-03	2.179e-01	2.957e-01
178616.50	-1.488e-03	8.966e-01	-1.901e-01
178617.50	-1.018e-03	4.714e-01	-1.286e-01
178618.50	-5.242e-03	1.498e-01	-4.118e-01
178619.50	1.210e-04	1.123e+00	1.930e-01
178620.50	-3.216e-03	5.549e-01	2.688e-01
178621.50	-2.045e-03	4.570e-01	1.958e-01
178622.50	2.477e-03	9.043e-01	-1.661e-01
178623.50	-5.808e-03	2.410e-01	-2.131e-01
178624.50	-1.229e-02	1.123e-01	-2.909e-01
178625.50	8.678e-05	6.029e-01	3.312e-01
178626.50	6.730e-04	1.968e-01	-2.774e-01
178627.50	-4.790e-03	1.738e-01	9.322e-02
178628.50	-2.026e-03	-1.046e-02	-2.784e-01
178629.50	4.589e-03	-1.862e-02	7.046e-02
178630.50	-1.891e-03	1.709e-01	8.822e-02
178631.50	7.152e-07	2.275e-01	7.123e-02
178632.50	-3.178e-03	4.896e-01	-2.189e-01
178633.50	-3.571e-03	3.494e-01	-5.386e-02
178634.50	-3.418e-03	3.437e-01	-3.840e-01
178635.50	-4.013e-03	1.315e-01	-1.190e-01
178636.50	5.846e-03	4.454e-01	7.027e-02
178637.50	3.466e-03	1.469e-02	1.094e-01
178638.50	-5.597e-04	1.757e-01	8.333e-02
178639.50	2.928e-03	1.296e-01	2.995e-02
178640.50	-7.622e-03	4.906e-02	1.613e-01
178641.50	-4.445e-03	3.053e-01	-1.670e-01
178642.50	4.858e-04	1.478e-01	-5.318e-02
178643.50	8.880e-03	1.133e-01	5.030e-01
178644.50	-5.952e-03	3.773e-01	-2.170e-01
178645.50	-6.173e-03	1.181e-01	-5.232e-01
178646.50	2.736e-03	5.866e-02	1.018e-01
178647.50	-4.579e-03	2.093e-01	-6.950e-02
178648.50	-4.368e-03	2.294e-01	-6.979e-02
178649.50	3.187e-03	1.930e-01	-8.083e-03
178650.50	2.266e-03	2.093e-01	2.064e-01
178651.50	3.264e-03	1.526e-01	1.968e-01
178652.50	1.862e-03	-1.229e-01	-1.142e-02
178653.50	-7.738e-04	2.678e-01	2.678e-02
178654.50	-2.074e-03	3.581e-02	-3.091e-01
178655.50	-1.373e-03	2.074e-01	-1.373e-01
178656.50	5.808e-03	6.691e-02	2.794e-01
178657.50	1.910e-03	-1.574e-01	2.726e-01
178658.50	-6.029e-03	2.707e-01	-2.851e-01
178659.50	-8.880e-03	3.024e-01	5.558e-02
178660.50	1.075e-03	7.834e-02	1.565e-01
178661.50	3.322e-03	7.843e-02	2.861e-01
178662.50	-2.976e-03	-1.296e-01	-2.150e-01
178663.50	-1.430e-03	2.131e-01	2.448e-03
178664.50	-3.360e-03	5.194e-02	-9.792e-03
178665.50	-1.286e-03	-1.795e-02	3.696e-02
178666.50	4.973e-03	8.966e-03	-1.104e-01
178667.50	1.267e-03	4.378e-01	-6.355e-02
178668.50	2.938e-03	4.646e-02	1.498e-02
178669.50	1.488e-03	2.602e-01	2.899e-01
178670.50	-7.056e-04	-1.258e-01	-1.584e-01
178671.50	2.669e-03	-9.235e-02	-4.109e-02
178672.50	-1.430e-03	1.891e-01	-7.738e-02
178673.50	4.282e-03	1.094e-01	1.382e-01
178674.50	-5.568e-04	2.496e-01	-4.138e-02
178675.50	9.696e-04	2.448e-01	1.027e-01
178676.50	6.845e-04	1.152e-01	-9.542e-03
178677.50	-6.480e-03	1.018e-01	-2.822e-01
178678.50	-4.253e-03	3.619e-01	-1.661e-01
178679.50	-3.178e-03	-1.363e-01	-1.670e-01
178680.50	-5.424e-03	-8.150e-03	-2.218e-01
178681.50	1.411e-03	1.402e-01	1.507e-02
178682.50	-3.763e-04	-8.870e-02	6.115e-02
178683.50	6.845e-05	1.834e-01	2.314e-01
178684.50	3.226e-05	-4.435e-02	-1.440e-01
178685.50	1.075e-03	-2.957e-01	9.312e-02
178686.50	-6.154e-04	2.102e-01	1.469e-01
178687.50	-1.834e-03	7.834e-03	-1.728e-01
178688.50	-2.842e-03	1.469e-01	-1.795e-01
178689.50	5.578e-03	-1.200e-01	2.208e-01
178690.50	-4.762e-03	-1.286e-01	-2.899e-01
178691.50	-4.886e-04	2.074e-01	2.688e-02
178692.50	2.486e-03	3.888e-02	1.776e-01
178693.50	1.152e-03	1.939e-01	6.634e-02
178694.50	-2.256e-03	3.130e-01	-2.544e-02
178695.50	-2.342e-03	8.957e-02	-2.630e-01
178696.50	3.658e-04	9.456e-03	2.438e-01
178697.50	1.104e-03	-6.269e-04	1.171e-01
178698.50	1.622e-03	1.565e-01	1.421e-02
178699.50	1.085e-02	-2.698e-02	1.718e-01
178700.50	1.421e-03	4.138e-02	1.238e-01
178701.50	1.238e-03	-1.162e-01	-9.888e-02
178702.50	3.245e-04	-7.603e-02	1.258e-03
178703.50	-1.757e-02	-1.949e-02	-6.144e-02
178704.50	9.197e-04	8.794e-02	1.987e-01
178705.50	9.005e-04	3.715e-02	5.750e-02
178706.50	-2.102e-03	1.670e-01	-1.526e-01
178707.50	-3.696e-03	4.656e-02	-1.853e-01
178708.50	9.888e-04	1.402e-02	5.827e-02
178709.50	4.109e-03	1.939e-01	2.064e-01
178710.50	-1.891e-03	-1.450e-02	1.622e-02
178711.50	-9.984e-04	9.139e-02	-6.000e-02
178712.50	6.547e-04	9.888e-02	9.696e-02
178713.50	3.101e-03	5.501e-02	3.533e-02
178714.50	4.560e-03	4.109e-02	2.237e-01
178715.50	-4.618e-03	-1.344e-01	-2.381e-01
178716.50	1.526e-03	8.880e-02	-1.056e-01
178717.50	-1.123e-03	4.579e-02	1.306e-01
178718.50	4.099e-03	2.275e-02	-1.037e-02
178719.50	-2.966e-03	-2.477e-03	-2.035e-01
178720.50	1.459e-03	-4.646e-02	3.418e-02
178721.50	1.171e-03	-1.930e-01	1.478e-01
178722.50	6.096e-04	1.642e-01	4.330e-02
178723.50	-1.469e-03	1.133e-01	2.525e-02
178724.50	3.283e-03	6.365e-02	-1.354e-01
178725.50	-1.075e-03	-3.110e-02	-1.613e-02
178726.50	-1.325e-03	7.968e-02	-7.498e-02
178727.50	3.149e-03	-3.994e-02	1.094e-01
178728.50	1.066e-03	-6.355e-02	1.325e-02
178729.50	5.827e-04	-7.056e-02	6.749e-02
178730.50	3.264e-04	5.808e-02	7.267e-02
178731.50	1.450e-03	-3.475e-02	8.400e-02
178732.50	-4.762e-04	1.277e-01	-1.258e-01
178733.50	1.574e-03	1.210e-01	1.910e-02
178734.50	-2.496e-03	-3.802e-02	-5.626e-02
178735.50	-3.389e-03	1.651e-01	-3.485e-02
178736.50	-1.949e-03	5.482e-02	-3.926e-02
178737.50	1.814e-03	1.622e-02	-1.008e-01
178738.50	-3.706e-03	-1.536e-01	-7.651e-02
178739.50	-7.882e-04	1.190e-02	-1.478e-02
178740.50	1.555e-03	-9.514e-02	-1.200e-01
178741.50	1.286e-03	-1.133e-01	5.760e-02
178742.50	3.005e-03	-5.184e-02	1.776e-01
178743.50	-8.352e-04	1.104e-01	-1.133e-02
178744.50	4.445e-04	-4.445e-02	6.077e-02
178745.50	4.416e-04	5.510e-02	8.150e-02
178746.50	-1.824e-04	-2.640e-02	1.325e-02
178747.50	-2.093e-03	3.888e-02	-1.027e-01
178748.50	-5.990e-04	-1.747e-02	-2.256e-02
178749.50	1.613e-03	1.037e-02	-7.171e-02
178750.50	5.674e-04	-5.741e-02	8.995e-03
178751.50	6.643e-04	1.210e-01	-6.845e-02
178752.50	9.034e-04	3.360e-02	-2.947e-02
178753.50	-1.411e-03	9.792e-02	-1.555e-02
178754.50	-8.678e-04	2.256e-03	5.203e-02
178755.50	-5.827e-03	-6.528e-02	1.306e-02
178756.50	-4.387e-04	-4.118e-02	-2.784e-02
178757.50	2.381e-03	-1.834e-01	4.550e-02
178758.50	3.792e-04	4.330e-02	-9.514e-02
178759.50	-1.901e-03	6.259e-02	1.862e-02
178760.50	2.822e-03	-1.622e-02	1.056e-01
178761.50	5.866e-04	-3.254e-02	1.968e-02
178762.50	-3.062e-03	4.349e-02	-1.181e-01
178763.50	1.814e-03	-8.266e-02	2.995e-02
178764.50	-1.373e-04	1.152e-01	2.909e-02
178765.50	7.459e-04	-7.219e-02	3.302e-02
178766.50	-4.253e-04	9.341e-02	6.509e-02
178767.50	-1.296e-03	5.798e-02	-3.216e-02
178768.50	-2.141e-03	-1.843e-01	-3.168e-02
178769.50	-2.045e-03	-5.635e-02	-3.014e-02
178770.50	4.022e-03	3.696e-02	1.574e-02
178771.50	1.363e-03	-9.888e-02	8.794e-04
178772.50	7.613e-05	6.451e-02	6.317e-02
178773.50	-8.554e-04	1.565e-02	-3.850e-02
178774.50	-1.171e-03	4.790e-02	-1.258e-02
178775.50	-2.678e-03	1.037e-01	-2.822e-02
178776.50	2.678e-03	1.882e-01	1.325e-02
178777.50	1.037e-03	3.389e-02	-7.968e-03
178778.50	-1.382e-03	-1.152e-02	-3.101e-02
178779.50	-1.459e-03	1.450e-03	-2.986e-02
178780.50	-2.544e-03	1.181e-01	1.008e-02
178781.50	-3.859e-03	8.064e-02	1.968e-02
178782.50	-8.314e-04	-4.646e-02	-1.200e-01
178783.50	1.930e-03	-1.325e-01	1.008e-01
178784.50	-3.264e-03	3.734e-02	-1.680e-02
178785.50	-1.286e-03	7.987e-02	-6.499e-02
178786.50	-6.394e-04	-7.440e-02	3.437e-02
178787.50	-1.555e-03	-1.152e-02	-1.075e-01
178788.50	-1.334e-03	-3.034e-02	-4.723e-02
178789.50	2.899e-03	1.430e-01	8.054e-02
178790.50	1.018e-03	1.766e-02	-6.029e-02
178791.50	2.198e-03	-1.363e-01	9.792e-02
178792.50	-1.373e-03	7.277e-03	5.443e-03
178793.50	6.653e-04	8.477e-02	-6.269e-02
178794.50	9.043e-04	-2.784e-02	3.360e-02
178795.50	6.048e-05	-3.312e-02	6.096e-02
178796.50	1.200e-03	-4.387e-02	3.629e-02
178797.50	-2.909e-03	-8.525e-02	-8.410e-02
178798.50	1.200e-03	9.302e-02	-8.947e-02
178799.50	-1.133e-03	8.381e-02	3.898e-02
178800.50	1.066e-03	-1.642e-02	-2.832e-02
178801.50	1.642e-03	1.142e-02	4.166e-02
178802.50	1.037e-03	1.910e-04	4.406e-02
178803.50	4.973e-03	1.661e-02	1.229e-01
178804.50	-3.523e-04	-3.504e-02	-1.018e-01
178805.50	-2.266e-03	8.227e-02	-1.411e-01
178806.50	-4.138e-03	6.922e-02	-4.426e-03
178807.50	4.272e-04	-2.342e-02	-1.027e-02
178808.50	1.037e-03	6.778e-02	-1.805e-02
178809.50	-2.035e-03	6.797e-02	-7.958e-02
178810.50	1.824e-04	-2.400e-03	1.114e-01
178811.50	-8.947e-04	-2.016e-02	-2.736e-02
178812.50	-1.920e-03	-6.605e-02	-1.104e-01
178813.50	-2.342e-04	-8.506e-02	1.430e-02
178814.50	3.245e-04	1.114e-01	2.266e-02
178815.50	9.062e-03	5.059e-02	8.227e-02
178816.50	-1.430e-02	6.048e-02	-3.629e-02
178817.50	4.022e-03	6.403e-02	4.992e-02
178818.50	4.656e-03	-9.504e-02	7.315e-02
178819.50	-9.888e-04	-2.813e-02	-1.085e-02
178820.50	-8.314e-04	-3.274e-02	-5.760e-02
178821.50	2.102e-03	6.845e-02	4.810e-02
178822.50	-1.133e-03	-3.264e-02	3.053e-02
178823.50	-1.046e-03	-4.397e-02	5.635e-02
178824.50	4.310e-04	4.109e-02	-2.179e-02
178825.50	-5.069e-04	-2.333e-02	-1.363e-01
178826.50	3.773e-03	3.226e-02	-1.594e-02
178827.50	-1.584e-03	-8.477e-03	2.006e-02
178828.50	-6.144e-04	8.285e-02	-3.418e-02
178829.50	-4.733e-04	-1.670e-02	3.619e-02
178830.50	1.027e-03	1.277e-02	4.051e-02
178831.50	1.200e-04	-7.306e-02	8.544e-02
178832.50	-1.642e-03	-1.901e-02	1.843e-02
178833.50	1.133e-01	-5.395e-01	-8.294e-02
178834.50	1.690e-02	2.515e-02	1.219e-01
178835.50	-3.965e-03	3.542e-02	-5.741e-02
178836.50	-1.037e-04	-3.898e-02	-8.304e-03
178837.50	-3.667e-04	-2.582e-02	2.909e-02
178838.50	3.677e-04	-2.534e-02	4.157e-02
178839.50	3.110e-03	3.610e-02	1.824e-01
178840.50	-7.363e-03	8.678e-02	4.694e-02
178841.50	-1.162e-02	1.344e-01	5.712e-02
178842.50	-2.486e-03	7.104e-02	3.408e-02
178843.50	-9.322e-03	7.152e-02	1.680e-01
178844.50	4.262e-03	-1.440e-01	-3.264e-01
178845.50	4.963e-03	-1.440e-01	-3.178e-01
178846.50	3.024e-03	6.461e-02	5.674e-02
178847.50	4.435e-03	6.720e-04	9.792e-03
178848.50	-5.011e-02	7.104e-02	-1.402e-01
178849.50	-2.304e-02	2.611e-02	-1.824e-02
178850.50	9.888e-03	-1.603e-02	1.622e-01
178851.50	3.216e-03	-6.547e-03	1.594e-02
178852.50	-2.621e-03	5.731e-02	-2.563e-03
178853.50	8.861e-05	6.470e-02	-5.146e-02
178854.50	-1.210e-03	-8.640e-03	1.392e-02
178855.50	9.235e-04	-3.686e-02	7.776e-02
178856.50	1.574e-04	-1.229e-01	-3.024e-02
178857.50	1.690e-03	-1.142e-01	1.824e-02
178858.50	3.946e-04	7.507e-02	-8.371e-03
178859.50	2.026e-03	7.747e-02	-9.984e-03
178860.50	-4.214e-04	9.398e-02	-3.427e-02
178861.50	5.482e-04	-4.128e-02	4.099e-02
178862.50	-5.242e-04	-2.045e-02	-3.677e-02
178863.50	-8.688e-03	6.067e-02	-7.411e-02
178864.50	-2.573e-03	5.530e-02	2.438e-02
178865.50	-2.074e-03	2.198e-02	-2.621e-02
178866.50	-4.118e-03	2.016e-02	-5.030e-02
178867.50	-7.046e-05	4.022e-02	-3.062e-02
178868.50	-3.898e-05	1.526e-02	4.810e-02
178869.50	-7.219e-04	-6.835e-02	-2.515e-02
178870.50	-9.043e-04	-2.880e-02	-3.706e-02
178871.50	6.739e-04	-6.077e-02	7.123e-02
178872.50	1.363e-03	-1.190e-02	-3.226e-02
178873.50	1.594e-03	6.672e-02	3.283e-02
178874.50	2.266e-03	3.907e-02	4.704e-02
178875.50	1.709e-04	-1.622e-02	-4.349e-02
178876.50	1.363e-03	-4.118e-04	1.843e-02
178877.50	-5.002e-04	-9.187e-02	3.139e-02
178878.50	-7.411e-04	7.939e-02	1.210e-01
178879.50	1.891e-03	6.499e-02	6.346e-02
178880.50	-1.699e-03	-5.078e-02	-9.178e-03
178881.50	-5.962e-04	3.907e-02	3.264e-02
178882.50	-4.992e-04	-2.554e-02	-1.162e-02
178883.50	-3.274e-04	-4.714e-02	-1.027e-02
178884.50	-7.008e-03	5.251e-02	-7.958e-02
178885.50	-2.323e-03	-6.211e-03	-5.606e-02
178886.50	-2.160e-04	2.371e-02	1.680e-02
178887.50	-7.910e-04	2.822e-02	-3.130e-02
178888.50	3.552e-04	8.189e-02	-3.206e-02
178889.50	2.506e-03	2.438e-02	-1.507e-02
178890.50	-2.352e-03	1.229e-02	-5.904e-03
178891.50	-1.536e-04	-2.198e-02	5.270e-02
178892.50	-1.162e-03	9.696e-03	-6.595e-02
178893.50	-5.136e-04	-9.792e-03	-7.334e-02
178894.50	-1.334e-03	2.976e-02	-1.037e-02
178895.50	-1.968e-03	-7.421e-02	-2.093e-02
178896.50	-5.779e-04	6.394e-03	-3.725e-02
178897.50	2.621e-04	-1.632e-02	1.430e-03
178898.50	1.258e-03	-3.936e-02	1.901e-02
178899.50	6.451e-04	-3.254e-02	1.862e-02
178900.50	1.920e-02	-1.968e-02	1.306e-01
178901.50	1.594e-04	-7.334e-03	1.978e-02
178902.50	-4.848e-03	-8.659e-02	-3.245e-02
178903.50	-9.379e-04	-4.138e-02	-4.368e-03
178904.50	-7.238e-03	-5.434e-03	-2.083e-02
178905.50	-6.518e-03	6.346e-03	-1.699e-02
178906.50	7.517e-03	1.200e-02	1.555e-02
178907.50	-4.118e-03	-3.686e-03	6.106e-02
178908.50	5.395e-03	5.299e-03	1.114e-01
178909.50	1.613e-03	5.731e-02	-7.296e-03
178910.50	-2.150e-03	4.138e-02	-1.958e-02
178911.50	-2.083e-03	2.698e-02	-7.258e-02
178912.50	-8.832e-04	-8.880e-02	-1.200e-02
178913.50	1.190e-03	1.805e-04	-5.472e-03
178914.50	1.795e-03	4.234e-02	5.558e-03
178915.50	1.853e-04	-7.075e-02	3.610e-02
178916.50	-2.266e-03	8.563e-02	5.146e-02
178917.50	-2.918e-04	-2.592e-02	1.037e-02
178918.50	-1.373e-04	-8.640e-03	6.605e-02
178919.50	1.162e-03	6.634e-02	-2.938e-02
178920.50	2.458e-04	5.434e-02	-3.379e-02
178921.50	-5.770e-04	3.629e-03	-2.314e-02
178922.50	-3.370e-03	-4.771e-02	-5.990e-02
178923.50	1.210e-03	4.512e-02	1.450e-02
178924.50	-3.341e-05	-5.990e-02	1.430e-02
178925.50	6.720e-04	-2.381e-02	-6.307e-02
178926.50	1.862e-03	-1.824e-03	-4.435e-03
178927.50	-1.229e-03	-1.546e-02	-1.843e-02
178928.50	6.269e-04	-3.984e-02	1.411e-02
178929.50	-7.978e-04	-2.400e-03	-1.642e-03
178930.50	5.990e-04	-1.853e-02	-3.360e-02
178931.50	1.824e-03	3.840e-02	7.728e-02
178932.50	8.122e-04	-6.586e-03	2.986e-02
178933.50	2.410e-03	-1.104e-02	4.771e-02
178934.50	1.267e-03	1.046e-01	6.182e-03
178935.50	6.182e-04	4.810e-02	-8.419e-03
178936.50	6.826e-04	-3.034e-02	-8.650e-03
178937.50	-2.640e-03	-2.832e-02	-6.125e-02
178938.50	-3.878e-04	-8.957e-03	3.245e-02
178939.50	-4.915e-03	1.872e-02	1.949e-03
178940.50	-1.267e-03	2.227e-02	-4.790e-02
178941.50	1.632e-03	2.582e-02	5.837e-02
178942.50	-1.142e-03	1.498e-02	-1.181e-02
178943.50	-9.792e-04	4.819e-02	1.440e-02
178944.50	-1.613e-03	-2.102e-02	-4.541e-02
178945.50	2.102e-03	1.728e-02	6.019e-02
178946.50	2.851e-04	-2.429e-02	1.152e-02
178947.50	-9.053e-04	-3.024e-02	-1.306e-02
178948.50	-2.112e-03	1.565e-03	-3.446e-02
178949.50	-1.680e-03	2.285e-02	-7.430e-02
178950.50	7.622e-05	6.682e-02	2.496e-02
178951.50	-3.965e-04	4.253e-02	-5.491e-02
178952.50	1.238e-03	-2.246e-02	3.859e-02
178953.50	-8.237e-03	2.506e-02	1.613e-02
178954.50	-2.534e-03	-3.226e-02	6.394e-03
178955.50	-1.027e-03	1.210e-02	-1.930e-03
178956.50	-1.574e-04	-1.507e-03	1.997e-03
178957.50	-3.571e-03	-1.286e-02	-5.482e-02
178958.50	6.595e-03	-5.674e-02	-1.862e-02
