178360.50	0.000e+00	0.000e+00	0.000e+00
178361.50	0.000e+00	0.000e+00	0.000e+00
178362.50	0.000e+00	0.000e+00	0.000e+00
178363.50	0.000e+00	0.000e+00	0.000e+00
178364.50	0.000e+00	0.000e+00	0.000e+00
178365.50	0.000e+00	0.000e+00	0.000e+00
178366.50	0.000e+00	0.000e+00	0.000e+00
178367.50	0.000e+00	0.000e+00	0.000e+00
178368.50	0.000e+00	0.000e+00	0.000e+00
178369.50	0.000e+00	0.000e+00	0.000e+00
178370.50	0.000e+00	0.000e+00	0.000e+00
178371.50	0.000e+00	0.000e+00	0.000e+00
178372.50	0.000e+00	0.000e+00	0.000e+00
178373.50	0.000e+00	0.000e+00	0.000e+00
178374.50	0.000e+00	0.000e+00	0.000e+00
178375.50	0.000e+00	0.000e+00	0.000e+00
178376.50	0.000e+00	0.000e+00	0.000e+00
178377.50	0.000e+00	0.000e+00	0.000e+00
178378.50	0.000e+00	0.000e+00	0.000e+00
178379.50	0.000e+00	0.000e+00	0.000e+00
178380.50	0.000e+00	0.000e+00	0.000e+00
178381.50	0.000e+00	0.000e+00	0.000e+00
178382.50	0.000e+00	0.000e+00	0.000e+00
178383.50	0.000e+00	0.000e+00	0.000e+00
178384.50	0.000e+00	0.000e+00	0.000e+00
178385.50	0.000e+00	0.000e+00	0.000e+00
178386.50	0.000e+00	0.000e+00	0.000e+00
178387.50	0.000e+00	0.000e+00	0.000e+00
178388.50	0.000e+00	0.000e+00	0.000e+00
178389.50	0.000e+00	0.000e+00	0.000e+00
178390.50	0.000e+00	0.000e+00	0.000e+00
178391.50	0.000e+00	0.000e+00	0.000e+00
178392.50	0.000e+00	0.000e+00	0.000e+00
178393.50	0.000e+00	0.000e+00	0.000e+00
178394.50	0.000e+00	0.000e+00	0.000e+00
178395.50	0.000e+00	0.000e+00	0.000e+00
178396.50	0.000e+00	0.000e+00	0.000e+00
178397.50	0.000e+00	0.000e+00	0.000e+00
178398.50	0.000e+00	0.000e+00	0.000e+00
178399.50	0.000e+00	0.000e+00	0.000e+00
178400.50	0.000e+00	0.000e+00	0.000e+00
178401.50	0.000e+00	0.000e+00	0.000e+00
178402.50	0.000e+00	0.000e+00	0.000e+00
178403.50	0.000e+00	0.000e+00	0.000e+00
178404.50	0.000e+00	0.000e+00	0.000e+00
178405.50	0.000e+00	0.000e+00	0.000e+00
178406.50	0.000e+00	0.000e+00	0.000e+00
178407.50	0.000e+00	0.000e+00	0.000e+00
178408.50	0.000e+00	0.000e+00	0.000e+00
178409.50	0.000e+00	0.000e+00	0.000e+00
178410.50	0.000e+00	0.000e+00	0.000e+00
178411.50	0.000e+00	0.000e+00	0.000e+00
178412.50	0.000e+00	0.000e+00	0.000e+00
178413.50	0.000e+00	0.000e+00	0.000e+00
178414.50	0.000e+00	0.000e+00	0.000e+00
178415.50	0.000e+00	0.000e+00	0.000e+00
178416.50	0.000e+00	0.000e+00	0.000e+00
178417.50	0.000e+00	0.000e+00	0.000e+00
178418.50	0.000e+00	0.000e+00	0.000e+00
178419.50	0.000e+00	0.000e+00	0.000e+00
178420.50	0.000e+00	0.000e+00	0.000e+00
178421.50	0.000e+00	0.000e+00	0.000e+00
178422.50	0.000e+00	0.000e+00	0.000e+00
178423.50	0.000e+00	0.000e+00	0.000e+00
178424.50	0.000e+00	0.000e+00	0.000e+00
178425.50	0.000e+00	0.000e+00	0.000e+00
178426.50	0.000e+00	0.000e+00	0.000e+00
178427.50	0.000e+00	0.000e+00	0.000e+00
178428.50	0.000e+00	0.000e+00	0.000e+00
178429.50	0.000e+00	0.000e+00	0.000e+00
178430.50	0.000e+00	0.000e+00	0.000e+00
178431.50	0.000e+00	0.000e+00	0.000e+00
178432.50	0.000e+00	0.000e+00	0.000e+00
178433.50	0.000e+00	0.000e+00	0.000e+00
178434.50	0.000e+00	0.000e+00	0.000e+00
178435.50	0.000e+00	0.000e+00	0.000e+00
178436.50	0.000e+00	0.000e+00	0.000e+00
178437.50	0.000e+00	0.000e+00	0.000e+00
178438.50	0.000e+00	0.000e+00	0.000e+00
178439.50	0.000e+00	0.000e+00	0.000e+00
178440.50	0.000e+00	0.000e+00	0.000e+00
178441.50	0.000e+00	0.000e+00	0.000e+00
178442.50	0.000e+00	0.000e+00	0.000e+00
178443.50	0.000e+00	0.000e+00	0.000e+00
178444.50	0.000e+00	0.000e+00	0.000e+00
178445.50	0.000e+00	0.000e+00	0.000e+00
178446.50	0.000e+00	0.000e+00	0.000e+00
178447.50	0.000e+00	0.000e+00	0.000e+00
178448.50	0.000e+00	0.000e+00	0.000e+00
178449.50	0.000e+00	0.000e+00	0.000e+00
178450.50	0.000e+00	0.000e+00	0.000e+00
178451.50	0.000e+00	0.000e+00	0.000e+00
178452.50	0.000e+00	0.000e+00	0.000e+00
178453.50	0.000e+00	0.000e+00	0.000e+00
178454.50	0.000e+00	0.000e+00	0.000e+00
178455.50	0.000e+00	0.000e+00	0.000e+00
178456.50	0.000e+00	0.000e+00	0.000e+00
178457.50	0.000e+00	0.000e+00	0.000e+00
178458.50	0.000e+00	0.000e+00	0.000e+00
178459.50	0.000e+00	0.000e+00	0.000e+00
178460.50	0.000e+00	0.000e+00	0.000e+00
178461.50	0.000e+00	0.000e+00	0.000e+00
178462.50	0.000e+00	0.000e+00	0.000e+00
178463.50	0.000e+00	0.000e+00	0.000e+00
178464.50	0.000e+00	0.000e+00	0.000e+00
178465.50	0.000e+00	0.000e+00	0.000e+00
178466.50	0.000e+00	0.000e+00	0.000e+00
178467.50	0.000e+00	0.000e+00	0.000e+00
178468.50	0.000e+00	0.000e+00	0.000e+00
178469.50	0.000e+00	0.000e+00	0.000e+00
178470.50	0.000e+00	0.000e+00	0.000e+00
178471.50	0.000e+00	0.000e+00	0.000e+00
178472.50	0.000e+00	0.000e+00	0.000e+00
178473.50	0.000e+00	0.000e+00	0.000e+00
178474.50	0.000e+00	0.000e+00	0.000e+00
178475.50	0.000e+00	0.000e+00	0.000e+00
178476.50	0.000e+00	0.000e+00	0.000e+00
178477.50	0.000e+00	0.000e+00	0.000e+00
178478.50	0.000e+00	0.000e+00	0.000e+00
178479.50	0.000e+00	0.000e+00	0.000e+00
178480.50	0.000e+00	0.000e+00	0.000e+00
178481.50	0.000e+00	0.000e+00	0.000e+00
178482.50	0.000e+00	0.000e+00	0.000e+00
178483.50	0.000e+00	0.000e+00	0.000e+00
178484.50	0.000e+00	0.000e+00	0.000e+00
178485.50	0.000e+00	0.000e+00	0.000e+00
178486.50	0.000e+00	0.000e+00	0.000e+00
178487.50	0.000e+00	0.000e+00	0.000e+00
178488.50	0.000e+00	0.000e+00	0.000e+00
178489.50	0.000e+00	0.000e+00	0.000e+00
178490.50	0.000e+00	0.000e+00	0.000e+00
178491.50	0.000e+00	0.000e+00	0.000e+00
178492.50	0.000e+00	0.000e+00	0.000e+00
178493.50	0.000e+00	0.000e+00	0.000e+00
178494.50	-2.554e-06	-1.450e-04	9.792e-05
178495.50	-1.930e-05	-1.488e-03	-1.162e-05
178496.50	6.970e-05	-5.674e-04	-1.997e-03
178497.50	-4.157e-05	1.152e-03	1.133e-03
178498.50	7.277e-05	-8.554e-04	8.506e-04
178499.50	-8.381e-05	1.037e-03	-7.632e-04
178500.50	1.094e-05	-5.971e-04	1.594e-04
178501.50	1.872e-05	-7.517e-04	4.493e-04
178502.50	9.158e-05	-1.018e-02	-5.328e-03
178503.50	-3.322e-05	-3.053e-02	-2.189e-02
178504.50	-4.963e-04	5.184e-02	-4.493e-03
178505.50	3.072e-04	3.898e-04	2.266e-02
178506.50	4.022e-04	-1.949e-02	2.611e-02
178507.50	-5.645e-05	1.402e-03	-5.443e-03
178508.50	5.482e-05	-2.035e-03	4.608e-03
178509.50	-2.458e-05	5.165e-03	1.622e-03
178510.50	2.016e-06	-4.627e-03	3.552e-03
178511.50	5.837e-04	-3.485e-02	1.066e-02
178512.50	3.840e-04	1.699e-03	6.202e-03
178513.50	-5.270e-04	2.602e-02	-3.427e-02
178514.50	6.586e-04	-8.275e-02	-1.968e-02
178515.50	1.824e-02	-1.190e+00	3.072e-01
178516.50	3.427e-01	-2.448e+01	2.266e+00
178517.50	3.629e+00	-2.726e+02	1.987e+00
178518.50	7.891e+00	-6.000e+02	4.954e+01
178519.50	8.429e+00	-6.768e+02	5.539e+01
178520.50	1.478e+00	-1.286e+02	9.600e+00
178521.50	-2.150e+00	1.757e+02	-1.440e+01
178522.50	-2.045e+00	1.642e+02	-2.544e+01
178523.50	-1.459e+00	1.190e+02	-7.392e+00
178524.50	-1.363e+00	1.104e+02	-7.891e+00
178525.50	-1.162e+00	9.293e+01	-7.085e+00
178526.50	-9.792e-01	7.968e+01	-2.669e+00
178527.50	-9.254e-01	7.354e+01	-8.083e+00
178528.50	-8.525e-01	6.682e+01	-5.914e+00
178529.50	-7.622e-01	6.125e+01	1.066e+00
178530.50	-6.864e-01	5.242e+01	-6.144e+00
178531.50	-6.000e-01	4.598e+01	-5.750e+00
178532.50	-5.338e-01	4.282e+01	4.589e-01
178533.50	-5.376e-01	4.138e+01	-4.608e+00
178534.50	-5.021e-01	3.907e+01	-2.659e+00
178535.50	-4.397e-01	3.379e+01	-1.450e+00
178536.50	-3.926e-01	2.986e+01	-2.966e+00
178537.50	-3.763e-01	2.909e+01	-9.792e-01
178538.50	-3.302e-01	2.602e+01	6.240e-01
178539.50	-3.226e-01	2.410e+01	-4.166e+00
178540.50	-2.870e-01	2.218e+01	-4.022e-01
178541.50	-2.736e-01	2.150e+01	-1.286e+00
178542.50	-2.774e-01	2.093e+01	-3.082e-01
178543.50	-2.515e-01	2.006e+01	7.699e-01
178544.50	-2.150e-01	1.622e+01	-3.619e-01
178545.50	-2.083e-01	1.507e+01	-2.736e+00
178546.50	-2.112e-01	1.565e+01	-1.373e+00
178547.50	-1.776e-01	1.334e+01	-2.621e+00
178548.50	-1.507e-01	1.210e+01	1.306e-01
178549.50	-1.258e-01	1.219e+01	7.382e-01
178550.50	-1.430e-01	1.142e+01	-1.200e+00
178551.50	-1.373e-01	1.037e+01	-3.946e-01
178552.50	-1.210e-01	8.966e+00	1.104e-01
178553.50	-1.162e-01	8.707e+00	-1.920e-01
178554.50	-1.171e-01	9.264e+00	4.061e-01
178555.50	-1.469e-01	1.027e+01	-1.440e+00
178556.50	-1.008e-01	8.093e+00	8.582e-01
178557.50	-1.027e-01	7.814e+00	-1.210e+00
178558.50	-8.534e-02	6.749e+00	7.776e-01
178559.50	-8.525e-02	6.480e+00	2.688e-01
178560.50	-9.600e-02	6.864e+00	2.381e-01
178561.50	-9.014e-02	6.835e+00	2.784e-01
178562.50	-6.931e-02	5.194e+00	-6.221e-02
178563.50	-6.960e-02	5.434e+00	-1.718e-01
178564.50	-8.410e-02	6.384e+00	-2.218e-02
178565.50	-6.250e-02	5.069e+00	5.050e-01
178566.50	-4.656e-02	3.802e+00	-2.554e-02
178567.50	-7.805e-02	3.302e+00	-4.330e-01
178568.50	-6.557e-02	4.406e+00	-7.603e-01
178569.50	-6.163e-02	4.157e+00	2.870e-01
178570.50	-4.618e-02	3.514e+00	6.307e-01
178571.50	-5.942e-02	3.235e+00	-3.600e-02
178572.50	-5.674e-02	4.454e+00	-3.878e-01
178573.50	-1.075e-02	3.754e+00	-1.363e-01
178574.50	-3.878e-02	2.822e+00	-5.290e-01
178575.50	-5.530e-02	2.602e+00	-3.840e-01
178576.50	-4.426e-02	2.736e+00	-7.354e-02
178577.50	-9.888e-03	2.179e+00	-4.339e-02
178578.50	-3.427e-02	2.227e+00	5.885e-01
178579.50	-7.162e-02	3.312e+00	-1.622e-01
178580.50	-1.354e-02	1.910e+00	7.210e-01
178581.50	-3.158e-02	1.968e+00	-1.008e+00
178582.50	6.778e-02	2.515e+00	3.091e-01
178583.50	-4.762e-02	2.861e+00	2.237e-01
178584.50	-1.402e-01	1.814e+00	-3.638e-01
178585.50	-2.074e-02	6.643e-01	-1.046e+00
178586.50	-5.146e-02	2.218e+00	-1.469e-01
178587.50	-8.026e-02	1.661e+00	4.224e-02
178588.50	-5.117e-02	1.152e+00	-5.021e-01
178589.50	1.018e-01	1.987e+00	5.491e-01
178590.50	-2.640e-03	1.546e+00	-3.389e-02
178591.50	-1.776e-02	1.526e+00	5.664e-01
178592.50	-5.011e-03	1.277e+00	-3.888e-01
178593.50	-1.392e-04	9.696e-01	6.019e-01
178594.50	3.514e-03	1.123e+00	-4.368e-01
178595.50	7.027e-03	1.171e+00	-1.843e-01
178596.50	-9.331e-03	1.536e+00	-3.504e-01
178597.50	1.382e-02	8.150e-01	-1.334e-01
178598.50	-1.238e-02	1.027e+00	-2.304e-01
178599.50	4.330e-02	4.512e-01	5.635e-01
178600.50	1.488e-02	1.306e+00	1.046e-01
178601.50	-9.226e-02	1.267e+00	-6.624e-01
178602.50	-9.888e-03	-2.938e-02	2.851e-02
178603.50	-1.728e-02	1.181e+00	-1.046e-01
178604.50	-1.306e-02	1.114e+00	-1.219e-01
178605.50	-1.046e-02	4.291e-01	-6.307e-02
178606.50	9.408e-04	9.254e-01	1.162e-01
178607.50	-2.141e-03	3.955e-01	-1.344e-01
178608.50	-1.027e-02	8.218e-01	-1.546e-01
178609.50	-8.448e-03	6.691e-01	-2.544e-01
178610.50	-2.918e-02	1.306e+00	2.995e-01
178611.50	-3.504e-02	6.960e-01	3.456e-01
178612.50	-6.221e-03	6.768e-01	-2.218e-01
178613.50	-7.958e-03	5.270e-01	-8.314e-01
178614.50	1.478e-01	-1.891e-01	6.960e-01
178615.50	-2.755e-03	1.382e-01	4.406e-02
178616.50	-5.770e-02	2.506e-01	-1.094e-01
178617.50	-1.690e-02	3.859e-01	-5.808e-01
178618.50	-1.670e-02	4.310e-01	2.995e-01
178619.50	-1.142e-01	5.395e-01	-4.099e-01
178620.50	-4.435e-03	1.536e-01	-1.334e-01
178621.50	-1.171e-02	5.645e-01	-2.342e-02
178622.50	-6.154e-03	3.600e-01	-6.307e-01
178623.50	-6.902e-03	5.050e-01	4.522e-01
178624.50	-1.939e-03	5.779e-02	4.013e-02
178625.50	-5.693e-03	4.176e-01	4.157e-01
178626.50	-5.395e-03	6.038e-01	-7.603e-02
178627.50	-7.661e-03	6.086e-01	1.680e-01
178628.50	-6.931e-04	1.382e-01	7.046e-02
178629.50	-5.194e-03	5.376e-01	-5.770e-02
178630.50	-4.896e-03	1.344e-01	-1.718e-01
178631.50	-9.533e-03	4.358e-01	-9.514e-02
178632.50	-1.565e-03	1.843e-01	4.714e-01
178633.50	9.274e-04	-1.968e-02	-1.066e-01
178634.50	-5.040e-03	3.110e-01	2.112e-01
178635.50	-5.712e-03	3.379e-01	-5.069e-01
178636.50	-3.830e-03	2.477e-01	-1.363e-02
178637.50	-4.224e-03	2.054e-01	-2.333e-03
178638.50	-3.466e-03	4.272e-02	-2.842e-01
178639.50	-5.030e-03	3.446e-01	1.805e-01
178640.50	-9.792e-03	3.034e-01	-1.584e-01
178641.50	-4.627e-03	1.997e-01	7.709e-02
178642.50	1.018e-03	-1.018e-01	1.296e-02
178643.50	1.680e-03	-5.501e-03	2.736e-01
178644.50	1.133e-03	5.520e-03	2.074e-01
178645.50	-1.248e-02	4.925e-01	-1.296e-01
178646.50	-8.544e-03	3.245e-01	-8.275e-02
178647.50	1.555e-03	-4.406e-02	3.811e-02
178648.50	-6.893e-03	4.858e-01	-2.947e-01
178649.50	-4.829e-03	2.746e-01	-7.766e-02
178650.50	4.147e-03	-7.075e-02	-3.821e-02
178651.50	-9.341e-03	4.195e-01	1.392e-01
178652.50	1.200e-03	6.595e-02	1.536e-01
178653.50	-3.043e-03	1.622e-01	-3.187e-01
178654.50	1.661e-03	3.898e-03	4.627e-02
178655.50	-2.102e-03	1.430e-01	-3.024e-01
178656.50	-1.094e-03	-4.061e-02	2.102e-01
178657.50	9.696e-03	4.762e-02	-6.499e-02
178658.50	5.261e-03	1.402e-01	1.210e-01
178659.50	2.448e-03	1.738e-02	5.174e-02
178660.50	-6.442e-02	-2.083e-03	3.053e-02
178661.50	-1.766e-02	7.085e-03	-5.328e-03
178662.50	1.171e-03	2.208e-01	-2.371e-01
178663.50	-5.837e-03	-1.536e-02	1.939e-02
178664.50	-5.971e-03	1.603e-02	6.154e-02
178665.50	-5.760e-03	1.181e-01	3.101e-02
178666.50	-3.024e-03	9.696e-02	2.170e-01
178667.50	2.141e-03	1.104e-01	-1.402e-01
178668.50	-2.045e-03	1.488e-01	-1.248e-03
178669.50	-2.582e-03	1.642e-01	1.075e-01
178670.50	-3.350e-03	7.094e-02	8.266e-02
178671.50	1.037e-02	-4.474e-02	1.526e-01
178672.50	-9.178e-04	-6.979e-02	1.555e-01
178673.50	-7.018e-03	9.561e-02	-3.725e-01
178674.50	-6.979e-03	3.187e-01	-2.246e-01
178675.50	-2.323e-03	9.350e-02	-9.514e-02
178676.50	7.219e-04	1.757e-01	2.112e-02
178677.50	-1.824e-03	2.074e-01	8.189e-02
178678.50	1.642e-03	-7.123e-02	-1.421e-01
178679.50	-1.325e-03	-7.757e-03	-2.093e-01
178680.50	-3.072e-03	1.421e-01	-8.170e-02
178681.50	-2.438e-03	2.266e-01	-3.878e-02
178682.50	-2.006e-03	3.696e-02	1.757e-01
178683.50	-2.995e-03	7.670e-02	-6.144e-02
178684.50	-2.573e-03	1.795e-01	2.131e-01
178685.50	2.198e-04	4.800e-02	1.219e-01
178686.50	-4.522e-03	2.160e-01	-1.536e-01
178687.50	-1.594e-01	-5.558e-01	-2.410e-01
178688.50	1.526e-01	6.134e-01	3.101e-01
178689.50	4.800e-03	-1.229e-01	-4.493e-02
178690.50	1.430e-03	6.528e-02	-2.957e-02
178691.50	7.891e-07	-5.002e-02	-3.773e-02
178692.50	-7.162e-05	1.613e-01	1.114e-01
178693.50	-1.939e-03	1.440e-01	-1.162e-01
178694.50	-2.890e-04	6.163e-03	-9.984e-03
178695.50	8.899e-04	2.198e-02	2.256e-01
178696.50	1.104e-04	-4.637e-02	1.296e-01
178697.50	-1.238e-03	2.189e-02	1.123e-01
178698.50	-3.552e-03	1.718e-01	-7.632e-02
178699.50	-7.085e-04	7.018e-02	2.717e-02
178700.50	-1.824e-03	1.142e-01	-9.600e-02
178701.50	-1.795e-03	7.450e-02	9.888e-02
178702.50	-1.546e-03	-1.555e-01	1.094e-01
178703.50	-1.459e-03	7.450e-02	4.925e-02
178704.50	1.766e-03	-9.984e-02	4.166e-02
178705.50	-6.278e-04	1.123e-01	-3.206e-02
178706.50	-4.694e-03	2.726e-01	-1.229e-01
178707.50	2.083e-03	6.730e-03	-1.325e-01
178708.50	-4.176e-03	2.179e-01	-6.019e-02
178709.50	8.314e-04	5.405e-02	2.198e-02
178710.50	-1.546e-03	9.888e-02	6.010e-02
178711.50	-2.026e-03	-6.490e-02	-9.792e-02
178712.50	2.208e-03	-1.056e-01	1.200e-01
178713.50	-1.018e-03	4.416e-02	1.306e-01
178714.50	-4.051e-05	-9.888e-02	8.506e-02
178715.50	-2.064e-03	4.723e-02	-1.670e-01
178716.50	-3.091e-03	1.027e-01	4.310e-02
178717.50	-3.850e-04	7.882e-02	2.218e-01
178718.50	9.274e-04	-3.235e-03	-2.909e-02
178719.50	-3.398e-03	7.987e-02	-3.782e-02
178720.50	1.066e-04	-5.338e-02	-9.984e-03
178721.50	-2.506e-03	1.373e-01	-1.670e-01
178722.50	5.616e-04	4.829e-02	6.221e-02
178723.50	-1.085e-03	-4.666e-02	-1.402e-01
178724.50	-5.856e-04	-9.379e-02	-1.382e-01
178725.50	-1.882e-03	1.594e-01	6.250e-02
178726.50	-2.621e-04	2.669e-02	2.458e-02
178727.50	1.776e-03	1.498e-02	1.517e-01
178728.50	1.891e-03	-8.016e-02	1.786e-02
178729.50	6.749e-03	6.019e-02	-2.131e-03
178730.50	-6.941e-04	8.861e-02	-1.392e-02
178731.50	-3.139e-04	5.242e-02	6.029e-02
178732.50	-3.350e-03	8.150e-02	-8.813e-03
178733.50	-1.392e-03	7.123e-03	-5.741e-02
178734.50	1.027e-03	-3.898e-02	-5.318e-02
178735.50	5.904e-04	1.603e-02	1.613e-01
178736.50	1.651e-03	-3.734e-02	3.197e-02
178737.50	-2.141e-03	4.694e-02	5.002e-02
178738.50	1.939e-03	9.984e-02	-2.074e-01
178739.50	9.130e-05	-1.056e-01	-6.576e-02
178740.50	-5.587e-04	-2.006e-02	1.152e-01
178741.50	1.018e-03	-1.622e-02	-7.238e-03
178742.50	4.646e-05	1.411e-01	3.341e-02
178743.50	5.578e-04	1.402e-02	-1.104e-01
178744.50	-1.987e-03	1.325e-01	-9.370e-02
178745.50	9.293e-04	-1.123e-01	4.858e-02
178746.50	3.446e-03	-2.938e-02	2.477e-01
178747.50	2.650e-03	8.294e-03	3.840e-02
178748.50	-4.426e-03	1.632e-02	-1.440e-01
178749.50	2.755e-03	-1.872e-01	6.499e-02
178750.50	-1.325e-03	4.915e-02	7.162e-02
178751.50	-2.554e-03	4.358e-02	-1.392e-01
178752.50	1.075e-03	4.896e-02	-8.170e-02
178753.50	2.477e-04	-1.085e-01	-1.478e-02
178754.50	-1.882e-03	-6.432e-04	-2.774e-02
178755.50	-1.296e-03	-1.651e-02	-8.813e-02
178756.50	-2.054e-04	2.266e-02	6.547e-02
178757.50	-2.573e-03	1.037e-01	-4.426e-02
178758.50	-7.162e-04	-5.462e-02	-9.350e-02
178759.50	7.882e-04	-1.690e-02	1.766e-02
178760.50	-1.066e-03	-7.622e-02	1.747e-01
178761.50	3.226e-03	-4.070e-02	9.053e-02
178762.50	2.765e-03	4.224e-02	-2.774e-02
178763.50	2.813e-03	-3.504e-02	-5.069e-02
178764.50	-4.147e-03	1.190e-01	-1.219e-01
178765.50	9.139e-04	4.291e-02	-1.027e-01
178766.50	5.261e-04	6.317e-03	1.709e-01
178767.50	-2.861e-03	5.424e-02	-5.933e-02
178768.50	-6.403e-05	-1.142e-01	-8.294e-02
178769.50	-5.472e-04	1.450e-01	9.542e-02
178770.50	-1.872e-03	1.267e-01	2.563e-02
178771.50	1.402e-03	4.051e-02	-1.555e-02
178772.50	7.939e-04	-7.344e-02	-6.854e-03
178773.50	1.680e-03	-1.085e-01	3.984e-02
178774.50	1.027e-03	-6.730e-02	8.064e-02
178775.50	-8.976e-04	-5.501e-02	1.104e-01
178776.50	2.160e-03	-3.542e-02	4.656e-02
178777.50	8.870e-04	-8.544e-02	-7.536e-02
178778.50	-1.690e-03	1.872e-02	-6.826e-02
178779.50	-1.440e-03	1.152e-01	-1.238e-01
178780.50	-1.978e-03	5.741e-02	-1.690e-02
178781.50	1.066e-03	2.563e-02	5.942e-02
178782.50	1.104e-03	4.253e-02	-2.074e-02
178783.50	1.632e-04	-1.661e-02	-9.494e-02
178784.50	1.507e-03	4.051e-02	6.106e-02
178785.50	4.493e-06	9.082e-03	1.258e-01
178786.50	-2.102e-03	1.123e-01	-7.738e-02
178787.50	9.888e-04	4.464e-02	1.229e-01
178788.50	-6.634e-04	5.510e-02	1.248e-02
178789.50	-1.478e-03	1.162e-01	2.592e-02
178790.50	8.986e-06	-3.466e-02	-1.238e-01
178791.50	-1.411e-03	6.029e-03	-3.139e-02
178792.50	2.995e-03	-1.546e-02	-1.133e-02
178793.50	9.043e-04	-4.915e-02	-9.581e-02
178794.50	2.314e-03	-6.250e-02	3.965e-02
178795.50	-9.792e-04	3.331e-02	-9.274e-03
178796.50	1.862e-03	1.018e-01	7.690e-02
178797.50	-8.381e-04	2.880e-02	-7.968e-03
178798.50	-4.742e-03	-2.938e-02	4.963e-03
178799.50	-5.866e-03	-9.370e-02	-2.544e-02
178800.50	1.286e-03	4.848e-02	-7.421e-02
178801.50	-3.264e-03	1.718e-01	-1.104e-01
178802.50	3.677e-04	-5.443e-03	4.253e-03
178803.50	5.818e-04	-5.520e-02	1.632e-01
178804.50	-1.267e-04	5.030e-02	7.997e-02
178805.50	8.880e-04	3.619e-02	-4.483e-02
178806.50	1.699e-03	-4.426e-02	-1.421e-01
178807.50	-3.053e-04	-5.328e-02	3.581e-02
178808.50	-7.795e-04	4.282e-02	7.872e-02
178809.50	-7.402e-04	4.694e-02	1.622e-02
178810.50	-9.322e-04	-3.610e-02	5.664e-03
178811.50	1.642e-03	-1.949e-02	1.891e-02
178812.50	2.592e-05	7.363e-02	-3.264e-03
178813.50	2.218e-04	1.238e-01	-6.422e-02
178814.50	-3.734e-03	1.296e-02	-1.344e-01
178815.50	-1.670e-04	-9.696e-02	-7.862e-02
178816.50	2.352e-03	-6.202e-02	3.389e-02
178817.50	1.517e-03	1.382e-02	6.538e-02
178818.50	-8.602e-04	-2.390e-02	-9.561e-02
178819.50	-1.094e-03	8.304e-03	-1.046e-01
178820.50	-1.229e-04	-6.979e-02	1.037e-01
178821.50	3.600e-04	-2.669e-02	9.456e-02
178822.50	3.226e-03	-8.054e-02	-3.293e-02
178823.50	3.466e-03	-5.578e-02	-2.246e-02
178824.50	-1.469e-03	3.946e-02	4.666e-02
178825.50	-4.454e-04	1.517e-02	2.976e-03
178826.50	3.754e-03	-7.488e-02	5.251e-02
178827.50	-4.454e-03	6.528e-02	-5.606e-02
178828.50	-3.494e-03	1.402e-02	-6.240e-02
178829.50	-1.430e-03	2.995e-02	8.246e-02
178830.50	-1.565e-03	-6.000e-02	6.269e-03
178831.50	8.093e-04	-3.408e-02	-2.659e-02
178832.50	3.437e-04	5.174e-02	2.621e-02
178833.50	3.600e-03	6.566e-02	7.488e-02
178834.50	-5.126e-03	1.334e-02	1.853e-02
178835.50	-1.296e-03	-6.288e-03	-3.082e-02
178836.50	-2.832e-03	3.005e-04	-8.755e-02
178837.50	-8.995e-05	4.829e-02	-9.571e-03
178838.50	3.494e-04	6.096e-02	-1.258e-02
178839.50	-9.600e-04	-1.267e-01	-2.851e-02
178840.50	-1.574e-05	3.014e-02	8.822e-03
178841.50	-3.648e-03	2.736e-02	-2.189e-02
178842.50	-1.075e-03	1.248e-01	-4.944e-02
178843.50	-9.600e-04	1.258e-02	8.486e-03
178844.50	8.851e-04	-5.635e-02	8.602e-02
178845.50	3.446e-03	-1.104e-01	5.981e-02
178846.50	-9.984e-04	-3.187e-02	-2.304e-02
178847.50	-2.045e-03	1.526e-02	1.402e-02
178848.50	-2.640e-04	6.595e-02	7.469e-02
178849.50	2.544e-04	4.906e-02	1.229e-02
178850.50	-5.011e-04	-4.742e-02	-2.957e-02
178851.50	-6.893e-04	-1.430e-02	-5.885e-02
178852.50	8.285e-04	-3.974e-02	6.096e-02
178853.50	1.344e-03	7.517e-03	3.571e-02
178854.50	2.218e-03	-1.190e-02	-2.630e-03
178855.50	-1.661e-04	-2.189e-03	-5.184e-02
178856.50	9.792e-04	-2.774e-02	-9.446e-03
178857.50	-8.006e-04	2.237e-02	-4.944e-02
178858.50	-2.160e-04	8.083e-02	-1.421e-01
178859.50	-1.930e-03	1.363e-01	-5.558e-02
178860.50	-2.342e-03	2.237e-02	7.392e-02
178861.50	-3.014e-03	7.795e-02	-1.104e-02
178862.50	-1.536e-03	4.003e-02	3.149e-02
178863.50	4.512e-04	-1.075e-02	4.579e-02
178864.50	8.458e-04	-5.107e-02	7.536e-03
178865.50	1.296e-03	-8.179e-02	-3.514e-02
178866.50	-1.862e-03	-3.571e-02	-6.643e-02
178867.50	4.138e-04	-3.840e-02	4.445e-03
178868.50	8.477e-04	-1.814e-02	9.197e-02
178869.50	-8.755e-04	6.413e-03	-1.190e-02
178870.50	-7.402e-04	-1.920e-04	-3.293e-02
178871.50	-3.629e-04	1.133e-02	-2.045e-02
178872.50	1.584e-03	-7.862e-02	1.536e-03
178873.50	9.082e-04	2.765e-02	4.915e-02
178874.50	-7.363e-04	4.176e-02	2.362e-02
178875.50	1.987e-04	6.221e-02	3.293e-02
178876.50	1.766e-04	-6.499e-02	2.342e-02
178877.50	-1.402e-03	2.842e-02	2.266e-02
178878.50	-1.882e-03	2.861e-02	3.226e-02
178879.50	-1.258e-04	-1.699e-02	-7.776e-02
178880.50	2.419e-03	-2.285e-02	1.882e-02
178881.50	-9.984e-04	2.342e-02	-5.203e-02
178882.50	-1.498e-03	8.851e-02	-4.262e-02
178883.50	-6.691e-04	1.296e-02	-5.290e-03
178884.50	-1.008e-03	-6.077e-02	1.229e-02
178885.50	8.880e-04	-1.939e-02	-2.486e-02
178886.50	2.669e-03	-6.077e-02	9.408e-02
178887.50	5.942e-04	-7.075e-03	3.418e-04
178888.50	1.814e-03	-3.178e-02	3.773e-02
178889.50	1.805e-03	5.376e-03	-8.976e-02
178890.50	-1.872e-04	2.026e-02	-6.422e-02
178891.50	5.923e-04	-3.677e-02	-5.597e-02
178892.50	5.414e-05	-7.344e-02	1.027e-02
178893.50	6.202e-04	-3.600e-02	1.229e-02
178894.50	1.238e-03	-1.354e-02	-1.632e-02
178895.50	1.862e-03	2.054e-02	-2.909e-03
178896.50	-3.302e-03	7.354e-02	2.650e-02
178897.50	4.138e-03	4.330e-02	-5.194e-02
178898.50	-2.400e-03	5.942e-02	9.888e-03
178899.50	-1.661e-03	-5.232e-02	-2.870e-02
178900.50	4.867e-04	-4.982e-02	1.277e-01
178901.50	-7.872e-04	3.994e-02	1.267e-01
178902.50	-1.114e-03	7.094e-02	4.598e-02
178903.50	-1.632e-03	-6.816e-03	-3.581e-02
178904.50	4.243e-03	7.488e-03	-7.229e-03
178905.50	8.822e-04	-4.666e-02	3.782e-03
178906.50	-3.984e-03	4.838e-02	-3.408e-02
178907.50	-2.746e-04	1.738e-02	7.306e-03
178908.50	6.278e-03	2.611e-02	1.123e-01
178909.50	-5.827e-05	1.536e-01	-1.094e-02
178910.50	-1.757e-02	8.851e-02	-1.229e-01
178911.50	-9.888e-03	-6.278e-02	-1.142e-01
178912.50	2.208e-02	-1.459e-01	9.792e-02
178913.50	9.792e-04	-4.474e-02	-6.797e-02
178914.50	1.987e-03	-2.141e-02	-8.918e-03
178915.50	-2.688e-03	5.203e-03	-2.304e-02
178916.50	4.349e-03	-5.174e-02	7.402e-02
178917.50	1.728e-04	8.966e-03	-4.330e-02
178918.50	-2.755e-03	5.981e-02	7.757e-02
178919.50	-6.144e-03	5.827e-02	-8.458e-02
178920.50	-1.286e-03	-1.565e-02	1.997e-02
178921.50	-2.995e-04	-1.805e-02	-1.430e-02
178922.50	-8.179e-04	2.170e-02	2.717e-02
178923.50	-8.976e-05	2.525e-02	-4.627e-02
178924.50	5.165e-04	-3.216e-03	3.504e-02
178925.50	4.090e-04	-6.211e-02	-1.248e-02
178926.50	3.638e-03	1.930e-04	1.565e-02
178927.50	3.187e-04	-5.347e-02	5.107e-02
178928.50	5.942e-04	-7.469e-03	-1.210e-02
178929.50	-1.123e-03	4.205e-02	-4.666e-02
178930.50	-2.765e-03	6.816e-02	-3.408e-02
178931.50	-1.882e-03	5.597e-03	-4.906e-05
178932.50	5.347e-04	1.363e-03	1.882e-02
178933.50	2.112e-03	-2.698e-02	3.264e-03
178934.50	1.229e-03	3.360e-02	-3.178e-03
178935.50	-1.882e-03	4.080e-02	-2.554e-02
178936.50	2.400e-03	-6.758e-02	1.738e-02
178937.50	-1.853e-04	-4.522e-02	-6.989e-03
178938.50	-9.696e-05	1.104e-01	5.731e-02
178939.50	2.198e-03	-2.371e-02	4.426e-02
178940.50	-1.142e-03	8.640e-03	2.093e-02
178941.50	-9.264e-04	5.472e-03	1.219e-02
178942.50	3.475e-04	-3.869e-02	-4.243e-02
178943.50	4.435e-04	1.190e-02	4.195e-02
178944.50	3.754e-04	-1.574e-02	2.659e-02
178945.50	1.344e-04	2.227e-03	-1.430e-02
178946.50	-2.131e-04	2.534e-02	2.410e-02
178947.50	-1.325e-03	7.930e-02	2.438e-02
178948.50	2.285e-03	3.120e-02	3.254e-02
178949.50	3.034e-03	-7.565e-02	2.966e-02
178950.50	-7.219e-04	-2.832e-02	-5.155e-02
178951.50	1.690e-03	-2.678e-02	1.699e-02
178952.50	-4.493e-04	1.901e-02	-3.907e-04
178953.50	-1.171e-03	1.354e-02	-3.149e-02
178954.50	9.696e-03	-6.749e-02	-3.206e-02
178955.50	7.757e-03	-3.581e-02	1.219e-02
178956.50	1.210e-03	6.096e-03	-4.819e-02
178957.50	-4.800e-03	2.630e-02	-3.744e-02
178958.50	1.094e-03	-4.867e-02	1.536e-02
