178360.50	0.000e+00	0.000e+00	0.000e+00
178361.50	0.000e+00	0.000e+00	0.000e+00
178362.50	0.000e+00	0.000e+00	0.000e+00
178363.50	0.000e+00	0.000e+00	0.000e+00
178364.50	0.000e+00	0.000e+00	0.000e+00
178365.50	0.000e+00	0.000e+00	0.000e+00
178366.50	0.000e+00	0.000e+00	0.000e+00
178367.50	0.000e+00	0.000e+00	0.000e+00
178368.50	0.000e+00	0.000e+00	0.000e+00
178369.50	0.000e+00	0.000e+00	0.000e+00
178370.50	0.000e+00	0.000e+00	0.000e+00
178371.50	0.000e+00	0.000e+00	0.000e+00
178372.50	0.000e+00	0.000e+00	0.000e+00
178373.50	0.000e+00	0.000e+00	0.000e+00
178374.50	0.000e+00	0.000e+00	0.000e+00
178375.50	0.000e+00	0.000e+00	0.000e+00
178376.50	0.000e+00	0.000e+00	0.000e+00
178377.50	0.000e+00	0.000e+00	0.000e+00
178378.50	0.000e+00	0.000e+00	0.000e+00
178379.50	0.000e+00	0.000e+00	0.000e+00
178380.50	0.000e+00	0.000e+00	0.000e+00
178381.50	0.000e+00	0.000e+00	0.000e+00
178382.50	0.000e+00	0.000e+00	0.000e+00
178383.50	0.000e+00	0.000e+00	0.000e+00
178384.50	0.000e+00	0.000e+00	0.000e+00
178385.50	0.000e+00	0.000e+00	0.000e+00
178386.50	0.000e+00	0.000e+00	0.000e+00
178387.50	0.000e+00	0.000e+00	0.000e+00
178388.50	0.000e+00	0.000e+00	0.000e+00
178389.50	0.000e+00	0.000e+00	0.000e+00
178390.50	0.000e+00	0.000e+00	0.000e+00
178391.50	0.000e+00	0.000e+00	0.000e+00
178392.50	0.000e+00	0.000e+00	0.000e+00
178393.50	0.000e+00	0.000e+00	0.000e+00
178394.50	0.000e+00	0.000e+00	0.000e+00
178395.50	0.000e+00	0.000e+00	0.000e+00
178396.50	0.000e+00	0.000e+00	0.000e+00
178397.50	0.000e+00	0.000e+00	0.000e+00
178398.50	0.000e+00	0.000e+00	0.000e+00
178399.50	0.000e+00	0.000e+00	0.000e+00
178400.50	0.000e+00	0.000e+00	0.000e+00
178401.50	0.000e+00	0.000e+00	0.000e+00
178402.50	0.000e+00	0.000e+00	0.000e+00
178403.50	0.000e+00	0.000e+00	0.000e+00
178404.50	0.000e+00	0.000e+00	0.000e+00
178405.50	0.000e+00	0.000e+00	0.000e+00
178406.50	0.000e+00	0.000e+00	0.000e+00
178407.50	0.000e+00	0.000e+00	0.000e+00
178408.50	0.000e+00	0.000e+00	0.000e+00
178409.50	0.000e+00	0.000e+00	0.000e+00
178410.50	0.000e+00	0.000e+00	0.000e+00
178411.50	0.000e+00	0.000e+00	0.000e+00
178412.50	0.000e+00	0.000e+00	0.000e+00
178413.50	0.000e+00	0.000e+00	0.000e+00
178414.50	0.000e+00	0.000e+00	0.000e+00
178415.50	0.000e+00	0.000e+00	0.000e+00
178416.50	0.000e+00	0.000e+00	0.000e+00
178417.50	0.000e+00	0.000e+00	0.000e+00
178418.50	0.000e+00	0.000e+00	0.000e+00
178419.50	0.000e+00	0.000e+00	0.000e+00
178420.50	0.000e+00	0.000e+00	0.000e+00
178421.50	0.000e+00	0.000e+00	0.000e+00
178422.50	0.000e+00	0.000e+00	0.000e+00
178423.50	0.000e+00	0.000e+00	0.000e+00
178424.50	0.000e+00	0.000e+00	0.000e+00
178425.50	0.000e+00	0.000e+00	0.000e+00
178426.50	0.000e+00	0.000e+00	0.000e+00
178427.50	0.000e+00	0.000e+00	0.000e+00
178428.50	0.000e+00	0.000e+00	0.000e+00
178429.50	0.000e+00	0.000e+00	0.000e+00
178430.50	0.000e+00	0.000e+00	0.000e+00
178431.50	0.000e+00	0.000e+00	0.000e+00
178432.50	0.000e+00	0.000e+00	0.000e+00
178433.50	0.000e+00	0.000e+00	0.000e+00
178434.50	0.000e+00	0.000e+00	0.000e+00
178435.50	0.000e+00	0.000e+00	0.000e+00
178436.50	0.000e+00	0.000e+00	0.000e+00
178437.50	0.000e+00	0.000e+00	0.000e+00
178438.50	0.000e+00	0.000e+00	0.000e+00
178439.50	0.000e+00	0.000e+00	0.000e+00
178440.50	0.000e+00	0.000e+00	0.000e+00
178441.50	0.000e+00	0.000e+00	0.000e+00
178442.50	0.000e+00	0.000e+00	0.000e+00
178443.50	0.000e+00	0.000e+00	0.000e+00
178444.50	0.000e+00	0.000e+00	0.000e+00
178445.50	0.000e+00	0.000e+00	0.000e+00
178446.50	0.000e+00	0.000e+00	0.000e+00
178447.50	0.000e+00	0.000e+00	0.000e+00
178448.50	0.000e+00	0.000e+00	0.000e+00
178449.50	0.000e+00	0.000e+00	0.000e+00
178450.50	0.000e+00	0.000e+00	0.000e+00
178451.50	0.000e+00	0.000e+00	0.000e+00
178452.50	0.000e+00	0.000e+00	0.000e+00
178453.50	0.000e+00	0.000e+00	0.000e+00
178454.50	0.000e+00	0.000e+00	0.000e+00
178455.50	0.000e+00	0.000e+00	0.000e+00
178456.50	0.000e+00	0.000e+00	0.000e+00
178457.50	0.000e+00	0.000e+00	0.000e+00
178458.50	0.000e+00	0.000e+00	0.000e+00
178459.50	0.000e+00	0.000e+00	0.000e+00
178460.50	0.000e+00	0.000e+00	0.000e+00
178461.50	0.000e+00	0.000e+00	0.000e+00
178462.50	0.000e+00	0.000e+00	0.000e+00
178463.50	0.000e+00	0.000e+00	0.000e+00
178464.50	0.000e+00	0.000e+00	0.000e+00
178465.50	0.000e+00	0.000e+00	0.000e+00
178466.50	0.000e+00	0.000e+00	0.000e+00
178467.50	0.000e+00	0.000e+00	0.000e+00
178468.50	0.000e+00	0.000e+00	0.000e+00
178469.50	0.000e+00	0.000e+00	0.000e+00
178470.50	0.000e+00	0.000e+00	0.000e+00
178471.50	0.000e+00	0.000e+00	0.000e+00
178472.50	0.000e+00	0.000e+00	0.000e+00
178473.50	0.000e+00	0.000e+00	0.000e+00
178474.50	0.000e+00	0.000e+00	0.000e+00
178475.50	0.000e+00	0.000e+00	0.000e+00
178476.50	0.000e+00	0.000e+00	0.000e+00
178477.50	0.000e+00	0.000e+00	0.000e+00
178478.50	0.000e+00	0.000e+00	0.000e+00
178479.50	0.000e+00	0.000e+00	0.000e+00
178480.50	0.000e+00	0.000e+00	0.000e+00
178481.50	0.000e+00	0.000e+00	0.000e+00
178482.50	0.000e+00	0.000e+00	0.000e+00
178483.50	0.000e+00	0.000e+00	0.000e+00
178484.50	0.000e+00	0.000e+00	0.000e+00
178485.50	0.000e+00	0.000e+00	0.000e+00
178486.50	0.000e+00	0.000e+00	0.000e+00
178487.50	0.000e+00	0.000e+00	0.000e+00
178488.50	0.000e+00	0.000e+00	0.000e+00
178489.50	0.000e+00	0.000e+00	0.000e+00
178490.50	0.000e+00	0.000e+00	0.000e+00
178491.50	0.000e+00	0.000e+00	0.000e+00
178492.50	0.000e+00	0.000e+00	0.000e+00
178493.50	0.000e+00	0.000e+00	0.000e+00
178494.50	0.000e+00	0.000e+00	0.000e+00
178495.50	0.000e+00	0.000e+00	0.000e+00
178496.50	0.000e+00	0.000e+00	0.000e+00
178497.50	0.000e+00	0.000e+00	0.000e+00
178498.50	0.000e+00	0.000e+00	0.000e+00
178499.50	-2.957e-06	4.042e-05	1.018e-04
178500.50	-1.651e-05	1.142e-03	3.130e-04
178501.50	3.734e-05	-2.794e-03	-1.363e-03
178502.50	-4.781e-05	-8.880e-04	2.064e-03
178503.50	1.613e-06	-8.016e-04	2.285e-04
178504.50	3.283e-06	3.619e-04	-1.834e-05
178505.50	-8.323e-05	1.901e-03	1.085e-03
178506.50	-1.949e-05	7.488e-04	5.818e-04
178507.50	7.459e-05	4.003e-04	-1.555e-03
178508.50	3.773e-05	-1.392e-03	-1.920e-04
178509.50	6.192e-05	-1.229e-03	-1.373e-03
178510.50	-2.266e-04	-4.685e-03	-8.314e-04
178511.50	3.658e-05	2.458e-03	1.613e-03
178512.50	6.259e-05	4.358e-04	-2.054e-03
178513.50	-1.450e-04	4.982e-03	6.355e-03
178514.50	9.590e-04	-7.344e-03	-3.370e-02
178515.50	2.630e-03	-5.203e-02	-4.762e-02
178516.50	-2.218e-03	7.277e-03	7.776e-02
178517.50	-2.266e-03	1.114e-02	7.066e-02
178518.50	5.443e-04	1.766e-02	-3.638e-02
178519.50	3.389e-03	-1.498e-02	-1.027e-01
178520.50	4.214e-03	-5.856e-02	-1.210e-01
178521.50	2.074e-02	-1.190e+00	-1.363e-01
178522.50	1.709e-01	-1.142e+01	1.104e-01
178523.50	3.514e+00	-2.429e+02	6.106e+00
178524.50	1.939e+01	-1.229e+03	-5.722e+01
178525.50	6.845e+00	-3.667e+02	-7.766e+01
178526.50	-3.590e+00	2.458e+02	8.918e+00
178527.50	-3.024e+00	1.680e+02	2.918e+01
178528.50	-2.026e+00	1.248e+02	1.190e+01
178529.50	-1.728e+00	1.142e+02	4.944e+00
178530.50	-1.690e+00	9.696e+01	1.334e+01
178531.50	-1.296e+00	8.669e+01	1.853e+00
178532.50	-1.373e+00	7.853e+01	1.037e+01
178533.50	-1.181e+00	7.488e+01	4.243e+00
178534.50	-8.899e-01	6.058e+01	4.848e-01
178535.50	-7.546e-01	5.357e+01	-8.582e-01
178536.50	-7.392e-01	5.405e+01	-1.526e+00
178537.50	-5.923e-01	4.531e+01	-3.610e+00
178538.50	-6.998e-01	4.176e+01	3.821e+00
178539.50	-6.576e-01	4.445e+01	2.707e-01
178540.50	-7.123e-01	3.686e+01	7.114e+00
178541.50	-5.107e-01	3.178e+01	2.170e+00
178542.50	-4.762e-01	2.688e+01	3.178e+00
178543.50	-4.560e-01	2.486e+01	3.120e+00
178544.50	-4.608e-01	2.726e+01	2.208e+00
178545.50	-4.810e-01	2.630e+01	3.744e+00
178546.50	-3.408e-01	2.237e+01	5.386e-01
178547.50	-2.640e-01	2.122e+01	-2.323e+00
178548.50	-3.197e-01	1.891e+01	1.574e+00
178549.50	-2.736e-01	1.958e+01	-6.912e-01
178550.50	-2.746e-01	1.498e+01	1.930e+00
178551.50	-2.976e-01	1.680e+01	1.699e+00
178552.50	-2.784e-01	1.402e+01	2.899e+00
178553.50	-2.266e-01	1.382e+01	9.590e-01
178554.50	-1.565e-01	1.248e+01	-1.344e+00
178555.50	-1.824e-01	1.248e+01	-1.642e-01
178556.50	-2.227e-01	1.277e+01	1.267e+00
178557.50	-1.123e-01	9.696e+00	-1.286e+00
178558.50	-1.699e-01	9.581e+00	1.171e+00
178559.50	-1.958e-01	1.075e+01	1.354e+00
178560.50	-1.162e-01	7.814e+00	-2.947e-02
178561.50	-1.238e-01	7.891e+00	4.080e-01
178562.50	-1.747e-01	8.294e+00	1.843e+00
178563.50	-1.632e-01	7.450e+00	1.968e+00
178564.50	-1.248e-01	7.354e+00	5.501e-01
178565.50	-9.110e-02	5.414e+00	2.621e-01
178566.50	-1.344e-01	5.866e+00	1.824e+00
178567.50	-9.187e-02	6.662e+00	-4.339e-01
178568.50	-9.571e-02	5.472e+00	4.272e-01
178569.50	-1.142e-01	5.059e+00	1.469e+00
178570.50	-6.413e-02	4.742e+00	-2.016e-01
178571.50	-1.037e-01	5.549e+00	5.683e-01
178572.50	-7.363e-02	5.386e+00	-3.149e-01
178573.50	-7.066e-02	4.339e+00	-1.949e-02
178574.50	-7.190e-02	3.389e+00	8.813e-01
178575.50	-7.574e-02	4.637e+00	2.112e-01
178576.50	-6.048e-02	2.890e+00	5.434e-01
178577.50	-7.018e-02	3.658e+00	4.618e-01
178578.50	-3.523e-02	2.218e+00	7.373e-02
178579.50	-4.877e-02	3.130e+00	5.184e-02
178580.50	-5.606e-02	3.235e+00	1.939e-01
178581.50	-4.752e-02	3.149e+00	-1.968e-01
178582.50	-6.854e-02	3.907e+00	1.546e-01
178583.50	-2.870e-02	1.920e+00	1.229e-01
178584.50	-3.878e-02	2.659e+00	9.446e-03
178585.50	-4.522e-02	2.544e+00	2.054e-01
178586.50	-6.077e-02	2.554e+00	8.765e-01
178587.50	-3.005e-02	1.642e+00	2.160e-01
178588.50	-3.581e-02	2.410e+00	-2.208e-01
178589.50	-6.125e-02	2.650e+00	7.363e-01
178590.50	-3.216e-02	1.718e+00	1.498e-01
178591.50	-2.448e-02	1.219e+00	1.574e-01
178592.50	-3.187e-02	1.757e+00	1.603e-01
178593.50	-3.197e-02	2.045e+00	-4.157e-02
178594.50	-1.642e-02	1.277e+00	-1.795e-02
178595.50	-2.554e-02	1.709e+00	-1.181e-01
178596.50	-1.795e-02	8.957e-01	2.592e-01
178597.50	-1.603e-02	1.219e+00	-1.920e-01
178598.50	-2.909e-02	1.229e+00	4.829e-01
178599.50	-2.755e-02	1.402e+00	1.718e-02
178600.50	-1.219e-02	1.046e+00	-2.208e-01
178601.50	-6.326e-03	9.600e-01	-3.946e-01
178602.50	-2.438e-02	1.133e+00	2.506e-01
178603.50	-3.178e-02	8.621e-01	7.133e-01
178604.50	-2.083e-02	6.470e-01	3.552e-01
178605.50	-2.314e-02	1.085e+00	3.062e-01
178606.50	-2.083e-02	1.459e+00	9.053e-02
178607.50	-2.122e-02	1.661e+00	-2.189e-01
178608.50	-2.035e-02	6.144e-01	3.446e-01
178609.50	-2.458e-04	7.008e-01	-5.002e-01
178610.50	-2.602e-03	4.675e-01	-1.094e-01
178611.50	-1.882e-02	1.027e+00	1.555e-01
178612.50	1.037e-02	1.920e-01	-5.510e-01
178613.50	-1.469e-02	6.278e-01	2.294e-01
178614.50	-2.573e-02	1.181e+00	2.755e-01
178615.50	-8.678e-04	7.027e-01	-4.646e-01
178616.50	-1.075e-02	4.176e-01	1.613e-01
178617.50	-1.747e-02	4.310e-01	3.898e-01
178618.50	-1.584e-02	6.211e-01	5.942e-02
178619.50	4.800e-03	4.694e-02	-3.005e-01
178620.50	-9.072e-03	7.786e-01	-5.750e-02
178621.50	-1.603e-02	6.067e-01	3.254e-01
178622.50	-1.344e-02	4.186e-01	6.058e-02
178623.50	-1.613e-02	7.978e-01	-2.093e-01
178624.50	1.507e-04	3.946e-01	-1.670e-01
178625.50	-1.344e-02	4.166e-01	2.621e-01
178626.50	6.451e-03	2.093e-01	-3.139e-01
178627.50	-3.014e-03	3.005e-01	6.518e-02
178628.50	4.522e-03	3.360e-02	-1.238e-01
178629.50	-1.651e-02	2.986e-01	3.840e-01
178630.50	-1.718e-02	3.792e-01	4.042e-01
178631.50	-1.757e-02	2.611e-01	5.760e-01
178632.50	-1.517e-03	8.659e-01	-3.898e-01
178633.50	-1.824e-02	6.442e-01	1.757e-01
178634.50	2.054e-02	-1.805e-01	-5.126e-01
178635.50	1.536e-05	-2.064e-01	4.080e-02
178636.50	-1.171e-02	7.699e-02	3.197e-01
178637.50	-2.390e-03	5.021e-01	-3.043e-01
178638.50	-1.018e-02	6.499e-01	1.027e-02
178639.50	-1.008e-02	3.302e-01	2.448e-01
178640.50	-1.162e-02	7.382e-01	-2.698e-02
178641.50	-2.419e-03	2.986e-01	-6.451e-02
178642.50	-1.114e-02	2.803e-01	2.323e-01
178643.50	9.043e-04	2.026e-02	-1.277e-01
178644.50	5.837e-04	4.176e-02	-1.152e-01
178645.50	-1.344e-02	1.555e-01	4.003e-01
178646.50	-7.085e-03	3.302e-01	2.822e-02
178647.50	1.027e-03	-1.450e-01	-7.306e-02
178648.50	1.872e-05	1.373e-01	-9.696e-02
178649.50	-1.747e-03	1.824e-01	1.613e-02
178650.50	-6.682e-03	5.875e-01	-5.952e-02
178651.50	-2.112e-03	1.258e-01	-2.746e-02
178652.50	-2.102e-03	4.022e-01	-1.882e-01
178653.50	-8.784e-03	1.661e-01	3.034e-01
178654.50	-1.027e-02	1.094e-01	3.216e-01
178655.50	3.312e-03	3.120e-01	-1.171e-01
178656.50	-6.806e-03	2.861e-01	-3.350e-03
178657.50	1.411e-03	3.907e-01	-2.045e-01
178658.50	-1.133e-02	9.466e-02	4.589e-01
178659.50	4.234e-03	-2.736e-02	-5.808e-02
178660.50	6.067e-04	2.582e-01	-2.899e-01
178661.50	2.554e-03	-1.469e-01	3.197e-02
178662.50	6.096e-03	-2.573e-02	-2.582e-01
178663.50	-3.734e-03	5.510e-02	4.358e-02
178664.50	-1.507e-02	1.920e-01	1.469e-01
178665.50	4.877e-03	4.944e-02	2.611e-01
178666.50	-1.680e-03	7.910e-02	3.427e-02
178667.50	4.320e-03	-2.304e-02	-1.229e-01
178668.50	6.691e-06	1.459e-01	-2.352e-01
178669.50	-1.536e-03	4.291e-02	3.658e-02
178670.50	-1.776e-03	2.314e-01	-6.010e-03
178671.50	-1.190e-02	2.650e-01	2.832e-01
178672.50	-9.533e-03	2.842e-01	1.843e-02
178673.50	-1.536e-04	-1.661e-01	-1.344e-01
178674.50	-1.373e-03	4.829e-02	1.133e-02
178675.50	-4.541e-03	1.440e-01	1.171e-01
178676.50	-4.301e-03	2.218e-01	1.277e-01
178677.50	-8.861e-03	2.131e-01	5.549e-02
178678.50	-2.995e-03	2.208e-01	7.997e-02
178679.50	1.334e-02	-3.514e-02	-3.888e-02
178680.50	-1.123e-02	-2.870e-01	8.966e-02
178681.50	-8.947e-03	1.622e-01	1.440e-01
178682.50	-1.133e-02	3.283e-02	2.918e-01
178683.50	-1.325e-03	5.606e-02	1.037e-01
178684.50	-3.053e-03	1.565e-02	4.934e-03
178685.50	-4.810e-04	1.853e-01	-8.659e-02
178686.50	7.776e-03	9.523e-02	-1.037e-01
178687.50	3.418e-03	1.968e-01	-8.496e-02
178688.50	1.162e-02	-4.301e-02	2.112e-02
178689.50	6.211e-03	2.112e-01	-1.248e-01
178690.50	9.888e-05	1.536e-01	-8.736e-02
178691.50	-2.131e-03	-4.666e-03	4.128e-02
178692.50	-6.826e-03	1.373e-01	6.077e-02
178693.50	1.104e-03	2.035e-02	-1.162e-01
178694.50	4.080e-03	1.757e-02	1.565e-01
178695.50	-1.075e-02	1.814e-01	-8.554e-02
178696.50	6.797e-03	9.398e-02	-1.949e-01
178697.50	-9.158e-04	7.910e-02	-6.298e-02
178698.50	6.586e-03	-6.883e-02	-1.210e-01
178699.50	-3.542e-03	1.507e-01	1.200e-01
178700.50	8.150e-05	-5.798e-02	4.435e-02
178701.50	6.326e-03	1.219e-01	1.277e-01
178702.50	6.029e-03	1.920e-01	-7.075e-02
178703.50	-2.371e-02	7.498e-02	1.430e-01
178704.50	1.229e-03	1.075e-01	-7.066e-02
178705.50	-3.283e-03	6.970e-02	-3.120e-02
178706.50	-3.053e-03	1.862e-01	5.866e-02
178707.50	-1.421e-03	3.562e-02	-4.579e-02
178708.50	3.245e-03	-5.741e-02	-6.384e-02
178709.50	5.866e-03	3.062e-01	-1.123e-01
178710.50	4.426e-04	8.141e-03	1.392e-01
178711.50	-1.258e-02	-1.152e-01	2.054e-01
178712.50	-1.507e-03	-1.430e-01	1.219e-01
178713.50	-3.840e-03	-8.602e-02	1.286e-01
178714.50	-4.061e-04	-4.992e-02	-2.938e-02
178715.50	-1.277e-02	-1.603e-01	3.302e-01
178716.50	-7.430e-03	1.920e-01	2.410e-01
178717.50	3.456e-03	8.966e-02	-3.005e-02
178718.50	7.478e-02	5.923e-01	-1.939e-01
178719.50	-3.984e-02	-1.603e-01	-6.941e-02
178720.50	8.006e-03	-2.256e-01	-1.718e-01
178721.50	3.130e-03	5.866e-02	-1.334e-01
178722.50	-1.354e-02	-9.696e-03	4.310e-01
178723.50	-2.640e-03	8.602e-02	-5.597e-02
178724.50	6.115e-03	-4.800e-02	-7.814e-02
178725.50	-6.528e-03	2.112e-01	-6.480e-02
178726.50	-1.776e-03	6.758e-02	-8.669e-02
178727.50	1.037e-02	-1.805e-01	-1.325e-01
178728.50	2.746e-03	-7.766e-02	-1.075e-01
178729.50	-1.814e-02	1.949e-02	5.904e-02
178730.50	-3.120e-02	-1.162e-01	1.152e-01
178731.50	9.014e-04	-5.933e-02	4.147e-02
178732.50	1.354e-04	5.318e-02	7.219e-02
178733.50	-9.216e-03	1.104e-01	2.160e-01
178734.50	1.574e-03	6.499e-02	-6.010e-02
178735.50	4.598e-03	7.805e-02	-9.984e-02
178736.50	1.094e-03	-1.507e-01	-2.765e-02
178737.50	-5.990e-03	3.754e-02	5.702e-02
178738.50	-6.384e-04	-8.515e-02	1.718e-02
178739.50	6.374e-04	-1.853e-02	-1.344e-02
178740.50	2.218e-03	1.238e-01	-1.632e-01
178741.50	-3.946e-03	9.245e-02	1.066e-01
178742.50	-8.611e-04	-5.366e-02	7.315e-02
178743.50	1.133e-03	-6.490e-03	4.339e-03
178744.50	1.738e-04	-9.082e-02	5.942e-03
178745.50	-2.045e-03	-4.618e-02	-4.426e-03
178746.50	2.803e-03	-2.870e-02	-1.123e-01
178747.50	-1.872e-03	-1.699e-02	1.162e-01
178748.50	1.622e-03	1.555e-01	-9.600e-02
178749.50	-1.594e-02	2.362e-01	1.814e-01
178750.50	-8.131e-04	3.629e-02	1.056e-01
178751.50	-2.275e-04	1.325e-01	-7.642e-02
178752.50	-2.496e-03	1.392e-01	-6.221e-02
178753.50	6.739e-03	-2.390e-01	-3.446e-02
178754.50	-1.018e-03	-1.142e-01	7.114e-02
178755.50	-3.254e-03	1.517e-01	-5.222e-02
178756.50	-5.050e-03	1.459e-01	-2.707e-02
178757.50	-5.405e-04	-6.557e-02	6.730e-02
178758.50	4.349e-04	8.467e-02	-1.978e-02
178759.50	1.104e-03	-1.354e-02	9.312e-02
178760.50	1.670e-03	-1.008e-01	1.661e-02
178761.50	1.046e-03	4.723e-02	-3.907e-02
178762.50	-4.502e-03	8.400e-02	4.848e-02
178763.50	1.018e-03	-1.853e-02	7.776e-02
178764.50	-2.688e-02	5.578e-02	1.152e-01
178765.50	-5.069e-03	-3.350e-02	-1.008e-01
178766.50	5.194e-03	-5.491e-02	-1.258e-01
178767.50	4.176e-03	4.099e-02	3.168e-02
178768.50	-6.758e-03	1.200e-01	1.066e-01
178769.50	1.018e-03	1.690e-02	-1.027e-01
178770.50	1.910e-03	-5.136e-03	-4.550e-02
178771.50	-1.526e-03	-4.090e-02	-4.435e-02
178772.50	6.163e-04	3.811e-02	-3.974e-02
178773.50	1.891e-03	-5.136e-02	-7.075e-02
178774.50	-2.515e-03	1.910e-02	-9.139e-03
178775.50	-6.067e-03	1.968e-01	3.754e-02
178776.50	4.330e-03	-1.018e-01	-2.458e-02
178777.50	-3.072e-03	8.122e-02	1.046e-01
178778.50	-1.133e-03	9.696e-02	8.842e-03
178779.50	1.603e-03	1.142e-01	-1.334e-01
178780.50	1.133e-03	2.333e-02	2.947e-02
178781.50	-1.651e-03	-3.725e-02	8.554e-02
178782.50	2.803e-03	-1.306e-01	-1.814e-02
178783.50	-4.397e-03	1.210e-01	7.795e-02
178784.50	-5.222e-03	-5.107e-02	-9.072e-02
178785.50	-4.512e-03	8.045e-02	5.750e-02
178786.50	1.363e-03	-8.102e-03	1.440e-02
178787.50	-2.314e-03	-8.170e-02	1.190e-01
178788.50	3.485e-03	-1.181e-01	-2.102e-02
178789.50	-5.539e-05	1.603e-01	1.488e-02
178790.50	-2.122e-03	-3.014e-02	7.018e-02
178791.50	4.272e-04	-1.200e-03	-5.568e-02
178792.50	2.842e-03	-5.712e-02	-6.643e-02
178793.50	-2.189e-03	7.622e-03	3.370e-02
178794.50	-7.709e-03	2.995e-02	2.141e-02
178795.50	2.400e-03	-7.238e-02	-5.933e-02
178796.50	1.709e-03	-6.547e-02	-4.618e-02
178797.50	-3.245e-03	1.286e-02	4.166e-02
178798.50	-2.160e-03	4.925e-02	5.318e-02
178799.50	3.581e-03	1.930e-02	-1.776e-01
178800.50	-2.563e-03	4.992e-02	-6.941e-02
178801.50	-2.275e-03	3.293e-02	8.746e-02
178802.50	-1.085e-03	5.798e-02	2.602e-02
178803.50	-6.106e-03	4.042e-02	6.461e-03
178804.50	1.795e-03	-1.824e-02	5.011e-03
178805.50	-1.766e-03	3.062e-02	2.995e-02
178806.50	1.757e-03	1.526e-02	9.984e-02
178807.50	5.933e-04	-3.072e-03	-7.325e-02
178808.50	3.178e-03	-3.130e-02	4.704e-03
178809.50	-4.560e-04	-5.683e-02	1.344e-01
178810.50	-9.696e-04	-9.984e-02	-7.594e-02
178811.50	-5.971e-04	-2.256e-02	4.301e-02
178812.50	-5.434e-03	6.758e-03	2.035e-02
178813.50	-4.157e-03	7.190e-02	8.525e-02
178814.50	4.253e-04	4.234e-02	-2.707e-02
178815.50	1.210e-03	2.016e-02	-3.859e-02
178816.50	-5.837e-03	1.152e-01	6.144e-02
178817.50	6.432e-03	5.021e-02	-1.066e-01
178818.50	9.523e-03	3.130e-02	-1.574e-01
178819.50	4.445e-03	-4.378e-02	-4.128e-02
178820.50	5.914e-03	-2.592e-01	-2.736e-02
178821.50	-3.955e-03	1.066e-02	7.853e-02
178822.50	-1.258e-03	1.421e-03	-1.661e-02
178823.50	1.718e-03	4.445e-02	-7.843e-02
178824.50	8.285e-04	4.493e-02	-5.453e-02
178825.50	-2.842e-03	3.917e-02	8.400e-02
178826.50	4.090e-03	-1.171e-01	5.309e-02
178827.50	7.738e-03	-6.806e-02	-2.275e-03
178828.50	-1.978e-03	9.322e-02	2.582e-02
178829.50	2.765e-03	-6.960e-02	-3.130e-02
178830.50	-9.514e-04	3.840e-02	1.488e-02
178831.50	1.478e-03	2.554e-03	4.925e-02
178832.50	-1.334e-03	-1.709e-02	-1.584e-02
178833.50	-1.987e-04	5.357e-02	-4.934e-02
178834.50	-7.968e-04	-5.040e-02	-4.752e-02
178835.50	5.616e-03	-9.149e-02	-1.430e-01
178836.50	-3.034e-03	1.133e-01	2.621e-02
178837.50	1.421e-02	-9.888e-02	6.653e-02
178838.50	4.685e-03	6.077e-02	4.310e-03
178839.50	-6.106e-03	-6.134e-02	7.325e-02
178840.50	-1.373e-03	-9.149e-03	1.411e-02
178841.50	1.421e-03	-5.242e-02	2.362e-02
178842.50	-3.226e-03	-3.139e-03	7.210e-02
178843.50	-3.811e-03	-2.659e-02	8.208e-02
178844.50	8.765e-03	-3.005e-02	-7.766e-02
178845.50	-3.859e-04	2.554e-04	2.093e-02
178846.50	-4.781e-03	3.331e-02	3.504e-02
178847.50	1.939e-02	-7.450e-02	-8.083e-02
178848.50	-2.410e-03	-1.642e-02	-3.005e-02
178849.50	-6.595e-03	5.539e-02	1.037e-01
178850.50	2.794e-03	-7.555e-02	-8.390e-03
178851.50	-1.286e-03	5.290e-02	-5.664e-02
178852.50	-2.640e-03	6.221e-02	4.608e-02
178853.50	-1.738e-03	2.074e-02	-3.878e-03
178854.50	-1.498e-03	-4.003e-02	-5.674e-02
178855.50	3.782e-03	-2.304e-02	-1.824e-01
178856.50	-9.888e-04	-8.083e-03	7.507e-02
178857.50	1.574e-03	5.606e-02	4.176e-02
178858.50	-3.763e-03	3.744e-02	3.034e-02
178859.50	-1.574e-03	-5.952e-02	3.686e-02
178860.50	1.200e-03	-3.830e-02	-7.258e-02
178861.50	-1.814e-04	2.947e-02	4.512e-02
178862.50	1.306e-04	5.318e-02	8.285e-02
178863.50	1.997e-02	-6.538e-02	-4.013e-02
178864.50	2.294e-03	1.786e-02	-8.314e-02
178865.50	1.642e-03	1.555e-02	-2.534e-02
178866.50	-1.853e-04	5.952e-02	-7.008e-02
178867.50	4.349e-04	-2.803e-03	-4.934e-02
178868.50	-2.640e-03	-5.107e-02	-2.208e-02
178869.50	-1.584e-03	2.246e-02	1.882e-02
178870.50	-3.562e-03	1.853e-02	4.435e-02
178871.50	3.370e-04	7.690e-03	1.613e-02
178872.50	-1.430e-03	4.282e-02	1.133e-02
178873.50	-2.602e-03	9.370e-03	2.966e-02
178874.50	1.632e-03	-6.979e-03	-2.669e-02
178875.50	3.485e-04	-3.389e-02	6.826e-02
178876.50	-1.382e-03	-1.834e-02	4.752e-02
178877.50	-1.315e-03	2.304e-02	1.392e-02
178878.50	1.526e-02	2.918e-02	-1.440e-02
178879.50	7.718e-03	-1.286e-01	-3.926e-02
178880.50	3.763e-03	3.446e-02	-4.358e-02
178881.50	-3.869e-03	2.112e-02	7.891e-02
178882.50	-2.640e-03	3.274e-02	5.798e-02
178883.50	-7.373e-03	4.253e-02	2.947e-02
178884.50	-7.229e-03	2.918e-02	-5.357e-02
178885.50	3.725e-04	3.178e-02	-5.414e-02
178886.50	4.493e-03	-5.962e-02	-1.037e-01
178887.50	4.118e-03	-1.776e-02	-3.648e-02
178888.50	-3.130e-04	-8.323e-02	-3.590e-02
178889.50	-2.016e-02	1.181e-01	-3.878e-02
178890.50	1.862e-02	-1.526e-02	-1.104e-02
178891.50	1.594e-01	-2.323e-01	-8.208e-02
178892.50	-7.373e-04	5.242e-02	-3.312e-03
178893.50	2.045e-03	3.331e-02	-3.542e-02
178894.50	1.219e-03	-3.754e-02	2.304e-03
178895.50	-3.763e-04	-9.437e-03	-6.058e-03
178896.50	-1.190e-02	4.915e-02	-1.046e-02
178897.50	-2.054e-02	7.027e-03	-1.555e-02
178898.50	-2.496e-03	3.725e-02	2.333e-02
178899.50	-4.723e-04	-4.829e-02	2.650e-02
178900.50	1.219e-04	6.979e-03	3.427e-02
178901.50	2.266e-03	1.344e-02	-3.830e-02
178902.50	-5.434e-04	-2.707e-04	7.718e-03
178903.50	1.939e-03	5.530e-02	-2.602e-02
178904.50	-2.602e-03	5.434e-02	4.704e-02
178905.50	-1.728e-04	6.134e-02	-8.899e-03
178906.50	3.485e-03	9.254e-03	-5.261e-02
178907.50	-4.406e-04	1.766e-02	5.770e-02
178908.50	1.574e-03	-5.616e-02	-3.014e-02
178909.50	-2.275e-02	7.142e-02	-6.422e-03
178910.50	-1.757e-02	-6.922e-02	2.774e-02
178911.50	-9.984e-04	-2.832e-02	4.493e-03
178912.50	-2.640e-04	3.408e-02	6.106e-03
178913.50	-2.160e-03	6.278e-02	1.757e-02
178914.50	5.059e-03	-8.496e-02	9.322e-03
178915.50	-1.488e-03	3.542e-02	1.267e-02
178916.50	-2.947e-03	6.010e-02	3.283e-02
178917.50	-6.134e-04	3.638e-02	6.058e-03
178918.50	1.402e-03	1.085e-02	-5.722e-02
178919.50	-2.909e-04	-2.189e-02	-3.571e-03
178920.50	-5.837e-03	3.398e-03	-4.454e-02
178921.50	-6.854e-03	-2.410e-03	6.643e-02
178922.50	-7.930e-03	-3.302e-03	1.200e-01
178923.50	2.880e-03	3.840e-02	-5.952e-03
178924.50	1.277e-03	-1.344e-02	-9.130e-03
178925.50	-3.418e-03	-2.717e-02	8.102e-02
178926.50	-2.938e-03	-4.925e-02	6.019e-02
178927.50	2.390e-03	-3.706e-02	-6.106e-02
178928.50	-1.949e-02	-1.642e-02	-6.653e-02
178929.50	-1.210e-02	4.608e-02	9.542e-03
178930.50	-1.507e-03	3.955e-02	9.984e-03
178931.50	-3.331e-03	4.272e-02	2.102e-02
178932.50	3.552e-03	-3.696e-02	-3.293e-02
178933.50	1.008e-03	-3.840e-02	-2.189e-02
178934.50	-6.970e-04	3.158e-02	-9.696e-03
178935.50	7.661e-03	1.085e-02	-8.813e-02
178936.50	3.322e-03	-2.390e-02	1.862e-02
178937.50	1.171e-03	5.971e-03	-3.706e-02
178938.50	1.814e-03	-7.920e-02	3.158e-02
178939.50	-2.419e-03	-3.437e-02	1.133e-01
178940.50	-4.810e-03	6.125e-03	1.776e-02
178941.50	-8.880e-05	-4.013e-02	-4.099e-02
178942.50	-2.736e-03	8.237e-02	-5.962e-02
178943.50	-7.200e-04	6.038e-02	-1.517e-02
178944.50	4.877e-03	-2.669e-02	5.213e-02
178945.50	-2.035e-04	-2.650e-02	6.854e-02
178946.50	-1.949e-02	1.862e-02	2.314e-02
178947.50	-5.376e-02	7.507e-02	1.200e-01
178948.50	-2.803e-03	2.554e-02	-3.418e-02
178949.50	-1.987e-04	6.586e-02	-1.008e-02
178950.50	2.189e-03	-4.733e-02	2.688e-02
178951.50	-3.245e-03	8.813e-02	1.094e-02
178952.50	3.264e-03	8.563e-03	-8.419e-02
178953.50	2.458e-04	1.354e-02	-4.944e-02
178954.50	8.755e-04	1.430e-02	-1.267e-02
178955.50	5.472e-04	-6.816e-02	1.498e-02
178956.50	-1.018e-03	1.450e-03	9.696e-03
178957.50	-3.226e-03	3.437e-02	9.494e-02
178958.50	-2.150e-03	-6.115e-03	7.670e-02
