178360.50	0.000e+00	0.000e+00	0.000e+00
178361.50	0.000e+00	0.000e+00	0.000e+00
178362.50	0.000e+00	0.000e+00	0.000e+00
178363.50	0.000e+00	0.000e+00	0.000e+00
178364.50	0.000e+00	0.000e+00	0.000e+00
178365.50	0.000e+00	0.000e+00	0.000e+00
178366.50	0.000e+00	0.000e+00	0.000e+00
178367.50	0.000e+00	0.000e+00	0.000e+00
178368.50	0.000e+00	0.000e+00	0.000e+00
178369.50	0.000e+00	0.000e+00	0.000e+00
178370.50	0.000e+00	0.000e+00	0.000e+00
178371.50	0.000e+00	0.000e+00	0.000e+00
178372.50	0.000e+00	0.000e+00	0.000e+00
178373.50	0.000e+00	0.000e+00	0.000e+00
178374.50	0.000e+00	0.000e+00	0.000e+00
178375.50	0.000e+00	0.000e+00	0.000e+00
178376.50	0.000e+00	0.000e+00	0.000e+00
178377.50	0.000e+00	0.000e+00	0.000e+00
178378.50	0.000e+00	0.000e+00	0.000e+00
178379.50	0.000e+00	0.000e+00	0.000e+00
178380.50	0.000e+00	0.000e+00	0.000e+00
178381.50	0.000e+00	0.000e+00	0.000e+00
178382.50	0.000e+00	0.000e+00	0.000e+00
178383.50	0.000e+00	0.000e+00	0.000e+00
178384.50	0.000e+00	0.000e+00	0.000e+00
178385.50	0.000e+00	0.000e+00	0.000e+00
178386.50	0.000e+00	0.000e+00	0.000e+00
178387.50	0.000e+00	0.000e+00	0.000e+00
178388.50	0.000e+00	0.000e+00	0.000e+00
178389.50	0.000e+00	0.000e+00	0.000e+00
178390.50	0.000e+00	0.000e+00	0.000e+00
178391.50	0.000e+00	0.000e+00	0.000e+00
178392.50	0.000e+00	0.000e+00	0.000e+00
178393.50	0.000e+00	0.000e+00	0.000e+00
178394.50	0.000e+00	0.000e+00	0.000e+00
178395.50	0.000e+00	0.000e+00	0.000e+00
178396.50	0.000e+00	0.000e+00	0.000e+00
178397.50	0.000e+00	0.000e+00	0.000e+00
178398.50	0.000e+00	0.000e+00	0.000e+00
178399.50	0.000e+00	0.000e+00	0.000e+00
178400.50	0.000e+00	0.000e+00	0.000e+00
178401.50	0.000e+00	0.000e+00	0.000e+00
178402.50	0.000e+00	0.000e+00	0.000e+00
178403.50	0.000e+00	0.000e+00	0.000e+00
178404.50	0.000e+00	0.000e+00	0.000e+00
178405.50	0.000e+00	0.000e+00	0.000e+00
178406.50	0.000e+00	0.000e+00	0.000e+00
178407.50	0.000e+00	0.000e+00	0.000e+00
178408.50	0.000e+00	0.000e+00	0.000e+00
178409.50	0.000e+00	0.000e+00	0.000e+00
178410.50	0.000e+00	0.000e+00	0.000e+00
178411.50	0.000e+00	0.000e+00	0.000e+00
178412.50	0.000e+00	0.000e+00	0.000e+00
178413.50	0.000e+00	0.000e+00	0.000e+00
178414.50	0.000e+00	0.000e+00	0.000e+00
178415.50	0.000e+00	0.000e+00	0.000e+00
178416.50	0.000e+00	0.000e+00	0.000e+00
178417.50	0.000e+00	0.000e+00	0.000e+00
178418.50	0.000e+00	0.000e+00	0.000e+00
178419.50	0.000e+00	0.000e+00	0.000e+00
178420.50	0.000e+00	0.000e+00	0.000e+00
178421.50	0.000e+00	0.000e+00	0.000e+00
178422.50	0.000e+00	0.000e+00	0.000e+00
178423.50	0.000e+00	0.000e+00	0.000e+00
178424.50	0.000e+00	0.000e+00	0.000e+00
178425.50	0.000e+00	0.000e+00	0.000e+00
178426.50	0.000e+00	0.000e+00	0.000e+00
178427.50	0.000e+00	0.000e+00	0.000e+00
178428.50	0.000e+00	0.000e+00	0.000e+00
178429.50	0.000e+00	0.000e+00	0.000e+00
178430.50	0.000e+00	0.000e+00	0.000e+00
178431.50	0.000e+00	0.000e+00	0.000e+00
178432.50	0.000e+00	0.000e+00	0.000e+00
178433.50	0.000e+00	0.000e+00	0.000e+00
178434.50	0.000e+00	0.000e+00	0.000e+00
178435.50	0.000e+00	0.000e+00	0.000e+00
178436.50	0.000e+00	0.000e+00	0.000e+00
178437.50	0.000e+00	0.000e+00	0.000e+00
178438.50	0.000e+00	0.000e+00	0.000e+00
178439.50	0.000e+00	0.000e+00	0.000e+00
178440.50	0.000e+00	0.000e+00	0.000e+00
178441.50	0.000e+00	0.000e+00	0.000e+00
178442.50	0.000e+00	0.000e+00	0.000e+00
178443.50	0.000e+00	0.000e+00	0.000e+00
178444.50	0.000e+00	0.000e+00	0.000e+00
178445.50	0.000e+00	0.000e+00	0.000e+00
178446.50	0.000e+00	0.000e+00	0.000e+00
178447.50	0.000e+00	0.000e+00	0.000e+00
178448.50	0.000e+00	0.000e+00	0.000e+00
178449.50	0.000e+00	0.000e+00	0.000e+00
178450.50	0.000e+00	0.000e+00	0.000e+00
178451.50	0.000e+00	0.000e+00	0.000e+00
178452.50	0.000e+00	0.000e+00	0.000e+00
178453.50	0.000e+00	0.000e+00	0.000e+00
178454.50	0.000e+00	0.000e+00	0.000e+00
178455.50	0.000e+00	0.000e+00	0.000e+00
178456.50	0.000e+00	0.000e+00	0.000e+00
178457.50	0.000e+00	0.000e+00	0.000e+00
178458.50	0.000e+00	0.000e+00	0.000e+00
178459.50	0.000e+00	0.000e+00	0.000e+00
178460.50	0.000e+00	0.000e+00	0.000e+00
178461.50	0.000e+00	0.000e+00	0.000e+00
178462.50	0.000e+00	0.000e+00	0.000e+00
178463.50	3.494e-05	1.978e-03	-2.438e-03
178464.50	-4.762e-05	-1.162e-02	-2.026e-02
178465.50	1.411e-03	4.474e-02	-1.459e-02
178466.50	-5.760e-03	3.043e-02	1.843e-01
178467.50	5.760e-03	-3.571e-02	-1.574e-01
178468.50	2.822e-02	-1.670e-01	-5.952e-01
178469.50	-3.878e-03	1.229e-01	1.958e-01
178470.50	-7.709e-04	-1.517e-03	3.562e-02
178471.50	-1.027e-02	-1.632e-01	1.382e-01
178472.50	-6.701e-05	-1.526e-02	-7.037e-03
178473.50	4.166e-02	1.286e-01	-1.325e-01
178474.50	6.835e-03	3.936e-02	-3.955e-02
178475.50	-4.349e-02	-8.582e-02	1.718e-01
178476.50	-1.738e-04	-1.699e-02	-1.680e-02
178477.50	2.746e-04	3.082e-02	-6.048e-03
178478.50	1.680e-03	-3.139e-02	-1.901e-02
178479.50	1.085e-03	-3.763e-02	5.424e-03
178480.50	9.792e-04	-1.862e-01	-2.189e-02
178481.50	2.678e-04	5.952e-02	1.949e-01
178482.50	3.254e-03	3.418e-02	1.066e-03
178483.50	2.218e-03	3.341e-02	1.450e-01
178484.50	7.526e-03	-4.032e-02	-2.870e-01
178485.50	-8.976e-05	5.424e-02	-2.256e-02
178486.50	4.589e-03	-7.613e-02	9.696e-02
178487.50	2.314e-03	-6.902e-01	-6.192e-02
178488.50	-1.421e-03	-3.206e-01	3.110e-01
178489.50	1.152e-03	-2.112e+00	-3.302e-01
178490.50	-2.371e-02	-7.651e+00	7.555e-01
178491.50	-3.696e-02	-2.448e+01	-1.334e-01
178492.50	-1.603e-01	-6.480e+01	1.440e+00
178493.50	-4.042e-01	-1.430e+02	2.083e+00
178494.50	-5.971e-01	-2.621e+02	6.614e+00
178495.50	-5.078e-01	-2.611e+02	5.261e+00
178496.50	-5.222e-01	-2.832e+02	3.523e+00
178497.50	-5.472e-01	-2.822e+02	8.410e+00
178498.50	-1.478e-02	-5.798e+01	-6.931e-01
178499.50	2.026e-01	5.616e+01	-5.664e+00
178500.50	3.206e-01	1.114e+02	-8.765e+00
178501.50	2.160e-01	1.085e+02	2.602e+00
178502.50	2.438e-01	9.984e+01	-5.069e+00
178503.50	2.496e-01	8.774e+01	-8.957e+00
178504.50	1.267e-01	7.229e+01	2.582e+00
178505.50	1.181e-01	6.710e+01	2.621e+00
178506.50	9.792e-02	5.626e+01	1.219e+00
178507.50	1.315e-01	5.021e+01	-4.694e+00
178508.50	9.984e-02	5.126e+01	-1.229e-01
178509.50	1.037e-01	4.349e+01	-3.696e+00
178510.50	8.707e-02	4.022e+01	-1.891e+00
178511.50	6.288e-02	3.600e+01	7.094e-01
178512.50	5.117e-02	3.005e+01	1.018e-01
178513.50	6.346e-02	3.005e+01	-8.602e-01
178514.50	5.424e-02	2.794e+01	-4.570e-01
178515.50	3.226e-02	2.563e+01	1.008e+00
178516.50	3.936e-02	2.438e+01	9.139e-01
178517.50	4.483e-02	2.218e+01	-2.045e-01
178518.50	3.178e-02	1.795e+01	-1.354e-01
178519.50	2.554e-02	1.728e+01	-5.040e-02
178520.50	3.475e-02	1.488e+01	-7.968e-01
178521.50	2.755e-02	1.661e+01	-6.144e-01
178522.50	2.496e-02	1.555e+01	4.704e-01
178523.50	2.026e-02	1.450e+01	7.219e-01
178524.50	1.834e-02	1.469e+01	1.488e+00
178525.50	2.323e-02	1.344e+01	1.709e-01
178526.50	2.304e-02	1.162e+01	-1.114e+00
178527.50	2.323e-02	1.162e+01	-1.517e+00
178528.50	2.515e-02	1.037e+01	-1.296e+00
178529.50	2.582e-02	9.130e+00	-1.440e+00
178530.50	2.534e-03	9.418e+00	7.402e-01
178531.50	5.309e-03	8.688e+00	1.382e+00
178532.50	7.008e-03	7.402e+00	5.453e-01
178533.50	1.613e-02	7.814e+00	-4.147e-01
178534.50	4.464e-03	7.037e+00	3.283e-01
178535.50	4.426e-03	6.019e+00	2.285e-01
178536.50	1.056e-02	6.470e+00	1.238e-01
178537.50	-2.832e-03	6.384e+00	1.613e+00
178538.50	3.734e-03	5.760e+00	9.350e-01
178539.50	1.930e-03	4.800e+00	5.875e-01
178540.50	2.323e-03	4.627e+00	-1.354e-01
178541.50	1.642e-02	6.182e+00	-8.774e-01
178542.50	6.240e-03	3.552e+00	2.765e-01
178543.50	1.747e-03	4.877e+00	7.930e-01
178544.50	4.704e-03	3.898e+00	-3.005e-01
178545.50	3.130e-04	2.314e+00	-5.203e-01
178546.50	1.286e-02	4.109e+00	-6.269e-01
178547.50	3.024e-03	4.541e+00	-1.402e-01
178548.50	4.992e-03	3.926e+00	8.966e-01
178549.50	1.853e-03	2.582e+00	-1.277e-01
178550.50	1.219e-03	3.082e+00	8.074e-01
178551.50	2.083e-03	3.091e+00	5.520e-01
178552.50	-3.206e-03	2.371e+00	5.549e-01
178553.50	7.632e-03	2.746e+00	-1.306e-01
178554.50	5.242e-03	2.669e+00	5.424e-02
178555.50	3.917e-03	2.227e+00	-1.056e+00
178556.50	1.632e-02	2.842e+00	-9.389e-01
178557.50	-2.928e-03	2.016e+00	4.109e-02
178558.50	-5.674e-03	1.469e+00	5.626e-01
178559.50	9.072e-04	2.131e+00	4.426e-01
178560.50	3.782e-03	1.718e+00	-1.882e-01
178561.50	-3.254e-03	1.008e+00	-1.834e-01
178562.50	3.658e-03	2.045e+00	1.382e-01
178563.50	2.314e-03	1.920e+00	2.621e-01
178564.50	3.418e-03	1.411e+00	-9.984e-02
178565.50	3.158e-03	1.344e+00	-2.717e-01
178566.50	-3.053e-03	1.757e+00	5.846e-01
178567.50	4.176e-03	7.862e-01	-5.309e-01
178568.50	7.200e-03	1.680e+00	-5.491e-01
178569.50	-9.792e-04	1.834e+00	1.718e-01
178570.50	6.058e-04	9.984e-01	-1.622e-01
178571.50	1.920e-03	1.334e-01	-3.610e-01
178572.50	-2.266e-05	1.488e+00	4.838e-01
178573.50	2.218e-03	1.114e+00	-1.651e-01
178574.50	-1.190e-03	8.640e-01	8.630e-02
178575.50	1.334e-03	6.538e-01	-6.653e-02
178576.50	7.430e-03	5.203e-01	-3.312e-01
178577.50	-6.528e-03	9.696e-01	7.757e-01
178578.50	7.056e-03	6.269e-01	-9.312e-02
178579.50	3.610e-04	7.891e-01	-4.176e-02
178580.50	1.517e-03	1.450e+00	6.528e-02
178581.50	1.104e-03	2.602e-01	-3.475e-01
178582.50	-1.085e-03	7.910e-01	1.699e-01
178583.50	2.755e-03	9.072e-01	1.123e-01
178584.50	-2.986e-03	1.133e-01	-2.400e-01
178585.50	-6.826e-03	1.603e-02	7.738e-02
178586.50	-2.707e-03	1.181e+00	2.045e-01
178587.50	6.739e-03	6.778e-01	-7.834e-02
178588.50	3.101e-04	4.090e-01	3.130e-01
178589.50	-7.920e-03	3.619e-01	-1.181e-02
178590.50	3.302e-03	5.885e-01	-2.736e-01
178591.50	-5.539e-05	9.696e-01	3.139e-02
178592.50	-1.478e-03	5.088e-01	-2.678e-01
178593.50	-4.061e-03	3.187e-01	9.466e-01
178594.50	3.398e-03	5.453e-01	4.022e-02
178595.50	7.603e-03	6.173e-01	-6.192e-01
178596.50	6.144e-03	-3.437e-02	-7.814e-01
178597.50	-2.755e-03	6.144e-03	5.146e-01
178598.50	8.410e-04	3.869e-01	-1.728e-01
178599.50	6.806e-03	7.430e-01	-2.400e-01
178600.50	-8.947e-03	2.794e-01	3.245e-01
178601.50	-4.579e-04	2.918e-01	-4.301e-02
178602.50	1.834e-03	3.398e-01	-3.053e-01
178603.50	-1.162e-03	7.008e-01	8.851e-02
178604.50	-1.517e-03	-1.632e-01	1.469e-01
178605.50	3.706e-03	1.872e-01	9.792e-02
178606.50	-5.798e-03	8.256e-02	2.861e-01
178607.50	2.582e-04	4.493e-01	-2.150e-01
178608.50	-7.286e-04	3.053e-01	-2.544e-01
178609.50	1.008e-03	6.269e-01	-4.032e-02
178610.50	2.957e-03	1.776e-01	-3.955e-01
178611.50	-3.667e-04	3.216e-02	1.565e-01
178612.50	2.246e-04	2.458e-02	5.664e-02
178613.50	-2.218e-03	2.832e-01	1.382e-01
178614.50	-4.147e-03	1.018e-01	2.688e-01
178615.50	6.115e-03	3.686e-01	-1.958e-01
178616.50	3.206e-03	3.158e-01	-9.274e-02
178617.50	-7.565e-04	4.685e-01	2.333e-02
178618.50	-3.590e-03	6.058e-02	-1.258e-01
178619.50	-5.347e-03	3.053e-01	-1.786e-01
178620.50	1.027e-03	5.453e-01	7.757e-02
178621.50	-1.066e-03	-3.686e-01	3.398e-01
178622.50	7.498e-05	1.267e-01	2.803e-01
178623.50	1.430e-03	4.934e-01	-1.651e-01
178624.50	-1.354e-03	3.571e-01	-1.056e-01
178625.50	-1.248e-03	-3.370e-01	-5.472e-02
178626.50	-6.154e-04	-9.101e-02	-1.066e-01
178627.50	4.378e-04	2.861e-01	3.696e-01
178628.50	8.602e-04	2.285e-01	2.093e-02
178629.50	-3.034e-03	-7.651e-02	1.152e-01
178630.50	-1.248e-03	3.005e-01	3.168e-01
178631.50	8.688e-04	1.661e-01	3.245e-01
178632.50	-1.459e-03	-2.429e-01	-7.843e-02
178633.50	-2.362e-03	1.642e-02	4.550e-02
178634.50	-9.696e-04	1.968e-01	-2.890e-02
178635.50	4.867e-03	3.024e-01	-3.418e-01
178636.50	-2.698e-04	2.554e-01	-2.189e-01
178637.50	-7.622e-04	1.373e-01	7.584e-02
178638.50	3.274e-03	1.613e-02	9.437e-02
178639.50	2.141e-03	-6.883e-02	-1.430e-01
178640.50	1.872e-03	9.600e-02	-2.198e-01
178641.50	-4.800e-04	1.392e-01	-1.421e-01
178642.50	-2.602e-05	4.243e-01	3.965e-02
178643.50	-1.142e-03	-8.717e-02	-1.123e-01
178644.50	-1.296e-03	9.494e-03	-3.869e-02
178645.50	1.728e-03	2.256e-01	-1.478e-01
178646.50	-8.832e-03	-1.584e-01	4.426e-02
178647.50	-8.765e-03	2.179e-01	-5.712e-02
178648.50	-7.334e-04	-1.142e-01	7.814e-02
178649.50	-1.757e-03	1.373e-01	1.594e-01
178650.50	1.075e-02	-3.974e-02	9.696e-02
178651.50	9.888e-04	8.112e-02	3.168e-02
178652.50	5.078e-04	1.066e-01	7.728e-02
178653.50	-7.622e-04	2.381e-01	1.834e-01
178654.50	2.016e-03	8.160e-02	-1.296e-01
178655.50	3.350e-03	-1.421e-01	6.778e-03
178656.50	-1.171e-03	2.198e-01	1.008e-02
178657.50	-3.427e-03	1.853e-01	4.118e-02
178658.50	4.886e-03	-8.083e-02	-3.869e-02
178659.50	4.454e-03	2.458e-01	-2.304e-01
178660.50	-2.928e-03	-2.611e-02	-5.462e-02
178661.50	-8.688e-04	-2.093e-02	8.534e-02
178662.50	-5.923e-04	7.488e-02	1.680e-01
178663.50	2.208e-04	-8.400e-02	-7.123e-02
178664.50	3.571e-03	1.296e-01	-2.832e-02
178665.50	5.856e-04	5.606e-02	-2.966e-01
178666.50	-2.794e-03	-9.331e-02	3.053e-02
178667.50	4.560e-04	1.219e-01	-2.266e-02
178668.50	-2.429e-03	3.043e-01	5.702e-02
178669.50	-2.208e-04	2.784e-02	3.350e-02
178670.50	1.478e-03	-2.390e-01	5.952e-02
178671.50	2.064e-03	1.248e-01	7.315e-03
178672.50	-4.099e-03	9.178e-02	1.795e-01
178673.50	-1.056e-03	1.123e-02	1.046e-01
178674.50	-1.862e-03	2.438e-02	-1.949e-01
178675.50	-1.094e-03	1.104e-01	3.360e-01
178676.50	-7.430e-04	7.632e-03	-1.286e-02
178677.50	2.928e-03	1.546e-01	1.488e-02
178678.50	-1.690e-03	-9.466e-02	-6.518e-02
178679.50	-6.902e-04	2.237e-01	5.462e-02
178680.50	2.736e-03	2.506e-02	1.958e-01
178681.50	8.429e-03	2.064e-01	1.037e-01
178682.50	3.274e-03	1.085e-02	-9.792e-02
178683.50	-8.726e-03	1.786e-01	6.710e-02
178684.50	2.909e-03	1.987e-01	1.066e-01
178685.50	-1.008e-02	-3.475e-02	-1.930e-01
178686.50	-1.171e-03	5.050e-02	2.381e-01
178687.50	-4.733e-03	5.174e-02	-1.440e-02
178688.50	4.253e-03	3.072e-02	-2.362e-02
178689.50	2.861e-03	-1.997e-01	4.320e-02
178690.50	-6.173e-03	-1.440e-01	4.435e-02
178691.50	-6.326e-04	3.331e-02	-1.440e-01
178692.50	4.397e-03	1.978e-01	-1.229e-01
178693.50	1.670e-03	-5.386e-02	-5.731e-02
178694.50	-7.066e-04	-5.482e-02	9.283e-02
178695.50	-4.819e-03	4.042e-02	1.968e-01
178696.50	2.083e-03	-2.275e-04	-1.334e-01
178697.50	-2.467e-03	2.592e-02	-1.411e-01
178698.50	4.560e-04	6.624e-02	1.757e-01
178699.50	1.565e-02	-1.930e-02	5.760e-03
178700.50	3.686e-03	2.083e-02	1.286e-01
178701.50	2.851e-04	6.557e-02	-4.397e-02
178702.50	-5.203e-04	-2.842e-02	-4.128e-02
178703.50	2.822e-03	9.696e-02	-8.707e-02
178704.50	7.181e-04	2.218e-02	1.114e-01
178705.50	7.546e-04	-7.382e-03	-3.389e-02
178706.50	-1.507e-03	-2.045e-01	-5.798e-02
178707.50	-3.994e-03	1.651e-01	1.699e-01
178708.50	-2.726e-03	-9.437e-04	4.906e-02
178709.50	-2.218e-03	-3.629e-02	1.037e-01
178710.50	1.584e-03	1.651e-02	7.200e-02
178711.50	-1.613e-03	4.368e-02	8.208e-02
178712.50	4.330e-04	-1.114e-01	-1.613e-01
178713.50	-1.354e-03	1.680e-01	-4.378e-02
178714.50	1.670e-03	1.440e-01	9.341e-03
178715.50	1.709e-03	1.949e-02	-9.888e-02
178716.50	6.941e-04	-1.882e-02	-1.517e-01
178717.50	-1.190e-04	-1.594e-01	-2.314e-02
178718.50	-6.211e-05	-1.037e-03	9.792e-03
178719.50	-1.718e-03	5.395e-02	2.410e-02
178720.50	1.373e-03	-8.640e-03	-8.938e-03
178721.50	-4.618e-04	8.026e-02	1.440e-01
178722.50	-1.066e-03	-1.862e-02	-9.082e-02
178723.50	-1.853e-03	-4.176e-03	-1.805e-01
178724.50	2.525e-03	-1.824e-01	1.709e-02
178725.50	9.696e-05	6.816e-02	2.362e-02
178726.50	5.510e-04	-3.802e-02	-5.818e-02
178727.50	9.792e-04	-1.258e-02	7.421e-02
178728.50	-1.286e-03	-1.488e-03	6.259e-03
178729.50	1.805e-03	-1.142e-02	-3.494e-02
178730.50	7.930e-04	-9.370e-03	-4.406e-02
178731.50	-1.133e-03	5.914e-02	1.786e-01
178732.50	-8.582e-05	-3.754e-02	-7.968e-02
178733.50	-5.299e-07	-6.058e-02	-2.525e-02
178734.50	-1.248e-03	-3.965e-02	-7.190e-03
178735.50	2.006e-03	1.824e-01	7.670e-02
178736.50	4.253e-03	8.429e-02	-1.766e-01
178737.50	6.202e-04	-7.018e-02	-7.421e-02
178738.50	2.573e-03	-8.525e-02	1.229e-01
178739.50	2.429e-03	1.661e-01	1.027e-01
178740.50	-5.146e-03	8.362e-02	5.981e-02
178741.50	1.978e-03	-1.181e-01	-7.229e-02
178742.50	1.469e-03	7.651e-03	-5.050e-02
178743.50	1.661e-03	4.368e-02	-4.915e-02
178744.50	-4.704e-03	-3.485e-02	-8.640e-02
178745.50	5.030e-04	-4.973e-02	-1.094e-01
178746.50	-1.526e-02	-7.987e-02	1.565e-01
178747.50	-3.514e-03	-4.656e-02	4.934e-02
178748.50	-1.354e-04	4.973e-02	-2.314e-02
178749.50	-3.110e-04	2.006e-02	3.091e-02
178750.50	-2.362e-03	9.504e-02	4.858e-02
178751.50	3.197e-03	8.016e-02	-3.245e-02
178752.50	3.014e-03	3.811e-02	-1.987e-02
178753.50	-2.918e-03	-6.845e-02	8.390e-03
178754.50	-4.061e-03	-7.709e-02	-6.134e-02
178755.50	1.622e-04	1.344e-01	8.928e-02
178756.50	2.554e-03	5.808e-02	-7.056e-02
178757.50	-8.122e-04	-9.600e-02	-9.494e-02
178758.50	9.331e-04	4.272e-02	5.203e-03
178759.50	-1.603e-03	3.197e-02	-1.670e-02
178760.50	-1.507e-03	-2.275e-02	4.426e-02
178761.50	9.533e-04	3.658e-02	9.053e-02
178762.50	-8.909e-04	-3.312e-02	1.114e-01
178763.50	1.066e-03	-1.075e-01	-7.382e-02
178764.50	-2.726e-03	-9.283e-02	-5.520e-02
178765.50	2.170e-03	6.278e-02	-1.306e-01
178766.50	4.224e-03	1.306e-01	6.643e-02
178767.50	3.782e-04	1.286e-01	-6.826e-02
178768.50	-5.280e-03	8.246e-02	5.357e-02
178769.50	-1.872e-03	-9.888e-02	-1.526e-02
178770.50	-3.331e-03	-2.630e-02	9.494e-02
178771.50	1.382e-04	-1.142e-01	5.770e-02
178772.50	3.072e-03	1.267e-01	2.400e-02
178773.50	1.382e-03	1.162e-01	-3.658e-02
178774.50	9.341e-04	-1.411e-02	-1.459e-02
178775.50	-3.638e-04	4.186e-02	-4.637e-02
178776.50	-1.699e-03	-2.986e-02	2.419e-02
178777.50	-4.694e-04	8.573e-02	5.837e-02
178778.50	1.814e-03	-3.504e-02	-1.018e-01
178779.50	-8.170e-04	-1.334e-01	-1.162e-01
178780.50	-5.405e-03	-8.093e-02	1.392e-01
178781.50	-3.744e-03	1.901e-02	-7.181e-02
178782.50	2.342e-04	-3.418e-02	7.632e-02
178783.50	-1.142e-03	3.802e-02	-1.238e-03
178784.50	6.950e-03	-8.448e-02	-1.229e-01
178785.50	1.363e-03	2.995e-02	-1.037e-01
178786.50	-7.670e-04	2.774e-02	-1.018e-02
178787.50	-8.294e-05	5.136e-02	-9.792e-03
178788.50	-3.389e-04	1.123e-01	-2.890e-02
178789.50	-1.018e-03	5.760e-02	-3.149e-02
178790.50	1.968e-03	8.160e-02	7.613e-02
178791.50	-2.496e-03	-8.774e-02	1.382e-01
178792.50	2.246e-03	-5.098e-02	-6.720e-03
178793.50	-2.458e-03	-1.152e-01	-7.757e-02
178794.50	2.016e-03	2.304e-02	-1.219e-01
178795.50	1.546e-03	-3.552e-02	4.253e-02
178796.50	-2.141e-04	-1.459e-02	-2.074e-02
178797.50	-1.987e-03	-7.632e-02	8.592e-02
178798.50	-1.286e-03	6.038e-02	1.786e-02
178799.50	-3.322e-04	-2.640e-03	6.490e-02
178800.50	-2.640e-03	7.872e-02	-4.090e-02
178801.50	1.546e-03	-1.574e-02	-6.182e-02
178802.50	-7.536e-04	1.200e-01	-7.296e-03
178803.50	-1.517e-03	8.304e-02	1.613e-01
178804.50	-2.102e-03	-2.678e-02	6.922e-02
178805.50	-7.066e-04	6.730e-02	5.261e-02
178806.50	6.614e-04	2.352e-02	9.984e-03
178807.50	-1.219e-03	-3.696e-02	4.320e-02
178808.50	-4.320e-04	1.709e-02	-9.696e-02
178809.50	5.952e-04	-5.866e-02	-1.718e-02
178810.50	7.373e-04	1.200e-01	-4.157e-02
178811.50	3.811e-04	1.018e-01	-4.282e-02
178812.50	1.536e-04	-2.611e-02	-9.523e-03
178813.50	2.506e-03	7.286e-02	-2.198e-02
178814.50	-8.774e-04	-6.221e-02	7.277e-03
178815.50	1.075e-03	2.218e-02	3.706e-02
178816.50	4.877e-04	2.371e-02	-6.259e-02
178817.50	1.363e-04	-3.965e-02	1.939e-02
178818.50	1.142e-03	-6.269e-02	4.118e-02
178819.50	-1.978e-03	-1.277e-01	-4.138e-02
178820.50	3.360e-04	2.448e-02	-1.747e-02
178821.50	3.418e-03	1.517e-02	-1.891e-02
178822.50	2.093e-03	1.622e-02	-5.894e-02
178823.50	3.101e-04	4.781e-02	9.984e-03
178824.50	-1.440e-03	4.637e-02	1.056e-01
178825.50	1.843e-04	3.235e-02	-8.170e-04
178826.50	-1.939e-04	3.005e-02	8.467e-03
178827.50	-1.392e-03	-2.333e-02	-6.970e-02
178828.50	-1.536e-03	5.798e-02	2.381e-02
178829.50	-7.526e-04	-8.026e-02	-5.453e-03
178830.50	8.813e-04	-1.488e-02	-6.038e-02
178831.50	7.603e-04	-2.842e-02	6.077e-02
178832.50	8.842e-04	-6.931e-02	-6.547e-02
178833.50	-1.085e-03	-1.728e-02	-1.402e-02
178834.50	4.790e-03	-1.738e-02	4.310e-02
178835.50	4.195e-04	-9.600e-02	-3.475e-02
178836.50	-3.782e-03	6.950e-02	-3.994e-02
178837.50	-1.584e-04	2.957e-03	4.099e-02
178838.50	-1.670e-03	3.648e-02	1.258e-01
178839.50	-3.005e-03	2.822e-02	-6.202e-02
178840.50	1.565e-03	-3.158e-03	-9.322e-02
178841.50	-1.478e-03	-7.997e-03	2.112e-02
178842.50	-3.782e-04	1.978e-03	7.094e-02
178843.50	-1.430e-03	-1.008e-01	3.398e-02
178844.50	3.763e-03	-2.554e-02	-6.758e-02
178845.50	-6.403e-03	-1.766e-02	7.632e-02
178846.50	4.061e-03	-9.341e-02	1.018e-01
178847.50	-4.426e-03	4.003e-02	-1.325e-02
178848.50	6.278e-03	1.901e-02	1.574e-02
178849.50	-5.770e-03	-4.061e-03	-1.181e-01
178850.50	2.794e-03	-1.450e-02	-1.382e-01
178851.50	2.179e-03	-2.477e-02	6.230e-03
178852.50	8.246e-04	3.274e-02	-7.507e-02
178853.50	-4.291e-05	7.373e-02	7.603e-03
178854.50	5.674e-04	-1.901e-02	-1.277e-02
178855.50	8.083e-02	-2.880e-01	-3.043e-01
178856.50	2.400e-02	-5.885e-02	-1.104e-02
178857.50	2.851e-02	-1.757e-01	1.267e-01
178858.50	1.171e-02	-9.485e-02	3.024e-03
178859.50	-1.699e-03	-5.587e-02	5.328e-02
178860.50	-3.226e-03	-4.166e-02	-2.026e-02
178861.50	7.258e-03	4.358e-02	-9.110e-02
178862.50	4.915e-02	-1.267e-01	-4.358e-02
178863.50	8.189e-02	-2.659e-01	-8.870e-02
178864.50	-1.450e-01	6.499e-01	2.592e-01
178865.50	-2.909e-04	-3.648e-03	-6.010e-04
178866.50	-6.710e-04	5.270e-02	1.478e-02
178867.50	-6.662e-02	1.795e-01	3.197e-01
178868.50	-1.056e-02	8.563e-04	-4.790e-03
178869.50	-1.219e-03	-2.669e-02	-2.179e-02
178870.50	2.371e-04	7.718e-02	3.638e-02
178871.50	6.509e-04	-4.358e-02	-8.630e-02
178872.50	5.578e-04	3.379e-03	-2.410e-02
178873.50	-6.278e-04	4.013e-02	3.082e-02
178874.50	-2.342e-03	-1.901e-02	5.990e-02
178875.50	3.322e-04	-6.230e-02	-3.139e-02
178876.50	4.781e-04	-2.554e-02	-1.248e-02
178877.50	6.211e-04	5.674e-02	3.542e-02
178878.50	-8.822e-03	8.851e-03	6.058e-02
178879.50	-2.765e-03	7.066e-02	2.842e-02
178880.50	-6.614e-05	6.634e-02	1.690e-02
178881.50	2.909e-02	7.190e-02	-8.515e-03
178882.50	2.774e-03	-2.131e-02	-3.168e-02
178883.50	1.699e-04	-4.550e-02	6.893e-02
178884.50	1.286e-03	6.058e-02	-5.222e-02
178885.50	1.363e-04	-2.736e-02	-5.165e-02
178886.50	-4.070e-04	2.237e-02	-2.630e-04
178887.50	-2.352e-02	-4.560e-02	-6.163e-02
178888.50	-7.354e-04	-3.360e-03	-1.872e-02
178889.50	5.376e-04	2.861e-02	1.018e-01
178890.50	5.088e-04	2.890e-02	-8.227e-04
178891.50	-5.491e-04	-5.434e-03	1.584e-02
178892.50	-1.382e-05	2.765e-02	-4.973e-02
178893.50	7.354e-04	-1.123e-02	-1.133e-02
178894.50	3.926e-04	-7.766e-02	-1.603e-02
178895.50	-9.984e-03	-1.834e-02	1.027e-02
178896.50	-3.859e-03	1.478e-02	-4.032e-03
178897.50	3.389e-04	-2.918e-02	-3.955e-03
178898.50	-5.309e-04	3.504e-02	-1.306e-02
178899.50	4.099e-04	-2.755e-02	6.250e-03
178900.50	-3.715e-04	-2.842e-02	-9.888e-03
178901.50	-5.088e-04	-1.027e-02	-1.171e-02
178902.50	1.690e-04	1.536e-02	5.606e-02
178903.50	6.547e-04	2.093e-02	4.925e-02
178904.50	1.219e-03	1.114e-01	1.181e-02
178905.50	-1.766e-03	-4.944e-02	1.824e-02
178906.50	-2.054e-03	5.021e-03	-1.805e-02
178907.50	1.939e-03	1.613e-02	1.018e-02
178908.50	7.037e-04	7.536e-03	-4.512e-02
178909.50	-2.390e-03	9.600e-03	7.565e-03
178910.50	-6.595e-03	-8.986e-03	2.429e-02
178911.50	2.957e-04	3.802e-02	3.715e-03
178912.50	9.984e-04	-2.765e-02	-2.141e-02
178913.50	5.002e-04	-1.920e-02	-1.766e-02
178914.50	7.459e-05	-3.350e-02	8.314e-03
178915.50	-6.883e-04	2.909e-02	-2.237e-02
178916.50	3.802e-05	-2.333e-03	-2.352e-02
178917.50	-1.190e-03	4.128e-02	4.627e-02
178918.50	-2.026e-03	-4.090e-03	3.744e-03
178919.50	1.238e-03	-4.282e-03	-3.542e-02
178920.50	7.738e-04	-4.608e-02	-1.354e-02
178921.50	-5.338e-04	-8.582e-03	3.869e-02
178922.50	7.210e-04	1.843e-02	-3.667e-03
178923.50	1.709e-04	-3.206e-02	2.237e-02
178924.50	4.051e-03	-9.302e-02	-3.456e-02
178925.50	4.099e-03	-4.819e-02	3.178e-02
178926.50	-1.123e-03	7.939e-02	-3.821e-02
178927.50	-1.411e-03	3.552e-02	-1.037e-01
178928.50	-8.208e-04	-2.678e-02	1.594e-02
178929.50	-4.800e-04	1.354e-02	3.024e-02
178930.50	2.227e-03	3.082e-02	-1.325e-02
178931.50	-7.229e-05	9.792e-02	2.064e-02
178932.50	1.046e-04	-9.792e-03	-3.398e-02
178933.50	-1.104e-05	-9.696e-04	-8.726e-03
178934.50	1.670e-05	1.114e-02	2.390e-02
178935.50	1.296e-03	1.325e-02	2.736e-02
178936.50	4.800e-04	5.462e-02	1.526e-02
178937.50	-4.310e-03	-2.045e-02	7.680e-03
178938.50	-2.794e-03	2.630e-02	3.283e-02
178939.50	4.205e-03	-2.198e-02	1.968e-02
178940.50	7.066e-03	-1.248e-02	1.939e-02
178941.50	5.395e-04	-2.755e-02	1.987e-02
178942.50	-1.507e-04	-8.410e-02	-4.243e-02
178943.50	5.242e-04	-2.554e-02	-4.992e-02
178944.50	-1.680e-03	1.315e-03	-3.485e-04
178945.50	-8.381e-04	4.454e-03	5.357e-02
178946.50	-1.133e-03	-7.526e-03	-1.219e-03
178947.50	-4.378e-04	-8.611e-03	1.930e-02
178948.50	-1.018e-02	6.422e-02	3.936e-02
178949.50	1.958e-03	-4.138e-02	-2.150e-03
178950.50	1.738e-03	-2.880e-02	-3.168e-02
178951.50	-2.640e-03	2.573e-02	5.520e-02
178952.50	5.914e-05	4.186e-02	-1.123e-05
178953.50	-6.336e-04	1.162e-03	-3.178e-02
178954.50	-7.267e-05	2.707e-02	-6.490e-03
178955.50	1.978e-04	5.040e-03	2.717e-03
178956.50	-3.946e-04	4.675e-02	-3.408e-02
178957.50	1.862e-03	4.224e-04	-2.707e-02
178958.50	7.229e-04	9.178e-03	-4.474e-02
