178360.50	0.000e+00	0.000e+00	0.000e+00
178361.50	0.000e+00	0.000e+00	0.000e+00
178362.50	0.000e+00	0.000e+00	0.000e+00
178363.50	0.000e+00	0.000e+00	0.000e+00
178364.50	0.000e+00	0.000e+00	0.000e+00
178365.50	0.000e+00	0.000e+00	0.000e+00
178366.50	0.000e+00	0.000e+00	0.000e+00
178367.50	0.000e+00	0.000e+00	0.000e+00
178368.50	0.000e+00	0.000e+00	0.000e+00
178369.50	0.000e+00	0.000e+00	0.000e+00
178370.50	0.000e+00	0.000e+00	0.000e+00
178371.50	0.000e+00	0.000e+00	0.000e+00
178372.50	0.000e+00	0.000e+00	0.000e+00
178373.50	0.000e+00	0.000e+00	0.000e+00
178374.50	0.000e+00	0.000e+00	0.000e+00
178375.50	0.000e+00	0.000e+00	0.000e+00
178376.50	0.000e+00	0.000e+00	0.000e+00
178377.50	0.000e+00	0.000e+00	0.000e+00
178378.50	0.000e+00	0.000e+00	0.000e+00
178379.50	0.000e+00	0.000e+00	0.000e+00
178380.50	0.000e+00	0.000e+00	0.000e+00
178381.50	0.000e+00	0.000e+00	0.000e+00
178382.50	0.000e+00	0.000e+00	0.000e+00
178383.50	0.000e+00	0.000e+00	0.000e+00
178384.50	0.000e+00	0.000e+00	0.000e+00
178385.50	0.000e+00	0.000e+00	0.000e+00
178386.50	0.000e+00	0.000e+00	0.000e+00
178387.50	0.000e+00	0.000e+00	0.000e+00
178388.50	0.000e+00	0.000e+00	0.000e+00
178389.50	0.000e+00	0.000e+00	0.000e+00
178390.50	0.000e+00	0.000e+00	0.000e+00
178391.50	0.000e+00	0.000e+00	0.000e+00
178392.50	0.000e+00	0.000e+00	0.000e+00
178393.50	0.000e+00	0.000e+00	0.000e+00
178394.50	0.000e+00	0.000e+00	0.000e+00
178395.50	0.000e+00	0.000e+00	0.000e+00
178396.50	0.000e+00	0.000e+00	0.000e+00
178397.50	0.000e+00	0.000e+00	0.000e+00
178398.50	0.000e+00	0.000e+00	0.000e+00
178399.50	0.000e+00	0.000e+00	0.000e+00
178400.50	0.000e+00	0.000e+00	0.000e+00
178401.50	0.000e+00	0.000e+00	0.000e+00
178402.50	0.000e+00	0.000e+00	0.000e+00
178403.50	0.000e+00	0.000e+00	0.000e+00
178404.50	0.000e+00	0.000e+00	0.000e+00
178405.50	0.000e+00	0.000e+00	0.000e+00
178406.50	0.000e+00	0.000e+00	0.000e+00
178407.50	0.000e+00	0.000e+00	0.000e+00
178408.50	0.000e+00	0.000e+00	0.000e+00
178409.50	0.000e+00	0.000e+00	0.000e+00
178410.50	0.000e+00	0.000e+00	0.000e+00
178411.50	0.000e+00	0.000e+00	0.000e+00
178412.50	0.000e+00	0.000e+00	0.000e+00
178413.50	0.000e+00	0.000e+00	0.000e+00
178414.50	0.000e+00	0.000e+00	0.000e+00
178415.50	0.000e+00	0.000e+00	0.000e+00
178416.50	0.000e+00	0.000e+00	0.000e+00
178417.50	0.000e+00	0.000e+00	0.000e+00
178418.50	0.000e+00	0.000e+00	0.000e+00
178419.50	0.000e+00	0.000e+00	0.000e+00
178420.50	0.000e+00	0.000e+00	0.000e+00
178421.50	0.000e+00	0.000e+00	0.000e+00
178422.50	0.000e+00	0.000e+00	0.000e+00
178423.50	0.000e+00	0.000e+00	0.000e+00
178424.50	0.000e+00	0.000e+00	0.000e+00
178425.50	0.000e+00	0.000e+00	0.000e+00
178426.50	0.000e+00	0.000e+00	0.000e+00
178427.50	0.000e+00	0.000e+00	0.000e+00
178428.50	0.000e+00	0.000e+00	0.000e+00
178429.50	0.000e+00	0.000e+00	0.000e+00
178430.50	0.000e+00	0.000e+00	0.000e+00
178431.50	0.000e+00	0.000e+00	0.000e+00
178432.50	0.000e+00	0.000e+00	0.000e+00
178433.50	0.000e+00	0.000e+00	0.000e+00
178434.50	0.000e+00	0.000e+00	0.000e+00
178435.50	0.000e+00	0.000e+00	0.000e+00
178436.50	0.000e+00	0.000e+00	0.000e+00
178437.50	0.000e+00	0.000e+00	0.000e+00
178438.50	0.000e+00	0.000e+00	0.000e+00
178439.50	0.000e+00	0.000e+00	0.000e+00
178440.50	0.000e+00	0.000e+00	0.000e+00
178441.50	0.000e+00	0.000e+00	0.000e+00
178442.50	0.000e+00	0.000e+00	0.000e+00
178443.50	0.000e+00	0.000e+00	0.000e+00
178444.50	0.000e+00	0.000e+00	0.000e+00
178445.50	0.000e+00	0.000e+00	0.000e+00
178446.50	0.000e+00	0.000e+00	0.000e+00
178447.50	0.000e+00	0.000e+00	0.000e+00
178448.50	0.000e+00	0.000e+00	0.000e+00
178449.50	0.000e+00	0.000e+00	0.000e+00
178450.50	0.000e+00	0.000e+00	0.000e+00
178451.50	0.000e+00	0.000e+00	0.000e+00
178452.50	0.000e+00	0.000e+00	0.000e+00
178453.50	0.000e+00	0.000e+00	0.000e+00
178454.50	0.000e+00	0.000e+00	0.000e+00
178455.50	0.000e+00	0.000e+00	0.000e+00
178456.50	0.000e+00	0.000e+00	0.000e+00
178457.50	0.000e+00	0.000e+00	0.000e+00
178458.50	0.000e+00	0.000e+00	0.000e+00
178459.50	0.000e+00	0.000e+00	0.000e+00
178460.50	0.000e+00	0.000e+00	0.000e+00
178461.50	0.000e+00	0.000e+00	0.000e+00
178462.50	0.000e+00	0.000e+00	0.000e+00
178463.50	0.000e+00	0.000e+00	0.000e+00
178464.50	0.000e+00	0.000e+00	0.000e+00
178465.50	0.000e+00	0.000e+00	0.000e+00
178466.50	0.000e+00	0.000e+00	0.000e+00
178467.50	0.000e+00	0.000e+00	0.000e+00
178468.50	0.000e+00	0.000e+00	0.000e+00
178469.50	0.000e+00	0.000e+00	0.000e+00
178470.50	0.000e+00	0.000e+00	0.000e+00
178471.50	0.000e+00	0.000e+00	0.000e+00
178472.50	0.000e+00	0.000e+00	0.000e+00
178473.50	0.000e+00	0.000e+00	0.000e+00
178474.50	0.000e+00	0.000e+00	0.000e+00
178475.50	0.000e+00	0.000e+00	0.000e+00
178476.50	0.000e+00	0.000e+00	0.000e+00
178477.50	0.000e+00	0.000e+00	0.000e+00
178478.50	0.000e+00	0.000e+00	0.000e+00
178479.50	0.000e+00	0.000e+00	0.000e+00
178480.50	0.000e+00	0.000e+00	0.000e+00
178481.50	0.000e+00	0.000e+00	0.000e+00
178482.50	0.000e+00	0.000e+00	0.000e+00
178483.50	0.000e+00	0.000e+00	0.000e+00
178484.50	0.000e+00	0.000e+00	0.000e+00
178485.50	0.000e+00	0.000e+00	0.000e+00
178486.50	0.000e+00	0.000e+00	0.000e+00
178487.50	0.000e+00	0.000e+00	0.000e+00
178488.50	0.000e+00	0.000e+00	0.000e+00
178489.50	0.000e+00	0.000e+00	0.000e+00
178490.50	0.000e+00	0.000e+00	0.000e+00
178491.50	0.000e+00	0.000e+00	0.000e+00
178492.50	0.000e+00	0.000e+00	0.000e+00
178493.50	0.000e+00	0.000e+00	0.000e+00
178494.50	0.000e+00	0.000e+00	0.000e+00
178495.50	0.000e+00	0.000e+00	0.000e+00
178496.50	0.000e+00	0.000e+00	0.000e+00
178497.50	0.000e+00	0.000e+00	0.000e+00
178498.50	0.000e+00	0.000e+00	0.000e+00
178499.50	0.000e+00	0.000e+00	0.000e+00
178500.50	0.000e+00	0.000e+00	0.000e+00
178501.50	0.000e+00	0.000e+00	0.000e+00
178502.50	0.000e+00	0.000e+00	0.000e+00
178503.50	0.000e+00	0.000e+00	0.000e+00
178504.50	0.000e+00	0.000e+00	0.000e+00
178505.50	0.000e+00	0.000e+00	0.000e+00
178506.50	0.000e+00	0.000e+00	0.000e+00
178507.50	0.000e+00	0.000e+00	0.000e+00
178508.50	0.000e+00	0.000e+00	0.000e+00
178509.50	0.000e+00	0.000e+00	0.000e+00
178510.50	0.000e+00	0.000e+00	0.000e+00
178511.50	0.000e+00	0.000e+00	0.000e+00
178512.50	-2.650e-05	1.296e-04	7.997e-04
178513.50	-1.306e-05	1.603e-03	6.106e-04
178514.50	2.390e-03	-5.050e-02	-7.488e-02
178515.50	1.766e-03	-3.043e-02	-5.366e-02
178516.50	-2.909e-03	4.531e-02	9.206e-02
178517.50	2.611e-04	2.659e-02	-4.723e-03
178518.50	-1.392e-03	-4.646e-02	3.648e-02
178519.50	-2.122e-03	-2.131e-03	7.584e-02
178520.50	9.514e-03	-4.810e-02	-3.322e-01
178521.50	-2.160e-02	-3.398e+00	7.430e-01
178522.50	2.266e-01	-4.099e+01	-7.430e+00
178523.50	2.429e+00	-7.546e+02	-7.987e+01
178524.50	3.014e+00	-9.984e+02	-1.018e+02
178525.50	-6.019e-01	1.978e+02	2.362e+01
178526.50	-7.930e-01	1.776e+02	2.890e+01
178527.50	-1.968e-01	1.296e+02	8.237e+00
178528.50	-3.658e-01	1.142e+02	1.334e+01
178529.50	-4.282e-01	9.696e+01	1.498e+01
178530.50	-3.821e-01	8.237e+01	1.334e+01
178531.50	-2.765e-01	7.978e+01	9.542e+00
178532.50	-2.237e-01	7.114e+01	7.507e+00
178533.50	-1.430e-02	6.077e+01	5.885e-01
178534.50	-1.814e-01	5.635e+01	6.067e+00
178535.50	-9.590e-02	4.637e+01	3.130e+00
178536.50	3.696e-02	4.627e+01	-1.421e+00
178537.50	-1.546e-01	4.387e+01	4.742e+00
178538.50	-3.667e-02	4.109e+01	1.037e+00
178539.50	-9.091e-02	3.139e+01	3.235e+00
178540.50	-4.483e-02	3.235e+01	1.229e+00
178541.50	-1.411e-01	3.149e+01	4.579e+00
178542.50	-1.046e-01	2.890e+01	3.408e+00
178543.50	-7.181e-02	2.515e+01	2.179e+00
178544.50	-1.133e-01	2.198e+01	3.466e+00
178545.50	-3.398e-02	2.026e+01	9.312e-01
178546.50	-6.029e-02	1.958e+01	1.680e+00
178547.50	-9.341e-02	1.891e+01	2.966e+00
178548.50	-8.093e-02	1.718e+01	2.294e+00
178549.50	4.560e-03	1.795e+01	-3.667e-01
178550.50	-1.056e-01	1.488e+01	3.350e+00
178551.50	1.392e-02	1.536e+01	-5.501e-01
178552.50	-2.784e-02	1.478e+01	7.872e-01
178553.50	-3.120e-02	1.373e+01	9.888e-01
178554.50	-3.398e-02	1.171e+01	9.561e-01
178555.50	-1.133e-01	1.066e+01	3.629e+00
178556.50	1.018e-02	9.379e+00	-5.213e-01
178557.50	-1.517e-02	8.726e+00	2.822e-01
178558.50	-1.200e-02	1.056e+01	3.590e-01
178559.50	-1.613e-02	7.930e+00	4.358e-01
178560.50	-3.120e-02	7.306e+00	8.870e-01
178561.50	-2.266e-02	8.352e+00	6.346e-01
178562.50	-5.501e-02	6.998e+00	1.776e+00
178563.50	-4.598e-02	6.576e+00	1.238e+00
178564.50	-5.232e-02	6.826e+00	1.536e+00
178565.50	-3.562e-02	5.885e+00	9.283e-01
178566.50	-1.104e-02	5.357e+00	4.118e-01
178567.50	-1.728e-02	5.309e+00	6.029e-01
178568.50	-2.640e-02	6.010e+00	6.931e-01
178569.50	1.747e-02	4.819e+00	-7.843e-01
178570.50	-5.664e-03	4.502e+00	1.152e-01
178571.50	-1.939e-02	4.195e+00	3.648e-01
178572.50	-3.984e-02	4.205e+00	1.229e+00
178573.50	-5.750e-03	3.158e+00	1.104e-01
178574.50	-1.757e-02	4.070e+00	5.434e-01
178575.50	-2.544e-02	4.378e+00	6.528e-01
178576.50	-1.210e-02	3.754e+00	3.600e-01
178577.50	-3.149e-02	2.976e+00	9.888e-01
178578.50	8.496e-03	2.870e+00	-2.966e-01
178579.50	-8.573e-04	2.266e+00	-1.114e-01
178580.50	-4.320e-04	2.266e+00	-5.818e-02
178581.50	-3.322e-02	2.390e+00	9.888e-01
178582.50	8.861e-03	2.016e+00	-4.762e-01
178583.50	-5.443e-03	2.246e+00	2.650e-01
178584.50	-5.251e-03	2.294e+00	3.043e-01
178585.50	-1.853e-02	2.534e+00	2.525e-01
178586.50	-8.246e-03	2.198e+00	8.314e-02
178587.50	-1.402e-02	2.045e+00	4.800e-01
178588.50	1.834e-02	2.294e+00	-6.826e-01
178589.50	-1.104e-02	1.306e+00	3.178e-01
178590.50	-2.074e-02	1.805e+00	7.114e-01
178591.50	-1.018e-02	2.179e+00	2.688e-01
178592.50	-2.966e-02	1.814e+00	8.755e-01
178593.50	-7.805e-03	1.200e+00	1.584e-01
178594.50	3.994e-03	9.696e-01	-1.085e-01
178595.50	-1.766e-03	1.325e+00	2.266e-03
178596.50	5.280e-04	1.613e+00	-2.064e-02
178597.50	-1.891e-02	1.680e+00	6.269e-01
178598.50	-2.026e-02	6.749e-01	4.762e-01
178599.50	4.906e-03	1.555e+00	-1.085e-01
178600.50	-2.256e-03	1.248e+00	1.162e-01
178601.50	2.160e-02	8.026e-01	-7.325e-01
178602.50	8.170e-03	3.581e-01	-4.176e-01
178603.50	-2.141e-02	1.306e+00	6.634e-01
178604.50	1.402e-03	1.018e+00	-2.544e-02
178605.50	1.738e-03	9.226e-01	-7.210e-03
178606.50	-3.005e-03	9.792e-01	8.544e-02
178607.50	2.890e-03	9.043e-01	-1.104e-02
178608.50	-1.613e-02	6.979e-01	3.533e-01
178609.50	-5.520e-03	1.162e+00	1.882e-01
178610.50	-8.054e-03	4.906e-01	1.901e-01
178611.50	-1.258e-02	1.546e-01	3.869e-01
178612.50	4.733e-03	7.891e-01	-2.794e-01
178613.50	2.698e-03	5.827e-01	-1.709e-01
178614.50	-9.149e-03	3.581e-01	1.622e-01
178615.50	1.373e-02	2.381e-01	-3.946e-01
178616.50	-4.282e-03	5.251e-01	1.430e-01
178617.50	-9.581e-03	7.594e-01	3.725e-01
178618.50	3.254e-03	3.850e-01	-8.170e-02
178619.50	-5.242e-04	8.045e-01	5.021e-02
178620.50	3.293e-03	4.752e-01	-1.219e-01
178621.50	-1.171e-02	2.707e-01	2.467e-01
178622.50	-1.728e-03	6.701e-01	2.938e-02
178623.50	-9.792e-03	3.840e-01	2.371e-01
178624.50	2.035e-04	1.258e-01	2.294e-02
178625.50	-3.456e-03	2.947e-01	1.411e-01
178626.50	4.723e-03	5.222e-01	-2.314e-01
178627.50	8.419e-03	5.424e-01	-2.602e-01
178628.50	-1.085e-02	2.688e-01	3.091e-01
178629.50	-9.168e-04	5.904e-02	-7.939e-02
178630.50	-1.229e-02	4.176e-01	4.224e-01
178631.50	5.933e-03	1.709e-01	-1.229e-01
178632.50	-1.565e-03	8.515e-01	1.267e-01
178633.50	-4.541e-03	4.109e-01	1.104e-01
178634.50	-1.152e-02	2.486e-01	2.938e-01
178635.50	-2.016e-03	3.686e-01	4.733e-02
178636.50	9.437e-03	-1.104e-01	-2.890e-01
178637.50	-3.571e-03	3.254e-01	1.478e-01
178638.50	-1.795e-03	5.395e-01	-4.474e-02
178639.50	2.813e-03	2.246e-01	-2.294e-01
178640.50	4.205e-03	-2.208e-02	-1.872e-01
178641.50	-8.477e-03	1.546e-01	1.862e-01
178642.50	7.238e-03	6.326e-01	-7.354e-02
178643.50	-1.027e-02	1.142e-01	2.304e-01
178644.50	-5.098e-03	-2.093e-01	1.910e-01
178645.50	-5.846e-03	2.813e-01	3.014e-01
178646.50	8.112e-03	2.390e-01	-2.160e-01
178647.50	1.056e-02	2.246e-01	-3.418e-01
178648.50	2.141e-03	3.235e-03	-1.056e-01
178649.50	-1.286e-03	-9.245e-02	5.635e-02
178650.50	-1.574e-03	1.690e-01	1.622e-01
178651.50	-7.238e-03	3.494e-01	1.488e-01
178652.50	2.438e-03	4.464e-01	-1.200e-01
178653.50	-3.898e-03	1.824e-01	6.048e-03
178654.50	1.075e-02	2.669e-02	-3.955e-01
178655.50	1.363e-03	8.102e-03	-8.602e-02
178656.50	2.266e-03	-1.085e-01	-1.373e-03
178657.50	-9.984e-04	3.389e-01	8.256e-03
178658.50	1.469e-03	-6.058e-02	2.794e-02
178659.50	-7.152e-03	-2.064e-02	1.718e-01
178660.50	-1.450e-03	1.555e-01	9.542e-02
178661.50	-4.838e-03	3.840e-01	1.018e-01
178662.50	-1.507e-02	2.275e-01	1.968e-01
178663.50	-1.267e-02	3.552e-01	3.427e-01
178664.50	-7.805e-03	2.909e-01	2.093e-01
178665.50	6.701e-03	1.411e-01	-2.381e-01
178666.50	2.650e-03	2.707e-02	-4.934e-02
178667.50	-2.477e-03	-2.458e-02	1.104e-01
178668.50	-1.546e-03	4.282e-02	1.661e-01
178669.50	-1.200e-03	9.110e-02	-1.171e-02
178670.50	4.435e-04	2.016e-01	2.237e-02
178671.50	4.493e-03	3.850e-01	-1.776e-01
178672.50	-4.829e-03	-1.622e-02	1.430e-02
178673.50	4.205e-03	2.237e-02	-9.053e-02
178674.50	6.365e-03	9.984e-03	-1.613e-01
178675.50	1.286e-03	1.949e-01	-6.269e-02
178676.50	-2.630e-03	-2.880e-03	9.792e-02
178677.50	-5.875e-04	1.421e-02	3.370e-02
178678.50	-5.587e-03	7.421e-02	6.576e-02
178679.50	6.557e-04	2.909e-01	-5.645e-02
178680.50	-1.690e-03	1.574e-02	3.389e-02
178681.50	-4.618e-03	-3.024e-02	1.373e-01
178682.50	-1.478e-03	-9.696e-02	9.561e-02
178683.50	-4.070e-03	6.566e-02	1.498e-01
178684.50	-5.203e-03	2.189e-01	1.066e-01
178685.50	-1.238e-03	1.286e-01	1.565e-02
178686.50	1.680e-02	-1.008e-01	-1.450e-01
178687.50	-1.056e-02	1.411e-01	1.622e-01
178688.50	7.891e-05	1.450e-01	-4.358e-02
178689.50	-4.570e-03	5.146e-02	7.757e-02
178690.50	-6.442e-03	-1.334e-01	1.738e-01
178691.50	3.523e-03	2.170e-01	-2.525e-01
178692.50	-7.190e-03	3.206e-01	6.922e-02
178693.50	-8.573e-03	-1.450e-02	2.966e-01
178694.50	-5.069e-03	-3.629e-02	3.274e-02
178695.50	5.587e-03	3.475e-03	-2.966e-02
178696.50	1.267e-03	-1.162e-02	6.547e-03
178697.50	-4.742e-03	1.795e-01	2.035e-01
178698.50	3.792e-03	2.026e-02	-7.027e-02
178699.50	-1.306e-03	1.248e-01	-2.736e-04
178700.50	2.870e-03	-7.824e-02	-3.254e-02
178701.50	7.200e-03	-1.440e-01	-2.890e-01
178702.50	5.069e-03	7.728e-02	-2.390e-01
178703.50	-4.003e-03	-4.752e-02	1.354e-01
178704.50	-5.059e-03	1.402e-02	2.112e-01
178705.50	-1.114e-02	-2.006e-01	4.954e-02
178706.50	-2.218e-02	4.925e-03	1.469e-01
178707.50	-5.645e-04	3.955e-02	4.051e-03
178708.50	-4.339e-03	1.421e-01	1.718e-01
178709.50	-2.246e-04	-8.054e-03	1.949e-03
178710.50	4.339e-03	4.464e-02	-2.256e-01
178711.50	-5.885e-03	6.346e-03	7.795e-02
178712.50	-1.757e-03	2.890e-01	6.662e-03
178713.50	-2.486e-03	-9.984e-02	1.046e-01
178714.50	-6.778e-03	8.266e-02	1.901e-01
178715.50	-1.699e-03	-2.774e-02	-4.742e-02
178716.50	6.624e-03	1.133e-01	-1.421e-01
178717.50	-4.310e-03	-2.899e-01	5.126e-02
178718.50	-1.286e-03	3.206e-02	2.602e-02
178719.50	-2.669e-03	3.984e-02	4.810e-02
178720.50	2.477e-03	2.227e-01	-6.538e-02
178721.50	7.238e-03	5.338e-02	-1.632e-01
178722.50	-5.328e-04	2.093e-01	5.117e-02
178723.50	-1.210e-03	1.699e-01	-3.226e-02
178724.50	1.200e-02	1.267e-01	-1.392e-01
178725.50	-1.334e-03	6.595e-02	1.526e-01
178726.50	-8.506e-03	1.402e-02	1.690e-01
178727.50	2.525e-03	3.446e-02	-1.238e-01
178728.50	-1.872e-04	1.344e-02	3.638e-02
178729.50	3.110e-03	-1.670e-01	-2.717e-01
178730.50	-1.306e-03	-1.171e-01	9.984e-02
178731.50	-3.168e-04	1.910e-01	2.707e-02
178732.50	5.021e-03	6.605e-02	1.229e-02
178733.50	-8.218e-03	1.296e-01	2.179e-01
178734.50	3.331e-03	-2.266e-02	-7.910e-02
178735.50	5.165e-04	-6.221e-02	1.027e-02
178736.50	-2.486e-03	-2.784e-02	1.334e-01
178737.50	-3.840e-03	7.430e-02	1.229e-01
178738.50	-3.283e-03	-7.824e-03	5.770e-02
178739.50	-1.690e-03	3.062e-02	6.470e-02
178740.50	5.482e-03	1.594e-01	-1.594e-01
178741.50	-3.955e-04	9.888e-02	-1.037e-01
178742.50	3.648e-03	-6.614e-02	-1.507e-01
178743.50	7.037e-03	-1.210e-02	-1.786e-01
178744.50	-2.006e-03	-3.600e-02	1.162e-01
178745.50	-7.181e-04	4.579e-02	1.325e-02
178746.50	2.717e-04	-1.363e-01	-1.536e-02
178747.50	-3.427e-04	-1.421e-01	-1.171e-02
178748.50	6.691e-05	-8.438e-02	4.138e-02
178749.50	1.104e-03	5.366e-02	-1.018e-01
178750.50	-3.859e-03	6.240e-02	9.792e-02
178751.50	-5.040e-03	-6.432e-03	9.696e-02
178752.50	3.043e-03	7.978e-03	-9.158e-02
178753.50	-4.224e-04	4.253e-02	-4.742e-02
178754.50	-1.296e-03	-6.854e-02	6.902e-02
178755.50	-2.054e-04	7.670e-02	-1.229e-03
178756.50	-3.677e-03	-6.883e-02	1.277e-01
178757.50	-5.424e-03	2.112e-02	1.200e-01
178758.50	-1.642e-03	-4.474e-02	2.371e-02
178759.50	-8.294e-05	5.184e-02	4.598e-02
178760.50	6.470e-04	6.538e-02	-3.600e-02
178761.50	4.262e-04	-1.469e-02	5.309e-03
178762.50	-3.907e-03	3.514e-02	1.114e-01
178763.50	9.581e-04	9.888e-02	-2.208e-02
178764.50	4.714e-03	1.075e-01	-6.634e-02
178765.50	-1.344e-03	6.442e-02	7.958e-02
178766.50	4.301e-03	1.277e-02	-7.459e-02
178767.50	6.682e-03	-1.997e-04	-1.181e-01
178768.50	-3.715e-03	-1.162e-01	4.349e-02
178769.50	9.571e-04	-2.438e-02	-4.867e-02
178770.50	-2.640e-03	-4.493e-02	7.747e-02
178771.50	-6.605e-04	5.366e-02	5.962e-03
178772.50	-1.546e-03	6.557e-02	3.274e-02
178773.50	3.782e-03	2.582e-02	-3.427e-02
178774.50	1.862e-04	-5.155e-02	-5.530e-02
178775.50	2.918e-03	1.584e-02	1.248e-02
178776.50	9.696e-03	-1.123e-01	-1.421e-01
178777.50	-1.066e-02	-1.085e-01	1.786e-01
178778.50	-5.942e-03	2.765e-02	1.949e-02
178779.50	3.178e-03	1.219e-01	2.861e-02
178780.50	2.314e-04	1.968e-02	-2.381e-02
178781.50	1.133e-03	-4.445e-02	3.312e-02
178782.50	1.421e-04	-1.037e-02	-4.896e-02
178783.50	-8.256e-04	1.056e-02	-1.661e-02
178784.50	7.277e-02	1.757e-01	-1.699e-01
178785.50	1.066e-01	-6.058e-02	-2.006e-01
178786.50	4.090e-03	-2.170e-02	-7.190e-02
178787.50	-6.221e-04	5.942e-02	7.930e-02
178788.50	1.037e-03	5.981e-02	-8.342e-02
178789.50	-4.982e-02	9.024e-03	1.306e-01
178790.50	-1.498e-02	4.541e-02	1.094e-02
178791.50	1.402e-03	-7.507e-02	-2.621e-02
178792.50	3.082e-04	-6.922e-03	-2.045e-02
178793.50	4.656e-03	1.488e-04	-1.181e-01
178794.50	4.109e-03	2.525e-02	-3.648e-02
178795.50	1.526e-03	-2.141e-02	7.987e-02
178796.50	-1.603e-03	6.307e-02	1.037e-02
178797.50	5.818e-03	-9.888e-02	2.102e-02
178798.50	-3.821e-03	8.381e-02	-1.248e-02
178799.50	-1.498e-03	4.762e-02	2.755e-02
178800.50	-4.954e-03	-2.822e-02	5.856e-03
178801.50	1.488e-03	-7.709e-02	-1.440e-02
178802.50	-5.088e-03	-3.782e-02	1.075e-01
178803.50	7.594e-03	5.750e-02	-5.088e-02
178804.50	2.458e-03	7.709e-02	-2.246e-02
178805.50	-4.051e-03	-9.561e-03	5.549e-02
178806.50	-2.784e-03	4.022e-02	6.931e-02
178807.50	-1.363e-02	6.048e-02	2.957e-02
178808.50	-3.638e-03	-7.747e-02	-8.650e-02
178809.50	-4.666e-03	-2.333e-02	1.075e-01
178810.50	4.810e-03	-6.816e-03	-9.082e-03
178811.50	4.579e-03	1.862e-02	-1.200e-01
178812.50	-5.328e-03	2.525e-02	-5.434e-02
178813.50	2.870e-03	5.347e-03	-5.962e-02
178814.50	1.094e-03	3.619e-02	4.118e-02
178815.50	6.432e-03	7.517e-04	-2.294e-02
178816.50	-1.267e-02	-6.470e-02	1.190e-01
178817.50	-2.861e-03	-9.360e-03	5.078e-02
178818.50	9.456e-04	-5.453e-02	-8.160e-03
178819.50	-1.440e-03	-6.557e-02	1.315e-02
178820.50	-7.094e-03	-1.027e-01	8.621e-02
178821.50	-4.397e-03	6.154e-02	7.565e-02
178822.50	6.902e-04	1.968e-02	1.152e-01
178823.50	-1.133e-03	5.846e-02	-5.856e-02
178824.50	-3.648e-03	6.624e-03	7.738e-04
178825.50	1.094e-04	4.109e-02	-5.107e-02
178826.50	4.867e-03	9.792e-02	-1.478e-01
178827.50	-2.947e-03	-3.283e-02	7.565e-02
178828.50	-6.874e-04	-1.805e-02	-6.106e-02
178829.50	6.998e-03	1.142e-01	-1.229e-01
178830.50	-8.131e-03	-1.267e-01	7.354e-02
178831.50	-2.563e-02	-1.421e-01	3.187e-02
178832.50	-7.670e-04	-1.574e-01	-5.222e-02
178833.50	2.515e-03	3.830e-02	-5.578e-02
178834.50	-2.064e-03	1.162e-01	8.851e-02
178835.50	3.168e-03	-2.765e-03	1.219e-04
178836.50	1.114e-03	-2.131e-03	-4.694e-02
178837.50	-2.438e-03	4.051e-02	8.208e-02
178838.50	-1.997e-03	-8.544e-02	7.152e-02
178839.50	3.005e-03	5.760e-02	1.661e-02
178840.50	2.400e-03	1.843e-02	-4.714e-02
178841.50	8.794e-04	5.798e-02	-6.528e-02
178842.50	-3.542e-03	-1.642e-02	4.848e-02
178843.50	7.325e-03	8.467e-02	-1.555e-01
178844.50	2.323e-03	3.120e-02	-2.390e-02
178845.50	-4.186e-03	4.186e-02	1.046e-01
178846.50	-1.603e-03	-2.074e-02	9.600e-03
178847.50	-1.363e-02	-3.149e-02	5.683e-02
178848.50	-5.818e-02	1.123e-01	1.603e-01
178849.50	1.123e-02	5.904e-02	-2.640e-01
178850.50	-1.411e-02	-2.909e-01	4.013e-02
178851.50	1.968e-02	7.987e-02	-5.731e-02
178852.50	9.360e-04	-2.035e-02	-4.723e-02
178853.50	1.949e-03	3.053e-02	-4.550e-02
178854.50	-2.400e-03	1.440e-02	3.715e-02
178855.50	-4.416e-03	9.696e-02	1.392e-01
178856.50	-2.016e-03	5.549e-03	1.651e-02
178857.50	7.574e-04	-4.003e-02	-5.040e-02
178858.50	-3.686e-03	-1.037e-01	3.187e-02
178859.50	5.184e-03	-1.037e-04	-4.714e-02
178860.50	-1.709e-03	7.978e-02	1.229e-02
178861.50	1.843e-03	3.648e-02	-2.506e-02
178862.50	-6.941e-03	-6.038e-02	9.600e-02
178863.50	-6.874e-03	2.659e-02	4.992e-02
178864.50	1.997e-03	6.461e-03	-1.738e-02
178865.50	-1.930e-03	-8.429e-02	2.275e-02
178866.50	-3.130e-03	-3.610e-02	1.123e-01
178867.50	1.411e-02	-1.075e-01	-1.670e-01
178868.50	-5.606e-03	1.258e-01	1.094e-01
178869.50	3.533e-03	1.114e-01	-3.840e-02
178870.50	-4.253e-04	-8.938e-03	-5.165e-03
178871.50	7.872e-04	-1.738e-02	7.517e-03
178872.50	7.978e-03	-3.792e-02	-6.538e-02
178873.50	-9.581e-03	-3.466e-02	7.776e-02
178874.50	1.603e-03	3.446e-02	3.139e-03
178875.50	-1.056e-03	1.632e-02	1.123e-02
178876.50	1.306e-03	1.104e-01	1.066e-01
178877.50	1.267e-02	1.862e-02	-1.190e-01
178878.50	5.213e-03	-1.824e-02	6.730e-03
178879.50	2.861e-03	-1.709e-02	-7.632e-03
178880.50	-2.381e-02	-1.546e-01	6.595e-02
178881.50	2.515e-03	4.829e-02	-7.555e-02
178882.50	-8.198e-04	9.696e-02	3.888e-02
178883.50	1.584e-04	2.006e-02	-2.870e-02
178884.50	7.402e-04	-2.170e-02	-6.624e-03
178885.50	2.458e-04	4.646e-02	-2.314e-02
178886.50	7.325e-04	-2.726e-02	-2.141e-02
178887.50	1.786e-03	-2.832e-02	1.747e-02
178888.50	5.424e-03	-3.360e-02	3.648e-02
178889.50	-3.235e-04	-4.186e-02	-3.370e-02
178890.50	1.853e-05	4.109e-02	-5.760e-03
178891.50	-8.774e-04	1.536e-02	-9.792e-03
178892.50	-1.325e-03	2.938e-03	-3.110e-02
178893.50	-1.766e-05	-4.109e-02	3.322e-02
178894.50	-5.021e-03	4.906e-03	6.806e-02
178895.50	-3.130e-03	-7.229e-03	6.336e-02
178896.50	1.642e-03	-1.248e-02	-5.088e-02
178897.50	-7.776e-04	-8.784e-03	3.120e-02
178898.50	1.382e-03	7.891e-03	-4.070e-02
178899.50	-3.763e-03	-5.530e-02	6.950e-02
178900.50	-2.563e-03	-2.976e-02	4.973e-02
178901.50	1.488e-03	-7.555e-03	-3.936e-02
178902.50	-1.507e-03	2.160e-02	6.605e-03
178903.50	1.008e-05	-5.904e-02	2.141e-02
178904.50	5.942e-03	-5.779e-03	-9.888e-02
178905.50	2.602e-03	3.821e-02	-1.718e-02
178906.50	-3.034e-03	2.026e-02	7.152e-02
178907.50	5.194e-06	4.733e-03	3.946e-02
178908.50	9.082e-04	-4.886e-02	-6.547e-02
178909.50	3.005e-03	-3.658e-02	-7.517e-02
178910.50	-2.371e-05	1.046e-02	2.179e-02
178911.50	2.851e-04	5.904e-02	-2.746e-02
178912.50	-6.778e-04	4.502e-02	1.699e-02
178913.50	6.470e-04	-1.229e-02	-2.707e-03
178914.50	-1.085e-03	-4.022e-02	8.198e-03
178915.50	-3.226e-03	7.805e-02	3.312e-03
178916.50	9.792e-04	8.630e-02	2.285e-02
178917.50	3.898e-03	2.909e-02	2.851e-02
178918.50	-1.546e-03	-2.141e-02	2.794e-02
178919.50	1.882e-03	-1.882e-02	-5.232e-02
178920.50	1.085e-03	8.410e-02	-3.264e-02
178921.50	5.549e-04	7.536e-04	-5.126e-02
178922.50	-2.381e-03	3.485e-02	3.053e-02
178923.50	-1.526e-03	8.275e-03	-2.765e-03
178924.50	2.573e-03	2.966e-02	-4.138e-02
178925.50	9.696e-04	-2.755e-02	9.379e-03
178926.50	2.227e-03	-1.805e-02	-4.378e-02
178927.50	1.066e-03	-3.888e-04	-4.099e-02
178928.50	-8.448e-04	2.938e-02	-8.899e-03
178929.50	-1.450e-03	5.270e-02	3.715e-02
178930.50	-2.131e-03	-6.413e-03	5.818e-02
178931.50	-3.686e-04	-5.712e-02	2.362e-02
178932.50	-9.888e-04	-1.450e-02	1.114e-02
178933.50	-2.448e-03	-5.290e-02	5.405e-02
178934.50	-7.978e-04	-1.171e-02	-1.085e-02
178935.50	2.486e-03	-1.094e-02	-6.058e-02
178936.50	-1.565e-04	-1.152e-02	1.546e-02
178937.50	1.430e-04	-2.602e-02	1.622e-02
178938.50	-1.469e-03	6.634e-02	3.245e-02
178939.50	-1.469e-03	2.266e-02	1.766e-02
178940.50	1.891e-04	-5.405e-02	-1.114e-02
178941.50	-6.144e-04	-5.894e-02	-3.197e-03
178942.50	2.899e-04	-3.158e-03	-4.272e-02
178943.50	1.190e-03	1.670e-02	-1.334e-02
178944.50	-9.082e-04	-3.178e-02	-7.584e-03
178945.50	6.624e-04	3.859e-02	-3.312e-02
178946.50	3.782e-04	-2.544e-02	-4.349e-03
178947.50	-2.170e-03	4.733e-02	8.467e-02
178948.50	-6.403e-04	-5.299e-03	2.659e-02
178949.50	1.680e-03	8.285e-03	-4.954e-02
178950.50	1.306e-03	-1.382e-02	-4.070e-02
178951.50	-7.536e-04	-6.086e-03	-1.114e-03
178952.50	-2.496e-03	2.602e-02	4.205e-02
178953.50	5.712e-04	-2.227e-02	1.536e-02
178954.50	-4.032e-04	2.976e-02	6.154e-03
178955.50	1.709e-03	2.659e-02	-1.440e-02
178956.50	-8.861e-04	-5.395e-03	1.373e-02
178957.50	-2.707e-04	5.750e-02	1.747e-02
178958.50	1.267e-03	-3.840e-04	-5.165e-02
