178360.50	0.000e+00	0.000e+00	0.000e+00
178361.50	0.000e+00	0.000e+00	0.000e+00
178362.50	0.000e+00	0.000e+00	0.000e+00
178363.50	0.000e+00	0.000e+00	0.000e+00
178364.50	0.000e+00	0.000e+00	0.000e+00
178365.50	0.000e+00	0.000e+00	0.000e+00
178366.50	0.000e+00	0.000e+00	0.000e+00
178367.50	0.000e+00	0.000e+00	0.000e+00
178368.50	0.000e+00	0.000e+00	0.000e+00
178369.50	0.000e+00	0.000e+00	0.000e+00
178370.50	0.000e+00	0.000e+00	0.000e+00
178371.50	0.000e+00	0.000e+00	0.000e+00
178372.50	0.000e+00	0.000e+00	0.000e+00
178373.50	0.000e+00	0.000e+00	0.000e+00
178374.50	0.000e+00	0.000e+00	0.000e+00
178375.50	0.000e+00	0.000e+00	0.000e+00
178376.50	0.000e+00	0.000e+00	0.000e+00
178377.50	0.000e+00	0.000e+00	0.000e+00
178378.50	0.000e+00	0.000e+00	0.000e+00
178379.50	0.000e+00	0.000e+00	0.000e+00
178380.50	0.000e+00	0.000e+00	0.000e+00
178381.50	0.000e+00	0.000e+00	0.000e+00
178382.50	0.000e+00	0.000e+00	0.000e+00
178383.50	0.000e+00	0.000e+00	0.000e+00
178384.50	0.000e+00	0.000e+00	0.000e+00
178385.50	0.000e+00	0.000e+00	0.000e+00
178386.50	0.000e+00	0.000e+00	0.000e+00
178387.50	0.000e+00	0.000e+00	0.000e+00
178388.50	0.000e+00	0.000e+00	0.000e+00
178389.50	0.000e+00	0.000e+00	0.000e+00
178390.50	0.000e+00	0.000e+00	0.000e+00
178391.50	0.000e+00	0.000e+00	0.000e+00
178392.50	0.000e+00	0.000e+00	0.000e+00
178393.50	0.000e+00	0.000e+00	0.000e+00
178394.50	0.000e+00	0.000e+00	0.000e+00
178395.50	0.000e+00	0.000e+00	0.000e+00
178396.50	0.000e+00	0.000e+00	0.000e+00
178397.50	0.000e+00	0.000e+00	0.000e+00
178398.50	0.000e+00	0.000e+00	0.000e+00
178399.50	0.000e+00	0.000e+00	0.000e+00
178400.50	0.000e+00	0.000e+00	0.000e+00
178401.50	0.000e+00	0.000e+00	0.000e+00
178402.50	0.000e+00	0.000e+00	0.000e+00
178403.50	0.000e+00	0.000e+00	0.000e+00
178404.50	0.000e+00	0.000e+00	0.000e+00
178405.50	0.000e+00	0.000e+00	0.000e+00
178406.50	0.000e+00	0.000e+00	0.000e+00
178407.50	0.000e+00	0.000e+00	0.000e+00
178408.50	0.000e+00	0.000e+00	0.000e+00
178409.50	0.000e+00	0.000e+00	0.000e+00
178410.50	0.000e+00	0.000e+00	0.000e+00
178411.50	0.000e+00	0.000e+00	0.000e+00
178412.50	0.000e+00	0.000e+00	0.000e+00
178413.50	0.000e+00	0.000e+00	0.000e+00
178414.50	0.000e+00	0.000e+00	0.000e+00
178415.50	0.000e+00	0.000e+00	0.000e+00
178416.50	0.000e+00	0.000e+00	0.000e+00
178417.50	0.000e+00	0.000e+00	0.000e+00
178418.50	0.000e+00	0.000e+00	0.000e+00
178419.50	0.000e+00	0.000e+00	0.000e+00
178420.50	0.000e+00	0.000e+00	0.000e+00
178421.50	0.000e+00	0.000e+00	0.000e+00
178422.50	0.000e+00	0.000e+00	0.000e+00
178423.50	0.000e+00	0.000e+00	0.000e+00
178424.50	0.000e+00	0.000e+00	0.000e+00
178425.50	0.000e+00	0.000e+00	0.000e+00
178426.50	0.000e+00	0.000e+00	0.000e+00
178427.50	0.000e+00	0.000e+00	0.000e+00
178428.50	0.000e+00	0.000e+00	0.000e+00
178429.50	0.000e+00	0.000e+00	0.000e+00
178430.50	0.000e+00	0.000e+00	0.000e+00
178431.50	0.000e+00	0.000e+00	0.000e+00
178432.50	0.000e+00	0.000e+00	0.000e+00
178433.50	0.000e+00	0.000e+00	0.000e+00
178434.50	0.000e+00	0.000e+00	0.000e+00
178435.50	0.000e+00	0.000e+00	0.000e+00
178436.50	0.000e+00	0.000e+00	0.000e+00
178437.50	0.000e+00	0.000e+00	0.000e+00
178438.50	0.000e+00	0.000e+00	0.000e+00
178439.50	0.000e+00	0.000e+00	0.000e+00
178440.50	0.000e+00	0.000e+00	0.000e+00
178441.50	0.000e+00	0.000e+00	0.000e+00
178442.50	0.000e+00	0.000e+00	0.000e+00
178443.50	0.000e+00	0.000e+00	0.000e+00
178444.50	0.000e+00	0.000e+00	0.000e+00
178445.50	0.000e+00	0.000e+00	0.000e+00
178446.50	0.000e+00	0.000e+00	0.000e+00
178447.50	0.000e+00	0.000e+00	0.000e+00
178448.50	0.000e+00	0.000e+00	0.000e+00
178449.50	0.000e+00	0.000e+00	0.000e+00
178450.50	0.000e+00	0.000e+00	0.000e+00
178451.50	0.000e+00	0.000e+00	0.000e+00
178452.50	0.000e+00	0.000e+00	0.000e+00
178453.50	0.000e+00	0.000e+00	0.000e+00
178454.50	0.000e+00	0.000e+00	0.000e+00
178455.50	0.000e+00	0.000e+00	0.000e+00
178456.50	0.000e+00	0.000e+00	0.000e+00
178457.50	0.000e+00	0.000e+00	0.000e+00
178458.50	0.000e+00	0.000e+00	0.000e+00
178459.50	0.000e+00	0.000e+00	0.000e+00
178460.50	0.000e+00	0.000e+00	0.000e+00
178461.50	0.000e+00	0.000e+00	0.000e+00
178462.50	0.000e+00	0.000e+00	0.000e+00
178463.50	0.000e+00	0.000e+00	0.000e+00
178464.50	0.000e+00	0.000e+00	0.000e+00
178465.50	0.000e+00	0.000e+00	0.000e+00
178466.50	0.000e+00	0.000e+00	0.000e+00
178467.50	0.000e+00	0.000e+00	0.000e+00
178468.50	0.000e+00	0.000e+00	0.000e+00
178469.50	0.000e+00	0.000e+00	0.000e+00
178470.50	0.000e+00	0.000e+00	0.000e+00
178471.50	0.000e+00	0.000e+00	0.000e+00
178472.50	0.000e+00	0.000e+00	0.000e+00
178473.50	0.000e+00	0.000e+00	0.000e+00
178474.50	0.000e+00	0.000e+00	0.000e+00
178475.50	0.000e+00	0.000e+00	0.000e+00
178476.50	0.000e+00	0.000e+00	0.000e+00
178477.50	0.000e+00	0.000e+00	0.000e+00
178478.50	0.000e+00	0.000e+00	0.000e+00
178479.50	0.000e+00	0.000e+00	0.000e+00
178480.50	0.000e+00	0.000e+00	0.000e+00
178481.50	0.000e+00	0.000e+00	0.000e+00
178482.50	0.000e+00	0.000e+00	0.000e+00
178483.50	0.000e+00	0.000e+00	0.000e+00
178484.50	0.000e+00	0.000e+00	0.000e+00
178485.50	0.000e+00	0.000e+00	0.000e+00
178486.50	0.000e+00	0.000e+00	0.000e+00
178487.50	0.000e+00	0.000e+00	0.000e+00
178488.50	0.000e+00	0.000e+00	0.000e+00
178489.50	0.000e+00	0.000e+00	0.000e+00
178490.50	0.000e+00	0.000e+00	0.000e+00
178491.50	0.000e+00	0.000e+00	0.000e+00
178492.50	0.000e+00	0.000e+00	0.000e+00
178493.50	0.000e+00	0.000e+00	0.000e+00
178494.50	0.000e+00	0.000e+00	0.000e+00
178495.50	0.000e+00	0.000e+00	0.000e+00
178496.50	0.000e+00	0.000e+00	0.000e+00
178497.50	0.000e+00	0.000e+00	0.000e+00
178498.50	0.000e+00	0.000e+00	0.000e+00
178499.50	0.000e+00	0.000e+00	0.000e+00
178500.50	0.000e+00	0.000e+00	0.000e+00
178501.50	0.000e+00	0.000e+00	0.000e+00
178502.50	0.000e+00	0.000e+00	0.000e+00
178503.50	0.000e+00	0.000e+00	0.000e+00
178504.50	0.000e+00	0.000e+00	0.000e+00
178505.50	0.000e+00	0.000e+00	0.000e+00
178506.50	0.000e+00	0.000e+00	0.000e+00
178507.50	0.000e+00	0.000e+00	0.000e+00
178508.50	0.000e+00	0.000e+00	0.000e+00
178509.50	0.000e+00	0.000e+00	0.000e+00
178510.50	0.000e+00	0.000e+00	0.000e+00
178511.50	-1.162e-06	1.238e-05	8.717e-05
178512.50	3.494e-04	-6.845e-03	5.126e-02
178513.50	3.696e-04	-5.750e-03	4.560e-02
178514.50	5.107e-05	9.168e-03	-1.258e-02
178515.50	-8.093e-04	-5.530e-02	2.726e-04
178516.50	7.882e-04	4.598e-02	3.898e-04
178517.50	6.806e-06	2.122e-03	-8.016e-03
178518.50	2.083e-04	1.123e-02	-1.958e-03
178519.50	-3.437e-04	-1.248e-02	-1.670e-02
178520.50	1.210e-04	5.741e-03	5.434e-03
178521.50	-3.293e-04	-2.659e-02	9.984e-03
178522.50	-3.965e-04	-2.717e-02	3.562e-03
178523.50	1.142e-03	-1.344e-03	1.853e-01
178524.50	-2.477e-02	-1.978e+00	6.922e-01
178525.50	-4.003e-01	-2.784e+01	2.486e+00
178526.50	-6.432e+00	-4.608e+02	7.459e+01
178527.50	-1.210e+01	-8.822e+02	9.561e+01
178528.50	-2.390e+00	-1.709e+02	-4.176e+01
178529.50	2.323e+00	1.690e+02	-2.640e+01
178530.50	1.997e+00	1.430e+02	-1.238e+01
178531.50	1.507e+00	1.075e+02	-1.094e+01
178532.50	1.277e+00	9.360e+01	-1.066e+01
178533.50	1.133e+00	8.314e+01	-1.133e+01
178534.50	1.094e+00	7.814e+01	-5.136e+00
178535.50	8.467e-01	5.981e+01	-2.150e+00
178536.50	8.093e-01	5.875e+01	-6.451e+00
178537.50	7.651e-01	5.424e+01	-2.928e+00
178538.50	6.653e-01	4.829e+01	-4.253e+00
178539.50	5.818e-01	4.272e+01	-4.349e+00
178540.50	5.798e-01	4.291e+01	-6.192e+00
178541.50	5.030e-01	3.485e+01	2.026e-01
178542.50	5.088e-01	3.542e+01	8.323e-02
178543.50	4.205e-01	2.976e+01	-1.171e+00
178544.50	3.562e-01	2.726e+01	-6.077e+00
178545.50	3.744e-01	2.371e+01	4.416e-01
178546.50	3.014e-01	2.621e+01	-3.043e+00
178547.50	2.707e-01	2.160e+01	-2.314e+00
178548.50	3.984e-01	2.198e+01	-6.518e-02
178549.50	2.515e-01	2.006e+01	-1.882e+00
178550.50	2.832e-01	1.958e+01	-2.141e-02
178551.50	2.208e-01	1.642e+01	-1.843e+00
178552.50	1.930e-01	1.450e+01	-1.498e+00
178553.50	1.853e-01	1.325e+01	-2.726e-02
178554.50	1.690e-01	1.325e+01	-2.621e+00
178555.50	1.709e-01	1.171e+01	1.085e+00
178556.50	1.594e-01	1.238e+01	-1.411e+00
178557.50	1.843e-01	1.286e+01	-8.726e-01
178558.50	1.632e-01	1.104e+01	1.488e+00
178559.50	1.382e-01	1.046e+01	-1.085e+00
178560.50	1.536e-01	1.075e+01	-2.928e-01
178561.50	9.696e-02	7.517e+00	-8.947e-01
178562.50	1.354e-01	9.888e+00	-1.200e+00
178563.50	1.248e-01	8.630e+00	4.387e-01
178564.50	7.181e-02	6.125e+00	-8.381e-01
178565.50	7.978e-02	5.606e+00	5.165e-01
178566.50	7.814e-02	6.134e+00	-9.888e-01
178567.50	9.888e-02	6.874e+00	-1.930e-01
178568.50	6.634e-02	4.944e+00	1.306e-01
178569.50	8.477e-02	5.923e+00	-2.093e-01
178570.50	6.634e-02	4.320e+00	3.994e-01
178571.50	7.104e-02	5.770e+00	-8.122e-01
178572.50	5.827e-02	4.128e+00	2.774e-01
178573.50	6.662e-02	4.224e+00	3.686e-01
178574.50	6.182e-02	4.320e+00	5.002e-01
178575.50	6.442e-02	4.550e+00	-4.435e-02
178576.50	6.634e-02	4.627e+00	4.445e-01
178577.50	3.629e-02	3.437e+00	-9.984e-01
178578.50	5.328e-02	3.542e+00	2.448e-01
178579.50	3.408e-02	2.496e+00	-4.051e-01
178580.50	4.752e-02	3.446e+00	2.554e-01
178581.50	4.598e-02	3.120e+00	-1.046e-01
178582.50	3.542e-02	2.755e+00	-2.554e-01
178583.50	4.109e-02	3.062e+00	-7.267e-03
178584.50	3.187e-02	2.573e+00	7.661e-02
178585.50	3.830e-02	2.669e+00	8.323e-03
178586.50	2.381e-02	2.102e+00	-7.651e-01
178587.50	1.891e-02	1.728e+00	-6.058e-01
178588.50	2.227e-02	2.342e+00	-8.198e-01
178589.50	4.109e-02	2.611e+00	-1.507e-01
178590.50	2.678e-02	1.651e+00	2.938e-01
178591.50	2.899e-02	1.747e+00	3.322e-01
178592.50	2.832e-02	2.074e+00	5.414e-02
178593.50	2.669e-02	2.006e+00	4.656e-02
178594.50	1.219e-02	6.989e-01	-3.840e-02
178595.50	1.690e-02	1.152e+00	-2.198e-01
178596.50	2.429e-02	1.469e+00	6.038e-01
178597.50	1.459e-02	1.219e+00	-1.939e-01
178598.50	2.314e-02	1.603e+00	-3.840e-01
178599.50	8.986e-03	1.306e+00	-3.648e-01
178600.50	3.811e-03	5.117e-01	-2.054e-01
178601.50	2.669e-02	1.651e+00	3.350e-01
178602.50	1.882e-02	8.304e-01	9.168e-01
178603.50	2.419e-02	1.661e+00	8.880e-02
178604.50	-3.581e-03	1.142e-01	-4.502e-01
178605.50	1.430e-02	8.755e-01	-1.008e-01
178606.50	8.899e-03	8.429e-01	-3.120e-02
178607.50	9.552e-03	6.442e-01	1.469e-01
178608.50	8.342e-03	8.304e-01	-2.746e-01
178609.50	1.200e-02	1.046e+00	-2.304e-01
178610.50	1.546e-03	4.416e-01	-5.654e-01
178611.50	1.450e-02	1.286e+00	-3.235e-01
178612.50	8.285e-03	6.960e-01	6.413e-02
178613.50	7.517e-03	7.642e-01	-9.792e-02
178614.50	9.101e-03	8.294e-01	-2.400e-01
178615.50	7.997e-03	4.906e-01	5.472e-01
178616.50	3.389e-03	2.496e-01	-2.342e-01
178617.50	2.218e-02	1.114e+00	-1.382e-01
178618.50	6.346e-03	1.190e+00	2.102e-01
178619.50	-1.142e-02	-2.064e-01	-3.562e-01
178620.50	9.427e-03	5.290e-01	9.418e-02
178621.50	6.691e-03	5.050e-01	-3.331e-03
178622.50	1.469e-02	7.046e-01	2.285e-01
178623.50	-1.296e-03	2.717e-01	-5.722e-01
178624.50	7.066e-03	5.952e-01	-2.054e-03
178625.50	9.494e-03	6.941e-01	-1.459e-01
178626.50	-3.264e-03	6.211e-04	9.792e-02
178627.50	7.603e-03	4.589e-01	-2.400e-01
178628.50	2.141e-03	3.514e-01	1.757e-01
178629.50	7.747e-03	3.302e-01	8.602e-02
178630.50	6.096e-03	4.627e-01	-2.938e-01
178631.50	-2.842e-03	-4.608e-02	8.621e-02
178632.50	3.811e-03	2.035e-01	-5.242e-02
178633.50	2.870e-03	4.176e-01	-5.357e-02
178634.50	-9.696e-04	2.650e-01	-1.286e-01
178635.50	8.707e-03	4.224e-01	2.045e-01
178636.50	3.686e-03	4.493e-01	-6.672e-02
178637.50	2.054e-03	4.080e-01	-1.344e-01
178638.50	3.043e-05	2.486e-01	-1.709e-01
178639.50	1.709e-03	1.421e-01	-1.536e-01
178640.50	3.254e-03	1.066e-01	-2.131e-01
178641.50	2.006e-03	1.152e-01	9.101e-04
178642.50	1.334e-03	3.418e-01	-1.440e-01
178643.50	7.603e-03	4.454e-01	9.034e-02
178644.50	7.930e-03	2.650e-01	4.205e-01
178645.50	6.960e-03	3.898e-01	2.035e-01
178646.50	-4.925e-03	-1.882e-04	-2.093e-01
178647.50	-8.554e-03	-3.398e-01	1.978e-02
178648.50	1.114e-03	2.026e-01	-2.026e-01
178649.50	6.998e-04	-1.181e-01	1.008e-01
178650.50	6.874e-03	4.819e-01	-1.574e-01
178651.50	7.872e-04	6.163e-02	8.544e-02
178652.50	-1.152e-03	-5.722e-02	1.987e-01
178653.50	2.650e-03	3.658e-01	-1.066e-01
178654.50	-5.424e-04	-1.613e-02	4.944e-02
178655.50	5.664e-03	2.995e-01	1.334e-01
178656.50	4.253e-03	2.995e-01	-3.293e-02
178657.50	1.450e-03	1.584e-01	-1.757e-01
178658.50	3.379e-03	2.246e-01	-2.621e-01
178659.50	7.133e-03	1.939e-01	-4.531e-02
178660.50	5.203e-03	-3.466e-02	2.122e-01
178661.50	4.224e-03	3.312e-01	3.178e-02
178662.50	-3.149e-03	-1.546e-01	2.515e-01
178663.50	-3.120e-03	-1.546e-01	1.430e-01
178664.50	-1.200e-03	-6.902e-02	-1.392e-01
178665.50	-1.642e-03	2.227e-02	-1.402e-01
178666.50	1.085e-02	4.915e-01	1.382e-01
178667.50	5.894e-03	4.339e-01	1.747e-01
178668.50	-3.341e-03	-5.242e-02	1.622e-01
178669.50	-1.066e-03	6.365e-02	-2.573e-01
178670.50	4.963e-03	1.546e-01	1.565e-02
178671.50	1.776e-03	1.709e-01	9.984e-02
178672.50	3.283e-03	1.488e-01	8.592e-02
178673.50	6.730e-04	1.834e-01	-4.166e-02
178674.50	4.157e-03	2.237e-01	-1.584e-02
178675.50	-3.264e-03	-7.526e-02	-4.061e-02
178676.50	-2.208e-03	9.110e-02	-3.552e-01
178677.50	4.176e-03	2.419e-01	2.016e-02
178678.50	-1.373e-03	-5.472e-02	-1.382e-01
178679.50	-1.978e-03	-3.072e-01	3.360e-01
178680.50	2.400e-03	1.536e-01	1.162e-01
178681.50	3.696e-03	6.979e-02	-2.640e-02
178682.50	-1.584e-03	9.264e-02	-1.315e-01
178683.50	-5.482e-03	-8.621e-02	-8.986e-02
178684.50	-2.419e-03	-1.488e-01	-1.651e-01
178685.50	2.832e-03	1.997e-01	1.459e-01
178686.50	1.181e-03	1.622e-01	-2.371e-01
178687.50	-1.699e-03	1.459e-01	3.235e-04
178688.50	-3.427e-03	-9.120e-02	5.885e-02
178689.50	-8.918e-04	-1.517e-01	8.995e-02
178690.50	3.782e-03	1.114e-01	3.379e-02
178691.50	5.952e-03	3.206e-01	3.264e-02
178692.50	-1.066e-03	1.478e-02	1.622e-01
178693.50	8.074e-04	1.920e-01	-1.498e-01
178694.50	2.611e-03	1.181e-01	-4.186e-02
178695.50	-1.421e-05	6.326e-02	-1.939e-01
178696.50	-5.069e-03	-1.814e-02	-1.709e-01
178697.50	-9.379e-04	-8.045e-02	1.334e-01
178698.50	2.112e-03	2.122e-01	-2.592e-02
178699.50	2.390e-04	-2.640e-02	-9.504e-02
178700.50	2.246e-03	-6.816e-05	4.426e-02
178701.50	3.754e-03	1.286e-01	9.984e-02
178702.50	4.733e-03	2.304e-01	4.330e-02
178703.50	-8.938e-04	-1.037e-02	-6.115e-02
178704.50	5.731e-03	1.459e-01	1.258e-01
178705.50	-1.296e-04	-3.821e-02	7.958e-02
178706.50	-4.406e-03	-1.142e-01	-2.026e-01
178707.50	4.579e-03	2.918e-01	9.600e-02
178708.50	3.658e-03	4.435e-03	-7.114e-02
178709.50	8.525e-03	7.987e-02	2.563e-01
178710.50	-4.234e-03	5.155e-02	6.461e-02
178711.50	-4.080e-03	2.544e-02	3.350e-02
178712.50	-9.216e-03	-2.554e-01	-4.848e-02
178713.50	4.176e-04	-4.176e-03	8.371e-02
178714.50	4.637e-03	6.509e-02	9.696e-02
178715.50	-8.842e-03	-1.421e-02	-2.150e-01
178716.50	6.134e-03	4.349e-02	1.334e-01
178717.50	-1.114e-03	-1.670e-02	-6.883e-03
178718.50	-2.832e-03	1.766e-02	1.872e-03
178719.50	3.523e-04	1.018e-01	4.973e-02
178720.50	-2.083e-03	-1.411e-01	1.901e-01
178721.50	4.406e-03	1.622e-02	2.246e-03
178722.50	-4.032e-03	-3.072e-02	-3.600e-03
178723.50	-3.082e-03	1.526e-01	-5.472e-02
178724.50	1.949e-03	-1.142e-01	-1.133e-01
178725.50	-2.477e-03	4.579e-02	1.075e-01
178726.50	-4.176e-03	4.896e-02	-3.168e-02
178727.50	1.651e-03	-6.749e-02	8.410e-03
178728.50	-2.573e-03	5.510e-03	-2.016e-01
178729.50	3.629e-03	7.450e-02	1.546e-01
178730.50	1.085e-02	2.314e-01	9.226e-03
178731.50	2.957e-03	1.181e-01	3.571e-02
178732.50	2.486e-03	7.459e-02	2.246e-02
178733.50	6.403e-03	5.078e-02	1.258e-01
178734.50	8.294e-04	2.813e-02	-8.678e-02
178735.50	-4.512e-04	-5.942e-02	3.014e-02
178736.50	-2.342e-03	-1.920e-01	-2.947e-02
178737.50	1.200e-03	1.651e-01	-8.659e-03
178738.50	-5.520e-03	2.266e-03	-1.075e-02
178739.50	3.638e-03	3.130e-02	1.037e-01
178740.50	-2.198e-04	8.755e-02	-8.083e-02
178741.50	4.598e-03	1.699e-01	1.786e-01
178742.50	-4.138e-03	-2.275e-02	-8.342e-02
178743.50	-1.229e-03	-4.454e-02	-6.182e-02
178744.50	1.786e-04	8.957e-02	4.589e-03
178745.50	-5.213e-04	1.978e-02	9.168e-03
178746.50	-2.592e-03	-1.382e-01	-1.469e-01
178747.50	-4.378e-03	-1.757e-01	-7.162e-02
178748.50	-1.738e-03	-2.016e-03	-1.814e-01
178749.50	1.459e-03	-4.195e-02	1.219e-02
178750.50	-2.016e-03	-1.392e-01	1.162e-01
178751.50	3.494e-03	3.859e-02	4.675e-02
178752.50	-1.670e-04	7.046e-02	-1.670e-01
178753.50	-1.200e-03	-1.171e-01	1.085e-01
178754.50	-1.114e-04	3.091e-03	-2.621e-02
178755.50	-8.102e-04	-4.666e-02	4.627e-02
178756.50	-1.872e-03	3.965e-02	-7.094e-02
178757.50	2.342e-03	7.766e-02	8.227e-02
178758.50	-5.357e-04	-1.046e-01	7.651e-03
178759.50	2.976e-03	1.824e-01	3.226e-02
178760.50	2.342e-03	1.709e-01	2.112e-02
178761.50	3.811e-04	-6.806e-03	-2.458e-02
178762.50	-3.610e-04	-1.008e-01	-6.202e-02
178763.50	2.333e-03	1.181e-01	1.277e-01
178764.50	2.678e-04	5.875e-02	-1.133e-01
178765.50	-1.805e-03	-8.765e-02	-7.507e-02
178766.50	-6.278e-04	-1.872e-02	-5.146e-02
178767.50	2.400e-03	1.594e-01	-7.334e-02
178768.50	3.936e-03	1.546e-01	1.757e-01
178769.50	-2.784e-03	-9.984e-02	-2.304e-04
178770.50	1.699e-03	1.162e-01	6.259e-02
178771.50	9.158e-04	1.805e-02	3.341e-02
178772.50	2.170e-04	1.382e-02	-4.829e-02
178773.50	-4.954e-03	-1.891e-01	-1.891e-01
178774.50	-4.320e-03	-1.037e-01	-1.469e-02
178775.50	-2.294e-04	5.866e-02	6.902e-02
178776.50	8.544e-04	7.613e-02	-5.299e-02
178777.50	-1.930e-03	-3.917e-02	-8.438e-02
178778.50	-9.264e-04	-4.243e-03	-5.021e-02
178779.50	2.381e-03	-4.675e-03	2.342e-01
178780.50	-1.622e-03	-3.158e-02	2.102e-02
178781.50	-5.635e-04	-2.342e-02	-7.574e-02
178782.50	4.176e-03	1.056e-01	-1.814e-02
178783.50	1.661e-03	1.421e-01	-5.213e-03
178784.50	6.221e-04	-4.186e-02	4.541e-02
178785.50	-2.986e-04	-7.498e-02	3.437e-02
178786.50	-4.214e-04	7.718e-03	-1.162e-01
178787.50	1.661e-03	-1.315e-02	-2.966e-02
178788.50	-1.699e-03	-8.966e-02	1.219e-01
178789.50	-5.040e-04	2.131e-02	3.158e-02
178790.50	-1.162e-03	-4.733e-02	5.616e-02
178791.50	-6.912e-05	2.621e-02	-1.142e-01
178792.50	1.123e-04	-4.061e-02	8.755e-03
178793.50	-3.638e-03	-7.555e-03	-4.214e-02
178794.50	-1.920e-03	-1.056e-02	-9.331e-02
178795.50	-1.699e-03	-7.440e-02	-6.144e-02
178796.50	2.198e-03	5.338e-02	3.830e-02
178797.50	-1.939e-03	-4.675e-02	9.984e-03
178798.50	2.381e-04	-2.496e-02	7.920e-02
178799.50	-1.738e-03	2.333e-02	-3.821e-02
178800.50	-4.032e-04	-5.328e-02	-1.632e-01
178801.50	2.179e-03	4.944e-03	4.570e-02
178802.50	2.294e-03	3.043e-02	1.872e-02
178803.50	-1.709e-03	3.725e-02	-4.656e-02
178804.50	5.165e-04	6.586e-02	1.354e-02
178805.50	-1.930e-03	-5.194e-02	4.186e-02
178806.50	1.402e-03	7.622e-02	-9.696e-02
178807.50	7.565e-05	4.723e-02	3.178e-02
178808.50	2.381e-03	7.603e-02	4.454e-02
178809.50	1.142e-03	1.622e-02	-1.824e-02
178810.50	3.370e-03	9.091e-02	6.413e-02
178811.50	7.968e-04	6.518e-02	-1.306e-02
178812.50	-2.093e-03	-3.398e-02	-7.325e-03
178813.50	9.696e-04	-2.074e-02	5.722e-02
178814.50	-3.360e-04	1.354e-01	2.016e-02
178815.50	-2.822e-03	-1.181e-02	-1.142e-01
178816.50	2.621e-03	-3.091e-02	-9.254e-03
178817.50	2.611e-03	-1.181e-02	8.371e-02
178818.50	-5.578e-03	1.805e-02	3.926e-02
178819.50	1.037e-03	6.643e-02	-3.187e-02
178820.50	4.272e-04	1.200e-02	-2.150e-02
178821.50	6.432e-04	-6.749e-02	-2.544e-02
178822.50	-9.389e-04	-1.114e-01	6.576e-02
178823.50	7.286e-05	2.333e-02	1.296e-03
178824.50	-1.382e-03	-3.878e-02	-4.090e-02
178825.50	6.336e-04	1.094e-01	3.130e-02
178826.50	1.210e-03	5.952e-02	-2.333e-02
178827.50	-1.622e-03	-3.696e-02	1.334e-02
178828.50	6.586e-04	6.595e-03	7.834e-02
178829.50	2.266e-03	8.294e-02	-1.066e-01
178830.50	-3.110e-03	-7.546e-02	-6.960e-03
178831.50	3.322e-03	1.699e-01	7.795e-02
178832.50	1.421e-02	-6.144e-02	1.210e-01
178833.50	1.392e-03	-9.792e-02	-9.888e-02
178834.50	-5.050e-03	-5.789e-02	-5.789e-02
178835.50	-2.832e-03	6.451e-03	-1.613e-02
178836.50	-2.832e-03	-5.386e-02	-6.288e-02
178837.50	-2.515e-03	-6.605e-03	-3.600e-02
178838.50	1.642e-04	4.099e-02	-1.325e-01
178839.50	1.546e-03	2.102e-02	-1.670e-02
178840.50	-9.984e-04	-3.504e-02	8.765e-02
178841.50	1.478e-03	1.469e-02	2.496e-02
178842.50	-1.104e-03	-8.698e-02	2.659e-02
178843.50	-2.227e-03	-2.746e-02	2.083e-02
178844.50	-2.208e-04	-6.989e-03	-2.726e-02
178845.50	4.032e-03	2.880e-02	6.922e-02
178846.50	1.229e-03	4.896e-03	3.734e-02
178847.50	1.018e-03	2.506e-02	-4.118e-03
178848.50	-1.066e-02	-3.130e-02	-2.563e-02
178849.50	-2.083e-03	-2.803e-03	-9.792e-03
178850.50	1.786e-04	3.130e-02	-3.187e-02
178851.50	1.056e-03	-1.152e-02	4.502e-03
178852.50	1.584e-03	2.765e-02	-4.454e-02
178853.50	2.246e-03	7.133e-02	-2.544e-02
178854.50	5.232e-03	1.555e-01	-6.240e-02
178855.50	3.955e-04	4.704e-02	5.386e-02
178856.50	-1.478e-03	-3.264e-02	7.171e-02
178857.50	-3.869e-04	-1.142e-01	4.934e-02
178858.50	8.611e-04	1.430e-03	3.782e-04
178859.50	9.888e-04	6.422e-02	-2.371e-02
178860.50	-1.027e-03	-1.498e-02	-8.150e-02
178861.50	-1.507e-04	7.354e-02	5.674e-03
178862.50	-2.515e-04	-1.901e-02	5.098e-02
178863.50	-2.563e-03	-1.094e-01	-7.046e-02
178864.50	1.094e-03	-3.514e-02	2.995e-02
178865.50	-9.206e-04	3.994e-02	-5.539e-02
178866.50	-1.709e-02	-1.229e-01	4.790e-02
178867.50	3.341e-04	2.074e-02	-2.035e-02
178868.50	-1.046e-03	7.709e-02	2.045e-02
178869.50	5.789e-03	5.395e-02	1.872e-02
178870.50	4.301e-03	5.453e-02	-1.690e-02
178871.50	2.237e-03	3.187e-02	4.099e-02
178872.50	-1.469e-03	-6.394e-02	1.027e-02
178873.50	-2.227e-03	-2.150e-02	1.085e-02
178874.50	-1.814e-03	-5.040e-02	-8.246e-02
178875.50	1.891e-03	5.971e-02	-1.056e-01
178876.50	-8.880e-03	-8.333e-02	-5.702e-02
178877.50	5.798e-03	8.208e-02	-7.584e-02
178878.50	2.870e-03	2.218e-02	8.227e-02
178879.50	3.197e-04	-1.296e-02	6.384e-02
178880.50	6.221e-03	1.718e-02	3.168e-02
178881.50	5.405e-05	-5.616e-02	7.526e-02
178882.50	-1.728e-03	-2.304e-02	-1.670e-02
178883.50	3.072e-04	4.627e-03	2.698e-02
178884.50	2.467e-03	8.592e-02	1.824e-02
178885.50	6.432e-05	2.995e-02	9.504e-03
178886.50	-9.600e-04	-3.245e-02	3.341e-02
178887.50	6.211e-04	-3.187e-03	3.110e-02
178888.50	3.542e-03	1.853e-02	4.070e-02
178889.50	3.542e-03	2.122e-02	-1.901e-03
178890.50	1.478e-03	3.389e-02	5.194e-03
178891.50	1.306e-03	-1.027e-02	-7.728e-02
178892.50	2.141e-03	-6.154e-02	7.584e-02
178893.50	-5.693e-04	-8.160e-02	-1.027e-01
178894.50	-9.600e-04	-8.102e-02	-1.843e-02
178895.50	-9.005e-04	-4.598e-02	-4.042e-02
178896.50	1.968e-03	1.344e-02	5.146e-02
178897.50	-1.123e-03	-4.358e-02	1.382e-02
178898.50	3.619e-05	2.390e-02	5.443e-02
178899.50	2.525e-03	3.350e-02	-3.696e-03
178900.50	-3.658e-03	2.534e-02	-1.142e-01
178901.50	-7.978e-03	-4.810e-02	-1.488e-02
178902.50	-2.525e-03	-2.362e-02	1.219e-02
178903.50	5.347e-04	-1.190e-02	3.389e-02
178904.50	5.194e-04	1.795e-02	-3.446e-03
178905.50	5.866e-04	-2.659e-04	5.635e-02
178906.50	2.410e-03	9.350e-02	1.699e-03
178907.50	-2.381e-04	3.139e-02	-5.933e-02
178908.50	-6.480e-06	-2.870e-02	-4.147e-02
178909.50	1.373e-03	4.675e-02	3.370e-02
178910.50	-4.234e-04	6.758e-02	1.642e-03
178911.50	1.267e-03	9.888e-02	3.149e-02
178912.50	1.373e-03	3.341e-02	-2.390e-02
178913.50	-1.699e-04	-3.024e-02	3.821e-02
178914.50	9.139e-04	-6.576e-02	2.074e-02
178915.50	-1.642e-03	-7.046e-02	-9.130e-03
178916.50	-2.198e-03	7.757e-03	-3.341e-02
178917.50	6.749e-04	5.674e-02	-5.395e-02
178918.50	-9.792e-04	8.928e-03	2.122e-02
178919.50	1.018e-03	-4.157e-02	3.994e-02
178920.50	-1.853e-03	3.619e-02	-2.928e-02
178921.50	-5.530e-03	1.354e-02	-2.909e-02
178922.50	8.477e-05	-2.381e-02	1.296e-02
178923.50	-1.219e-03	1.075e-02	-1.037e-01
178924.50	1.325e-02	1.584e-02	1.171e-01
178925.50	-6.931e-04	-1.891e-02	4.512e-02
178926.50	3.110e-03	-1.123e-03	4.800e-03
178927.50	2.880e-03	5.395e-02	-2.400e-02
178928.50	2.870e-03	-2.170e-03	-2.669e-02
178929.50	-7.555e-03	-4.118e-02	2.390e-02
178930.50	-1.622e-02	-1.507e-01	-1.517e-02
178931.50	1.766e-03	1.421e-01	-7.690e-02
178932.50	-5.386e-03	-1.258e-01	4.147e-02
178933.50	4.022e-05	-5.002e-02	4.493e-03
178934.50	-1.382e-03	-1.459e-02	-6.931e-02
178935.50	-1.603e-04	2.506e-02	2.314e-02
178936.50	-1.978e-03	8.870e-03	1.517e-03
178937.50	-1.709e-03	-3.802e-02	-1.229e-02
178938.50	1.354e-03	-2.160e-02	1.862e-02
178939.50	-4.205e-04	-3.091e-02	3.878e-03
178940.50	3.053e-03	2.870e-02	1.258e-02
178941.50	-1.690e-03	-5.088e-02	2.909e-02
178942.50	1.181e-03	-1.450e-02	8.909e-02
178943.50	-3.158e-04	-4.166e-03	2.592e-02
178944.50	-2.736e-03	7.238e-03	-7.968e-02
178945.50	-6.202e-03	-1.354e-02	-5.443e-02
178946.50	-7.661e-04	-2.016e-02	1.440e-02
178947.50	3.696e-03	5.837e-02	-5.395e-02
178948.50	1.277e-03	3.245e-02	3.456e-02
178949.50	1.834e-03	-2.131e-02	7.200e-02
178950.50	8.064e-04	-1.037e-02	-8.659e-03
178951.50	5.136e-03	5.731e-02	-6.336e-03
178952.50	1.949e-02	6.442e-02	6.778e-02
178953.50	-3.350e-03	3.187e-02	3.965e-02
178954.50	-5.846e-03	2.870e-02	-4.810e-02
178955.50	-4.848e-04	-2.515e-02	-6.106e-03
178956.50	5.165e-04	2.256e-02	-3.965e-03
178957.50	-6.173e-03	4.224e-03	-1.469e-02
178958.50	2.131e-03	-1.142e-01	-1.354e-03
