178360.50	0.000e+00	0.000e+00	0.000e+00
178361.50	0.000e+00	0.000e+00	0.000e+00
178362.50	0.000e+00	0.000e+00	0.000e+00
178363.50	0.000e+00	0.000e+00	0.000e+00
178364.50	0.000e+00	0.000e+00	0.000e+00
178365.50	0.000e+00	0.000e+00	0.000e+00
178366.50	0.000e+00	0.000e+00	0.000e+00
178367.50	0.000e+00	0.000e+00	0.000e+00
178368.50	0.000e+00	0.000e+00	0.000e+00
178369.50	0.000e+00	0.000e+00	0.000e+00
178370.50	0.000e+00	0.000e+00	0.000e+00
178371.50	0.000e+00	0.000e+00	0.000e+00
178372.50	0.000e+00	0.000e+00	0.000e+00
178373.50	0.000e+00	0.000e+00	0.000e+00
178374.50	0.000e+00	0.000e+00	0.000e+00
178375.50	0.000e+00	0.000e+00	0.000e+00
178376.50	0.000e+00	0.000e+00	0.000e+00
178377.50	0.000e+00	0.000e+00	0.000e+00
178378.50	0.000e+00	0.000e+00	0.000e+00
178379.50	0.000e+00	0.000e+00	0.000e+00
178380.50	0.000e+00	0.000e+00	0.000e+00
178381.50	0.000e+00	0.000e+00	0.000e+00
178382.50	0.000e+00	0.000e+00	0.000e+00
178383.50	0.000e+00	0.000e+00	0.000e+00
178384.50	0.000e+00	0.000e+00	0.000e+00
178385.50	0.000e+00	0.000e+00	0.000e+00
178386.50	0.000e+00	0.000e+00	0.000e+00
178387.50	0.000e+00	0.000e+00	0.000e+00
178388.50	0.000e+00	0.000e+00	0.000e+00
178389.50	0.000e+00	0.000e+00	0.000e+00
178390.50	0.000e+00	0.000e+00	0.000e+00
178391.50	0.000e+00	0.000e+00	0.000e+00
178392.50	0.000e+00	0.000e+00	0.000e+00
178393.50	0.000e+00	0.000e+00	0.000e+00
178394.50	0.000e+00	0.000e+00	0.000e+00
178395.50	0.000e+00	0.000e+00	0.000e+00
178396.50	0.000e+00	0.000e+00	0.000e+00
178397.50	0.000e+00	0.000e+00	0.000e+00
178398.50	0.000e+00	0.000e+00	0.000e+00
178399.50	0.000e+00	0.000e+00	0.000e+00
178400.50	0.000e+00	0.000e+00	0.000e+00
178401.50	0.000e+00	0.000e+00	0.000e+00
178402.50	0.000e+00	0.000e+00	0.000e+00
178403.50	0.000e+00	0.000e+00	0.000e+00
178404.50	0.000e+00	0.000e+00	0.000e+00
178405.50	0.000e+00	0.000e+00	0.000e+00
178406.50	0.000e+00	0.000e+00	0.000e+00
178407.50	0.000e+00	0.000e+00	0.000e+00
178408.50	0.000e+00	0.000e+00	0.000e+00
178409.50	0.000e+00	0.000e+00	0.000e+00
178410.50	0.000e+00	0.000e+00	0.000e+00
178411.50	0.000e+00	0.000e+00	0.000e+00
178412.50	0.000e+00	0.000e+00	0.000e+00
178413.50	0.000e+00	0.000e+00	0.000e+00
178414.50	0.000e+00	0.000e+00	0.000e+00
178415.50	0.000e+00	0.000e+00	0.000e+00
178416.50	0.000e+00	0.000e+00	0.000e+00
178417.50	0.000e+00	0.000e+00	0.000e+00
178418.50	0.000e+00	0.000e+00	0.000e+00
178419.50	0.000e+00	0.000e+00	0.000e+00
178420.50	0.000e+00	0.000e+00	0.000e+00
178421.50	0.000e+00	0.000e+00	0.000e+00
178422.50	0.000e+00	0.000e+00	0.000e+00
178423.50	0.000e+00	0.000e+00	0.000e+00
178424.50	0.000e+00	0.000e+00	0.000e+00
178425.50	0.000e+00	0.000e+00	0.000e+00
178426.50	0.000e+00	0.000e+00	0.000e+00
178427.50	0.000e+00	0.000e+00	0.000e+00
178428.50	0.000e+00	0.000e+00	0.000e+00
178429.50	0.000e+00	0.000e+00	0.000e+00
178430.50	0.000e+00	0.000e+00	0.000e+00
178431.50	0.000e+00	0.000e+00	0.000e+00
178432.50	0.000e+00	0.000e+00	0.000e+00
178433.50	0.000e+00	0.000e+00	0.000e+00
178434.50	0.000e+00	0.000e+00	0.000e+00
178435.50	0.000e+00	0.000e+00	0.000e+00
178436.50	0.000e+00	0.000e+00	0.000e+00
178437.50	0.000e+00	0.000e+00	0.000e+00
178438.50	0.000e+00	0.000e+00	0.000e+00
178439.50	0.000e+00	0.000e+00	0.000e+00
178440.50	0.000e+00	0.000e+00	0.000e+00
178441.50	0.000e+00	0.000e+00	0.000e+00
178442.50	0.000e+00	0.000e+00	0.000e+00
178443.50	0.000e+00	0.000e+00	0.000e+00
178444.50	0.000e+00	0.000e+00	0.000e+00
178445.50	0.000e+00	0.000e+00	0.000e+00
178446.50	0.000e+00	0.000e+00	0.000e+00
178447.50	0.000e+00	0.000e+00	0.000e+00
178448.50	0.000e+00	0.000e+00	0.000e+00
178449.50	0.000e+00	0.000e+00	0.000e+00
178450.50	0.000e+00	0.000e+00	0.000e+00
178451.50	0.000e+00	0.000e+00	0.000e+00
178452.50	0.000e+00	0.000e+00	0.000e+00
178453.50	0.000e+00	0.000e+00	0.000e+00
178454.50	0.000e+00	0.000e+00	0.000e+00
178455.50	0.000e+00	0.000e+00	0.000e+00
178456.50	0.000e+00	0.000e+00	0.000e+00
178457.50	0.000e+00	0.000e+00	0.000e+00
178458.50	0.000e+00	0.000e+00	0.000e+00
178459.50	0.000e+00	0.000e+00	0.000e+00
178460.50	0.000e+00	0.000e+00	0.000e+00
178461.50	0.000e+00	0.000e+00	0.000e+00
178462.50	1.027e-03	-1.210e-01	2.851e-02
178463.50	-2.458e-04	5.693e-02	-1.997e-02
178464.50	-9.696e-04	7.747e-02	-2.832e-02
178465.50	-3.293e-05	-2.458e-03	1.594e-02
178466.50	5.750e-04	9.984e-02	5.203e-02
178467.50	7.267e-04	-5.386e-03	-3.648e-02
178468.50	7.795e-05	-2.179e-02	-1.546e-02
178469.50	1.018e-04	-2.621e-02	7.622e-03
178470.50	-7.248e-03	1.162e-01	2.947e-02
178471.50	-2.141e-03	9.485e-03	1.834e-02
178472.50	9.533e-03	-1.546e-01	-4.886e-02
178473.50	3.130e-04	-6.461e-03	-1.949e-02
178474.50	2.669e-02	-2.918e-01	-1.306e-01
178475.50	5.962e-03	-4.291e-02	-1.488e-01
178476.50	-1.325e-03	7.786e-02	7.939e-03
178477.50	-1.152e-03	5.050e-02	1.334e-02
178478.50	-1.171e-03	1.536e-02	7.152e-02
178479.50	-2.208e-03	-3.158e-02	3.763e-02
178480.50	7.603e-05	1.258e-02	1.373e-02
178481.50	1.286e-03	-2.890e-01	1.430e-03
178482.50	-1.824e-03	1.920e-01	2.266e-01
178483.50	-4.176e-05	-9.552e-02	6.173e-03
178484.50	-1.651e-04	1.699e-01	1.056e-01
178485.50	4.032e-04	-8.237e-02	-2.611e-01
178486.50	-3.859e-04	7.661e-02	-5.261e-03
178487.50	3.514e-04	-5.712e-01	7.133e-02
178488.50	2.640e-04	-5.914e-01	2.755e-01
178489.50	1.325e-03	-1.546e+00	-1.488e-01
178490.50	-9.350e-04	-7.776e+00	7.565e-01
178491.50	-3.619e-03	-2.304e+01	9.206e-01
178492.50	1.805e-03	-5.990e+01	8.966e-01
178493.50	1.315e-02	-1.392e+02	1.162e-01
178494.50	-1.968e-02	-2.563e+02	8.650e+00
178495.50	1.027e-02	-2.678e+02	6.509e+00
178496.50	1.142e-02	-2.736e+02	8.342e+00
178497.50	3.283e-02	-2.995e+02	5.712e+00
178498.50	5.270e-02	-7.392e+01	1.430e+00
178499.50	7.488e-02	4.627e+01	-5.866e+00
178500.50	9.581e-02	1.152e+02	-1.008e+01
178501.50	6.432e-03	1.094e+02	2.698e+00
178502.50	4.531e-02	1.018e+02	-5.261e+00
178503.50	6.874e-02	8.890e+01	-1.114e+01
178504.50	-2.314e-02	7.402e+01	4.234e+00
178505.50	-6.307e-05	6.922e+01	-8.150e-01
178506.50	8.870e-02	5.578e+01	3.562e+00
178507.50	-1.507e-01	5.338e+01	-3.658e+00
178508.50	8.890e-03	5.242e+01	-1.603e+00
178509.50	2.410e-02	4.138e+01	-4.666e+00
178510.50	-1.162e-02	4.397e+01	4.445e-01
178511.50	2.842e-03	3.590e+01	-1.402e+00
178512.50	-5.875e-03	2.966e+01	4.550e-01
178513.50	4.934e-03	3.158e+01	-1.536e+00
178514.50	-3.754e-03	2.755e+01	-5.693e-01
178515.50	-1.594e-02	2.486e+01	1.450e+00
178516.50	-2.774e-03	2.650e+01	2.410e-02
178517.50	-3.245e-02	2.198e+01	-2.246e-01
178518.50	-1.248e-02	1.882e+01	-1.584e-01
178519.50	-4.637e-03	1.728e+01	-4.253e-01
178520.50	-1.853e-03	1.526e+01	-8.659e-01
178521.50	-6.768e-03	1.642e+01	-3.494e-01
178522.50	-5.866e-03	1.661e+01	1.037e-01
178523.50	-1.526e-02	1.459e+01	1.382e+00
178524.50	-1.354e-02	1.430e+01	1.373e+00
178525.50	-2.275e-03	1.344e+01	-2.918e-01
178526.50	2.707e-03	1.190e+01	-1.085e+00
178527.50	-4.925e-03	1.142e+01	-5.645e-01
178528.50	4.733e-03	1.142e+01	-1.747e+00
178529.50	3.264e-03	8.054e+00	-1.814e+00
178530.50	-8.678e-03	9.523e+00	8.698e-01
178531.50	-1.171e-02	9.446e+00	1.373e-02
178532.50	-2.016e-02	7.123e+00	7.651e-01
178533.50	-1.306e-03	8.640e+00	2.189e-01
178534.50	-2.688e-04	6.240e+00	2.496e-01
178535.50	3.542e-03	6.768e+00	-2.698e-01
178536.50	-1.459e-02	6.384e+00	1.286e+00
178537.50	-1.171e-02	6.048e+00	1.344e+00
178538.50	-6.931e-03	6.374e+00	7.181e-01
178539.50	-8.438e-03	4.531e+00	7.056e-01
178540.50	-1.075e-03	5.059e+00	9.696e-02
178541.50	-5.194e-03	5.174e+00	-4.925e-01
178542.50	-5.069e-03	5.789e+00	1.037e-01
178543.50	9.187e-04	3.946e+00	-7.229e-01
178544.50	-1.613e-03	2.717e+00	-4.061e-01
178545.50	-3.850e-03	3.802e+00	-1.296e-01
178546.50	-8.016e-03	3.091e+00	4.099e-01
178547.50	4.205e-03	4.992e+00	-7.402e-01
178548.50	-1.075e-02	4.176e+00	9.600e-01
178549.50	-3.677e-03	3.168e+00	4.339e-02
178550.50	-3.571e-04	2.707e+00	1.805e-01
178551.50	-7.334e-03	3.379e+00	9.792e-01
178552.50	3.552e-04	2.515e+00	3.850e-01
178553.50	-3.206e-03	2.669e+00	4.339e-01
178554.50	4.867e-03	2.467e+00	-5.318e-01
178555.50	8.352e-04	2.189e+00	-8.438e-01
178556.50	-1.930e-03	2.102e+00	-5.194e-01
178557.50	-1.027e-03	2.381e+00	1.584e-01
178558.50	-5.165e-03	2.093e+00	-5.126e-02
178559.50	-2.669e-03	1.622e+00	-1.027e-01
178560.50	-2.659e-03	1.306e+00	8.669e-02
178561.50	-2.515e-03	1.776e+00	2.170e-01
178562.50	5.078e-03	1.987e+00	-1.056e-02
178563.50	-4.330e-03	2.419e+00	-3.024e-01
178564.50	-3.955e-03	1.190e+00	6.346e-01
178565.50	-4.541e-03	1.334e+00	4.435e-01
178566.50	1.997e-03	1.718e+00	-1.104e+00
178567.50	-8.611e-03	1.642e+00	-2.602e-01
178568.50	-2.026e-03	1.142e+00	1.411e-01
178569.50	4.406e-04	8.074e-01	1.670e-02
178570.50	-3.917e-03	1.171e+00	3.264e-01
178571.50	1.757e-03	1.882e+00	-5.040e-01
178572.50	-7.046e-03	1.949e-02	-3.110e-01
178573.50	3.581e-03	1.229e+00	-4.973e-02
178574.50	-4.954e-03	7.536e-01	3.811e-01
178575.50	-1.373e-03	1.008e+00	9.792e-02
178576.50	3.552e-03	1.066e+00	1.958e-01
178577.50	1.373e-03	3.926e-01	1.450e-02
178578.50	-7.037e-04	1.162e+00	-3.552e-01
178579.50	3.370e-04	3.466e-01	1.363e-01
178580.50	7.325e-04	6.106e-01	1.584e-02
178581.50	-1.478e-03	1.056e+00	3.686e-01
178582.50	-1.267e-03	5.146e-01	-2.390e-01
178583.50	-3.283e-03	4.915e-01	-2.803e-01
178584.50	-1.488e-03	7.901e-01	3.139e-02
178585.50	-1.200e-03	9.600e-01	-4.272e-03
178586.50	-3.024e-05	3.504e-01	-1.997e-02
178587.50	-2.554e-04	4.128e-01	-1.411e-01
178588.50	-3.926e-04	3.379e-01	2.861e-01
178589.50	-1.181e-04	4.810e-01	1.507e-01
178590.50	3.706e-02	1.248e+00	-1.382e-02
178591.50	-1.997e-03	2.957e-01	2.746e-02
178592.50	-2.026e-04	2.890e-01	-7.997e-02
178593.50	-1.123e-03	7.574e-01	1.603e-02
178594.50	-1.747e-03	6.854e-01	3.091e-01
178595.50	1.824e-03	-6.902e-02	-1.824e-01
178596.50	-3.197e-03	3.139e-01	-3.830e-01
178597.50	4.042e-03	3.715e-01	-9.264e-02
178598.50	-3.888e-03	3.811e-01	-3.293e-01
178599.50	8.592e-04	6.538e-01	-8.227e-02
178600.50	1.469e-03	3.581e-01	-3.667e-02
178601.50	-2.064e-04	2.477e-01	-2.304e-01
178602.50	-4.454e-03	1.517e-01	4.483e-01
178603.50	-2.986e-03	3.427e-01	1.834e-01
178604.50	-2.832e-03	1.987e-02	3.859e-01
178605.50	2.554e-03	6.010e-01	-1.440e-01
178606.50	-1.344e-02	1.738e-01	-1.171e-01
178607.50	-1.978e-02	5.194e-01	-2.726e-01
178608.50	-4.070e-03	4.819e-01	2.026e-01
178609.50	-1.018e-03	-2.314e-01	-3.130e-02
178610.50	3.658e-03	3.350e-01	-1.565e-01
178611.50	-3.379e-03	3.446e-01	-2.218e-01
178612.50	-5.923e-03	3.130e-01	2.304e-01
178613.50	1.584e-03	2.419e-01	-2.285e-01
178614.50	1.421e-03	2.045e-01	1.680e-01
178615.50	-2.112e-03	1.517e-01	1.334e-01
178616.50	-1.450e-03	1.104e-01	-1.958e-02
178617.50	8.794e-04	1.200e-01	-3.552e-01
178618.50	-2.045e-04	6.499e-01	7.037e-02
178619.50	-2.448e-03	1.757e-01	-7.565e-02
178620.50	-9.091e-03	2.880e-02	2.909e-01
178621.50	-3.562e-03	4.867e-01	-2.726e-02
178622.50	1.027e-04	3.600e-01	1.968e-01
178623.50	6.701e-03	-3.562e-01	-2.717e-02
178624.50	-1.507e-03	-5.088e-03	-1.238e-01
178625.50	2.813e-03	3.043e-01	-1.488e-01
178626.50	5.126e-03	1.862e-01	-4.051e-02
178627.50	2.256e-03	1.450e-01	2.986e-01
178628.50	2.410e-03	-4.070e-02	-7.642e-02
178629.50	-1.978e-03	1.142e-01	3.773e-01
178630.50	-4.358e-03	4.627e-02	2.208e-01
178631.50	2.093e-03	-1.862e-01	5.270e-02
178632.50	7.651e-05	2.179e-01	2.909e-01
178633.50	1.498e-03	1.613e-01	2.323e-01
178634.50	-2.534e-03	2.909e-01	1.459e-01
178635.50	-5.395e-04	4.531e-01	-4.378e-01
178636.50	-1.632e-03	-1.248e-02	-3.245e-01
178637.50	8.064e-04	9.792e-02	-4.454e-01
178638.50	4.109e-03	2.333e-01	-1.824e-01
178639.50	-4.608e-03	4.195e-03	7.997e-02
178640.50	-3.149e-03	-3.475e-02	1.930e-01
178641.50	-3.869e-03	-2.189e-02	2.294e-01
178642.50	-7.027e-04	4.560e-02	2.726e-03
178643.50	5.597e-04	6.960e-02	-2.640e-01
178644.50	-1.565e-03	2.438e-01	-2.131e-01
178645.50	-1.018e-03	1.987e-01	-8.410e-03
178646.50	1.142e-03	-1.382e-01	-2.131e-02
178647.50	1.104e-03	1.181e-01	-4.339e-02
178648.50	-2.870e-03	2.966e-02	1.133e-01
178649.50	-8.794e-04	2.419e-01	3.216e-02
178650.50	-1.834e-03	8.736e-02	-2.131e-01
178651.50	5.126e-03	3.744e-01	3.504e-01
178652.50	1.622e-03	-9.888e-02	1.037e-02
178653.50	6.768e-03	-8.016e-02	2.160e-02
178654.50	4.915e-04	7.862e-02	1.354e-02
178655.50	-1.661e-02	4.714e-02	8.390e-02
178656.50	8.486e-04	-5.885e-02	-7.219e-02
178657.50	-5.117e-04	2.630e-01	3.312e-02
178658.50	4.262e-05	1.430e-01	-1.085e-01
178659.50	-9.984e-04	-1.123e-01	1.507e-01
178660.50	-2.544e-03	-1.536e-01	-2.746e-02
178661.50	1.546e-03	1.277e-01	-1.584e-01
178662.50	1.085e-03	-9.274e-02	-2.294e-01
178663.50	-1.613e-04	3.562e-01	-3.523e-03
178664.50	-1.507e-03	-1.382e-01	1.651e-01
178665.50	8.486e-04	2.573e-01	1.958e-02
178666.50	2.525e-04	9.792e-03	-1.613e-01
178667.50	-3.869e-03	1.997e-02	-2.026e-02
178668.50	-2.650e-04	-4.675e-02	1.709e-02
178669.50	-3.869e-04	1.190e-01	-1.152e-02
178670.50	-6.691e-04	3.053e-02	1.373e-02
178671.50	-2.314e-03	1.411e-01	1.210e-01
178672.50	1.555e-03	-1.315e-01	7.949e-02
178673.50	2.966e-03	6.970e-02	-1.094e-01
178674.50	1.949e-03	3.245e-01	2.141e-01
178675.50	-3.955e-03	-6.144e-02	2.093e-02
178676.50	5.395e-04	-6.115e-02	1.354e-02
178677.50	2.621e-04	3.888e-02	-4.992e-02
178678.50	2.717e-03	5.146e-02	1.824e-01
178679.50	-7.306e-03	2.352e-01	3.206e-03
178680.50	-3.686e-05	4.762e-02	3.514e-02
178681.50	1.584e-03	1.440e-01	3.062e-01
178682.50	-1.747e-03	-2.016e-01	4.589e-02
178683.50	3.475e-03	4.330e-01	-1.008e-01
178684.50	7.651e-04	8.995e-02	-9.158e-03
178685.50	-2.880e-03	-1.248e-03	5.674e-02
178686.50	-1.104e-03	1.094e-01	-4.205e-02
178687.50	-2.074e-03	-8.102e-02	1.210e-01
178688.50	-2.112e-03	-1.565e-01	1.066e-01
178689.50	3.514e-03	9.331e-02	4.848e-02
178690.50	4.867e-04	5.789e-02	4.262e-02
178691.50	-3.216e-04	-1.219e-01	-1.315e-01
178692.50	-2.650e-03	-2.630e-03	-1.392e-01
178693.50	8.957e-04	-2.381e-02	3.590e-02
178694.50	2.486e-03	5.808e-02	-2.621e-01
178695.50	8.074e-03	-2.467e-03	-5.107e-03
178696.50	-4.531e-03	1.123e-01	9.792e-02
178697.50	-6.230e-03	1.421e-01	8.947e-02
178698.50	-2.323e-03	5.530e-02	-6.950e-02
178699.50	-4.070e-03	-5.021e-02	1.382e-01
178700.50	1.507e-02	-1.277e-02	1.930e-01
178701.50	2.141e-06	-1.104e-02	-2.400e-01
178702.50	-2.976e-03	-9.888e-02	1.027e-01
178703.50	-4.733e-03	1.085e-01	-9.581e-02
178704.50	3.149e-03	1.267e-02	-3.456e-02
178705.50	-7.277e-03	6.394e-02	2.266e-01
178706.50	-4.685e-03	-7.814e-02	7.843e-02
178707.50	-1.968e-03	-3.773e-02	-2.938e-03
178708.50	1.584e-03	-5.117e-02	-7.382e-02
178709.50	1.267e-03	-7.699e-03	5.059e-02
178710.50	1.594e-03	9.235e-02	-8.563e-02
178711.50	-9.984e-04	1.872e-01	8.515e-02
178712.50	-4.032e-04	1.958e-01	1.603e-01
178713.50	7.066e-04	-1.027e-01	-5.069e-02
178714.50	-1.354e-04	-4.128e-02	-1.709e-01
178715.50	-4.454e-04	-1.277e-02	-1.910e-03
178716.50	1.152e-05	-2.774e-02	-2.333e-02
178717.50	-3.734e-04	2.659e-02	-5.558e-02
178718.50	8.582e-04	-1.430e-01	-1.411e-01
178719.50	1.565e-03	4.819e-02	-8.976e-02
178720.50	-1.430e-04	7.440e-02	3.206e-02
178721.50	-8.976e-04	3.974e-02	9.302e-02
178722.50	-2.208e-03	-4.214e-02	2.246e-02
178723.50	3.398e-04	1.920e-02	9.014e-02
178724.50	3.504e-03	-1.536e-01	-4.637e-02
178725.50	2.026e-03	8.813e-02	-1.574e-01
178726.50	3.763e-04	-4.378e-02	-1.411e-01
178727.50	2.918e-03	4.118e-03	7.056e-02
178728.50	-4.771e-03	2.832e-02	2.189e-02
178729.50	-1.565e-03	9.418e-02	7.229e-02
178730.50	6.950e-04	-5.213e-02	2.266e-01
178731.50	-8.746e-04	-1.402e-01	-1.603e-02
178732.50	1.094e-03	6.893e-02	-1.104e-01
178733.50	1.766e-03	-6.346e-02	-7.891e-02
178734.50	-3.514e-03	3.216e-02	-1.430e-02
178735.50	2.544e-03	-2.870e-02	-7.930e-02
178736.50	2.794e-03	1.344e-01	8.227e-02
178737.50	-2.678e-03	5.587e-02	1.190e-01
178738.50	1.219e-03	3.907e-02	-3.782e-02
178739.50	2.890e-03	-2.371e-02	-8.938e-02
178740.50	-4.637e-03	7.171e-02	-5.837e-02
178741.50	3.782e-03	-7.814e-02	-7.987e-02
178742.50	2.448e-03	-7.046e-03	-1.056e-01
178743.50	-1.862e-03	1.248e-02	1.699e-01
178744.50	2.467e-04	7.786e-02	6.730e-02
178745.50	1.440e-03	-1.584e-01	-1.181e-01
178746.50	-6.230e-04	-8.890e-02	-6.595e-02
178747.50	-1.613e-03	-5.434e-02	7.459e-02
178748.50	-1.229e-03	7.267e-03	1.949e-01
178749.50	-4.454e-04	8.909e-02	7.901e-02
178750.50	2.746e-03	9.571e-03	-1.421e-01
178751.50	6.058e-04	-6.394e-02	-1.085e-01
178752.50	-2.938e-04	1.027e-01	-8.352e-02
178753.50	-4.493e-03	1.306e-01	1.037e-01
178754.50	-4.512e-05	1.325e-02	-9.792e-02
178755.50	3.485e-04	1.018e-01	1.219e-02
178756.50	2.064e-03	-4.099e-02	-1.853e-02
178757.50	-1.027e-03	-8.035e-02	1.325e-01
178758.50	9.792e-04	1.018e-01	-3.658e-02
178759.50	-1.478e-03	-2.813e-02	-1.555e-03
178760.50	3.024e-03	4.694e-02	1.123e-01
178761.50	1.392e-03	7.786e-03	2.736e-02
178762.50	-3.168e-03	6.202e-02	-3.158e-02
178763.50	1.642e-03	1.488e-02	-3.485e-02
178764.50	-1.920e-03	-1.229e-01	-7.450e-02
178765.50	-1.786e-03	-9.005e-02	3.389e-02
178766.50	3.024e-03	-8.371e-02	1.478e-02
178767.50	-1.440e-03	3.110e-02	-5.923e-02
178768.50	1.795e-03	7.882e-02	4.819e-02
178769.50	1.210e-03	-3.610e-02	-1.238e-01
178770.50	-6.893e-04	1.066e-01	7.104e-02
178771.50	-1.805e-03	6.538e-02	9.888e-02
178772.50	8.074e-03	1.008e-01	1.123e-02
178773.50	2.467e-02	5.530e-02	3.360e-03
178774.50	-7.056e-04	-4.560e-02	7.891e-04
178775.50	8.794e-04	-5.530e-02	9.091e-02
178776.50	9.024e-04	2.496e-02	-2.410e-01
178777.50	-3.706e-03	2.314e-02	-3.370e-02
178778.50	-1.920e-04	-4.608e-03	3.072e-02
178779.50	1.344e-03	-3.706e-02	-1.306e-01
178780.50	7.632e-04	9.984e-02	1.910e-02
178781.50	1.248e-03	6.720e-02	-1.190e-02
178782.50	1.584e-04	-1.709e-01	9.888e-03
178783.50	1.786e-03	-4.118e-02	2.621e-02
178784.50	7.354e-04	5.674e-02	4.877e-02
178785.50	6.778e-04	3.014e-02	1.498e-02
178786.50	-2.208e-03	4.435e-02	-2.410e-02
178787.50	-3.917e-03	-4.493e-02	-8.966e-02
178788.50	-2.006e-03	-1.949e-02	-1.411e-02
178789.50	-1.354e-03	4.656e-02	5.136e-02
178790.50	1.613e-03	1.632e-03	3.408e-02
178791.50	1.584e-04	-1.354e-01	-1.286e-01
178792.50	-1.277e-03	1.142e-01	3.206e-02
178793.50	-1.018e-03	7.622e-02	-4.781e-02
178794.50	2.122e-03	-5.472e-02	1.517e-02
178795.50	-2.842e-03	1.142e-02	9.600e-02
178796.50	-2.582e-04	-1.392e-02	1.450e-01
178797.50	-3.648e-03	-3.254e-02	-6.826e-03
178798.50	4.416e-03	-6.394e-02	-4.070e-02
178799.50	1.114e-03	5.443e-02	6.250e-02
178800.50	1.795e-05	2.496e-02	-3.485e-02
178801.50	1.786e-03	3.898e-02	-3.360e-02
178802.50	-8.659e-05	8.899e-02	1.056e-01
178803.50	-5.635e-04	1.277e-01	-2.246e-02
178804.50	-7.680e-04	3.014e-02	7.901e-02
178805.50	1.507e-03	-7.430e-02	-4.205e-02
178806.50	8.333e-04	-3.850e-02	-3.946e-03
178807.50	3.091e-03	-3.552e-03	-1.286e-01
178808.50	-1.862e-03	5.597e-02	-8.400e-02
178809.50	-1.574e-03	1.037e-01	7.939e-02
178810.50	1.354e-03	1.210e-01	1.747e-02
178811.50	-1.104e-03	-7.075e-02	4.810e-02
178812.50	3.139e-04	1.171e-03	-5.136e-03
178813.50	-1.469e-03	-9.696e-03	-5.213e-02
178814.50	-9.302e-04	-1.498e-02	-9.888e-02
178815.50	-9.792e-04	-9.466e-03	-9.888e-03
178816.50	-2.611e-03	-1.344e-02	6.739e-03
178817.50	7.584e-04	3.024e-02	-5.971e-03
178818.50	7.066e-04	7.478e-02	2.611e-02
178819.50	3.955e-04	-3.254e-02	3.120e-02
178820.50	1.142e-03	-3.072e-03	-2.746e-02
178821.50	2.976e-04	-7.843e-02	-1.450e-02
178822.50	-3.283e-03	2.458e-02	-2.486e-03
178823.50	4.080e-03	-4.838e-02	2.947e-02
178824.50	1.958e-03	3.024e-02	1.085e-01
178825.50	2.544e-03	-7.613e-02	2.429e-02
178826.50	-1.786e-04	-3.850e-02	-9.139e-02
178827.50	-1.997e-03	4.886e-02	-4.349e-02
178828.50	8.582e-04	-2.813e-02	-3.917e-02
178829.50	-2.160e-03	6.653e-02	1.670e-02
178830.50	4.042e-04	5.107e-02	4.358e-02
178831.50	-3.456e-04	-8.026e-02	4.752e-02
178832.50	8.602e-04	1.478e-02	1.565e-02
178833.50	1.450e-04	2.573e-03	-5.222e-02
178834.50	-5.846e-04	-8.467e-02	-8.122e-02
178835.50	1.373e-04	-1.747e-03	-6.634e-02
178836.50	8.726e-04	-9.542e-03	2.986e-02
178837.50	1.229e-03	2.170e-02	-6.374e-02
178838.50	-1.949e-03	-8.294e-03	8.112e-02
178839.50	-1.114e-03	3.494e-02	1.277e-02
178840.50	2.890e-05	-3.792e-02	2.064e-03
178841.50	8.928e-04	-4.234e-02	5.616e-02
178842.50	2.986e-04	-7.114e-02	1.210e-02
178843.50	1.526e-03	-1.354e-02	4.512e-02
178844.50	4.867e-04	1.910e-02	3.130e-02
178845.50	-2.746e-03	-4.368e-02	1.306e-01
178846.50	5.482e-04	1.757e-02	-1.200e-01
178847.50	5.453e-04	-8.218e-03	-2.381e-02
178848.50	1.267e-03	8.256e-02	-8.102e-02
178849.50	5.616e-03	-7.286e-02	-5.155e-02
178850.50	-5.664e-03	-5.232e-02	1.392e-01
178851.50	-1.258e-02	-9.696e-02	-6.106e-02
178852.50	-2.592e-02	-3.715e-02	-2.966e-02
178853.50	7.478e-04	-5.270e-03	5.674e-02
178854.50	1.190e-03	-7.440e-02	-7.133e-02
178855.50	-1.181e-03	8.736e-02	-2.246e-02
178856.50	7.085e-03	8.928e-02	-3.485e-02
178857.50	5.146e-03	-9.792e-03	-4.589e-02
178858.50	6.115e-04	6.250e-02	-1.680e-02
178859.50	2.822e-03	6.048e-04	1.555e-02
178860.50	2.813e-03	5.309e-02	6.931e-02
178861.50	1.286e-05	-6.672e-02	-1.622e-02
178862.50	-1.670e-03	-1.661e-03	1.104e-02
178863.50	-8.525e-04	-2.410e-02	4.867e-02
178864.50	-1.853e-03	3.610e-02	-1.181e-01
178865.50	6.586e-04	-5.645e-02	3.446e-04
178866.50	-3.110e-03	9.235e-02	3.725e-02
178867.50	-2.275e-03	-5.174e-03	6.557e-02
178868.50	-1.469e-03	6.077e-02	2.314e-02
178869.50	1.219e-03	9.696e-03	-1.296e-02
178870.50	-9.370e-04	-4.934e-02	-7.526e-02
178871.50	2.218e-03	1.123e-02	1.872e-02
178872.50	-1.546e-03	5.722e-02	3.869e-02
178873.50	-2.419e-03	2.832e-02	-6.470e-03
178874.50	-1.046e-04	8.506e-04	2.112e-02
178875.50	4.147e-03	-3.283e-02	1.949e-02
178876.50	9.149e-03	5.501e-02	1.210e-02
178877.50	-8.026e-04	4.656e-03	-6.058e-03
178878.50	4.886e-04	-2.659e-02	-1.104e-02
178879.50	-7.642e-04	-2.333e-02	-1.190e-02
178880.50	-1.210e-04	1.920e-02	3.043e-02
178881.50	1.536e-03	1.075e-02	3.235e-02
178882.50	1.680e-03	1.968e-02	-4.483e-02
178883.50	3.408e-03	-1.738e-02	4.118e-02
178884.50	4.022e-04	5.299e-02	4.483e-02
178885.50	2.746e-03	-3.830e-02	-2.717e-02
178886.50	1.306e-04	6.163e-02	7.882e-02
178887.50	2.448e-03	1.334e-02	9.696e-02
178888.50	2.218e-03	-2.429e-02	-1.344e-01
178889.50	2.986e-03	-2.544e-02	-1.507e-02
178890.50	1.738e-03	8.477e-03	1.834e-02
178891.50	1.526e-03	-1.171e-02	-1.152e-02
178892.50	6.499e-04	4.358e-02	-1.133e-02
178893.50	7.277e-04	-3.888e-02	-7.584e-03
178894.50	2.074e-04	-7.267e-02	-2.352e-03
178895.50	-4.387e-02	-7.728e-02	-4.618e-02
178896.50	-1.603e-02	-1.085e-01	-2.544e-02
178897.50	-2.918e-03	-1.872e-02	-9.034e-03
178898.50	2.246e-03	2.381e-02	-1.805e-02
178899.50	4.387e-02	-4.282e-02	-1.853e-01
178900.50	1.805e-01	4.781e-02	-3.446e-01
178901.50	8.198e-02	7.584e-02	7.334e-04
178902.50	-1.277e-02	-1.862e-01	9.984e-02
178903.50	3.331e-03	1.066e-02	-3.418e-02
178904.50	-8.995e-02	-2.093e-01	1.430e-01
178905.50	-6.182e-02	-6.979e-02	9.888e-02
178906.50	-2.410e-04	-2.986e-02	1.574e-02
178907.50	4.253e-02	-1.805e-01	-1.978e-02
178908.50	1.056e-02	-7.603e-02	9.888e-02
178909.50	7.488e-02	-2.794e-01	-1.507e-01
178910.50	-1.373e-01	5.770e-01	1.546e-01
178911.50	-4.320e-03	1.411e-03	6.816e-02
178912.50	-1.056e-03	1.613e-02	-7.354e-03
178913.50	-3.427e-02	2.688e-02	7.728e-02
178914.50	-3.821e-02	1.498e-01	1.018e-01
178915.50	-6.413e-04	-2.093e-03	-2.208e-02
178916.50	-5.645e-03	4.877e-02	-1.603e-02
178917.50	-7.882e-03	-1.517e-02	-1.517e-02
178918.50	1.469e-03	-2.410e-02	-3.226e-03
178919.50	-1.027e-03	-4.810e-02	2.515e-02
178920.50	1.114e-04	-4.320e-02	9.034e-03
178921.50	9.053e-04	4.867e-03	9.235e-03
178922.50	-1.517e-02	-2.986e-02	4.608e-03
178923.50	-7.642e-04	5.990e-02	-4.013e-02
178924.50	-2.400e-04	-4.301e-02	-3.024e-02
178925.50	1.958e-03	-6.442e-03	1.862e-02
178926.50	-1.238e-02	3.859e-02	-8.890e-04
178927.50	2.650e-03	6.317e-02	3.773e-02
178928.50	9.984e-04	4.598e-02	-4.147e-02
178929.50	2.189e-02	4.186e-02	-7.306e-02
178930.50	2.602e-02	2.419e-02	-3.754e-02
178931.50	1.680e-03	-7.440e-03	-4.013e-02
178932.50	-5.107e-04	1.661e-02	-1.478e-02
178933.50	6.115e-04	-1.248e-02	-2.026e-02
178934.50	-3.590e-03	-1.805e-02	5.424e-02
178935.50	-4.291e-03	5.539e-02	3.523e-02
178936.50	-2.064e-03	4.646e-02	3.638e-02
178937.50	-3.254e-04	-1.498e-02	8.707e-03
178938.50	5.328e-04	-5.616e-02	-2.496e-02
178939.50	2.371e-04	-1.834e-02	-2.083e-02
178940.50	3.379e-02	9.485e-02	-7.229e-02
178941.50	1.498e-02	-3.053e-02	-3.091e-02
178942.50	-1.392e-03	-2.774e-02	4.042e-02
178943.50	-1.162e-03	5.251e-03	2.371e-02
178944.50	-5.146e-03	6.720e-02	1.046e-04
178945.50	2.957e-02	1.056e-01	1.507e-01
178946.50	6.528e-03	5.539e-02	-6.538e-03
178947.50	9.226e-04	-4.003e-02	-2.275e-02
178948.50	8.141e-04	9.888e-03	2.419e-02
178949.50	1.709e-03	-1.805e-02	4.541e-03
178950.50	1.459e-04	4.963e-02	-2.419e-02
178951.50	-3.974e-03	2.506e-02	2.419e-02
178952.50	-3.062e-03	1.277e-02	1.824e-02
178953.50	-2.352e-03	-2.410e-03	-5.558e-03
178954.50	8.861e-04	-5.722e-02	3.226e-02
178955.50	-1.248e-04	2.506e-02	2.150e-02
178956.50	-1.421e-04	7.958e-03	-2.314e-02
178957.50	6.250e-04	-1.046e-02	-6.154e-02
178958.50	6.960e-04	-1.181e-02	6.413e-03
