178360.50	0.000e+00	0.000e+00	0.000e+00
178361.50	0.000e+00	0.000e+00	0.000e+00
178362.50	0.000e+00	0.000e+00	0.000e+00
178363.50	0.000e+00	0.000e+00	0.000e+00
178364.50	0.000e+00	0.000e+00	0.000e+00
178365.50	0.000e+00	0.000e+00	0.000e+00
178366.50	0.000e+00	0.000e+00	0.000e+00
178367.50	0.000e+00	0.000e+00	0.000e+00
178368.50	0.000e+00	0.000e+00	0.000e+00
178369.50	0.000e+00	0.000e+00	0.000e+00
178370.50	0.000e+00	0.000e+00	0.000e+00
178371.50	0.000e+00	0.000e+00	0.000e+00
178372.50	0.000e+00	0.000e+00	0.000e+00
178373.50	0.000e+00	0.000e+00	0.000e+00
178374.50	0.000e+00	0.000e+00	0.000e+00
178375.50	0.000e+00	0.000e+00	0.000e+00
178376.50	0.000e+00	0.000e+00	0.000e+00
178377.50	0.000e+00	0.000e+00	0.000e+00
178378.50	0.000e+00	0.000e+00	0.000e+00
178379.50	0.000e+00	0.000e+00	0.000e+00
178380.50	0.000e+00	0.000e+00	0.000e+00
178381.50	0.000e+00	0.000e+00	0.000e+00
178382.50	0.000e+00	0.000e+00	0.000e+00
178383.50	0.000e+00	0.000e+00	0.000e+00
178384.50	0.000e+00	0.000e+00	0.000e+00
178385.50	0.000e+00	0.000e+00	0.000e+00
178386.50	0.000e+00	0.000e+00	0.000e+00
178387.50	0.000e+00	0.000e+00	0.000e+00
178388.50	0.000e+00	0.000e+00	0.000e+00
178389.50	0.000e+00	0.000e+00	0.000e+00
178390.50	0.000e+00	0.000e+00	0.000e+00
178391.50	0.000e+00	0.000e+00	0.000e+00
178392.50	0.000e+00	0.000e+00	0.000e+00
178393.50	0.000e+00	0.000e+00	0.000e+00
178394.50	0.000e+00	0.000e+00	0.000e+00
178395.50	0.000e+00	0.000e+00	0.000e+00
178396.50	0.000e+00	0.000e+00	0.000e+00
178397.50	0.000e+00	0.000e+00	0.000e+00
178398.50	0.000e+00	0.000e+00	0.000e+00
178399.50	0.000e+00	0.000e+00	0.000e+00
178400.50	0.000e+00	0.000e+00	0.000e+00
178401.50	0.000e+00	0.000e+00	0.000e+00
178402.50	0.000e+00	0.000e+00	0.000e+00
178403.50	0.000e+00	0.000e+00	0.000e+00
178404.50	0.000e+00	0.000e+00	0.000e+00
178405.50	0.000e+00	0.000e+00	0.000e+00
178406.50	0.000e+00	0.000e+00	0.000e+00
178407.50	0.000e+00	0.000e+00	0.000e+00
178408.50	0.000e+00	0.000e+00	0.000e+00
178409.50	0.000e+00	0.000e+00	0.000e+00
178410.50	0.000e+00	0.000e+00	0.000e+00
178411.50	0.000e+00	0.000e+00	0.000e+00
178412.50	0.000e+00	0.000e+00	0.000e+00
178413.50	0.000e+00	0.000e+00	0.000e+00
178414.50	0.000e+00	0.000e+00	0.000e+00
178415.50	0.000e+00	0.000e+00	0.000e+00
178416.50	0.000e+00	0.000e+00	0.000e+00
178417.50	0.000e+00	0.000e+00	0.000e+00
178418.50	0.000e+00	0.000e+00	0.000e+00
178419.50	0.000e+00	0.000e+00	0.000e+00
178420.50	0.000e+00	0.000e+00	0.000e+00
178421.50	0.000e+00	0.000e+00	0.000e+00
178422.50	0.000e+00	0.000e+00	0.000e+00
178423.50	0.000e+00	0.000e+00	0.000e+00
178424.50	0.000e+00	0.000e+00	0.000e+00
178425.50	0.000e+00	0.000e+00	0.000e+00
178426.50	0.000e+00	0.000e+00	0.000e+00
178427.50	0.000e+00	0.000e+00	0.000e+00
178428.50	0.000e+00	0.000e+00	0.000e+00
178429.50	0.000e+00	0.000e+00	0.000e+00
178430.50	0.000e+00	0.000e+00	0.000e+00
178431.50	0.000e+00	0.000e+00	0.000e+00
178432.50	0.000e+00	0.000e+00	0.000e+00
178433.50	0.000e+00	0.000e+00	0.000e+00
178434.50	0.000e+00	0.000e+00	0.000e+00
178435.50	0.000e+00	0.000e+00	0.000e+00
178436.50	0.000e+00	0.000e+00	0.000e+00
178437.50	0.000e+00	0.000e+00	0.000e+00
178438.50	0.000e+00	0.000e+00	0.000e+00
178439.50	0.000e+00	0.000e+00	0.000e+00
178440.50	0.000e+00	0.000e+00	0.000e+00
178441.50	0.000e+00	0.000e+00	0.000e+00
178442.50	0.000e+00	0.000e+00	0.000e+00
178443.50	0.000e+00	0.000e+00	0.000e+00
178444.50	0.000e+00	0.000e+00	0.000e+00
178445.50	0.000e+00	0.000e+00	0.000e+00
178446.50	0.000e+00	0.000e+00	0.000e+00
178447.50	0.000e+00	0.000e+00	0.000e+00
178448.50	0.000e+00	0.000e+00	0.000e+00
178449.50	0.000e+00	0.000e+00	0.000e+00
178450.50	0.000e+00	0.000e+00	0.000e+00
178451.50	0.000e+00	0.000e+00	0.000e+00
178452.50	0.000e+00	0.000e+00	0.000e+00
178453.50	0.000e+00	0.000e+00	0.000e+00
178454.50	0.000e+00	0.000e+00	0.000e+00
178455.50	0.000e+00	0.000e+00	0.000e+00
178456.50	0.000e+00	0.000e+00	0.000e+00
178457.50	0.000e+00	0.000e+00	0.000e+00
178458.50	0.000e+00	0.000e+00	0.000e+00
178459.50	0.000e+00	0.000e+00	0.000e+00
178460.50	0.000e+00	0.000e+00	0.000e+00
178461.50	0.000e+00	0.000e+00	0.000e+00
178462.50	0.000e+00	0.000e+00	0.000e+00
178463.50	0.000e+00	0.000e+00	0.000e+00
178464.50	0.000e+00	0.000e+00	0.000e+00
178465.50	0.000e+00	0.000e+00	0.000e+00
178466.50	0.000e+00	0.000e+00	0.000e+00
178467.50	0.000e+00	0.000e+00	0.000e+00
178468.50	0.000e+00	0.000e+00	0.000e+00
178469.50	0.000e+00	0.000e+00	0.000e+00
178470.50	0.000e+00	0.000e+00	0.000e+00
178471.50	0.000e+00	0.000e+00	0.000e+00
178472.50	0.000e+00	0.000e+00	0.000e+00
178473.50	0.000e+00	0.000e+00	0.000e+00
178474.50	0.000e+00	0.000e+00	0.000e+00
178475.50	0.000e+00	0.000e+00	0.000e+00
178476.50	0.000e+00	0.000e+00	0.000e+00
178477.50	0.000e+00	0.000e+00	0.000e+00
178478.50	0.000e+00	0.000e+00	0.000e+00
178479.50	0.000e+00	0.000e+00	0.000e+00
178480.50	0.000e+00	0.000e+00	0.000e+00
178481.50	0.000e+00	0.000e+00	0.000e+00
178482.50	0.000e+00	0.000e+00	0.000e+00
178483.50	0.000e+00	0.000e+00	0.000e+00
178484.50	0.000e+00	0.000e+00	0.000e+00
178485.50	0.000e+00	0.000e+00	0.000e+00
178486.50	0.000e+00	0.000e+00	0.000e+00
178487.50	0.000e+00	0.000e+00	0.000e+00
178488.50	0.000e+00	0.000e+00	0.000e+00
178489.50	0.000e+00	0.000e+00	0.000e+00
178490.50	0.000e+00	0.000e+00	0.000e+00
178491.50	0.000e+00	0.000e+00	0.000e+00
178492.50	0.000e+00	0.000e+00	0.000e+00
178493.50	0.000e+00	0.000e+00	0.000e+00
178494.50	0.000e+00	0.000e+00	0.000e+00
178495.50	0.000e+00	0.000e+00	0.000e+00
178496.50	0.000e+00	0.000e+00	0.000e+00
178497.50	0.000e+00	0.000e+00	0.000e+00
178498.50	0.000e+00	0.000e+00	0.000e+00
178499.50	0.000e+00	0.000e+00	0.000e+00
178500.50	0.000e+00	0.000e+00	0.000e+00
178501.50	0.000e+00	0.000e+00	0.000e+00
178502.50	0.000e+00	0.000e+00	0.000e+00
178503.50	0.000e+00	0.000e+00	0.000e+00
178504.50	0.000e+00	0.000e+00	0.000e+00
178505.50	0.000e+00	0.000e+00	0.000e+00
178506.50	0.000e+00	0.000e+00	0.000e+00
178507.50	0.000e+00	0.000e+00	0.000e+00
178508.50	0.000e+00	0.000e+00	0.000e+00
178509.50	0.000e+00	0.000e+00	0.000e+00
178510.50	0.000e+00	0.000e+00	0.000e+00
178511.50	0.000e+00	0.000e+00	0.000e+00
178512.50	0.000e+00	0.000e+00	0.000e+00
178513.50	0.000e+00	0.000e+00	0.000e+00
178514.50	0.000e+00	0.000e+00	0.000e+00
178515.50	0.000e+00	0.000e+00	0.000e+00
178516.50	1.862e-05	4.301e-04	-7.872e-04
178517.50	-1.680e-05	-3.917e-04	6.989e-04
178518.50	-1.190e-06	-1.930e-05	1.910e-05
178519.50	3.254e-06	8.899e-05	-3.821e-04
178520.50	7.709e-07	4.790e-05	1.440e-04
178521.50	-2.381e-06	-4.656e-05	4.234e-04
178522.50	-3.226e-05	2.832e-04	-3.984e-03
178523.50	-1.181e-05	1.987e-03	-3.350e-03
178524.50	-4.310e-05	-7.997e-03	3.302e-03
178525.50	9.053e-04	-3.235e-03	7.747e-02
178526.50	-3.590e-04	-4.214e-02	3.552e-02
178527.50	1.872e-04	9.475e-04	1.027e-02
178528.50	2.208e-04	3.677e-02	-4.752e-02
178529.50	3.139e-04	1.392e-02	3.725e-03
178530.50	-2.074e-04	-1.162e-02	-1.526e-03
178531.50	1.258e-04	-4.704e-03	1.056e-02
178532.50	-8.851e-04	-5.587e-02	-1.958e-02
178533.50	-2.342e-03	-3.533e-01	4.291e-01
178534.50	-5.789e-02	-3.475e+00	-1.939e-01
178535.50	-6.883e-01	-4.474e+01	6.307e+00
178536.50	-1.219e+01	-8.304e+02	1.978e+02
178537.50	-1.219e+01	-7.267e+02	-5.520e+01
178538.50	3.014e+00	1.920e+02	-1.766e+01
178539.50	2.102e+00	1.354e+02	-1.738e+01
178540.50	1.709e+00	1.123e+02	-2.006e+01
178541.50	1.709e+00	1.027e+02	-2.928e+00
178542.50	1.306e+00	8.486e+01	-1.027e+01
178543.50	1.114e+00	7.478e+01	-1.258e+01
178544.50	1.037e+00	6.797e+01	-8.746e+00
178545.50	1.037e+00	6.010e+01	-1.757e+00
178546.50	8.083e-01	5.376e+01	-6.442e+00
178547.50	8.227e-01	4.963e+01	-1.258e+00
178548.50	7.498e-01	4.848e+01	-5.587e+00
178549.50	6.269e-01	4.262e+01	-8.544e+00
178550.50	5.914e-01	3.571e+01	3.898e-01
178551.50	5.914e-01	3.706e+01	-2.160e+00
178552.50	4.896e-01	3.091e+01	-1.594e+00
178553.50	4.186e-01	2.678e+01	-2.976e+00
178554.50	4.426e-01	2.870e+01	-4.483e+00
178555.50	3.600e-01	2.275e+01	-1.238e+00
178556.50	3.677e-01	2.362e+01	-2.131e+00
178557.50	3.341e-01	2.198e+01	-2.314e+00
178558.50	3.379e-01	2.074e+01	-4.080e-01
178559.50	3.341e-01	2.054e+01	-4.118e-01
178560.50	2.640e-01	1.709e+01	-2.429e+00
178561.50	2.525e-01	1.622e+01	-1.507e+00
178562.50	2.362e-01	1.536e+01	-7.661e-01
178563.50	1.728e-01	1.171e+01	-1.795e+00
178564.50	2.122e-01	1.315e+01	-3.984e-01
178565.50	2.131e-01	1.277e+01	7.661e-01
178566.50	1.517e-01	1.142e+01	-3.139e+00
178567.50	1.738e-01	1.094e+01	4.320e-01
178568.50	2.218e-01	1.248e+01	1.642e+00
178569.50	1.440e-01	9.235e+00	-9.110e-01
178570.50	1.488e-01	9.792e+00	-1.584e+00
178571.50	1.574e-01	1.018e+01	-5.981e-01
178572.50	1.046e-01	6.950e+00	-6.221e-01
178573.50	1.258e-01	7.786e+00	2.621e-01
178574.50	1.056e-01	6.864e+00	-8.880e-01
178575.50	8.467e-02	5.798e+00	-1.210e+00
178576.50	9.792e-02	6.038e+00	4.166e-01
178577.50	9.024e-02	5.808e+00	-2.150e-01
178578.50	9.590e-02	5.645e+00	9.408e-02
178579.50	7.690e-02	4.992e+00	-1.507e-01
178580.50	8.170e-02	5.338e+00	-8.275e-01
178581.50	7.613e-02	4.570e+00	8.122e-02
178582.50	7.440e-02	4.771e+00	1.104e-01
178583.50	4.963e-02	3.562e+00	-2.410e-01
178584.50	8.803e-02	4.848e+00	1.114e+00
178585.50	8.611e-02	4.560e+00	1.978e-01
178586.50	6.067e-02	4.090e+00	-6.682e-01
178587.50	4.282e-02	2.822e+00	-1.757e-02
178588.50	6.442e-02	3.946e+00	-2.352e-01
178589.50	3.542e-02	2.198e+00	-2.909e-02
178590.50	5.203e-02	3.475e+00	-2.381e-02
178591.50	4.368e-02	3.302e+00	-8.246e-01
178592.50	5.146e-02	3.418e+00	-2.794e-01
178593.50	5.702e-02	2.794e+00	9.322e-01
178594.50	2.698e-02	1.526e+00	7.075e-01
178595.50	3.706e-02	2.323e+00	-3.581e-01
178596.50	2.717e-02	2.611e+00	-1.286e+00
178597.50	2.909e-02	2.669e+00	-1.344e+00
178598.50	2.093e-02	1.526e+00	1.622e-01
178599.50	3.053e-02	2.189e+00	-2.410e-01
178600.50	3.389e-02	1.987e+00	4.637e-01
178601.50	2.928e-02	1.680e+00	-1.018e-01
178602.50	3.216e-02	1.814e+00	5.270e-03
178603.50	1.882e-02	1.421e+00	-7.603e-01
178604.50	2.045e-02	1.229e+00	5.040e-01
178605.50	1.786e-02	1.114e+00	-2.266e-01
178606.50	1.872e-02	9.984e-01	7.094e-02
178607.50	3.245e-02	1.882e+00	4.531e-01
178608.50	2.400e-02	1.699e+00	-2.890e-01
178609.50	1.488e-02	8.765e-01	-7.498e-03
178610.50	1.430e-02	1.248e+00	-3.254e-01
178611.50	2.438e-02	1.354e+00	2.170e-01
178612.50	1.363e-02	5.414e-01	8.362e-02
178613.50	8.160e-03	1.027e+00	-1.238e-01
178614.50	3.139e-02	1.603e+00	6.922e-01
178615.50	7.728e-04	4.954e-01	-2.323e-01
178616.50	5.280e-03	4.714e-01	7.795e-02
178617.50	2.006e-02	1.200e+00	5.664e-02
178618.50	2.256e-03	3.523e-01	-5.155e-01
178619.50	-1.267e-03	2.659e-02	-4.829e-01
178620.50	6.787e-03	7.843e-01	-3.994e-01
178621.50	2.266e-02	1.354e+00	1.795e-01
178622.50	1.920e-02	1.123e+00	1.747e-01
178623.50	3.456e-03	7.123e-01	-6.029e-01
178624.50	5.779e-03	8.573e-01	-6.115e-01
178625.50	1.642e-02	6.662e-01	6.058e-01
178626.50	7.344e-03	2.938e-01	4.445e-01
178627.50	1.814e-03	5.174e-01	-5.616e-01
178628.50	2.688e-03	5.078e-01	-4.906e-01
178629.50	2.515e-02	1.210e+00	7.690e-02
178630.50	1.114e-02	4.147e-01	4.195e-01
178631.50	5.549e-03	3.706e-01	-1.382e-01
178632.50	7.085e-03	4.435e-01	1.709e-01
178633.50	5.616e-03	4.061e-01	-3.696e-01
178634.50	8.688e-03	8.890e-01	-4.541e-01
178635.50	8.870e-03	6.470e-02	3.466e-01
178636.50	-6.096e-03	7.718e-02	-4.339e-01
178637.50	8.822e-03	1.286e-01	3.350e-01
178638.50	7.123e-03	4.579e-01	-3.562e-02
178639.50	8.554e-03	6.115e-01	1.258e-01
178640.50	7.238e-03	3.648e-01	1.296e-01
178641.50	-6.154e-03	-2.208e-01	2.237e-01
178642.50	-3.734e-03	7.373e-02	-5.242e-01
178643.50	8.832e-03	3.283e-01	4.061e-01
178644.50	1.325e-03	4.416e-01	-5.242e-01
178645.50	5.242e-03	4.637e-01	1.354e-02
178646.50	1.104e-02	6.509e-01	4.397e-03
178647.50	4.042e-03	2.794e-01	-3.350e-01
178648.50	2.822e-03	8.554e-03	3.130e-02
178649.50	5.165e-03	6.298e-01	-4.906e-01
178650.50	5.894e-03	5.078e-01	1.277e-01
178651.50	-4.733e-03	-1.325e-01	-1.632e-01
178652.50	3.091e-04	-5.741e-02	2.429e-01
178653.50	-2.669e-03	1.430e-02	3.158e-01
178654.50	6.586e-03	6.624e-01	-1.670e-01
178655.50	1.181e-02	4.032e-01	3.014e-01
178656.50	4.080e-03	2.458e-01	-5.510e-02
178657.50	-1.997e-03	2.822e-02	-2.419e-01
178658.50	2.045e-03	-1.661e-01	3.312e-02
178659.50	-4.541e-03	-2.189e-02	9.888e-02
178660.50	1.910e-03	1.526e-01	-1.517e-01
178661.50	1.411e-03	-3.120e-02	2.141e-01
178662.50	3.302e-03	1.699e-01	3.850e-03
178663.50	9.312e-04	1.104e-01	-3.408e-02
178664.50	2.410e-03	3.629e-01	4.944e-02
178665.50	1.987e-03	3.658e-01	-3.178e-01
178666.50	-5.482e-04	-2.611e-02	-3.830e-02
178667.50	1.670e-03	1.997e-01	-2.515e-01
178668.50	1.574e-03	1.805e-01	-1.632e-01
178669.50	-5.088e-03	-1.574e-01	6.682e-02
178670.50	4.570e-03	1.699e-01	8.938e-02
178671.50	9.024e-03	2.717e-01	2.899e-01
178672.50	1.056e-03	-8.947e-02	-5.606e-02
178673.50	5.789e-04	-3.830e-02	-1.814e-02
178674.50	-3.917e-03	-1.200e-01	-6.634e-03
178675.50	1.046e-02	4.502e-01	2.198e-01
178676.50	5.962e-03	1.987e-01	6.806e-02
178677.50	-4.752e-03	-3.715e-02	-6.470e-02
178678.50	6.134e-03	3.110e-01	1.622e-02
178679.50	8.218e-03	4.589e-01	1.229e-01
178680.50	-3.043e-03	-3.734e-02	-1.200e-01
178681.50	4.579e-03	1.085e-01	2.496e-01
178682.50	8.602e-03	3.341e-01	2.534e-01
178683.50	2.678e-03	-5.789e-03	-6.605e-02
178684.50	-7.882e-03	3.523e-02	-6.115e-02
178685.50	-9.418e-04	1.344e-02	-3.888e-02
178686.50	7.766e-04	-4.435e-02	-2.467e-01
178687.50	1.123e-03	7.584e-03	6.778e-02
178688.50	-1.642e-03	1.382e-02	-4.627e-03
178689.50	-3.062e-03	1.536e-02	-2.966e-02
178690.50	1.459e-03	1.766e-01	-1.229e-01
178691.50	6.470e-03	2.746e-01	1.738e-01
178692.50	-1.882e-03	-4.464e-02	-1.603e-01
178693.50	2.429e-03	-5.702e-03	1.363e-01
178694.50	-3.226e-03	-1.565e-03	-2.275e-01
178695.50	7.085e-04	6.422e-02	7.690e-02
178696.50	-5.971e-03	-1.843e-01	-7.411e-02
178697.50	1.440e-03	1.373e-01	-1.766e-02
178698.50	-1.392e-03	1.133e-01	-1.632e-01
178699.50	1.901e-03	1.190e-01	1.997e-01
178700.50	4.118e-03	2.486e-02	1.334e-01
178701.50	5.453e-03	2.045e-01	-1.402e-01
178702.50	-3.379e-03	-2.122e-01	-4.608e-02
178703.50	3.158e-03	2.150e-01	8.189e-02
178704.50	8.784e-05	5.270e-02	-9.792e-02
178705.50	-2.093e-03	6.576e-02	-3.965e-02
178706.50	8.218e-04	1.085e-01	-2.026e-02
178707.50	3.408e-03	5.030e-02	2.131e-01
178708.50	1.402e-04	1.238e-01	-1.958e-01
178709.50	-3.283e-03	-1.181e-01	-7.430e-02
178710.50	-1.978e-03	-4.934e-02	5.472e-02
178711.50	1.862e-03	6.038e-02	-8.064e-02
178712.50	5.069e-03	2.323e-02	-3.014e-02
178713.50	3.101e-03	1.718e-01	1.574e-01
178714.50	-3.898e-03	-1.795e-02	1.958e-01
178715.50	-1.008e-03	2.410e-01	5.107e-02
178716.50	1.210e-03	2.342e-01	-2.429e-01
178717.50	-1.363e-03	1.392e-02	-1.133e-01
178718.50	-2.371e-03	-1.411e-01	1.459e-01
178719.50	1.891e-03	-7.018e-02	1.363e-01
178720.50	4.512e-03	1.872e-01	-1.978e-03
178721.50	1.574e-03	3.926e-02	-6.077e-02
178722.50	-3.178e-03	-1.594e-02	-7.910e-02
178723.50	-3.034e-03	-2.582e-01	3.610e-02
178724.50	6.096e-03	1.027e-01	2.736e-01
178725.50	-2.410e-03	-2.208e-02	-3.130e-01
178726.50	1.853e-04	3.379e-02	4.550e-02
178727.50	-2.765e-03	-6.288e-02	1.152e-01
178728.50	-1.958e-03	-3.686e-02	-1.459e-04
178729.50	4.205e-03	8.621e-02	-2.554e-02
178730.50	2.294e-03	9.389e-02	-2.054e-02
178731.50	2.765e-03	3.850e-02	-1.152e-03
178732.50	-1.718e-03	-7.526e-02	6.778e-02
178733.50	-1.517e-04	-3.533e-02	1.123e-01
178734.50	8.957e-04	1.238e-01	8.957e-02
178735.50	1.517e-03	6.106e-02	-1.162e-01
178736.50	4.589e-03	2.074e-01	-3.658e-03
178737.50	-1.104e-03	1.210e-02	8.112e-03
178738.50	4.934e-03	1.200e-01	1.210e-01
178739.50	1.747e-03	7.757e-03	6.346e-02
178740.50	-2.275e-03	-3.091e-02	-1.680e-01
178741.50	2.035e-03	8.870e-03	3.130e-02
178742.50	7.008e-04	1.690e-02	1.382e-02
178743.50	-4.493e-03	-5.904e-02	-7.718e-02
178744.50	-8.707e-04	-7.910e-02	-1.238e-01
178745.50	2.237e-02	3.706e-01	3.408e-01
178746.50	-3.379e-03	-4.790e-02	2.640e-02
178747.50	-4.243e-03	2.477e-02	-2.035e-01
178748.50	2.525e-03	1.075e-01	6.365e-02
178749.50	-6.442e-03	-3.130e-02	-5.626e-02
178750.50	-1.306e-03	1.872e-02	-1.690e-01
178751.50	1.910e-03	5.731e-02	3.226e-02
178752.50	-2.621e-03	-3.158e-02	7.056e-02
178753.50	3.850e-03	8.438e-02	1.123e-01
178754.50	-4.838e-04	-3.562e-02	6.230e-02
178755.50	3.802e-03	2.486e-02	1.046e-01
178756.50	-7.968e-03	-1.229e-01	-1.344e-01
178757.50	4.042e-04	-7.603e-02	2.419e-02
178758.50	-1.814e-03	-8.246e-03	-2.746e-02
178759.50	-5.088e-03	-1.699e-01	-2.650e-02
178760.50	-2.678e-03	-4.070e-02	-3.466e-02
178761.50	6.317e-05	-3.197e-02	8.813e-02
178762.50	-5.846e-04	-1.402e-03	-1.747e-01
178763.50	1.421e-03	-8.707e-02	8.064e-02
178764.50	1.603e-03	6.691e-02	4.675e-02
178765.50	-3.043e-03	6.480e-02	-9.984e-02
178766.50	-3.446e-03	-8.880e-02	-1.286e-02
178767.50	1.920e-03	-2.784e-02	3.005e-02
178768.50	1.517e-03	4.147e-02	-5.837e-02
178769.50	3.773e-03	9.581e-02	-1.910e-02
178770.50	-7.334e-04	6.614e-02	-6.768e-02
178771.50	-2.554e-03	-2.947e-02	-1.421e-01
178772.50	-8.822e-04	9.504e-02	5.405e-02
178773.50	-2.995e-03	-5.328e-03	1.066e-01
178774.50	2.400e-03	8.515e-02	1.123e-02
178775.50	5.405e-03	1.488e-01	-1.363e-02
178776.50	-3.533e-03	-3.542e-02	-1.258e-01
178777.50	-1.382e-03	8.774e-03	5.923e-03
178778.50	4.099e-03	1.594e-02	9.091e-02
178779.50	-3.226e-04	-1.219e-01	-1.114e-03
178780.50	3.974e-03	1.334e-01	-5.270e-02
178781.50	4.867e-03	9.398e-02	2.899e-02
178782.50	-6.173e-03	3.802e-02	4.819e-02
178783.50	-3.053e-03	-1.344e-01	5.434e-02
178784.50	-2.918e-03	-5.750e-02	6.835e-02
178785.50	-2.208e-03	2.429e-03	-1.123e-01
178786.50	3.782e-03	1.699e-01	-6.173e-03
178787.50	1.718e-03	3.197e-02	4.704e-02
178788.50	3.245e-04	-9.341e-03	-2.122e-02
178789.50	-4.253e-03	-2.198e-01	-2.438e-02
178790.50	-9.888e-04	-1.056e-01	9.091e-03
178791.50	-4.915e-03	-9.984e-02	-2.832e-02
178792.50	-2.986e-03	-5.251e-02	-2.160e-01
178793.50	2.621e-03	8.707e-02	4.656e-02
178794.50	3.514e-03	1.814e-01	3.754e-02
178795.50	1.296e-03	3.254e-02	-4.061e-02
178796.50	-7.286e-05	5.482e-02	-9.254e-02
178797.50	5.846e-03	1.411e-02	1.392e-01
178798.50	-7.104e-04	-1.248e-01	-7.939e-03
178799.50	3.782e-03	3.907e-02	1.018e-02
178800.50	-4.416e-03	-3.638e-02	4.848e-02
178801.50	1.027e-03	1.296e-02	-2.304e-02
178802.50	4.925e-04	-2.506e-02	-8.707e-02
178803.50	-1.373e-03	-3.542e-02	2.669e-02
178804.50	2.160e-03	5.472e-02	5.059e-02
178805.50	-1.757e-03	1.958e-02	3.850e-02
178806.50	-3.725e-03	-2.784e-02	2.371e-02
178807.50	-4.790e-03	-1.296e-01	-1.632e-01
178808.50	-3.110e-03	-8.026e-02	-8.573e-02
178809.50	1.046e-03	9.158e-02	-2.669e-02
178810.50	1.219e-03	4.627e-02	9.178e-02
178811.50	3.216e-03	1.344e-01	8.122e-02
178812.50	-1.450e-03	7.459e-02	-4.090e-02
178813.50	-1.325e-03	-9.226e-03	-7.574e-02
178814.50	-4.214e-03	-1.046e-02	-1.546e-01
178815.50	6.365e-03	9.101e-02	-6.240e-02
178816.50	4.752e-03	-3.168e-02	1.325e-01
178817.50	-3.370e-04	-1.133e-01	4.858e-02
178818.50	-1.392e-03	-7.402e-03	2.160e-02
178819.50	1.421e-03	1.027e-01	1.008e-02
178820.50	2.957e-04	4.925e-03	-9.197e-03
178821.50	4.022e-03	7.402e-02	3.619e-03
178822.50	-1.738e-03	-7.939e-02	1.286e-01
178823.50	1.450e-03	1.114e-01	8.707e-03
178824.50	8.794e-04	6.720e-02	-6.154e-02
178825.50	2.285e-04	9.389e-02	-7.277e-04
178826.50	3.120e-04	3.341e-02	-5.434e-02
178827.50	2.381e-03	2.582e-02	1.766e-02
178828.50	-1.008e-03	-2.966e-02	8.947e-03
178829.50	-8.640e-06	1.594e-01	-1.114e-01
178830.50	1.162e-03	1.229e-02	5.539e-02
178831.50	-3.437e-03	-2.256e-01	4.733e-02
178832.50	-1.238e-04	-5.088e-02	1.094e-01
178833.50	-5.242e-04	-1.171e-02	7.258e-02
178834.50	-1.546e-03	-6.922e-03	-1.094e-01
178835.50	1.949e-04	3.830e-02	-5.290e-02
178836.50	-2.362e-03	-7.373e-02	4.118e-03
178837.50	-2.813e-04	-7.306e-02	4.675e-02
178838.50	1.421e-03	8.909e-02	2.909e-03
178839.50	3.043e-03	5.472e-02	2.141e-02
178840.50	-9.792e-04	5.837e-02	-8.630e-02
178841.50	1.171e-03	3.533e-02	2.227e-02
178842.50	-4.186e-04	-9.197e-02	3.859e-02
178843.50	1.670e-03	-3.139e-03	2.669e-02
178844.50	-3.120e-03	-8.496e-02	-3.293e-02
178845.50	9.322e-04	7.306e-02	-6.902e-02
178846.50	-2.179e-04	-2.496e-02	-7.190e-02
178847.50	-9.302e-04	6.960e-03	-8.938e-02
178848.50	-3.418e-03	-3.542e-02	4.234e-02
178849.50	-1.008e-03	-7.680e-02	4.147e-02
178850.50	-1.834e-04	-2.544e-02	6.931e-02
178851.50	-1.978e-03	6.509e-03	-6.154e-02
178852.50	1.094e-03	3.398e-02	-1.344e-02
178853.50	1.229e-03	3.638e-03	-3.139e-02
178854.50	-6.595e-04	8.035e-02	8.554e-03
178855.50	6.950e-04	1.229e-02	7.104e-03
178856.50	-2.333e-03	-9.984e-02	-2.390e-03
178857.50	1.210e-03	1.085e-01	-6.557e-02
178858.50	-7.728e-04	-3.082e-02	-4.474e-02
178859.50	-1.546e-03	-1.958e-02	1.517e-02
178860.50	-1.805e-04	9.187e-03	-2.458e-02
178861.50	-2.918e-04	-4.157e-02	4.790e-02
178862.50	-4.963e-04	-3.360e-02	4.608e-02
178863.50	1.286e-03	-5.818e-03	-1.037e-02
178864.50	3.773e-03	6.067e-02	3.542e-02
178865.50	5.654e-04	9.984e-02	-3.840e-02
178866.50	-4.013e-04	-4.378e-02	8.669e-02
178867.50	1.546e-03	2.102e-02	1.747e-02
178868.50	2.736e-04	3.763e-02	-8.083e-02
178869.50	-1.123e-03	-8.314e-03	-5.165e-02
178870.50	1.613e-03	3.216e-02	5.203e-02
178871.50	-3.466e-04	2.899e-02	5.357e-02
178872.50	1.805e-03	8.870e-02	1.392e-01
178873.50	-1.603e-03	-2.726e-03	-1.594e-01
178874.50	-6.710e-04	-9.590e-02	2.880e-02
178875.50	-7.373e-04	2.534e-02	-4.118e-02
178876.50	1.574e-03	3.859e-02	5.347e-02
178877.50	-2.006e-03	7.277e-03	-7.757e-02
178878.50	1.104e-03	6.125e-02	6.662e-02
178879.50	-2.064e-04	-3.830e-02	9.485e-03
178880.50	-1.018e-03	-5.530e-02	-7.949e-03
178881.50	2.285e-04	2.410e-02	-1.459e-02
178882.50	-2.525e-03	-4.368e-02	-1.094e-01
178883.50	-8.006e-04	5.040e-02	-6.662e-02
178884.50	7.334e-04	-5.030e-02	1.210e-01
178885.50	1.411e-03	-5.002e-03	-4.166e-03
178886.50	-1.277e-03	-5.923e-03	1.699e-02
178887.50	-9.696e-04	2.333e-02	1.133e-02
178888.50	-1.776e-03	2.794e-02	-3.216e-02
178889.50	8.352e-04	6.403e-02	-6.730e-02
178890.50	2.122e-04	3.072e-03	-3.322e-03
178891.50	1.373e-03	-2.534e-02	4.704e-02
178892.50	1.939e-04	-4.877e-03	5.002e-02
178893.50	-2.362e-03	-7.699e-02	-3.293e-02
178894.50	5.578e-04	6.250e-03	3.936e-02
178895.50	-8.208e-04	-4.570e-02	-1.229e-02
178896.50	-1.027e-03	-7.373e-02	-6.451e-02
178897.50	1.421e-03	1.181e-02	2.371e-02
178898.50	-1.555e-03	-3.667e-02	3.533e-02
178899.50	2.486e-03	1.142e-02	1.114e-02
178900.50	-2.717e-04	-1.958e-02	7.181e-03
178901.50	-1.296e-04	-5.530e-02	-5.952e-03
178902.50	2.544e-03	8.141e-03	-1.526e-02
178903.50	2.006e-02	4.666e-02	1.920e-01
178904.50	-3.043e-03	8.045e-04	-2.986e-02
178905.50	-1.565e-03	-4.099e-02	-2.016e-02
178906.50	-4.522e-03	-7.507e-02	-4.992e-03
178907.50	-7.363e-04	1.882e-02	-2.918e-02
178908.50	-6.461e-04	-6.470e-02	3.888e-02
178909.50	-2.237e-03	-1.171e-02	4.666e-02
178910.50	-2.141e-03	4.819e-03	1.094e-03
178911.50	-8.707e-04	5.069e-02	-2.102e-02
178912.50	3.648e-03	-2.458e-04	4.704e-02
178913.50	-3.408e-03	-2.717e-02	-9.408e-02
178914.50	2.102e-03	5.021e-02	-2.803e-04
178915.50	2.554e-04	4.051e-02	2.784e-03
178916.50	3.149e-03	6.662e-02	3.235e-02
178917.50	1.891e-03	6.086e-02	-2.630e-02
178918.50	1.574e-03	2.218e-02	-4.982e-02
178919.50	-5.731e-03	-3.130e-02	-6.912e-02
178920.50	-8.362e-03	-7.238e-02	-1.152e-01
178921.50	3.658e-03	7.738e-02	-3.091e-02
178922.50	-1.411e-02	-5.501e-02	6.490e-02
178923.50	3.302e-04	4.214e-03	-2.285e-02
178924.50	-3.398e-03	3.293e-03	-2.957e-02
178925.50	3.456e-03	6.240e-02	2.947e-02
178926.50	5.203e-03	3.878e-02	5.722e-02
178927.50	2.304e-03	2.006e-02	1.584e-02
178928.50	-9.226e-04	-2.237e-03	-4.531e-02
178929.50	-1.344e-03	-4.666e-02	-3.600e-02
178930.50	-2.563e-03	-4.080e-02	1.450e-02
178931.50	6.922e-04	-1.469e-02	9.792e-02
178932.50	1.171e-03	-1.459e-03	1.651e-02
178933.50	-3.206e-03	-3.168e-02	-1.757e-02
178934.50	-1.085e-03	1.459e-02	-8.448e-02
178935.50	6.144e-03	1.085e-01	2.563e-02
178936.50	7.949e-05	-3.869e-02	-1.920e-02
178937.50	9.379e-05	-2.381e-03	1.958e-02
178938.50	4.243e-03	6.346e-02	3.754e-02
178939.50	-1.277e-03	-2.045e-02	-2.688e-02
178940.50	-7.872e-04	-4.877e-02	6.432e-03
178941.50	5.578e-05	-1.565e-02	2.515e-02
178942.50	4.042e-03	-3.907e-02	7.766e-02
178943.50	1.622e-03	9.494e-03	1.478e-02
178944.50	-2.045e-04	-3.341e-03	1.632e-02
178945.50	-6.451e-03	1.411e-02	-7.555e-03
178946.50	2.506e-03	6.326e-02	-1.632e-02
178947.50	4.848e-03	3.926e-03	-1.142e-03
178948.50	-1.728e-03	-6.374e-02	-2.534e-02
178949.50	-9.206e-04	-4.992e-02	-2.477e-02
178950.50	4.397e-04	4.512e-02	1.738e-02
178951.50	1.325e-03	-1.920e-02	-1.469e-02
178952.50	2.554e-04	-3.302e-02	3.389e-03
178953.50	-9.571e-04	-5.914e-02	1.286e-02
178954.50	1.968e-03	-4.742e-03	-1.219e-02
178955.50	1.142e-03	8.256e-02	1.200e-02
178956.50	-6.250e-04	2.582e-02	-7.392e-02
178957.50	1.363e-03	-3.974e-02	-6.653e-02
178958.50	-9.360e-03	-2.976e-02	-1.373e-02
