178360.50	0.000e+00	0.000e+00	0.000e+00
178361.50	0.000e+00	0.000e+00	0.000e+00
178362.50	0.000e+00	0.000e+00	0.000e+00
178363.50	0.000e+00	0.000e+00	0.000e+00
178364.50	0.000e+00	0.000e+00	0.000e+00
178365.50	0.000e+00	0.000e+00	0.000e+00
178366.50	0.000e+00	0.000e+00	0.000e+00
178367.50	0.000e+00	0.000e+00	0.000e+00
178368.50	0.000e+00	0.000e+00	0.000e+00
178369.50	0.000e+00	0.000e+00	0.000e+00
178370.50	0.000e+00	0.000e+00	0.000e+00
178371.50	0.000e+00	0.000e+00	0.000e+00
178372.50	0.000e+00	0.000e+00	0.000e+00
178373.50	0.000e+00	0.000e+00	0.000e+00
178374.50	0.000e+00	0.000e+00	0.000e+00
178375.50	0.000e+00	0.000e+00	0.000e+00
178376.50	0.000e+00	0.000e+00	0.000e+00
178377.50	0.000e+00	0.000e+00	0.000e+00
178378.50	0.000e+00	0.000e+00	0.000e+00
178379.50	0.000e+00	0.000e+00	0.000e+00
178380.50	0.000e+00	0.000e+00	0.000e+00
178381.50	0.000e+00	0.000e+00	0.000e+00
178382.50	0.000e+00	0.000e+00	0.000e+00
178383.50	0.000e+00	0.000e+00	0.000e+00
178384.50	0.000e+00	0.000e+00	0.000e+00
178385.50	0.000e+00	0.000e+00	0.000e+00
178386.50	0.000e+00	0.000e+00	0.000e+00
178387.50	0.000e+00	0.000e+00	0.000e+00
178388.50	0.000e+00	0.000e+00	0.000e+00
178389.50	0.000e+00	0.000e+00	0.000e+00
178390.50	0.000e+00	0.000e+00	0.000e+00
178391.50	0.000e+00	0.000e+00	0.000e+00
178392.50	0.000e+00	0.000e+00	0.000e+00
178393.50	0.000e+00	0.000e+00	0.000e+00
178394.50	0.000e+00	0.000e+00	0.000e+00
178395.50	0.000e+00	0.000e+00	0.000e+00
178396.50	0.000e+00	0.000e+00	0.000e+00
178397.50	0.000e+00	0.000e+00	0.000e+00
178398.50	0.000e+00	0.000e+00	0.000e+00
178399.50	0.000e+00	0.000e+00	0.000e+00
178400.50	0.000e+00	0.000e+00	0.000e+00
178401.50	0.000e+00	0.000e+00	0.000e+00
178402.50	0.000e+00	0.000e+00	0.000e+00
178403.50	0.000e+00	0.000e+00	0.000e+00
178404.50	0.000e+00	0.000e+00	0.000e+00
178405.50	0.000e+00	0.000e+00	0.000e+00
178406.50	0.000e+00	0.000e+00	0.000e+00
178407.50	0.000e+00	0.000e+00	0.000e+00
178408.50	0.000e+00	0.000e+00	0.000e+00
178409.50	0.000e+00	0.000e+00	0.000e+00
178410.50	0.000e+00	0.000e+00	0.000e+00
178411.50	0.000e+00	0.000e+00	0.000e+00
178412.50	0.000e+00	0.000e+00	0.000e+00
178413.50	0.000e+00	0.000e+00	0.000e+00
178414.50	0.000e+00	0.000e+00	0.000e+00
178415.50	0.000e+00	0.000e+00	0.000e+00
178416.50	0.000e+00	0.000e+00	0.000e+00
178417.50	0.000e+00	0.000e+00	0.000e+00
178418.50	0.000e+00	0.000e+00	0.000e+00
178419.50	0.000e+00	0.000e+00	0.000e+00
178420.50	0.000e+00	0.000e+00	0.000e+00
178421.50	0.000e+00	0.000e+00	0.000e+00
178422.50	0.000e+00	0.000e+00	0.000e+00
178423.50	0.000e+00	0.000e+00	0.000e+00
178424.50	0.000e+00	0.000e+00	0.000e+00
178425.50	0.000e+00	0.000e+00	0.000e+00
178426.50	0.000e+00	0.000e+00	0.000e+00
178427.50	0.000e+00	0.000e+00	0.000e+00
178428.50	0.000e+00	0.000e+00	0.000e+00
178429.50	0.000e+00	0.000e+00	0.000e+00
178430.50	0.000e+00	0.000e+00	0.000e+00
178431.50	0.000e+00	0.000e+00	0.000e+00
178432.50	0.000e+00	0.000e+00	0.000e+00
178433.50	0.000e+00	0.000e+00	0.000e+00
178434.50	0.000e+00	0.000e+00	0.000e+00
178435.50	0.000e+00	0.000e+00	0.000e+00
178436.50	0.000e+00	0.000e+00	0.000e+00
178437.50	0.000e+00	0.000e+00	0.000e+00
178438.50	0.000e+00	0.000e+00	0.000e+00
178439.50	0.000e+00	0.000e+00	0.000e+00
178440.50	0.000e+00	0.000e+00	0.000e+00
178441.50	0.000e+00	0.000e+00	0.000e+00
178442.50	0.000e+00	0.000e+00	0.000e+00
178443.50	0.000e+00	0.000e+00	0.000e+00
178444.50	0.000e+00	0.000e+00	0.000e+00
178445.50	0.000e+00	0.000e+00	0.000e+00
178446.50	0.000e+00	0.000e+00	0.000e+00
178447.50	0.000e+00	0.000e+00	0.000e+00
178448.50	0.000e+00	0.000e+00	0.000e+00
178449.50	0.000e+00	0.000e+00	0.000e+00
178450.50	0.000e+00	0.000e+00	0.000e+00
178451.50	0.000e+00	0.000e+00	0.000e+00
178452.50	0.000e+00	0.000e+00	0.000e+00
178453.50	0.000e+00	0.000e+00	0.000e+00
178454.50	0.000e+00	0.000e+00	0.000e+00
178455.50	0.000e+00	0.000e+00	0.000e+00
178456.50	0.000e+00	0.000e+00	0.000e+00
178457.50	0.000e+00	0.000e+00	0.000e+00
178458.50	0.000e+00	0.000e+00	0.000e+00
178459.50	0.000e+00	0.000e+00	0.000e+00
178460.50	0.000e+00	0.000e+00	0.000e+00
178461.50	0.000e+00	0.000e+00	0.000e+00
178462.50	0.000e+00	0.000e+00	0.000e+00
178463.50	0.000e+00	0.000e+00	0.000e+00
178464.50	0.000e+00	0.000e+00	0.000e+00
178465.50	0.000e+00	0.000e+00	0.000e+00
178466.50	0.000e+00	0.000e+00	0.000e+00
178467.50	0.000e+00	0.000e+00	0.000e+00
178468.50	0.000e+00	0.000e+00	0.000e+00
178469.50	0.000e+00	0.000e+00	0.000e+00
178470.50	0.000e+00	0.000e+00	0.000e+00
178471.50	0.000e+00	0.000e+00	0.000e+00
178472.50	0.000e+00	0.000e+00	0.000e+00
178473.50	0.000e+00	0.000e+00	0.000e+00
178474.50	0.000e+00	0.000e+00	0.000e+00
178475.50	0.000e+00	0.000e+00	0.000e+00
178476.50	0.000e+00	0.000e+00	0.000e+00
178477.50	0.000e+00	0.000e+00	0.000e+00
178478.50	0.000e+00	0.000e+00	0.000e+00
178479.50	0.000e+00	0.000e+00	0.000e+00
178480.50	0.000e+00	0.000e+00	0.000e+00
178481.50	0.000e+00	0.000e+00	0.000e+00
178482.50	0.000e+00	0.000e+00	0.000e+00
178483.50	0.000e+00	0.000e+00	0.000e+00
178484.50	0.000e+00	0.000e+00	0.000e+00
178485.50	0.000e+00	0.000e+00	0.000e+00
178486.50	0.000e+00	0.000e+00	0.000e+00
178487.50	0.000e+00	0.000e+00	0.000e+00
178488.50	0.000e+00	0.000e+00	0.000e+00
178489.50	0.000e+00	0.000e+00	0.000e+00
178490.50	0.000e+00	0.000e+00	0.000e+00
178491.50	0.000e+00	0.000e+00	0.000e+00
178492.50	0.000e+00	0.000e+00	0.000e+00
178493.50	0.000e+00	0.000e+00	0.000e+00
178494.50	0.000e+00	0.000e+00	0.000e+00
178495.50	0.000e+00	0.000e+00	0.000e+00
178496.50	0.000e+00	0.000e+00	0.000e+00
178497.50	0.000e+00	0.000e+00	0.000e+00
178498.50	0.000e+00	0.000e+00	0.000e+00
178499.50	0.000e+00	0.000e+00	0.000e+00
178500.50	0.000e+00	0.000e+00	0.000e+00
178501.50	0.000e+00	0.000e+00	0.000e+00
178502.50	0.000e+00	0.000e+00	0.000e+00
178503.50	0.000e+00	0.000e+00	0.000e+00
178504.50	0.000e+00	0.000e+00	0.000e+00
178505.50	0.000e+00	0.000e+00	0.000e+00
178506.50	0.000e+00	0.000e+00	0.000e+00
178507.50	0.000e+00	0.000e+00	0.000e+00
178508.50	0.000e+00	0.000e+00	0.000e+00
178509.50	0.000e+00	0.000e+00	0.000e+00
178510.50	0.000e+00	0.000e+00	0.000e+00
178511.50	0.000e+00	0.000e+00	0.000e+00
178512.50	0.000e+00	0.000e+00	0.000e+00
178513.50	0.000e+00	0.000e+00	0.000e+00
178514.50	5.098e-06	1.651e-04	1.949e-04
178515.50	4.483e-06	7.258e-04	-8.458e-05
178516.50	-5.213e-06	-2.342e-04	-9.696e-05
178517.50	-2.112e-06	-1.190e-04	-1.786e-04
178518.50	1.037e-05	-9.581e-05	4.618e-04
178519.50	-1.171e-06	-7.526e-05	2.189e-05
178520.50	-6.154e-06	8.198e-05	-2.938e-04
178521.50	-5.779e-06	-7.056e-05	-3.216e-04
178522.50	-2.410e-06	-3.715e-04	8.256e-05
178523.50	-1.450e-08	-8.419e-05	7.738e-06
178524.50	1.478e-06	7.795e-05	1.162e-04
178525.50	4.080e-05	3.984e-03	2.832e-03
178526.50	1.776e-06	-1.987e-03	-1.642e-03
178527.50	8.160e-05	-7.709e-04	3.917e-03
178528.50	2.093e-04	-1.670e-02	1.651e-02
178529.50	-3.782e-04	-1.354e-02	-2.515e-02
178530.50	-5.270e-04	4.589e-03	-3.619e-02
178531.50	2.880e-04	8.026e-03	1.901e-02
178532.50	5.357e-04	1.738e-02	2.861e-02
178533.50	1.872e-03	3.562e-02	5.395e-02
178534.50	5.549e-03	-1.171e+00	3.936e-01
178535.50	2.611e-02	-7.104e+00	1.565e+00
178536.50	1.642e-01	-1.363e+02	1.008e+01
178537.50	3.053e+00	-1.344e+03	2.035e+02
178538.50	4.810e-01	-1.834e+02	2.467e+01
178539.50	-8.362e-01	1.824e+02	-6.298e+01
178540.50	-2.525e-01	1.498e+02	-2.074e+01
178541.50	-2.198e-01	1.219e+02	-1.661e+01
178542.50	-2.131e-01	9.792e+01	-1.574e+01
178543.50	-2.006e-01	9.014e+01	-1.382e+01
178544.50	-1.958e-01	8.554e+01	-1.382e+01
178545.50	-1.037e-01	7.296e+01	-7.469e+00
178546.50	-1.200e-01	6.202e+01	-8.179e+00
178547.50	-7.373e-02	5.434e+01	-4.810e+00
178548.50	-1.517e-01	5.299e+01	-8.707e+00
178549.50	-5.539e-02	5.126e+01	-3.926e+00
178550.50	-6.816e-02	4.080e+01	-3.907e+00
178551.50	-4.992e-02	3.802e+01	-2.582e+00
178552.50	-1.181e-01	3.754e+01	-7.910e+00
178553.50	-1.142e-01	3.475e+01	-7.296e+00
178554.50	-2.045e-02	3.178e+01	-1.373e+00
178555.50	-1.046e-01	2.938e+01	-6.442e+00
178556.50	-4.378e-02	2.352e+01	-2.189e+00
178557.50	1.142e-02	2.630e+01	9.053e-01
178558.50	-3.034e-02	2.246e+01	-1.632e+00
178559.50	-5.165e-02	1.920e+01	-2.813e+00
178560.50	-1.238e-02	1.949e+01	-3.014e-01
178561.50	-1.363e-02	1.910e+01	-8.957e-01
178562.50	-3.158e-02	1.680e+01	-1.296e+00
178563.50	-2.525e-02	1.430e+01	-1.267e+00
178564.50	-3.168e-02	1.334e+01	-1.594e+00
178565.50	-3.782e-02	1.459e+01	-1.795e+00
178566.50	-2.717e-02	1.402e+01	-1.747e+00
178567.50	-2.986e-02	1.354e+01	-1.210e+00
178568.50	-3.360e-02	1.210e+01	-1.709e+00
178569.50	-1.248e-02	1.114e+01	-8.544e-01
178570.50	-3.302e-02	9.571e+00	-1.421e+00
178571.50	-3.331e-02	8.083e+00	-1.546e+00
178572.50	-1.536e-02	9.888e+00	-6.163e-01
178573.50	-2.582e-02	9.427e+00	-1.229e+00
178574.50	-5.309e-03	7.987e+00	-1.171e-01
178575.50	5.722e-03	6.499e+00	3.878e-01
178576.50	-2.246e-02	7.642e+00	-8.486e-01
178577.50	-1.766e-02	7.133e+00	-7.027e-01
178578.50	-1.594e-02	5.050e+00	-9.226e-01
178579.50	5.357e-03	5.741e+00	3.360e-01
178580.50	-1.315e-02	5.328e+00	-7.334e-01
178581.50	4.291e-03	5.270e+00	7.373e-01
178582.50	-2.506e-03	5.386e+00	2.006e-01
178583.50	1.632e-02	4.608e+00	1.123e+00
178584.50	-6.883e-03	5.155e+00	-1.603e-02
178585.50	-6.259e-03	4.262e+00	-3.302e-01
178586.50	-1.018e-02	4.051e+00	-8.035e-01
178587.50	8.976e-03	3.533e+00	7.747e-01
178588.50	-1.200e-02	4.320e+00	-7.190e-01
178589.50	-1.018e-02	4.253e+00	-2.477e-01
178590.50	-1.085e-02	3.542e+00	-5.549e-01
178591.50	-6.806e-03	2.851e+00	-3.427e-01
178592.50	-2.371e-02	3.437e+00	-1.046e+00
178593.50	-9.523e-03	3.082e+00	-6.547e-01
178594.50	1.728e-03	2.419e+00	3.619e-01
178595.50	-1.037e-02	2.323e+00	-2.698e-01
178596.50	2.602e-04	2.112e+00	-8.669e-02
178597.50	-1.008e-02	2.458e+00	-5.174e-01
178598.50	1.066e-02	2.544e+00	6.221e-01
178599.50	7.142e-04	2.592e+00	3.302e-01
178600.50	-1.498e-02	2.371e+00	-8.160e-01
178601.50	-2.938e-03	1.843e+00	1.642e-01
178602.50	-4.070e-03	2.006e+00	-6.307e-02
178603.50	5.933e-04	1.104e+00	-2.083e-01
178604.50	-1.824e-02	1.622e+00	-1.018e+00
178605.50	5.366e-03	2.323e+00	1.776e-01
178606.50	-1.123e-02	1.114e+00	-5.347e-01
178607.50	4.886e-03	1.306e+00	1.651e-01
178608.50	-2.189e-02	1.680e+00	-5.846e-01
178609.50	1.478e-02	2.026e+00	3.907e-01
178610.50	-2.035e-02	1.430e+00	-7.382e-01
178611.50	3.062e-03	9.226e-01	1.325e-01
178612.50	1.757e-03	6.336e-01	3.178e-01
178613.50	-3.523e-03	7.402e-01	-2.275e-01
178614.50	2.371e-04	7.373e-01	1.603e-01
178615.50	6.874e-03	1.306e+00	4.925e-01
178616.50	-8.285e-03	1.373e+00	-4.262e-01
178617.50	1.834e-03	1.565e+00	1.891e-01
178618.50	-4.099e-03	1.114e+00	-1.814e-01
178619.50	-1.334e-03	6.854e-01	-2.458e-01
178620.50	-4.694e-03	2.198e-01	-4.358e-01
178621.50	-1.267e-02	4.099e-01	-4.320e-01
178622.50	-4.829e-03	4.762e-01	-2.784e-01
178623.50	-8.803e-03	8.448e-01	-1.546e-01
178624.50	1.411e-03	6.826e-01	3.590e-02
178625.50	-2.381e-04	6.509e-01	-2.534e-01
178626.50	-5.885e-04	9.504e-01	3.331e-01
178627.50	-1.498e-03	4.032e-01	-1.613e-01
178628.50	-8.323e-03	5.222e-01	-4.032e-01
178629.50	-1.046e-02	4.128e-01	-5.002e-01
178630.50	1.498e-03	9.581e-03	1.315e-01
178631.50	5.789e-03	3.302e-01	4.762e-01
178632.50	-2.150e-03	1.181e+00	-1.181e-01
178633.50	3.158e-03	4.358e-01	1.450e-01
178634.50	-6.182e-03	7.930e-01	-1.939e-01
178635.50	3.571e-03	4.205e-01	-5.280e-02
178636.50	2.813e-03	5.338e-01	4.349e-04
178637.50	-6.307e-03	9.466e-02	-1.190e-01
178638.50	5.530e-03	9.149e-01	4.253e-01
178639.50	-7.094e-03	4.963e-01	-2.333e-01
178640.50	-1.709e-03	5.741e-01	-4.474e-02
178641.50	8.611e-03	2.602e-01	2.304e-01
178642.50	-1.258e-02	8.803e-01	-5.520e-01
178643.50	-9.984e-03	9.302e-02	-2.477e-01
178644.50	1.411e-03	4.003e-01	2.707e-01
178645.50	-1.805e-03	3.744e-01	-3.062e-01
178646.50	-2.726e-03	3.226e-01	-1.094e-01
178647.50	-3.638e-03	6.893e-02	-1.382e-01
178648.50	-7.171e-03	-9.600e-03	-3.014e-01
178649.50	6.960e-03	-3.379e-02	4.090e-01
178650.50	3.715e-03	1.747e-01	1.210e-01
178651.50	2.419e-03	2.832e-01	-1.459e-02
178652.50	3.437e-04	5.616e-02	9.533e-02
178653.50	-3.274e-03	3.014e-01	-1.085e-01
178654.50	-4.906e-03	4.138e-01	-1.728e-01
178655.50	-3.888e-03	3.062e-01	-3.370e-01
178656.50	-2.419e-04	4.406e-01	4.992e-03
178657.50	-9.062e-03	2.678e-01	-2.419e-01
178658.50	-2.947e-03	2.083e-01	-3.542e-02
178659.50	6.115e-03	1.651e-02	8.707e-02
178660.50	-3.149e-03	-2.083e-01	4.675e-02
178661.50	2.890e-03	1.632e-01	1.363e-01
178662.50	-5.962e-04	2.554e-01	-1.315e-01
178663.50	7.238e-03	1.008e-01	2.342e-01
178664.50	-2.534e-03	2.352e-01	7.037e-03
178665.50	-7.603e-03	-4.982e-02	-2.294e-01
178666.50	1.594e-03	2.698e-01	1.181e-01
178667.50	2.102e-03	4.330e-01	-6.096e-02
178668.50	3.869e-03	1.498e-01	2.342e-01
178669.50	-6.557e-03	5.434e-02	-5.741e-02
178670.50	-2.246e-03	2.707e-01	-1.373e-01
178671.50	-5.482e-03	-5.990e-02	-1.690e-01
178672.50	-7.603e-04	6.394e-02	1.133e-01
178673.50	-6.605e-03	-8.630e-03	-3.024e-01
178674.50	2.784e-03	1.219e-01	5.722e-02
178675.50	1.910e-03	1.872e-01	1.824e-01
178676.50	4.387e-03	2.122e-01	-8.314e-04
178677.50	-2.246e-04	2.774e-01	2.314e-02
178678.50	-1.325e-03	9.418e-02	-1.997e-01
178679.50	5.011e-03	6.845e-02	3.475e-01
178680.50	-7.056e-03	7.920e-02	-1.805e-01
178681.50	-3.869e-03	3.331e-01	-5.261e-02
178682.50	1.085e-02	-3.926e-02	1.382e-01
178683.50	-3.082e-03	4.560e-02	1.603e-02
178684.50	-5.482e-03	5.914e-02	-5.539e-02
178685.50	3.322e-03	1.584e-01	1.363e-01
178686.50	-3.504e-03	5.654e-03	-1.008e-01
178687.50	4.954e-03	2.458e-01	1.152e-01
178688.50	1.622e-03	3.197e-01	9.331e-04
178689.50	-8.237e-04	-9.600e-02	1.517e-01
178690.50	-1.690e-03	-1.690e-01	-1.267e-01
178691.50	-2.506e-03	1.834e-01	-2.179e-01
178692.50	2.141e-03	1.008e-01	-4.426e-02
178693.50	-2.064e-03	2.064e-02	4.128e-02
178694.50	2.227e-03	1.027e-01	5.165e-02
178695.50	8.026e-04	-2.650e-02	4.589e-02
178696.50	-1.488e-03	2.448e-01	4.109e-02
178697.50	-3.341e-03	1.651e-01	6.768e-02
178698.50	4.320e-03	-5.568e-02	1.046e-01
178699.50	-3.830e-03	2.909e-01	-1.776e-01
178700.50	-5.894e-03	2.909e-01	-1.949e-01
178701.50	1.210e-03	-7.421e-02	-5.798e-02
178702.50	-2.650e-03	-1.315e-01	-8.899e-02
178703.50	-1.411e-05	-3.216e-02	-3.974e-02
178704.50	2.371e-03	-5.165e-03	7.402e-02
178705.50	-1.517e-03	7.325e-02	1.997e-02
178706.50	-2.947e-03	1.200e-01	-1.440e-01
178707.50	1.363e-03	2.237e-02	6.883e-02
178708.50	-3.322e-03	3.187e-02	-8.755e-02
178709.50	-9.437e-04	-7.190e-02	-1.142e-01
178710.50	-2.352e-03	5.568e-02	-2.266e-02
178711.50	1.690e-03	-2.870e-02	1.373e-01
178712.50	-2.755e-04	3.648e-01	-5.962e-02
178713.50	3.898e-03	8.045e-02	2.342e-01
178714.50	-9.206e-03	-7.066e-02	5.338e-02
178715.50	1.306e-03	7.872e-02	7.872e-02
178716.50	3.120e-03	1.325e-01	7.056e-02
178717.50	-2.640e-05	1.613e-01	-3.821e-02
178718.50	-3.446e-03	7.075e-02	-9.561e-02
178719.50	-1.200e-03	-2.112e-02	6.413e-03
178720.50	-4.579e-04	-7.632e-03	4.234e-02
178721.50	-1.018e-03	2.525e-02	4.589e-02
178722.50	-3.322e-03	-1.786e-02	-9.101e-02
178723.50	5.674e-03	2.294e-02	7.056e-02
178724.50	-3.264e-03	-3.744e-02	-1.162e-01
178725.50	2.064e-04	-4.762e-03	-1.027e-01
178726.50	2.486e-03	1.651e-01	3.878e-02
178727.50	5.261e-03	1.814e-01	7.603e-02
178728.50	-6.192e-04	1.046e-01	-1.190e-01
178729.50	2.333e-03	-3.792e-02	7.699e-02
178730.50	2.582e-03	1.392e-02	9.149e-02
178731.50	-1.075e-03	-2.160e-02	-6.970e-02
178732.50	-1.632e-03	1.949e-01	-7.795e-02
178733.50	3.562e-03	3.091e-02	-1.114e-01
178734.50	-1.315e-03	-1.834e-01	4.694e-02
178735.50	3.274e-03	-2.102e-02	2.611e-01
178736.50	-1.123e-03	1.805e-01	-4.906e-02
178737.50	-1.997e-03	-3.696e-02	2.822e-02
178738.50	-2.966e-03	5.318e-02	-8.294e-02
178739.50	2.342e-04	6.480e-02	9.475e-02
178740.50	6.125e-04	3.840e-02	2.659e-02
178741.50	-2.774e-03	6.691e-02	-1.949e-01
178742.50	-2.774e-03	1.094e-01	-5.059e-02
178743.50	-4.973e-04	-3.802e-02	4.752e-02
178744.50	1.565e-03	-2.794e-02	2.986e-02
178745.50	-8.678e-04	5.261e-02	-1.738e-02
178746.50	1.094e-03	1.680e-01	5.693e-02
178747.50	1.786e-03	-9.514e-03	-2.611e-02
178748.50	3.475e-03	-1.459e-01	5.338e-02
178749.50	1.094e-03	2.054e-02	9.600e-02
178750.50	3.523e-03	-9.331e-02	1.968e-01
178751.50	-2.544e-03	-5.299e-02	-2.026e-01
178752.50	-2.918e-03	-3.293e-02	-5.731e-03
178753.50	2.534e-03	-3.811e-02	3.773e-02
178754.50	1.094e-03	1.795e-01	1.805e-02
178755.50	-9.341e-04	1.037e-01	-1.190e-01
178756.50	2.170e-03	-2.621e-02	3.514e-02
178757.50	-1.680e-04	4.128e-02	-4.570e-02
178758.50	-6.672e-04	-3.101e-02	4.925e-02
178759.50	8.678e-03	1.171e-01	1.066e-01
178760.50	-3.418e-03	5.510e-02	-3.245e-02
178761.50	4.675e-03	6.643e-02	-1.152e-01
178762.50	2.861e-03	1.104e-01	-5.482e-02
178763.50	-2.006e-02	-2.342e-01	1.306e-03
178764.50	-4.109e-03	-4.944e-02	-1.190e-01
178765.50	1.862e-03	7.546e-02	6.768e-02
178766.50	-4.685e-04	-1.814e-01	3.264e-02
178767.50	-4.186e-03	9.552e-03	-6.403e-02
178768.50	5.261e-03	6.317e-02	1.824e-01
178769.50	4.646e-03	5.366e-02	1.037e-01
178770.50	1.555e-03	-1.882e-02	4.502e-02
178771.50	3.907e-04	-8.726e-02	-5.002e-02
178772.50	-2.717e-04	6.922e-02	1.584e-02
178773.50	-6.010e-03	5.482e-03	-2.323e-01
178774.50	-3.120e-03	-1.363e-01	-9.792e-02
178775.50	-3.504e-03	-1.094e-01	-7.421e-02
178776.50	2.851e-05	-5.098e-02	5.203e-02
178777.50	2.976e-03	1.056e-01	1.200e-01
178778.50	-4.022e-04	-2.170e-03	2.074e-02
178779.50	-3.446e-04	8.064e-02	2.582e-02
178780.50	1.997e-03	-9.696e-02	5.030e-02
178781.50	-6.413e-04	-7.200e-02	-2.227e-02
178782.50	-1.094e-03	1.238e-01	-4.070e-02
178783.50	-5.443e-03	-4.896e-02	-6.557e-02
178784.50	-2.102e-03	6.086e-02	1.939e-02
178785.50	-2.026e-04	-5.194e-02	2.381e-02
178786.50	-6.202e-04	4.330e-02	-2.198e-02
178787.50	-1.642e-03	-6.394e-02	-9.514e-02
178788.50	3.974e-03	9.792e-02	9.024e-02
178789.50	1.056e-03	2.438e-02	-6.883e-02
178790.50	-3.475e-03	-1.411e-02	-1.488e-01
178791.50	-6.230e-05	-4.080e-02	-6.960e-02
178792.50	3.206e-04	7.862e-02	1.363e-01
178793.50	2.563e-03	-6.787e-02	6.730e-02
178794.50	3.264e-03	7.670e-02	-2.285e-02
178795.50	4.109e-04	4.358e-02	6.173e-02
178796.50	2.304e-04	7.104e-02	-1.642e-02
178797.50	-1.680e-03	-5.482e-03	-1.872e-02
178798.50	-3.226e-03	-6.950e-02	-1.142e-01
178799.50	1.632e-03	1.382e-01	6.816e-02
178800.50	1.459e-03	-1.997e-02	8.410e-02
178801.50	1.680e-03	-2.227e-02	3.322e-02
178802.50	9.696e-05	-1.565e-02	8.054e-02
178803.50	-7.478e-04	1.238e-01	-2.074e-02
178804.50	-6.931e-04	1.286e-01	-1.613e-01
178805.50	-1.066e-03	-6.278e-02	-2.938e-02
178806.50	-9.341e-04	-6.566e-02	-1.296e-02
178807.50	-9.888e-04	9.590e-02	-6.941e-02
178808.50	-5.251e-04	6.192e-03	1.229e-02
178809.50	1.133e-03	4.349e-02	8.765e-02
178810.50	1.488e-03	6.490e-02	-1.296e-02
178811.50	-6.365e-04	4.656e-02	-1.901e-02
178812.50	1.517e-03	-1.066e-01	7.517e-02
178813.50	1.133e-03	-4.378e-02	-3.168e-02
178814.50	-1.546e-04	7.517e-02	-2.179e-02
178815.50	-1.738e-03	6.317e-02	-7.277e-02
178816.50	-2.918e-03	-1.546e-02	-1.392e-01
178817.50	-1.536e-03	-2.851e-02	-4.598e-02
178818.50	-1.334e-03	-4.186e-02	-7.296e-02
178819.50	4.320e-04	7.757e-02	-2.496e-02
178820.50	2.294e-03	-5.098e-02	1.306e-01
178821.50	1.334e-03	-5.981e-02	-1.258e-02
178822.50	9.984e-05	3.907e-02	3.235e-02
178823.50	-1.104e-03	4.109e-02	2.419e-02
178824.50	-1.987e-03	-5.117e-02	-4.042e-02
178825.50	-1.402e-03	3.206e-02	4.656e-02
178826.50	1.910e-03	4.205e-02	2.592e-02
178827.50	-1.450e-04	7.248e-02	-1.411e-03
178828.50	-1.066e-04	-1.200e-02	7.104e-02
178829.50	-1.142e-03	-6.883e-02	-3.062e-02
178830.50	-8.650e-04	1.555e-02	-4.982e-02
178831.50	-7.354e-04	-5.549e-02	5.050e-02
178832.50	-1.517e-03	5.712e-02	-7.354e-02
178833.50	-3.120e-03	-4.973e-02	3.590e-02
178834.50	-1.469e-03	4.330e-02	-5.914e-02
178835.50	5.328e-04	5.626e-02	-5.328e-02
178836.50	5.933e-03	7.555e-03	4.570e-02
178837.50	-1.104e-03	-4.406e-02	9.792e-02
178838.50	-1.210e-03	1.296e-02	-8.966e-03
178839.50	-4.666e-04	3.139e-02	3.984e-02
178840.50	1.786e-03	-2.227e-02	-8.726e-02
178841.50	2.573e-03	1.709e-02	-2.803e-02
178842.50	4.109e-03	4.454e-02	-1.306e-02
178843.50	-4.358e-03	1.075e-02	3.130e-03
178844.50	-1.392e-03	-1.786e-02	-2.832e-02
178845.50	2.035e-03	-2.266e-02	3.696e-02
178846.50	-1.315e-03	-4.483e-02	-8.582e-03
178847.50	2.448e-03	-1.133e-02	4.138e-02
178848.50	-4.637e-04	9.216e-02	4.368e-02
178849.50	8.650e-04	-1.354e-02	3.581e-02
178850.50	-1.920e-03	4.800e-02	-4.061e-02
178851.50	-1.008e-03	-9.389e-02	2.986e-02
178852.50	1.843e-03	-7.008e-02	3.523e-02
178853.50	-1.795e-03	2.362e-02	-7.901e-02
178854.50	-3.965e-04	5.818e-02	-1.286e-01
178855.50	6.211e-04	-2.208e-04	7.008e-02
178856.50	-3.955e-04	-8.640e-03	-7.046e-03
178857.50	4.109e-04	3.494e-02	1.018e-02
178858.50	1.018e-03	7.910e-02	3.034e-02
178859.50	1.603e-03	-8.150e-02	7.046e-02
178860.50	2.602e-04	-2.093e-02	2.678e-02
178861.50	3.552e-03	8.918e-05	-5.837e-02
178862.50	-6.202e-04	-8.544e-02	-2.995e-02
178863.50	-7.210e-04	9.888e-03	-2.851e-02
178864.50	-2.256e-03	3.600e-02	-1.872e-02
178865.50	-9.888e-04	-4.234e-02	4.742e-02
178866.50	3.907e-04	2.486e-03	-3.485e-05
178867.50	1.690e-03	-4.032e-03	-3.619e-03
178868.50	-4.531e-04	-1.853e-02	-9.283e-02
178869.50	1.536e-03	6.595e-02	4.618e-02
178870.50	1.373e-03	2.314e-02	-3.427e-02
178871.50	-4.944e-03	6.941e-02	-6.019e-02
178872.50	-5.290e-04	2.506e-02	1.776e-02
178873.50	1.910e-04	-4.541e-02	3.773e-02
178874.50	-5.251e-04	-1.181e-02	3.696e-02
178875.50	-1.488e-04	-3.629e-02	1.421e-02
178876.50	1.622e-03	-1.901e-02	-3.475e-02
178877.50	2.909e-04	-8.150e-03	-9.312e-04
178878.50	3.005e-04	9.226e-02	-9.437e-03
178879.50	4.973e-04	-7.814e-03	-4.301e-02
178880.50	-5.856e-04	-1.766e-02	-2.371e-02
178881.50	1.334e-03	1.430e-02	6.538e-02
178882.50	-8.448e-04	-1.517e-01	6.960e-02
178883.50	3.830e-03	-7.670e-02	-4.138e-02
178884.50	-7.987e-04	3.984e-02	8.938e-02
178885.50	-2.083e-03	-2.314e-02	-6.547e-02
178886.50	-2.851e-04	4.387e-02	-4.291e-02
178887.50	-1.056e-03	1.546e-02	-3.936e-02
178888.50	2.938e-03	9.600e-02	6.019e-02
178889.50	2.064e-03	5.626e-02	4.022e-02
178890.50	-2.141e-03	-3.197e-02	-1.939e-03
178891.50	-6.202e-04	-8.717e-02	-1.334e-02
178892.50	-2.966e-03	4.906e-02	-1.872e-02
178893.50	-5.674e-04	7.008e-02	5.184e-03
178894.50	-9.600e-05	1.824e-02	5.616e-02
178895.50	1.238e-03	-1.968e-02	2.266e-02
178896.50	3.600e-04	8.774e-03	1.018e-02
178897.50	1.661e-03	3.667e-02	6.931e-03
178898.50	-1.056e-02	1.133e-01	-1.142e-01
178899.50	-2.870e-03	8.410e-04	-1.066e-02
178900.50	1.594e-01	-7.517e-01	1.392e-01
178901.50	-2.688e-02	2.611e-01	2.803e-01
178902.50	-3.226e-03	-8.227e-03	-3.120e-02
178903.50	-9.408e-05	1.690e-02	-5.242e-02
178904.50	3.302e-03	1.238e-02	-2.304e-02
178905.50	1.085e-03	4.493e-03	1.728e-02
178906.50	1.075e-03	-1.757e-02	1.776e-02
178907.50	-5.050e-03	7.277e-02	1.008e-01
178908.50	-1.200e-03	3.264e-03	-1.526e-02
178909.50	-6.509e-03	4.253e-02	-5.386e-02
178910.50	-1.306e-02	4.176e-02	1.766e-02
178911.50	2.640e-04	-2.803e-02	-1.286e-02
178912.50	-1.824e-03	-2.995e-02	-5.798e-02
178913.50	-1.642e-02	4.627e-02	8.371e-02
178914.50	3.062e-03	4.330e-02	2.352e-02
178915.50	-1.958e-03	6.355e-03	7.498e-02
178916.50	1.286e-02	-1.814e-01	-2.362e-01
178917.50	5.904e-03	9.523e-03	3.379e-03
178918.50	-6.547e-04	-1.728e-02	-1.843e-02
178919.50	-1.344e-03	6.874e-03	-6.576e-02
178920.50	6.710e-04	-4.147e-02	6.566e-04
178921.50	-4.560e-02	9.696e-02	-1.162e-01
178922.50	-5.011e-03	-2.342e-04	1.891e-02
178923.50	3.552e-04	-2.112e-02	2.352e-02
178924.50	-1.373e-04	-1.526e-02	-4.022e-02
178925.50	1.056e-04	2.323e-02	1.306e-03
178926.50	1.315e-03	8.899e-04	1.795e-02
178927.50	-6.490e-04	-1.085e-01	-6.298e-02
178928.50	6.806e-04	5.126e-02	5.846e-02
178929.50	-6.163e-04	6.547e-02	9.888e-03
178930.50	-9.696e-04	-1.738e-02	-6.221e-02
178931.50	-7.738e-04	-2.995e-02	1.008e-02
178932.50	3.994e-03	4.685e-02	8.400e-02
178933.50	3.466e-04	9.005e-03	-1.718e-02
178934.50	2.438e-04	2.266e-02	-1.978e-02
178935.50	-1.181e-03	6.528e-02	7.747e-03
178936.50	9.984e-04	-4.339e-03	1.402e-02
178937.50	-1.920e-04	-7.968e-03	4.550e-02
178938.50	-7.574e-03	3.149e-03	-5.405e-02
178939.50	1.805e-04	-1.843e-02	3.802e-02
178940.50	-8.899e-04	1.325e-02	-2.928e-02
178941.50	3.389e-03	2.582e-02	5.568e-02
178942.50	-2.285e-04	7.622e-03	9.168e-03
178943.50	1.037e-03	-1.949e-02	1.392e-02
178944.50	7.824e-04	-1.181e-01	-3.005e-02
178945.50	1.027e-03	7.939e-03	3.062e-02
178946.50	-1.219e-05	2.621e-02	1.834e-03
178947.50	8.352e-04	2.659e-04	-6.806e-03
178948.50	-1.402e-03	-1.642e-03	1.008e-02
178949.50	1.402e-03	6.154e-03	-1.814e-02
178950.50	-2.659e-03	9.446e-02	-1.747e-02
178951.50	-1.517e-03	-1.949e-02	-3.226e-02
178952.50	1.613e-03	-7.430e-02	-1.738e-03
178953.50	-3.456e-04	-1.162e-03	-2.141e-02
178954.50	-5.213e-04	-8.678e-03	4.243e-03
178955.50	4.522e-04	-4.752e-02	4.694e-03
178956.50	1.728e-03	7.603e-03	-2.496e-02
178957.50	-1.190e-03	9.590e-02	-7.018e-04
178958.50	-7.776e-04	5.654e-02	-1.517e-02
