178360.50	0.000e+00	0.000e+00	0.000e+00
178361.50	0.000e+00	0.000e+00	0.000e+00
178362.50	0.000e+00	0.000e+00	0.000e+00
178363.50	0.000e+00	0.000e+00	0.000e+00
178364.50	0.000e+00	0.000e+00	0.000e+00
178365.50	0.000e+00	0.000e+00	0.000e+00
178366.50	0.000e+00	0.000e+00	0.000e+00
178367.50	0.000e+00	0.000e+00	0.000e+00
178368.50	0.000e+00	0.000e+00	0.000e+00
178369.50	0.000e+00	0.000e+00	0.000e+00
178370.50	0.000e+00	0.000e+00	0.000e+00
178371.50	0.000e+00	0.000e+00	0.000e+00
178372.50	0.000e+00	0.000e+00	0.000e+00
178373.50	0.000e+00	0.000e+00	0.000e+00
178374.50	0.000e+00	0.000e+00	0.000e+00
178375.50	0.000e+00	0.000e+00	0.000e+00
178376.50	0.000e+00	0.000e+00	0.000e+00
178377.50	0.000e+00	0.000e+00	0.000e+00
178378.50	0.000e+00	0.000e+00	0.000e+00
178379.50	0.000e+00	0.000e+00	0.000e+00
178380.50	0.000e+00	0.000e+00	0.000e+00
178381.50	0.000e+00	0.000e+00	0.000e+00
178382.50	0.000e+00	0.000e+00	0.000e+00
178383.50	0.000e+00	0.000e+00	0.000e+00
178384.50	0.000e+00	0.000e+00	0.000e+00
178385.50	0.000e+00	0.000e+00	0.000e+00
178386.50	0.000e+00	0.000e+00	0.000e+00
178387.50	0.000e+00	0.000e+00	0.000e+00
178388.50	0.000e+00	0.000e+00	0.000e+00
178389.50	0.000e+00	0.000e+00	0.000e+00
178390.50	0.000e+00	0.000e+00	0.000e+00
178391.50	0.000e+00	0.000e+00	0.000e+00
178392.50	0.000e+00	0.000e+00	0.000e+00
178393.50	0.000e+00	0.000e+00	0.000e+00
178394.50	0.000e+00	0.000e+00	0.000e+00
178395.50	0.000e+00	0.000e+00	0.000e+00
178396.50	0.000e+00	0.000e+00	0.000e+00
178397.50	0.000e+00	0.000e+00	0.000e+00
178398.50	0.000e+00	0.000e+00	0.000e+00
178399.50	0.000e+00	0.000e+00	0.000e+00
178400.50	0.000e+00	0.000e+00	0.000e+00
178401.50	0.000e+00	0.000e+00	0.000e+00
178402.50	0.000e+00	0.000e+00	0.000e+00
178403.50	0.000e+00	0.000e+00	0.000e+00
178404.50	0.000e+00	0.000e+00	0.000e+00
178405.50	0.000e+00	0.000e+00	0.000e+00
178406.50	0.000e+00	0.000e+00	0.000e+00
178407.50	0.000e+00	0.000e+00	0.000e+00
178408.50	0.000e+00	0.000e+00	0.000e+00
178409.50	0.000e+00	0.000e+00	0.000e+00
178410.50	0.000e+00	0.000e+00	0.000e+00
178411.50	0.000e+00	0.000e+00	0.000e+00
178412.50	0.000e+00	0.000e+00	0.000e+00
178413.50	0.000e+00	0.000e+00	0.000e+00
178414.50	0.000e+00	0.000e+00	0.000e+00
178415.50	0.000e+00	0.000e+00	0.000e+00
178416.50	0.000e+00	0.000e+00	0.000e+00
178417.50	0.000e+00	0.000e+00	0.000e+00
178418.50	0.000e+00	0.000e+00	0.000e+00
178419.50	0.000e+00	0.000e+00	0.000e+00
178420.50	0.000e+00	0.000e+00	0.000e+00
178421.50	0.000e+00	0.000e+00	0.000e+00
178422.50	0.000e+00	0.000e+00	0.000e+00
178423.50	0.000e+00	0.000e+00	0.000e+00
178424.50	0.000e+00	0.000e+00	0.000e+00
178425.50	0.000e+00	0.000e+00	0.000e+00
178426.50	0.000e+00	0.000e+00	0.000e+00
178427.50	0.000e+00	0.000e+00	0.000e+00
178428.50	0.000e+00	0.000e+00	0.000e+00
178429.50	0.000e+00	0.000e+00	0.000e+00
178430.50	0.000e+00	0.000e+00	0.000e+00
178431.50	0.000e+00	0.000e+00	0.000e+00
178432.50	0.000e+00	0.000e+00	0.000e+00
178433.50	0.000e+00	0.000e+00	0.000e+00
178434.50	0.000e+00	0.000e+00	0.000e+00
178435.50	0.000e+00	0.000e+00	0.000e+00
178436.50	0.000e+00	0.000e+00	0.000e+00
178437.50	0.000e+00	0.000e+00	0.000e+00
178438.50	0.000e+00	0.000e+00	0.000e+00
178439.50	0.000e+00	0.000e+00	0.000e+00
178440.50	0.000e+00	0.000e+00	0.000e+00
178441.50	0.000e+00	0.000e+00	0.000e+00
178442.50	0.000e+00	0.000e+00	0.000e+00
178443.50	0.000e+00	0.000e+00	0.000e+00
178444.50	0.000e+00	0.000e+00	0.000e+00
178445.50	0.000e+00	0.000e+00	0.000e+00
178446.50	0.000e+00	0.000e+00	0.000e+00
178447.50	0.000e+00	0.000e+00	0.000e+00
178448.50	0.000e+00	0.000e+00	0.000e+00
178449.50	0.000e+00	0.000e+00	0.000e+00
178450.50	0.000e+00	0.000e+00	0.000e+00
178451.50	0.000e+00	0.000e+00	0.000e+00
178452.50	0.000e+00	0.000e+00	0.000e+00
178453.50	0.000e+00	0.000e+00	0.000e+00
178454.50	0.000e+00	0.000e+00	0.000e+00
178455.50	0.000e+00	0.000e+00	0.000e+00
178456.50	0.000e+00	0.000e+00	0.000e+00
178457.50	0.000e+00	0.000e+00	0.000e+00
178458.50	0.000e+00	0.000e+00	0.000e+00
178459.50	0.000e+00	0.000e+00	0.000e+00
178460.50	0.000e+00	0.000e+00	0.000e+00
178461.50	0.000e+00	0.000e+00	0.000e+00
178462.50	0.000e+00	0.000e+00	0.000e+00
178463.50	0.000e+00	0.000e+00	0.000e+00
178464.50	0.000e+00	0.000e+00	0.000e+00
178465.50	0.000e+00	0.000e+00	0.000e+00
178466.50	0.000e+00	0.000e+00	0.000e+00
178467.50	0.000e+00	0.000e+00	0.000e+00
178468.50	0.000e+00	0.000e+00	0.000e+00
178469.50	0.000e+00	0.000e+00	0.000e+00
178470.50	0.000e+00	0.000e+00	0.000e+00
178471.50	0.000e+00	0.000e+00	0.000e+00
178472.50	0.000e+00	0.000e+00	0.000e+00
178473.50	0.000e+00	0.000e+00	0.000e+00
178474.50	0.000e+00	0.000e+00	0.000e+00
178475.50	0.000e+00	0.000e+00	0.000e+00
178476.50	0.000e+00	0.000e+00	0.000e+00
178477.50	0.000e+00	0.000e+00	0.000e+00
178478.50	0.000e+00	0.000e+00	0.000e+00
178479.50	0.000e+00	0.000e+00	0.000e+00
178480.50	0.000e+00	0.000e+00	0.000e+00
178481.50	0.000e+00	0.000e+00	0.000e+00
178482.50	0.000e+00	0.000e+00	0.000e+00
178483.50	0.000e+00	0.000e+00	0.000e+00
178484.50	0.000e+00	0.000e+00	0.000e+00
178485.50	0.000e+00	0.000e+00	0.000e+00
178486.50	0.000e+00	0.000e+00	0.000e+00
178487.50	0.000e+00	0.000e+00	0.000e+00
178488.50	0.000e+00	0.000e+00	0.000e+00
178489.50	0.000e+00	0.000e+00	0.000e+00
178490.50	0.000e+00	0.000e+00	0.000e+00
178491.50	0.000e+00	0.000e+00	0.000e+00
178492.50	0.000e+00	0.000e+00	0.000e+00
178493.50	0.000e+00	0.000e+00	0.000e+00
178494.50	0.000e+00	0.000e+00	0.000e+00
178495.50	0.000e+00	0.000e+00	0.000e+00
178496.50	0.000e+00	0.000e+00	0.000e+00
178497.50	0.000e+00	0.000e+00	0.000e+00
178498.50	0.000e+00	0.000e+00	0.000e+00
178499.50	0.000e+00	0.000e+00	0.000e+00
178500.50	0.000e+00	0.000e+00	0.000e+00
178501.50	0.000e+00	0.000e+00	0.000e+00
178502.50	0.000e+00	0.000e+00	0.000e+00
178503.50	0.000e+00	0.000e+00	0.000e+00
178504.50	0.000e+00	0.000e+00	0.000e+00
178505.50	0.000e+00	0.000e+00	0.000e+00
178506.50	0.000e+00	0.000e+00	0.000e+00
178507.50	0.000e+00	0.000e+00	0.000e+00
178508.50	0.000e+00	0.000e+00	0.000e+00
178509.50	0.000e+00	0.000e+00	0.000e+00
178510.50	3.350e-06	-1.498e-04	-2.832e-04
178511.50	1.498e-06	1.046e-03	-6.739e-04
178512.50	-1.450e-05	1.152e-03	1.661e-04
178513.50	-3.706e-05	1.094e-03	1.354e-03
178514.50	-2.573e-06	-1.459e-03	-6.912e-04
178515.50	8.803e-05	-7.075e-04	5.952e-04
178516.50	6.086e-05	-1.210e-03	-2.746e-03
178517.50	1.834e-05	-1.181e-03	-1.632e-03
178518.50	-4.378e-05	7.306e-04	1.210e-03
178519.50	-2.995e-05	9.600e-04	1.008e-03
178520.50	-6.768e-05	6.336e-04	2.534e-03
178521.50	-3.312e-06	-5.222e-04	-6.624e-04
178522.50	3.869e-06	-1.008e-03	-9.984e-04
178523.50	-2.150e-06	1.056e-03	-2.573e-04
178524.50	2.947e-04	-1.382e-02	1.939e-03
178525.50	4.349e-04	-3.072e-02	-9.984e-03
178526.50	-1.152e-03	4.454e-02	-1.450e-02
178527.50	3.888e-04	-5.846e-03	1.536e-02
178528.50	4.752e-04	-8.189e-03	2.006e-02
178529.50	-1.219e-05	1.238e-04	7.949e-04
178530.50	1.344e-03	-5.501e-02	2.333e-02
178531.50	-5.914e-04	3.830e-04	-1.814e-02
178532.50	5.414e-03	-1.939e-01	1.546e-01
178533.50	4.310e-03	-1.757e-01	-2.726e-02
178534.50	7.661e-02	-4.474e+00	3.610e-01
178535.50	8.842e-01	-5.136e+01	2.746e+00
178536.50	1.661e+01	-9.888e+02	1.805e+01
178537.50	1.555e+01	-8.621e+02	1.747e+02
178538.50	-4.099e+00	2.381e+02	-5.318e+01
178539.50	-3.062e+00	1.853e+02	-1.267e+01
178540.50	-2.390e+00	1.344e+02	-3.024e+01
178541.50	-1.814e+00	1.094e+02	-5.731e+00
178542.50	-1.814e+00	1.056e+02	-1.094e+01
178543.50	-1.594e+00	9.312e+01	-7.402e+00
178544.50	-1.344e+00	7.670e+01	-1.142e+01
178545.50	-1.210e+00	7.229e+01	-2.227e+00
178546.50	-1.066e+00	6.442e+01	-7.018e-01
178547.50	-1.037e+00	5.798e+01	-8.832e+00
178548.50	-9.072e-01	5.184e+01	-4.752e+00
178549.50	-8.381e-01	4.877e+01	-2.880e+00
178550.50	-7.757e-01	4.253e+01	-7.622e+00
178551.50	-6.470e-01	3.754e+01	-2.467e+00
178552.50	-6.835e-01	4.013e+01	-3.274e-02
178553.50	-6.470e-01	3.581e+01	-5.078e+00
178554.50	-5.942e-01	3.235e+01	-5.674e+00
178555.50	-4.589e-01	2.803e+01	1.594e+00
178556.50	-4.387e-01	2.525e+01	-1.536e+00
178557.50	-4.349e-01	2.419e+01	-3.658e+00
178558.50	-3.629e-01	2.237e+01	1.382e+00
178559.50	-3.725e-01	2.074e+01	-2.198e+00
178560.50	-3.840e-01	2.122e+01	-1.882e+00
178561.50	-3.562e-01	2.102e+01	-5.981e-02
178562.50	-3.216e-01	1.795e+01	-7.142e-01
178563.50	-3.072e-01	1.622e+01	-3.600e+00
178564.50	-2.458e-01	1.421e+01	-6.864e-01
178565.50	-2.688e-01	1.488e+01	-1.488e+00
178566.50	-1.834e-01	9.696e+00	-2.150e+00
178567.50	-2.141e-01	1.219e+01	1.334e-01
178568.50	-2.390e-01	1.344e+01	-3.850e-01
178569.50	-1.891e-01	1.123e+01	5.722e-01
178570.50	-1.382e-01	7.882e+00	-9.101e-01
178571.50	-1.834e-01	1.046e+01	-5.443e-01
178572.50	-1.488e-01	8.842e+00	7.814e-01
178573.50	-1.757e-01	9.523e+00	-1.728e+00
178574.50	-1.574e-01	9.091e+00	-4.195e-01
178575.50	-1.382e-01	7.459e+00	1.613e-01
178576.50	-1.296e-01	7.296e+00	-3.955e-01
178577.50	-1.315e-01	7.171e+00	-6.960e-01
178578.50	-1.066e-01	6.096e+00	-7.450e-02
178579.50	-1.142e-01	7.114e+00	7.968e-01
178580.50	-1.046e-01	5.779e+00	-5.222e-02
178581.50	-6.643e-02	4.090e+00	6.730e-01
178582.50	-1.267e-01	7.210e+00	-2.246e-01
178583.50	-8.208e-02	5.155e+00	5.578e-02
178584.50	-8.160e-02	4.147e+00	-2.141e-01
178585.50	-9.014e-02	4.406e+00	-1.162e+00
178586.50	-6.845e-02	3.859e+00	-2.160e-01
178587.50	-6.758e-02	4.003e+00	3.581e-01
178588.50	-8.448e-02	4.637e+00	1.632e-01
178589.50	-6.154e-02	3.571e+00	-2.842e-01
178590.50	-5.443e-02	2.861e+00	-4.454e-01
178591.50	-5.654e-02	3.302e+00	1.478e-02
178592.50	-5.789e-02	3.610e+00	7.306e-01
178593.50	-4.762e-02	2.803e+00	1.114e-01
178594.50	-6.605e-02	3.206e+00	-5.357e-01
178595.50	-4.963e-02	2.669e+00	-1.651e-03
178596.50	-2.986e-02	1.709e+00	-4.061e-01
178597.50	-4.589e-02	2.582e+00	-5.261e-01
178598.50	-6.096e-02	2.909e+00	-7.718e-01
178599.50	-3.398e-02	1.824e+00	-2.630e-01
178600.50	-3.053e-02	1.718e+00	1.488e-01
178601.50	-3.456e-02	2.045e+00	2.611e-01
178602.50	-3.302e-02	2.016e+00	-3.110e-01
178603.50	-2.717e-02	1.584e+00	5.530e-01
178604.50	-4.330e-02	2.256e+00	-2.592e-02
178605.50	-4.176e-02	1.766e+00	-7.699e-01
178606.50	-3.427e-02	2.237e+00	4.858e-01
178607.50	-3.782e-02	2.074e+00	-9.888e-04
178608.50	-2.045e-02	1.037e+00	-2.093e-01
178609.50	-2.938e-02	1.152e+00	-2.285e-01
178610.50	-1.421e-02	9.312e-01	2.266e-01
178611.50	-2.112e-02	1.123e+00	-1.142e-01
178612.50	-1.757e-02	1.210e+00	1.248e-03
178613.50	-2.938e-02	1.075e+00	-7.795e-01
178614.50	-2.525e-02	1.277e+00	-5.530e-02
178615.50	-1.603e-02	1.133e+00	3.360e-01
178616.50	-1.277e-02	6.442e-01	-1.344e-01
178617.50	-3.370e-02	1.430e+00	-8.371e-01
178618.50	-2.822e-02	1.459e+00	-1.286e-01
178619.50	-1.594e-02	6.480e-01	-2.986e-01
178620.50	-8.870e-03	7.277e-01	2.947e-01
178621.50	1.478e-03	3.360e-01	3.514e-01
178622.50	-2.707e-02	1.277e+00	-9.494e-02
178623.50	-1.296e-02	6.614e-01	-2.774e-01
178624.50	-1.267e-02	6.269e-01	-3.955e-01
178625.50	-1.171e-02	3.312e-01	9.178e-02
178626.50	-1.939e-02	9.360e-01	-1.277e-01
178627.50	-1.968e-02	1.027e+00	-2.611e-01
178628.50	-4.982e-03	2.592e-01	4.253e-01
178629.50	-2.035e-02	7.046e-01	-4.867e-01
178630.50	-2.496e-02	1.162e+00	-2.006e-01
178631.50	-1.229e-02	8.774e-01	1.056e-01
178632.50	-9.888e-03	7.402e-01	4.445e-01
178633.50	-9.696e-04	-6.202e-02	-3.504e-02
178634.50	-3.120e-03	9.984e-03	-1.344e-01
178635.50	-4.934e-03	-1.382e-02	-7.354e-01
178636.50	-8.237e-03	6.307e-01	1.843e-01
178637.50	-2.083e-02	8.966e-01	7.162e-02
178638.50	-1.382e-02	6.490e-01	-1.373e-01
178639.50	1.795e-03	-4.541e-02	4.858e-04
178640.50	-4.502e-03	3.917e-01	1.747e-01
178641.50	-1.219e-02	8.045e-01	-1.958e-01
178642.50	-5.338e-03	2.918e-01	-1.978e-01
178643.50	-6.019e-03	2.659e-01	1.315e-01
178644.50	-1.344e-02	5.674e-01	-1.670e-01
178645.50	-9.226e-03	4.838e-01	6.998e-02
178646.50	-9.264e-03	5.299e-01	5.453e-02
178647.50	-3.389e-03	2.179e-01	-1.373e-02
178648.50	-7.162e-03	5.885e-01	5.261e-01
178649.50	6.854e-04	-1.430e-01	-1.354e-01
178650.50	-6.240e-03	3.197e-01	-2.381e-01
178651.50	-2.227e-03	2.765e-01	1.334e-01
178652.50	1.824e-03	5.626e-02	-5.443e-02
178653.50	-4.176e-05	1.805e-01	-9.024e-02
178654.50	-4.013e-03	-8.410e-02	6.931e-02
178655.50	-1.526e-02	7.651e-01	1.344e-01
178656.50	3.398e-03	-1.094e-01	1.901e-01
178657.50	-7.910e-03	1.104e-01	-3.408e-01
178658.50	-8.976e-03	3.034e-01	-2.026e-01
178659.50	-8.544e-03	3.533e-01	-2.448e-01
178660.50	3.312e-03	-9.600e-02	1.603e-01
178661.50	-2.621e-03	2.006e-01	2.045e-01
178662.50	-8.957e-03	4.147e-01	-9.792e-02
178663.50	-1.315e-03	2.515e-02	-8.765e-02
178664.50	-4.176e-04	1.642e-01	3.130e-01
178665.50	-1.459e-02	6.470e-01	-3.802e-02
178666.50	-6.730e-03	3.197e-01	-1.603e-01
178667.50	8.208e-03	-2.995e-01	1.277e-01
178668.50	-3.552e-03	1.843e-01	9.043e-02
178669.50	-9.888e-03	3.475e-01	-2.765e-01
178670.50	5.578e-03	-3.082e-01	2.246e-01
178671.50	-8.208e-03	3.283e-01	-1.997e-01
178672.50	-8.938e-03	4.973e-01	3.466e-02
178673.50	-3.206e-03	1.277e-01	-1.133e-01
178674.50	-9.062e-03	2.659e-01	-1.670e-01
178675.50	1.498e-03	-4.435e-02	-1.402e-01
178676.50	-3.974e-03	2.390e-02	-7.603e-02
178677.50	8.496e-04	5.251e-02	-4.522e-02
178678.50	-1.334e-03	1.027e-01	-3.389e-03
178679.50	2.054e-03	1.373e-01	2.582e-01
178680.50	3.754e-03	2.563e-02	1.363e-01
178681.50	-6.547e-03	2.707e-01	1.805e-01
178682.50	1.181e-03	7.382e-02	-1.738e-02
178683.50	-3.523e-03	7.152e-03	1.930e-01
178684.50	-3.744e-03	-6.806e-02	-1.085e-01
178685.50	-6.461e-03	3.427e-01	-2.861e-01
178686.50	4.243e-03	-6.950e-02	-6.730e-03
178687.50	1.738e-03	-1.133e-01	1.690e-02
178688.50	-2.515e-03	4.330e-02	-1.795e-02
178689.50	-1.114e-03	1.978e-01	1.555e-02
178690.50	-6.950e-03	2.995e-01	-1.718e-01
178691.50	1.939e-03	1.958e-02	1.987e-01
178692.50	-3.062e-03	2.170e-02	-1.018e-01
178693.50	-8.170e-03	2.189e-01	-2.016e-01
178694.50	-6.307e-04	6.432e-02	5.837e-02
178695.50	-6.989e-03	2.659e-01	8.726e-03
178696.50	-1.085e-03	1.382e-01	2.141e-02
178697.50	7.632e-04	5.875e-02	2.150e-01
178698.50	3.984e-04	-1.152e-01	-5.290e-02
178699.50	1.594e-03	-5.050e-02	1.133e-02
178700.50	-9.283e-04	1.546e-02	3.206e-03
178701.50	-6.653e-03	1.987e-01	-1.046e-01
178702.50	-7.296e-04	-6.864e-02	9.984e-02
178703.50	-6.144e-03	2.390e-01	-2.112e-01
178704.50	2.726e-04	1.421e-01	8.765e-02
178705.50	-3.629e-03	1.718e-01	1.104e-02
178706.50	-5.165e-03	8.083e-02	-1.910e-01
178707.50	3.149e-02	3.091e-01	2.592e-01
178708.50	1.018e-03	1.805e-01	2.160e-02
178709.50	-6.115e-03	2.102e-01	-2.429e-02
178710.50	4.973e-03	-2.256e-01	3.235e-02
178711.50	-1.613e-03	-1.402e-01	-9.600e-02
178712.50	-2.534e-03	2.592e-01	6.086e-02
178713.50	1.133e-03	-2.851e-01	-1.786e-01
178714.50	-1.891e-03	1.757e-01	2.986e-02
178715.50	-2.218e-03	2.160e-01	2.102e-01
178716.50	2.122e-03	-9.523e-02	-6.134e-03
178717.50	-2.342e-03	1.190e-01	3.005e-02
178718.50	-1.939e-04	4.243e-02	7.200e-02
178719.50	1.872e-03	-9.696e-02	9.437e-03
178720.50	-3.437e-03	1.190e-01	1.018e-01
178721.50	-5.155e-03	1.728e-01	-1.766e-01
178722.50	5.270e-03	-9.149e-02	3.264e-02
178723.50	-2.275e-03	1.066e-01	4.138e-02
178724.50	-4.618e-03	1.046e-01	-9.350e-02
178725.50	2.131e-03	-1.334e-01	1.382e-01
178726.50	3.658e-03	-4.387e-02	1.450e-01
178727.50	1.392e-03	-2.150e-02	1.565e-01
178728.50	-2.698e-03	5.443e-02	-8.611e-02
178729.50	-6.250e-04	7.526e-02	-4.214e-02
178730.50	8.208e-04	-3.024e-02	1.622e-02
178731.50	-2.323e-03	1.210e-01	6.403e-03
178732.50	-2.323e-03	4.166e-02	-1.565e-01
178733.50	-3.350e-03	1.834e-01	-8.227e-02
178734.50	-2.237e-03	-5.616e-03	5.213e-02
178735.50	2.026e-03	9.235e-02	2.256e-01
178736.50	2.294e-03	6.922e-02	-1.066e-03
178737.50	-6.845e-04	4.829e-02	6.749e-02
178738.50	-2.275e-03	-1.306e-01	-7.603e-02
178739.50	4.742e-03	-9.888e-02	1.066e-01
178740.50	-3.360e-03	1.430e-01	-1.200e-01
178741.50	-1.306e-03	1.085e-01	-9.139e-02
178742.50	-1.882e-03	7.094e-02	-9.408e-02
178743.50	-3.725e-03	4.502e-02	-2.400e-01
178744.50	-5.664e-03	9.072e-02	-2.285e-01
178745.50	2.333e-04	1.766e-01	8.016e-02
178746.50	-3.014e-03	1.133e-01	-7.478e-03
178747.50	1.104e-03	-5.683e-02	-1.344e-01
178748.50	4.618e-04	-9.082e-03	8.890e-02
178749.50	2.131e-03	-1.565e-01	4.214e-02
178750.50	8.323e-04	-4.445e-02	1.402e-01
178751.50	1.382e-03	-3.187e-02	2.659e-02
178752.50	-6.384e-03	2.189e-01	-2.794e-02
178753.50	2.381e-03	1.018e-01	1.795e-01
178754.50	5.568e-03	6.173e-04	2.362e-01
178755.50	4.022e-03	-1.805e-01	-3.706e-02
178756.50	3.610e-04	-5.472e-02	-1.085e-01
178757.50	6.557e-04	5.434e-02	-5.530e-02
178758.50	-6.317e-03	1.008e-01	-1.469e-01
178759.50	-2.986e-02	-4.973e-02	-1.114e-01
178760.50	-8.592e-03	1.776e-02	8.381e-02
178761.50	-6.893e-04	6.691e-02	3.302e-02
178762.50	-1.133e-03	9.216e-02	9.792e-02
178763.50	-3.782e-03	9.350e-02	4.598e-02
178764.50	-4.426e-04	-8.918e-02	-1.258e-01
178765.50	4.224e-04	-5.366e-02	9.888e-02
178766.50	-8.208e-03	2.803e-02	-5.386e-02
178767.50	5.030e-03	3.754e-03	-3.466e-02
178768.50	-2.160e-03	8.390e-02	-6.538e-02
178769.50	9.456e-05	-1.930e-02	1.843e-02
178770.50	-4.224e-03	2.630e-02	-1.776e-02
178771.50	-5.558e-03	-8.035e-02	-4.061e-02
178772.50	-5.165e-03	1.315e-01	-1.584e-04
178773.50	5.338e-03	-1.382e-01	1.344e-01
178774.50	-3.418e-03	9.427e-02	3.562e-02
178775.50	2.275e-02	-9.178e-03	3.715e-03
178776.50	5.981e-03	-7.747e-02	1.565e-02
178777.50	3.648e-03	-1.152e-02	6.883e-02
178778.50	-1.123e-03	-6.528e-03	-1.949e-01
178779.50	1.430e-03	-1.354e-01	2.650e-03
178780.50	9.696e-05	7.440e-02	-7.853e-02
178781.50	-2.083e-03	-4.339e-02	-1.066e-01
178782.50	-7.968e-03	3.418e-02	1.594e-01
178783.50	-8.400e-03	1.642e-02	-7.814e-02
178784.50	1.104e-03	-2.851e-02	-6.768e-02
178785.50	8.026e-03	1.440e-02	9.226e-02
178786.50	6.058e-03	5.462e-02	1.114e-02
178787.50	-1.421e-03	-1.786e-03	-4.070e-02
178788.50	1.094e-03	-7.651e-02	-4.829e-02
178789.50	1.555e-03	-6.624e-02	1.190e-01
178790.50	-7.882e-04	5.117e-02	-8.563e-03
178791.50	1.699e-02	1.526e-01	6.922e-02
178792.50	8.707e-03	9.552e-02	2.534e-03
178793.50	3.562e-03	-1.315e-02	6.278e-02
178794.50	-9.984e-03	2.006e-02	4.714e-02
178795.50	2.515e-02	-3.226e-02	-9.888e-02
178796.50	1.008e-01	-5.520e-02	3.293e-01
178797.50	4.109e-02	2.381e-01	1.104e-01
178798.50	9.514e-03	1.805e-01	9.187e-02
178799.50	-1.104e-02	1.622e-02	-5.731e-02
178800.50	-6.672e-02	-1.104e-01	-1.267e-01
178801.50	-7.930e-02	1.498e-01	-1.190e-01
178802.50	-1.171e-04	2.160e-03	5.203e-02
178803.50	7.459e-03	-3.610e-02	-7.142e-02
178804.50	-5.645e-02	1.411e-01	2.995e-02
178805.50	-7.114e-03	3.600e-02	-8.899e-04
178806.50	2.851e-03	-8.160e-02	-1.632e-01
178807.50	-3.264e-03	-8.371e-02	-5.933e-02
178808.50	3.062e-04	1.690e-02	-1.248e-02
178809.50	5.597e-03	4.637e-02	-1.824e-02
178810.50	-2.208e-03	1.786e-01	-1.901e-02
178811.50	6.019e-02	-1.853e-01	1.968e-01
178812.50	5.837e-02	-1.325e-01	1.978e-01
178813.50	2.400e-02	-1.632e-01	-8.717e-02
178814.50	4.234e-03	-2.112e-02	-1.814e-02
178815.50	1.430e-03	-1.286e-02	-2.534e-03
178816.50	-4.022e-03	9.197e-02	2.381e-02
178817.50	-2.938e-03	9.792e-02	-5.251e-02
178818.50	8.678e-02	-2.822e-02	2.294e-01
178819.50	6.355e-02	1.824e-02	1.997e-01
178820.50	2.150e-02	9.696e-02	-3.245e-02
178821.50	3.350e-02	9.552e-02	-2.525e-02
178822.50	-1.162e-01	1.229e-01	-2.093e-01
178823.50	-8.976e-02	9.696e-02	-1.738e-01
178824.50	5.107e-02	3.994e-03	1.699e-01
178825.50	-5.827e-05	-4.666e-02	1.066e-02
178826.50	-2.602e-03	5.002e-02	-2.880e-02
178827.50	-9.561e-03	1.910e-02	3.312e-02
178828.50	-1.325e-03	-2.640e-02	1.277e-02
178829.50	8.179e-04	-2.064e-02	-4.637e-03
178830.50	-9.302e-05	-5.875e-02	-7.373e-02
178831.50	4.973e-04	-5.933e-02	-7.670e-02
178832.50	2.630e-03	-6.038e-02	1.920e-02
178833.50	6.538e-02	6.278e-02	1.699e-01
178834.50	1.594e-01	1.219e-01	4.176e-01
178835.50	4.051e-03	-6.086e-02	-4.349e-02
178836.50	-6.643e-02	-2.496e-01	-2.102e-01
178837.50	-8.016e-02	-1.536e-01	-2.496e-01
178838.50	2.851e-03	-2.179e-02	6.106e-02
178839.50	1.853e-03	-5.501e-02	-5.626e-02
178840.50	-6.259e-04	-5.453e-02	-3.878e-02
178841.50	-7.776e-03	2.054e-01	-1.008e-01
178842.50	-2.237e-02	1.574e-01	-4.070e-02
178843.50	-1.085e-03	-9.082e-02	-5.750e-02
178844.50	-2.726e-04	3.082e-02	-1.094e-01
178845.50	-1.536e-03	1.354e-01	8.717e-02
178846.50	-4.406e-02	3.504e-01	1.008e-01
178847.50	-1.315e-02	7.459e-02	6.403e-02
178848.50	-1.402e-02	-4.339e-02	2.294e-02
178849.50	-3.312e-02	-1.008e-01	1.229e-02
178850.50	-1.315e-03	-1.258e-02	-4.128e-02
178851.50	-2.256e-02	-7.190e-02	-1.469e-01
178852.50	-3.034e-02	-7.306e-02	-1.152e-01
178853.50	1.718e-03	-3.984e-02	-7.277e-02
178854.50	1.334e-03	-1.056e-01	9.216e-02
178855.50	3.005e-03	-2.870e-02	9.514e-03
178856.50	1.210e-03	5.904e-03	8.006e-02
178857.50	-1.488e-03	9.888e-02	-1.498e-02
178858.50	-2.467e-03	1.392e-02	4.445e-02
178859.50	-3.696e-03	1.056e-01	5.059e-03
178860.50	3.062e-03	-1.440e-02	-4.752e-02
178861.50	-7.661e-03	6.134e-02	-3.811e-02
178862.50	-1.498e-02	-3.418e-02	1.958e-02
178863.50	-6.854e-04	-1.277e-02	-1.008e-02
178864.50	5.856e-04	1.488e-02	-5.443e-02
178865.50	7.056e-04	-2.976e-02	-2.093e-03
178866.50	3.120e-04	4.147e-03	-2.141e-02
178867.50	-2.640e-03	-1.008e-02	-4.090e-02
178868.50	-7.651e-04	-1.046e-02	-1.267e-02
178869.50	1.027e-03	-3.226e-02	-7.718e-02
178870.50	1.891e-03	-8.016e-03	-4.531e-02
178871.50	7.574e-04	-1.181e-02	-5.472e-03
178872.50	3.898e-04	-2.390e-02	6.624e-02
178873.50	4.982e-04	-1.613e-02	-8.198e-03
178874.50	-1.123e-04	3.082e-02	2.986e-03
178875.50	-6.029e-04	9.062e-02	8.582e-02
178876.50	-7.488e-04	-3.110e-02	6.000e-02
178877.50	1.670e-02	-4.992e-02	1.046e-01
178878.50	-8.909e-04	2.102e-03	8.755e-03
178879.50	-1.181e-02	2.851e-03	-5.261e-02
178880.50	-7.546e-02	-2.160e-01	-1.574e-01
178881.50	6.442e-04	-5.107e-03	-1.584e-02
178882.50	-2.429e-03	6.874e-02	-1.018e-01
178883.50	9.005e-04	-4.781e-03	-1.306e-03
178884.50	1.382e-04	-6.739e-02	-3.571e-02
178885.50	1.402e-04	3.062e-03	-7.315e-02
178886.50	-1.718e-03	-4.301e-02	-1.085e-01
178887.50	-3.053e-03	8.602e-02	-9.456e-03
178888.50	-8.813e-04	-2.899e-02	-4.176e-03
178889.50	-1.997e-03	7.334e-02	4.762e-02
178890.50	5.654e-04	-2.054e-02	2.045e-02
178891.50	-1.853e-03	1.843e-02	-9.696e-02
178892.50	-2.179e-04	5.338e-02	3.062e-02
178893.50	-1.939e-04	1.536e-02	1.075e-02
178894.50	2.592e-03	-2.554e-02	4.003e-02
178895.50	1.354e-03	-5.866e-02	-3.312e-02
178896.50	-1.162e-03	9.312e-03	-6.029e-03
178897.50	-2.544e-03	6.010e-02	5.078e-02
178898.50	8.035e-04	-8.640e-03	3.446e-02
178899.50	-9.696e-04	4.042e-02	4.070e-02
178900.50	1.008e-03	-1.469e-02	-3.926e-02
178901.50	1.450e-03	-6.931e-02	-1.651e-02
178902.50	-1.642e-03	-6.470e-03	-3.504e-02
178903.50	-9.888e-04	2.880e-02	4.262e-02
178904.50	3.091e-03	-1.066e-03	8.208e-02
178905.50	2.563e-03	-4.896e-02	3.024e-02
178906.50	6.058e-05	-1.411e-02	-3.706e-02
178907.50	-1.690e-03	6.586e-03	-7.315e-02
178908.50	-5.126e-04	4.934e-02	-1.382e-03
178909.50	-1.046e-03	4.186e-02	-4.550e-02
178910.50	3.658e-04	-7.142e-02	-6.010e-02
178911.50	-4.694e-04	5.299e-02	1.670e-02
178912.50	6.115e-04	-6.374e-02	3.907e-02
178913.50	2.237e-03	9.072e-03	1.632e-02
178914.50	1.219e-03	-1.027e-02	-3.936e-02
178915.50	1.027e-03	-9.446e-04	1.334e-02
178916.50	3.350e-06	-5.933e-02	3.024e-02
178917.50	-1.248e-04	-3.926e-02	3.869e-02
178918.50	-1.210e-04	3.427e-02	6.317e-02
178919.50	-4.070e-04	4.570e-02	6.634e-02
178920.50	8.362e-04	5.837e-03	-3.379e-02
178921.50	-2.362e-03	6.557e-02	-1.162e-01
178922.50	-2.102e-01	-2.573e-02	-4.061e-01
178923.50	1.536e-01	-1.613e-02	1.747e-01
178924.50	5.222e-02	9.005e-02	1.114e-01
178925.50	-8.506e-04	-2.054e-02	2.054e-02
178926.50	-5.693e-04	3.859e-02	8.227e-02
178927.50	-3.802e-04	9.984e-03	3.936e-02
178928.50	2.198e-04	2.160e-02	2.419e-02
178929.50	-1.219e-03	1.085e-02	-4.406e-03
178930.50	9.888e-04	-6.250e-02	-1.949e-02
178931.50	1.824e-03	1.795e-02	5.616e-02
178932.50	6.739e-04	-2.093e-02	3.677e-03
178933.50	-9.571e-05	5.434e-02	-1.114e-02
178934.50	6.096e-04	-3.677e-02	4.147e-03
178935.50	-2.102e-03	2.755e-02	-7.718e-02
178936.50	2.688e-04	1.421e-02	-5.530e-02
178937.50	6.682e-03	-6.950e-02	-3.130e-03
178938.50	2.189e-04	-6.422e-02	-6.240e-02
178939.50	-6.000e-05	3.936e-02	8.525e-02
178940.50	-8.582e-04	4.310e-02	2.726e-02
178941.50	7.094e-04	-1.334e-02	-1.786e-02
178942.50	-8.304e-04	4.646e-02	-1.661e-03
178943.50	4.550e-04	-5.856e-02	4.003e-03
178944.50	-8.736e-04	-2.429e-02	1.344e-02
178945.50	6.250e-04	-2.400e-02	4.646e-02
178946.50	-2.208e-03	7.613e-02	-6.010e-02
178947.50	1.258e-03	-6.960e-04	4.522e-02
178948.50	-7.411e-04	-8.333e-03	-2.198e-02
178949.50	-5.712e-04	3.514e-02	1.123e-02
178950.50	6.326e-04	-9.696e-03	2.150e-02
178951.50	-1.786e-03	3.206e-02	-3.120e-02
178952.50	3.024e-03	-7.709e-02	1.267e-02
178953.50	9.072e-04	-1.555e-02	-3.715e-02
178954.50	2.458e-04	1.949e-02	1.094e-01
178955.50	-2.688e-03	4.675e-02	-1.565e-02
178956.50	2.784e-03	-4.224e-02	9.696e-03
178957.50	-4.838e-04	6.470e-02	-5.501e-03
178958.50	-7.104e-03	3.917e-02	-7.162e-02
