178360.50	0.000e+00	0.000e+00	0.000e+00
178361.50	0.000e+00	0.000e+00	0.000e+00
178362.50	0.000e+00	0.000e+00	0.000e+00
178363.50	0.000e+00	0.000e+00	0.000e+00
178364.50	0.000e+00	0.000e+00	0.000e+00
178365.50	0.000e+00	0.000e+00	0.000e+00
178366.50	0.000e+00	0.000e+00	0.000e+00
178367.50	0.000e+00	0.000e+00	0.000e+00
178368.50	0.000e+00	0.000e+00	0.000e+00
178369.50	0.000e+00	0.000e+00	0.000e+00
178370.50	0.000e+00	0.000e+00	0.000e+00
178371.50	0.000e+00	0.000e+00	0.000e+00
178372.50	0.000e+00	0.000e+00	0.000e+00
178373.50	0.000e+00	0.000e+00	0.000e+00
178374.50	0.000e+00	0.000e+00	0.000e+00
178375.50	0.000e+00	0.000e+00	0.000e+00
178376.50	0.000e+00	0.000e+00	0.000e+00
178377.50	0.000e+00	0.000e+00	0.000e+00
178378.50	0.000e+00	0.000e+00	0.000e+00
178379.50	0.000e+00	0.000e+00	0.000e+00
178380.50	0.000e+00	0.000e+00	0.000e+00
178381.50	0.000e+00	0.000e+00	0.000e+00
178382.50	0.000e+00	0.000e+00	0.000e+00
178383.50	0.000e+00	0.000e+00	0.000e+00
178384.50	0.000e+00	0.000e+00	0.000e+00
178385.50	0.000e+00	0.000e+00	0.000e+00
178386.50	0.000e+00	0.000e+00	0.000e+00
178387.50	0.000e+00	0.000e+00	0.000e+00
178388.50	0.000e+00	0.000e+00	0.000e+00
178389.50	0.000e+00	0.000e+00	0.000e+00
178390.50	0.000e+00	0.000e+00	0.000e+00
178391.50	0.000e+00	0.000e+00	0.000e+00
178392.50	0.000e+00	0.000e+00	0.000e+00
178393.50	0.000e+00	0.000e+00	0.000e+00
178394.50	0.000e+00	0.000e+00	0.000e+00
178395.50	0.000e+00	0.000e+00	0.000e+00
178396.50	0.000e+00	0.000e+00	0.000e+00
178397.50	0.000e+00	0.000e+00	0.000e+00
178398.50	0.000e+00	0.000e+00	0.000e+00
178399.50	0.000e+00	0.000e+00	0.000e+00
178400.50	0.000e+00	0.000e+00	0.000e+00
178401.50	0.000e+00	0.000e+00	0.000e+00
178402.50	0.000e+00	0.000e+00	0.000e+00
178403.50	0.000e+00	0.000e+00	0.000e+00
178404.50	0.000e+00	0.000e+00	0.000e+00
178405.50	0.000e+00	0.000e+00	0.000e+00
178406.50	0.000e+00	0.000e+00	0.000e+00
178407.50	0.000e+00	0.000e+00	0.000e+00
178408.50	0.000e+00	0.000e+00	0.000e+00
178409.50	0.000e+00	0.000e+00	0.000e+00
178410.50	0.000e+00	0.000e+00	0.000e+00
178411.50	0.000e+00	0.000e+00	0.000e+00
178412.50	0.000e+00	0.000e+00	0.000e+00
178413.50	0.000e+00	0.000e+00	0.000e+00
178414.50	0.000e+00	0.000e+00	0.000e+00
178415.50	0.000e+00	0.000e+00	0.000e+00
178416.50	0.000e+00	0.000e+00	0.000e+00
178417.50	0.000e+00	0.000e+00	0.000e+00
178418.50	0.000e+00	0.000e+00	0.000e+00
178419.50	0.000e+00	0.000e+00	0.000e+00
178420.50	0.000e+00	0.000e+00	0.000e+00
178421.50	0.000e+00	0.000e+00	0.000e+00
178422.50	0.000e+00	0.000e+00	0.000e+00
178423.50	0.000e+00	0.000e+00	0.000e+00
178424.50	0.000e+00	0.000e+00	0.000e+00
178425.50	0.000e+00	0.000e+00	0.000e+00
178426.50	0.000e+00	0.000e+00	0.000e+00
178427.50	0.000e+00	0.000e+00	0.000e+00
178428.50	0.000e+00	0.000e+00	0.000e+00
178429.50	0.000e+00	0.000e+00	0.000e+00
178430.50	0.000e+00	0.000e+00	0.000e+00
178431.50	0.000e+00	0.000e+00	0.000e+00
178432.50	0.000e+00	0.000e+00	0.000e+00
178433.50	0.000e+00	0.000e+00	0.000e+00
178434.50	0.000e+00	0.000e+00	0.000e+00
178435.50	0.000e+00	0.000e+00	0.000e+00
178436.50	0.000e+00	0.000e+00	0.000e+00
178437.50	0.000e+00	0.000e+00	0.000e+00
178438.50	0.000e+00	0.000e+00	0.000e+00
178439.50	0.000e+00	0.000e+00	0.000e+00
178440.50	0.000e+00	0.000e+00	0.000e+00
178441.50	0.000e+00	0.000e+00	0.000e+00
178442.50	0.000e+00	0.000e+00	0.000e+00
178443.50	0.000e+00	0.000e+00	0.000e+00
178444.50	0.000e+00	0.000e+00	0.000e+00
178445.50	0.000e+00	0.000e+00	0.000e+00
178446.50	0.000e+00	0.000e+00	0.000e+00
178447.50	0.000e+00	0.000e+00	0.000e+00
178448.50	0.000e+00	0.000e+00	0.000e+00
178449.50	0.000e+00	0.000e+00	0.000e+00
178450.50	0.000e+00	0.000e+00	0.000e+00
178451.50	0.000e+00	0.000e+00	0.000e+00
178452.50	0.000e+00	0.000e+00	0.000e+00
178453.50	0.000e+00	0.000e+00	0.000e+00
178454.50	0.000e+00	0.000e+00	0.000e+00
178455.50	0.000e+00	0.000e+00	0.000e+00
178456.50	0.000e+00	0.000e+00	0.000e+00
178457.50	0.000e+00	0.000e+00	0.000e+00
178458.50	0.000e+00	0.000e+00	0.000e+00
178459.50	0.000e+00	0.000e+00	0.000e+00
178460.50	0.000e+00	0.000e+00	0.000e+00
178461.50	0.000e+00	0.000e+00	0.000e+00
178462.50	0.000e+00	0.000e+00	0.000e+00
178463.50	9.456e-05	-1.632e-03	-3.504e-03
178464.50	-4.723e-05	1.939e-03	1.642e-03
178465.50	-1.526e-05	5.750e-04	1.123e-03
178466.50	2.246e-04	-1.776e-02	5.050e-03
178467.50	-4.099e-04	1.440e-02	2.640e-03
178468.50	9.427e-04	-3.389e-03	1.910e-02
178469.50	1.498e-03	-3.110e-02	-1.478e-02
178470.50	2.746e-03	2.928e-02	-6.595e-02
178471.50	6.365e-04	-3.360e-02	2.323e-02
178472.50	-4.147e-03	5.674e-02	2.026e-02
178473.50	-1.526e-03	3.034e-02	-2.957e-04
178474.50	1.450e-03	2.659e-03	-1.661e-02
178475.50	-3.370e-05	-1.978e-02	1.114e-02
178476.50	-1.411e-03	1.478e-02	1.507e-02
178477.50	-9.062e-04	2.678e-02	-8.755e-04
178478.50	7.478e-04	-3.149e-02	5.251e-04
178479.50	3.456e-04	1.267e-02	-1.344e-02
178480.50	6.307e-05	-3.571e-02	-2.794e-03
178481.50	1.037e-03	-1.805e-01	5.866e-02
178482.50	-7.478e-04	9.014e-03	3.677e-02
178483.50	-8.486e-04	5.242e-02	1.459e-01
178484.50	-9.888e-05	-2.170e-02	6.240e-02
178485.50	-1.373e-04	4.493e-02	-1.786e-02
178486.50	9.792e-04	7.939e-02	-2.323e-01
178487.50	2.477e-03	-3.120e-01	-1.450e-01
178488.50	3.715e-04	-8.698e-01	4.234e-01
178489.50	5.414e-03	-2.026e+00	-2.294e-01
178490.50	1.325e-02	-8.698e+00	1.306e+00
178491.50	5.491e-02	-2.477e+01	4.214e-01
178492.50	1.594e-01	-6.538e+01	-8.602e-01
178493.50	3.360e-01	-1.478e+02	2.870e-01
178494.50	5.472e-01	-2.698e+02	9.226e+00
178495.50	5.558e-01	-2.611e+02	5.386e+00
178496.50	6.086e-01	-2.899e+02	4.800e+00
178497.50	5.875e-01	-2.880e+02	6.835e+00
178498.50	1.536e-01	-6.067e+01	-8.275e-01
178499.50	-6.634e-02	5.635e+01	-3.235e+00
178500.50	-1.498e-01	1.181e+02	-1.027e+01
178501.50	-2.141e-01	1.123e+02	1.661e+00
178502.50	-1.776e-01	9.984e+01	-2.477e+00
178503.50	-9.427e-02	8.794e+01	-1.046e+01
178504.50	-1.661e-01	7.498e+01	3.062e+00
178505.50	-1.546e-01	6.806e+01	9.542e-01
178506.50	-1.219e-01	5.530e+01	4.531e-01
178507.50	-1.123e-01	5.616e+01	-1.450e+00
178508.50	-8.755e-02	5.088e+01	-3.034e+00
178509.50	-7.757e-02	4.224e+01	-2.477e+00
178510.50	-8.093e-02	4.253e+01	-2.006e+00
178511.50	-9.984e-02	3.485e+01	1.670e+00
178512.50	-6.182e-02	3.379e+01	-2.026e+00
178513.50	-6.461e-02	2.928e+01	-5.962e-01
178514.50	-6.845e-02	2.880e+01	1.027e+00
178515.50	-2.746e-02	2.429e+01	1.286e+00
178516.50	-3.782e-02	2.554e+01	-2.707e-01
178517.50	-6.029e-02	2.074e+01	-4.906e-01
178518.50	-4.397e-02	1.910e+01	-7.584e-01
178519.50	-5.165e-02	1.805e+01	5.914e-01
178520.50	-3.091e-02	1.632e+01	-1.008e+00
178521.50	-3.302e-02	1.574e+01	-1.354e+00
178522.50	-4.963e-02	1.603e+01	1.344e+00
178523.50	-4.723e-02	1.642e+01	1.891e+00
178524.50	-4.358e-02	1.392e+01	4.387e-01
178525.50	-3.658e-02	1.334e+01	1.834e-02
178526.50	-1.690e-02	1.152e+01	-1.910e+00
178527.50	-3.283e-02	1.190e+01	5.126e-02
178528.50	-2.410e-02	9.984e+00	-7.699e-01
178529.50	-2.093e-02	9.888e+00	-1.027e+00
178530.50	-9.379e-03	8.160e+00	-1.248e+00
178531.50	-2.755e-02	8.237e+00	8.842e-01
178532.50	-3.600e-02	9.561e+00	9.149e-01
178533.50	-1.248e-02	7.373e+00	-9.888e-01
178534.50	-2.784e-02	6.538e+00	1.325e+00
178535.50	-2.170e-02	7.450e+00	-1.651e-02
178536.50	-2.650e-02	6.538e+00	1.459e+00
178537.50	-2.678e-02	5.798e+00	1.862e+00
178538.50	-1.171e-02	5.846e+00	3.110e-01
178539.50	-2.016e-02	5.126e+00	7.574e-01
178540.50	-2.198e-02	4.915e+00	3.254e-01
178541.50	-2.515e-03	5.222e+00	-9.888e-01
178542.50	-1.200e-02	5.453e+00	-2.515e-01
178543.50	-1.565e-02	4.118e+00	-1.018e+00
178544.50	-2.851e-03	3.024e+00	-4.464e-01
178545.50	-1.181e-02	3.254e+00	4.013e-01
178546.50	-7.286e-03	4.464e+00	2.602e-01
178547.50	-1.066e-02	3.494e+00	3.408e-01
178548.50	-1.142e-02	4.003e+00	-1.766e-01
178549.50	-1.978e-02	3.830e+00	1.162e+00
178550.50	-2.362e-02	3.859e+00	-7.392e-02
178551.50	1.488e-02	3.149e+00	-4.963e-01
178552.50	-1.459e-02	2.448e+00	1.075e+00
178553.50	-1.450e-03	2.054e+00	3.235e-01
178554.50	-7.507e-03	2.986e+00	-1.181e-01
178555.50	1.008e-03	1.555e+00	-4.531e-01
178556.50	-7.104e-03	1.574e+00	-2.976e-01
178557.50	-1.517e-02	3.110e+00	-5.885e-01
178558.50	-6.826e-03	1.661e+00	7.786e-02
178559.50	1.085e-02	1.094e+00	1.968e-01
178560.50	-1.258e-02	2.035e+00	1.421e-01
178561.50	-4.291e-03	2.016e+00	1.459e-01
178562.50	-2.966e-03	1.546e+00	3.917e-02
178563.50	-6.365e-03	2.237e+00	3.043e-01
178564.50	-3.379e-03	1.930e+00	-6.931e-01
178565.50	-6.326e-03	1.075e+00	3.965e-02
178566.50	5.309e-03	1.690e+00	-1.910e-01
178567.50	-1.584e-03	1.536e+00	-4.867e-01
178568.50	-5.923e-03	1.238e+00	3.130e-01
178569.50	-5.482e-03	1.843e+00	-4.032e-02
178570.50	-4.637e-03	4.090e-01	-8.746e-03
178571.50	1.373e-03	3.408e-01	-3.149e-01
178572.50	-5.616e-03	1.574e+00	3.686e-01
178573.50	-4.867e-03	7.968e-01	-2.266e-02
178574.50	-3.715e-03	1.334e+00	3.446e-01
178575.50	-3.091e-03	6.192e-01	1.642e-01
178576.50	-1.786e-03	1.142e+00	-1.728e-01
178577.50	-1.968e-03	7.469e-01	-6.173e-01
178578.50	6.643e-02	1.104e+00	-1.152e-01
178579.50	2.554e-02	5.837e-01	3.494e-02
178580.50	-1.478e-03	4.099e-03	8.419e-01
178581.50	-3.878e-03	3.456e-01	-3.024e-01
178582.50	-3.178e-03	4.675e-01	-1.574e-01
178583.50	-3.552e-02	1.142e+00	9.792e-02
178584.50	-5.299e-03	1.382e+00	1.171e-01
178585.50	5.606e-02	5.654e-02	-1.296e-01
178586.50	-1.392e-01	8.237e-01	-2.707e-02
178587.50	-5.414e-04	3.994e-01	-5.837e-02
178588.50	-3.245e-03	2.525e-01	6.499e-01
178589.50	6.979e-04	8.448e-01	-3.408e-02
178590.50	-3.331e-03	8.611e-01	-5.712e-01
178591.50	-7.046e-03	2.813e-01	4.291e-02
178592.50	-7.843e-03	7.210e-01	5.059e-01
178593.50	-1.930e-03	3.677e-01	-2.074e-01
178594.50	-2.410e-03	2.237e-01	-7.469e-02
178595.50	-2.006e-03	7.584e-01	2.016e-01
178596.50	-9.398e-05	5.357e-01	-1.469e-01
178597.50	3.773e-03	3.706e-01	-2.477e-01
178598.50	-1.613e-02	2.150e-01	-4.109e-01
178599.50	-3.878e-02	6.355e-01	-9.696e-02
178600.50	-1.219e-03	-1.066e-02	-5.030e-01
178601.50	-6.192e-03	9.542e-02	2.218e-01
178602.50	-7.421e-03	3.437e-01	1.152e-01
178603.50	5.818e-03	6.691e-01	3.178e-01
178604.50	-9.187e-04	7.910e-01	3.696e-01
178605.50	-2.851e-03	4.013e-02	-6.163e-02
178606.50	1.354e-03	5.683e-01	1.747e-02
178607.50	-4.685e-03	2.102e-02	-1.699e-01
178608.50	-3.850e-03	3.466e-02	-1.373e-01
178609.50	2.803e-03	7.930e-02	2.198e-01
178610.50	-2.726e-03	6.221e-01	3.619e-02
178611.50	3.187e-03	1.018e-01	-1.469e-01
178612.50	9.082e-04	2.477e-01	5.645e-02
178613.50	-3.552e-03	4.714e-01	-2.496e-02
178614.50	-3.456e-03	-6.662e-02	1.555e-01
178615.50	2.304e-03	1.536e-01	-3.427e-01
178616.50	1.882e-03	1.728e-01	-5.683e-02
178617.50	4.070e-04	4.339e-01	-1.958e-01
178618.50	-1.536e-03	2.707e-01	1.690e-01
178619.50	-3.014e-03	5.414e-01	5.376e-02
178620.50	-6.250e-04	9.581e-02	-1.238e-01
178621.50	-4.349e-03	2.496e-01	2.822e-01
178622.50	1.546e-03	-1.277e-01	-1.219e-01
178623.50	-9.696e-04	2.371e-01	2.246e-01
178624.50	-2.141e-03	2.678e-01	-1.114e-01
178625.50	-2.678e-03	1.862e-01	9.331e-02
178626.50	7.114e-04	-1.603e-01	-4.022e-03
178627.50	4.464e-04	8.986e-03	-2.064e-01
178628.50	-1.930e-03	1.651e-01	1.824e-01
178629.50	5.232e-03	5.520e-02	2.438e-01
178630.50	5.414e-04	3.840e-01	1.786e-01
178631.50	1.843e-03	2.995e-01	1.056e-01
178632.50	-1.114e-02	-1.680e-01	3.149e-01
178633.50	-3.600e-03	4.560e-02	1.613e-01
178634.50	-1.632e-04	2.880e-01	-4.493e-01
178635.50	6.902e-04	7.565e-02	-2.506e-01
178636.50	3.523e-03	-2.774e-02	-4.685e-02
178637.50	5.971e-03	-4.694e-02	-1.354e-01
178638.50	-8.112e-03	2.650e-01	7.478e-02
178639.50	-5.904e-04	1.613e-01	2.630e-01
178640.50	4.224e-03	1.766e-02	-1.094e-01
178641.50	-1.354e-03	-3.187e-02	-1.123e-01
178642.50	-1.450e-03	-4.502e-03	1.661e-02
178643.50	-9.024e-04	1.104e-02	5.549e-02
178644.50	-3.149e-03	1.469e-01	-1.603e-01
178645.50	-5.424e-04	1.584e-01	-5.674e-02
178646.50	1.555e-03	1.469e-01	-2.160e-01
178647.50	-2.602e-03	2.803e-01	-6.058e-02
178648.50	-9.561e-05	-7.843e-02	6.797e-02
178649.50	-2.563e-03	1.152e-01	-3.686e-02
178650.50	5.626e-04	3.245e-01	1.008e-03
178651.50	-7.757e-03	1.939e-02	9.110e-02
178652.50	-3.005e-03	1.037e-02	6.000e-02
178653.50	-3.024e-03	7.584e-02	1.814e-01
178654.50	7.949e-04	5.885e-02	4.445e-03
178655.50	3.043e-03	2.371e-03	4.234e-02
178656.50	3.389e-03	1.594e-01	2.765e-01
178657.50	-3.283e-03	1.248e-01	-1.162e-01
178658.50	1.987e-03	-2.410e-02	-3.456e-01
178659.50	-2.525e-05	5.482e-02	-1.267e-01
178660.50	-3.917e-04	-2.813e-01	-6.874e-02
178661.50	-2.803e-03	2.064e-01	2.352e-01
178662.50	1.037e-03	-1.094e-01	-1.286e-01
178663.50	-3.197e-03	1.747e-01	7.699e-02
178664.50	-1.776e-03	-2.112e-01	4.262e-02
178665.50	1.344e-03	3.619e-01	-2.045e-02
178666.50	4.080e-03	1.056e-01	9.226e-02
178667.50	3.850e-03	1.872e-01	-4.963e-02
178668.50	-2.861e-03	-6.902e-02	-1.939e-01
178669.50	-1.267e-03	1.066e-02	-1.958e-01
178670.50	2.218e-03	6.077e-02	1.258e-01
178671.50	-4.234e-03	2.880e-01	1.219e-01
178672.50	1.488e-03	1.354e-01	1.018e-01
178673.50	1.104e-03	-1.171e-01	-6.374e-02
178674.50	-1.219e-03	4.781e-02	-1.891e-02
178675.50	2.333e-03	-2.419e-01	1.402e-01
178676.50	-3.782e-03	9.005e-02	9.888e-02
178677.50	-1.930e-03	1.315e-01	1.075e-01
178678.50	1.882e-03	1.814e-01	6.979e-02
178679.50	2.362e-03	3.168e-01	-6.154e-02
178680.50	-1.373e-03	-2.496e-02	8.582e-02
178681.50	-1.085e-03	-7.440e-02	1.651e-01
178682.50	-1.363e-03	7.277e-02	-4.003e-02
178683.50	-1.949e-03	4.637e-02	6.010e-02
178684.50	-2.160e-03	2.112e-02	1.642e-01
178685.50	-1.008e-03	1.603e-01	-2.659e-02
178686.50	9.293e-03	1.469e-01	4.042e-02
178687.50	-1.411e-02	1.709e-01	-1.258e-01
178688.50	-3.830e-03	-7.469e-02	1.046e-01
178689.50	-5.146e-03	-6.605e-02	-8.352e-03
178690.50	5.654e-03	7.162e-02	-7.757e-02
178691.50	6.998e-03	-1.469e-01	1.094e-01
178692.50	3.005e-03	-2.630e-02	7.440e-02
178693.50	2.016e-03	-8.947e-02	-5.136e-02
178694.50	-8.746e-04	2.333e-01	-3.053e-02
178695.50	-4.032e-04	1.296e-01	-2.083e-01
178696.50	-2.227e-03	-1.795e-02	6.931e-02
178697.50	-1.248e-03	-2.208e-02	-6.413e-02
178698.50	-5.059e-05	-9.091e-02	-2.342e-02
178699.50	6.106e-04	-9.888e-02	4.157e-02
178700.50	8.131e-05	-1.018e-01	1.008e-01
178701.50	5.827e-03	4.426e-02	8.189e-02
178702.50	2.669e-02	2.400e-01	1.382e-01
178703.50	6.403e-04	-7.008e-02	-1.498e-01
178704.50	-1.814e-03	-7.478e-02	-2.064e-02
178705.50	-4.234e-04	1.162e-01	2.659e-02
178706.50	-1.507e-03	-3.072e-02	9.888e-02
178707.50	-2.851e-03	7.603e-02	-3.053e-02
178708.50	1.267e-03	1.478e-01	8.419e-02
178709.50	8.976e-04	1.632e-01	-1.824e-02
178710.50	-2.976e-04	1.037e-01	1.363e-02
178711.50	3.187e-03	-7.843e-02	-1.373e-02
178712.50	-1.795e-03	-1.834e-02	-4.042e-02
178713.50	-1.325e-03	-1.507e-01	1.037e-02
178714.50	2.093e-03	1.565e-01	-9.552e-02
178715.50	2.554e-04	-1.949e-02	4.061e-02
178716.50	-1.469e-03	-1.056e-01	-5.616e-02
178717.50	-2.179e-03	5.242e-02	-3.168e-02
178718.50	6.038e-04	1.795e-01	-2.275e-02
178719.50	-8.458e-06	-8.650e-02	-3.350e-03
178720.50	6.010e-03	-1.651e-01	-1.133e-01
178721.50	-5.971e-04	-1.507e-02	4.963e-02
178722.50	-4.301e-04	-2.986e-02	1.632e-02
178723.50	4.973e-05	6.394e-02	-5.050e-02
178724.50	-6.528e-05	3.619e-02	-4.886e-02
178725.50	3.792e-04	1.018e-01	1.450e-01
178726.50	4.358e-05	7.978e-02	9.312e-02
178727.50	1.786e-03	-1.555e-01	-4.339e-02
178728.50	7.229e-03	-1.440e-03	-8.717e-02
178729.50	4.925e-03	-5.645e-02	-2.112e-01
178730.50	-8.189e-03	5.174e-02	-2.208e-03
178731.50	-6.778e-03	1.622e-01	2.630e-02
178732.50	-3.869e-03	-9.984e-02	1.738e-01
178733.50	8.957e-04	1.267e-01	-7.008e-02
178734.50	5.808e-04	8.352e-02	1.334e-01
178735.50	-3.792e-03	-1.286e-01	-5.837e-02
178736.50	-4.838e-04	-1.488e-01	-5.942e-02
178737.50	-5.990e-04	1.085e-01	-2.582e-02
178738.50	-6.470e-04	9.984e-02	1.632e-02
178739.50	9.542e-04	-2.995e-02	5.376e-02
178740.50	1.085e-03	-8.074e-02	-2.112e-02
178741.50	2.218e-03	-1.085e-01	-4.109e-02
178742.50	3.254e-03	-7.536e-02	-8.861e-02
178743.50	1.757e-03	-2.506e-02	-5.981e-02
178744.50	-4.838e-03	3.043e-02	-4.186e-02
178745.50	-2.093e-03	2.150e-02	6.950e-02
178746.50	-2.534e-03	8.294e-02	9.600e-02
178747.50	2.294e-03	3.888e-02	4.752e-02
178748.50	1.190e-03	-1.258e-01	-2.851e-02
178749.50	6.010e-03	-6.518e-02	-1.219e-01
178750.50	1.171e-03	2.342e-02	-4.138e-02
178751.50	-2.419e-03	8.285e-02	-4.925e-02
178752.50	-2.150e-03	4.099e-02	6.461e-02
178753.50	-8.131e-05	-6.854e-02	5.078e-02
178754.50	1.594e-04	1.709e-01	1.882e-02
178755.50	-5.616e-04	1.565e-02	5.242e-03
178756.50	1.238e-03	1.373e-02	-3.811e-02
178757.50	-6.307e-04	1.565e-01	8.870e-02
178758.50	-1.018e-04	2.160e-02	4.291e-02
178759.50	-1.747e-03	-2.592e-02	4.723e-02
178760.50	-3.504e-04	-7.824e-02	-3.658e-02
178761.50	3.168e-03	-2.496e-02	-1.910e-01
178762.50	-3.120e-03	-8.141e-02	1.757e-02
178763.50	-3.360e-02	-1.046e-01	-1.738e-02
178764.50	-7.152e-03	1.459e-02	-2.314e-02
178765.50	6.989e-05	1.507e-01	6.134e-04
178766.50	6.797e-04	6.854e-02	2.803e-02
178767.50	-3.830e-04	-1.555e-01	1.142e-01
178768.50	3.446e-04	2.995e-02	6.634e-02
178769.50	8.266e-04	-3.446e-02	1.286e-01
178770.50	4.589e-04	5.520e-02	-6.576e-02
178771.50	1.104e-03	7.094e-03	-5.731e-02
178772.50	8.141e-04	-1.805e-02	4.589e-04
178773.50	-2.218e-03	5.971e-02	-2.986e-02
178774.50	-2.093e-03	7.690e-03	1.152e-02
178775.50	-1.747e-03	4.906e-02	-4.051e-02
178776.50	7.997e-04	-2.122e-04	2.266e-02
178777.50	4.982e-03	1.152e-01	-9.466e-02
178778.50	2.170e-03	5.424e-02	-8.381e-02
178779.50	-1.680e-03	9.418e-04	8.861e-02
178780.50	-9.984e-04	-1.997e-01	6.374e-02
178781.50	-3.600e-03	1.277e-02	-6.336e-02
178782.50	-4.147e-03	2.554e-02	2.582e-02
178783.50	5.069e-03	1.171e-01	-8.314e-02
178784.50	4.368e-03	-6.451e-02	-5.635e-02
178785.50	6.902e-04	-1.776e-02	2.448e-02
178786.50	-6.000e-04	-2.074e-02	-1.430e-02
178787.50	-5.424e-04	1.536e-04	1.891e-02
178788.50	-1.699e-04	1.066e-02	-3.590e-02
178789.50	-2.678e-04	2.304e-02	3.110e-02
178790.50	2.630e-03	-2.554e-02	5.510e-03
178791.50	9.792e-03	3.667e-02	-5.549e-02
178792.50	1.632e-03	-4.205e-02	4.061e-02
178793.50	-1.738e-04	-1.699e-02	8.122e-02
178794.50	2.102e-03	-9.312e-02	-3.197e-02
178795.50	-1.872e-03	2.659e-02	-2.765e-03
178796.50	9.494e-04	4.445e-02	-5.117e-02
178797.50	-3.562e-02	-3.754e-02	-2.813e-02
178798.50	-5.222e-03	1.392e-02	1.123e-01
178799.50	2.918e-03	2.266e-02	8.304e-02
178800.50	4.330e-03	2.746e-02	-7.046e-02
178801.50	2.170e-01	4.627e-01	-2.208e-01
178802.50	-6.163e-02	-1.766e-01	1.853e-01
178803.50	-1.469e-04	6.010e-03	-1.210e-01
178804.50	-1.430e-01	-2.755e-01	1.018e-01
178805.50	3.706e-04	4.646e-02	1.872e-02
178806.50	-1.411e-03	6.710e-02	6.298e-02
178807.50	3.062e-04	-2.736e-02	6.038e-02
178808.50	-2.554e-03	1.046e-01	2.746e-02
178809.50	-5.366e-03	-6.518e-02	5.165e-02
178810.50	8.592e-04	5.030e-02	-5.366e-02
178811.50	9.792e-04	-4.915e-03	-5.693e-02
178812.50	-9.984e-04	6.605e-02	4.694e-02
178813.50	2.448e-03	-2.506e-02	-1.133e-01
178814.50	-6.413e-04	-2.102e-02	5.952e-02
178815.50	3.600e-03	-1.939e-02	-1.498e-01
178816.50	2.621e-03	9.888e-02	-4.781e-02
178817.50	-2.966e-03	-7.373e-02	1.018e-01
178818.50	-1.306e-02	-3.715e-02	-3.898e-02
178819.50	-3.610e-03	3.562e-02	1.651e-02
178820.50	-9.446e-04	1.459e-02	-2.150e-02
178821.50	-7.622e-04	6.461e-02	6.067e-02
178822.50	-4.435e-04	-1.862e-02	6.758e-02
178823.50	-1.766e-03	7.334e-02	-2.198e-02
178824.50	2.803e-02	-9.120e-02	-1.046e-01
178825.50	2.371e-02	2.640e-02	-3.725e-03
178826.50	3.216e-04	2.035e-02	-4.090e-03
178827.50	2.131e-03	-6.720e-02	-5.184e-02
178828.50	-1.037e-02	-1.190e-01	-2.054e-02
178829.50	-9.034e-03	-2.294e-02	-8.170e-02
178830.50	5.827e-04	6.086e-02	2.006e-02
178831.50	-9.696e-04	-1.238e-02	6.442e-02
178832.50	-2.381e-03	2.602e-03	7.382e-02
178833.50	3.840e-02	3.053e-02	-1.104e-01
178834.50	1.037e-02	6.461e-02	-8.669e-02
178835.50	3.715e-03	2.803e-02	-1.680e-01
178836.50	-1.546e-03	-5.990e-02	2.198e-02
178837.50	2.870e-02	2.266e-01	4.800e-02
178838.50	1.642e-02	2.467e-02	1.056e-01
178839.50	-1.296e-03	-2.371e-02	4.435e-03
178840.50	-4.128e-05	-2.486e-02	3.283e-02
178841.50	9.792e-05	-8.227e-02	9.254e-03
178842.50	-6.125e-04	-3.542e-02	3.782e-02
178843.50	9.696e-04	-3.101e-02	-1.267e-02
178844.50	-1.440e-03	-4.109e-02	2.794e-02
178845.50	-5.587e-03	3.581e-02	-1.248e-02
178846.50	-1.075e-02	4.704e-02	-1.661e-02
178847.50	1.114e-04	-5.434e-02	3.437e-02
178848.50	8.467e-04	-3.514e-02	4.426e-02
178849.50	1.930e-04	-1.517e-02	4.358e-03
178850.50	2.218e-04	-2.438e-02	-2.496e-02
178851.50	7.469e-03	5.395e-02	-1.046e-02
178852.50	-1.066e-03	8.880e-02	8.832e-03
178853.50	-2.285e-03	-6.922e-02	-8.429e-03
178854.50	1.536e-03	6.298e-03	5.741e-03
178855.50	3.226e-04	1.910e-02	4.061e-02
178856.50	-3.485e-03	2.122e-02	-4.627e-03
178857.50	6.403e-03	-2.582e-02	2.602e-03
178858.50	-2.746e-03	4.051e-02	1.238e-03
178859.50	3.264e-04	9.331e-03	-5.962e-02
178860.50	-6.202e-03	1.229e-02	3.226e-02
178861.50	-4.349e-04	-4.339e-02	-5.914e-02
178862.50	-1.373e-03	-5.942e-02	-8.525e-02
178863.50	-1.296e-03	9.696e-03	-1.574e-02
178864.50	-1.171e-04	2.112e-02	2.899e-02
178865.50	-3.197e-04	-3.725e-02	-6.202e-02
178866.50	1.824e-03	3.139e-02	5.472e-02
178867.50	-2.304e-03	-1.699e-02	6.240e-02
178868.50	4.186e-04	2.477e-02	-2.899e-02
178869.50	1.690e-03	3.936e-02	-2.294e-02
178870.50	-1.517e-03	-9.389e-03	-8.362e-03
178871.50	-1.411e-03	1.027e-01	-5.501e-03
178872.50	-9.696e-04	-6.173e-02	3.475e-02
178873.50	-6.778e-04	-9.206e-03	-3.110e-02
178874.50	6.490e-04	1.200e-02	1.190e-02
178875.50	-3.216e-04	5.290e-02	-9.696e-03
178876.50	9.283e-05	-5.194e-02	-1.152e-02
178877.50	-1.786e-03	-2.669e-03	2.707e-02
178878.50	2.304e-03	1.814e-03	1.334e-02
178879.50	1.018e-02	9.888e-02	1.718e-02
178880.50	-1.008e-02	7.747e-02	6.854e-02
178881.50	1.046e-03	1.786e-02	2.246e-02
178882.50	-3.542e-04	-1.546e-02	4.166e-02
178883.50	-1.901e-04	-7.190e-02	-3.341e-03
178884.50	9.446e-04	-4.666e-02	5.174e-02
178885.50	-1.728e-03	2.304e-02	-2.976e-03
178886.50	6.365e-04	2.640e-02	-6.192e-02
178887.50	-1.738e-03	7.632e-02	1.114e-02
178888.50	-6.221e-04	6.125e-02	-3.149e-02
178889.50	3.254e-03	-2.189e-02	-2.947e-02
178890.50	2.515e-03	2.669e-03	1.075e-02
178891.50	2.813e-03	-5.875e-02	8.611e-02
178892.50	-1.258e-03	-5.242e-02	-5.203e-04
178893.50	-8.198e-04	-6.643e-03	-1.584e-02
178894.50	-8.736e-04	-4.176e-02	-6.355e-02
178895.50	-7.920e-04	-5.078e-02	-3.322e-02
178896.50	-1.632e-03	-7.296e-02	-6.490e-02
178897.50	1.104e-03	1.718e-02	-7.949e-02
178898.50	-4.445e-04	7.363e-02	1.152e-02
178899.50	7.018e-04	4.454e-02	-4.147e-02
178900.50	-2.534e-04	-1.709e-02	1.171e-02
178901.50	-2.486e-03	4.330e-02	8.141e-02
178902.50	-1.834e-03	1.603e-02	-2.035e-02
178903.50	9.984e-04	-2.832e-02	4.349e-02
178904.50	3.322e-03	-3.466e-02	6.499e-02
178905.50	4.637e-03	-4.454e-03	-1.123e-02
178906.50	2.448e-03	-2.458e-02	2.669e-02
178907.50	1.565e-03	6.221e-02	9.984e-02
178908.50	2.198e-03	5.136e-02	-2.390e-02
178909.50	1.181e-05	-1.152e-02	-3.581e-02
178910.50	6.691e-05	-2.064e-02	2.122e-02
178911.50	1.757e-03	-9.792e-02	-2.938e-03
178912.50	-3.792e-03	7.709e-03	-1.066e-01
178913.50	-7.046e-04	7.286e-02	7.334e-02
178914.50	1.546e-04	-2.208e-02	1.594e-02
178915.50	-4.944e-04	-8.880e-03	1.594e-03
178916.50	-3.984e-03	-2.285e-02	-1.142e-02
178917.50	-1.565e-05	2.026e-02	-4.339e-02
178918.50	1.642e-03	6.806e-02	-2.592e-02
178919.50	8.486e-04	3.629e-02	4.531e-02
178920.50	-4.032e-04	5.568e-02	-2.659e-02
178921.50	-9.888e-04	-5.875e-02	6.077e-03
178922.50	8.390e-04	7.642e-03	-5.386e-02
178923.50	1.555e-04	-1.430e-02	2.006e-02
178924.50	1.526e-03	-6.749e-03	-2.054e-02
178925.50	5.770e-03	-1.757e-02	-5.635e-03
178926.50	4.042e-03	-3.907e-02	1.690e-02
178927.50	-2.592e-04	-6.394e-03	2.429e-03
178928.50	-7.094e-04	5.251e-02	4.109e-03
178929.50	4.675e-04	-8.294e-02	-4.704e-02
178930.50	-3.014e-03	-1.421e-02	3.110e-02
178931.50	5.616e-04	1.910e-02	6.029e-02
178932.50	-2.640e-05	4.378e-02	-1.440e-02
178933.50	-7.066e-04	-6.480e-03	-2.112e-02
178934.50	2.525e-04	-4.320e-02	-9.293e-03
178935.50	-1.613e-04	-4.234e-02	6.259e-03
178936.50	-1.402e-03	1.997e-02	3.523e-02
178937.50	-1.085e-03	-1.776e-02	2.112e-02
178938.50	-2.218e-03	4.973e-02	1.776e-02
178939.50	-9.418e-04	3.552e-02	-2.208e-02
178940.50	1.344e-03	-3.754e-02	-8.861e-03
178941.50	2.678e-03	1.286e-02	-5.318e-03
178942.50	1.814e-03	-6.768e-03	5.155e-02
178943.50	-5.405e-03	-4.541e-02	-3.341e-04
178944.50	5.779e-04	2.045e-02	8.333e-03
178945.50	-3.888e-03	3.062e-02	-2.861e-02
178946.50	1.373e-03	1.526e-02	1.190e-02
178947.50	2.832e-03	4.742e-02	-2.016e-02
178948.50	1.392e-03	5.002e-03	-2.141e-02
178949.50	-4.714e-04	4.128e-02	-9.600e-03
178950.50	2.774e-04	-8.966e-03	-9.571e-03
178951.50	5.366e-04	-4.262e-02	-1.354e-02
178952.50	-7.037e-03	-4.550e-02	9.158e-03
178953.50	-2.352e-03	-4.061e-02	6.326e-03
178954.50	5.558e-03	-8.813e-03	2.064e-02
178955.50	1.853e-03	-8.294e-03	-2.026e-02
178956.50	-8.064e-04	5.424e-03	2.986e-02
178957.50	1.853e-04	-2.218e-03	-8.678e-03
178958.50	1.670e-03	3.062e-03	2.131e-02
