178360.50	0.000e+00	0.000e+00	0.000e+00
178361.50	0.000e+00	0.000e+00	0.000e+00
178362.50	0.000e+00	0.000e+00	0.000e+00
178363.50	0.000e+00	0.000e+00	0.000e+00
178364.50	0.000e+00	0.000e+00	0.000e+00
178365.50	0.000e+00	0.000e+00	0.000e+00
178366.50	0.000e+00	0.000e+00	0.000e+00
178367.50	0.000e+00	0.000e+00	0.000e+00
178368.50	0.000e+00	0.000e+00	0.000e+00
178369.50	0.000e+00	0.000e+00	0.000e+00
178370.50	0.000e+00	0.000e+00	0.000e+00
178371.50	0.000e+00	0.000e+00	0.000e+00
178372.50	0.000e+00	0.000e+00	0.000e+00
178373.50	0.000e+00	0.000e+00	0.000e+00
178374.50	0.000e+00	0.000e+00	0.000e+00
178375.50	0.000e+00	0.000e+00	0.000e+00
178376.50	0.000e+00	0.000e+00	0.000e+00
178377.50	0.000e+00	0.000e+00	0.000e+00
178378.50	0.000e+00	0.000e+00	0.000e+00
178379.50	0.000e+00	0.000e+00	0.000e+00
178380.50	0.000e+00	0.000e+00	0.000e+00
178381.50	0.000e+00	0.000e+00	0.000e+00
178382.50	0.000e+00	0.000e+00	0.000e+00
178383.50	0.000e+00	0.000e+00	0.000e+00
178384.50	0.000e+00	0.000e+00	0.000e+00
178385.50	0.000e+00	0.000e+00	0.000e+00
178386.50	0.000e+00	0.000e+00	0.000e+00
178387.50	0.000e+00	0.000e+00	0.000e+00
178388.50	0.000e+00	0.000e+00	0.000e+00
178389.50	0.000e+00	0.000e+00	0.000e+00
178390.50	0.000e+00	0.000e+00	0.000e+00
178391.50	0.000e+00	0.000e+00	0.000e+00
178392.50	0.000e+00	0.000e+00	0.000e+00
178393.50	0.000e+00	0.000e+00	0.000e+00
178394.50	0.000e+00	0.000e+00	0.000e+00
178395.50	0.000e+00	0.000e+00	0.000e+00
178396.50	0.000e+00	0.000e+00	0.000e+00
178397.50	0.000e+00	0.000e+00	0.000e+00
178398.50	0.000e+00	0.000e+00	0.000e+00
178399.50	0.000e+00	0.000e+00	0.000e+00
178400.50	0.000e+00	0.000e+00	0.000e+00
178401.50	0.000e+00	0.000e+00	0.000e+00
178402.50	0.000e+00	0.000e+00	0.000e+00
178403.50	0.000e+00	0.000e+00	0.000e+00
178404.50	0.000e+00	0.000e+00	0.000e+00
178405.50	0.000e+00	0.000e+00	0.000e+00
178406.50	0.000e+00	0.000e+00	0.000e+00
178407.50	0.000e+00	0.000e+00	0.000e+00
178408.50	0.000e+00	0.000e+00	0.000e+00
178409.50	0.000e+00	0.000e+00	0.000e+00
178410.50	0.000e+00	0.000e+00	0.000e+00
178411.50	0.000e+00	0.000e+00	0.000e+00
178412.50	0.000e+00	0.000e+00	0.000e+00
178413.50	0.000e+00	0.000e+00	0.000e+00
178414.50	0.000e+00	0.000e+00	0.000e+00
178415.50	0.000e+00	0.000e+00	0.000e+00
178416.50	0.000e+00	0.000e+00	0.000e+00
178417.50	0.000e+00	0.000e+00	0.000e+00
178418.50	0.000e+00	0.000e+00	0.000e+00
178419.50	0.000e+00	0.000e+00	0.000e+00
178420.50	0.000e+00	0.000e+00	0.000e+00
178421.50	0.000e+00	0.000e+00	0.000e+00
178422.50	0.000e+00	0.000e+00	0.000e+00
178423.50	0.000e+00	0.000e+00	0.000e+00
178424.50	0.000e+00	0.000e+00	0.000e+00
178425.50	0.000e+00	0.000e+00	0.000e+00
178426.50	0.000e+00	0.000e+00	0.000e+00
178427.50	0.000e+00	0.000e+00	0.000e+00
178428.50	0.000e+00	0.000e+00	0.000e+00
178429.50	0.000e+00	0.000e+00	0.000e+00
178430.50	0.000e+00	0.000e+00	0.000e+00
178431.50	0.000e+00	0.000e+00	0.000e+00
178432.50	0.000e+00	0.000e+00	0.000e+00
178433.50	0.000e+00	0.000e+00	0.000e+00
178434.50	0.000e+00	0.000e+00	0.000e+00
178435.50	0.000e+00	0.000e+00	0.000e+00
178436.50	0.000e+00	0.000e+00	0.000e+00
178437.50	0.000e+00	0.000e+00	0.000e+00
178438.50	0.000e+00	0.000e+00	0.000e+00
178439.50	0.000e+00	0.000e+00	0.000e+00
178440.50	0.000e+00	0.000e+00	0.000e+00
178441.50	0.000e+00	0.000e+00	0.000e+00
178442.50	0.000e+00	0.000e+00	0.000e+00
178443.50	0.000e+00	0.000e+00	0.000e+00
178444.50	0.000e+00	0.000e+00	0.000e+00
178445.50	0.000e+00	0.000e+00	0.000e+00
178446.50	0.000e+00	0.000e+00	0.000e+00
178447.50	0.000e+00	0.000e+00	0.000e+00
178448.50	0.000e+00	0.000e+00	0.000e+00
178449.50	0.000e+00	0.000e+00	0.000e+00
178450.50	0.000e+00	0.000e+00	0.000e+00
178451.50	0.000e+00	0.000e+00	0.000e+00
178452.50	0.000e+00	0.000e+00	0.000e+00
178453.50	0.000e+00	0.000e+00	0.000e+00
178454.50	0.000e+00	0.000e+00	0.000e+00
178455.50	0.000e+00	0.000e+00	0.000e+00
178456.50	0.000e+00	0.000e+00	0.000e+00
178457.50	0.000e+00	0.000e+00	0.000e+00
178458.50	0.000e+00	0.000e+00	0.000e+00
178459.50	0.000e+00	0.000e+00	0.000e+00
178460.50	0.000e+00	0.000e+00	0.000e+00
178461.50	0.000e+00	0.000e+00	0.000e+00
178462.50	0.000e+00	0.000e+00	0.000e+00
178463.50	0.000e+00	0.000e+00	0.000e+00
178464.50	0.000e+00	0.000e+00	0.000e+00
178465.50	0.000e+00	0.000e+00	0.000e+00
178466.50	0.000e+00	0.000e+00	0.000e+00
178467.50	0.000e+00	0.000e+00	0.000e+00
178468.50	0.000e+00	0.000e+00	0.000e+00
178469.50	0.000e+00	0.000e+00	0.000e+00
178470.50	0.000e+00	0.000e+00	0.000e+00
178471.50	0.000e+00	0.000e+00	0.000e+00
178472.50	0.000e+00	0.000e+00	0.000e+00
178473.50	0.000e+00	0.000e+00	0.000e+00
178474.50	0.000e+00	0.000e+00	0.000e+00
178475.50	0.000e+00	0.000e+00	0.000e+00
178476.50	0.000e+00	0.000e+00	0.000e+00
178477.50	0.000e+00	0.000e+00	0.000e+00
178478.50	0.000e+00	0.000e+00	0.000e+00
178479.50	0.000e+00	0.000e+00	0.000e+00
178480.50	0.000e+00	0.000e+00	0.000e+00
178481.50	0.000e+00	0.000e+00	0.000e+00
178482.50	0.000e+00	0.000e+00	0.000e+00
178483.50	0.000e+00	0.000e+00	0.000e+00
178484.50	0.000e+00	0.000e+00	0.000e+00
178485.50	0.000e+00	0.000e+00	0.000e+00
178486.50	0.000e+00	0.000e+00	0.000e+00
178487.50	0.000e+00	0.000e+00	0.000e+00
178488.50	0.000e+00	0.000e+00	0.000e+00
178489.50	0.000e+00	0.000e+00	0.000e+00
178490.50	0.000e+00	0.000e+00	0.000e+00
178491.50	0.000e+00	0.000e+00	0.000e+00
178492.50	0.000e+00	0.000e+00	0.000e+00
178493.50	0.000e+00	0.000e+00	0.000e+00
178494.50	0.000e+00	0.000e+00	0.000e+00
178495.50	0.000e+00	0.000e+00	0.000e+00
178496.50	0.000e+00	0.000e+00	0.000e+00
178497.50	0.000e+00	0.000e+00	0.000e+00
178498.50	0.000e+00	0.000e+00	0.000e+00
178499.50	0.000e+00	0.000e+00	0.000e+00
178500.50	0.000e+00	0.000e+00	0.000e+00
178501.50	0.000e+00	0.000e+00	0.000e+00
178502.50	0.000e+00	0.000e+00	0.000e+00
178503.50	0.000e+00	0.000e+00	0.000e+00
178504.50	0.000e+00	0.000e+00	0.000e+00
178505.50	0.000e+00	0.000e+00	0.000e+00
178506.50	0.000e+00	0.000e+00	0.000e+00
178507.50	0.000e+00	0.000e+00	0.000e+00
178508.50	0.000e+00	0.000e+00	0.000e+00
178509.50	0.000e+00	0.000e+00	0.000e+00
178510.50	0.000e+00	0.000e+00	0.000e+00
178511.50	0.000e+00	0.000e+00	0.000e+00
178512.50	0.000e+00	0.000e+00	0.000e+00
178513.50	0.000e+00	0.000e+00	0.000e+00
178514.50	1.430e-05	-5.558e-04	-1.114e-03
178515.50	-1.555e-05	1.066e-03	6.451e-04
178516.50	-6.528e-06	2.150e-04	1.104e-03
178517.50	-2.371e-05	1.123e-03	2.573e-04
178518.50	9.053e-06	-5.472e-04	-1.450e-03
178519.50	-4.570e-06	1.814e-04	-5.088e-04
178520.50	-6.048e-06	3.158e-04	7.747e-05
178521.50	-7.728e-06	3.043e-04	-4.454e-04
178522.50	6.086e-06	-1.709e-04	3.677e-04
178523.50	4.915e-06	-7.133e-04	2.477e-03
178524.50	9.984e-06	-1.421e-04	1.642e-04
178525.50	1.171e-05	-5.309e-04	-2.189e-04
178526.50	8.218e-06	-5.674e-04	-7.430e-04
178527.50	1.056e-05	-3.514e-04	3.101e-04
178528.50	-1.584e-05	9.888e-04	1.085e-04
178529.50	-6.970e-06	2.630e-04	-2.947e-04
178530.50	-1.459e-05	-8.246e-04	-1.622e-03
178531.50	-2.333e-05	1.171e-03	-8.630e-04
178532.50	2.976e-05	-1.546e-03	7.258e-04
178533.50	8.371e-08	1.085e-04	5.184e-04
178534.50	-1.622e-05	1.094e-04	-1.229e-03
178535.50	1.958e-05	-3.014e-04	7.546e-04
178536.50	5.107e-06	-4.618e-04	-1.162e-04
178537.50	1.277e-05	4.925e-04	1.046e-03
178538.50	-7.670e-06	3.907e-04	1.085e-03
178539.50	3.178e-04	-8.880e-03	4.522e-03
178540.50	6.288e-04	-2.976e-02	4.090e-03
178541.50	-6.288e-04	9.110e-04	-3.485e-02
178542.50	4.330e-04	-3.264e-03	3.792e-02
178543.50	1.613e-03	-5.971e-02	5.770e-03
178544.50	1.565e-02	-7.642e-01	1.690e-01
178545.50	1.392e-01	-7.632e+00	-3.331e-02
178546.50	2.419e+00	-1.450e+02	-1.930e+01
178547.50	2.438e+01	-1.277e+03	1.210e+02
178548.50	6.931e+00	-2.995e+02	7.661e+01
178549.50	-2.246e+00	1.210e+02	-3.034e+01
178550.50	-2.774e+00	1.517e+02	-7.997e+00
178551.50	-2.438e+00	1.190e+02	-2.909e+01
178552.50	-2.093e+00	1.114e+02	-7.651e+00
178553.50	-1.814e+00	9.274e+01	-1.152e+01
178554.50	-1.805e+00	9.178e+01	-9.696e+00
178555.50	-1.526e+00	7.824e+01	-7.219e+00
178556.50	-1.354e+00	6.960e+01	-5.866e+00
178557.50	-1.219e+00	6.432e+01	-2.602e+00
178558.50	-1.085e+00	5.578e+01	-4.512e+00
178559.50	-1.046e+00	5.107e+01	-8.189e+00
178560.50	-8.784e-01	4.512e+01	-2.736e+00
178561.50	-8.842e-01	4.253e+01	-7.238e+00
178562.50	-8.410e-01	4.234e+01	-3.715e+00
178563.50	-6.634e-01	3.504e+01	-1.123e+00
178564.50	-7.642e-01	3.802e+01	-3.734e+00
178565.50	-6.432e-01	3.091e+01	-4.378e+00
178566.50	-5.722e-01	2.851e+01	-2.880e+00
178567.50	-5.126e-01	2.698e+01	-3.763e-01
178568.50	-5.011e-01	2.429e+01	-2.890e+00
178569.50	-3.926e-01	2.045e+01	-1.248e+00
178570.50	-4.070e-01	2.083e+01	-1.210e+00
178571.50	-4.147e-01	2.102e+01	-1.008e+00
178572.50	-4.070e-01	2.035e+01	-1.190e+00
178573.50	-3.523e-01	1.824e+01	-8.400e-01
178574.50	-3.562e-01	1.718e+01	-2.083e+00
178575.50	-3.014e-01	1.459e+01	-1.373e+00
178576.50	-3.005e-01	1.382e+01	-2.678e+00
178577.50	-2.131e-01	1.027e+01	-1.555e+00
178578.50	-2.266e-01	1.181e+01	5.971e-01
178579.50	-2.237e-01	1.286e+01	1.565e+00
178580.50	-2.554e-01	1.210e+01	-1.507e+00
178581.50	-1.920e-01	8.928e+00	-2.342e+00
178582.50	-2.035e-01	1.018e+01	-2.880e-01
178583.50	-1.718e-01	9.581e+00	8.678e-01
178584.50	-1.747e-01	7.939e+00	-1.507e+00
178585.50	-1.738e-01	8.880e+00	-2.851e-02
178586.50	-1.613e-01	8.141e+00	-6.365e-01
178587.50	-1.594e-01	7.805e+00	-4.954e-01
178588.50	-1.402e-01	6.883e+00	-9.792e-02
178589.50	-1.306e-01	6.470e+00	-4.320e-01
178590.50	-1.162e-01	6.394e+00	9.792e-01
178591.50	-1.162e-01	5.203e+00	-1.104e+00
178592.50	-1.277e-01	6.758e+00	4.282e-01
178593.50	-1.075e-01	5.376e+00	1.037e-01
178594.50	-8.486e-02	5.040e+00	7.747e-01
178595.50	-1.046e-01	4.704e+00	-1.152e+00
178596.50	-7.555e-02	4.128e+00	3.706e-01
178597.50	-8.986e-02	4.579e+00	8.774e-02
178598.50	-1.046e-01	4.810e+00	-1.469e+00
178599.50	-5.462e-02	3.168e+00	2.131e-01
178600.50	-7.171e-02	3.802e+00	6.576e-01
178601.50	-8.371e-02	3.408e+00	-5.309e-01
178602.50	-5.789e-02	3.130e+00	4.128e-01
178603.50	-7.517e-02	3.408e+00	-5.395e-01
178604.50	-5.386e-02	2.698e+00	-1.171e-01
178605.50	-6.221e-02	3.187e+00	8.707e-02
178606.50	-7.104e-02	3.408e+00	-4.982e-01
178607.50	-4.397e-02	1.939e+00	-2.640e-01
178608.50	-4.464e-02	1.766e+00	-6.240e-01
178609.50	-6.672e-02	2.765e+00	-9.984e-01
178610.50	-3.427e-02	1.901e+00	4.685e-02
178611.50	-3.350e-02	1.901e+00	-3.936e-01
178612.50	-4.234e-02	2.141e+00	1.382e-01
178613.50	-3.360e-02	1.824e+00	2.650e-01
178614.50	-2.803e-02	1.536e+00	4.982e-01
178615.50	-3.984e-02	2.016e+00	4.138e-02
178616.50	-4.714e-02	2.400e+00	1.939e-01
178617.50	-4.051e-02	1.718e+00	-5.011e-01
178618.50	-3.120e-02	1.411e+00	1.200e-02
178619.50	-4.051e-02	2.006e+00	6.758e-02
178620.50	-2.880e-02	1.459e+00	7.075e-02
178621.50	-1.699e-02	6.864e-01	-2.755e-01
178622.50	-3.398e-02	1.363e+00	-4.186e-01
178623.50	-2.822e-02	1.411e+00	1.690e-01
178624.50	-2.314e-02	1.066e+00	-3.302e-01
178625.50	-2.198e-02	7.824e-01	-5.405e-01
178626.50	-2.026e-02	1.248e+00	-1.306e-01
178627.50	-3.235e-02	1.469e+00	7.824e-02
178628.50	-3.178e-02	1.296e+00	5.923e-02
178629.50	-1.718e-02	6.326e-01	-4.387e-01
178630.50	-1.747e-02	7.421e-01	-5.251e-01
178631.50	-1.872e-02	9.600e-01	3.475e-01
178632.50	-1.546e-02	7.747e-01	-4.550e-02
178633.50	-1.488e-02	9.005e-01	3.888e-02
178634.50	-8.582e-03	5.136e-01	5.472e-01
178635.50	-1.536e-02	6.230e-01	-6.509e-01
178636.50	-1.632e-02	6.816e-01	4.502e-02
178637.50	-1.843e-02	6.422e-01	-4.138e-01
178638.50	-1.517e-02	4.541e-01	-4.291e-01
178639.50	-1.382e-02	7.507e-01	3.706e-02
178640.50	-2.246e-02	1.181e+00	3.581e-01
178641.50	-1.738e-02	7.939e-01	1.622e-01
178642.50	-2.016e-02	4.416e-01	-7.094e-01
178643.50	-1.085e-02	4.867e-01	-1.690e-01
178644.50	-7.805e-03	4.445e-01	1.805e-01
178645.50	-6.950e-03	3.312e-01	-5.520e-02
178646.50	-1.085e-02	3.974e-01	-9.053e-02
178647.50	-2.582e-02	7.171e-01	-6.250e-01
178648.50	-1.066e-02	7.680e-01	3.053e-01
178649.50	5.683e-03	-5.491e-02	1.248e-01
178650.50	-1.642e-02	7.526e-01	-6.538e-02
178651.50	-6.250e-03	4.646e-01	3.984e-02
178652.50	-1.469e-02	7.325e-01	-1.296e-01
178653.50	-1.037e-02	2.064e-01	1.718e-01
178654.50	-4.397e-03	2.678e-01	1.162e-01
178655.50	-1.757e-02	7.862e-01	-2.477e-01
178656.50	8.832e-04	-1.315e-01	4.128e-02
178657.50	-8.074e-03	3.773e-01	1.037e-01
178658.50	-8.880e-03	4.992e-01	5.866e-03
178659.50	-1.382e-02	4.378e-01	7.459e-02
178660.50	-2.122e-03	7.843e-02	-1.901e-01
178661.50	-1.306e-02	5.789e-01	-2.918e-01
178662.50	-1.133e-03	2.064e-02	-5.856e-03
178663.50	8.995e-04	1.747e-01	1.776e-01
178664.50	-3.187e-03	2.544e-01	5.453e-02
178665.50	-1.766e-03	2.698e-01	2.976e-01
178666.50	-8.630e-03	1.200e-01	-3.024e-01
178667.50	-5.971e-04	-7.075e-02	-1.642e-01
178668.50	-1.104e-03	1.546e-01	1.891e-01
178669.50	-1.459e-03	1.037e-01	1.478e-02
178670.50	-4.570e-03	1.402e-01	-1.469e-01
178671.50	-2.592e-03	1.430e-01	-1.997e-02
178672.50	-1.325e-02	5.242e-01	-8.659e-02
178673.50	-1.258e-03	1.094e-01	1.910e-01
178674.50	-3.158e-03	1.526e-01	-2.218e-01
178675.50	-5.981e-03	4.915e-01	3.120e-01
178676.50	-3.024e-03	1.402e-01	9.005e-02
178677.50	-5.126e-03	2.784e-01	3.638e-02
178678.50	-2.573e-03	1.526e-01	-1.776e-01
178679.50	1.450e-03	-2.122e-01	-1.075e-01
178680.50	-1.056e-02	3.101e-01	-2.717e-01
178681.50	-1.315e-02	6.586e-01	1.872e-01
178682.50	6.614e-03	-8.381e-02	3.398e-01
178683.50	-3.053e-03	1.459e-01	-1.229e-01
178684.50	-7.680e-03	5.674e-02	-3.533e-01
178685.50	-1.296e-03	1.363e-01	1.891e-02
178686.50	-9.792e-03	2.803e-01	-8.496e-02
178687.50	3.437e-03	-1.392e-01	4.262e-02
178688.50	-6.576e-03	1.162e-01	-1.661e-01
178689.50	-3.178e-04	6.221e-02	-1.498e-01
178690.50	-4.714e-03	3.139e-01	3.245e-01
178691.50	1.709e-03	-1.430e-01	2.131e-02
178692.50	-6.384e-03	2.477e-01	7.757e-02
178693.50	-1.690e-03	2.870e-01	7.709e-02
178694.50	-6.509e-03	6.125e-02	-2.141e-01
178695.50	-5.558e-03	3.168e-01	-8.794e-02
178696.50	-2.563e-04	7.363e-02	1.258e-01
178697.50	-1.190e-03	1.334e-02	-1.085e-01
178698.50	-1.046e-04	-5.069e-02	-1.805e-01
178699.50	2.170e-03	5.606e-02	3.302e-01
178700.50	-7.325e-03	1.910e-01	-1.056e-01
178701.50	7.354e-03	-2.765e-01	2.438e-02
178702.50	2.237e-03	2.448e-02	8.918e-02
178703.50	-1.939e-03	7.910e-02	-1.622e-01
178704.50	-8.554e-03	1.469e-01	-1.440e-01
178705.50	7.872e-05	5.443e-02	8.477e-02
178706.50	-1.334e-03	-3.360e-02	-1.728e-01
178707.50	-2.266e-03	2.477e-01	1.037e-01
178708.50	4.387e-04	7.296e-02	1.603e-01
178709.50	-2.275e-03	9.005e-02	1.315e-01
178710.50	-4.723e-03	1.622e-01	7.862e-02
178711.50	-2.947e-03	1.949e-01	-1.171e-01
178712.50	-1.488e-03	3.869e-02	2.803e-02
178713.50	-2.621e-03	4.656e-02	-3.446e-02
178714.50	-1.517e-03	5.846e-02	2.064e-02
178715.50	-5.760e-03	2.246e-01	-4.224e-02
178716.50	-1.152e-03	-3.514e-02	-4.704e-02
178717.50	-1.757e-03	1.526e-01	1.872e-01
178718.50	-5.184e-03	2.054e-01	-1.805e-01
178719.50	-6.950e-03	1.872e-01	-1.872e-01
178720.50	7.526e-05	-1.114e-03	-9.561e-02
178721.50	-2.851e-03	1.066e-01	-3.014e-02
178722.50	-3.859e-03	9.888e-02	-7.162e-02
178723.50	-2.592e-03	2.410e-01	1.594e-01
178724.50	5.030e-03	-1.286e-01	1.862e-01
178725.50	-1.258e-03	1.248e-01	-3.926e-02
178726.50	-4.502e-03	8.362e-02	-1.008e-01
178727.50	-2.803e-03	1.373e-01	2.275e-01
178728.50	-1.498e-03	6.778e-02	2.246e-02
178729.50	-2.285e-03	6.710e-02	2.918e-02
178730.50	5.520e-04	-3.446e-02	1.776e-02
178731.50	-1.632e-03	-5.808e-02	-9.456e-02
178732.50	6.806e-03	-1.757e-01	1.238e-01
178733.50	1.238e-04	4.147e-03	-1.056e-01
178734.50	3.475e-03	-3.552e-02	6.000e-02
178735.50	2.275e-03	-5.126e-02	1.162e-01
178736.50	-3.542e-03	6.307e-02	-1.181e-01
178737.50	-4.829e-03	1.920e-01	7.392e-02
178738.50	1.133e-03	-2.390e-02	9.984e-02
178739.50	3.072e-03	-1.315e-01	-3.360e-02
178740.50	-7.421e-03	3.024e-01	-5.491e-02
178741.50	-6.528e-05	5.760e-02	4.838e-02
178742.50	1.392e-04	4.781e-02	-8.429e-02
178743.50	-3.898e-03	1.142e-01	1.958e-01
178744.50	-4.234e-03	4.589e-02	-2.534e-01
178745.50	-2.669e-05	-3.638e-03	-1.699e-02
178746.50	-3.802e-03	2.390e-01	1.843e-01
178747.50	-1.363e-03	6.941e-02	3.226e-02
178748.50	2.006e-03	-1.190e-01	-5.491e-02
178749.50	-1.555e-03	2.381e-02	-5.107e-02
178750.50	8.669e-03	-1.363e-01	1.123e-01
178751.50	-3.130e-03	-1.642e-02	-1.814e-01
178752.50	-1.766e-03	8.285e-02	-8.861e-02
178753.50	-6.144e-03	1.411e-01	-2.150e-01
178754.50	1.987e-03	-5.501e-02	-2.669e-02
178755.50	-3.370e-03	-9.302e-02	-1.142e-01
178756.50	1.171e-03	7.008e-02	1.363e-01
178757.50	-4.454e-03	2.246e-01	-4.330e-02
178758.50	-3.254e-03	5.107e-02	-7.325e-02
178759.50	-5.549e-03	1.680e-01	-1.824e-02
178760.50	-2.006e-03	-8.400e-02	-2.352e-01
178761.50	9.600e-04	6.682e-02	2.333e-01
178762.50	1.478e-03	-3.101e-02	7.891e-03
178763.50	7.939e-05	-1.315e-02	1.968e-01
178764.50	-1.392e-03	8.208e-02	-1.171e-01
178765.50	4.387e-03	-2.410e-01	1.008e-02
178766.50	3.456e-03	-5.549e-02	1.872e-01
178767.50	-4.157e-03	1.930e-01	-6.067e-02
178768.50	-2.640e-03	7.181e-02	-2.198e-02
178769.50	-6.576e-04	9.984e-02	1.344e-02
178770.50	1.267e-03	-5.702e-02	5.443e-02
178771.50	-4.560e-03	8.314e-02	4.003e-02
178772.50	5.002e-03	-1.862e-01	1.334e-01
178773.50	-6.528e-04	8.976e-02	3.014e-02
178774.50	-3.264e-03	8.592e-02	-4.454e-02
178775.50	-4.320e-03	9.024e-02	-1.210e-01
178776.50	4.426e-03	-1.200e-01	6.835e-02
178777.50	-4.618e-04	-8.170e-02	-6.490e-02
178778.50	-5.203e-03	1.901e-01	-4.560e-02
178779.50	1.018e-03	1.882e-02	-7.699e-02
178780.50	-1.757e-03	-2.410e-02	-8.064e-03
178781.50	-1.478e-05	2.842e-02	1.325e-02
178782.50	-1.046e-04	-4.301e-02	-9.792e-02
178783.50	-2.371e-06	9.475e-02	4.445e-02
178784.50	5.501e-03	5.818e-03	2.486e-01
178785.50	7.229e-05	-1.498e-02	-9.110e-02
178786.50	1.738e-03	-6.816e-02	1.354e-01
178787.50	-3.552e-04	-9.302e-02	-5.856e-02
178788.50	5.078e-03	-3.638e-02	1.104e-02
178789.50	8.890e-04	-7.709e-02	-2.630e-02
178790.50	-5.981e-04	1.008e-02	-8.986e-02
178791.50	9.984e-04	3.840e-03	1.277e-01
178792.50	8.698e-05	3.658e-02	-3.802e-02
178793.50	-5.626e-03	1.258e-01	-1.229e-01
178794.50	-2.285e-03	1.133e-02	-6.739e-03
178795.50	-3.014e-03	-7.238e-03	-8.381e-02
178796.50	6.490e-03	-1.459e-01	4.474e-02
178797.50	-2.141e-03	6.173e-02	-2.986e-02
178798.50	8.966e-04	1.075e-02	1.133e-01
178799.50	-1.094e-03	5.779e-02	1.382e-01
178800.50	-4.128e-03	9.043e-02	3.955e-02
178801.50	-4.656e-04	-1.949e-02	-1.642e-02
178802.50	1.930e-03	-9.696e-02	-1.488e-01
178803.50	4.685e-03	-8.621e-02	-1.363e-01
178804.50	1.862e-03	3.283e-02	1.046e-01
178805.50	-3.888e-03	1.085e-01	-1.546e-01
178806.50	-1.181e-03	6.902e-02	2.237e-02
178807.50	-1.507e-03	1.325e-02	1.603e-02
178808.50	-2.314e-04	5.520e-02	3.754e-02
178809.50	-1.536e-03	8.400e-02	-2.448e-03
178810.50	-5.472e-03	9.696e-02	-1.411e-02
178811.50	-2.678e-04	-9.226e-03	-1.642e-02
178812.50	4.147e-03	-5.626e-02	9.408e-02
178813.50	4.339e-04	-2.918e-02	2.083e-02
178814.50	2.400e-04	2.381e-03	4.608e-02
178815.50	9.792e-04	-9.514e-03	6.701e-02
178816.50	3.917e-03	-9.197e-02	6.000e-02
178817.50	2.189e-03	-7.613e-02	-9.456e-02
178818.50	-3.130e-03	1.488e-01	1.104e-01
178819.50	-1.709e-03	5.405e-02	-4.829e-02
178820.50	-2.938e-03	-6.461e-02	-1.392e-01
178821.50	-3.379e-03	1.027e-01	5.971e-02
178822.50	-2.170e-03	-1.037e-02	-5.606e-02
178823.50	8.227e-04	1.085e-02	1.603e-02
178824.50	1.027e-03	-6.096e-02	-6.547e-02
178825.50	-3.821e-03	1.584e-01	-7.699e-03
178826.50	-1.411e-03	7.728e-02	-8.986e-02
178827.50	1.152e-04	-2.736e-03	-7.440e-02
178828.50	3.773e-03	-7.978e-02	9.984e-02
178829.50	1.075e-03	-9.341e-03	-1.680e-02
178830.50	3.686e-02	-7.219e-02	1.162e-01
178831.50	1.210e-03	1.690e-02	1.363e-01
178832.50	2.650e-03	3.763e-03	9.581e-02
178833.50	-4.714e-03	3.494e-02	-1.171e-01
178834.50	1.066e-03	1.238e-02	1.248e-01
178835.50	-1.363e-03	8.122e-02	-1.133e-02
178836.50	-2.160e-03	-1.738e-02	-5.635e-02
178837.50	-6.355e-03	1.488e-01	-1.680e-01
178838.50	-5.443e-05	-5.184e-02	2.534e-03
178839.50	1.670e-03	-8.880e-02	-2.285e-02
178840.50	2.698e-04	1.795e-02	1.738e-02
178841.50	-3.562e-04	3.014e-02	8.256e-02
178842.50	3.178e-03	-7.555e-02	6.432e-03
178843.50	-2.170e-03	4.608e-02	-8.054e-02
178844.50	-1.901e-03	6.739e-02	-1.027e-01
178845.50	2.448e-03	4.714e-02	5.549e-02
178846.50	1.219e-03	-8.947e-02	-9.350e-02
178847.50	1.037e-03	-8.122e-02	-1.133e-01
178848.50	-2.362e-03	3.571e-02	5.462e-02
178849.50	-2.198e-03	-1.142e-03	1.920e-02
178850.50	-1.690e-03	1.594e-02	-3.850e-02
178851.50	4.061e-03	-4.589e-02	1.152e-01
178852.50	-9.888e-04	3.456e-02	2.285e-02
178853.50	7.152e-04	-2.314e-02	-5.405e-03
178854.50	4.426e-05	9.312e-03	-2.294e-02
178855.50	1.738e-03	-1.181e-01	-3.360e-02
178856.50	2.515e-03	-3.379e-02	3.158e-02
178857.50	-5.424e-03	1.392e-01	-2.458e-02
178858.50	-4.301e-04	-1.354e-02	-5.779e-02
178859.50	2.314e-03	-5.155e-02	1.795e-03
178860.50	4.147e-04	3.235e-03	2.179e-02
178861.50	3.638e-04	2.122e-02	2.861e-02
178862.50	-3.782e-03	9.110e-02	-2.582e-02
178863.50	1.574e-03	-4.435e-02	5.722e-02
178864.50	2.054e-05	-2.150e-02	6.384e-02
178865.50	5.875e-03	-9.696e-02	1.939e-01
178866.50	6.797e-04	-8.285e-03	-1.181e-01
178867.50	-2.688e-03	1.056e-01	-3.072e-02
178868.50	-7.248e-04	-1.622e-02	1.133e-03
178869.50	7.891e-04	-1.920e-02	-1.238e-02
178870.50	-1.267e-04	-9.216e-03	1.776e-03
178871.50	3.091e-03	-1.421e-02	4.310e-02
178872.50	-2.410e-03	7.478e-02	6.854e-03
178873.50	-1.219e-03	4.330e-02	-5.885e-03
178874.50	-2.208e-03	7.498e-02	-4.406e-02
178875.50	7.661e-04	7.306e-02	1.306e-02
178876.50	-8.707e-04	1.440e-02	1.478e-02
178877.50	-1.958e-03	7.651e-02	9.888e-03
178878.50	8.093e-04	-1.008e-01	-3.302e-02
178879.50	-7.824e-04	-3.590e-02	-4.358e-02
178880.50	-6.922e-04	-5.443e-02	6.595e-03
178881.50	-9.389e-04	-5.242e-02	-1.171e-01
178882.50	2.794e-03	-4.080e-02	-1.910e-02
178883.50	-1.373e-04	1.430e-02	-2.736e-02
178884.50	1.114e-04	1.459e-02	5.088e-02
178885.50	2.112e-04	1.613e-02	3.744e-02
178886.50	-1.181e-04	3.533e-02	4.742e-02
178887.50	7.123e-04	-4.099e-02	3.514e-02
178888.50	5.789e-04	-3.082e-02	-3.984e-03
178889.50	8.784e-04	1.718e-02	2.045e-02
178890.50	-9.571e-04	4.464e-02	-3.139e-02
178891.50	1.018e-03	-1.690e-02	-3.245e-02
178892.50	-7.786e-04	4.474e-02	7.786e-02
178893.50	6.422e-05	1.066e-02	4.531e-02
178894.50	-5.126e-03	-6.538e-03	2.486e-02
178895.50	-2.957e-03	6.845e-03	-3.139e-02
178896.50	3.619e-03	-5.194e-02	-2.534e-02
178897.50	1.277e-03	-6.326e-02	-3.437e-02
178898.50	-3.878e-03	4.186e-02	-1.498e-01
178899.50	2.477e-03	6.922e-02	-1.094e-02
178900.50	3.043e-03	-4.387e-02	2.832e-02
178901.50	-2.410e-03	2.006e-02	-6.970e-02
178902.50	-2.458e-03	3.149e-02	4.992e-03
178903.50	-3.734e-03	6.202e-02	-4.694e-02
178904.50	2.525e-03	-6.662e-02	-2.035e-02
178905.50	-2.438e-03	-2.026e-02	1.824e-02
178906.50	-1.594e-03	-1.056e-02	5.117e-02
178907.50	-3.965e-03	-1.690e-02	-1.421e-02
178908.50	-3.293e-02	-1.507e-02	-8.774e-02
178909.50	-1.382e-03	8.448e-02	2.458e-02
178910.50	6.019e-04	3.293e-02	3.754e-03
178911.50	1.978e-03	-9.888e-03	-7.862e-02
178912.50	-3.696e-03	1.008e-02	1.920e-02
178913.50	-2.256e-03	3.658e-02	-1.738e-02
178914.50	9.379e-04	1.968e-02	-1.229e-02
178915.50	1.546e-03	-2.400e-02	3.120e-02
178916.50	9.696e-04	-1.200e-02	2.707e-03
178917.50	1.786e-04	1.546e-02	8.602e-02
178918.50	7.728e-04	-2.918e-02	6.394e-02
178919.50	2.842e-04	-1.037e-02	-6.931e-02
178920.50	-2.669e-04	8.861e-02	-7.526e-02
178921.50	-2.803e-03	4.560e-02	7.488e-03
178922.50	9.053e-04	-1.171e-02	4.234e-03
178923.50	3.946e-03	-4.253e-02	2.832e-02
178924.50	-6.634e-04	-2.323e-02	1.488e-02
178925.50	-4.032e-03	-3.235e-02	-4.205e-03
178926.50	-2.506e-03	3.936e-02	3.043e-02
178927.50	-8.630e-04	4.176e-03	-8.669e-03
178928.50	-2.381e-03	2.986e-02	3.677e-02
178929.50	-6.250e-04	4.003e-02	-1.114e-02
178930.50	2.602e-03	-7.133e-02	1.651e-02
178931.50	1.430e-02	-1.306e-01	-3.082e-02
178932.50	8.170e-03	-4.982e-02	3.888e-02
178933.50	-1.709e-03	3.907e-02	2.419e-03
178934.50	-3.869e-04	-2.621e-02	1.469e-03
178935.50	-2.928e-03	7.421e-02	-4.378e-02
178936.50	-1.181e-03	6.029e-02	1.891e-02
178937.50	1.670e-03	-2.486e-02	5.539e-02
178938.50	-1.027e-04	2.669e-02	-1.747e-02
178939.50	-2.323e-03	8.045e-02	-4.982e-02
178940.50	1.507e-03	-4.666e-02	1.363e-02
178941.50	7.747e-04	-2.726e-02	-2.285e-02
178942.50	-9.984e-03	5.395e-02	-5.030e-02
178943.50	-2.122e-03	8.189e-02	2.534e-03
178944.50	3.168e-04	5.472e-03	2.563e-02
178945.50	2.083e-03	-5.021e-02	-4.464e-02
178946.50	1.018e-02	-6.307e-02	3.187e-02
178947.50	1.488e-03	-1.709e-02	-1.344e-02
178948.50	-7.603e-04	6.019e-02	2.093e-02
178949.50	4.435e-04	-2.122e-02	-2.333e-02
178950.50	1.037e-03	-1.661e-02	-3.274e-02
178951.50	-2.266e-04	-4.349e-03	-3.389e-02
178952.50	1.037e-03	2.342e-02	2.890e-03
178953.50	1.171e-03	-3.110e-02	2.486e-02
178954.50	1.267e-02	4.762e-02	4.099e-02
178955.50	1.766e-02	2.746e-02	8.515e-02
178956.50	1.488e-03	-3.226e-02	5.443e-02
178957.50	2.381e-04	-5.021e-02	2.285e-02
178958.50	-5.798e-03	5.981e-03	1.085e-02
