178360.50	0.000e+00	0.000e+00	0.000e+00
178361.50	0.000e+00	0.000e+00	0.000e+00
178362.50	0.000e+00	0.000e+00	0.000e+00
178363.50	0.000e+00	0.000e+00	0.000e+00
178364.50	0.000e+00	0.000e+00	0.000e+00
178365.50	0.000e+00	0.000e+00	0.000e+00
178366.50	0.000e+00	0.000e+00	0.000e+00
178367.50	0.000e+00	0.000e+00	0.000e+00
178368.50	0.000e+00	0.000e+00	0.000e+00
178369.50	0.000e+00	0.000e+00	0.000e+00
178370.50	0.000e+00	0.000e+00	0.000e+00
178371.50	0.000e+00	0.000e+00	0.000e+00
178372.50	0.000e+00	0.000e+00	0.000e+00
178373.50	0.000e+00	0.000e+00	0.000e+00
178374.50	0.000e+00	0.000e+00	0.000e+00
178375.50	0.000e+00	0.000e+00	0.000e+00
178376.50	0.000e+00	0.000e+00	0.000e+00
178377.50	0.000e+00	0.000e+00	0.000e+00
178378.50	0.000e+00	0.000e+00	0.000e+00
178379.50	0.000e+00	0.000e+00	0.000e+00
178380.50	0.000e+00	0.000e+00	0.000e+00
178381.50	0.000e+00	0.000e+00	0.000e+00
178382.50	0.000e+00	0.000e+00	0.000e+00
178383.50	0.000e+00	0.000e+00	0.000e+00
178384.50	0.000e+00	0.000e+00	0.000e+00
178385.50	0.000e+00	0.000e+00	0.000e+00
178386.50	0.000e+00	0.000e+00	0.000e+00
178387.50	0.000e+00	0.000e+00	0.000e+00
178388.50	0.000e+00	0.000e+00	0.000e+00
178389.50	0.000e+00	0.000e+00	0.000e+00
178390.50	0.000e+00	0.000e+00	0.000e+00
178391.50	0.000e+00	0.000e+00	0.000e+00
178392.50	0.000e+00	0.000e+00	0.000e+00
178393.50	0.000e+00	0.000e+00	0.000e+00
178394.50	0.000e+00	0.000e+00	0.000e+00
178395.50	0.000e+00	0.000e+00	0.000e+00
178396.50	0.000e+00	0.000e+00	0.000e+00
178397.50	0.000e+00	0.000e+00	0.000e+00
178398.50	0.000e+00	0.000e+00	0.000e+00
178399.50	0.000e+00	0.000e+00	0.000e+00
178400.50	0.000e+00	0.000e+00	0.000e+00
178401.50	0.000e+00	0.000e+00	0.000e+00
178402.50	0.000e+00	0.000e+00	0.000e+00
178403.50	0.000e+00	0.000e+00	0.000e+00
178404.50	0.000e+00	0.000e+00	0.000e+00
178405.50	0.000e+00	0.000e+00	0.000e+00
178406.50	0.000e+00	0.000e+00	0.000e+00
178407.50	0.000e+00	0.000e+00	0.000e+00
178408.50	0.000e+00	0.000e+00	0.000e+00
178409.50	0.000e+00	0.000e+00	0.000e+00
178410.50	0.000e+00	0.000e+00	0.000e+00
178411.50	0.000e+00	0.000e+00	0.000e+00
178412.50	0.000e+00	0.000e+00	0.000e+00
178413.50	0.000e+00	0.000e+00	0.000e+00
178414.50	0.000e+00	0.000e+00	0.000e+00
178415.50	0.000e+00	0.000e+00	0.000e+00
178416.50	0.000e+00	0.000e+00	0.000e+00
178417.50	0.000e+00	0.000e+00	0.000e+00
178418.50	0.000e+00	0.000e+00	0.000e+00
178419.50	0.000e+00	0.000e+00	0.000e+00
178420.50	0.000e+00	0.000e+00	0.000e+00
178421.50	0.000e+00	0.000e+00	0.000e+00
178422.50	0.000e+00	0.000e+00	0.000e+00
178423.50	0.000e+00	0.000e+00	0.000e+00
178424.50	0.000e+00	0.000e+00	0.000e+00
178425.50	0.000e+00	0.000e+00	0.000e+00
178426.50	0.000e+00	0.000e+00	0.000e+00
178427.50	0.000e+00	0.000e+00	0.000e+00
178428.50	0.000e+00	0.000e+00	0.000e+00
178429.50	0.000e+00	0.000e+00	0.000e+00
178430.50	0.000e+00	0.000e+00	0.000e+00
178431.50	0.000e+00	0.000e+00	0.000e+00
178432.50	0.000e+00	0.000e+00	0.000e+00
178433.50	0.000e+00	0.000e+00	0.000e+00
178434.50	0.000e+00	0.000e+00	0.000e+00
178435.50	0.000e+00	0.000e+00	0.000e+00
178436.50	0.000e+00	0.000e+00	0.000e+00
178437.50	0.000e+00	0.000e+00	0.000e+00
178438.50	0.000e+00	0.000e+00	0.000e+00
178439.50	0.000e+00	0.000e+00	0.000e+00
178440.50	0.000e+00	0.000e+00	0.000e+00
178441.50	0.000e+00	0.000e+00	0.000e+00
178442.50	0.000e+00	0.000e+00	0.000e+00
178443.50	0.000e+00	0.000e+00	0.000e+00
178444.50	0.000e+00	0.000e+00	0.000e+00
178445.50	0.000e+00	0.000e+00	0.000e+00
178446.50	0.000e+00	0.000e+00	0.000e+00
178447.50	0.000e+00	0.000e+00	0.000e+00
178448.50	0.000e+00	0.000e+00	0.000e+00
178449.50	0.000e+00	0.000e+00	0.000e+00
178450.50	0.000e+00	0.000e+00	0.000e+00
178451.50	0.000e+00	0.000e+00	0.000e+00
178452.50	0.000e+00	0.000e+00	0.000e+00
178453.50	0.000e+00	0.000e+00	0.000e+00
178454.50	0.000e+00	0.000e+00	0.000e+00
178455.50	0.000e+00	0.000e+00	0.000e+00
178456.50	0.000e+00	0.000e+00	0.000e+00
178457.50	0.000e+00	0.000e+00	0.000e+00
178458.50	0.000e+00	0.000e+00	0.000e+00
178459.50	0.000e+00	0.000e+00	0.000e+00
178460.50	0.000e+00	0.000e+00	0.000e+00
178461.50	0.000e+00	0.000e+00	0.000e+00
178462.50	0.000e+00	0.000e+00	0.000e+00
178463.50	0.000e+00	0.000e+00	0.000e+00
178464.50	0.000e+00	0.000e+00	0.000e+00
178465.50	0.000e+00	0.000e+00	0.000e+00
178466.50	0.000e+00	0.000e+00	0.000e+00
178467.50	0.000e+00	0.000e+00	0.000e+00
178468.50	0.000e+00	0.000e+00	0.000e+00
178469.50	0.000e+00	0.000e+00	0.000e+00
178470.50	0.000e+00	0.000e+00	0.000e+00
178471.50	0.000e+00	0.000e+00	0.000e+00
178472.50	0.000e+00	0.000e+00	0.000e+00
178473.50	0.000e+00	0.000e+00	0.000e+00
178474.50	0.000e+00	0.000e+00	0.000e+00
178475.50	0.000e+00	0.000e+00	0.000e+00
178476.50	0.000e+00	0.000e+00	0.000e+00
178477.50	0.000e+00	0.000e+00	0.000e+00
178478.50	0.000e+00	0.000e+00	0.000e+00
178479.50	0.000e+00	0.000e+00	0.000e+00
178480.50	0.000e+00	0.000e+00	0.000e+00
178481.50	0.000e+00	0.000e+00	0.000e+00
178482.50	0.000e+00	0.000e+00	0.000e+00
178483.50	0.000e+00	0.000e+00	0.000e+00
178484.50	0.000e+00	0.000e+00	0.000e+00
178485.50	0.000e+00	0.000e+00	0.000e+00
178486.50	0.000e+00	0.000e+00	0.000e+00
178487.50	0.000e+00	0.000e+00	0.000e+00
178488.50	0.000e+00	0.000e+00	0.000e+00
178489.50	0.000e+00	0.000e+00	0.000e+00
178490.50	0.000e+00	0.000e+00	0.000e+00
178491.50	0.000e+00	0.000e+00	0.000e+00
178492.50	0.000e+00	0.000e+00	0.000e+00
178493.50	0.000e+00	0.000e+00	0.000e+00
178494.50	0.000e+00	0.000e+00	0.000e+00
178495.50	0.000e+00	0.000e+00	0.000e+00
178496.50	0.000e+00	0.000e+00	0.000e+00
178497.50	0.000e+00	0.000e+00	0.000e+00
178498.50	0.000e+00	0.000e+00	0.000e+00
178499.50	0.000e+00	0.000e+00	0.000e+00
178500.50	0.000e+00	0.000e+00	0.000e+00
178501.50	0.000e+00	0.000e+00	0.000e+00
178502.50	0.000e+00	0.000e+00	0.000e+00
178503.50	0.000e+00	0.000e+00	0.000e+00
178504.50	0.000e+00	0.000e+00	0.000e+00
178505.50	0.000e+00	0.000e+00	0.000e+00
178506.50	0.000e+00	0.000e+00	0.000e+00
178507.50	0.000e+00	0.000e+00	0.000e+00
178508.50	0.000e+00	0.000e+00	0.000e+00
178509.50	0.000e+00	0.000e+00	0.000e+00
178510.50	0.000e+00	0.000e+00	0.000e+00
178511.50	0.000e+00	0.000e+00	0.000e+00
178512.50	0.000e+00	0.000e+00	0.000e+00
178513.50	0.000e+00	0.000e+00	0.000e+00
178514.50	0.000e+00	0.000e+00	0.000e+00
178515.50	0.000e+00	0.000e+00	0.000e+00
178516.50	0.000e+00	0.000e+00	0.000e+00
178517.50	0.000e+00	0.000e+00	0.000e+00
178518.50	0.000e+00	0.000e+00	0.000e+00
178519.50	0.000e+00	0.000e+00	0.000e+00
178520.50	0.000e+00	0.000e+00	0.000e+00
178521.50	0.000e+00	0.000e+00	0.000e+00
178522.50	0.000e+00	0.000e+00	0.000e+00
178523.50	0.000e+00	0.000e+00	0.000e+00
178524.50	0.000e+00	0.000e+00	0.000e+00
178525.50	0.000e+00	0.000e+00	0.000e+00
178526.50	0.000e+00	0.000e+00	0.000e+00
178527.50	0.000e+00	0.000e+00	0.000e+00
178528.50	0.000e+00	0.000e+00	0.000e+00
178529.50	0.000e+00	0.000e+00	0.000e+00
178530.50	0.000e+00	0.000e+00	0.000e+00
178531.50	0.000e+00	0.000e+00	0.000e+00
178532.50	0.000e+00	0.000e+00	0.000e+00
178533.50	-6.278e-06	2.707e-04	-1.469e-04
178534.50	-2.074e-05	3.917e-03	-4.762e-03
178535.50	3.792e-04	-1.008e-03	-1.123e-02
178536.50	-3.715e-04	6.202e-03	7.430e-03
178537.50	-9.888e-05	-2.736e-03	7.834e-03
178538.50	1.786e-04	-4.128e-03	-1.814e-03
178539.50	-1.862e-05	6.394e-04	-1.949e-03
178540.50	4.138e-05	9.101e-04	-4.435e-03
178541.50	1.507e-05	-1.459e-03	1.046e-03
178542.50	1.824e-05	-2.218e-03	3.667e-03
178543.50	1.267e-04	-2.621e-03	-2.573e-03
178544.50	5.962e-05	-3.946e-04	-9.206e-04
178545.50	3.091e-06	5.798e-04	-2.899e-04
178546.50	5.088e-05	-6.778e-03	2.880e-02
178547.50	8.227e-05	-2.650e-03	3.302e-03
178548.50	-2.803e-05	3.926e-04	-1.190e-02
178549.50	9.149e-05	-2.410e-03	8.093e-03
178550.50	-5.568e-05	2.410e-03	-3.062e-03
178551.50	-4.291e-04	1.728e-02	-2.486e-03
178552.50	-3.178e-04	-8.534e-03	-4.810e-03
178553.50	1.603e-02	-5.021e-01	-2.678e-01
178554.50	9.696e-02	-3.533e+00	9.014e-02
178555.50	2.026e+00	-7.459e+01	-1.690e+00
178556.50	1.238e+01	-4.454e+02	5.789e+00
178557.50	1.978e+01	-6.854e+02	1.795e+01
178558.50	1.056e+01	-3.398e+02	-9.350e+00
178559.50	6.845e-01	-6.134e+00	-8.285e-01
178560.50	-2.064e+00	8.179e+01	-5.078e+00
178561.50	-2.822e+00	1.037e+02	-4.349e+00
178562.50	-2.707e+00	9.696e+01	-4.282e+00
178563.50	-2.688e+00	9.302e+01	1.085e+00
178564.50	-2.467e+00	8.304e+01	6.374e+00
178565.50	-2.506e+00	8.496e+01	1.747e+00
178566.50	-2.122e+00	7.354e+01	-1.334e+00
178567.50	-1.891e+00	6.422e+01	7.094e-01
178568.50	-1.766e+00	6.182e+01	-6.835e+00
178569.50	-1.565e+00	5.280e+01	1.210e+00
178570.50	-1.546e+00	5.309e+01	-3.254e+00
178571.50	-1.210e+00	4.214e+01	-3.197e+00
178572.50	-1.238e+00	4.138e+01	1.354e-01
178573.50	-1.181e+00	3.946e+01	4.358e-01
178574.50	-1.152e+00	3.850e+01	8.899e-01
178575.50	-8.419e-01	2.880e+01	-1.526e+00
178576.50	-9.293e-01	3.034e+01	3.072e+00
178577.50	-8.198e-01	2.794e+01	-1.344e+00
178578.50	-8.534e-01	2.794e+01	1.834e+00
178579.50	-7.968e-01	2.698e+01	-1.210e+00
178580.50	-5.789e-01	2.016e+01	-2.813e+00
178581.50	-5.731e-01	1.930e+01	-2.822e-01
178582.50	-6.058e-01	1.987e+01	9.206e-01
178583.50	-6.019e-01	1.958e+01	3.206e-01
178584.50	-4.982e-01	1.690e+01	-1.392e+00
178585.50	-5.184e-01	1.728e+01	2.909e-02
178586.50	-4.800e-01	1.526e+01	2.275e+00
178587.50	-4.330e-01	1.469e+01	-1.373e+00
178588.50	-4.070e-01	1.354e+01	3.024e-01
178589.50	-3.763e-01	1.229e+01	4.406e-01
178590.50	-3.734e-01	1.238e+01	6.374e-02
178591.50	-2.822e-01	9.446e+00	-9.792e-01
178592.50	-3.149e-01	9.888e+00	8.026e-01
178593.50	-2.698e-01	9.120e+00	1.546e-01
178594.50	-3.072e-01	1.018e+01	-3.178e-01
178595.50	-2.333e-01	7.766e+00	3.821e-01
178596.50	-1.853e-01	6.154e+00	-8.938e-02
178597.50	-2.246e-01	7.373e+00	4.426e-01
178598.50	-2.410e-01	7.709e+00	7.843e-01
178599.50	-2.371e-01	7.853e+00	-7.354e-01
178600.50	-2.122e-01	6.710e+00	3.158e-01
178601.50	-2.352e-01	7.306e+00	1.114e+00
178602.50	-1.459e-01	4.608e+00	1.104e+00
178603.50	-1.363e-01	4.810e+00	-3.610e-01
178604.50	-1.882e-01	5.990e+00	1.133e-01
178605.50	-1.766e-01	5.952e+00	1.642e-02
178606.50	-1.411e-01	4.330e+00	4.886e-01
178607.50	-1.670e-01	5.376e+00	1.123e-01
178608.50	-1.037e-01	3.686e+00	-1.373e+00
178609.50	-9.600e-02	3.005e+00	5.962e-02
178610.50	-1.200e-01	3.600e+00	8.112e-01
178611.50	-1.469e-01	4.733e+00	5.789e-01
178612.50	-1.133e-01	3.686e+00	-1.718e-01
178613.50	-1.152e-01	3.744e+00	2.957e-01
178614.50	-1.190e-01	3.840e+00	-3.187e-01
178615.50	-1.190e-01	3.792e+00	-1.690e-01
178616.50	-5.789e-02	1.613e+00	1.152e+00
178617.50	-8.554e-02	3.014e+00	-5.818e-02
178618.50	-5.338e-02	2.035e+00	5.117e-01
178619.50	-9.466e-02	2.870e+00	2.774e-01
178620.50	-7.210e-02	2.419e+00	2.016e-01
178621.50	-8.122e-02	3.101e+00	-2.294e-01
178622.50	-4.771e-02	1.651e+00	-3.130e-01
178623.50	-4.272e-02	1.565e+00	-4.099e-01
178624.50	-5.021e-02	1.450e+00	-5.309e-02
178625.50	-6.682e-02	2.006e+00	9.110e-03
178626.50	-6.259e-02	1.834e+00	2.803e-01
178627.50	-6.778e-02	2.266e+00	-5.011e-01
178628.50	-5.251e-02	1.728e+00	4.963e-01
178629.50	-4.992e-02	1.603e+00	5.069e-01
178630.50	-2.794e-02	1.267e+00	1.661e-01
178631.50	-1.306e-01	1.939e+00	4.147e-02
178632.50	-1.824e-02	1.238e+00	1.142e-01
178633.50	-1.526e-02	8.093e-01	-5.040e-01
178634.50	-4.464e-02	1.536e+00	-1.651e-01
178635.50	-5.520e-02	1.363e+00	5.098e-01
178636.50	-3.734e-02	9.984e-01	2.717e-01
178637.50	-4.685e-02	1.642e+00	-4.061e-01
178638.50	-3.850e-02	1.238e+00	-2.122e-01
178639.50	-1.478e-02	4.848e-01	-2.678e-01
178640.50	-1.488e-02	2.707e-01	4.762e-01
178641.50	-3.706e-02	1.248e+00	-1.555e-01
178642.50	-2.986e-02	1.142e+00	-6.125e-01
178643.50	-2.765e-02	7.670e-01	2.947e-01
178644.50	-3.523e-02	8.189e-01	8.314e-01
178645.50	-2.150e-02	9.091e-01	-5.069e-01
178646.50	-2.726e-03	9.341e-02	8.842e-02
178647.50	-2.659e-02	8.938e-01	1.901e-02
178648.50	-3.062e-02	1.027e+00	-3.907e-01
178649.50	-3.322e-02	9.984e-01	-2.112e-01
178650.50	-1.642e-02	7.421e-01	-3.763e-01
178651.50	-1.690e-02	6.077e-01	-2.813e-01
178652.50	-3.830e-03	2.717e-01	-1.123e-01
178653.50	-2.736e-02	7.910e-01	4.790e-01
178654.50	-1.901e-02	6.749e-01	-2.726e-01
178655.50	-9.504e-03	1.910e-01	3.178e-02
178656.50	-2.458e-02	9.456e-01	-4.963e-01
178657.50	-1.776e-02	5.126e-01	-8.438e-02
178658.50	-2.794e-02	7.882e-01	1.920e-01
178659.50	-1.670e-02	4.848e-01	-9.888e-03
178660.50	2.736e-03	1.450e-01	-2.976e-01
178661.50	-2.150e-02	4.781e-01	3.686e-01
178662.50	-1.920e-02	4.886e-01	-7.661e-02
178663.50	-1.613e-02	4.099e-01	5.328e-02
178664.50	-3.053e-03	1.507e-01	-5.088e-03
178665.50	-1.814e-02	5.798e-01	1.507e-01
178666.50	-7.248e-03	1.430e-01	2.928e-01
178667.50	-1.891e-02	4.454e-01	-3.782e-02
178668.50	-3.533e-02	5.126e-01	2.851e-02
178669.50	-8.371e-03	6.518e-01	-1.334e-01
178670.50	-1.219e-02	2.410e-01	2.957e-01
178671.50	1.613e-02	-1.171e-01	-4.109e-01
178672.50	-3.322e-03	3.648e-01	9.696e-02
178673.50	-2.410e-02	6.163e-01	2.582e-01
178674.50	-2.602e-03	2.381e-01	-2.467e-01
178675.50	-8.208e-03	1.229e-01	4.243e-01
178676.50	6.211e-04	-5.165e-02	-9.696e-02
178677.50	-1.526e-02	4.397e-01	6.758e-02
178678.50	-1.248e-02	3.792e-01	-1.200e-01
178679.50	-1.709e-02	5.107e-01	2.688e-01
178680.50	-1.104e-02	3.062e-01	-1.219e-01
178681.50	1.363e-02	-2.822e-01	-2.966e-01
178682.50	-1.920e-02	4.694e-01	-1.565e-02
178683.50	-2.131e-03	6.576e-02	1.546e-01
178684.50	-5.386e-03	1.133e-01	1.411e-01
178685.50	-1.421e-02	5.290e-01	-1.699e-01
178686.50	2.621e-03	-4.810e-02	-2.688e-01
178687.50	5.078e-03	-1.757e-01	1.363e-01
178688.50	-5.626e-03	1.786e-01	2.150e-01
178689.50	-1.517e-02	4.013e-01	-5.635e-02
178690.50	-7.594e-03	1.440e-01	1.286e-01
178691.50	-1.162e-03	4.675e-02	-2.035e-01
178692.50	-5.856e-03	1.181e-01	1.507e-01
178693.50	-4.771e-03	1.296e-01	8.938e-02
178694.50	-1.133e-02	2.726e-01	-2.918e-02
178695.50	-3.072e-03	1.248e-01	-6.547e-02
178696.50	-1.258e-03	6.048e-02	1.190e-01
178697.50	-8.525e-03	3.062e-01	1.315e-01
178698.50	-3.331e-03	1.795e-01	-9.427e-02
178699.50	-5.808e-03	1.651e-01	-9.293e-02
178700.50	-6.787e-03	1.642e-01	-1.651e-01
178701.50	-4.685e-03	1.392e-01	1.574e-01
178702.50	-7.862e-03	1.142e-01	1.824e-01
178703.50	-4.570e-03	6.624e-02	1.536e-01
178704.50	-1.718e-03	3.590e-02	1.930e-01
178705.50	-2.525e-03	9.696e-02	1.795e-01
178706.50	-1.728e-02	4.099e-01	2.074e-01
178707.50	-6.096e-03	1.968e-01	-3.302e-01
178708.50	-1.018e-02	3.523e-01	4.272e-02
178709.50	-8.006e-03	3.331e-01	-1.094e-01
178710.50	2.419e-03	-5.635e-02	-9.226e-02
178711.50	7.661e-03	-1.978e-01	-2.554e-02
178712.50	-2.842e-03	1.958e-01	-3.955e-02
178713.50	-2.438e-03	1.498e-01	1.027e-01
178714.50	-7.296e-03	1.853e-01	1.334e-01
178715.50	7.075e-03	-2.544e-01	-1.882e-02
178716.50	-4.118e-03	9.254e-02	-1.594e-01
178717.50	-1.258e-02	2.573e-01	2.179e-01
178718.50	-1.027e-03	-3.389e-02	-5.789e-02
178719.50	6.566e-03	-1.565e-01	-3.850e-01
178720.50	1.392e-03	-3.792e-02	-3.264e-02
178721.50	-1.210e-03	1.046e-01	-4.406e-05
178722.50	2.755e-05	-5.904e-02	1.286e-01
178723.50	-1.142e-02	3.005e-01	-1.027e-01
178724.50	-7.286e-03	2.122e-01	1.546e-01
178725.50	-1.181e-02	2.496e-01	-9.792e-03
178726.50	-1.325e-03	-5.107e-02	1.978e-01
178727.50	3.475e-03	-1.334e-01	8.227e-02
178728.50	3.706e-03	-4.291e-02	-1.930e-01
178729.50	2.237e-03	-5.482e-02	-2.304e-01
178730.50	5.309e-04	1.286e-01	-1.363e-01
178731.50	-3.898e-03	2.496e-01	-2.074e-01
178732.50	-1.910e-03	1.853e-02	7.334e-02
178733.50	-4.675e-03	2.074e-02	2.064e-01
178734.50	-2.275e-03	1.997e-02	1.526e-01
178735.50	-1.152e-03	3.350e-02	5.251e-02
178736.50	-1.843e-03	1.469e-01	8.074e-02
178737.50	-2.899e-03	1.277e-02	1.939e-01
178738.50	-7.930e-03	1.670e-01	2.371e-01
178739.50	-2.515e-03	9.561e-02	-1.018e-01
178740.50	2.842e-03	-3.782e-02	-2.400e-03
178741.50	8.496e-04	3.043e-02	1.104e-02
178742.50	-9.600e-03	2.621e-01	-4.819e-02
178743.50	-9.254e-03	3.187e-01	-4.848e-02
178744.50	2.640e-03	-2.227e-02	-2.467e-01
178745.50	-9.178e-03	1.747e-01	1.286e-01
178746.50	5.050e-03	-2.410e-01	2.429e-01
178747.50	-7.805e-03	1.795e-01	6.182e-02
178748.50	-3.130e-03	1.334e-01	-8.083e-02
178749.50	-2.678e-03	1.238e-01	7.978e-02
178750.50	-4.272e-03	1.450e-01	-2.064e-02
178751.50	3.168e-04	-2.467e-02	-9.792e-02
178752.50	-4.368e-03	1.402e-01	-5.760e-02
178753.50	-1.392e-03	5.683e-02	-1.114e-02
178754.50	1.478e-03	-4.733e-02	1.046e-02
178755.50	4.810e-04	-5.885e-03	5.213e-02
178756.50	9.600e-03	-3.120e-01	7.344e-02
178757.50	-5.549e-03	6.163e-02	8.534e-02
178758.50	-2.304e-03	7.757e-02	-1.411e-02
178759.50	-5.126e-04	3.043e-02	4.560e-02
178760.50	-3.811e-03	8.707e-02	-1.306e-01
178761.50	-6.461e-04	-5.779e-02	-1.805e-02
178762.50	2.525e-03	-7.709e-02	6.461e-02
178763.50	-3.667e-03	1.219e-01	-1.344e-01
178764.50	1.094e-03	1.651e-02	-4.128e-02
178765.50	2.054e-04	6.240e-02	1.046e-01
178766.50	2.112e-03	-1.459e-01	-1.584e-01
178767.50	-1.008e-03	-1.584e-02	-1.622e-02
178768.50	-3.427e-03	8.246e-02	-6.893e-02
178769.50	-3.610e-03	6.115e-02	1.594e-01
178770.50	-1.056e-03	3.264e-02	8.429e-02
178771.50	-8.832e-04	3.014e-02	-6.835e-02
178772.50	-1.162e-03	6.586e-02	9.216e-02
178773.50	4.003e-04	-1.670e-02	-4.435e-02
178774.50	5.136e-03	-1.200e-01	-9.158e-02
178775.50	-1.056e-03	7.152e-02	-1.507e-01
178776.50	-1.258e-03	7.354e-02	2.246e-02
178777.50	-1.430e-03	-6.912e-03	1.181e-01
178778.50	-6.989e-04	7.344e-02	-7.267e-02
178779.50	-1.267e-03	1.296e-02	1.978e-01
178780.50	2.573e-04	1.363e-02	-1.613e-02
178781.50	2.141e-03	-7.795e-02	-4.138e-02
178782.50	-1.440e-03	3.514e-02	9.888e-02
178783.50	-9.312e-03	2.630e-01	5.789e-02
178784.50	-1.162e-03	2.851e-02	-9.696e-02
178785.50	2.275e-03	-6.595e-02	2.582e-02
178786.50	9.120e-05	-2.006e-02	-1.526e-02
178787.50	-1.872e-03	2.170e-02	1.517e-01
178788.50	-2.755e-03	8.419e-02	-1.210e-01
178789.50	4.138e-03	-8.688e-02	-2.477e-01
178790.50	-1.613e-03	7.066e-02	-7.498e-02
178791.50	-4.464e-03	5.002e-02	9.226e-02
178792.50	-4.301e-03	8.515e-02	-2.141e-02
178793.50	-3.782e-03	1.219e-01	8.122e-02
178794.50	2.419e-03	2.995e-02	7.584e-02
178795.50	-1.584e-03	8.659e-03	5.050e-02
178796.50	7.776e-03	-2.150e-01	2.832e-02
178797.50	3.005e-03	-2.275e-02	7.891e-03
178798.50	3.398e-03	-1.795e-01	2.323e-01
178799.50	-2.621e-03	1.181e-01	-4.416e-02
178800.50	-4.416e-04	4.099e-02	-1.834e-01
178801.50	-4.032e-03	1.258e-01	-7.594e-02
178802.50	3.043e-03	2.390e-02	-8.707e-02
178803.50	-4.906e-03	5.702e-02	-2.803e-02
178804.50	-5.174e-03	1.123e-01	3.485e-02
178805.50	-1.018e-03	9.696e-02	4.838e-02
178806.50	-4.714e-03	1.229e-01	-1.670e-01
178807.50	1.344e-03	-5.318e-02	1.440e-01
178808.50	-1.373e-03	3.312e-02	8.160e-02
178809.50	-1.421e-03	1.162e-02	-6.326e-02
178810.50	-4.214e-03	3.610e-02	8.544e-02
178811.50	-1.488e-03	6.509e-02	-1.037e-01
178812.50	4.762e-03	-7.776e-02	-1.181e-01
178813.50	4.003e-03	1.901e-03	-5.174e-02
178814.50	4.022e-03	-2.909e-03	-6.442e-02
178815.50	2.611e-03	-1.315e-01	6.038e-02
178816.50	1.056e-03	-5.040e-02	4.445e-03
178817.50	-4.838e-03	8.333e-02	1.411e-01
178818.50	-2.534e-03	3.955e-02	1.373e-01
178819.50	-7.181e-04	7.853e-02	4.454e-02
178820.50	2.803e-03	-2.342e-02	-2.822e-02
178821.50	-2.448e-04	-4.733e-02	5.491e-02
178822.50	-4.224e-04	-1.872e-02	-9.888e-02
178823.50	-5.030e-03	1.795e-01	-5.270e-02
178824.50	-1.987e-03	-2.726e-02	6.154e-02
178825.50	4.262e-03	-1.258e-01	-3.274e-02
178826.50	-2.573e-03	-1.104e-01	1.517e-01
178827.50	-5.155e-03	1.440e-01	-7.968e-02
178828.50	-1.968e-03	5.242e-02	-2.688e-02
178829.50	1.008e-03	8.813e-04	-3.811e-02
178830.50	-1.862e-03	-8.054e-02	9.139e-02
178831.50	1.843e-03	-1.133e-01	3.446e-03
178832.50	2.352e-03	4.435e-02	-1.104e-01
178833.50	3.514e-04	-1.968e-02	4.733e-02
178834.50	2.083e-03	2.986e-02	-1.402e-01
178835.50	3.014e-04	7.853e-03	-1.738e-02
178836.50	-1.853e-03	2.256e-02	8.438e-02
178837.50	2.899e-03	-2.419e-02	-1.939e-02
178838.50	2.016e-03	-3.994e-04	2.304e-02
178839.50	-1.200e-03	2.861e-02	-8.141e-02
178840.50	-3.226e-03	7.843e-02	2.438e-02
178841.50	2.410e-03	-9.888e-02	-4.925e-02
178842.50	-2.659e-03	-1.248e-02	1.670e-01
178843.50	-6.394e-03	1.834e-01	1.123e-01
178844.50	-9.600e-04	2.621e-02	-5.184e-03
178845.50	-4.531e-04	-3.600e-02	5.472e-02
178846.50	2.333e-03	-8.256e-02	8.285e-02
178847.50	-4.166e-04	6.154e-02	5.770e-03
178848.50	1.114e-03	-3.350e-02	-1.632e-01
178849.50	-2.506e-03	5.318e-02	-1.200e-02
178850.50	-7.747e-04	6.269e-02	1.910e-02
178851.50	9.696e-04	-5.098e-02	-1.354e-02
178852.50	5.088e-04	-4.771e-02	2.035e-02
178853.50	-1.930e-03	9.600e-02	-1.565e-01
178854.50	5.741e-04	-1.517e-02	6.576e-02
178855.50	1.776e-03	-6.979e-02	1.834e-02
178856.50	1.402e-03	-7.210e-02	7.517e-03
178857.50	1.690e-03	2.333e-02	-7.459e-02
178858.50	3.158e-03	9.418e-03	-1.296e-01
178859.50	-4.426e-03	1.478e-01	5.693e-02
178860.50	-1.709e-03	4.061e-02	4.502e-02
178861.50	-9.696e-04	-1.200e-02	-6.566e-02
178862.50	2.842e-03	-7.229e-02	-8.150e-02
178863.50	-2.170e-03	2.669e-02	3.178e-02
178864.50	-6.979e-04	-1.661e-02	2.774e-02
178865.50	5.856e-03	-1.248e-01	4.589e-02
178866.50	-7.421e-04	7.603e-03	1.123e-02
178867.50	-3.744e-03	8.870e-02	-1.066e-01
178868.50	-2.429e-03	6.221e-02	2.285e-02
178869.50	2.323e-03	-8.544e-02	-1.277e-02
178870.50	2.717e-03	-8.506e-02	1.699e-02
178871.50	-3.485e-03	5.424e-02	-1.219e-02
178872.50	3.494e-04	-5.155e-02	1.690e-02
178873.50	-3.053e-04	-2.678e-02	9.792e-02
178874.50	-2.112e-03	4.982e-02	-5.184e-02
178875.50	-5.424e-04	-1.248e-02	1.286e-02
178876.50	3.139e-04	3.091e-02	-4.502e-02
178877.50	1.795e-03	-4.454e-02	7.488e-02
178878.50	-1.891e-03	-5.875e-03	-5.952e-02
178879.50	1.469e-03	2.822e-02	9.302e-03
178880.50	2.918e-03	-2.362e-02	1.987e-02
178881.50	1.190e-03	-4.234e-02	1.008e-02
178882.50	-2.438e-03	6.384e-02	3.840e-03
178883.50	-1.334e-03	2.323e-02	-6.000e-02
178884.50	-8.899e-04	6.010e-02	8.160e-03
178885.50	-6.288e-04	4.474e-02	1.238e-02
178886.50	-1.325e-03	5.731e-02	2.918e-02
178887.50	-9.245e-04	8.890e-03	9.139e-02
178888.50	2.246e-03	-6.010e-02	-4.589e-03
178889.50	-2.717e-06	-1.517e-02	-3.955e-02
178890.50	3.043e-03	-8.506e-02	2.746e-02
178891.50	-1.229e-03	5.712e-02	-5.107e-02
178892.50	-1.805e-03	2.842e-02	-4.656e-02
178893.50	-2.467e-03	3.494e-02	4.675e-03
178894.50	-8.976e-04	5.837e-02	-5.203e-02
178895.50	8.640e-04	3.197e-02	-8.602e-02
178896.50	2.227e-03	-7.862e-02	3.418e-02
178897.50	-5.155e-04	2.026e-03	-5.059e-02
178898.50	3.216e-03	-5.050e-02	7.286e-03
178899.50	3.533e-03	-7.469e-02	-7.517e-02
178900.50	-1.277e-03	2.832e-03	3.888e-02
178901.50	-1.690e-03	3.043e-03	1.018e-01
178902.50	4.714e-04	-2.112e-02	-3.072e-03
178903.50	3.350e-04	-5.616e-02	-7.632e-02
178904.50	-1.373e-03	2.976e-02	5.395e-02
178905.50	-1.190e-03	3.331e-03	6.067e-02
178906.50	-5.088e-03	5.952e-02	4.186e-02
178907.50	-2.880e-03	6.845e-02	-2.621e-02
178908.50	5.242e-03	-7.978e-02	3.552e-02
178909.50	-2.160e-03	6.144e-02	-2.717e-02
178910.50	-3.725e-03	9.130e-02	1.392e-02
178911.50	-1.229e-03	3.043e-02	6.672e-02
178912.50	-3.034e-03	8.179e-02	-7.325e-03
178913.50	1.603e-03	-5.933e-02	7.930e-03
178914.50	2.592e-03	-8.496e-02	-4.051e-02
178915.50	-2.678e-03	8.198e-02	4.358e-03
178916.50	4.022e-03	-6.595e-02	-1.594e-02
178917.50	2.784e-03	-9.561e-03	-2.045e-02
178918.50	1.670e-03	5.002e-02	-3.514e-02
178919.50	-3.130e-03	5.002e-02	-4.358e-02
178920.50	1.651e-03	-6.058e-02	1.584e-03
178921.50	3.014e-03	-9.888e-02	-1.939e-02
178922.50	2.726e-03	-6.778e-02	4.118e-02
178923.50	4.934e-03	-8.592e-02	1.910e-02
178924.50	2.026e-03	-4.810e-02	-5.366e-02
178925.50	-6.614e-03	1.536e-01	6.096e-02
178926.50	-3.264e-03	9.437e-02	7.181e-02
178927.50	-3.965e-03	4.618e-02	1.190e-01
178928.50	3.235e-03	-4.358e-02	-8.304e-02
178929.50	7.565e-04	-9.130e-03	-4.474e-02
178930.50	-3.552e-03	8.131e-02	2.650e-02
178931.50	6.758e-05	-1.258e-02	-6.931e-03
178932.50	-6.182e-04	9.149e-03	1.104e-03
178933.50	-1.843e-03	5.414e-02	4.522e-02
178934.50	-3.360e-04	-1.066e-02	-1.133e-01
178935.50	1.594e-05	-2.707e-02	2.438e-02
178936.50	-1.267e-03	4.320e-02	-3.293e-02
178937.50	-4.406e-04	1.277e-02	-4.867e-03
178938.50	-6.787e-04	-1.718e-02	5.126e-02
178939.50	1.142e-02	-3.965e-02	6.701e-02
178940.50	-4.502e-02	2.189e-01	-2.160e-01
178941.50	2.534e-02	-1.286e-01	1.488e-01
178942.50	8.323e-03	-2.813e-02	8.141e-02
178943.50	1.104e-03	-1.978e-02	-8.784e-02
178944.50	-1.747e-03	4.608e-02	-1.238e-02
178945.50	-1.315e-04	-1.498e-02	4.848e-02
178946.50	-3.600e-03	5.818e-02	5.405e-02
178947.50	5.280e-04	1.488e-02	-3.936e-02
178948.50	3.562e-03	-8.515e-02	-4.714e-02
178949.50	7.094e-04	-9.696e-02	6.192e-03
178950.50	-2.966e-03	2.246e-02	-5.453e-02
178951.50	3.062e-03	-3.178e-02	1.814e-02
178952.50	-1.219e-03	5.040e-02	-3.494e-02
178953.50	6.883e-05	3.706e-02	-4.896e-02
178954.50	-8.102e-04	2.381e-02	-9.312e-03
178955.50	5.971e-04	-3.274e-02	2.736e-02
178956.50	-4.426e-04	-1.162e-02	1.987e-02
178957.50	-7.718e-04	4.032e-02	-6.682e-02
178958.50	5.011e-04	2.842e-03	-4.829e-02
