178360.50	0.000e+00	0.000e+00	0.000e+00
178361.50	0.000e+00	0.000e+00	0.000e+00
178362.50	0.000e+00	0.000e+00	0.000e+00
178363.50	0.000e+00	0.000e+00	0.000e+00
178364.50	0.000e+00	0.000e+00	0.000e+00
178365.50	0.000e+00	0.000e+00	0.000e+00
178366.50	0.000e+00	0.000e+00	0.000e+00
178367.50	0.000e+00	0.000e+00	0.000e+00
178368.50	0.000e+00	0.000e+00	0.000e+00
178369.50	0.000e+00	0.000e+00	0.000e+00
178370.50	0.000e+00	0.000e+00	0.000e+00
178371.50	0.000e+00	0.000e+00	0.000e+00
178372.50	0.000e+00	0.000e+00	0.000e+00
178373.50	0.000e+00	0.000e+00	0.000e+00
178374.50	0.000e+00	0.000e+00	0.000e+00
178375.50	0.000e+00	0.000e+00	0.000e+00
178376.50	0.000e+00	0.000e+00	0.000e+00
178377.50	0.000e+00	0.000e+00	0.000e+00
178378.50	0.000e+00	0.000e+00	0.000e+00
178379.50	0.000e+00	0.000e+00	0.000e+00
178380.50	0.000e+00	0.000e+00	0.000e+00
178381.50	0.000e+00	0.000e+00	0.000e+00
178382.50	0.000e+00	0.000e+00	0.000e+00
178383.50	0.000e+00	0.000e+00	0.000e+00
178384.50	0.000e+00	0.000e+00	0.000e+00
178385.50	0.000e+00	0.000e+00	0.000e+00
178386.50	0.000e+00	0.000e+00	0.000e+00
178387.50	0.000e+00	0.000e+00	0.000e+00
178388.50	0.000e+00	0.000e+00	0.000e+00
178389.50	0.000e+00	0.000e+00	0.000e+00
178390.50	0.000e+00	0.000e+00	0.000e+00
178391.50	0.000e+00	0.000e+00	0.000e+00
178392.50	0.000e+00	0.000e+00	0.000e+00
178393.50	0.000e+00	0.000e+00	0.000e+00
178394.50	0.000e+00	0.000e+00	0.000e+00
178395.50	0.000e+00	0.000e+00	0.000e+00
178396.50	0.000e+00	0.000e+00	0.000e+00
178397.50	0.000e+00	0.000e+00	0.000e+00
178398.50	0.000e+00	0.000e+00	0.000e+00
178399.50	0.000e+00	0.000e+00	0.000e+00
178400.50	0.000e+00	0.000e+00	0.000e+00
178401.50	0.000e+00	0.000e+00	0.000e+00
178402.50	0.000e+00	0.000e+00	0.000e+00
178403.50	0.000e+00	0.000e+00	0.000e+00
178404.50	0.000e+00	0.000e+00	0.000e+00
178405.50	0.000e+00	0.000e+00	0.000e+00
178406.50	0.000e+00	0.000e+00	0.000e+00
178407.50	0.000e+00	0.000e+00	0.000e+00
178408.50	0.000e+00	0.000e+00	0.000e+00
178409.50	0.000e+00	0.000e+00	0.000e+00
178410.50	0.000e+00	0.000e+00	0.000e+00
178411.50	0.000e+00	0.000e+00	0.000e+00
178412.50	0.000e+00	0.000e+00	0.000e+00
178413.50	0.000e+00	0.000e+00	0.000e+00
178414.50	0.000e+00	0.000e+00	0.000e+00
178415.50	0.000e+00	0.000e+00	0.000e+00
178416.50	0.000e+00	0.000e+00	0.000e+00
178417.50	0.000e+00	0.000e+00	0.000e+00
178418.50	0.000e+00	0.000e+00	0.000e+00
178419.50	0.000e+00	0.000e+00	0.000e+00
178420.50	0.000e+00	0.000e+00	0.000e+00
178421.50	0.000e+00	0.000e+00	0.000e+00
178422.50	0.000e+00	0.000e+00	0.000e+00
178423.50	0.000e+00	0.000e+00	0.000e+00
178424.50	0.000e+00	0.000e+00	0.000e+00
178425.50	0.000e+00	0.000e+00	0.000e+00
178426.50	0.000e+00	0.000e+00	0.000e+00
178427.50	0.000e+00	0.000e+00	0.000e+00
178428.50	0.000e+00	0.000e+00	0.000e+00
178429.50	0.000e+00	0.000e+00	0.000e+00
178430.50	0.000e+00	0.000e+00	0.000e+00
178431.50	0.000e+00	0.000e+00	0.000e+00
178432.50	0.000e+00	0.000e+00	0.000e+00
178433.50	0.000e+00	0.000e+00	0.000e+00
178434.50	0.000e+00	0.000e+00	0.000e+00
178435.50	0.000e+00	0.000e+00	0.000e+00
178436.50	0.000e+00	0.000e+00	0.000e+00
178437.50	0.000e+00	0.000e+00	0.000e+00
178438.50	0.000e+00	0.000e+00	0.000e+00
178439.50	0.000e+00	0.000e+00	0.000e+00
178440.50	0.000e+00	0.000e+00	0.000e+00
178441.50	0.000e+00	0.000e+00	0.000e+00
178442.50	0.000e+00	0.000e+00	0.000e+00
178443.50	0.000e+00	0.000e+00	0.000e+00
178444.50	0.000e+00	0.000e+00	0.000e+00
178445.50	0.000e+00	0.000e+00	0.000e+00
178446.50	0.000e+00	0.000e+00	0.000e+00
178447.50	0.000e+00	0.000e+00	0.000e+00
178448.50	0.000e+00	0.000e+00	0.000e+00
178449.50	0.000e+00	0.000e+00	0.000e+00
178450.50	0.000e+00	0.000e+00	0.000e+00
178451.50	0.000e+00	0.000e+00	0.000e+00
178452.50	0.000e+00	0.000e+00	0.000e+00
178453.50	0.000e+00	0.000e+00	0.000e+00
178454.50	0.000e+00	0.000e+00	0.000e+00
178455.50	0.000e+00	0.000e+00	0.000e+00
178456.50	0.000e+00	0.000e+00	0.000e+00
178457.50	0.000e+00	0.000e+00	0.000e+00
178458.50	0.000e+00	0.000e+00	0.000e+00
178459.50	0.000e+00	0.000e+00	0.000e+00
178460.50	0.000e+00	0.000e+00	0.000e+00
178461.50	0.000e+00	0.000e+00	0.000e+00
178462.50	0.000e+00	0.000e+00	0.000e+00
178463.50	0.000e+00	0.000e+00	0.000e+00
178464.50	0.000e+00	0.000e+00	0.000e+00
178465.50	0.000e+00	0.000e+00	0.000e+00
178466.50	0.000e+00	0.000e+00	0.000e+00
178467.50	0.000e+00	0.000e+00	0.000e+00
178468.50	0.000e+00	0.000e+00	0.000e+00
178469.50	0.000e+00	0.000e+00	0.000e+00
178470.50	0.000e+00	0.000e+00	0.000e+00
178471.50	0.000e+00	0.000e+00	0.000e+00
178472.50	0.000e+00	0.000e+00	0.000e+00
178473.50	0.000e+00	0.000e+00	0.000e+00
178474.50	0.000e+00	0.000e+00	0.000e+00
178475.50	0.000e+00	0.000e+00	0.000e+00
178476.50	0.000e+00	0.000e+00	0.000e+00
178477.50	0.000e+00	0.000e+00	0.000e+00
178478.50	0.000e+00	0.000e+00	0.000e+00
178479.50	0.000e+00	0.000e+00	0.000e+00
178480.50	0.000e+00	0.000e+00	0.000e+00
178481.50	0.000e+00	0.000e+00	0.000e+00
178482.50	0.000e+00	0.000e+00	0.000e+00
178483.50	0.000e+00	0.000e+00	0.000e+00
178484.50	0.000e+00	0.000e+00	0.000e+00
178485.50	0.000e+00	0.000e+00	0.000e+00
178486.50	0.000e+00	0.000e+00	0.000e+00
178487.50	0.000e+00	0.000e+00	0.000e+00
178488.50	0.000e+00	0.000e+00	0.000e+00
178489.50	0.000e+00	0.000e+00	0.000e+00
178490.50	0.000e+00	0.000e+00	0.000e+00
178491.50	0.000e+00	0.000e+00	0.000e+00
178492.50	0.000e+00	0.000e+00	0.000e+00
178493.50	0.000e+00	0.000e+00	0.000e+00
178494.50	0.000e+00	0.000e+00	0.000e+00
178495.50	0.000e+00	0.000e+00	0.000e+00
178496.50	0.000e+00	0.000e+00	0.000e+00
178497.50	0.000e+00	0.000e+00	0.000e+00
178498.50	0.000e+00	0.000e+00	0.000e+00
178499.50	0.000e+00	0.000e+00	0.000e+00
178500.50	0.000e+00	0.000e+00	0.000e+00
178501.50	0.000e+00	0.000e+00	0.000e+00
178502.50	0.000e+00	0.000e+00	0.000e+00
178503.50	0.000e+00	0.000e+00	0.000e+00
178504.50	0.000e+00	0.000e+00	0.000e+00
178505.50	0.000e+00	0.000e+00	0.000e+00
178506.50	0.000e+00	0.000e+00	0.000e+00
178507.50	0.000e+00	0.000e+00	0.000e+00
178508.50	0.000e+00	0.000e+00	0.000e+00
178509.50	0.000e+00	0.000e+00	0.000e+00
178510.50	0.000e+00	0.000e+00	0.000e+00
178511.50	0.000e+00	0.000e+00	0.000e+00
178512.50	0.000e+00	0.000e+00	0.000e+00
178513.50	0.000e+00	0.000e+00	0.000e+00
178514.50	0.000e+00	0.000e+00	0.000e+00
178515.50	0.000e+00	0.000e+00	0.000e+00
178516.50	0.000e+00	0.000e+00	0.000e+00
178517.50	0.000e+00	0.000e+00	0.000e+00
178518.50	0.000e+00	0.000e+00	0.000e+00
178519.50	0.000e+00	0.000e+00	0.000e+00
178520.50	0.000e+00	0.000e+00	0.000e+00
178521.50	0.000e+00	0.000e+00	0.000e+00
178522.50	0.000e+00	0.000e+00	0.000e+00
178523.50	0.000e+00	0.000e+00	0.000e+00
178524.50	0.000e+00	0.000e+00	0.000e+00
178525.50	0.000e+00	0.000e+00	0.000e+00
178526.50	0.000e+00	0.000e+00	0.000e+00
178527.50	0.000e+00	0.000e+00	0.000e+00
178528.50	0.000e+00	0.000e+00	0.000e+00
178529.50	0.000e+00	0.000e+00	0.000e+00
178530.50	0.000e+00	0.000e+00	0.000e+00
178531.50	0.000e+00	0.000e+00	0.000e+00
178532.50	0.000e+00	0.000e+00	0.000e+00
178533.50	0.000e+00	0.000e+00	0.000e+00
178534.50	0.000e+00	0.000e+00	0.000e+00
178535.50	0.000e+00	0.000e+00	0.000e+00
178536.50	0.000e+00	0.000e+00	0.000e+00
178537.50	0.000e+00	0.000e+00	0.000e+00
178538.50	0.000e+00	0.000e+00	0.000e+00
178539.50	0.000e+00	0.000e+00	0.000e+00
178540.50	0.000e+00	0.000e+00	0.000e+00
178541.50	0.000e+00	0.000e+00	0.000e+00
178542.50	0.000e+00	0.000e+00	0.000e+00
178543.50	5.606e-07	2.986e-05	6.115e-06
178544.50	-1.094e-04	-1.334e-03	1.949e-03
178545.50	-6.931e-06	-1.488e-03	-1.834e-03
178546.50	3.504e-05	1.526e-04	1.277e-03
178547.50	-4.032e-05	-6.058e-04	2.314e-04
178548.50	1.354e-05	-2.880e-03	-7.171e-03
178549.50	-4.186e-04	-1.987e-02	-8.208e-03
178550.50	3.485e-04	1.930e-02	1.622e-02
178551.50	-5.309e-04	-9.552e-03	2.947e-02
178552.50	7.114e-04	1.421e-03	-6.211e-02
178553.50	-1.056e-02	-4.627e-01	-2.266e-01
178554.50	-7.805e-02	-2.947e+00	-2.477e-01
178555.50	-1.546e+00	-5.731e+01	-4.157e-02
178556.50	-8.333e+00	-3.005e+02	3.139e+00
178557.50	-1.488e+01	-5.155e+02	1.747e-01
178558.50	-8.314e+00	-2.784e+02	-8.352e+00
178559.50	-5.078e-01	-9.466e+00	-3.235e+00
178560.50	1.613e+00	6.077e+01	3.350e+00
178561.50	1.315e+00	5.011e+01	6.365e+00
178562.50	2.189e+00	7.613e+01	4.310e-01
178563.50	2.083e+00	7.190e+01	1.517e+00
178564.50	1.699e+00	5.914e+01	6.634e-01
178565.50	1.834e+00	6.202e+01	-1.920e+00
178566.50	1.690e+00	5.482e+01	-9.245e+00
178567.50	1.421e+00	4.944e+01	2.813e+00
178568.50	1.382e+00	4.675e+01	-1.450e+00
178569.50	1.123e+00	3.984e+01	5.059e+00
178570.50	1.200e+00	4.128e+01	2.362e+00
178571.50	9.888e-01	3.389e+01	-6.691e-01
178572.50	9.456e-01	3.187e+01	-1.613e+00
178573.50	8.669e-01	2.899e+01	-1.776e+00
178574.50	8.074e-01	2.726e+01	-2.909e-01
178575.50	7.891e-01	2.688e+01	9.062e-01
178576.50	6.701e-01	2.333e+01	1.699e-01
178577.50	6.422e-01	2.227e+01	1.546e-01
178578.50	7.344e-01	2.352e+01	-4.512e+00
178579.50	5.578e-01	1.968e+01	1.526e+00
178580.50	5.568e-01	1.901e+01	4.848e-01
178581.50	5.098e-01	1.690e+01	-1.334e+00
178582.50	3.667e-01	1.296e+01	6.298e-01
178583.50	4.502e-01	1.517e+01	-3.744e-01
178584.50	4.358e-01	1.450e+01	-6.010e-01
178585.50	2.707e-01	1.018e+01	2.064e+00
178586.50	3.629e-01	1.219e+01	-9.888e-01
178587.50	3.120e-01	1.104e+01	1.104e+00
178588.50	2.957e-01	1.018e+01	-5.318e-01
178589.50	2.621e-01	9.043e+00	3.734e-01
178590.50	2.813e-01	9.571e+00	1.181e-01
178591.50	2.563e-01	9.264e+00	1.690e+00
178592.50	2.266e-01	7.517e+00	-3.571e-01
178593.50	2.122e-01	7.277e+00	2.256e-01
178594.50	2.016e-01	7.133e+00	7.853e-01
178595.50	2.390e-01	8.179e+00	-2.678e-01
178596.50	1.958e-01	6.778e+00	3.965e-01
178597.50	1.440e-01	4.810e+00	-6.701e-01
178598.50	1.920e-01	6.979e+00	1.440e+00
178599.50	1.757e-01	5.779e+00	-1.152e+00
178600.50	1.354e-01	4.666e+00	-5.635e-01
178601.50	1.834e-01	6.048e+00	-8.266e-02
178602.50	1.632e-01	5.875e+00	8.160e-01
178603.50	8.016e-02	3.187e+00	8.688e-01
178604.50	8.803e-02	3.226e+00	-1.795e-01
178605.50	1.181e-01	4.042e+00	-5.789e-02
178606.50	1.219e-01	3.763e+00	-9.696e-01
178607.50	1.258e-01	4.282e+00	2.678e-01
178608.50	1.018e-01	3.312e+00	-4.253e-01
178609.50	6.806e-02	2.496e+00	2.496e-01
178610.50	9.696e-02	3.389e+00	5.270e-01
178611.50	7.450e-02	2.774e+00	2.995e-01
178612.50	7.200e-02	2.582e+00	3.197e-01
178613.50	6.950e-02	2.371e+00	1.373e-01
178614.50	7.306e-02	2.410e+00	-6.845e-01
178615.50	6.931e-02	2.496e+00	-3.734e-02
178616.50	8.304e-02	2.707e+00	1.277e-01
178617.50	3.350e-02	1.123e+00	1.286e-01
178618.50	4.877e-02	1.805e+00	-1.517e-01
178619.50	8.438e-02	2.794e+00	1.219e-01
178620.50	6.490e-02	2.016e+00	-9.456e-03
178621.50	4.973e-03	5.078e-01	4.752e-01
178622.50	5.232e-02	2.083e+00	1.162e+00
178623.50	5.568e-02	1.910e+00	-1.987e-01
178624.50	2.429e-02	8.678e-01	4.963e-03
178625.50	5.366e-02	1.651e+00	8.611e-03
178626.50	2.122e-02	8.198e-01	-1.690e-01
178627.50	4.234e-02	1.555e+00	-3.965e-02
178628.50	3.456e-02	1.238e+00	3.504e-01
178629.50	5.030e-02	1.517e+00	-3.754e-01
178630.50	3.648e-02	9.197e-01	-4.435e-01
178631.50	1.555e-02	7.699e-01	2.986e-01
178632.50	2.947e-02	1.296e+00	1.651e-01
178633.50	3.878e-02	1.392e+00	4.666e-01
178634.50	2.275e-02	5.798e-01	-4.474e-01
178635.50	2.794e-02	8.669e-01	-3.994e-01
178636.50	2.506e-02	8.352e-01	-4.541e-02
178637.50	2.899e-02	1.018e+00	1.728e-01
178638.50	2.659e-02	1.056e+00	8.976e-01
178639.50	3.696e-03	2.784e-01	-4.330e-01
178640.50	2.611e-02	9.197e-01	1.747e-01
178641.50	1.987e-02	7.363e-01	1.574e-01
178642.50	1.776e-02	6.739e-01	-1.978e-01
178643.50	1.862e-02	7.766e-01	1.584e-01
178644.50	3.264e-02	9.888e-01	-3.245e-01
178645.50	3.264e-02	1.123e+00	3.302e-01
178646.50	2.093e-02	6.768e-01	-2.256e-02
178647.50	1.306e-02	2.554e-01	-1.315e-01
178648.50	2.093e-02	5.914e-01	-1.670e-01
178649.50	1.930e-02	7.306e-01	-4.781e-02
178650.50	6.307e-03	3.101e-01	-1.843e-01
178651.50	2.880e-02	9.062e-01	1.094e-01
178652.50	6.499e-03	3.178e-01	3.302e-01
178653.50	2.333e-02	6.490e-01	-6.355e-01
178654.50	9.485e-03	3.965e-01	-9.245e-02
178655.50	1.738e-02	5.434e-01	-1.190e-01
178656.50	3.667e-03	9.600e-02	-2.813e-01
178657.50	1.325e-02	2.832e-01	-1.920e-01
178658.50	1.411e-02	4.032e-01	9.341e-02
178659.50	6.422e-03	2.669e-01	8.928e-02
178660.50	1.382e-02	4.320e-01	-1.286e-01
178661.50	1.776e-02	5.136e-01	7.248e-02
178662.50	1.392e-02	6.106e-01	1.958e-01
178663.50	1.939e-03	1.949e-01	-1.594e-01
178664.50	9.792e-03	3.648e-01	1.056e-01
178665.50	8.006e-03	1.814e-01	-1.565e-01
178666.50	1.018e-02	3.706e-01	1.450e-02
178667.50	4.934e-03	2.170e-01	-1.382e-01
178668.50	1.152e-02	2.957e-01	2.573e-02
178669.50	-1.248e-02	-1.776e-01	5.933e-01
178670.50	7.286e-03	2.390e-01	1.699e-01
178671.50	-1.402e-03	-8.083e-02	1.162e-01
178672.50	1.507e-02	4.454e-01	-1.584e-01
178673.50	6.240e-03	2.362e-01	8.976e-02
178674.50	1.498e-02	4.608e-01	-1.565e-01
178675.50	2.803e-03	6.902e-02	-2.851e-01
178676.50	-3.034e-03	-1.430e-02	5.731e-02
178677.50	1.114e-02	3.811e-01	-6.682e-02
178678.50	1.229e-03	1.987e-02	2.112e-01
178679.50	7.277e-03	1.901e-01	-1.776e-01
178680.50	6.624e-03	2.851e-01	1.046e-01
178681.50	-2.947e-03	-4.819e-02	5.597e-02
178682.50	1.421e-02	4.253e-01	-2.899e-02
178683.50	-1.229e-03	1.354e-02	-6.278e-02
178684.50	6.538e-03	3.302e-01	-5.011e-03
178685.50	2.189e-03	5.309e-02	1.075e-01
178686.50	5.366e-03	1.824e-01	-7.824e-02
178687.50	-1.104e-03	5.021e-02	-9.360e-02
178688.50	3.206e-03	2.198e-01	1.296e-01
178689.50	2.746e-03	1.008e-01	5.693e-02
178690.50	3.437e-03	1.133e-01	-1.891e-01
178691.50	-1.258e-02	-2.035e-01	5.923e-02
178692.50	1.008e-02	3.686e-01	2.582e-01
178693.50	-1.670e-03	-5.069e-02	-1.363e-01
178694.50	4.301e-05	-3.984e-02	1.277e-01
178695.50	7.930e-03	2.006e-01	-6.989e-02
178696.50	4.886e-03	2.352e-01	1.584e-01
178697.50	-1.459e-02	-4.349e-01	7.210e-02
178698.50	7.987e-03	2.256e-01	-1.258e-01
178699.50	1.469e-02	3.446e-01	-1.930e-01
178700.50	1.219e-02	2.506e-01	3.226e-02
178701.50	-4.262e-03	-3.331e-02	7.430e-02
178702.50	-4.992e-03	-6.202e-02	1.747e-01
178703.50	-7.805e-03	-2.160e-01	-2.112e-01
178704.50	6.010e-03	6.624e-02	-8.544e-03
178705.50	8.266e-03	1.776e-01	-4.042e-02
178706.50	-3.235e-03	-4.858e-02	7.584e-02
178707.50	1.171e-03	6.106e-02	2.160e-01
178708.50	1.546e-02	5.155e-01	-7.718e-02
178709.50	1.152e-03	3.562e-02	-2.227e-02
178710.50	-4.176e-06	6.893e-02	1.757e-02
178711.50	-4.810e-03	-2.246e-01	8.179e-02
178712.50	8.621e-03	2.237e-01	-1.632e-01
178713.50	-6.048e-03	-4.243e-02	5.904e-02
178714.50	-4.982e-03	-2.256e-02	1.680e-01
178715.50	-2.266e-03	-2.736e-02	7.440e-02
178716.50	8.554e-03	1.565e-01	1.094e-01
178717.50	3.514e-03	1.210e-01	-1.334e-01
178718.50	-1.920e-05	1.181e-01	3.485e-02
178719.50	6.442e-03	2.218e-01	-1.920e-01
178720.50	2.688e-03	9.792e-02	-1.248e-01
178721.50	3.590e-03	1.306e-01	-3.811e-02
178722.50	7.920e-04	8.246e-02	1.238e-01
178723.50	-2.707e-04	2.630e-02	2.045e-02
178724.50	-3.715e-03	-2.314e-01	-2.256e-01
178725.50	-4.109e-03	-5.386e-02	5.174e-02
178726.50	3.254e-03	-6.643e-02	5.434e-02
178727.50	2.602e-03	1.037e-01	1.354e-01
178728.50	8.794e-03	2.630e-01	-3.206e-01
178729.50	5.328e-03	1.891e-01	1.421e-01
178730.50	-5.174e-03	-1.296e-01	9.398e-03
178731.50	-4.291e-03	-1.642e-01	-8.496e-02
178732.50	-3.408e-03	-5.414e-02	9.888e-02
178733.50	-5.501e-04	3.514e-03	1.008e-01
178734.50	6.096e-03	7.373e-02	-1.843e-02
178735.50	-5.731e-04	1.046e-01	1.382e-01
178736.50	4.819e-04	-1.478e-03	-7.526e-02
178737.50	-1.795e-03	-1.085e-02	-2.842e-02
178738.50	-2.390e-03	-6.528e-03	6.451e-02
178739.50	1.248e-03	6.086e-02	2.218e-01
178740.50	6.211e-03	1.738e-01	-2.669e-02
178741.50	-4.915e-03	-1.219e-01	-9.984e-02
178742.50	6.182e-03	2.218e-01	1.306e-01
178743.50	6.096e-02	1.949e-01	-2.314e-01
178744.50	2.621e-02	3.782e-02	-1.920e-01
178745.50	1.843e-02	3.677e-02	-6.451e-02
178746.50	3.552e-02	4.109e-01	-1.968e-01
178747.50	-2.208e-03	2.976e-02	7.373e-02
178748.50	-5.827e-03	-1.421e-01	9.418e-02
178749.50	-2.861e-03	1.392e-01	9.600e-02
178750.50	-7.190e-03	-1.498e-02	-6.058e-02
178751.50	7.584e-04	1.968e-01	-9.792e-02
178752.50	-8.899e-03	-1.133e-01	2.179e-01
178753.50	-3.715e-02	-1.834e-01	1.910e-01
178754.50	-4.291e-03	6.029e-03	1.027e-01
178755.50	-6.278e-03	1.699e-02	1.450e-01
178756.50	9.130e-04	8.602e-02	-1.027e-01
178757.50	-1.334e-03	-9.187e-02	-8.131e-02
178758.50	8.726e-02	2.035e-01	-3.398e-01
178759.50	-8.918e-02	-5.990e-01	4.042e-01
178760.50	-1.622e-01	-7.949e-01	3.619e-01
178761.50	2.861e-02	3.427e-01	-1.949e-02
178762.50	2.246e-03	1.478e-01	1.248e-01
178763.50	8.832e-04	2.016e-01	8.630e-02
178764.50	1.450e-03	3.850e-02	-8.314e-02
178765.50	-5.309e-03	-1.027e-01	2.179e-01
178766.50	9.984e-03	5.846e-02	1.805e-02
178767.50	9.072e-03	6.566e-02	-8.698e-02
178768.50	8.746e-03	2.016e-01	-4.310e-02
178769.50	1.373e-03	2.947e-02	2.074e-02
178770.50	-7.114e-03	-1.152e-01	2.736e-02
178771.50	-1.171e-02	1.075e-02	1.267e-01
178772.50	3.120e-05	2.976e-02	8.506e-03
178773.50	1.958e-03	7.574e-02	8.314e-02
178774.50	3.658e-03	4.867e-02	-1.824e-02
178775.50	1.498e-03	-1.584e-02	-5.318e-03
178776.50	5.443e-03	1.373e-01	-9.350e-02
178777.50	9.888e-03	3.072e-02	-1.142e-01
178778.50	1.661e-02	6.365e-02	-4.723e-02
178779.50	-3.370e-04	6.288e-03	3.830e-02
178780.50	1.402e-03	3.024e-02	-7.133e-02
178781.50	2.160e-03	-2.698e-02	-1.402e-01
178782.50	3.005e-03	-1.546e-01	-1.930e-01
178783.50	3.206e-02	1.776e-01	-9.437e-02
178784.50	-2.861e-03	-2.861e-02	1.594e-02
178785.50	1.008e-03	5.194e-02	-1.238e-01
178786.50	5.578e-03	1.392e-01	-7.334e-02
178787.50	-1.344e-03	-2.669e-02	1.037e-01
178788.50	2.554e-03	5.242e-02	-4.272e-03
178789.50	2.371e-04	-2.717e-02	-6.336e-02
178790.50	-5.328e-03	-3.466e-02	1.459e-01
178791.50	1.421e-03	5.357e-02	-6.125e-02
178792.50	4.723e-03	9.696e-02	1.315e-02
178793.50	-2.909e-03	-1.018e-01	-6.125e-02
178794.50	3.158e-03	2.237e-02	-1.114e-01
178795.50	9.696e-04	3.187e-02	9.984e-02
178796.50	-8.736e-03	-1.642e-01	5.222e-02
178797.50	1.210e-03	-2.880e-03	5.904e-02
178798.50	6.144e-04	4.608e-04	1.181e-02
178799.50	2.333e-03	6.768e-02	1.680e-02
178800.50	1.901e-03	6.394e-02	-2.314e-02
178801.50	2.774e-03	9.475e-02	-3.648e-02
178802.50	1.171e-03	3.389e-02	-3.600e-03
178803.50	2.640e-03	6.077e-02	-5.741e-02
178804.50	-6.394e-04	4.896e-02	3.350e-02
178805.50	-3.638e-03	-6.326e-02	-3.869e-02
178806.50	4.406e-03	4.416e-02	-9.984e-03
178807.50	-9.984e-04	-1.834e-02	-6.230e-02
178808.50	-7.354e-03	-1.440e-01	8.592e-02
178809.50	2.861e-03	6.192e-02	1.517e-01
178810.50	-5.213e-03	-8.774e-02	3.254e-02
178811.50	4.032e-03	1.507e-01	-8.102e-02
178812.50	-1.296e-03	-3.427e-02	6.576e-02
178813.50	-5.549e-03	-1.094e-01	3.274e-02
178814.50	-2.534e-03	-1.334e-02	3.514e-02
178815.50	2.448e-03	5.078e-02	-1.930e-02
178816.50	-2.352e-03	-1.690e-02	1.459e-01
178817.50	3.014e-03	4.925e-02	-3.014e-02
178818.50	3.312e-03	7.642e-02	-7.603e-02
178819.50	-4.214e-03	-1.306e-01	-4.781e-02
178820.50	8.784e-05	-1.238e-02	-1.018e-01
178821.50	3.542e-04	-4.301e-02	-6.682e-02
178822.50	2.630e-03	2.966e-02	-1.430e-01
178823.50	-1.862e-03	-1.114e-01	-1.488e-02
178824.50	2.112e-03	2.112e-02	-4.666e-02
178825.50	-5.347e-03	-1.162e-01	2.333e-02
178826.50	-1.133e-03	-9.274e-03	9.446e-02
178827.50	-3.187e-03	-1.162e-01	-4.262e-02
178828.50	-1.920e-03	-5.616e-02	-1.114e-01
178829.50	-8.458e-04	7.440e-02	1.085e-01
178830.50	1.718e-03	1.642e-02	3.264e-03
178831.50	5.242e-03	1.133e-02	-1.123e-01
178832.50	3.792e-03	5.962e-02	6.077e-02
178833.50	-1.930e-03	-6.307e-02	8.678e-02
178834.50	-4.435e-04	2.045e-02	3.283e-02
178835.50	1.229e-03	1.104e-01	-2.179e-03
178836.50	9.792e-04	4.694e-02	-1.651e-02
178837.50	5.030e-03	1.498e-01	-5.558e-02
178838.50	-1.968e-03	-9.523e-02	1.661e-02
178839.50	-2.371e-03	-4.176e-02	3.043e-02
178840.50	2.237e-03	-1.181e-04	-8.131e-02
178841.50	-4.963e-03	-2.909e-02	1.594e-01
178842.50	-9.792e-04	1.949e-02	1.142e-01
178843.50	1.171e-03	6.835e-02	-5.827e-03
178844.50	8.592e-04	6.029e-02	-9.350e-03
178845.50	1.670e-03	8.592e-04	-3.888e-02
178846.50	1.574e-03	1.699e-02	-8.659e-02
178847.50	-1.891e-03	-6.758e-02	-6.979e-03
178848.50	2.726e-03	1.085e-01	6.634e-02
178849.50	-8.803e-04	9.696e-03	-1.306e-02
178850.50	-4.598e-03	-6.960e-02	8.698e-03
178851.50	4.282e-03	1.795e-02	-4.781e-02
178852.50	1.776e-03	2.659e-03	-4.022e-02
178853.50	-2.362e-03	-2.275e-02	2.976e-02
178854.50	1.680e-03	1.680e-02	-1.565e-01
178855.50	-2.688e-03	-8.102e-02	-7.142e-02
178856.50	-3.245e-04	-1.018e-02	-3.581e-02
178857.50	-1.085e-03	2.486e-02	3.725e-02
178858.50	-4.445e-04	-2.122e-02	6.365e-02
178859.50	8.726e-03	-2.170e-02	-9.696e-02
178860.50	7.104e-03	8.093e-02	2.227e-01
178861.50	-1.632e-02	-1.142e-01	-3.053e-02
178862.50	2.122e-03	6.480e-02	-2.333e-02
178863.50	3.149e-03	7.901e-02	1.315e-01
178864.50	6.096e-04	1.613e-03	-7.987e-02
178865.50	4.157e-03	-2.352e-03	-2.208e-02
178866.50	1.248e-03	4.368e-03	-1.805e-02
178867.50	-3.360e-03	-1.085e-02	8.928e-02
178868.50	-9.034e-03	-1.075e-01	-1.037e-01
178869.50	7.670e-04	5.242e-02	1.699e-02
178870.50	5.549e-04	3.552e-02	-1.488e-02
178871.50	-2.630e-03	-7.680e-02	-1.056e-02
178872.50	1.200e-03	-4.781e-03	-2.957e-02
178873.50	5.578e-03	1.133e-01	5.904e-02
178874.50	-3.590e-03	-8.995e-02	2.246e-02
178875.50	-3.274e-04	4.320e-02	-1.373e-02
178876.50	-7.795e-04	-4.512e-03	6.403e-02
178877.50	1.642e-03	3.590e-02	-6.461e-02
178878.50	2.150e-03	2.362e-02	-6.422e-02
178879.50	2.342e-03	4.934e-02	-4.704e-02
178880.50	-2.045e-03	-4.512e-02	8.323e-02
178881.50	2.189e-03	1.056e-01	4.896e-02
178882.50	-1.478e-03	2.506e-03	3.446e-02
178883.50	3.571e-03	9.187e-02	-8.122e-02
178884.50	2.362e-03	9.600e-02	9.984e-04
178885.50	1.027e-03	7.670e-04	4.483e-02
178886.50	-1.085e-04	1.526e-02	-1.334e-02
178887.50	-1.382e-03	-1.008e-01	7.882e-02
178888.50	1.334e-03	5.702e-02	-3.206e-02
178889.50	-1.162e-03	-1.354e-02	4.915e-03
178890.50	1.142e-03	3.178e-02	5.712e-02
178891.50	-2.400e-03	-6.864e-02	6.614e-03
178892.50	-4.291e-03	-1.546e-01	-1.862e-01
178893.50	-3.139e-03	-8.054e-02	-6.730e-02
178894.50	6.269e-04	3.600e-02	3.072e-02
178895.50	4.531e-03	8.208e-02	3.389e-02
178896.50	-2.909e-03	1.622e-02	5.126e-02
178897.50	3.840e-03	9.696e-02	3.034e-02
178898.50	3.754e-04	3.350e-02	1.363e-02
178899.50	5.635e-05	2.986e-02	-5.645e-02
178900.50	2.707e-05	8.342e-03	-1.814e-02
178901.50	-3.802e-04	-5.194e-02	-3.754e-04
178902.50	-1.075e-03	-2.246e-02	-2.544e-02
178903.50	-1.037e-03	-6.365e-02	-8.246e-02
178904.50	-4.243e-04	8.016e-04	3.677e-02
178905.50	1.104e-02	1.325e-01	3.446e-02
178906.50	1.056e-02	6.221e-02	2.074e-02
178907.50	-1.046e-02	-1.219e-01	-8.890e-02
178908.50	-1.094e-03	1.968e-02	2.630e-02
178909.50	1.248e-03	3.226e-02	7.085e-02
178910.50	-2.208e-03	-7.891e-02	4.502e-02
178911.50	1.632e-03	3.418e-02	7.459e-02
178912.50	-7.450e-04	1.584e-02	4.982e-02
178913.50	1.613e-03	8.266e-02	-1.190e-01
178914.50	1.632e-03	4.694e-03	-4.598e-02
178915.50	-2.794e-03	-9.398e-02	1.286e-01
178916.50	-1.440e-03	-2.822e-02	7.987e-02
178917.50	4.512e-03	7.680e-02	3.562e-02
178918.50	3.120e-03	6.720e-02	-6.941e-02
178919.50	-3.878e-03	-4.205e-02	-6.998e-02
178920.50	-6.000e-03	-7.661e-02	4.070e-02
178921.50	-4.445e-03	-8.515e-02	-3.072e-02
178922.50	-9.379e-04	-2.266e-02	-5.482e-02
178923.50	2.717e-03	3.082e-02	-3.840e-02
178924.50	1.334e-03	-1.565e-02	-5.405e-02
178925.50	-4.224e-03	-6.442e-02	2.496e-02
178926.50	-9.888e-05	3.283e-02	5.472e-02
178927.50	9.456e-03	9.792e-02	-2.717e-02
178928.50	-1.738e-02	-1.632e-01	5.299e-02
178929.50	-3.744e-04	-4.608e-02	-5.722e-02
178930.50	3.139e-03	5.194e-03	2.822e-02
178931.50	-1.258e-03	-5.290e-02	5.549e-02
178932.50	-2.525e-03	-7.670e-02	2.448e-02
178933.50	-5.222e-03	2.458e-03	-6.912e-02
178934.50	-1.450e-03	-3.907e-03	6.019e-03
178935.50	2.755e-03	1.171e-01	7.411e-02
178936.50	2.611e-03	1.430e-01	8.208e-02
178937.50	-6.797e-03	-1.565e-01	-6.538e-02
178938.50	1.085e-02	9.984e-02	-1.373e-01
178939.50	3.715e-04	-2.669e-02	-2.650e-02
178940.50	2.006e-03	4.339e-02	4.598e-02
178941.50	-5.914e-04	-8.611e-02	4.992e-03
178942.50	-3.274e-03	-1.219e-02	4.013e-02
178943.50	4.310e-03	4.426e-02	-1.507e-02
178944.50	-4.454e-03	-3.254e-02	1.574e-03
178945.50	5.856e-03	3.437e-02	-5.098e-02
178946.50	-1.238e-03	5.011e-02	4.992e-02
178947.50	-1.526e-03	-2.246e-02	-4.550e-02
178948.50	5.021e-03	6.691e-02	-7.402e-02
178949.50	-4.368e-03	-9.398e-02	1.133e-01
178950.50	3.523e-04	3.974e-02	8.899e-02
178951.50	-2.976e-04	-7.200e-03	-8.141e-02
178952.50	1.824e-03	1.334e-02	1.162e-02
178953.50	-1.565e-03	-2.842e-02	2.294e-03
178954.50	-1.373e-03	-6.048e-02	-5.088e-02
178955.50	-8.467e-04	2.333e-02	-5.270e-02
178956.50	-7.142e-03	1.805e-02	1.325e-01
178957.50	9.561e-03	1.805e-01	1.171e-02
178958.50	6.682e-03	3.168e-02	-1.382e-01
