178360.50	0.000e+00	0.000e+00	0.000e+00
178361.50	0.000e+00	0.000e+00	0.000e+00
178362.50	0.000e+00	0.000e+00	0.000e+00
178363.50	0.000e+00	0.000e+00	0.000e+00
178364.50	0.000e+00	0.000e+00	0.000e+00
178365.50	0.000e+00	0.000e+00	0.000e+00
178366.50	0.000e+00	0.000e+00	0.000e+00
178367.50	0.000e+00	0.000e+00	0.000e+00
178368.50	0.000e+00	0.000e+00	0.000e+00
178369.50	0.000e+00	0.000e+00	0.000e+00
178370.50	0.000e+00	0.000e+00	0.000e+00
178371.50	0.000e+00	0.000e+00	0.000e+00
178372.50	0.000e+00	0.000e+00	0.000e+00
178373.50	0.000e+00	0.000e+00	0.000e+00
178374.50	0.000e+00	0.000e+00	0.000e+00
178375.50	0.000e+00	0.000e+00	0.000e+00
178376.50	0.000e+00	0.000e+00	0.000e+00
178377.50	0.000e+00	0.000e+00	0.000e+00
178378.50	0.000e+00	0.000e+00	0.000e+00
178379.50	0.000e+00	0.000e+00	0.000e+00
178380.50	0.000e+00	0.000e+00	0.000e+00
178381.50	0.000e+00	0.000e+00	0.000e+00
178382.50	0.000e+00	0.000e+00	0.000e+00
178383.50	0.000e+00	0.000e+00	0.000e+00
178384.50	0.000e+00	0.000e+00	0.000e+00
178385.50	0.000e+00	0.000e+00	0.000e+00
178386.50	0.000e+00	0.000e+00	0.000e+00
178387.50	0.000e+00	0.000e+00	0.000e+00
178388.50	0.000e+00	0.000e+00	0.000e+00
178389.50	0.000e+00	0.000e+00	0.000e+00
178390.50	0.000e+00	0.000e+00	0.000e+00
178391.50	0.000e+00	0.000e+00	0.000e+00
178392.50	0.000e+00	0.000e+00	0.000e+00
178393.50	0.000e+00	0.000e+00	0.000e+00
178394.50	0.000e+00	0.000e+00	0.000e+00
178395.50	0.000e+00	0.000e+00	0.000e+00
178396.50	0.000e+00	0.000e+00	0.000e+00
178397.50	0.000e+00	0.000e+00	0.000e+00
178398.50	0.000e+00	0.000e+00	0.000e+00
178399.50	0.000e+00	0.000e+00	0.000e+00
178400.50	0.000e+00	0.000e+00	0.000e+00
178401.50	0.000e+00	0.000e+00	0.000e+00
178402.50	0.000e+00	0.000e+00	0.000e+00
178403.50	0.000e+00	0.000e+00	0.000e+00
178404.50	0.000e+00	0.000e+00	0.000e+00
178405.50	0.000e+00	0.000e+00	0.000e+00
178406.50	0.000e+00	0.000e+00	0.000e+00
178407.50	0.000e+00	0.000e+00	0.000e+00
178408.50	0.000e+00	0.000e+00	0.000e+00
178409.50	0.000e+00	0.000e+00	0.000e+00
178410.50	0.000e+00	0.000e+00	0.000e+00
178411.50	0.000e+00	0.000e+00	0.000e+00
178412.50	0.000e+00	0.000e+00	0.000e+00
178413.50	0.000e+00	0.000e+00	0.000e+00
178414.50	0.000e+00	0.000e+00	0.000e+00
178415.50	0.000e+00	0.000e+00	0.000e+00
178416.50	0.000e+00	0.000e+00	0.000e+00
178417.50	0.000e+00	0.000e+00	0.000e+00
178418.50	0.000e+00	0.000e+00	0.000e+00
178419.50	0.000e+00	0.000e+00	0.000e+00
178420.50	0.000e+00	0.000e+00	0.000e+00
178421.50	0.000e+00	0.000e+00	0.000e+00
178422.50	0.000e+00	0.000e+00	0.000e+00
178423.50	0.000e+00	0.000e+00	0.000e+00
178424.50	0.000e+00	0.000e+00	0.000e+00
178425.50	0.000e+00	0.000e+00	0.000e+00
178426.50	0.000e+00	0.000e+00	0.000e+00
178427.50	0.000e+00	0.000e+00	0.000e+00
178428.50	0.000e+00	0.000e+00	0.000e+00
178429.50	0.000e+00	0.000e+00	0.000e+00
178430.50	0.000e+00	0.000e+00	0.000e+00
178431.50	0.000e+00	0.000e+00	0.000e+00
178432.50	0.000e+00	0.000e+00	0.000e+00
178433.50	0.000e+00	0.000e+00	0.000e+00
178434.50	0.000e+00	0.000e+00	0.000e+00
178435.50	0.000e+00	0.000e+00	0.000e+00
178436.50	0.000e+00	0.000e+00	0.000e+00
178437.50	0.000e+00	0.000e+00	0.000e+00
178438.50	0.000e+00	0.000e+00	0.000e+00
178439.50	0.000e+00	0.000e+00	0.000e+00
178440.50	0.000e+00	0.000e+00	0.000e+00
178441.50	0.000e+00	0.000e+00	0.000e+00
178442.50	0.000e+00	0.000e+00	0.000e+00
178443.50	0.000e+00	0.000e+00	0.000e+00
178444.50	0.000e+00	0.000e+00	0.000e+00
178445.50	0.000e+00	0.000e+00	0.000e+00
178446.50	0.000e+00	0.000e+00	0.000e+00
178447.50	0.000e+00	0.000e+00	0.000e+00
178448.50	0.000e+00	0.000e+00	0.000e+00
178449.50	0.000e+00	0.000e+00	0.000e+00
178450.50	0.000e+00	0.000e+00	0.000e+00
178451.50	0.000e+00	0.000e+00	0.000e+00
178452.50	0.000e+00	0.000e+00	0.000e+00
178453.50	0.000e+00	0.000e+00	0.000e+00
178454.50	0.000e+00	0.000e+00	0.000e+00
178455.50	0.000e+00	0.000e+00	0.000e+00
178456.50	0.000e+00	0.000e+00	0.000e+00
178457.50	0.000e+00	0.000e+00	0.000e+00
178458.50	0.000e+00	0.000e+00	0.000e+00
178459.50	0.000e+00	0.000e+00	0.000e+00
178460.50	0.000e+00	0.000e+00	0.000e+00
178461.50	0.000e+00	0.000e+00	0.000e+00
178462.50	0.000e+00	0.000e+00	0.000e+00
178463.50	0.000e+00	0.000e+00	0.000e+00
178464.50	0.000e+00	0.000e+00	0.000e+00
178465.50	0.000e+00	0.000e+00	0.000e+00
178466.50	0.000e+00	0.000e+00	0.000e+00
178467.50	0.000e+00	0.000e+00	0.000e+00
178468.50	0.000e+00	0.000e+00	0.000e+00
178469.50	0.000e+00	0.000e+00	0.000e+00
178470.50	0.000e+00	0.000e+00	0.000e+00
178471.50	0.000e+00	0.000e+00	0.000e+00
178472.50	0.000e+00	0.000e+00	0.000e+00
178473.50	0.000e+00	0.000e+00	0.000e+00
178474.50	0.000e+00	0.000e+00	0.000e+00
178475.50	0.000e+00	0.000e+00	0.000e+00
178476.50	0.000e+00	0.000e+00	0.000e+00
178477.50	0.000e+00	0.000e+00	0.000e+00
178478.50	0.000e+00	0.000e+00	0.000e+00
178479.50	0.000e+00	0.000e+00	0.000e+00
178480.50	0.000e+00	0.000e+00	0.000e+00
178481.50	0.000e+00	0.000e+00	0.000e+00
178482.50	0.000e+00	0.000e+00	0.000e+00
178483.50	0.000e+00	0.000e+00	0.000e+00
178484.50	0.000e+00	0.000e+00	0.000e+00
178485.50	0.000e+00	0.000e+00	0.000e+00
178486.50	0.000e+00	0.000e+00	0.000e+00
178487.50	0.000e+00	0.000e+00	0.000e+00
178488.50	0.000e+00	0.000e+00	0.000e+00
178489.50	0.000e+00	0.000e+00	0.000e+00
178490.50	0.000e+00	0.000e+00	0.000e+00
178491.50	0.000e+00	0.000e+00	0.000e+00
178492.50	0.000e+00	0.000e+00	0.000e+00
178493.50	0.000e+00	0.000e+00	0.000e+00
178494.50	0.000e+00	0.000e+00	0.000e+00
178495.50	0.000e+00	0.000e+00	0.000e+00
178496.50	0.000e+00	0.000e+00	0.000e+00
178497.50	0.000e+00	0.000e+00	0.000e+00
178498.50	0.000e+00	0.000e+00	0.000e+00
178499.50	0.000e+00	0.000e+00	0.000e+00
178500.50	0.000e+00	0.000e+00	0.000e+00
178501.50	0.000e+00	0.000e+00	0.000e+00
178502.50	0.000e+00	0.000e+00	0.000e+00
178503.50	0.000e+00	0.000e+00	0.000e+00
178504.50	0.000e+00	0.000e+00	0.000e+00
178505.50	0.000e+00	0.000e+00	0.000e+00
178506.50	0.000e+00	0.000e+00	0.000e+00
178507.50	0.000e+00	0.000e+00	0.000e+00
178508.50	0.000e+00	0.000e+00	0.000e+00
178509.50	0.000e+00	0.000e+00	0.000e+00
178510.50	0.000e+00	0.000e+00	0.000e+00
178511.50	0.000e+00	0.000e+00	0.000e+00
178512.50	0.000e+00	0.000e+00	0.000e+00
178513.50	0.000e+00	0.000e+00	0.000e+00
178514.50	0.000e+00	0.000e+00	0.000e+00
178515.50	0.000e+00	0.000e+00	0.000e+00
178516.50	0.000e+00	0.000e+00	0.000e+00
178517.50	0.000e+00	0.000e+00	0.000e+00
178518.50	0.000e+00	0.000e+00	0.000e+00
178519.50	0.000e+00	0.000e+00	0.000e+00
178520.50	0.000e+00	0.000e+00	0.000e+00
178521.50	0.000e+00	0.000e+00	0.000e+00
178522.50	0.000e+00	0.000e+00	0.000e+00
178523.50	0.000e+00	0.000e+00	0.000e+00
178524.50	0.000e+00	0.000e+00	0.000e+00
178525.50	0.000e+00	0.000e+00	0.000e+00
178526.50	0.000e+00	0.000e+00	0.000e+00
178527.50	0.000e+00	0.000e+00	0.000e+00
178528.50	0.000e+00	0.000e+00	0.000e+00
178529.50	0.000e+00	0.000e+00	0.000e+00
178530.50	0.000e+00	0.000e+00	0.000e+00
178531.50	0.000e+00	0.000e+00	0.000e+00
178532.50	0.000e+00	0.000e+00	0.000e+00
178533.50	0.000e+00	0.000e+00	0.000e+00
178534.50	0.000e+00	0.000e+00	0.000e+00
178535.50	0.000e+00	0.000e+00	0.000e+00
178536.50	0.000e+00	0.000e+00	0.000e+00
178537.50	0.000e+00	0.000e+00	0.000e+00
178538.50	0.000e+00	0.000e+00	0.000e+00
178539.50	0.000e+00	0.000e+00	0.000e+00
178540.50	0.000e+00	0.000e+00	0.000e+00
178541.50	0.000e+00	0.000e+00	0.000e+00
178542.50	0.000e+00	0.000e+00	0.000e+00
178543.50	0.000e+00	0.000e+00	0.000e+00
178544.50	0.000e+00	0.000e+00	0.000e+00
178545.50	0.000e+00	0.000e+00	0.000e+00
178546.50	2.870e-07	4.416e-05	-1.142e-04
178547.50	1.114e-05	3.974e-04	-3.907e-04
178548.50	3.139e-06	-8.899e-05	7.094e-04
178549.50	-1.536e-06	-1.469e-04	2.467e-04
178550.50	-2.333e-05	-5.750e-04	-3.600e-04
178551.50	-1.843e-05	3.802e-04	-1.709e-03
178552.50	-3.264e-05	6.010e-05	-1.632e-03
178553.50	-3.283e-04	-2.400e-02	1.363e-02
178554.50	-7.363e-04	-3.456e-02	2.266e-02
178555.50	-2.294e-03	-2.678e-01	1.978e-01
178556.50	-4.560e-02	-2.275e+00	-1.123e-01
178557.50	-5.683e-01	-3.658e+01	1.219e+01
178558.50	-5.261e+00	-3.197e+02	8.698e+01
178559.50	-1.133e+01	-6.106e+02	8.832e+01
178560.50	-5.990e+00	-2.678e+02	-2.544e+01
178561.50	-4.522e-01	-2.227e+00	-2.179e+01
178562.50	1.248e+00	6.634e+01	-4.963e+00
178563.50	1.104e+00	6.758e+01	-1.882e+01
178564.50	1.632e+00	8.160e+01	-4.013e+00
178565.50	1.402e+00	7.901e+01	-1.814e+01
178566.50	1.267e+00	6.758e+01	-1.085e+01
178567.50	1.267e+00	6.086e+01	2.870e-01
178568.50	1.066e+00	5.770e+01	-9.590e+00
178569.50	9.024e-01	4.954e+01	-9.360e+00
178570.50	9.888e-01	5.078e+01	-4.752e+00
178571.50	8.419e-01	4.502e+01	-7.152e+00
178572.50	7.997e-01	4.128e+01	-4.541e+00
178573.50	7.565e-01	3.667e+01	-4.243e+00
178574.50	7.498e-01	3.552e+01	-4.541e-01
178575.50	6.038e-01	3.043e+01	-3.667e-01
178576.50	4.032e-01	2.275e+01	-5.597e+00
178577.50	5.472e-01	2.832e+01	-2.765e+00
178578.50	4.464e-01	2.554e+01	-5.606e+00
178579.50	4.339e-01	2.285e+01	-2.467e+00
178580.50	4.061e-01	2.006e+01	-3.869e-01
178581.50	4.022e-01	2.016e+01	-1.027e+00
178582.50	4.474e-01	1.949e+01	-7.670e-01
178583.50	2.477e-01	1.632e+01	-3.226e+00
178584.50	3.043e-01	1.507e+01	-6.182e-01
178585.50	2.333e-01	1.363e+01	-3.235e+00
178586.50	3.398e-01	1.709e+01	-1.152e+00
178587.50	2.554e-01	1.315e+01	-5.875e-01
178588.50	2.208e-01	1.114e+01	-4.262e-01
178589.50	2.352e-01	1.219e+01	-1.334e+00
178590.50	1.930e-01	9.485e+00	4.406e-01
178591.50	2.074e-01	1.075e+01	-6.490e-01
178592.50	2.035e-01	1.056e+01	-1.373e+00
178593.50	1.853e-01	9.149e+00	-4.186e-01
178594.50	1.478e-01	6.768e+00	7.190e-01
178595.50	1.565e-01	8.227e+00	-9.322e-01
178596.50	1.632e-01	8.573e+00	-1.219e+00
178597.50	1.373e-01	7.498e+00	-1.267e+00
178598.50	1.574e-01	8.630e+00	-1.536e+00
178599.50	1.171e-01	5.549e+00	8.333e-01
178600.50	1.181e-01	5.875e+00	-3.898e-01
178601.50	1.104e-01	5.203e+00	2.458e-01
178602.50	7.603e-02	4.186e+00	-1.190e-01
178603.50	8.102e-02	4.339e+00	-4.234e-01
178604.50	9.984e-02	5.078e+00	-2.621e-01
178605.50	9.792e-02	4.867e+00	-4.195e-01
178606.50	8.170e-02	4.733e+00	-7.046e-01
178607.50	8.822e-02	4.550e+00	-5.088e-01
178608.50	6.797e-02	3.043e+00	5.501e-01
178609.50	6.547e-02	3.168e+00	6.067e-02
178610.50	7.997e-02	3.907e+00	1.920e-01
178611.50	5.587e-02	3.456e+00	-8.707e-01
178612.50	8.390e-02	3.504e+00	4.493e-01
178613.50	6.461e-02	3.274e+00	1.066e-01
178614.50	5.318e-02	2.880e+00	-6.442e-01
178615.50	6.451e-02	2.784e+00	6.230e-01
178616.50	5.078e-02	2.650e+00	-4.195e-01
178617.50	3.907e-02	2.438e+00	-8.026e-01
178618.50	5.261e-02	2.909e+00	-2.986e-01
178619.50	4.752e-02	2.582e+00	-3.072e-01
178620.50	4.637e-02	1.949e+00	3.667e-01
178621.50	3.178e-02	1.824e+00	-2.582e-01
178622.50	3.763e-02	1.862e+00	-3.139e-02
178623.50	3.715e-02	1.776e+00	4.013e-01
178624.50	2.208e-02	1.488e+00	-7.958e-01
178625.50	2.544e-02	1.267e+00	-1.286e-01
178626.50	3.082e-02	1.882e+00	-3.600e-01
178627.50	2.822e-02	1.661e+00	-6.509e-01
178628.50	4.992e-03	7.632e-01	-4.502e-01
178629.50	3.946e-02	1.805e+00	7.104e-02
178630.50	2.880e-02	1.459e+00	-1.258e-01
178631.50	4.061e-02	1.747e+00	-1.133e-01
178632.50	1.882e-02	8.064e-01	4.483e-01
178633.50	2.822e-02	1.142e+00	4.570e-01
178634.50	1.738e-02	1.027e+00	-9.792e-02
178635.50	8.947e-03	5.482e-01	-4.637e-02
178636.50	1.066e-02	6.979e-01	-2.429e-01
178637.50	3.389e-02	1.229e+00	2.381e-01
178638.50	2.467e-02	1.085e+00	-9.005e-02
178639.50	1.786e-02	1.219e+00	-3.725e-01
178640.50	8.669e-03	8.986e-01	-2.640e-01
178641.50	3.504e-02	1.162e+00	7.075e-01
178642.50	1.200e-02	3.226e-01	5.587e-01
178643.50	1.056e-02	9.091e-01	-4.186e-01
178644.50	1.574e-02	7.766e-01	1.344e-01
178645.50	1.171e-02	9.427e-01	-5.290e-01
178646.50	-9.427e-04	3.168e-01	-6.749e-01
178647.50	6.979e-03	5.107e-01	-2.947e-01
178648.50	1.843e-02	8.458e-01	2.189e-01
178649.50	-6.451e-03	4.781e-01	-4.176e-01
178650.50	1.450e-02	1.085e+00	-4.906e-01
178651.50	5.635e-03	5.251e-01	-2.774e-01
178652.50	1.728e-02	7.200e-01	-6.826e-02
178653.50	-7.373e-03	-8.410e-02	-3.542e-01
178654.50	2.688e-02	6.960e-01	7.008e-01
178655.50	1.315e-02	4.013e-01	2.458e-01
178656.50	8.506e-03	3.667e-01	-1.766e-02
178657.50	1.421e-03	4.406e-01	-6.624e-01
178658.50	8.122e-03	3.053e-01	3.130e-01
178659.50	1.373e-02	6.326e-01	6.730e-02
178660.50	9.408e-03	4.445e-01	-6.778e-02
178661.50	1.123e-03	4.224e-01	-2.227e-01
178662.50	-8.237e-04	-6.134e-02	-1.526e-01
178663.50	3.408e-03	2.352e-01	-4.733e-02
178664.50	1.200e-02	5.309e-01	7.805e-02
178665.50	3.053e-03	2.371e-02	2.304e-01
178666.50	5.136e-03	1.853e-01	1.574e-03
178667.50	4.483e-03	3.648e-01	-4.205e-01
178668.50	2.650e-03	2.822e-01	-4.195e-02
178669.50	6.442e-03	5.683e-01	-3.370e-01
178670.50	1.046e-02	3.283e-01	3.178e-01
178671.50	-5.242e-04	2.371e-01	-2.256e-01
178672.50	-7.142e-04	-6.374e-03	-9.696e-03
178673.50	1.142e-02	4.090e-01	4.090e-01
178674.50	7.891e-03	3.888e-01	7.795e-02
178675.50	3.658e-03	2.419e-01	-7.142e-02
178676.50	1.142e-03	3.629e-01	-2.765e-01
178677.50	9.206e-03	3.907e-01	-9.984e-02
178678.50	5.971e-03	2.746e-02	2.765e-01
178679.50	-1.411e-03	8.842e-02	-1.152e-01
178680.50	2.813e-03	9.984e-02	1.248e-01
178681.50	3.427e-03	1.978e-01	2.688e-01
178682.50	7.843e-03	4.301e-01	1.699e-02
178683.50	-2.064e-03	1.267e-01	-2.976e-01
178684.50	3.062e-03	3.917e-02	9.370e-02
178685.50	1.920e-03	-1.565e-02	1.411e-01
178686.50	2.122e-03	2.266e-01	-2.486e-01
178687.50	-8.582e-03	-9.792e-02	-3.590e-01
178688.50	-2.208e-03	1.056e-01	-2.448e-01
178689.50	-2.218e-03	1.027e-02	-2.822e-01
178690.50	-2.621e-03	2.285e-02	-1.536e-01
178691.50	1.248e-02	3.082e-01	3.725e-01
178692.50	3.350e-03	1.085e-01	3.216e-01
178693.50	-3.773e-03	-9.072e-02	-8.707e-02
178694.50	-1.094e-04	9.888e-02	-2.429e-01
178695.50	-1.411e-03	3.034e-01	-3.149e-01
178696.50	8.371e-03	2.333e-01	2.054e-01
178697.50	-3.034e-03	8.208e-02	-2.256e-01
178698.50	4.906e-03	2.266e-01	1.546e-01
178699.50	1.622e-03	2.669e-02	-3.427e-02
178700.50	1.891e-03	-1.181e-01	3.062e-01
178701.50	6.019e-03	3.907e-01	-8.486e-04
178702.50	6.134e-03	2.131e-01	5.923e-02
178703.50	5.309e-03	1.171e-01	1.075e-01
178704.50	7.344e-03	2.717e-01	-1.018e-01
178705.50	2.064e-03	1.565e-01	4.445e-02
178706.50	-4.320e-03	-1.056e-01	-1.363e-01
178707.50	-3.792e-03	-7.546e-02	-7.027e-02
178708.50	3.254e-03	2.179e-01	-7.603e-03
178709.50	5.645e-03	-3.619e-02	2.918e-01
178710.50	3.946e-03	1.642e-02	5.971e-02
178711.50	4.013e-03	1.718e-02	2.995e-01
178712.50	1.603e-03	-3.091e-02	1.267e-02
178713.50	-2.707e-03	-1.507e-01	-1.354e-01
178714.50	8.323e-03	3.782e-01	6.259e-02
178715.50	3.677e-03	1.315e-01	1.142e-02
178716.50	-7.555e-04	-1.661e-01	2.237e-01
178717.50	-1.555e-03	2.112e-02	7.565e-03
178718.50	4.061e-03	1.862e-01	1.056e-01
178719.50	4.272e-03	3.168e-01	-1.882e-01
178720.50	-3.082e-03	3.821e-02	-1.891e-01
178721.50	-4.234e-03	5.443e-02	-2.458e-01
178722.50	6.413e-03	2.131e-01	2.026e-01
178723.50	3.821e-04	2.054e-02	7.392e-03
178724.50	-3.437e-03	-1.517e-01	-7.382e-02
178725.50	-4.330e-03	2.448e-03	-1.152e-01
178726.50	-2.525e-03	-5.078e-02	-1.008e-01
178727.50	-4.954e-05	-3.859e-02	-5.011e-02
178728.50	7.037e-03	1.680e-01	-5.270e-02
178729.50	2.947e-03	1.267e-01	-5.645e-03
178730.50	-6.595e-03	-1.008e-01	2.467e-01
178731.50	5.107e-03	5.923e-02	5.712e-02
178732.50	-8.736e-04	5.309e-02	2.294e-01
178733.50	-3.197e-04	-2.198e-02	-3.130e-02
178734.50	7.891e-03	3.187e-01	-1.238e-01
178735.50	-5.078e-03	7.680e-02	-3.014e-02
178736.50	1.162e-03	6.336e-02	1.430e-01
178737.50	4.954e-03	9.600e-02	2.630e-03
178738.50	-3.293e-03	-5.616e-02	-1.613e-01
178739.50	-6.394e-03	-1.430e-01	-2.563e-01
178740.50	2.208e-03	8.717e-02	3.648e-02
178741.50	2.995e-03	-3.197e-02	9.235e-02
178742.50	-1.114e-02	-4.877e-02	-2.218e-01
178743.50	3.322e-03	1.190e-01	1.325e-01
178744.50	2.467e-03	-4.934e-02	1.459e-01
178745.50	-1.651e-03	-1.450e-01	-4.262e-02
178746.50	-2.928e-04	1.421e-01	-2.141e-01
178747.50	-3.571e-03	-1.536e-02	-1.728e-02
178748.50	2.746e-03	9.696e-02	2.131e-01
178749.50	-1.402e-03	-1.786e-02	-1.517e-01
178750.50	5.098e-03	1.286e-01	1.008e-01
178751.50	-4.061e-04	-9.696e-02	-1.008e-01
178752.50	-6.134e-04	-7.555e-02	-1.085e-01
178753.50	4.483e-03	1.536e-01	8.678e-02
178754.50	-1.200e-03	-6.672e-02	4.906e-02
178755.50	-1.325e-03	1.027e-01	-3.629e-02
178756.50	-7.171e-05	1.267e-01	2.794e-02
178757.50	1.450e-03	7.219e-02	9.082e-03
178758.50	-3.773e-03	-1.632e-01	7.085e-02
178759.50	-2.179e-04	5.434e-02	-1.296e-01
178760.50	-1.920e-03	-1.229e-01	-3.245e-02
178761.50	7.776e-03	1.699e-02	2.784e-01
178762.50	7.440e-03	1.632e-01	1.738e-01
178763.50	2.246e-03	1.373e-01	-4.550e-02
178764.50	-5.760e-03	-1.402e-01	-5.712e-02
178765.50	-9.187e-04	3.475e-02	-1.200e-01
178766.50	6.768e-03	1.862e-01	-6.230e-03
178767.50	4.771e-03	1.334e-01	7.853e-02
178768.50	-3.053e-03	-5.021e-02	-7.757e-02
178769.50	-4.090e-03	-1.402e-01	5.270e-02
178770.50	1.757e-03	5.875e-02	-6.144e-02
178771.50	-2.429e-03	-1.046e-02	-1.718e-01
178772.50	-2.016e-04	-2.160e-02	2.947e-02
178773.50	2.765e-03	1.738e-01	-2.102e-02
178774.50	2.938e-03	-1.613e-02	1.661e-01
178775.50	8.179e-03	2.630e-01	-2.266e-02
178776.50	7.123e-04	7.853e-02	-7.488e-02
178777.50	-2.995e-03	-9.245e-02	-3.946e-02
178778.50	-9.456e-04	-3.072e-02	1.450e-02
178779.50	-2.957e-03	-1.027e-01	-1.200e-02
178780.50	-1.373e-03	-5.453e-02	6.278e-02
178781.50	1.747e-03	2.525e-02	6.125e-02
178782.50	-1.277e-03	-5.078e-02	1.008e-01
178783.50	3.072e-03	2.179e-02	4.090e-02
178784.50	4.848e-04	1.075e-01	-4.358e-02
178785.50	9.005e-03	6.826e-02	3.542e-02
178786.50	-1.526e-03	-1.872e-02	1.670e-01
178787.50	-2.592e-03	-8.659e-02	2.544e-02
178788.50	-3.178e-03	-1.277e-01	-3.869e-02
178789.50	-3.024e-03	-4.570e-02	6.221e-02
178790.50	1.402e-03	1.498e-01	-1.402e-01
178791.50	-3.043e-03	-1.363e-02	-1.930e-03
178792.50	-7.296e-04	-8.390e-02	4.800e-02
178793.50	-3.840e-03	1.373e-02	-1.795e-01
178794.50	4.234e-03	1.123e-01	-3.178e-02
178795.50	-1.862e-04	6.509e-03	-2.611e-02
178796.50	-2.563e-03	5.328e-04	-1.248e-01
178797.50	1.008e-03	4.867e-02	-3.946e-02
178798.50	-8.016e-05	5.568e-03	-6.288e-02
178799.50	2.774e-03	8.083e-04	1.555e-01
178800.50	1.882e-03	-1.075e-02	1.478e-01
178801.50	4.147e-06	7.104e-02	-5.923e-02
178802.50	-3.427e-03	-7.997e-02	-2.179e-02
178803.50	7.354e-07	6.874e-02	6.096e-03
178804.50	2.429e-04	-4.723e-02	6.250e-03
178805.50	1.085e-03	-8.218e-03	5.750e-02
178806.50	-1.738e-03	8.352e-02	-1.920e-01
178807.50	-1.094e-03	9.504e-03	-5.942e-02
178808.50	-3.274e-03	1.402e-02	-1.363e-01
178809.50	2.506e-03	-1.939e-02	1.162e-01
178810.50	3.072e-03	2.707e-02	5.731e-02
178811.50	-2.112e-03	7.891e-03	-2.880e-02
178812.50	-5.059e-03	-1.286e-01	-6.202e-02
178813.50	-5.050e-04	1.872e-02	-1.210e-01
178814.50	3.360e-03	7.450e-02	1.075e-01
178815.50	1.258e-03	3.024e-02	8.563e-02
178816.50	-6.874e-04	-6.480e-02	8.870e-03
178817.50	-9.600e-04	-7.142e-02	1.882e-02
178818.50	-3.312e-04	7.949e-03	2.765e-02
178819.50	1.891e-03	3.331e-02	1.325e-01
178820.50	5.558e-03	1.210e-01	-1.248e-01
178821.50	3.523e-05	-1.238e-02	-3.590e-02
178822.50	-7.786e-03	-1.190e-01	-1.546e-01
178823.50	3.139e-03	2.045e-02	3.523e-02
178824.50	-6.442e-04	1.306e-02	-7.056e-02
178825.50	-2.352e-04	4.867e-02	-9.398e-02
178826.50	1.315e-03	5.261e-02	4.310e-02
178827.50	2.045e-03	1.267e-01	-6.230e-02
178828.50	8.707e-04	-7.286e-02	7.574e-02
178829.50	-1.459e-03	-1.114e-01	1.315e-01
178830.50	4.128e-03	1.949e-01	-6.317e-02
178831.50	4.109e-03	2.966e-02	-5.952e-02
178832.50	2.966e-03	5.117e-02	-2.477e-02
178833.50	-3.619e-03	-1.056e-02	4.397e-02
178834.50	2.784e-03	1.690e-02	-6.202e-03
178835.50	-2.141e-03	1.142e-02	-3.533e-03
178836.50	3.254e-04	3.312e-02	9.254e-02
178837.50	-5.520e-03	-7.882e-02	-1.315e-02
178838.50	-1.958e-03	-4.531e-02	2.170e-02
178839.50	3.427e-03	1.872e-02	1.450e-02
178840.50	2.314e-04	4.531e-02	-2.544e-02
178841.50	-1.037e-02	-7.363e-02	-1.200e-01
178842.50	-1.939e-03	-4.810e-02	-1.613e-02
178843.50	1.114e-03	5.386e-02	9.792e-03
178844.50	-3.494e-05	-5.203e-02	-1.421e-02
178845.50	-6.182e-03	-2.621e-02	-9.571e-02
178846.50	-9.581e-03	-3.168e-02	-2.371e-02
178847.50	4.349e-03	3.734e-02	2.765e-02
178848.50	3.283e-03	-3.686e-03	8.861e-02
178849.50	7.258e-04	-3.245e-02	2.160e-02
178850.50	1.632e-03	4.579e-02	-2.880e-02
178851.50	3.418e-03	4.176e-02	4.013e-02
178852.50	2.880e-03	-1.200e-02	1.373e-02
178853.50	2.045e-03	3.955e-02	7.786e-02
178854.50	1.978e-03	2.803e-02	3.187e-02
178855.50	3.350e-03	1.200e-01	-1.027e-02
178856.50	3.034e-03	-3.610e-02	-2.611e-02
178857.50	4.973e-03	1.805e-02	3.850e-02
178858.50	-4.502e-04	3.552e-02	-4.589e-02
178859.50	-2.986e-03	2.189e-02	-3.139e-02
178860.50	-4.886e-03	-8.342e-02	1.565e-02
178861.50	3.638e-03	7.613e-02	4.118e-02
178862.50	-3.677e-03	-4.224e-02	7.306e-04
178863.50	-1.104e-03	-9.514e-02	1.171e-01
178864.50	2.582e-04	-1.546e-02	5.386e-04
178865.50	2.112e-03	2.170e-03	2.890e-02
178866.50	-1.603e-03	-3.206e-02	-4.051e-02
178867.50	-3.859e-03	-7.219e-02	-8.602e-02
178868.50	-1.757e-04	-9.696e-03	-6.077e-02
178869.50	-8.256e-04	3.792e-02	-5.741e-02
178870.50	-1.882e-03	6.442e-02	-9.024e-02
178871.50	3.686e-04	-4.560e-02	5.203e-02
178872.50	2.976e-04	1.248e-02	2.938e-02
178873.50	2.794e-03	7.450e-02	-7.267e-02
178874.50	1.555e-03	1.747e-02	3.466e-02
178875.50	1.056e-03	-6.490e-02	-4.262e-02
178876.50	9.283e-05	6.768e-02	2.803e-02
178877.50	-3.926e-03	-2.957e-02	1.066e-02
178878.50	-2.486e-03	1.978e-02	-1.354e-01
178879.50	-2.467e-03	1.872e-02	1.949e-02
178880.50	-2.304e-03	-7.027e-02	-3.235e-04
178881.50	6.624e-03	3.091e-03	3.898e-02
178882.50	-9.254e-05	-1.037e-03	-2.218e-02
178883.50	-3.494e-03	3.082e-02	5.002e-02
178884.50	-6.422e-03	-4.646e-02	-9.293e-02
178885.50	1.507e-03	1.296e-02	-1.939e-02
178886.50	-1.728e-03	-6.691e-02	1.315e-01
178887.50	2.371e-03	-3.638e-02	-5.597e-04
178888.50	1.363e-03	1.037e-01	-1.094e-01
178889.50	-2.266e-04	7.478e-03	3.600e-03
178890.50	-2.496e-03	-1.056e-01	5.050e-02
178891.50	9.514e-05	1.190e-01	-4.531e-02
178892.50	1.901e-03	2.506e-02	6.490e-02
178893.50	1.286e-03	9.197e-02	-5.261e-02
178894.50	2.918e-03	5.222e-03	7.210e-02
178895.50	1.872e-03	5.491e-02	4.618e-02
178896.50	8.861e-04	5.597e-03	7.027e-02
178897.50	-3.043e-04	-2.630e-02	-4.954e-02
178898.50	-2.189e-04	-4.090e-02	-3.869e-02
178899.50	9.120e-04	3.062e-02	3.658e-02
178900.50	3.053e-03	7.987e-02	-2.726e-02
178901.50	5.981e-05	1.766e-02	-1.046e-01
178902.50	2.448e-03	7.920e-03	2.093e-02
178903.50	6.480e-04	1.872e-02	-5.414e-02
178904.50	1.402e-04	1.459e-03	3.226e-02
178905.50	-1.046e-03	-6.922e-02	5.242e-02
178906.50	1.958e-03	3.274e-03	7.882e-02
178907.50	3.197e-03	-2.141e-02	3.581e-02
178908.50	-5.126e-03	-3.504e-02	-6.739e-03
178909.50	-2.938e-03	-4.435e-02	-3.629e-02
178910.50	1.354e-03	6.701e-02	-1.814e-02
178911.50	1.805e-03	6.941e-02	3.130e-02
178912.50	1.210e-03	1.382e-03	3.600e-02
178913.50	-1.690e-03	-4.858e-03	-1.027e-01
178914.50	-1.008e-03	-1.286e-02	7.507e-03
178915.50	-1.584e-03	-6.970e-02	-4.733e-02
178916.50	9.984e-04	4.349e-02	3.293e-03
178917.50	-9.792e-04	2.515e-02	-5.798e-02
178918.50	-1.142e-03	1.565e-02	-7.402e-02
178919.50	1.181e-03	-1.210e-02	3.590e-03
178920.50	4.483e-04	-7.776e-02	2.016e-03
178921.50	4.915e-04	-2.150e-02	5.299e-02
178922.50	-1.546e-03	-4.205e-02	3.379e-02
178923.50	-4.224e-04	-5.126e-02	-5.702e-04
178924.50	-8.736e-04	-1.354e-02	3.974e-02
178925.50	-1.949e-03	-2.563e-02	3.638e-02
178926.50	-9.014e-04	-3.946e-02	-1.594e-02
178927.50	1.603e-03	3.590e-02	3.043e-02
178928.50	7.373e-04	-2.592e-02	5.126e-02
178929.50	9.792e-04	3.610e-02	2.198e-02
178930.50	8.045e-04	3.994e-02	-2.486e-02
178931.50	-2.419e-04	-3.619e-02	-8.515e-03
178932.50	-1.776e-04	2.506e-02	8.179e-02
178933.50	1.344e-03	2.621e-02	9.062e-03
178934.50	3.888e-04	-5.558e-04	-1.670e-03
178935.50	-3.216e-03	-7.622e-02	-7.440e-02
178936.50	2.938e-04	8.861e-03	-8.890e-03
178937.50	-4.598e-03	-2.102e-02	-7.162e-02
178938.50	-8.381e-04	-4.810e-03	-7.661e-02
178939.50	-2.650e-03	-8.006e-02	-7.277e-02
178940.50	-1.882e-03	-9.984e-02	-6.538e-03
178941.50	-1.190e-04	8.976e-02	5.290e-03
178942.50	3.062e-03	1.066e-01	3.456e-02
178943.50	4.349e-03	9.984e-02	4.963e-02
178944.50	2.323e-03	2.083e-02	-9.792e-03
178945.50	-7.968e-04	-3.466e-02	-3.629e-02
178946.50	-1.488e-03	-3.494e-02	2.899e-03
178947.50	-5.578e-04	9.139e-03	-1.632e-02
178948.50	-1.267e-03	4.531e-03	-1.920e-02
178949.50	3.619e-04	-1.795e-02	-5.990e-02
178950.50	3.456e-04	1.258e-02	4.618e-02
178951.50	2.170e-03	6.797e-02	5.002e-02
178952.50	-2.822e-04	-4.099e-02	6.240e-02
178953.50	1.622e-04	-1.114e-02	1.507e-02
178954.50	1.037e-03	1.680e-02	2.141e-02
178955.50	-2.467e-04	-4.771e-02	2.611e-02
178956.50	1.315e-04	-2.294e-02	3.005e-02
178957.50	1.008e-02	-1.987e-02	-2.131e-02
178958.50	1.056e-03	5.952e-02	2.506e-02
