178360.50	0.000e+00	0.000e+00	0.000e+00
178361.50	0.000e+00	0.000e+00	0.000e+00
178362.50	0.000e+00	0.000e+00	0.000e+00
178363.50	0.000e+00	0.000e+00	0.000e+00
178364.50	0.000e+00	0.000e+00	0.000e+00
178365.50	0.000e+00	0.000e+00	0.000e+00
178366.50	0.000e+00	0.000e+00	0.000e+00
178367.50	0.000e+00	0.000e+00	0.000e+00
178368.50	0.000e+00	0.000e+00	0.000e+00
178369.50	0.000e+00	0.000e+00	0.000e+00
178370.50	0.000e+00	0.000e+00	0.000e+00
178371.50	0.000e+00	0.000e+00	0.000e+00
178372.50	0.000e+00	0.000e+00	0.000e+00
178373.50	0.000e+00	0.000e+00	0.000e+00
178374.50	0.000e+00	0.000e+00	0.000e+00
178375.50	0.000e+00	0.000e+00	0.000e+00
178376.50	0.000e+00	0.000e+00	0.000e+00
178377.50	0.000e+00	0.000e+00	0.000e+00
178378.50	0.000e+00	0.000e+00	0.000e+00
178379.50	0.000e+00	0.000e+00	0.000e+00
178380.50	0.000e+00	0.000e+00	0.000e+00
178381.50	0.000e+00	0.000e+00	0.000e+00
178382.50	0.000e+00	0.000e+00	0.000e+00
178383.50	0.000e+00	0.000e+00	0.000e+00
178384.50	0.000e+00	0.000e+00	0.000e+00
178385.50	0.000e+00	0.000e+00	0.000e+00
178386.50	0.000e+00	0.000e+00	0.000e+00
178387.50	0.000e+00	0.000e+00	0.000e+00
178388.50	0.000e+00	0.000e+00	0.000e+00
178389.50	0.000e+00	0.000e+00	0.000e+00
178390.50	0.000e+00	0.000e+00	0.000e+00
178391.50	0.000e+00	0.000e+00	0.000e+00
178392.50	0.000e+00	0.000e+00	0.000e+00
178393.50	0.000e+00	0.000e+00	0.000e+00
178394.50	0.000e+00	0.000e+00	0.000e+00
178395.50	0.000e+00	0.000e+00	0.000e+00
178396.50	0.000e+00	0.000e+00	0.000e+00
178397.50	0.000e+00	0.000e+00	0.000e+00
178398.50	0.000e+00	0.000e+00	0.000e+00
178399.50	0.000e+00	0.000e+00	0.000e+00
178400.50	0.000e+00	0.000e+00	0.000e+00
178401.50	0.000e+00	0.000e+00	0.000e+00
178402.50	0.000e+00	0.000e+00	0.000e+00
178403.50	0.000e+00	0.000e+00	0.000e+00
178404.50	0.000e+00	0.000e+00	0.000e+00
178405.50	0.000e+00	0.000e+00	0.000e+00
178406.50	0.000e+00	0.000e+00	0.000e+00
178407.50	0.000e+00	0.000e+00	0.000e+00
178408.50	0.000e+00	0.000e+00	0.000e+00
178409.50	0.000e+00	0.000e+00	0.000e+00
178410.50	0.000e+00	0.000e+00	0.000e+00
178411.50	0.000e+00	0.000e+00	0.000e+00
178412.50	0.000e+00	0.000e+00	0.000e+00
178413.50	0.000e+00	0.000e+00	0.000e+00
178414.50	0.000e+00	0.000e+00	0.000e+00
178415.50	0.000e+00	0.000e+00	0.000e+00
178416.50	0.000e+00	0.000e+00	0.000e+00
178417.50	0.000e+00	0.000e+00	0.000e+00
178418.50	0.000e+00	0.000e+00	0.000e+00
178419.50	0.000e+00	0.000e+00	0.000e+00
178420.50	0.000e+00	0.000e+00	0.000e+00
178421.50	0.000e+00	0.000e+00	0.000e+00
178422.50	0.000e+00	0.000e+00	0.000e+00
178423.50	0.000e+00	0.000e+00	0.000e+00
178424.50	0.000e+00	0.000e+00	0.000e+00
178425.50	0.000e+00	0.000e+00	0.000e+00
178426.50	0.000e+00	0.000e+00	0.000e+00
178427.50	0.000e+00	0.000e+00	0.000e+00
178428.50	0.000e+00	0.000e+00	0.000e+00
178429.50	0.000e+00	0.000e+00	0.000e+00
178430.50	0.000e+00	0.000e+00	0.000e+00
178431.50	0.000e+00	0.000e+00	0.000e+00
178432.50	0.000e+00	0.000e+00	0.000e+00
178433.50	0.000e+00	0.000e+00	0.000e+00
178434.50	0.000e+00	0.000e+00	0.000e+00
178435.50	0.000e+00	0.000e+00	0.000e+00
178436.50	0.000e+00	0.000e+00	0.000e+00
178437.50	0.000e+00	0.000e+00	0.000e+00
178438.50	0.000e+00	0.000e+00	0.000e+00
178439.50	0.000e+00	0.000e+00	0.000e+00
178440.50	0.000e+00	0.000e+00	0.000e+00
178441.50	0.000e+00	0.000e+00	0.000e+00
178442.50	0.000e+00	0.000e+00	0.000e+00
178443.50	0.000e+00	0.000e+00	0.000e+00
178444.50	0.000e+00	0.000e+00	0.000e+00
178445.50	0.000e+00	0.000e+00	0.000e+00
178446.50	0.000e+00	0.000e+00	0.000e+00
178447.50	0.000e+00	0.000e+00	0.000e+00
178448.50	0.000e+00	0.000e+00	0.000e+00
178449.50	0.000e+00	0.000e+00	0.000e+00
178450.50	0.000e+00	0.000e+00	0.000e+00
178451.50	0.000e+00	0.000e+00	0.000e+00
178452.50	0.000e+00	0.000e+00	0.000e+00
178453.50	0.000e+00	0.000e+00	0.000e+00
178454.50	0.000e+00	0.000e+00	0.000e+00
178455.50	0.000e+00	0.000e+00	0.000e+00
178456.50	0.000e+00	0.000e+00	0.000e+00
178457.50	0.000e+00	0.000e+00	0.000e+00
178458.50	0.000e+00	0.000e+00	0.000e+00
178459.50	0.000e+00	0.000e+00	0.000e+00
178460.50	0.000e+00	0.000e+00	0.000e+00
178461.50	0.000e+00	0.000e+00	0.000e+00
178462.50	0.000e+00	0.000e+00	0.000e+00
178463.50	0.000e+00	0.000e+00	0.000e+00
178464.50	0.000e+00	0.000e+00	0.000e+00
178465.50	0.000e+00	0.000e+00	0.000e+00
178466.50	0.000e+00	0.000e+00	0.000e+00
178467.50	0.000e+00	0.000e+00	0.000e+00
178468.50	0.000e+00	0.000e+00	0.000e+00
178469.50	0.000e+00	0.000e+00	0.000e+00
178470.50	0.000e+00	0.000e+00	0.000e+00
178471.50	0.000e+00	0.000e+00	0.000e+00
178472.50	0.000e+00	0.000e+00	0.000e+00
178473.50	0.000e+00	0.000e+00	0.000e+00
178474.50	0.000e+00	0.000e+00	0.000e+00
178475.50	0.000e+00	0.000e+00	0.000e+00
178476.50	0.000e+00	0.000e+00	0.000e+00
178477.50	0.000e+00	0.000e+00	0.000e+00
178478.50	0.000e+00	0.000e+00	0.000e+00
178479.50	0.000e+00	0.000e+00	0.000e+00
178480.50	0.000e+00	0.000e+00	0.000e+00
178481.50	0.000e+00	0.000e+00	0.000e+00
178482.50	0.000e+00	0.000e+00	0.000e+00
178483.50	0.000e+00	0.000e+00	0.000e+00
178484.50	0.000e+00	0.000e+00	0.000e+00
178485.50	0.000e+00	0.000e+00	0.000e+00
178486.50	0.000e+00	0.000e+00	0.000e+00
178487.50	0.000e+00	0.000e+00	0.000e+00
178488.50	0.000e+00	0.000e+00	0.000e+00
178489.50	0.000e+00	0.000e+00	0.000e+00
178490.50	0.000e+00	0.000e+00	0.000e+00
178491.50	0.000e+00	0.000e+00	0.000e+00
178492.50	0.000e+00	0.000e+00	0.000e+00
178493.50	0.000e+00	0.000e+00	0.000e+00
178494.50	0.000e+00	0.000e+00	0.000e+00
178495.50	0.000e+00	0.000e+00	0.000e+00
178496.50	0.000e+00	0.000e+00	0.000e+00
178497.50	0.000e+00	0.000e+00	0.000e+00
178498.50	0.000e+00	0.000e+00	0.000e+00
178499.50	0.000e+00	0.000e+00	0.000e+00
178500.50	0.000e+00	0.000e+00	0.000e+00
178501.50	0.000e+00	0.000e+00	0.000e+00
178502.50	0.000e+00	0.000e+00	0.000e+00
178503.50	0.000e+00	0.000e+00	0.000e+00
178504.50	0.000e+00	0.000e+00	0.000e+00
178505.50	0.000e+00	0.000e+00	0.000e+00
178506.50	0.000e+00	0.000e+00	0.000e+00
178507.50	0.000e+00	0.000e+00	0.000e+00
178508.50	0.000e+00	0.000e+00	0.000e+00
178509.50	0.000e+00	0.000e+00	0.000e+00
178510.50	0.000e+00	0.000e+00	0.000e+00
178511.50	0.000e+00	0.000e+00	0.000e+00
178512.50	0.000e+00	0.000e+00	0.000e+00
178513.50	0.000e+00	0.000e+00	0.000e+00
178514.50	0.000e+00	0.000e+00	0.000e+00
178515.50	0.000e+00	0.000e+00	0.000e+00
178516.50	0.000e+00	0.000e+00	0.000e+00
178517.50	0.000e+00	0.000e+00	0.000e+00
178518.50	0.000e+00	0.000e+00	0.000e+00
178519.50	0.000e+00	0.000e+00	0.000e+00
178520.50	0.000e+00	0.000e+00	0.000e+00
178521.50	0.000e+00	0.000e+00	0.000e+00
178522.50	0.000e+00	0.000e+00	0.000e+00
178523.50	0.000e+00	0.000e+00	0.000e+00
178524.50	0.000e+00	0.000e+00	0.000e+00
178525.50	0.000e+00	0.000e+00	0.000e+00
178526.50	0.000e+00	0.000e+00	0.000e+00
178527.50	0.000e+00	0.000e+00	0.000e+00
178528.50	0.000e+00	0.000e+00	0.000e+00
178529.50	0.000e+00	0.000e+00	0.000e+00
178530.50	0.000e+00	0.000e+00	0.000e+00
178531.50	0.000e+00	0.000e+00	0.000e+00
178532.50	0.000e+00	0.000e+00	0.000e+00
178533.50	0.000e+00	0.000e+00	0.000e+00
178534.50	0.000e+00	0.000e+00	0.000e+00
178535.50	0.000e+00	0.000e+00	0.000e+00
178536.50	0.000e+00	0.000e+00	0.000e+00
178537.50	0.000e+00	0.000e+00	0.000e+00
178538.50	0.000e+00	0.000e+00	0.000e+00
178539.50	0.000e+00	0.000e+00	0.000e+00
178540.50	0.000e+00	0.000e+00	0.000e+00
178541.50	0.000e+00	0.000e+00	0.000e+00
178542.50	0.000e+00	0.000e+00	0.000e+00
178543.50	1.709e-05	-7.430e-04	-3.101e-04
178544.50	1.219e-04	-2.256e-03	-3.254e-03
178545.50	-1.315e-04	4.157e-03	6.106e-03
178546.50	-5.386e-05	2.246e-04	2.534e-03
178547.50	8.390e-05	2.074e-03	-3.984e-03
178548.50	-1.008e-04	-5.338e-03	3.389e-03
178549.50	-8.170e-05	2.659e-03	2.698e-03
178550.50	8.794e-05	-2.870e-03	-1.958e-03
178551.50	1.027e-04	1.066e-03	-3.571e-03
178552.50	-1.075e-04	9.110e-04	2.112e-03
178553.50	5.280e-05	7.181e-05	-1.488e-03
178554.50	-3.062e-05	2.198e-04	7.402e-04
178555.50	-1.517e-05	-7.738e-04	4.848e-04
178556.50	2.506e-04	6.355e-03	-2.678e-02
178557.50	2.794e-04	-2.755e-02	-4.934e-03
178558.50	1.008e-03	-3.206e-03	-2.592e-02
178559.50	-2.342e-04	9.187e-03	7.238e-03
178560.50	-5.165e-04	1.824e-02	1.402e-02
178561.50	2.774e-03	2.045e-02	-4.512e-02
178562.50	-4.224e-03	-1.862e-01	1.546e-01
178563.50	5.635e-02	-1.210e+01	-1.469e+00
178564.50	5.376e-01	-7.642e+01	-1.402e+01
178565.50	1.229e+00	-1.805e+02	-3.110e+01
178566.50	2.496e+00	-3.005e+02	-6.182e+01
178567.50	1.613e+00	-3.379e+02	-3.744e+01
178568.50	1.584e+00	-2.390e+02	-3.648e+01
178569.50	7.642e-01	-5.443e+01	-1.603e+01
178570.50	-2.237e-01	-7.766e+00	7.891e+00
178571.50	-4.224e-01	3.859e+01	1.181e+01
178572.50	-2.026e-01	5.702e+01	6.230e+00
178573.50	-5.674e-01	6.413e+01	1.469e+01
178574.50	-6.413e-01	6.490e+01	1.584e+01
178575.50	-5.376e-01	6.480e+01	1.344e+01
178576.50	-4.282e-01	6.125e+01	1.037e+01
178577.50	-4.099e-01	6.432e+01	9.984e+00
178578.50	-4.560e-01	5.059e+01	1.123e+01
178579.50	-2.419e-01	5.290e+01	5.414e+00
178580.50	-8.419e-02	4.291e+01	2.016e+00
178581.50	2.035e-03	4.243e+01	-3.014e-01
178582.50	-2.275e-01	3.773e+01	5.261e+00
178583.50	-2.765e-01	3.994e+01	6.787e+00
178584.50	-1.622e-01	3.168e+01	3.763e+00
178585.50	-1.373e-01	2.976e+01	2.986e+00
178586.50	-3.658e-01	2.563e+01	8.784e+00
178587.50	-1.565e-01	2.141e+01	3.648e+00
178588.50	-2.006e-01	2.573e+01	4.618e+00
178589.50	-2.304e-02	2.381e+01	5.674e-01
178590.50	3.926e-02	2.381e+01	-9.888e-01
178591.50	-7.651e-02	1.661e+01	1.651e+00
178592.50	-1.555e-01	1.738e+01	3.590e+00
178593.50	-1.027e-01	1.651e+01	2.429e+00
178594.50	-7.027e-02	1.728e+01	1.536e+00
178595.50	-1.046e-01	1.421e+01	2.371e+00
178596.50	-1.584e-01	1.450e+01	3.590e+00
178597.50	-1.344e-01	1.229e+01	3.149e+00
178598.50	-1.123e-01	1.210e+01	2.525e+00
178599.50	-1.238e-01	1.258e+01	2.784e+00
178600.50	-3.946e-02	1.258e+01	8.006e-01
178601.50	-1.526e-02	9.696e+00	2.976e-01
178602.50	-3.965e-02	8.515e+00	7.882e-01
178603.50	-1.018e-01	9.888e+00	2.256e+00
178604.50	-1.507e-02	8.016e+00	1.958e-01
178605.50	-7.162e-02	7.469e+00	1.651e+00
178606.50	-3.619e-02	6.931e+00	6.797e-01
178607.50	-7.546e-02	7.238e+00	1.747e+00
178608.50	-3.782e-02	6.528e+00	7.670e-01
178609.50	9.005e-03	5.290e+00	-1.613e-01
178610.50	-4.262e-03	5.174e+00	-1.699e-02
178611.50	-6.317e-02	7.872e+00	1.498e+00
178612.50	-4.992e-02	5.549e+00	1.190e+00
178613.50	-6.451e-02	4.800e+00	1.296e+00
178614.50	-1.603e-02	4.378e+00	2.064e-01
178615.50	-4.579e-02	4.032e+00	9.792e-01
178616.50	-4.579e-02	4.272e+00	9.888e-01
178617.50	3.648e-03	4.637e+00	-2.093e-01
178618.50	-7.603e-02	3.744e+00	1.603e+00
178619.50	-2.832e-02	3.437e+00	6.710e-01
178620.50	2.986e-03	2.861e+00	-1.622e-01
178621.50	-2.486e-02	2.957e+00	5.664e-01
178622.50	-1.027e-02	2.832e+00	2.170e-01
178623.50	-3.734e-02	4.032e+00	8.582e-01
178624.50	4.598e-03	3.350e+00	-1.325e-01
178625.50	-1.459e-02	2.016e+00	2.266e-01
178626.50	-3.696e-02	2.899e+00	8.064e-01
178627.50	-9.322e-03	2.381e+00	1.306e-01
178628.50	-4.877e-02	1.238e+00	1.037e+00
178629.50	3.398e-03	2.448e+00	-1.709e-01
178630.50	-1.421e-02	2.515e+00	2.390e-01
178631.50	-2.602e-02	2.669e+00	6.336e-01
178632.50	-5.405e-03	9.168e-01	1.478e-01
178633.50	8.429e-03	1.382e+00	-1.670e-01
178634.50	-1.920e-02	1.670e+00	3.744e-01
178635.50	-1.152e-02	1.555e+00	2.592e-01
178636.50	-1.114e-02	1.603e+00	2.573e-01
178637.50	-2.506e-02	2.323e+00	6.528e-01
178638.50	1.200e-03	1.382e+00	-1.670e-04
178639.50	-8.995e-03	1.632e+00	1.574e-01
178640.50	-3.110e-02	1.344e+00	6.230e-01
178641.50	-1.747e-02	1.478e+00	4.138e-01
178642.50	-8.227e-03	1.642e+00	1.450e-01
178643.50	-1.478e-02	1.267e+00	2.611e-01
178644.50	-1.430e-02	1.334e+00	3.379e-01
178645.50	-2.122e-02	1.046e+00	4.224e-01
178646.50	-6.998e-05	6.374e-01	1.306e-02
178647.50	-1.190e-02	6.797e-01	1.478e-01
178648.50	3.514e-03	1.075e+00	-8.909e-02
178649.50	-2.381e-02	1.382e+00	5.779e-01
178650.50	1.738e-02	7.853e-01	-3.350e-01
178651.50	-8.755e-03	8.006e-01	8.957e-02
178652.50	-3.629e-02	1.075e+00	8.957e-01
178653.50	7.046e-03	1.248e+00	-2.602e-01
178654.50	7.555e-03	-3.610e-02	-2.419e-01
178655.50	1.853e-02	8.899e-01	-3.926e-01
178656.50	-3.437e-03	1.085e-01	5.184e-02
178657.50	-5.213e-04	6.854e-01	1.133e-02
178658.50	-5.664e-03	6.893e-01	6.614e-02
178659.50	-6.326e-03	3.658e-01	7.565e-02
178660.50	1.507e-02	5.414e-01	-3.456e-01
178661.50	5.645e-03	5.222e-01	-3.485e-02
178662.50	9.293e-04	8.016e-01	-3.062e-02
178663.50	-3.504e-02	5.597e-01	8.323e-01
178664.50	-2.707e-02	-6.672e-02	5.597e-01
178665.50	3.581e-03	6.730e-01	-7.498e-02
178666.50	-1.315e-02	5.357e-01	2.669e-01
178667.50	4.272e-03	2.467e-01	-7.075e-02
178668.50	9.418e-03	7.171e-01	-2.515e-01
178669.50	1.757e-02	6.538e-01	-4.243e-01
178670.50	-1.526e-02	3.245e-01	3.101e-01
178671.50	-1.459e-02	2.074e-01	3.994e-01
178672.50	4.253e-03	6.077e-01	-1.258e-02
178673.50	-1.440e-03	4.944e-02	-6.922e-02
178674.50	-2.995e-02	2.400e-01	6.605e-01
178675.50	-1.094e-03	4.982e-01	3.034e-03
178676.50	-8.544e-03	4.762e-01	1.670e-01
178677.50	-8.832e-03	-4.042e-02	1.517e-01
178678.50	3.168e-04	3.840e-01	-6.816e-03
178679.50	4.810e-03	5.578e-01	-1.334e-01
178680.50	-7.181e-03	3.782e-01	7.930e-02
178681.50	4.416e-03	1.450e-01	-8.794e-02
178682.50	9.034e-03	3.926e-01	-1.661e-01
178683.50	1.114e-02	-6.970e-02	-3.110e-01
178684.50	-1.603e-02	-5.654e-02	2.918e-01
178685.50	5.270e-04	4.368e-01	-7.114e-02
178686.50	5.846e-03	2.890e-01	-1.171e-01
178687.50	-2.208e-03	1.018e-01	7.920e-02
178688.50	-8.122e-03	4.195e-01	1.507e-01
178689.50	-2.323e-03	2.016e-01	-4.714e-03
178690.50	1.267e-03	4.925e-01	2.362e-02
178691.50	-1.555e-02	2.880e-01	3.082e-01
178692.50	1.037e-02	2.266e-03	-2.064e-01
178693.50	7.363e-04	8.227e-02	1.075e-02
178694.50	-3.312e-03	5.789e-02	1.181e-01
178695.50	5.107e-03	6.317e-02	-2.458e-01
178696.50	-9.283e-04	1.200e-01	8.755e-02
178697.50	3.792e-03	3.542e-01	-9.322e-02
178698.50	-1.526e-02	2.746e-02	3.226e-01
178699.50	-3.994e-03	7.901e-02	9.168e-02
178700.50	-1.862e-02	7.747e-02	3.437e-01
178701.50	1.306e-03	3.946e-01	-2.150e-02
178702.50	3.984e-03	1.056e-01	5.482e-02
178703.50	-1.238e-02	1.402e-01	1.565e-01
178704.50	-6.538e-03	1.478e-01	1.210e-01
178705.50	1.488e-02	2.304e-01	-2.381e-01
178706.50	-1.354e-02	-1.066e-01	2.352e-01
178707.50	3.053e-03	1.661e-01	-9.600e-02
178708.50	-1.565e-03	2.400e-01	9.523e-02
178709.50	1.162e-02	1.891e-01	-2.045e-01
178710.50	8.486e-03	3.590e-01	-2.995e-01
178711.50	-1.363e-02	5.472e-02	2.496e-01
178712.50	-9.984e-03	-3.254e-02	1.805e-01
178713.50	-2.323e-02	9.523e-02	4.234e-01
178714.50	7.277e-03	-9.456e-02	-5.846e-02
178715.50	8.909e-03	5.722e-01	-1.642e-01
178716.50	-7.690e-05	-1.094e-01	-2.861e-02
178717.50	1.171e-02	1.334e-01	-2.477e-01
178718.50	-2.890e-03	2.131e-01	8.659e-02
178719.50	5.770e-03	-1.565e-01	-1.555e-01
178720.50	5.568e-05	5.338e-02	-2.381e-02
178721.50	-1.085e-02	2.678e-01	1.555e-01
178722.50	-1.104e-03	7.459e-02	4.186e-02
178723.50	-3.629e-03	-1.872e-02	8.429e-02
178724.50	1.373e-03	3.590e-02	3.590e-02
178725.50	-1.709e-03	3.254e-01	2.822e-02
178726.50	-3.600e-03	-9.514e-03	3.888e-02
178727.50	5.011e-03	1.162e-01	-9.542e-02
178728.50	-4.368e-03	2.976e-02	1.651e-01
178729.50	-9.984e-03	-3.955e-02	2.448e-01
178730.50	7.152e-03	7.258e-02	-1.411e-01
178731.50	-2.093e-02	7.747e-03	4.272e-01
178732.50	-3.802e-03	-1.459e-01	9.034e-02
178733.50	3.571e-03	1.805e-01	-6.566e-02
178734.50	4.656e-03	9.696e-02	-1.200e-01
178735.50	3.187e-03	3.504e-02	-5.539e-02
178736.50	2.208e-03	6.029e-02	-9.149e-02
178737.50	-8.515e-03	7.507e-02	1.517e-01
178738.50	1.114e-03	-1.133e-02	-6.154e-02
178739.50	2.381e-03	-6.384e-02	-8.246e-03
178740.50	-5.501e-03	2.179e-01	1.526e-01
178741.50	-3.082e-03	3.014e-01	4.042e-02
178742.50	6.307e-03	-9.082e-02	-1.469e-01
178743.50	-9.379e-04	1.882e-02	4.378e-02
178744.50	-6.038e-03	-4.474e-02	1.344e-01
178745.50	-6.979e-03	7.421e-02	1.517e-01
178746.50	-5.731e-03	5.962e-02	1.373e-01
178747.50	2.746e-03	-5.088e-02	-6.010e-02
178748.50	-2.650e-03	1.046e-01	6.643e-02
178749.50	-1.402e-02	1.354e-01	3.082e-01
178750.50	-8.534e-03	9.062e-02	1.670e-01
178751.50	3.283e-03	2.506e-01	-5.635e-02
178752.50	9.350e-03	-6.451e-02	-2.496e-01
178753.50	1.930e-03	-1.152e-01	-7.238e-02
178754.50	5.443e-03	8.006e-02	-1.603e-01
178755.50	3.283e-03	8.112e-02	-6.624e-02
178756.50	-5.261e-03	-1.018e-01	6.288e-02
178757.50	3.331e-03	4.330e-02	-2.794e-02
178758.50	4.694e-03	1.411e-01	-1.075e-01
178759.50	2.477e-03	5.645e-02	-5.309e-02
178760.50	2.150e-04	-2.918e-01	-2.352e-02
178761.50	1.872e-03	9.590e-02	-6.422e-02
178762.50	-6.970e-03	1.142e-01	1.469e-01
178763.50	-3.005e-03	3.091e-01	3.130e-02
178764.50	-4.445e-03	8.352e-02	3.120e-02
178765.50	-1.747e-04	-8.285e-02	-6.154e-03
178766.50	3.994e-04	-1.738e-01	3.840e-02
178767.50	-1.440e-03	9.600e-03	-9.888e-03
178768.50	-3.782e-03	-7.354e-02	9.293e-02
178769.50	-8.035e-03	2.371e-02	1.862e-01
178770.50	5.098e-03	1.651e-01	-2.832e-02
178771.50	-3.936e-03	9.504e-02	6.941e-02
178772.50	3.581e-03	5.827e-02	-1.008e-01
178773.50	-2.285e-03	-8.410e-02	-1.008e-03
178774.50	-1.325e-04	5.683e-02	2.947e-03
178775.50	2.352e-03	1.680e-01	-3.427e-02
178776.50	4.013e-03	-4.637e-02	-5.952e-02
178777.50	1.075e-02	7.613e-02	-2.621e-01
178778.50	-5.635e-03	1.421e-01	1.142e-01
178779.50	-3.014e-03	2.842e-02	1.066e-01
178780.50	-4.320e-03	-1.104e-01	6.298e-02
178781.50	-1.824e-03	-2.054e-01	2.832e-02
178782.50	2.803e-03	4.051e-02	-2.774e-03
178783.50	-2.323e-03	5.549e-02	1.594e-02
178784.50	-1.229e-03	1.661e-02	1.277e-02
178785.50	-7.555e-03	-2.563e-01	1.008e-01
178786.50	-1.248e-03	5.434e-02	4.099e-02
178787.50	3.245e-03	1.411e-01	-5.251e-02
178788.50	-2.669e-03	1.277e-01	1.229e-02
178789.50	-1.392e-03	-1.661e-02	-3.946e-02
178790.50	4.253e-03	6.086e-02	-3.542e-02
178791.50	4.320e-03	-6.922e-03	-1.670e-02
178792.50	-1.718e-03	3.254e-02	-2.006e-03
178793.50	-3.542e-03	3.158e-02	1.085e-01
178794.50	1.565e-03	-1.776e-01	-3.014e-02
178795.50	3.629e-04	2.198e-01	-1.843e-02
178796.50	3.024e-03	1.930e-01	-2.064e-02
178797.50	4.349e-03	-2.822e-02	-9.427e-02
178798.50	-4.387e-03	-1.114e-01	1.296e-01
178799.50	2.928e-03	-1.430e-01	-3.504e-02
178800.50	-7.555e-04	5.510e-02	-3.898e-02
178801.50	-5.693e-03	-1.786e-02	9.158e-02
178802.50	-2.582e-03	-1.805e-02	5.616e-02
178803.50	1.776e-03	2.918e-02	-3.581e-02
178804.50	-1.248e-03	2.285e-02	1.267e-02
178805.50	2.362e-03	3.859e-02	1.632e-02
178806.50	1.085e-02	-6.778e-03	-1.738e-01
178807.50	-1.334e-03	-4.176e-02	4.531e-02
178808.50	-1.018e-02	-1.354e-01	1.958e-01
178809.50	-1.440e-04	-1.018e-01	2.400e-02
178810.50	7.680e-05	5.078e-02	-5.155e-02
178811.50	5.693e-03	-2.784e-02	-6.019e-02
178812.50	3.110e-03	1.450e-01	-3.715e-02
178813.50	-6.115e-03	5.818e-02	8.150e-02
178814.50	-5.741e-03	5.981e-02	8.198e-02
178815.50	2.822e-03	1.085e-01	-2.573e-02
178816.50	-1.114e-03	3.350e-02	1.824e-02
178817.50	3.542e-03	1.219e-01	-1.498e-01
178818.50	3.091e-03	9.984e-02	-1.354e-01
178819.50	-5.866e-03	-5.290e-02	1.219e-01
178820.50	-4.166e-03	-3.418e-02	6.730e-02
178821.50	3.437e-03	-1.296e-01	-8.774e-02
178822.50	-4.339e-03	-9.293e-02	1.286e-01
178823.50	-4.483e-03	-6.134e-02	7.834e-02
178824.50	-1.123e-02	4.282e-02	1.862e-01
178825.50	-5.712e-04	9.178e-02	9.888e-03
178826.50	-1.248e-03	1.891e-02	5.491e-02
178827.50	-2.573e-03	1.709e-05	3.686e-02
178828.50	3.187e-03	3.427e-02	-6.970e-02
178829.50	2.448e-03	-5.030e-02	-5.338e-02
178830.50	2.803e-04	3.245e-02	-4.656e-03
178831.50	-7.642e-03	-4.435e-02	9.494e-02
178832.50	8.602e-03	-7.306e-02	-1.651e-01
178833.50	-5.155e-05	1.075e-01	2.784e-02
178834.50	1.766e-03	6.643e-02	-4.349e-02
178835.50	-9.437e-03	1.181e-01	1.690e-01
178836.50	-1.834e-03	-6.806e-02	8.429e-02
178837.50	2.390e-03	-3.187e-02	-5.222e-02
178838.50	-1.046e-03	6.067e-02	-1.709e-02
178839.50	-2.678e-03	-5.549e-02	1.133e-01
178840.50	5.338e-03	3.754e-02	-1.354e-01
178841.50	-3.782e-04	3.043e-02	5.232e-02
178842.50	8.016e-03	-6.653e-02	-1.488e-01
178843.50	6.883e-04	1.440e-03	-4.310e-02
178844.50	3.514e-03	-6.422e-02	-5.693e-02
178845.50	2.928e-03	-5.462e-02	-5.434e-02
178846.50	1.325e-04	-9.360e-02	-2.400e-02
178847.50	3.926e-03	8.621e-02	-1.229e-01
178848.50	-2.918e-03	1.286e-01	7.642e-02
178849.50	-3.043e-03	4.070e-02	1.219e-01
178850.50	5.626e-03	2.131e-03	-1.334e-01
178851.50	-8.602e-04	4.675e-02	1.373e-02
178852.50	1.363e-03	-2.957e-02	2.966e-02
178853.50	-6.816e-03	4.243e-02	8.150e-02
178854.50	-9.600e-03	1.392e-01	1.728e-01
178855.50	5.338e-03	-1.171e-01	-3.907e-02
178856.50	3.245e-03	-5.674e-02	-5.750e-02
178857.50	2.179e-03	2.563e-02	-7.402e-02
178858.50	-7.718e-03	-4.282e-02	1.469e-01
178859.50	-3.005e-03	-1.795e-02	6.499e-02
178860.50	4.810e-03	2.669e-02	-8.717e-02
178861.50	9.283e-03	5.078e-02	-1.738e-01
178862.50	1.958e-03	9.082e-03	-6.067e-02
178863.50	-4.637e-03	-2.899e-02	7.498e-02
178864.50	8.582e-05	-1.718e-02	-1.085e-02
178865.50	2.976e-03	1.046e-02	-1.469e-02
178866.50	3.571e-03	-6.989e-02	-4.550e-03
178867.50	-5.117e-04	1.200e-02	-1.814e-02
178868.50	7.229e-05	9.696e-02	-9.984e-03
178869.50	-1.987e-03	-6.490e-02	2.621e-02
178870.50	-5.155e-03	3.322e-02	7.997e-02
178871.50	-3.734e-03	-2.227e-02	6.048e-02
178872.50	-1.411e-03	-1.075e-01	3.619e-02
178873.50	7.958e-04	4.358e-03	-1.747e-02
178874.50	2.093e-03	1.574e-02	-6.989e-02
178875.50	5.933e-03	-4.368e-02	-1.094e-01
178876.50	-6.144e-03	3.590e-03	9.245e-02
178877.50	-7.853e-04	-8.554e-03	6.960e-02
178878.50	-3.523e-03	6.797e-02	5.885e-02
178879.50	-3.619e-03	3.629e-02	2.218e-02
178880.50	2.410e-03	-2.093e-03	-2.688e-02
178881.50	-2.688e-03	3.725e-02	4.570e-02
178882.50	-1.891e-03	-3.091e-02	5.664e-02
178883.50	2.544e-03	3.158e-03	-6.586e-02
178884.50	9.494e-04	-6.038e-02	-4.214e-02
178885.50	-2.736e-03	-1.584e-02	5.875e-02
178886.50	2.544e-03	-7.066e-02	-4.387e-02
178887.50	-2.458e-03	1.085e-01	4.445e-02
178888.50	3.178e-03	1.824e-01	-5.069e-02
178889.50	2.448e-04	-5.683e-02	-2.467e-02
178890.50	5.549e-03	-9.475e-02	-9.792e-02
178891.50	4.262e-03	8.698e-02	-9.696e-02
178892.50	2.957e-03	-1.219e-01	-6.336e-02
178893.50	-1.114e-03	-1.008e-01	4.877e-02
178894.50	-1.190e-03	1.440e-02	3.802e-02
178895.50	1.382e-03	5.894e-02	-2.381e-02
178896.50	1.718e-03	1.498e-03	-8.016e-05
178897.50	7.181e-04	1.133e-02	-5.491e-02
178898.50	-4.829e-03	-7.152e-02	1.085e-01
178899.50	-2.170e-03	-4.445e-02	3.571e-02
178900.50	-2.035e-03	1.037e-01	4.646e-02
178901.50	-4.186e-03	-5.798e-03	5.530e-02
178902.50	-3.293e-03	4.080e-03	6.288e-02
178903.50	4.262e-03	4.762e-02	-5.942e-02
178904.50	2.880e-03	8.880e-02	-4.483e-02
178905.50	2.995e-03	4.262e-03	-5.616e-02
178906.50	5.875e-04	5.462e-03	-4.838e-02
178907.50	-1.939e-03	-1.094e-02	-3.370e-03
178908.50	1.181e-03	4.790e-02	-2.131e-02
178909.50	-1.728e-03	-6.691e-02	4.771e-02
178910.50	-1.430e-04	-2.074e-02	4.445e-03
178911.50	1.037e-03	1.421e-01	9.600e-03
178912.50	-3.283e-03	-5.462e-02	8.794e-02
178913.50	3.715e-03	2.832e-02	-4.387e-02
178914.50	-3.869e-03	-1.152e-01	5.942e-02
178915.50	-3.043e-04	6.278e-02	-4.733e-02
178916.50	-2.304e-03	4.666e-02	4.291e-02
178917.50	-4.963e-04	-5.712e-02	-7.210e-04
178918.50	4.752e-03	-8.448e-02	-9.590e-02
178919.50	-1.536e-03	-7.507e-02	1.526e-02
178920.50	-1.507e-03	8.333e-02	1.210e-02
178921.50	-5.299e-04	-6.422e-02	9.984e-05
178922.50	-4.253e-03	-3.590e-02	8.621e-02
178923.50	1.459e-04	5.242e-02	-4.493e-03
178924.50	8.554e-04	7.286e-02	-1.382e-02
178925.50	-1.958e-03	3.773e-02	4.858e-03
178926.50	7.958e-04	-4.387e-02	-2.861e-02
178927.50	3.091e-04	8.957e-03	-2.189e-02
178928.50	2.266e-03	4.214e-02	-5.760e-02
178929.50	4.704e-03	-7.978e-02	-3.101e-02
178930.50	-7.622e-03	5.357e-02	1.584e-01
178931.50	-8.323e-04	-1.219e-01	-3.014e-02
178932.50	1.018e-03	1.027e-01	-1.248e-02
178933.50	-1.402e-04	-1.450e-02	-1.075e-02
178934.50	9.082e-04	4.195e-02	-5.798e-02
178935.50	2.438e-03	7.910e-03	-2.371e-02
178936.50	2.746e-04	2.458e-02	3.763e-02
178937.50	-4.109e-06	5.414e-03	3.360e-02
178938.50	1.478e-03	5.472e-02	-2.669e-02
178939.50	-3.600e-03	-2.698e-03	5.808e-02
178940.50	-3.168e-03	-1.651e-02	8.141e-02
178941.50	1.008e-02	-4.118e-02	-1.440e-01
178942.50	1.133e-03	-2.918e-02	-8.381e-03
178943.50	1.526e-02	6.134e-02	-9.370e-02
178944.50	-2.688e-03	3.811e-02	-1.229e-02
178945.50	-4.358e-03	3.110e-02	4.147e-02
178946.50	-1.325e-03	-2.074e-02	2.813e-02
178947.50	-4.646e-04	-2.611e-02	-1.958e-02
178948.50	1.229e-02	-1.632e-02	-1.085e-01
178949.50	-3.648e-03	6.979e-02	-1.690e-02
178950.50	-1.930e-02	-6.720e-02	1.315e-01
178951.50	-7.469e-03	8.429e-03	4.733e-02
178952.50	2.160e-03	5.117e-02	-3.379e-02
178953.50	3.706e-03	-1.075e-02	-8.995e-03
178954.50	-2.544e-03	1.094e-02	4.906e-02
178955.50	-1.046e-03	-2.534e-03	4.752e-02
178956.50	-3.475e-03	-1.075e-02	1.411e-02
178957.50	-2.947e-03	1.776e-02	3.456e-02
178958.50	-1.450e-03	-2.429e-02	-4.253e-03
