178360.50	0.000e+00	0.000e+00	0.000e+00
178361.50	0.000e+00	0.000e+00	0.000e+00
178362.50	0.000e+00	0.000e+00	0.000e+00
178363.50	0.000e+00	0.000e+00	0.000e+00
178364.50	0.000e+00	0.000e+00	0.000e+00
178365.50	0.000e+00	0.000e+00	0.000e+00
178366.50	0.000e+00	0.000e+00	0.000e+00
178367.50	0.000e+00	0.000e+00	0.000e+00
178368.50	0.000e+00	0.000e+00	0.000e+00
178369.50	0.000e+00	0.000e+00	0.000e+00
178370.50	0.000e+00	0.000e+00	0.000e+00
178371.50	0.000e+00	0.000e+00	0.000e+00
178372.50	0.000e+00	0.000e+00	0.000e+00
178373.50	0.000e+00	0.000e+00	0.000e+00
178374.50	0.000e+00	0.000e+00	0.000e+00
178375.50	0.000e+00	0.000e+00	0.000e+00
178376.50	0.000e+00	0.000e+00	0.000e+00
178377.50	0.000e+00	0.000e+00	0.000e+00
178378.50	0.000e+00	0.000e+00	0.000e+00
178379.50	0.000e+00	0.000e+00	0.000e+00
178380.50	0.000e+00	0.000e+00	0.000e+00
178381.50	0.000e+00	0.000e+00	0.000e+00
178382.50	0.000e+00	0.000e+00	0.000e+00
178383.50	0.000e+00	0.000e+00	0.000e+00
178384.50	0.000e+00	0.000e+00	0.000e+00
178385.50	0.000e+00	0.000e+00	0.000e+00
178386.50	0.000e+00	0.000e+00	0.000e+00
178387.50	0.000e+00	0.000e+00	0.000e+00
178388.50	0.000e+00	0.000e+00	0.000e+00
178389.50	0.000e+00	0.000e+00	0.000e+00
178390.50	0.000e+00	0.000e+00	0.000e+00
178391.50	0.000e+00	0.000e+00	0.000e+00
178392.50	0.000e+00	0.000e+00	0.000e+00
178393.50	0.000e+00	0.000e+00	0.000e+00
178394.50	0.000e+00	0.000e+00	0.000e+00
178395.50	0.000e+00	0.000e+00	0.000e+00
178396.50	0.000e+00	0.000e+00	0.000e+00
178397.50	0.000e+00	0.000e+00	0.000e+00
178398.50	0.000e+00	0.000e+00	0.000e+00
178399.50	0.000e+00	0.000e+00	0.000e+00
178400.50	0.000e+00	0.000e+00	0.000e+00
178401.50	0.000e+00	0.000e+00	0.000e+00
178402.50	0.000e+00	0.000e+00	0.000e+00
178403.50	0.000e+00	0.000e+00	0.000e+00
178404.50	0.000e+00	0.000e+00	0.000e+00
178405.50	0.000e+00	0.000e+00	0.000e+00
178406.50	0.000e+00	0.000e+00	0.000e+00
178407.50	0.000e+00	0.000e+00	0.000e+00
178408.50	0.000e+00	0.000e+00	0.000e+00
178409.50	0.000e+00	0.000e+00	0.000e+00
178410.50	0.000e+00	0.000e+00	0.000e+00
178411.50	0.000e+00	0.000e+00	0.000e+00
178412.50	0.000e+00	0.000e+00	0.000e+00
178413.50	0.000e+00	0.000e+00	0.000e+00
178414.50	0.000e+00	0.000e+00	0.000e+00
178415.50	0.000e+00	0.000e+00	0.000e+00
178416.50	0.000e+00	0.000e+00	0.000e+00
178417.50	0.000e+00	0.000e+00	0.000e+00
178418.50	0.000e+00	0.000e+00	0.000e+00
178419.50	0.000e+00	0.000e+00	0.000e+00
178420.50	0.000e+00	0.000e+00	0.000e+00
178421.50	0.000e+00	0.000e+00	0.000e+00
178422.50	0.000e+00	0.000e+00	0.000e+00
178423.50	0.000e+00	0.000e+00	0.000e+00
178424.50	0.000e+00	0.000e+00	0.000e+00
178425.50	0.000e+00	0.000e+00	0.000e+00
178426.50	0.000e+00	0.000e+00	0.000e+00
178427.50	0.000e+00	0.000e+00	0.000e+00
178428.50	0.000e+00	0.000e+00	0.000e+00
178429.50	0.000e+00	0.000e+00	0.000e+00
178430.50	0.000e+00	0.000e+00	0.000e+00
178431.50	0.000e+00	0.000e+00	0.000e+00
178432.50	0.000e+00	0.000e+00	0.000e+00
178433.50	0.000e+00	0.000e+00	0.000e+00
178434.50	0.000e+00	0.000e+00	0.000e+00
178435.50	0.000e+00	0.000e+00	0.000e+00
178436.50	0.000e+00	0.000e+00	0.000e+00
178437.50	0.000e+00	0.000e+00	0.000e+00
178438.50	0.000e+00	0.000e+00	0.000e+00
178439.50	0.000e+00	0.000e+00	0.000e+00
178440.50	0.000e+00	0.000e+00	0.000e+00
178441.50	0.000e+00	0.000e+00	0.000e+00
178442.50	0.000e+00	0.000e+00	0.000e+00
178443.50	0.000e+00	0.000e+00	0.000e+00
178444.50	0.000e+00	0.000e+00	0.000e+00
178445.50	0.000e+00	0.000e+00	0.000e+00
178446.50	0.000e+00	0.000e+00	0.000e+00
178447.50	0.000e+00	0.000e+00	0.000e+00
178448.50	0.000e+00	0.000e+00	0.000e+00
178449.50	0.000e+00	0.000e+00	0.000e+00
178450.50	0.000e+00	0.000e+00	0.000e+00
178451.50	0.000e+00	0.000e+00	0.000e+00
178452.50	0.000e+00	0.000e+00	0.000e+00
178453.50	0.000e+00	0.000e+00	0.000e+00
178454.50	0.000e+00	0.000e+00	0.000e+00
178455.50	0.000e+00	0.000e+00	0.000e+00
178456.50	0.000e+00	0.000e+00	0.000e+00
178457.50	0.000e+00	0.000e+00	0.000e+00
178458.50	0.000e+00	0.000e+00	0.000e+00
178459.50	0.000e+00	0.000e+00	0.000e+00
178460.50	0.000e+00	0.000e+00	0.000e+00
178461.50	0.000e+00	0.000e+00	0.000e+00
178462.50	0.000e+00	0.000e+00	0.000e+00
178463.50	0.000e+00	0.000e+00	0.000e+00
178464.50	0.000e+00	0.000e+00	0.000e+00
178465.50	0.000e+00	0.000e+00	0.000e+00
178466.50	0.000e+00	0.000e+00	0.000e+00
178467.50	0.000e+00	0.000e+00	0.000e+00
178468.50	0.000e+00	0.000e+00	0.000e+00
178469.50	0.000e+00	0.000e+00	0.000e+00
178470.50	0.000e+00	0.000e+00	0.000e+00
178471.50	0.000e+00	0.000e+00	0.000e+00
178472.50	0.000e+00	0.000e+00	0.000e+00
178473.50	0.000e+00	0.000e+00	0.000e+00
178474.50	0.000e+00	0.000e+00	0.000e+00
178475.50	0.000e+00	0.000e+00	0.000e+00
178476.50	0.000e+00	0.000e+00	0.000e+00
178477.50	0.000e+00	0.000e+00	0.000e+00
178478.50	0.000e+00	0.000e+00	0.000e+00
178479.50	0.000e+00	0.000e+00	0.000e+00
178480.50	0.000e+00	0.000e+00	0.000e+00
178481.50	0.000e+00	0.000e+00	0.000e+00
178482.50	0.000e+00	0.000e+00	0.000e+00
178483.50	0.000e+00	0.000e+00	0.000e+00
178484.50	0.000e+00	0.000e+00	0.000e+00
178485.50	0.000e+00	0.000e+00	0.000e+00
178486.50	0.000e+00	0.000e+00	0.000e+00
178487.50	0.000e+00	0.000e+00	0.000e+00
178488.50	0.000e+00	0.000e+00	0.000e+00
178489.50	0.000e+00	0.000e+00	0.000e+00
178490.50	0.000e+00	0.000e+00	0.000e+00
178491.50	0.000e+00	0.000e+00	0.000e+00
178492.50	0.000e+00	0.000e+00	0.000e+00
178493.50	0.000e+00	0.000e+00	0.000e+00
178494.50	0.000e+00	0.000e+00	0.000e+00
178495.50	0.000e+00	0.000e+00	0.000e+00
178496.50	0.000e+00	0.000e+00	0.000e+00
178497.50	0.000e+00	0.000e+00	0.000e+00
178498.50	0.000e+00	0.000e+00	0.000e+00
178499.50	0.000e+00	0.000e+00	0.000e+00
178500.50	0.000e+00	0.000e+00	0.000e+00
178501.50	0.000e+00	0.000e+00	0.000e+00
178502.50	0.000e+00	0.000e+00	0.000e+00
178503.50	0.000e+00	0.000e+00	0.000e+00
178504.50	0.000e+00	0.000e+00	0.000e+00
178505.50	0.000e+00	0.000e+00	0.000e+00
178506.50	0.000e+00	0.000e+00	0.000e+00
178507.50	0.000e+00	0.000e+00	0.000e+00
178508.50	0.000e+00	0.000e+00	0.000e+00
178509.50	0.000e+00	0.000e+00	0.000e+00
178510.50	0.000e+00	0.000e+00	0.000e+00
178511.50	0.000e+00	0.000e+00	0.000e+00
178512.50	0.000e+00	0.000e+00	0.000e+00
178513.50	0.000e+00	0.000e+00	0.000e+00
178514.50	0.000e+00	0.000e+00	0.000e+00
178515.50	0.000e+00	0.000e+00	0.000e+00
178516.50	0.000e+00	0.000e+00	0.000e+00
178517.50	0.000e+00	0.000e+00	0.000e+00
178518.50	0.000e+00	0.000e+00	0.000e+00
178519.50	0.000e+00	0.000e+00	0.000e+00
178520.50	0.000e+00	0.000e+00	0.000e+00
178521.50	0.000e+00	0.000e+00	0.000e+00
178522.50	0.000e+00	0.000e+00	0.000e+00
178523.50	0.000e+00	0.000e+00	0.000e+00
178524.50	0.000e+00	0.000e+00	0.000e+00
178525.50	0.000e+00	0.000e+00	0.000e+00
178526.50	0.000e+00	0.000e+00	0.000e+00
178527.50	0.000e+00	0.000e+00	0.000e+00
178528.50	0.000e+00	0.000e+00	0.000e+00
178529.50	0.000e+00	0.000e+00	0.000e+00
178530.50	0.000e+00	0.000e+00	0.000e+00
178531.50	0.000e+00	0.000e+00	0.000e+00
178532.50	0.000e+00	0.000e+00	0.000e+00
178533.50	0.000e+00	0.000e+00	0.000e+00
178534.50	0.000e+00	0.000e+00	0.000e+00
178535.50	0.000e+00	0.000e+00	0.000e+00
178536.50	0.000e+00	0.000e+00	0.000e+00
178537.50	0.000e+00	0.000e+00	0.000e+00
178538.50	0.000e+00	0.000e+00	0.000e+00
178539.50	0.000e+00	0.000e+00	0.000e+00
178540.50	0.000e+00	0.000e+00	0.000e+00
178541.50	0.000e+00	0.000e+00	0.000e+00
178542.50	0.000e+00	0.000e+00	0.000e+00
178543.50	0.000e+00	0.000e+00	0.000e+00
178544.50	0.000e+00	0.000e+00	0.000e+00
178545.50	0.000e+00	0.000e+00	0.000e+00
178546.50	0.000e+00	0.000e+00	0.000e+00
178547.50	0.000e+00	0.000e+00	0.000e+00
178548.50	0.000e+00	0.000e+00	0.000e+00
178549.50	0.000e+00	0.000e+00	0.000e+00
178550.50	0.000e+00	0.000e+00	0.000e+00
178551.50	0.000e+00	0.000e+00	0.000e+00
178552.50	0.000e+00	0.000e+00	0.000e+00
178553.50	0.000e+00	0.000e+00	0.000e+00
178554.50	0.000e+00	0.000e+00	0.000e+00
178555.50	-5.318e-06	1.258e-03	-5.386e-04
178556.50	3.821e-05	1.958e-03	1.507e-03
178557.50	-7.114e-06	-2.515e-03	1.459e-04
178558.50	8.477e-05	6.442e-03	1.094e-03
178559.50	-5.914e-05	-4.858e-03	-1.056e-03
178560.50	-3.235e-05	-1.958e-03	-1.354e-03
178561.50	4.445e-05	-2.371e-03	2.909e-03
178562.50	6.163e-05	-4.714e-04	3.206e-03
178563.50	-1.094e-04	9.226e-03	-5.251e-03
178564.50	-1.392e-04	-4.358e-03	-9.024e-03
178565.50	-1.920e-04	4.742e-02	-3.043e-03
178566.50	2.362e-04	-2.208e-02	1.363e-02
178567.50	-8.880e-04	-1.056e-01	-3.725e-02
178568.50	2.669e-03	-1.757e-01	1.258e-01
178569.50	-4.320e-03	-7.747e-01	-2.083e-01
178570.50	1.584e-02	-1.709e+01	6.720e-01
178571.50	4.090e-01	-1.258e+02	1.930e+01
178572.50	1.642e+00	-3.082e+02	7.354e+01
178573.50	1.680e+00	-4.368e+02	7.027e+01
178574.50	1.277e+00	-3.120e+02	4.800e+01
178575.50	4.109e-02	-6.422e+01	-4.022e+00
178576.50	-4.522e-02	2.294e+01	-6.086e+00
178577.50	1.440e-01	4.531e+01	2.746e+00
178578.50	-6.835e-01	6.230e+01	-3.062e+01
178579.50	-2.198e-01	7.440e+01	-1.046e+01
178580.50	-5.136e-01	7.651e+01	-2.198e+01
178581.50	-2.045e-01	7.104e+01	-8.966e+00
178582.50	-2.304e-01	6.298e+01	-9.792e+00
178583.50	-1.574e-01	5.770e+01	-6.931e+00
178584.50	-3.629e-01	5.549e+01	-1.469e+01
178585.50	-8.506e-02	4.637e+01	-3.782e+00
178586.50	-1.594e-01	4.474e+01	-6.845e+00
178587.50	-2.467e-01	3.955e+01	-9.888e+00
178588.50	-1.574e-01	3.782e+01	-6.202e+00
178589.50	-1.718e-01	3.312e+01	-7.133e+00
178590.50	-1.459e-01	3.494e+01	-5.798e+00
178591.50	-1.738e-01	3.062e+01	-6.624e+00
178592.50	-1.373e-01	3.082e+01	-5.443e+00
178593.50	-6.845e-02	2.573e+01	-2.630e+00
178594.50	-5.194e-02	2.410e+01	-1.872e+00
178595.50	-8.851e-03	2.102e+01	-7.056e-02
178596.50	-9.024e-02	1.709e+01	-3.341e+00
178597.50	-5.050e-02	1.997e+01	-1.757e+00
178598.50	-4.291e-02	1.853e+01	-1.709e+00
178599.50	-9.984e-02	1.594e+01	-3.715e+00
178600.50	2.525e-03	1.651e+01	3.091e-01
178601.50	2.285e-03	1.344e+01	3.341e-01
178602.50	-3.523e-02	1.373e+01	-9.456e-01
178603.50	-6.547e-02	1.142e+01	-2.650e+00
178604.50	-4.474e-02	1.190e+01	-1.776e+00
178605.50	-8.899e-02	1.363e+01	-3.398e+00
178606.50	-7.133e-02	1.152e+01	-2.611e+00
178607.50	-3.782e-02	1.018e+01	-1.162e+00
178608.50	-2.851e-02	1.027e+01	-8.102e-01
178609.50	-9.110e-02	8.851e+00	-3.629e+00
178610.50	-3.725e-02	8.208e+00	-1.133e+00
178611.50	3.216e-02	8.304e+00	1.450e+00
178612.50	-3.686e-02	7.306e+00	-1.402e+00
178613.50	-1.258e-02	7.795e+00	-6.346e-01
178614.50	-2.438e-02	5.846e+00	-8.170e-01
178615.50	-1.901e-02	5.126e+00	-4.627e-01
178616.50	-2.429e-02	5.693e+00	-5.424e-01
178617.50	-2.131e-02	5.069e+00	-6.211e-01
178618.50	-2.141e-02	5.597e+00	-8.938e-01
178619.50	1.488e-02	5.530e+00	5.213e-01
178620.50	-1.949e-03	5.866e+00	5.578e-02
178621.50	-1.411e-02	5.962e+00	-3.149e-01
178622.50	-5.971e-03	3.667e+00	-1.901e-01
178623.50	-1.382e-03	4.570e+00	-1.565e-01
178624.50	-1.286e-03	2.669e+00	2.208e-01
178625.50	-3.475e-02	2.995e+00	-1.450e+00
178626.50	-1.526e-02	3.514e+00	-4.003e-01
178627.50	-1.162e-02	4.157e+00	-1.795e-01
178628.50	3.178e-02	3.629e+00	1.181e+00
178629.50	-1.373e-02	3.110e+00	-4.205e-01
178630.50	-8.467e-03	3.523e+00	-5.194e-01
178631.50	-2.131e-02	2.227e+00	-5.539e-01
178632.50	-2.630e-03	3.418e+00	1.843e-02
178633.50	-1.891e-02	2.304e+00	-6.259e-01
178634.50	-1.421e-02	2.726e+00	-4.464e-01
178635.50	-2.304e-02	2.208e+00	-8.554e-01
178636.50	-3.581e-02	2.275e+00	-1.440e+00
178637.50	1.795e-02	1.853e+00	7.968e-01
178638.50	1.344e-02	2.006e+00	6.000e-01
178639.50	-1.968e-02	2.573e+00	-5.290e-01
178640.50	8.496e-03	1.296e+00	4.166e-01
178641.50	-1.968e-02	1.478e+00	-7.248e-01
178642.50	-1.354e-02	1.219e+00	-5.482e-01
178643.50	-8.534e-04	2.093e+00	-3.187e-02
178644.50	-9.600e-04	1.344e+00	5.328e-02
178645.50	-1.085e-02	1.152e+00	-1.690e-01
178646.50	-3.427e-02	2.371e+00	-1.190e+00
178647.50	-1.498e-02	5.539e-01	-5.693e-01
178648.50	2.083e-02	9.504e-01	7.776e-01
178649.50	-1.162e-02	1.018e+00	-4.301e-01
178650.50	-1.286e-02	1.296e+00	-3.485e-01
178651.50	-5.741e-03	9.984e-01	-1.949e-01
178652.50	-1.382e-02	1.363e+00	-5.059e-01
178653.50	4.070e-03	8.918e-01	1.709e-01
178654.50	-1.066e-02	1.114e+00	-5.770e-01
178655.50	4.397e-03	7.219e-01	3.610e-01
178656.50	-3.053e-03	9.024e-01	-2.429e-01
178657.50	-8.938e-03	5.299e-01	-3.475e-01
178658.50	4.051e-03	5.510e-01	2.928e-01
178659.50	1.210e-02	8.640e-01	5.088e-01
178660.50	-1.344e-02	7.613e-01	-3.562e-01
178661.50	-3.466e-03	9.110e-01	-1.238e-01
178662.50	-1.104e-02	6.595e-01	-3.264e-01
178663.50	-4.618e-03	7.354e-01	-2.131e-01
178664.50	5.213e-03	7.382e-01	3.802e-01
178665.50	1.949e-04	4.262e-01	-2.477e-01
178666.50	-8.515e-03	3.974e-01	-2.851e-01
178667.50	-6.413e-03	3.869e-01	-2.122e-01
178668.50	-1.603e-02	3.984e-01	-4.723e-01
178669.50	3.110e-03	9.158e-01	1.037e-01
178670.50	-6.307e-03	5.971e-01	-1.718e-01
178671.50	-1.162e-02	8.150e-01	-3.158e-01
178672.50	-4.051e-03	7.027e-02	-9.888e-02
178673.50	1.190e-02	4.349e-01	3.830e-01
178674.50	-1.114e-02	2.333e-01	-3.984e-01
178675.50	-9.984e-03	5.914e-01	-3.830e-01
178676.50	1.862e-03	3.466e-01	3.715e-02
178677.50	-5.462e-03	3.322e-01	-1.392e-01
178678.50	1.382e-02	1.200e-01	5.779e-01
178679.50	-3.686e-03	1.056e+00	-6.067e-02
178680.50	7.670e-04	6.758e-01	4.714e-02
178681.50	1.248e-03	6.902e-02	4.934e-02
178682.50	-4.570e-03	2.602e-01	-1.306e-01
178683.50	-2.170e-03	2.093e-01	-3.398e-02
178684.50	2.160e-03	4.330e-01	1.661e-02
178685.50	-1.066e-02	4.022e-01	-3.706e-01
178686.50	-9.984e-03	-1.421e-01	-4.973e-01
178687.50	5.770e-03	2.122e-01	2.208e-01
178688.50	5.482e-03	8.275e-01	1.046e-01
178689.50	1.094e-02	3.888e-01	2.995e-01
178690.50	9.014e-04	-1.171e-01	3.821e-02
178691.50	5.712e-03	1.219e-01	3.302e-02
178692.50	-8.870e-03	-6.038e-02	-2.707e-01
178693.50	-7.795e-03	3.859e-01	4.944e-02
178694.50	3.139e-03	4.349e-01	1.277e-01
178695.50	-9.014e-03	3.514e-01	-2.150e-01
178696.50	-6.240e-03	-7.680e-02	-1.056e-01
178697.50	-4.109e-03	-1.507e-01	-4.829e-02
178698.50	4.406e-03	6.730e-02	1.498e-01
178699.50	-1.709e-02	1.555e-02	-6.355e-01
178700.50	-7.469e-03	4.858e-01	-1.642e-01
178701.50	5.866e-03	-7.805e-02	1.296e-01
178702.50	1.478e-03	2.371e-01	2.774e-02
178703.50	-7.699e-03	4.579e-01	-3.965e-01
178704.50	4.147e-03	7.354e-02	2.246e-01
178705.50	8.986e-03	3.562e-01	3.619e-01
178706.50	-2.650e-03	-1.574e-01	-5.846e-02
178707.50	-2.650e-03	-4.186e-02	-2.026e-01
178708.50	-3.773e-04	3.398e-01	-4.579e-02
178709.50	-3.053e-03	1.661e-02	5.971e-02
178710.50	-6.096e-03	-1.440e-01	-1.709e-01
178711.50	1.363e-02	9.552e-02	3.398e-01
178712.50	-7.517e-03	4.867e-01	-1.872e-01
178713.50	-1.056e-02	4.858e-01	-2.918e-01
178714.50	4.368e-03	1.718e-01	2.102e-01
178715.50	-3.072e-03	4.656e-02	-1.171e-01
178716.50	1.200e-03	-5.309e-02	8.246e-02
178717.50	-7.267e-03	-1.382e-01	-3.955e-02
178718.50	5.002e-03	3.485e-01	-2.976e-03
178719.50	-5.069e-03	2.064e-01	-2.093e-01
178720.50	6.278e-03	-1.210e-01	1.632e-01
178721.50	3.763e-04	2.630e-02	8.947e-02
178722.50	6.902e-03	1.958e-01	3.571e-01
178723.50	-5.434e-03	1.229e-01	-1.488e-01
178724.50	-1.123e-02	-4.157e-02	-3.523e-01
178725.50	7.450e-03	2.496e-01	1.920e-01
178726.50	3.254e-04	2.506e-01	-1.853e-02
178727.50	-1.066e-04	-1.190e-01	6.922e-02
178728.50	-5.232e-03	3.562e-01	-1.718e-01
178729.50	3.226e-04	2.688e-02	1.565e-02
178730.50	-4.243e-03	-9.446e-02	-1.133e-01
178731.50	-1.642e-05	9.187e-02	-4.522e-02
178732.50	5.549e-03	6.192e-02	2.410e-01
178733.50	5.616e-04	2.227e-01	4.954e-02
178734.50	5.194e-04	5.962e-02	4.003e-02
178735.50	4.301e-03	4.147e-02	2.458e-01
178736.50	2.477e-03	2.112e-01	1.728e-01
178737.50	2.506e-03	2.112e-01	-7.238e-03
178738.50	-1.968e-03	-1.421e-01	-5.539e-02
178739.50	-5.280e-03	1.200e-01	-1.978e-01
178740.50	-5.290e-03	-3.811e-02	-1.142e-01
178741.50	-4.013e-03	2.909e-02	-1.315e-01
178742.50	5.011e-03	-8.486e-03	1.853e-01
178743.50	-2.515e-03	-5.693e-02	-1.402e-01
178744.50	-1.622e-03	5.405e-02	-7.699e-02
178745.50	-3.274e-03	6.557e-02	-1.037e-01
178746.50	-9.888e-04	-9.533e-04	-2.410e-02
178747.50	-3.917e-03	2.112e-02	-8.150e-02
178748.50	3.773e-04	-3.763e-02	1.670e-02
178749.50	3.619e-04	3.293e-01	-5.750e-02
178750.50	-1.104e-03	5.443e-02	-3.168e-02
178751.50	-2.611e-03	-1.613e-01	-9.197e-02
178752.50	-3.600e-03	2.938e-01	-1.306e-01
178753.50	-2.784e-03	-2.717e-02	2.784e-02
178754.50	4.858e-04	5.184e-02	-1.949e-02
178755.50	4.378e-04	7.181e-02	-1.008e-02
178756.50	2.688e-03	6.682e-02	6.058e-02
178757.50	-2.102e-04	-2.486e-02	1.968e-02
178758.50	-2.496e-04	7.901e-02	-2.765e-02
178759.50	-4.368e-05	9.101e-02	-1.344e-02
178760.50	8.006e-03	7.392e-02	3.149e-01
178761.50	-1.699e-03	1.517e-01	8.381e-03
178762.50	-2.045e-03	5.712e-02	-5.414e-02
178763.50	-1.814e-03	1.306e-01	-1.171e-01
178764.50	2.026e-03	8.371e-02	5.232e-02
178765.50	1.075e-03	-1.171e-02	-3.034e-04
178766.50	-2.640e-03	-5.549e-02	-7.594e-02
178767.50	-3.638e-03	-1.027e-01	-8.218e-02
178768.50	3.082e-03	-7.718e-02	-4.896e-03
178769.50	-1.430e-03	-3.437e-02	-8.774e-02
178770.50	3.178e-03	-1.162e-03	1.402e-01
178771.50	6.163e-04	2.045e-01	1.363e-01
178772.50	-5.242e-03	1.574e-01	-2.016e-01
178773.50	1.469e-03	2.285e-01	4.589e-02
178774.50	2.189e-04	-1.843e-01	2.525e-02
178775.50	-6.134e-03	1.334e-01	-9.888e-02
178776.50	-2.765e-03	1.334e-01	-1.613e-02
178777.50	3.062e-03	5.683e-02	6.067e-02
178778.50	9.792e-04	6.394e-04	5.386e-02
178779.50	-5.242e-04	2.419e-02	1.104e-02
178780.50	-2.784e-03	-6.106e-02	-5.414e-02
178781.50	1.162e-03	-1.613e-01	-3.859e-02
178782.50	2.861e-03	-8.141e-02	5.242e-02
178783.50	2.371e-03	1.286e-01	1.478e-01
178784.50	-3.629e-03	7.594e-02	-5.530e-02
178785.50	2.170e-04	1.094e-01	-5.693e-02
178786.50	-1.488e-03	1.824e-01	-1.622e-01
178787.50	3.965e-03	-1.757e-01	9.149e-02
178788.50	3.379e-03	-1.075e-02	1.939e-01
178789.50	-1.613e-03	-8.496e-03	-1.450e-01
178790.50	-1.162e-03	-1.152e-01	-3.158e-02
178791.50	-6.422e-03	2.794e-02	-1.891e-01
178792.50	-6.480e-04	3.168e-02	4.301e-02
178793.50	6.173e-03	-1.037e-01	1.574e-01
178794.50	-9.514e-04	7.507e-03	-2.179e-02
178795.50	2.630e-04	2.064e-01	4.848e-02
178796.50	7.325e-03	-2.813e-02	1.882e-01
178797.50	5.318e-03	-4.925e-03	1.344e-01
178798.50	-4.224e-04	-4.579e-02	4.022e-03
178799.50	-5.414e-03	-5.530e-03	-1.680e-01
178800.50	-1.344e-03	-5.827e-02	-3.062e-02
178801.50	-5.309e-03	1.104e-01	-1.344e-01
178802.50	2.650e-03	7.440e-02	4.416e-02
178803.50	3.418e-03	-4.339e-02	6.806e-02
178804.50	4.522e-03	-8.736e-02	1.478e-01
178805.50	2.390e-04	-2.755e-02	6.125e-02
178806.50	-4.176e-03	-2.352e-02	-1.056e-01
178807.50	-6.989e-03	8.419e-02	-1.267e-01
178808.50	-3.418e-03	7.939e-02	-4.109e-02
178809.50	-5.395e-04	-9.101e-02	-4.118e-02
178810.50	4.742e-03	-1.056e-01	1.286e-01
178811.50	6.634e-03	-7.459e-03	5.443e-02
178812.50	-3.120e-03	9.216e-02	-3.811e-02
178813.50	-4.234e-03	1.094e-01	-6.125e-02
178814.50	2.198e-03	-7.152e-02	-2.102e-02
178815.50	-5.904e-04	-9.331e-02	-1.642e-02
178816.50	2.698e-04	-1.277e-01	-1.200e-02
178817.50	6.134e-04	5.002e-02	8.707e-02
178818.50	-2.237e-03	3.850e-02	6.557e-03
178819.50	1.546e-03	1.834e-01	7.018e-03
178820.50	4.080e-05	9.984e-02	-4.301e-02
178821.50	5.222e-03	4.349e-02	-1.056e-02
178822.50	-6.653e-03	-1.190e-01	-1.411e-01
178823.50	-6.365e-04	5.424e-02	-4.771e-02
178824.50	3.350e-04	1.085e-02	1.219e-01
178825.50	-3.869e-04	1.046e-01	-1.046e-02
178826.50	1.862e-03	-1.718e-01	2.266e-02
178827.50	6.374e-04	7.402e-02	-2.544e-02
178828.50	-2.909e-04	-3.187e-02	2.746e-02
178829.50	-4.934e-03	-1.306e-02	-3.437e-02
178830.50	-8.352e-03	-1.277e-01	-1.872e-01
178831.50	2.054e-03	3.696e-02	6.614e-02
178832.50	3.158e-03	-1.690e-01	2.160e-02
178833.50	-1.843e-03	1.632e-01	-5.174e-02
178834.50	-2.342e-04	6.998e-02	-2.323e-03
178835.50	1.670e-03	-5.779e-02	2.630e-02
178836.50	2.573e-03	2.362e-02	-1.680e-02
178837.50	2.938e-05	4.810e-02	-5.530e-02
178838.50	-1.200e-02	-1.104e-02	-8.851e-02
178839.50	-4.157e-03	1.402e-01	-1.546e-01
178840.50	-1.526e-03	8.198e-02	-2.496e-02
178841.50	-3.533e-04	1.546e-02	5.654e-03
178842.50	2.842e-03	-2.813e-02	6.845e-02
178843.50	1.085e-03	-1.805e-03	-1.872e-02
178844.50	-1.805e-03	-1.478e-02	-6.739e-02
178845.50	1.066e-03	-4.234e-02	5.376e-03
178846.50	3.869e-03	-5.059e-02	1.469e-01
178847.50	2.275e-03	1.536e-01	7.594e-02
178848.50	-3.130e-03	1.162e-01	-2.198e-03
178849.50	2.736e-03	-2.832e-02	3.178e-02
178850.50	-3.216e-03	1.546e-01	-1.421e-01
178851.50	2.381e-03	1.411e-01	1.363e-02
178852.50	2.486e-03	-6.422e-02	9.600e-02
178853.50	3.965e-03	-1.430e-01	-6.067e-02
178854.50	2.573e-04	-1.008e-01	1.018e-01
178855.50	1.930e-03	1.440e-01	5.875e-02
178856.50	1.238e-03	1.085e-02	-6.826e-02
178857.50	-5.952e-03	2.141e-02	-1.277e-01
178858.50	1.574e-03	-2.304e-02	5.875e-02
178859.50	-1.805e-03	6.595e-02	-2.909e-02
178860.50	-2.678e-03	1.152e-02	-1.258e-01
178861.50	-7.325e-05	3.475e-02	1.584e-02
178862.50	2.611e-04	-1.517e-02	7.363e-02
178863.50	1.574e-03	-2.688e-02	5.635e-02
178864.50	-2.189e-03	-1.238e-01	-1.709e-02
178865.50	-8.602e-04	-1.661e-01	1.296e-02
178866.50	2.765e-04	-3.629e-02	3.859e-02
178867.50	-3.024e-04	3.504e-02	-6.826e-02
178868.50	-3.802e-04	1.315e-01	-4.560e-02
178869.50	-4.906e-03	1.354e-01	-5.846e-02
178870.50	6.989e-03	8.237e-02	1.133e-01
178871.50	-1.046e-03	1.526e-02	-1.027e-01
178872.50	2.611e-03	1.181e-02	6.586e-02
178873.50	9.984e-04	-5.040e-02	8.198e-02
178874.50	-9.091e-04	-4.598e-02	-4.042e-02
178875.50	1.344e-03	3.926e-02	1.584e-03
178876.50	-2.429e-04	-1.440e-01	1.430e-02
178877.50	5.261e-05	6.624e-02	2.736e-02
178878.50	1.910e-03	1.920e-02	7.162e-02
178879.50	-1.709e-03	-3.725e-02	-8.976e-02
178880.50	-3.542e-03	1.008e-01	-5.395e-02
178881.50	-1.603e-04	-4.589e-02	-2.275e-02
178882.50	-1.757e-03	1.978e-02	-5.549e-02
178883.50	9.523e-04	7.075e-02	3.946e-02
178884.50	4.378e-04	-1.123e-02	4.128e-02
178885.50	-3.466e-03	-1.267e-01	-1.190e-01
178886.50	7.334e-04	-6.883e-03	-4.214e-02
178887.50	3.725e-03	8.333e-04	1.200e-01
178888.50	-1.363e-03	2.074e-02	-6.883e-02
178889.50	1.027e-04	3.187e-02	5.789e-02
178890.50	-1.795e-03	7.450e-03	1.661e-02
178891.50	-1.920e-03	-1.430e-02	-1.277e-01
178892.50	1.018e-02	-8.122e-02	1.094e-01
178893.50	-1.891e-03	6.634e-02	-2.957e-02
178894.50	6.259e-03	3.043e-04	6.307e-02
178895.50	2.678e-03	1.373e-02	4.733e-02
178896.50	-8.208e-03	1.536e-04	-8.659e-03
178897.50	-1.123e-02	-1.056e-01	-3.187e-02
178898.50	5.078e-04	-7.392e-02	-2.640e-02
178899.50	2.774e-03	3.715e-03	3.034e-02
178900.50	-8.995e-04	3.504e-03	1.978e-02
178901.50	-4.541e-04	8.419e-02	-6.653e-02
178902.50	-9.696e-04	2.006e-02	-7.373e-02
178903.50	-5.328e-04	-4.157e-02	-1.171e-02
178904.50	-4.771e-04	-4.032e-02	7.114e-02
178905.50	-5.549e-04	-2.851e-02	2.006e-02
178906.50	2.285e-03	6.154e-02	2.544e-02
178907.50	2.938e-03	-2.496e-03	8.544e-02
178908.50	9.187e-04	-3.168e-02	1.651e-02
178909.50	4.320e-04	1.574e-02	4.762e-03
178910.50	-1.882e-03	2.582e-02	-3.110e-02
178911.50	-1.709e-03	7.277e-03	-3.734e-02
178912.50	-1.421e-03	9.370e-02	-2.486e-02
178913.50	1.094e-03	-2.438e-02	1.968e-02
178914.50	-5.126e-04	-4.291e-02	-5.194e-02
178915.50	1.459e-03	-1.085e-02	2.016e-02
178916.50	-1.574e-03	2.592e-02	-7.142e-03
178917.50	-3.101e-03	5.597e-02	-9.216e-02
178918.50	-7.987e-04	8.573e-02	1.690e-03
178919.50	1.680e-03	5.318e-02	6.374e-02
178920.50	4.454e-03	3.773e-02	1.114e-01
178921.50	-3.946e-04	1.018e-02	-1.632e-02
178922.50	-2.045e-03	-9.418e-02	-4.435e-02
178923.50	-1.440e-03	2.438e-02	-2.314e-02
178924.50	-2.074e-03	4.752e-02	-4.714e-02
178925.50	-1.210e-03	-5.827e-02	-4.118e-02
178926.50	-1.133e-03	1.795e-02	-3.667e-02
178927.50	-8.160e-04	-8.726e-03	-1.565e-02
178928.50	-3.696e-04	4.550e-02	2.765e-02
178929.50	-1.085e-03	4.742e-02	-1.891e-02
178930.50	-1.363e-03	-4.301e-02	-9.984e-03
178931.50	2.659e-03	-7.402e-03	6.605e-02
178932.50	-1.085e-03	-4.435e-02	-4.848e-02
178933.50	-1.910e-03	-1.536e-02	-8.861e-02
178934.50	2.986e-04	-2.083e-02	-5.002e-02
178935.50	1.094e-03	-9.370e-03	6.691e-02
178936.50	2.544e-03	3.456e-03	7.488e-02
178937.50	-5.443e-04	-4.819e-02	-1.968e-04
178938.50	3.120e-06	-7.766e-02	-1.718e-02
178939.50	5.539e-04	-5.645e-03	4.454e-02
178940.50	-5.405e-04	2.698e-02	-2.880e-03
178941.50	-8.573e-04	-8.659e-02	-1.488e-02
178942.50	-9.331e-04	1.565e-02	-2.659e-02
178943.50	1.325e-03	1.584e-02	3.274e-02
178944.50	3.408e-03	-2.016e-02	6.941e-02
178945.50	-1.795e-03	3.437e-02	-4.493e-02
178946.50	-2.842e-04	2.515e-02	1.200e-02
178947.50	-2.650e-03	1.824e-03	-5.482e-02
178948.50	-1.402e-03	4.675e-02	-6.298e-02
178949.50	1.862e-03	5.107e-02	-5.328e-03
178950.50	-7.632e-05	7.190e-03	1.008e-02
178951.50	-5.942e-04	1.891e-03	-8.525e-03
178952.50	4.963e-03	-4.416e-02	1.094e-01
178953.50	-8.525e-04	7.066e-02	4.195e-02
178954.50	9.792e-04	6.941e-03	8.352e-03
178955.50	-1.882e-03	2.467e-02	2.669e-03
178956.50	-2.870e-03	-6.154e-03	-8.189e-02
178957.50	-1.421e-03	2.909e-02	-3.034e-02
178958.50	8.362e-04	2.659e-02	2.842e-02
