178360.50	0.000e+00	0.000e+00	0.000e+00
178361.50	0.000e+00	0.000e+00	0.000e+00
178362.50	0.000e+00	0.000e+00	0.000e+00
178363.50	0.000e+00	0.000e+00	0.000e+00
178364.50	0.000e+00	0.000e+00	0.000e+00
178365.50	0.000e+00	0.000e+00	0.000e+00
178366.50	0.000e+00	0.000e+00	0.000e+00
178367.50	0.000e+00	0.000e+00	0.000e+00
178368.50	0.000e+00	0.000e+00	0.000e+00
178369.50	0.000e+00	0.000e+00	0.000e+00
178370.50	0.000e+00	0.000e+00	0.000e+00
178371.50	0.000e+00	0.000e+00	0.000e+00
178372.50	0.000e+00	0.000e+00	0.000e+00
178373.50	0.000e+00	0.000e+00	0.000e+00
178374.50	0.000e+00	0.000e+00	0.000e+00
178375.50	0.000e+00	0.000e+00	0.000e+00
178376.50	0.000e+00	0.000e+00	0.000e+00
178377.50	0.000e+00	0.000e+00	0.000e+00
178378.50	0.000e+00	0.000e+00	0.000e+00
178379.50	0.000e+00	0.000e+00	0.000e+00
178380.50	0.000e+00	0.000e+00	0.000e+00
178381.50	0.000e+00	0.000e+00	0.000e+00
178382.50	0.000e+00	0.000e+00	0.000e+00
178383.50	0.000e+00	0.000e+00	0.000e+00
178384.50	0.000e+00	0.000e+00	0.000e+00
178385.50	0.000e+00	0.000e+00	0.000e+00
178386.50	0.000e+00	0.000e+00	0.000e+00
178387.50	0.000e+00	0.000e+00	0.000e+00
178388.50	0.000e+00	0.000e+00	0.000e+00
178389.50	0.000e+00	0.000e+00	0.000e+00
178390.50	0.000e+00	0.000e+00	0.000e+00
178391.50	0.000e+00	0.000e+00	0.000e+00
178392.50	0.000e+00	0.000e+00	0.000e+00
178393.50	0.000e+00	0.000e+00	0.000e+00
178394.50	0.000e+00	0.000e+00	0.000e+00
178395.50	0.000e+00	0.000e+00	0.000e+00
178396.50	0.000e+00	0.000e+00	0.000e+00
178397.50	0.000e+00	0.000e+00	0.000e+00
178398.50	0.000e+00	0.000e+00	0.000e+00
178399.50	0.000e+00	0.000e+00	0.000e+00
178400.50	0.000e+00	0.000e+00	0.000e+00
178401.50	0.000e+00	0.000e+00	0.000e+00
178402.50	0.000e+00	0.000e+00	0.000e+00
178403.50	0.000e+00	0.000e+00	0.000e+00
178404.50	0.000e+00	0.000e+00	0.000e+00
178405.50	0.000e+00	0.000e+00	0.000e+00
178406.50	0.000e+00	0.000e+00	0.000e+00
178407.50	0.000e+00	0.000e+00	0.000e+00
178408.50	0.000e+00	0.000e+00	0.000e+00
178409.50	0.000e+00	0.000e+00	0.000e+00
178410.50	0.000e+00	0.000e+00	0.000e+00
178411.50	0.000e+00	0.000e+00	0.000e+00
178412.50	0.000e+00	0.000e+00	0.000e+00
178413.50	0.000e+00	0.000e+00	0.000e+00
178414.50	0.000e+00	0.000e+00	0.000e+00
178415.50	0.000e+00	0.000e+00	0.000e+00
178416.50	0.000e+00	0.000e+00	0.000e+00
178417.50	0.000e+00	0.000e+00	0.000e+00
178418.50	0.000e+00	0.000e+00	0.000e+00
178419.50	0.000e+00	0.000e+00	0.000e+00
178420.50	0.000e+00	0.000e+00	0.000e+00
178421.50	0.000e+00	0.000e+00	0.000e+00
178422.50	0.000e+00	0.000e+00	0.000e+00
178423.50	0.000e+00	0.000e+00	0.000e+00
178424.50	0.000e+00	0.000e+00	0.000e+00
178425.50	0.000e+00	0.000e+00	0.000e+00
178426.50	0.000e+00	0.000e+00	0.000e+00
178427.50	0.000e+00	0.000e+00	0.000e+00
178428.50	0.000e+00	0.000e+00	0.000e+00
178429.50	0.000e+00	0.000e+00	0.000e+00
178430.50	0.000e+00	0.000e+00	0.000e+00
178431.50	0.000e+00	0.000e+00	0.000e+00
178432.50	0.000e+00	0.000e+00	0.000e+00
178433.50	0.000e+00	0.000e+00	0.000e+00
178434.50	0.000e+00	0.000e+00	0.000e+00
178435.50	0.000e+00	0.000e+00	0.000e+00
178436.50	0.000e+00	0.000e+00	0.000e+00
178437.50	0.000e+00	0.000e+00	0.000e+00
178438.50	0.000e+00	0.000e+00	0.000e+00
178439.50	0.000e+00	0.000e+00	0.000e+00
178440.50	0.000e+00	0.000e+00	0.000e+00
178441.50	0.000e+00	0.000e+00	0.000e+00
178442.50	0.000e+00	0.000e+00	0.000e+00
178443.50	0.000e+00	0.000e+00	0.000e+00
178444.50	0.000e+00	0.000e+00	0.000e+00
178445.50	0.000e+00	0.000e+00	0.000e+00
178446.50	0.000e+00	0.000e+00	0.000e+00
178447.50	0.000e+00	0.000e+00	0.000e+00
178448.50	0.000e+00	0.000e+00	0.000e+00
178449.50	0.000e+00	0.000e+00	0.000e+00
178450.50	0.000e+00	0.000e+00	0.000e+00
178451.50	0.000e+00	0.000e+00	0.000e+00
178452.50	0.000e+00	0.000e+00	0.000e+00
178453.50	0.000e+00	0.000e+00	0.000e+00
178454.50	0.000e+00	0.000e+00	0.000e+00
178455.50	0.000e+00	0.000e+00	0.000e+00
178456.50	0.000e+00	0.000e+00	0.000e+00
178457.50	0.000e+00	0.000e+00	0.000e+00
178458.50	0.000e+00	0.000e+00	0.000e+00
178459.50	0.000e+00	0.000e+00	0.000e+00
178460.50	0.000e+00	0.000e+00	0.000e+00
178461.50	0.000e+00	0.000e+00	0.000e+00
178462.50	0.000e+00	0.000e+00	0.000e+00
178463.50	0.000e+00	0.000e+00	0.000e+00
178464.50	0.000e+00	0.000e+00	0.000e+00
178465.50	0.000e+00	0.000e+00	0.000e+00
178466.50	0.000e+00	0.000e+00	0.000e+00
178467.50	0.000e+00	0.000e+00	0.000e+00
178468.50	0.000e+00	0.000e+00	0.000e+00
178469.50	0.000e+00	0.000e+00	0.000e+00
178470.50	0.000e+00	0.000e+00	0.000e+00
178471.50	0.000e+00	0.000e+00	0.000e+00
178472.50	0.000e+00	0.000e+00	0.000e+00
178473.50	0.000e+00	0.000e+00	0.000e+00
178474.50	0.000e+00	0.000e+00	0.000e+00
178475.50	0.000e+00	0.000e+00	0.000e+00
178476.50	0.000e+00	0.000e+00	0.000e+00
178477.50	0.000e+00	0.000e+00	0.000e+00
178478.50	0.000e+00	0.000e+00	0.000e+00
178479.50	0.000e+00	0.000e+00	0.000e+00
178480.50	0.000e+00	0.000e+00	0.000e+00
178481.50	0.000e+00	0.000e+00	0.000e+00
178482.50	0.000e+00	0.000e+00	0.000e+00
178483.50	0.000e+00	0.000e+00	0.000e+00
178484.50	0.000e+00	0.000e+00	0.000e+00
178485.50	0.000e+00	0.000e+00	0.000e+00
178486.50	0.000e+00	0.000e+00	0.000e+00
178487.50	0.000e+00	0.000e+00	0.000e+00
178488.50	0.000e+00	0.000e+00	0.000e+00
178489.50	0.000e+00	0.000e+00	0.000e+00
178490.50	0.000e+00	0.000e+00	0.000e+00
178491.50	0.000e+00	0.000e+00	0.000e+00
178492.50	0.000e+00	0.000e+00	0.000e+00
178493.50	0.000e+00	0.000e+00	0.000e+00
178494.50	0.000e+00	0.000e+00	0.000e+00
178495.50	0.000e+00	0.000e+00	0.000e+00
178496.50	0.000e+00	0.000e+00	0.000e+00
178497.50	0.000e+00	0.000e+00	0.000e+00
178498.50	0.000e+00	0.000e+00	0.000e+00
178499.50	0.000e+00	0.000e+00	0.000e+00
178500.50	0.000e+00	0.000e+00	0.000e+00
178501.50	0.000e+00	0.000e+00	0.000e+00
178502.50	0.000e+00	0.000e+00	0.000e+00
178503.50	0.000e+00	0.000e+00	0.000e+00
178504.50	0.000e+00	0.000e+00	0.000e+00
178505.50	0.000e+00	0.000e+00	0.000e+00
178506.50	0.000e+00	0.000e+00	0.000e+00
178507.50	0.000e+00	0.000e+00	0.000e+00
178508.50	0.000e+00	0.000e+00	0.000e+00
178509.50	0.000e+00	0.000e+00	0.000e+00
178510.50	0.000e+00	0.000e+00	0.000e+00
178511.50	0.000e+00	0.000e+00	0.000e+00
178512.50	0.000e+00	0.000e+00	0.000e+00
178513.50	0.000e+00	0.000e+00	0.000e+00
178514.50	0.000e+00	0.000e+00	0.000e+00
178515.50	0.000e+00	0.000e+00	0.000e+00
178516.50	0.000e+00	0.000e+00	0.000e+00
178517.50	0.000e+00	0.000e+00	0.000e+00
178518.50	0.000e+00	0.000e+00	0.000e+00
178519.50	0.000e+00	0.000e+00	0.000e+00
178520.50	0.000e+00	0.000e+00	0.000e+00
178521.50	0.000e+00	0.000e+00	0.000e+00
178522.50	0.000e+00	0.000e+00	0.000e+00
178523.50	0.000e+00	0.000e+00	0.000e+00
178524.50	0.000e+00	0.000e+00	0.000e+00
178525.50	0.000e+00	0.000e+00	0.000e+00
178526.50	0.000e+00	0.000e+00	0.000e+00
178527.50	0.000e+00	0.000e+00	0.000e+00
178528.50	0.000e+00	0.000e+00	0.000e+00
178529.50	0.000e+00	0.000e+00	0.000e+00
178530.50	0.000e+00	0.000e+00	0.000e+00
178531.50	0.000e+00	0.000e+00	0.000e+00
178532.50	0.000e+00	0.000e+00	0.000e+00
178533.50	0.000e+00	0.000e+00	0.000e+00
178534.50	0.000e+00	0.000e+00	0.000e+00
178535.50	0.000e+00	0.000e+00	0.000e+00
178536.50	0.000e+00	0.000e+00	0.000e+00
178537.50	0.000e+00	0.000e+00	0.000e+00
178538.50	0.000e+00	0.000e+00	0.000e+00
178539.50	0.000e+00	0.000e+00	0.000e+00
178540.50	0.000e+00	0.000e+00	0.000e+00
178541.50	0.000e+00	0.000e+00	0.000e+00
178542.50	0.000e+00	0.000e+00	0.000e+00
178543.50	0.000e+00	0.000e+00	0.000e+00
178544.50	0.000e+00	0.000e+00	0.000e+00
178545.50	0.000e+00	0.000e+00	0.000e+00
178546.50	0.000e+00	0.000e+00	0.000e+00
178547.50	0.000e+00	0.000e+00	0.000e+00
178548.50	0.000e+00	0.000e+00	0.000e+00
178549.50	0.000e+00	0.000e+00	0.000e+00
178550.50	0.000e+00	0.000e+00	0.000e+00
178551.50	0.000e+00	0.000e+00	0.000e+00
178552.50	0.000e+00	0.000e+00	0.000e+00
178553.50	0.000e+00	0.000e+00	0.000e+00
178554.50	0.000e+00	0.000e+00	0.000e+00
178555.50	0.000e+00	0.000e+00	0.000e+00
178556.50	0.000e+00	0.000e+00	0.000e+00
178557.50	0.000e+00	0.000e+00	0.000e+00
178558.50	0.000e+00	0.000e+00	0.000e+00
178559.50	0.000e+00	0.000e+00	0.000e+00
178560.50	0.000e+00	0.000e+00	0.000e+00
178561.50	0.000e+00	0.000e+00	0.000e+00
178562.50	0.000e+00	0.000e+00	0.000e+00
178563.50	0.000e+00	0.000e+00	0.000e+00
178564.50	0.000e+00	0.000e+00	0.000e+00
178565.50	0.000e+00	0.000e+00	0.000e+00
178566.50	-2.275e-05	7.574e-04	8.179e-05
178567.50	2.525e-05	-7.728e-04	-3.898e-04
178568.50	5.309e-05	-1.555e-03	-7.517e-04
178569.50	-1.949e-05	5.597e-04	3.091e-04
178570.50	-5.712e-06	-1.181e-03	3.706e-03
178571.50	-4.234e-05	1.046e-03	-5.616e-04
178572.50	1.997e-04	-2.851e-03	-4.003e-03
178573.50	-8.064e-05	3.888e-03	-4.051e-03
178574.50	3.763e-06	-1.565e-04	5.299e-04
178575.50	-8.592e-05	1.114e-05	3.754e-03
178576.50	-3.149e-04	1.661e-02	-2.678e-02
178577.50	-1.229e-04	-8.477e-03	6.470e-02
178578.50	1.766e-03	9.389e-02	-5.299e-01
178579.50	2.438e-01	-7.901e+00	3.437e-01
178580.50	1.190e+00	-3.754e+01	4.915e-01
178581.50	3.398e+00	-1.027e+02	-5.597e+00
178582.50	6.422e+00	-1.949e+02	7.584e+00
178583.50	8.630e+00	-2.563e+02	1.363e+01
178584.50	9.379e+00	-2.669e+02	-2.822e+00
178585.50	1.008e+01	-2.803e+02	-4.819e+00
178586.50	4.416e+00	-1.152e+02	1.987e+00
178587.50	1.450e+00	-2.861e+01	-8.947e+00
178588.50	2.726e-01	7.709e-01	2.342e+00
178589.50	-1.152e+00	3.926e+01	4.915e-01
178590.50	-1.546e+00	5.011e+01	-3.936e+00
178591.50	-2.352e+00	6.931e+01	1.651e+00
178592.50	-2.371e+00	6.979e+01	-2.544e-01
178593.50	-2.333e+00	6.797e+01	-4.934e-01
178594.50	-2.093e+00	6.048e+01	1.546e-01
178595.50	-2.198e+00	6.077e+01	7.248e+00
178596.50	-1.997e+00	5.702e+01	-2.688e+00
178597.50	-1.661e+00	4.886e+01	-5.654e+00
178598.50	-1.814e+00	5.088e+01	-8.554e-01
178599.50	-1.507e+00	4.186e+01	2.198e+00
178600.50	-1.354e+00	3.946e+01	-6.029e+00
178601.50	-1.546e+00	4.272e+01	3.773e-01
178602.50	-1.296e+00	3.629e+01	-5.251e-01
178603.50	-1.066e+00	2.976e+01	1.584e+00
178604.50	-1.066e+00	3.062e+01	-2.918e+00
178605.50	-1.056e+00	2.861e+01	3.446e+00
178606.50	-1.046e+00	2.928e+01	-6.528e-01
178607.50	-7.978e-01	2.237e+01	-1.094e-01
178608.50	-7.440e-01	2.083e+01	-1.123e+00
178609.50	-8.208e-01	2.246e+01	-2.477e-01
178610.50	-6.643e-01	1.891e+01	-7.536e-01
178611.50	-7.046e-01	1.997e+01	-1.450e+00
178612.50	-5.914e-01	1.613e+01	1.517e+00
178613.50	-5.664e-01	1.622e+01	-2.688e+00
178614.50	-5.856e-01	1.584e+01	8.035e-01
178615.50	-5.366e-01	1.440e+01	9.379e-01
178616.50	-4.454e-01	1.181e+01	2.054e+00
178617.50	-5.472e-01	1.450e+01	2.342e+00
178618.50	-4.387e-01	1.210e+01	-1.680e-01
178619.50	-4.061e-01	1.162e+01	-1.334e+00
178620.50	-4.262e-01	1.162e+01	-1.162e-01
178621.50	-3.542e-01	9.792e+00	-1.315e+00
178622.50	-3.062e-01	8.534e+00	-2.890e-01
178623.50	-2.938e-01	7.680e+00	1.200e+00
178624.50	-3.014e-01	8.381e+00	-2.707e-01
178625.50	-3.110e-01	8.506e+00	4.214e-01
178626.50	-2.544e-01	6.874e+00	4.963e-01
178627.50	-2.227e-01	6.394e+00	-1.018e+00
178628.50	-1.786e-01	4.848e+00	3.341e-01
178629.50	-2.928e-01	7.536e+00	1.584e+00
178630.50	-2.909e-01	7.738e+00	3.091e-01
178631.50	-1.978e-01	5.290e+00	6.605e-01
178632.50	-2.035e-01	5.597e+00	3.274e-01
178633.50	-1.910e-01	5.376e+00	-9.888e-01
178634.50	-1.632e-01	4.550e+00	-5.674e-01
178635.50	-1.402e-01	3.802e+00	-1.411e-01
178636.50	-1.920e-01	4.963e+00	8.246e-01
178637.50	-1.632e-01	4.310e+00	2.054e-01
178638.50	-1.526e-01	4.454e+00	-1.181e+00
178639.50	-1.152e-01	3.302e+00	1.565e-01
178640.50	-1.210e-01	3.312e+00	2.707e-01
178641.50	-1.469e-01	3.898e+00	9.888e-02
178642.50	-1.450e-01	3.917e+00	3.466e-01
178643.50	-1.171e-01	2.976e+00	6.451e-01
178644.50	-1.325e-01	3.264e+00	8.458e-01
178645.50	-1.027e-01	2.899e+00	-7.968e-02
178646.50	-1.162e-01	3.226e+00	-3.466e-01
178647.50	-8.390e-02	2.160e+00	1.805e-01
178648.50	-9.062e-02	2.390e+00	2.832e-01
178649.50	-6.317e-02	1.622e+00	-1.190e-01
178650.50	-9.888e-02	2.515e+00	2.582e-01
178651.50	-6.221e-02	1.872e+00	-6.586e-02
178652.50	-6.614e-02	1.795e+00	2.045e-01
178653.50	-7.325e-02	1.853e+00	9.600e-02
178654.50	-5.357e-02	1.795e+00	-6.758e-01
178655.50	-8.083e-02	2.246e+00	-6.960e-02
178656.50	-8.035e-02	2.035e+00	-4.157e-01
178657.50	-7.277e-02	1.661e+00	9.888e-01
178658.50	-3.206e-02	7.402e-01	7.651e-01
178659.50	-6.643e-02	1.891e+00	-8.573e-02
178660.50	-4.013e-02	1.190e+00	-5.578e-01
178661.50	-4.867e-02	1.363e+00	5.741e-02
178662.50	-5.414e-02	1.258e+00	1.853e-01
178663.50	-4.042e-02	1.210e+00	5.616e-02
178664.50	-6.394e-02	1.853e+00	-4.819e-01
178665.50	-3.120e-02	7.181e-01	-1.210e-01
178666.50	-4.445e-02	1.056e+00	2.525e-01
178667.50	-5.626e-02	1.430e+00	3.062e-02
178668.50	-3.830e-02	1.066e+00	-3.965e-02
178669.50	-5.472e-02	1.469e+00	1.286e-01
178670.50	-2.438e-02	3.590e-01	6.970e-01
178671.50	-3.907e-02	8.198e-01	3.715e-01
178672.50	-3.907e-02	1.334e+00	-8.938e-01
178673.50	-3.331e-02	8.227e-01	-1.267e-01
178674.50	-2.717e-02	7.843e-01	-4.560e-01
178675.50	-4.128e-02	1.018e+00	3.504e-01
178676.50	-2.506e-02	7.219e-01	-1.162e-01
178677.50	-1.210e-02	4.598e-01	-3.101e-01
178678.50	-3.600e-02	9.062e-01	-2.390e-01
178679.50	-2.275e-02	6.269e-01	1.354e-01
178680.50	-2.237e-02	6.643e-01	-4.224e-02
178681.50	-8.304e-03	8.198e-02	-6.797e-02
178682.50	-1.824e-02	4.848e-01	4.291e-01
178683.50	-2.275e-02	7.795e-01	-2.774e-01
178684.50	-7.766e-03	2.544e-01	-9.120e-02
178685.50	-1.392e-02	3.533e-01	7.450e-02
178686.50	-2.554e-02	5.760e-01	-1.094e-01
178687.50	-3.331e-02	8.918e-01	-6.691e-01
178688.50	-1.690e-02	5.318e-01	5.626e-02
178689.50	-1.382e-02	2.429e-01	2.870e-02
178690.50	-1.690e-02	5.808e-01	-2.198e-01
178691.50	-1.613e-02	3.427e-01	2.179e-01
178692.50	-2.650e-02	7.411e-01	5.530e-02
178693.50	-1.910e-02	5.424e-01	9.427e-02
178694.50	-1.334e-02	2.266e-01	1.392e-01
178695.50	-2.688e-02	5.136e-01	3.754e-01
178696.50	-9.322e-03	3.283e-01	-3.216e-02
178697.50	-7.939e-03	1.920e-01	9.792e-02
178698.50	-3.072e-02	8.054e-01	2.995e-01
178699.50	-3.322e-03	1.085e-01	-1.642e-01
178700.50	-7.008e-03	1.459e-01	-1.795e-01
178701.50	-1.056e-02	2.611e-01	-6.000e-02
178702.50	-1.642e-02	4.080e-01	2.294e-01
178703.50	-1.421e-02	3.533e-01	-3.283e-01
178704.50	-1.622e-02	4.195e-01	-2.707e-01
178705.50	-1.334e-02	4.416e-01	-8.275e-02
178706.50	-1.238e-02	2.016e-01	4.022e-01
178707.50	-5.357e-03	8.390e-02	-6.595e-02
178708.50	-7.190e-03	1.421e-01	2.285e-01
178709.50	-1.200e-02	2.717e-01	-1.805e-01
178710.50	-9.053e-03	2.179e-01	-1.229e-01
178711.50	-6.998e-04	1.555e-01	-1.670e-01
178712.50	-1.286e-02	3.062e-01	3.782e-01
178713.50	-8.045e-03	1.738e-01	2.323e-01
178714.50	1.277e-02	2.170e-01	-6.144e-02
178715.50	2.400e-03	1.594e-02	-2.918e-02
178716.50	-3.427e-03	3.110e-02	1.997e-01
178717.50	-9.696e-03	2.112e-01	-8.323e-02
178718.50	-2.890e-04	-5.376e-03	3.773e-02
178719.50	-1.584e-02	2.774e-01	-5.414e-02
178720.50	9.254e-03	1.517e-01	1.200e-01
178721.50	-1.699e-02	2.851e-01	-2.592e-01
178722.50	-1.027e-02	3.130e-01	-4.915e-02
178723.50	-8.198e-03	1.382e-01	2.506e-01
178724.50	-2.784e-03	1.555e-01	1.651e-01
178725.50	-3.254e-03	1.728e-01	-2.976e-02
178726.50	-9.283e-03	1.632e-01	-4.349e-02
178727.50	7.430e-03	-3.024e-01	2.467e-01
178728.50	-1.440e-02	3.811e-01	2.563e-02
178729.50	-1.469e-02	3.437e-01	8.813e-02
178730.50	5.174e-03	-8.016e-02	2.477e-01
178731.50	7.680e-04	3.389e-02	-6.422e-02
178732.50	-1.248e-02	2.698e-01	1.968e-01
178733.50	8.477e-04	2.918e-03	-3.754e-01
178734.50	4.877e-02	2.122e-01	8.438e-03
178735.50	-9.158e-02	5.059e-01	-3.667e-01
178736.50	-5.078e-03	4.397e-01	2.035e-01
178737.50	-6.970e-02	4.810e-01	-1.853e-01
178738.50	1.795e-02	-1.171e-01	2.534e-01
178739.50	4.915e-03	-4.618e-02	1.286e-01
178740.50	-5.328e-03	6.480e-02	1.354e-01
178741.50	-1.037e-03	-1.728e-02	-1.334e-01
178742.50	-1.094e-02	2.352e-01	4.550e-02
178743.50	-1.056e-02	3.686e-01	-1.997e-01
178744.50	1.152e-03	7.430e-02	-1.411e-01
178745.50	1.018e-02	-2.736e-01	-4.637e-02
178746.50	-5.558e-03	5.117e-02	4.685e-02
178747.50	-4.406e-03	6.653e-02	7.133e-02
178748.50	-4.166e-03	1.507e-01	1.661e-01
178749.50	-1.229e-04	4.579e-02	-9.264e-02
178750.50	1.421e-02	-3.216e-01	-1.594e-01
178751.50	-1.373e-02	3.082e-01	-4.493e-02
178752.50	4.224e-03	-6.797e-02	-1.738e-01
178753.50	-2.726e-03	1.018e-01	7.229e-02
178754.50	5.462e-03	-1.517e-01	-1.094e-01
178755.50	-2.746e-03	6.835e-02	2.957e-02
178756.50	-1.651e-03	-4.790e-02	-2.928e-03
178757.50	3.312e-03	-6.259e-02	7.229e-02
178758.50	1.104e-03	1.632e-01	1.018e-01
178759.50	-7.834e-03	1.344e-01	2.266e-01
178760.50	-1.661e-03	2.362e-02	-1.411e-03
178761.50	-4.771e-03	1.699e-01	4.454e-02
178762.50	-7.411e-03	1.997e-01	4.790e-02
178763.50	-7.027e-03	1.843e-01	-1.459e-01
178764.50	-9.139e-03	1.891e-01	1.728e-01
178765.50	-7.507e-03	2.246e-01	-6.922e-03
178766.50	2.458e-03	-4.598e-02	-1.622e-01
178767.50	3.082e-03	-1.286e-01	2.208e-01
178768.50	-4.330e-03	8.410e-02	-2.179e-01
178769.50	-4.166e-03	1.488e-01	1.565e-01
178770.50	-2.189e-03	9.446e-02	-1.258e-01
178771.50	-3.638e-03	1.046e-01	7.075e-02
178772.50	-7.718e-03	1.190e-01	1.690e-01
178773.50	2.515e-03	-3.370e-02	-8.170e-02
178774.50	2.928e-03	-1.162e-02	-6.163e-02
178775.50	-1.248e-03	8.093e-02	1.046e-01
178776.50	-1.152e-03	-2.534e-02	1.037e-01
178777.50	-3.264e-03	4.906e-02	-7.747e-02
178778.50	-6.259e-03	5.136e-02	-1.459e-01
178779.50	-2.333e-03	3.725e-02	-4.954e-02
178780.50	-9.888e-03	1.498e-01	1.402e-01
178781.50	-2.160e-03	8.477e-02	1.027e-01
178782.50	-8.890e-03	2.026e-01	7.075e-02
178783.50	-1.258e-03	4.800e-02	-3.475e-02
178784.50	-3.754e-03	1.325e-01	1.478e-01
178785.50	8.765e-03	-2.314e-01	5.702e-02
178786.50	6.144e-03	-1.699e-01	-8.093e-02
178787.50	9.110e-04	-3.274e-02	-4.819e-02
178788.50	-1.344e-02	2.314e-01	9.561e-02
178789.50	-2.765e-03	9.149e-02	-7.910e-02
178790.50	6.922e-03	-1.584e-01	-3.178e-03
178791.50	4.291e-03	-9.792e-03	-1.142e-01
178792.50	-1.786e-04	-1.027e-02	-2.198e-01
178793.50	4.550e-04	3.130e-02	-4.080e-02
178794.50	3.830e-03	-4.819e-03	-1.574e-01
178795.50	-1.517e-03	6.326e-02	-2.064e-01
178796.50	-4.272e-04	-2.515e-02	-1.498e-02
178797.50	-9.514e-03	1.978e-01	5.030e-02
178798.50	-1.517e-03	1.910e-02	1.066e-01
178799.50	5.904e-03	-1.603e-01	5.712e-02
178800.50	-6.499e-03	1.123e-01	2.726e-01
178801.50	-7.766e-04	-2.333e-03	3.494e-03
178802.50	-2.410e-04	6.778e-02	7.699e-02
178803.50	-1.171e-03	3.869e-02	2.515e-01
178804.50	1.248e-03	-2.458e-02	-1.661e-01
178805.50	-2.102e-03	1.258e-01	-2.534e-01
178806.50	-4.176e-03	8.726e-02	1.056e-01
178807.50	-3.197e-03	1.920e-02	8.621e-02
178808.50	7.613e-03	-7.642e-02	-4.138e-02
178809.50	-3.398e-03	8.429e-02	-1.718e-02
178810.50	-3.456e-03	5.539e-02	-9.158e-02
178811.50	-3.101e-03	-6.797e-02	6.710e-02
178812.50	1.488e-03	1.507e-02	-7.027e-02
178813.50	-5.597e-03	1.056e-01	1.200e-01
178814.50	1.747e-03	-4.810e-02	2.102e-02
178815.50	2.515e-03	-5.251e-02	4.378e-02
178816.50	3.466e-03	-1.872e-02	4.886e-02
178817.50	-2.208e-03	3.946e-02	1.517e-01
178818.50	-7.805e-03	1.450e-01	5.338e-02
178819.50	-1.738e-04	-9.888e-03	-9.379e-02
178820.50	-3.254e-03	1.018e-01	-2.957e-02
178821.50	1.488e-03	-4.330e-02	-1.488e-02
178822.50	-2.112e-04	-5.155e-03	-5.914e-02
178823.50	1.392e-04	-2.237e-02	9.072e-02
178824.50	-1.834e-04	4.608e-02	-1.229e-01
178825.50	1.037e-03	1.747e-02	-4.349e-02
178826.50	-4.147e-03	1.517e-01	-9.408e-03
178827.50	-7.373e-04	3.226e-02	5.424e-02
178828.50	7.296e-04	3.677e-03	-7.258e-02
178829.50	-8.630e-03	1.421e-01	-7.565e-02
178830.50	7.056e-04	-1.613e-02	1.699e-02
178831.50	4.234e-05	-2.755e-02	-4.118e-02
178832.50	3.763e-03	-4.723e-02	-7.766e-02
178833.50	2.688e-03	-4.646e-02	-5.040e-02
178834.50	2.045e-03	4.138e-02	-5.530e-02
178835.50	-1.123e-02	2.208e-01	-3.859e-02
178836.50	2.477e-03	-1.075e-01	-1.939e-02
178837.50	4.435e-03	-7.085e-02	1.018e-01
178838.50	1.238e-03	7.690e-03	-1.296e-01
178839.50	-5.904e-03	2.150e-01	-9.696e-02
178840.50	-7.133e-03	9.888e-02	1.354e-01
178841.50	1.459e-03	-6.509e-02	1.853e-01
178842.50	-4.474e-03	4.608e-02	1.354e-01
178843.50	3.830e-03	-8.650e-02	-7.171e-02
178844.50	2.986e-03	-5.731e-02	1.766e-02
178845.50	-1.440e-03	-2.429e-02	9.533e-02
178846.50	4.512e-04	-6.979e-02	9.072e-02
178847.50	-3.130e-03	3.917e-02	-9.014e-02
178848.50	1.171e-03	-8.813e-03	-2.352e-02
178849.50	3.974e-03	-7.526e-02	6.835e-02
178850.50	-1.536e-03	3.139e-02	1.267e-01
178851.50	-9.888e-03	2.026e-01	-2.458e-02
178852.50	1.507e-03	1.171e-03	-1.910e-02
178853.50	7.008e-04	-6.595e-02	2.458e-02
178854.50	4.080e-03	-8.813e-02	-9.494e-02
178855.50	7.814e-04	5.702e-02	-2.899e-02
178856.50	5.213e-03	-2.851e-03	-3.302e-02
178857.50	6.682e-04	-2.688e-03	-8.678e-03
178858.50	-5.107e-03	6.989e-02	-1.075e-01
178859.50	3.936e-03	-8.755e-02	8.928e-02
178860.50	2.995e-03	-3.264e-02	-3.619e-03
178861.50	-5.568e-03	1.411e-01	2.045e-02
178862.50	-5.299e-03	4.694e-03	1.430e-02
178863.50	-1.920e-03	-3.014e-02	1.958e-02
178864.50	-2.544e-03	7.747e-02	-7.171e-02
178865.50	-1.171e-03	3.754e-02	-6.518e-02
178866.50	-4.704e-03	7.363e-02	8.678e-02
178867.50	-5.885e-03	7.872e-02	-2.640e-03
178868.50	2.141e-03	5.990e-03	-1.344e-02
178869.50	-7.373e-05	-5.165e-02	1.565e-01
178870.50	3.850e-03	-6.365e-02	-9.888e-02
178871.50	4.666e-04	-1.603e-02	-3.187e-02
178872.50	1.286e-03	-5.818e-02	4.205e-02
178873.50	1.075e-02	-1.344e-01	-1.027e-01
178874.50	-7.267e-03	5.299e-02	4.272e-02
178875.50	1.133e-03	-3.293e-03	-8.640e-02
178876.50	-3.792e-03	2.256e-03	6.730e-02
178877.50	2.218e-03	-5.818e-03	3.053e-02
178878.50	-2.477e-03	1.123e-01	-7.747e-02
178879.50	-2.256e-03	7.661e-02	-1.200e-02
178880.50	-7.258e-04	3.418e-03	8.064e-02
178881.50	-2.006e-03	-6.538e-02	1.872e-02
178882.50	8.170e-05	-3.667e-03	3.898e-02
178883.50	-8.102e-03	2.246e-01	-2.640e-02
178884.50	-2.352e-03	1.930e-02	-4.915e-02
178885.50	-9.792e-03	1.747e-02	-2.765e-02
178886.50	1.210e-03	-1.344e-01	7.853e-02
178887.50	5.088e-05	-6.010e-02	-6.019e-02
178888.50	-2.746e-03	1.834e-02	1.306e-01
178889.50	-5.146e-04	2.246e-03	-5.971e-02
178890.50	2.400e-03	-4.714e-02	-7.718e-02
178891.50	2.467e-03	-1.824e-02	2.323e-02
178892.50	5.654e-03	-1.862e-01	-4.656e-02
178893.50	-1.469e-03	1.834e-02	4.157e-02
178894.50	4.598e-03	-5.462e-02	1.536e-02
178895.50	2.083e-03	-5.731e-03	-1.450e-01
178896.50	-1.296e-04	-4.070e-02	9.984e-03
178897.50	6.864e-04	1.584e-02	1.478e-02
178898.50	6.077e-04	-3.648e-02	4.166e-02
178899.50	-8.285e-03	1.315e-01	1.219e-03
178900.50	-4.522e-03	1.104e-01	3.859e-02
178901.50	-4.541e-04	5.453e-02	6.970e-02
178902.50	1.555e-03	1.920e-02	3.187e-02
178903.50	7.258e-04	7.133e-03	1.526e-03
178904.50	-1.382e-03	3.226e-02	-3.504e-02
178905.50	-3.811e-03	5.606e-02	-1.171e-02
178906.50	3.821e-03	-4.982e-02	-4.858e-02
178907.50	2.976e-03	-2.525e-02	-2.390e-02
178908.50	-3.917e-03	3.206e-02	-5.741e-02
178909.50	4.781e-03	-8.285e-02	-5.818e-02
178910.50	-2.400e-03	9.418e-02	8.122e-02
178911.50	2.976e-03	9.283e-03	3.763e-02
178912.50	3.744e-03	-4.781e-02	1.171e-01
178913.50	-4.118e-03	6.758e-02	4.320e-02
178914.50	3.514e-03	1.210e-01	-3.965e-02
178915.50	5.674e-03	-1.738e-02	-5.875e-02
178916.50	1.565e-04	-8.928e-03	-6.144e-03
178917.50	4.368e-03	-5.069e-02	-3.322e-02
178918.50	5.798e-04	-3.283e-02	2.774e-02
178919.50	-5.741e-05	5.549e-03	-6.230e-02
178920.50	-1.258e-03	-1.200e-02	-9.696e-02
178921.50	-1.066e-03	3.331e-02	-3.024e-02
178922.50	3.638e-03	-5.846e-02	1.402e-02
178923.50	-1.478e-03	-2.851e-02	1.690e-02
178924.50	1.987e-03	-2.861e-02	-3.821e-02
178925.50	-1.488e-03	2.266e-03	-9.245e-03
178926.50	-1.027e-03	3.264e-02	-6.720e-02
178927.50	1.325e-03	-5.990e-02	-1.123e-02
178928.50	-7.805e-06	-1.872e-02	5.011e-02
178929.50	1.901e-03	2.198e-02	-2.390e-02
178930.50	-9.984e-04	-5.414e-04	-3.926e-03
178931.50	-1.766e-03	-1.536e-02	-1.277e-02
178932.50	2.189e-03	-4.253e-02	5.462e-02
178933.50	3.619e-04	1.661e-02	-2.582e-02
178934.50	3.638e-04	7.747e-03	5.990e-02
178935.50	-9.792e-05	2.794e-02	-2.131e-02
178936.50	3.110e-03	-6.432e-02	-5.894e-02
178937.50	4.819e-03	-1.402e-01	9.216e-02
178938.50	2.093e-03	-6.211e-02	6.720e-02
178939.50	-6.749e-03	1.315e-01	4.234e-02
178940.50	-5.962e-03	9.888e-02	-1.066e-01
178941.50	-4.733e-03	1.670e-02	1.776e-02
178942.50	3.782e-03	-9.379e-02	-2.266e-02
178943.50	-6.288e-03	1.325e-01	3.907e-02
178944.50	2.333e-03	-1.181e-03	2.784e-02
178945.50	1.229e-03	1.958e-03	3.341e-03
178946.50	-2.448e-03	6.874e-02	2.179e-02
178947.50	1.546e-03	-3.408e-02	-3.178e-02
178948.50	-1.680e-03	2.717e-02	-5.971e-03
178949.50	-6.470e-03	1.219e-01	4.166e-02
178950.50	-1.680e-03	6.394e-03	3.994e-02
178951.50	-6.134e-04	2.333e-02	-4.368e-02
178952.50	-1.728e-03	3.917e-02	-2.429e-02
178953.50	-1.219e-03	2.717e-02	-9.696e-03
178954.50	-1.747e-03	6.566e-02	-1.046e-02
178955.50	2.160e-03	-6.490e-02	-7.306e-03
178956.50	1.930e-03	-8.592e-02	1.152e-02
178957.50	3.350e-03	-3.216e-02	-5.722e-02
178958.50	2.208e-03	-2.506e-02	-2.995e-02
