178360.50	0.000e+00	0.000e+00	0.000e+00
178361.50	0.000e+00	0.000e+00	0.000e+00
178362.50	0.000e+00	0.000e+00	0.000e+00
178363.50	0.000e+00	0.000e+00	0.000e+00
178364.50	0.000e+00	0.000e+00	0.000e+00
178365.50	0.000e+00	0.000e+00	0.000e+00
178366.50	0.000e+00	0.000e+00	0.000e+00
178367.50	0.000e+00	0.000e+00	0.000e+00
178368.50	0.000e+00	0.000e+00	0.000e+00
178369.50	0.000e+00	0.000e+00	0.000e+00
178370.50	0.000e+00	0.000e+00	0.000e+00
178371.50	0.000e+00	0.000e+00	0.000e+00
178372.50	0.000e+00	0.000e+00	0.000e+00
178373.50	0.000e+00	0.000e+00	0.000e+00
178374.50	0.000e+00	0.000e+00	0.000e+00
178375.50	0.000e+00	0.000e+00	0.000e+00
178376.50	0.000e+00	0.000e+00	0.000e+00
178377.50	0.000e+00	0.000e+00	0.000e+00
178378.50	0.000e+00	0.000e+00	0.000e+00
178379.50	0.000e+00	0.000e+00	0.000e+00
178380.50	0.000e+00	0.000e+00	0.000e+00
178381.50	0.000e+00	0.000e+00	0.000e+00
178382.50	0.000e+00	0.000e+00	0.000e+00
178383.50	0.000e+00	0.000e+00	0.000e+00
178384.50	0.000e+00	0.000e+00	0.000e+00
178385.50	0.000e+00	0.000e+00	0.000e+00
178386.50	0.000e+00	0.000e+00	0.000e+00
178387.50	0.000e+00	0.000e+00	0.000e+00
178388.50	0.000e+00	0.000e+00	0.000e+00
178389.50	0.000e+00	0.000e+00	0.000e+00
178390.50	0.000e+00	0.000e+00	0.000e+00
178391.50	0.000e+00	0.000e+00	0.000e+00
178392.50	0.000e+00	0.000e+00	0.000e+00
178393.50	0.000e+00	0.000e+00	0.000e+00
178394.50	0.000e+00	0.000e+00	0.000e+00
178395.50	0.000e+00	0.000e+00	0.000e+00
178396.50	0.000e+00	0.000e+00	0.000e+00
178397.50	0.000e+00	0.000e+00	0.000e+00
178398.50	0.000e+00	0.000e+00	0.000e+00
178399.50	0.000e+00	0.000e+00	0.000e+00
178400.50	0.000e+00	0.000e+00	0.000e+00
178401.50	0.000e+00	0.000e+00	0.000e+00
178402.50	0.000e+00	0.000e+00	0.000e+00
178403.50	0.000e+00	0.000e+00	0.000e+00
178404.50	0.000e+00	0.000e+00	0.000e+00
178405.50	0.000e+00	0.000e+00	0.000e+00
178406.50	0.000e+00	0.000e+00	0.000e+00
178407.50	0.000e+00	0.000e+00	0.000e+00
178408.50	0.000e+00	0.000e+00	0.000e+00
178409.50	0.000e+00	0.000e+00	0.000e+00
178410.50	0.000e+00	0.000e+00	0.000e+00
178411.50	0.000e+00	0.000e+00	0.000e+00
178412.50	0.000e+00	0.000e+00	0.000e+00
178413.50	0.000e+00	0.000e+00	0.000e+00
178414.50	0.000e+00	0.000e+00	0.000e+00
178415.50	0.000e+00	0.000e+00	0.000e+00
178416.50	0.000e+00	0.000e+00	0.000e+00
178417.50	0.000e+00	0.000e+00	0.000e+00
178418.50	0.000e+00	0.000e+00	0.000e+00
178419.50	0.000e+00	0.000e+00	0.000e+00
178420.50	0.000e+00	0.000e+00	0.000e+00
178421.50	0.000e+00	0.000e+00	0.000e+00
178422.50	0.000e+00	0.000e+00	0.000e+00
178423.50	0.000e+00	0.000e+00	0.000e+00
178424.50	0.000e+00	0.000e+00	0.000e+00
178425.50	0.000e+00	0.000e+00	0.000e+00
178426.50	0.000e+00	0.000e+00	0.000e+00
178427.50	0.000e+00	0.000e+00	0.000e+00
178428.50	0.000e+00	0.000e+00	0.000e+00
178429.50	0.000e+00	0.000e+00	0.000e+00
178430.50	0.000e+00	0.000e+00	0.000e+00
178431.50	0.000e+00	0.000e+00	0.000e+00
178432.50	0.000e+00	0.000e+00	0.000e+00
178433.50	0.000e+00	0.000e+00	0.000e+00
178434.50	0.000e+00	0.000e+00	0.000e+00
178435.50	0.000e+00	0.000e+00	0.000e+00
178436.50	0.000e+00	0.000e+00	0.000e+00
178437.50	0.000e+00	0.000e+00	0.000e+00
178438.50	0.000e+00	0.000e+00	0.000e+00
178439.50	0.000e+00	0.000e+00	0.000e+00
178440.50	0.000e+00	0.000e+00	0.000e+00
178441.50	0.000e+00	0.000e+00	0.000e+00
178442.50	0.000e+00	0.000e+00	0.000e+00
178443.50	0.000e+00	0.000e+00	0.000e+00
178444.50	0.000e+00	0.000e+00	0.000e+00
178445.50	0.000e+00	0.000e+00	0.000e+00
178446.50	0.000e+00	0.000e+00	0.000e+00
178447.50	0.000e+00	0.000e+00	0.000e+00
178448.50	0.000e+00	0.000e+00	0.000e+00
178449.50	0.000e+00	0.000e+00	0.000e+00
178450.50	0.000e+00	0.000e+00	0.000e+00
178451.50	0.000e+00	0.000e+00	0.000e+00
178452.50	0.000e+00	0.000e+00	0.000e+00
178453.50	0.000e+00	0.000e+00	0.000e+00
178454.50	0.000e+00	0.000e+00	0.000e+00
178455.50	0.000e+00	0.000e+00	0.000e+00
178456.50	0.000e+00	0.000e+00	0.000e+00
178457.50	0.000e+00	0.000e+00	0.000e+00
178458.50	0.000e+00	0.000e+00	0.000e+00
178459.50	0.000e+00	0.000e+00	0.000e+00
178460.50	0.000e+00	0.000e+00	0.000e+00
178461.50	0.000e+00	0.000e+00	0.000e+00
178462.50	0.000e+00	0.000e+00	0.000e+00
178463.50	0.000e+00	0.000e+00	0.000e+00
178464.50	0.000e+00	0.000e+00	0.000e+00
178465.50	0.000e+00	0.000e+00	0.000e+00
178466.50	0.000e+00	0.000e+00	0.000e+00
178467.50	0.000e+00	0.000e+00	0.000e+00
178468.50	0.000e+00	0.000e+00	0.000e+00
178469.50	0.000e+00	0.000e+00	0.000e+00
178470.50	0.000e+00	0.000e+00	0.000e+00
178471.50	0.000e+00	0.000e+00	0.000e+00
178472.50	0.000e+00	0.000e+00	0.000e+00
178473.50	0.000e+00	0.000e+00	0.000e+00
178474.50	0.000e+00	0.000e+00	0.000e+00
178475.50	0.000e+00	0.000e+00	0.000e+00
178476.50	0.000e+00	0.000e+00	0.000e+00
178477.50	0.000e+00	0.000e+00	0.000e+00
178478.50	0.000e+00	0.000e+00	0.000e+00
178479.50	0.000e+00	0.000e+00	0.000e+00
178480.50	0.000e+00	0.000e+00	0.000e+00
178481.50	0.000e+00	0.000e+00	0.000e+00
178482.50	0.000e+00	0.000e+00	0.000e+00
178483.50	0.000e+00	0.000e+00	0.000e+00
178484.50	0.000e+00	0.000e+00	0.000e+00
178485.50	0.000e+00	0.000e+00	0.000e+00
178486.50	0.000e+00	0.000e+00	0.000e+00
178487.50	0.000e+00	0.000e+00	0.000e+00
178488.50	0.000e+00	0.000e+00	0.000e+00
178489.50	0.000e+00	0.000e+00	0.000e+00
178490.50	0.000e+00	0.000e+00	0.000e+00
178491.50	0.000e+00	0.000e+00	0.000e+00
178492.50	0.000e+00	0.000e+00	0.000e+00
178493.50	0.000e+00	0.000e+00	0.000e+00
178494.50	0.000e+00	0.000e+00	0.000e+00
178495.50	0.000e+00	0.000e+00	0.000e+00
178496.50	0.000e+00	0.000e+00	0.000e+00
178497.50	0.000e+00	0.000e+00	0.000e+00
178498.50	0.000e+00	0.000e+00	0.000e+00
178499.50	0.000e+00	0.000e+00	0.000e+00
178500.50	0.000e+00	0.000e+00	0.000e+00
178501.50	0.000e+00	0.000e+00	0.000e+00
178502.50	0.000e+00	0.000e+00	0.000e+00
178503.50	0.000e+00	0.000e+00	0.000e+00
178504.50	0.000e+00	0.000e+00	0.000e+00
178505.50	0.000e+00	0.000e+00	0.000e+00
178506.50	0.000e+00	0.000e+00	0.000e+00
178507.50	0.000e+00	0.000e+00	0.000e+00
178508.50	0.000e+00	0.000e+00	0.000e+00
178509.50	0.000e+00	0.000e+00	0.000e+00
178510.50	0.000e+00	0.000e+00	0.000e+00
178511.50	0.000e+00	0.000e+00	0.000e+00
178512.50	0.000e+00	0.000e+00	0.000e+00
178513.50	0.000e+00	0.000e+00	0.000e+00
178514.50	0.000e+00	0.000e+00	0.000e+00
178515.50	0.000e+00	0.000e+00	0.000e+00
178516.50	0.000e+00	0.000e+00	0.000e+00
178517.50	0.000e+00	0.000e+00	0.000e+00
178518.50	0.000e+00	0.000e+00	0.000e+00
178519.50	0.000e+00	0.000e+00	0.000e+00
178520.50	0.000e+00	0.000e+00	0.000e+00
178521.50	0.000e+00	0.000e+00	0.000e+00
178522.50	0.000e+00	0.000e+00	0.000e+00
178523.50	0.000e+00	0.000e+00	0.000e+00
178524.50	0.000e+00	0.000e+00	0.000e+00
178525.50	0.000e+00	0.000e+00	0.000e+00
178526.50	0.000e+00	0.000e+00	0.000e+00
178527.50	0.000e+00	0.000e+00	0.000e+00
178528.50	0.000e+00	0.000e+00	0.000e+00
178529.50	0.000e+00	0.000e+00	0.000e+00
178530.50	0.000e+00	0.000e+00	0.000e+00
178531.50	0.000e+00	0.000e+00	0.000e+00
178532.50	0.000e+00	0.000e+00	0.000e+00
178533.50	0.000e+00	0.000e+00	0.000e+00
178534.50	0.000e+00	0.000e+00	0.000e+00
178535.50	0.000e+00	0.000e+00	0.000e+00
178536.50	0.000e+00	0.000e+00	0.000e+00
178537.50	0.000e+00	0.000e+00	0.000e+00
178538.50	0.000e+00	0.000e+00	0.000e+00
178539.50	0.000e+00	0.000e+00	0.000e+00
178540.50	0.000e+00	0.000e+00	0.000e+00
178541.50	0.000e+00	0.000e+00	0.000e+00
178542.50	0.000e+00	0.000e+00	0.000e+00
178543.50	0.000e+00	0.000e+00	0.000e+00
178544.50	0.000e+00	0.000e+00	0.000e+00
178545.50	0.000e+00	0.000e+00	0.000e+00
178546.50	0.000e+00	0.000e+00	0.000e+00
178547.50	0.000e+00	0.000e+00	0.000e+00
178548.50	0.000e+00	0.000e+00	0.000e+00
178549.50	0.000e+00	0.000e+00	0.000e+00
178550.50	0.000e+00	0.000e+00	0.000e+00
178551.50	0.000e+00	0.000e+00	0.000e+00
178552.50	0.000e+00	0.000e+00	0.000e+00
178553.50	0.000e+00	0.000e+00	0.000e+00
178554.50	0.000e+00	0.000e+00	0.000e+00
178555.50	0.000e+00	0.000e+00	0.000e+00
178556.50	0.000e+00	0.000e+00	0.000e+00
178557.50	0.000e+00	0.000e+00	0.000e+00
178558.50	0.000e+00	0.000e+00	0.000e+00
178559.50	0.000e+00	0.000e+00	0.000e+00
178560.50	0.000e+00	0.000e+00	0.000e+00
178561.50	0.000e+00	0.000e+00	0.000e+00
178562.50	0.000e+00	0.000e+00	0.000e+00
178563.50	0.000e+00	0.000e+00	0.000e+00
178564.50	0.000e+00	0.000e+00	0.000e+00
178565.50	0.000e+00	0.000e+00	0.000e+00
178566.50	0.000e+00	0.000e+00	0.000e+00
178567.50	0.000e+00	0.000e+00	0.000e+00
178568.50	5.942e-07	-2.112e-05	-4.128e-06
178569.50	2.717e-06	-1.133e-04	-7.066e-06
178570.50	-2.774e-07	1.891e-04	-1.094e-04
178571.50	-3.696e-06	-3.706e-05	1.498e-04
178572.50	1.046e-06	4.272e-05	-7.181e-05
178573.50	-6.115e-05	-1.536e-03	2.477e-03
178574.50	1.181e-04	2.659e-03	-4.858e-03
178575.50	2.045e-03	-7.421e-02	-1.190e-02
178576.50	3.043e-03	-1.584e+00	1.046e+00
178577.50	5.098e-01	-2.294e+01	-4.598e-03
178578.50	1.555e+00	-6.509e+01	-2.246e+00
178579.50	3.379e+00	-1.229e+02	-1.594e+01
178580.50	5.520e+00	-2.160e+02	-1.123e+01
178581.50	6.624e+00	-2.458e+02	-1.901e+01
178582.50	6.816e+00	-2.438e+02	-2.093e+01
178583.50	6.970e+00	-2.141e+02	-4.262e+01
178584.50	2.515e+00	-7.152e+01	-1.382e+01
178585.50	8.054e-01	-2.304e+01	1.229e+00
178586.50	3.312e-03	1.104e+01	-9.158e-01
178587.50	-9.888e-01	3.696e+01	6.614e+00
178588.50	-1.325e+00	4.896e+01	6.989e+00
178589.50	-1.603e+00	6.067e+01	5.933e+00
178590.50	-1.747e+00	7.200e+01	2.928e-01
178591.50	-1.517e+00	5.290e+01	7.171e+00
178592.50	-1.920e+00	6.173e+01	1.162e+01
178593.50	-1.622e+00	5.789e+01	5.597e+00
178594.50	-1.507e+00	5.088e+01	6.710e+00
178595.50	-1.258e+00	4.627e+01	2.698e+00
178596.50	-1.258e+00	4.771e+01	1.334e+00
178597.50	-1.162e+00	4.464e+01	1.229e+00
178598.50	-1.046e+00	3.811e+01	2.429e+00
178599.50	-1.238e+00	4.042e+01	6.442e+00
178600.50	-8.544e-01	3.264e+01	8.928e-01
178601.50	-9.293e-01	3.178e+01	3.542e+00
178602.50	-8.381e-01	2.918e+01	2.957e+00
178603.50	-8.496e-01	2.515e+01	6.058e+00
178604.50	-6.576e-01	2.333e+01	1.747e+00
178605.50	-5.712e-01	2.256e+01	1.843e-01
178606.50	-6.106e-01	2.131e+01	1.824e+00
178607.50	-5.558e-01	2.035e+01	1.066e+00
178608.50	-5.414e-01	1.766e+01	2.717e+00
178609.50	-5.846e-01	1.853e+01	3.178e+00
178610.50	-4.973e-01	1.651e+01	2.006e+00
178611.50	-4.723e-01	1.776e+01	2.582e-01
178612.50	-3.686e-01	1.392e+01	2.678e-01
178613.50	-3.802e-01	1.296e+01	1.286e+00
178614.50	-3.667e-01	1.210e+01	1.622e+00
178615.50	-3.552e-01	1.238e+01	1.123e+00
178616.50	-3.024e-01	1.094e+01	6.720e-01
178617.50	-3.677e-01	1.046e+01	2.890e+00
178618.50	-3.168e-01	9.888e+00	1.565e+00
178619.50	-3.139e-01	1.085e+01	9.792e-01
178620.50	-2.726e-01	8.659e+00	1.354e+00
178621.50	-2.515e-01	9.389e+00	1.469e-01
178622.50	-1.843e-01	7.123e+00	2.198e-02
178623.50	-2.102e-01	6.941e+00	9.091e-01
178624.50	-2.506e-01	7.766e+00	1.315e+00
178625.50	-1.747e-01	6.240e+00	3.418e-01
178626.50	-1.594e-01	6.134e+00	-3.091e-02
178627.50	-1.536e-01	4.368e+00	1.066e+00
178628.50	-1.776e-01	5.405e+00	1.267e+00
178629.50	-2.150e-01	6.250e+00	1.536e+00
178630.50	-1.632e-01	5.712e+00	5.664e-01
178631.50	-1.690e-01	5.894e+00	4.406e-01
178632.50	-1.104e-01	4.166e+00	-9.466e-02
178633.50	-1.594e-01	3.504e+00	1.949e+00
178634.50	-1.200e-01	3.984e+00	4.502e-01
178635.50	-9.034e-02	3.667e+00	-2.419e-01
178636.50	-1.066e-01	3.965e+00	5.837e-02
178637.50	-1.373e-01	3.917e+00	9.792e-01
178638.50	-1.104e-01	3.658e+00	3.091e-01
178639.50	-6.518e-02	2.650e+00	9.984e-02
178640.50	-7.526e-02	2.525e+00	2.918e-01
178641.50	-7.229e-02	2.640e+00	-5.981e-02
178642.50	-9.005e-02	2.822e+00	6.125e-01
178643.50	-8.102e-02	3.350e+00	-2.016e-01
178644.50	-6.883e-02	2.448e+00	1.526e-02
178645.50	-1.008e-01	3.302e+00	3.821e-01
178646.50	-8.736e-02	2.304e+00	7.382e-01
178647.50	-6.749e-02	1.968e+00	4.061e-01
178648.50	-8.688e-02	3.418e+00	-1.296e-01
178649.50	-3.869e-02	1.517e+00	-1.181e-01
178650.50	-7.286e-02	2.179e+00	2.947e-01
178651.50	-4.963e-02	1.651e+00	-5.472e-02
178652.50	-6.077e-02	1.718e+00	4.474e-01
178653.50	-8.093e-02	1.574e+00	1.142e+00
178654.50	-7.248e-02	2.362e+00	2.506e-01
178655.50	-3.053e-02	1.171e+00	1.584e-02
178656.50	-4.925e-02	1.104e+00	4.522e-01
178657.50	-2.688e-02	1.219e+00	-9.187e-02
178658.50	-6.115e-02	1.382e+00	6.902e-01
178659.50	-3.456e-02	1.459e+00	7.142e-04
178660.50	-3.341e-02	1.421e+00	-1.574e-02
178661.50	-4.906e-02	1.018e+00	5.664e-01
178662.50	-1.776e-02	6.566e-01	4.896e-02
178663.50	6.970e-03	1.008e+00	-9.696e-01
178664.50	-3.811e-02	1.008e+00	2.179e-01
178665.50	-5.568e-02	1.306e+00	5.606e-01
178666.50	-3.590e-02	1.306e+00	1.594e-02
178667.50	-3.888e-02	9.696e-01	4.387e-01
178668.50	-3.466e-02	1.133e+00	6.346e-03
178669.50	2.496e-03	1.536e-01	-1.152e-01
178670.50	-1.651e-02	9.110e-01	-1.094e-01
178671.50	-2.813e-02	8.822e-01	9.437e-02
178672.50	-2.534e-02	4.819e-01	2.506e-01
178673.50	-2.141e-02	6.086e-01	1.488e-01
178674.50	-2.765e-02	5.990e-01	3.053e-01
178675.50	4.166e-05	4.272e-01	-2.611e-01
178676.50	-3.494e-02	8.045e-01	2.506e-01
178677.50	-3.590e-02	9.379e-01	3.235e-01
178678.50	-9.206e-03	-5.539e-02	3.581e-01
178679.50	-2.554e-02	1.114e+00	-1.190e-01
178680.50	-7.200e-03	6.586e-01	-3.082e-01
178681.50	-4.205e-02	6.701e-01	6.509e-01
178682.50	-2.947e-02	6.240e-01	3.082e-01
178683.50	1.152e-04	3.926e-01	-2.995e-01
178684.50	2.246e-02	3.264e-01	-9.101e-01
178685.50	-1.488e-02	4.454e-01	2.160e-01
178686.50	-1.776e-02	4.378e-01	4.877e-02
178687.50	-1.632e-02	1.085e-01	3.091e-01
178688.50	-2.784e-02	6.470e-01	2.909e-01
178689.50	-1.786e-02	8.160e-01	3.658e-02
178690.50	-4.234e-02	8.592e-01	3.907e-01
178691.50	6.365e-03	6.336e-02	-2.755e-01
178692.50	1.834e-02	-4.550e-01	-2.064e-01
178693.50	2.054e-02	2.842e-01	-7.834e-01
178694.50	-4.368e-03	2.410e-01	-3.312e-02
178695.50	7.978e-03	5.491e-02	-2.438e-01
178696.50	-1.219e-02	2.534e-01	2.054e-01
178697.50	-2.813e-02	4.378e-01	3.811e-01
178698.50	-3.206e-02	4.675e-01	5.098e-01
178699.50	-8.947e-03	3.850e-02	2.688e-01
178700.50	-7.622e-03	3.062e-01	-6.010e-02
178701.50	-1.450e-02	4.838e-01	4.915e-02
178702.50	-1.862e-02	1.056e+00	-2.141e-01
178703.50	-1.718e-02	6.845e-01	-4.934e-02
178704.50	4.838e-04	-1.920e-01	8.995e-02
178705.50	1.939e-04	2.054e-01	-1.440e-01
178706.50	-9.005e-03	4.627e-01	-7.411e-02
178707.50	1.920e-03	-1.459e-01	4.186e-03
178708.50	-1.805e-02	3.283e-01	3.053e-01
178709.50	-2.429e-02	2.899e-01	4.493e-01
178710.50	8.035e-03	2.630e-01	-4.445e-01
178711.50	-1.104e-02	8.880e-02	1.421e-01
178712.50	-1.862e-02	-7.046e-02	4.435e-01
178713.50	-1.056e-02	1.901e-01	1.795e-01
178714.50	-1.162e-02	3.600e-01	1.651e-01
178715.50	2.419e-02	-4.301e-01	-2.640e-01
178716.50	-2.813e-02	4.022e-01	3.955e-01
178717.50	-8.602e-03	4.157e-01	-8.352e-02
178718.50	1.344e-03	-9.792e-03	-9.792e-02
178719.50	-1.277e-02	3.715e-01	5.280e-02
178720.50	-5.837e-03	2.592e-01	1.997e-02
178721.50	-1.584e-03	2.515e-02	5.088e-02
178722.50	1.690e-02	-1.219e-01	-2.861e-01
178723.50	3.408e-04	2.160e-01	-5.453e-02
178724.50	-1.066e-02	1.507e-02	2.611e-01
178725.50	-9.187e-03	1.056e-01	6.653e-02
178726.50	-1.498e-02	3.667e-01	8.957e-02
178727.50	-3.715e-03	4.819e-02	-1.229e-01
178728.50	-9.696e-03	1.478e-01	8.976e-02
178729.50	-7.757e-03	3.014e-01	5.530e-02
178730.50	6.326e-03	-5.338e-02	-8.525e-02
178731.50	-5.664e-03	1.258e-01	1.248e-01
178732.50	-1.094e-02	5.146e-01	-1.085e-01
178733.50	4.205e-03	4.147e-02	-1.286e-01
178734.50	-1.440e-02	7.670e-02	2.899e-01
178735.50	1.018e-02	-4.003e-01	8.064e-02
178736.50	-2.429e-03	1.613e-01	-1.910e-02
178737.50	-8.064e-03	4.186e-01	-9.600e-02
178738.50	2.419e-03	1.747e-02	-7.642e-02
178739.50	-1.488e-02	1.824e-01	2.035e-01
178740.50	3.571e-03	-5.616e-02	-9.792e-03
178741.50	3.014e-03	-2.266e-01	1.498e-01
178742.50	1.267e-03	-9.581e-02	9.024e-03
178743.50	-1.354e-04	2.678e-01	-2.688e-01
178744.50	-5.942e-03	-6.538e-02	1.786e-01
178745.50	-1.306e-03	9.494e-02	2.890e-02
178746.50	-8.054e-03	4.003e-01	-2.362e-02
178747.50	-1.181e-02	2.045e-01	1.171e-01
178748.50	-1.008e-02	1.642e-01	1.229e-01
178749.50	-2.198e-03	2.102e-01	-2.630e-02
178750.50	2.640e-03	-1.056e-01	2.083e-03
178751.50	-1.354e-03	1.008e-01	7.565e-02
178752.50	6.950e-03	-1.488e-01	-6.461e-02
178753.50	-2.390e-03	6.000e-02	-8.448e-02
178754.50	-1.651e-02	2.957e-01	1.498e-01
178755.50	-5.453e-03	1.392e-01	-6.538e-03
178756.50	-9.888e-03	6.950e-02	2.006e-01
178757.50	-4.493e-03	1.296e-01	-1.910e-01
178758.50	5.635e-03	1.286e-01	-1.968e-01
178759.50	2.582e-04	1.450e-01	6.086e-02
178760.50	-9.072e-03	2.640e-02	2.342e-01
178761.50	-7.181e-03	1.267e-01	4.454e-02
178762.50	3.571e-03	-2.256e-01	4.819e-02
178763.50	3.283e-03	-1.123e-01	-3.734e-03
178764.50	-9.792e-03	4.810e-01	-6.067e-02
178765.50	-7.402e-03	9.043e-02	-2.659e-03
178766.50	2.026e-03	-3.638e-02	4.560e-02
178767.50	-7.325e-03	1.190e-01	-4.502e-03
178768.50	-3.850e-03	2.419e-01	-9.581e-02
178769.50	8.083e-03	-4.138e-02	-1.382e-01
178770.50	8.122e-03	-1.853e-01	-3.130e-03
178771.50	2.218e-03	-1.094e-01	-3.043e-02
178772.50	-3.216e-03	5.779e-02	8.707e-02
178773.50	-2.525e-03	4.963e-02	2.659e-02
178774.50	-5.088e-03	2.582e-01	-1.440e-03
178775.50	7.862e-04	-1.699e-01	5.702e-02
178776.50	-6.816e-03	1.267e-01	-2.333e-02
178777.50	3.158e-03	-1.834e-01	1.478e-01
178778.50	-4.762e-03	1.507e-01	1.238e-03
178779.50	-4.061e-03	-4.195e-02	7.574e-02
178780.50	2.707e-03	-3.888e-02	-2.688e-02
178781.50	-2.966e-04	-3.533e-02	-2.410e-02
178782.50	-6.134e-03	1.382e-01	1.536e-01
178783.50	-1.142e-02	3.379e-01	1.517e-01
178784.50	5.981e-03	-8.131e-02	-1.354e-01
178785.50	1.440e-03	-8.429e-02	-1.373e-02
178786.50	-7.622e-03	-6.173e-02	1.680e-01
178787.50	-3.552e-03	-5.626e-03	1.488e-01
178788.50	9.360e-03	-1.469e-01	-1.315e-01
178789.50	-8.054e-04	1.363e-01	-6.346e-02
178790.50	-1.248e-02	1.066e-01	1.642e-01
178791.50	-2.832e-03	2.515e-02	3.859e-02
178792.50	3.955e-03	-3.043e-03	-1.056e-01
178793.50	-3.120e-03	1.085e-01	-6.336e-02
178794.50	-1.046e-03	-1.018e-01	1.565e-01
178795.50	-6.307e-04	5.789e-02	-6.278e-02
178796.50	-3.744e-03	1.430e-01	-5.203e-02
178797.50	-2.669e-04	1.066e-01	-6.230e-02
178798.50	-3.312e-03	4.320e-02	9.514e-02
178799.50	-2.141e-03	-1.565e-01	1.210e-01
178800.50	6.576e-03	-4.848e-02	-1.046e-01
178801.50	-2.515e-03	-1.181e-03	1.056e-01
178802.50	2.717e-03	7.776e-02	-1.526e-01
178803.50	-4.109e-03	-6.000e-02	1.757e-01
178804.50	5.203e-03	-1.450e-01	2.342e-02
178805.50	-1.661e-03	-2.851e-02	5.098e-02
178806.50	-1.450e-04	7.382e-02	-4.733e-02
178807.50	1.142e-03	1.066e-01	-1.075e-01
178808.50	-3.552e-03	-2.198e-02	8.429e-02
178809.50	7.882e-04	7.430e-02	7.718e-03
178810.50	-4.925e-03	1.891e-01	-1.488e-02
178811.50	-3.331e-03	-5.155e-02	5.923e-02
178812.50	-2.822e-03	5.683e-02	4.675e-02
178813.50	-6.058e-03	1.219e-01	3.677e-02
178814.50	-3.533e-03	7.862e-02	-1.171e-02
178815.50	1.037e-03	6.000e-03	-5.472e-02
178816.50	7.306e-03	-1.306e-01	-8.707e-02
178817.50	7.027e-03	-1.632e-01	-5.059e-02
178818.50	1.114e-03	5.232e-02	-2.842e-02
178819.50	9.696e-04	8.035e-02	-7.930e-02
178820.50	-6.010e-03	6.019e-02	1.315e-01
178821.50	-1.891e-03	6.528e-02	7.661e-02
178822.50	-1.421e-03	2.006e-03	5.981e-02
178823.50	-2.832e-03	1.392e-02	6.835e-02
178824.50	-6.154e-03	9.984e-02	8.045e-02
178825.50	-1.296e-03	1.632e-01	-1.200e-01
178826.50	-3.322e-03	1.642e-02	7.517e-02
178827.50	-2.429e-03	5.606e-02	1.344e-02
178828.50	-2.477e-04	3.869e-02	-3.600e-02
178829.50	2.150e-03	-3.139e-02	-6.480e-02
178830.50	4.032e-03	8.131e-02	-1.171e-01
178831.50	-1.766e-03	1.411e-01	-1.459e-01
178832.50	5.184e-03	-1.066e-01	-6.509e-02
178833.50	1.834e-04	-1.440e-01	9.571e-02
178834.50	2.218e-03	-4.330e-02	7.805e-02
178835.50	-2.506e-04	1.517e-01	6.893e-03
178836.50	-3.254e-03	1.555e-01	-2.755e-02
178837.50	3.677e-03	-9.542e-02	1.891e-03
178838.50	-4.339e-03	4.147e-02	4.310e-02
178839.50	-6.058e-04	6.221e-02	-3.379e-02
178840.50	-1.776e-03	1.066e-01	-7.478e-02
178841.50	-2.448e-03	-3.658e-02	4.560e-02
178842.50	-1.901e-03	-1.824e-01	1.997e-01
178843.50	4.291e-03	-1.853e-01	1.133e-01
178844.50	7.872e-03	-7.910e-02	-1.411e-01
178845.50	4.714e-03	-6.230e-02	-1.565e-01
178846.50	-1.824e-03	1.382e-02	-8.074e-02
178847.50	-4.262e-03	4.090e-02	2.016e-02
178848.50	6.912e-04	1.142e-01	-3.408e-02
178849.50	-3.821e-03	1.056e-01	1.066e-01
178850.50	-1.037e-02	-6.912e-03	4.714e-02
178851.50	7.238e-03	-3.101e-02	-6.058e-02
178852.50	-4.685e-03	1.190e-01	1.325e-01
178853.50	-3.869e-03	5.693e-02	4.618e-02
178854.50	-2.227e-03	2.957e-02	-1.018e-02
178855.50	2.688e-02	-4.349e-02	-1.690e-01
178856.50	-1.133e-03	9.600e-03	-5.587e-03
178857.50	4.118e-03	8.371e-02	-9.696e-02
178858.50	-1.718e-03	3.091e-02	5.414e-02
178859.50	-9.082e-04	-6.643e-02	4.992e-02
178860.50	4.675e-03	1.325e-01	-2.755e-02
178861.50	8.275e-03	-2.698e-01	-1.738e-02
178862.50	-9.581e-03	1.594e-01	7.296e-02
178863.50	-3.350e-03	7.498e-02	3.542e-02
178864.50	1.766e-02	-9.590e-02	-1.613e-01
178865.50	-7.478e-03	1.766e-01	-1.210e-02
178866.50	3.120e-02	-1.411e-01	-2.467e-01
178867.50	-2.611e-02	-7.469e-02	1.872e-01
178868.50	-4.445e-03	-1.555e-02	6.144e-02
178869.50	-3.389e-03	-1.795e-02	5.443e-02
178870.50	1.526e-02	-2.918e-03	-4.234e-02
178871.50	3.053e-03	1.190e-02	7.565e-02
178872.50	-7.488e-03	3.706e-02	-3.782e-02
178873.50	-3.763e-03	1.219e-01	-6.595e-02
178874.50	1.258e-02	2.477e-02	-1.229e-01
178875.50	3.610e-03	-2.736e-02	-3.466e-02
178876.50	-2.102e-03	-1.142e-01	6.451e-03
178877.50	-4.675e-03	-6.643e-02	2.429e-03
178878.50	-4.397e-03	5.837e-02	4.598e-02
178879.50	4.349e-03	-9.792e-02	-3.091e-02
178880.50	3.754e-03	-1.229e-01	3.446e-02
178881.50	7.958e-03	-9.888e-02	-7.286e-02
178882.50	-1.181e-04	2.189e-02	-4.666e-03
178883.50	-1.978e-03	-6.173e-03	-3.197e-02
178884.50	-7.066e-03	-1.718e-02	8.554e-02
178885.50	-1.114e-02	1.056e-01	7.459e-02
178886.50	-9.590e-03	1.853e-01	6.106e-02
178887.50	-1.219e-03	2.304e-02	7.430e-03
178888.50	-2.707e-03	4.934e-02	-6.125e-03
178889.50	-2.822e-03	1.066e-02	8.179e-02
178890.50	-2.314e-03	-4.003e-02	6.758e-02
178891.50	-2.179e-03	-1.507e-02	5.030e-02
178892.50	8.208e-02	6.355e-03	-2.592e-01
178893.50	-1.363e-02	6.624e-02	-7.488e-03
178894.50	-2.208e-02	8.304e-03	-6.038e-02
178895.50	-1.354e-03	4.896e-02	1.536e-02
178896.50	-9.984e-04	4.070e-02	-4.675e-03
178897.50	1.382e-02	2.448e-02	-1.325e-01
178898.50	-2.582e-03	-1.402e-01	1.306e-01
178899.50	-3.149e-03	-5.501e-03	-1.469e-02
178900.50	-2.870e-03	9.984e-02	-4.387e-02
178901.50	-4.397e-04	-1.200e-02	7.402e-02
178902.50	2.794e-03	-4.522e-03	-2.717e-02
178903.50	-2.592e-03	-3.158e-02	-6.691e-02
178904.50	-2.266e-03	3.629e-03	6.998e-02
178905.50	-4.570e-03	-3.590e-02	5.030e-02
178906.50	-5.962e-02	-3.245e-03	1.738e-01
178907.50	1.949e-03	-7.306e-02	6.029e-02
178908.50	8.189e-03	-1.277e-02	-1.402e-01
178909.50	-4.790e-03	-4.243e-03	1.334e-01
178910.50	6.931e-03	-6.490e-02	-9.408e-02
178911.50	-2.006e-03	5.453e-02	2.160e-02
178912.50	-7.603e-03	4.214e-02	8.496e-02
178913.50	9.792e-04	-1.814e-02	4.090e-03
178914.50	1.690e-03	2.707e-02	-4.474e-02
178915.50	5.626e-04	-1.661e-02	-2.275e-02
178916.50	5.837e-04	2.659e-02	-2.227e-02
178917.50	-1.901e-03	-3.917e-02	6.211e-02
178918.50	-1.094e-03	2.986e-02	-2.390e-02
178919.50	2.602e-04	-9.130e-02	4.339e-02
178920.50	8.554e-04	-2.678e-02	2.093e-02
178921.50	1.517e-03	-6.893e-03	-5.942e-02
178922.50	-8.602e-04	4.954e-02	-4.042e-02
178923.50	1.210e-03	7.094e-03	-4.051e-02
178924.50	-8.381e-04	-4.205e-02	8.448e-02
178925.50	-4.224e-03	5.568e-02	8.093e-02
178926.50	-3.024e-03	5.251e-02	4.685e-02
178927.50	3.859e-03	-6.768e-02	-6.557e-02
178928.50	-2.794e-03	5.549e-02	2.544e-02
178929.50	-3.638e-03	2.794e-02	7.094e-02
178930.50	-2.246e-03	2.707e-02	-5.117e-02
178931.50	5.501e-04	-2.256e-03	2.736e-02
178932.50	-3.936e-03	5.222e-02	1.776e-02
178933.50	5.078e-03	-3.312e-02	-8.832e-02
178934.50	3.485e-03	-1.037e-02	-6.691e-02
178935.50	3.043e-03	-5.760e-02	-4.867e-02
178936.50	3.802e-03	3.514e-02	-1.037e-01
178937.50	8.630e-04	-1.757e-02	-1.978e-02
178938.50	4.406e-04	4.339e-02	-2.995e-02
178939.50	-2.650e-03	9.600e-03	1.027e-02
178940.50	-6.547e-03	1.075e-01	9.888e-02
178941.50	3.398e-03	-3.763e-02	-6.605e-02
178942.50	-4.474e-03	1.133e-01	8.861e-02
178943.50	-2.563e-03	3.456e-03	6.960e-02
178944.50	3.658e-03	-4.694e-02	-5.203e-02
178945.50	-5.002e-03	3.408e-02	8.640e-02
178946.50	-2.390e-03	5.578e-02	4.829e-02
178947.50	-9.600e-03	-8.189e-02	9.984e-02
178948.50	2.256e-03	5.117e-03	-6.413e-02
178949.50	-9.082e-04	-4.051e-02	5.395e-02
178950.50	-9.360e-04	5.472e-02	-2.534e-02
178951.50	1.680e-03	-1.440e-02	1.267e-02
178952.50	6.806e-04	-3.120e-02	-2.746e-02
178953.50	-2.486e-03	-1.613e-02	3.014e-02
178954.50	-1.795e-03	3.504e-02	3.984e-02
178955.50	4.541e-04	-2.429e-02	-1.718e-02
178956.50	1.987e-03	2.026e-02	-3.869e-02
178957.50	2.525e-03	-6.672e-02	-7.786e-03
178958.50	-1.104e-03	8.285e-03	1.171e-02
