178360.50	0.000e+00	0.000e+00	0.000e+00
178361.50	0.000e+00	0.000e+00	0.000e+00
178362.50	0.000e+00	0.000e+00	0.000e+00
178363.50	0.000e+00	0.000e+00	0.000e+00
178364.50	0.000e+00	0.000e+00	0.000e+00
178365.50	0.000e+00	0.000e+00	0.000e+00
178366.50	0.000e+00	0.000e+00	0.000e+00
178367.50	0.000e+00	0.000e+00	0.000e+00
178368.50	0.000e+00	0.000e+00	0.000e+00
178369.50	0.000e+00	0.000e+00	0.000e+00
178370.50	0.000e+00	0.000e+00	0.000e+00
178371.50	0.000e+00	0.000e+00	0.000e+00
178372.50	0.000e+00	0.000e+00	0.000e+00
178373.50	0.000e+00	0.000e+00	0.000e+00
178374.50	0.000e+00	0.000e+00	0.000e+00
178375.50	0.000e+00	0.000e+00	0.000e+00
178376.50	0.000e+00	0.000e+00	0.000e+00
178377.50	0.000e+00	0.000e+00	0.000e+00
178378.50	0.000e+00	0.000e+00	0.000e+00
178379.50	0.000e+00	0.000e+00	0.000e+00
178380.50	0.000e+00	0.000e+00	0.000e+00
178381.50	0.000e+00	0.000e+00	0.000e+00
178382.50	0.000e+00	0.000e+00	0.000e+00
178383.50	0.000e+00	0.000e+00	0.000e+00
178384.50	0.000e+00	0.000e+00	0.000e+00
178385.50	0.000e+00	0.000e+00	0.000e+00
178386.50	0.000e+00	0.000e+00	0.000e+00
178387.50	0.000e+00	0.000e+00	0.000e+00
178388.50	0.000e+00	0.000e+00	0.000e+00
178389.50	0.000e+00	0.000e+00	0.000e+00
178390.50	0.000e+00	0.000e+00	0.000e+00
178391.50	0.000e+00	0.000e+00	0.000e+00
178392.50	0.000e+00	0.000e+00	0.000e+00
178393.50	0.000e+00	0.000e+00	0.000e+00
178394.50	0.000e+00	0.000e+00	0.000e+00
178395.50	0.000e+00	0.000e+00	0.000e+00
178396.50	0.000e+00	0.000e+00	0.000e+00
178397.50	0.000e+00	0.000e+00	0.000e+00
178398.50	0.000e+00	0.000e+00	0.000e+00
178399.50	0.000e+00	0.000e+00	0.000e+00
178400.50	0.000e+00	0.000e+00	0.000e+00
178401.50	0.000e+00	0.000e+00	0.000e+00
178402.50	0.000e+00	0.000e+00	0.000e+00
178403.50	0.000e+00	0.000e+00	0.000e+00
178404.50	0.000e+00	0.000e+00	0.000e+00
178405.50	0.000e+00	0.000e+00	0.000e+00
178406.50	0.000e+00	0.000e+00	0.000e+00
178407.50	0.000e+00	0.000e+00	0.000e+00
178408.50	0.000e+00	0.000e+00	0.000e+00
178409.50	0.000e+00	0.000e+00	0.000e+00
178410.50	0.000e+00	0.000e+00	0.000e+00
178411.50	0.000e+00	0.000e+00	0.000e+00
178412.50	0.000e+00	0.000e+00	0.000e+00
178413.50	0.000e+00	0.000e+00	0.000e+00
178414.50	0.000e+00	0.000e+00	0.000e+00
178415.50	0.000e+00	0.000e+00	0.000e+00
178416.50	0.000e+00	0.000e+00	0.000e+00
178417.50	0.000e+00	0.000e+00	0.000e+00
178418.50	0.000e+00	0.000e+00	0.000e+00
178419.50	0.000e+00	0.000e+00	0.000e+00
178420.50	0.000e+00	0.000e+00	0.000e+00
178421.50	0.000e+00	0.000e+00	0.000e+00
178422.50	0.000e+00	0.000e+00	0.000e+00
178423.50	0.000e+00	0.000e+00	0.000e+00
178424.50	0.000e+00	0.000e+00	0.000e+00
178425.50	0.000e+00	0.000e+00	0.000e+00
178426.50	0.000e+00	0.000e+00	0.000e+00
178427.50	0.000e+00	0.000e+00	0.000e+00
178428.50	0.000e+00	0.000e+00	0.000e+00
178429.50	0.000e+00	0.000e+00	0.000e+00
178430.50	0.000e+00	0.000e+00	0.000e+00
178431.50	0.000e+00	0.000e+00	0.000e+00
178432.50	0.000e+00	0.000e+00	0.000e+00
178433.50	0.000e+00	0.000e+00	0.000e+00
178434.50	0.000e+00	0.000e+00	0.000e+00
178435.50	0.000e+00	0.000e+00	0.000e+00
178436.50	0.000e+00	0.000e+00	0.000e+00
178437.50	0.000e+00	0.000e+00	0.000e+00
178438.50	0.000e+00	0.000e+00	0.000e+00
178439.50	0.000e+00	0.000e+00	0.000e+00
178440.50	0.000e+00	0.000e+00	0.000e+00
178441.50	0.000e+00	0.000e+00	0.000e+00
178442.50	0.000e+00	0.000e+00	0.000e+00
178443.50	0.000e+00	0.000e+00	0.000e+00
178444.50	0.000e+00	0.000e+00	0.000e+00
178445.50	0.000e+00	0.000e+00	0.000e+00
178446.50	0.000e+00	0.000e+00	0.000e+00
178447.50	0.000e+00	0.000e+00	0.000e+00
178448.50	0.000e+00	0.000e+00	0.000e+00
178449.50	0.000e+00	0.000e+00	0.000e+00
178450.50	0.000e+00	0.000e+00	0.000e+00
178451.50	0.000e+00	0.000e+00	0.000e+00
178452.50	0.000e+00	0.000e+00	0.000e+00
178453.50	0.000e+00	0.000e+00	0.000e+00
178454.50	0.000e+00	0.000e+00	0.000e+00
178455.50	0.000e+00	0.000e+00	0.000e+00
178456.50	0.000e+00	0.000e+00	0.000e+00
178457.50	0.000e+00	0.000e+00	0.000e+00
178458.50	0.000e+00	0.000e+00	0.000e+00
178459.50	0.000e+00	0.000e+00	0.000e+00
178460.50	0.000e+00	0.000e+00	0.000e+00
178461.50	0.000e+00	0.000e+00	0.000e+00
178462.50	0.000e+00	0.000e+00	0.000e+00
178463.50	0.000e+00	0.000e+00	0.000e+00
178464.50	0.000e+00	0.000e+00	0.000e+00
178465.50	0.000e+00	0.000e+00	0.000e+00
178466.50	0.000e+00	0.000e+00	0.000e+00
178467.50	0.000e+00	0.000e+00	0.000e+00
178468.50	0.000e+00	0.000e+00	0.000e+00
178469.50	0.000e+00	0.000e+00	0.000e+00
178470.50	0.000e+00	0.000e+00	0.000e+00
178471.50	0.000e+00	0.000e+00	0.000e+00
178472.50	0.000e+00	0.000e+00	0.000e+00
178473.50	0.000e+00	0.000e+00	0.000e+00
178474.50	0.000e+00	0.000e+00	0.000e+00
178475.50	0.000e+00	0.000e+00	0.000e+00
178476.50	0.000e+00	0.000e+00	0.000e+00
178477.50	0.000e+00	0.000e+00	0.000e+00
178478.50	0.000e+00	0.000e+00	0.000e+00
178479.50	0.000e+00	0.000e+00	0.000e+00
178480.50	0.000e+00	0.000e+00	0.000e+00
178481.50	0.000e+00	0.000e+00	0.000e+00
178482.50	0.000e+00	0.000e+00	0.000e+00
178483.50	0.000e+00	0.000e+00	0.000e+00
178484.50	0.000e+00	0.000e+00	0.000e+00
178485.50	0.000e+00	0.000e+00	0.000e+00
178486.50	0.000e+00	0.000e+00	0.000e+00
178487.50	0.000e+00	0.000e+00	0.000e+00
178488.50	0.000e+00	0.000e+00	0.000e+00
178489.50	0.000e+00	0.000e+00	0.000e+00
178490.50	0.000e+00	0.000e+00	0.000e+00
178491.50	0.000e+00	0.000e+00	0.000e+00
178492.50	0.000e+00	0.000e+00	0.000e+00
178493.50	0.000e+00	0.000e+00	0.000e+00
178494.50	0.000e+00	0.000e+00	0.000e+00
178495.50	0.000e+00	0.000e+00	0.000e+00
178496.50	0.000e+00	0.000e+00	0.000e+00
178497.50	0.000e+00	0.000e+00	0.000e+00
178498.50	0.000e+00	0.000e+00	0.000e+00
178499.50	0.000e+00	0.000e+00	0.000e+00
178500.50	0.000e+00	0.000e+00	0.000e+00
178501.50	0.000e+00	0.000e+00	0.000e+00
178502.50	0.000e+00	0.000e+00	0.000e+00
178503.50	0.000e+00	0.000e+00	0.000e+00
178504.50	0.000e+00	0.000e+00	0.000e+00
178505.50	0.000e+00	0.000e+00	0.000e+00
178506.50	0.000e+00	0.000e+00	0.000e+00
178507.50	0.000e+00	0.000e+00	0.000e+00
178508.50	0.000e+00	0.000e+00	0.000e+00
178509.50	0.000e+00	0.000e+00	0.000e+00
178510.50	0.000e+00	0.000e+00	0.000e+00
178511.50	0.000e+00	0.000e+00	0.000e+00
178512.50	0.000e+00	0.000e+00	0.000e+00
178513.50	0.000e+00	0.000e+00	0.000e+00
178514.50	0.000e+00	0.000e+00	0.000e+00
178515.50	0.000e+00	0.000e+00	0.000e+00
178516.50	0.000e+00	0.000e+00	0.000e+00
178517.50	0.000e+00	0.000e+00	0.000e+00
178518.50	0.000e+00	0.000e+00	0.000e+00
178519.50	0.000e+00	0.000e+00	0.000e+00
178520.50	0.000e+00	0.000e+00	0.000e+00
178521.50	0.000e+00	0.000e+00	0.000e+00
178522.50	0.000e+00	0.000e+00	0.000e+00
178523.50	0.000e+00	0.000e+00	0.000e+00
178524.50	0.000e+00	0.000e+00	0.000e+00
178525.50	0.000e+00	0.000e+00	0.000e+00
178526.50	0.000e+00	0.000e+00	0.000e+00
178527.50	0.000e+00	0.000e+00	0.000e+00
178528.50	0.000e+00	0.000e+00	0.000e+00
178529.50	0.000e+00	0.000e+00	0.000e+00
178530.50	0.000e+00	0.000e+00	0.000e+00
178531.50	0.000e+00	0.000e+00	0.000e+00
178532.50	0.000e+00	0.000e+00	0.000e+00
178533.50	0.000e+00	0.000e+00	0.000e+00
178534.50	0.000e+00	0.000e+00	0.000e+00
178535.50	0.000e+00	0.000e+00	0.000e+00
178536.50	0.000e+00	0.000e+00	0.000e+00
178537.50	0.000e+00	0.000e+00	0.000e+00
178538.50	0.000e+00	0.000e+00	0.000e+00
178539.50	0.000e+00	0.000e+00	0.000e+00
178540.50	0.000e+00	0.000e+00	0.000e+00
178541.50	0.000e+00	0.000e+00	0.000e+00
178542.50	0.000e+00	0.000e+00	0.000e+00
178543.50	0.000e+00	0.000e+00	0.000e+00
178544.50	0.000e+00	0.000e+00	0.000e+00
178545.50	0.000e+00	0.000e+00	0.000e+00
178546.50	0.000e+00	0.000e+00	0.000e+00
178547.50	0.000e+00	0.000e+00	0.000e+00
178548.50	0.000e+00	0.000e+00	0.000e+00
178549.50	0.000e+00	0.000e+00	0.000e+00
178550.50	0.000e+00	0.000e+00	0.000e+00
178551.50	0.000e+00	0.000e+00	0.000e+00
178552.50	0.000e+00	0.000e+00	0.000e+00
178553.50	0.000e+00	0.000e+00	0.000e+00
178554.50	-1.862e-04	3.293e-03	4.493e-03
178555.50	1.709e-04	1.680e-03	-2.986e-03
178556.50	9.888e-05	-5.366e-03	-3.072e-03
178557.50	-1.882e-04	2.477e-03	4.282e-03
178558.50	-4.666e-05	-1.344e-03	1.526e-03
178559.50	7.987e-04	1.056e-03	-1.584e-02
178560.50	-1.517e-05	-2.765e-03	1.008e-03
178561.50	-4.330e-05	2.275e-03	2.928e-03
178562.50	1.373e-03	2.093e-02	-9.139e-03
178563.50	9.206e-04	6.250e-03	-8.784e-03
178564.50	-6.758e-05	1.018e-02	1.200e-02
178565.50	-8.957e-04	-5.165e-03	1.248e-02
178566.50	-5.338e-04	-7.229e-03	3.619e-03
178567.50	-2.861e-05	-4.262e-04	1.632e-03
178568.50	-1.632e-03	-9.888e-03	2.400e-02
178569.50	7.843e-04	-5.952e-03	-2.621e-02
178570.50	-1.478e-04	-2.496e-02	2.659e-03
178571.50	1.296e-03	-2.870e-03	-3.158e-02
178572.50	-5.798e-04	3.542e-03	9.581e-03
178573.50	2.554e-04	2.822e-02	-3.590e-03
178574.50	1.968e-03	-5.280e-02	-3.696e-02
178575.50	-1.786e-02	-2.438e+00	4.637e-01
178576.50	1.459e-01	-2.083e+01	-3.629e+00
178577.50	5.530e-01	-6.067e+01	-1.344e+01
178578.50	8.122e-01	-1.066e+02	-1.930e+01
178579.50	1.872e+00	-1.824e+02	-4.368e+01
178580.50	1.421e+00	-2.179e+02	-3.178e+01
178581.50	1.411e+00	-2.294e+02	-3.101e+01
178582.50	1.478e+00	-1.930e+02	-3.206e+01
178583.50	7.958e-01	-6.278e+01	-1.584e+01
178584.50	-1.056e-01	-2.726e+01	4.435e+00
178585.50	-1.382e-01	1.046e+01	4.781e+00
178586.50	-1.478e-01	3.322e+01	4.627e+00
178587.50	-2.640e-01	3.974e+01	7.258e+00
178588.50	-5.904e-01	4.723e+01	1.402e+01
178589.50	-5.002e-01	5.597e+01	1.181e+01
178590.50	-5.126e-01	5.174e+01	1.162e+01
178591.50	-5.078e-01	5.779e+01	1.181e+01
178592.50	-4.205e-01	5.194e+01	9.581e+00
178593.50	-2.294e-01	4.982e+01	5.030e+00
178594.50	-2.429e-01	4.531e+01	5.232e+00
178595.50	-2.189e-01	4.493e+01	4.579e+00
178596.50	-1.354e-01	3.744e+01	2.986e+00
178597.50	-2.938e-01	3.648e+01	6.595e+00
178598.50	-2.064e-01	3.322e+01	4.426e+00
178599.50	-2.064e-01	3.024e+01	4.598e+00
178600.50	-2.026e-01	2.630e+01	4.541e+00
178601.50	-3.341e-01	2.419e+01	7.334e+00
178602.50	-1.949e-01	2.592e+01	4.109e+00
178603.50	-1.834e-01	2.486e+01	3.936e+00
178604.50	-1.046e-01	2.006e+01	2.170e+00
178605.50	1.555e-02	1.882e+01	-2.909e-01
178606.50	8.314e-03	1.853e+01	-1.680e-01
178607.50	-2.160e-01	1.853e+01	4.570e+00
178608.50	-1.344e-01	1.584e+01	2.976e+00
178609.50	-1.354e-02	1.373e+01	3.542e-01
178610.50	-1.555e-01	1.488e+01	3.245e+00
178611.50	-1.574e-01	1.411e+01	3.514e+00
178612.50	-1.315e-01	1.133e+01	2.698e+00
178613.50	-1.526e-01	1.238e+01	3.168e+00
178614.50	-4.282e-02	1.267e+01	8.861e-01
178615.50	-7.814e-02	8.285e+00	1.546e+00
178616.50	-9.139e-02	1.114e+01	1.930e+00
178617.50	-2.064e-02	8.640e+00	4.205e-01
178618.50	-6.067e-02	8.880e+00	1.046e+00
178619.50	-2.045e-02	8.429e+00	3.965e-01
178620.50	-1.229e-01	8.074e+00	2.640e+00
178621.50	-3.773e-02	5.539e+00	8.755e-01
178622.50	-4.771e-02	7.037e+00	9.216e-01
178623.50	-8.314e-02	6.518e+00	1.613e+00
178624.50	-3.581e-02	5.357e+00	8.208e-01
178625.50	-3.581e-02	6.269e+00	7.411e-01
178626.50	-3.312e-02	5.770e+00	6.422e-01
178627.50	-1.248e-02	5.923e+00	1.843e-01
178628.50	-7.248e-02	5.693e+00	1.536e+00
178629.50	-1.891e-02	4.176e+00	2.659e-01
178630.50	1.440e-02	3.725e+00	-3.274e-01
178631.50	-5.174e-02	3.648e+00	9.984e-01
178632.50	-6.240e-02	3.312e+00	1.421e+00
178633.50	-2.371e-02	4.042e+00	4.675e-01
178634.50	-1.238e-02	3.485e+00	2.736e-01
178635.50	-8.304e-02	3.629e+00	1.651e+00
178636.50	7.699e-03	2.410e+00	-1.718e-01
178637.50	-1.728e-02	2.496e+00	3.245e-01
178638.50	-1.930e-02	3.130e+00	2.717e-01
178639.50	-1.853e-02	2.899e+00	3.398e-01
178640.50	-4.282e-02	3.446e+00	7.450e-01
178641.50	4.723e-03	2.698e+00	-3.571e-02
178642.50	-6.701e-02	1.555e+00	1.315e+00
178643.50	-4.128e-02	2.976e+00	7.517e-01
178644.50	-1.718e-02	2.275e+00	3.552e-01
178645.50	1.363e-03	2.045e+00	4.790e-02
178646.50	1.709e-02	1.507e+00	-3.936e-01
178647.50	-1.930e-02	1.555e+00	3.533e-01
178648.50	-3.533e-02	1.728e+00	7.603e-01
178649.50	-7.315e-03	2.189e+00	2.035e-01
178650.50	-5.002e-03	8.064e-01	1.594e-01
178651.50	-3.014e-02	1.546e+00	6.288e-01
178652.50	-3.139e-02	1.632e+00	7.478e-01
178653.50	-4.877e-03	1.478e+00	1.037e-01
178654.50	6.902e-03	1.565e+00	-1.930e-01
178655.50	1.123e-02	1.882e+00	-3.629e-01
178656.50	-3.254e-02	8.678e-01	6.528e-01
178657.50	-3.466e-02	1.296e+00	6.989e-01
178658.50	6.192e-03	1.219e+00	-1.363e-01
178659.50	-5.981e-03	1.459e+00	1.258e-01
178660.50	-6.960e-03	9.696e-01	2.419e-01
178661.50	-1.066e-02	9.466e-01	1.248e-01
178662.50	-4.310e-02	1.622e+00	7.498e-01
178663.50	-1.555e-03	6.614e-01	4.013e-02
178664.50	-2.957e-02	7.133e-01	6.787e-01
178665.50	9.389e-04	8.688e-01	7.786e-04
178666.50	-3.120e-03	1.277e+00	1.920e-02
178667.50	-1.613e-02	6.221e-01	3.552e-01
178668.50	5.990e-03	5.270e-01	-2.630e-01
178669.50	4.838e-03	5.885e-01	-8.141e-02
178670.50	1.738e-02	9.888e-01	-2.774e-01
178671.50	-1.046e-03	7.843e-01	-2.986e-02
178672.50	2.131e-03	2.438e-01	-9.197e-02
178673.50	-1.978e-02	8.659e-02	3.005e-01
178674.50	9.043e-04	7.085e-02	-7.651e-02
178675.50	7.046e-03	9.600e-01	-5.242e-02
178676.50	6.019e-04	8.659e-01	2.362e-02
178677.50	2.678e-03	6.470e-01	2.707e-02
178678.50	-3.955e-03	4.234e-01	3.542e-02
178679.50	-1.306e-02	9.360e-01	2.563e-01
178680.50	-1.968e-02	3.629e-02	3.245e-01
178681.50	-2.467e-02	-6.432e-02	5.222e-01
178682.50	8.419e-03	6.115e-01	-1.776e-01
178683.50	3.552e-03	5.280e-01	-1.162e-01
178684.50	-4.080e-03	6.442e-01	1.459e-01
178685.50	-4.954e-03	3.869e-01	2.016e-01
178686.50	-2.851e-03	2.006e-02	9.542e-02
178687.50	-2.774e-02	4.061e-01	5.674e-01
178688.50	-1.190e-03	7.402e-01	-7.104e-02
178689.50	5.434e-03	1.757e-01	-1.046e-01
178690.50	1.862e-02	3.917e-01	-3.773e-01
178691.50	-4.800e-03	1.776e-01	6.096e-02
178692.50	-1.517e-02	3.130e-01	2.198e-01
178693.50	-7.094e-03	2.938e-01	2.026e-01
178694.50	-1.046e-02	2.621e-01	1.709e-01
178695.50	7.382e-03	7.066e-02	-2.160e-01
178696.50	-6.979e-04	2.256e-01	4.579e-02
178697.50	7.843e-03	7.210e-01	-1.939e-01
178698.50	1.114e-02	1.930e-01	-2.390e-01
178699.50	4.138e-03	2.083e-02	-1.478e-01
178700.50	-1.085e-02	-2.458e-01	2.093e-01
178701.50	-1.450e-02	3.629e-01	3.024e-01
178702.50	3.792e-03	3.322e-01	-1.046e-01
178703.50	-3.581e-03	2.400e-01	4.886e-02
178704.50	-1.709e-02	4.147e-01	2.621e-01
178705.50	1.517e-02	3.840e-01	-2.938e-01
178706.50	-1.027e-02	2.102e-01	2.822e-01
178707.50	-3.533e-03	1.834e-01	5.232e-02
178708.50	-1.306e-02	5.635e-03	2.698e-01
178709.50	-2.611e-03	2.976e-01	1.152e-01
178710.50	-4.934e-03	2.947e-01	5.750e-02
178711.50	5.520e-03	1.834e-01	-1.037e-01
178712.50	-5.059e-03	1.162e-01	7.613e-02
178713.50	-1.008e-03	1.094e-01	3.331e-02
178714.50	9.696e-03	-1.267e-01	-1.891e-01
178715.50	-9.456e-03	1.114e-01	1.718e-01
178716.50	9.696e-04	2.429e-01	-4.234e-02
178717.50	-1.728e-02	2.294e-01	3.696e-01
178718.50	-7.152e-04	5.434e-02	-1.498e-02
178719.50	3.562e-03	2.083e-01	-1.392e-02
178720.50	-3.005e-03	1.690e-01	-2.947e-02
178721.50	-7.382e-05	1.469e-01	3.206e-03
178722.50	2.544e-04	2.630e-01	1.344e-02
178723.50	-8.947e-03	6.000e-02	7.344e-02
178724.50	8.438e-03	1.786e-01	-1.651e-01
178725.50	-6.576e-03	-1.133e-01	8.016e-02
178726.50	-9.312e-03	5.136e-04	1.997e-01
178727.50	4.973e-04	4.992e-01	6.624e-02
178728.50	-4.349e-03	8.861e-02	6.269e-02
178729.50	1.555e-03	-2.112e-02	-2.179e-02
178730.50	-1.699e-02	2.333e-01	3.744e-01
178731.50	-2.093e-03	6.077e-02	5.414e-02
178732.50	8.659e-03	1.085e-02	-1.402e-01
178733.50	-4.896e-05	6.144e-02	-7.200e-02
178734.50	3.091e-03	9.888e-02	-8.678e-02
178735.50	2.006e-03	3.590e-02	-5.395e-02
178736.50	3.821e-03	-6.115e-02	-7.651e-02
178737.50	7.901e-03	1.507e-01	-1.421e-01
178738.50	-1.901e-03	1.776e-01	3.504e-02
178739.50	-4.560e-03	1.814e-01	3.245e-02
178740.50	-1.181e-02	1.517e-01	2.909e-01
178741.50	9.014e-03	-5.491e-02	-8.938e-02
178742.50	-3.907e-03	1.229e-01	2.026e-02
178743.50	-6.595e-03	-2.842e-02	8.746e-02
178744.50	-8.189e-03	1.133e-01	2.314e-01
178745.50	-2.179e-02	2.544e-02	4.330e-01
178746.50	9.043e-03	2.496e-02	-1.267e-01
178747.50	7.642e-03	7.747e-02	-2.678e-01
178748.50	-4.838e-03	2.410e-01	1.104e-01
178749.50	-4.560e-03	-7.949e-02	1.200e-01
178750.50	4.157e-03	2.275e-02	-1.190e-01
178751.50	-1.190e-03	-2.726e-02	5.347e-02
178752.50	-7.315e-03	1.728e-03	2.381e-01
178753.50	8.112e-04	2.371e-01	1.075e-02
178754.50	4.992e-03	-2.006e-01	-1.824e-01
178755.50	7.709e-03	1.018e-01	-1.690e-01
178756.50	-8.246e-03	1.037e-01	1.978e-01
178757.50	-4.426e-03	6.134e-02	7.546e-02
178758.50	-2.880e-03	3.034e-01	8.410e-02
178759.50	-7.344e-03	3.648e-02	1.478e-01
178760.50	1.478e-04	-4.742e-03	-3.206e-02
178761.50	7.046e-03	6.576e-02	-1.018e-01
178762.50	-9.235e-03	1.219e-01	1.498e-01
178763.50	-1.027e-02	4.474e-02	2.333e-01
178764.50	2.016e-04	-3.811e-02	-1.517e-02
178765.50	2.246e-03	7.267e-02	-9.571e-02
178766.50	3.773e-03	-5.798e-02	-1.315e-01
178767.50	1.027e-02	3.946e-02	-1.958e-01
178768.50	5.309e-04	2.525e-01	-3.494e-02
178769.50	-8.726e-03	1.334e-01	1.574e-01
178770.50	-3.446e-03	-5.837e-02	9.456e-02
178771.50	9.792e-04	-1.709e-02	-6.739e-03
178772.50	1.661e-03	-1.066e-01	-2.208e-02
178773.50	6.259e-03	-5.357e-02	-1.334e-01
178774.50	3.072e-03	7.747e-03	-4.618e-02
178775.50	-1.190e-03	2.861e-01	-5.261e-02
178776.50	-8.304e-04	-6.317e-02	-3.149e-02
178777.50	-4.982e-03	-1.104e-01	2.966e-02
178778.50	1.747e-03	1.968e-01	-2.573e-03
178779.50	1.258e-03	8.208e-02	-1.018e-03
178780.50	-3.408e-05	-1.229e-01	-5.770e-03
178781.50	-8.419e-03	-2.006e-01	1.853e-01
178782.50	-2.400e-03	1.104e-01	5.270e-02
178783.50	-3.245e-03	-9.888e-02	7.440e-02
178784.50	-1.210e-03	1.430e-01	4.032e-02
178785.50	9.696e-05	1.382e-01	-2.621e-02
178786.50	-1.008e-02	9.888e-02	1.958e-01
178787.50	-1.872e-03	4.003e-02	1.814e-02
178788.50	6.307e-03	5.136e-02	-1.613e-01
178789.50	7.757e-04	8.842e-02	-3.734e-02
178790.50	1.402e-03	-1.181e-01	3.034e-02
178791.50	-1.104e-03	-3.053e-02	3.149e-02
178792.50	1.123e-03	5.213e-02	-3.322e-02
178793.50	1.613e-03	-2.160e-02	-2.131e-03
178794.50	-3.264e-03	2.736e-01	8.122e-02
178795.50	1.008e-03	-9.533e-02	-3.773e-02
178796.50	1.229e-03	1.622e-03	-4.205e-02
178797.50	3.101e-03	-1.949e-02	-7.517e-03
178798.50	-2.294e-03	-1.066e-02	3.398e-02
178799.50	-2.410e-03	-4.877e-02	-2.640e-03
178800.50	1.997e-03	2.784e-02	-2.352e-02
178801.50	3.053e-03	-9.034e-03	-4.406e-02
178802.50	-9.379e-03	-1.152e-01	1.978e-01
178803.50	2.822e-03	1.987e-01	-8.237e-02
178804.50	-1.651e-03	-5.146e-02	-2.765e-03
178805.50	4.944e-03	9.984e-02	-9.130e-02
178806.50	-1.824e-03	1.181e-01	4.829e-03
178807.50	-9.331e-04	-1.296e-01	1.824e-02
178808.50	1.613e-03	-2.650e-02	3.802e-04
178809.50	-5.107e-03	-1.930e-02	9.552e-02
178810.50	-6.941e-03	1.133e-01	1.574e-01
178811.50	-9.379e-04	4.714e-02	2.659e-02
178812.50	-3.341e-03	-4.867e-02	1.728e-02
178813.50	1.642e-03	-5.174e-02	-3.926e-02
178814.50	4.042e-03	7.709e-02	-5.990e-02
178815.50	5.194e-03	3.187e-02	-7.498e-02
178816.50	-1.622e-03	-8.717e-02	7.066e-02
178817.50	1.382e-03	-8.131e-02	-2.630e-02
178818.50	-1.843e-03	1.949e-01	2.630e-02
178819.50	2.909e-03	-2.554e-02	-8.525e-02
178820.50	-7.363e-03	2.477e-02	1.325e-01
178821.50	-3.158e-03	-6.730e-02	1.066e-01
178822.50	-1.949e-03	-3.965e-02	4.790e-02
178823.50	7.987e-03	-6.134e-02	-1.622e-01
178824.50	5.213e-03	2.813e-02	-1.094e-01
178825.50	-2.314e-03	-5.242e-02	3.878e-02
178826.50	-9.264e-03	-5.213e-02	1.315e-01
178827.50	8.160e-04	1.824e-01	-2.525e-02
178828.50	-2.093e-04	-8.909e-03	-2.371e-02
178829.50	9.024e-03	5.395e-02	-1.392e-01
178830.50	2.650e-04	9.696e-02	-2.976e-02
178831.50	2.995e-03	2.054e-02	-8.400e-02
178832.50	-7.238e-03	3.696e-02	8.112e-02
178833.50	-1.085e-02	4.694e-02	1.267e-01
178834.50	3.850e-03	-1.190e-01	-7.296e-03
178835.50	-3.331e-03	-7.056e-02	2.717e-02
178836.50	2.563e-03	-9.600e-02	-3.898e-02
178837.50	6.326e-04	-8.035e-02	2.381e-02
178838.50	-3.130e-03	1.306e-01	1.046e-01
178839.50	-9.130e-03	8.534e-02	1.536e-01
178840.50	-7.766e-04	-9.600e-02	2.995e-02
178841.50	-2.170e-04	-3.043e-03	5.242e-02
178842.50	3.408e-04	5.741e-02	-5.578e-02
178843.50	-4.426e-04	1.411e-01	7.526e-03
178844.50	1.190e-03	-7.267e-02	-1.056e-02
178845.50	5.088e-03	3.062e-02	-3.187e-02
178846.50	-3.197e-03	-6.461e-02	5.299e-02
178847.50	2.976e-03	2.822e-01	-7.334e-02
178848.50	3.360e-03	9.072e-02	-3.149e-02
178849.50	-4.954e-03	-1.354e-01	8.717e-02
178850.50	3.187e-03	4.637e-02	-4.205e-02
178851.50	-5.741e-03	-6.768e-02	1.027e-01
178852.50	-4.291e-03	-8.803e-02	5.002e-02
178853.50	-2.688e-03	-6.614e-02	3.264e-02
178854.50	-2.102e-04	7.536e-02	-2.227e-02
178855.50	-1.786e-06	6.307e-04	-5.472e-02
178856.50	9.792e-03	-2.074e-02	-7.037e-02
178857.50	4.214e-03	-5.088e-02	-6.739e-02
178858.50	4.416e-03	1.037e-02	-1.094e-01
178859.50	-3.792e-03	-3.360e-02	9.437e-02
178860.50	-2.054e-03	6.624e-02	-3.763e-03
178861.50	-2.813e-03	1.190e-01	2.352e-02
178862.50	5.030e-03	1.210e-02	-3.379e-02
178863.50	1.210e-02	-7.162e-02	-1.574e-01
178864.50	5.021e-04	3.533e-02	-1.565e-02
178865.50	-2.726e-03	-3.101e-02	3.629e-02
178866.50	1.094e-03	3.110e-02	-4.762e-02
178867.50	-6.931e-03	1.334e-02	1.450e-01
178868.50	3.725e-03	3.638e-02	-6.259e-02
178869.50	-1.526e-03	7.133e-02	9.600e-03
178870.50	-8.659e-03	-2.410e-02	1.344e-01
178871.50	-1.056e-03	2.544e-02	2.602e-02
178872.50	-1.334e-03	-1.546e-02	4.550e-02
178873.50	-2.870e-03	6.643e-02	3.427e-02
178874.50	1.901e-03	-3.859e-02	-5.261e-02
178875.50	2.678e-03	-2.736e-02	-4.502e-02
178876.50	2.074e-03	-1.862e-02	-6.125e-02
178877.50	2.957e-03	1.075e-02	-6.374e-02
178878.50	-3.581e-03	-1.661e-02	4.781e-02
178879.50	-1.910e-03	3.302e-02	6.912e-02
178880.50	2.870e-03	-1.910e-02	-4.272e-02
178881.50	-1.133e-03	-1.094e-02	-9.888e-03
178882.50	3.936e-03	2.861e-02	-8.438e-02
178883.50	1.152e-03	-3.082e-03	-2.362e-02
178884.50	-3.869e-04	-7.517e-02	6.288e-02
178885.50	-8.131e-03	-7.680e-02	9.168e-02
178886.50	-9.696e-04	-4.963e-03	-5.808e-03
178887.50	5.933e-03	3.370e-02	-8.822e-02
178888.50	-3.091e-03	4.090e-02	6.586e-02
178889.50	1.171e-03	-5.194e-02	3.370e-03
178890.50	1.526e-03	-9.139e-02	-3.782e-02
178891.50	-4.685e-03	8.515e-02	6.451e-02
178892.50	6.528e-04	3.312e-02	3.350e-02
178893.50	1.037e-03	-6.624e-02	4.051e-04
178894.50	3.514e-03	9.005e-02	-8.486e-02
178895.50	-3.638e-03	-6.643e-02	8.016e-02
178896.50	2.995e-03	-1.142e-02	-5.251e-02
178897.50	-6.758e-03	9.792e-03	1.171e-01
178898.50	-6.499e-03	-2.582e-03	7.546e-02
178899.50	-2.016e-04	-4.128e-02	8.909e-03
178900.50	1.594e-03	-5.501e-03	-6.739e-02
178901.50	1.622e-03	7.142e-02	-3.101e-02
178902.50	2.390e-03	7.574e-02	1.334e-02
178903.50	3.600e-03	-2.323e-02	-1.104e-01
178904.50	-7.440e-03	-1.046e-01	1.315e-01
178905.50	-3.706e-03	-7.910e-03	3.926e-02
178906.50	-1.382e-03	5.366e-02	3.149e-02
178907.50	1.718e-03	-3.715e-02	1.747e-03
178908.50	7.776e-03	-4.550e-02	-1.162e-01
178909.50	3.869e-03	4.560e-02	-6.835e-02
178910.50	3.456e-03	-5.491e-02	-5.587e-02
178911.50	-1.555e-03	-4.992e-02	1.642e-02
178912.50	2.112e-03	9.792e-02	-2.851e-02
178913.50	1.286e-03	9.984e-02	1.354e-02
178914.50	-6.240e-04	-1.997e-02	2.630e-03
178915.50	2.554e-03	-4.474e-03	-3.946e-02
178916.50	-2.083e-03	-5.645e-02	2.160e-02
178917.50	-2.275e-03	3.523e-02	2.467e-02
178918.50	1.642e-03	3.389e-02	-4.733e-02
178919.50	-9.331e-04	-2.323e-02	6.192e-05
178920.50	5.059e-04	3.216e-02	9.552e-04
178921.50	-2.102e-06	-6.595e-03	1.680e-02
178922.50	4.166e-03	6.922e-02	-6.470e-02
178923.50	-2.582e-04	6.624e-02	-1.862e-02
178924.50	-1.978e-03	2.141e-02	3.504e-02
178925.50	1.094e-03	3.034e-02	-1.171e-02
178926.50	-1.949e-03	-6.576e-02	6.758e-02
178927.50	-1.862e-03	-9.888e-02	4.118e-02
178928.50	8.525e-04	-3.811e-02	-7.459e-02
178929.50	3.850e-03	2.198e-02	-6.163e-02
178930.50	-3.917e-03	-3.811e-02	6.816e-02
178931.50	-4.128e-03	2.976e-02	8.381e-02
178932.50	1.632e-03	3.744e-02	-7.862e-03
178933.50	2.659e-04	7.920e-03	9.888e-03
178934.50	-3.072e-03	-1.824e-02	1.882e-03
178935.50	-1.910e-03	1.018e-02	5.616e-03
178936.50	1.066e-03	-6.384e-02	-4.195e-02
178937.50	1.392e-03	1.930e-02	1.219e-02
178938.50	1.699e-03	6.557e-03	-6.499e-02
178939.50	-1.498e-03	5.030e-02	4.675e-02
178940.50	1.344e-04	5.088e-03	-2.890e-02
178941.50	-1.920e-04	-4.022e-02	7.037e-04
178942.50	-1.786e-04	-8.611e-02	-1.066e-02
178943.50	-2.698e-03	4.579e-03	8.467e-02
178944.50	4.579e-03	-3.725e-02	-8.803e-02
178945.50	-2.602e-03	1.027e-01	-1.142e-02
178946.50	1.805e-03	4.934e-02	-1.680e-02
178947.50	5.558e-03	9.139e-02	-2.803e-02
178948.50	1.901e-03	-3.274e-02	-3.456e-02
178949.50	-9.600e-03	4.224e-02	1.709e-01
178950.50	-5.818e-03	5.789e-02	8.746e-02
178951.50	-3.792e-03	5.578e-02	5.789e-02
178952.50	-3.101e-03	-5.827e-02	2.880e-02
178953.50	3.283e-03	-4.570e-02	-7.901e-02
178954.50	7.277e-04	-2.016e-02	-4.742e-02
178955.50	-1.939e-03	-9.792e-04	4.550e-02
178956.50	1.430e-03	-3.562e-02	-2.784e-02
178957.50	4.320e-03	4.262e-03	-7.334e-02
178958.50	-5.059e-04	-1.094e-02	1.018e-02
