178360.50	0.000e+00	0.000e+00	0.000e+00
178361.50	0.000e+00	0.000e+00	0.000e+00
178362.50	0.000e+00	0.000e+00	0.000e+00
178363.50	0.000e+00	0.000e+00	0.000e+00
178364.50	0.000e+00	0.000e+00	0.000e+00
178365.50	0.000e+00	0.000e+00	0.000e+00
178366.50	0.000e+00	0.000e+00	0.000e+00
178367.50	0.000e+00	0.000e+00	0.000e+00
178368.50	0.000e+00	0.000e+00	0.000e+00
178369.50	0.000e+00	0.000e+00	0.000e+00
178370.50	0.000e+00	0.000e+00	0.000e+00
178371.50	0.000e+00	0.000e+00	0.000e+00
178372.50	0.000e+00	0.000e+00	0.000e+00
178373.50	0.000e+00	0.000e+00	0.000e+00
178374.50	0.000e+00	0.000e+00	0.000e+00
178375.50	0.000e+00	0.000e+00	0.000e+00
178376.50	0.000e+00	0.000e+00	0.000e+00
178377.50	0.000e+00	0.000e+00	0.000e+00
178378.50	0.000e+00	0.000e+00	0.000e+00
178379.50	0.000e+00	0.000e+00	0.000e+00
178380.50	0.000e+00	0.000e+00	0.000e+00
178381.50	0.000e+00	0.000e+00	0.000e+00
178382.50	0.000e+00	0.000e+00	0.000e+00
178383.50	0.000e+00	0.000e+00	0.000e+00
178384.50	0.000e+00	0.000e+00	0.000e+00
178385.50	0.000e+00	0.000e+00	0.000e+00
178386.50	0.000e+00	0.000e+00	0.000e+00
178387.50	0.000e+00	0.000e+00	0.000e+00
178388.50	0.000e+00	0.000e+00	0.000e+00
178389.50	0.000e+00	0.000e+00	0.000e+00
178390.50	0.000e+00	0.000e+00	0.000e+00
178391.50	0.000e+00	0.000e+00	0.000e+00
178392.50	0.000e+00	0.000e+00	0.000e+00
178393.50	0.000e+00	0.000e+00	0.000e+00
178394.50	0.000e+00	0.000e+00	0.000e+00
178395.50	0.000e+00	0.000e+00	0.000e+00
178396.50	0.000e+00	0.000e+00	0.000e+00
178397.50	0.000e+00	0.000e+00	0.000e+00
178398.50	0.000e+00	0.000e+00	0.000e+00
178399.50	0.000e+00	0.000e+00	0.000e+00
178400.50	0.000e+00	0.000e+00	0.000e+00
178401.50	0.000e+00	0.000e+00	0.000e+00
178402.50	0.000e+00	0.000e+00	0.000e+00
178403.50	0.000e+00	0.000e+00	0.000e+00
178404.50	0.000e+00	0.000e+00	0.000e+00
178405.50	0.000e+00	0.000e+00	0.000e+00
178406.50	0.000e+00	0.000e+00	0.000e+00
178407.50	0.000e+00	0.000e+00	0.000e+00
178408.50	0.000e+00	0.000e+00	0.000e+00
178409.50	0.000e+00	0.000e+00	0.000e+00
178410.50	0.000e+00	0.000e+00	0.000e+00
178411.50	0.000e+00	0.000e+00	0.000e+00
178412.50	0.000e+00	0.000e+00	0.000e+00
178413.50	0.000e+00	0.000e+00	0.000e+00
178414.50	0.000e+00	0.000e+00	0.000e+00
178415.50	0.000e+00	0.000e+00	0.000e+00
178416.50	0.000e+00	0.000e+00	0.000e+00
178417.50	0.000e+00	0.000e+00	0.000e+00
178418.50	0.000e+00	0.000e+00	0.000e+00
178419.50	0.000e+00	0.000e+00	0.000e+00
178420.50	0.000e+00	0.000e+00	0.000e+00
178421.50	0.000e+00	0.000e+00	0.000e+00
178422.50	0.000e+00	0.000e+00	0.000e+00
178423.50	0.000e+00	0.000e+00	0.000e+00
178424.50	0.000e+00	0.000e+00	0.000e+00
178425.50	0.000e+00	0.000e+00	0.000e+00
178426.50	0.000e+00	0.000e+00	0.000e+00
178427.50	0.000e+00	0.000e+00	0.000e+00
178428.50	0.000e+00	0.000e+00	0.000e+00
178429.50	0.000e+00	0.000e+00	0.000e+00
178430.50	0.000e+00	0.000e+00	0.000e+00
178431.50	0.000e+00	0.000e+00	0.000e+00
178432.50	0.000e+00	0.000e+00	0.000e+00
178433.50	0.000e+00	0.000e+00	0.000e+00
178434.50	0.000e+00	0.000e+00	0.000e+00
178435.50	0.000e+00	0.000e+00	0.000e+00
178436.50	0.000e+00	0.000e+00	0.000e+00
178437.50	0.000e+00	0.000e+00	0.000e+00
178438.50	0.000e+00	0.000e+00	0.000e+00
178439.50	0.000e+00	0.000e+00	0.000e+00
178440.50	0.000e+00	0.000e+00	0.000e+00
178441.50	0.000e+00	0.000e+00	0.000e+00
178442.50	0.000e+00	0.000e+00	0.000e+00
178443.50	0.000e+00	0.000e+00	0.000e+00
178444.50	0.000e+00	0.000e+00	0.000e+00
178445.50	0.000e+00	0.000e+00	0.000e+00
178446.50	0.000e+00	0.000e+00	0.000e+00
178447.50	0.000e+00	0.000e+00	0.000e+00
178448.50	0.000e+00	0.000e+00	0.000e+00
178449.50	0.000e+00	0.000e+00	0.000e+00
178450.50	0.000e+00	0.000e+00	0.000e+00
178451.50	0.000e+00	0.000e+00	0.000e+00
178452.50	0.000e+00	0.000e+00	0.000e+00
178453.50	0.000e+00	0.000e+00	0.000e+00
178454.50	0.000e+00	0.000e+00	0.000e+00
178455.50	0.000e+00	0.000e+00	0.000e+00
178456.50	0.000e+00	0.000e+00	0.000e+00
178457.50	0.000e+00	0.000e+00	0.000e+00
178458.50	0.000e+00	0.000e+00	0.000e+00
178459.50	0.000e+00	0.000e+00	0.000e+00
178460.50	0.000e+00	0.000e+00	0.000e+00
178461.50	0.000e+00	0.000e+00	0.000e+00
178462.50	0.000e+00	0.000e+00	0.000e+00
178463.50	0.000e+00	0.000e+00	0.000e+00
178464.50	0.000e+00	0.000e+00	0.000e+00
178465.50	0.000e+00	0.000e+00	0.000e+00
178466.50	0.000e+00	0.000e+00	0.000e+00
178467.50	0.000e+00	0.000e+00	0.000e+00
178468.50	0.000e+00	0.000e+00	0.000e+00
178469.50	0.000e+00	0.000e+00	0.000e+00
178470.50	0.000e+00	0.000e+00	0.000e+00
178471.50	0.000e+00	0.000e+00	0.000e+00
178472.50	0.000e+00	0.000e+00	0.000e+00
178473.50	0.000e+00	0.000e+00	0.000e+00
178474.50	0.000e+00	0.000e+00	0.000e+00
178475.50	0.000e+00	0.000e+00	0.000e+00
178476.50	0.000e+00	0.000e+00	0.000e+00
178477.50	0.000e+00	0.000e+00	0.000e+00
178478.50	0.000e+00	0.000e+00	0.000e+00
178479.50	0.000e+00	0.000e+00	0.000e+00
178480.50	0.000e+00	0.000e+00	0.000e+00
178481.50	0.000e+00	0.000e+00	0.000e+00
178482.50	0.000e+00	0.000e+00	0.000e+00
178483.50	0.000e+00	0.000e+00	0.000e+00
178484.50	0.000e+00	0.000e+00	0.000e+00
178485.50	0.000e+00	0.000e+00	0.000e+00
178486.50	0.000e+00	0.000e+00	0.000e+00
178487.50	0.000e+00	0.000e+00	0.000e+00
178488.50	0.000e+00	0.000e+00	0.000e+00
178489.50	0.000e+00	0.000e+00	0.000e+00
178490.50	0.000e+00	0.000e+00	0.000e+00
178491.50	0.000e+00	0.000e+00	0.000e+00
178492.50	0.000e+00	0.000e+00	0.000e+00
178493.50	0.000e+00	0.000e+00	0.000e+00
178494.50	0.000e+00	0.000e+00	0.000e+00
178495.50	0.000e+00	0.000e+00	0.000e+00
178496.50	0.000e+00	0.000e+00	0.000e+00
178497.50	0.000e+00	0.000e+00	0.000e+00
178498.50	0.000e+00	0.000e+00	0.000e+00
178499.50	0.000e+00	0.000e+00	0.000e+00
178500.50	0.000e+00	0.000e+00	0.000e+00
178501.50	0.000e+00	0.000e+00	0.000e+00
178502.50	0.000e+00	0.000e+00	0.000e+00
178503.50	0.000e+00	0.000e+00	0.000e+00
178504.50	0.000e+00	0.000e+00	0.000e+00
178505.50	0.000e+00	0.000e+00	0.000e+00
178506.50	0.000e+00	0.000e+00	0.000e+00
178507.50	0.000e+00	0.000e+00	0.000e+00
178508.50	0.000e+00	0.000e+00	0.000e+00
178509.50	0.000e+00	0.000e+00	0.000e+00
178510.50	0.000e+00	0.000e+00	0.000e+00
178511.50	0.000e+00	0.000e+00	0.000e+00
178512.50	0.000e+00	0.000e+00	0.000e+00
178513.50	0.000e+00	0.000e+00	0.000e+00
178514.50	0.000e+00	0.000e+00	0.000e+00
178515.50	0.000e+00	0.000e+00	0.000e+00
178516.50	0.000e+00	0.000e+00	0.000e+00
178517.50	0.000e+00	0.000e+00	0.000e+00
178518.50	0.000e+00	0.000e+00	0.000e+00
178519.50	0.000e+00	0.000e+00	0.000e+00
178520.50	0.000e+00	0.000e+00	0.000e+00
178521.50	0.000e+00	0.000e+00	0.000e+00
178522.50	0.000e+00	0.000e+00	0.000e+00
178523.50	0.000e+00	0.000e+00	0.000e+00
178524.50	0.000e+00	0.000e+00	0.000e+00
178525.50	0.000e+00	0.000e+00	0.000e+00
178526.50	0.000e+00	0.000e+00	0.000e+00
178527.50	0.000e+00	0.000e+00	0.000e+00
178528.50	0.000e+00	0.000e+00	0.000e+00
178529.50	0.000e+00	0.000e+00	0.000e+00
178530.50	0.000e+00	0.000e+00	0.000e+00
178531.50	0.000e+00	0.000e+00	0.000e+00
178532.50	0.000e+00	0.000e+00	0.000e+00
178533.50	0.000e+00	0.000e+00	0.000e+00
178534.50	0.000e+00	0.000e+00	0.000e+00
178535.50	0.000e+00	0.000e+00	0.000e+00
178536.50	0.000e+00	0.000e+00	0.000e+00
178537.50	0.000e+00	0.000e+00	0.000e+00
178538.50	0.000e+00	0.000e+00	0.000e+00
178539.50	0.000e+00	0.000e+00	0.000e+00
178540.50	0.000e+00	0.000e+00	0.000e+00
178541.50	0.000e+00	0.000e+00	0.000e+00
178542.50	0.000e+00	0.000e+00	0.000e+00
178543.50	0.000e+00	0.000e+00	0.000e+00
178544.50	0.000e+00	0.000e+00	0.000e+00
178545.50	0.000e+00	0.000e+00	0.000e+00
178546.50	0.000e+00	0.000e+00	0.000e+00
178547.50	0.000e+00	0.000e+00	0.000e+00
178548.50	0.000e+00	0.000e+00	0.000e+00
178549.50	0.000e+00	0.000e+00	0.000e+00
178550.50	0.000e+00	0.000e+00	0.000e+00
178551.50	0.000e+00	0.000e+00	0.000e+00
178552.50	0.000e+00	0.000e+00	0.000e+00
178553.50	0.000e+00	0.000e+00	0.000e+00
178554.50	0.000e+00	0.000e+00	0.000e+00
178555.50	0.000e+00	0.000e+00	0.000e+00
178556.50	0.000e+00	0.000e+00	0.000e+00
178557.50	0.000e+00	0.000e+00	0.000e+00
178558.50	0.000e+00	0.000e+00	0.000e+00
178559.50	0.000e+00	0.000e+00	0.000e+00
178560.50	0.000e+00	0.000e+00	0.000e+00
178561.50	0.000e+00	0.000e+00	0.000e+00
178562.50	0.000e+00	0.000e+00	0.000e+00
178563.50	0.000e+00	0.000e+00	0.000e+00
178564.50	0.000e+00	0.000e+00	0.000e+00
178565.50	0.000e+00	0.000e+00	0.000e+00
178566.50	0.000e+00	0.000e+00	0.000e+00
178567.50	0.000e+00	0.000e+00	0.000e+00
178568.50	0.000e+00	0.000e+00	0.000e+00
178569.50	-1.757e-05	9.370e-05	-6.470e-04
178570.50	5.069e-05	2.371e-03	1.382e-03
178571.50	-4.070e-06	-5.011e-04	1.296e-04
178572.50	5.952e-05	1.498e-03	1.229e-03
178573.50	2.563e-06	2.093e-03	-5.290e-04
178574.50	-4.742e-05	-4.042e-03	-6.403e-04
178575.50	7.747e-06	-3.408e-03	7.766e-04
178576.50	-1.488e-04	5.050e-03	-5.078e-03
178577.50	-1.450e-04	1.152e-02	-5.098e-03
178578.50	-1.373e-04	3.696e-02	-1.142e-03
178579.50	4.330e-04	-1.872e-02	1.507e-02
178580.50	5.702e-04	-2.093e-02	2.160e-02
178581.50	1.066e-03	-2.544e-01	4.666e-02
178582.50	-7.258e-03	-5.626e-01	-3.235e-01
178583.50	9.437e-03	-8.035e+00	4.003e-01
178584.50	1.987e-01	-4.464e+01	8.534e+00
178585.50	4.685e-01	-1.152e+02	1.910e+01
178586.50	1.315e+00	-2.083e+02	5.242e+01
178587.50	1.536e+00	-2.688e+02	5.818e+01
178588.50	8.890e-01	-2.861e+02	3.053e+01
178589.50	9.600e-01	-1.536e+02	3.206e+01
178590.50	6.787e-02	-5.261e+01	-1.709e+00
178591.50	1.181e-01	-2.842e+00	1.190e+00
178592.50	7.267e-02	2.342e+01	-4.243e-01
178593.50	-3.878e-01	4.992e+01	-1.603e+01
178594.50	-3.638e-01	5.520e+01	-1.498e+01
178595.50	-4.733e-01	6.278e+01	-1.814e+01
178596.50	-1.603e-01	5.990e+01	-6.912e+00
178597.50	-3.274e-01	6.048e+01	-1.200e+01
178598.50	-2.515e-01	5.002e+01	-9.696e+00
178599.50	-3.168e-01	5.261e+01	-1.171e+01
178600.50	-2.410e-01	5.011e+01	-8.880e+00
178601.50	-2.266e-01	3.840e+01	-8.410e+00
178602.50	-1.507e-01	3.782e+01	-5.856e+00
178603.50	-1.306e-01	3.418e+01	-5.050e+00
178604.50	-2.698e-01	3.840e+01	-9.514e+00
178605.50	-1.190e-01	2.995e+01	-4.051e+00
178606.50	-2.026e-01	3.062e+01	-7.344e+00
178607.50	-2.208e-01	2.986e+01	-7.584e+00
178608.50	-7.267e-02	2.717e+01	-2.064e+00
178609.50	-7.229e-02	2.237e+01	-2.410e+00
178610.50	-3.610e-02	2.035e+01	-1.171e+00
178611.50	-5.261e-02	1.968e+01	-1.805e+00
178612.50	-1.037e-01	1.930e+01	-3.360e+00
178613.50	-8.371e-02	1.718e+01	-3.082e+00
178614.50	-9.792e-03	1.565e+01	-1.210e-02
178615.50	-3.514e-02	1.574e+01	-1.229e+00
178616.50	-1.594e-02	1.402e+01	-3.274e-01
178617.50	-9.696e-02	1.258e+01	-3.139e+00
178618.50	-5.357e-02	1.402e+01	-1.843e+00
178619.50	-6.490e-02	1.094e+01	-2.035e+00
178620.50	-6.931e-02	1.267e+01	-2.467e+00
178621.50	-5.251e-02	1.066e+01	-1.786e+00
178622.50	-5.366e-02	1.133e+01	-1.747e+00
178623.50	-3.725e-02	9.370e+00	-1.248e+00
178624.50	-5.424e-02	9.034e+00	-1.526e+00
178625.50	-8.237e-02	8.602e+00	-2.678e+00
178626.50	-4.522e-02	7.142e+00	-1.488e+00
178627.50	-1.709e-02	8.342e+00	-4.704e-01
178628.50	-7.296e-03	6.787e+00	-1.853e-01
178629.50	-2.870e-03	6.557e+00	-1.747e-01
178630.50	-4.205e-03	6.278e+00	5.347e-02
178631.50	-2.986e-02	5.779e+00	-9.475e-01
178632.50	-3.024e-02	4.685e+00	-9.888e-01
178633.50	-5.827e-02	5.059e+00	-1.949e+00
178634.50	-2.035e-02	4.560e+00	-4.512e-01
178635.50	1.229e-02	5.933e+00	5.635e-01
178636.50	1.392e-02	4.752e+00	5.693e-01
178637.50	-3.744e-02	5.136e+00	-1.315e+00
178638.50	-1.373e-02	4.109e+00	-2.400e-01
178639.50	7.901e-03	5.376e+00	3.206e-01
178640.50	9.302e-03	3.110e+00	3.206e-01
178641.50	-3.389e-02	2.630e+00	-1.008e+00
178642.50	-5.846e-03	3.274e+00	-1.018e-01
178643.50	4.224e-03	3.178e+00	1.574e-01
178644.50	-9.110e-03	3.706e+00	-1.805e-01
178645.50	-1.133e-02	2.333e+00	-4.598e-01
178646.50	-1.632e-02	3.322e+00	-5.664e-01
178647.50	-3.389e-02	3.005e+00	-9.888e-01
178648.50	6.067e-03	2.678e+00	1.574e-01
178649.50	-9.696e-03	2.621e+00	-2.342e-01
178650.50	-9.984e-03	2.746e+00	-3.581e-01
178651.50	-1.555e-02	1.910e+00	-3.878e-01
178652.50	-1.123e-02	2.266e+00	-3.168e-01
178653.50	-1.680e-02	1.488e+00	-5.222e-01
178654.50	-4.992e-03	1.421e+00	-1.987e-01
178655.50	-4.858e-04	2.150e+00	-3.734e-02
178656.50	-2.467e-03	1.296e+00	-1.162e-01
178657.50	-2.141e-03	2.006e+00	-4.070e-02
178658.50	-2.880e-02	2.208e+00	-7.325e-01
178659.50	-3.946e-03	1.190e+00	-8.842e-02
178660.50	-4.205e-03	1.402e+00	-7.190e-02
178661.50	-1.814e-02	1.123e+00	-3.994e-01
178662.50	-3.408e-03	1.162e+00	-1.008e-01
178663.50	-2.227e-02	6.096e-01	-6.835e-01
178664.50	-7.805e-04	1.786e+00	-1.594e-02
178665.50	-3.437e-03	5.520e-01	-1.162e-01
178666.50	-1.315e-02	1.718e+00	-4.618e-01
178667.50	-1.210e-02	7.334e-01	-4.128e-01
178668.50	-8.995e-03	7.939e-01	-2.899e-01
178669.50	-2.995e-03	9.062e-01	-1.488e-01
178670.50	-9.322e-03	1.344e+00	-3.024e-01
178671.50	3.638e-03	6.096e-01	5.194e-02
178672.50	2.131e-03	6.528e-01	1.747e-01
178673.50	-7.469e-04	8.208e-01	8.170e-02
178674.50	-3.283e-03	1.094e+00	1.267e-01
178675.50	-1.085e-03	7.450e-01	-7.450e-02
178676.50	-5.002e-03	1.008e+00	-2.093e-01
178677.50	-5.683e-03	3.869e-01	-1.219e-01
178678.50	-1.699e-02	5.318e-01	-4.963e-01
178679.50	-9.888e-03	8.381e-01	-3.984e-01
178680.50	5.232e-04	4.694e-01	1.910e-02
178681.50	3.130e-04	3.946e-01	-8.928e-02
178682.50	1.776e-03	3.696e-01	1.680e-01
178683.50	2.803e-03	3.965e-01	1.392e-01
178684.50	-5.222e-03	1.651e-01	-1.699e-01
178685.50	-1.584e-02	7.987e-01	-4.013e-01
178686.50	3.264e-03	8.784e-01	6.864e-02
178687.50	-5.213e-03	6.490e-01	-1.882e-01
178688.50	-2.506e-02	6.278e-01	-7.843e-01
178689.50	-9.590e-03	5.203e-01	-3.523e-01
178690.50	1.248e-02	-3.437e-01	4.886e-01
178691.50	-4.502e-03	7.190e-01	-8.400e-02
178692.50	-2.544e-03	1.248e-01	-1.094e-01
178693.50	-1.478e-02	5.549e-01	-3.293e-01
178694.50	9.561e-03	1.920e-01	3.360e-01
178695.50	5.434e-03	8.918e-01	1.258e-01
178696.50	4.992e-03	5.050e-01	1.824e-01
178697.50	-2.506e-03	1.219e-01	-1.171e-01
178698.50	-3.283e-03	-1.315e-02	-5.107e-02
178699.50	5.952e-04	4.925e-01	1.738e-02
178700.50	-4.416e-03	4.051e-01	-1.392e-01
178701.50	-5.626e-03	3.638e-01	-1.584e-01
178702.50	-1.622e-02	3.917e-01	-4.406e-01
178703.50	-9.696e-03	1.267e-01	-3.226e-01
178704.50	1.152e-02	5.558e-01	3.014e-01
178705.50	9.043e-03	1.296e-01	2.861e-01
178706.50	7.853e-03	-2.554e-01	3.283e-01
178707.50	-2.150e-03	2.410e-01	-9.062e-02
178708.50	-4.330e-04	3.379e-01	-2.218e-04
178709.50	-9.984e-03	1.344e-02	-2.045e-01
178710.50	2.880e-03	4.541e-01	7.133e-02
178711.50	1.027e-02	-2.496e-01	2.362e-01
178712.50	-1.018e-02	5.472e-02	-2.899e-01
178713.50	-5.779e-03	3.744e-01	-9.696e-02
178714.50	-1.210e-02	-8.342e-03	-4.685e-01
178715.50	-3.216e-03	3.734e-01	1.181e-02
178716.50	6.240e-03	1.891e-02	2.525e-01
178717.50	-1.066e-02	9.600e-02	-3.101e-01
178718.50	-1.056e-02	4.483e-01	-3.293e-01
178719.50	-5.491e-03	1.392e-01	-2.275e-01
178720.50	-3.734e-03	1.478e-01	-1.920e-01
178721.50	5.050e-03	4.666e-01	3.034e-01
178722.50	-2.986e-03	3.504e-01	-1.354e-01
178723.50	1.651e-02	-6.835e-02	3.552e-01
178724.50	-4.474e-03	-1.680e-01	-1.670e-01
178725.50	1.133e-02	-7.085e-02	2.678e-01
178726.50	-2.438e-04	3.187e-01	-3.734e-03
178727.50	9.792e-04	1.968e-01	4.483e-02
178728.50	7.440e-04	2.438e-01	-1.507e-01
178729.50	-4.675e-03	-3.859e-03	-3.370e-02
178730.50	-7.248e-03	1.498e-01	-1.334e-01
178731.50	-3.293e-03	2.477e-01	-1.190e-01
178732.50	8.899e-03	3.158e-01	3.782e-01
178733.50	-1.901e-03	-2.189e-01	1.786e-02
178734.50	6.461e-04	-3.053e-02	1.411e-01
178735.50	-5.251e-03	2.582e-02	-5.078e-02
178736.50	-3.677e-03	3.014e-01	-1.114e-01
178737.50	2.122e-03	-1.133e-01	3.773e-02
178738.50	-6.336e-04	5.866e-02	-6.182e-02
178739.50	-2.006e-03	2.650e-01	-5.453e-02
178740.50	3.034e-03	1.872e-01	1.171e-01
178741.50	6.278e-03	2.150e-01	4.061e-02
178742.50	-1.306e-02	-2.141e-02	-3.120e-01
178743.50	3.408e-03	1.238e-01	1.469e-01
178744.50	-4.387e-03	1.536e-02	-7.392e-02
178745.50	-1.200e-03	9.696e-02	1.910e-02
178746.50	-6.298e-03	1.181e-01	-4.435e-02
178747.50	-3.158e-03	1.018e-01	-1.248e-01
178748.50	1.651e-03	3.619e-03	1.517e-01
178749.50	2.285e-03	-4.618e-02	7.997e-02
178750.50	2.410e-03	6.480e-02	1.142e-01
178751.50	2.275e-03	3.302e-01	1.344e-01
178752.50	5.376e-03	2.515e-01	1.200e-01
178753.50	-7.171e-04	-3.254e-02	1.046e-02
178754.50	-1.056e-02	5.453e-02	-3.197e-01
178755.50	-1.315e-03	-1.430e-01	-4.704e-02
178756.50	-8.563e-04	1.085e-01	-1.162e-02
178757.50	9.561e-04	6.173e-02	2.294e-02
178758.50	-1.152e-02	-1.037e-02	-3.418e-01
178759.50	3.562e-04	2.122e-01	-3.370e-02
178760.50	-1.603e-03	-5.875e-03	-9.206e-02
178761.50	-3.696e-04	-2.218e-01	5.030e-02
178762.50	-2.669e-03	1.632e-02	-7.997e-02
178763.50	5.002e-03	1.267e-01	1.190e-01
178764.50	-4.253e-03	4.147e-02	-2.026e-01
178765.50	3.158e-04	-6.816e-02	5.376e-02
178766.50	6.192e-04	-7.536e-02	8.390e-03
178767.50	-1.555e-03	4.656e-02	-1.123e-01
178768.50	-1.613e-03	1.478e-01	-1.498e-03
178769.50	-2.400e-03	2.102e-02	-4.214e-02
178770.50	-8.045e-03	1.632e-01	-2.419e-01
178771.50	5.482e-03	1.584e-01	8.256e-02
178772.50	2.554e-03	-4.685e-02	6.797e-02
178773.50	1.296e-03	6.211e-02	1.008e-01
178774.50	3.418e-03	1.565e-01	1.574e-01
178775.50	7.066e-03	1.056e-01	2.179e-01
178776.50	6.845e-03	-1.603e-02	2.170e-01
178777.50	-8.227e-03	2.582e-01	-2.995e-01
178778.50	-9.581e-03	-3.523e-03	-2.573e-01
178779.50	5.741e-04	2.054e-01	-7.776e-03
178780.50	5.731e-03	5.664e-02	2.323e-01
178781.50	-2.371e-03	-9.888e-02	-1.498e-01
178782.50	2.506e-03	-3.667e-02	7.584e-02
178783.50	-3.014e-03	1.306e-01	-1.267e-01
178784.50	1.776e-03	3.648e-02	3.245e-02
178785.50	5.530e-03	-1.776e-01	2.006e-01
178786.50	-5.088e-03	7.565e-02	-9.600e-02
178787.50	-3.677e-03	9.600e-02	-8.026e-02
178788.50	-6.912e-03	2.006e-02	-1.910e-01
178789.50	1.354e-03	1.008e-01	1.075e-01
178790.50	7.056e-04	1.133e-01	6.355e-02
178791.50	1.901e-03	2.362e-02	-3.072e-03
178792.50	-1.354e-03	3.120e-02	-7.939e-02
178793.50	6.538e-04	1.190e-01	1.478e-02
178794.50	-3.907e-04	-9.005e-02	-5.693e-02
178795.50	5.347e-04	9.792e-02	8.122e-02
178796.50	-2.525e-03	2.016e-02	-8.918e-02
178797.50	-1.066e-04	-5.174e-02	-2.150e-02
178798.50	-1.133e-03	5.165e-02	-7.133e-02
178799.50	1.094e-02	-1.757e-01	2.506e-01
178800.50	-4.656e-03	6.624e-02	-8.611e-02
178801.50	4.214e-03	1.123e-01	1.661e-01
178802.50	-2.448e-04	1.920e-02	-6.221e-02
178803.50	-3.686e-03	2.669e-02	-5.654e-02
178804.50	2.650e-03	-4.656e-04	1.229e-02
178805.50	2.602e-03	-1.632e-01	1.344e-01
178806.50	9.062e-04	1.786e-02	4.637e-02
178807.50	-4.282e-03	-6.902e-02	-1.229e-01
178808.50	4.502e-03	-3.946e-02	1.344e-01
178809.50	1.709e-03	1.354e-01	2.438e-02
178810.50	-1.142e-03	4.723e-02	-4.186e-03
178811.50	-3.638e-03	8.371e-02	-1.046e-01
178812.50	-6.557e-03	-1.373e-02	-1.277e-01
178813.50	-1.987e-03	-2.083e-02	-4.378e-02
178814.50	-8.362e-05	-1.325e-01	7.997e-02
178815.50	1.776e-03	7.152e-02	1.027e-01
178816.50	5.328e-03	7.555e-02	1.258e-01
178817.50	-1.891e-03	4.704e-02	-1.046e-01
178818.50	-2.390e-03	-7.104e-02	-1.104e-01
178819.50	1.738e-03	5.021e-02	-2.813e-02
178820.50	1.354e-03	-1.651e-02	9.062e-02
178821.50	-2.285e-03	-9.158e-02	2.381e-02
178822.50	1.008e-03	-5.510e-02	5.030e-02
178823.50	8.227e-04	8.736e-04	-1.997e-02
178824.50	-2.429e-03	-3.715e-02	-7.603e-02
178825.50	-8.131e-04	9.888e-02	-4.099e-02
178826.50	-2.544e-04	-4.070e-02	-5.107e-02
178827.50	-4.397e-04	-5.568e-02	3.082e-02
178828.50	-3.974e-03	-5.616e-02	-8.218e-02
178829.50	-3.322e-03	7.248e-02	-1.882e-02
178830.50	-7.056e-03	9.466e-03	-1.008e-01
178831.50	4.109e-03	-1.805e-02	2.285e-02
178832.50	1.805e-03	1.968e-01	-3.034e-02
178833.50	-3.350e-04	1.680e-01	2.822e-02
178834.50	5.606e-03	7.584e-03	1.565e-01
178835.50	8.410e-04	-3.360e-02	-1.478e-03
178836.50	-2.294e-03	-1.104e-01	-1.133e-03
178837.50	9.696e-03	9.600e-02	1.008e-01
178838.50	-2.659e-03	-2.544e-02	-7.344e-02
178839.50	-9.206e-04	1.862e-02	1.085e-02
178840.50	9.120e-04	-1.018e-01	8.112e-02
178841.50	-1.901e-03	-3.130e-03	-7.440e-02
178842.50	-1.354e-03	-6.298e-02	-5.818e-02
178843.50	-4.733e-03	-1.104e-01	-1.613e-01
178844.50	2.266e-03	-7.872e-03	7.142e-02
178845.50	-9.101e-04	1.286e-02	-3.850e-02
178846.50	1.344e-03	4.426e-02	-3.504e-02
178847.50	-4.704e-03	3.552e-02	-1.651e-01
178848.50	-2.074e-03	-3.830e-02	-2.381e-02
178849.50	-2.755e-03	1.728e-01	-2.275e-02
178850.50	-1.699e-04	1.421e-01	-7.910e-03
178851.50	2.813e-03	-6.672e-02	3.965e-02
178852.50	-3.168e-03	-5.952e-02	-5.155e-02
178853.50	5.184e-03	7.718e-02	1.469e-01
178854.50	-2.198e-03	-1.066e-01	-9.792e-02
178855.50	3.946e-04	-6.403e-02	6.077e-02
178856.50	-3.581e-03	-1.978e-02	1.776e-02
178857.50	-3.888e-03	1.219e-01	-8.122e-02
178858.50	-7.373e-04	1.238e-01	2.851e-02
178859.50	-6.086e-04	6.806e-03	-4.474e-02
178860.50	-1.181e-03	-7.238e-02	-1.526e-02
178861.50	5.270e-03	5.491e-02	1.248e-01
178862.50	-4.973e-03	2.419e-04	-2.198e-02
178863.50	2.794e-03	7.306e-02	6.067e-02
178864.50	3.139e-03	5.328e-02	-3.754e-02
178865.50	-2.294e-03	4.790e-02	-1.258e-01
178866.50	-1.286e-05	1.555e-01	6.653e-02
178867.50	-3.034e-03	1.171e-01	-8.678e-02
178868.50	9.149e-04	-7.142e-02	3.475e-02
178869.50	5.126e-03	2.563e-02	1.795e-02
178870.50	7.085e-03	-1.747e-01	1.680e-01
178871.50	-2.784e-03	1.824e-02	-3.187e-02
178872.50	-3.245e-03	-2.755e-02	-3.590e-02
178873.50	5.683e-03	-5.846e-03	-3.562e-02
178874.50	-5.683e-03	-7.910e-02	-4.013e-02
178875.50	-2.227e-04	1.651e-01	7.891e-02
178876.50	-5.002e-04	-9.984e-02	-6.624e-02
178877.50	-4.666e-03	2.218e-02	-1.680e-01
178878.50	3.245e-03	-1.920e-02	1.037e-01
178879.50	1.133e-03	3.734e-02	5.251e-02
178880.50	-1.776e-03	1.901e-02	-3.139e-02
178881.50	-7.680e-04	-6.816e-02	7.181e-04
178882.50	2.890e-03	-3.187e-02	4.829e-02
178883.50	-1.747e-03	6.442e-02	-1.853e-02
178884.50	1.056e-03	2.842e-02	2.534e-02
178885.50	-1.536e-03	-8.381e-02	-1.142e-02
178886.50	-3.302e-03	-5.126e-02	-6.413e-02
178887.50	2.640e-03	1.574e-01	4.570e-02
178888.50	1.469e-03	3.101e-02	-3.754e-02
178889.50	-8.438e-04	-7.738e-02	3.802e-02
178890.50	-6.586e-03	1.930e-02	-4.022e-02
178891.50	-3.446e-03	-5.741e-02	-1.834e-02
178892.50	1.267e-03	-1.642e-02	3.130e-02
178893.50	-3.360e-03	9.571e-02	-1.478e-01
178894.50	1.546e-03	1.306e-02	2.285e-02
178895.50	3.082e-03	-1.814e-02	-4.714e-03
178896.50	3.024e-03	3.139e-03	1.123e-01
178897.50	-1.901e-03	-1.690e-02	-3.734e-02
178898.50	-2.842e-03	-1.123e-01	-7.747e-02
178899.50	3.187e-03	1.142e-01	8.160e-02
178900.50	-2.726e-03	4.330e-02	-2.880e-02
178901.50	-6.058e-03	2.390e-02	-1.027e-01
178902.50	2.486e-03	-5.616e-02	2.352e-02
178903.50	-3.024e-03	1.930e-02	-5.645e-02
178904.50	1.018e-03	-7.018e-02	4.099e-02
178905.50	4.166e-03	-2.650e-02	8.458e-02
178906.50	5.866e-03	3.888e-02	6.701e-02
178907.50	1.584e-03	6.634e-02	6.547e-02
178908.50	-2.323e-04	-1.363e-02	-1.824e-02
178909.50	1.018e-03	1.354e-02	4.589e-03
178910.50	-7.094e-04	-4.992e-02	-5.194e-02
178911.50	-2.525e-03	-7.670e-03	-5.347e-02
178912.50	4.387e-03	9.696e-02	5.798e-02
178913.50	-2.842e-04	-5.558e-02	-5.232e-02
178914.50	3.840e-03	-9.792e-04	4.368e-02
178915.50	-3.302e-03	2.928e-02	-3.523e-02
178916.50	-7.872e-03	-8.102e-02	-8.131e-02
178917.50	-9.696e-04	9.792e-03	-6.586e-03
178918.50	-4.003e-04	4.714e-02	2.237e-02
178919.50	-1.354e-03	-7.718e-02	-8.592e-04
178920.50	-7.709e-04	3.149e-02	-3.811e-02
178921.50	-2.659e-03	4.387e-02	-4.531e-02
178922.50	-1.094e-03	-5.011e-02	-3.389e-02
178923.50	4.272e-03	-5.434e-02	7.747e-02
178924.50	5.770e-03	-1.382e-02	9.178e-02
178925.50	3.840e-03	8.774e-02	1.075e-01
178926.50	-1.219e-03	3.600e-02	-6.691e-02
178927.50	1.603e-03	-9.226e-02	-1.862e-02
178928.50	-2.650e-06	4.714e-02	2.467e-02
178929.50	2.400e-03	1.075e-01	2.064e-02
178930.50	-5.155e-03	-3.648e-02	-1.248e-02
178931.50	-4.291e-04	6.835e-02	4.522e-02
178932.50	6.394e-05	4.915e-02	4.800e-02
178933.50	-3.446e-03	-2.909e-02	-1.267e-01
178934.50	-1.066e-03	8.486e-02	-4.886e-02
178935.50	1.824e-03	3.149e-02	5.779e-03
178936.50	2.592e-03	1.891e-02	7.526e-02
178937.50	5.549e-03	-4.214e-02	4.090e-02
178938.50	-1.709e-03	-9.456e-02	-4.358e-02
178939.50	9.984e-04	-3.418e-02	6.259e-02
178940.50	-1.382e-03	-1.469e-02	-1.853e-02
178941.50	-2.246e-03	1.546e-02	-3.773e-02
178942.50	-4.666e-03	8.064e-02	-1.344e-01
178943.50	8.035e-04	4.589e-02	-1.718e-02
178944.50	-1.891e-03	1.565e-02	-3.955e-03
178945.50	9.888e-05	-6.931e-02	2.035e-02
178946.50	-4.147e-03	2.179e-02	-8.544e-03
178947.50	1.402e-02	1.114e-01	6.115e-02
178948.50	2.294e-03	5.846e-02	7.786e-03
178949.50	-1.728e-03	-3.859e-02	-4.224e-02
178950.50	3.494e-03	-3.984e-02	-1.488e-02
178951.50	3.053e-03	2.438e-02	-1.411e-02
178952.50	-1.594e-02	-1.440e-01	-7.325e-02
178953.50	-7.363e-03	-1.133e-01	8.736e-03
178954.50	3.139e-03	-1.430e-02	8.026e-02
178955.50	-1.987e-03	1.968e-02	-3.955e-02
178956.50	1.757e-04	-5.194e-02	-6.566e-03
178957.50	4.138e-03	-4.454e-02	7.277e-02
178958.50	-2.333e-04	1.248e-02	1.027e-02
