178360.50	0.000e+00	0.000e+00	0.000e+00
178361.50	0.000e+00	0.000e+00	0.000e+00
178362.50	0.000e+00	0.000e+00	0.000e+00
178363.50	0.000e+00	0.000e+00	0.000e+00
178364.50	0.000e+00	0.000e+00	0.000e+00
178365.50	0.000e+00	0.000e+00	0.000e+00
178366.50	0.000e+00	0.000e+00	0.000e+00
178367.50	0.000e+00	0.000e+00	0.000e+00
178368.50	0.000e+00	0.000e+00	0.000e+00
178369.50	0.000e+00	0.000e+00	0.000e+00
178370.50	0.000e+00	0.000e+00	0.000e+00
178371.50	0.000e+00	0.000e+00	0.000e+00
178372.50	0.000e+00	0.000e+00	0.000e+00
178373.50	0.000e+00	0.000e+00	0.000e+00
178374.50	0.000e+00	0.000e+00	0.000e+00
178375.50	0.000e+00	0.000e+00	0.000e+00
178376.50	0.000e+00	0.000e+00	0.000e+00
178377.50	0.000e+00	0.000e+00	0.000e+00
178378.50	0.000e+00	0.000e+00	0.000e+00
178379.50	0.000e+00	0.000e+00	0.000e+00
178380.50	0.000e+00	0.000e+00	0.000e+00
178381.50	0.000e+00	0.000e+00	0.000e+00
178382.50	0.000e+00	0.000e+00	0.000e+00
178383.50	0.000e+00	0.000e+00	0.000e+00
178384.50	0.000e+00	0.000e+00	0.000e+00
178385.50	0.000e+00	0.000e+00	0.000e+00
178386.50	0.000e+00	0.000e+00	0.000e+00
178387.50	0.000e+00	0.000e+00	0.000e+00
178388.50	0.000e+00	0.000e+00	0.000e+00
178389.50	0.000e+00	0.000e+00	0.000e+00
178390.50	0.000e+00	0.000e+00	0.000e+00
178391.50	0.000e+00	0.000e+00	0.000e+00
178392.50	0.000e+00	0.000e+00	0.000e+00
178393.50	0.000e+00	0.000e+00	0.000e+00
178394.50	0.000e+00	0.000e+00	0.000e+00
178395.50	0.000e+00	0.000e+00	0.000e+00
178396.50	0.000e+00	0.000e+00	0.000e+00
178397.50	0.000e+00	0.000e+00	0.000e+00
178398.50	0.000e+00	0.000e+00	0.000e+00
178399.50	0.000e+00	0.000e+00	0.000e+00
178400.50	0.000e+00	0.000e+00	0.000e+00
178401.50	0.000e+00	0.000e+00	0.000e+00
178402.50	0.000e+00	0.000e+00	0.000e+00
178403.50	0.000e+00	0.000e+00	0.000e+00
178404.50	0.000e+00	0.000e+00	0.000e+00
178405.50	0.000e+00	0.000e+00	0.000e+00
178406.50	0.000e+00	0.000e+00	0.000e+00
178407.50	0.000e+00	0.000e+00	0.000e+00
178408.50	0.000e+00	0.000e+00	0.000e+00
178409.50	0.000e+00	0.000e+00	0.000e+00
178410.50	0.000e+00	0.000e+00	0.000e+00
178411.50	0.000e+00	0.000e+00	0.000e+00
178412.50	0.000e+00	0.000e+00	0.000e+00
178413.50	0.000e+00	0.000e+00	0.000e+00
178414.50	0.000e+00	0.000e+00	0.000e+00
178415.50	0.000e+00	0.000e+00	0.000e+00
178416.50	0.000e+00	0.000e+00	0.000e+00
178417.50	0.000e+00	0.000e+00	0.000e+00
178418.50	0.000e+00	0.000e+00	0.000e+00
178419.50	0.000e+00	0.000e+00	0.000e+00
178420.50	0.000e+00	0.000e+00	0.000e+00
178421.50	0.000e+00	0.000e+00	0.000e+00
178422.50	0.000e+00	0.000e+00	0.000e+00
178423.50	0.000e+00	0.000e+00	0.000e+00
178424.50	0.000e+00	0.000e+00	0.000e+00
178425.50	0.000e+00	0.000e+00	0.000e+00
178426.50	0.000e+00	0.000e+00	0.000e+00
178427.50	0.000e+00	0.000e+00	0.000e+00
178428.50	0.000e+00	0.000e+00	0.000e+00
178429.50	0.000e+00	0.000e+00	0.000e+00
178430.50	0.000e+00	0.000e+00	0.000e+00
178431.50	0.000e+00	0.000e+00	0.000e+00
178432.50	0.000e+00	0.000e+00	0.000e+00
178433.50	0.000e+00	0.000e+00	0.000e+00
178434.50	0.000e+00	0.000e+00	0.000e+00
178435.50	0.000e+00	0.000e+00	0.000e+00
178436.50	0.000e+00	0.000e+00	0.000e+00
178437.50	0.000e+00	0.000e+00	0.000e+00
178438.50	0.000e+00	0.000e+00	0.000e+00
178439.50	0.000e+00	0.000e+00	0.000e+00
178440.50	0.000e+00	0.000e+00	0.000e+00
178441.50	0.000e+00	0.000e+00	0.000e+00
178442.50	0.000e+00	0.000e+00	0.000e+00
178443.50	0.000e+00	0.000e+00	0.000e+00
178444.50	0.000e+00	0.000e+00	0.000e+00
178445.50	0.000e+00	0.000e+00	0.000e+00
178446.50	0.000e+00	0.000e+00	0.000e+00
178447.50	0.000e+00	0.000e+00	0.000e+00
178448.50	0.000e+00	0.000e+00	0.000e+00
178449.50	0.000e+00	0.000e+00	0.000e+00
178450.50	0.000e+00	0.000e+00	0.000e+00
178451.50	0.000e+00	0.000e+00	0.000e+00
178452.50	0.000e+00	0.000e+00	0.000e+00
178453.50	0.000e+00	0.000e+00	0.000e+00
178454.50	0.000e+00	0.000e+00	0.000e+00
178455.50	0.000e+00	0.000e+00	0.000e+00
178456.50	0.000e+00	0.000e+00	0.000e+00
178457.50	0.000e+00	0.000e+00	0.000e+00
178458.50	0.000e+00	0.000e+00	0.000e+00
178459.50	0.000e+00	0.000e+00	0.000e+00
178460.50	0.000e+00	0.000e+00	0.000e+00
178461.50	0.000e+00	0.000e+00	0.000e+00
178462.50	0.000e+00	0.000e+00	0.000e+00
178463.50	0.000e+00	0.000e+00	0.000e+00
178464.50	0.000e+00	0.000e+00	0.000e+00
178465.50	0.000e+00	0.000e+00	0.000e+00
178466.50	0.000e+00	0.000e+00	0.000e+00
178467.50	0.000e+00	0.000e+00	0.000e+00
178468.50	0.000e+00	0.000e+00	0.000e+00
178469.50	0.000e+00	0.000e+00	0.000e+00
178470.50	0.000e+00	0.000e+00	0.000e+00
178471.50	0.000e+00	0.000e+00	0.000e+00
178472.50	0.000e+00	0.000e+00	0.000e+00
178473.50	0.000e+00	0.000e+00	0.000e+00
178474.50	0.000e+00	0.000e+00	0.000e+00
178475.50	0.000e+00	0.000e+00	0.000e+00
178476.50	0.000e+00	0.000e+00	0.000e+00
178477.50	0.000e+00	0.000e+00	0.000e+00
178478.50	0.000e+00	0.000e+00	0.000e+00
178479.50	0.000e+00	0.000e+00	0.000e+00
178480.50	0.000e+00	0.000e+00	0.000e+00
178481.50	0.000e+00	0.000e+00	0.000e+00
178482.50	0.000e+00	0.000e+00	0.000e+00
178483.50	0.000e+00	0.000e+00	0.000e+00
178484.50	0.000e+00	0.000e+00	0.000e+00
178485.50	0.000e+00	0.000e+00	0.000e+00
178486.50	0.000e+00	0.000e+00	0.000e+00
178487.50	0.000e+00	0.000e+00	0.000e+00
178488.50	0.000e+00	0.000e+00	0.000e+00
178489.50	0.000e+00	0.000e+00	0.000e+00
178490.50	0.000e+00	0.000e+00	0.000e+00
178491.50	0.000e+00	0.000e+00	0.000e+00
178492.50	0.000e+00	0.000e+00	0.000e+00
178493.50	0.000e+00	0.000e+00	0.000e+00
178494.50	0.000e+00	0.000e+00	0.000e+00
178495.50	0.000e+00	0.000e+00	0.000e+00
178496.50	0.000e+00	0.000e+00	0.000e+00
178497.50	0.000e+00	0.000e+00	0.000e+00
178498.50	0.000e+00	0.000e+00	0.000e+00
178499.50	0.000e+00	0.000e+00	0.000e+00
178500.50	0.000e+00	0.000e+00	0.000e+00
178501.50	0.000e+00	0.000e+00	0.000e+00
178502.50	0.000e+00	0.000e+00	0.000e+00
178503.50	0.000e+00	0.000e+00	0.000e+00
178504.50	0.000e+00	0.000e+00	0.000e+00
178505.50	0.000e+00	0.000e+00	0.000e+00
178506.50	0.000e+00	0.000e+00	0.000e+00
178507.50	0.000e+00	0.000e+00	0.000e+00
178508.50	0.000e+00	0.000e+00	0.000e+00
178509.50	0.000e+00	0.000e+00	0.000e+00
178510.50	0.000e+00	0.000e+00	0.000e+00
178511.50	0.000e+00	0.000e+00	0.000e+00
178512.50	0.000e+00	0.000e+00	0.000e+00
178513.50	0.000e+00	0.000e+00	0.000e+00
178514.50	0.000e+00	0.000e+00	0.000e+00
178515.50	0.000e+00	0.000e+00	0.000e+00
178516.50	0.000e+00	0.000e+00	0.000e+00
178517.50	0.000e+00	0.000e+00	0.000e+00
178518.50	0.000e+00	0.000e+00	0.000e+00
178519.50	0.000e+00	0.000e+00	0.000e+00
178520.50	0.000e+00	0.000e+00	0.000e+00
178521.50	0.000e+00	0.000e+00	0.000e+00
178522.50	0.000e+00	0.000e+00	0.000e+00
178523.50	0.000e+00	0.000e+00	0.000e+00
178524.50	0.000e+00	0.000e+00	0.000e+00
178525.50	0.000e+00	0.000e+00	0.000e+00
178526.50	0.000e+00	0.000e+00	0.000e+00
178527.50	0.000e+00	0.000e+00	0.000e+00
178528.50	0.000e+00	0.000e+00	0.000e+00
178529.50	0.000e+00	0.000e+00	0.000e+00
178530.50	0.000e+00	0.000e+00	0.000e+00
178531.50	0.000e+00	0.000e+00	0.000e+00
178532.50	0.000e+00	0.000e+00	0.000e+00
178533.50	0.000e+00	0.000e+00	0.000e+00
178534.50	0.000e+00	0.000e+00	0.000e+00
178535.50	0.000e+00	0.000e+00	0.000e+00
178536.50	0.000e+00	0.000e+00	0.000e+00
178537.50	0.000e+00	0.000e+00	0.000e+00
178538.50	0.000e+00	0.000e+00	0.000e+00
178539.50	0.000e+00	0.000e+00	0.000e+00
178540.50	0.000e+00	0.000e+00	0.000e+00
178541.50	0.000e+00	0.000e+00	0.000e+00
178542.50	0.000e+00	0.000e+00	0.000e+00
178543.50	0.000e+00	0.000e+00	0.000e+00
178544.50	0.000e+00	0.000e+00	0.000e+00
178545.50	0.000e+00	0.000e+00	0.000e+00
178546.50	0.000e+00	0.000e+00	0.000e+00
178547.50	0.000e+00	0.000e+00	0.000e+00
178548.50	0.000e+00	0.000e+00	0.000e+00
178549.50	0.000e+00	0.000e+00	0.000e+00
178550.50	0.000e+00	0.000e+00	0.000e+00
178551.50	0.000e+00	0.000e+00	0.000e+00
178552.50	0.000e+00	0.000e+00	0.000e+00
178553.50	0.000e+00	0.000e+00	0.000e+00
178554.50	0.000e+00	0.000e+00	0.000e+00
178555.50	0.000e+00	0.000e+00	0.000e+00
178556.50	0.000e+00	0.000e+00	0.000e+00
178557.50	0.000e+00	0.000e+00	0.000e+00
178558.50	0.000e+00	0.000e+00	0.000e+00
178559.50	0.000e+00	0.000e+00	0.000e+00
178560.50	0.000e+00	0.000e+00	0.000e+00
178561.50	0.000e+00	0.000e+00	0.000e+00
178562.50	0.000e+00	0.000e+00	0.000e+00
178563.50	0.000e+00	0.000e+00	0.000e+00
178564.50	0.000e+00	0.000e+00	0.000e+00
178565.50	0.000e+00	0.000e+00	0.000e+00
178566.50	0.000e+00	0.000e+00	0.000e+00
178567.50	0.000e+00	0.000e+00	0.000e+00
178568.50	0.000e+00	0.000e+00	0.000e+00
178569.50	0.000e+00	0.000e+00	0.000e+00
178570.50	0.000e+00	0.000e+00	0.000e+00
178571.50	0.000e+00	0.000e+00	0.000e+00
178572.50	0.000e+00	0.000e+00	0.000e+00
178573.50	0.000e+00	0.000e+00	0.000e+00
178574.50	0.000e+00	0.000e+00	0.000e+00
178575.50	0.000e+00	0.000e+00	0.000e+00
178576.50	0.000e+00	0.000e+00	0.000e+00
178577.50	0.000e+00	0.000e+00	0.000e+00
178578.50	0.000e+00	0.000e+00	0.000e+00
178579.50	2.755e-05	-1.008e-03	1.949e-04
178580.50	-4.128e-05	1.498e-03	-3.830e-04
178581.50	-1.574e-05	8.717e-04	-7.334e-04
178582.50	1.882e-05	-7.661e-04	9.427e-04
178583.50	3.898e-06	-9.590e-04	1.373e-03
178584.50	4.944e-06	-1.133e-04	-1.910e-05
178585.50	7.114e-06	-5.251e-04	-1.584e-04
178586.50	-3.197e-05	2.400e-03	-2.304e-03
178587.50	4.282e-05	-1.200e-03	-3.053e-04
178588.50	-1.104e-06	-1.709e-04	3.456e-04
178589.50	2.122e-04	-4.762e-03	-3.437e-04
178590.50	-4.138e-04	1.517e-02	-1.286e-02
178591.50	2.774e-03	-8.477e-02	-2.986e-03
178592.50	-1.594e-03	1.526e-01	-4.224e-01
178593.50	2.822e-01	-8.467e+00	4.272e-01
178594.50	8.266e-01	-2.448e+01	1.766e+00
178595.50	2.093e+00	-5.818e+01	-6.106e+00
178596.50	3.427e+00	-9.696e+01	3.571e+00
178597.50	5.645e+00	-1.565e+02	3.590e+00
178598.50	6.614e+00	-1.805e+02	9.389e+00
178599.50	7.699e+00	-2.045e+02	-3.581e-01
178600.50	7.248e+00	-1.862e+02	-8.554e+00
178601.50	6.960e+00	-1.776e+02	5.558e+00
178602.50	2.880e+00	-6.864e+01	5.453e+00
178603.50	1.565e+00	-2.928e+01	-1.728e+01
178604.50	2.746e-01	-1.507e+00	7.392e+00
178605.50	-4.474e-01	1.930e+01	-5.414e+00
178606.50	-1.248e+00	3.677e+01	3.629e+00
178607.50	-1.814e+00	5.174e+01	-1.555e+00
178608.50	-2.227e+00	6.038e+01	2.285e+00
178609.50	-2.054e+00	5.635e+01	-3.110e+00
178610.50	-1.968e+00	5.290e+01	3.370e-01
178611.50	-1.939e+00	5.069e+01	4.186e+00
178612.50	-2.141e+00	5.626e+01	9.389e-02
178613.50	-1.834e+00	4.771e+01	7.142e-01
178614.50	-1.680e+00	4.483e+01	-4.963e+00
178615.50	-1.555e+00	4.061e+01	-9.475e-01
178616.50	-1.459e+00	3.830e+01	-1.939e+00
178617.50	-1.478e+00	3.840e+01	-5.846e-01
178618.50	-1.507e+00	3.926e+01	-1.795e+00
178619.50	-1.325e+00	3.398e+01	-1.584e-01
178620.50	-1.114e+00	2.851e+01	1.565e+00
178621.50	-1.104e+00	2.842e+01	8.160e-02
178622.50	-1.056e+00	2.717e+01	-6.010e-01
178623.50	-8.726e-01	2.237e+01	7.565e-03
178624.50	-9.072e-01	2.323e+01	2.093e-01
178625.50	-7.421e-01	1.958e+01	-2.102e+00
178626.50	-7.901e-01	2.006e+01	1.517e-01
178627.50	-7.651e-01	1.978e+01	-1.219e+00
178628.50	-6.298e-01	1.622e+01	-4.618e-01
178629.50	-6.317e-01	1.565e+01	2.170e+00
178630.50	-5.558e-01	1.440e+01	-6.739e-01
178631.50	-6.240e-01	1.546e+01	1.142e+00
178632.50	-4.541e-01	1.152e+01	3.926e-01
178633.50	-5.366e-01	1.373e+01	-2.506e-01
178634.50	-5.750e-01	1.440e+01	1.046e-01
178635.50	-4.723e-01	1.162e+01	1.056e+00
178636.50	-4.272e-01	1.075e+01	1.075e-02
178637.50	-3.302e-01	8.506e+00	-5.280e-01
178638.50	-3.667e-01	9.197e+00	5.386e-02
178639.50	-3.946e-01	9.792e+00	1.142e-01
178640.50	-3.475e-01	8.592e+00	7.632e-01
178641.50	-3.206e-01	8.304e+00	-3.754e-01
178642.50	-2.669e-01	6.845e+00	-2.582e-01
178643.50	-2.726e-01	6.806e+00	2.669e-01
178644.50	-2.266e-01	5.741e+00	3.014e-01
178645.50	-2.362e-01	6.086e+00	-4.330e-02
178646.50	-2.630e-01	6.509e+00	3.869e-01
178647.50	-2.813e-01	6.730e+00	9.533e-01
178648.50	-2.016e-01	5.030e+00	3.178e-01
178649.50	-2.419e-01	6.000e+00	-2.746e-01
178650.50	-1.680e-01	4.368e+00	-9.494e-01
178651.50	-1.776e-01	4.474e+00	-4.118e-02
178652.50	-1.853e-01	4.906e+00	-5.962e-01
178653.50	-1.517e-01	3.773e+00	4.138e-01
178654.50	-1.690e-01	4.138e+00	1.728e-01
178655.50	-1.670e-01	4.339e+00	-3.590e-01
178656.50	-1.814e-01	4.368e+00	7.805e-01
178657.50	-1.200e-01	3.178e+00	-3.274e-01
178658.50	-1.507e-01	3.398e+00	1.094e+00
178659.50	-1.066e-01	2.717e+00	-3.955e-01
178660.50	-1.363e-01	3.494e+00	-2.112e-01
178661.50	-1.248e-01	3.082e+00	2.150e-01
178662.50	-8.774e-02	2.102e+00	5.098e-01
178663.50	-1.075e-01	2.496e+00	1.968e-01
178664.50	-1.430e-01	3.504e+00	4.397e-01
178665.50	-6.883e-02	1.546e+00	1.718e-01
178666.50	-9.437e-02	2.189e+00	6.096e-01
178667.50	-8.467e-02	2.323e+00	-6.749e-01
178668.50	-7.152e-02	1.843e+00	9.168e-03
178669.50	-9.216e-02	2.256e+00	3.082e-01
178670.50	-4.301e-02	1.094e+00	7.392e-02
178671.50	-6.787e-02	1.930e+00	-8.630e-01
178672.50	-8.486e-02	1.997e+00	4.474e-01
178673.50	-9.370e-02	2.246e+00	6.096e-01
178674.50	-3.994e-02	1.027e+00	-7.306e-01
178675.50	-3.619e-02	9.197e-01	-1.277e-01
178676.50	-1.018e-01	2.486e+00	2.947e-01
178677.50	-5.510e-02	1.152e+00	5.971e-01
178678.50	-4.330e-02	1.104e+00	-3.302e-01
178679.50	-3.552e-02	8.784e-01	4.781e-02
178680.50	-3.898e-02	9.475e-01	2.237e-01
178681.50	-6.806e-02	1.680e+00	-2.083e-01
178682.50	-5.856e-02	1.517e+00	-1.181e-01
178683.50	-2.784e-02	7.459e-01	-9.792e-02
178684.50	-6.605e-02	1.450e+00	8.957e-03
178685.50	-6.538e-02	1.286e+00	5.069e-01
178686.50	-2.976e-02	9.888e-01	-5.837e-01
178687.50	-2.342e-02	6.442e-01	3.206e-01
178688.50	-7.488e-02	1.805e+00	-1.766e-01
178689.50	-2.746e-02	6.749e-01	-1.219e-01
178690.50	-2.093e-02	6.125e-01	6.749e-02
178691.50	-3.110e-02	7.018e-01	1.680e-02
178692.50	-2.352e-02	5.088e-01	2.189e-01
178693.50	-6.624e-02	1.661e+00	-2.218e-01
178694.50	2.246e-03	-1.421e-03	-5.386e-02
178695.50	-1.238e-02	3.898e-01	-2.227e-01
178696.50	-1.939e-02	7.248e-01	-3.024e-01
178697.50	-1.882e-02	3.494e-01	1.334e-01
178698.50	-3.091e-02	6.086e-01	2.890e-01
178699.50	6.778e-03	9.158e-03	6.758e-02
178700.50	-4.579e-02	9.552e-01	-5.664e-02
178701.50	-2.256e-02	6.442e-01	-3.955e-01
178702.50	-6.192e-03	1.718e-01	-1.123e-01
178703.50	-2.323e-02	5.242e-01	-5.328e-02
178704.50	-1.123e-02	3.341e-01	-1.277e-01
178705.50	-6.432e-02	1.478e+00	-2.006e-01
178706.50	-3.734e-03	1.066e-01	2.150e-01
178707.50	-2.640e-02	5.827e-01	-2.755e-01
178708.50	-1.373e-02	3.072e-01	1.334e-01
178709.50	-1.814e-02	4.608e-01	2.160e-01
178710.50	-1.795e-02	4.234e-01	6.643e-02
178711.50	-2.083e-02	6.662e-01	-2.102e-01
178712.50	-1.574e-02	4.704e-01	1.584e-01
178713.50	-1.027e-02	7.286e-02	7.536e-02
178714.50	-1.632e-02	2.890e-01	1.642e-01
178715.50	-1.517e-02	3.206e-01	1.258e-01
178716.50	-1.171e-02	2.256e-01	-7.661e-02
178717.50	-2.496e-02	5.702e-01	-6.211e-02
178718.50	4.426e-03	2.717e-02	-1.757e-01
178719.50	-1.363e-02	3.763e-01	-1.776e-01
178720.50	-1.229e-02	2.832e-01	1.622e-01
178721.50	-1.574e-02	3.485e-01	7.613e-02
178722.50	-2.390e-02	4.992e-01	2.227e-01
178723.50	-1.277e-02	2.726e-01	-1.296e-01
178724.50	-1.536e-02	2.832e-01	8.333e-02
178725.50	-6.307e-03	1.651e-01	-3.034e-02
178726.50	-1.392e-02	2.458e-01	1.248e-01
178727.50	-1.430e-02	4.291e-01	7.027e-02
178728.50	7.882e-04	-2.054e-01	5.174e-01
178729.50	-1.459e-02	3.638e-01	-2.947e-01
178730.50	-1.018e-02	2.515e-01	-1.402e-01
178731.50	5.309e-03	-1.171e-01	3.331e-02
178732.50	-1.104e-02	3.197e-01	6.595e-03
178733.50	-6.701e-03	1.776e-01	-1.939e-01
178734.50	-1.114e-02	1.824e-01	-9.331e-02
178735.50	-3.523e-03	1.286e-01	-1.037e-01
178736.50	-3.715e-03	4.166e-03	2.429e-01
178737.50	-1.603e-02	3.370e-01	3.763e-01
178738.50	-1.824e-03	1.238e-01	-1.795e-01
178739.50	-7.498e-03	2.582e-01	-4.320e-01
178740.50	-3.034e-02	6.595e-01	2.621e-01
178741.50	-6.701e-03	2.045e-01	-7.546e-02
178742.50	-4.368e-03	8.976e-02	2.227e-01
178743.50	-4.819e-03	8.438e-03	3.523e-01
178744.50	-1.018e-03	1.162e-02	9.984e-02
178745.50	-1.526e-03	1.757e-02	1.344e-01
178746.50	-9.149e-03	2.592e-01	1.690e-02
178747.50	5.328e-03	-6.643e-02	-6.163e-02
178748.50	-1.066e-02	2.179e-01	4.166e-02
178749.50	-6.058e-03	1.786e-01	-2.256e-01
178750.50	-1.459e-02	3.014e-01	1.392e-01
178751.50	9.302e-03	-9.600e-02	-1.805e-01
178752.50	-2.170e-02	4.176e-01	-4.310e-02
178753.50	-1.920e-02	4.118e-01	1.526e-01
178754.50	-3.466e-03	2.851e-02	1.354e-01
178755.50	-1.325e-02	3.254e-01	-1.584e-01
178756.50	4.128e-03	-4.109e-02	1.258e-01
178757.50	3.024e-03	-4.618e-02	-2.006e-02
178758.50	-2.112e-05	4.358e-02	-2.736e-01
178759.50	-3.216e-03	-7.526e-03	-5.597e-03
178760.50	-5.779e-03	1.488e-01	1.334e-01
178761.50	3.610e-03	-8.947e-02	1.834e-01
178762.50	-1.037e-02	2.314e-01	-1.200e-01
178763.50	-5.251e-03	1.248e-01	1.066e-01
178764.50	-6.701e-04	-4.234e-03	-9.254e-02
178765.50	-1.114e-03	6.211e-02	-2.333e-02
178766.50	7.306e-03	-1.402e-01	-3.254e-02
178767.50	-3.120e-03	1.008e-01	-1.978e-01
178768.50	-9.571e-03	1.795e-01	-1.901e-01
178769.50	-5.952e-03	8.525e-02	4.214e-02
178770.50	1.008e-02	-1.901e-01	-1.795e-02
178771.50	-3.379e-05	1.018e-01	-2.544e-02
178772.50	-6.221e-03	7.190e-02	1.037e-01
178773.50	9.571e-04	-8.784e-03	-1.574e-01
178774.50	-1.958e-03	5.558e-02	8.390e-02
178775.50	2.602e-03	-1.392e-02	2.534e-02
178776.50	-4.714e-03	9.696e-02	1.872e-01
178777.50	-5.261e-03	9.245e-02	1.382e-01
178778.50	-8.371e-03	1.613e-01	-1.008e-01
178779.50	-6.758e-03	1.114e-01	1.123e-01
178780.50	-7.930e-03	6.010e-02	1.834e-01
178781.50	-1.181e-02	1.690e-01	-3.043e-02
178782.50	-4.781e-03	6.365e-02	-3.648e-03
178783.50	1.891e-04	6.470e-02	-1.296e-01
178784.50	-2.266e-02	5.040e-01	5.386e-02
178785.50	2.246e-03	2.016e-02	-6.086e-02
178786.50	1.286e-02	-1.594e-01	1.747e-01
178787.50	-4.195e-04	2.266e-02	7.670e-02
178788.50	1.488e-02	3.398e-02	1.459e-01
178789.50	-3.437e-03	8.621e-02	-8.390e-02
178790.50	4.819e-03	-1.680e-01	1.046e-01
178791.50	2.966e-03	-1.085e-01	9.398e-02
178792.50	1.046e-04	5.069e-02	-2.266e-01
178793.50	-1.824e-03	9.264e-02	-1.536e-02
178794.50	-5.779e-03	1.046e-01	4.608e-02
178795.50	-2.045e-03	1.402e-01	-5.011e-02
178796.50	1.114e-02	6.557e-02	9.600e-03
178797.50	-9.984e-03	1.450e-01	-9.197e-02
178798.50	-2.054e-03	-2.141e-02	1.008e-01
178799.50	-2.246e-03	2.995e-02	-7.267e-03
178800.50	-5.568e-03	4.042e-02	1.517e-01
178801.50	8.707e-04	5.741e-02	-2.419e-01
178802.50	-6.518e-03	1.613e-01	5.981e-02
178803.50	-7.171e-03	-5.731e-02	2.141e-02
178804.50	2.266e-03	-6.307e-02	3.360e-02
178805.50	-5.798e-03	1.392e-01	2.534e-02
178806.50	2.755e-03	-8.102e-02	8.669e-02
178807.50	1.930e-03	4.858e-03	-2.122e-01
178808.50	-3.898e-03	7.066e-02	-1.114e-01
178809.50	-3.072e-03	1.853e-02	1.402e-01
178810.50	8.400e-03	-9.072e-02	-1.008e-01
178811.50	3.322e-03	-3.888e-02	1.104e-02
178812.50	-2.275e-03	1.373e-01	-1.766e-01
178813.50	-4.752e-03	9.984e-02	-4.301e-02
178814.50	-7.373e-03	1.354e-01	-4.982e-02
178815.50	2.131e-02	-7.373e-02	7.728e-02
178816.50	6.010e-02	-2.938e-01	9.561e-02
178817.50	-4.378e-02	1.814e-01	-2.371e-01
178818.50	-3.581e-02	2.870e-01	1.190e-01
178819.50	-5.434e-02	1.459e-01	6.739e-02
178820.50	-4.349e-03	8.304e-02	2.630e-01
178821.50	8.515e-03	-1.459e-01	-6.307e-02
178822.50	-2.304e-03	3.312e-02	-9.792e-02
178823.50	-5.683e-03	1.382e-01	2.054e-02
178824.50	-2.611e-04	1.968e-02	-1.171e-01
178825.50	-2.400e-04	1.622e-02	2.122e-01
178826.50	1.920e-03	-4.982e-02	4.378e-02
178827.50	-2.342e-03	2.189e-02	-4.838e-02
178828.50	6.528e-03	-1.152e-01	-1.766e-01
178829.50	-1.133e-02	2.861e-01	1.334e-02
178830.50	1.882e-04	-7.603e-03	1.056e-01
178831.50	-5.894e-03	1.565e-01	-3.840e-02
178832.50	3.120e-03	-9.034e-02	2.410e-01
178833.50	5.021e-03	-7.901e-02	6.182e-02
178834.50	-1.008e-02	1.392e-01	2.237e-01
178835.50	-2.746e-04	-4.954e-02	3.350e-02
178836.50	1.133e-02	-3.206e-02	-3.216e-02
178837.50	1.248e-02	-1.334e-01	-1.286e-01
178838.50	-1.190e-03	4.493e-02	-1.392e-01
178839.50	-2.467e-03	4.474e-02	-2.659e-02
178840.50	5.990e-04	2.986e-02	-5.462e-03
178841.50	4.733e-03	-5.222e-02	-1.046e-01
178842.50	-1.882e-03	7.632e-02	-1.056e-01
178843.50	-2.957e-03	5.040e-02	1.142e-01
178844.50	-6.547e-03	1.123e-01	-8.285e-04
178845.50	-2.006e-03	5.846e-02	-9.888e-02
178846.50	5.856e-04	-4.397e-02	-6.566e-02
178847.50	-4.339e-03	8.755e-02	-4.070e-02
178848.50	-6.307e-03	1.258e-01	3.274e-03
178849.50	-3.226e-04	2.074e-02	2.794e-02
178850.50	-6.192e-04	1.267e-02	-8.496e-02
178851.50	-3.926e-03	1.085e-01	1.574e-02
178852.50	3.533e-03	-8.506e-02	-2.160e-02
178853.50	-2.688e-05	1.478e-02	-2.506e-02
178854.50	5.155e-03	-8.323e-02	2.640e-03
178855.50	4.992e-03	-1.104e-01	-6.202e-03
178856.50	-3.715e-03	3.370e-02	5.722e-02
178857.50	-2.179e-03	8.362e-03	6.144e-02
178858.50	1.498e-03	-2.947e-02	1.440e-01
178859.50	-2.208e-03	3.389e-02	3.062e-02
178860.50	-1.018e-02	2.054e-01	-1.133e-01
178861.50	7.661e-03	-1.901e-01	4.435e-02
178862.50	-2.189e-03	8.333e-03	3.888e-02
178863.50	-2.381e-03	4.339e-02	3.043e-02
178864.50	1.939e-03	-6.115e-02	4.272e-02
178865.50	-1.229e-03	9.581e-02	-1.661e-01
178866.50	4.118e-03	-1.248e-01	-1.046e-02
178867.50	-7.920e-03	1.478e-01	1.738e-01
178868.50	1.286e-04	3.523e-02	4.771e-03
178869.50	2.918e-04	-3.504e-03	-3.984e-02
178870.50	-3.581e-03	3.965e-02	6.125e-02
178871.50	1.670e-04	4.848e-02	-1.027e-01
178872.50	2.266e-03	-2.400e-02	-3.888e-02
178873.50	-3.859e-03	5.722e-02	8.890e-02
178874.50	3.418e-03	-1.056e-01	-4.810e-02
178875.50	4.128e-03	-8.842e-02	-1.738e-03
178876.50	-3.350e-03	3.293e-02	-3.552e-02
178877.50	2.486e-03	-5.760e-03	4.944e-02
178878.50	3.802e-03	-6.000e-02	8.707e-02
178879.50	-1.738e-03	6.826e-02	-6.691e-02
178880.50	-9.312e-04	2.554e-02	-6.566e-02
178881.50	4.954e-04	-1.594e-02	7.498e-02
178882.50	2.141e-03	1.325e-02	2.515e-02
178883.50	-3.254e-03	5.549e-02	-6.144e-02
178884.50	-3.638e-03	8.448e-02	-1.171e-01
178885.50	-5.309e-03	1.133e-01	7.277e-02
178886.50	1.680e-03	-9.696e-02	2.851e-02
178887.50	4.598e-03	-6.048e-02	-2.102e-02
178888.50	6.739e-04	-2.074e-02	-1.162e-01
178889.50	-1.498e-03	1.440e-01	-1.181e-01
178890.50	1.142e-03	-9.197e-04	1.018e-01
178891.50	-3.014e-04	6.134e-02	-1.142e-02
178892.50	-2.170e-03	-3.418e-02	7.430e-02
178893.50	7.776e-04	-4.982e-02	-2.563e-02
178894.50	2.141e-03	-8.707e-02	-1.104e-02
178895.50	2.314e-03	-9.005e-02	8.438e-02
178896.50	3.293e-03	-9.158e-02	4.982e-02
178897.50	-5.443e-03	7.891e-02	-1.219e-01
178898.50	-3.542e-03	1.392e-02	-5.443e-02
178899.50	-2.630e-03	1.056e-01	8.736e-02
178900.50	-4.963e-03	4.925e-02	2.314e-02
178901.50	-4.262e-04	-3.283e-02	-4.858e-02
178902.50	-6.413e-03	6.077e-02	1.114e-01
178903.50	-2.122e-03	2.554e-02	9.475e-02
178904.50	1.094e-04	-3.283e-02	-2.842e-02
178905.50	6.672e-03	-3.014e-02	-1.123e-01
178906.50	-1.402e-03	2.208e-02	-1.488e-02
178907.50	2.803e-06	1.066e-02	9.446e-02
178908.50	-3.542e-03	7.286e-02	-6.816e-02
178909.50	-3.600e-04	9.533e-03	-7.882e-02
178910.50	4.483e-03	-7.258e-02	-2.314e-02
178911.50	5.088e-03	-6.595e-02	1.123e-01
178912.50	2.122e-03	-1.507e-02	1.229e-01
178913.50	3.130e-04	1.958e-04	-8.947e-02
178914.50	6.038e-03	-9.984e-02	-7.402e-02
178915.50	-3.168e-03	2.842e-02	2.198e-02
178916.50	-2.218e-03	1.229e-02	5.578e-02
178917.50	3.418e-03	-1.037e-02	-4.906e-02
178918.50	-5.923e-03	5.626e-02	1.248e-01
178919.50	9.053e-04	-2.035e-02	4.090e-02
178920.50	5.741e-04	-4.138e-03	-1.248e-02
178921.50	-1.680e-03	4.570e-03	-1.219e-01
178922.50	-2.506e-03	3.053e-02	-2.506e-02
178923.50	-1.142e-03	2.928e-02	3.053e-02
178924.50	3.955e-04	-6.701e-03	1.622e-03
178925.50	8.880e-04	4.358e-02	2.314e-02
178926.50	-6.422e-03	1.344e-01	6.144e-02
178927.50	-2.390e-03	5.347e-02	4.358e-02
178928.50	1.843e-04	-8.102e-03	-6.576e-02
178929.50	1.603e-03	-2.419e-02	-7.142e-02
178930.50	-1.037e-03	2.966e-02	4.858e-02
178931.50	-8.467e-05	5.597e-03	-4.282e-02
178932.50	3.187e-05	-1.382e-02	-7.776e-03
178933.50	3.878e-03	-5.952e-02	-7.277e-02
178934.50	4.627e-03	-7.594e-02	-1.306e-02
178935.50	-1.574e-03	2.477e-02	6.950e-02
178936.50	-2.429e-03	3.072e-02	-1.344e-01
178937.50	1.229e-03	-7.632e-03	-1.123e-01
178938.50	8.784e-04	-4.877e-02	2.054e-02
178939.50	-2.102e-03	6.278e-02	-2.074e-02
178940.50	-9.370e-04	2.554e-02	1.046e-02
178941.50	1.555e-03	-9.514e-03	3.158e-02
178942.50	1.181e-04	-2.573e-02	-3.216e-02
178943.50	2.678e-03	-6.134e-02	-7.181e-02
178944.50	-2.938e-03	4.099e-02	3.485e-02
178945.50	-1.210e-03	-3.283e-03	4.368e-02
178946.50	4.166e-04	2.630e-02	-4.474e-02
178947.50	-2.304e-04	9.552e-03	5.174e-02
178948.50	6.960e-04	-4.474e-02	-5.952e-02
178949.50	2.400e-04	2.371e-03	2.074e-02
178950.50	-2.112e-03	2.170e-02	3.629e-02
178951.50	-3.226e-04	-1.901e-02	7.978e-03
178952.50	7.066e-03	-1.258e-01	5.904e-04
178953.50	1.776e-03	-1.286e-02	4.838e-02
178954.50	2.688e-03	-6.605e-02	8.218e-03
178955.50	-8.592e-04	-1.258e-02	-2.275e-02
178956.50	-2.189e-03	8.486e-02	-3.494e-02
178957.50	-2.314e-03	6.845e-02	-9.072e-03
178958.50	4.339e-03	-4.646e-02	-3.686e-02
