195038.50	0.000e+00	0.000e+00	0.000e+00
195039.50	0.000e+00	0.000e+00	0.000e+00
195040.50	0.000e+00	0.000e+00	0.000e+00
195041.50	0.000e+00	0.000e+00	0.000e+00
195042.50	0.000e+00	0.000e+00	0.000e+00
195043.50	0.000e+00	0.000e+00	0.000e+00
195044.50	0.000e+00	0.000e+00	0.000e+00
195045.50	0.000e+00	0.000e+00	0.000e+00
195046.50	0.000e+00	0.000e+00	0.000e+00
195047.50	0.000e+00	0.000e+00	0.000e+00
195048.50	0.000e+00	0.000e+00	0.000e+00
195049.50	0.000e+00	0.000e+00	0.000e+00
195050.50	0.000e+00	0.000e+00	0.000e+00
195051.50	0.000e+00	0.000e+00	0.000e+00
195052.50	0.000e+00	0.000e+00	0.000e+00
195053.50	0.000e+00	0.000e+00	0.000e+00
195054.50	0.000e+00	0.000e+00	0.000e+00
195055.50	0.000e+00	0.000e+00	0.000e+00
195056.50	0.000e+00	0.000e+00	0.000e+00
195057.50	0.000e+00	0.000e+00	0.000e+00
195058.50	0.000e+00	0.000e+00	0.000e+00
195059.50	0.000e+00	0.000e+00	0.000e+00
195060.50	0.000e+00	0.000e+00	0.000e+00
195061.50	0.000e+00	0.000e+00	0.000e+00
195062.50	0.000e+00	0.000e+00	0.000e+00
195063.50	0.000e+00	0.000e+00	0.000e+00
195064.50	0.000e+00	0.000e+00	0.000e+00
195065.50	0.000e+00	0.000e+00	0.000e+00
195066.50	0.000e+00	0.000e+00	0.000e+00
195067.50	0.000e+00	0.000e+00	0.000e+00
195068.50	0.000e+00	0.000e+00	0.000e+00
195069.50	0.000e+00	0.000e+00	0.000e+00
195070.50	0.000e+00	0.000e+00	0.000e+00
195071.50	0.000e+00	0.000e+00	0.000e+00
195072.50	0.000e+00	0.000e+00	0.000e+00
195073.50	0.000e+00	0.000e+00	0.000e+00
195074.50	0.000e+00	0.000e+00	0.000e+00
195075.50	0.000e+00	0.000e+00	0.000e+00
195076.50	0.000e+00	0.000e+00	0.000e+00
195077.50	0.000e+00	0.000e+00	0.000e+00
195078.50	0.000e+00	0.000e+00	0.000e+00
195079.50	0.000e+00	0.000e+00	0.000e+00
195080.50	0.000e+00	0.000e+00	0.000e+00
195081.50	0.000e+00	0.000e+00	0.000e+00
195082.50	0.000e+00	0.000e+00	0.000e+00
195083.50	0.000e+00	0.000e+00	0.000e+00
195084.50	0.000e+00	0.000e+00	0.000e+00
195085.50	0.000e+00	0.000e+00	0.000e+00
195086.50	0.000e+00	0.000e+00	0.000e+00
195087.50	0.000e+00	0.000e+00	0.000e+00
195088.50	0.000e+00	0.000e+00	0.000e+00
195089.50	0.000e+00	0.000e+00	0.000e+00
195090.50	0.000e+00	0.000e+00	0.000e+00
195091.50	0.000e+00	0.000e+00	0.000e+00
195092.50	0.000e+00	0.000e+00	0.000e+00
195093.50	0.000e+00	0.000e+00	0.000e+00
195094.50	0.000e+00	0.000e+00	0.000e+00
195095.50	0.000e+00	0.000e+00	0.000e+00
195096.50	0.000e+00	0.000e+00	0.000e+00
195097.50	0.000e+00	0.000e+00	0.000e+00
195098.50	0.000e+00	0.000e+00	0.000e+00
195099.50	0.000e+00	0.000e+00	0.000e+00
195100.50	0.000e+00	0.000e+00	0.000e+00
195101.50	0.000e+00	0.000e+00	0.000e+00
195102.50	0.000e+00	0.000e+00	0.000e+00
195103.50	0.000e+00	0.000e+00	0.000e+00
195104.50	0.000e+00	0.000e+00	0.000e+00
195105.50	0.000e+00	0.000e+00	0.000e+00
195106.50	0.000e+00	0.000e+00	0.000e+00
195107.50	0.000e+00	0.000e+00	0.000e+00
195108.50	0.000e+00	0.000e+00	0.000e+00
195109.50	0.000e+00	0.000e+00	0.000e+00
195110.50	0.000e+00	0.000e+00	0.000e+00
195111.50	0.000e+00	0.000e+00	0.000e+00
195112.50	0.000e+00	0.000e+00	0.000e+00
195113.50	0.000e+00	0.000e+00	0.000e+00
195114.50	0.000e+00	0.000e+00	0.000e+00
195115.50	0.000e+00	0.000e+00	0.000e+00
195116.50	0.000e+00	0.000e+00	0.000e+00
195117.50	0.000e+00	0.000e+00	0.000e+00
195118.50	0.000e+00	0.000e+00	0.000e+00
195119.50	0.000e+00	0.000e+00	0.000e+00
195120.50	0.000e+00	0.000e+00	0.000e+00
195121.50	0.000e+00	0.000e+00	0.000e+00
195122.50	0.000e+00	0.000e+00	0.000e+00
195123.50	0.000e+00	0.000e+00	0.000e+00
195124.50	0.000e+00	0.000e+00	0.000e+00
195125.50	0.000e+00	0.000e+00	0.000e+00
195126.50	0.000e+00	0.000e+00	0.000e+00
195127.50	0.000e+00	0.000e+00	0.000e+00
195128.50	0.000e+00	0.000e+00	0.000e+00
195129.50	0.000e+00	0.000e+00	0.000e+00
195130.50	0.000e+00	0.000e+00	0.000e+00
195131.50	0.000e+00	0.000e+00	0.000e+00
195132.50	0.000e+00	0.000e+00	0.000e+00
195133.50	0.000e+00	0.000e+00	0.000e+00
195134.50	0.000e+00	0.000e+00	0.000e+00
195135.50	0.000e+00	0.000e+00	0.000e+00
195136.50	0.000e+00	0.000e+00	0.000e+00
195137.50	0.000e+00	0.000e+00	0.000e+00
195138.50	0.000e+00	0.000e+00	0.000e+00
195139.50	0.000e+00	0.000e+00	0.000e+00
195140.50	0.000e+00	0.000e+00	0.000e+00
195141.50	0.000e+00	0.000e+00	0.000e+00
195142.50	0.000e+00	0.000e+00	0.000e+00
195143.50	-1.613e-08	1.987e-04	2.554e-04
195144.50	7.987e-06	5.942e-04	6.979e-04
195145.50	-3.216e-05	1.699e-03	2.755e-04
195146.50	6.269e-06	-6.922e-04	-5.078e-04
195147.50	1.075e-05	-1.306e-04	-8.390e-04
195148.50	2.995e-05	-1.046e-03	6.422e-04
195149.50	5.174e-05	-3.466e-04	6.586e-04
195150.50	-1.862e-05	-7.037e-03	5.606e-03
195151.50	9.888e-04	-4.051e-02	-1.661e-02
195152.50	3.629e-05	1.440e-02	-3.062e-03
195153.50	-1.334e-03	5.251e-02	8.909e-03
195154.50	-8.112e-04	3.206e-03	9.216e-03
195155.50	5.683e-04	-2.304e-02	-5.558e-03
195156.50	-4.944e-05	5.856e-03	2.678e-03
195157.50	7.267e-04	8.208e-03	-1.805e-02
195158.50	-2.861e-04	-3.850e-03	1.046e-02
195159.50	-5.798e-04	-9.888e-03	-2.525e-03
195160.50	1.939e-04	2.218e-02	-3.437e-03
195161.50	-9.206e-06	-1.622e-02	3.360e-02
195162.50	-1.267e-03	-1.277e-02	1.517e-03
195163.50	2.890e-03	-1.987e-01	-4.368e-02
195164.50	6.931e-04	8.448e-02	7.354e-02
195165.50	1.248e-03	6.970e-03	6.096e-02
195166.50	-9.696e-04	-3.965e-02	3.974e-02
195167.50	1.344e-03	7.517e-02	-1.142e-01
195168.50	-5.126e-04	4.608e-02	-1.709e-02
195169.50	1.661e-03	-3.523e-01	-1.123e-01
195170.50	1.373e-03	-6.211e-01	8.438e-02
195171.50	5.635e-03	-1.930e+00	1.498e-01
195172.50	1.891e-02	-7.622e+00	8.237e-01
195173.50	7.430e-02	-2.342e+01	3.341e-01
195174.50	2.189e-01	-6.010e+01	-2.525e+00
195175.50	4.339e-01	-1.354e+02	-4.666e-01
195176.50	7.066e-01	-2.467e+02	7.258e+00
195177.50	6.691e-01	-2.150e+02	-3.245e-01
195178.50	6.864e-01	-2.390e+02	4.877e+00
195179.50	8.016e-01	-2.746e+02	2.544e+00
195180.50	2.640e-01	-7.296e+01	-3.830e+00
195181.50	-1.210e-01	4.694e+01	3.427e-01
195182.50	-2.275e-01	1.075e+02	-7.229e+00
195183.50	-2.870e-01	1.008e+02	2.016e+00
195184.50	-2.410e-01	9.014e+01	-1.037e+00
195185.50	-1.632e-01	7.795e+01	-7.114e+00
195186.50	-2.074e-01	6.950e+01	6.950e-01
195187.50	-2.016e-01	6.211e+01	2.179e+00
195188.50	-1.603e-01	5.088e+01	1.152e+00
195189.50	-1.555e-01	5.155e+01	5.050e-01
195190.50	-9.158e-02	4.186e+01	-4.080e+00
195191.50	-1.114e-01	4.080e+01	-1.872e+00
195192.50	-1.008e-01	3.811e+01	-1.920e+00
195193.50	-1.181e-01	3.322e+01	1.421e+00
195194.50	-8.928e-02	2.822e+01	-2.813e-01
195195.50	-8.227e-02	2.861e+01	-6.912e-01
195196.50	-9.389e-02	2.525e+01	1.651e+00
195197.50	-9.600e-02	2.381e+01	2.640e+00
195198.50	-4.819e-02	2.016e+01	-1.507e+00
195199.50	-7.555e-02	1.862e+01	9.312e-01
195200.50	-3.840e-02	1.738e+01	-1.872e+00
195201.50	-6.653e-02	1.651e+01	4.243e-01
195202.50	-4.291e-02	1.498e+01	-5.846e-01
195203.50	-4.128e-02	1.498e+01	-6.797e-01
195204.50	-5.818e-02	1.363e+01	1.488e+00
195205.50	-6.173e-02	1.555e+01	1.277e+00
195206.50	-4.339e-02	1.238e+01	7.104e-01
195207.50	-3.840e-02	1.162e+01	-2.064e-01
195208.50	-2.995e-02	1.027e+01	-8.006e-01
195209.50	-2.304e-02	1.142e+01	-1.536e+00
195210.50	-3.907e-02	9.139e+00	6.643e-01
195211.50	-2.458e-02	7.133e+00	-6.902e-01
195212.50	-1.910e-02	8.227e+00	-6.970e-01
195213.50	-2.074e-02	6.931e+00	-2.026e-01
195214.50	-4.666e-02	9.379e+00	1.411e+00
195215.50	-2.227e-02	7.066e+00	-2.054e-01
195216.50	-1.526e-02	5.040e+00	-6.451e-02
195217.50	-3.312e-02	7.056e+00	7.939e-01
195218.50	-3.907e-02	6.298e+00	1.680e+00
195219.50	-2.304e-02	4.944e+00	1.478e+00
195220.50	-2.179e-02	5.616e+00	5.616e-01
195221.50	-1.421e-02	4.406e+00	-6.269e-01
195222.50	-1.958e-02	4.502e+00	5.117e-01
195223.50	-1.469e-02	4.646e+00	-7.421e-02
195224.50	-5.885e-03	4.109e+00	-1.354e+00
195225.50	-8.938e-03	3.648e+00	-2.486e-01
195226.50	-3.754e-02	2.880e+00	6.365e-01
195227.50	5.866e-03	3.974e+00	-3.581e-01
195228.50	-1.834e-02	2.870e+00	3.101e-01
195229.50	-2.410e-02	3.802e+00	4.742e-01
195230.50	-4.934e-03	3.504e+00	-6.643e-02
195231.50	-2.045e-02	3.254e+00	4.464e-01
195232.50	-1.306e-02	3.082e+00	1.930e-01
195233.50	7.046e-04	3.408e+00	-2.486e-01
195234.50	-8.064e-03	2.218e+00	6.298e-01
195235.50	-1.709e-02	1.526e+00	1.373e+00
195236.50	-2.371e-03	2.448e+00	-5.654e-01
195237.50	1.795e-02	2.006e+00	-6.643e-01
195238.50	-2.573e-03	1.853e+00	-2.746e-01
195239.50	-4.502e-03	1.219e+00	-1.190e-01
195240.50	-1.229e-02	2.515e+00	3.226e-01
195241.50	-4.752e-03	1.392e+00	1.325e-02
195242.50	-6.413e-03	1.344e+00	5.318e-01
195243.50	2.170e-03	1.517e+00	-5.357e-02
195244.50	7.133e-03	2.112e+00	-6.451e-01
195245.50	-3.341e-02	1.949e+00	-4.925e-01
195246.50	-6.413e-02	8.170e-01	1.411e-01
195247.50	1.872e-02	1.690e+00	8.995e-03
195248.50	1.037e-02	1.718e+00	1.469e-01
195249.50	-1.776e-02	1.066e+00	-2.515e-01
195250.50	3.821e-03	6.922e-01	-2.717e-01
195251.50	-1.037e-02	1.411e+00	4.675e-01
195252.50	-2.496e-03	7.747e-01	-3.590e-01
195253.50	-1.306e-03	8.285e-01	2.746e-01
195254.50	2.928e-03	8.515e-01	-2.275e-03
195255.50	1.373e-03	7.344e-01	3.725e-01
195256.50	-1.018e-02	1.373e+00	-2.285e-02
195257.50	2.054e-02	6.864e-01	1.190e-01
195258.50	1.469e-03	1.363e+00	-4.397e-01
195259.50	-2.803e-03	8.198e-01	3.754e-01
195260.50	2.285e-03	2.726e-01	-1.152e-01
195261.50	-7.555e-03	8.170e-01	1.306e-01
195262.50	-1.162e-02	5.251e-01	2.419e-02
195263.50	2.650e-04	6.624e-01	6.067e-02
195264.50	4.598e-03	1.450e-01	-1.325e-01
195265.50	-1.296e-02	6.528e-01	5.347e-02
195266.50	-4.819e-03	8.630e-01	-1.507e-01
195267.50	-1.939e-03	4.906e-01	-4.637e-01
195268.50	-1.805e-02	3.283e-01	1.094e-02
195269.50	1.008e-02	7.872e-01	6.038e-01
195270.50	3.331e-03	3.840e-01	1.382e-01
195271.50	-4.598e-03	4.013e-01	-1.814e-01
195272.50	-3.408e-03	4.810e-01	-3.638e-02
195273.50	-4.368e-03	3.792e-01	-3.312e-01
195274.50	-5.558e-03	9.024e-01	1.046e-01
195275.50	-5.837e-03	1.930e-01	5.098e-01
195276.50	3.821e-03	3.734e-01	-8.803e-02
195277.50	7.699e-03	3.667e-01	-4.205e-01
195278.50	-6.298e-03	7.747e-01	-1.757e-01
195279.50	-1.286e-02	9.110e-02	4.109e-01
195280.50	5.712e-03	1.286e-01	-4.022e-01
195281.50	8.304e-03	3.706e-01	-2.016e-02
195282.50	-3.888e-03	4.877e-01	5.040e-02
195283.50	6.413e-04	4.829e-02	7.814e-02
195284.50	-1.200e-03	2.698e-02	-1.930e-01
195285.50	-5.424e-03	2.851e-01	6.019e-02
195286.50	-7.325e-03	7.421e-01	1.315e-01
195287.50	-6.259e-03	5.971e-01	-1.546e-02
195288.50	-2.870e-03	1.565e-01	-4.685e-02
195289.50	-2.813e-03	1.834e-01	1.027e-01
195290.50	8.640e-05	-1.526e-01	1.872e-01
195291.50	-2.899e-03	4.253e-01	-7.267e-02
195292.50	1.613e-03	-2.093e-02	-1.430e-01
195293.50	-1.776e-03	4.406e-02	8.832e-02
195294.50	-2.534e-03	3.283e-01	4.291e-02
195295.50	-2.266e-03	4.742e-01	1.805e-01
195296.50	5.616e-03	-1.363e-02	-3.043e-01
195297.50	-5.309e-03	2.630e-01	-1.296e-01
195298.50	2.371e-04	4.387e-01	1.046e-01
195299.50	8.909e-04	2.957e-01	6.086e-02
195300.50	2.035e-03	1.210e-02	-7.210e-02
195301.50	-3.149e-03	1.402e-01	2.957e-02
195302.50	-6.710e-04	4.454e-01	-3.014e-02
195303.50	-9.984e-04	1.469e-01	-6.077e-02
195304.50	-6.422e-04	4.205e-02	-1.392e-01
195305.50	9.043e-04	2.621e-01	-2.928e-02
195306.50	-4.973e-03	9.206e-02	2.669e-01
195307.50	-7.325e-04	2.371e-02	-7.997e-02
195308.50	-1.075e-02	2.246e-01	-2.621e-02
195309.50	2.035e-03	3.130e-02	2.035e-01
195310.50	1.680e-03	-4.637e-02	3.264e-01
195311.50	-5.366e-03	2.909e-01	1.613e-01
195312.50	9.571e-04	7.507e-02	-1.450e-01
195313.50	-1.843e-03	1.430e-01	-5.088e-02
195314.50	1.114e-03	-1.085e-01	-9.312e-02
195315.50	-1.651e-03	2.218e-01	-3.610e-02
195316.50	1.949e-03	3.014e-01	-1.354e-02
195317.50	-3.034e-03	9.091e-02	4.464e-02
195318.50	-4.829e-04	-5.002e-02	3.283e-02
195319.50	-1.210e-03	1.450e-01	-9.130e-02
195320.50	-6.758e-03	5.146e-02	1.421e-01
195321.50	-1.632e-02	4.128e-02	1.574e-01
195322.50	1.219e-03	-9.542e-02	1.603e-01
195323.50	1.094e-02	1.075e-01	-2.352e-01
195324.50	1.786e-02	7.334e-03	-3.283e-01
195325.50	-1.238e-03	2.275e-01	-1.594e-01
195326.50	7.987e-04	2.275e-01	-2.006e-01
195327.50	9.101e-03	1.747e-01	-3.302e-02
195328.50	-3.168e-02	-3.907e-01	1.853e-01
195329.50	7.315e-04	3.494e-02	-8.525e-02
195330.50	-2.198e-03	3.590e-01	-6.000e-03
195331.50	4.598e-03	1.229e-01	-4.877e-04
195332.50	-5.213e-03	5.510e-02	1.181e-01
195333.50	-1.315e-03	1.603e-01	4.166e-02
195334.50	-1.757e-03	-2.160e-02	2.880e-01
195335.50	1.910e-04	3.648e-02	2.573e-01
195336.50	3.216e-04	2.352e-02	-1.066e-01
195337.50	-2.256e-03	-5.059e-02	7.219e-03
195338.50	2.966e-04	7.123e-03	-3.110e-01
195339.50	5.741e-04	1.843e-01	2.621e-02
195340.50	-1.757e-03	5.597e-02	5.203e-02
195341.50	-1.766e-03	-1.152e-01	9.696e-03
195342.50	-1.536e-04	-1.190e-01	-9.696e-03
195343.50	2.861e-03	3.082e-01	3.994e-02
195344.50	-4.618e-03	4.090e-02	-1.478e-01
195345.50	-6.787e-03	2.189e-01	1.651e-01
195346.50	-7.229e-03	-1.238e-01	-5.654e-02
195347.50	6.029e-04	1.594e-01	1.766e-01
195348.50	-1.248e-03	5.616e-02	-1.229e-01
195349.50	1.517e-03	3.264e-02	-2.045e-01
195350.50	-1.680e-03	1.334e-01	4.224e-03
195351.50	4.138e-03	1.066e-01	-2.035e-01
195352.50	-7.632e-04	-1.661e-01	5.270e-02
195353.50	-5.837e-04	9.043e-03	1.680e-01
195354.50	-1.344e-04	2.246e-02	-1.133e-02
195355.50	-3.389e-03	1.834e-01	1.008e-01
195356.50	-1.315e-03	-1.891e-02	1.104e-01
195357.50	2.352e-03	-5.981e-02	-3.197e-02
195358.50	-1.046e-02	1.142e-01	9.024e-02
195359.50	-2.160e-03	1.190e-02	3.562e-02
195360.50	1.315e-03	8.045e-02	1.603e-01
195361.50	-1.632e-03	1.238e-01	6.394e-02
195362.50	1.757e-03	-4.157e-02	-5.837e-02
195363.50	-3.821e-03	3.139e-02	-1.133e-01
195364.50	1.488e-03	-3.139e-02	1.824e-02
195365.50	-3.878e-03	-7.181e-02	3.677e-03
195366.50	-4.483e-03	2.563e-01	1.238e-01
195367.50	-4.099e-05	8.525e-02	1.920e-02
195368.50	1.142e-04	2.294e-02	9.514e-02
195369.50	1.075e-03	1.152e-03	1.315e-02
195370.50	1.008e-02	2.150e-01	1.450e-01
195371.50	3.667e-03	-1.459e-01	1.286e-01
195372.50	1.469e-03	1.507e-02	-9.005e-02
195373.50	-1.018e-02	3.264e-02	-1.440e-01
195374.50	1.738e-03	5.126e-02	-2.669e-02
195375.50	4.128e-03	1.680e-01	2.006e-02
195376.50	1.450e-02	2.813e-01	-1.066e-01
195377.50	1.296e-02	-8.256e-02	-1.488e-01
195378.50	-6.221e-03	-2.170e-01	1.200e-01
195379.50	-4.992e-03	5.395e-02	-3.370e-02
195380.50	1.046e-03	-9.456e-02	1.133e-01
195381.50	-1.824e-03	-8.726e-02	8.813e-02
195382.50	-7.325e-03	4.464e-02	5.443e-02
195383.50	-1.258e-03	5.117e-02	-1.498e-01
195384.50	-4.954e-03	1.277e-01	2.746e-02
195385.50	-8.006e-03	-6.547e-02	6.528e-02
195386.50	2.534e-03	-5.318e-02	2.006e-02
195387.50	-5.530e-03	-8.390e-02	1.843e-02
195388.50	5.443e-03	1.325e-01	4.733e-02
195389.50	-9.533e-04	1.642e-01	1.344e-01
195390.50	2.573e-03	9.552e-02	-7.901e-02
195391.50	3.446e-04	-1.162e-02	-8.947e-02
195392.50	-2.928e-04	-4.560e-02	2.064e-02
195393.50	-5.050e-04	-4.483e-02	1.027e-01
195394.50	9.696e-03	7.622e-02	8.208e-02
195395.50	4.138e-02	-3.437e-02	-4.310e-02
195396.50	2.218e-02	-7.901e-02	-3.610e-03
195397.50	-1.258e-02	-4.195e-02	3.110e-02
195398.50	1.267e-03	3.235e-02	-4.781e-02
195399.50	8.170e-03	1.181e-01	-1.229e-01
195400.50	-8.842e-03	-1.037e-01	-1.661e-02
195401.50	-5.875e-02	6.432e-02	-7.536e-02
195402.50	4.013e-03	2.179e-02	-1.421e-01
195403.50	9.168e-04	4.944e-02	3.168e-02
195404.50	-2.803e-03	1.440e-02	1.066e-01
195405.50	-8.227e-03	1.622e-01	-5.722e-03
195406.50	2.899e-03	5.462e-02	3.082e-02
195407.50	-2.189e-03	-3.053e-01	-6.778e-02
195408.50	-2.150e-03	4.915e-03	-1.622e-02
195409.50	-1.920e-03	2.227e-02	1.469e-01
195410.50	-2.736e-05	-3.955e-02	-1.651e-02
195411.50	3.226e-03	4.896e-02	2.544e-03
195412.50	4.579e-03	1.354e-01	5.050e-02
195413.50	2.179e-03	-4.051e-02	-6.221e-03
195414.50	1.008e-02	1.325e-01	-1.354e-01
195415.50	-4.435e-03	-2.899e-02	4.781e-02
195416.50	1.382e-03	6.528e-02	-9.331e-02
195417.50	-7.718e-03	9.475e-02	9.696e-02
195418.50	5.261e-03	-7.123e-02	-7.699e-02
195419.50	1.248e-03	-1.584e-01	-2.150e-02
195420.50	9.533e-04	6.240e-02	-4.570e-02
195421.50	3.360e-03	-1.373e-01	-8.026e-02
195422.50	5.654e-03	-1.565e-02	-9.360e-02
195423.50	-9.178e-03	-1.613e-02	5.827e-02
195424.50	-1.267e-04	1.786e-02	3.629e-03
195425.50	9.984e-04	-5.050e-02	5.203e-02
195426.50	7.354e-04	-6.010e-04	6.874e-02
195427.50	4.762e-03	3.110e-02	-2.102e-01
195428.50	-4.570e-04	-1.104e-02	6.442e-02
195429.50	-5.923e-03	-4.387e-02	2.554e-02
195430.50	-2.054e-03	-1.584e-02	4.579e-03
195431.50	1.056e-03	2.256e-02	-5.002e-02
195432.50	1.440e-02	7.757e-02	7.517e-02
195433.50	-7.651e-03	1.728e-02	1.181e-01
195434.50	1.507e-03	8.054e-02	-1.277e-01
195435.50	-4.646e-06	6.509e-02	-6.269e-02
195436.50	-1.795e-03	1.603e-02	7.066e-02
195437.50	-3.629e-04	4.925e-02	-1.200e-02
195438.50	-1.555e-02	6.538e-02	3.139e-02
195439.50	-9.581e-03	-1.229e-01	4.723e-02
195440.50	-1.709e-03	7.478e-02	1.440e-02
195441.50	1.238e-03	4.512e-02	2.822e-02
195442.50	3.043e-03	-5.222e-02	-7.123e-02
195443.50	-5.078e-04	-3.350e-02	2.630e-02
195444.50	1.421e-03	-5.510e-02	-2.093e-02
195445.50	6.394e-04	-3.686e-02	-9.888e-03
195446.50	-6.000e-04	-6.797e-02	3.206e-02
195447.50	-1.114e-03	2.275e-02	7.555e-02
195448.50	3.178e-02	-1.277e-02	-1.853e-01
195449.50	3.811e-02	-2.458e-01	-4.646e-02
195450.50	-3.581e-02	1.949e-01	2.899e-01
195451.50	6.298e-03	4.973e-02	-1.651e-01
195452.50	-2.918e-02	1.085e-01	1.344e-01
195453.50	-1.718e-05	-3.782e-02	-1.478e-02
195454.50	3.955e-04	2.832e-02	-4.205e-02
195455.50	2.659e-03	-7.920e-03	-1.200e-01
195456.50	7.968e-04	2.784e-02	-8.323e-02
195457.50	-9.043e-04	-2.179e-02	4.416e-02
195458.50	8.045e-05	9.293e-02	1.085e-01
195459.50	-3.139e-03	-2.611e-02	4.483e-03
195460.50	-2.035e-04	7.517e-02	-5.683e-02
195461.50	-8.314e-03	2.026e-02	2.304e-02
195462.50	-6.278e-04	-4.138e-02	3.101e-02
195463.50	-2.611e-04	1.219e-02	4.445e-02
195464.50	5.357e-04	-8.640e-04	-1.699e-02
195465.50	1.536e-03	1.210e-02	-6.634e-02
195466.50	2.314e-03	-5.309e-02	9.168e-02
195467.50	-2.112e-03	1.891e-01	1.162e-01
195468.50	8.880e-04	-3.389e-02	-9.792e-02
195469.50	-6.384e-04	-1.229e-01	-1.171e-01
195470.50	9.792e-04	-2.899e-02	-1.075e-01
195471.50	1.478e-03	-1.286e-02	1.978e-02
195472.50	-1.901e-03	5.568e-02	8.784e-02
195473.50	-5.414e-03	2.045e-02	-8.198e-02
195474.50	-1.546e-04	-3.840e-02	1.018e-01
195475.50	6.902e-04	5.952e-02	-7.152e-02
195476.50	6.086e-03	2.102e-02	3.014e-02
195477.50	1.584e-03	-4.810e-02	5.098e-02
195478.50	-2.707e-03	1.411e-02	1.075e-01
195479.50	1.200e-02	4.531e-02	-6.336e-02
195480.50	8.592e-03	3.542e-02	8.630e-03
195481.50	1.267e-03	-4.522e-02	-5.616e-02
195482.50	-2.784e-04	-7.114e-02	2.160e-02
195483.50	-7.104e-04	-2.045e-02	8.515e-03
195484.50	-6.010e-04	1.248e-01	-9.888e-03
195485.50	-4.637e-04	-5.050e-02	-6.442e-02
195486.50	-3.696e-04	-5.866e-02	3.715e-02
195487.50	-3.427e-03	3.101e-03	1.651e-01
195488.50	1.517e-03	1.450e-02	-9.062e-02
195489.50	9.024e-04	6.749e-02	1.190e-02
195490.50	9.984e-04	-1.181e-02	-2.822e-02
195491.50	8.294e-05	5.510e-02	-5.357e-02
195492.50	9.581e-05	5.242e-02	1.450e-02
195493.50	6.221e-07	-8.333e-02	-5.616e-02
195494.50	-1.411e-03	1.354e-01	5.942e-02
195495.50	6.384e-04	5.174e-03	-2.362e-02
195496.50	2.333e-03	-3.667e-02	-2.880e-02
195497.50	1.046e-03	6.509e-03	-6.010e-02
195498.50	-3.110e-04	3.475e-02	-2.870e-02
195499.50	-3.110e-04	-1.584e-02	2.112e-02
195500.50	1.027e-03	-2.189e-02	-1.824e-02
195501.50	-5.059e-04	3.235e-02	1.718e-02
195502.50	-5.405e-04	3.024e-03	-2.554e-02
195503.50	6.528e-05	4.944e-02	4.618e-03
195504.50	-1.574e-04	3.005e-02	2.083e-02
195505.50	-3.898e-03	1.526e-02	9.418e-02
195506.50	-1.402e-03	-8.227e-02	-5.078e-02
195507.50	-5.866e-04	5.520e-02	6.000e-02
195508.50	-2.419e-04	-5.866e-02	2.093e-02
195509.50	1.085e-03	-5.328e-02	7.498e-03
195510.50	-7.594e-04	-2.237e-02	7.507e-02
195511.50	4.992e-05	-1.853e-02	-3.005e-02
195512.50	-1.402e-04	1.709e-02	-3.773e-02
195513.50	-1.354e-04	1.258e-03	-9.101e-03
195514.50	-3.274e-04	5.453e-02	-1.277e-01
195515.50	6.605e-02	1.238e-01	-7.584e-02
195516.50	9.206e-03	1.862e-02	-2.861e-02
195517.50	-7.834e-03	-5.405e-02	4.694e-02
195518.50	-1.766e-02	-1.037e-02	2.717e-02
195519.50	1.238e-04	-7.171e-02	7.114e-02
195520.50	9.120e-04	-5.990e-02	-3.341e-02
195521.50	1.574e-03	-4.934e-02	-5.702e-02
195522.50	-9.600e-05	3.638e-02	7.286e-04
195523.50	1.104e-03	-4.128e-02	2.054e-02
195524.50	-1.382e-02	2.736e-02	-1.632e-02
195525.50	-4.445e-02	-1.958e-01	-3.427e-02
195526.50	-1.229e-03	-2.803e-02	8.237e-02
195527.50	4.224e-04	1.997e-02	4.637e-02
195528.50	-5.078e-04	-3.494e-02	3.782e-02
195529.50	-1.680e-04	4.704e-02	-2.381e-02
195530.50	-1.142e-04	5.040e-02	-5.731e-03
195531.50	-3.888e-04	9.341e-03	2.563e-02
195532.50	-2.362e-04	9.485e-02	1.411e-02
195533.50	1.190e-03	-2.246e-02	7.469e-02
195534.50	6.115e-04	-3.974e-02	-7.363e-02
195535.50	5.530e-04	-1.776e-02	-1.987e-02
195536.50	-8.429e-04	2.131e-02	1.450e-02
195537.50	3.494e-04	1.075e-01	-4.368e-02
195538.50	2.477e-04	-1.469e-02	2.352e-02
195539.50	-4.675e-04	-1.699e-02	-3.302e-02
195540.50	3.245e-05	1.939e-02	-3.734e-02
195541.50	-3.811e-04	-6.048e-03	5.597e-02
195542.50	3.072e-04	1.728e-03	-8.688e-02
195543.50	2.237e-04	5.021e-03	5.453e-02
195544.50	8.256e-04	2.237e-02	-1.949e-02
195545.50	2.678e-06	6.202e-03	-4.109e-02
195546.50	-1.920e-03	-6.797e-02	2.102e-02
195547.50	4.934e-04	4.349e-02	-2.803e-03
195548.50	3.562e-04	3.139e-03	-7.882e-02
195549.50	-7.085e-04	-8.362e-03	-1.152e-02
195550.50	8.429e-06	3.888e-02	6.461e-04
195551.50	7.066e-05	-9.485e-03	-6.173e-03
195552.50	2.602e-04	-3.235e-02	2.102e-02
195553.50	-5.117e-04	-1.469e-02	2.803e-02
195554.50	-6.192e-04	3.418e-02	1.334e-02
195555.50	-2.918e-04	4.858e-02	1.315e-02
195556.50	-1.181e-03	6.768e-02	3.062e-02
195557.50	1.162e-03	-3.197e-02	2.957e-03
195558.50	-4.608e-04	-3.715e-02	5.645e-02
195559.50	-1.891e-05	-3.619e-02	1.171e-02
195560.50	1.142e-03	4.589e-02	2.342e-03
195561.50	-5.702e-04	2.707e-02	4.186e-02
195562.50	-2.563e-04	2.774e-02	-4.051e-02
195563.50	1.296e-03	1.382e-02	-3.302e-02
195564.50	3.245e-04	7.075e-02	4.464e-02
195565.50	-9.792e-04	1.661e-02	-1.277e-02
195566.50	-1.210e-03	-3.686e-02	-2.429e-02
195567.50	1.104e-03	7.027e-02	3.677e-02
195568.50	7.690e-04	-4.118e-02	-2.102e-02
195569.50	-5.021e-04	9.302e-04	4.118e-02
195570.50	-8.141e-04	6.643e-02	-2.266e-02
195571.50	1.382e-03	-1.210e-02	-7.507e-02
195572.50	3.302e-04	-5.990e-02	2.611e-02
195573.50	2.851e-05	-1.085e-01	2.208e-02
195574.50	-5.558e-04	-7.210e-02	-2.544e-03
195575.50	-8.102e-04	-1.008e-02	-1.450e-02
195576.50	-1.872e-03	3.696e-02	4.032e-02
195577.50	2.093e-04	-4.301e-03	1.469e-02
195578.50	-4.138e-03	3.859e-02	1.786e-03
195579.50	-5.914e-03	1.594e-02	-6.413e-02
195580.50	1.354e-03	-1.046e-02	-3.946e-02
195581.50	2.390e-03	-1.718e-02	1.574e-02
195582.50	7.709e-04	2.477e-02	3.590e-02
195583.50	1.363e-03	-4.042e-02	-4.435e-02
195584.50	-1.277e-03	2.928e-02	3.053e-03
195585.50	-5.654e-04	3.235e-02	1.411e-02
195586.50	-6.144e-05	-2.122e-02	1.709e-02
195587.50	-2.765e-04	-1.325e-04	-2.256e-02
195588.50	1.402e-04	-3.792e-02	8.150e-02
195589.50	9.792e-04	-3.379e-02	-4.282e-02
195590.50	2.794e-05	3.254e-02	4.166e-02
195591.50	-1.046e-03	2.314e-02	3.590e-02
195592.50	-2.179e-03	-8.966e-03	4.099e-02
195593.50	-1.075e-03	2.832e-02	-2.160e-02
195594.50	-3.792e-04	-2.266e-02	-3.610e-03
195595.50	1.613e-04	8.342e-03	-5.654e-02
195596.50	1.670e-03	-1.776e-02	2.102e-02
195597.50	1.613e-03	9.168e-03	1.670e-02
195598.50	5.126e-03	1.853e-02	-2.976e-02
195599.50	-1.354e-04	-1.459e-02	-2.035e-02
195600.50	5.203e-05	-3.379e-02	-5.126e-02
195601.50	9.302e-04	3.168e-02	2.563e-03
195602.50	4.195e-04	1.286e-02	6.010e-02
195603.50	-5.462e-04	1.958e-02	5.914e-03
195604.50	4.147e-04	-8.035e-03	-1.066e-02
195605.50	1.910e-04	7.786e-02	3.552e-02
195606.50	-8.966e-04	2.554e-02	-1.517e-02
195607.50	4.704e-04	-2.630e-02	-1.219e-02
195608.50	1.354e-03	-3.062e-02	-2.285e-02
195609.50	7.402e-04	-2.218e-02	-1.094e-02
195610.50	-3.869e-04	-1.757e-03	-2.717e-02
195611.50	-5.664e-04	-3.994e-02	-2.976e-02
195612.50	-3.014e-04	8.794e-03	3.734e-02
195613.50	-2.227e-03	3.264e-02	4.493e-02
195614.50	3.168e-04	2.822e-02	-3.120e-02
195615.50	5.539e-04	-1.325e-02	-2.870e-02
195616.50	1.037e-03	-2.189e-02	2.198e-02
195617.50	-1.085e-04	3.216e-02	2.189e-02
195618.50	2.986e-04	1.392e-02	-2.246e-02
195619.50	-4.867e-05	-2.890e-02	4.061e-02
195620.50	-5.933e-05	-1.728e-02	1.690e-02
195621.50	-7.555e-04	-1.546e-02	1.392e-02
195622.50	-6.173e-05	2.573e-02	3.062e-02
195623.50	-8.131e-04	2.938e-02	3.274e-02
195624.50	-1.766e-06	-5.789e-03	2.602e-02
195625.50	-6.730e-05	3.715e-03	-1.843e-02
195626.50	6.134e-05	-3.014e-03	-2.064e-02
195627.50	8.362e-04	-6.634e-03	-3.437e-02
195628.50	-4.963e-04	1.027e-02	-2.774e-02
195629.50	4.886e-05	5.184e-02	-2.266e-02
195630.50	6.048e-04	-1.757e-02	-1.392e-03
195631.50	9.139e-05	-2.323e-02	-5.904e-03
195632.50	2.602e-04	2.736e-02	-3.974e-02
195633.50	1.843e-03	-4.589e-02	2.621e-02
195634.50	4.906e-05	-1.469e-02	-3.101e-02
195635.50	-6.278e-05	-1.853e-02	2.515e-02
195636.50	2.659e-04	-1.536e-03	-1.613e-02
