195038.50	0.000e+00	0.000e+00	0.000e+00
195039.50	0.000e+00	0.000e+00	0.000e+00
195040.50	0.000e+00	0.000e+00	0.000e+00
195041.50	0.000e+00	0.000e+00	0.000e+00
195042.50	0.000e+00	0.000e+00	0.000e+00
195043.50	0.000e+00	0.000e+00	0.000e+00
195044.50	0.000e+00	0.000e+00	0.000e+00
195045.50	0.000e+00	0.000e+00	0.000e+00
195046.50	0.000e+00	0.000e+00	0.000e+00
195047.50	0.000e+00	0.000e+00	0.000e+00
195048.50	0.000e+00	0.000e+00	0.000e+00
195049.50	0.000e+00	0.000e+00	0.000e+00
195050.50	0.000e+00	0.000e+00	0.000e+00
195051.50	0.000e+00	0.000e+00	0.000e+00
195052.50	0.000e+00	0.000e+00	0.000e+00
195053.50	0.000e+00	0.000e+00	0.000e+00
195054.50	0.000e+00	0.000e+00	0.000e+00
195055.50	0.000e+00	0.000e+00	0.000e+00
195056.50	0.000e+00	0.000e+00	0.000e+00
195057.50	0.000e+00	0.000e+00	0.000e+00
195058.50	0.000e+00	0.000e+00	0.000e+00
195059.50	0.000e+00	0.000e+00	0.000e+00
195060.50	0.000e+00	0.000e+00	0.000e+00
195061.50	0.000e+00	0.000e+00	0.000e+00
195062.50	0.000e+00	0.000e+00	0.000e+00
195063.50	0.000e+00	0.000e+00	0.000e+00
195064.50	0.000e+00	0.000e+00	0.000e+00
195065.50	0.000e+00	0.000e+00	0.000e+00
195066.50	0.000e+00	0.000e+00	0.000e+00
195067.50	0.000e+00	0.000e+00	0.000e+00
195068.50	0.000e+00	0.000e+00	0.000e+00
195069.50	0.000e+00	0.000e+00	0.000e+00
195070.50	0.000e+00	0.000e+00	0.000e+00
195071.50	0.000e+00	0.000e+00	0.000e+00
195072.50	0.000e+00	0.000e+00	0.000e+00
195073.50	0.000e+00	0.000e+00	0.000e+00
195074.50	0.000e+00	0.000e+00	0.000e+00
195075.50	0.000e+00	0.000e+00	0.000e+00
195076.50	0.000e+00	0.000e+00	0.000e+00
195077.50	0.000e+00	0.000e+00	0.000e+00
195078.50	0.000e+00	0.000e+00	0.000e+00
195079.50	0.000e+00	0.000e+00	0.000e+00
195080.50	0.000e+00	0.000e+00	0.000e+00
195081.50	0.000e+00	0.000e+00	0.000e+00
195082.50	0.000e+00	0.000e+00	0.000e+00
195083.50	0.000e+00	0.000e+00	0.000e+00
195084.50	0.000e+00	0.000e+00	0.000e+00
195085.50	0.000e+00	0.000e+00	0.000e+00
195086.50	0.000e+00	0.000e+00	0.000e+00
195087.50	0.000e+00	0.000e+00	0.000e+00
195088.50	0.000e+00	0.000e+00	0.000e+00
195089.50	0.000e+00	0.000e+00	0.000e+00
195090.50	0.000e+00	0.000e+00	0.000e+00
195091.50	0.000e+00	0.000e+00	0.000e+00
195092.50	0.000e+00	0.000e+00	0.000e+00
195093.50	0.000e+00	0.000e+00	0.000e+00
195094.50	0.000e+00	0.000e+00	0.000e+00
195095.50	0.000e+00	0.000e+00	0.000e+00
195096.50	0.000e+00	0.000e+00	0.000e+00
195097.50	0.000e+00	0.000e+00	0.000e+00
195098.50	0.000e+00	0.000e+00	0.000e+00
195099.50	0.000e+00	0.000e+00	0.000e+00
195100.50	0.000e+00	0.000e+00	0.000e+00
195101.50	0.000e+00	0.000e+00	0.000e+00
195102.50	0.000e+00	0.000e+00	0.000e+00
195103.50	0.000e+00	0.000e+00	0.000e+00
195104.50	0.000e+00	0.000e+00	0.000e+00
195105.50	0.000e+00	0.000e+00	0.000e+00
195106.50	0.000e+00	0.000e+00	0.000e+00
195107.50	0.000e+00	0.000e+00	0.000e+00
195108.50	0.000e+00	0.000e+00	0.000e+00
195109.50	0.000e+00	0.000e+00	0.000e+00
195110.50	0.000e+00	0.000e+00	0.000e+00
195111.50	0.000e+00	0.000e+00	0.000e+00
195112.50	0.000e+00	0.000e+00	0.000e+00
195113.50	0.000e+00	0.000e+00	0.000e+00
195114.50	0.000e+00	0.000e+00	0.000e+00
195115.50	0.000e+00	0.000e+00	0.000e+00
195116.50	0.000e+00	0.000e+00	0.000e+00
195117.50	0.000e+00	0.000e+00	0.000e+00
195118.50	0.000e+00	0.000e+00	0.000e+00
195119.50	0.000e+00	0.000e+00	0.000e+00
195120.50	0.000e+00	0.000e+00	0.000e+00
195121.50	0.000e+00	0.000e+00	0.000e+00
195122.50	0.000e+00	0.000e+00	0.000e+00
195123.50	0.000e+00	0.000e+00	0.000e+00
195124.50	0.000e+00	0.000e+00	0.000e+00
195125.50	0.000e+00	0.000e+00	0.000e+00
195126.50	0.000e+00	0.000e+00	0.000e+00
195127.50	0.000e+00	0.000e+00	0.000e+00
195128.50	0.000e+00	0.000e+00	0.000e+00
195129.50	0.000e+00	0.000e+00	0.000e+00
195130.50	0.000e+00	0.000e+00	0.000e+00
195131.50	0.000e+00	0.000e+00	0.000e+00
195132.50	0.000e+00	0.000e+00	0.000e+00
195133.50	0.000e+00	0.000e+00	0.000e+00
195134.50	0.000e+00	0.000e+00	0.000e+00
195135.50	0.000e+00	0.000e+00	0.000e+00
195136.50	0.000e+00	0.000e+00	0.000e+00
195137.50	0.000e+00	0.000e+00	0.000e+00
195138.50	0.000e+00	0.000e+00	0.000e+00
195139.50	0.000e+00	0.000e+00	0.000e+00
195140.50	0.000e+00	0.000e+00	0.000e+00
195141.50	0.000e+00	0.000e+00	0.000e+00
195142.50	0.000e+00	0.000e+00	0.000e+00
195143.50	0.000e+00	0.000e+00	0.000e+00
195144.50	0.000e+00	0.000e+00	0.000e+00
195145.50	0.000e+00	0.000e+00	0.000e+00
195146.50	0.000e+00	0.000e+00	0.000e+00
195147.50	0.000e+00	0.000e+00	0.000e+00
195148.50	0.000e+00	0.000e+00	0.000e+00
195149.50	0.000e+00	0.000e+00	0.000e+00
195150.50	0.000e+00	0.000e+00	0.000e+00
195151.50	0.000e+00	0.000e+00	0.000e+00
195152.50	0.000e+00	0.000e+00	0.000e+00
195153.50	0.000e+00	0.000e+00	0.000e+00
195154.50	0.000e+00	0.000e+00	0.000e+00
195155.50	0.000e+00	0.000e+00	0.000e+00
195156.50	0.000e+00	0.000e+00	0.000e+00
195157.50	0.000e+00	0.000e+00	0.000e+00
195158.50	0.000e+00	0.000e+00	0.000e+00
195159.50	0.000e+00	0.000e+00	0.000e+00
195160.50	0.000e+00	0.000e+00	0.000e+00
195161.50	0.000e+00	0.000e+00	0.000e+00
195162.50	0.000e+00	0.000e+00	0.000e+00
195163.50	0.000e+00	0.000e+00	0.000e+00
195164.50	0.000e+00	0.000e+00	0.000e+00
195165.50	0.000e+00	0.000e+00	0.000e+00
195166.50	0.000e+00	0.000e+00	0.000e+00
195167.50	0.000e+00	0.000e+00	0.000e+00
195168.50	0.000e+00	0.000e+00	0.000e+00
195169.50	0.000e+00	0.000e+00	0.000e+00
195170.50	0.000e+00	0.000e+00	0.000e+00
195171.50	0.000e+00	0.000e+00	0.000e+00
195172.50	0.000e+00	0.000e+00	0.000e+00
195173.50	0.000e+00	0.000e+00	0.000e+00
195174.50	0.000e+00	0.000e+00	0.000e+00
195175.50	0.000e+00	0.000e+00	0.000e+00
195176.50	0.000e+00	0.000e+00	0.000e+00
195177.50	0.000e+00	0.000e+00	0.000e+00
195178.50	0.000e+00	0.000e+00	0.000e+00
195179.50	0.000e+00	0.000e+00	0.000e+00
195180.50	0.000e+00	0.000e+00	0.000e+00
195181.50	0.000e+00	0.000e+00	0.000e+00
195182.50	0.000e+00	0.000e+00	0.000e+00
195183.50	0.000e+00	0.000e+00	0.000e+00
195184.50	0.000e+00	0.000e+00	0.000e+00
195185.50	0.000e+00	0.000e+00	0.000e+00
195186.50	0.000e+00	0.000e+00	0.000e+00
195187.50	0.000e+00	0.000e+00	0.000e+00
195188.50	0.000e+00	0.000e+00	0.000e+00
195189.50	0.000e+00	0.000e+00	0.000e+00
195190.50	0.000e+00	0.000e+00	0.000e+00
195191.50	0.000e+00	0.000e+00	0.000e+00
195192.50	0.000e+00	0.000e+00	0.000e+00
195193.50	0.000e+00	0.000e+00	0.000e+00
195194.50	0.000e+00	0.000e+00	0.000e+00
195195.50	0.000e+00	0.000e+00	0.000e+00
195196.50	0.000e+00	0.000e+00	0.000e+00
195197.50	0.000e+00	0.000e+00	0.000e+00
195198.50	0.000e+00	0.000e+00	0.000e+00
195199.50	0.000e+00	0.000e+00	0.000e+00
195200.50	0.000e+00	0.000e+00	0.000e+00
195201.50	0.000e+00	0.000e+00	0.000e+00
195202.50	0.000e+00	0.000e+00	0.000e+00
195203.50	0.000e+00	0.000e+00	0.000e+00
195204.50	0.000e+00	0.000e+00	0.000e+00
195205.50	0.000e+00	0.000e+00	0.000e+00
195206.50	0.000e+00	0.000e+00	0.000e+00
195207.50	0.000e+00	0.000e+00	0.000e+00
195208.50	0.000e+00	0.000e+00	0.000e+00
195209.50	0.000e+00	0.000e+00	0.000e+00
195210.50	0.000e+00	0.000e+00	0.000e+00
195211.50	0.000e+00	0.000e+00	0.000e+00
195212.50	0.000e+00	0.000e+00	0.000e+00
195213.50	0.000e+00	0.000e+00	0.000e+00
195214.50	0.000e+00	0.000e+00	0.000e+00
195215.50	0.000e+00	0.000e+00	0.000e+00
195216.50	0.000e+00	0.000e+00	0.000e+00
195217.50	0.000e+00	0.000e+00	0.000e+00
195218.50	0.000e+00	0.000e+00	0.000e+00
195219.50	0.000e+00	0.000e+00	0.000e+00
195220.50	0.000e+00	0.000e+00	0.000e+00
195221.50	0.000e+00	0.000e+00	0.000e+00
195222.50	0.000e+00	0.000e+00	0.000e+00
195223.50	0.000e+00	0.000e+00	0.000e+00
195224.50	0.000e+00	0.000e+00	0.000e+00
195225.50	0.000e+00	0.000e+00	0.000e+00
195226.50	0.000e+00	0.000e+00	0.000e+00
195227.50	0.000e+00	0.000e+00	0.000e+00
195228.50	0.000e+00	0.000e+00	0.000e+00
195229.50	0.000e+00	0.000e+00	0.000e+00
195230.50	0.000e+00	0.000e+00	0.000e+00
195231.50	0.000e+00	0.000e+00	0.000e+00
195232.50	0.000e+00	0.000e+00	0.000e+00
195233.50	0.000e+00	0.000e+00	0.000e+00
195234.50	0.000e+00	0.000e+00	0.000e+00
195235.50	0.000e+00	0.000e+00	0.000e+00
195236.50	0.000e+00	0.000e+00	0.000e+00
195237.50	0.000e+00	0.000e+00	0.000e+00
195238.50	0.000e+00	0.000e+00	0.000e+00
195239.50	0.000e+00	0.000e+00	0.000e+00
195240.50	0.000e+00	0.000e+00	0.000e+00
195241.50	0.000e+00	0.000e+00	0.000e+00
195242.50	0.000e+00	0.000e+00	0.000e+00
195243.50	0.000e+00	0.000e+00	0.000e+00
195244.50	0.000e+00	0.000e+00	0.000e+00
195245.50	0.000e+00	0.000e+00	0.000e+00
195246.50	0.000e+00	0.000e+00	0.000e+00
195247.50	0.000e+00	0.000e+00	0.000e+00
195248.50	0.000e+00	0.000e+00	0.000e+00
195249.50	0.000e+00	0.000e+00	0.000e+00
195250.50	0.000e+00	0.000e+00	0.000e+00
195251.50	0.000e+00	0.000e+00	0.000e+00
195252.50	0.000e+00	0.000e+00	0.000e+00
195253.50	0.000e+00	0.000e+00	0.000e+00
195254.50	0.000e+00	0.000e+00	0.000e+00
195255.50	0.000e+00	0.000e+00	0.000e+00
195256.50	0.000e+00	0.000e+00	0.000e+00
195257.50	0.000e+00	0.000e+00	0.000e+00
195258.50	0.000e+00	0.000e+00	0.000e+00
195259.50	0.000e+00	0.000e+00	0.000e+00
195260.50	0.000e+00	0.000e+00	0.000e+00
195261.50	0.000e+00	0.000e+00	0.000e+00
195262.50	0.000e+00	0.000e+00	0.000e+00
195263.50	0.000e+00	0.000e+00	0.000e+00
195264.50	0.000e+00	0.000e+00	0.000e+00
195265.50	0.000e+00	0.000e+00	0.000e+00
195266.50	0.000e+00	0.000e+00	0.000e+00
195267.50	0.000e+00	0.000e+00	0.000e+00
195268.50	0.000e+00	0.000e+00	0.000e+00
195269.50	0.000e+00	0.000e+00	0.000e+00
195270.50	0.000e+00	0.000e+00	0.000e+00
195271.50	0.000e+00	0.000e+00	0.000e+00
195272.50	0.000e+00	0.000e+00	0.000e+00
195273.50	0.000e+00	0.000e+00	0.000e+00
195274.50	0.000e+00	0.000e+00	0.000e+00
195275.50	3.946e-07	1.075e-05	2.083e-06
195276.50	9.226e-06	2.227e-04	-7.267e-05
195277.50	-7.555e-06	-1.315e-04	2.371e-04
195278.50	-7.670e-06	2.957e-05	7.450e-04
195279.50	-3.677e-05	-8.688e-04	7.392e-04
195280.50	-7.066e-06	1.344e-04	7.622e-04
195281.50	7.546e-06	-1.085e-04	-8.765e-04
195282.50	8.208e-06	1.795e-04	-1.478e-04
195283.50	-6.902e-05	-1.862e-03	1.450e-04
195284.50	-1.114e-03	-3.312e-02	-3.907e-03
195285.50	1.930e-03	3.542e-02	-1.181e-01
195286.50	-4.118e-02	-1.267e+00	-1.603e-01
195287.50	-5.510e-02	-1.507e+00	5.021e-01
195288.50	-5.021e-01	-1.469e+01	-3.101e-01
195289.50	-9.984e-01	-2.966e+01	-4.138e+00
195290.50	-1.920e+00	-5.338e+01	2.083e+00
195291.50	-3.139e+00	-8.650e+01	1.910e+00
195292.50	-3.888e+00	-1.037e+02	8.141e+00
195293.50	-4.694e+00	-1.296e+02	-1.363e+01
195294.50	-4.579e+00	-1.219e+02	-5.318e+00
195295.50	-5.453e+00	-1.392e+02	9.792e+00
195296.50	-1.882e+00	-4.877e+01	-9.888e+00
195297.50	-1.046e+00	-2.246e+01	8.064e+00
195298.50	-1.517e-01	-7.709e-01	8.198e-01
195299.50	4.954e-01	1.651e+01	4.118e+00
195300.50	6.067e-01	1.843e+01	9.888e-01
195301.50	8.333e-01	2.294e+01	-3.158e+00
195302.50	1.459e+00	3.917e+01	-2.640e+00
195303.50	1.229e+00	3.312e+01	-4.013e-01
195304.50	1.210e+00	3.235e+01	3.014e-01
195305.50	1.315e+00	3.562e+01	3.005e+00
195306.50	1.133e+00	2.986e+01	-1.277e+00
195307.50	1.190e+00	3.120e+01	9.360e-02
195308.50	1.056e+00	2.774e+01	-4.627e-01
195309.50	1.114e+00	2.938e+01	1.478e+00
195310.50	1.008e+00	2.669e+01	8.774e-01
195311.50	6.998e-01	1.776e+01	-3.283e+00
195312.50	9.696e-01	2.592e+01	2.554e+00
195313.50	8.669e-01	2.237e+01	-1.056e+00
195314.50	8.390e-01	2.141e+01	-1.709e+00
195315.50	7.056e-01	1.872e+01	9.696e-01
195316.50	6.451e-01	1.642e+01	-1.306e+00
195317.50	6.816e-01	1.728e+01	-2.803e+00
195318.50	6.970e-01	1.814e+01	6.816e-01
195319.50	5.664e-01	1.469e+01	-2.659e-01
195320.50	4.387e-01	1.181e+01	9.696e-01
195321.50	4.925e-01	1.286e+01	9.149e-01
195322.50	4.128e-01	1.104e+01	1.094e+00
195323.50	3.562e-01	9.561e+00	7.402e-01
195324.50	3.610e-01	9.024e+00	-1.622e+00
195325.50	3.178e-01	8.458e+00	4.704e-01
195326.50	3.245e-01	8.486e+00	-2.534e-01
195327.50	2.880e-01	7.459e+00	-5.338e-01
195328.50	3.149e-01	8.170e+00	-2.813e-01
195329.50	3.043e-01	8.102e+00	9.446e-01
195330.50	2.659e-01	7.181e+00	9.696e-01
195331.50	2.736e-01	7.277e+00	5.539e-01
195332.50	2.045e-01	5.472e+00	-1.555e-01
195333.50	2.736e-01	7.142e+00	1.229e-01
195334.50	2.179e-01	5.904e+00	9.792e-01
195335.50	2.390e-01	5.981e+00	-5.366e-01
195336.50	1.766e-01	4.474e+00	-1.075e+00
195337.50	1.315e-01	3.581e+00	5.270e-02
195338.50	1.930e-01	5.146e+00	3.581e-01
195339.50	2.083e-01	5.424e+00	2.208e-01
195340.50	1.373e-01	3.619e+00	-3.878e-01
195341.50	1.248e-01	3.216e+00	-9.005e-02
195342.50	1.248e-01	3.283e+00	1.920e-01
195343.50	1.382e-01	3.398e+00	-2.986e-01
195344.50	1.267e-01	3.245e+00	-1.632e-01
195345.50	1.363e-01	3.475e+00	-2.669e-01
195346.50	9.888e-02	2.774e+00	1.286e+00
195347.50	1.027e-01	2.803e+00	4.128e-01
195348.50	8.189e-02	2.371e+00	6.202e-01
195349.50	9.600e-02	2.563e+00	3.648e-01
195350.50	1.066e-01	2.621e+00	-5.309e-01
195351.50	6.173e-02	1.728e+00	-4.253e-01
195352.50	7.008e-02	1.834e+00	-1.171e-01
195353.50	8.765e-02	2.314e+00	3.466e-01
195354.50	4.598e-02	1.142e+00	-1.114e-01
195355.50	3.984e-02	1.229e+00	2.554e-01
195356.50	8.746e-02	2.083e+00	-3.130e-01
195357.50	6.490e-02	1.738e+00	-2.064e-01
195358.50	6.067e-02	1.661e+00	3.533e-01
195359.50	4.771e-02	1.286e+00	8.141e-02
195360.50	4.195e-02	1.219e+00	5.731e-01
195361.50	6.835e-02	1.786e+00	-2.438e-01
195362.50	6.106e-02	1.306e+00	-6.470e-01
195363.50	4.982e-02	1.450e+00	7.651e-01
195364.50	4.512e-02	1.114e+00	-1.498e-01
195365.50	5.885e-02	1.613e+00	4.771e-01
195366.50	2.486e-02	7.296e-01	4.253e-01
195367.50	2.822e-02	6.269e-01	-1.267e-01
195368.50	2.150e-02	7.152e-01	1.622e-01
195369.50	4.685e-02	1.219e+00	-3.456e-01
195370.50	6.758e-02	1.747e+00	-1.286e-01
195371.50	2.026e-02	6.077e-01	1.507e-01
195372.50	3.878e-02	8.294e-01	-7.363e-01
195373.50	1.901e-02	6.173e-01	3.043e-01
195374.50	3.014e-02	8.794e-01	2.170e-01
195375.50	1.440e-02	5.414e-01	2.938e-01
195376.50	3.082e-02	7.651e-01	1.008e-01
195377.50	3.955e-02	9.456e-01	-1.277e-01
195378.50	3.187e-02	7.488e-01	-4.032e-01
195379.50	2.659e-02	6.384e-01	-7.373e-02
195380.50	1.546e-02	4.435e-01	1.334e-01
195381.50	2.266e-02	7.498e-01	5.530e-01
195382.50	7.478e-03	1.997e-01	-2.851e-01
195383.50	5.328e-02	1.200e+00	-3.830e-01
195384.50	2.832e-02	6.787e-01	-1.200e-01
195385.50	1.229e-02	4.570e-01	2.813e-01
195386.50	1.546e-02	4.944e-01	4.416e-01
195387.50	5.904e-03	1.632e-01	-1.344e-01
195388.50	2.736e-02	6.662e-01	-1.478e-01
195389.50	9.024e-03	1.901e-01	-7.459e-02
195390.50	1.267e-03	8.765e-02	-9.139e-02
195391.50	3.408e-02	8.285e-01	-1.094e-01
195392.50	1.910e-02	3.994e-01	-9.888e-02
195393.50	9.514e-03	2.707e-01	-1.632e-01
195394.50	2.678e-02	6.778e-01	-1.277e-01
195395.50	1.181e-02	3.149e-01	-8.352e-02
195396.50	2.486e-04	8.054e-02	3.034e-01
195397.50	3.053e-02	7.248e-01	-1.123e-01
195398.50	2.266e-02	5.174e-01	-2.592e-01
195399.50	1.392e-03	7.450e-03	-4.118e-01
195400.50	1.152e-02	2.774e-01	-4.560e-02
195401.50	-3.523e-03	-2.698e-02	1.517e-01
195402.50	-5.136e-03	-1.958e-01	-1.574e-01
195403.50	2.534e-02	6.960e-01	3.725e-01
195404.50	1.920e-02	4.387e-01	1.661e-01
195405.50	6.230e-03	1.718e-01	4.214e-02
195406.50	6.355e-03	1.459e-01	-1.421e-01
195407.50	1.181e-02	3.926e-01	1.459e-01
195408.50	-1.766e-04	5.626e-02	1.354e-01
195409.50	2.218e-02	5.539e-01	1.824e-01
195410.50	5.712e-03	9.370e-02	-1.536e-01
195411.50	4.195e-03	1.046e-01	-2.314e-02
195412.50	6.576e-03	1.949e-01	1.238e-01
195413.50	6.749e-03	2.477e-01	2.342e-01
195414.50	1.613e-02	2.890e-01	-3.005e-01
195415.50	8.928e-03	2.774e-01	-6.403e-02
195416.50	8.928e-03	2.899e-01	1.738e-01
195417.50	3.850e-03	1.699e-01	9.475e-02
195418.50	-4.109e-03	-1.450e-01	-1.402e-01
195419.50	-6.499e-03	-1.901e-01	-2.813e-02
195420.50	5.059e-03	9.792e-02	-3.638e-02
195421.50	-7.162e-03	-9.888e-02	1.114e-01
195422.50	1.469e-02	2.765e-01	-6.422e-02
195423.50	-2.640e-03	-7.114e-02	-9.005e-02
195424.50	-3.418e-03	-3.408e-02	-4.666e-02
195425.50	2.563e-02	6.586e-01	1.613e-01
195426.50	5.338e-04	1.133e-01	3.312e-01
195427.50	-7.478e-03	-9.350e-02	-4.032e-02
195428.50	-2.314e-04	-8.563e-02	-4.349e-01
195429.50	3.571e-03	6.950e-02	6.778e-02
195430.50	2.150e-02	5.328e-01	3.149e-02
195431.50	-3.120e-03	-7.738e-02	1.440e-01
195432.50	1.142e-02	3.082e-01	5.990e-02
195433.50	1.382e-02	3.504e-01	-2.093e-02
195434.50	-1.334e-02	-3.360e-01	-8.246e-02
195435.50	-1.968e-04	-8.304e-03	-7.440e-02
195436.50	1.075e-02	2.304e-01	-9.245e-02
195437.50	-9.696e-03	-2.141e-01	-1.786e-01
195438.50	4.781e-03	1.267e-01	-1.709e-01
195439.50	9.437e-03	2.314e-01	-7.258e-03
195440.50	1.037e-02	2.102e-01	-3.667e-02
195441.50	2.198e-03	6.336e-02	1.440e-01
195442.50	1.536e-03	5.606e-02	3.158e-02
195443.50	1.018e-03	7.584e-02	1.978e-01
195444.50	-4.560e-03	-1.430e-01	-1.142e-01
195445.50	-3.658e-03	-3.494e-02	-3.322e-02
195446.50	-1.027e-02	-2.573e-01	7.334e-02
195447.50	-2.669e-04	3.005e-02	3.456e-02
195448.50	1.075e-02	2.957e-01	-2.256e-02
195449.50	-3.034e-04	2.198e-02	1.949e-01
195450.50	1.718e-02	4.666e-01	-4.406e-02
195451.50	-9.091e-03	-1.891e-01	1.008e-01
195452.50	5.798e-03	1.776e-01	9.350e-02
195453.50	1.421e-02	3.101e-01	-4.886e-02
195454.50	-1.862e-03	-1.296e-02	2.237e-01
195455.50	2.678e-03	6.048e-02	5.568e-02
195456.50	-5.606e-03	-1.248e-01	-1.997e-02
195457.50	-2.429e-03	9.062e-03	3.955e-02
195458.50	2.189e-03	1.229e-01	5.981e-02
195459.50	2.928e-02	1.325e-02	-1.536e-01
195460.50	1.056e-02	7.632e-02	2.717e-02
195461.50	5.645e-03	6.115e-03	-1.718e-01
195462.50	-4.013e-03	1.373e-02	9.696e-02
195463.50	-4.531e-03	6.557e-02	8.746e-02
195464.50	-1.411e-03	5.242e-02	-2.506e-01
195465.50	-1.229e-02	-2.256e-01	9.984e-02
195466.50	-1.200e-02	-1.114e-01	1.181e-01
195467.50	7.190e-03	2.160e-01	2.410e-02
195468.50	3.542e-03	8.419e-02	-3.763e-03
195469.50	-2.189e-04	-3.446e-02	-1.066e-01
195470.50	1.930e-02	1.699e-01	-6.566e-02
195471.50	-5.434e-02	-4.358e-01	3.370e-01
195472.50	-3.888e-02	-2.640e-01	6.826e-02
195473.50	1.603e-02	1.382e-01	-2.448e-01
195474.50	1.546e-04	-4.771e-02	-2.150e-01
195475.50	1.786e-03	-2.054e-02	7.968e-02
195476.50	5.693e-03	5.981e-02	5.011e-02
195477.50	7.018e-03	1.219e-01	5.146e-02
195478.50	4.982e-03	1.133e-01	-6.355e-02
195479.50	-5.597e-04	1.094e-03	5.328e-02
195480.50	3.466e-03	-2.400e-02	-3.965e-02
195481.50	1.229e-03	1.152e-03	9.302e-02
195482.50	4.416e-04	4.694e-02	1.709e-01
195483.50	7.104e-03	1.690e-01	-2.160e-03
195484.50	8.400e-03	1.786e-01	-1.747e-02
195485.50	-7.325e-03	-1.402e-01	-1.229e-02
195486.50	-8.506e-03	-1.200e-01	1.162e-01
195487.50	-6.509e-03	-9.888e-02	4.445e-02
195488.50	2.525e-03	6.912e-02	-8.218e-02
195489.50	4.896e-03	5.165e-02	3.216e-02
195490.50	3.331e-03	6.154e-02	9.984e-02
195491.50	-2.496e-03	-4.406e-02	-1.104e-01
195492.50	-1.728e-03	-5.962e-02	-4.694e-02
195493.50	2.314e-03	6.538e-02	2.102e-02
195494.50	1.354e-02	2.074e-01	-4.598e-02
195495.50	8.803e-03	1.459e-01	-1.440e-02
195496.50	6.835e-03	1.334e-01	9.552e-02
195497.50	-2.160e-03	1.027e-02	1.037e-02
195498.50	3.053e-03	5.328e-02	-5.722e-02
195499.50	5.731e-03	1.613e-01	1.498e-02
195500.50	9.696e-03	1.498e-01	-1.229e-01
195501.50	2.189e-03	-1.517e-02	-4.358e-02
195502.50	-1.142e-03	-3.130e-02	1.238e-01
195503.50	-4.627e-03	-1.133e-01	-4.877e-03
195504.50	-3.715e-03	-9.293e-02	4.906e-02
195505.50	6.154e-04	1.642e-02	1.306e-02
195506.50	2.256e-03	7.171e-02	1.296e-01
195507.50	2.237e-03	2.448e-02	-9.696e-03
195508.50	-5.933e-03	-1.229e-01	-4.579e-02
195509.50	5.491e-03	6.998e-02	-1.584e-01
195510.50	-3.322e-03	-2.294e-02	-5.424e-02
195511.50	6.326e-03	1.651e-01	9.888e-02
195512.50	1.872e-03	7.766e-02	-2.458e-03
195513.50	-2.582e-03	-4.637e-02	-3.264e-02
195514.50	-5.731e-03	-1.286e-01	8.083e-02
195515.50	8.842e-04	4.896e-02	3.571e-02
195516.50	6.634e-04	-5.904e-03	-8.390e-02
195517.50	3.533e-03	7.037e-02	-9.293e-03
195518.50	-2.448e-03	-4.848e-02	4.426e-03
195519.50	-3.293e-03	-9.302e-02	-2.026e-02
195520.50	5.712e-03	1.738e-01	7.258e-02
195521.50	-1.402e-03	-7.872e-03	-7.085e-02
195522.50	7.344e-03	1.546e-01	-4.070e-02
195523.50	-1.920e-03	-9.235e-03	1.123e-01
195524.50	1.306e-03	1.565e-02	3.091e-02
195525.50	5.280e-03	9.533e-02	-7.085e-02
195526.50	-8.083e-04	-5.117e-02	3.034e-02
195527.50	-4.022e-03	-8.352e-02	3.446e-02
195528.50	-3.974e-03	-5.530e-02	-4.762e-03
195529.50	6.336e-03	1.296e-01	-7.421e-02
195530.50	-4.051e-03	-1.104e-01	-7.200e-02
195531.50	-2.093e-03	-5.942e-02	1.786e-02
195532.50	3.245e-03	1.008e-01	1.354e-01
195533.50	-3.149e-03	-7.709e-02	-1.430e-01
195534.50	-8.573e-04	-7.114e-02	-9.571e-02
195535.50	3.571e-03	9.696e-02	-5.462e-02
195536.50	2.765e-03	1.661e-02	-7.690e-03
195537.50	1.075e-03	-1.344e-02	-1.814e-01
195538.50	-2.966e-03	-2.707e-02	8.678e-03
195539.50	-2.102e-03	-1.296e-02	1.037e-01
195540.50	7.018e-03	1.622e-01	3.456e-02
195541.50	2.150e-03	8.141e-03	5.194e-02
195542.50	-2.784e-03	-2.659e-02	-6.144e-03
195543.50	3.398e-03	1.190e-01	-2.323e-02
195544.50	-4.416e-03	-1.085e-01	8.141e-02
195545.50	-7.526e-04	-6.806e-02	-1.526e-01
195546.50	2.976e-04	4.272e-02	1.517e-01
195547.50	4.205e-04	2.659e-02	2.554e-02
195548.50	-3.619e-03	-7.104e-02	-7.507e-03
195549.50	-1.891e-04	-1.834e-02	3.533e-02
195550.50	5.318e-03	8.822e-02	-5.050e-02
195551.50	1.142e-03	7.622e-03	2.506e-02
195552.50	-2.294e-03	-4.387e-02	8.726e-02
195553.50	-3.773e-03	-5.866e-02	2.678e-02
195554.50	3.725e-03	1.027e-01	4.694e-02
195555.50	5.414e-04	-1.430e-02	-2.899e-03
195556.50	-3.293e-03	-1.046e-01	-3.494e-02
195557.50	5.558e-04	1.094e-02	-6.557e-02
195558.50	6.048e-04	3.485e-03	1.795e-02
195559.50	-1.872e-03	-5.184e-03	6.182e-02
195560.50	1.027e-03	3.206e-02	-8.554e-02
195561.50	4.454e-03	9.139e-02	-1.094e-01
195562.50	-7.718e-03	-1.574e-01	-1.306e-01
195563.50	-5.914e-03	-1.123e-01	6.624e-02
195564.50	2.160e-03	1.037e-01	6.941e-02
195565.50	3.984e-04	2.707e-02	-3.379e-02
195566.50	-3.878e-03	-6.144e-02	3.542e-02
195567.50	-7.075e-04	-2.074e-02	2.218e-02
195568.50	-5.971e-03	-1.104e-01	1.133e-01
195569.50	4.445e-03	8.938e-02	-9.984e-02
195570.50	2.554e-03	3.254e-02	-4.886e-02
195571.50	6.029e-03	9.888e-02	-1.142e-01
195572.50	4.387e-03	1.066e-01	1.181e-02
195573.50	-6.173e-03	-1.162e-01	9.168e-02
195574.50	1.123e-03	3.034e-02	3.638e-02
195575.50	-2.726e-04	-2.160e-02	-6.691e-02
195576.50	-6.422e-03	-1.594e-01	-2.170e-02
195577.50	1.402e-03	1.258e-02	-1.382e-02
195578.50	-1.910e-03	-5.894e-02	-1.008e-02
195579.50	-6.701e-04	-2.035e-02	3.120e-02
195580.50	5.126e-04	2.842e-02	4.474e-02
195581.50	1.286e-03	6.000e-03	-8.966e-02
195582.50	-6.624e-04	2.333e-02	-1.382e-02
195583.50	5.174e-03	6.941e-02	-1.766e-02
195584.50	1.632e-03	-1.565e-02	2.429e-02
195585.50	-2.736e-03	-9.418e-03	-2.256e-02
195586.50	5.280e-03	1.133e-01	-5.789e-02
195587.50	-4.166e-03	-9.600e-02	4.243e-02
195588.50	-2.419e-03	-7.747e-02	6.816e-02
195589.50	2.179e-03	7.469e-02	2.304e-02
195590.50	-3.206e-03	-5.078e-02	-1.546e-02
195591.50	-9.888e-04	-9.072e-03	-1.066e-02
195592.50	3.370e-03	4.896e-02	-1.459e-02
195593.50	9.888e-05	8.246e-03	-5.290e-02
195594.50	3.446e-03	8.035e-02	-1.018e-01
195595.50	5.174e-04	6.557e-02	1.344e-01
195596.50	5.597e-04	4.723e-02	1.392e-01
195597.50	-6.038e-06	-1.958e-02	-2.621e-02
195598.50	-4.272e-04	-4.234e-02	-8.995e-02
195599.50	1.565e-03	4.838e-02	-1.238e-02
195600.50	-4.003e-04	1.008e-03	3.043e-02
195601.50	-1.440e-03	-1.939e-02	-1.651e-03
195602.50	6.346e-04	-4.570e-02	-9.389e-02
195603.50	-2.794e-03	-2.381e-02	-1.085e-02
195604.50	2.755e-03	8.707e-02	4.790e-02
195605.50	-4.541e-03	-9.792e-02	-3.254e-02
195606.50	-2.160e-03	-5.520e-02	-2.064e-02
195607.50	-2.458e-04	-3.840e-02	6.298e-02
195608.50	2.342e-04	1.546e-02	-1.354e-02
195609.50	-2.726e-04	-3.859e-02	-8.813e-03
195610.50	3.283e-03	9.485e-02	1.555e-02
195611.50	1.901e-03	5.702e-02	4.579e-02
195612.50	1.853e-03	6.451e-02	1.930e-02
195613.50	-1.373e-03	-4.003e-02	5.990e-03
195614.50	4.406e-03	1.469e-01	2.035e-02
195615.50	2.650e-03	5.558e-02	-3.101e-02
195616.50	-4.733e-03	-9.206e-02	-5.318e-02
195617.50	2.170e-03	5.098e-02	5.933e-02
195618.50	-1.968e-03	-6.883e-02	-5.347e-02
195619.50	-4.118e-03	-9.456e-02	6.480e-04
195620.50	3.014e-03	7.872e-02	7.142e-02
195621.50	2.179e-03	2.534e-02	-3.398e-02
195622.50	4.982e-04	2.170e-02	3.014e-02
195623.50	1.296e-03	1.930e-02	2.986e-02
195624.50	-2.131e-03	-2.784e-02	6.365e-02
195625.50	1.661e-03	-1.306e-02	2.093e-02
195626.50	-6.115e-03	-4.570e-03	-3.398e-02
195627.50	1.776e-03	8.928e-03	-7.574e-02
195628.50	-3.293e-04	-3.994e-02	-4.752e-02
195629.50	2.294e-03	2.707e-02	-1.286e-02
195630.50	3.187e-03	5.242e-03	1.229e-02
195631.50	3.360e-04	2.870e-02	-7.536e-02
195632.50	-3.706e-03	-8.774e-03	3.072e-02
195633.50	-2.486e-04	-9.418e-03	-4.474e-02
195634.50	1.747e-03	2.611e-02	4.061e-02
195635.50	4.742e-04	-4.493e-03	3.456e-02
195636.50	2.150e-03	3.542e-02	-5.914e-02
