195038.50	0.000e+00	0.000e+00	0.000e+00
195039.50	0.000e+00	0.000e+00	0.000e+00
195040.50	0.000e+00	0.000e+00	0.000e+00
195041.50	0.000e+00	0.000e+00	0.000e+00
195042.50	0.000e+00	0.000e+00	0.000e+00
195043.50	0.000e+00	0.000e+00	0.000e+00
195044.50	0.000e+00	0.000e+00	0.000e+00
195045.50	0.000e+00	0.000e+00	0.000e+00
195046.50	0.000e+00	0.000e+00	0.000e+00
195047.50	0.000e+00	0.000e+00	0.000e+00
195048.50	0.000e+00	0.000e+00	0.000e+00
195049.50	0.000e+00	0.000e+00	0.000e+00
195050.50	0.000e+00	0.000e+00	0.000e+00
195051.50	0.000e+00	0.000e+00	0.000e+00
195052.50	0.000e+00	0.000e+00	0.000e+00
195053.50	0.000e+00	0.000e+00	0.000e+00
195054.50	0.000e+00	0.000e+00	0.000e+00
195055.50	0.000e+00	0.000e+00	0.000e+00
195056.50	0.000e+00	0.000e+00	0.000e+00
195057.50	0.000e+00	0.000e+00	0.000e+00
195058.50	0.000e+00	0.000e+00	0.000e+00
195059.50	0.000e+00	0.000e+00	0.000e+00
195060.50	0.000e+00	0.000e+00	0.000e+00
195061.50	0.000e+00	0.000e+00	0.000e+00
195062.50	0.000e+00	0.000e+00	0.000e+00
195063.50	0.000e+00	0.000e+00	0.000e+00
195064.50	0.000e+00	0.000e+00	0.000e+00
195065.50	0.000e+00	0.000e+00	0.000e+00
195066.50	0.000e+00	0.000e+00	0.000e+00
195067.50	0.000e+00	0.000e+00	0.000e+00
195068.50	0.000e+00	0.000e+00	0.000e+00
195069.50	0.000e+00	0.000e+00	0.000e+00
195070.50	0.000e+00	0.000e+00	0.000e+00
195071.50	0.000e+00	0.000e+00	0.000e+00
195072.50	0.000e+00	0.000e+00	0.000e+00
195073.50	0.000e+00	0.000e+00	0.000e+00
195074.50	0.000e+00	0.000e+00	0.000e+00
195075.50	0.000e+00	0.000e+00	0.000e+00
195076.50	0.000e+00	0.000e+00	0.000e+00
195077.50	0.000e+00	0.000e+00	0.000e+00
195078.50	0.000e+00	0.000e+00	0.000e+00
195079.50	0.000e+00	0.000e+00	0.000e+00
195080.50	0.000e+00	0.000e+00	0.000e+00
195081.50	0.000e+00	0.000e+00	0.000e+00
195082.50	0.000e+00	0.000e+00	0.000e+00
195083.50	0.000e+00	0.000e+00	0.000e+00
195084.50	0.000e+00	0.000e+00	0.000e+00
195085.50	0.000e+00	0.000e+00	0.000e+00
195086.50	0.000e+00	0.000e+00	0.000e+00
195087.50	0.000e+00	0.000e+00	0.000e+00
195088.50	0.000e+00	0.000e+00	0.000e+00
195089.50	0.000e+00	0.000e+00	0.000e+00
195090.50	0.000e+00	0.000e+00	0.000e+00
195091.50	0.000e+00	0.000e+00	0.000e+00
195092.50	0.000e+00	0.000e+00	0.000e+00
195093.50	0.000e+00	0.000e+00	0.000e+00
195094.50	0.000e+00	0.000e+00	0.000e+00
195095.50	0.000e+00	0.000e+00	0.000e+00
195096.50	0.000e+00	0.000e+00	0.000e+00
195097.50	0.000e+00	0.000e+00	0.000e+00
195098.50	0.000e+00	0.000e+00	0.000e+00
195099.50	0.000e+00	0.000e+00	0.000e+00
195100.50	0.000e+00	0.000e+00	0.000e+00
195101.50	0.000e+00	0.000e+00	0.000e+00
195102.50	0.000e+00	0.000e+00	0.000e+00
195103.50	0.000e+00	0.000e+00	0.000e+00
195104.50	0.000e+00	0.000e+00	0.000e+00
195105.50	0.000e+00	0.000e+00	0.000e+00
195106.50	0.000e+00	0.000e+00	0.000e+00
195107.50	0.000e+00	0.000e+00	0.000e+00
195108.50	0.000e+00	0.000e+00	0.000e+00
195109.50	0.000e+00	0.000e+00	0.000e+00
195110.50	0.000e+00	0.000e+00	0.000e+00
195111.50	0.000e+00	0.000e+00	0.000e+00
195112.50	0.000e+00	0.000e+00	0.000e+00
195113.50	0.000e+00	0.000e+00	0.000e+00
195114.50	0.000e+00	0.000e+00	0.000e+00
195115.50	0.000e+00	0.000e+00	0.000e+00
195116.50	0.000e+00	0.000e+00	0.000e+00
195117.50	0.000e+00	0.000e+00	0.000e+00
195118.50	0.000e+00	0.000e+00	0.000e+00
195119.50	0.000e+00	0.000e+00	0.000e+00
195120.50	0.000e+00	0.000e+00	0.000e+00
195121.50	0.000e+00	0.000e+00	0.000e+00
195122.50	0.000e+00	0.000e+00	0.000e+00
195123.50	0.000e+00	0.000e+00	0.000e+00
195124.50	0.000e+00	0.000e+00	0.000e+00
195125.50	0.000e+00	0.000e+00	0.000e+00
195126.50	0.000e+00	0.000e+00	0.000e+00
195127.50	0.000e+00	0.000e+00	0.000e+00
195128.50	0.000e+00	0.000e+00	0.000e+00
195129.50	0.000e+00	0.000e+00	0.000e+00
195130.50	0.000e+00	0.000e+00	0.000e+00
195131.50	0.000e+00	0.000e+00	0.000e+00
195132.50	0.000e+00	0.000e+00	0.000e+00
195133.50	0.000e+00	0.000e+00	0.000e+00
195134.50	0.000e+00	0.000e+00	0.000e+00
195135.50	0.000e+00	0.000e+00	0.000e+00
195136.50	0.000e+00	0.000e+00	0.000e+00
195137.50	0.000e+00	0.000e+00	0.000e+00
195138.50	0.000e+00	0.000e+00	0.000e+00
195139.50	0.000e+00	0.000e+00	0.000e+00
195140.50	0.000e+00	0.000e+00	0.000e+00
195141.50	0.000e+00	0.000e+00	0.000e+00
195142.50	0.000e+00	0.000e+00	0.000e+00
195143.50	0.000e+00	0.000e+00	0.000e+00
195144.50	0.000e+00	0.000e+00	0.000e+00
195145.50	0.000e+00	0.000e+00	0.000e+00
195146.50	0.000e+00	0.000e+00	0.000e+00
195147.50	0.000e+00	0.000e+00	0.000e+00
195148.50	0.000e+00	0.000e+00	0.000e+00
195149.50	0.000e+00	0.000e+00	0.000e+00
195150.50	0.000e+00	0.000e+00	0.000e+00
195151.50	0.000e+00	0.000e+00	0.000e+00
195152.50	0.000e+00	0.000e+00	0.000e+00
195153.50	0.000e+00	0.000e+00	0.000e+00
195154.50	0.000e+00	0.000e+00	0.000e+00
195155.50	0.000e+00	0.000e+00	0.000e+00
195156.50	0.000e+00	0.000e+00	0.000e+00
195157.50	0.000e+00	0.000e+00	0.000e+00
195158.50	0.000e+00	0.000e+00	0.000e+00
195159.50	0.000e+00	0.000e+00	0.000e+00
195160.50	0.000e+00	0.000e+00	0.000e+00
195161.50	0.000e+00	0.000e+00	0.000e+00
195162.50	0.000e+00	0.000e+00	0.000e+00
195163.50	0.000e+00	0.000e+00	0.000e+00
195164.50	0.000e+00	0.000e+00	0.000e+00
195165.50	0.000e+00	0.000e+00	0.000e+00
195166.50	0.000e+00	0.000e+00	0.000e+00
195167.50	0.000e+00	0.000e+00	0.000e+00
195168.50	0.000e+00	0.000e+00	0.000e+00
195169.50	0.000e+00	0.000e+00	0.000e+00
195170.50	0.000e+00	0.000e+00	0.000e+00
195171.50	0.000e+00	0.000e+00	0.000e+00
195172.50	0.000e+00	0.000e+00	0.000e+00
195173.50	0.000e+00	0.000e+00	0.000e+00
195174.50	0.000e+00	0.000e+00	0.000e+00
195175.50	0.000e+00	0.000e+00	0.000e+00
195176.50	0.000e+00	0.000e+00	0.000e+00
195177.50	0.000e+00	0.000e+00	0.000e+00
195178.50	0.000e+00	0.000e+00	0.000e+00
195179.50	0.000e+00	0.000e+00	0.000e+00
195180.50	0.000e+00	0.000e+00	0.000e+00
195181.50	0.000e+00	0.000e+00	0.000e+00
195182.50	0.000e+00	0.000e+00	0.000e+00
195183.50	0.000e+00	0.000e+00	0.000e+00
195184.50	0.000e+00	0.000e+00	0.000e+00
195185.50	0.000e+00	0.000e+00	0.000e+00
195186.50	0.000e+00	0.000e+00	0.000e+00
195187.50	0.000e+00	0.000e+00	0.000e+00
195188.50	0.000e+00	0.000e+00	0.000e+00
195189.50	0.000e+00	0.000e+00	0.000e+00
195190.50	0.000e+00	0.000e+00	0.000e+00
195191.50	0.000e+00	0.000e+00	0.000e+00
195192.50	0.000e+00	0.000e+00	0.000e+00
195193.50	0.000e+00	0.000e+00	0.000e+00
195194.50	0.000e+00	0.000e+00	0.000e+00
195195.50	0.000e+00	0.000e+00	0.000e+00
195196.50	0.000e+00	0.000e+00	0.000e+00
195197.50	0.000e+00	0.000e+00	0.000e+00
195198.50	0.000e+00	0.000e+00	0.000e+00
195199.50	0.000e+00	0.000e+00	0.000e+00
195200.50	0.000e+00	0.000e+00	0.000e+00
195201.50	0.000e+00	0.000e+00	0.000e+00
195202.50	0.000e+00	0.000e+00	0.000e+00
195203.50	0.000e+00	0.000e+00	0.000e+00
195204.50	0.000e+00	0.000e+00	0.000e+00
195205.50	0.000e+00	0.000e+00	0.000e+00
195206.50	0.000e+00	0.000e+00	0.000e+00
195207.50	0.000e+00	0.000e+00	0.000e+00
195208.50	0.000e+00	0.000e+00	0.000e+00
195209.50	0.000e+00	0.000e+00	0.000e+00
195210.50	0.000e+00	0.000e+00	0.000e+00
195211.50	0.000e+00	0.000e+00	0.000e+00
195212.50	0.000e+00	0.000e+00	0.000e+00
195213.50	0.000e+00	0.000e+00	0.000e+00
195214.50	0.000e+00	0.000e+00	0.000e+00
195215.50	0.000e+00	0.000e+00	0.000e+00
195216.50	0.000e+00	0.000e+00	0.000e+00
195217.50	0.000e+00	0.000e+00	0.000e+00
195218.50	0.000e+00	0.000e+00	0.000e+00
195219.50	0.000e+00	0.000e+00	0.000e+00
195220.50	0.000e+00	0.000e+00	0.000e+00
195221.50	0.000e+00	0.000e+00	0.000e+00
195222.50	0.000e+00	0.000e+00	0.000e+00
195223.50	0.000e+00	0.000e+00	0.000e+00
195224.50	0.000e+00	0.000e+00	0.000e+00
195225.50	0.000e+00	0.000e+00	0.000e+00
195226.50	0.000e+00	0.000e+00	0.000e+00
195227.50	0.000e+00	0.000e+00	0.000e+00
195228.50	0.000e+00	0.000e+00	0.000e+00
195229.50	0.000e+00	0.000e+00	0.000e+00
195230.50	0.000e+00	0.000e+00	0.000e+00
195231.50	0.000e+00	0.000e+00	0.000e+00
195232.50	0.000e+00	0.000e+00	0.000e+00
195233.50	0.000e+00	0.000e+00	0.000e+00
195234.50	0.000e+00	0.000e+00	0.000e+00
195235.50	0.000e+00	0.000e+00	0.000e+00
195236.50	0.000e+00	0.000e+00	0.000e+00
195237.50	0.000e+00	0.000e+00	0.000e+00
195238.50	0.000e+00	0.000e+00	0.000e+00
195239.50	0.000e+00	0.000e+00	0.000e+00
195240.50	0.000e+00	0.000e+00	0.000e+00
195241.50	0.000e+00	0.000e+00	0.000e+00
195242.50	0.000e+00	0.000e+00	0.000e+00
195243.50	0.000e+00	0.000e+00	0.000e+00
195244.50	0.000e+00	0.000e+00	0.000e+00
195245.50	0.000e+00	0.000e+00	0.000e+00
195246.50	0.000e+00	0.000e+00	0.000e+00
195247.50	0.000e+00	0.000e+00	0.000e+00
195248.50	0.000e+00	0.000e+00	0.000e+00
195249.50	0.000e+00	0.000e+00	0.000e+00
195250.50	0.000e+00	0.000e+00	0.000e+00
195251.50	0.000e+00	0.000e+00	0.000e+00
195252.50	0.000e+00	0.000e+00	0.000e+00
195253.50	0.000e+00	0.000e+00	0.000e+00
195254.50	0.000e+00	0.000e+00	0.000e+00
195255.50	0.000e+00	0.000e+00	0.000e+00
195256.50	0.000e+00	0.000e+00	0.000e+00
195257.50	0.000e+00	0.000e+00	0.000e+00
195258.50	0.000e+00	0.000e+00	0.000e+00
195259.50	0.000e+00	0.000e+00	0.000e+00
195260.50	0.000e+00	0.000e+00	0.000e+00
195261.50	0.000e+00	0.000e+00	0.000e+00
195262.50	0.000e+00	0.000e+00	0.000e+00
195263.50	0.000e+00	0.000e+00	0.000e+00
195264.50	0.000e+00	0.000e+00	0.000e+00
195265.50	0.000e+00	0.000e+00	0.000e+00
195266.50	0.000e+00	0.000e+00	0.000e+00
195267.50	0.000e+00	0.000e+00	0.000e+00
195268.50	0.000e+00	0.000e+00	0.000e+00
195269.50	0.000e+00	0.000e+00	0.000e+00
195270.50	0.000e+00	0.000e+00	0.000e+00
195271.50	0.000e+00	0.000e+00	0.000e+00
195272.50	0.000e+00	0.000e+00	0.000e+00
195273.50	0.000e+00	0.000e+00	0.000e+00
195274.50	0.000e+00	0.000e+00	0.000e+00
195275.50	0.000e+00	0.000e+00	0.000e+00
195276.50	0.000e+00	0.000e+00	0.000e+00
195277.50	0.000e+00	0.000e+00	0.000e+00
195278.50	0.000e+00	0.000e+00	0.000e+00
195279.50	0.000e+00	0.000e+00	0.000e+00
195280.50	0.000e+00	0.000e+00	0.000e+00
195281.50	-2.131e-05	3.754e-04	-6.998e-04
195282.50	6.874e-05	1.872e-03	1.901e-03
195283.50	-8.506e-06	-8.803e-04	-1.968e-04
195284.50	6.173e-05	4.426e-03	9.293e-04
195285.50	-1.488e-05	-4.282e-03	4.282e-04
195286.50	-2.275e-04	1.018e-03	-6.989e-03
195287.50	1.622e-04	5.587e-04	6.115e-03
195288.50	-3.485e-04	1.901e-02	-9.792e-03
195289.50	-2.621e-05	-1.344e-02	-8.362e-04
195290.50	9.398e-04	-7.603e-02	3.062e-02
195291.50	-6.902e-03	-5.923e-01	-2.813e-01
195292.50	8.592e-04	-3.149e+00	2.861e-02
195293.50	9.072e-02	-1.661e+01	3.533e+00
195294.50	1.834e-01	-3.888e+01	6.864e+00
195295.50	3.955e-01	-7.296e+01	1.440e+01
195296.50	8.554e-01	-1.200e+02	3.053e+01
195297.50	1.181e+00	-1.661e+02	4.099e+01
195298.50	9.600e-01	-1.690e+02	3.206e+01
195299.50	6.173e-01	-1.968e+02	1.882e+01
195300.50	9.600e-01	-1.123e+02	3.014e+01
195301.50	3.254e-02	-4.454e+01	-1.680e+00
195302.50	2.822e-01	-1.267e+01	7.277e+00
195303.50	-1.498e-01	6.902e+00	-6.624e+00
195304.50	2.947e-02	3.658e+01	-9.014e-01
195305.50	-4.752e-01	3.850e+01	-1.709e+01
195306.50	-3.322e-01	3.830e+01	-1.162e+01
195307.50	-3.139e-01	5.050e+01	-1.114e+01
195308.50	-1.584e-01	4.627e+01	-6.067e+00
195309.50	-2.822e-01	4.358e+01	-9.533e+00
195310.50	-3.715e-01	3.936e+01	-1.229e+01
195311.50	-3.331e-01	4.339e+01	-1.142e+01
195312.50	-1.488e-01	3.821e+01	-5.098e+00
195313.50	-2.266e-01	3.264e+01	-7.584e+00
195314.50	-1.613e-01	2.957e+01	-5.520e+00
195315.50	-1.382e-01	3.245e+01	-4.522e+00
195316.50	-1.459e-01	2.909e+01	-4.906e+00
195317.50	-1.882e-01	2.563e+01	-6.010e+00
195318.50	-1.824e-01	2.438e+01	-5.712e+00
195319.50	-1.027e-01	2.333e+01	-2.928e+00
195320.50	-1.949e-01	2.371e+01	-6.038e+00
195321.50	-2.448e-02	1.978e+01	-7.546e-01
195322.50	-7.517e-02	1.882e+01	-2.237e+00
195323.50	-5.299e-02	1.555e+01	-1.526e+00
195324.50	-8.602e-02	1.459e+01	-2.794e+00
195325.50	-5.798e-02	1.594e+01	-1.680e+00
195326.50	-4.867e-02	1.142e+01	-1.440e+00
195327.50	-2.554e-02	1.392e+01	-9.504e-01
195328.50	-5.395e-02	1.210e+01	-1.757e+00
195329.50	-5.558e-02	1.181e+01	-1.718e+00
195330.50	-5.328e-02	1.066e+01	-1.382e+00
195331.50	-1.171e-01	1.037e+01	-3.686e+00
195332.50	-4.829e-02	1.094e+01	-1.459e+00
195333.50	-4.320e-02	1.037e+01	-1.402e+00
195334.50	-1.853e-02	6.950e+00	-4.723e-01
195335.50	-5.885e-02	8.093e+00	-1.795e+00
195336.50	-3.514e-02	8.237e+00	-1.008e+00
195337.50	-8.429e-02	7.738e+00	-2.611e+00
195338.50	-4.589e-02	5.366e+00	-1.190e+00
195339.50	-7.517e-03	6.355e+00	-2.131e-01
195340.50	-1.632e-03	6.000e+00	7.507e-02
195341.50	-2.256e-02	7.056e+00	-7.757e-01
195342.50	-1.334e-02	6.134e+00	-3.850e-01
195343.50	-3.994e-02	3.926e+00	-1.152e+00
195344.50	-2.554e-02	3.533e+00	-7.574e-01
195345.50	-4.061e-02	4.416e+00	-1.171e+00
195346.50	5.750e-03	4.387e+00	1.728e-01
195347.50	-2.054e-02	4.944e+00	-4.906e-01
195348.50	-5.232e-04	3.850e+00	1.018e-01
195349.50	-1.661e-02	4.666e+00	-4.166e-01
195350.50	-1.555e-02	3.907e+00	-4.253e-01
195351.50	1.267e-02	3.802e+00	5.779e-01
195352.50	-1.987e-02	3.360e+00	-6.211e-01
195353.50	3.216e-03	2.438e+00	1.546e-01
195354.50	-1.478e-02	3.254e+00	-5.712e-01
195355.50	-1.536e-02	3.120e+00	-4.032e-01
195356.50	-7.171e-03	2.390e+00	-1.046e-01
195357.50	-2.851e-02	2.006e+00	-9.696e-01
195358.50	-2.640e-03	2.688e+00	-6.682e-02
195359.50	-1.709e-02	2.371e+00	-3.955e-01
195360.50	-4.138e-03	2.544e+00	-1.046e-01
195361.50	-1.171e-02	2.323e+00	-3.696e-01
195362.50	-2.170e-03	1.882e+00	-1.526e-01
195363.50	-1.498e-02	1.834e+00	-4.637e-01
195364.50	-1.315e-02	2.064e+00	-2.957e-01
195365.50	-9.792e-03	1.152e+00	-3.926e-01
195366.50	-1.632e-02	1.718e+00	-4.320e-01
195367.50	-1.978e-02	1.507e+00	-4.560e-01
195368.50	6.432e-03	1.498e+00	2.640e-01
195369.50	9.984e-03	1.459e+00	3.763e-01
195370.50	-1.075e-02	1.574e+00	-3.888e-01
195371.50	-2.429e-02	1.747e+00	-7.786e-01
195372.50	5.155e-03	1.085e+00	2.006e-01
195373.50	8.141e-03	3.917e-01	2.669e-01
195374.50	-3.552e-02	6.672e-01	-9.187e-01
195375.50	-1.200e-02	1.574e+00	-2.717e-01
195376.50	-1.795e-02	5.722e-01	-6.010e-01
195377.50	3.062e-03	1.344e+00	1.123e-01
195378.50	2.957e-03	9.792e-01	5.942e-02
195379.50	-1.565e-02	2.947e-01	-5.750e-01
195380.50	-2.582e-02	1.133e+00	-7.747e-01
195381.50	4.992e-03	1.306e+00	1.258e-01
195382.50	8.141e-03	7.670e-01	4.128e-01
195383.50	-4.944e-03	6.739e-01	-8.266e-02
195384.50	-1.008e-02	5.683e-01	-3.648e-01
195385.50	4.579e-03	6.298e-01	2.141e-01
195386.50	-5.059e-03	5.731e-01	-9.888e-02
195387.50	-4.339e-03	1.027e+00	-1.622e-01
195388.50	1.008e-02	7.978e-01	3.360e-01
195389.50	-2.150e-02	3.379e-01	-6.451e-01
195390.50	-1.632e-02	2.726e-01	-5.222e-01
195391.50	-9.168e-03	5.760e-01	-2.141e-01
195392.50	-5.050e-03	9.216e-01	-2.026e-01
195393.50	-5.386e-03	1.075e-01	-1.478e-01
195394.50	1.238e-02	9.293e-03	4.790e-01
195395.50	1.258e-02	9.341e-01	4.003e-01
195396.50	-6.509e-03	2.851e-01	-2.726e-01
195397.50	-1.382e-02	4.205e-01	-3.696e-01
195398.50	-4.435e-03	5.981e-01	-1.440e-01
195399.50	-9.888e-03	4.752e-01	-2.870e-01
195400.50	3.024e-03	4.598e-01	1.363e-01
195401.50	-2.640e-02	3.360e-01	-7.987e-01
195402.50	-1.411e-02	1.786e-01	-4.301e-01
195403.50	1.267e-02	4.157e-01	4.032e-01
195404.50	3.936e-03	7.949e-01	1.142e-01
195405.50	-3.619e-03	-1.277e-01	-5.578e-02
195406.50	3.408e-03	3.398e-01	8.266e-02
195407.50	-2.544e-03	4.541e-01	-6.336e-02
195408.50	3.360e-03	6.182e-01	1.709e-01
195409.50	-4.013e-03	-1.920e-01	-5.971e-02
195410.50	7.584e-03	4.416e-01	2.467e-01
195411.50	-1.661e-03	1.171e-01	-7.814e-02
195412.50	-1.094e-02	3.888e-01	-3.562e-01
195413.50	1.142e-02	3.869e-01	3.072e-01
195414.50	-8.640e-03	3.130e-01	-1.709e-01
195415.50	-7.354e-03	1.354e-01	-1.651e-01
195416.50	-6.000e-03	5.040e-01	-1.469e-01
195417.50	1.248e-03	1.046e-01	6.173e-02
195418.50	-2.054e-03	8.717e-02	-1.488e-01
195419.50	2.525e-03	-1.834e-01	8.160e-02
195420.50	-1.469e-03	2.688e-01	-7.862e-02
195421.50	-3.005e-03	3.024e-01	-1.334e-01
195422.50	5.510e-03	6.355e-03	2.659e-01
195423.50	-1.469e-04	-1.075e-01	6.701e-02
195424.50	2.016e-04	1.517e-01	7.046e-03
195425.50	4.992e-03	1.392e-01	6.960e-02
195426.50	-8.909e-03	1.603e-01	-3.168e-01
195427.50	-5.990e-03	4.291e-01	-1.363e-01
195428.50	7.354e-03	2.592e-01	8.986e-02
195429.50	-1.334e-02	2.093e-01	-2.592e-01
195430.50	-7.018e-03	1.622e-01	-1.728e-01
195431.50	-1.661e-05	2.074e-01	-1.498e-03
195432.50	-7.795e-03	8.554e-02	-1.776e-01
195433.50	-4.906e-03	2.390e-01	-1.853e-01
195434.50	-4.426e-03	-1.411e-01	-1.066e-01
195435.50	5.098e-03	4.992e-01	1.680e-01
195436.50	8.064e-04	-6.989e-02	1.622e-02
195437.50	4.742e-04	-1.882e-01	4.310e-02
195438.50	-9.561e-03	-9.206e-02	-3.283e-01
195439.50	1.901e-03	3.062e-01	1.171e-01
195440.50	1.382e-02	9.379e-02	3.437e-01
195441.50	-3.206e-03	1.949e-01	-3.130e-02
195442.50	1.382e-03	6.586e-02	5.990e-02
195443.50	-1.738e-03	1.306e-01	-3.350e-02
195444.50	1.632e-03	1.354e-01	7.133e-02
195445.50	-8.208e-04	1.133e-01	8.170e-02
195446.50	2.515e-03	2.544e-01	7.786e-02
195447.50	4.128e-03	-1.277e-01	7.104e-02
195448.50	3.072e-03	-1.027e-02	1.018e-01
195449.50	-5.741e-03	1.075e-01	-1.613e-01
195450.50	-7.008e-03	8.467e-02	-1.046e-01
195451.50	-4.032e-03	3.792e-03	-9.552e-02
195452.50	-1.603e-03	1.920e-01	-3.552e-02
195453.50	-3.264e-03	3.014e-01	-1.651e-01
195454.50	3.869e-03	1.517e-01	1.094e-01
195455.50	-5.318e-03	3.005e-01	-1.325e-01
195456.50	3.379e-03	-3.955e-02	1.286e-01
195457.50	1.622e-04	-3.254e-02	3.696e-02
195458.50	-3.101e-03	-1.392e-01	-9.792e-02
195459.50	-3.763e-03	5.741e-02	-6.250e-02
195460.50	1.949e-03	4.301e-03	9.197e-02
195461.50	3.984e-03	6.538e-02	1.200e-01
195462.50	1.766e-03	1.920e-01	1.008e-01
195463.50	8.678e-04	1.354e-02	2.621e-02
195464.50	-2.448e-03	1.718e-01	-9.581e-02
195465.50	-1.642e-03	8.525e-02	-5.635e-02
195466.50	-3.024e-03	-4.618e-02	-9.360e-02
195467.50	-2.208e-03	-9.696e-02	-5.942e-02
195468.50	-2.419e-03	2.208e-01	-2.986e-02
195469.50	-2.448e-03	5.376e-02	-9.888e-02
195470.50	-1.306e-03	1.344e-01	-1.190e-01
195471.50	4.387e-05	1.018e-01	5.414e-02
195472.50	-2.726e-03	-2.035e-02	-4.550e-02
195473.50	-7.920e-03	1.248e-02	-2.515e-01
195474.50	2.486e-04	-6.739e-02	-1.978e-03
195475.50	2.986e-03	-6.893e-02	5.194e-02
195476.50	1.891e-03	-1.066e-01	9.792e-02
195477.50	6.115e-03	1.354e-01	1.469e-01
195478.50	-4.166e-04	3.437e-02	4.397e-02
195479.50	-5.491e-03	2.208e-02	-1.834e-01
195480.50	-7.478e-04	1.622e-01	-2.122e-02
195481.50	-4.310e-03	1.690e-01	-9.475e-02
195482.50	-1.882e-03	-5.078e-02	-6.125e-02
195483.50	-3.206e-03	6.298e-02	-9.341e-02
195484.50	3.552e-03	-1.258e-02	6.413e-02
195485.50	1.142e-03	9.091e-02	5.952e-02
195486.50	6.086e-03	2.342e-01	2.054e-01
195487.50	4.013e-03	-2.563e-02	1.238e-01
195488.50	1.517e-03	-5.338e-02	2.467e-02
195489.50	-7.018e-04	-5.270e-02	-4.090e-02
195490.50	-7.814e-03	3.082e-01	-2.419e-01
195491.50	-9.283e-04	1.133e-01	-2.246e-02
195492.50	2.736e-03	-2.803e-02	5.597e-02
195493.50	-3.475e-03	8.899e-02	-8.650e-02
195494.50	2.064e-03	4.195e-02	9.274e-02
195495.50	-4.253e-03	2.256e-03	-1.142e-01
195496.50	5.501e-03	2.986e-02	1.526e-01
195497.50	-2.016e-03	8.592e-02	-1.066e-01
195498.50	-4.963e-03	-1.834e-01	-1.901e-01
195499.50	2.966e-03	9.984e-02	1.421e-01
195500.50	5.174e-04	7.728e-02	3.149e-02
195501.50	-7.661e-04	1.219e-01	-1.930e-02
195502.50	-2.678e-03	6.422e-02	-5.443e-02
195503.50	-4.070e-03	-3.427e-02	-4.550e-02
195504.50	2.765e-03	1.824e-03	8.803e-02
195505.50	7.373e-03	1.085e-01	1.258e-01
195506.50	-4.752e-03	3.754e-02	-1.046e-01
195507.50	-1.680e-03	-1.200e-03	-9.274e-02
195508.50	1.363e-04	-1.037e-01	1.574e-02
195509.50	2.198e-03	7.210e-02	1.027e-01
195510.50	1.594e-03	1.008e-01	1.190e-02
195511.50	-1.162e-03	-1.248e-01	9.187e-03
195512.50	-3.389e-04	-3.562e-02	-3.120e-02
195513.50	2.880e-03	1.027e-01	5.203e-02
195514.50	-1.603e-03	-1.152e-01	3.773e-02
195515.50	8.813e-03	-1.200e-03	2.342e-01
195516.50	-5.568e-03	9.696e-02	-1.018e-01
195517.50	1.834e-03	2.035e-02	3.139e-02
195518.50	1.402e-03	-9.062e-02	5.299e-02
195519.50	-1.565e-03	-2.150e-01	-9.475e-02
195520.50	-2.938e-03	2.035e-03	-1.085e-01
195521.50	5.616e-03	1.680e-01	2.275e-01
195522.50	1.776e-03	7.459e-02	3.408e-02
195523.50	-6.019e-03	-2.054e-02	-1.315e-01
195524.50	2.218e-05	7.430e-02	8.333e-03
195525.50	-1.738e-03	-3.456e-02	-3.898e-02
195526.50	-3.629e-03	4.387e-02	-1.046e-01
195527.50	-5.578e-03	-5.309e-02	-1.354e-01
195528.50	-3.955e-03	8.410e-02	-1.142e-01
195529.50	6.422e-03	4.973e-02	1.786e-01
195530.50	3.082e-03	-4.637e-02	8.400e-02
195531.50	-7.690e-04	-1.363e-02	-2.573e-02
195532.50	-4.474e-03	-7.306e-02	-9.005e-02
195533.50	7.594e-03	-1.459e-02	2.150e-01
195534.50	-5.386e-03	-7.411e-02	-1.450e-01
195535.50	-3.101e-03	-1.152e-02	-8.237e-02
195536.50	-3.082e-03	7.392e-02	-8.746e-02
195537.50	2.669e-03	4.301e-02	6.259e-02
195538.50	-2.861e-03	-4.560e-02	-7.459e-02
195539.50	9.091e-03	-5.827e-03	1.536e-01
195540.50	4.099e-03	-6.586e-02	4.339e-02
195541.50	-1.200e-03	-6.989e-02	-1.872e-02
195542.50	-9.139e-04	1.421e-01	2.438e-02
195543.50	-6.134e-03	-1.171e-02	-1.334e-01
195544.50	-1.891e-03	9.322e-02	-6.614e-03
195545.50	3.494e-03	-4.042e-02	1.210e-01
195546.50	-1.027e-03	1.037e-01	-3.034e-02
195547.50	-2.141e-04	-2.467e-02	-5.386e-02
195548.50	2.074e-03	8.726e-02	5.798e-02
195549.50	-8.381e-03	-1.066e-01	-2.208e-01
195550.50	4.099e-03	1.066e-01	2.899e-02
195551.50	3.792e-03	-7.085e-02	9.446e-02
195552.50	-7.277e-03	3.782e-02	-1.824e-02
195553.50	2.602e-03	-4.320e-02	-1.498e-02
195554.50	1.987e-03	1.114e-03	1.978e-02
195555.50	-2.064e-03	1.392e-01	-7.258e-02
195556.50	3.322e-03	-1.190e-01	7.152e-02
195557.50	-4.003e-04	6.749e-02	2.554e-02
195558.50	9.302e-04	2.362e-02	-2.669e-02
195559.50	-1.008e-02	-8.659e-02	-2.832e-01
195560.50	1.536e-03	-7.690e-02	7.133e-02
195561.50	3.965e-04	-1.229e-01	3.677e-02
195562.50	1.373e-04	1.690e-01	-6.000e-02
195563.50	-7.651e-03	9.034e-02	-2.102e-01
195564.50	3.283e-03	2.208e-02	1.171e-01
195565.50	4.877e-03	-4.262e-02	1.699e-01
195566.50	3.696e-03	-4.656e-03	1.354e-01
195567.50	-2.045e-04	1.315e-01	-5.078e-02
195568.50	3.389e-03	1.046e-01	4.627e-02
195569.50	1.910e-04	-5.923e-02	2.093e-02
195570.50	-1.373e-03	-2.851e-02	-2.726e-03
195571.50	-5.194e-03	-5.194e-02	-1.171e-01
195572.50	-7.450e-04	-5.414e-03	-3.187e-02
195573.50	-9.696e-04	9.696e-02	-6.221e-02
195574.50	-3.408e-03	3.024e-02	-6.499e-02
195575.50	-6.960e-04	3.110e-02	-2.563e-02
195576.50	1.526e-03	5.050e-02	-1.987e-02
195577.50	2.582e-03	4.378e-02	7.018e-02
195578.50	1.363e-03	6.461e-02	5.405e-02
195579.50	-6.941e-04	8.861e-02	-3.840e-02
195580.50	-8.659e-04	-1.008e-01	-1.344e-03
195581.50	-1.680e-03	1.037e-02	1.152e-02
195582.50	8.688e-04	-3.293e-02	1.046e-02
195583.50	1.872e-03	-8.640e-03	-4.272e-03
195584.50	3.197e-03	6.893e-02	1.248e-01
195585.50	-3.965e-03	-6.922e-02	-8.774e-02
195586.50	1.814e-03	1.469e-02	2.966e-02
195587.50	-2.755e-03	-5.414e-02	-3.523e-02
195588.50	-9.600e-04	3.235e-02	-1.018e-02
195589.50	-1.882e-03	1.296e-02	-1.757e-02
195590.50	-1.613e-03	-6.288e-02	-2.208e-02
195591.50	-1.421e-03	-7.459e-02	-1.517e-03
195592.50	-1.670e-03	1.699e-02	-4.128e-02
195593.50	5.491e-04	6.173e-02	-3.792e-02
195594.50	2.419e-03	1.046e-01	5.203e-02
195595.50	5.453e-03	-1.037e-01	6.509e-02
195596.50	5.779e-03	4.800e-02	1.757e-02
195597.50	-2.102e-03	-6.058e-02	-2.966e-02
195598.50	4.896e-03	2.256e-02	8.899e-02
195599.50	-1.930e-03	6.374e-02	-4.435e-02
195600.50	-1.094e-02	-1.594e-01	-2.640e-02
195601.50	-3.898e-04	3.725e-02	-5.414e-02
195602.50	-2.208e-03	-1.805e-03	-5.126e-02
195603.50	-3.562e-03	8.736e-02	-1.152e-01
195604.50	-3.120e-03	2.294e-02	-3.062e-02
195605.50	2.285e-03	-2.832e-02	3.936e-02
195606.50	1.162e-04	2.515e-02	9.014e-03
195607.50	3.130e-03	2.726e-02	5.722e-02
195608.50	1.104e-03	-3.302e-02	5.779e-02
195609.50	2.179e-03	-1.296e-02	4.992e-02
195610.50	-1.987e-03	4.934e-02	-1.901e-02
195611.50	-2.448e-03	2.611e-02	-2.160e-02
195612.50	9.984e-04	-8.102e-02	8.698e-03
195613.50	-3.917e-03	-1.094e-01	-1.085e-01
195614.50	-2.275e-03	-1.814e-02	-6.413e-02
195615.50	1.046e-03	1.411e-02	-4.560e-03
195616.50	-3.696e-03	-6.010e-02	3.187e-04
195617.50	-1.171e-04	1.046e-01	1.027e-02
195618.50	-2.928e-03	3.168e-03	-4.282e-02
195619.50	3.379e-03	-5.501e-02	6.634e-02
195620.50	4.886e-03	2.477e-04	1.027e-01
195621.50	2.122e-03	-5.952e-02	-2.102e-03
195622.50	3.955e-03	4.512e-02	2.630e-02
195623.50	3.946e-04	1.114e-01	1.834e-02
195624.50	-9.600e-04	-1.498e-02	4.627e-03
195625.50	2.141e-03	-7.680e-02	5.741e-02
195626.50	-1.325e-03	-4.800e-02	-1.162e-04
195627.50	-1.622e-03	1.882e-02	-2.621e-02
195628.50	6.950e-04	7.056e-02	1.392e-02
195629.50	-1.690e-03	5.952e-02	-5.290e-02
195630.50	-1.046e-03	-6.758e-02	-3.168e-03
195631.50	1.392e-03	-5.530e-02	6.355e-02
195632.50	-2.458e-03	7.478e-02	-7.814e-02
195633.50	-1.824e-03	3.984e-02	-1.056e-01
195634.50	2.765e-03	-3.062e-02	2.179e-02
195635.50	5.894e-04	7.862e-03	2.026e-02
195636.50	-1.862e-03	1.690e-02	-2.899e-02
