195038.50	0.000e+00	0.000e+00	0.000e+00
195039.50	0.000e+00	0.000e+00	0.000e+00
195040.50	0.000e+00	0.000e+00	0.000e+00
195041.50	0.000e+00	0.000e+00	0.000e+00
195042.50	0.000e+00	0.000e+00	0.000e+00
195043.50	0.000e+00	0.000e+00	0.000e+00
195044.50	0.000e+00	0.000e+00	0.000e+00
195045.50	0.000e+00	0.000e+00	0.000e+00
195046.50	0.000e+00	0.000e+00	0.000e+00
195047.50	0.000e+00	0.000e+00	0.000e+00
195048.50	0.000e+00	0.000e+00	0.000e+00
195049.50	0.000e+00	0.000e+00	0.000e+00
195050.50	0.000e+00	0.000e+00	0.000e+00
195051.50	0.000e+00	0.000e+00	0.000e+00
195052.50	0.000e+00	0.000e+00	0.000e+00
195053.50	0.000e+00	0.000e+00	0.000e+00
195054.50	0.000e+00	0.000e+00	0.000e+00
195055.50	0.000e+00	0.000e+00	0.000e+00
195056.50	0.000e+00	0.000e+00	0.000e+00
195057.50	0.000e+00	0.000e+00	0.000e+00
195058.50	0.000e+00	0.000e+00	0.000e+00
195059.50	0.000e+00	0.000e+00	0.000e+00
195060.50	0.000e+00	0.000e+00	0.000e+00
195061.50	0.000e+00	0.000e+00	0.000e+00
195062.50	0.000e+00	0.000e+00	0.000e+00
195063.50	0.000e+00	0.000e+00	0.000e+00
195064.50	0.000e+00	0.000e+00	0.000e+00
195065.50	0.000e+00	0.000e+00	0.000e+00
195066.50	0.000e+00	0.000e+00	0.000e+00
195067.50	0.000e+00	0.000e+00	0.000e+00
195068.50	0.000e+00	0.000e+00	0.000e+00
195069.50	0.000e+00	0.000e+00	0.000e+00
195070.50	0.000e+00	0.000e+00	0.000e+00
195071.50	0.000e+00	0.000e+00	0.000e+00
195072.50	0.000e+00	0.000e+00	0.000e+00
195073.50	0.000e+00	0.000e+00	0.000e+00
195074.50	0.000e+00	0.000e+00	0.000e+00
195075.50	0.000e+00	0.000e+00	0.000e+00
195076.50	0.000e+00	0.000e+00	0.000e+00
195077.50	0.000e+00	0.000e+00	0.000e+00
195078.50	0.000e+00	0.000e+00	0.000e+00
195079.50	0.000e+00	0.000e+00	0.000e+00
195080.50	0.000e+00	0.000e+00	0.000e+00
195081.50	0.000e+00	0.000e+00	0.000e+00
195082.50	0.000e+00	0.000e+00	0.000e+00
195083.50	0.000e+00	0.000e+00	0.000e+00
195084.50	0.000e+00	0.000e+00	0.000e+00
195085.50	0.000e+00	0.000e+00	0.000e+00
195086.50	0.000e+00	0.000e+00	0.000e+00
195087.50	0.000e+00	0.000e+00	0.000e+00
195088.50	0.000e+00	0.000e+00	0.000e+00
195089.50	0.000e+00	0.000e+00	0.000e+00
195090.50	0.000e+00	0.000e+00	0.000e+00
195091.50	0.000e+00	0.000e+00	0.000e+00
195092.50	0.000e+00	0.000e+00	0.000e+00
195093.50	0.000e+00	0.000e+00	0.000e+00
195094.50	0.000e+00	0.000e+00	0.000e+00
195095.50	0.000e+00	0.000e+00	0.000e+00
195096.50	0.000e+00	0.000e+00	0.000e+00
195097.50	0.000e+00	0.000e+00	0.000e+00
195098.50	0.000e+00	0.000e+00	0.000e+00
195099.50	0.000e+00	0.000e+00	0.000e+00
195100.50	0.000e+00	0.000e+00	0.000e+00
195101.50	0.000e+00	0.000e+00	0.000e+00
195102.50	0.000e+00	0.000e+00	0.000e+00
195103.50	0.000e+00	0.000e+00	0.000e+00
195104.50	0.000e+00	0.000e+00	0.000e+00
195105.50	0.000e+00	0.000e+00	0.000e+00
195106.50	0.000e+00	0.000e+00	0.000e+00
195107.50	0.000e+00	0.000e+00	0.000e+00
195108.50	0.000e+00	0.000e+00	0.000e+00
195109.50	0.000e+00	0.000e+00	0.000e+00
195110.50	0.000e+00	0.000e+00	0.000e+00
195111.50	0.000e+00	0.000e+00	0.000e+00
195112.50	0.000e+00	0.000e+00	0.000e+00
195113.50	0.000e+00	0.000e+00	0.000e+00
195114.50	0.000e+00	0.000e+00	0.000e+00
195115.50	0.000e+00	0.000e+00	0.000e+00
195116.50	0.000e+00	0.000e+00	0.000e+00
195117.50	0.000e+00	0.000e+00	0.000e+00
195118.50	0.000e+00	0.000e+00	0.000e+00
195119.50	0.000e+00	0.000e+00	0.000e+00
195120.50	0.000e+00	0.000e+00	0.000e+00
195121.50	0.000e+00	0.000e+00	0.000e+00
195122.50	0.000e+00	0.000e+00	0.000e+00
195123.50	0.000e+00	0.000e+00	0.000e+00
195124.50	0.000e+00	0.000e+00	0.000e+00
195125.50	0.000e+00	0.000e+00	0.000e+00
195126.50	0.000e+00	0.000e+00	0.000e+00
195127.50	0.000e+00	0.000e+00	0.000e+00
195128.50	0.000e+00	0.000e+00	0.000e+00
195129.50	0.000e+00	0.000e+00	0.000e+00
195130.50	0.000e+00	0.000e+00	0.000e+00
195131.50	0.000e+00	0.000e+00	0.000e+00
195132.50	0.000e+00	0.000e+00	0.000e+00
195133.50	0.000e+00	0.000e+00	0.000e+00
195134.50	0.000e+00	0.000e+00	0.000e+00
195135.50	0.000e+00	0.000e+00	0.000e+00
195136.50	0.000e+00	0.000e+00	0.000e+00
195137.50	0.000e+00	0.000e+00	0.000e+00
195138.50	0.000e+00	0.000e+00	0.000e+00
195139.50	0.000e+00	0.000e+00	0.000e+00
195140.50	0.000e+00	0.000e+00	0.000e+00
195141.50	0.000e+00	0.000e+00	0.000e+00
195142.50	0.000e+00	0.000e+00	0.000e+00
195143.50	0.000e+00	0.000e+00	0.000e+00
195144.50	0.000e+00	0.000e+00	0.000e+00
195145.50	0.000e+00	0.000e+00	0.000e+00
195146.50	0.000e+00	0.000e+00	0.000e+00
195147.50	0.000e+00	0.000e+00	0.000e+00
195148.50	0.000e+00	0.000e+00	0.000e+00
195149.50	0.000e+00	0.000e+00	0.000e+00
195150.50	0.000e+00	0.000e+00	0.000e+00
195151.50	0.000e+00	0.000e+00	0.000e+00
195152.50	0.000e+00	0.000e+00	0.000e+00
195153.50	0.000e+00	0.000e+00	0.000e+00
195154.50	0.000e+00	0.000e+00	0.000e+00
195155.50	0.000e+00	0.000e+00	0.000e+00
195156.50	0.000e+00	0.000e+00	0.000e+00
195157.50	0.000e+00	0.000e+00	0.000e+00
195158.50	0.000e+00	0.000e+00	0.000e+00
195159.50	0.000e+00	0.000e+00	0.000e+00
195160.50	0.000e+00	0.000e+00	0.000e+00
195161.50	0.000e+00	0.000e+00	0.000e+00
195162.50	0.000e+00	0.000e+00	0.000e+00
195163.50	0.000e+00	0.000e+00	0.000e+00
195164.50	0.000e+00	0.000e+00	0.000e+00
195165.50	0.000e+00	0.000e+00	0.000e+00
195166.50	0.000e+00	0.000e+00	0.000e+00
195167.50	0.000e+00	0.000e+00	0.000e+00
195168.50	0.000e+00	0.000e+00	0.000e+00
195169.50	0.000e+00	0.000e+00	0.000e+00
195170.50	0.000e+00	0.000e+00	0.000e+00
195171.50	0.000e+00	0.000e+00	0.000e+00
195172.50	0.000e+00	0.000e+00	0.000e+00
195173.50	0.000e+00	0.000e+00	0.000e+00
195174.50	0.000e+00	0.000e+00	0.000e+00
195175.50	0.000e+00	0.000e+00	0.000e+00
195176.50	0.000e+00	0.000e+00	0.000e+00
195177.50	0.000e+00	0.000e+00	0.000e+00
195178.50	0.000e+00	0.000e+00	0.000e+00
195179.50	0.000e+00	0.000e+00	0.000e+00
195180.50	0.000e+00	0.000e+00	0.000e+00
195181.50	0.000e+00	0.000e+00	0.000e+00
195182.50	0.000e+00	0.000e+00	0.000e+00
195183.50	0.000e+00	0.000e+00	0.000e+00
195184.50	0.000e+00	0.000e+00	0.000e+00
195185.50	0.000e+00	0.000e+00	0.000e+00
195186.50	0.000e+00	0.000e+00	0.000e+00
195187.50	0.000e+00	0.000e+00	0.000e+00
195188.50	0.000e+00	0.000e+00	0.000e+00
195189.50	0.000e+00	0.000e+00	0.000e+00
195190.50	0.000e+00	0.000e+00	0.000e+00
195191.50	0.000e+00	0.000e+00	0.000e+00
195192.50	0.000e+00	0.000e+00	0.000e+00
195193.50	0.000e+00	0.000e+00	0.000e+00
195194.50	0.000e+00	0.000e+00	0.000e+00
195195.50	0.000e+00	0.000e+00	0.000e+00
195196.50	0.000e+00	0.000e+00	0.000e+00
195197.50	0.000e+00	0.000e+00	0.000e+00
195198.50	0.000e+00	0.000e+00	0.000e+00
195199.50	0.000e+00	0.000e+00	0.000e+00
195200.50	0.000e+00	0.000e+00	0.000e+00
195201.50	0.000e+00	0.000e+00	0.000e+00
195202.50	0.000e+00	0.000e+00	0.000e+00
195203.50	0.000e+00	0.000e+00	0.000e+00
195204.50	0.000e+00	0.000e+00	0.000e+00
195205.50	0.000e+00	0.000e+00	0.000e+00
195206.50	0.000e+00	0.000e+00	0.000e+00
195207.50	0.000e+00	0.000e+00	0.000e+00
195208.50	0.000e+00	0.000e+00	0.000e+00
195209.50	0.000e+00	0.000e+00	0.000e+00
195210.50	0.000e+00	0.000e+00	0.000e+00
195211.50	0.000e+00	0.000e+00	0.000e+00
195212.50	0.000e+00	0.000e+00	0.000e+00
195213.50	0.000e+00	0.000e+00	0.000e+00
195214.50	0.000e+00	0.000e+00	0.000e+00
195215.50	0.000e+00	0.000e+00	0.000e+00
195216.50	0.000e+00	0.000e+00	0.000e+00
195217.50	0.000e+00	0.000e+00	0.000e+00
195218.50	0.000e+00	0.000e+00	0.000e+00
195219.50	0.000e+00	0.000e+00	0.000e+00
195220.50	0.000e+00	0.000e+00	0.000e+00
195221.50	0.000e+00	0.000e+00	0.000e+00
195222.50	0.000e+00	0.000e+00	0.000e+00
195223.50	0.000e+00	0.000e+00	0.000e+00
195224.50	0.000e+00	0.000e+00	0.000e+00
195225.50	0.000e+00	0.000e+00	0.000e+00
195226.50	0.000e+00	0.000e+00	0.000e+00
195227.50	0.000e+00	0.000e+00	0.000e+00
195228.50	0.000e+00	0.000e+00	0.000e+00
195229.50	0.000e+00	0.000e+00	0.000e+00
195230.50	0.000e+00	0.000e+00	0.000e+00
195231.50	0.000e+00	0.000e+00	0.000e+00
195232.50	0.000e+00	0.000e+00	0.000e+00
195233.50	0.000e+00	0.000e+00	0.000e+00
195234.50	0.000e+00	0.000e+00	0.000e+00
195235.50	0.000e+00	0.000e+00	0.000e+00
195236.50	0.000e+00	0.000e+00	0.000e+00
195237.50	0.000e+00	0.000e+00	0.000e+00
195238.50	0.000e+00	0.000e+00	0.000e+00
195239.50	0.000e+00	0.000e+00	0.000e+00
195240.50	0.000e+00	0.000e+00	0.000e+00
195241.50	0.000e+00	0.000e+00	0.000e+00
195242.50	0.000e+00	0.000e+00	0.000e+00
195243.50	0.000e+00	0.000e+00	0.000e+00
195244.50	0.000e+00	0.000e+00	0.000e+00
195245.50	0.000e+00	0.000e+00	0.000e+00
195246.50	0.000e+00	0.000e+00	0.000e+00
195247.50	0.000e+00	0.000e+00	0.000e+00
195248.50	0.000e+00	0.000e+00	0.000e+00
195249.50	0.000e+00	0.000e+00	0.000e+00
195250.50	0.000e+00	0.000e+00	0.000e+00
195251.50	0.000e+00	0.000e+00	0.000e+00
195252.50	0.000e+00	0.000e+00	0.000e+00
195253.50	0.000e+00	0.000e+00	0.000e+00
195254.50	0.000e+00	0.000e+00	0.000e+00
195255.50	0.000e+00	0.000e+00	0.000e+00
195256.50	0.000e+00	0.000e+00	0.000e+00
195257.50	0.000e+00	0.000e+00	0.000e+00
195258.50	0.000e+00	0.000e+00	0.000e+00
195259.50	0.000e+00	0.000e+00	0.000e+00
195260.50	0.000e+00	0.000e+00	0.000e+00
195261.50	0.000e+00	0.000e+00	0.000e+00
195262.50	0.000e+00	0.000e+00	0.000e+00
195263.50	0.000e+00	0.000e+00	0.000e+00
195264.50	0.000e+00	0.000e+00	0.000e+00
195265.50	0.000e+00	0.000e+00	0.000e+00
195266.50	0.000e+00	0.000e+00	0.000e+00
195267.50	0.000e+00	0.000e+00	0.000e+00
195268.50	0.000e+00	0.000e+00	0.000e+00
195269.50	0.000e+00	0.000e+00	0.000e+00
195270.50	0.000e+00	0.000e+00	0.000e+00
195271.50	0.000e+00	0.000e+00	0.000e+00
195272.50	0.000e+00	0.000e+00	0.000e+00
195273.50	0.000e+00	0.000e+00	0.000e+00
195274.50	0.000e+00	0.000e+00	0.000e+00
195275.50	0.000e+00	0.000e+00	0.000e+00
195276.50	0.000e+00	0.000e+00	0.000e+00
195277.50	0.000e+00	0.000e+00	0.000e+00
195278.50	0.000e+00	0.000e+00	0.000e+00
195279.50	0.000e+00	0.000e+00	0.000e+00
195280.50	0.000e+00	0.000e+00	0.000e+00
195281.50	0.000e+00	0.000e+00	0.000e+00
195282.50	-9.341e-06	-1.238e-03	-1.469e-03
195283.50	9.024e-06	2.064e-04	3.427e-04
195284.50	-9.984e-06	-4.858e-04	-1.056e-03
195285.50	1.219e-05	3.533e-03	6.739e-03
195286.50	5.107e-05	-9.034e-03	-1.258e-02
195287.50	-1.786e-04	1.334e-02	7.709e-03
195288.50	-7.123e-04	7.440e-03	-3.389e-02
195289.50	1.872e-04	-2.573e-03	1.258e-02
195290.50	9.504e-03	-1.277e+00	-1.392e+00
195291.50	2.822e-01	-1.133e+01	5.155e-01
195292.50	7.718e-01	-2.966e+01	2.554e+00
195293.50	1.613e+00	-6.326e+01	1.613e+00
195294.50	2.803e+00	-1.027e+02	1.123e+01
195295.50	4.694e+00	-1.670e+02	2.083e+01
195296.50	5.011e+00	-1.718e+02	2.621e+01
195297.50	5.482e+00	-1.920e+02	1.709e+01
195298.50	5.866e+00	-1.997e+02	1.910e+01
195299.50	2.928e+00	-8.717e+01	2.083e+01
195300.50	1.171e+00	-2.870e+01	1.066e+01
195301.50	1.392e-01	-5.318e+00	-1.046e+01
195302.50	-3.725e-01	1.882e+01	-1.901e+00
195303.50	-9.072e-01	3.734e+01	-1.334e+00
195304.50	-1.277e+00	4.934e+01	-2.371e+00
195305.50	-1.555e+00	5.299e+01	-1.018e+01
195306.50	-1.363e+00	4.666e+01	-8.477e+00
195307.50	-1.478e+00	5.242e+01	-5.328e+00
195308.50	-1.402e+00	4.790e+01	-6.749e+00
195309.50	-1.402e+00	4.637e+01	-8.026e+00
195310.50	-1.258e+00	4.368e+01	-4.330e+00
195311.50	-1.258e+00	4.282e+01	-5.126e+00
195312.50	-1.046e+00	3.802e+01	-9.984e-01
195313.50	-1.008e+00	3.370e+01	-5.251e+00
195314.50	-9.696e-01	3.178e+01	-5.597e+00
195315.50	-8.707e-01	2.928e+01	-4.070e+00
195316.50	-7.747e-01	2.746e+01	-1.267e+00
195317.50	-8.410e-01	2.736e+01	-4.742e+00
195318.50	-7.459e-01	2.438e+01	-4.080e+00
195319.50	-6.432e-01	2.218e+01	-1.766e+00
195320.50	-6.154e-01	2.246e+01	-2.746e-02
195321.50	-6.970e-01	2.141e+01	-5.021e+00
195322.50	-5.549e-01	1.814e+01	-2.592e+00
195323.50	-5.107e-01	1.709e+01	-2.064e+00
195324.50	-4.195e-01	1.392e+01	-1.709e+00
195325.50	-4.877e-01	1.622e+01	-1.997e+00
195326.50	-4.397e-01	1.517e+01	-1.094e+00
195327.50	-3.984e-01	1.373e+01	-9.984e-01
195328.50	-3.466e-01	1.152e+01	-1.440e+00
195329.50	-3.264e-01	1.219e+01	5.760e-01
195330.50	-3.446e-01	1.152e+01	-1.190e+00
195331.50	-3.014e-01	1.008e+01	-1.171e+00
195332.50	-2.563e-01	9.302e+00	-2.189e-01
195333.50	-2.736e-01	9.264e+00	-6.845e-01
195334.50	-2.746e-01	8.957e+00	-1.114e+00
195335.50	-2.573e-01	8.822e+00	-5.702e-01
195336.50	-2.381e-01	8.064e+00	-7.555e-01
195337.50	-1.901e-01	6.902e+00	-2.189e-02
195338.50	-2.074e-01	6.816e+00	-6.864e-01
195339.50	-2.141e-01	6.826e+00	-1.018e+00
195340.50	-2.189e-01	6.883e+00	-1.363e+00
195341.50	-1.987e-01	6.182e+00	-1.238e+00
195342.50	-1.574e-01	5.510e+00	-7.373e-03
195343.50	-1.555e-01	5.059e+00	-7.430e-01
195344.50	-1.219e-01	4.579e+00	1.181e-01
195345.50	-1.286e-01	4.800e+00	6.067e-01
195346.50	-1.354e-01	4.925e+00	8.266e-02
195347.50	-1.565e-01	5.194e+00	-5.856e-01
195348.50	-9.427e-02	3.043e+00	-3.725e-01
195349.50	-1.238e-01	3.850e+00	-5.702e-01
195350.50	-9.696e-02	3.571e+00	2.726e-02
195351.50	-1.392e-01	4.301e+00	-9.696e-01
195352.50	-1.325e-01	4.080e+00	-7.162e-01
195353.50	-8.707e-02	3.062e+00	-9.226e-03
195354.50	-8.266e-02	3.312e+00	3.600e-01
195355.50	-8.150e-02	2.371e+00	-6.538e-01
195356.50	-6.643e-02	2.390e+00	-8.755e-02
195357.50	-7.536e-02	2.650e+00	-2.774e-01
195358.50	-4.483e-02	1.843e+00	3.014e-01
195359.50	-7.027e-02	2.554e+00	1.901e-01
195360.50	-7.882e-02	2.400e+00	-4.262e-01
195361.50	-7.632e-02	2.208e+00	-5.491e-01
195362.50	-5.846e-02	2.266e+00	2.630e-01
195363.50	-6.950e-02	1.766e+00	-8.851e-01
195364.50	-4.080e-02	1.469e+00	-8.707e-02
195365.50	-4.493e-02	1.910e+00	3.274e-01
195366.50	-2.880e-02	1.027e+00	-6.480e-02
195367.50	-5.712e-02	1.219e+00	-7.651e-01
195368.50	-6.634e-02	2.045e+00	-4.992e-01
195369.50	-6.048e-02	1.718e+00	-4.234e-01
195370.50	-3.898e-02	1.642e+00	3.427e-01
195371.50	-3.235e-02	1.066e+00	-6.019e-02
195372.50	-5.510e-02	1.738e+00	-4.022e-01
195373.50	-4.166e-02	1.546e+00	-2.630e-02
195374.50	-3.302e-02	9.072e-01	-4.598e-01
195375.50	-3.581e-02	1.296e+00	1.690e-01
195376.50	-4.666e-02	1.411e+00	-9.350e-02
195377.50	-1.152e-02	6.538e-01	2.861e-01
195378.50	-2.064e-02	8.131e-01	1.344e-01
195379.50	-3.437e-02	1.123e+00	-1.123e-01
195380.50	-2.515e-02	8.563e-01	-1.190e-01
195381.50	-2.746e-02	1.008e+00	1.853e-01
195382.50	-4.080e-02	8.352e-01	-7.181e-01
195383.50	-2.486e-02	8.102e-01	-2.986e-01
195384.50	-1.037e-02	4.627e-01	4.416e-02
195385.50	-3.907e-02	1.190e+00	1.056e-03
195386.50	-2.006e-02	8.131e-01	2.458e-01
195387.50	-2.314e-02	8.832e-01	-5.232e-02
195388.50	-1.200e-02	4.512e-01	-1.949e-02
195389.50	-2.160e-02	7.440e-01	1.152e-01
195390.50	-3.043e-03	3.907e-02	-1.757e-01
195391.50	-3.072e-02	6.365e-01	-6.739e-01
195392.50	-3.283e-02	8.832e-01	-3.418e-01
195393.50	-8.563e-03	3.139e-01	7.968e-02
195394.50	-2.717e-02	6.557e-01	-4.090e-01
195395.50	6.163e-04	1.642e-01	2.563e-01
195396.50	-2.573e-02	7.277e-01	-8.947e-02
195397.50	-2.160e-02	6.826e-01	-1.334e-02
195398.50	9.600e-04	2.486e-01	3.082e-01
195399.50	-2.467e-02	7.325e-01	-1.037e-01
195400.50	-1.728e-02	5.443e-01	-1.382e-01
195401.50	-1.238e-02	5.222e-01	1.267e-01
195402.50	-3.226e-02	7.344e-01	-4.262e-01
195403.50	-1.632e-02	2.918e-01	-4.742e-01
195404.50	-2.160e-02	4.598e-01	-3.226e-01
195405.50	-1.181e-02	5.338e-01	1.968e-01
195406.50	3.379e-05	1.478e-01	2.803e-01
195407.50	-1.958e-02	5.011e-01	-1.910e-01
195408.50	-2.534e-04	2.237e-01	1.565e-01
195409.50	-7.786e-03	8.314e-02	-2.861e-01
195410.50	-1.008e-02	3.744e-01	1.776e-01
195411.50	-9.984e-03	2.909e-01	-2.074e-02
195412.50	-9.379e-03	3.821e-01	1.546e-01
195413.50	-4.522e-03	-3.926e-02	-3.552e-01
195414.50	3.216e-03	-3.091e-02	2.208e-02
195415.50	-2.112e-02	4.454e-01	-3.331e-01
195416.50	-1.574e-02	5.098e-01	1.066e-01
195417.50	-8.294e-03	2.266e-01	-1.402e-01
195418.50	-1.210e-02	2.755e-01	-9.235e-02
195419.50	-1.834e-03	1.738e-01	2.458e-01
195420.50	6.672e-04	3.504e-01	3.715e-01
195421.50	5.270e-03	-9.696e-02	-1.661e-02
195422.50	7.085e-03	-2.016e-01	-2.467e-02
195423.50	-2.582e-02	2.544e-01	-6.211e-01
195424.50	8.333e-04	8.938e-02	2.026e-01
195425.50	-2.976e-03	1.901e-01	8.419e-02
195426.50	8.573e-04	1.162e-01	2.515e-01
195427.50	-8.534e-03	3.120e-01	-1.085e-01
195428.50	-1.574e-02	4.934e-01	-3.283e-02
195429.50	2.525e-03	2.909e-02	6.672e-02
195430.50	-1.037e-02	2.170e-01	-9.696e-02
195431.50	2.755e-03	-7.152e-02	8.362e-02
195432.50	-1.373e-02	1.152e-01	-3.763e-01
195433.50	-1.565e-03	1.027e-02	-2.746e-02
195434.50	-1.075e-02	2.986e-01	7.517e-02
195435.50	-2.160e-03	7.901e-02	9.600e-02
195436.50	-7.171e-03	2.765e-01	1.872e-02
195437.50	1.747e-03	-2.765e-02	-5.866e-02
195438.50	-5.232e-03	1.085e-01	-1.584e-01
195439.50	-1.162e-02	3.926e-01	2.918e-02
195440.50	-1.027e-02	3.293e-01	-3.504e-02
195441.50	-1.910e-03	-2.006e-02	-1.085e-01
195442.50	-9.888e-03	2.803e-01	-1.046e-01
195443.50	-1.526e-02	2.333e-01	-2.563e-01
195444.50	-5.098e-03	1.814e-01	1.219e-01
195445.50	2.275e-03	2.054e-03	1.344e-01
195446.50	1.114e-02	-2.410e-01	1.027e-01
195447.50	-4.858e-03	2.602e-02	-7.651e-02
195448.50	-5.146e-03	6.758e-02	-1.334e-01
195449.50	-1.824e-05	2.477e-02	-6.202e-03
195450.50	-7.085e-03	2.429e-01	-3.898e-02
195451.50	-5.347e-03	1.978e-01	7.200e-02
195452.50	1.018e-02	-9.206e-02	5.683e-02
195453.50	-1.027e-02	2.774e-01	-1.027e-01
195454.50	4.704e-03	8.006e-02	1.603e-01
195455.50	-3.245e-03	9.696e-02	-3.840e-02
195456.50	-1.229e-03	2.957e-02	4.243e-02
195457.50	-1.824e-03	1.805e-02	1.258e-01
195458.50	-1.210e-02	2.976e-01	-8.198e-02
195459.50	-8.141e-03	2.314e-01	-9.552e-02
195460.50	7.565e-04	3.696e-02	1.027e-01
195461.50	1.622e-03	-5.482e-02	-5.616e-02
195462.50	-3.322e-03	1.238e-01	2.208e-02
195463.50	-3.350e-03	1.766e-01	9.696e-02
195464.50	6.643e-03	-7.373e-02	1.363e-01
195465.50	4.531e-03	-7.296e-02	1.334e-01
195466.50	-9.571e-03	5.856e-02	-2.045e-01
195467.50	-3.763e-04	7.882e-02	3.907e-02
195468.50	-1.094e-02	2.976e-01	-5.635e-02
195469.50	-1.114e-02	3.005e-01	-1.123e-01
195470.50	2.621e-03	7.699e-02	1.910e-01
195471.50	-6.624e-04	-1.642e-01	-2.198e-01
195472.50	-1.766e-03	1.565e-02	5.194e-02
195473.50	5.491e-04	2.333e-02	1.507e-02
195474.50	5.501e-05	-2.813e-02	-3.139e-02
195475.50	-6.701e-03	1.690e-02	-2.246e-01
195476.50	-3.619e-03	1.498e-01	8.429e-02
195477.50	-6.490e-03	1.939e-01	-5.290e-02
195478.50	2.525e-03	5.818e-04	-9.254e-03
195479.50	3.648e-03	-3.619e-02	7.450e-02
195480.50	-4.118e-03	1.142e-01	2.515e-02
195481.50	2.093e-03	6.250e-02	1.469e-01
195482.50	4.522e-04	3.821e-02	5.798e-02
195483.50	-8.928e-04	5.846e-03	-2.554e-02
195484.50	-3.850e-03	1.286e-01	2.611e-02
195485.50	-4.445e-03	7.536e-03	-2.429e-01
195486.50	-9.792e-03	1.565e-01	-1.872e-01
195487.50	1.152e-04	-2.774e-02	3.965e-02
195488.50	-6.893e-04	2.938e-02	1.776e-02
195489.50	-2.429e-03	1.891e-01	5.606e-02
195490.50	-1.699e-03	1.133e-01	9.984e-02
195491.50	-1.699e-03	-9.494e-02	-1.584e-01
195492.50	9.034e-03	-9.331e-02	1.862e-01
195493.50	3.437e-04	1.133e-02	-3.120e-02
195494.50	1.469e-03	-1.315e-02	6.144e-03
195495.50	-4.608e-03	8.851e-02	-1.373e-02
195496.50	1.574e-03	3.965e-02	6.931e-02
195497.50	2.813e-03	-2.640e-02	9.696e-02
195498.50	-6.067e-03	1.142e-01	-3.091e-02
195499.50	-9.264e-03	1.402e-01	-1.882e-01
195500.50	-4.819e-03	1.728e-01	-9.283e-03
195501.50	6.134e-03	-1.498e-01	-1.709e-02
195502.50	6.115e-03	-1.968e-01	6.518e-02
195503.50	-2.842e-03	5.366e-02	-2.218e-02
195504.50	-8.141e-03	1.680e-01	-1.258e-01
195505.50	-1.037e-04	1.440e-02	8.342e-02
195506.50	-4.166e-03	1.930e-01	8.918e-02
195507.50	1.603e-03	-8.227e-04	3.504e-02
195508.50	-2.554e-04	-1.478e-01	-8.621e-02
195509.50	-5.549e-04	-5.856e-02	-2.371e-02
195510.50	-3.504e-03	1.642e-02	-2.122e-01
195511.50	-4.378e-03	7.690e-02	-1.152e-01
195512.50	5.942e-03	-7.382e-02	1.181e-01
195513.50	1.450e-03	-9.389e-02	-9.158e-03
195514.50	-7.958e-05	7.430e-02	2.995e-02
195515.50	1.190e-04	4.272e-02	8.842e-02
195516.50	-3.754e-03	6.432e-02	-5.693e-02
195517.50	-1.363e-03	9.514e-02	3.648e-02
195518.50	1.075e-03	2.506e-02	1.181e-01
195519.50	-3.629e-03	4.416e-02	-1.046e-01
195520.50	1.181e-03	-1.018e-02	7.584e-03
195521.50	-3.936e-03	1.094e-01	-4.762e-02
195522.50	-2.131e-03	1.066e-01	-3.619e-02
195523.50	-5.856e-03	1.171e-01	-6.403e-02
195524.50	2.899e-03	-1.526e-01	3.139e-02
195525.50	2.957e-04	-8.275e-03	3.245e-02
195526.50	7.622e-04	-2.861e-02	-3.274e-02
195527.50	6.221e-03	-5.050e-02	1.834e-01
195528.50	2.390e-03	-1.824e-04	1.392e-01
195529.50	-2.630e-03	3.667e-02	-7.171e-02
195530.50	-4.666e-03	5.251e-02	-1.085e-01
195531.50	-3.840e-03	-3.072e-03	-1.459e-01
195532.50	-2.294e-04	-5.011e-02	-5.434e-03
195533.50	-2.698e-03	4.205e-02	-7.814e-05
195534.50	-1.642e-03	4.214e-02	-2.813e-02
195535.50	2.525e-03	1.642e-02	7.949e-02
195536.50	1.901e-03	-2.237e-02	4.061e-02
195537.50	-5.366e-03	1.181e-01	-9.984e-02
195538.50	-5.654e-03	1.363e-01	-2.707e-02
195539.50	-3.024e-03	8.371e-02	2.074e-02
195540.50	1.526e-03	-3.082e-02	-7.680e-02
195541.50	1.382e-03	1.171e-02	2.141e-02
195542.50	4.214e-03	-3.091e-02	8.861e-02
195543.50	3.475e-04	-6.115e-02	-6.307e-02
195544.50	-2.563e-03	7.622e-02	-4.445e-03
195545.50	-9.466e-04	3.658e-03	-1.450e-03
195546.50	1.133e-03	4.550e-02	1.142e-01
195547.50	2.218e-03	-9.466e-02	-1.162e-02
195548.50	-3.034e-03	7.018e-02	-2.630e-02
195549.50	-1.651e-03	3.456e-02	-3.792e-02
195550.50	-1.584e-03	-4.982e-03	1.171e-02
195551.50	1.037e-03	4.858e-02	3.926e-02
195552.50	5.021e-03	-1.123e-01	-8.736e-03
195553.50	-9.888e-04	7.939e-03	-1.786e-02
195554.50	-4.320e-03	6.854e-02	-8.333e-02
195555.50	1.949e-03	2.438e-03	3.293e-02
195556.50	-1.229e-03	3.062e-02	4.387e-02
195557.50	3.178e-04	1.834e-03	4.522e-02
195558.50	2.976e-03	-6.854e-02	-7.008e-03
195559.50	7.027e-03	-1.171e-01	1.075e-01
195560.50	-3.168e-03	1.277e-01	4.282e-02
195561.50	-4.618e-03	8.275e-02	-8.083e-02
195562.50	3.984e-03	-1.210e-01	6.691e-02
195563.50	2.208e-03	-6.048e-02	-1.968e-03
195564.50	-7.344e-03	1.286e-01	-1.526e-01
195565.50	-9.600e-04	-1.584e-02	7.123e-02
195566.50	3.389e-03	-6.720e-02	1.200e-02
195567.50	-1.632e-03	4.742e-02	-9.590e-02
195568.50	7.766e-03	-1.910e-01	5.165e-02
195569.50	1.027e-03	-1.123e-02	2.438e-02
195570.50	-2.218e-03	7.642e-02	2.198e-02
195571.50	-2.899e-03	9.158e-02	-4.195e-02
195572.50	1.594e-03	-1.594e-02	4.637e-02
195573.50	-1.901e-03	4.339e-02	1.277e-02
195574.50	3.466e-05	-3.466e-02	1.862e-02
195575.50	5.942e-03	-9.110e-02	-6.547e-02
195576.50	4.963e-03	-1.642e-02	6.144e-02
195577.50	-4.531e-03	1.210e-01	-1.498e-02
195578.50	-2.256e-03	6.355e-02	5.309e-02
195579.50	2.918e-03	-4.608e-02	-1.613e-02
195580.50	6.106e-04	3.274e-02	4.464e-02
195581.50	-3.456e-04	-3.610e-02	-9.091e-02
195582.50	-1.402e-03	-8.909e-03	-6.317e-02
195583.50	3.245e-04	-4.176e-02	7.296e-03
195584.50	4.253e-04	-2.746e-02	-3.101e-02
195585.50	9.235e-05	4.214e-02	4.022e-02
195586.50	-2.467e-03	6.710e-02	4.579e-02
195587.50	1.699e-03	-3.494e-02	2.765e-02
195588.50	-6.269e-04	-1.584e-02	-4.694e-02
195589.50	-4.560e-05	5.184e-02	-4.234e-04
195590.50	-2.746e-03	9.360e-02	-2.918e-02
195591.50	-1.478e-03	-5.232e-02	-7.728e-02
195592.50	-6.864e-04	6.538e-02	1.133e-01
195593.50	-2.285e-03	8.784e-02	4.800e-02
195594.50	-1.699e-03	-5.904e-02	-2.832e-02
195595.50	-7.776e-03	-2.640e-02	-1.354e-01
195596.50	-1.699e-03	3.850e-02	-3.974e-03
195597.50	-2.755e-03	7.498e-02	-4.550e-02
195598.50	-3.562e-03	2.938e-02	1.901e-02
195599.50	4.378e-03	1.286e-02	1.382e-01
195600.50	3.984e-03	8.093e-03	-1.210e-02
195601.50	-3.965e-03	-7.296e-03	-8.486e-02
195602.50	-5.606e-03	2.669e-02	-6.442e-02
195603.50	3.053e-03	-2.237e-02	-6.547e-02
195604.50	1.190e-03	-2.275e-02	-3.504e-03
195605.50	-1.680e-02	1.171e-01	1.853e-02
195606.50	3.456e-03	-9.235e-02	7.075e-02
195607.50	1.920e-02	8.832e-02	1.949e-01
195608.50	-5.242e-03	-1.901e-02	-9.350e-02
195609.50	-2.822e-02	1.046e-01	-1.546e-01
195610.50	-4.810e-03	-8.419e-03	-4.982e-03
195611.50	1.738e-02	-3.024e-02	7.958e-02
195612.50	-2.035e-02	3.235e-02	-1.267e-01
195613.50	7.843e-03	-9.043e-02	-1.056e-02
195614.50	1.478e-02	-9.984e-05	7.248e-02
195615.50	-1.488e-03	7.296e-03	-2.966e-02
195616.50	-1.085e-03	4.157e-03	-4.061e-02
195617.50	7.718e-03	-2.995e-02	8.333e-02
195618.50	4.214e-03	-2.774e-02	5.578e-02
195619.50	1.421e-03	-1.152e-02	4.070e-02
195620.50	6.221e-05	1.939e-02	-5.002e-02
195621.50	-1.306e-03	4.195e-02	6.634e-02
195622.50	-2.698e-04	-2.534e-02	-3.341e-02
195623.50	3.811e-04	-4.502e-02	-2.842e-02
195624.50	4.099e-03	-5.683e-02	4.896e-02
195625.50	-2.765e-03	8.390e-02	-2.851e-02
195626.50	-3.686e-03	4.800e-02	-1.018e-01
195627.50	8.736e-04	6.163e-03	1.190e-02
195628.50	3.619e-03	-3.994e-02	8.525e-02
195629.50	-1.843e-04	2.659e-02	-1.603e-02
195630.50	-1.315e-04	-5.866e-02	1.862e-02
195631.50	-1.450e-03	8.573e-02	9.888e-03
195632.50	6.787e-04	-3.120e-02	3.677e-02
195633.50	-1.037e-03	6.461e-03	-2.573e-02
195634.50	1.814e-03	-9.542e-02	-2.842e-02
195635.50	-3.024e-03	4.426e-02	-3.696e-02
195636.50	-2.726e-03	2.122e-02	-5.731e-02
