195038.50	0.000e+00	0.000e+00	0.000e+00
195039.50	0.000e+00	0.000e+00	0.000e+00
195040.50	0.000e+00	0.000e+00	0.000e+00
195041.50	0.000e+00	0.000e+00	0.000e+00
195042.50	0.000e+00	0.000e+00	0.000e+00
195043.50	0.000e+00	0.000e+00	0.000e+00
195044.50	0.000e+00	0.000e+00	0.000e+00
195045.50	0.000e+00	0.000e+00	0.000e+00
195046.50	0.000e+00	0.000e+00	0.000e+00
195047.50	0.000e+00	0.000e+00	0.000e+00
195048.50	0.000e+00	0.000e+00	0.000e+00
195049.50	0.000e+00	0.000e+00	0.000e+00
195050.50	0.000e+00	0.000e+00	0.000e+00
195051.50	0.000e+00	0.000e+00	0.000e+00
195052.50	0.000e+00	0.000e+00	0.000e+00
195053.50	0.000e+00	0.000e+00	0.000e+00
195054.50	0.000e+00	0.000e+00	0.000e+00
195055.50	0.000e+00	0.000e+00	0.000e+00
195056.50	0.000e+00	0.000e+00	0.000e+00
195057.50	0.000e+00	0.000e+00	0.000e+00
195058.50	0.000e+00	0.000e+00	0.000e+00
195059.50	0.000e+00	0.000e+00	0.000e+00
195060.50	0.000e+00	0.000e+00	0.000e+00
195061.50	0.000e+00	0.000e+00	0.000e+00
195062.50	0.000e+00	0.000e+00	0.000e+00
195063.50	0.000e+00	0.000e+00	0.000e+00
195064.50	0.000e+00	0.000e+00	0.000e+00
195065.50	0.000e+00	0.000e+00	0.000e+00
195066.50	0.000e+00	0.000e+00	0.000e+00
195067.50	0.000e+00	0.000e+00	0.000e+00
195068.50	0.000e+00	0.000e+00	0.000e+00
195069.50	0.000e+00	0.000e+00	0.000e+00
195070.50	0.000e+00	0.000e+00	0.000e+00
195071.50	0.000e+00	0.000e+00	0.000e+00
195072.50	0.000e+00	0.000e+00	0.000e+00
195073.50	0.000e+00	0.000e+00	0.000e+00
195074.50	0.000e+00	0.000e+00	0.000e+00
195075.50	0.000e+00	0.000e+00	0.000e+00
195076.50	0.000e+00	0.000e+00	0.000e+00
195077.50	0.000e+00	0.000e+00	0.000e+00
195078.50	0.000e+00	0.000e+00	0.000e+00
195079.50	0.000e+00	0.000e+00	0.000e+00
195080.50	0.000e+00	0.000e+00	0.000e+00
195081.50	0.000e+00	0.000e+00	0.000e+00
195082.50	0.000e+00	0.000e+00	0.000e+00
195083.50	0.000e+00	0.000e+00	0.000e+00
195084.50	0.000e+00	0.000e+00	0.000e+00
195085.50	0.000e+00	0.000e+00	0.000e+00
195086.50	0.000e+00	0.000e+00	0.000e+00
195087.50	0.000e+00	0.000e+00	0.000e+00
195088.50	0.000e+00	0.000e+00	0.000e+00
195089.50	0.000e+00	0.000e+00	0.000e+00
195090.50	0.000e+00	0.000e+00	0.000e+00
195091.50	0.000e+00	0.000e+00	0.000e+00
195092.50	0.000e+00	0.000e+00	0.000e+00
195093.50	0.000e+00	0.000e+00	0.000e+00
195094.50	0.000e+00	0.000e+00	0.000e+00
195095.50	0.000e+00	0.000e+00	0.000e+00
195096.50	0.000e+00	0.000e+00	0.000e+00
195097.50	0.000e+00	0.000e+00	0.000e+00
195098.50	0.000e+00	0.000e+00	0.000e+00
195099.50	0.000e+00	0.000e+00	0.000e+00
195100.50	0.000e+00	0.000e+00	0.000e+00
195101.50	0.000e+00	0.000e+00	0.000e+00
195102.50	0.000e+00	0.000e+00	0.000e+00
195103.50	0.000e+00	0.000e+00	0.000e+00
195104.50	0.000e+00	0.000e+00	0.000e+00
195105.50	0.000e+00	0.000e+00	0.000e+00
195106.50	0.000e+00	0.000e+00	0.000e+00
195107.50	0.000e+00	0.000e+00	0.000e+00
195108.50	0.000e+00	0.000e+00	0.000e+00
195109.50	0.000e+00	0.000e+00	0.000e+00
195110.50	0.000e+00	0.000e+00	0.000e+00
195111.50	0.000e+00	0.000e+00	0.000e+00
195112.50	0.000e+00	0.000e+00	0.000e+00
195113.50	0.000e+00	0.000e+00	0.000e+00
195114.50	0.000e+00	0.000e+00	0.000e+00
195115.50	0.000e+00	0.000e+00	0.000e+00
195116.50	0.000e+00	0.000e+00	0.000e+00
195117.50	0.000e+00	0.000e+00	0.000e+00
195118.50	0.000e+00	0.000e+00	0.000e+00
195119.50	0.000e+00	0.000e+00	0.000e+00
195120.50	0.000e+00	0.000e+00	0.000e+00
195121.50	0.000e+00	0.000e+00	0.000e+00
195122.50	0.000e+00	0.000e+00	0.000e+00
195123.50	0.000e+00	0.000e+00	0.000e+00
195124.50	0.000e+00	0.000e+00	0.000e+00
195125.50	0.000e+00	0.000e+00	0.000e+00
195126.50	0.000e+00	0.000e+00	0.000e+00
195127.50	0.000e+00	0.000e+00	0.000e+00
195128.50	0.000e+00	0.000e+00	0.000e+00
195129.50	0.000e+00	0.000e+00	0.000e+00
195130.50	0.000e+00	0.000e+00	0.000e+00
195131.50	0.000e+00	0.000e+00	0.000e+00
195132.50	0.000e+00	0.000e+00	0.000e+00
195133.50	0.000e+00	0.000e+00	0.000e+00
195134.50	0.000e+00	0.000e+00	0.000e+00
195135.50	0.000e+00	0.000e+00	0.000e+00
195136.50	0.000e+00	0.000e+00	0.000e+00
195137.50	0.000e+00	0.000e+00	0.000e+00
195138.50	0.000e+00	0.000e+00	0.000e+00
195139.50	0.000e+00	0.000e+00	0.000e+00
195140.50	0.000e+00	0.000e+00	0.000e+00
195141.50	0.000e+00	0.000e+00	0.000e+00
195142.50	0.000e+00	0.000e+00	0.000e+00
195143.50	0.000e+00	0.000e+00	0.000e+00
195144.50	0.000e+00	0.000e+00	0.000e+00
195145.50	0.000e+00	0.000e+00	0.000e+00
195146.50	0.000e+00	0.000e+00	0.000e+00
195147.50	0.000e+00	0.000e+00	0.000e+00
195148.50	0.000e+00	0.000e+00	0.000e+00
195149.50	0.000e+00	0.000e+00	0.000e+00
195150.50	0.000e+00	0.000e+00	0.000e+00
195151.50	0.000e+00	0.000e+00	0.000e+00
195152.50	0.000e+00	0.000e+00	0.000e+00
195153.50	0.000e+00	0.000e+00	0.000e+00
195154.50	0.000e+00	0.000e+00	0.000e+00
195155.50	0.000e+00	0.000e+00	0.000e+00
195156.50	0.000e+00	0.000e+00	0.000e+00
195157.50	0.000e+00	0.000e+00	0.000e+00
195158.50	0.000e+00	0.000e+00	0.000e+00
195159.50	0.000e+00	0.000e+00	0.000e+00
195160.50	0.000e+00	0.000e+00	0.000e+00
195161.50	0.000e+00	0.000e+00	0.000e+00
195162.50	0.000e+00	0.000e+00	0.000e+00
195163.50	0.000e+00	0.000e+00	0.000e+00
195164.50	0.000e+00	0.000e+00	0.000e+00
195165.50	0.000e+00	0.000e+00	0.000e+00
195166.50	0.000e+00	0.000e+00	0.000e+00
195167.50	0.000e+00	0.000e+00	0.000e+00
195168.50	0.000e+00	0.000e+00	0.000e+00
195169.50	0.000e+00	0.000e+00	0.000e+00
195170.50	0.000e+00	0.000e+00	0.000e+00
195171.50	0.000e+00	0.000e+00	0.000e+00
195172.50	0.000e+00	0.000e+00	0.000e+00
195173.50	0.000e+00	0.000e+00	0.000e+00
195174.50	0.000e+00	0.000e+00	0.000e+00
195175.50	0.000e+00	0.000e+00	0.000e+00
195176.50	0.000e+00	0.000e+00	0.000e+00
195177.50	0.000e+00	0.000e+00	0.000e+00
195178.50	0.000e+00	0.000e+00	0.000e+00
195179.50	0.000e+00	0.000e+00	0.000e+00
195180.50	0.000e+00	0.000e+00	0.000e+00
195181.50	0.000e+00	0.000e+00	0.000e+00
195182.50	0.000e+00	0.000e+00	0.000e+00
195183.50	0.000e+00	0.000e+00	0.000e+00
195184.50	0.000e+00	0.000e+00	0.000e+00
195185.50	0.000e+00	0.000e+00	0.000e+00
195186.50	0.000e+00	0.000e+00	0.000e+00
195187.50	0.000e+00	0.000e+00	0.000e+00
195188.50	0.000e+00	0.000e+00	0.000e+00
195189.50	0.000e+00	0.000e+00	0.000e+00
195190.50	0.000e+00	0.000e+00	0.000e+00
195191.50	0.000e+00	0.000e+00	0.000e+00
195192.50	0.000e+00	0.000e+00	0.000e+00
195193.50	0.000e+00	0.000e+00	0.000e+00
195194.50	0.000e+00	0.000e+00	0.000e+00
195195.50	0.000e+00	0.000e+00	0.000e+00
195196.50	0.000e+00	0.000e+00	0.000e+00
195197.50	0.000e+00	0.000e+00	0.000e+00
195198.50	0.000e+00	0.000e+00	0.000e+00
195199.50	0.000e+00	0.000e+00	0.000e+00
195200.50	0.000e+00	0.000e+00	0.000e+00
195201.50	0.000e+00	0.000e+00	0.000e+00
195202.50	0.000e+00	0.000e+00	0.000e+00
195203.50	0.000e+00	0.000e+00	0.000e+00
195204.50	0.000e+00	0.000e+00	0.000e+00
195205.50	0.000e+00	0.000e+00	0.000e+00
195206.50	0.000e+00	0.000e+00	0.000e+00
195207.50	0.000e+00	0.000e+00	0.000e+00
195208.50	0.000e+00	0.000e+00	0.000e+00
195209.50	0.000e+00	0.000e+00	0.000e+00
195210.50	0.000e+00	0.000e+00	0.000e+00
195211.50	0.000e+00	0.000e+00	0.000e+00
195212.50	0.000e+00	0.000e+00	0.000e+00
195213.50	0.000e+00	0.000e+00	0.000e+00
195214.50	0.000e+00	0.000e+00	0.000e+00
195215.50	0.000e+00	0.000e+00	0.000e+00
195216.50	0.000e+00	0.000e+00	0.000e+00
195217.50	0.000e+00	0.000e+00	0.000e+00
195218.50	0.000e+00	0.000e+00	0.000e+00
195219.50	0.000e+00	0.000e+00	0.000e+00
195220.50	0.000e+00	0.000e+00	0.000e+00
195221.50	0.000e+00	0.000e+00	0.000e+00
195222.50	0.000e+00	0.000e+00	0.000e+00
195223.50	0.000e+00	0.000e+00	0.000e+00
195224.50	0.000e+00	0.000e+00	0.000e+00
195225.50	0.000e+00	0.000e+00	0.000e+00
195226.50	0.000e+00	0.000e+00	0.000e+00
195227.50	0.000e+00	0.000e+00	0.000e+00
195228.50	0.000e+00	0.000e+00	0.000e+00
195229.50	0.000e+00	0.000e+00	0.000e+00
195230.50	0.000e+00	0.000e+00	0.000e+00
195231.50	0.000e+00	0.000e+00	0.000e+00
195232.50	0.000e+00	0.000e+00	0.000e+00
195233.50	0.000e+00	0.000e+00	0.000e+00
195234.50	0.000e+00	0.000e+00	0.000e+00
195235.50	0.000e+00	0.000e+00	0.000e+00
195236.50	0.000e+00	0.000e+00	0.000e+00
195237.50	0.000e+00	0.000e+00	0.000e+00
195238.50	0.000e+00	0.000e+00	0.000e+00
195239.50	0.000e+00	0.000e+00	0.000e+00
195240.50	0.000e+00	0.000e+00	0.000e+00
195241.50	0.000e+00	0.000e+00	0.000e+00
195242.50	0.000e+00	0.000e+00	0.000e+00
195243.50	0.000e+00	0.000e+00	0.000e+00
195244.50	0.000e+00	0.000e+00	0.000e+00
195245.50	0.000e+00	0.000e+00	0.000e+00
195246.50	0.000e+00	0.000e+00	0.000e+00
195247.50	0.000e+00	0.000e+00	0.000e+00
195248.50	0.000e+00	0.000e+00	0.000e+00
195249.50	0.000e+00	0.000e+00	0.000e+00
195250.50	0.000e+00	0.000e+00	0.000e+00
195251.50	0.000e+00	0.000e+00	0.000e+00
195252.50	0.000e+00	0.000e+00	0.000e+00
195253.50	0.000e+00	0.000e+00	0.000e+00
195254.50	0.000e+00	0.000e+00	0.000e+00
195255.50	0.000e+00	0.000e+00	0.000e+00
195256.50	0.000e+00	0.000e+00	0.000e+00
195257.50	0.000e+00	0.000e+00	0.000e+00
195258.50	0.000e+00	0.000e+00	0.000e+00
195259.50	0.000e+00	0.000e+00	0.000e+00
195260.50	0.000e+00	0.000e+00	0.000e+00
195261.50	0.000e+00	0.000e+00	0.000e+00
195262.50	0.000e+00	0.000e+00	0.000e+00
195263.50	0.000e+00	0.000e+00	0.000e+00
195264.50	0.000e+00	0.000e+00	0.000e+00
195265.50	0.000e+00	0.000e+00	0.000e+00
195266.50	0.000e+00	0.000e+00	0.000e+00
195267.50	0.000e+00	0.000e+00	0.000e+00
195268.50	0.000e+00	0.000e+00	0.000e+00
195269.50	0.000e+00	0.000e+00	0.000e+00
195270.50	0.000e+00	0.000e+00	0.000e+00
195271.50	0.000e+00	0.000e+00	0.000e+00
195272.50	0.000e+00	0.000e+00	0.000e+00
195273.50	0.000e+00	0.000e+00	0.000e+00
195274.50	0.000e+00	0.000e+00	0.000e+00
195275.50	0.000e+00	0.000e+00	0.000e+00
195276.50	0.000e+00	0.000e+00	0.000e+00
195277.50	0.000e+00	0.000e+00	0.000e+00
195278.50	0.000e+00	0.000e+00	0.000e+00
195279.50	0.000e+00	0.000e+00	0.000e+00
195280.50	0.000e+00	0.000e+00	0.000e+00
195281.50	0.000e+00	0.000e+00	0.000e+00
195282.50	0.000e+00	0.000e+00	0.000e+00
195283.50	0.000e+00	0.000e+00	0.000e+00
195284.50	0.000e+00	0.000e+00	0.000e+00
195285.50	0.000e+00	0.000e+00	0.000e+00
195286.50	0.000e+00	0.000e+00	0.000e+00
195287.50	0.000e+00	0.000e+00	0.000e+00
195288.50	0.000e+00	0.000e+00	0.000e+00
195289.50	0.000e+00	0.000e+00	0.000e+00
195290.50	0.000e+00	0.000e+00	0.000e+00
195291.50	0.000e+00	0.000e+00	0.000e+00
195292.50	0.000e+00	0.000e+00	0.000e+00
195293.50	0.000e+00	0.000e+00	0.000e+00
195294.50	0.000e+00	0.000e+00	0.000e+00
195295.50	0.000e+00	0.000e+00	0.000e+00
195296.50	0.000e+00	0.000e+00	0.000e+00
195297.50	0.000e+00	0.000e+00	0.000e+00
195298.50	0.000e+00	0.000e+00	0.000e+00
195299.50	0.000e+00	0.000e+00	0.000e+00
195300.50	0.000e+00	0.000e+00	0.000e+00
195301.50	2.438e-07	2.630e-06	8.362e-06
195302.50	6.278e-06	-3.888e-05	3.360e-04
195303.50	2.803e-05	-3.869e-03	7.200e-03
195304.50	8.275e-04	1.536e-02	2.342e-02
195305.50	-1.181e-03	-1.584e-02	-4.656e-02
195306.50	-6.989e-03	-1.661e-01	-1.594e-01
195307.50	-4.704e-02	-1.670e+00	-2.467e-01
195308.50	-1.910e-02	-2.851e+00	3.168e+00
195309.50	-2.736e-01	-1.267e+01	3.283e+00
195310.50	-5.194e-01	-2.294e+01	4.848e+00
195311.50	-8.429e-01	-3.926e+01	1.171e+01
195312.50	-1.277e+00	-5.654e+01	1.411e+01
195313.50	-1.968e+00	-8.832e+01	2.438e+01
195314.50	-2.006e+00	-8.938e+01	2.477e+01
195315.50	-2.621e+00	-1.008e+02	1.142e+01
195316.50	-3.053e+00	-1.181e+02	1.594e+01
195317.50	-3.168e+00	-1.181e+02	1.325e+01
195318.50	-1.382e+00	-4.973e+01	4.387e+00
195319.50	-1.133e+00	-3.466e+01	-3.504e+00
195320.50	-4.704e-01	-8.659e+00	-7.594e+00
195321.50	1.277e-01	5.962e+00	4.502e-01
195322.50	1.718e-01	1.104e+01	-4.138e+00
195323.50	5.606e-01	2.237e+01	-2.256e+00
195324.50	5.962e-01	2.813e+01	-8.899e+00
195325.50	4.426e-01	2.410e+01	-1.094e+01
195326.50	1.008e+00	3.552e+01	1.219e-02
195327.50	6.998e-01	3.168e+01	-9.485e+00
195328.50	5.923e-01	2.851e+01	-1.008e+01
195329.50	9.370e-01	3.456e+01	-3.360e+00
195330.50	8.314e-01	3.168e+01	-4.598e+00
195331.50	6.778e-01	2.592e+01	-3.283e+00
195332.50	6.125e-01	2.707e+01	-7.949e+00
195333.50	5.357e-01	2.314e+01	-6.365e+00
195334.50	6.240e-01	2.246e+01	-1.766e+00
195335.50	5.616e-01	2.179e+01	-3.725e+00
195336.50	4.992e-01	2.150e+01	-5.750e+00
195337.50	6.096e-01	2.074e+01	-1.094e-01
195338.50	5.078e-01	1.824e+01	-9.984e-01
195339.50	4.234e-01	1.632e+01	-2.573e+00
195340.50	3.936e-01	1.632e+01	-4.022e+00
195341.50	4.003e-01	1.382e+01	-2.640e-01
195342.50	3.907e-01	1.382e+01	-4.099e-01
195343.50	4.166e-01	1.565e+01	-2.112e+00
195344.50	3.082e-01	1.142e+01	-8.688e-01
195345.50	3.206e-01	1.315e+01	-2.890e+00
195346.50	2.918e-01	1.046e+01	-7.296e-01
195347.50	2.688e-01	8.957e+00	2.563e-01
195348.50	1.642e-01	8.275e+00	-3.110e+00
195349.50	2.179e-01	9.293e+00	-2.486e+00
195350.50	2.544e-01	8.678e+00	5.338e-02
195351.50	2.842e-01	9.984e+00	-1.402e-01
195352.50	1.814e-01	6.950e+00	-9.888e-01
195353.50	2.669e-01	9.216e+00	-2.131e-01
195354.50	1.517e-01	5.434e+00	-3.245e-01
195355.50	1.306e-01	6.547e+00	-2.813e+00
195356.50	1.699e-01	6.038e+00	-3.955e-01
195357.50	1.123e-01	4.397e+00	-4.992e-01
195358.50	1.603e-01	5.568e+00	-2.342e-01
195359.50	1.402e-01	5.386e+00	-6.288e-01
195360.50	1.248e-01	5.030e+00	-7.939e-01
195361.50	9.274e-02	3.965e+00	-9.696e-01
195362.50	1.267e-01	4.397e+00	-1.776e-01
195363.50	1.296e-01	3.830e+00	6.739e-01
195364.50	1.258e-01	4.493e+00	-2.294e-01
195365.50	1.402e-01	5.078e+00	-2.947e-01
195366.50	9.888e-02	3.494e+00	-3.878e-04
195367.50	6.797e-02	2.678e+00	-4.426e-01
195368.50	5.136e-02	2.650e+00	-1.046e+00
195369.50	8.026e-02	3.254e+00	-6.317e-01
195370.50	7.738e-02	2.611e+00	-6.768e-02
195371.50	5.309e-02	1.824e+00	8.429e-02
195372.50	1.027e-01	2.986e+00	6.192e-01
195373.50	5.357e-02	2.304e+00	-4.070e-01
195374.50	5.952e-02	2.074e+00	-2.822e-02
195375.50	7.814e-02	2.928e+00	-3.965e-01
195376.50	4.282e-02	1.757e+00	-4.291e-01
195377.50	4.541e-02	1.949e+00	-4.147e-01
195378.50	6.298e-02	2.438e+00	-2.842e-01
195379.50	4.099e-02	1.670e+00	-3.917e-01
195380.50	5.770e-02	1.440e+00	5.136e-01
195381.50	3.744e-02	1.690e+00	-4.531e-01
195382.50	3.437e-02	1.354e+00	-3.821e-01
195383.50	4.022e-02	1.219e+00	4.214e-01
195384.50	4.886e-02	1.498e+00	7.402e-02
195385.50	7.325e-02	1.795e+00	6.288e-01
195386.50	2.102e-02	1.315e+00	-5.770e-01
195387.50	2.669e-02	1.123e+00	-2.006e-01
195388.50	4.675e-02	1.354e+00	2.880e-01
195389.50	3.638e-02	1.440e+00	-3.792e-01
195390.50	3.341e-02	1.373e+00	-2.544e-01
195391.50	-6.710e-03	5.722e-01	-8.573e-01
195392.50	1.882e-02	7.430e-01	-1.258e-01
195393.50	1.795e-02	1.066e+00	-4.685e-01
195394.50	4.378e-02	1.219e+00	3.638e-01
195395.50	3.878e-02	1.104e+00	1.958e-01
195396.50	1.862e-02	9.888e-01	-4.262e-01
195397.50	1.392e-02	8.410e-01	-3.792e-01
195398.50	4.560e-02	1.037e+00	-5.568e-02
195399.50	1.786e-02	3.226e-01	-9.523e-02
195400.50	8.150e-03	7.536e-01	-6.086e-01
195401.50	9.888e-03	6.605e-01	-3.418e-02
195402.50	9.504e-03	2.669e-01	2.237e-01
195403.50	5.338e-03	3.446e-01	-1.622e-01
195404.50	4.176e-02	1.085e+00	4.301e-01
195405.50	2.304e-02	7.594e-01	7.008e-02
195406.50	1.296e-02	6.010e-01	-9.696e-02
195407.50	2.698e-02	1.018e+00	-2.429e-01
195408.50	8.006e-03	5.702e-01	-2.880e-01
195409.50	3.005e-03	2.275e-01	-2.026e-01
195410.50	1.258e-02	4.550e-01	-1.411e-01
195411.50	2.659e-02	2.918e-01	8.246e-02
195412.50	-2.390e-02	-1.094e-01	-1.066e-01
195413.50	1.373e-02	5.030e-01	8.803e-02
195414.50	2.602e-02	5.606e-01	4.675e-01
195415.50	2.083e-03	1.478e-01	-2.026e-01
195416.50	-7.210e-03	-2.765e-02	-2.794e-01
195417.50	-2.083e-02	-2.256e-01	-4.118e-01
195418.50	1.171e-02	4.560e-01	1.670e-02
195419.50	1.738e-02	5.741e-01	9.043e-02
195420.50	1.824e-02	6.797e-01	-1.651e-01
195421.50	1.238e-02	2.784e-01	1.267e-01
195422.50	1.373e-02	4.032e-01	1.210e-01
195423.50	-4.627e-03	-6.557e-02	7.565e-03
195424.50	6.739e-03	5.606e-01	-4.589e-01
195425.50	7.267e-03	3.821e-01	-1.123e-01
195426.50	1.670e-02	2.534e-01	3.379e-01
195427.50	3.226e-03	3.274e-01	-2.957e-01
195428.50	-7.632e-03	-1.066e-01	-1.824e-01
195429.50	8.630e-03	4.301e-01	-1.277e-01
195430.50	5.568e-03	2.813e-01	-4.339e-02
195431.50	9.792e-03	3.101e-01	3.389e-02
195432.50	5.242e-03	2.966e-01	-8.266e-03
195433.50	-8.698e-03	-5.482e-02	-2.141e-01
195434.50	8.035e-03	6.259e-02	2.381e-01
195435.50	7.411e-03	2.150e-01	1.450e-01
195436.50	1.450e-02	6.202e-01	-2.515e-01
195437.50	1.517e-02	5.530e-01	-1.517e-01
195438.50	3.168e-03	2.400e-01	-6.576e-02
195439.50	1.584e-02	2.323e-01	2.784e-01
195440.50	-3.168e-03	-4.080e-02	-7.373e-02
195441.50	3.581e-03	1.469e-01	9.360e-02
195442.50	1.555e-03	-1.709e-02	7.344e-02
195443.50	-1.258e-02	-1.920e-01	-2.602e-01
195444.50	-8.102e-03	-4.032e-02	-3.475e-01
195445.50	3.053e-03	2.016e-01	-1.104e-01
195446.50	4.454e-03	2.928e-01	-1.373e-01
195447.50	-1.162e-03	-1.286e-01	1.200e-01
195448.50	-7.210e-04	-1.901e-01	2.314e-01
195449.50	1.392e-02	4.243e-01	1.507e-01
195450.50	1.200e-02	3.523e-01	3.014e-02
195451.50	9.888e-03	3.571e-01	-1.066e-01
195452.50	6.874e-03	2.371e-01	-5.280e-02
195453.50	1.027e-02	2.102e-01	1.805e-01
195454.50	-1.037e-03	2.899e-02	-1.757e-01
195455.50	-6.518e-03	-8.899e-02	-1.325e-01
195456.50	-4.387e-04	1.229e-01	-1.488e-01
195457.50	-7.363e-03	-3.523e-01	1.392e-01
195458.50	-1.757e-03	6.422e-02	-1.478e-02
195459.50	9.696e-03	2.218e-01	1.440e-01
195460.50	-5.376e-03	1.229e-02	-2.093e-01
195461.50	-8.794e-03	-1.507e-02	-2.352e-01
195462.50	1.862e-02	4.397e-01	1.392e-01
195463.50	-3.792e-05	8.851e-02	-2.064e-02
195464.50	1.190e-03	7.651e-02	-1.229e-01
195465.50	-4.051e-03	-1.056e-01	6.422e-02
195466.50	3.101e-03	-9.216e-02	2.227e-01
195467.50	1.478e-02	4.272e-01	-4.618e-03
195468.50	-5.347e-03	-1.094e-01	1.498e-01
195469.50	-1.478e-02	-8.093e-02	-2.477e-01
195470.50	6.413e-03	2.160e-01	-5.242e-03
195471.50	1.507e-02	3.686e-01	-1.286e-02
195472.50	4.166e-03	3.658e-02	9.053e-02
195473.50	8.573e-03	3.178e-03	3.437e-01
195474.50	2.832e-03	1.997e-01	-1.488e-01
195475.50	-1.728e-03	-4.397e-02	1.018e-01
195476.50	1.085e-03	-9.475e-02	8.918e-02
195477.50	5.203e-03	8.966e-02	5.107e-02
195478.50	3.293e-03	4.224e-02	4.166e-02
195479.50	5.318e-04	3.984e-02	6.221e-04
195480.50	1.363e-03	3.149e-01	-1.555e-01
195481.50	2.582e-03	-1.018e-01	1.574e-01
195482.50	3.014e-03	7.920e-02	6.038e-02
195483.50	5.789e-04	3.379e-02	-9.293e-02
195484.50	-5.290e-04	1.958e-02	-1.190e-01
195485.50	-5.414e-03	5.856e-02	-1.834e-01
195486.50	4.445e-03	1.498e-03	1.296e-01
195487.50	-2.822e-03	-2.294e-01	2.765e-01
195488.50	-1.680e-03	-1.046e-01	2.448e-02
195489.50	4.147e-03	2.294e-01	-8.083e-02
195490.50	2.160e-03	1.450e-01	-5.942e-02
195491.50	-9.360e-03	-7.690e-02	-2.410e-01
195492.50	4.886e-03	2.390e-03	2.726e-02
195493.50	4.186e-03	1.104e-01	5.203e-02
195494.50	-9.245e-03	-6.125e-02	-1.459e-01
195495.50	-2.822e-03	-1.690e-02	-7.037e-02
195496.50	5.299e-04	-8.976e-03	-2.976e-02
195497.50	1.594e-03	3.917e-02	9.245e-03
195498.50	4.522e-04	-1.661e-02	4.742e-02
195499.50	-8.496e-03	-4.954e-02	-2.102e-01
195500.50	-4.896e-03	-1.296e-01	-1.075e-01
195501.50	-5.050e-03	-8.957e-02	-4.618e-02
195502.50	1.008e-02	2.016e-01	1.766e-01
195503.50	8.266e-03	2.256e-01	1.306e-01
195504.50	3.408e-03	1.306e-02	9.888e-02
195505.50	-2.179e-03	-1.075e-01	-9.139e-03
195506.50	1.526e-03	2.966e-02	-2.918e-02
195507.50	1.152e-03	1.018e-01	-1.334e-01
195508.50	2.093e-03	-5.750e-02	1.891e-01
195509.50	4.781e-06	6.970e-02	-6.835e-02
195510.50	-3.389e-03	-3.850e-02	-6.941e-02
195511.50	1.142e-03	6.950e-02	1.862e-02
195512.50	7.920e-04	2.938e-02	9.322e-02
195513.50	-8.640e-04	1.200e-01	-9.245e-02
195514.50	2.621e-03	2.966e-02	-1.411e-02
195515.50	-5.050e-03	-1.085e-01	-6.355e-02
195516.50	1.286e-03	-5.347e-02	3.235e-02
195517.50	2.659e-03	8.477e-02	-2.064e-02
195518.50	6.077e-03	4.944e-02	1.555e-01
195519.50	-5.856e-03	-5.299e-02	-1.286e-01
195520.50	7.901e-03	1.536e-01	6.509e-02
195521.50	-4.426e-03	2.477e-02	-1.382e-01
195522.50	-3.542e-03	-3.667e-02	-5.414e-02
195523.50	-3.936e-03	-2.093e-02	-1.843e-01
195524.50	2.371e-03	2.986e-02	4.435e-02
195525.50	-1.162e-03	9.139e-02	-1.450e-01
195526.50	2.342e-03	-2.890e-02	1.056e-01
195527.50	-1.296e-04	3.840e-02	-1.421e-02
195528.50	8.218e-03	1.450e-01	4.147e-02
195529.50	1.229e-03	-5.107e-02	1.325e-01
195530.50	2.717e-03	4.234e-02	7.920e-02
195531.50	-2.170e-03	-3.187e-02	3.014e-02
195532.50	3.034e-03	6.566e-02	2.448e-02
195533.50	1.046e-03	4.608e-02	-2.429e-02
195534.50	-1.738e-03	-4.646e-02	-6.451e-02
195535.50	4.790e-03	4.358e-02	8.093e-02
195536.50	-1.104e-02	-1.075e-01	-1.123e-01
195537.50	4.502e-03	1.162e-01	3.062e-02
195538.50	2.362e-03	4.954e-03	3.955e-03
195539.50	3.293e-03	4.829e-02	1.162e-01
195540.50	-1.238e-03	9.158e-02	-1.363e-01
195541.50	3.379e-03	-2.582e-02	1.066e-01
195542.50	6.336e-05	2.496e-02	-7.171e-02
195543.50	8.275e-03	1.450e-01	1.018e-01
195544.50	5.366e-03	8.842e-02	1.056e-01
195545.50	-6.422e-03	-1.498e-01	-7.834e-02
195546.50	-1.824e-03	-6.806e-02	5.626e-02
195547.50	-3.350e-03	6.528e-04	-7.325e-02
195548.50	3.120e-03	9.091e-02	-1.373e-02
195549.50	-4.406e-03	-1.498e-01	1.229e-02
195550.50	-1.594e-03	-4.589e-02	1.546e-02
195551.50	3.360e-03	1.210e-01	3.446e-02
195552.50	-7.162e-03	-1.027e-01	-1.546e-01
195553.50	-5.088e-03	-1.315e-01	-5.203e-02
195554.50	4.118e-03	9.062e-02	4.070e-02
195555.50	6.086e-03	1.834e-02	1.200e-01
195556.50	-1.958e-03	-3.763e-02	-1.766e-02
195557.50	-2.285e-04	9.235e-03	3.638e-02
195558.50	-1.613e-03	-5.722e-02	-1.430e-02
195559.50	-1.949e-03	-5.712e-02	-1.843e-02
195560.50	2.074e-03	1.027e-01	-2.890e-02
195561.50	5.222e-03	1.690e-01	2.314e-02
195562.50	1.008e-03	2.246e-02	8.842e-02
195563.50	1.450e-03	9.053e-03	1.718e-02
195564.50	4.320e-04	-4.061e-03	1.776e-02
195565.50	-7.747e-03	-8.995e-02	-2.218e-01
195566.50	4.109e-03	2.726e-04	9.005e-02
195567.50	2.333e-03	3.917e-02	6.346e-02
195568.50	-5.366e-03	-2.698e-02	-1.594e-01
195569.50	-3.936e-03	-3.590e-02	-1.200e-01
195570.50	-5.290e-03	-1.181e-01	-1.171e-02
195571.50	1.498e-03	7.248e-02	-1.363e-02
195572.50	5.990e-03	1.968e-01	1.862e-02
195573.50	-9.245e-04	2.371e-02	-5.866e-02
195574.50	-2.765e-03	-6.749e-02	7.574e-03
195575.50	1.661e-05	7.459e-02	-6.701e-02
195576.50	-1.363e-05	-5.328e-02	9.984e-02
195577.50	7.411e-04	3.533e-02	-2.477e-03
195578.50	4.070e-04	-1.267e-02	7.565e-02
195579.50	-4.848e-03	4.848e-02	-2.218e-01
195580.50	-2.467e-03	2.141e-02	-1.286e-01
195581.50	1.930e-03	6.586e-02	-1.939e-02
195582.50	2.035e-03	3.389e-02	3.206e-02
195583.50	3.302e-03	5.194e-02	5.904e-02
195584.50	-3.485e-03	-7.421e-02	6.058e-03
195585.50	6.624e-03	8.659e-02	4.915e-02
195586.50	4.646e-03	1.075e-01	1.133e-01
195587.50	1.594e-03	-7.824e-02	1.085e-01
195588.50	-4.531e-03	-7.680e-02	-1.286e-01
195589.50	-3.946e-03	-3.888e-02	-9.485e-02
195590.50	-3.744e-03	-5.366e-02	-4.454e-02
195591.50	-1.094e-03	-3.427e-03	-1.104e-02
195592.50	2.746e-04	-6.269e-02	3.110e-02
195593.50	-9.792e-04	7.968e-03	-3.264e-02
195594.50	-5.510e-04	7.382e-03	2.755e-02
195595.50	4.022e-04	-2.208e-02	6.384e-02
195596.50	2.534e-03	7.872e-02	-2.678e-02
195597.50	-6.211e-04	3.245e-02	-1.853e-02
195598.50	-9.235e-04	-4.042e-02	-3.667e-02
195599.50	-2.438e-03	-1.229e-01	2.506e-02
195600.50	-8.602e-04	-4.608e-02	1.238e-02
195601.50	1.987e-03	1.104e-02	8.304e-02
195602.50	1.219e-03	5.270e-02	-2.986e-02
195603.50	4.858e-03	1.056e-01	6.374e-02
195604.50	-3.600e-03	-2.486e-03	-9.005e-02
195605.50	-2.899e-03	-3.312e-02	-7.450e-02
195606.50	2.458e-03	-7.027e-03	3.802e-02
195607.50	8.899e-04	9.561e-02	-5.136e-02
195608.50	2.400e-03	5.578e-02	-3.053e-02
195609.50	-3.792e-03	-7.536e-02	-6.086e-02
195610.50	-1.882e-03	-6.470e-02	8.794e-03
195611.50	2.160e-03	6.509e-02	3.062e-02
195612.50	2.813e-03	6.298e-02	3.034e-02
195613.50	-3.216e-03	-6.778e-02	-5.146e-02
195614.50	-9.984e-04	-1.334e-02	-2.438e-02
195615.50	6.134e-04	-2.064e-02	-4.723e-03
195616.50	1.373e-03	-2.314e-02	6.432e-02
195617.50	3.802e-04	6.960e-02	6.480e-03
195618.50	-1.584e-03	-8.045e-02	5.242e-02
195619.50	-1.478e-05	1.642e-02	-3.226e-02
195620.50	3.101e-03	1.747e-02	3.216e-02
195621.50	2.458e-03	4.358e-02	6.307e-02
195622.50	-2.314e-03	-1.066e-02	-3.533e-02
195623.50	-6.787e-04	-3.139e-02	-6.826e-03
195624.50	3.859e-04	3.494e-03	-8.813e-03
195625.50	-5.069e-03	-6.624e-02	-8.400e-02
195626.50	-7.978e-04	5.491e-02	-5.722e-02
195627.50	9.014e-04	4.656e-04	3.408e-02
195628.50	1.997e-03	4.522e-02	4.598e-02
195629.50	4.579e-03	1.046e-01	3.734e-02
195630.50	-1.536e-04	-1.565e-03	-1.114e-02
195631.50	-2.371e-03	-6.883e-02	2.227e-02
195632.50	-1.066e-03	-1.334e-03	-1.670e-02
195633.50	-9.466e-06	1.738e-02	1.142e-02
195634.50	1.027e-03	1.546e-02	1.162e-02
195635.50	4.051e-03	4.781e-02	2.285e-02
195636.50	2.246e-03	3.235e-02	3.869e-02
