195038.50	0.000e+00	0.000e+00	0.000e+00
195039.50	0.000e+00	0.000e+00	0.000e+00
195040.50	0.000e+00	0.000e+00	0.000e+00
195041.50	0.000e+00	0.000e+00	0.000e+00
195042.50	0.000e+00	0.000e+00	0.000e+00
195043.50	0.000e+00	0.000e+00	0.000e+00
195044.50	0.000e+00	0.000e+00	0.000e+00
195045.50	0.000e+00	0.000e+00	0.000e+00
195046.50	0.000e+00	0.000e+00	0.000e+00
195047.50	0.000e+00	0.000e+00	0.000e+00
195048.50	0.000e+00	0.000e+00	0.000e+00
195049.50	0.000e+00	0.000e+00	0.000e+00
195050.50	0.000e+00	0.000e+00	0.000e+00
195051.50	0.000e+00	0.000e+00	0.000e+00
195052.50	0.000e+00	0.000e+00	0.000e+00
195053.50	0.000e+00	0.000e+00	0.000e+00
195054.50	0.000e+00	0.000e+00	0.000e+00
195055.50	0.000e+00	0.000e+00	0.000e+00
195056.50	0.000e+00	0.000e+00	0.000e+00
195057.50	0.000e+00	0.000e+00	0.000e+00
195058.50	0.000e+00	0.000e+00	0.000e+00
195059.50	0.000e+00	0.000e+00	0.000e+00
195060.50	0.000e+00	0.000e+00	0.000e+00
195061.50	0.000e+00	0.000e+00	0.000e+00
195062.50	0.000e+00	0.000e+00	0.000e+00
195063.50	0.000e+00	0.000e+00	0.000e+00
195064.50	0.000e+00	0.000e+00	0.000e+00
195065.50	0.000e+00	0.000e+00	0.000e+00
195066.50	0.000e+00	0.000e+00	0.000e+00
195067.50	0.000e+00	0.000e+00	0.000e+00
195068.50	0.000e+00	0.000e+00	0.000e+00
195069.50	0.000e+00	0.000e+00	0.000e+00
195070.50	0.000e+00	0.000e+00	0.000e+00
195071.50	0.000e+00	0.000e+00	0.000e+00
195072.50	0.000e+00	0.000e+00	0.000e+00
195073.50	0.000e+00	0.000e+00	0.000e+00
195074.50	0.000e+00	0.000e+00	0.000e+00
195075.50	0.000e+00	0.000e+00	0.000e+00
195076.50	0.000e+00	0.000e+00	0.000e+00
195077.50	0.000e+00	0.000e+00	0.000e+00
195078.50	0.000e+00	0.000e+00	0.000e+00
195079.50	0.000e+00	0.000e+00	0.000e+00
195080.50	0.000e+00	0.000e+00	0.000e+00
195081.50	0.000e+00	0.000e+00	0.000e+00
195082.50	0.000e+00	0.000e+00	0.000e+00
195083.50	0.000e+00	0.000e+00	0.000e+00
195084.50	0.000e+00	0.000e+00	0.000e+00
195085.50	0.000e+00	0.000e+00	0.000e+00
195086.50	0.000e+00	0.000e+00	0.000e+00
195087.50	0.000e+00	0.000e+00	0.000e+00
195088.50	0.000e+00	0.000e+00	0.000e+00
195089.50	0.000e+00	0.000e+00	0.000e+00
195090.50	0.000e+00	0.000e+00	0.000e+00
195091.50	0.000e+00	0.000e+00	0.000e+00
195092.50	0.000e+00	0.000e+00	0.000e+00
195093.50	0.000e+00	0.000e+00	0.000e+00
195094.50	0.000e+00	0.000e+00	0.000e+00
195095.50	0.000e+00	0.000e+00	0.000e+00
195096.50	0.000e+00	0.000e+00	0.000e+00
195097.50	0.000e+00	0.000e+00	0.000e+00
195098.50	0.000e+00	0.000e+00	0.000e+00
195099.50	0.000e+00	0.000e+00	0.000e+00
195100.50	0.000e+00	0.000e+00	0.000e+00
195101.50	0.000e+00	0.000e+00	0.000e+00
195102.50	0.000e+00	0.000e+00	0.000e+00
195103.50	0.000e+00	0.000e+00	0.000e+00
195104.50	0.000e+00	0.000e+00	0.000e+00
195105.50	0.000e+00	0.000e+00	0.000e+00
195106.50	0.000e+00	0.000e+00	0.000e+00
195107.50	0.000e+00	0.000e+00	0.000e+00
195108.50	0.000e+00	0.000e+00	0.000e+00
195109.50	0.000e+00	0.000e+00	0.000e+00
195110.50	0.000e+00	0.000e+00	0.000e+00
195111.50	0.000e+00	0.000e+00	0.000e+00
195112.50	0.000e+00	0.000e+00	0.000e+00
195113.50	0.000e+00	0.000e+00	0.000e+00
195114.50	0.000e+00	0.000e+00	0.000e+00
195115.50	0.000e+00	0.000e+00	0.000e+00
195116.50	0.000e+00	0.000e+00	0.000e+00
195117.50	0.000e+00	0.000e+00	0.000e+00
195118.50	0.000e+00	0.000e+00	0.000e+00
195119.50	0.000e+00	0.000e+00	0.000e+00
195120.50	0.000e+00	0.000e+00	0.000e+00
195121.50	0.000e+00	0.000e+00	0.000e+00
195122.50	0.000e+00	0.000e+00	0.000e+00
195123.50	0.000e+00	0.000e+00	0.000e+00
195124.50	0.000e+00	0.000e+00	0.000e+00
195125.50	0.000e+00	0.000e+00	0.000e+00
195126.50	0.000e+00	0.000e+00	0.000e+00
195127.50	0.000e+00	0.000e+00	0.000e+00
195128.50	0.000e+00	0.000e+00	0.000e+00
195129.50	0.000e+00	0.000e+00	0.000e+00
195130.50	0.000e+00	0.000e+00	0.000e+00
195131.50	0.000e+00	0.000e+00	0.000e+00
195132.50	0.000e+00	0.000e+00	0.000e+00
195133.50	0.000e+00	0.000e+00	0.000e+00
195134.50	0.000e+00	0.000e+00	0.000e+00
195135.50	0.000e+00	0.000e+00	0.000e+00
195136.50	0.000e+00	0.000e+00	0.000e+00
195137.50	0.000e+00	0.000e+00	0.000e+00
195138.50	0.000e+00	0.000e+00	0.000e+00
195139.50	0.000e+00	0.000e+00	0.000e+00
195140.50	0.000e+00	0.000e+00	0.000e+00
195141.50	0.000e+00	0.000e+00	0.000e+00
195142.50	0.000e+00	0.000e+00	0.000e+00
195143.50	0.000e+00	0.000e+00	0.000e+00
195144.50	0.000e+00	0.000e+00	0.000e+00
195145.50	-2.496e-07	-1.315e-07	1.651e-05
195146.50	-1.334e-05	-1.277e-04	7.824e-04
195147.50	-5.251e-05	-9.600e-04	1.354e-03
195148.50	1.622e-04	8.294e-03	-4.195e-03
195149.50	-5.664e-05	-4.349e-03	1.411e-03
195150.50	-1.258e-04	1.478e-03	6.826e-03
195151.50	6.288e-05	-3.533e-03	-8.563e-03
195152.50	7.661e-05	-3.322e-03	-4.723e-03
195153.50	1.920e-04	5.146e-03	-1.046e-03
195154.50	1.584e-04	5.155e-03	-2.141e-04
195155.50	-2.323e-04	-1.939e-03	5.722e-03
195156.50	-5.750e-05	-2.947e-03	3.130e-03
195157.50	3.178e-05	8.429e-03	2.294e-03
195158.50	2.179e-05	-1.037e-02	-1.920e-03
195159.50	-1.565e-04	-6.250e-03	-2.074e-03
195160.50	-4.762e-04	-1.824e-02	7.190e-03
195161.50	2.659e-04	2.170e-02	-3.917e-03
195162.50	2.477e-04	-2.275e-03	-3.744e-03
195163.50	2.803e-04	-6.614e-03	-1.075e-02
195164.50	1.709e-04	-9.696e-02	-4.752e-02
195165.50	-2.093e-03	4.157e-02	1.661e-01
195166.50	-1.853e-03	-2.966e-02	1.018e-01
195167.50	2.717e-03	-1.824e-02	-1.027e-01
195168.50	6.480e-04	8.150e-02	-5.366e-02
195169.50	-1.238e-03	-5.280e-02	1.229e-02
195170.50	4.694e-03	6.288e-02	-1.795e-01
195171.50	-3.792e-03	-5.827e-01	1.094e-01
195172.50	-6.797e-03	-4.339e-01	2.074e-01
195173.50	-5.558e-03	-1.526e+00	-7.795e-02
195174.50	-4.464e-02	-7.939e+00	5.981e-01
195175.50	-9.475e-02	-2.803e+01	-2.381e+00
195176.50	-3.389e-01	-7.642e+01	1.229e-01
195177.50	-5.818e-01	-1.603e+02	-7.104e+00
195178.50	-1.171e+00	-2.890e+02	-1.402e+00
195179.50	-7.392e-01	-1.738e+02	4.512e+00
195180.50	-1.075e+00	-3.110e+02	-9.888e+00
195181.50	-6.461e-01	-1.930e+02	-3.456e+00
195182.50	1.488e-01	3.485e+00	-4.963e+00
195183.50	2.870e-01	8.602e+01	7.526e+00
195184.50	4.906e-01	1.066e+02	-2.794e+00
195185.50	3.466e-01	9.456e+01	3.187e+00
195186.50	3.312e-01	7.987e+01	5.616e-02
195187.50	3.149e-01	7.325e+01	-9.178e-01
195188.50	2.621e-01	6.298e+01	-1.392e-01
195189.50	1.795e-01	5.770e+01	3.907e+00
195190.50	1.709e-01	4.579e+01	1.200e+00
195191.50	1.853e-01	4.339e+01	-1.286e+00
195192.50	1.834e-01	4.474e+01	-2.246e-02
195193.50	1.680e-01	3.581e+01	-2.746e+00
195194.50	1.440e-01	3.379e+01	-6.086e-01
195195.50	1.152e-01	3.197e+01	1.075e+00
195196.50	9.062e-02	2.698e+01	2.122e+00
195197.50	1.046e-01	2.467e+01	-3.322e-01
195198.50	6.298e-02	2.659e+01	2.016e+00
195199.50	5.914e-02	2.170e+01	2.256e+00
195200.50	7.402e-02	2.150e+01	1.248e+00
195201.50	7.843e-02	1.603e+01	3.226e-01
195202.50	5.338e-02	1.421e+01	-1.133e+00
195203.50	5.779e-02	1.690e+01	-3.677e-03
195204.50	5.942e-02	1.517e+01	-2.285e-01
195205.50	2.458e-02	1.277e+01	1.469e+00
195206.50	3.514e-02	1.248e+01	5.011e-01
195207.50	3.715e-02	1.354e+01	8.966e-01
195208.50	7.210e-02	1.421e+01	-1.306e+00
195209.50	3.034e-02	1.114e+01	7.843e-01
195210.50	4.608e-02	9.792e+00	-8.957e-01
195211.50	5.501e-02	9.888e+00	-1.066e+00
195212.50	3.034e-02	8.160e+00	1.421e-01
195213.50	2.544e-02	8.650e+00	2.678e-01
195214.50	9.600e-03	8.582e+00	1.373e+00
195215.50	1.872e-02	7.027e+00	-4.195e-01
195216.50	9.043e-03	7.325e+00	1.613e+00
195217.50	5.904e-03	5.558e+00	9.888e-01
195218.50	2.198e-02	6.259e+00	-5.702e-01
195219.50	2.419e-02	6.269e+00	5.962e-02
195220.50	9.600e-03	5.098e+00	8.131e-01
195221.50	2.554e-02	5.453e+00	-3.418e-01
195222.50	1.910e-02	5.856e+00	3.110e-01
195223.50	6.221e-03	3.581e+00	5.885e-01
195224.50	-2.621e-03	3.773e+00	1.190e+00
195225.50	9.293e-03	4.426e+00	3.878e-01
195226.50	1.402e-02	3.859e+00	4.618e-02
195227.50	1.085e-02	3.379e+00	5.971e-02
195228.50	1.872e-02	3.984e+00	-2.966e-01
195229.50	3.370e-03	3.283e+00	7.488e-01
195230.50	1.834e-02	3.216e+00	-5.251e-01
195231.50	9.888e-03	2.880e+00	2.659e-01
195232.50	6.960e-03	3.658e+00	3.638e-01
195233.50	1.421e-02	2.160e+00	-3.014e-01
195234.50	6.038e-03	2.976e+00	2.554e-01
195235.50	1.594e-02	2.592e+00	-5.616e-01
195236.50	6.346e-03	2.275e+00	1.334e-01
195237.50	1.382e-03	2.131e+00	3.398e-01
195238.50	5.683e-03	2.093e+00	6.077e-01
195239.50	7.526e-03	2.784e+00	7.939e-02
195240.50	-9.206e-04	1.718e+00	1.690e-01
195241.50	3.139e-03	1.670e+00	3.850e-02
195242.50	2.160e-03	1.229e+00	2.026e-01
195243.50	9.350e-03	2.131e+00	-1.651e-01
195244.50	-2.362e-03	1.738e+00	1.440e-01
195245.50	-5.434e-03	1.565e+00	2.755e-02
195246.50	1.142e-02	1.901e+00	-4.013e-01
195247.50	8.064e-03	1.133e+00	-2.582e-01
195248.50	-1.968e-03	5.520e-01	1.478e-01
195249.50	1.162e-03	1.056e+00	3.696e-02
195250.50	4.464e-03	1.190e+00	-9.005e-03
195251.50	7.939e-03	1.642e+00	-9.072e-02
195252.50	8.246e-03	1.229e+00	-2.746e-01
195253.50	-5.270e-04	6.374e-01	2.438e-01
195254.50	4.685e-03	8.400e-01	-3.638e-02
195255.50	6.211e-03	8.304e-01	-1.181e-01
195256.50	9.370e-03	1.123e+00	-3.514e-01
195257.50	-2.390e-03	1.046e+00	5.568e-01
195258.50	2.458e-03	7.363e-01	-4.003e-02
195259.50	4.867e-03	6.950e-01	-1.478e-02
195260.50	-7.114e-03	1.046e+00	4.589e-01
195261.50	-1.114e-03	9.130e-01	2.486e-01
195262.50	-2.573e-03	8.179e-01	2.832e-01
195263.50	3.331e-03	6.624e-01	1.277e-01
195264.50	7.949e-04	6.845e-01	-1.766e-01
195265.50	-1.459e-03	-2.131e-01	-7.344e-02
195266.50	8.966e-03	5.789e-01	-3.811e-01
195267.50	5.424e-03	6.432e-01	8.218e-02
195268.50	4.752e-03	7.805e-01	-2.650e-01
195269.50	5.914e-05	4.781e-01	1.344e-02
195270.50	-1.152e-03	5.606e-01	5.136e-02
195271.50	1.680e-03	5.040e-01	3.562e-01
195272.50	1.459e-03	5.366e-01	-3.984e-01
195273.50	2.218e-03	7.584e-01	3.360e-01
195274.50	-6.576e-03	6.941e-01	4.291e-01
195275.50	4.186e-02	1.075e-01	-3.062e-01
195276.50	1.382e-02	2.237e-01	-7.056e-02
195277.50	3.178e-03	6.586e-01	-3.581e-02
195278.50	2.189e-03	6.749e-01	1.421e-01
195279.50	3.139e-04	2.506e-03	-2.016e-01
195280.50	7.478e-03	2.938e-01	-7.181e-02
195281.50	-2.352e-03	1.747e-01	2.842e-01
195282.50	4.464e-03	1.219e-01	-4.358e-01
195283.50	3.053e-04	3.149e-01	1.392e-01
195284.50	2.563e-03	3.638e-01	-8.602e-02
195285.50	2.266e-03	2.861e-01	-1.162e-01
195286.50	-2.966e-03	5.021e-01	2.342e-01
195287.50	-5.280e-05	3.773e-01	-1.968e-01
195288.50	5.338e-03	3.677e-01	-2.458e-01
195289.50	3.091e-03	2.966e-01	-1.939e-01
195290.50	-3.754e-03	1.133e-01	1.066e-01
195291.50	-2.976e-03	1.459e-01	1.661e-01
195292.50	-2.266e-03	9.005e-02	6.384e-02
195293.50	1.699e-03	1.373e-01	1.930e-01
195294.50	2.506e-03	3.965e-01	7.411e-02
195295.50	7.882e-03	1.805e-01	-1.997e-01
195296.50	6.067e-02	3.062e-01	6.029e-02
195297.50	-1.200e-02	-3.974e-01	2.918e-01
195298.50	-1.296e-03	7.152e-01	-2.170e-01
195299.50	-5.107e-02	2.746e-01	-8.400e-02
195300.50	-1.805e-03	-1.968e-01	1.162e-02
195301.50	-5.578e-04	1.968e-01	1.315e-01
195302.50	-1.334e-03	4.042e-01	1.171e-01
195303.50	1.488e-03	3.062e-01	-4.560e-02
195304.50	-1.114e-03	-2.525e-01	7.094e-03
195305.50	-2.352e-04	2.006e-01	2.064e-01
195306.50	2.525e-04	1.498e-01	1.680e-01
195307.50	4.195e-03	2.909e-01	-3.187e-01
195308.50	2.717e-03	7.718e-02	-2.045e-01
195309.50	1.402e-03	8.515e-03	3.408e-02
195310.50	-9.062e-03	3.648e-01	6.000e-01
195311.50	1.795e-03	2.707e-01	-7.114e-02
195312.50	-2.102e-03	1.440e-01	-1.306e-01
195313.50	-4.723e-04	3.254e-02	-6.509e-02
195314.50	2.458e-03	1.046e-01	-8.285e-02
195315.50	1.795e-03	-7.402e-02	-2.438e-02
195316.50	-3.504e-03	-3.763e-01	2.170e-01
195317.50	5.059e-03	4.128e-01	-2.333e-01
195318.50	-3.571e-03	-1.133e-02	2.102e-01
195319.50	2.918e-04	2.074e-01	1.190e-02
195320.50	4.454e-03	1.488e-01	-2.218e-01
195321.50	-6.586e-04	3.782e-01	-6.240e-03
195322.50	-2.976e-03	-4.570e-02	1.171e-01
195323.50	-2.765e-03	3.062e-03	1.574e-01
195324.50	-3.648e-03	1.286e-01	-1.094e-01
195325.50	3.264e-03	-1.354e-01	-1.094e-01
195326.50	4.166e-03	5.741e-02	-2.237e-01
195327.50	2.640e-03	1.632e-01	2.438e-02
195328.50	-2.429e-03	2.467e-01	1.200e-01
195329.50	4.109e-04	3.773e-02	-1.930e-02
195330.50	-2.381e-03	-3.072e-02	1.603e-02
195331.50	-2.813e-03	-6.355e-02	-1.392e-01
195332.50	1.603e-03	1.190e-01	-5.203e-02
195333.50	3.802e-03	3.907e-01	1.315e-01
195334.50	-2.630e-03	-2.515e-02	1.306e-01
195335.50	-2.150e-03	1.642e-01	1.258e-01
195336.50	1.210e-04	1.114e-01	3.773e-02
195337.50	2.928e-03	-3.072e-02	-1.469e-01
195338.50	-1.027e-04	1.219e-01	-1.344e-01
195339.50	-3.974e-03	1.162e-02	7.680e-02
195340.50	8.717e-04	-2.074e-02	7.738e-02
195341.50	5.270e-03	-3.888e-02	-7.296e-02
195342.50	3.283e-03	1.958e-01	1.430e-01
195343.50	-3.446e-04	-6.480e-02	-4.915e-02
195344.50	-1.795e-03	-4.070e-02	9.984e-03
195345.50	-2.947e-03	-2.160e-01	1.315e-01
195346.50	1.642e-04	3.667e-01	-2.208e-02
195347.50	1.507e-03	-8.352e-02	-9.600e-02
195348.50	2.554e-03	1.219e-01	-4.579e-02
195349.50	1.910e-04	5.098e-02	-7.805e-03
195350.50	1.114e-03	2.429e-01	-6.125e-03
195351.50	3.053e-03	9.485e-02	-1.373e-01
195352.50	-4.282e-04	2.698e-03	9.888e-02
195353.50	3.360e-03	-1.354e-01	1.277e-01
195354.50	-2.630e-03	-4.522e-02	2.198e-01
195355.50	-3.043e-03	-5.347e-02	-3.523e-02
195356.50	3.302e-03	2.266e-01	-6.883e-02
195357.50	3.120e-03	1.450e-01	-6.941e-02
195358.50	6.778e-03	6.240e-02	-3.456e-02
195359.50	5.693e-04	3.437e-05	-2.813e-02
195360.50	-6.528e-03	4.848e-02	-7.267e-02
195361.50	-1.075e-03	1.018e-01	8.035e-02
195362.50	-6.451e-04	1.056e-01	2.822e-01
195363.50	-5.165e-03	-3.638e-02	2.707e-01
195364.50	2.381e-03	1.267e-01	-3.926e-02
195365.50	-7.872e-06	-2.333e-01	-5.923e-02
195366.50	-6.288e-03	-1.507e-01	-1.680e-01
195367.50	-5.568e-03	7.613e-02	-2.909e-02
195368.50	2.659e-03	1.824e-01	1.354e-01
195369.50	-4.282e-04	5.030e-02	-5.251e-02
195370.50	-2.986e-03	-8.582e-02	1.027e-01
195371.50	7.478e-03	1.181e-01	-1.344e-01
195372.50	-6.144e-03	2.755e-02	1.334e-03
195373.50	1.008e-02	6.182e-02	1.315e-01
195374.50	-8.170e-03	2.093e-01	1.104e-01
195375.50	-6.672e-03	-3.533e-02	1.632e-01
195376.50	-9.792e-05	8.208e-02	6.317e-02
195377.50	-8.160e-03	-1.354e-02	1.555e-02
195378.50	1.421e-02	2.083e-02	-2.525e-01
195379.50	5.530e-03	2.477e-02	-6.691e-02
195380.50	-3.158e-03	-8.621e-02	5.213e-02
195381.50	-3.773e-04	-3.062e-02	9.696e-02
195382.50	4.570e-03	9.888e-02	-2.592e-02
195383.50	-9.302e-04	1.699e-02	-3.005e-02
195384.50	2.208e-03	-3.610e-03	-1.085e-01
195385.50	1.402e-03	8.477e-02	-2.755e-02
195386.50	-4.157e-04	1.123e-01	6.634e-02
195387.50	-4.522e-04	8.093e-02	-5.712e-02
195388.50	1.603e-03	4.848e-02	-7.824e-02
195389.50	-9.322e-04	-6.096e-02	4.954e-02
195390.50	2.698e-03	-4.301e-02	-2.266e-03
195391.50	1.363e-02	-1.536e-02	-1.766e-02
195392.50	-1.824e-03	2.602e-02	-5.952e-02
195393.50	-7.478e-03	9.072e-02	1.402e-01
195394.50	-9.034e-03	-2.890e-02	8.314e-02
195395.50	1.565e-02	-4.762e-02	-1.987e-01
195396.50	4.339e-02	-2.285e-01	-2.131e-01
195397.50	-3.542e-02	3.571e-01	8.621e-02
195398.50	6.086e-03	-4.742e-01	2.611e-01
195399.50	-2.477e-02	2.093e-01	2.371e-01
195400.50	-2.006e-03	-3.437e-02	-3.091e-02
195401.50	-1.661e-03	-1.046e-01	7.987e-02
195402.50	1.190e-03	1.037e-01	2.525e-02
195403.50	-8.294e-04	-2.054e-02	1.306e-02
195404.50	7.277e-04	-5.501e-02	-5.616e-02
195405.50	2.458e-03	6.192e-03	-1.498e-01
195406.50	3.197e-03	1.786e-03	-4.147e-02
195407.50	-1.085e-03	5.722e-02	1.094e-01
195408.50	1.939e-03	1.555e-01	-3.974e-02
195409.50	1.603e-03	-5.712e-02	-8.611e-02
195410.50	-3.974e-03	-3.053e-02	1.277e-01
195411.50	1.037e-03	-1.133e-01	-2.870e-02
195412.50	-4.512e-04	5.328e-02	2.429e-02
195413.50	-2.851e-04	-1.814e-02	1.776e-02
195414.50	-4.349e-03	-2.870e-02	7.277e-02
195415.50	-2.794e-04	7.632e-02	-9.542e-02
195416.50	-2.582e-03	-4.454e-03	2.362e-02
195417.50	2.477e-03	-3.168e-02	-4.560e-02
195418.50	1.603e-03	4.646e-04	-1.306e-01
195419.50	1.219e-05	-5.318e-02	-7.517e-02
195420.50	3.754e-06	1.891e-02	1.277e-01
195421.50	-9.053e-04	9.283e-02	4.944e-02
195422.50	2.506e-03	-3.398e-03	-7.354e-03
195423.50	7.478e-05	-1.728e-02	-1.152e-01
195424.50	-3.082e-03	-5.914e-02	-6.077e-03
195425.50	-8.045e-04	6.614e-02	-1.728e-02
195426.50	1.219e-03	7.286e-02	-1.238e-02
195427.50	-1.248e-03	3.475e-02	1.651e-02
195428.50	-1.315e-03	5.328e-02	9.696e-02
195429.50	5.059e-04	1.219e-01	-1.766e-02
195430.50	4.906e-04	2.064e-02	-7.344e-02
195431.50	-1.104e-03	3.418e-04	-1.046e-02
195432.50	-8.592e-04	5.194e-02	-1.766e-02
195433.50	-4.224e-04	7.632e-03	-1.978e-02
195434.50	-4.541e-03	-6.250e-02	3.101e-03
195435.50	-4.080e-03	-6.634e-02	4.406e-02
195436.50	2.477e-03	-5.491e-02	-1.200e-02
195437.50	2.381e-03	-1.565e-02	-3.955e-02
195438.50	3.312e-04	3.504e-02	-1.142e-01
195439.50	-1.882e-03	-5.280e-02	-2.314e-02
195440.50	-2.486e-03	-8.544e-03	-3.667e-02
195441.50	-3.322e-03	4.282e-02	7.392e-02
195442.50	-2.573e-04	-7.632e-02	6.029e-02
195443.50	5.366e-03	-1.181e-02	-3.984e-02
195444.50	7.622e-04	-4.944e-02	4.176e-03
195445.50	2.890e-03	4.080e-02	-1.171e-01
195446.50	1.709e-04	1.478e-02	8.563e-02
195447.50	1.757e-05	1.632e-02	-8.899e-02
195448.50	-2.563e-03	-2.179e-02	8.870e-02
195449.50	1.411e-03	2.026e-02	2.851e-02
195450.50	5.731e-03	6.067e-02	-4.051e-02
195451.50	4.090e-03	1.958e-01	1.190e-03
195452.50	-2.592e-03	4.608e-02	4.099e-02
195453.50	1.171e-04	1.536e-02	2.189e-02
195454.50	-7.085e-03	-3.062e-02	1.450e-01
195455.50	-4.790e-03	-3.658e-02	9.792e-02
195456.50	1.258e-03	-9.331e-03	-4.637e-02
195457.50	-8.803e-03	1.123e-02	2.246e-02
195458.50	2.486e-04	1.046e-01	1.344e-02
195459.50	-1.450e-03	3.302e-03	-6.710e-02
195460.50	-3.494e-03	-4.310e-02	4.675e-02
195461.50	1.517e-03	3.226e-02	-8.362e-02
195462.50	2.141e-03	-1.776e-02	-8.630e-02
195463.50	1.555e-03	-7.450e-02	-1.181e-01
195464.50	-4.080e-03	-5.443e-02	8.122e-03
195465.50	-1.219e-03	-3.254e-03	4.541e-02
195466.50	3.264e-03	-3.245e-03	-1.181e-02
195467.50	-6.269e-04	1.603e-01	3.264e-02
195468.50	-1.315e-03	-9.254e-03	7.670e-02
195469.50	1.142e-04	-3.878e-02	1.526e-02
195470.50	1.219e-04	2.102e-03	6.240e-02
195471.50	1.901e-02	1.536e-01	-7.258e-02
195472.50	1.574e-03	9.082e-02	1.008e-01
195473.50	6.048e-04	-1.229e-01	2.957e-02
195474.50	5.165e-04	-1.891e-02	-4.426e-02
195475.50	5.818e-04	-5.002e-02	-6.346e-02
195476.50	-4.829e-04	4.531e-02	1.574e-02
195477.50	-1.421e-03	-4.358e-02	-8.534e-02
195478.50	-2.208e-02	-1.440e-01	-5.136e-02
195479.50	3.110e-02	1.843e-01	4.723e-03
195480.50	2.755e-02	9.043e-02	-1.565e-01
195481.50	-3.149e-03	-7.027e-02	-1.987e-02
195482.50	-1.094e-01	-4.397e-01	-1.286e-02
195483.50	1.661e-03	7.037e-02	2.323e-01
195484.50	8.074e-03	5.462e-02	5.050e-02
195485.50	-5.251e-03	1.603e-02	9.408e-02
195486.50	2.765e-02	1.219e-01	-1.488e-01
195487.50	1.968e-02	1.325e-01	-4.589e-02
195488.50	-2.342e-04	1.949e-02	3.974e-02
195489.50	7.901e-04	8.832e-02	5.606e-02
195490.50	-3.139e-03	2.006e-03	1.306e-01
195491.50	-1.008e-03	-1.795e-02	3.917e-02
195492.50	1.536e-03	5.654e-02	-6.691e-02
195493.50	1.450e-03	-8.554e-02	5.635e-03
195494.50	-6.326e-04	-5.021e-02	-3.754e-02
195495.50	-1.267e-04	-6.960e-02	-3.101e-02
195496.50	8.861e-04	4.387e-02	-1.680e-02
195497.50	-1.738e-03	-7.238e-02	4.032e-02
195498.50	-1.834e-03	2.669e-02	8.765e-02
195499.50	7.949e-04	7.574e-03	-4.829e-02
195500.50	-1.670e-03	8.074e-02	-1.814e-02
195501.50	3.658e-03	4.301e-02	-3.773e-02
195502.50	-3.130e-03	-4.454e-02	2.515e-02
195503.50	-8.765e-04	-1.459e-02	1.786e-02
195504.50	-8.198e-04	1.930e-03	-2.909e-02
195505.50	1.786e-03	7.882e-02	-3.907e-02
195506.50	-1.334e-03	-1.853e-02	-2.390e-02
195507.50	8.966e-04	3.456e-02	-5.069e-02
195508.50	9.984e-05	5.664e-03	-2.544e-03
195509.50	1.382e-03	2.947e-02	-1.834e-02
195510.50	1.075e-03	-4.771e-02	-5.088e-02
195511.50	-4.426e-03	-3.533e-02	4.742e-02
195512.50	-7.258e-03	1.594e-02	1.152e-01
195513.50	8.256e-03	-1.440e-03	-9.283e-02
195514.50	-4.138e-03	-3.571e-02	1.469e-02
195515.50	-4.992e-04	1.200e-02	-5.194e-03
195516.50	1.267e-03	3.754e-02	-3.341e-02
195517.50	-4.003e-05	-1.642e-02	2.410e-02
195518.50	1.363e-04	-3.898e-02	1.066e-02
195519.50	-7.248e-04	3.802e-02	8.093e-03
195520.50	-1.565e-03	4.378e-03	4.944e-02
195521.50	2.314e-03	-3.197e-02	-4.291e-02
195522.50	-5.059e-03	-9.456e-02	1.363e-02
195523.50	-3.542e-03	2.189e-03	4.954e-03
195524.50	-4.339e-04	8.314e-02	4.042e-02
195525.50	7.891e-04	8.803e-02	-3.437e-02
195526.50	1.747e-03	-1.219e-02	-2.352e-02
195527.50	-3.091e-03	-4.493e-02	-7.978e-03
195528.50	-2.266e-02	1.325e-01	-7.181e-02
195529.50	3.398e-04	-5.491e-02	-5.894e-02
195530.50	-2.650e-04	-1.123e-01	4.282e-02
195531.50	-1.574e-04	-7.488e-02	-5.107e-03
195532.50	3.226e-03	4.570e-02	-9.984e-03
195533.50	-2.813e-03	-4.493e-02	5.990e-02
195534.50	-5.962e-04	-4.358e-02	5.539e-02
195535.50	-2.928e-04	-1.670e-02	-6.144e-02
195536.50	-4.272e-04	3.859e-02	1.075e-02
195537.50	-5.635e-03	-2.544e-02	4.042e-02
195538.50	-8.333e-04	-3.552e-02	-1.162e-02
195539.50	-1.162e-03	-3.312e-02	1.776e-02
195540.50	-1.872e-04	2.832e-02	-4.157e-02
195541.50	-2.016e-03	7.133e-03	1.565e-02
195542.50	8.803e-05	-3.590e-02	-1.920e-02
195543.50	-2.246e-03	-8.938e-03	-3.667e-02
195544.50	-3.274e-03	4.502e-02	-4.829e-03
195545.50	1.267e-03	4.301e-02	1.690e-02
195546.50	8.890e-04	-4.378e-03	-2.966e-02
195547.50	2.102e-03	6.509e-02	-1.507e-02
195548.50	-4.742e-03	-3.130e-02	5.232e-02
195549.50	6.893e-06	-9.792e-03	3.706e-02
195550.50	-9.187e-04	3.034e-02	9.984e-02
195551.50	9.792e-05	2.842e-02	-1.027e-02
195552.50	1.018e-02	6.240e-02	-5.194e-02
195553.50	3.024e-03	1.843e-02	5.405e-02
195554.50	2.064e-03	2.122e-02	-1.939e-02
195555.50	-6.317e-03	-8.966e-02	2.160e-03
195556.50	5.222e-03	9.274e-03	1.027e-02
195557.50	3.082e-03	6.854e-03	-2.707e-03
195558.50	4.214e-05	6.317e-02	4.474e-02
195559.50	8.074e-03	1.805e-02	-1.094e-01
195560.50	-1.363e-04	-1.526e-02	2.294e-02
195561.50	1.498e-03	1.997e-02	1.459e-02
195562.50	3.744e-03	3.936e-02	-2.275e-03
195563.50	-4.330e-03	-5.558e-02	2.438e-02
195564.50	7.488e-04	1.930e-02	2.285e-02
195565.50	4.272e-04	1.325e-02	2.419e-02
195566.50	2.755e-03	1.123e-01	-1.498e-04
195567.50	5.453e-04	-6.096e-02	8.467e-02
195568.50	-3.254e-04	-8.659e-03	2.102e-02
195569.50	-1.882e-04	1.795e-03	3.542e-02
195570.50	7.382e-04	6.384e-02	-9.552e-03
195571.50	-2.458e-03	3.398e-02	-1.075e-01
195572.50	-9.571e-03	-9.984e-02	5.472e-04
195573.50	-5.357e-03	-5.914e-02	1.622e-02
195574.50	5.376e-05	-1.680e-03	-7.920e-02
195575.50	3.293e-03	2.515e-02	-2.448e-03
195576.50	1.699e-02	1.430e-01	7.786e-03
195577.50	7.181e-03	4.867e-02	2.515e-03
195578.50	-1.008e-02	-6.307e-02	1.200e-02
195579.50	-4.090e-03	-6.355e-02	-4.723e-02
195580.50	3.235e-03	6.317e-03	-6.163e-02
195581.50	-9.792e-03	-5.030e-02	8.496e-03
195582.50	-3.360e-03	-4.358e-02	1.037e-02
195583.50	6.730e-03	5.606e-02	3.830e-02
195584.50	-1.258e-04	4.733e-04	5.098e-02
195585.50	-1.344e-02	-5.414e-02	6.922e-02
195586.50	-4.291e-04	-2.266e-02	-4.502e-02
195587.50	3.562e-03	5.011e-03	-5.712e-02
195588.50	-2.419e-03	3.331e-02	-2.640e-02
195589.50	-1.046e-03	-4.378e-02	1.997e-02
195590.50	1.901e-03	9.542e-02	8.477e-02
195591.50	-4.493e-04	-2.918e-02	2.438e-02
195592.50	-3.302e-03	-2.890e-02	1.872e-02
195593.50	-2.294e-03	-3.187e-02	1.488e-02
195594.50	2.122e-03	-1.786e-02	-3.744e-02
195595.50	-7.862e-04	1.104e-02	-1.786e-02
195596.50	-2.986e-03	-4.080e-03	2.592e-02
195597.50	2.419e-03	1.094e-03	-4.608e-02
195598.50	8.486e-03	-2.323e-02	-3.590e-02
195599.50	-1.104e-03	-2.669e-02	2.294e-02
195600.50	4.291e-05	-2.122e-02	-1.171e-02
195601.50	9.034e-04	6.182e-03	-4.493e-02
195602.50	4.694e-04	3.130e-02	-1.219e-02
195603.50	2.122e-03	2.352e-02	6.854e-03
195604.50	-1.450e-03	-3.043e-03	2.218e-02
195605.50	5.434e-04	3.101e-02	-4.637e-02
195606.50	-9.552e-04	-4.166e-02	4.435e-03
195607.50	-1.171e-03	1.104e-02	-4.157e-02
195608.50	4.925e-04	-2.899e-03	-1.709e-02
195609.50	-2.486e-03	-5.654e-02	3.610e-02
195610.50	-3.264e-03	-2.170e-02	2.592e-02
195611.50	5.107e-03	3.379e-02	-2.429e-02
195612.50	2.515e-03	-3.005e-02	5.338e-03
195613.50	1.094e-03	1.248e-02	3.792e-02
195614.50	-7.891e-04	-3.456e-02	9.984e-03
195615.50	-5.846e-04	2.448e-02	-7.094e-03
195616.50	-1.402e-03	4.022e-02	-5.136e-04
195617.50	2.093e-03	-4.186e-02	-5.549e-03
195618.50	9.312e-05	-2.458e-02	2.678e-02
195619.50	-5.654e-03	2.016e-02	5.376e-02
195620.50	-3.494e-04	4.627e-02	-1.162e-02
195621.50	-1.210e-03	-5.069e-02	-5.616e-02
195622.50	8.102e-04	4.090e-02	-1.027e-02
195623.50	-1.018e-02	-1.411e-02	3.475e-02
195624.50	-1.507e-03	1.661e-02	1.670e-02
195625.50	1.469e-02	2.342e-02	2.525e-02
195626.50	1.488e-03	2.534e-02	-8.966e-03
195627.50	-9.427e-03	-1.344e-02	4.253e-02
195628.50	-1.555e-03	6.547e-03	-5.155e-02
195629.50	-1.210e-02	-9.360e-02	-5.962e-02
195630.50	-1.210e-02	-1.450e-02	-3.120e-02
195631.50	4.205e-04	3.466e-02	1.594e-02
195632.50	6.854e-04	7.958e-03	-2.506e-02
195633.50	7.930e-04	2.362e-02	-1.056e-02
195634.50	9.792e-04	-8.304e-03	-5.693e-03
195635.50	6.643e-04	-2.947e-02	3.859e-02
195636.50	-4.944e-04	-3.619e-02	3.658e-02
