195038.50	0.000e+00	0.000e+00	0.000e+00
195039.50	0.000e+00	0.000e+00	0.000e+00
195040.50	0.000e+00	0.000e+00	0.000e+00
195041.50	0.000e+00	0.000e+00	0.000e+00
195042.50	0.000e+00	0.000e+00	0.000e+00
195043.50	0.000e+00	0.000e+00	0.000e+00
195044.50	0.000e+00	0.000e+00	0.000e+00
195045.50	0.000e+00	0.000e+00	0.000e+00
195046.50	0.000e+00	0.000e+00	0.000e+00
195047.50	0.000e+00	0.000e+00	0.000e+00
195048.50	0.000e+00	0.000e+00	0.000e+00
195049.50	0.000e+00	0.000e+00	0.000e+00
195050.50	0.000e+00	0.000e+00	0.000e+00
195051.50	0.000e+00	0.000e+00	0.000e+00
195052.50	0.000e+00	0.000e+00	0.000e+00
195053.50	0.000e+00	0.000e+00	0.000e+00
195054.50	0.000e+00	0.000e+00	0.000e+00
195055.50	0.000e+00	0.000e+00	0.000e+00
195056.50	0.000e+00	0.000e+00	0.000e+00
195057.50	0.000e+00	0.000e+00	0.000e+00
195058.50	0.000e+00	0.000e+00	0.000e+00
195059.50	0.000e+00	0.000e+00	0.000e+00
195060.50	0.000e+00	0.000e+00	0.000e+00
195061.50	0.000e+00	0.000e+00	0.000e+00
195062.50	0.000e+00	0.000e+00	0.000e+00
195063.50	0.000e+00	0.000e+00	0.000e+00
195064.50	0.000e+00	0.000e+00	0.000e+00
195065.50	0.000e+00	0.000e+00	0.000e+00
195066.50	0.000e+00	0.000e+00	0.000e+00
195067.50	0.000e+00	0.000e+00	0.000e+00
195068.50	0.000e+00	0.000e+00	0.000e+00
195069.50	0.000e+00	0.000e+00	0.000e+00
195070.50	0.000e+00	0.000e+00	0.000e+00
195071.50	0.000e+00	0.000e+00	0.000e+00
195072.50	0.000e+00	0.000e+00	0.000e+00
195073.50	0.000e+00	0.000e+00	0.000e+00
195074.50	0.000e+00	0.000e+00	0.000e+00
195075.50	0.000e+00	0.000e+00	0.000e+00
195076.50	0.000e+00	0.000e+00	0.000e+00
195077.50	0.000e+00	0.000e+00	0.000e+00
195078.50	0.000e+00	0.000e+00	0.000e+00
195079.50	0.000e+00	0.000e+00	0.000e+00
195080.50	0.000e+00	0.000e+00	0.000e+00
195081.50	0.000e+00	0.000e+00	0.000e+00
195082.50	0.000e+00	0.000e+00	0.000e+00
195083.50	0.000e+00	0.000e+00	0.000e+00
195084.50	0.000e+00	0.000e+00	0.000e+00
195085.50	0.000e+00	0.000e+00	0.000e+00
195086.50	0.000e+00	0.000e+00	0.000e+00
195087.50	0.000e+00	0.000e+00	0.000e+00
195088.50	0.000e+00	0.000e+00	0.000e+00
195089.50	0.000e+00	0.000e+00	0.000e+00
195090.50	0.000e+00	0.000e+00	0.000e+00
195091.50	0.000e+00	0.000e+00	0.000e+00
195092.50	0.000e+00	0.000e+00	0.000e+00
195093.50	0.000e+00	0.000e+00	0.000e+00
195094.50	0.000e+00	0.000e+00	0.000e+00
195095.50	0.000e+00	0.000e+00	0.000e+00
195096.50	0.000e+00	0.000e+00	0.000e+00
195097.50	0.000e+00	0.000e+00	0.000e+00
195098.50	0.000e+00	0.000e+00	0.000e+00
195099.50	0.000e+00	0.000e+00	0.000e+00
195100.50	0.000e+00	0.000e+00	0.000e+00
195101.50	0.000e+00	0.000e+00	0.000e+00
195102.50	0.000e+00	0.000e+00	0.000e+00
195103.50	0.000e+00	0.000e+00	0.000e+00
195104.50	0.000e+00	0.000e+00	0.000e+00
195105.50	0.000e+00	0.000e+00	0.000e+00
195106.50	0.000e+00	0.000e+00	0.000e+00
195107.50	0.000e+00	0.000e+00	0.000e+00
195108.50	0.000e+00	0.000e+00	0.000e+00
195109.50	0.000e+00	0.000e+00	0.000e+00
195110.50	0.000e+00	0.000e+00	0.000e+00
195111.50	0.000e+00	0.000e+00	0.000e+00
195112.50	0.000e+00	0.000e+00	0.000e+00
195113.50	0.000e+00	0.000e+00	0.000e+00
195114.50	0.000e+00	0.000e+00	0.000e+00
195115.50	0.000e+00	0.000e+00	0.000e+00
195116.50	0.000e+00	0.000e+00	0.000e+00
195117.50	0.000e+00	0.000e+00	0.000e+00
195118.50	0.000e+00	0.000e+00	0.000e+00
195119.50	0.000e+00	0.000e+00	0.000e+00
195120.50	0.000e+00	0.000e+00	0.000e+00
195121.50	0.000e+00	0.000e+00	0.000e+00
195122.50	0.000e+00	0.000e+00	0.000e+00
195123.50	0.000e+00	0.000e+00	0.000e+00
195124.50	0.000e+00	0.000e+00	0.000e+00
195125.50	0.000e+00	0.000e+00	0.000e+00
195126.50	0.000e+00	0.000e+00	0.000e+00
195127.50	0.000e+00	0.000e+00	0.000e+00
195128.50	0.000e+00	0.000e+00	0.000e+00
195129.50	0.000e+00	0.000e+00	0.000e+00
195130.50	0.000e+00	0.000e+00	0.000e+00
195131.50	0.000e+00	0.000e+00	0.000e+00
195132.50	0.000e+00	0.000e+00	0.000e+00
195133.50	0.000e+00	0.000e+00	0.000e+00
195134.50	0.000e+00	0.000e+00	0.000e+00
195135.50	0.000e+00	0.000e+00	0.000e+00
195136.50	0.000e+00	0.000e+00	0.000e+00
195137.50	0.000e+00	0.000e+00	0.000e+00
195138.50	0.000e+00	0.000e+00	0.000e+00
195139.50	0.000e+00	0.000e+00	0.000e+00
195140.50	0.000e+00	0.000e+00	0.000e+00
195141.50	0.000e+00	0.000e+00	0.000e+00
195142.50	0.000e+00	0.000e+00	0.000e+00
195143.50	0.000e+00	0.000e+00	0.000e+00
195144.50	0.000e+00	0.000e+00	0.000e+00
195145.50	0.000e+00	0.000e+00	0.000e+00
195146.50	0.000e+00	0.000e+00	0.000e+00
195147.50	0.000e+00	0.000e+00	0.000e+00
195148.50	0.000e+00	0.000e+00	0.000e+00
195149.50	0.000e+00	0.000e+00	0.000e+00
195150.50	0.000e+00	0.000e+00	0.000e+00
195151.50	0.000e+00	0.000e+00	0.000e+00
195152.50	0.000e+00	0.000e+00	0.000e+00
195153.50	0.000e+00	0.000e+00	0.000e+00
195154.50	0.000e+00	0.000e+00	0.000e+00
195155.50	0.000e+00	0.000e+00	0.000e+00
195156.50	0.000e+00	0.000e+00	0.000e+00
195157.50	0.000e+00	0.000e+00	0.000e+00
195158.50	0.000e+00	0.000e+00	0.000e+00
195159.50	0.000e+00	0.000e+00	0.000e+00
195160.50	0.000e+00	0.000e+00	0.000e+00
195161.50	0.000e+00	0.000e+00	0.000e+00
195162.50	0.000e+00	0.000e+00	0.000e+00
195163.50	0.000e+00	0.000e+00	0.000e+00
195164.50	0.000e+00	0.000e+00	0.000e+00
195165.50	0.000e+00	0.000e+00	0.000e+00
195166.50	0.000e+00	0.000e+00	0.000e+00
195167.50	0.000e+00	0.000e+00	0.000e+00
195168.50	0.000e+00	0.000e+00	0.000e+00
195169.50	0.000e+00	0.000e+00	0.000e+00
195170.50	0.000e+00	0.000e+00	0.000e+00
195171.50	0.000e+00	0.000e+00	0.000e+00
195172.50	0.000e+00	0.000e+00	0.000e+00
195173.50	0.000e+00	0.000e+00	0.000e+00
195174.50	0.000e+00	0.000e+00	0.000e+00
195175.50	0.000e+00	0.000e+00	0.000e+00
195176.50	0.000e+00	0.000e+00	0.000e+00
195177.50	0.000e+00	0.000e+00	0.000e+00
195178.50	0.000e+00	0.000e+00	0.000e+00
195179.50	0.000e+00	0.000e+00	0.000e+00
195180.50	0.000e+00	0.000e+00	0.000e+00
195181.50	0.000e+00	0.000e+00	0.000e+00
195182.50	0.000e+00	0.000e+00	0.000e+00
195183.50	0.000e+00	0.000e+00	0.000e+00
195184.50	0.000e+00	0.000e+00	0.000e+00
195185.50	0.000e+00	0.000e+00	0.000e+00
195186.50	0.000e+00	0.000e+00	0.000e+00
195187.50	0.000e+00	0.000e+00	0.000e+00
195188.50	0.000e+00	0.000e+00	0.000e+00
195189.50	0.000e+00	0.000e+00	0.000e+00
195190.50	0.000e+00	0.000e+00	0.000e+00
195191.50	0.000e+00	0.000e+00	0.000e+00
195192.50	0.000e+00	0.000e+00	0.000e+00
195193.50	0.000e+00	0.000e+00	0.000e+00
195194.50	0.000e+00	0.000e+00	0.000e+00
195195.50	0.000e+00	0.000e+00	0.000e+00
195196.50	0.000e+00	0.000e+00	0.000e+00
195197.50	0.000e+00	0.000e+00	0.000e+00
195198.50	0.000e+00	0.000e+00	0.000e+00
195199.50	0.000e+00	0.000e+00	0.000e+00
195200.50	0.000e+00	0.000e+00	0.000e+00
195201.50	0.000e+00	0.000e+00	0.000e+00
195202.50	0.000e+00	0.000e+00	0.000e+00
195203.50	0.000e+00	0.000e+00	0.000e+00
195204.50	0.000e+00	0.000e+00	0.000e+00
195205.50	0.000e+00	0.000e+00	0.000e+00
195206.50	0.000e+00	0.000e+00	0.000e+00
195207.50	0.000e+00	0.000e+00	0.000e+00
195208.50	0.000e+00	0.000e+00	0.000e+00
195209.50	0.000e+00	0.000e+00	0.000e+00
195210.50	0.000e+00	0.000e+00	0.000e+00
195211.50	0.000e+00	0.000e+00	0.000e+00
195212.50	0.000e+00	0.000e+00	0.000e+00
195213.50	0.000e+00	0.000e+00	0.000e+00
195214.50	0.000e+00	0.000e+00	0.000e+00
195215.50	0.000e+00	0.000e+00	0.000e+00
195216.50	0.000e+00	0.000e+00	0.000e+00
195217.50	0.000e+00	0.000e+00	0.000e+00
195218.50	0.000e+00	0.000e+00	0.000e+00
195219.50	0.000e+00	0.000e+00	0.000e+00
195220.50	0.000e+00	0.000e+00	0.000e+00
195221.50	0.000e+00	0.000e+00	0.000e+00
195222.50	0.000e+00	0.000e+00	0.000e+00
195223.50	0.000e+00	0.000e+00	0.000e+00
195224.50	0.000e+00	0.000e+00	0.000e+00
195225.50	0.000e+00	0.000e+00	0.000e+00
195226.50	0.000e+00	0.000e+00	0.000e+00
195227.50	0.000e+00	0.000e+00	0.000e+00
195228.50	0.000e+00	0.000e+00	0.000e+00
195229.50	0.000e+00	0.000e+00	0.000e+00
195230.50	0.000e+00	0.000e+00	0.000e+00
195231.50	0.000e+00	0.000e+00	0.000e+00
195232.50	0.000e+00	0.000e+00	0.000e+00
195233.50	0.000e+00	0.000e+00	0.000e+00
195234.50	0.000e+00	0.000e+00	0.000e+00
195235.50	0.000e+00	0.000e+00	0.000e+00
195236.50	0.000e+00	0.000e+00	0.000e+00
195237.50	0.000e+00	0.000e+00	0.000e+00
195238.50	0.000e+00	0.000e+00	0.000e+00
195239.50	0.000e+00	0.000e+00	0.000e+00
195240.50	0.000e+00	0.000e+00	0.000e+00
195241.50	0.000e+00	0.000e+00	0.000e+00
195242.50	0.000e+00	0.000e+00	0.000e+00
195243.50	0.000e+00	0.000e+00	0.000e+00
195244.50	0.000e+00	0.000e+00	0.000e+00
195245.50	0.000e+00	0.000e+00	0.000e+00
195246.50	0.000e+00	0.000e+00	0.000e+00
195247.50	0.000e+00	0.000e+00	0.000e+00
195248.50	0.000e+00	0.000e+00	0.000e+00
195249.50	0.000e+00	0.000e+00	0.000e+00
195250.50	0.000e+00	0.000e+00	0.000e+00
195251.50	0.000e+00	0.000e+00	0.000e+00
195252.50	0.000e+00	0.000e+00	0.000e+00
195253.50	0.000e+00	0.000e+00	0.000e+00
195254.50	0.000e+00	0.000e+00	0.000e+00
195255.50	0.000e+00	0.000e+00	0.000e+00
195256.50	0.000e+00	0.000e+00	0.000e+00
195257.50	0.000e+00	0.000e+00	0.000e+00
195258.50	0.000e+00	0.000e+00	0.000e+00
195259.50	0.000e+00	0.000e+00	0.000e+00
195260.50	0.000e+00	0.000e+00	0.000e+00
195261.50	0.000e+00	0.000e+00	0.000e+00
195262.50	0.000e+00	0.000e+00	0.000e+00
195263.50	0.000e+00	0.000e+00	0.000e+00
195264.50	0.000e+00	0.000e+00	0.000e+00
195265.50	0.000e+00	0.000e+00	0.000e+00
195266.50	0.000e+00	0.000e+00	0.000e+00
195267.50	0.000e+00	0.000e+00	0.000e+00
195268.50	0.000e+00	0.000e+00	0.000e+00
195269.50	0.000e+00	0.000e+00	0.000e+00
195270.50	0.000e+00	0.000e+00	0.000e+00
195271.50	0.000e+00	0.000e+00	0.000e+00
195272.50	0.000e+00	0.000e+00	0.000e+00
195273.50	0.000e+00	0.000e+00	0.000e+00
195274.50	0.000e+00	0.000e+00	0.000e+00
195275.50	0.000e+00	0.000e+00	0.000e+00
195276.50	0.000e+00	0.000e+00	0.000e+00
195277.50	0.000e+00	0.000e+00	0.000e+00
195278.50	0.000e+00	0.000e+00	0.000e+00
195279.50	0.000e+00	0.000e+00	0.000e+00
195280.50	0.000e+00	0.000e+00	0.000e+00
195281.50	0.000e+00	0.000e+00	0.000e+00
195282.50	0.000e+00	0.000e+00	0.000e+00
195283.50	0.000e+00	0.000e+00	0.000e+00
195284.50	0.000e+00	0.000e+00	0.000e+00
195285.50	0.000e+00	0.000e+00	0.000e+00
195286.50	0.000e+00	0.000e+00	0.000e+00
195287.50	0.000e+00	0.000e+00	0.000e+00
195288.50	0.000e+00	0.000e+00	0.000e+00
195289.50	0.000e+00	0.000e+00	0.000e+00
195290.50	0.000e+00	0.000e+00	0.000e+00
195291.50	0.000e+00	0.000e+00	0.000e+00
195292.50	0.000e+00	0.000e+00	0.000e+00
195293.50	0.000e+00	0.000e+00	0.000e+00
195294.50	0.000e+00	0.000e+00	0.000e+00
195295.50	0.000e+00	0.000e+00	0.000e+00
195296.50	0.000e+00	0.000e+00	0.000e+00
195297.50	0.000e+00	0.000e+00	0.000e+00
195298.50	0.000e+00	0.000e+00	0.000e+00
195299.50	0.000e+00	0.000e+00	0.000e+00
195300.50	0.000e+00	0.000e+00	0.000e+00
195301.50	0.000e+00	0.000e+00	0.000e+00
195302.50	0.000e+00	0.000e+00	0.000e+00
195303.50	1.776e-05	2.054e-03	3.235e-04
195304.50	2.755e-05	5.837e-05	7.325e-04
195305.50	7.958e-05	-1.027e-03	2.246e-03
195306.50	-1.315e-04	-3.936e-02	-4.070e-03
195307.50	-1.920e-04	-1.622e-02	-3.677e-03
195308.50	-1.046e-02	-3.946e-01	-3.850e-01
195309.50	-1.325e-03	-1.987e+00	-5.328e-02
195310.50	6.058e-02	-7.718e+00	2.170e+00
195311.50	1.152e-01	-1.834e+01	3.984e+00
195312.50	1.786e-01	-3.408e+01	6.010e+00
195313.50	3.619e-01	-5.280e+01	1.190e+01
195314.50	5.606e-01	-8.054e+01	1.824e+01
195315.50	9.600e-01	-1.162e+02	3.091e+01
195316.50	1.018e+00	-1.219e+02	3.168e+01
195317.50	7.459e-01	-1.210e+02	2.227e+01
195318.50	4.435e-01	-1.411e+02	1.219e+01
195319.50	9.158e-01	-1.114e+02	2.611e+01
195320.50	1.603e-01	-3.946e+01	2.851e+00
195321.50	3.427e-01	-2.746e+01	8.938e+00
195322.50	2.006e-01	-1.104e+00	4.358e+00
195323.50	-2.784e-01	1.613e+01	-9.984e+00
195324.50	-1.565e-01	2.659e+01	-5.875e+00
195325.50	-1.939e-01	2.774e+01	-7.066e+00
195326.50	-3.389e-01	3.667e+01	-1.094e+01
195327.50	-4.214e-01	3.898e+01	-1.325e+01
195328.50	-1.901e-01	3.878e+01	-6.384e+00
195329.50	-1.718e-01	3.725e+01	-5.770e+00
195330.50	-4.090e-01	3.245e+01	-1.267e+01
195331.50	-4.128e-01	3.744e+01	-1.238e+01
195332.50	-2.554e-01	3.245e+01	-8.045e+00
195333.50	-9.984e-02	3.350e+01	-2.995e+00
195334.50	-9.888e-02	2.986e+01	-3.178e+00
195335.50	-2.208e-01	2.650e+01	-6.682e+00
195336.50	-2.198e-01	2.813e+01	-6.346e+00
195337.50	-1.469e-01	2.515e+01	-4.301e+00
195338.50	-9.110e-02	2.131e+01	-2.755e+00
195339.50	-1.027e-01	2.362e+01	-2.880e+00
195340.50	-2.371e-01	2.160e+01	-6.662e+00
195341.50	-1.498e-01	1.728e+01	-4.061e+00
195342.50	-4.445e-02	1.930e+01	-1.056e+00
195343.50	-1.018e-01	1.584e+01	-3.062e+00
195344.50	-5.203e-02	1.507e+01	-1.642e+00
195345.50	-1.046e-01	1.440e+01	-2.698e+00
195346.50	-2.966e-02	1.229e+01	-8.938e-01
195347.50	-8.170e-02	1.181e+01	-2.294e+00
195348.50	-2.698e-02	1.133e+01	-7.987e-01
195349.50	-5.050e-02	1.181e+01	-1.430e+00
195350.50	-1.517e-01	1.085e+01	-4.426e+00
195351.50	3.552e-02	9.792e+00	1.152e+00
195352.50	-1.277e-01	1.142e+01	-3.523e+00
195353.50	-7.123e-02	8.477e+00	-1.968e+00
195354.50	-2.938e-02	7.526e+00	-7.987e-01
195355.50	-4.858e-02	7.987e+00	-1.459e+00
195356.50	-3.293e-02	8.611e+00	-9.187e-01
195357.50	-5.818e-02	5.549e+00	-1.507e+00
195358.50	-4.262e-02	5.866e+00	-1.181e+00
195359.50	-4.685e-02	6.422e+00	-1.190e+00
195360.50	-8.506e-03	5.818e+00	-1.642e-01
195361.50	-1.795e-02	6.442e+00	-5.386e-01
195362.50	-6.173e-02	4.915e+00	-1.738e+00
195363.50	-1.469e-02	4.195e+00	-3.677e-01
195364.50	-3.245e-02	5.165e+00	-1.046e+00
195365.50	-2.995e-03	5.213e+00	-7.555e-02
195366.50	-1.824e-02	3.466e+00	-2.832e-01
195367.50	-1.094e-02	4.637e+00	-1.162e-01
195368.50	-5.011e-03	4.406e+00	3.130e-02
195369.50	-3.370e-02	3.043e+00	-9.130e-01
195370.50	-3.773e-02	3.523e+00	-9.696e-01
195371.50	3.053e-02	4.330e+00	8.640e-01
195372.50	-3.533e-02	3.341e+00	-9.427e-01
195373.50	-8.794e-03	3.763e+00	-2.208e-01
195374.50	-1.699e-02	2.611e+00	-5.002e-01
195375.50	-2.246e-02	2.813e+00	-6.787e-01
195376.50	2.237e-03	1.987e+00	1.488e-01
195377.50	-1.344e-02	2.803e+00	-5.107e-01
195378.50	-1.027e-02	2.640e+00	-1.613e-01
195379.50	3.226e-03	1.795e+00	2.074e-01
195380.50	-1.354e-02	2.122e+00	-4.493e-01
195381.50	-2.918e-02	2.131e+00	-9.226e-01
195382.50	-1.507e-02	2.093e+00	-3.667e-01
195383.50	-2.467e-02	2.198e+00	-5.760e-01
195384.50	-1.882e-02	1.642e+00	-4.742e-01
195385.50	4.147e-03	1.584e+00	1.546e-01
195386.50	1.286e-02	9.600e-01	4.320e-01
195387.50	-3.782e-02	1.757e+00	-9.696e-01
195388.50	-1.171e-02	1.805e+00	-4.339e-01
195389.50	-2.208e-02	1.680e+00	-6.000e-01
195390.50	1.229e-02	1.046e+00	4.397e-01
195391.50	1.008e-02	1.008e+00	2.534e-01
195392.50	-4.118e-03	1.526e+00	-1.536e-01
195393.50	-1.690e-02	9.552e-01	-4.512e-01
195394.50	-9.542e-03	8.352e-01	-2.544e-01
195395.50	-3.485e-03	8.131e-01	-5.549e-02
195396.50	9.600e-04	5.520e-01	-2.150e-02
195397.50	-2.602e-02	1.757e+00	-6.163e-01
195398.50	-2.227e-02	5.741e-01	-5.606e-01
195399.50	-1.997e-02	9.034e-01	-5.414e-01
195400.50	-1.162e-02	1.277e+00	-3.850e-01
195401.50	1.402e-02	6.643e-01	4.550e-01
195402.50	4.973e-03	8.928e-01	1.008e-01
195403.50	3.091e-03	8.602e-01	7.392e-02
195404.50	2.122e-03	8.621e-01	1.123e-01
195405.50	-1.757e-02	6.000e-01	-5.741e-01
195406.50	-2.026e-02	3.562e-01	-4.502e-01
195407.50	-5.923e-03	-2.592e-03	-1.267e-01
195408.50	-2.141e-03	8.688e-01	-3.101e-02
195409.50	-1.104e-02	6.288e-01	-2.995e-01
195410.50	3.619e-03	1.085e+00	5.040e-02
195411.50	-2.112e-03	1.344e-01	-9.245e-02
195412.50	-5.136e-03	6.086e-01	-6.682e-02
195413.50	-1.738e-02	5.366e-02	-4.435e-01
195414.50	-3.878e-04	5.846e-01	-1.008e-02
195415.50	-4.464e-03	7.853e-01	-9.341e-02
195416.50	8.938e-03	2.554e-01	2.707e-01
195417.50	-2.650e-03	1.440e-01	-9.590e-02
195418.50	-2.362e-02	2.246e-01	-6.173e-01
195419.50	1.258e-03	5.558e-01	-9.984e-02
195420.50	8.467e-03	5.981e-01	2.227e-01
195421.50	-1.795e-02	7.325e-01	-3.821e-01
195422.50	-1.018e-02	4.435e-01	-3.120e-01
195423.50	-1.075e-02	3.139e-01	-2.678e-01
195424.50	4.502e-03	2.765e-01	1.805e-01
195425.50	3.274e-03	4.234e-01	1.901e-01
195426.50	5.981e-03	4.349e-01	1.690e-01
195427.50	-4.205e-04	-9.034e-02	-2.429e-02
195428.50	-2.083e-03	2.995e-01	-1.709e-02
195429.50	-6.845e-03	5.923e-01	-2.035e-01
195430.50	1.498e-03	2.246e-01	1.219e-01
195431.50	-4.061e-04	1.248e-01	4.128e-02
195432.50	1.776e-02	2.227e-01	4.627e-01
195433.50	-6.048e-03	-1.190e-01	-1.728e-01
195434.50	-1.478e-02	5.030e-01	-4.925e-01
195435.50	2.928e-03	3.677e-01	7.286e-02
195436.50	-1.037e-02	4.358e-01	-2.602e-01
195437.50	-2.294e-03	2.419e-01	-1.334e-01
195438.50	-6.547e-04	6.422e-02	1.363e-02
195439.50	1.459e-04	2.342e-01	1.421e-01
195440.50	-7.027e-03	2.016e-02	-1.517e-01
195441.50	-7.421e-03	-2.592e-02	-1.018e-01
195442.50	-2.006e-03	2.093e-01	-7.411e-02
195443.50	-9.226e-05	2.026e-01	-1.037e-02
195444.50	5.779e-03	-4.022e-02	1.075e-01
195445.50	-6.451e-03	3.360e-02	-1.066e-01
195446.50	1.008e-02	2.323e-01	2.707e-01
195447.50	-8.544e-03	5.722e-01	-2.323e-01
195448.50	-8.448e-03	-1.056e-01	-2.534e-01
195449.50	-5.750e-04	2.227e-01	-1.680e-02
195450.50	-2.477e-03	2.371e-01	-7.882e-02
195451.50	-8.669e-03	3.571e-01	-2.755e-01
195452.50	1.094e-03	3.120e-01	-2.669e-02
195453.50	4.474e-03	-8.304e-03	1.498e-01
195454.50	-7.958e-03	8.266e-02	-1.776e-01
195455.50	5.942e-03	-2.314e-01	1.670e-01
195456.50	-1.085e-02	-1.277e-01	-2.342e-01
195457.50	-9.792e-03	9.446e-02	-2.304e-01
195458.50	-3.504e-03	1.315e-01	-6.701e-02
195459.50	2.054e-03	2.813e-01	5.741e-02
195460.50	-2.458e-03	2.534e-02	-3.677e-02
195461.50	1.018e-02	2.285e-01	2.870e-01
195462.50	2.160e-03	-1.210e-01	6.758e-02
195463.50	3.869e-03	4.099e-01	8.765e-02
195464.50	3.254e-04	6.317e-02	3.638e-02
195465.50	7.603e-03	2.083e-01	2.333e-01
195466.50	3.965e-03	-2.486e-03	9.043e-02
195467.50	5.818e-03	4.214e-02	6.374e-02
195468.50	1.642e-03	3.562e-02	4.253e-02
195469.50	2.938e-03	8.813e-02	5.174e-02
195470.50	3.226e-03	1.296e-01	-6.624e-02
195471.50	-3.715e-03	2.438e-01	-6.480e-03
195472.50	-2.122e-02	3.110e-01	-4.944e-01
195473.50	4.070e-03	1.910e-01	7.238e-02
195474.50	-8.275e-03	-1.171e-01	-1.718e-01
195475.50	-5.837e-03	-5.885e-02	-9.514e-02
195476.50	1.296e-03	6.634e-02	9.101e-02
195477.50	6.173e-03	-6.355e-03	2.102e-01
195478.50	1.181e-03	3.542e-02	-4.080e-02
195479.50	-3.206e-03	-7.939e-03	-7.344e-03
195480.50	-1.142e-03	5.923e-02	7.277e-03
195481.50	-2.842e-03	8.266e-02	-1.277e-01
195482.50	-1.978e-03	4.992e-02	-3.677e-02
195483.50	-6.432e-03	2.016e-01	-1.459e-01
195484.50	4.099e-03	9.888e-02	1.018e-01
195485.50	1.622e-02	6.816e-02	3.811e-01
195486.50	-1.238e-02	-1.546e-01	-3.216e-01
195487.50	-1.853e-03	1.373e-01	1.728e-02
195488.50	5.203e-03	1.248e-01	1.526e-01
195489.50	-8.554e-03	1.814e-01	-2.794e-01
195490.50	-6.086e-03	6.451e-02	-1.210e-01
195491.50	-9.984e-03	1.181e-01	-2.122e-01
195492.50	-5.338e-03	-6.336e-02	-1.104e-01
195493.50	8.822e-03	-2.323e-03	2.122e-01
195494.50	4.685e-03	4.618e-02	1.430e-01
195495.50	-1.008e-02	6.221e-02	-2.602e-01
195496.50	3.024e-04	-1.027e-01	2.362e-02
195497.50	-2.102e-03	4.253e-02	-9.552e-02
195498.50	4.925e-03	9.350e-03	1.584e-01
195499.50	-1.632e-03	-1.642e-01	-2.006e-02
195500.50	3.312e-03	1.354e-01	9.178e-02
195501.50	-4.781e-03	1.747e-01	-1.037e-01
195502.50	3.955e-03	3.830e-02	1.075e-01
195503.50	1.392e-03	2.016e-01	3.946e-02
195504.50	-4.838e-03	-1.334e-01	-1.574e-01
195505.50	-3.322e-03	-2.544e-02	-1.056e-01
195506.50	-3.014e-03	9.264e-02	-7.258e-02
195507.50	6.586e-04	-9.034e-02	8.160e-03
195508.50	1.267e-05	2.467e-01	4.858e-02
195509.50	-5.126e-03	7.315e-02	-1.603e-01
195510.50	6.749e-03	-5.136e-02	1.949e-01
195511.50	4.358e-03	9.792e-02	1.066e-01
195512.50	4.243e-04	1.872e-01	-4.752e-02
195513.50	-9.187e-03	8.371e-02	-2.448e-01
195514.50	-8.150e-03	1.219e-01	-1.699e-01
195515.50	5.462e-03	-9.984e-02	1.210e-01
195516.50	3.773e-04	-1.517e-01	-1.738e-02
195517.50	5.530e-03	1.162e-01	1.210e-01
195518.50	1.075e-03	1.978e-01	4.272e-02
195519.50	5.357e-03	1.853e-01	1.181e-01
195520.50	-3.322e-03	-7.910e-02	-3.120e-02
195521.50	-4.282e-04	-7.853e-02	-4.214e-03
195522.50	8.390e-04	9.984e-03	3.466e-02
195523.50	-5.146e-03	1.613e-01	-1.286e-01
195524.50	2.918e-03	2.314e-02	6.595e-02
195525.50	-1.891e-04	5.962e-02	4.742e-02
195526.50	-6.221e-04	6.182e-02	2.534e-02
195527.50	2.506e-03	-1.728e-02	6.250e-03
195528.50	-1.469e-03	-1.507e-01	-7.651e-02
195529.50	8.995e-04	-1.219e-01	4.531e-02
195530.50	-8.150e-04	3.264e-02	-2.477e-03
195531.50	-1.699e-03	1.459e-01	-4.445e-02
195532.50	-4.608e-04	1.690e-01	-1.949e-03
195533.50	9.600e-04	-3.648e-02	-1.459e-04
195534.50	5.059e-03	5.693e-02	1.469e-01
195535.50	1.709e-03	-4.186e-02	3.206e-02
195536.50	1.325e-03	-2.160e-01	3.168e-02
195537.50	3.466e-03	-1.584e-01	1.114e-01
195538.50	2.419e-03	3.850e-03	2.909e-02
195539.50	3.782e-03	5.414e-02	9.120e-02
195540.50	-1.142e-03	6.960e-02	-3.331e-02
195541.50	-6.288e-03	-2.083e-02	-1.094e-01
195542.50	-2.054e-05	1.354e-01	-7.670e-03
195543.50	2.266e-03	1.152e-01	2.189e-02
195544.50	-1.699e-03	1.450e-02	-2.890e-02
195545.50	-3.667e-03	-1.334e-01	-9.600e-02
195546.50	-2.390e-03	-1.306e-02	-3.850e-02
195547.50	-3.571e-03	-3.293e-02	-5.654e-02
195548.50	-7.008e-04	9.571e-04	-2.544e-02
195549.50	-1.027e-03	8.669e-02	-3.926e-02
195550.50	2.880e-04	-2.899e-02	2.093e-02
195551.50	7.440e-04	2.275e-01	1.411e-02
195552.50	-1.843e-03	-8.045e-02	-4.483e-02
195553.50	-1.747e-03	-8.582e-02	-1.123e-02
195554.50	-1.968e-03	4.771e-02	-3.571e-02
195555.50	1.008e-03	-6.682e-02	-1.699e-02
195556.50	3.101e-03	-1.805e-01	2.630e-02
195557.50	1.248e-03	1.622e-01	4.406e-02
195558.50	-1.325e-04	5.942e-02	3.955e-02
195559.50	-3.283e-03	-9.552e-02	-2.659e-02
195560.50	-5.741e-03	-2.054e-02	-1.843e-01
195561.50	5.098e-03	7.027e-02	7.584e-02
195562.50	1.642e-03	-3.706e-02	4.867e-02
195563.50	-1.430e-04	-8.899e-02	-1.680e-03
195564.50	8.237e-06	3.360e-02	-4.589e-02
195565.50	-4.051e-03	-1.853e-02	-7.334e-02
195566.50	-5.894e-03	8.198e-02	-7.843e-02
195567.50	3.744e-03	1.488e-03	5.126e-02
195568.50	2.208e-03	2.947e-02	2.678e-02
195569.50	-1.133e-03	1.210e-01	-1.142e-02
195570.50	3.197e-04	1.392e-01	8.861e-05
195571.50	-2.400e-03	-2.112e-02	-8.304e-03
195572.50	-1.075e-03	1.968e-02	-6.758e-02
195573.50	1.795e-04	7.642e-02	1.517e-02
195574.50	1.037e-04	-5.290e-02	-2.602e-04
195575.50	1.786e-03	-9.139e-02	-9.466e-03
195576.50	8.227e-03	3.101e-02	2.227e-01
195577.50	-3.427e-03	2.861e-02	-9.168e-02
195578.50	-5.683e-03	-3.878e-02	-1.363e-01
195579.50	8.851e-04	1.488e-02	5.866e-02
195580.50	-1.862e-03	4.358e-04	-2.064e-03
195581.50	-3.226e-03	-1.056e-01	-4.934e-02
195582.50	-3.504e-03	7.248e-02	-9.552e-02
195583.50	-1.622e-03	-1.930e-02	9.322e-05
195584.50	-1.555e-04	-2.496e-03	5.501e-02
195585.50	-7.747e-04	-7.344e-02	-7.795e-02
195586.50	-3.600e-03	-4.838e-02	-1.075e-01
195587.50	7.651e-04	-1.085e-02	1.862e-02
195588.50	1.507e-03	-2.179e-02	3.590e-02
195589.50	-2.093e-03	1.229e-01	-2.035e-02
195590.50	8.102e-03	9.245e-02	1.709e-01
195591.50	-9.302e-04	-8.400e-02	-5.539e-02
195592.50	1.651e-03	2.698e-03	-7.555e-02
195593.50	1.114e-03	2.054e-02	6.816e-02
195594.50	5.587e-03	7.008e-02	1.200e-01
195595.50	-3.917e-03	4.982e-02	-6.845e-02
195596.50	-8.246e-04	2.995e-02	-3.725e-02
195597.50	-3.917e-03	5.328e-02	-5.443e-02
195598.50	1.181e-03	-4.166e-02	4.560e-02
195599.50	3.389e-03	6.298e-02	3.466e-02
195600.50	-1.046e-03	6.010e-02	-2.909e-02
195601.50	-4.166e-03	1.411e-01	-6.720e-02
195602.50	5.242e-03	3.562e-02	1.075e-01
195603.50	1.171e-03	-4.714e-02	5.635e-02
195604.50	-3.754e-03	-4.666e-02	-2.918e-02
195605.50	-4.877e-03	-1.354e-01	-4.349e-02
195606.50	1.469e-03	3.053e-02	4.522e-02
195607.50	1.123e-02	-7.152e-02	1.421e-01
195608.50	-5.578e-03	3.072e-03	-1.162e-01
195609.50	-2.198e-03	2.285e-02	-6.931e-02
195610.50	-1.882e-04	3.379e-02	5.136e-02
195611.50	-4.291e-04	5.213e-02	5.578e-03
195612.50	-8.726e-04	-3.581e-02	-2.256e-02
195613.50	-4.896e-03	1.882e-02	-8.813e-02
195614.50	-3.658e-03	1.978e-02	-6.768e-02
195615.50	-4.022e-03	-1.037e-01	-4.234e-02
195616.50	3.446e-03	-2.659e-02	-2.016e-02
195617.50	-1.085e-03	-4.061e-02	-3.946e-02
195618.50	-2.141e-05	-2.429e-02	-1.680e-02
195619.50	1.363e-03	4.013e-02	2.630e-02
195620.50	5.453e-03	3.398e-02	8.995e-02
195621.50	1.046e-03	4.426e-02	-2.755e-02
195622.50	1.613e-03	-3.658e-03	2.851e-02
195623.50	3.379e-03	-5.750e-02	7.594e-02
195624.50	-3.466e-03	4.934e-02	-6.749e-02
195625.50	-2.477e-03	3.197e-02	-2.304e-02
195626.50	-1.526e-03	6.250e-02	-4.963e-03
195627.50	1.056e-03	-3.110e-03	9.379e-03
195628.50	-1.373e-03	2.323e-02	-1.642e-02
195629.50	-8.275e-04	2.122e-02	-1.258e-02
195630.50	2.486e-03	-2.170e-02	2.170e-02
195631.50	1.709e-03	-7.901e-02	-4.061e-02
195632.50	-6.950e-05	-8.755e-02	1.834e-02
195633.50	6.067e-05	6.557e-02	-1.622e-03
195634.50	-7.046e-04	4.051e-04	-2.947e-02
195635.50	-4.714e-03	-2.102e-02	-9.888e-02
195636.50	-1.565e-03	-5.242e-03	-9.888e-03
