195038.50	0.000e+00	0.000e+00	0.000e+00
195039.50	0.000e+00	0.000e+00	0.000e+00
195040.50	0.000e+00	0.000e+00	0.000e+00
195041.50	0.000e+00	0.000e+00	0.000e+00
195042.50	0.000e+00	0.000e+00	0.000e+00
195043.50	0.000e+00	0.000e+00	0.000e+00
195044.50	0.000e+00	0.000e+00	0.000e+00
195045.50	0.000e+00	0.000e+00	0.000e+00
195046.50	0.000e+00	0.000e+00	0.000e+00
195047.50	0.000e+00	0.000e+00	0.000e+00
195048.50	0.000e+00	0.000e+00	0.000e+00
195049.50	0.000e+00	0.000e+00	0.000e+00
195050.50	0.000e+00	0.000e+00	0.000e+00
195051.50	0.000e+00	0.000e+00	0.000e+00
195052.50	0.000e+00	0.000e+00	0.000e+00
195053.50	0.000e+00	0.000e+00	0.000e+00
195054.50	0.000e+00	0.000e+00	0.000e+00
195055.50	0.000e+00	0.000e+00	0.000e+00
195056.50	0.000e+00	0.000e+00	0.000e+00
195057.50	0.000e+00	0.000e+00	0.000e+00
195058.50	0.000e+00	0.000e+00	0.000e+00
195059.50	0.000e+00	0.000e+00	0.000e+00
195060.50	0.000e+00	0.000e+00	0.000e+00
195061.50	0.000e+00	0.000e+00	0.000e+00
195062.50	0.000e+00	0.000e+00	0.000e+00
195063.50	0.000e+00	0.000e+00	0.000e+00
195064.50	0.000e+00	0.000e+00	0.000e+00
195065.50	0.000e+00	0.000e+00	0.000e+00
195066.50	0.000e+00	0.000e+00	0.000e+00
195067.50	0.000e+00	0.000e+00	0.000e+00
195068.50	0.000e+00	0.000e+00	0.000e+00
195069.50	0.000e+00	0.000e+00	0.000e+00
195070.50	0.000e+00	0.000e+00	0.000e+00
195071.50	0.000e+00	0.000e+00	0.000e+00
195072.50	0.000e+00	0.000e+00	0.000e+00
195073.50	0.000e+00	0.000e+00	0.000e+00
195074.50	0.000e+00	0.000e+00	0.000e+00
195075.50	0.000e+00	0.000e+00	0.000e+00
195076.50	0.000e+00	0.000e+00	0.000e+00
195077.50	0.000e+00	0.000e+00	0.000e+00
195078.50	0.000e+00	0.000e+00	0.000e+00
195079.50	0.000e+00	0.000e+00	0.000e+00
195080.50	0.000e+00	0.000e+00	0.000e+00
195081.50	0.000e+00	0.000e+00	0.000e+00
195082.50	0.000e+00	0.000e+00	0.000e+00
195083.50	0.000e+00	0.000e+00	0.000e+00
195084.50	0.000e+00	0.000e+00	0.000e+00
195085.50	0.000e+00	0.000e+00	0.000e+00
195086.50	0.000e+00	0.000e+00	0.000e+00
195087.50	0.000e+00	0.000e+00	0.000e+00
195088.50	0.000e+00	0.000e+00	0.000e+00
195089.50	0.000e+00	0.000e+00	0.000e+00
195090.50	0.000e+00	0.000e+00	0.000e+00
195091.50	0.000e+00	0.000e+00	0.000e+00
195092.50	0.000e+00	0.000e+00	0.000e+00
195093.50	0.000e+00	0.000e+00	0.000e+00
195094.50	0.000e+00	0.000e+00	0.000e+00
195095.50	0.000e+00	0.000e+00	0.000e+00
195096.50	0.000e+00	0.000e+00	0.000e+00
195097.50	0.000e+00	0.000e+00	0.000e+00
195098.50	0.000e+00	0.000e+00	0.000e+00
195099.50	0.000e+00	0.000e+00	0.000e+00
195100.50	0.000e+00	0.000e+00	0.000e+00
195101.50	0.000e+00	0.000e+00	0.000e+00
195102.50	0.000e+00	0.000e+00	0.000e+00
195103.50	0.000e+00	0.000e+00	0.000e+00
195104.50	0.000e+00	0.000e+00	0.000e+00
195105.50	0.000e+00	0.000e+00	0.000e+00
195106.50	0.000e+00	0.000e+00	0.000e+00
195107.50	0.000e+00	0.000e+00	0.000e+00
195108.50	0.000e+00	0.000e+00	0.000e+00
195109.50	0.000e+00	0.000e+00	0.000e+00
195110.50	0.000e+00	0.000e+00	0.000e+00
195111.50	0.000e+00	0.000e+00	0.000e+00
195112.50	0.000e+00	0.000e+00	0.000e+00
195113.50	0.000e+00	0.000e+00	0.000e+00
195114.50	0.000e+00	0.000e+00	0.000e+00
195115.50	0.000e+00	0.000e+00	0.000e+00
195116.50	0.000e+00	0.000e+00	0.000e+00
195117.50	0.000e+00	0.000e+00	0.000e+00
195118.50	0.000e+00	0.000e+00	0.000e+00
195119.50	0.000e+00	0.000e+00	0.000e+00
195120.50	0.000e+00	0.000e+00	0.000e+00
195121.50	0.000e+00	0.000e+00	0.000e+00
195122.50	0.000e+00	0.000e+00	0.000e+00
195123.50	0.000e+00	0.000e+00	0.000e+00
195124.50	0.000e+00	0.000e+00	0.000e+00
195125.50	0.000e+00	0.000e+00	0.000e+00
195126.50	0.000e+00	0.000e+00	0.000e+00
195127.50	0.000e+00	0.000e+00	0.000e+00
195128.50	0.000e+00	0.000e+00	0.000e+00
195129.50	0.000e+00	0.000e+00	0.000e+00
195130.50	0.000e+00	0.000e+00	0.000e+00
195131.50	0.000e+00	0.000e+00	0.000e+00
195132.50	0.000e+00	0.000e+00	0.000e+00
195133.50	0.000e+00	0.000e+00	0.000e+00
195134.50	0.000e+00	0.000e+00	0.000e+00
195135.50	0.000e+00	0.000e+00	0.000e+00
195136.50	0.000e+00	0.000e+00	0.000e+00
195137.50	0.000e+00	0.000e+00	0.000e+00
195138.50	0.000e+00	0.000e+00	0.000e+00
195139.50	0.000e+00	0.000e+00	0.000e+00
195140.50	0.000e+00	0.000e+00	0.000e+00
195141.50	0.000e+00	0.000e+00	0.000e+00
195142.50	0.000e+00	0.000e+00	0.000e+00
195143.50	0.000e+00	0.000e+00	0.000e+00
195144.50	0.000e+00	0.000e+00	0.000e+00
195145.50	0.000e+00	0.000e+00	0.000e+00
195146.50	0.000e+00	0.000e+00	0.000e+00
195147.50	0.000e+00	0.000e+00	0.000e+00
195148.50	0.000e+00	0.000e+00	0.000e+00
195149.50	0.000e+00	0.000e+00	0.000e+00
195150.50	0.000e+00	0.000e+00	0.000e+00
195151.50	0.000e+00	0.000e+00	0.000e+00
195152.50	0.000e+00	0.000e+00	0.000e+00
195153.50	0.000e+00	0.000e+00	0.000e+00
195154.50	0.000e+00	0.000e+00	0.000e+00
195155.50	0.000e+00	0.000e+00	0.000e+00
195156.50	0.000e+00	0.000e+00	0.000e+00
195157.50	0.000e+00	0.000e+00	0.000e+00
195158.50	0.000e+00	0.000e+00	0.000e+00
195159.50	0.000e+00	0.000e+00	0.000e+00
195160.50	0.000e+00	0.000e+00	0.000e+00
195161.50	0.000e+00	0.000e+00	0.000e+00
195162.50	0.000e+00	0.000e+00	0.000e+00
195163.50	0.000e+00	0.000e+00	0.000e+00
195164.50	0.000e+00	0.000e+00	0.000e+00
195165.50	0.000e+00	0.000e+00	0.000e+00
195166.50	0.000e+00	0.000e+00	0.000e+00
195167.50	0.000e+00	0.000e+00	0.000e+00
195168.50	0.000e+00	0.000e+00	0.000e+00
195169.50	0.000e+00	0.000e+00	0.000e+00
195170.50	0.000e+00	0.000e+00	0.000e+00
195171.50	0.000e+00	0.000e+00	0.000e+00
195172.50	0.000e+00	0.000e+00	0.000e+00
195173.50	0.000e+00	0.000e+00	0.000e+00
195174.50	0.000e+00	0.000e+00	0.000e+00
195175.50	0.000e+00	0.000e+00	0.000e+00
195176.50	0.000e+00	0.000e+00	0.000e+00
195177.50	0.000e+00	0.000e+00	0.000e+00
195178.50	0.000e+00	0.000e+00	0.000e+00
195179.50	0.000e+00	0.000e+00	0.000e+00
195180.50	0.000e+00	0.000e+00	0.000e+00
195181.50	0.000e+00	0.000e+00	0.000e+00
195182.50	0.000e+00	0.000e+00	0.000e+00
195183.50	0.000e+00	0.000e+00	0.000e+00
195184.50	0.000e+00	0.000e+00	0.000e+00
195185.50	0.000e+00	0.000e+00	0.000e+00
195186.50	0.000e+00	0.000e+00	0.000e+00
195187.50	0.000e+00	0.000e+00	0.000e+00
195188.50	0.000e+00	0.000e+00	0.000e+00
195189.50	0.000e+00	0.000e+00	0.000e+00
195190.50	0.000e+00	0.000e+00	0.000e+00
195191.50	0.000e+00	0.000e+00	0.000e+00
195192.50	0.000e+00	0.000e+00	0.000e+00
195193.50	0.000e+00	0.000e+00	0.000e+00
195194.50	0.000e+00	0.000e+00	0.000e+00
195195.50	0.000e+00	0.000e+00	0.000e+00
195196.50	0.000e+00	0.000e+00	0.000e+00
195197.50	0.000e+00	0.000e+00	0.000e+00
195198.50	0.000e+00	0.000e+00	0.000e+00
195199.50	0.000e+00	0.000e+00	0.000e+00
195200.50	0.000e+00	0.000e+00	0.000e+00
195201.50	0.000e+00	0.000e+00	0.000e+00
195202.50	0.000e+00	0.000e+00	0.000e+00
195203.50	0.000e+00	0.000e+00	0.000e+00
195204.50	0.000e+00	0.000e+00	0.000e+00
195205.50	0.000e+00	0.000e+00	0.000e+00
195206.50	0.000e+00	0.000e+00	0.000e+00
195207.50	0.000e+00	0.000e+00	0.000e+00
195208.50	0.000e+00	0.000e+00	0.000e+00
195209.50	0.000e+00	0.000e+00	0.000e+00
195210.50	0.000e+00	0.000e+00	0.000e+00
195211.50	0.000e+00	0.000e+00	0.000e+00
195212.50	0.000e+00	0.000e+00	0.000e+00
195213.50	0.000e+00	0.000e+00	0.000e+00
195214.50	0.000e+00	0.000e+00	0.000e+00
195215.50	0.000e+00	0.000e+00	0.000e+00
195216.50	0.000e+00	0.000e+00	0.000e+00
195217.50	0.000e+00	0.000e+00	0.000e+00
195218.50	0.000e+00	0.000e+00	0.000e+00
195219.50	0.000e+00	0.000e+00	0.000e+00
195220.50	0.000e+00	0.000e+00	0.000e+00
195221.50	0.000e+00	0.000e+00	0.000e+00
195222.50	0.000e+00	0.000e+00	0.000e+00
195223.50	0.000e+00	0.000e+00	0.000e+00
195224.50	0.000e+00	0.000e+00	0.000e+00
195225.50	0.000e+00	0.000e+00	0.000e+00
195226.50	0.000e+00	0.000e+00	0.000e+00
195227.50	0.000e+00	0.000e+00	0.000e+00
195228.50	0.000e+00	0.000e+00	0.000e+00
195229.50	0.000e+00	0.000e+00	0.000e+00
195230.50	0.000e+00	0.000e+00	0.000e+00
195231.50	0.000e+00	0.000e+00	0.000e+00
195232.50	0.000e+00	0.000e+00	0.000e+00
195233.50	0.000e+00	0.000e+00	0.000e+00
195234.50	0.000e+00	0.000e+00	0.000e+00
195235.50	0.000e+00	0.000e+00	0.000e+00
195236.50	0.000e+00	0.000e+00	0.000e+00
195237.50	0.000e+00	0.000e+00	0.000e+00
195238.50	0.000e+00	0.000e+00	0.000e+00
195239.50	0.000e+00	0.000e+00	0.000e+00
195240.50	0.000e+00	0.000e+00	0.000e+00
195241.50	0.000e+00	0.000e+00	0.000e+00
195242.50	0.000e+00	0.000e+00	0.000e+00
195243.50	0.000e+00	0.000e+00	0.000e+00
195244.50	0.000e+00	0.000e+00	0.000e+00
195245.50	0.000e+00	0.000e+00	0.000e+00
195246.50	0.000e+00	0.000e+00	0.000e+00
195247.50	0.000e+00	0.000e+00	0.000e+00
195248.50	0.000e+00	0.000e+00	0.000e+00
195249.50	0.000e+00	0.000e+00	0.000e+00
195250.50	0.000e+00	0.000e+00	0.000e+00
195251.50	0.000e+00	0.000e+00	0.000e+00
195252.50	0.000e+00	0.000e+00	0.000e+00
195253.50	0.000e+00	0.000e+00	0.000e+00
195254.50	0.000e+00	0.000e+00	0.000e+00
195255.50	0.000e+00	0.000e+00	0.000e+00
195256.50	0.000e+00	0.000e+00	0.000e+00
195257.50	0.000e+00	0.000e+00	0.000e+00
195258.50	0.000e+00	0.000e+00	0.000e+00
195259.50	0.000e+00	0.000e+00	0.000e+00
195260.50	0.000e+00	0.000e+00	0.000e+00
195261.50	0.000e+00	0.000e+00	0.000e+00
195262.50	0.000e+00	0.000e+00	0.000e+00
195263.50	0.000e+00	0.000e+00	0.000e+00
195264.50	0.000e+00	0.000e+00	0.000e+00
195265.50	0.000e+00	0.000e+00	0.000e+00
195266.50	0.000e+00	0.000e+00	0.000e+00
195267.50	0.000e+00	0.000e+00	0.000e+00
195268.50	0.000e+00	0.000e+00	0.000e+00
195269.50	0.000e+00	0.000e+00	0.000e+00
195270.50	0.000e+00	0.000e+00	0.000e+00
195271.50	0.000e+00	0.000e+00	0.000e+00
195272.50	0.000e+00	0.000e+00	0.000e+00
195273.50	0.000e+00	0.000e+00	0.000e+00
195274.50	0.000e+00	0.000e+00	0.000e+00
195275.50	0.000e+00	0.000e+00	0.000e+00
195276.50	0.000e+00	0.000e+00	0.000e+00
195277.50	0.000e+00	0.000e+00	0.000e+00
195278.50	0.000e+00	0.000e+00	0.000e+00
195279.50	0.000e+00	0.000e+00	0.000e+00
195280.50	0.000e+00	0.000e+00	0.000e+00
195281.50	0.000e+00	0.000e+00	0.000e+00
195282.50	0.000e+00	0.000e+00	0.000e+00
195283.50	0.000e+00	0.000e+00	0.000e+00
195284.50	0.000e+00	0.000e+00	0.000e+00
195285.50	0.000e+00	0.000e+00	0.000e+00
195286.50	0.000e+00	0.000e+00	0.000e+00
195287.50	0.000e+00	0.000e+00	0.000e+00
195288.50	0.000e+00	0.000e+00	0.000e+00
195289.50	0.000e+00	0.000e+00	0.000e+00
195290.50	0.000e+00	0.000e+00	0.000e+00
195291.50	0.000e+00	0.000e+00	0.000e+00
195292.50	0.000e+00	0.000e+00	0.000e+00
195293.50	0.000e+00	0.000e+00	0.000e+00
195294.50	0.000e+00	0.000e+00	0.000e+00
195295.50	0.000e+00	0.000e+00	0.000e+00
195296.50	0.000e+00	0.000e+00	0.000e+00
195297.50	0.000e+00	0.000e+00	0.000e+00
195298.50	0.000e+00	0.000e+00	0.000e+00
195299.50	0.000e+00	0.000e+00	0.000e+00
195300.50	0.000e+00	0.000e+00	0.000e+00
195301.50	0.000e+00	0.000e+00	0.000e+00
195302.50	0.000e+00	0.000e+00	0.000e+00
195303.50	0.000e+00	0.000e+00	0.000e+00
195304.50	0.000e+00	0.000e+00	0.000e+00
195305.50	0.000e+00	0.000e+00	0.000e+00
195306.50	0.000e+00	0.000e+00	0.000e+00
195307.50	0.000e+00	0.000e+00	0.000e+00
195308.50	0.000e+00	0.000e+00	0.000e+00
195309.50	0.000e+00	0.000e+00	0.000e+00
195310.50	0.000e+00	0.000e+00	0.000e+00
195311.50	0.000e+00	0.000e+00	0.000e+00
195312.50	0.000e+00	0.000e+00	0.000e+00
195313.50	-9.341e-06	8.592e-05	1.075e-03
195314.50	-4.339e-05	-5.808e-04	1.555e-03
195315.50	-4.781e-07	-2.899e-04	-8.016e-04
195316.50	1.123e-05	1.325e-04	-4.042e-04
195317.50	-6.701e-05	-2.064e-03	-8.438e-04
195318.50	-2.899e-04	-8.573e-03	-4.608e-03
195319.50	1.738e-03	3.792e-02	-4.819e-02
195320.50	-1.267e-02	-3.197e-01	5.117e-02
195321.50	-6.202e-02	-1.680e+00	-4.234e-01
195322.50	3.197e-03	1.690e-01	4.493e-01
195323.50	-2.333e-01	-5.894e+00	1.258e-01
195324.50	-5.117e-01	-1.296e+01	-8.918e-01
195325.50	-5.453e-01	-1.411e+01	-3.101e+00
195326.50	-1.056e+00	-2.582e+01	7.958e-01
195327.50	-1.334e+00	-3.245e+01	2.016e-01
195328.50	-2.304e+00	-5.424e+01	5.376e+00
195329.50	-2.045e+00	-4.877e+01	-1.114e+00
195330.50	-3.082e+00	-7.238e+01	1.085e+00
195331.50	-2.774e+00	-6.691e+01	-1.219e+01
195332.50	-3.197e+00	-7.296e+01	3.610e+00
195333.50	-2.630e+00	-6.029e+01	-2.755e+00
195334.50	-3.619e+00	-7.949e+01	8.554e+00
195335.50	-1.603e+00	-3.581e+01	-6.173e+00
195336.50	-9.485e-01	-1.968e+01	-3.322e-01
195337.50	-7.603e-01	-1.402e+01	5.587e+00
195338.50	-3.600e-01	-6.298e+00	1.987e-01
195339.50	6.374e-01	1.574e+01	-2.150e+00
195340.50	3.437e-01	9.888e+00	1.162e+00
195341.50	4.848e-01	1.325e+01	2.400e+00
195342.50	9.696e-01	2.342e+01	6.288e-01
195343.50	8.429e-01	2.026e+01	-6.086e-01
195344.50	8.093e-01	1.910e+01	-2.074e+00
195345.50	1.066e+00	2.429e+01	-1.699e+00
195346.50	8.957e-01	2.131e+01	1.440e+00
195347.50	1.008e+00	2.352e+01	1.152e+00
195348.50	1.008e+00	2.256e+01	-2.563e+00
195349.50	9.398e-01	2.198e+01	9.792e-01
195350.50	1.066e+00	2.429e+01	-1.805e-01
195351.50	8.774e-01	2.016e+01	1.901e+00
195352.50	8.976e-01	2.035e+01	-1.997e-01
195353.50	8.352e-01	1.901e+01	-1.354e-01
195354.50	7.930e-01	1.814e+01	-2.669e-02
195355.50	7.133e-01	1.622e+01	2.717e-01
195356.50	7.267e-01	1.603e+01	-1.382e+00
195357.50	7.334e-01	1.613e+01	-1.594e+00
195358.50	6.000e-01	1.334e+01	-4.320e-01
195359.50	6.077e-01	1.334e+01	-1.814e+00
195360.50	6.374e-01	1.469e+01	2.179e+00
195361.50	4.493e-01	1.027e+01	5.136e-01
195362.50	4.502e-01	1.046e+01	1.229e+00
195363.50	4.541e-01	1.027e+01	1.718e-01
195364.50	4.646e-01	1.018e+01	-4.973e-01
195365.50	2.640e-01	6.058e+00	-5.050e-01
195366.50	3.562e-01	7.920e+00	-5.510e-01
195367.50	3.715e-01	8.717e+00	1.104e+00
195368.50	3.341e-01	7.277e+00	-7.622e-01
195369.50	3.878e-01	8.774e+00	6.758e-02
195370.50	3.379e-01	7.728e+00	7.382e-01
195371.50	2.563e-01	5.741e+00	-4.214e-01
195372.50	2.707e-01	6.317e+00	1.354e+00
195373.50	2.630e-01	5.866e+00	-4.925e-01
195374.50	1.795e-01	4.243e+00	6.595e-01
195375.50	2.592e-01	5.741e+00	-8.256e-01
195376.50	2.054e-01	4.752e+00	9.408e-01
195377.50	2.246e-01	4.810e+00	-1.344e+00
195378.50	1.555e-01	3.629e+00	4.186e-01
195379.50	1.747e-01	3.830e+00	-3.523e-01
195380.50	2.006e-01	4.291e+00	-6.259e-01
195381.50	1.354e-01	3.197e+00	1.344e+00
195382.50	1.430e-01	3.264e+00	-5.030e-01
195383.50	1.315e-01	3.101e+00	3.053e-01
195384.50	7.594e-02	1.728e+00	5.078e-02
195385.50	1.622e-01	3.523e+00	-5.213e-01
195386.50	1.584e-01	3.523e+00	4.531e-01
195387.50	1.200e-01	2.784e+00	4.061e-01
195388.50	1.574e-01	3.456e+00	3.955e-01
195389.50	9.792e-02	2.246e+00	1.565e-01
195390.50	1.104e-01	2.630e+00	3.859e-01
195391.50	5.011e-02	1.258e+00	3.322e-01
195392.50	1.190e-01	2.419e+00	-8.093e-01
195393.50	4.982e-02	1.181e+00	-5.712e-02
195394.50	8.074e-02	1.699e+00	-7.046e-01
195395.50	9.197e-02	2.122e+00	4.099e-01
195396.50	6.816e-02	1.613e+00	1.930e-01
195397.50	9.043e-02	1.958e+00	-5.578e-02
195398.50	4.090e-02	1.066e+00	2.698e-01
195399.50	4.656e-02	1.171e+00	4.915e-01
195400.50	3.840e-02	9.485e-01	5.702e-01
195401.50	5.424e-02	1.286e+00	2.352e-02
195402.50	5.779e-02	1.171e+00	-4.867e-01
195403.50	4.531e-02	1.133e+00	7.901e-01
195404.50	8.160e-02	1.718e+00	-5.395e-01
195405.50	3.907e-02	9.389e-01	1.776e-01
195406.50	5.414e-02	1.238e+00	-6.202e-02
195407.50	7.978e-02	1.718e+00	-7.997e-02
195408.50	4.646e-02	1.152e+00	4.214e-01
195409.50	5.136e-02	9.888e-01	7.584e-02
195410.50	6.115e-02	1.421e+00	9.379e-02
195411.50	2.582e-02	8.035e-01	-1.632e-02
195412.50	4.810e-02	8.016e-01	-4.272e-01
195413.50	6.106e-03	2.208e-01	-3.686e-01
195414.50	5.069e-03	2.602e-01	-1.766e-01
195415.50	3.379e-02	7.690e-01	5.798e-01
195416.50	4.013e-02	9.370e-01	3.744e-01
195417.50	2.525e-02	5.011e-01	-3.658e-01
195418.50	1.421e-02	3.504e-01	-1.690e-01
195419.50	2.630e-02	6.048e-01	1.872e-01
195420.50	3.331e-02	7.344e-01	-1.190e-01
195421.50	2.794e-02	6.230e-01	1.344e-01
195422.50	3.370e-02	8.266e-01	3.072e-01
195423.50	4.032e-02	9.466e-01	8.947e-02
195424.50	3.667e-02	6.384e-01	-6.365e-01
195425.50	7.219e-03	1.834e-01	-1.171e-01
195426.50	3.475e-02	6.557e-01	-3.514e-01
195427.50	2.160e-02	5.597e-01	3.024e-01
195428.50	-4.714e-03	-1.315e-02	1.603e-01
195429.50	2.515e-02	6.547e-01	7.738e-02
195430.50	2.630e-02	6.115e-01	6.672e-02
195431.50	2.995e-02	6.106e-01	-3.005e-01
195432.50	4.867e-04	-4.253e-02	-2.774e-01
195433.50	1.978e-02	5.222e-01	4.550e-01
195434.50	2.813e-02	6.058e-01	-9.792e-02
195435.50	-4.080e-03	-1.037e-01	-2.448e-01
195436.50	3.178e-02	6.768e-01	1.728e-01
195437.50	1.046e-03	-2.621e-02	-6.998e-02
195438.50	4.042e-03	8.669e-02	1.094e-01
195439.50	8.314e-04	9.792e-02	-7.968e-02
195440.50	3.254e-02	6.461e-01	-2.400e-01
195441.50	9.542e-03	1.853e-01	-2.093e-01
195442.50	2.669e-02	4.944e-01	-2.803e-01
195443.50	-5.779e-03	-4.042e-03	2.630e-01
195444.50	1.363e-03	4.186e-02	4.003e-02
195445.50	2.256e-02	4.637e-01	-5.827e-02
195446.50	8.582e-03	1.325e-01	-2.928e-01
195447.50	2.506e-03	1.066e-01	3.062e-01
195448.50	1.882e-02	4.157e-01	-1.027e-01
195449.50	-2.717e-03	-3.542e-02	-7.661e-02
195450.50	1.190e-02	2.275e-01	1.258e-02
195451.50	1.114e-02	2.285e-01	4.003e-02
195452.50	1.670e-02	3.792e-01	2.486e-01
195453.50	1.123e-02	2.890e-01	1.709e-01
195454.50	5.875e-03	5.702e-02	6.768e-02
195455.50	8.755e-03	1.555e-01	-3.907e-03
195456.50	1.296e-03	4.243e-02	1.738e-01
195457.50	1.373e-02	3.446e-01	1.632e-01
195458.50	3.206e-03	1.632e-01	1.037e-01
195459.50	1.901e-02	3.667e-01	-5.568e-02
195460.50	-7.469e-03	-8.880e-02	1.910e-01
195461.50	3.821e-03	-1.373e-02	-3.427e-01
195462.50	1.824e-02	3.446e-01	-3.878e-02
195463.50	1.152e-02	3.130e-01	2.035e-01
195464.50	8.563e-03	1.805e-01	-1.411e-01
195465.50	2.208e-03	8.678e-02	5.299e-03
195466.50	-6.758e-03	-1.133e-01	-8.285e-02
195467.50	3.370e-03	1.162e-01	-1.565e-01
195468.50	6.326e-03	6.144e-02	-1.526e-01
195469.50	1.027e-02	1.872e-01	-1.402e-02
195470.50	8.909e-03	2.544e-01	1.190e-01
195471.50	4.762e-03	1.229e-01	2.016e-01
195472.50	1.190e-02	1.853e-01	-3.110e-01
195473.50	-1.786e-02	-3.475e-01	8.928e-02
195474.50	-5.818e-03	-8.170e-02	8.362e-02
195475.50	2.592e-03	7.411e-02	-1.613e-01
195476.50	1.498e-02	2.774e-01	5.309e-02
195477.50	1.133e-02	2.573e-01	-5.021e-02
195478.50	-5.203e-03	-7.325e-02	1.210e-01
195479.50	-7.430e-03	-1.248e-01	-1.277e-01
195480.50	4.474e-04	4.416e-02	2.698e-01
195481.50	1.354e-02	2.506e-01	-2.582e-01
195482.50	1.315e-02	2.928e-01	4.397e-02
195483.50	8.784e-03	2.006e-01	5.290e-02
195484.50	-8.016e-03	-1.382e-01	-2.726e-01
195485.50	6.144e-03	1.037e-01	-4.550e-02
195486.50	-7.757e-04	-7.066e-02	-1.450e-01
195487.50	-6.317e-03	-1.018e-01	7.382e-02
195488.50	-5.693e-03	-1.162e-01	1.190e-01
195489.50	-4.637e-03	-5.606e-02	1.824e-01
195490.50	-6.230e-03	-6.058e-02	3.206e-01
195491.50	1.104e-02	2.602e-01	6.480e-02
195492.50	8.774e-03	2.083e-01	-6.422e-02
195493.50	-9.034e-03	-1.459e-01	1.536e-01
195494.50	1.718e-02	3.370e-01	9.322e-02
195495.50	1.027e-03	-3.331e-02	-1.574e-01
195496.50	-2.458e-03	-6.403e-02	-2.813e-02
195497.50	-1.699e-03	-6.384e-03	4.925e-02
195498.50	-1.498e-03	-2.419e-02	-8.102e-02
195499.50	1.066e-02	2.285e-01	2.486e-01
195500.50	-9.552e-03	-1.238e-01	2.582e-02
195501.50	2.237e-03	8.621e-02	1.507e-01
195502.50	4.954e-03	9.110e-02	-2.333e-01
195503.50	-4.646e-03	-1.229e-01	-8.342e-02
195504.50	2.064e-04	-1.018e-02	4.099e-02
195505.50	-1.277e-02	-2.419e-01	-1.037e-01
195506.50	5.270e-03	7.229e-02	-1.555e-01
195507.50	1.450e-02	3.082e-01	8.957e-02
195508.50	-1.056e-02	-1.728e-01	1.930e-01
195509.50	-9.024e-03	-1.930e-01	-6.048e-02
195510.50	-3.053e-03	-8.342e-02	9.984e-02
195511.50	9.984e-03	1.949e-01	-8.112e-03
195512.50	5.491e-03	1.642e-01	1.536e-02
195513.50	-4.291e-03	-8.688e-02	9.533e-02
195514.50	-6.547e-03	-1.766e-01	-1.882e-02
195515.50	8.736e-03	1.498e-01	-9.792e-02
195516.50	9.341e-03	1.901e-01	1.824e-02
195517.50	-5.702e-03	-5.146e-02	2.909e-03
195518.50	-4.877e-03	-2.880e-02	1.469e-01
195519.50	5.328e-04	1.805e-02	1.094e-01
195520.50	2.093e-03	1.037e-02	-2.851e-02
195521.50	-9.600e-04	-4.704e-02	-1.603e-01
195522.50	1.910e-04	8.592e-02	1.920e-01
195523.50	7.392e-03	1.546e-01	-7.891e-02
195524.50	1.315e-02	2.371e-01	-2.189e-01
195525.50	1.670e-03	8.650e-03	2.928e-02
195526.50	-5.952e-03	-9.792e-02	1.037e-01
195527.50	1.613e-04	-3.206e-02	-6.605e-02
195528.50	8.726e-03	1.661e-01	-1.910e-01
195529.50	-4.598e-03	-1.142e-01	7.680e-02
195530.50	4.157e-03	1.181e-01	9.398e-02
195531.50	-5.501e-04	3.485e-03	-1.613e-02
195532.50	8.554e-03	1.603e-01	-8.966e-02
195533.50	-7.910e-03	-9.101e-02	1.056e-01
195534.50	-3.523e-05	1.190e-02	1.440e-01
195535.50	-1.056e-03	-6.221e-02	-1.411e-01
195536.50	-2.026e-03	6.307e-03	1.277e-01
195537.50	5.222e-03	7.267e-02	-1.546e-01
195538.50	4.435e-03	8.534e-02	-1.450e-01
195539.50	-2.957e-03	-7.862e-02	7.238e-02
195540.50	4.406e-03	9.696e-02	-2.515e-02
195541.50	-4.387e-04	1.142e-02	1.210e-01
195542.50	5.117e-03	5.702e-02	-1.478e-01
195543.50	5.011e-03	1.133e-01	-1.066e-02
195544.50	-6.269e-04	-9.792e-03	5.405e-02
195545.50	-3.024e-03	-5.923e-02	2.544e-02
195546.50	5.280e-03	1.085e-01	-2.630e-02
195547.50	-3.322e-03	-3.014e-03	2.870e-02
195548.50	2.160e-03	3.811e-02	1.421e-01
195549.50	4.272e-03	-9.158e-03	2.726e-02
195550.50	-5.347e-03	-8.842e-02	1.421e-01
195551.50	1.786e-03	6.547e-02	3.082e-02
195552.50	-5.616e-04	3.677e-02	-1.440e-01
195553.50	-2.314e-03	-3.446e-02	8.909e-03
195554.50	4.627e-03	1.046e-01	2.650e-02
195555.50	5.683e-03	1.210e-01	-2.765e-02
195556.50	2.890e-03	3.542e-02	-1.277e-01
195557.50	1.910e-03	7.334e-02	5.664e-02
195558.50	-3.955e-03	-9.696e-02	-8.525e-03
195559.50	1.642e-04	1.056e-02	1.411e-02
195560.50	-3.216e-03	-2.352e-02	2.131e-02
195561.50	-3.130e-03	-8.486e-02	1.574e-02
195562.50	1.517e-03	3.590e-02	-4.733e-02
195563.50	-6.806e-03	-1.229e-01	-6.221e-03
195564.50	-7.642e-03	-8.755e-02	2.227e-02
195565.50	-4.272e-03	-7.008e-02	6.538e-02
195566.50	3.821e-03	5.126e-02	-5.059e-02
195567.50	1.862e-03	4.147e-02	1.795e-02
195568.50	7.565e-03	1.354e-01	8.083e-02
195569.50	7.018e-03	1.690e-01	-4.138e-02
195570.50	-4.349e-03	-7.891e-02	5.040e-02
195571.50	6.278e-05	-2.928e-02	1.718e-02
195572.50	3.197e-03	8.410e-03	-6.019e-02
195573.50	-9.696e-04	-9.888e-03	1.882e-02
195574.50	1.152e-03	2.035e-02	-6.826e-02
195575.50	2.496e-03	4.483e-02	-6.950e-02
195576.50	-8.150e-03	-1.632e-01	6.077e-02
195577.50	-1.680e-03	-3.427e-02	-6.096e-03
195578.50	5.587e-03	8.611e-02	-3.370e-02
195579.50	5.434e-03	3.658e-02	-1.152e-01
195580.50	3.686e-02	2.035e-01	-1.507e-01
195581.50	4.042e-03	1.738e-02	-1.738e-02
195582.50	1.747e-02	2.688e-01	3.245e-02
195583.50	1.699e-03	4.282e-02	4.445e-02
195584.50	-6.605e-03	-9.984e-02	5.578e-02
195585.50	-1.142e-02	-9.302e-02	3.494e-02
195586.50	1.104e-03	2.582e-02	8.189e-02
195587.50	-6.854e-03	-6.960e-03	1.085e-01
195588.50	-1.104e-03	-3.802e-02	-9.888e-02
195589.50	-8.650e-03	-5.002e-02	-6.509e-02
195590.50	-1.411e-03	-6.864e-03	1.786e-02
195591.50	-5.184e-03	-7.210e-02	1.594e-02
195592.50	1.478e-03	-8.861e-03	7.834e-02
195593.50	3.302e-04	6.979e-03	5.664e-02
195594.50	2.534e-03	5.338e-02	-1.123e-01
195595.50	2.448e-02	1.219e-01	-2.362e-01
195596.50	-2.573e-02	-1.123e-01	1.094e-01
195597.50	-9.072e-02	-5.270e-01	2.371e-01
195598.50	1.795e-02	8.688e-02	-8.400e-02
195599.50	1.018e-02	1.162e-01	7.747e-03
195600.50	1.190e-02	5.261e-02	3.946e-02
195601.50	-3.139e-03	-4.685e-03	1.795e-01
195602.50	-5.021e-03	-8.170e-02	-4.090e-02
195603.50	1.027e-02	1.325e-01	-3.811e-02
195604.50	-2.486e-04	-7.459e-02	-1.075e-01
195605.50	-6.893e-04	8.381e-03	3.581e-02
195606.50	1.142e-03	-4.704e-03	-4.589e-02
195607.50	1.104e-03	-1.334e-02	-8.122e-03
195608.50	-3.370e-03	-4.541e-02	-1.363e-03
195609.50	-5.587e-03	-8.054e-03	-1.450e-02
195610.50	-2.006e-03	-3.091e-02	-5.146e-02
195611.50	5.414e-04	2.074e-02	-3.370e-02
195612.50	6.326e-03	2.621e-02	6.922e-02
195613.50	1.315e-03	5.654e-03	1.277e-02
195614.50	-1.507e-04	-2.554e-03	2.880e-02
195615.50	2.026e-03	3.043e-02	-3.629e-02
195616.50	7.766e-03	2.803e-02	-9.888e-02
195617.50	-4.176e-03	-1.056e-01	-2.784e-02
195618.50	2.506e-03	5.299e-02	-3.312e-02
195619.50	-2.294e-03	-5.318e-02	-7.699e-02
195620.50	3.024e-03	3.926e-02	5.808e-02
195621.50	1.008e-03	-2.486e-02	1.728e-02
195622.50	1.162e-02	5.731e-02	-1.037e-01
195623.50	-6.778e-03	-1.200e-01	5.808e-02
195624.50	-1.315e-03	-1.776e-02	-9.600e-03
195625.50	2.045e-05	-1.152e-04	-4.829e-02
195626.50	-7.075e-04	-1.238e-02	6.672e-02
195627.50	1.738e-03	6.134e-02	4.358e-02
195628.50	4.646e-03	7.718e-02	-8.026e-03
195629.50	-2.237e-03	-5.578e-02	-1.200e-02
195630.50	-3.110e-03	-1.718e-02	4.493e-02
195631.50	-3.514e-03	-3.984e-02	5.818e-03
195632.50	-1.901e-04	1.008e-02	-2.448e-02
195633.50	3.926e-03	4.445e-02	-6.662e-02
195634.50	2.179e-03	1.546e-02	-9.533e-02
195635.50	1.248e-03	4.723e-02	6.499e-02
195636.50	8.938e-04	5.251e-02	-4.214e-02
