195038.50	0.000e+00	0.000e+00	0.000e+00
195039.50	0.000e+00	0.000e+00	0.000e+00
195040.50	0.000e+00	0.000e+00	0.000e+00
195041.50	0.000e+00	0.000e+00	0.000e+00
195042.50	0.000e+00	0.000e+00	0.000e+00
195043.50	0.000e+00	0.000e+00	0.000e+00
195044.50	0.000e+00	0.000e+00	0.000e+00
195045.50	0.000e+00	0.000e+00	0.000e+00
195046.50	0.000e+00	0.000e+00	0.000e+00
195047.50	0.000e+00	0.000e+00	0.000e+00
195048.50	0.000e+00	0.000e+00	0.000e+00
195049.50	0.000e+00	0.000e+00	0.000e+00
195050.50	0.000e+00	0.000e+00	0.000e+00
195051.50	0.000e+00	0.000e+00	0.000e+00
195052.50	0.000e+00	0.000e+00	0.000e+00
195053.50	0.000e+00	0.000e+00	0.000e+00
195054.50	0.000e+00	0.000e+00	0.000e+00
195055.50	0.000e+00	0.000e+00	0.000e+00
195056.50	0.000e+00	0.000e+00	0.000e+00
195057.50	0.000e+00	0.000e+00	0.000e+00
195058.50	0.000e+00	0.000e+00	0.000e+00
195059.50	0.000e+00	0.000e+00	0.000e+00
195060.50	0.000e+00	0.000e+00	0.000e+00
195061.50	0.000e+00	0.000e+00	0.000e+00
195062.50	0.000e+00	0.000e+00	0.000e+00
195063.50	0.000e+00	0.000e+00	0.000e+00
195064.50	0.000e+00	0.000e+00	0.000e+00
195065.50	0.000e+00	0.000e+00	0.000e+00
195066.50	0.000e+00	0.000e+00	0.000e+00
195067.50	0.000e+00	0.000e+00	0.000e+00
195068.50	0.000e+00	0.000e+00	0.000e+00
195069.50	0.000e+00	0.000e+00	0.000e+00
195070.50	0.000e+00	0.000e+00	0.000e+00
195071.50	0.000e+00	0.000e+00	0.000e+00
195072.50	0.000e+00	0.000e+00	0.000e+00
195073.50	0.000e+00	0.000e+00	0.000e+00
195074.50	0.000e+00	0.000e+00	0.000e+00
195075.50	0.000e+00	0.000e+00	0.000e+00
195076.50	0.000e+00	0.000e+00	0.000e+00
195077.50	0.000e+00	0.000e+00	0.000e+00
195078.50	0.000e+00	0.000e+00	0.000e+00
195079.50	0.000e+00	0.000e+00	0.000e+00
195080.50	0.000e+00	0.000e+00	0.000e+00
195081.50	0.000e+00	0.000e+00	0.000e+00
195082.50	0.000e+00	0.000e+00	0.000e+00
195083.50	0.000e+00	0.000e+00	0.000e+00
195084.50	0.000e+00	0.000e+00	0.000e+00
195085.50	0.000e+00	0.000e+00	0.000e+00
195086.50	0.000e+00	0.000e+00	0.000e+00
195087.50	0.000e+00	0.000e+00	0.000e+00
195088.50	0.000e+00	0.000e+00	0.000e+00
195089.50	0.000e+00	0.000e+00	0.000e+00
195090.50	0.000e+00	0.000e+00	0.000e+00
195091.50	0.000e+00	0.000e+00	0.000e+00
195092.50	0.000e+00	0.000e+00	0.000e+00
195093.50	0.000e+00	0.000e+00	0.000e+00
195094.50	0.000e+00	0.000e+00	0.000e+00
195095.50	0.000e+00	0.000e+00	0.000e+00
195096.50	0.000e+00	0.000e+00	0.000e+00
195097.50	0.000e+00	0.000e+00	0.000e+00
195098.50	0.000e+00	0.000e+00	0.000e+00
195099.50	0.000e+00	0.000e+00	0.000e+00
195100.50	0.000e+00	0.000e+00	0.000e+00
195101.50	0.000e+00	0.000e+00	0.000e+00
195102.50	0.000e+00	0.000e+00	0.000e+00
195103.50	0.000e+00	0.000e+00	0.000e+00
195104.50	0.000e+00	0.000e+00	0.000e+00
195105.50	0.000e+00	0.000e+00	0.000e+00
195106.50	0.000e+00	0.000e+00	0.000e+00
195107.50	0.000e+00	0.000e+00	0.000e+00
195108.50	0.000e+00	0.000e+00	0.000e+00
195109.50	0.000e+00	0.000e+00	0.000e+00
195110.50	0.000e+00	0.000e+00	0.000e+00
195111.50	0.000e+00	0.000e+00	0.000e+00
195112.50	0.000e+00	0.000e+00	0.000e+00
195113.50	0.000e+00	0.000e+00	0.000e+00
195114.50	0.000e+00	0.000e+00	0.000e+00
195115.50	0.000e+00	0.000e+00	0.000e+00
195116.50	0.000e+00	0.000e+00	0.000e+00
195117.50	0.000e+00	0.000e+00	0.000e+00
195118.50	0.000e+00	0.000e+00	0.000e+00
195119.50	0.000e+00	0.000e+00	0.000e+00
195120.50	0.000e+00	0.000e+00	0.000e+00
195121.50	0.000e+00	0.000e+00	0.000e+00
195122.50	0.000e+00	0.000e+00	0.000e+00
195123.50	0.000e+00	0.000e+00	0.000e+00
195124.50	0.000e+00	0.000e+00	0.000e+00
195125.50	0.000e+00	0.000e+00	0.000e+00
195126.50	0.000e+00	0.000e+00	0.000e+00
195127.50	0.000e+00	0.000e+00	0.000e+00
195128.50	0.000e+00	0.000e+00	0.000e+00
195129.50	0.000e+00	0.000e+00	0.000e+00
195130.50	0.000e+00	0.000e+00	0.000e+00
195131.50	0.000e+00	0.000e+00	0.000e+00
195132.50	0.000e+00	0.000e+00	0.000e+00
195133.50	0.000e+00	0.000e+00	0.000e+00
195134.50	0.000e+00	0.000e+00	0.000e+00
195135.50	0.000e+00	0.000e+00	0.000e+00
195136.50	0.000e+00	0.000e+00	0.000e+00
195137.50	0.000e+00	0.000e+00	0.000e+00
195138.50	0.000e+00	0.000e+00	0.000e+00
195139.50	0.000e+00	0.000e+00	0.000e+00
195140.50	0.000e+00	0.000e+00	0.000e+00
195141.50	0.000e+00	0.000e+00	0.000e+00
195142.50	0.000e+00	0.000e+00	0.000e+00
195143.50	0.000e+00	0.000e+00	0.000e+00
195144.50	0.000e+00	0.000e+00	0.000e+00
195145.50	0.000e+00	0.000e+00	0.000e+00
195146.50	0.000e+00	0.000e+00	0.000e+00
195147.50	0.000e+00	0.000e+00	0.000e+00
195148.50	0.000e+00	0.000e+00	0.000e+00
195149.50	0.000e+00	0.000e+00	0.000e+00
195150.50	0.000e+00	0.000e+00	0.000e+00
195151.50	0.000e+00	0.000e+00	0.000e+00
195152.50	0.000e+00	0.000e+00	0.000e+00
195153.50	0.000e+00	0.000e+00	0.000e+00
195154.50	0.000e+00	0.000e+00	0.000e+00
195155.50	0.000e+00	0.000e+00	0.000e+00
195156.50	0.000e+00	0.000e+00	0.000e+00
195157.50	0.000e+00	0.000e+00	0.000e+00
195158.50	0.000e+00	0.000e+00	0.000e+00
195159.50	0.000e+00	0.000e+00	0.000e+00
195160.50	0.000e+00	0.000e+00	0.000e+00
195161.50	0.000e+00	0.000e+00	0.000e+00
195162.50	0.000e+00	0.000e+00	0.000e+00
195163.50	0.000e+00	0.000e+00	0.000e+00
195164.50	0.000e+00	0.000e+00	0.000e+00
195165.50	0.000e+00	0.000e+00	0.000e+00
195166.50	0.000e+00	0.000e+00	0.000e+00
195167.50	0.000e+00	0.000e+00	0.000e+00
195168.50	0.000e+00	0.000e+00	0.000e+00
195169.50	0.000e+00	0.000e+00	0.000e+00
195170.50	0.000e+00	0.000e+00	0.000e+00
195171.50	0.000e+00	0.000e+00	0.000e+00
195172.50	0.000e+00	0.000e+00	0.000e+00
195173.50	0.000e+00	0.000e+00	0.000e+00
195174.50	0.000e+00	0.000e+00	0.000e+00
195175.50	0.000e+00	0.000e+00	0.000e+00
195176.50	0.000e+00	0.000e+00	0.000e+00
195177.50	0.000e+00	0.000e+00	0.000e+00
195178.50	0.000e+00	0.000e+00	0.000e+00
195179.50	0.000e+00	0.000e+00	0.000e+00
195180.50	0.000e+00	0.000e+00	0.000e+00
195181.50	0.000e+00	0.000e+00	0.000e+00
195182.50	0.000e+00	0.000e+00	0.000e+00
195183.50	0.000e+00	0.000e+00	0.000e+00
195184.50	0.000e+00	0.000e+00	0.000e+00
195185.50	0.000e+00	0.000e+00	0.000e+00
195186.50	0.000e+00	0.000e+00	0.000e+00
195187.50	0.000e+00	0.000e+00	0.000e+00
195188.50	0.000e+00	0.000e+00	0.000e+00
195189.50	0.000e+00	0.000e+00	0.000e+00
195190.50	0.000e+00	0.000e+00	0.000e+00
195191.50	0.000e+00	0.000e+00	0.000e+00
195192.50	0.000e+00	0.000e+00	0.000e+00
195193.50	0.000e+00	0.000e+00	0.000e+00
195194.50	0.000e+00	0.000e+00	0.000e+00
195195.50	0.000e+00	0.000e+00	0.000e+00
195196.50	0.000e+00	0.000e+00	0.000e+00
195197.50	0.000e+00	0.000e+00	0.000e+00
195198.50	0.000e+00	0.000e+00	0.000e+00
195199.50	0.000e+00	0.000e+00	0.000e+00
195200.50	0.000e+00	0.000e+00	0.000e+00
195201.50	0.000e+00	0.000e+00	0.000e+00
195202.50	0.000e+00	0.000e+00	0.000e+00
195203.50	0.000e+00	0.000e+00	0.000e+00
195204.50	0.000e+00	0.000e+00	0.000e+00
195205.50	0.000e+00	0.000e+00	0.000e+00
195206.50	0.000e+00	0.000e+00	0.000e+00
195207.50	0.000e+00	0.000e+00	0.000e+00
195208.50	0.000e+00	0.000e+00	0.000e+00
195209.50	0.000e+00	0.000e+00	0.000e+00
195210.50	0.000e+00	0.000e+00	0.000e+00
195211.50	0.000e+00	0.000e+00	0.000e+00
195212.50	0.000e+00	0.000e+00	0.000e+00
195213.50	0.000e+00	0.000e+00	0.000e+00
195214.50	0.000e+00	0.000e+00	0.000e+00
195215.50	0.000e+00	0.000e+00	0.000e+00
195216.50	0.000e+00	0.000e+00	0.000e+00
195217.50	0.000e+00	0.000e+00	0.000e+00
195218.50	0.000e+00	0.000e+00	0.000e+00
195219.50	0.000e+00	0.000e+00	0.000e+00
195220.50	0.000e+00	0.000e+00	0.000e+00
195221.50	0.000e+00	0.000e+00	0.000e+00
195222.50	0.000e+00	0.000e+00	0.000e+00
195223.50	0.000e+00	0.000e+00	0.000e+00
195224.50	0.000e+00	0.000e+00	0.000e+00
195225.50	0.000e+00	0.000e+00	0.000e+00
195226.50	0.000e+00	0.000e+00	0.000e+00
195227.50	0.000e+00	0.000e+00	0.000e+00
195228.50	0.000e+00	0.000e+00	0.000e+00
195229.50	0.000e+00	0.000e+00	0.000e+00
195230.50	0.000e+00	0.000e+00	0.000e+00
195231.50	0.000e+00	0.000e+00	0.000e+00
195232.50	0.000e+00	0.000e+00	0.000e+00
195233.50	0.000e+00	0.000e+00	0.000e+00
195234.50	0.000e+00	0.000e+00	0.000e+00
195235.50	0.000e+00	0.000e+00	0.000e+00
195236.50	0.000e+00	0.000e+00	0.000e+00
195237.50	0.000e+00	0.000e+00	0.000e+00
195238.50	0.000e+00	0.000e+00	0.000e+00
195239.50	0.000e+00	0.000e+00	0.000e+00
195240.50	0.000e+00	0.000e+00	0.000e+00
195241.50	0.000e+00	0.000e+00	0.000e+00
195242.50	0.000e+00	0.000e+00	0.000e+00
195243.50	0.000e+00	0.000e+00	0.000e+00
195244.50	0.000e+00	0.000e+00	0.000e+00
195245.50	0.000e+00	0.000e+00	0.000e+00
195246.50	0.000e+00	0.000e+00	0.000e+00
195247.50	0.000e+00	0.000e+00	0.000e+00
195248.50	0.000e+00	0.000e+00	0.000e+00
195249.50	0.000e+00	0.000e+00	0.000e+00
195250.50	0.000e+00	0.000e+00	0.000e+00
195251.50	0.000e+00	0.000e+00	0.000e+00
195252.50	0.000e+00	0.000e+00	0.000e+00
195253.50	0.000e+00	0.000e+00	0.000e+00
195254.50	0.000e+00	0.000e+00	0.000e+00
195255.50	0.000e+00	0.000e+00	0.000e+00
195256.50	0.000e+00	0.000e+00	0.000e+00
195257.50	0.000e+00	0.000e+00	0.000e+00
195258.50	0.000e+00	0.000e+00	0.000e+00
195259.50	0.000e+00	0.000e+00	0.000e+00
195260.50	0.000e+00	0.000e+00	0.000e+00
195261.50	0.000e+00	0.000e+00	0.000e+00
195262.50	0.000e+00	0.000e+00	0.000e+00
195263.50	0.000e+00	0.000e+00	0.000e+00
195264.50	0.000e+00	0.000e+00	0.000e+00
195265.50	0.000e+00	0.000e+00	0.000e+00
195266.50	0.000e+00	0.000e+00	0.000e+00
195267.50	0.000e+00	0.000e+00	0.000e+00
195268.50	0.000e+00	0.000e+00	0.000e+00
195269.50	0.000e+00	0.000e+00	0.000e+00
195270.50	0.000e+00	0.000e+00	0.000e+00
195271.50	0.000e+00	0.000e+00	0.000e+00
195272.50	0.000e+00	0.000e+00	0.000e+00
195273.50	0.000e+00	0.000e+00	0.000e+00
195274.50	0.000e+00	0.000e+00	0.000e+00
195275.50	0.000e+00	0.000e+00	0.000e+00
195276.50	0.000e+00	0.000e+00	0.000e+00
195277.50	0.000e+00	0.000e+00	0.000e+00
195278.50	0.000e+00	0.000e+00	0.000e+00
195279.50	0.000e+00	0.000e+00	0.000e+00
195280.50	0.000e+00	0.000e+00	0.000e+00
195281.50	0.000e+00	0.000e+00	0.000e+00
195282.50	0.000e+00	0.000e+00	0.000e+00
195283.50	0.000e+00	0.000e+00	0.000e+00
195284.50	0.000e+00	0.000e+00	0.000e+00
195285.50	0.000e+00	0.000e+00	0.000e+00
195286.50	0.000e+00	0.000e+00	0.000e+00
195287.50	0.000e+00	0.000e+00	0.000e+00
195288.50	0.000e+00	0.000e+00	0.000e+00
195289.50	0.000e+00	0.000e+00	0.000e+00
195290.50	0.000e+00	0.000e+00	0.000e+00
195291.50	0.000e+00	0.000e+00	0.000e+00
195292.50	0.000e+00	0.000e+00	0.000e+00
195293.50	0.000e+00	0.000e+00	0.000e+00
195294.50	0.000e+00	0.000e+00	0.000e+00
195295.50	0.000e+00	0.000e+00	0.000e+00
195296.50	0.000e+00	0.000e+00	0.000e+00
195297.50	0.000e+00	0.000e+00	0.000e+00
195298.50	0.000e+00	0.000e+00	0.000e+00
195299.50	0.000e+00	0.000e+00	0.000e+00
195300.50	0.000e+00	0.000e+00	0.000e+00
195301.50	0.000e+00	0.000e+00	0.000e+00
195302.50	0.000e+00	0.000e+00	0.000e+00
195303.50	0.000e+00	0.000e+00	0.000e+00
195304.50	0.000e+00	0.000e+00	0.000e+00
195305.50	0.000e+00	0.000e+00	0.000e+00
195306.50	0.000e+00	0.000e+00	0.000e+00
195307.50	0.000e+00	0.000e+00	0.000e+00
195308.50	0.000e+00	0.000e+00	0.000e+00
195309.50	0.000e+00	0.000e+00	0.000e+00
195310.50	0.000e+00	0.000e+00	0.000e+00
195311.50	0.000e+00	0.000e+00	0.000e+00
195312.50	0.000e+00	0.000e+00	0.000e+00
195313.50	0.000e+00	0.000e+00	0.000e+00
195314.50	0.000e+00	0.000e+00	0.000e+00
195315.50	0.000e+00	0.000e+00	0.000e+00
195316.50	0.000e+00	0.000e+00	0.000e+00
195317.50	0.000e+00	0.000e+00	0.000e+00
195318.50	0.000e+00	0.000e+00	0.000e+00
195319.50	0.000e+00	0.000e+00	0.000e+00
195320.50	0.000e+00	0.000e+00	0.000e+00
195321.50	0.000e+00	0.000e+00	0.000e+00
195322.50	4.378e-08	-5.395e-17	1.565e-06
195323.50	1.008e-06	3.552e-06	3.552e-05
195324.50	-2.957e-04	-4.138e-02	-8.870e-03
195325.50	2.650e-04	-1.987e-03	9.370e-03
195326.50	-7.296e-03	-1.728e-01	-2.467e-01
195327.50	-5.203e-03	-1.018e+00	-1.738e-01
195328.50	2.707e-02	-3.350e+00	8.851e-01
195329.50	5.424e-02	-8.400e+00	1.747e+00
195330.50	1.392e-01	-1.478e+01	4.426e+00
195331.50	1.546e-01	-2.534e+01	4.752e+00
195332.50	2.419e-01	-3.725e+01	7.344e+00
195333.50	4.426e-01	-5.011e+01	1.325e+01
195334.50	6.874e-01	-7.440e+01	2.045e+01
195335.50	6.720e-01	-9.600e+01	1.939e+01
195336.50	1.008e+00	-8.640e+01	2.909e+01
195337.50	6.854e-01	-9.254e+01	1.901e+01
195338.50	3.686e-01	-9.696e+01	9.216e+00
195339.50	5.462e-01	-1.142e+02	1.392e+01
195340.50	7.728e-01	-5.443e+01	2.045e+01
195341.50	3.034e-01	-3.091e+01	7.123e+00
195342.50	1.363e-01	-1.776e+01	2.390e+00
195343.50	1.210e-01	2.851e+00	1.939e+00
195344.50	-1.027e-01	1.085e+01	-4.109e+00
195345.50	-1.824e-01	1.411e+01	-6.077e+00
195346.50	-4.061e-01	2.141e+01	-1.229e+01
195347.50	-4.349e-02	3.610e+01	-2.314e+00
195348.50	-3.370e-01	2.774e+01	-9.888e+00
195349.50	-4.320e-01	3.101e+01	-1.229e+01
195350.50	-2.822e-01	3.168e+01	-8.256e+00
195351.50	-1.757e-01	3.034e+01	-5.616e+00
195352.50	-4.042e-01	3.024e+01	-1.142e+01
195353.50	-2.534e-01	2.822e+01	-7.267e+00
195354.50	-2.544e-01	3.130e+01	-6.768e+00
195355.50	-5.078e-02	2.813e+01	-1.651e+00
195356.50	-1.997e-01	2.496e+01	-5.309e+00
195357.50	-2.122e-01	2.554e+01	-5.731e+00
195358.50	-1.574e-01	2.582e+01	-4.694e+00
195359.50	-2.016e-01	2.198e+01	-5.213e+00
195360.50	-7.306e-02	2.064e+01	-1.834e+00
195361.50	-9.226e-02	1.987e+01	-2.429e+00
195362.50	-2.189e-01	2.045e+01	-5.645e+00
195363.50	-1.344e-01	1.670e+01	-3.590e+00
195364.50	-1.488e-01	1.430e+01	-3.744e+00
195365.50	-1.603e-01	1.718e+01	-4.176e+00
195366.50	-1.037e-02	1.210e+01	-3.773e-01
195367.50	-7.258e-02	1.267e+01	-1.862e+00
195368.50	-6.019e-02	1.478e+01	-1.536e+00
195369.50	-6.547e-02	1.210e+01	-1.690e+00
195370.50	-1.190e-01	9.485e+00	-3.158e+00
195371.50	-2.266e-03	1.114e+01	4.272e-02
195372.50	-1.123e-01	8.784e+00	-2.909e+00
195373.50	-7.258e-02	1.037e+01	-1.968e+00
195374.50	-5.731e-02	9.792e+00	-1.574e+00
195375.50	-5.798e-02	7.354e+00	-1.450e+00
195376.50	-8.074e-02	8.390e+00	-1.987e+00
195377.50	-1.210e-03	7.882e+00	-6.173e-04
195378.50	-8.650e-02	5.962e+00	-2.227e+00
195379.50	-3.840e-02	6.038e+00	-8.947e-01
195380.50	-2.726e-02	6.586e+00	-6.595e-01
195381.50	-4.118e-02	4.685e+00	-9.792e-01
195382.50	-6.384e-02	5.990e+00	-1.613e+00
195383.50	-4.234e-02	5.357e+00	-1.114e+00
195384.50	-4.589e-02	4.291e+00	-1.277e+00
195385.50	-4.310e-02	4.656e+00	-1.075e+00
195386.50	-1.373e-03	5.568e+00	5.338e-02
195387.50	2.717e-02	4.147e+00	7.363e-01
195388.50	1.219e-02	5.117e+00	3.446e-01
195389.50	1.488e-02	4.128e+00	5.328e-01
195390.50	-8.294e-02	4.022e+00	-2.035e+00
195391.50	-5.213e-02	2.880e+00	-1.258e+00
195392.50	-1.805e-02	3.187e+00	-4.061e-01
195393.50	-8.294e-03	4.090e+00	-2.381e-01
195394.50	-1.066e-02	3.216e+00	-2.515e-01
195395.50	-1.440e-02	2.794e+00	-4.368e-01
195396.50	-5.232e-02	3.216e+00	-1.286e+00
195397.50	1.670e-02	2.285e+00	4.531e-01
195398.50	-2.515e-03	2.016e+00	-6.202e-02
195399.50	-2.438e-02	2.755e+00	-6.163e-01
195400.50	-1.123e-03	2.112e+00	-6.538e-02
195401.50	-1.037e-02	2.755e+00	-1.642e-01
195402.50	-1.958e-02	2.266e+00	-4.963e-01
195403.50	-1.843e-02	1.469e+00	-4.771e-01
195404.50	8.534e-03	2.246e+00	2.899e-01
195405.50	-2.842e-02	1.382e+00	-6.720e-01
195406.50	-4.330e-02	1.488e+00	-1.210e+00
195407.50	-2.477e-02	1.459e+00	-6.048e-01
195408.50	-6.538e-03	1.536e+00	-1.094e-01
195409.50	5.750e-03	1.747e+00	1.094e-01
195410.50	-3.216e-03	1.469e+00	-7.152e-02
195411.50	1.066e-02	1.555e+00	3.811e-01
195412.50	-1.987e-02	8.150e-01	-4.685e-01
195413.50	-1.334e-02	7.862e-01	-3.734e-01
195414.50	-1.248e-02	8.880e-01	-2.717e-01
195415.50	-2.035e-02	1.094e+00	-4.646e-01
195416.50	2.563e-02	1.210e+00	6.662e-01
195417.50	-1.594e-02	1.421e+00	-4.378e-01
195418.50	-1.219e-03	1.008e+00	-1.507e-02
195419.50	-2.726e-02	7.824e-01	-6.960e-01
195420.50	-2.371e-02	8.419e-01	-5.578e-01
195421.50	-3.235e-03	1.133e+00	-1.747e-02
195422.50	-1.344e-02	7.930e-01	-2.534e-01
195423.50	-1.210e-02	1.210e+00	-3.389e-01
195424.50	-7.267e-03	2.477e-01	-1.968e-01
195425.50	-7.315e-03	8.198e-01	-2.544e-01
195426.50	1.718e-03	8.227e-01	-3.667e-02
195427.50	1.795e-03	6.662e-01	-5.059e-03
195428.50	4.944e-04	6.998e-01	2.198e-02
195429.50	-1.277e-02	3.053e-01	-2.083e-01
195430.50	-1.594e-03	2.544e-01	-3.245e-02
195431.50	-7.171e-03	6.576e-01	-1.075e-01
195432.50	-4.934e-03	6.595e-01	-1.334e-01
195433.50	-2.074e-02	1.344e-01	-5.568e-01
195434.50	-5.635e-03	9.043e-01	-1.478e-01
195435.50	9.984e-03	2.851e-01	1.872e-01
195436.50	-1.104e-03	5.482e-02	-1.603e-01
195437.50	-8.304e-03	4.512e-01	-2.122e-01
195438.50	-1.334e-02	5.645e-02	-2.064e-01
195439.50	6.538e-03	9.101e-01	1.229e-01
195440.50	-8.410e-03	5.712e-01	-1.680e-01
195441.50	-8.496e-03	6.134e-01	-2.458e-01
195442.50	-1.440e-02	2.563e-01	-3.168e-01
195443.50	5.424e-03	4.454e-01	2.938e-01
195444.50	-1.421e-02	1.286e-01	-3.456e-01
195445.50	3.254e-03	4.762e-01	2.352e-02
195446.50	2.064e-03	3.053e-01	1.421e-01
195447.50	3.638e-03	1.190e-01	8.304e-02
195448.50	3.994e-03	7.565e-01	1.162e-01
195449.50	-3.341e-03	2.698e-01	7.670e-04
195450.50	-4.099e-03	5.779e-01	-5.443e-02
195451.50	-6.384e-03	7.315e-02	-1.507e-01
195452.50	-4.522e-03	1.891e-01	-2.371e-01
195453.50	1.133e-02	-2.083e-01	2.083e-01
195454.50	-6.365e-03	2.093e-01	-1.872e-01
195455.50	1.114e-02	4.454e-01	2.986e-01
195456.50	-5.213e-03	3.734e-01	-9.110e-02
195457.50	-1.229e-02	1.738e-01	-2.256e-01
195458.50	-1.037e-02	8.362e-02	-2.150e-01
195459.50	1.632e-03	3.907e-01	5.971e-02
195460.50	-1.450e-03	2.630e-01	-4.243e-02
195461.50	-5.405e-03	2.611e-01	-1.315e-01
195462.50	-1.622e-03	3.725e-01	3.802e-02
195463.50	-4.118e-03	3.341e-01	-1.142e-01
195464.50	-8.160e-03	2.227e-02	-1.680e-01
195465.50	3.869e-03	-1.133e-01	7.344e-02
195466.50	3.072e-04	-1.142e-01	2.573e-02
195467.50	-5.616e-03	6.701e-01	-1.258e-01
195468.50	-2.314e-03	-3.216e-01	-2.592e-02
195469.50	-3.878e-03	3.648e-02	-1.594e-01
195470.50	-5.050e-03	4.656e-01	-1.450e-01
195471.50	6.230e-03	7.968e-02	1.613e-01
195472.50	-1.229e-02	8.899e-02	-3.072e-01
195473.50	-2.026e-03	1.968e-01	2.707e-03
195474.50	-2.995e-03	4.272e-01	-3.734e-02
195475.50	2.122e-03	-5.165e-02	2.275e-02
195476.50	-7.766e-03	-6.250e-02	-1.690e-01
195477.50	1.142e-03	-2.602e-01	2.650e-02
195478.50	3.888e-03	1.027e-01	4.694e-02
195479.50	-2.669e-03	1.978e-01	-6.912e-03
195480.50	1.267e-03	-5.942e-02	1.046e-01
195481.50	-9.552e-03	2.669e-01	-2.045e-01
195482.50	-1.286e-04	2.323e-01	4.685e-02
195483.50	-5.750e-03	1.978e-01	-1.046e-01
195484.50	6.624e-03	-6.106e-02	1.104e-01
195485.50	-2.506e-03	-3.590e-02	-4.454e-02
195486.50	-6.835e-04	3.984e-01	-3.485e-02
195487.50	1.248e-02	5.453e-02	2.429e-01
195488.50	-8.304e-03	5.376e-02	-1.939e-01
195489.50	8.275e-04	1.997e-01	3.043e-03
195490.50	7.757e-03	2.064e-01	1.958e-01
195491.50	-4.435e-04	5.952e-02	-2.832e-02
195492.50	1.882e-03	2.371e-03	9.110e-02
195493.50	5.558e-04	2.410e-01	-4.138e-02
195494.50	3.715e-03	3.168e-01	1.123e-01
195495.50	-3.072e-03	1.747e-01	-5.222e-02
195496.50	-1.104e-02	-4.992e-02	-2.630e-01
195497.50	2.621e-03	1.190e-01	9.696e-02
195498.50	-9.293e-03	6.096e-02	-2.304e-01
195499.50	7.238e-03	-1.632e-01	1.853e-01
195500.50	-2.640e-03	-2.534e-02	-2.410e-02
195501.50	-1.536e-03	-2.102e-01	-6.989e-03
195502.50	-2.285e-03	3.312e-03	-5.549e-02
195503.50	9.696e-04	1.766e-01	2.506e-02
195504.50	-6.605e-03	1.267e-01	-1.747e-01
195505.50	-8.150e-03	-8.794e-04	-2.035e-01
195506.50	-6.624e-03	3.552e-01	-1.555e-01
195507.50	8.832e-03	1.949e-01	2.054e-01
195508.50	3.523e-03	4.435e-02	9.581e-02
195509.50	-1.238e-03	-1.334e-01	-1.574e-02
195510.50	3.475e-05	5.578e-02	2.995e-02
195511.50	2.304e-03	1.277e-01	3.187e-02
195512.50	3.734e-03	1.651e-01	2.544e-02
195513.50	1.930e-03	-2.179e-02	1.910e-02
195514.50	-1.190e-03	-5.491e-02	1.229e-02
195515.50	1.488e-03	1.440e-01	2.342e-02
195516.50	-8.026e-03	-2.035e-01	-1.920e-01
195517.50	-2.342e-03	1.219e-01	-2.832e-02
195518.50	-3.034e-03	1.862e-01	-4.886e-02
195519.50	2.218e-04	9.379e-02	1.219e-03
195520.50	-2.794e-03	-5.741e-02	-2.544e-02
195521.50	3.610e-04	-5.818e-02	-3.379e-02
195522.50	-4.378e-04	8.102e-02	1.814e-02
195523.50	-1.056e-02	-6.250e-02	-2.246e-01
195524.50	9.178e-03	-1.171e-01	2.717e-01
195525.50	2.784e-03	1.344e-01	2.669e-02
195526.50	-1.901e-03	9.571e-02	-4.128e-02
195527.50	-6.355e-03	2.256e-01	-1.834e-01
195528.50	-8.851e-03	-1.027e-01	-2.400e-01
195529.50	4.992e-03	1.766e-01	1.094e-01
195530.50	2.918e-03	1.680e-01	7.632e-02
195531.50	-4.339e-03	-1.219e-01	-9.600e-02
195532.50	-6.125e-04	-1.421e-01	-2.227e-02
195533.50	2.803e-03	8.765e-03	3.878e-02
195534.50	-7.104e-04	2.909e-01	1.018e-02
195535.50	-2.938e-03	5.376e-02	-4.378e-02
195536.50	-3.994e-03	-9.360e-02	-8.352e-02
195537.50	2.928e-03	1.603e-01	8.592e-02
195538.50	-6.422e-03	1.162e-01	-1.565e-01
195539.50	-9.984e-04	1.267e-01	-3.552e-03
195540.50	1.670e-03	1.565e-01	4.608e-02
195541.50	2.966e-03	9.533e-02	8.227e-02
195542.50	-1.181e-03	-1.181e-01	-1.997e-02
195543.50	5.568e-03	-1.373e-01	1.162e-01
195544.50	-1.056e-03	-1.421e-01	5.107e-03
195545.50	2.602e-03	1.210e-01	4.915e-02
195546.50	6.586e-03	-2.323e-02	1.450e-01
195547.50	3.888e-04	2.899e-01	1.507e-03
195548.50	-5.558e-04	-3.773e-02	1.354e-02
195549.50	5.712e-04	7.325e-03	4.368e-02
195550.50	-7.709e-03	-1.421e-02	-1.594e-01
195551.50	1.555e-03	-3.226e-02	2.909e-02
195552.50	8.842e-04	1.152e-02	2.525e-03
195553.50	-9.984e-04	-2.285e-02	-1.190e-02
195554.50	-1.478e-03	2.342e-02	-1.814e-02
195555.50	-1.824e-03	-1.152e-01	-3.514e-02
195556.50	-5.462e-03	7.027e-02	-1.104e-01
195557.50	4.224e-06	1.661e-03	4.493e-02
195558.50	2.218e-03	-2.947e-02	1.939e-02
195559.50	1.123e-02	1.277e-02	2.064e-01
195560.50	-9.542e-04	-7.555e-02	6.365e-03
195561.50	3.696e-03	2.093e-02	1.085e-01
195562.50	-1.594e-03	9.379e-02	-7.920e-02
195563.50	1.978e-03	-3.677e-03	4.330e-02
195564.50	2.880e-03	-1.104e-01	7.200e-02
195565.50	-1.306e-03	1.862e-01	-3.072e-02
195566.50	2.592e-03	7.037e-03	4.858e-02
195567.50	-4.118e-03	3.514e-02	-1.267e-01
195568.50	-6.499e-04	-5.885e-02	-9.696e-03
195569.50	2.237e-03	-3.408e-02	2.381e-02
195570.50	-2.784e-03	-3.350e-02	-5.501e-02
195571.50	-7.373e-03	-2.630e-02	-1.786e-01
195572.50	-8.390e-03	3.226e-02	-1.622e-01
195573.50	3.840e-05	7.690e-02	2.755e-02
195574.50	1.210e-03	7.229e-02	4.656e-02
195575.50	2.630e-03	4.051e-02	8.237e-02
195576.50	-9.110e-04	-8.938e-02	4.915e-03
195577.50	3.648e-03	-2.054e-02	3.485e-02
195578.50	-4.848e-03	7.133e-02	-1.402e-01
195579.50	-5.616e-04	-1.459e-01	-2.208e-02
195580.50	1.690e-03	-1.536e-02	6.336e-03
195581.50	-1.709e-03	2.746e-02	-3.581e-02
195582.50	-4.387e-03	1.382e-01	-6.547e-02
195583.50	1.018e-03	-2.515e-03	1.114e-02
195584.50	-1.766e-04	3.322e-02	-4.301e-03
195585.50	2.669e-03	-2.928e-02	2.947e-02
195586.50	7.325e-04	-2.006e-01	1.814e-02
195587.50	1.046e-03	-5.126e-03	-6.624e-04
195588.50	-8.467e-03	1.574e-01	-1.968e-01
195589.50	-9.888e-04	-3.418e-02	1.066e-02
195590.50	1.229e-03	3.139e-02	6.730e-02
195591.50	-1.085e-03	5.952e-02	1.315e-02
195592.50	2.736e-03	-5.299e-02	4.781e-02
195593.50	3.408e-03	8.294e-02	6.326e-02
195594.50	3.629e-05	3.139e-02	-1.344e-02
195595.50	8.890e-04	-3.658e-03	-1.018e-02
195596.50	-3.110e-03	1.258e-01	-1.075e-01
195597.50	-3.264e-04	6.624e-02	1.018e-02
195598.50	1.181e-03	-3.494e-02	3.677e-02
195599.50	-7.430e-05	-4.147e-02	4.493e-02
195600.50	-1.373e-03	9.254e-02	-2.506e-02
195601.50	-1.757e-03	-6.221e-02	-2.803e-02
195602.50	4.070e-03	2.640e-02	7.200e-02
195603.50	-6.029e-04	-1.066e-01	-3.773e-02
195604.50	2.640e-03	-1.325e-02	6.134e-02
195605.50	-2.400e-03	4.906e-02	-2.496e-02
195606.50	-3.379e-03	-4.838e-02	-3.418e-02
195607.50	-7.123e-03	4.819e-02	-1.603e-01
195608.50	-6.019e-03	-8.006e-02	-1.334e-01
195609.50	3.456e-03	-1.574e-02	1.776e-02
195610.50	5.846e-03	3.226e-02	5.798e-02
195611.50	-3.629e-03	7.190e-02	-4.003e-02
195612.50	1.574e-03	-5.664e-02	6.240e-02
195613.50	-3.206e-05	-9.139e-02	-1.939e-03
195614.50	9.600e-04	1.718e-01	-7.939e-03
195615.50	1.277e-03	6.211e-02	4.330e-02
195616.50	2.323e-04	-5.779e-02	1.594e-02
195617.50	-3.427e-03	-5.386e-02	-2.899e-02
195618.50	3.734e-03	9.533e-02	1.133e-01
195619.50	3.034e-03	1.075e-02	4.579e-02
195620.50	8.995e-04	1.498e-01	2.573e-02
195621.50	-3.619e-03	7.229e-02	-6.470e-02
195622.50	-1.440e-03	-4.224e-02	-7.690e-03
195623.50	3.494e-04	-8.640e-02	-1.248e-02
195624.50	2.218e-04	7.200e-02	-3.158e-02
195625.50	4.214e-03	4.896e-03	9.466e-02
195626.50	3.878e-03	7.459e-02	6.941e-02
195627.50	-2.890e-03	8.669e-03	-3.677e-02
195628.50	5.491e-04	-3.110e-02	1.363e-02
195629.50	-3.974e-03	-5.856e-03	-6.134e-02
195630.50	-3.302e-03	7.853e-02	-5.251e-02
195631.50	-5.270e-03	-1.344e-01	-9.792e-02
195632.50	9.696e-04	-2.256e-02	2.621e-02
195633.50	-2.813e-03	-6.576e-02	-8.909e-03
195634.50	-1.411e-03	-4.800e-02	-3.485e-02
195635.50	7.584e-04	-4.070e-02	2.515e-02
195636.50	-3.197e-03	-2.573e-02	-6.874e-02
