195038.50	0.000e+00	0.000e+00	0.000e+00
195039.50	0.000e+00	0.000e+00	0.000e+00
195040.50	0.000e+00	0.000e+00	0.000e+00
195041.50	0.000e+00	0.000e+00	0.000e+00
195042.50	0.000e+00	0.000e+00	0.000e+00
195043.50	0.000e+00	0.000e+00	0.000e+00
195044.50	0.000e+00	0.000e+00	0.000e+00
195045.50	0.000e+00	0.000e+00	0.000e+00
195046.50	0.000e+00	0.000e+00	0.000e+00
195047.50	0.000e+00	0.000e+00	0.000e+00
195048.50	0.000e+00	0.000e+00	0.000e+00
195049.50	0.000e+00	0.000e+00	0.000e+00
195050.50	0.000e+00	0.000e+00	0.000e+00
195051.50	0.000e+00	0.000e+00	0.000e+00
195052.50	0.000e+00	0.000e+00	0.000e+00
195053.50	0.000e+00	0.000e+00	0.000e+00
195054.50	0.000e+00	0.000e+00	0.000e+00
195055.50	0.000e+00	0.000e+00	0.000e+00
195056.50	0.000e+00	0.000e+00	0.000e+00
195057.50	0.000e+00	0.000e+00	0.000e+00
195058.50	0.000e+00	0.000e+00	0.000e+00
195059.50	0.000e+00	0.000e+00	0.000e+00
195060.50	0.000e+00	0.000e+00	0.000e+00
195061.50	0.000e+00	0.000e+00	0.000e+00
195062.50	0.000e+00	0.000e+00	0.000e+00
195063.50	0.000e+00	0.000e+00	0.000e+00
195064.50	0.000e+00	0.000e+00	0.000e+00
195065.50	0.000e+00	0.000e+00	0.000e+00
195066.50	0.000e+00	0.000e+00	0.000e+00
195067.50	0.000e+00	0.000e+00	0.000e+00
195068.50	0.000e+00	0.000e+00	0.000e+00
195069.50	0.000e+00	0.000e+00	0.000e+00
195070.50	0.000e+00	0.000e+00	0.000e+00
195071.50	0.000e+00	0.000e+00	0.000e+00
195072.50	0.000e+00	0.000e+00	0.000e+00
195073.50	0.000e+00	0.000e+00	0.000e+00
195074.50	0.000e+00	0.000e+00	0.000e+00
195075.50	0.000e+00	0.000e+00	0.000e+00
195076.50	0.000e+00	0.000e+00	0.000e+00
195077.50	0.000e+00	0.000e+00	0.000e+00
195078.50	0.000e+00	0.000e+00	0.000e+00
195079.50	0.000e+00	0.000e+00	0.000e+00
195080.50	0.000e+00	0.000e+00	0.000e+00
195081.50	0.000e+00	0.000e+00	0.000e+00
195082.50	0.000e+00	0.000e+00	0.000e+00
195083.50	0.000e+00	0.000e+00	0.000e+00
195084.50	0.000e+00	0.000e+00	0.000e+00
195085.50	0.000e+00	0.000e+00	0.000e+00
195086.50	0.000e+00	0.000e+00	0.000e+00
195087.50	0.000e+00	0.000e+00	0.000e+00
195088.50	0.000e+00	0.000e+00	0.000e+00
195089.50	0.000e+00	0.000e+00	0.000e+00
195090.50	0.000e+00	0.000e+00	0.000e+00
195091.50	0.000e+00	0.000e+00	0.000e+00
195092.50	0.000e+00	0.000e+00	0.000e+00
195093.50	0.000e+00	0.000e+00	0.000e+00
195094.50	0.000e+00	0.000e+00	0.000e+00
195095.50	0.000e+00	0.000e+00	0.000e+00
195096.50	0.000e+00	0.000e+00	0.000e+00
195097.50	0.000e+00	0.000e+00	0.000e+00
195098.50	0.000e+00	0.000e+00	0.000e+00
195099.50	0.000e+00	0.000e+00	0.000e+00
195100.50	0.000e+00	0.000e+00	0.000e+00
195101.50	0.000e+00	0.000e+00	0.000e+00
195102.50	0.000e+00	0.000e+00	0.000e+00
195103.50	0.000e+00	0.000e+00	0.000e+00
195104.50	0.000e+00	0.000e+00	0.000e+00
195105.50	0.000e+00	0.000e+00	0.000e+00
195106.50	0.000e+00	0.000e+00	0.000e+00
195107.50	0.000e+00	0.000e+00	0.000e+00
195108.50	0.000e+00	0.000e+00	0.000e+00
195109.50	0.000e+00	0.000e+00	0.000e+00
195110.50	0.000e+00	0.000e+00	0.000e+00
195111.50	0.000e+00	0.000e+00	0.000e+00
195112.50	0.000e+00	0.000e+00	0.000e+00
195113.50	0.000e+00	0.000e+00	0.000e+00
195114.50	0.000e+00	0.000e+00	0.000e+00
195115.50	0.000e+00	0.000e+00	0.000e+00
195116.50	0.000e+00	0.000e+00	0.000e+00
195117.50	0.000e+00	0.000e+00	0.000e+00
195118.50	0.000e+00	0.000e+00	0.000e+00
195119.50	0.000e+00	0.000e+00	0.000e+00
195120.50	0.000e+00	0.000e+00	0.000e+00
195121.50	0.000e+00	0.000e+00	0.000e+00
195122.50	0.000e+00	0.000e+00	0.000e+00
195123.50	0.000e+00	0.000e+00	0.000e+00
195124.50	0.000e+00	0.000e+00	0.000e+00
195125.50	0.000e+00	0.000e+00	0.000e+00
195126.50	0.000e+00	0.000e+00	0.000e+00
195127.50	0.000e+00	0.000e+00	0.000e+00
195128.50	0.000e+00	0.000e+00	0.000e+00
195129.50	0.000e+00	0.000e+00	0.000e+00
195130.50	0.000e+00	0.000e+00	0.000e+00
195131.50	0.000e+00	0.000e+00	0.000e+00
195132.50	0.000e+00	0.000e+00	0.000e+00
195133.50	0.000e+00	0.000e+00	0.000e+00
195134.50	0.000e+00	0.000e+00	0.000e+00
195135.50	0.000e+00	0.000e+00	0.000e+00
195136.50	0.000e+00	0.000e+00	0.000e+00
195137.50	0.000e+00	0.000e+00	0.000e+00
195138.50	0.000e+00	0.000e+00	0.000e+00
195139.50	0.000e+00	0.000e+00	0.000e+00
195140.50	0.000e+00	0.000e+00	0.000e+00
195141.50	0.000e+00	0.000e+00	0.000e+00
195142.50	0.000e+00	0.000e+00	0.000e+00
195143.50	0.000e+00	0.000e+00	0.000e+00
195144.50	0.000e+00	0.000e+00	0.000e+00
195145.50	0.000e+00	0.000e+00	0.000e+00
195146.50	0.000e+00	0.000e+00	0.000e+00
195147.50	0.000e+00	0.000e+00	0.000e+00
195148.50	0.000e+00	0.000e+00	0.000e+00
195149.50	0.000e+00	0.000e+00	0.000e+00
195150.50	0.000e+00	0.000e+00	0.000e+00
195151.50	0.000e+00	0.000e+00	0.000e+00
195152.50	0.000e+00	0.000e+00	0.000e+00
195153.50	0.000e+00	0.000e+00	0.000e+00
195154.50	0.000e+00	0.000e+00	0.000e+00
195155.50	0.000e+00	0.000e+00	0.000e+00
195156.50	0.000e+00	0.000e+00	0.000e+00
195157.50	0.000e+00	0.000e+00	0.000e+00
195158.50	0.000e+00	0.000e+00	0.000e+00
195159.50	0.000e+00	0.000e+00	0.000e+00
195160.50	0.000e+00	0.000e+00	0.000e+00
195161.50	0.000e+00	0.000e+00	0.000e+00
195162.50	0.000e+00	0.000e+00	0.000e+00
195163.50	0.000e+00	0.000e+00	0.000e+00
195164.50	0.000e+00	0.000e+00	0.000e+00
195165.50	0.000e+00	0.000e+00	0.000e+00
195166.50	0.000e+00	0.000e+00	0.000e+00
195167.50	0.000e+00	0.000e+00	0.000e+00
195168.50	0.000e+00	0.000e+00	0.000e+00
195169.50	0.000e+00	0.000e+00	0.000e+00
195170.50	0.000e+00	0.000e+00	0.000e+00
195171.50	0.000e+00	0.000e+00	0.000e+00
195172.50	0.000e+00	0.000e+00	0.000e+00
195173.50	0.000e+00	0.000e+00	0.000e+00
195174.50	0.000e+00	0.000e+00	0.000e+00
195175.50	0.000e+00	0.000e+00	0.000e+00
195176.50	0.000e+00	0.000e+00	0.000e+00
195177.50	0.000e+00	0.000e+00	0.000e+00
195178.50	0.000e+00	0.000e+00	0.000e+00
195179.50	0.000e+00	0.000e+00	0.000e+00
195180.50	0.000e+00	0.000e+00	0.000e+00
195181.50	0.000e+00	0.000e+00	0.000e+00
195182.50	0.000e+00	0.000e+00	0.000e+00
195183.50	0.000e+00	0.000e+00	0.000e+00
195184.50	0.000e+00	0.000e+00	0.000e+00
195185.50	0.000e+00	0.000e+00	0.000e+00
195186.50	0.000e+00	0.000e+00	0.000e+00
195187.50	0.000e+00	0.000e+00	0.000e+00
195188.50	0.000e+00	0.000e+00	0.000e+00
195189.50	0.000e+00	0.000e+00	0.000e+00
195190.50	0.000e+00	0.000e+00	0.000e+00
195191.50	0.000e+00	0.000e+00	0.000e+00
195192.50	0.000e+00	0.000e+00	0.000e+00
195193.50	0.000e+00	0.000e+00	0.000e+00
195194.50	0.000e+00	0.000e+00	0.000e+00
195195.50	0.000e+00	0.000e+00	0.000e+00
195196.50	0.000e+00	0.000e+00	0.000e+00
195197.50	0.000e+00	0.000e+00	0.000e+00
195198.50	0.000e+00	0.000e+00	0.000e+00
195199.50	0.000e+00	0.000e+00	0.000e+00
195200.50	0.000e+00	0.000e+00	0.000e+00
195201.50	0.000e+00	0.000e+00	0.000e+00
195202.50	0.000e+00	0.000e+00	0.000e+00
195203.50	0.000e+00	0.000e+00	0.000e+00
195204.50	0.000e+00	0.000e+00	0.000e+00
195205.50	0.000e+00	0.000e+00	0.000e+00
195206.50	0.000e+00	0.000e+00	0.000e+00
195207.50	0.000e+00	0.000e+00	0.000e+00
195208.50	0.000e+00	0.000e+00	0.000e+00
195209.50	0.000e+00	0.000e+00	0.000e+00
195210.50	0.000e+00	0.000e+00	0.000e+00
195211.50	0.000e+00	0.000e+00	0.000e+00
195212.50	0.000e+00	0.000e+00	0.000e+00
195213.50	0.000e+00	0.000e+00	0.000e+00
195214.50	0.000e+00	0.000e+00	0.000e+00
195215.50	0.000e+00	0.000e+00	0.000e+00
195216.50	0.000e+00	0.000e+00	0.000e+00
195217.50	0.000e+00	0.000e+00	0.000e+00
195218.50	0.000e+00	0.000e+00	0.000e+00
195219.50	0.000e+00	0.000e+00	0.000e+00
195220.50	0.000e+00	0.000e+00	0.000e+00
195221.50	0.000e+00	0.000e+00	0.000e+00
195222.50	0.000e+00	0.000e+00	0.000e+00
195223.50	0.000e+00	0.000e+00	0.000e+00
195224.50	0.000e+00	0.000e+00	0.000e+00
195225.50	0.000e+00	0.000e+00	0.000e+00
195226.50	0.000e+00	0.000e+00	0.000e+00
195227.50	0.000e+00	0.000e+00	0.000e+00
195228.50	0.000e+00	0.000e+00	0.000e+00
195229.50	0.000e+00	0.000e+00	0.000e+00
195230.50	0.000e+00	0.000e+00	0.000e+00
195231.50	0.000e+00	0.000e+00	0.000e+00
195232.50	0.000e+00	0.000e+00	0.000e+00
195233.50	0.000e+00	0.000e+00	0.000e+00
195234.50	0.000e+00	0.000e+00	0.000e+00
195235.50	0.000e+00	0.000e+00	0.000e+00
195236.50	0.000e+00	0.000e+00	0.000e+00
195237.50	0.000e+00	0.000e+00	0.000e+00
195238.50	0.000e+00	0.000e+00	0.000e+00
195239.50	0.000e+00	0.000e+00	0.000e+00
195240.50	0.000e+00	0.000e+00	0.000e+00
195241.50	0.000e+00	0.000e+00	0.000e+00
195242.50	0.000e+00	0.000e+00	0.000e+00
195243.50	0.000e+00	0.000e+00	0.000e+00
195244.50	0.000e+00	0.000e+00	0.000e+00
195245.50	0.000e+00	0.000e+00	0.000e+00
195246.50	0.000e+00	0.000e+00	0.000e+00
195247.50	0.000e+00	0.000e+00	0.000e+00
195248.50	0.000e+00	0.000e+00	0.000e+00
195249.50	0.000e+00	0.000e+00	0.000e+00
195250.50	0.000e+00	0.000e+00	0.000e+00
195251.50	0.000e+00	0.000e+00	0.000e+00
195252.50	0.000e+00	0.000e+00	0.000e+00
195253.50	0.000e+00	0.000e+00	0.000e+00
195254.50	0.000e+00	0.000e+00	0.000e+00
195255.50	0.000e+00	0.000e+00	0.000e+00
195256.50	0.000e+00	0.000e+00	0.000e+00
195257.50	0.000e+00	0.000e+00	0.000e+00
195258.50	0.000e+00	0.000e+00	0.000e+00
195259.50	0.000e+00	0.000e+00	0.000e+00
195260.50	0.000e+00	0.000e+00	0.000e+00
195261.50	0.000e+00	0.000e+00	0.000e+00
195262.50	0.000e+00	0.000e+00	0.000e+00
195263.50	0.000e+00	0.000e+00	0.000e+00
195264.50	0.000e+00	0.000e+00	0.000e+00
195265.50	0.000e+00	0.000e+00	0.000e+00
195266.50	0.000e+00	0.000e+00	0.000e+00
195267.50	0.000e+00	0.000e+00	0.000e+00
195268.50	0.000e+00	0.000e+00	0.000e+00
195269.50	0.000e+00	0.000e+00	0.000e+00
195270.50	0.000e+00	0.000e+00	0.000e+00
195271.50	0.000e+00	0.000e+00	0.000e+00
195272.50	0.000e+00	0.000e+00	0.000e+00
195273.50	0.000e+00	0.000e+00	0.000e+00
195274.50	0.000e+00	0.000e+00	0.000e+00
195275.50	0.000e+00	0.000e+00	0.000e+00
195276.50	0.000e+00	0.000e+00	0.000e+00
195277.50	0.000e+00	0.000e+00	0.000e+00
195278.50	0.000e+00	0.000e+00	0.000e+00
195279.50	0.000e+00	0.000e+00	0.000e+00
195280.50	0.000e+00	0.000e+00	0.000e+00
195281.50	0.000e+00	0.000e+00	0.000e+00
195282.50	0.000e+00	0.000e+00	0.000e+00
195283.50	0.000e+00	0.000e+00	0.000e+00
195284.50	0.000e+00	0.000e+00	0.000e+00
195285.50	0.000e+00	0.000e+00	0.000e+00
195286.50	0.000e+00	0.000e+00	0.000e+00
195287.50	0.000e+00	0.000e+00	0.000e+00
195288.50	0.000e+00	0.000e+00	0.000e+00
195289.50	0.000e+00	0.000e+00	0.000e+00
195290.50	0.000e+00	0.000e+00	0.000e+00
195291.50	0.000e+00	0.000e+00	0.000e+00
195292.50	0.000e+00	0.000e+00	0.000e+00
195293.50	0.000e+00	0.000e+00	0.000e+00
195294.50	0.000e+00	0.000e+00	0.000e+00
195295.50	0.000e+00	0.000e+00	0.000e+00
195296.50	0.000e+00	0.000e+00	0.000e+00
195297.50	0.000e+00	0.000e+00	0.000e+00
195298.50	0.000e+00	0.000e+00	0.000e+00
195299.50	0.000e+00	0.000e+00	0.000e+00
195300.50	0.000e+00	0.000e+00	0.000e+00
195301.50	0.000e+00	0.000e+00	0.000e+00
195302.50	0.000e+00	0.000e+00	0.000e+00
195303.50	0.000e+00	0.000e+00	0.000e+00
195304.50	0.000e+00	0.000e+00	0.000e+00
195305.50	0.000e+00	0.000e+00	0.000e+00
195306.50	0.000e+00	0.000e+00	0.000e+00
195307.50	0.000e+00	0.000e+00	0.000e+00
195308.50	0.000e+00	0.000e+00	0.000e+00
195309.50	0.000e+00	0.000e+00	0.000e+00
195310.50	0.000e+00	0.000e+00	0.000e+00
195311.50	0.000e+00	0.000e+00	0.000e+00
195312.50	0.000e+00	0.000e+00	0.000e+00
195313.50	0.000e+00	0.000e+00	0.000e+00
195314.50	0.000e+00	0.000e+00	0.000e+00
195315.50	0.000e+00	0.000e+00	0.000e+00
195316.50	0.000e+00	0.000e+00	0.000e+00
195317.50	0.000e+00	0.000e+00	0.000e+00
195318.50	0.000e+00	0.000e+00	0.000e+00
195319.50	0.000e+00	0.000e+00	0.000e+00
195320.50	7.200e-08	-1.670e-06	1.670e-06
195321.50	-1.382e-05	3.994e-04	-1.546e-04
195322.50	-2.467e-04	6.086e-03	-4.666e-03
195323.50	-1.104e-05	-4.915e-03	-6.173e-03
195324.50	-3.264e-03	-5.386e-03	-1.853e-01
195325.50	9.226e-03	-5.338e-01	-2.813e-01
195326.50	9.245e-02	-3.773e+00	-6.288e-01
195327.50	2.573e-01	-8.429e+00	1.094e+00
195328.50	4.685e-01	-1.507e+01	2.093e+00
195329.50	7.613e-01	-2.554e+01	1.373e+00
195330.50	1.296e+00	-4.243e+01	3.418e+00
195331.50	1.603e+00	-5.165e+01	3.917e+00
195332.50	2.429e+00	-7.517e+01	9.206e+00
195333.50	3.302e+00	-9.888e+01	1.526e+01
195334.50	3.504e+00	-1.008e+02	1.987e+01
195335.50	3.312e+00	-1.027e+02	6.691e+00
195336.50	3.610e+00	-1.018e+02	1.872e+01
195337.50	3.398e+00	-1.085e+02	-9.888e-01
195338.50	3.965e+00	-1.066e+02	2.410e+01
195339.50	1.430e+00	-3.562e+01	7.738e+00
195340.50	1.085e+00	-2.410e+01	8.160e+00
195341.50	2.870e-01	-8.256e+00	-5.424e+00
195342.50	-2.294e-01	8.774e+00	-4.262e+00
195343.50	-2.707e-01	1.488e+01	2.832e+00
195344.50	-7.738e-01	2.861e+01	-7.987e-02
195345.50	-9.082e-01	2.573e+01	-8.602e+00
195346.50	-9.408e-01	3.293e+01	2.246e-01
195347.50	-1.277e+00	3.686e+01	-7.834e+00
195348.50	-1.277e+00	3.725e+01	-6.758e+00
195349.50	-1.162e+00	3.062e+01	-1.075e+01
195350.50	-1.190e+00	3.821e+01	-1.104e+00
195351.50	-1.190e+00	3.754e+01	-1.747e+00
195352.50	-1.171e+00	3.302e+01	-6.048e+00
195353.50	-1.027e+00	3.043e+01	-3.811e+00
195354.50	-1.027e+00	3.110e+01	-2.323e+00
195355.50	-1.075e+00	2.899e+01	-6.691e+00
195356.50	-8.650e-01	2.506e+01	-3.725e+00
195357.50	-9.034e-01	2.746e+01	-1.229e+00
195358.50	-8.064e-01	2.352e+01	-3.197e+00
195359.50	-6.739e-01	2.045e+01	-1.277e+00
195360.50	-7.661e-01	2.256e+01	-1.862e+00
195361.50	-6.470e-01	1.776e+01	-3.638e+00
195362.50	-7.325e-01	1.901e+01	-5.376e+00
195363.50	-7.565e-01	2.035e+01	-4.474e+00
195364.50	-5.414e-01	1.642e+01	-6.480e-01
195365.50	-5.261e-01	1.603e+01	-6.010e-01
195366.50	-5.126e-01	1.450e+01	-2.227e+00
195367.50	-4.195e-01	1.219e+01	-1.162e+00
195368.50	-4.589e-01	1.363e+01	-8.717e-01
195369.50	-4.032e-01	1.085e+01	-2.208e+00
195370.50	-3.446e-01	1.066e+01	-4.781e-01
195371.50	-4.301e-01	1.258e+01	-7.728e-01
195372.50	-3.840e-01	1.037e+01	-1.814e+00
195373.50	-3.034e-01	9.418e+00	-2.371e-01
195374.50	-3.187e-01	9.600e+00	-4.790e-01
195375.50	-2.976e-01	8.323e+00	-1.306e+00
195376.50	-2.371e-01	7.229e+00	-3.235e-01
195377.50	-3.206e-01	8.218e+00	-2.093e+00
195378.50	-2.477e-01	7.066e+00	-7.728e-01
195379.50	-2.064e-01	6.682e+00	2.208e-01
195380.50	-2.093e-01	6.096e+00	-5.568e-01
195381.50	-2.755e-01	7.709e+00	-8.947e-01
195382.50	-1.574e-01	5.136e+00	9.312e-02
195383.50	-1.747e-01	4.752e+00	-4.733e-01
195384.50	-1.555e-01	5.002e+00	2.477e-01
195385.50	-1.709e-01	4.752e+00	-8.496e-01
195386.50	-2.246e-01	5.731e+00	-1.661e+00
195387.50	-1.805e-01	4.656e+00	-1.210e+00
195388.50	-1.517e-01	4.541e+00	-6.576e-02
195389.50	-1.488e-01	4.387e+00	-2.506e-01
195390.50	-1.094e-01	3.168e+00	-4.013e-01
195391.50	-1.440e-01	3.600e+00	-8.909e-01
195392.50	-1.258e-01	3.610e+00	-3.398e-01
195393.50	-8.285e-02	3.274e+00	9.043e-01
195394.50	-1.306e-01	3.600e+00	-6.970e-01
195395.50	-7.027e-02	2.218e+00	7.680e-02
195396.50	-1.363e-01	2.928e+00	-1.555e+00
195397.50	-1.133e-01	3.686e+00	2.928e-01
195398.50	-9.792e-02	2.794e+00	-1.853e-01
195399.50	-8.477e-02	2.342e+00	-3.658e-01
195400.50	-5.002e-02	2.035e+00	6.826e-01
195401.50	-5.635e-02	1.622e+00	2.246e-03
195402.50	-8.074e-02	1.805e+00	-1.152e+00
195403.50	-8.323e-02	2.688e+00	5.424e-02
195404.50	-6.230e-02	1.920e+00	7.709e-02
195405.50	-6.922e-02	1.872e+00	-2.131e-01
195406.50	-8.218e-02	1.978e+00	-7.286e-01
195407.50	-5.587e-02	1.277e+00	-6.240e-01
195408.50	-2.458e-02	6.682e-01	-3.206e-01
195409.50	-3.917e-02	1.421e+00	2.928e-01
195410.50	-7.152e-02	1.747e+00	-5.030e-01
195411.50	-5.818e-02	1.555e+00	-2.410e-01
195412.50	-3.869e-02	1.037e+00	-7.459e-02
195413.50	-5.501e-02	1.603e+00	-7.699e-02
195414.50	-5.693e-02	1.536e+00	-1.133e-01
195415.50	-5.741e-02	1.555e+00	-2.630e-01
195416.50	-3.408e-02	8.256e-01	-2.371e-01
195417.50	-2.803e-02	1.075e+00	1.680e-01
195418.50	-5.942e-02	1.632e+00	-3.312e-01
195419.50	-1.315e-02	5.318e-01	2.256e-01
195420.50	-5.462e-02	1.363e+00	-3.235e-01
195421.50	-2.419e-02	8.746e-01	1.824e-01
195422.50	-3.341e-02	8.966e-01	-5.875e-02
195423.50	-4.051e-02	1.334e+00	1.459e-01
195424.50	-3.110e-02	7.862e-01	-1.930e-01
195425.50	-3.206e-02	4.925e-01	-4.781e-01
195426.50	-2.198e-02	6.038e-01	-1.526e-01
195427.50	-2.074e-02	5.770e-01	-2.218e-01
195428.50	-2.016e-02	6.067e-01	3.408e-02
195429.50	5.357e-03	2.976e-01	5.021e-01
195430.50	-4.339e-02	9.130e-01	-5.530e-01
195431.50	-2.467e-02	8.093e-01	-2.294e-02
195432.50	-3.744e-03	5.347e-01	4.608e-01
195433.50	-4.877e-02	9.792e-01	-4.598e-01
195434.50	-1.997e-02	4.723e-01	-9.341e-02
195435.50	-2.678e-02	7.056e-01	-8.410e-02
195436.50	-3.245e-02	8.698e-01	-5.827e-02
195437.50	8.208e-04	4.531e-02	-7.325e-02
195438.50	1.603e-03	2.102e-01	2.294e-01
195439.50	-3.302e-03	1.584e-01	1.363e-01
195440.50	-4.637e-02	8.045e-01	-7.363e-01
195441.50	-2.534e-02	5.357e-01	-3.024e-01
195442.50	-2.400e-02	6.758e-01	5.510e-02
195443.50	-3.398e-02	1.142e+00	2.870e-01
195444.50	-1.488e-02	3.014e-02	-5.779e-01
195445.50	-3.677e-03	2.986e-01	1.229e-01
195446.50	-8.083e-03	1.546e-01	1.757e-02
195447.50	-7.862e-03	1.786e-01	-2.122e-01
195448.50	-7.056e-03	4.070e-01	2.285e-01
195449.50	-1.392e-02	4.080e-01	-5.712e-02
195450.50	-1.229e-02	3.658e-01	1.238e-02
195451.50	-4.138e-03	-3.533e-02	-2.813e-01
195452.50	-2.861e-02	8.246e-01	8.832e-02
195453.50	-1.939e-02	3.398e-01	-1.757e-01
195454.50	-1.190e-02	2.304e-01	-1.498e-01
195455.50	1.757e-03	5.261e-02	8.026e-02
195456.50	-3.686e-03	9.130e-02	-3.552e-02
195457.50	-9.792e-03	8.458e-02	-2.851e-01
195458.50	-4.176e-03	-1.642e-02	-1.642e-01
195459.50	-2.736e-03	2.314e-01	2.794e-01
195460.50	-1.181e-02	4.109e-01	8.256e-02
195461.50	-5.347e-03	2.938e-01	-1.181e-01
195462.50	5.242e-03	1.498e-01	4.560e-01
195463.50	-1.238e-02	1.680e-01	-3.610e-01
195464.50	-1.718e-02	1.987e-01	-3.686e-01
195465.50	-4.963e-03	1.334e-01	6.557e-02
195466.50	1.133e-02	-6.413e-02	3.715e-01
195467.50	-1.382e-02	1.488e-01	-5.453e-02
195468.50	-1.747e-02	3.475e-01	-1.718e-01
195469.50	-4.253e-03	-6.077e-02	-1.795e-01
195470.50	-7.843e-03	1.536e-01	-1.114e-01
195471.50	-5.856e-03	2.266e-01	-8.659e-02
195472.50	1.862e-03	-1.181e-03	6.451e-02
195473.50	-1.046e-02	1.987e-01	2.419e-02
195474.50	-1.997e-03	2.141e-01	2.054e-01
195475.50	-8.102e-03	2.150e-01	-2.880e-02
195476.50	-6.029e-03	2.717e-01	4.070e-02
195477.50	-1.325e-02	2.189e-01	-1.603e-01
195478.50	-1.296e-02	1.536e-01	-2.717e-01
195479.50	4.253e-03	4.013e-02	2.362e-01
195480.50	-1.315e-02	2.304e-01	-2.381e-01
195481.50	6.000e-03	7.334e-03	2.890e-01
195482.50	-1.805e-02	3.792e-01	-1.123e-01
195483.50	-1.114e-02	3.494e-01	-3.226e-02
195484.50	-6.854e-03	8.582e-02	-1.632e-01
195485.50	-1.018e-02	1.152e-01	-1.718e-01
195486.50	-8.035e-03	2.813e-01	9.696e-02
195487.50	4.502e-04	1.142e-01	1.776e-01
195488.50	4.330e-03	-6.758e-02	1.152e-02
195489.50	2.083e-04	-8.602e-02	-1.046e-01
195490.50	-1.661e-03	6.835e-02	-2.237e-02
195491.50	-1.718e-02	4.099e-01	-4.061e-02
195492.50	1.075e-03	-1.229e-02	9.600e-03
195493.50	-1.027e-02	3.024e-01	-3.091e-02
195494.50	-5.789e-03	6.173e-02	-1.651e-01
195495.50	-2.678e-04	1.882e-02	-2.410e-02
195496.50	-2.870e-03	1.219e-01	1.046e-01
195497.50	1.757e-03	-3.475e-02	6.250e-02
195498.50	-6.240e-03	1.325e-01	-2.506e-02
195499.50	-3.840e-03	1.402e-01	-1.430e-02
195500.50	-4.656e-03	4.157e-02	-1.594e-01
195501.50	4.733e-03	-9.341e-02	2.918e-02
195502.50	-3.197e-03	2.333e-01	2.150e-01
195503.50	-7.181e-03	5.491e-02	-1.430e-01
195504.50	-3.629e-03	1.008e-01	-1.824e-02
195505.50	1.258e-03	-1.891e-02	1.210e-01
195506.50	8.966e-03	-1.603e-02	2.698e-01
195507.50	-2.141e-03	4.205e-02	-7.958e-02
195508.50	-1.267e-02	2.813e-01	-1.219e-01
195509.50	-4.195e-03	1.008e-01	-5.405e-02
195510.50	7.296e-03	-2.237e-01	-5.347e-02
195511.50	-2.342e-03	6.605e-02	4.454e-02
195512.50	-5.299e-03	1.171e-01	-2.237e-02
195513.50	3.552e-03	1.891e-02	1.258e-01
195514.50	-4.195e-03	7.978e-02	-1.046e-01
195515.50	-8.736e-03	2.957e-01	2.774e-02
195516.50	-2.141e-03	2.323e-02	-1.114e-01
195517.50	-3.120e-03	3.859e-02	-5.568e-02
195518.50	-7.046e-03	8.506e-02	-6.365e-02
195519.50	2.995e-03	-6.163e-02	8.362e-02
195520.50	-5.587e-04	8.794e-02	9.888e-02
195521.50	-1.123e-03	3.485e-02	6.557e-02
195522.50	4.474e-03	-8.237e-02	4.598e-02
195523.50	-4.157e-03	-3.072e-02	-2.160e-01
195524.50	-1.219e-02	2.861e-01	-7.171e-02
195525.50	2.083e-04	8.189e-02	8.122e-02
195526.50	-3.331e-03	1.056e-01	6.336e-02
195527.50	-7.901e-04	2.323e-02	-1.862e-02
195528.50	-8.506e-03	8.784e-02	-2.112e-01
195529.50	-2.534e-03	1.814e-01	8.918e-02
195530.50	1.507e-03	1.190e-02	7.517e-02
195531.50	-6.614e-03	4.310e-02	-2.256e-01
195532.50	-5.002e-03	6.701e-02	-5.059e-02
195533.50	-2.755e-03	1.277e-01	1.219e-02
195534.50	-4.656e-03	-2.736e-02	-1.181e-01
195535.50	-3.034e-03	5.904e-02	-3.533e-03
195536.50	5.914e-03	-1.258e-01	4.886e-02
195537.50	1.670e-03	-3.763e-02	-4.013e-02
195538.50	-4.474e-04	-5.347e-02	-6.979e-02
195539.50	1.776e-03	4.925e-02	1.478e-01
195540.50	-6.998e-03	2.477e-01	3.206e-02
195541.50	7.718e-04	-1.046e-02	-1.459e-02
195542.50	-7.200e-05	8.035e-02	1.987e-01
195543.50	-3.590e-03	9.600e-02	-1.459e-02
195544.50	1.776e-03	-3.533e-02	1.805e-02
195545.50	3.590e-03	-1.603e-01	-8.256e-02
195546.50	-1.459e-03	3.494e-02	-9.062e-04
195547.50	4.915e-05	9.533e-02	1.651e-01
195548.50	-1.786e-03	5.520e-02	3.821e-02
195549.50	-1.680e-03	3.312e-02	-2.458e-02
195550.50	-1.853e-05	-1.574e-01	-2.294e-01
195551.50	-2.870e-03	1.987e-02	-6.278e-02
195552.50	-3.398e-03	5.030e-02	-8.362e-02
195553.50	8.678e-03	1.296e-02	1.987e-01
195554.50	-3.437e-03	2.621e-02	-6.941e-03
195555.50	4.253e-03	-9.581e-02	-8.304e-02
195556.50	-3.878e-03	8.381e-02	-4.080e-02
195557.50	7.603e-03	-1.699e-01	6.086e-02
195558.50	-2.870e-03	-2.544e-02	-3.187e-02
195559.50	-4.570e-03	7.738e-02	2.314e-03
195560.50	-6.067e-04	6.970e-02	2.822e-02
195561.50	-2.256e-03	2.458e-02	-5.770e-02
195562.50	1.978e-03	3.552e-02	9.034e-02
195563.50	-5.002e-03	5.011e-02	-5.078e-02
195564.50	-4.666e-03	-3.542e-02	-1.526e-01
195565.50	-6.269e-03	1.526e-01	-1.613e-02
195566.50	-5.117e-03	1.171e-01	-9.158e-04
195567.50	-2.371e-03	8.467e-02	5.626e-02
195568.50	-6.106e-03	1.747e-01	4.003e-02
195569.50	3.869e-04	5.414e-02	1.037e-02
195570.50	4.224e-03	3.965e-02	9.523e-02
195571.50	-1.565e-03	3.293e-02	-7.555e-02
195572.50	-4.531e-03	1.008e-01	3.648e-02
195573.50	-4.205e-03	2.784e-02	-8.074e-02
195574.50	7.075e-03	-1.709e-01	-1.882e-02
195575.50	-4.570e-04	-3.437e-03	-3.197e-02
195576.50	-1.440e-03	6.566e-02	-2.294e-03
195577.50	2.909e-03	-2.611e-02	1.747e-02
195578.50	-1.171e-03	1.200e-01	1.430e-01
195579.50	-4.454e-04	-8.851e-04	8.477e-03
195580.50	1.056e-03	-6.269e-02	-1.728e-02
195581.50	-2.400e-03	2.995e-02	-4.867e-02
195582.50	-3.139e-04	-6.413e-02	-7.536e-02
195583.50	3.600e-04	-7.142e-02	-1.219e-01
195584.50	-7.488e-04	-1.114e-01	-6.451e-02
195585.50	2.256e-03	-4.560e-02	3.139e-02
195586.50	-7.517e-03	1.757e-01	-7.661e-02
195587.50	1.776e-03	-4.080e-02	-3.206e-02
195588.50	4.253e-03	-3.475e-02	6.749e-02
195589.50	-1.056e-03	4.886e-02	4.915e-02
195590.50	2.381e-03	-7.872e-02	-2.150e-02
195591.50	-1.594e-03	4.282e-02	1.046e-03
195592.50	-3.840e-03	9.600e-02	5.261e-02
195593.50	2.861e-03	-4.560e-02	5.558e-02
195594.50	1.536e-03	4.704e-02	6.413e-02
195595.50	-3.187e-03	1.037e-01	-3.187e-02
195596.50	-2.112e-03	2.390e-02	-3.206e-02
195597.50	1.430e-03	-1.181e-03	4.358e-02
195598.50	1.661e-03	1.238e-02	3.005e-02
195599.50	1.267e-03	-2.179e-02	5.443e-02
195600.50	-6.038e-04	1.152e-02	-1.478e-02
195601.50	-3.773e-04	8.890e-03	-1.392e-02
195602.50	-4.867e-03	1.258e-02	-6.989e-02
195603.50	6.566e-04	-1.747e-02	2.928e-02
195604.50	6.355e-03	-8.515e-02	7.574e-02
195605.50	6.173e-03	-1.334e-01	4.176e-02
195606.50	4.070e-03	-1.930e-02	1.056e-01
195607.50	1.718e-03	5.616e-02	1.133e-01
195608.50	-5.050e-03	6.422e-02	-1.478e-02
195609.50	-3.926e-03	4.896e-02	-4.262e-02
195610.50	-4.368e-03	2.842e-03	-1.373e-01
195611.50	-7.181e-04	1.411e-03	3.149e-02
195612.50	1.382e-03	6.336e-02	9.139e-02
195613.50	-1.085e-03	-3.936e-02	-8.083e-02
195614.50	-1.891e-03	5.702e-03	-7.354e-02
195615.50	9.792e-04	-8.765e-02	-5.568e-02
195616.50	-8.246e-03	7.450e-02	-1.555e-01
195617.50	1.066e-03	-4.781e-03	4.330e-02
195618.50	1.565e-03	-1.440e-02	-2.246e-02
195619.50	4.560e-03	-5.059e-02	3.398e-02
195620.50	5.731e-03	-9.331e-02	3.850e-02
195621.50	1.987e-03	-3.379e-02	3.312e-02
195622.50	-4.771e-03	1.430e-01	1.757e-02
195623.50	-1.008e-03	8.026e-02	1.757e-02
195624.50	3.715e-03	-9.283e-02	-4.138e-03
195625.50	2.333e-03	9.696e-03	6.518e-02
195626.50	-4.973e-03	1.363e-02	-1.258e-01
195627.50	-5.923e-03	1.210e-01	-1.382e-02
195628.50	-8.582e-04	1.958e-02	-2.851e-02
195629.50	-1.939e-03	1.536e-02	-2.342e-02
195630.50	-6.250e-03	1.354e-01	-4.109e-02
195631.50	2.198e-04	5.885e-02	1.046e-01
195632.50	2.045e-04	-4.790e-02	5.933e-02
195633.50	7.334e-03	-1.421e-01	8.093e-02
195634.50	1.642e-03	-9.792e-03	1.843e-02
195635.50	-2.448e-03	7.680e-02	4.310e-03
195636.50	1.594e-03	-5.280e-02	-9.110e-03
