195038.50	0.000e+00	0.000e+00	0.000e+00
195039.50	0.000e+00	0.000e+00	0.000e+00
195040.50	0.000e+00	0.000e+00	0.000e+00
195041.50	0.000e+00	0.000e+00	0.000e+00
195042.50	0.000e+00	0.000e+00	0.000e+00
195043.50	0.000e+00	0.000e+00	0.000e+00
195044.50	0.000e+00	0.000e+00	0.000e+00
195045.50	0.000e+00	0.000e+00	0.000e+00
195046.50	0.000e+00	0.000e+00	0.000e+00
195047.50	0.000e+00	0.000e+00	0.000e+00
195048.50	0.000e+00	0.000e+00	0.000e+00
195049.50	0.000e+00	0.000e+00	0.000e+00
195050.50	0.000e+00	0.000e+00	0.000e+00
195051.50	0.000e+00	0.000e+00	0.000e+00
195052.50	0.000e+00	0.000e+00	0.000e+00
195053.50	0.000e+00	0.000e+00	0.000e+00
195054.50	0.000e+00	0.000e+00	0.000e+00
195055.50	0.000e+00	0.000e+00	0.000e+00
195056.50	0.000e+00	0.000e+00	0.000e+00
195057.50	0.000e+00	0.000e+00	0.000e+00
195058.50	0.000e+00	0.000e+00	0.000e+00
195059.50	0.000e+00	0.000e+00	0.000e+00
195060.50	0.000e+00	0.000e+00	0.000e+00
195061.50	0.000e+00	0.000e+00	0.000e+00
195062.50	0.000e+00	0.000e+00	0.000e+00
195063.50	0.000e+00	0.000e+00	0.000e+00
195064.50	0.000e+00	0.000e+00	0.000e+00
195065.50	0.000e+00	0.000e+00	0.000e+00
195066.50	0.000e+00	0.000e+00	0.000e+00
195067.50	0.000e+00	0.000e+00	0.000e+00
195068.50	0.000e+00	0.000e+00	0.000e+00
195069.50	0.000e+00	0.000e+00	0.000e+00
195070.50	0.000e+00	0.000e+00	0.000e+00
195071.50	0.000e+00	0.000e+00	0.000e+00
195072.50	0.000e+00	0.000e+00	0.000e+00
195073.50	0.000e+00	0.000e+00	0.000e+00
195074.50	0.000e+00	0.000e+00	0.000e+00
195075.50	0.000e+00	0.000e+00	0.000e+00
195076.50	0.000e+00	0.000e+00	0.000e+00
195077.50	0.000e+00	0.000e+00	0.000e+00
195078.50	0.000e+00	0.000e+00	0.000e+00
195079.50	0.000e+00	0.000e+00	0.000e+00
195080.50	0.000e+00	0.000e+00	0.000e+00
195081.50	0.000e+00	0.000e+00	0.000e+00
195082.50	0.000e+00	0.000e+00	0.000e+00
195083.50	0.000e+00	0.000e+00	0.000e+00
195084.50	0.000e+00	0.000e+00	0.000e+00
195085.50	0.000e+00	0.000e+00	0.000e+00
195086.50	0.000e+00	0.000e+00	0.000e+00
195087.50	0.000e+00	0.000e+00	0.000e+00
195088.50	0.000e+00	0.000e+00	0.000e+00
195089.50	0.000e+00	0.000e+00	0.000e+00
195090.50	0.000e+00	0.000e+00	0.000e+00
195091.50	0.000e+00	0.000e+00	0.000e+00
195092.50	0.000e+00	0.000e+00	0.000e+00
195093.50	0.000e+00	0.000e+00	0.000e+00
195094.50	0.000e+00	0.000e+00	0.000e+00
195095.50	0.000e+00	0.000e+00	0.000e+00
195096.50	0.000e+00	0.000e+00	0.000e+00
195097.50	0.000e+00	0.000e+00	0.000e+00
195098.50	0.000e+00	0.000e+00	0.000e+00
195099.50	0.000e+00	0.000e+00	0.000e+00
195100.50	0.000e+00	0.000e+00	0.000e+00
195101.50	0.000e+00	0.000e+00	0.000e+00
195102.50	0.000e+00	0.000e+00	0.000e+00
195103.50	0.000e+00	0.000e+00	0.000e+00
195104.50	0.000e+00	0.000e+00	0.000e+00
195105.50	0.000e+00	0.000e+00	0.000e+00
195106.50	0.000e+00	0.000e+00	0.000e+00
195107.50	0.000e+00	0.000e+00	0.000e+00
195108.50	0.000e+00	0.000e+00	0.000e+00
195109.50	0.000e+00	0.000e+00	0.000e+00
195110.50	0.000e+00	0.000e+00	0.000e+00
195111.50	0.000e+00	0.000e+00	0.000e+00
195112.50	0.000e+00	0.000e+00	0.000e+00
195113.50	0.000e+00	0.000e+00	0.000e+00
195114.50	0.000e+00	0.000e+00	0.000e+00
195115.50	0.000e+00	0.000e+00	0.000e+00
195116.50	0.000e+00	0.000e+00	0.000e+00
195117.50	0.000e+00	0.000e+00	0.000e+00
195118.50	0.000e+00	0.000e+00	0.000e+00
195119.50	0.000e+00	0.000e+00	0.000e+00
195120.50	0.000e+00	0.000e+00	0.000e+00
195121.50	0.000e+00	0.000e+00	0.000e+00
195122.50	0.000e+00	0.000e+00	0.000e+00
195123.50	0.000e+00	0.000e+00	0.000e+00
195124.50	0.000e+00	0.000e+00	0.000e+00
195125.50	0.000e+00	0.000e+00	0.000e+00
195126.50	0.000e+00	0.000e+00	0.000e+00
195127.50	0.000e+00	0.000e+00	0.000e+00
195128.50	0.000e+00	0.000e+00	0.000e+00
195129.50	0.000e+00	0.000e+00	0.000e+00
195130.50	0.000e+00	0.000e+00	0.000e+00
195131.50	0.000e+00	0.000e+00	0.000e+00
195132.50	0.000e+00	0.000e+00	0.000e+00
195133.50	0.000e+00	0.000e+00	0.000e+00
195134.50	0.000e+00	0.000e+00	0.000e+00
195135.50	0.000e+00	0.000e+00	0.000e+00
195136.50	0.000e+00	0.000e+00	0.000e+00
195137.50	0.000e+00	0.000e+00	0.000e+00
195138.50	0.000e+00	0.000e+00	0.000e+00
195139.50	0.000e+00	0.000e+00	0.000e+00
195140.50	0.000e+00	0.000e+00	0.000e+00
195141.50	0.000e+00	0.000e+00	0.000e+00
195142.50	0.000e+00	0.000e+00	0.000e+00
195143.50	0.000e+00	0.000e+00	0.000e+00
195144.50	0.000e+00	0.000e+00	0.000e+00
195145.50	0.000e+00	0.000e+00	0.000e+00
195146.50	0.000e+00	0.000e+00	0.000e+00
195147.50	0.000e+00	0.000e+00	0.000e+00
195148.50	0.000e+00	0.000e+00	0.000e+00
195149.50	0.000e+00	0.000e+00	0.000e+00
195150.50	0.000e+00	0.000e+00	0.000e+00
195151.50	0.000e+00	0.000e+00	0.000e+00
195152.50	0.000e+00	0.000e+00	0.000e+00
195153.50	0.000e+00	0.000e+00	0.000e+00
195154.50	0.000e+00	0.000e+00	0.000e+00
195155.50	0.000e+00	0.000e+00	0.000e+00
195156.50	0.000e+00	0.000e+00	0.000e+00
195157.50	0.000e+00	0.000e+00	0.000e+00
195158.50	0.000e+00	0.000e+00	0.000e+00
195159.50	4.666e-07	-8.870e-05	-1.008e-04
195160.50	2.227e-07	1.200e-04	5.578e-05
195161.50	-1.853e-05	-1.450e-03	8.093e-04
195162.50	5.165e-05	9.792e-04	-1.037e-03
195163.50	5.203e-05	4.205e-04	-4.176e-04
195164.50	5.405e-04	4.224e-02	2.237e-02
195165.50	-6.288e-04	-5.261e-02	-3.485e-02
195166.50	-2.794e-04	-2.688e-03	-8.803e-02
195167.50	-1.478e-04	-1.171e-02	-9.322e-02
195168.50	6.182e-04	2.246e-02	3.427e-02
195169.50	3.533e-04	-1.229e-01	-9.370e-02
195170.50	2.054e-03	-1.901e-01	-2.371e-02
195171.50	-3.571e-03	7.536e-02	1.910e-01
195172.50	-3.898e-03	4.272e-02	1.882e-01
195173.50	2.717e-03	5.875e-02	-1.094e-01
195174.50	8.429e-04	1.104e-01	-3.734e-02
195175.50	1.104e-03	-5.117e-01	-3.523e-02
195176.50	-3.782e-04	-1.133e+00	6.163e-02
195177.50	-4.272e-03	-3.456e+00	2.573e-01
195178.50	1.469e-02	-1.987e+01	-7.738e-01
195179.50	1.046e-01	-6.634e+01	-5.453e+00
195180.50	1.613e-01	-1.680e+02	-8.256e+00
195181.50	1.651e-01	-3.206e+02	-7.738e+00
195182.50	1.238e-01	-2.006e+02	-4.416e+00
195183.50	2.966e-01	-3.619e+02	-1.382e+01
195184.50	2.496e-01	-1.757e+02	-1.190e+01
195185.50	7.046e-02	4.646e+01	-2.342e+00
195186.50	-1.459e-01	1.094e+02	1.046e+01
195187.50	-9.792e-02	1.094e+02	6.470e+00
195188.50	-2.448e-02	9.312e+01	1.834e+00
195189.50	-3.859e-02	7.939e+01	2.659e+00
195190.50	-2.592e-02	7.152e+01	1.546e+00
195191.50	-2.995e-02	6.221e+01	2.198e+00
195192.50	-1.162e-01	6.010e+01	6.230e+00
195193.50	3.264e-02	4.694e+01	-1.920e+00
195194.50	1.210e-02	4.272e+01	-1.066e+00
195195.50	1.219e-02	4.512e+01	-1.286e+00
195196.50	-2.688e-02	3.667e+01	1.296e+00
195197.50	-2.448e-02	3.427e+01	8.726e-01
195198.50	2.246e-02	3.120e+01	-1.114e+00
195199.50	-7.661e-02	2.813e+01	3.754e+00
195200.50	-2.333e-02	2.611e+01	1.094e+00
195201.50	-5.549e-02	2.486e+01	2.918e+00
195202.50	-6.557e-02	2.256e+01	3.274e+00
195203.50	-2.909e-02	2.054e+01	1.450e+00
195204.50	-2.054e-02	1.853e+01	5.510e-01
195205.50	1.066e-02	1.565e+01	-6.979e-01
195206.50	-6.470e-04	1.488e+01	-3.581e-01
195207.50	9.206e-03	1.440e+01	-7.181e-01
195208.50	-3.955e-02	1.488e+01	1.872e+00
195209.50	6.576e-04	1.238e+01	-1.277e-01
195210.50	-1.325e-02	1.373e+01	5.318e-01
195211.50	-1.507e-02	1.354e+01	4.272e-01
195212.50	-1.382e-02	1.267e+01	1.046e-01
195213.50	-1.325e-02	9.984e+00	6.941e-01
195214.50	-1.210e-02	8.928e+00	4.877e-01
195215.50	1.354e-02	8.707e+00	-1.018e+00
195216.50	-1.613e-02	7.930e+00	7.296e-01
195217.50	-2.544e-02	8.803e+00	1.142e+00
195218.50	-1.200e-02	7.344e+00	3.245e-01
195219.50	-2.246e-02	6.499e+00	1.056e+00
195220.50	-1.536e-02	6.144e+00	6.922e-01
195221.50	-9.984e-03	7.690e+00	5.270e-01
195222.50	-1.219e-02	5.597e+00	2.400e-01
195223.50	-1.709e-02	5.030e+00	5.261e-01
195224.50	-2.218e-02	6.029e+00	1.171e+00
195225.50	-1.738e-02	5.750e+00	9.696e-01
195226.50	1.229e-02	5.040e+00	-3.629e-01
195227.50	-1.162e-02	3.245e+00	2.794e-01
195228.50	-1.920e-03	3.475e+00	-4.090e-01
195229.50	2.755e-03	3.888e+00	-2.870e-02
195230.50	-8.429e-03	3.350e+00	3.677e-01
195231.50	-2.554e-03	3.389e+00	-2.448e-02
195232.50	-2.458e-02	3.466e+00	1.008e+00
195233.50	-1.728e-02	3.802e+00	9.984e-01
195234.50	1.824e-02	4.358e+00	-1.075e+00
195235.50	1.411e-02	2.765e+00	-8.285e-01
195236.50	-1.094e-02	2.275e+00	6.461e-01
195237.50	-6.845e-03	2.640e+00	2.832e-01
195238.50	-1.123e-02	3.072e+00	5.251e-01
195239.50	6.374e-03	2.285e+00	-5.376e-01
195240.50	-4.541e-04	1.891e+00	-1.786e-01
195241.50	-3.331e-02	2.285e+00	1.594e+00
195242.50	-6.106e-03	1.680e+00	4.243e-01
195243.50	-1.133e-03	1.987e+00	-2.918e-01
195244.50	-1.334e-02	2.294e+00	7.171e-01
195245.50	2.688e-03	1.709e+00	-2.246e-01
195246.50	-1.142e-03	1.766e+00	-1.757e-01
195247.50	2.400e-03	1.210e+00	-8.294e-02
195248.50	3.955e-03	1.306e+00	4.733e-02
195249.50	-5.664e-03	1.690e+00	4.934e-02
195250.50	1.133e-02	1.843e+00	-7.795e-01
195251.50	-1.632e-03	1.229e+00	-2.784e-03
195252.50	-3.360e-03	1.440e+00	1.344e-01
195253.50	-1.507e-03	9.254e-01	1.392e-01
195254.50	-2.227e-03	8.890e-01	-2.957e-02
195255.50	-6.173e-03	3.811e-01	1.920e-01
195256.50	3.312e-03	1.814e+00	-1.766e-01
195257.50	-5.376e-03	1.565e+00	3.600e-01
195258.50	-1.315e-02	7.651e-01	5.875e-01
195259.50	1.075e-02	8.640e-01	-5.789e-01
195260.50	-4.157e-03	8.650e-01	3.024e-01
195261.50	-3.350e-04	6.202e-01	-2.726e-02
195262.50	-3.955e-04	7.382e-01	1.738e-02
195263.50	-1.094e-02	1.373e+00	4.147e-01
195264.50	4.426e-03	6.134e-01	-1.843e-01
195265.50	-3.571e-03	6.394e-01	2.371e-01
195266.50	-6.134e-03	6.845e-01	1.325e-01
195267.50	-1.018e-02	6.250e-01	-1.238e-01
195268.50	-1.824e-03	7.286e-01	5.568e-02
195269.50	3.283e-03	5.107e-01	-1.450e-01
195270.50	-7.517e-03	2.573e-01	3.984e-01
195271.50	2.995e-03	6.480e-01	-2.054e-01
195272.50	1.008e-02	7.718e-01	-3.120e-01
195273.50	-3.158e-04	4.080e-01	-4.675e-02
195274.50	-9.053e-04	7.498e-01	7.382e-03
195275.50	3.130e-03	2.630e-01	-1.498e-01
195276.50	-1.699e-03	7.018e-01	2.822e-02
195277.50	-4.416e-03	2.573e-02	3.235e-02
195278.50	-1.632e-03	2.410e-01	3.437e-02
195279.50	-5.165e-03	3.504e-01	3.379e-01
195280.50	-2.006e-03	5.654e-01	1.430e-01
195281.50	-1.757e-03	4.253e-01	-5.520e-02
195282.50	-3.667e-03	6.768e-01	2.026e-01
195283.50	-3.677e-03	6.758e-01	1.853e-01
195284.50	8.563e-03	3.456e-02	-5.338e-01
195285.50	5.894e-03	3.494e-01	-2.467e-01
195286.50	1.152e-03	2.208e-01	-4.838e-02
195287.50	-3.869e-03	9.888e-02	1.862e-01
195288.50	-3.850e-03	2.573e-01	9.696e-02
195289.50	-6.864e-03	4.291e-01	3.226e-01
195290.50	-1.114e-03	3.907e-01	-5.539e-02
195291.50	1.728e-03	3.254e-01	-4.406e-02
195292.50	-1.085e-03	3.254e-01	-1.162e-01
195293.50	-5.069e-03	1.238e-01	9.206e-02
195294.50	5.069e-03	3.245e-01	-2.429e-01
195295.50	-2.669e-04	1.642e-01	5.827e-02
195296.50	8.093e-04	1.834e-01	2.630e-02
195297.50	-7.699e-03	-8.678e-02	3.494e-01
195298.50	3.667e-03	6.893e-01	-2.438e-01
195299.50	-5.472e-03	1.718e-01	3.907e-02
195300.50	-4.656e-03	-1.642e-01	4.416e-03
195301.50	2.083e-03	1.814e-01	2.026e-01
195302.50	-1.738e-03	1.123e-01	1.891e-01
195303.50	3.667e-03	2.707e-01	-3.629e-01
195304.50	-3.322e-03	2.179e-02	2.179e-01
195305.50	4.445e-03	2.275e-01	-1.882e-01
195306.50	3.936e-03	1.805e-02	-2.026e-01
195307.50	-5.712e-03	3.206e-01	2.717e-01
195308.50	2.726e-03	3.763e-01	-1.872e-02
195309.50	-7.162e-03	5.376e-02	2.112e-01
195310.50	-2.630e-03	3.053e-02	1.670e-01
195311.50	9.206e-04	5.270e-01	-6.758e-02
195312.50	2.717e-03	2.294e-02	-1.795e-01
195313.50	-4.426e-03	-2.861e-02	1.075e-01
195314.50	-2.986e-03	1.114e-01	1.421e-01
195315.50	7.882e-03	5.434e-01	-2.794e-01
195316.50	-2.256e-03	2.928e-02	6.758e-02
195317.50	1.872e-03	9.379e-02	-1.142e-01
195318.50	1.632e-03	2.717e-01	-7.901e-02
195319.50	-1.018e-03	-9.888e-02	9.696e-02
195320.50	-2.160e-03	1.459e-01	3.571e-02
195321.50	-1.526e-03	-1.248e-01	3.475e-02
195322.50	2.266e-04	-9.446e-02	-2.304e-01
195323.50	4.618e-03	1.776e-01	-4.483e-02
195324.50	-1.594e-03	2.083e-01	2.054e-01
195325.50	-1.075e-03	4.061e-02	2.448e-02
195326.50	5.846e-04	3.466e-03	4.608e-02
195327.50	-2.582e-03	2.083e-01	-1.104e-02
195328.50	3.542e-05	-4.282e-02	-1.142e-02
195329.50	-2.938e-03	1.862e-01	2.275e-01
195330.50	-1.402e-03	6.538e-02	1.114e-01
195331.50	-1.162e-04	-8.141e-03	-1.037e-01
195332.50	-8.122e-04	3.245e-02	3.792e-02
195333.50	1.181e-03	3.091e-01	-5.501e-02
195334.50	1.421e-03	1.459e-01	9.696e-02
195335.50	1.382e-03	9.792e-02	-1.162e-01
195336.50	2.813e-03	1.066e-01	-5.693e-02
195337.50	-2.429e-03	-7.958e-02	-1.392e-01
195338.50	-3.110e-03	-4.118e-02	3.888e-02
195339.50	2.323e-03	1.334e-01	-6.211e-02
195340.50	-4.234e-04	2.131e-01	-3.917e-02
195341.50	2.458e-04	1.430e-01	8.842e-02
195342.50	-5.472e-03	1.555e-01	1.987e-01
195343.50	-2.064e-03	-1.546e-02	1.210e-01
195344.50	-1.277e-03	4.042e-02	1.181e-01
195345.50	5.491e-03	4.531e-01	-1.056e-01
195346.50	1.728e-03	-1.642e-01	-1.411e-01
195347.50	-7.920e-03	-2.381e-01	1.651e-01
195348.50	9.600e-04	1.190e-01	-6.058e-02
195349.50	-1.622e-03	-1.498e-02	9.792e-02
195350.50	3.648e-03	3.110e-02	-4.013e-02
195351.50	3.619e-03	9.888e-02	-1.277e-01
195352.50	-8.006e-04	-3.619e-02	-2.323e-02
195353.50	-5.165e-03	-1.373e-01	3.514e-02
195354.50	-3.504e-03	-1.469e-01	5.184e-02
195355.50	-5.309e-06	1.651e-01	3.370e-02
195356.50	8.179e-03	1.190e-01	-1.603e-02
195357.50	-1.171e-03	6.221e-02	6.154e-02
195358.50	3.418e-03	2.534e-02	5.990e-02
195359.50	-2.342e-03	-5.261e-02	1.046e-01
195360.50	1.565e-03	1.315e-01	-2.256e-01
195361.50	-4.128e-04	1.776e-01	-4.550e-02
195362.50	-1.085e-03	-2.525e-02	1.718e-01
195363.50	-2.755e-03	4.080e-02	1.834e-01
195364.50	-1.930e-03	7.171e-02	2.573e-02
195365.50	4.080e-03	2.515e-02	-1.920e-01
195366.50	2.842e-03	-5.933e-02	-4.656e-02
195367.50	4.608e-04	-1.181e-02	9.091e-03
195368.50	-7.738e-03	4.934e-02	1.037e-01
195369.50	4.685e-04	8.582e-02	-1.286e-01
195370.50	1.382e-03	1.958e-01	1.747e-02
195371.50	-8.323e-03	5.539e-02	1.315e-01
195372.50	2.851e-03	7.277e-03	-2.486e-02
195373.50	-4.877e-03	-1.066e-01	7.200e-02
195374.50	5.933e-03	1.738e-01	7.555e-02
195375.50	-1.757e-02	-7.373e-02	1.709e-01
195376.50	-2.227e-03	6.480e-02	1.814e-01
195377.50	-9.571e-05	5.107e-02	-6.883e-02
195378.50	-1.344e-03	-1.469e-01	8.131e-03
195379.50	1.152e-02	-1.882e-02	5.770e-02
195380.50	-8.880e-03	-3.110e-02	-4.234e-02
195381.50	6.768e-03	2.266e-01	-2.678e-01
195382.50	5.136e-03	1.267e-01	-3.322e-02
195383.50	-2.602e-03	1.709e-01	1.421e-01
195384.50	1.018e-03	-1.325e-01	-5.491e-02
195385.50	-1.210e-04	1.498e-01	2.794e-02
195386.50	1.248e-03	7.325e-02	-8.995e-02
195387.50	1.037e-02	2.650e-02	-3.206e-02
195388.50	-4.627e-04	5.165e-02	1.584e-02
195389.50	-2.381e-03	-1.267e-01	1.238e-01
195390.50	3.130e-04	3.197e-02	-2.371e-02
195391.50	3.504e-03	-3.629e-02	-1.392e-01
195392.50	-3.331e-03	9.984e-02	8.371e-02
195393.50	-1.958e-03	3.350e-02	6.739e-02
195394.50	3.418e-04	-1.584e-01	-4.627e-02
195395.50	-1.805e-04	4.118e-03	6.518e-02
195396.50	2.150e-03	6.720e-02	-3.293e-02
195397.50	-2.938e-05	-7.430e-02	4.118e-02
195398.50	-1.430e-03	-1.584e-02	-4.166e-02
195399.50	-1.766e-03	2.563e-01	4.464e-02
195400.50	-1.478e-03	3.331e-02	5.770e-02
195401.50	1.930e-03	-1.114e-01	1.968e-02
195402.50	-3.341e-04	1.526e-01	-3.322e-02
195403.50	-1.498e-03	-1.344e-01	6.355e-03
195404.50	-1.056e-03	-7.114e-02	4.445e-02
195405.50	-1.786e-03	7.526e-02	2.851e-02
195406.50	2.170e-04	-3.514e-02	1.718e-02
195407.50	-2.218e-03	3.946e-02	3.350e-02
195408.50	1.910e-03	-3.466e-03	-7.882e-02
195409.50	1.738e-02	4.042e-02	-7.085e-02
195410.50	5.789e-03	3.322e-02	1.094e-01
195411.50	-1.939e-03	5.002e-02	1.258e-01
195412.50	8.726e-04	-6.374e-02	-5.184e-02
195413.50	6.749e-04	1.843e-02	-6.941e-02
195414.50	4.598e-04	1.133e-01	-1.238e-01
195415.50	-2.102e-02	1.824e-02	8.045e-02
195416.50	5.597e-04	-4.080e-02	-1.133e-01
195417.50	1.709e-02	-5.270e-02	-1.094e-01
195418.50	3.571e-02	6.278e-02	-8.026e-02
195419.50	9.149e-04	-9.466e-02	2.938e-02
195420.50	-3.677e-02	-3.658e-01	-5.453e-02
195421.50	-3.370e-02	-3.226e-02	1.325e-01
195422.50	-3.350e-02	-9.389e-04	3.005e-01
195423.50	7.267e-03	9.590e-02	-6.941e-02
195424.50	8.237e-03	1.258e-02	-9.101e-02
195425.50	8.198e-04	-9.888e-02	-8.515e-02
195426.50	1.402e-03	5.798e-02	-9.226e-03
195427.50	3.302e-02	2.438e-01	-7.171e-02
195428.50	3.024e-03	-1.488e-02	4.080e-02
195429.50	7.661e-03	5.270e-02	3.542e-02
195430.50	-2.669e-03	-3.821e-02	6.720e-02
195431.50	-4.291e-03	3.840e-02	-6.384e-02
195432.50	-1.411e-03	4.550e-02	-1.363e-04
195433.50	-9.984e-04	-2.074e-02	-2.822e-02
195434.50	-1.594e-03	6.442e-02	1.258e-01
195435.50	3.091e-03	2.496e-02	-5.424e-02
195436.50	1.958e-04	2.237e-02	4.128e-02
195437.50	-1.085e-03	-4.138e-03	-8.669e-02
195438.50	4.397e-03	-6.067e-02	-3.389e-02
195439.50	5.616e-03	7.296e-02	4.051e-02
195440.50	-7.056e-03	2.755e-02	-4.954e-03
195441.50	-6.902e-03	2.246e-02	-3.226e-02
195442.50	1.555e-03	-7.786e-02	-8.794e-02
195443.50	-1.219e-03	-6.653e-02	3.859e-02
195444.50	3.734e-03	-4.234e-03	-1.450e-01
195445.50	1.382e-03	3.322e-02	1.238e-01
195446.50	4.474e-04	1.363e-02	-4.627e-02
195447.50	-5.789e-06	2.093e-02	2.467e-02
195448.50	-1.536e-03	-4.819e-02	6.384e-02
195449.50	1.958e-03	-3.408e-02	-1.037e-01
195450.50	4.906e-03	1.411e-01	-8.986e-02
195451.50	7.747e-03	2.592e-02	-3.178e-03
195452.50	2.784e-03	2.189e-02	1.517e-01
195453.50	-8.419e-04	1.094e-02	9.696e-03
195454.50	-1.507e-03	9.235e-02	-6.768e-04
195455.50	-1.978e-04	-1.114e-01	-7.862e-02
195456.50	1.152e-03	-3.245e-02	6.864e-02
195457.50	-1.066e-02	-1.459e-01	-7.498e-02
195458.50	3.005e-03	-2.064e-02	-6.835e-02
195459.50	-5.654e-03	3.965e-02	1.200e-01
195460.50	1.037e-03	-4.003e-02	-4.733e-02
195461.50	1.037e-03	1.123e-01	-4.147e-02
195462.50	4.483e-03	1.094e-01	1.037e-01
195463.50	-6.269e-03	-2.582e-02	1.354e-02
195464.50	-2.323e-03	-7.277e-03	1.018e-01
195465.50	-1.027e-03	9.024e-02	-2.016e-03
195466.50	1.133e-03	-7.891e-03	-2.294e-02
195467.50	2.102e-03	2.237e-02	3.763e-02
195468.50	2.717e-03	8.890e-03	2.746e-02
195469.50	-5.376e-03	-2.122e-02	-5.981e-02
195470.50	-3.994e-03	4.627e-02	-9.523e-04
195471.50	-7.776e-03	1.613e-02	1.114e-01
195472.50	1.507e-03	6.163e-02	-3.830e-02
195473.50	2.006e-02	5.011e-02	-7.584e-02
195474.50	-9.696e-03	-8.352e-02	-3.715e-02
195475.50	-1.344e-03	-1.680e-02	5.645e-03
195476.50	4.762e-06	-6.394e-02	2.381e-02
195477.50	5.347e-03	-7.709e-03	1.843e-02
195478.50	-5.750e-03	9.072e-02	6.787e-02
195479.50	-2.333e-03	1.411e-02	6.077e-02
195480.50	1.507e-03	-7.574e-03	-7.824e-02
195481.50	-1.382e-02	-7.114e-02	1.142e-01
195482.50	-8.736e-05	-6.576e-03	1.603e-02
195483.50	-2.861e-03	3.302e-02	7.469e-03
195484.50	-2.774e-03	1.978e-02	6.250e-03
195485.50	1.008e-03	3.235e-02	2.218e-02
195486.50	5.741e-03	4.944e-02	-1.210e-01
195487.50	6.614e-03	1.075e-01	-9.888e-02
195488.50	-1.190e-02	-9.888e-02	4.118e-02
195489.50	-6.230e-04	-8.650e-02	-1.286e-01
195490.50	-6.125e-03	7.411e-02	5.712e-02
195491.50	5.578e-03	1.738e-02	6.557e-02
195492.50	-6.499e-03	-9.418e-03	1.210e-01
195493.50	-3.504e-03	-1.056e-02	8.410e-02
195494.50	2.246e-03	-8.688e-02	-1.018e-01
195495.50	2.179e-03	-5.798e-03	-3.120e-02
195496.50	-1.018e-03	-8.381e-02	4.685e-02
195497.50	-4.368e-03	-1.114e-01	-6.106e-03
195498.50	-3.360e-03	6.269e-02	3.024e-02
195499.50	4.099e-03	7.219e-02	-3.514e-03
195500.50	3.917e-03	-3.091e-02	-6.845e-02
195501.50	-8.832e-04	-9.139e-03	6.058e-02
195502.50	3.763e-04	4.109e-03	-8.266e-03
195503.50	-2.131e-03	2.592e-02	4.906e-02
195504.50	4.675e-03	1.018e-01	-1.162e-01
195505.50	-1.123e-03	-1.709e-02	4.368e-02
195506.50	-1.171e-02	-1.402e-01	3.053e-02
195507.50	5.741e-03	2.275e-02	-6.710e-02
195508.50	1.219e-03	-3.149e-02	1.901e-02
195509.50	1.795e-03	2.928e-02	-5.933e-02
195510.50	3.149e-03	1.306e-02	-4.723e-02
195511.50	5.203e-03	-2.746e-02	-5.664e-02
195512.50	-5.904e-03	2.285e-02	5.597e-02
195513.50	-4.042e-03	5.376e-03	8.707e-02
195514.50	1.296e-03	-2.592e-02	-4.147e-02
195515.50	2.371e-03	-4.195e-02	-1.565e-02
195516.50	-1.171e-03	7.219e-02	-3.014e-03
195517.50	-4.934e-03	5.059e-02	-4.099e-03
195518.50	-2.198e-04	-3.504e-03	-5.174e-02
195519.50	6.163e-03	-1.555e-02	-3.974e-02
195520.50	5.040e-03	-1.795e-02	6.528e-03
195521.50	-1.238e-02	-4.310e-02	1.939e-02
195522.50	-6.000e-03	3.130e-03	-2.822e-02
195523.50	-3.552e-03	-8.102e-03	5.059e-02
195524.50	2.726e-02	-9.005e-02	-2.112e-01
195525.50	3.494e-02	-7.987e-02	-7.930e-02
195526.50	2.515e-02	-3.936e-02	2.102e-03
195527.50	3.686e-03	2.237e-01	-1.382e-01
195528.50	-2.726e-03	-2.842e-01	2.150e-01
195529.50	-6.134e-02	5.664e-02	2.640e-01
195530.50	-3.389e-04	-4.723e-02	-3.562e-02
195531.50	-3.120e-03	4.070e-02	7.642e-02
195532.50	-4.426e-03	-1.747e-02	-3.389e-02
195533.50	-1.200e-02	-7.450e-02	-5.530e-02
195534.50	-3.773e-03	5.558e-02	5.760e-02
195535.50	-8.899e-03	9.082e-02	3.686e-03
195536.50	-2.986e-04	4.406e-02	-1.133e-01
195537.50	1.104e-02	9.888e-03	4.637e-03
195538.50	-3.610e-04	-3.763e-02	7.690e-02
195539.50	1.142e-03	-4.838e-02	-1.267e-02
195540.50	-1.517e-03	-3.437e-03	-5.040e-03
195541.50	-1.258e-04	1.411e-02	4.579e-02
195542.50	4.435e-03	-3.850e-02	-4.157e-02
195543.50	6.134e-03	5.942e-02	1.411e-02
195544.50	8.582e-04	2.918e-02	4.925e-03
195545.50	1.382e-03	7.421e-03	-7.190e-02
195546.50	-4.358e-03	5.702e-02	-3.686e-03
195547.50	-3.638e-03	3.734e-02	8.122e-03
195548.50	2.064e-02	8.237e-02	3.139e-02
195549.50	-5.827e-03	-7.373e-02	6.144e-02
195550.50	1.488e-04	7.642e-03	1.210e-02
195551.50	-3.850e-03	5.587e-02	-1.795e-03
195552.50	-5.597e-03	-8.016e-02	-1.526e-02
195553.50	1.104e-03	2.026e-02	-4.627e-03
195554.50	4.848e-04	3.274e-02	-1.949e-02
195555.50	-5.462e-04	-6.672e-02	1.066e-02
195556.50	-3.629e-03	-1.901e-02	1.133e-03
195557.50	-3.101e-03	1.622e-02	-2.314e-02
195558.50	2.304e-04	-1.315e-02	1.526e-02
195559.50	-3.398e-04	-5.750e-02	-2.774e-02
195560.50	-1.085e-03	6.192e-03	1.411e-02
195561.50	-1.882e-03	4.253e-02	-4.704e-02
195562.50	-7.286e-04	-6.854e-03	7.046e-02
195563.50	-6.058e-04	4.166e-02	7.574e-02
195564.50	-1.872e-04	1.248e-02	-7.123e-02
195565.50	1.229e-03	-2.390e-02	-7.680e-04
195566.50	2.438e-03	-2.333e-02	-2.803e-02
195567.50	2.554e-04	-3.235e-03	-1.008e-02
195568.50	-2.477e-03	1.450e-02	3.494e-02
195569.50	-6.125e-03	-7.392e-03	3.235e-02
195570.50	-1.584e-03	-3.264e-02	4.752e-02
195571.50	4.810e-03	4.867e-02	-3.293e-02
195572.50	-1.094e-03	3.216e-02	-7.814e-03
195573.50	-1.277e-03	-1.459e-02	5.261e-02
195574.50	3.638e-04	2.400e-03	-6.566e-02
195575.50	1.008e-03	1.219e-02	-3.696e-02
195576.50	-2.870e-03	4.666e-02	8.678e-02
195577.50	-1.786e-03	-1.421e-02	-3.706e-03
195578.50	2.880e-04	1.584e-02	1.248e-02
195579.50	4.781e-03	3.811e-02	-8.880e-03
195580.50	-5.203e-04	7.862e-04	3.974e-02
195581.50	-4.618e-04	3.552e-03	9.984e-03
195582.50	-1.018e-03	2.928e-02	-1.344e-02
195583.50	-3.110e-04	6.624e-02	1.229e-02
195584.50	1.507e-02	1.133e-03	-2.582e-02
195585.50	5.242e-03	5.414e-02	-3.206e-02
195586.50	4.723e-04	1.421e-02	-6.413e-04
195587.50	8.333e-05	-2.218e-02	-1.805e-02
195588.50	-8.026e-04	-4.810e-02	-4.378e-02
195589.50	3.984e-03	-1.718e-02	-1.018e-02
195590.50	3.974e-03	-8.371e-03	4.109e-03
195591.50	-5.088e-04	-1.718e-02	-1.920e-02
195592.50	1.498e-04	-4.291e-02	-1.526e-02
195593.50	-1.459e-02	-3.034e-02	1.680e-02
195594.50	-1.651e-02	-2.266e-02	1.056e-02
195595.50	-5.290e-04	-8.467e-04	-2.064e-02
195596.50	-1.507e-04	8.842e-02	3.379e-02
195597.50	-1.373e-03	2.755e-02	7.171e-02
195598.50	-8.314e-04	1.277e-03	3.571e-02
195599.50	2.707e-04	-3.686e-02	-6.259e-02
195600.50	1.334e-03	-6.845e-03	-5.933e-02
195601.50	-5.376e-05	1.142e-02	-8.160e-03
195602.50	-2.899e-04	4.694e-02	1.056e-02
195603.50	-6.259e-05	-2.112e-02	1.526e-02
195604.50	2.179e-02	1.613e-02	-4.320e-02
195605.50	-8.410e-03	-1.594e-03	2.170e-02
195606.50	-1.430e-02	-1.008e-02	1.046e-01
195607.50	4.570e-04	-4.848e-04	4.397e-02
195608.50	-1.824e-02	3.043e-02	1.066e-02
195609.50	-1.315e-03	-2.112e-03	-2.842e-03
195610.50	-4.310e-03	6.854e-02	-5.194e-03
195611.50	7.584e-03	1.603e-02	-2.890e-02
195612.50	1.958e-02	-5.338e-02	-3.485e-02
195613.50	-1.565e-03	-5.606e-02	3.005e-02
195614.50	1.037e-03	-8.237e-02	8.198e-03
195615.50	1.594e-03	-4.147e-02	-4.560e-02
195616.50	-2.006e-03	5.309e-02	5.078e-02
195617.50	1.238e-03	1.901e-02	-1.891e-02
195618.50	9.427e-04	-1.286e-02	-2.314e-02
195619.50	5.405e-03	2.362e-02	-7.872e-02
195620.50	7.776e-03	-1.565e-02	-3.475e-02
195621.50	-4.771e-05	2.275e-02	-1.651e-02
195622.50	2.976e-04	1.690e-02	-2.150e-03
195623.50	7.382e-03	8.554e-03	-5.875e-02
195624.50	5.712e-03	3.024e-02	-4.723e-02
195625.50	-2.323e-04	2.717e-03	1.114e-02
195626.50	9.264e-05	-2.851e-02	-2.352e-02
195627.50	-9.984e-04	2.698e-02	1.968e-02
195628.50	-5.645e-04	-1.632e-02	2.035e-03
195629.50	-1.325e-03	1.325e-02	5.827e-02
195630.50	-6.000e-04	-1.056e-02	5.222e-02
195631.50	-9.600e-04	-4.109e-02	5.395e-02
195632.50	-7.210e-04	1.325e-02	-1.526e-03
195633.50	-5.462e-04	2.266e-02	-2.333e-03
195634.50	-4.637e-03	1.450e-02	3.792e-02
195635.50	-5.098e-03	-9.523e-03	-1.670e-02
195636.50	1.075e-03	1.613e-02	-4.531e-02
