195038.50	0.000e+00	0.000e+00	0.000e+00
195039.50	0.000e+00	0.000e+00	0.000e+00
195040.50	0.000e+00	0.000e+00	0.000e+00
195041.50	0.000e+00	0.000e+00	0.000e+00
195042.50	0.000e+00	0.000e+00	0.000e+00
195043.50	0.000e+00	0.000e+00	0.000e+00
195044.50	0.000e+00	0.000e+00	0.000e+00
195045.50	0.000e+00	0.000e+00	0.000e+00
195046.50	0.000e+00	0.000e+00	0.000e+00
195047.50	0.000e+00	0.000e+00	0.000e+00
195048.50	0.000e+00	0.000e+00	0.000e+00
195049.50	0.000e+00	0.000e+00	0.000e+00
195050.50	0.000e+00	0.000e+00	0.000e+00
195051.50	0.000e+00	0.000e+00	0.000e+00
195052.50	0.000e+00	0.000e+00	0.000e+00
195053.50	0.000e+00	0.000e+00	0.000e+00
195054.50	0.000e+00	0.000e+00	0.000e+00
195055.50	0.000e+00	0.000e+00	0.000e+00
195056.50	0.000e+00	0.000e+00	0.000e+00
195057.50	0.000e+00	0.000e+00	0.000e+00
195058.50	0.000e+00	0.000e+00	0.000e+00
195059.50	0.000e+00	0.000e+00	0.000e+00
195060.50	0.000e+00	0.000e+00	0.000e+00
195061.50	0.000e+00	0.000e+00	0.000e+00
195062.50	0.000e+00	0.000e+00	0.000e+00
195063.50	0.000e+00	0.000e+00	0.000e+00
195064.50	0.000e+00	0.000e+00	0.000e+00
195065.50	0.000e+00	0.000e+00	0.000e+00
195066.50	0.000e+00	0.000e+00	0.000e+00
195067.50	0.000e+00	0.000e+00	0.000e+00
195068.50	0.000e+00	0.000e+00	0.000e+00
195069.50	0.000e+00	0.000e+00	0.000e+00
195070.50	0.000e+00	0.000e+00	0.000e+00
195071.50	0.000e+00	0.000e+00	0.000e+00
195072.50	0.000e+00	0.000e+00	0.000e+00
195073.50	0.000e+00	0.000e+00	0.000e+00
195074.50	0.000e+00	0.000e+00	0.000e+00
195075.50	0.000e+00	0.000e+00	0.000e+00
195076.50	0.000e+00	0.000e+00	0.000e+00
195077.50	0.000e+00	0.000e+00	0.000e+00
195078.50	0.000e+00	0.000e+00	0.000e+00
195079.50	0.000e+00	0.000e+00	0.000e+00
195080.50	0.000e+00	0.000e+00	0.000e+00
195081.50	0.000e+00	0.000e+00	0.000e+00
195082.50	0.000e+00	0.000e+00	0.000e+00
195083.50	0.000e+00	0.000e+00	0.000e+00
195084.50	0.000e+00	0.000e+00	0.000e+00
195085.50	0.000e+00	0.000e+00	0.000e+00
195086.50	0.000e+00	0.000e+00	0.000e+00
195087.50	0.000e+00	0.000e+00	0.000e+00
195088.50	0.000e+00	0.000e+00	0.000e+00
195089.50	0.000e+00	0.000e+00	0.000e+00
195090.50	0.000e+00	0.000e+00	0.000e+00
195091.50	0.000e+00	0.000e+00	0.000e+00
195092.50	0.000e+00	0.000e+00	0.000e+00
195093.50	0.000e+00	0.000e+00	0.000e+00
195094.50	0.000e+00	0.000e+00	0.000e+00
195095.50	0.000e+00	0.000e+00	0.000e+00
195096.50	0.000e+00	0.000e+00	0.000e+00
195097.50	0.000e+00	0.000e+00	0.000e+00
195098.50	0.000e+00	0.000e+00	0.000e+00
195099.50	0.000e+00	0.000e+00	0.000e+00
195100.50	0.000e+00	0.000e+00	0.000e+00
195101.50	0.000e+00	0.000e+00	0.000e+00
195102.50	0.000e+00	0.000e+00	0.000e+00
195103.50	0.000e+00	0.000e+00	0.000e+00
195104.50	0.000e+00	0.000e+00	0.000e+00
195105.50	0.000e+00	0.000e+00	0.000e+00
195106.50	0.000e+00	0.000e+00	0.000e+00
195107.50	0.000e+00	0.000e+00	0.000e+00
195108.50	0.000e+00	0.000e+00	0.000e+00
195109.50	0.000e+00	0.000e+00	0.000e+00
195110.50	0.000e+00	0.000e+00	0.000e+00
195111.50	0.000e+00	0.000e+00	0.000e+00
195112.50	0.000e+00	0.000e+00	0.000e+00
195113.50	0.000e+00	0.000e+00	0.000e+00
195114.50	0.000e+00	0.000e+00	0.000e+00
195115.50	0.000e+00	0.000e+00	0.000e+00
195116.50	0.000e+00	0.000e+00	0.000e+00
195117.50	0.000e+00	0.000e+00	0.000e+00
195118.50	0.000e+00	0.000e+00	0.000e+00
195119.50	0.000e+00	0.000e+00	0.000e+00
195120.50	0.000e+00	0.000e+00	0.000e+00
195121.50	0.000e+00	0.000e+00	0.000e+00
195122.50	0.000e+00	0.000e+00	0.000e+00
195123.50	0.000e+00	0.000e+00	0.000e+00
195124.50	0.000e+00	0.000e+00	0.000e+00
195125.50	0.000e+00	0.000e+00	0.000e+00
195126.50	0.000e+00	0.000e+00	0.000e+00
195127.50	0.000e+00	0.000e+00	0.000e+00
195128.50	0.000e+00	0.000e+00	0.000e+00
195129.50	0.000e+00	0.000e+00	0.000e+00
195130.50	0.000e+00	0.000e+00	0.000e+00
195131.50	0.000e+00	0.000e+00	0.000e+00
195132.50	0.000e+00	0.000e+00	0.000e+00
195133.50	0.000e+00	0.000e+00	0.000e+00
195134.50	0.000e+00	0.000e+00	0.000e+00
195135.50	0.000e+00	0.000e+00	0.000e+00
195136.50	0.000e+00	0.000e+00	0.000e+00
195137.50	0.000e+00	0.000e+00	0.000e+00
195138.50	0.000e+00	0.000e+00	0.000e+00
195139.50	0.000e+00	0.000e+00	0.000e+00
195140.50	0.000e+00	0.000e+00	0.000e+00
195141.50	0.000e+00	0.000e+00	0.000e+00
195142.50	0.000e+00	0.000e+00	0.000e+00
195143.50	0.000e+00	0.000e+00	0.000e+00
195144.50	0.000e+00	0.000e+00	0.000e+00
195145.50	0.000e+00	0.000e+00	0.000e+00
195146.50	0.000e+00	0.000e+00	0.000e+00
195147.50	0.000e+00	0.000e+00	0.000e+00
195148.50	0.000e+00	0.000e+00	0.000e+00
195149.50	0.000e+00	0.000e+00	0.000e+00
195150.50	0.000e+00	0.000e+00	0.000e+00
195151.50	0.000e+00	0.000e+00	0.000e+00
195152.50	0.000e+00	0.000e+00	0.000e+00
195153.50	0.000e+00	0.000e+00	0.000e+00
195154.50	0.000e+00	0.000e+00	0.000e+00
195155.50	0.000e+00	0.000e+00	0.000e+00
195156.50	0.000e+00	0.000e+00	0.000e+00
195157.50	0.000e+00	0.000e+00	0.000e+00
195158.50	0.000e+00	0.000e+00	0.000e+00
195159.50	0.000e+00	0.000e+00	0.000e+00
195160.50	0.000e+00	0.000e+00	0.000e+00
195161.50	0.000e+00	0.000e+00	0.000e+00
195162.50	0.000e+00	0.000e+00	0.000e+00
195163.50	3.936e-06	-1.680e-04	-2.189e-04
195164.50	-6.182e-06	1.402e-04	3.898e-04
195165.50	-8.467e-06	-5.798e-04	3.139e-05
195166.50	-5.779e-07	2.131e-04	1.258e-04
195167.50	2.438e-03	4.512e-02	-6.154e-02
195168.50	1.181e-03	-7.853e-02	-1.296e-01
195169.50	-1.853e-03	1.440e-02	8.419e-02
195170.50	6.230e-06	-4.070e-03	1.104e-03
195171.50	-9.600e-04	-2.851e-02	1.411e-02
195172.50	7.046e-04	-3.475e-02	-4.320e-02
195173.50	7.306e-04	1.219e-02	-2.189e-02
195174.50	7.277e-06	5.395e-03	1.008e-02
195175.50	-1.123e-03	1.642e-02	5.750e-02
195176.50	-4.474e-05	-1.008e-02	8.707e-03
195177.50	6.614e-04	-1.075e-01	-2.314e-02
195178.50	2.496e-03	-1.094e-01	-8.496e-02
195179.50	-8.045e-03	1.315e-01	2.995e-01
195180.50	2.294e-03	-1.104e-01	-7.901e-02
195181.50	3.370e-03	-5.462e-01	-1.402e-01
195182.50	-8.026e-04	-2.515e+00	4.358e-02
195183.50	5.366e-03	-1.805e+01	-2.390e-01
195184.50	2.074e-01	-8.189e+01	-9.350e+00
195185.50	3.235e-01	-2.390e+02	-1.469e+01
195186.50	2.285e-01	-3.341e+02	-9.466e+00
195187.50	3.542e-01	-3.264e+02	-1.478e+01
195188.50	5.251e-01	-3.293e+02	-2.294e+01
195189.50	1.795e-01	-9.446e+00	-6.960e+00
195190.50	-1.901e-01	1.229e+02	1.114e+01
195191.50	-1.574e-01	1.210e+02	8.592e+00
195192.50	-2.198e-01	9.888e+01	1.104e+01
195193.50	-7.440e-02	8.112e+01	4.080e+00
195194.50	-8.592e-03	7.574e+01	6.182e-01
195195.50	-1.008e-01	6.701e+01	5.050e+00
195196.50	-6.182e-02	6.106e+01	3.264e+00
195197.50	-6.739e-02	5.174e+01	2.803e+00
195198.50	2.486e-02	4.483e+01	-1.210e+00
195199.50	1.277e-02	4.387e+01	-8.496e-01
195200.50	-1.075e-02	3.946e+01	2.054e-01
195201.50	-3.514e-02	3.542e+01	1.171e+00
195202.50	-5.549e-02	3.466e+01	2.534e+00
195203.50	-1.853e-02	3.005e+01	6.326e-01
195204.50	-1.709e-02	2.410e+01	8.131e-01
195205.50	-8.006e-02	2.688e+01	3.542e+00
195206.50	-9.984e-02	2.390e+01	4.858e+00
195207.50	-2.909e-02	2.054e+01	1.373e+00
195208.50	-3.034e-02	2.102e+01	8.448e-01
195209.50	-5.059e-02	1.680e+01	9.696e-01
195210.50	-3.533e-02	1.622e+01	9.888e-01
195211.50	3.552e-02	1.498e+01	-1.306e+00
195212.50	-6.365e-04	1.334e+01	4.627e-01
195213.50	-3.408e-02	1.459e+01	1.536e+00
195214.50	1.555e-02	1.334e+01	-4.598e-01
195215.50	-1.757e-03	1.238e+01	-6.355e-01
195216.50	-2.832e-02	1.306e+01	1.094e+00
195217.50	-2.899e-02	1.123e+01	1.066e+00
195218.50	-2.122e-02	9.350e+00	8.016e-01
195219.50	-7.939e-03	9.427e+00	3.091e-01
195220.50	-9.523e-03	8.736e+00	3.264e-01
195221.50	-7.181e-03	7.613e+00	7.286e-02
195222.50	-1.747e-02	7.670e+00	6.922e-01
195223.50	-2.429e-02	7.584e+00	8.141e-01
195224.50	-1.978e-02	6.787e+00	7.258e-01
195225.50	-2.717e-02	6.768e+00	1.142e+00
195226.50	-3.005e-03	6.653e+00	-6.528e-02
195227.50	-1.594e-02	4.742e+00	7.018e-01
195228.50	-5.453e-02	6.058e+00	2.362e+00
195229.50	-1.430e-02	5.894e+00	5.808e-01
195230.50	-1.709e-03	4.646e+00	6.499e-02
195231.50	-6.394e-03	3.974e+00	2.006e-01
195232.50	2.467e-02	4.435e+00	-1.238e+00
195233.50	-1.248e-02	3.216e+00	3.677e-01
195234.50	-9.254e-03	3.274e+00	3.072e-01
195235.50	-3.504e-03	4.118e+00	2.170e-02
195236.50	-1.622e-02	4.224e+00	7.661e-01
195237.50	-1.565e-02	3.350e+00	5.866e-01
195238.50	5.280e-05	3.446e+00	-1.402e-01
195239.50	4.080e-03	3.120e+00	-1.450e-01
195240.50	-7.718e-03	2.976e+00	9.427e-02
195241.50	-7.190e-03	2.611e+00	1.200e-01
195242.50	-1.085e-02	2.467e+00	3.888e-01
195243.50	-3.514e-04	2.506e+00	4.426e-02
195244.50	1.594e-04	1.690e+00	-2.515e-01
195245.50	5.923e-04	2.467e+00	8.285e-02
195246.50	-1.853e-02	1.930e+00	7.133e-01
195247.50	-3.226e-02	2.246e+00	1.296e+00
195248.50	-1.517e-02	1.958e+00	5.558e-01
195249.50	1.018e-02	1.670e+00	-4.445e-01
195250.50	-7.776e-03	2.582e+00	2.938e-01
195251.50	1.066e-02	1.363e+00	-6.528e-01
195252.50	-7.949e-03	1.354e+00	3.869e-01
195253.50	4.320e-04	9.014e-01	-1.766e-01
195254.50	3.667e-03	2.208e+00	-3.043e-01
195255.50	-5.645e-03	1.642e+00	2.179e-01
195256.50	5.808e-03	6.605e-01	-3.053e-01
195257.50	-3.264e-03	1.670e+00	1.517e-01
195258.50	5.491e-03	4.464e-01	-1.622e-01
195259.50	7.728e-03	1.094e+00	-4.032e-01
195260.50	-1.142e-02	1.373e+00	6.547e-01
195261.50	-5.549e-03	1.162e+00	2.150e-01
195262.50	-7.152e-03	8.045e-01	2.678e-01
195263.50	-9.293e-03	1.440e+00	1.853e-01
195264.50	-5.635e-03	1.104e+00	2.246e-01
195265.50	-6.394e-03	9.888e-01	3.360e-01
195266.50	6.019e-03	9.091e-01	-3.936e-01
195267.50	6.374e-03	6.058e-01	-3.782e-01
195268.50	-1.277e-03	3.437e-01	1.536e-01
195269.50	-4.675e-03	1.094e+00	2.016e-01
195270.50	-1.085e-02	6.259e-01	3.322e-01
195271.50	-1.325e-03	1.094e+00	8.534e-02
195272.50	1.046e-02	2.630e-01	-4.733e-01
195273.50	-5.098e-03	2.093e-01	2.026e-01
195274.50	-6.365e-03	9.216e-01	1.066e-01
195275.50	-2.966e-03	5.078e-01	2.765e-02
195276.50	-7.334e-03	3.725e-01	3.274e-01
195277.50	2.554e-03	8.880e-01	-1.027e-01
195278.50	4.992e-03	4.406e-01	-2.659e-01
195279.50	4.003e-03	6.979e-01	-2.208e-01
195280.50	1.430e-03	2.054e-01	-5.395e-02
195281.50	3.552e-03	4.522e-02	-3.869e-03
195282.50	-8.438e-03	2.813e-01	3.322e-01
195283.50	3.773e-03	5.635e-01	-2.314e-01
195284.50	-6.010e-03	4.800e-01	2.486e-01
195285.50	-6.970e-03	4.733e-01	2.093e-01
195286.50	6.730e-03	5.702e-01	5.232e-02
195287.50	3.072e-03	3.600e-01	-2.496e-01
195288.50	-1.546e-02	7.536e-01	5.290e-01
195289.50	8.198e-03	-3.331e-01	-3.715e-01
195290.50	3.514e-03	5.270e-01	-1.661e-01
195291.50	2.448e-03	1.795e-01	-6.662e-02
195292.50	3.859e-03	3.610e-01	-1.075e-01
195293.50	-4.925e-03	4.282e-01	7.200e-02
195294.50	-5.827e-03	2.131e-01	1.718e-01
195295.50	-2.333e-03	5.856e-01	7.373e-02
195296.50	-2.477e-03	2.304e-01	3.590e-02
195297.50	-7.574e-03	3.062e-01	2.784e-01
195298.50	-3.216e-03	6.998e-02	1.786e-01
195299.50	1.603e-03	4.416e-02	1.613e-02
195300.50	2.986e-04	4.733e-01	-5.962e-02
195301.50	4.042e-03	2.496e-01	-3.322e-01
195302.50	-1.008e-03	1.085e-01	-7.248e-03
195303.50	2.371e-03	4.090e-02	6.960e-03
195304.50	5.808e-04	2.947e-02	6.998e-03
195305.50	9.350e-04	3.667e-01	-6.614e-02
195306.50	-6.288e-03	2.582e-01	1.142e-01
195307.50	3.216e-03	1.325e-01	-6.096e-02
195308.50	-1.334e-03	7.325e-02	3.802e-02
195309.50	2.275e-03	1.421e-01	-1.469e-01
195310.50	1.075e-03	1.862e-01	-2.083e-02
195311.50	-5.664e-03	3.264e-01	3.216e-01
195312.50	-8.074e-04	4.157e-02	4.570e-02
195313.50	7.882e-03	1.363e-01	-2.352e-01
195314.50	-3.082e-03	2.170e-01	7.930e-02
195315.50	-3.811e-03	2.294e-01	9.984e-02
195316.50	1.843e-03	7.632e-02	-1.066e-02
195317.50	-1.162e-02	1.834e-02	3.254e-01
195318.50	-3.686e-03	4.589e-01	-4.694e-02
195319.50	-2.995e-03	-1.133e-01	1.037e-01
195320.50	1.171e-02	7.738e-02	-4.349e-01
195321.50	2.861e-04	2.611e-01	2.035e-02
195322.50	-7.584e-03	8.698e-02	7.680e-02
195323.50	-7.450e-03	3.408e-02	-4.848e-02
195324.50	-5.578e-04	3.706e-01	8.640e-02
195325.50	-2.688e-03	4.742e-03	2.515e-01
195326.50	9.034e-04	1.872e-01	-7.978e-02
195327.50	2.122e-03	2.688e-01	-1.526e-01
195328.50	2.189e-04	-2.496e-01	-6.288e-02
195329.50	5.242e-05	2.122e-02	4.838e-03
195330.50	4.752e-04	2.525e-01	1.824e-02
195331.50	-4.061e-03	3.331e-02	2.582e-01
195332.50	-2.938e-03	5.558e-02	6.970e-02
195333.50	6.106e-03	-3.562e-02	-2.563e-01
195334.50	-4.925e-03	-8.122e-02	1.430e-01
195335.50	-1.498e-03	1.958e-01	8.160e-02
195336.50	-1.392e-03	1.190e-01	-6.461e-03
195337.50	5.232e-05	1.968e-01	-3.293e-02
195338.50	-1.219e-04	5.491e-02	9.024e-02
195339.50	1.776e-03	-1.114e-01	-9.696e-02
195340.50	-1.411e-03	1.354e-01	-1.286e-02
195341.50	-3.744e-03	1.421e-01	1.699e-01
195342.50	3.456e-04	1.661e-01	-1.123e-02
195343.50	8.218e-04	1.344e-01	6.259e-02
195344.50	-2.294e-03	1.248e-01	2.112e-01
195345.50	2.208e-03	6.422e-02	-1.651e-01
195346.50	-2.035e-03	2.064e-01	-1.440e-01
195347.50	-1.728e-03	3.744e-02	1.862e-02
195348.50	6.048e-03	1.229e-01	-9.043e-02
195349.50	-4.080e-04	1.085e-01	5.002e-02
195350.50	5.923e-04	7.786e-02	-3.744e-02
195351.50	-7.603e-03	-6.682e-02	2.534e-01
195352.50	4.426e-03	-8.371e-03	-1.296e-01
195353.50	1.642e-03	1.517e-02	-3.005e-02
195354.50	-3.475e-03	9.283e-02	5.174e-02
195355.50	-2.074e-03	2.496e-02	1.411e-01
195356.50	6.557e-04	-7.795e-02	1.498e-02
195357.50	6.643e-03	3.120e-02	-2.112e-01
195358.50	-4.051e-03	-1.958e-01	1.526e-01
195359.50	-4.454e-03	1.862e-01	2.342e-01
195360.50	-8.890e-05	-1.651e-01	7.766e-03
195361.50	7.037e-03	-1.411e-01	-2.842e-01
195362.50	-1.258e-03	2.083e-01	3.312e-02
195363.50	2.342e-03	2.822e-01	-8.669e-02
195364.50	-5.683e-03	3.082e-02	1.920e-01
195365.50	-6.480e-03	-4.138e-02	2.554e-01
195366.50	2.467e-03	-2.525e-02	-8.477e-02
195367.50	-4.253e-04	9.792e-02	-1.488e-01
195368.50	-1.392e-03	5.194e-02	1.920e-01
195369.50	-3.725e-03	-1.536e-02	-1.565e-01
195370.50	1.162e-02	1.536e-01	-1.344e-01
195371.50	-1.219e-02	2.448e-02	2.102e-01
195372.50	-5.654e-03	6.230e-02	2.650e-01
195373.50	7.795e-03	-7.642e-02	-1.622e-01
195374.50	3.821e-03	9.350e-02	-5.933e-02
195375.50	5.501e-04	5.779e-03	-3.581e-02
195376.50	3.427e-04	1.286e-01	5.203e-04
195377.50	-1.622e-03	9.888e-02	2.659e-02
195378.50	-1.699e-04	1.248e-02	-7.901e-03
195379.50	2.246e-03	-1.219e-01	-4.157e-02
195380.50	-3.494e-03	-5.597e-02	6.086e-02
195381.50	-8.352e-03	-1.651e-01	2.189e-01
195382.50	2.582e-03	1.843e-03	-5.539e-02
195383.50	-1.104e-05	1.421e-01	2.026e-02
195384.50	-2.410e-03	2.438e-01	9.082e-02
195385.50	-4.262e-04	3.830e-02	9.696e-03
195386.50	-1.584e-03	3.696e-02	3.274e-02
195387.50	-7.670e-04	4.224e-02	-7.728e-03
195388.50	-1.046e-03	3.869e-02	8.170e-02
195389.50	6.346e-03	1.824e-01	-1.738e-01
195390.50	-4.234e-05	-1.027e-01	-9.696e-02
195391.50	-1.786e-03	1.382e-02	3.139e-02
195392.50	1.008e-03	2.054e-01	-3.926e-02
195393.50	3.955e-04	-1.786e-02	5.098e-02
195394.50	1.786e-03	-1.152e-01	-3.197e-02
195395.50	-3.725e-03	-1.651e-02	1.747e-02
195396.50	1.603e-03	1.286e-01	-6.019e-02
195397.50	-1.978e-03	1.171e-01	1.363e-01
195398.50	1.354e-03	-2.467e-02	-2.246e-02
195399.50	1.978e-03	-6.682e-02	-1.075e-01
195400.50	2.045e-03	-1.296e-02	-5.232e-02
195401.50	-2.784e-03	7.910e-03	8.198e-02
195402.50	-2.074e-03	-3.091e-03	1.133e-01
195403.50	-1.584e-03	4.080e-02	1.421e-02
195404.50	2.227e-03	-1.402e-01	-7.037e-02
195405.50	-7.776e-04	1.114e-01	1.920e-02
195406.50	-4.685e-03	2.832e-02	6.883e-02
195407.50	1.776e-03	-2.218e-02	1.488e-02
195408.50	-1.642e-03	-9.984e-02	5.712e-02
195409.50	2.582e-03	1.565e-02	-1.018e-01
195410.50	2.496e-03	1.171e-01	2.726e-02
195411.50	-8.986e-04	5.856e-02	1.670e-01
195412.50	-1.277e-03	-1.152e-03	1.680e-02
195413.50	4.214e-03	3.043e-02	-8.918e-02
195414.50	1.555e-03	-1.411e-02	-1.642e-02
195415.50	2.381e-04	-4.080e-02	-7.142e-04
195416.50	1.286e-03	-3.254e-02	-7.411e-02
195417.50	-3.389e-03	2.957e-02	8.026e-02
195418.50	-2.362e-04	-4.138e-03	-1.267e-02
195419.50	8.976e-04	-6.557e-02	-4.944e-03
195420.50	6.221e-04	2.362e-02	4.330e-03
195421.50	-3.888e-05	4.205e-02	3.600e-02
195422.50	1.642e-04	2.390e-03	-4.224e-02
195423.50	2.592e-03	-3.514e-02	-4.704e-02
195424.50	6.547e-04	-5.606e-02	-5.050e-02
195425.50	-1.997e-03	8.026e-02	-1.488e-02
195426.50	-7.891e-03	-7.123e-02	5.952e-02
195427.50	-5.971e-04	8.630e-02	-7.469e-03
195428.50	2.707e-03	-4.118e-02	8.957e-03
195429.50	-5.232e-03	3.514e-02	-1.056e-02
195430.50	2.717e-03	-3.120e-02	-1.190e-02
195431.50	3.235e-03	7.891e-02	-1.200e-02
195432.50	9.984e-03	-9.792e-02	-1.162e-01
195433.50	-1.411e-02	1.258e-02	1.123e-01
195434.50	-3.571e-04	9.984e-03	-4.022e-02
195435.50	3.293e-04	-3.533e-02	3.504e-02
195436.50	-4.886e-03	1.728e-01	1.325e-01
195437.50	2.448e-03	-8.582e-02	9.888e-02
195438.50	1.430e-02	-6.355e-02	-2.381e-01
195439.50	-1.555e-03	-1.440e-02	2.237e-02
195440.50	7.853e-03	4.666e-02	-8.410e-02
195441.50	-1.133e-03	6.797e-02	1.085e-01
195442.50	-3.053e-03	5.626e-02	-1.056e-02
195443.50	4.838e-04	6.432e-02	-2.957e-02
195444.50	8.890e-04	-3.802e-02	-6.662e-02
195445.50	1.546e-03	-3.149e-02	-5.626e-04
195446.50	-2.726e-03	5.376e-02	-8.419e-02
195447.50	-5.818e-03	1.498e-02	2.467e-02
195448.50	3.734e-04	-2.630e-02	6.490e-02
195449.50	6.576e-04	2.707e-02	-1.008e-02
195450.50	1.651e-04	7.152e-02	2.458e-03
195451.50	4.934e-04	4.992e-03	-4.896e-02
195452.50	-2.189e-03	-4.790e-02	1.200e-02
195453.50	-3.110e-03	2.640e-02	9.696e-02
195454.50	2.141e-03	-7.085e-02	-8.602e-02
195455.50	7.776e-03	-5.222e-02	5.328e-02
195456.50	1.478e-03	-5.155e-02	-1.094e-01
195457.50	-1.200e-03	5.357e-02	3.811e-02
195458.50	1.853e-03	9.571e-03	-6.864e-02
195459.50	2.208e-03	-5.846e-02	-7.171e-02
195460.50	-1.757e-03	4.291e-02	-1.066e-02
195461.50	5.856e-04	5.462e-02	8.227e-02
195462.50	4.771e-03	-6.864e-02	1.853e-02
195463.50	5.587e-03	4.330e-02	-6.970e-02
195464.50	1.354e-03	1.018e-01	-7.258e-03
195465.50	4.368e-04	8.602e-03	-1.171e-02
195466.50	-2.688e-03	6.115e-02	1.123e-01
195467.50	-6.701e-04	-1.104e-03	1.910e-02
195468.50	-1.018e-03	1.267e-02	-7.190e-02
195469.50	1.306e-03	-5.318e-04	6.490e-02
195470.50	9.034e-04	2.054e-02	-1.574e-02
195471.50	5.242e-05	7.306e-02	4.109e-02
195472.50	3.763e-03	7.229e-02	-5.616e-02
195473.50	2.458e-03	-6.998e-02	4.685e-02
195474.50	-5.434e-03	-7.622e-02	6.442e-02
195475.50	2.496e-03	7.075e-03	-7.958e-02
195476.50	-1.536e-04	9.254e-03	2.323e-02
195477.50	2.755e-03	-3.245e-02	-1.814e-02
195478.50	3.763e-03	1.200e-02	1.123e-03
195479.50	-3.658e-03	-2.515e-02	4.320e-02
195480.50	-1.517e-03	6.989e-02	-3.418e-02
195481.50	-5.885e-03	4.291e-02	-3.552e-03
195482.50	2.045e-02	1.776e-02	-5.635e-02
195483.50	5.184e-03	-1.085e-02	-5.904e-02
195484.50	1.306e-02	4.454e-02	1.843e-02
195485.50	-5.933e-03	3.216e-02	-3.581e-02
195486.50	-9.130e-04	1.094e-02	-2.650e-03
195487.50	-1.075e-03	-6.480e-02	1.066e-02
195488.50	-9.514e-04	-7.517e-02	-3.667e-02
195489.50	-2.371e-02	3.648e-03	8.909e-02
195490.50	-1.958e-03	1.978e-01	5.347e-02
195491.50	-5.827e-04	7.997e-02	5.952e-02
195492.50	-9.792e-03	-1.267e-01	8.016e-02
195493.50	4.243e-02	1.843e-01	-1.450e-01
195494.50	1.056e-02	-2.506e-02	-7.210e-02
195495.50	-8.102e-04	-2.861e-02	5.530e-02
195496.50	-1.853e-02	-2.486e-01	-9.888e-02
195497.50	-5.693e-03	-7.325e-02	-3.523e-02
195498.50	-3.619e-02	-7.872e-02	4.656e-02
195499.50	-3.149e-02	-8.054e-02	1.872e-01
195500.50	8.822e-03	9.034e-02	-3.302e-02
195501.50	6.278e-03	3.658e-02	-5.578e-02
195502.50	-5.366e-03	-9.350e-02	5.405e-02
195503.50	4.944e-03	4.762e-02	-3.792e-02
195504.50	2.746e-02	8.285e-02	-8.650e-02
195505.50	-2.218e-03	-1.286e-01	5.635e-02
195506.50	-7.373e-04	-3.811e-03	2.189e-03
195507.50	-1.114e-03	2.006e-03	-1.162e-02
195508.50	-1.565e-03	5.059e-02	-8.966e-04
195509.50	1.277e-04	3.898e-02	-1.872e-02
195510.50	-2.774e-04	1.910e-02	9.034e-02
195511.50	2.179e-04	8.698e-02	-5.242e-02
195512.50	-1.805e-03	-5.530e-02	3.446e-02
195513.50	1.642e-03	-1.325e-02	-5.117e-02
195514.50	6.970e-04	-6.557e-03	3.869e-03
195515.50	-3.917e-04	5.386e-02	5.328e-02
195516.50	6.298e-03	9.696e-02	-4.598e-02
195517.50	6.346e-05	6.307e-02	2.890e-02
195518.50	2.554e-03	2.074e-02	-2.160e-02
195519.50	-1.978e-04	1.920e-02	-2.822e-02
195520.50	-2.026e-03	3.120e-02	3.120e-02
195521.50	2.851e-03	-6.893e-02	-1.171e-01
195522.50	-1.142e-03	-9.091e-02	-1.373e-02
195523.50	-6.566e-03	-2.237e-02	6.211e-02
195524.50	2.630e-03	-1.258e-02	4.608e-02
195525.50	-1.018e-02	2.381e-02	1.075e-01
195526.50	-4.253e-03	2.822e-02	2.582e-03
195527.50	3.235e-03	-6.653e-02	-9.792e-02
195528.50	2.851e-03	-3.331e-02	-9.283e-02
195529.50	-1.786e-03	-3.485e-02	2.813e-02
195530.50	2.122e-05	1.114e-02	-1.632e-03
195531.50	-6.730e-04	-3.024e-02	-4.637e-03
195532.50	6.394e-04	4.080e-02	2.630e-02
195533.50	2.083e-03	7.805e-02	8.746e-04
195534.50	8.390e-04	-4.522e-02	-2.928e-02
195535.50	-3.898e-03	-5.933e-02	-1.258e-02
195536.50	-1.930e-03	3.821e-02	-4.522e-02
195537.50	-8.506e-04	3.667e-02	1.267e-01
195538.50	4.253e-03	-1.037e-02	-3.706e-02
195539.50	-1.824e-03	-3.917e-03	4.109e-02
195540.50	-9.792e-03	-5.078e-02	1.709e-02
195541.50	-5.050e-03	-9.130e-03	6.422e-03
195542.50	-7.680e-03	-3.418e-02	3.043e-02
195543.50	-4.099e-04	-1.910e-02	-1.795e-02
195544.50	-4.589e-04	7.238e-03	1.891e-02
195545.50	7.277e-04	2.102e-02	-1.478e-02
195546.50	-7.181e-04	1.037e-02	-2.534e-02
195547.50	-6.518e-04	2.467e-02	2.861e-02
195548.50	1.421e-04	-2.054e-02	1.238e-01
195549.50	-2.438e-03	-1.978e-02	2.045e-02
195550.50	-4.723e-03	3.014e-02	2.698e-02
195551.50	8.102e-04	-2.438e-02	-2.486e-02
195552.50	-1.661e-03	6.874e-03	-3.802e-02
195553.50	1.210e-03	2.726e-02	-1.354e-02
195554.50	4.358e-04	1.853e-02	5.270e-02
195555.50	1.190e-04	1.123e-01	5.107e-02
195556.50	-5.722e-03	-1.325e-01	5.933e-02
195557.50	-3.926e-03	-5.366e-02	-1.363e-02
195558.50	-1.786e-03	-6.806e-02	-1.142e-02
195559.50	1.526e-03	3.562e-02	-4.339e-02
195560.50	-1.018e-03	3.389e-02	3.888e-02
195561.50	4.618e-03	1.757e-03	-8.986e-02
195562.50	4.714e-03	-5.770e-03	-9.494e-02
195563.50	-3.667e-03	1.805e-02	3.773e-02
195564.50	-4.262e-03	-2.198e-02	1.027e-02
195565.50	-5.866e-04	-9.178e-03	3.494e-02
195566.50	-3.840e-04	-7.373e-03	-3.571e-02
195567.50	-1.968e-03	9.504e-03	-2.419e-02
195568.50	-2.899e-03	-8.179e-02	-1.709e-03
195569.50	-1.555e-03	8.803e-03	2.928e-02
195570.50	-3.773e-04	8.352e-03	1.258e-02
195571.50	2.784e-03	1.190e-02	4.310e-02
195572.50	2.419e-03	4.214e-02	-4.013e-03
195573.50	6.586e-03	9.696e-03	3.082e-02
195574.50	-9.888e-03	-3.341e-02	1.085e-02
195575.50	8.381e-03	1.133e-01	-1.373e-02
195576.50	4.138e-03	4.694e-02	-1.622e-02
195577.50	-9.254e-04	1.354e-02	3.475e-02
195578.50	-4.109e-04	-2.678e-02	3.840e-02
195579.50	-1.325e-02	-5.357e-02	-2.861e-03
195580.50	2.362e-02	-4.810e-02	-1.824e-01
195581.50	3.043e-02	-2.477e-02	-1.008e-01
195582.50	3.514e-02	1.344e-02	-6.710e-02
195583.50	-9.024e-03	4.627e-02	-4.493e-02
195584.50	7.565e-03	9.792e-02	-1.805e-01
195585.50	-9.398e-03	-2.832e-01	1.968e-01
195586.50	-4.781e-02	7.747e-02	2.438e-01
195587.50	-6.346e-03	7.190e-02	8.390e-02
195588.50	-1.594e-03	-1.939e-02	-2.083e-02
195589.50	-7.939e-04	-6.509e-03	-1.882e-02
195590.50	1.642e-03	-5.126e-03	-4.896e-02
195591.50	-2.717e-04	-7.142e-03	9.984e-03
195592.50	-3.677e-03	7.651e-02	5.894e-02
195593.50	-5.357e-03	4.166e-03	-1.786e-03
195594.50	9.034e-03	2.112e-03	3.590e-02
195595.50	1.478e-02	3.619e-02	-4.320e-02
195596.50	-9.408e-03	-6.634e-02	2.678e-03
195597.50	-9.696e-03	-2.160e-02	1.440e-02
195598.50	8.966e-03	4.243e-02	-1.613e-02
195599.50	1.190e-02	3.965e-02	-1.094e-02
195600.50	-4.598e-03	-8.650e-02	-2.102e-02
195601.50	-8.256e-03	-3.936e-02	-5.568e-02
195602.50	-1.018e-03	6.442e-03	3.686e-02
195603.50	-7.286e-03	1.709e-02	3.024e-02
195604.50	-2.160e-03	1.478e-02	1.958e-03
195605.50	6.394e-03	-5.242e-02	2.400e-02
195606.50	-9.792e-04	2.035e-02	3.898e-02
195607.50	-3.398e-04	-4.675e-04	8.362e-03
195608.50	2.294e-04	1.373e-02	-6.182e-03
195609.50	-1.114e-03	-1.843e-02	-2.438e-02
195610.50	-1.306e-04	4.934e-02	5.338e-02
195611.50	2.525e-02	5.318e-02	-6.086e-02
195612.50	-9.542e-03	3.763e-02	3.427e-02
195613.50	-1.680e-03	1.238e-02	-1.027e-02
195614.50	-2.448e-03	1.939e-02	1.651e-02
195615.50	-5.981e-03	-1.718e-02	-8.122e-03
195616.50	-3.446e-03	-1.315e-02	1.901e-02
195617.50	6.470e-05	2.122e-02	-2.160e-03
195618.50	2.045e-03	-3.274e-02	-3.830e-02
195619.50	1.315e-03	1.574e-02	-2.477e-02
195620.50	-4.301e-03	-4.406e-02	-2.726e-02
195621.50	-3.590e-03	-7.613e-02	3.370e-02
195622.50	-9.600e-03	-6.538e-02	1.334e-02
195623.50	2.198e-03	-2.314e-03	-3.130e-02
195624.50	9.600e-03	4.454e-02	-3.715e-02
195625.50	1.152e-03	7.200e-02	-3.379e-03
195626.50	1.046e-04	-1.536e-03	-1.440e-02
195627.50	1.344e-03	-2.506e-02	-3.763e-02
195628.50	-1.478e-03	-1.968e-02	4.858e-02
195629.50	-2.419e-03	-3.638e-03	3.792e-02
195630.50	7.373e-04	1.037e-02	-2.640e-02
195631.50	4.253e-05	-3.821e-02	6.883e-04
195632.50	7.286e-04	-4.934e-03	-1.104e-02
195633.50	-3.859e-03	2.851e-02	2.832e-02
195634.50	-5.933e-05	1.661e-02	-4.349e-02
195635.50	-1.238e-03	-1.075e-02	1.123e-02
195636.50	2.246e-03	3.053e-02	-1.776e-02
