195038.50	0.000e+00	0.000e+00	0.000e+00
195039.50	0.000e+00	0.000e+00	0.000e+00
195040.50	0.000e+00	0.000e+00	0.000e+00
195041.50	0.000e+00	0.000e+00	0.000e+00
195042.50	0.000e+00	0.000e+00	0.000e+00
195043.50	0.000e+00	0.000e+00	0.000e+00
195044.50	0.000e+00	0.000e+00	0.000e+00
195045.50	0.000e+00	0.000e+00	0.000e+00
195046.50	0.000e+00	0.000e+00	0.000e+00
195047.50	0.000e+00	0.000e+00	0.000e+00
195048.50	0.000e+00	0.000e+00	0.000e+00
195049.50	0.000e+00	0.000e+00	0.000e+00
195050.50	0.000e+00	0.000e+00	0.000e+00
195051.50	0.000e+00	0.000e+00	0.000e+00
195052.50	0.000e+00	0.000e+00	0.000e+00
195053.50	0.000e+00	0.000e+00	0.000e+00
195054.50	0.000e+00	0.000e+00	0.000e+00
195055.50	0.000e+00	0.000e+00	0.000e+00
195056.50	0.000e+00	0.000e+00	0.000e+00
195057.50	0.000e+00	0.000e+00	0.000e+00
195058.50	0.000e+00	0.000e+00	0.000e+00
195059.50	0.000e+00	0.000e+00	0.000e+00
195060.50	0.000e+00	0.000e+00	0.000e+00
195061.50	0.000e+00	0.000e+00	0.000e+00
195062.50	0.000e+00	0.000e+00	0.000e+00
195063.50	0.000e+00	0.000e+00	0.000e+00
195064.50	0.000e+00	0.000e+00	0.000e+00
195065.50	0.000e+00	0.000e+00	0.000e+00
195066.50	0.000e+00	0.000e+00	0.000e+00
195067.50	0.000e+00	0.000e+00	0.000e+00
195068.50	0.000e+00	0.000e+00	0.000e+00
195069.50	0.000e+00	0.000e+00	0.000e+00
195070.50	0.000e+00	0.000e+00	0.000e+00
195071.50	0.000e+00	0.000e+00	0.000e+00
195072.50	0.000e+00	0.000e+00	0.000e+00
195073.50	0.000e+00	0.000e+00	0.000e+00
195074.50	0.000e+00	0.000e+00	0.000e+00
195075.50	0.000e+00	0.000e+00	0.000e+00
195076.50	0.000e+00	0.000e+00	0.000e+00
195077.50	0.000e+00	0.000e+00	0.000e+00
195078.50	0.000e+00	0.000e+00	0.000e+00
195079.50	0.000e+00	0.000e+00	0.000e+00
195080.50	0.000e+00	0.000e+00	0.000e+00
195081.50	0.000e+00	0.000e+00	0.000e+00
195082.50	0.000e+00	0.000e+00	0.000e+00
195083.50	0.000e+00	0.000e+00	0.000e+00
195084.50	0.000e+00	0.000e+00	0.000e+00
195085.50	0.000e+00	0.000e+00	0.000e+00
195086.50	0.000e+00	0.000e+00	0.000e+00
195087.50	0.000e+00	0.000e+00	0.000e+00
195088.50	0.000e+00	0.000e+00	0.000e+00
195089.50	0.000e+00	0.000e+00	0.000e+00
195090.50	0.000e+00	0.000e+00	0.000e+00
195091.50	0.000e+00	0.000e+00	0.000e+00
195092.50	0.000e+00	0.000e+00	0.000e+00
195093.50	0.000e+00	0.000e+00	0.000e+00
195094.50	0.000e+00	0.000e+00	0.000e+00
195095.50	0.000e+00	0.000e+00	0.000e+00
195096.50	0.000e+00	0.000e+00	0.000e+00
195097.50	0.000e+00	0.000e+00	0.000e+00
195098.50	0.000e+00	0.000e+00	0.000e+00
195099.50	0.000e+00	0.000e+00	0.000e+00
195100.50	0.000e+00	0.000e+00	0.000e+00
195101.50	0.000e+00	0.000e+00	0.000e+00
195102.50	0.000e+00	0.000e+00	0.000e+00
195103.50	0.000e+00	0.000e+00	0.000e+00
195104.50	0.000e+00	0.000e+00	0.000e+00
195105.50	0.000e+00	0.000e+00	0.000e+00
195106.50	0.000e+00	0.000e+00	0.000e+00
195107.50	0.000e+00	0.000e+00	0.000e+00
195108.50	0.000e+00	0.000e+00	0.000e+00
195109.50	0.000e+00	0.000e+00	0.000e+00
195110.50	0.000e+00	0.000e+00	0.000e+00
195111.50	0.000e+00	0.000e+00	0.000e+00
195112.50	0.000e+00	0.000e+00	0.000e+00
195113.50	0.000e+00	0.000e+00	0.000e+00
195114.50	0.000e+00	0.000e+00	0.000e+00
195115.50	0.000e+00	0.000e+00	0.000e+00
195116.50	0.000e+00	0.000e+00	0.000e+00
195117.50	0.000e+00	0.000e+00	0.000e+00
195118.50	0.000e+00	0.000e+00	0.000e+00
195119.50	0.000e+00	0.000e+00	0.000e+00
195120.50	0.000e+00	0.000e+00	0.000e+00
195121.50	0.000e+00	0.000e+00	0.000e+00
195122.50	0.000e+00	0.000e+00	0.000e+00
195123.50	0.000e+00	0.000e+00	0.000e+00
195124.50	0.000e+00	0.000e+00	0.000e+00
195125.50	0.000e+00	0.000e+00	0.000e+00
195126.50	0.000e+00	0.000e+00	0.000e+00
195127.50	0.000e+00	0.000e+00	0.000e+00
195128.50	0.000e+00	0.000e+00	0.000e+00
195129.50	0.000e+00	0.000e+00	0.000e+00
195130.50	0.000e+00	0.000e+00	0.000e+00
195131.50	0.000e+00	0.000e+00	0.000e+00
195132.50	0.000e+00	0.000e+00	0.000e+00
195133.50	0.000e+00	0.000e+00	0.000e+00
195134.50	0.000e+00	0.000e+00	0.000e+00
195135.50	0.000e+00	0.000e+00	0.000e+00
195136.50	0.000e+00	0.000e+00	0.000e+00
195137.50	0.000e+00	0.000e+00	0.000e+00
195138.50	0.000e+00	0.000e+00	0.000e+00
195139.50	0.000e+00	0.000e+00	0.000e+00
195140.50	0.000e+00	0.000e+00	0.000e+00
195141.50	0.000e+00	0.000e+00	0.000e+00
195142.50	0.000e+00	0.000e+00	0.000e+00
195143.50	0.000e+00	0.000e+00	0.000e+00
195144.50	0.000e+00	0.000e+00	0.000e+00
195145.50	0.000e+00	0.000e+00	0.000e+00
195146.50	0.000e+00	0.000e+00	0.000e+00
195147.50	0.000e+00	0.000e+00	0.000e+00
195148.50	0.000e+00	0.000e+00	0.000e+00
195149.50	0.000e+00	0.000e+00	0.000e+00
195150.50	0.000e+00	0.000e+00	0.000e+00
195151.50	0.000e+00	0.000e+00	0.000e+00
195152.50	0.000e+00	0.000e+00	0.000e+00
195153.50	0.000e+00	0.000e+00	0.000e+00
195154.50	0.000e+00	0.000e+00	0.000e+00
195155.50	0.000e+00	0.000e+00	0.000e+00
195156.50	0.000e+00	0.000e+00	0.000e+00
195157.50	0.000e+00	0.000e+00	0.000e+00
195158.50	0.000e+00	0.000e+00	0.000e+00
195159.50	0.000e+00	0.000e+00	0.000e+00
195160.50	0.000e+00	0.000e+00	0.000e+00
195161.50	0.000e+00	0.000e+00	0.000e+00
195162.50	0.000e+00	0.000e+00	0.000e+00
195163.50	0.000e+00	0.000e+00	0.000e+00
195164.50	0.000e+00	0.000e+00	0.000e+00
195165.50	3.802e-06	-5.827e-04	9.792e-04
195166.50	-7.066e-05	-2.899e-03	-1.296e-03
195167.50	6.307e-05	4.992e-03	-2.429e-03
195168.50	-1.862e-05	-1.046e-03	5.347e-04
195169.50	-1.834e-05	-4.954e-04	6.902e-04
195170.50	2.179e-05	2.064e-05	1.411e-03
195171.50	-1.382e-04	-1.104e-02	2.256e-02
195172.50	-1.987e-04	-3.360e-03	6.490e-02
195173.50	6.557e-05	3.130e-03	-7.171e-03
195174.50	2.448e-04	2.189e-02	-2.390e-02
195175.50	3.408e-05	2.957e-03	-1.114e-03
195176.50	3.485e-04	8.122e-03	-4.790e-02
195177.50	-7.018e-04	-7.920e-02	3.494e-02
195178.50	2.179e-04	-3.254e-03	7.910e-03
195179.50	-9.696e-04	-6.710e-02	3.475e-02
195180.50	1.421e-03	3.149e-03	2.189e-01
195181.50	1.286e-03	1.450e-01	-2.928e-02
195182.50	8.131e-04	6.346e-02	8.563e-03
195183.50	-7.488e-03	-7.450e-01	-2.352e-01
195184.50	-2.650e-02	-2.784e+00	-3.706e-02
195185.50	-1.402e-01	-1.546e+01	2.928e+00
195186.50	-5.098e-01	-5.722e+01	4.378e+00
195187.50	-1.584e+00	-1.834e+02	8.506e+00
195188.50	-2.669e+00	-3.197e+02	2.189e+01
195189.50	-1.814e+00	-2.237e+02	8.198e+00
195190.50	-2.803e+00	-3.562e+02	2.640e+01
195191.50	-8.227e-01	-1.171e+02	-2.784e+00
195192.50	6.874e-01	7.402e+01	-1.632e+01
195193.50	8.525e-01	1.008e+02	-6.000e+00
195194.50	8.794e-01	1.056e+02	-5.222e+00
195195.50	7.162e-01	8.659e+01	-8.419e+00
195196.50	6.557e-01	7.920e+01	-9.360e+00
195197.50	5.126e-01	6.365e+01	1.056e+00
195198.50	4.714e-01	5.837e+01	-2.285e+00
195199.50	4.090e-01	4.963e+01	-1.613e+00
195200.50	3.946e-01	4.858e+01	-1.181e+00
195201.50	3.850e-01	4.656e+01	-1.987e+00
195202.50	3.053e-01	3.763e+01	-4.061e+00
195203.50	2.755e-01	3.418e+01	5.078e-01
195204.50	2.506e-01	3.034e+01	-2.813e+00
195205.50	2.486e-01	3.082e+01	-2.909e+00
195206.50	2.314e-01	2.832e+01	5.875e-01
195207.50	1.882e-01	2.362e+01	-2.899e+00
195208.50	1.670e-01	2.093e+01	4.378e-01
195209.50	1.651e-01	2.122e+01	1.728e+00
195210.50	1.632e-01	2.064e+01	-1.949e+00
195211.50	1.488e-01	1.843e+01	-8.371e-01
195212.50	1.440e-01	1.718e+01	-1.315e+00
195213.50	1.315e-01	1.613e+01	1.190e-01
195214.50	1.114e-01	1.421e+01	-3.946e-01
195215.50	9.600e-02	1.277e+01	-1.085e+00
195216.50	8.899e-02	1.152e+01	-7.027e-01
195217.50	9.696e-02	1.219e+01	1.123e+00
195218.50	8.352e-02	1.085e+01	-1.238e+00
195219.50	7.968e-02	1.027e+01	5.827e-01
195220.50	8.544e-02	1.056e+01	1.882e-01
195221.50	7.814e-02	9.984e+00	-7.325e-01
195222.50	7.526e-02	9.600e+00	-4.339e-01
195223.50	6.346e-02	8.448e+00	-5.251e-01
195224.50	6.278e-02	7.882e+00	-9.888e-01
195225.50	6.336e-02	7.536e+00	-9.561e-01
195226.50	4.992e-02	6.202e+00	7.171e-02
195227.50	4.301e-02	6.048e+00	5.232e-01
195228.50	4.234e-02	5.597e+00	3.802e-01
195229.50	4.570e-02	6.038e+00	1.018e+00
195230.50	4.272e-02	5.328e+00	1.162e-01
195231.50	3.734e-02	5.059e+00	-1.219e-01
195232.50	3.811e-02	4.646e+00	7.546e-01
195233.50	2.650e-02	4.118e+00	-1.056e-01
195234.50	3.187e-02	3.686e+00	-2.928e-01
195235.50	2.976e-02	4.013e+00	3.590e-01
195236.50	2.717e-02	3.533e+00	-3.350e-01
195237.50	3.235e-02	4.608e+00	-5.299e-01
195238.50	3.014e-02	3.677e+00	1.152e-01
195239.50	2.592e-02	3.686e+00	1.469e+00
195240.50	3.110e-02	3.158e+00	-3.072e-01
195241.50	1.421e-02	2.179e+00	-2.227e-01
195242.50	2.726e-02	3.456e+00	-9.792e-01
195243.50	2.563e-02	3.014e+00	3.878e-02
195244.50	1.373e-02	2.410e+00	3.648e-01
195245.50	2.006e-02	2.563e+00	-4.176e-01
195246.50	2.026e-02	2.170e+00	-3.456e-01
195247.50	1.478e-02	2.314e+00	4.061e-01
195248.50	1.421e-02	1.978e+00	6.086e-03
195249.50	2.755e-02	1.747e+00	-2.698e-01
195250.50	-1.718e-02	2.899e+00	8.246e-01
195251.50	4.934e-02	1.651e+00	-1.632e-02
195252.50	1.363e-02	1.853e+00	-5.702e-02
195253.50	7.392e-03	9.504e-01	-4.157e-01
195254.50	6.557e-03	1.651e+00	-1.891e-01
195255.50	1.488e-02	1.910e+00	-1.766e-01
195256.50	7.718e-03	1.277e+00	-3.946e-01
195257.50	6.672e-03	1.075e+00	2.525e-01
195258.50	1.037e-02	1.162e+00	5.530e-01
195259.50	1.478e-02	1.690e+00	-1.008e-02
195260.50	3.725e-03	8.765e-01	2.054e-01
195261.50	5.693e-03	1.008e+00	-1.910e-01
195262.50	8.314e-03	9.504e-01	-6.451e-01
195263.50	8.467e-03	7.363e-01	-2.582e-01
195264.50	4.954e-03	8.275e-01	-1.018e-01
195265.50	8.045e-03	1.152e+00	8.803e-02
195266.50	1.229e-02	1.104e+00	4.790e-01
195267.50	3.984e-03	1.075e+00	-4.099e-01
195268.50	3.888e-03	4.618e-01	-1.181e-01
195269.50	1.162e-02	1.219e+00	-1.066e-01
195270.50	7.152e-03	7.738e-01	2.218e-01
195271.50	-3.110e-05	6.019e-01	3.658e-02
195272.50	-8.064e-05	4.368e-01	-5.059e-01
195273.50	4.829e-03	6.557e-01	2.294e-01
195274.50	4.742e-03	5.328e-01	8.544e-02
195275.50	6.278e-03	1.056e+00	-3.773e-02
195276.50	9.350e-04	3.120e-01	-2.544e-01
195277.50	-3.734e-04	2.102e-01	3.456e-01
195278.50	4.790e-03	2.995e-01	2.630e-01
195279.50	1.133e-02	9.235e-01	4.157e-03
195280.50	4.685e-03	7.114e-01	2.803e-01
195281.50	4.051e-03	5.347e-01	-2.179e-01
195282.50	2.870e-03	3.274e-01	-3.216e-01
195283.50	3.341e-03	1.507e-01	3.101e-01
195284.50	-2.736e-03	6.682e-01	-6.758e-02
195285.50	6.499e-03	6.778e-01	-4.598e-01
195286.50	3.408e-03	4.483e-01	1.382e-01
195287.50	-1.517e-02	2.602e-01	-2.851e-01
195288.50	-1.373e-03	3.082e-01	-3.763e-01
195289.50	-2.333e-04	1.949e-01	-1.728e-01
195290.50	1.565e-03	3.187e-01	2.938e-01
195291.50	1.699e-03	4.128e-01	9.014e-02
195292.50	1.094e-02	4.675e-01	-3.504e-01
195293.50	2.832e-03	2.966e-01	2.170e-01
195294.50	-1.133e-03	3.034e-01	-2.122e-01
195295.50	4.982e-03	4.781e-01	-8.237e-02
195296.50	6.845e-03	5.875e-01	3.034e-01
195297.50	-1.718e-03	8.266e-02	2.170e-01
195298.50	1.670e-03	2.064e-01	-2.294e-02
195299.50	3.898e-03	1.670e-01	1.978e-02
195300.50	3.523e-03	1.680e-01	-1.920e-01
195301.50	4.320e-04	-1.805e-01	-1.363e-01
195302.50	1.834e-03	1.834e-01	-7.344e-02
195303.50	5.434e-04	2.198e-01	4.118e-02
195304.50	-1.325e-04	1.334e-01	1.027e-01
195305.50	5.990e-03	1.930e-01	-1.546e-01
195306.50	-2.448e-03	4.656e-01	-9.888e-02
195307.50	-1.094e-03	-6.269e-02	-2.794e-02
195308.50	-8.813e-04	4.186e-01	-3.648e-02
195309.50	1.277e-03	4.157e-01	-2.131e-01
195310.50	2.294e-03	2.630e-01	-3.946e-02
195311.50	2.592e-03	3.120e-01	2.630e-01
195312.50	-2.717e-03	-6.038e-02	-1.190e-01
195313.50	2.314e-03	-6.010e-02	-2.016e-02
195314.50	1.642e-04	1.766e-01	3.830e-01
195315.50	2.218e-03	2.842e-01	-1.142e-01
195316.50	2.189e-03	1.747e-01	-1.718e-01
195317.50	1.094e-03	-5.088e-02	2.707e-01
195318.50	-2.093e-03	7.152e-02	2.765e-01
195319.50	-3.610e-03	6.182e-02	7.536e-02
195320.50	8.198e-03	1.824e-01	-8.794e-02
195321.50	-5.376e-03	-1.690e-01	-1.699e-01
195322.50	-1.507e-04	-1.574e-02	1.565e-01
195323.50	4.234e-03	3.734e-01	1.469e-01
195324.50	2.083e-03	1.910e-01	-1.075e-01
195325.50	1.238e-03	8.170e-02	-5.558e-02
195326.50	3.504e-03	1.805e-01	-1.574e-01
195327.50	6.893e-04	2.006e-01	5.203e-02
195328.50	-1.901e-03	-1.805e-02	9.792e-02
195329.50	1.430e-03	3.581e-02	1.267e-01
195330.50	-2.842e-04	1.853e-01	1.814e-01
195331.50	8.736e-03	2.506e-01	-1.834e-01
195332.50	6.288e-03	4.262e-01	-9.792e-02
195333.50	-2.774e-03	-4.378e-02	-1.622e-01
195334.50	1.075e-03	-5.693e-03	1.334e-01
195335.50	-7.334e-04	1.930e-01	2.966e-01
195336.50	-5.232e-04	-7.747e-02	-1.085e-01
195337.50	-2.861e-03	-1.382e-01	-2.861e-01
195338.50	3.706e-03	4.378e-01	1.238e-01
195339.50	-1.709e-04	-6.048e-02	1.200e-01
195340.50	-5.520e-03	-1.325e-01	-2.698e-01
195341.50	-3.610e-04	-1.834e-01	1.018e-01
195342.50	3.437e-03	2.381e-01	-6.317e-02
195343.50	-1.642e-05	4.675e-02	-1.517e-01
195344.50	4.810e-04	2.851e-02	4.474e-02
195345.50	-2.448e-03	-1.104e-01	-1.027e-01
195346.50	2.563e-03	1.133e-01	3.350e-03
195347.50	3.552e-04	9.984e-02	1.440e-02
195348.50	-9.792e-04	-1.248e-01	-1.402e-01
195349.50	-2.285e-03	-1.037e-01	4.627e-02
195350.50	2.746e-03	6.326e-02	-1.498e-01
195351.50	1.565e-04	2.592e-02	-1.315e-01
195352.50	1.958e-03	1.805e-01	-1.526e-01
195353.50	-2.563e-04	7.834e-02	1.450e-01
195354.50	1.392e-03	2.045e-01	1.594e-01
195355.50	-5.405e-03	1.181e-01	-2.054e-02
195356.50	-5.539e-04	4.166e-02	2.909e-02
195357.50	3.706e-03	1.133e-01	1.181e-02
195358.50	1.440e-04	7.757e-02	1.469e-02
195359.50	5.462e-03	2.342e-02	2.467e-01
195360.50	1.190e-03	1.814e-01	-6.816e-02
195361.50	2.294e-04	3.082e-01	-6.624e-02
195362.50	2.506e-03	-2.486e-02	5.424e-02
195363.50	1.363e-03	-1.613e-02	-1.181e-01
195364.50	6.413e-04	-4.070e-02	1.142e-01
195365.50	2.851e-03	9.984e-02	-7.795e-03
195366.50	1.747e-03	2.006e-01	4.099e-02
195367.50	-3.283e-03	-1.507e-01	2.496e-02
195368.50	-5.078e-03	-2.506e-01	3.696e-02
195369.50	-1.190e-03	2.342e-02	7.584e-02
195370.50	4.195e-04	1.795e-01	-4.099e-02
195371.50	1.267e-03	3.072e-02	6.758e-02
195372.50	2.122e-03	6.269e-02	1.603e-01
195373.50	1.958e-03	1.738e-01	-4.838e-03
195374.50	-7.738e-04	-3.178e-02	6.067e-02
195375.50	-7.190e-03	1.440e-01	3.792e-03
195376.50	-2.035e-03	-2.688e-02	-3.629e-02
195377.50	2.429e-04	-1.133e-03	-6.547e-02
195378.50	3.706e-03	2.102e-02	-8.083e-02
195379.50	4.858e-04	2.198e-02	1.325e-01
195380.50	-5.030e-04	-1.766e-02	2.698e-02
195381.50	1.526e-03	-2.525e-02	-1.450e-01
195382.50	-1.315e-03	7.248e-02	1.622e-01
195383.50	4.982e-03	1.930e-01	1.133e-01
195384.50	8.045e-03	6.422e-02	7.402e-02
195385.50	-5.002e-03	-6.595e-02	7.277e-02
195386.50	1.027e-03	7.613e-02	-1.315e-01
195387.50	2.150e-03	-3.888e-02	-2.131e-02
195388.50	2.717e-03	5.558e-02	6.912e-02
195389.50	4.368e-03	2.352e-01	7.565e-02
195390.50	2.064e-03	-2.496e-02	-4.013e-02
195391.50	4.128e-04	-2.122e-01	-6.470e-02
195392.50	-8.736e-03	-1.565e-01	1.037e-01
195393.50	-2.400e-03	3.686e-02	6.730e-02
195394.50	1.037e-03	6.576e-02	1.546e-01
195395.50	-2.909e-04	1.114e-01	-1.046e-01
195396.50	3.571e-04	1.661e-01	-8.083e-03
195397.50	-9.561e-04	-1.680e-01	-7.085e-02
195398.50	7.296e-04	1.075e-01	1.210e-01
195399.50	-3.370e-03	-4.109e-02	6.874e-02
195400.50	-6.922e-03	-5.002e-03	-8.381e-02
195401.50	8.448e-04	3.034e-02	-3.437e-02
195402.50	-2.026e-03	-1.718e-01	-1.613e-01
195403.50	3.206e-03	-2.131e-02	-7.286e-03
195404.50	3.830e-03	9.014e-02	-4.301e-02
195405.50	-4.560e-03	-8.093e-02	5.722e-02
195406.50	4.128e-03	1.488e-01	-1.382e-01
195407.50	-1.229e-02	-7.978e-02	-2.083e-01
195408.50	1.094e-02	2.477e-01	1.306e-01
195409.50	1.248e-02	2.371e-01	-1.248e-02
195410.50	-1.546e-02	-2.256e-01	-1.190e-01
195411.50	-5.722e-04	-2.323e-02	-8.304e-02
195412.50	-9.792e-03	-9.984e-02	1.229e-02
195413.50	-2.976e-04	-6.394e-02	2.294e-01
195414.50	-5.645e-04	-1.171e-01	9.302e-02
195415.50	5.299e-03	-3.024e-03	4.186e-02
195416.50	1.085e-02	1.190e-01	-1.238e-01
195417.50	-5.194e-04	1.382e-01	2.957e-02
195418.50	2.698e-03	4.013e-03	6.182e-02
195419.50	-5.866e-04	2.995e-02	5.318e-02
195420.50	4.138e-03	-5.069e-02	-1.258e-01
195421.50	2.678e-04	-8.515e-02	1.651e-02
195422.50	-1.267e-04	-1.152e-02	-5.098e-02
195423.50	8.074e-05	-1.094e-01	1.008e-01
195424.50	2.170e-03	-6.422e-02	-2.342e-01
195425.50	-1.642e-03	-5.702e-03	-1.958e-02
195426.50	-7.699e-04	1.632e-01	-1.344e-02
195427.50	2.333e-03	1.238e-01	7.747e-02
195428.50	7.661e-04	1.094e-01	-3.898e-02
195429.50	1.104e-03	4.934e-02	1.008e-01
195430.50	-2.006e-03	-7.766e-02	7.632e-02
195431.50	2.064e-03	9.062e-02	2.976e-03
195432.50	-1.786e-03	-1.757e-01	-1.747e-02
195433.50	-8.448e-04	-1.344e-01	-1.181e-01
195434.50	-1.258e-04	2.045e-01	2.074e-02
195435.50	1.536e-03	1.603e-01	1.133e-01
195436.50	9.389e-04	4.954e-02	-8.563e-02
195437.50	2.688e-04	3.264e-02	-4.426e-02
195438.50	-3.226e-04	-4.099e-02	2.477e-02
195439.50	-2.294e-04	-5.770e-02	7.478e-02
195440.50	3.187e-04	-1.642e-02	-1.056e-02
195441.50	5.789e-04	4.906e-02	-5.270e-02
195442.50	-1.642e-03	5.741e-03	-1.190e-01
195443.50	-7.526e-04	-1.066e-01	-5.664e-02
195444.50	-1.574e-03	-2.198e-01	-2.093e-02
195445.50	2.304e-05	9.005e-02	1.171e-03
195446.50	1.718e-04	3.178e-02	1.968e-02
195447.50	-5.539e-04	3.197e-02	1.920e-02
195448.50	-5.482e-04	2.266e-02	-1.123e-01
195449.50	-1.046e-03	-9.792e-03	3.418e-02
195450.50	1.430e-03	4.118e-02	-3.408e-02
195451.50	-1.334e-03	-8.141e-03	8.083e-02
195452.50	1.085e-03	6.355e-02	-4.838e-02
195453.50	-1.795e-03	2.928e-03	7.450e-02
195454.50	-1.613e-03	1.680e-02	-1.949e-02
195455.50	-9.984e-04	-8.400e-02	1.123e-02
195456.50	2.160e-03	-1.210e-03	5.386e-02
195457.50	-8.621e-04	-2.669e-02	-9.024e-03
195458.50	-4.070e-04	5.760e-02	-9.600e-02
195459.50	-2.784e-04	4.771e-02	-8.035e-02
195460.50	6.326e-04	1.709e-03	-3.398e-02
195461.50	-4.963e-04	-8.026e-02	1.094e-01
195462.50	2.429e-02	9.216e-02	1.603e-01
195463.50	-2.179e-02	1.123e-01	-1.498e-01
195464.50	-1.786e-02	-2.698e-01	-8.976e-02
195465.50	4.214e-03	9.696e-03	8.803e-02
195466.50	4.771e-03	1.421e-03	1.517e-02
195467.50	-4.752e-04	-3.254e-02	6.605e-02
195468.50	3.178e-03	1.363e-01	-1.555e-02
195469.50	1.085e-03	2.621e-02	8.006e-03
195470.50	-3.293e-03	-7.853e-02	-8.880e-02
195471.50	9.312e-03	6.038e-02	7.901e-02
195472.50	4.022e-04	9.533e-02	-4.656e-02
195473.50	5.827e-04	-1.421e-01	1.622e-02
195474.50	-3.840e-04	-5.232e-02	-2.448e-02
195475.50	1.248e-04	6.922e-02	3.677e-02
195476.50	8.602e-04	3.907e-02	-3.072e-02
195477.50	8.093e-04	1.382e-01	3.341e-02
195478.50	-1.248e-03	-2.285e-02	-6.998e-02
195479.50	-9.206e-04	-1.027e-02	-2.026e-02
195480.50	-1.142e-03	4.224e-02	2.659e-02
195481.50	1.430e-02	1.152e-01	8.237e-02
195482.50	2.362e-02	2.112e-02	1.622e-01
195483.50	-1.594e-03	6.576e-03	-3.043e-02
195484.50	-3.523e-03	-7.363e-02	2.861e-02
195485.50	7.267e-04	-2.621e-02	-1.325e-01
195486.50	-9.005e-04	9.245e-02	-2.861e-02
195487.50	-8.294e-03	-1.219e-01	2.266e-02
195488.50	1.363e-03	-1.027e-02	-3.197e-02
195489.50	-3.120e-04	1.267e-02	2.813e-02
195490.50	1.210e-03	1.930e-02	-4.982e-02
195491.50	7.718e-04	5.213e-02	-1.373e-02
195492.50	2.592e-05	9.456e-02	5.520e-02
195493.50	1.046e-03	-5.290e-02	9.475e-02
195494.50	1.306e-03	4.291e-02	2.419e-02
195495.50	-6.989e-03	-5.126e-02	-6.835e-02
195496.50	-1.805e-03	1.622e-02	2.794e-03
195497.50	-5.069e-03	-2.669e-02	5.126e-02
195498.50	-1.958e-02	3.370e-02	-2.842e-02
195499.50	4.022e-04	-2.160e-02	6.067e-03
195500.50	3.446e-04	-1.930e-02	-3.965e-02
195501.50	-1.152e-03	1.661e-02	8.947e-02
195502.50	1.354e-03	-2.659e-02	-2.688e-02
195503.50	2.054e-02	-7.699e-02	9.370e-02
195504.50	1.296e-02	9.792e-02	9.888e-02
195505.50	-5.635e-03	1.958e-03	-9.341e-03
195506.50	-2.726e-02	-9.792e-02	-1.450e-01
195507.50	-1.334e-03	3.187e-02	-5.040e-03
195508.50	-1.642e-03	6.182e-02	-1.565e-01
195509.50	9.888e-04	2.275e-02	-5.952e-02
195510.50	-2.179e-04	6.221e-03	7.939e-02
195511.50	2.477e-03	3.360e-02	-1.834e-01
195512.50	-2.333e-03	-9.792e-02	-4.954e-02
195513.50	1.546e-03	-3.494e-02	2.794e-02
195514.50	2.678e-03	4.531e-02	1.200e-02
195515.50	-8.909e-04	8.669e-03	1.978e-02
195516.50	-2.486e-03	-6.960e-02	-3.293e-02
195517.50	-1.114e-03	4.800e-03	4.080e-02
195518.50	5.645e-04	1.507e-02	-4.858e-03
195519.50	-1.200e-03	4.483e-02	1.402e-02
195520.50	-4.781e-04	7.555e-03	2.611e-02
195521.50	-8.880e-04	2.102e-02	7.152e-02
195522.50	-2.362e-03	-8.746e-02	1.901e-02
195523.50	-4.589e-04	-7.190e-02	-1.171e-02
195524.50	5.069e-04	-7.613e-03	-6.019e-02
195525.50	-5.165e-04	-1.555e-02	3.773e-03
195526.50	-1.546e-04	-3.418e-02	1.373e-02
195527.50	-6.787e-04	-4.925e-02	3.696e-02
195528.50	-4.349e-04	-1.325e-02	4.166e-02
195529.50	4.886e-03	4.291e-02	-3.494e-02
195530.50	-1.373e-02	8.486e-03	-6.163e-02
195531.50	-2.563e-03	8.304e-02	-3.091e-02
195532.50	1.421e-02	5.251e-02	5.376e-02
195533.50	3.773e-02	-1.306e-01	2.275e-01
195534.50	-7.939e-05	8.179e-03	-2.419e-02
195535.50	-1.699e-03	-9.178e-03	-3.725e-02
195536.50	-9.389e-03	-1.498e-02	-7.210e-03
195537.50	-3.936e-04	-7.882e-03	9.331e-02
195538.50	9.456e-05	-2.304e-02	4.032e-02
195539.50	9.158e-05	7.757e-02	-9.600e-02
195540.50	1.622e-03	5.146e-02	-7.344e-02
195541.50	-2.717e-04	-2.074e-02	-1.373e-02
195542.50	1.507e-02	-5.587e-02	7.411e-02
195543.50	2.698e-03	5.962e-03	-7.478e-02
195544.50	1.085e-03	7.133e-02	5.549e-02
195545.50	-1.776e-02	4.560e-02	-7.334e-02
195546.50	-1.085e-02	7.133e-02	-9.024e-03
195547.50	-8.688e-03	-2.851e-02	4.416e-02
195548.50	1.171e-02	8.208e-02	-1.469e-02
195549.50	-5.213e-04	-3.715e-02	-6.518e-02
195550.50	-2.611e-04	4.925e-03	4.051e-03
195551.50	-3.984e-04	1.421e-03	-3.091e-02
195552.50	-3.082e-05	-6.480e-02	2.477e-02
195553.50	8.352e-04	6.230e-02	9.792e-02
195554.50	-3.168e-04	5.078e-02	-2.544e-02
195555.50	-4.426e-04	3.504e-02	2.314e-02
195556.50	2.698e-04	1.728e-03	-5.462e-03
195557.50	-9.226e-05	-1.402e-02	-1.267e-02
195558.50	-2.083e-03	-6.518e-03	-6.576e-02
195559.50	1.949e-04	-1.037e-03	4.742e-02
195560.50	-1.277e-03	-5.318e-02	1.411e-02
195561.50	5.318e-04	1.968e-03	-4.560e-02
195562.50	9.888e-04	4.992e-03	2.170e-02
195563.50	1.546e-03	-4.781e-02	3.408e-02
195564.50	3.552e-03	-3.706e-02	6.096e-02
195565.50	-9.283e-04	2.544e-02	5.626e-03
195566.50	8.208e-04	2.016e-03	3.859e-02
195567.50	-1.210e-03	-5.741e-02	-6.307e-03
195568.50	-3.302e-04	-1.363e-02	-6.096e-02
195569.50	7.411e-04	4.589e-02	1.872e-02
195570.50	-4.906e-04	-4.723e-02	6.518e-02
195571.50	-7.843e-04	-3.024e-03	2.323e-02
195572.50	-7.114e-04	-2.458e-02	-1.853e-02
195573.50	9.206e-04	6.010e-02	-5.424e-02
195574.50	3.965e-03	4.310e-02	-3.206e-02
195575.50	-6.614e-04	5.347e-03	1.123e-03
195576.50	-1.757e-04	2.918e-02	-1.382e-02
195577.50	-3.859e-04	-1.843e-02	-2.410e-02
195578.50	-4.243e-03	3.552e-02	-6.893e-02
195579.50	4.925e-03	1.574e-02	-2.218e-02
195580.50	-5.232e-03	-1.843e-02	-2.218e-02
195581.50	-1.766e-02	-3.034e-02	-2.275e-02
195582.50	-1.997e-03	2.803e-02	-3.581e-04
195583.50	2.390e-04	3.130e-03	1.776e-02
195584.50	-6.509e-04	-4.886e-02	3.667e-02
195585.50	6.298e-04	-1.258e-02	-1.565e-02
195586.50	1.027e-03	2.899e-02	-9.792e-03
195587.50	3.811e-03	3.264e-02	-3.619e-02
195588.50	1.459e-03	-3.773e-02	-2.755e-02
195589.50	4.157e-03	9.590e-04	9.984e-03
195590.50	-2.333e-03	-1.373e-02	-3.754e-03
195591.50	-4.176e-03	-2.150e-02	4.598e-02
195592.50	-6.902e-03	-3.504e-02	5.424e-03
195593.50	-2.525e-03	-1.488e-02	-8.611e-02
195594.50	-3.552e-03	1.018e-02	-1.008e-02
195595.50	-4.704e-04	-4.973e-03	-3.062e-03
195596.50	-6.643e-04	-2.794e-03	6.413e-02
195597.50	3.514e-04	-1.862e-04	3.571e-02
195598.50	8.986e-04	-2.390e-02	-1.843e-02
195599.50	6.173e-05	-2.083e-02	4.339e-02
195600.50	-3.274e-04	-3.101e-02	2.890e-02
195601.50	8.563e-05	-9.696e-03	-1.152e-02
195602.50	8.813e-04	2.640e-02	2.410e-02
195603.50	1.968e-05	2.573e-02	2.323e-02
195604.50	-2.400e-04	-2.381e-02	1.354e-02
195605.50	-3.370e-04	4.454e-03	-5.328e-03
195606.50	1.584e-03	5.002e-03	-1.248e-02
195607.50	-5.654e-04	1.766e-02	-5.242e-02
195608.50	3.466e-04	-1.258e-02	3.734e-02
195609.50	-1.555e-04	2.851e-02	7.824e-02
195610.50	-9.024e-04	2.400e-02	-4.522e-02
195611.50	1.325e-04	2.170e-03	2.141e-03
195612.50	8.592e-04	-2.083e-02	2.467e-02
195613.50	-1.190e-03	-2.467e-02	-1.910e-02
195614.50	7.037e-05	-1.142e-02	-3.206e-02
195615.50	2.179e-04	1.853e-02	5.798e-03
195616.50	2.054e-03	3.715e-02	-3.235e-03
195617.50	-2.122e-03	-1.930e-02	-2.746e-02
195618.50	-1.718e-03	1.229e-02	-2.506e-02
195619.50	-9.312e-04	-4.368e-02	1.939e-02
195620.50	-4.109e-05	-1.027e-02	1.978e-02
195621.50	4.339e-04	7.258e-03	-2.544e-03
195622.50	8.640e-05	3.773e-02	7.910e-03
195623.50	4.118e-04	2.208e-02	-1.574e-02
195624.50	4.896e-04	4.378e-02	-4.877e-02
195625.50	2.045e-04	-4.819e-03	-3.830e-03
195626.50	1.824e-04	-1.862e-02	-2.794e-02
195627.50	1.834e-04	-6.883e-03	2.189e-02
195628.50	6.336e-04	-1.507e-02	-5.981e-03
195629.50	-1.306e-03	-5.078e-02	3.072e-02
195630.50	-1.325e-04	3.648e-02	-5.846e-03
195631.50	-1.920e-03	-4.771e-03	3.254e-02
195632.50	-2.774e-04	-2.189e-02	-1.574e-02
195633.50	7.603e-04	3.821e-02	-4.666e-02
195634.50	2.438e-03	-2.467e-03	8.035e-03
195635.50	-1.190e-03	-2.218e-02	2.256e-03
195636.50	1.670e-04	-3.974e-02	3.043e-02
