195038.50	0.000e+00	0.000e+00	0.000e+00
195039.50	0.000e+00	0.000e+00	0.000e+00
195040.50	0.000e+00	0.000e+00	0.000e+00
195041.50	0.000e+00	0.000e+00	0.000e+00
195042.50	0.000e+00	0.000e+00	0.000e+00
195043.50	0.000e+00	0.000e+00	0.000e+00
195044.50	0.000e+00	0.000e+00	0.000e+00
195045.50	0.000e+00	0.000e+00	0.000e+00
195046.50	0.000e+00	0.000e+00	0.000e+00
195047.50	0.000e+00	0.000e+00	0.000e+00
195048.50	0.000e+00	0.000e+00	0.000e+00
195049.50	0.000e+00	0.000e+00	0.000e+00
195050.50	0.000e+00	0.000e+00	0.000e+00
195051.50	0.000e+00	0.000e+00	0.000e+00
195052.50	0.000e+00	0.000e+00	0.000e+00
195053.50	0.000e+00	0.000e+00	0.000e+00
195054.50	0.000e+00	0.000e+00	0.000e+00
195055.50	0.000e+00	0.000e+00	0.000e+00
195056.50	0.000e+00	0.000e+00	0.000e+00
195057.50	0.000e+00	0.000e+00	0.000e+00
195058.50	0.000e+00	0.000e+00	0.000e+00
195059.50	0.000e+00	0.000e+00	0.000e+00
195060.50	0.000e+00	0.000e+00	0.000e+00
195061.50	0.000e+00	0.000e+00	0.000e+00
195062.50	0.000e+00	0.000e+00	0.000e+00
195063.50	0.000e+00	0.000e+00	0.000e+00
195064.50	0.000e+00	0.000e+00	0.000e+00
195065.50	0.000e+00	0.000e+00	0.000e+00
195066.50	0.000e+00	0.000e+00	0.000e+00
195067.50	0.000e+00	0.000e+00	0.000e+00
195068.50	0.000e+00	0.000e+00	0.000e+00
195069.50	0.000e+00	0.000e+00	0.000e+00
195070.50	0.000e+00	0.000e+00	0.000e+00
195071.50	0.000e+00	0.000e+00	0.000e+00
195072.50	0.000e+00	0.000e+00	0.000e+00
195073.50	0.000e+00	0.000e+00	0.000e+00
195074.50	0.000e+00	0.000e+00	0.000e+00
195075.50	0.000e+00	0.000e+00	0.000e+00
195076.50	0.000e+00	0.000e+00	0.000e+00
195077.50	0.000e+00	0.000e+00	0.000e+00
195078.50	0.000e+00	0.000e+00	0.000e+00
195079.50	0.000e+00	0.000e+00	0.000e+00
195080.50	0.000e+00	0.000e+00	0.000e+00
195081.50	0.000e+00	0.000e+00	0.000e+00
195082.50	0.000e+00	0.000e+00	0.000e+00
195083.50	0.000e+00	0.000e+00	0.000e+00
195084.50	0.000e+00	0.000e+00	0.000e+00
195085.50	0.000e+00	0.000e+00	0.000e+00
195086.50	0.000e+00	0.000e+00	0.000e+00
195087.50	0.000e+00	0.000e+00	0.000e+00
195088.50	0.000e+00	0.000e+00	0.000e+00
195089.50	0.000e+00	0.000e+00	0.000e+00
195090.50	0.000e+00	0.000e+00	0.000e+00
195091.50	0.000e+00	0.000e+00	0.000e+00
195092.50	0.000e+00	0.000e+00	0.000e+00
195093.50	0.000e+00	0.000e+00	0.000e+00
195094.50	0.000e+00	0.000e+00	0.000e+00
195095.50	0.000e+00	0.000e+00	0.000e+00
195096.50	0.000e+00	0.000e+00	0.000e+00
195097.50	0.000e+00	0.000e+00	0.000e+00
195098.50	0.000e+00	0.000e+00	0.000e+00
195099.50	0.000e+00	0.000e+00	0.000e+00
195100.50	0.000e+00	0.000e+00	0.000e+00
195101.50	0.000e+00	0.000e+00	0.000e+00
195102.50	0.000e+00	0.000e+00	0.000e+00
195103.50	0.000e+00	0.000e+00	0.000e+00
195104.50	0.000e+00	0.000e+00	0.000e+00
195105.50	0.000e+00	0.000e+00	0.000e+00
195106.50	0.000e+00	0.000e+00	0.000e+00
195107.50	0.000e+00	0.000e+00	0.000e+00
195108.50	0.000e+00	0.000e+00	0.000e+00
195109.50	0.000e+00	0.000e+00	0.000e+00
195110.50	0.000e+00	0.000e+00	0.000e+00
195111.50	0.000e+00	0.000e+00	0.000e+00
195112.50	0.000e+00	0.000e+00	0.000e+00
195113.50	0.000e+00	0.000e+00	0.000e+00
195114.50	0.000e+00	0.000e+00	0.000e+00
195115.50	0.000e+00	0.000e+00	0.000e+00
195116.50	0.000e+00	0.000e+00	0.000e+00
195117.50	0.000e+00	0.000e+00	0.000e+00
195118.50	0.000e+00	0.000e+00	0.000e+00
195119.50	0.000e+00	0.000e+00	0.000e+00
195120.50	0.000e+00	0.000e+00	0.000e+00
195121.50	0.000e+00	0.000e+00	0.000e+00
195122.50	0.000e+00	0.000e+00	0.000e+00
195123.50	0.000e+00	0.000e+00	0.000e+00
195124.50	0.000e+00	0.000e+00	0.000e+00
195125.50	0.000e+00	0.000e+00	0.000e+00
195126.50	0.000e+00	0.000e+00	0.000e+00
195127.50	0.000e+00	0.000e+00	0.000e+00
195128.50	0.000e+00	0.000e+00	0.000e+00
195129.50	0.000e+00	0.000e+00	0.000e+00
195130.50	0.000e+00	0.000e+00	0.000e+00
195131.50	0.000e+00	0.000e+00	0.000e+00
195132.50	0.000e+00	0.000e+00	0.000e+00
195133.50	0.000e+00	0.000e+00	0.000e+00
195134.50	0.000e+00	0.000e+00	0.000e+00
195135.50	0.000e+00	0.000e+00	0.000e+00
195136.50	0.000e+00	0.000e+00	0.000e+00
195137.50	0.000e+00	0.000e+00	0.000e+00
195138.50	0.000e+00	0.000e+00	0.000e+00
195139.50	0.000e+00	0.000e+00	0.000e+00
195140.50	0.000e+00	0.000e+00	0.000e+00
195141.50	0.000e+00	0.000e+00	0.000e+00
195142.50	0.000e+00	0.000e+00	0.000e+00
195143.50	0.000e+00	0.000e+00	0.000e+00
195144.50	0.000e+00	0.000e+00	0.000e+00
195145.50	0.000e+00	0.000e+00	0.000e+00
195146.50	0.000e+00	0.000e+00	0.000e+00
195147.50	0.000e+00	0.000e+00	0.000e+00
195148.50	0.000e+00	0.000e+00	0.000e+00
195149.50	0.000e+00	0.000e+00	0.000e+00
195150.50	0.000e+00	0.000e+00	0.000e+00
195151.50	0.000e+00	0.000e+00	0.000e+00
195152.50	0.000e+00	0.000e+00	0.000e+00
195153.50	0.000e+00	0.000e+00	0.000e+00
195154.50	0.000e+00	0.000e+00	0.000e+00
195155.50	0.000e+00	0.000e+00	0.000e+00
195156.50	0.000e+00	0.000e+00	0.000e+00
195157.50	0.000e+00	0.000e+00	0.000e+00
195158.50	0.000e+00	0.000e+00	0.000e+00
195159.50	0.000e+00	0.000e+00	0.000e+00
195160.50	0.000e+00	0.000e+00	0.000e+00
195161.50	0.000e+00	0.000e+00	0.000e+00
195162.50	0.000e+00	0.000e+00	0.000e+00
195163.50	0.000e+00	0.000e+00	0.000e+00
195164.50	0.000e+00	0.000e+00	0.000e+00
195165.50	0.000e+00	0.000e+00	0.000e+00
195166.50	0.000e+00	0.000e+00	0.000e+00
195167.50	2.333e-03	-3.898e-02	-4.128e-02
195168.50	1.056e-02	-1.584e-01	-1.728e-01
195169.50	-9.226e-04	-1.795e-02	1.747e-01
195170.50	-1.574e-02	2.880e-01	7.296e-04
195171.50	-8.880e-03	-1.152e-02	1.325e-01
195172.50	1.814e-03	-3.610e-02	5.942e-02
195173.50	2.083e-03	-1.555e-01	1.901e-01
195174.50	3.350e-03	-1.277e-01	1.219e-01
195175.50	2.621e-03	-5.626e-02	-1.171e-01
195176.50	1.344e-03	7.258e-02	-2.784e-02
195177.50	2.237e-03	-1.459e-01	-1.066e-01
195178.50	5.088e-03	1.027e-02	5.078e-03
195179.50	1.891e-03	2.342e-02	5.914e-02
195180.50	-4.810e-04	4.013e-02	-1.094e-01
195181.50	-1.171e-03	-2.352e-03	-1.354e-02
195182.50	-6.922e-04	1.709e-02	-2.054e-02
195183.50	1.421e-04	1.613e-02	-6.019e-02
195184.50	-1.795e-03	7.517e-02	-9.696e-02
195185.50	-4.454e-03	8.678e-02	-2.438e-02
195186.50	2.726e-04	-1.123e-02	1.517e-02
195187.50	1.795e-03	2.294e-02	-5.530e-02
195188.50	-3.101e-03	9.101e-02	1.210e-02
195189.50	3.034e-03	6.221e-02	-1.766e-01
195190.50	3.878e-02	-1.392e+00	-3.216e-01
195191.50	2.093e-01	-1.546e+01	2.237e+00
195192.50	1.738e+00	-1.085e+02	-1.162e+00
195193.50	5.414e+00	-3.571e+02	3.101e+00
195194.50	5.155e+00	-3.494e+02	5.693e+00
195195.50	7.181e+00	-5.030e+02	2.938e+00
195196.50	2.218e+00	-1.594e+02	-5.472e+00
195197.50	-1.757e+00	1.171e+02	4.877e+00
195198.50	-1.987e+00	1.450e+02	-5.117e+00
195199.50	-1.574e+00	1.123e+02	-1.757e+00
195200.50	-1.334e+00	9.350e+01	-1.306e+00
195201.50	-1.248e+00	8.525e+01	2.698e+00
195202.50	-1.142e+00	8.102e+01	-3.696e+00
195203.50	-9.341e-01	6.490e+01	-1.171e+00
195204.50	-8.582e-01	5.875e+01	4.819e-01
195205.50	-7.411e-01	5.491e+01	-6.941e+00
195206.50	-6.701e-01	4.656e+01	-3.322e-01
195207.50	-6.672e-01	4.368e+01	3.178e+00
195208.50	-5.520e-01	3.859e+01	-2.179e+00
195209.50	-5.309e-01	3.850e+01	-4.838e+00
195210.50	-5.030e-01	3.254e+01	2.352e+00
195211.50	-4.522e-01	2.995e+01	7.344e-01
195212.50	-4.570e-01	2.803e+01	3.638e+00
195213.50	-3.965e-01	2.611e+01	3.542e-01
195214.50	-3.552e-01	2.362e+01	3.226e-01
195215.50	-3.062e-01	2.074e+01	-1.075e+00
195216.50	-2.861e-01	2.093e+01	-2.496e+00
195217.50	-2.342e-01	1.613e+01	-1.565e-01
195218.50	-2.765e-01	1.834e+01	-2.765e-01
195219.50	-2.870e-01	1.939e+01	-1.363e-01
195220.50	-2.285e-01	1.555e+01	-1.258e-01
195221.50	-2.294e-01	1.392e+01	2.083e+00
195222.50	-1.901e-01	1.238e+01	5.827e-01
195223.50	-1.872e-01	1.296e+01	-7.872e-01
195224.50	-1.536e-01	1.066e+01	-1.219e+00
195225.50	-1.718e-01	1.133e+01	-4.368e-02
195226.50	-1.632e-01	1.056e+01	-5.578e-02
195227.50	-1.469e-01	9.235e+00	8.198e-01
195228.50	-1.440e-01	9.504e+00	-3.053e-02
195229.50	-1.286e-01	9.110e+00	-5.702e-01
195230.50	-1.085e-01	6.912e+00	6.941e-02
195231.50	-1.027e-01	6.970e+00	-6.288e-01
195232.50	-1.219e-01	7.075e+00	1.363e+00
195233.50	-1.094e-01	6.816e+00	5.414e-01
195234.50	-1.200e-01	6.893e+00	1.949e+00
195235.50	-7.584e-02	5.251e+00	-6.634e-01
195236.50	-9.053e-02	5.520e+00	4.934e-01
195237.50	-9.984e-02	6.010e+00	1.286e+00
195238.50	-8.141e-02	5.386e+00	-6.326e-03
195239.50	-6.278e-02	4.416e+00	-9.888e-01
195240.50	-8.314e-02	5.309e+00	1.008e-01
195241.50	-8.131e-02	4.666e+00	8.285e-01
195242.50	-5.894e-02	3.485e+00	-1.018e-01
195243.50	-5.453e-02	3.542e+00	4.195e-01
195244.50	-5.904e-02	4.282e+00	-8.189e-01
195245.50	-5.069e-02	3.274e+00	-1.363e-02
195246.50	-5.299e-02	3.552e+00	-9.590e-02
195247.50	-5.002e-02	2.918e+00	3.398e-01
195248.50	-6.701e-02	3.667e+00	9.130e-01
195249.50	-5.069e-02	3.206e+00	2.054e-01
195250.50	-4.176e-02	2.650e+00	1.997e-01
195251.50	-3.322e-02	2.006e+00	-1.037e-01
195252.50	-3.802e-02	2.170e+00	6.941e-01
195253.50	-3.850e-02	2.669e+00	-1.814e-01
195254.50	-2.314e-02	1.795e+00	-5.146e-01
195255.50	-3.139e-02	2.179e+00	-4.310e-01
195256.50	-3.341e-02	2.237e+00	-2.266e-01
195257.50	-3.965e-02	2.515e+00	-2.429e-01
195258.50	-2.314e-02	1.210e+00	5.040e-01
195259.50	-4.253e-02	2.237e+00	7.642e-01
195260.50	-2.813e-02	1.757e+00	-2.448e-01
195261.50	-1.632e-02	8.947e-01	7.958e-02
195262.50	-2.640e-02	1.498e+00	5.011e-01
195263.50	-1.949e-02	1.334e+00	9.168e-02
195264.50	-1.651e-02	1.536e+00	-2.880e-01
195265.50	-2.112e-02	1.661e+00	-3.850e-01
195266.50	-3.091e-02	1.958e+00	-2.477e-01
195267.50	-1.872e-02	1.229e+00	-1.056e-01
195268.50	-5.539e-03	8.736e-01	-6.067e-01
195269.50	-2.170e-02	1.238e+00	2.218e-01
195270.50	-9.888e-03	7.901e-01	1.882e-01
195271.50	-3.562e-02	1.382e+00	3.101e-01
195272.50	-2.189e-03	5.213e-01	-1.152e-01
195273.50	-1.286e-02	6.461e-01	-1.008e-01
195274.50	-2.688e-02	1.440e+00	1.747e-01
195275.50	-4.637e-03	3.178e-01	-1.382e-01
195276.50	-1.651e-02	6.739e-01	2.938e-01
195277.50	-5.818e-03	1.699e-01	-1.661e-01
195278.50	-1.421e-02	8.352e-01	1.958e-01
195279.50	-4.589e-03	5.107e-01	-3.398e-01
195280.50	-1.997e-03	5.952e-01	-4.224e-01
195281.50	-2.650e-02	1.363e+00	4.925e-01
195282.50	-6.144e-03	5.117e-01	-3.091e-01
195283.50	-1.411e-02	8.707e-01	1.286e-01
195284.50	-1.603e-02	8.246e-01	-1.555e-01
195285.50	-1.382e-02	8.678e-01	1.286e-01
195286.50	-9.561e-03	6.374e-01	1.114e-01
195287.50	-9.696e-03	3.562e-01	2.438e-01
195288.50	-7.824e-03	4.186e-01	6.211e-02
195289.50	2.448e-03	1.546e-01	-4.166e-01
195290.50	-8.938e-03	5.693e-01	-1.066e-01
195291.50	-1.382e-02	6.010e-01	2.736e-01
195292.50	-6.797e-03	6.278e-01	-5.981e-02
195293.50	-8.208e-03	6.509e-01	-3.350e-01
195294.50	1.142e-03	1.046e-01	-1.469e-01
195295.50	5.098e-04	1.632e-01	-5.242e-01
195296.50	-5.837e-03	2.189e-01	4.339e-01
195297.50	-5.779e-03	9.418e-02	-6.259e-02
195298.50	-3.206e-03	2.131e-01	-1.085e-01
195299.50	-9.696e-03	3.494e-01	4.781e-01
195300.50	-1.142e-02	4.531e-01	2.717e-02
195301.50	3.312e-04	1.910e-01	-3.811e-01
195302.50	-7.738e-03	5.021e-01	1.469e-01
195303.50	-9.254e-05	6.086e-01	9.888e-02
195304.50	1.200e-03	1.258e-01	-1.968e-01
195305.50	-8.285e-03	1.786e-01	4.128e-01
195306.50	-7.277e-03	1.680e-01	1.795e-01
195307.50	-2.650e-03	2.131e-01	-1.920e-01
195308.50	-4.032e-03	1.920e-01	2.371e-01
195309.50	-6.979e-03	2.506e-01	5.309e-02
195310.50	-8.592e-03	4.906e-01	2.266e-01
195311.50	-4.176e-03	2.467e-01	-1.872e-01
195312.50	-1.152e-02	3.581e-01	2.314e-02
195313.50	-6.086e-04	1.603e-01	-2.870e-01
195314.50	7.795e-03	-6.250e-02	1.920e-01
195315.50	-2.170e-02	4.656e-01	-3.466e-01
195316.50	7.354e-04	3.235e-01	3.350e-01
195317.50	-3.034e-03	9.696e-02	5.098e-02
195318.50	-5.558e-03	1.181e-01	1.728e-01
195319.50	7.459e-04	-1.027e-01	-3.523e-02
195320.50	-1.008e-04	2.870e-01	-1.843e-01
195321.50	-2.947e-03	2.880e-01	1.382e-01
195322.50	4.637e-05	1.690e-01	-3.965e-01
195323.50	-2.678e-03	1.430e-01	1.488e-02
195324.50	1.104e-03	8.035e-02	-2.918e-01
195325.50	3.840e-03	9.187e-02	3.744e-01
195326.50	-4.896e-03	-4.310e-02	1.805e-01
195327.50	-1.670e-03	1.882e-01	3.302e-02
195328.50	-4.387e-03	2.467e-01	-1.747e-01
195329.50	-6.058e-03	1.910e-01	-1.363e-01
195330.50	-1.853e-03	3.331e-01	2.698e-03
195331.50	-2.611e-03	8.438e-02	2.170e-01
195332.50	-1.642e-03	1.066e-01	6.230e-03
195333.50	-1.114e-04	1.334e-01	-4.522e-02
195334.50	-4.205e-03	3.149e-02	1.200e-01
195335.50	-1.997e-03	1.795e-01	-1.190e-01
195336.50	1.843e-03	-1.459e-01	-1.930e-01
195337.50	-2.381e-03	6.048e-02	1.037e-02
195338.50	-1.843e-03	1.037e-01	8.602e-02
195339.50	-1.930e-03	1.728e-01	2.246e-01
195340.50	-3.629e-03	1.824e-01	-2.563e-01
195341.50	-5.328e-03	7.085e-03	1.738e-01
195342.50	-4.368e-03	2.093e-01	-1.517e-01
195343.50	-7.555e-04	-5.376e-02	3.178e-02
195344.50	-6.422e-05	8.333e-02	1.546e-02
195345.50	-1.392e-03	3.101e-02	2.285e-01
195346.50	-2.698e-03	1.008e-01	9.130e-02
195347.50	-1.315e-03	5.501e-02	-1.440e-02
195348.50	-1.622e-03	-8.323e-02	7.632e-02
195349.50	-9.696e-04	1.238e-01	-1.267e-01
195350.50	-1.315e-03	-2.899e-02	3.197e-02
195351.50	-6.259e-03	1.766e-01	6.614e-02
195352.50	4.416e-03	-9.600e-03	-2.698e-01
195353.50	-1.008e-03	6.950e-02	1.699e-01
195354.50	1.229e-03	2.131e-01	-2.525e-01
195355.50	-1.670e-03	6.912e-02	2.074e-02
195356.50	1.565e-03	1.373e-01	1.843e-01
195357.50	-2.678e-03	1.258e-01	8.554e-02
195358.50	-5.117e-03	2.736e-01	3.187e-02
195359.50	-1.680e-03	9.600e-02	-9.322e-02
195360.50	2.381e-03	-1.190e-01	4.512e-02
195361.50	5.040e-03	-1.085e-01	-3.283e-03
195362.50	-6.403e-04	1.085e-01	1.642e-02
195363.50	-1.997e-02	3.389e-01	1.094e-01
195364.50	-8.054e-03	2.362e-01	-5.376e-02
195365.50	-3.763e-03	1.066e-01	1.008e-01
195366.50	3.274e-04	-8.016e-02	-2.573e-02
195367.50	1.498e-02	-2.976e-01	-5.990e-02
195368.50	-7.939e-04	1.142e-01	-1.642e-01
195369.50	-9.984e-03	1.162e-01	-1.018e-01
195370.50	-5.002e-03	1.526e-01	1.546e-01
195371.50	1.027e-03	-1.546e-02	-9.888e-02
195372.50	-2.438e-03	1.469e-01	7.162e-02
195373.50	-3.802e-03	1.334e-01	-1.315e-01
195374.50	5.088e-04	-1.805e-01	7.958e-02
195375.50	9.427e-05	-5.059e-02	4.627e-02
195376.50	-5.242e-03	2.534e-01	1.718e-01
195377.50	3.312e-03	-9.888e-02	-1.834e-01
195378.50	-1.104e-03	-5.712e-02	-1.046e-02
195379.50	-7.478e-04	6.576e-02	4.790e-02
195380.50	1.728e-03	-1.258e-01	4.858e-02
195381.50	-2.630e-03	1.478e-01	5.808e-02
195382.50	-2.995e-03	8.717e-02	2.611e-01
195383.50	8.189e-04	1.910e-01	-7.056e-02
195384.50	-6.422e-03	1.498e-01	1.939e-02
195385.50	-2.890e-03	7.334e-03	-3.792e-02
195386.50	4.224e-03	-1.382e-01	-9.888e-02
195387.50	-2.054e-03	7.910e-02	-7.421e-02
195388.50	-1.891e-03	-9.091e-02	2.438e-01
195389.50	-1.661e-03	1.008e-01	-1.728e-01
195390.50	1.498e-03	7.133e-02	3.149e-02
195391.50	1.978e-03	-7.430e-02	1.219e-01
195392.50	-5.222e-04	-8.765e-04	9.984e-02
195393.50	3.523e-03	-4.723e-02	-4.195e-02
195394.50	-1.190e-03	1.008e-01	1.325e-01
195395.50	-1.085e-03	8.371e-02	8.016e-02
195396.50	-1.046e-03	3.235e-02	-7.747e-03
195397.50	4.752e-04	3.418e-02	8.294e-03
195398.50	-1.949e-03	1.622e-02	9.792e-02
195399.50	-5.453e-03	6.538e-02	-1.517e-03
195400.50	-3.878e-03	8.112e-02	5.568e-02
195401.50	1.066e-03	7.930e-02	-4.742e-02
195402.50	-5.731e-04	8.669e-02	-4.157e-02
195403.50	9.696e-04	2.506e-02	-2.333e-01
195404.50	4.694e-03	-6.816e-02	7.238e-02
195405.50	3.312e-03	-1.171e-01	1.229e-01
195406.50	4.262e-04	-1.018e-01	-1.114e-02
195407.50	-8.698e-04	-5.760e-02	8.131e-02
195408.50	3.062e-03	-7.747e-02	4.502e-02
195409.50	-9.101e-04	1.008e-01	-1.085e-02
195410.50	-5.549e-04	4.195e-02	-1.075e-01
195411.50	-3.005e-03	6.374e-02	2.093e-02
195412.50	-4.752e-03	8.592e-02	-4.406e-02
195413.50	9.984e-04	7.891e-02	-2.650e-02
195414.50	-1.978e-03	1.594e-01	-1.411e-01
195415.50	-2.736e-03	1.546e-02	1.267e-02
195416.50	-6.317e-03	4.550e-02	1.747e-01
195417.50	-3.130e-03	-1.267e-02	6.576e-02
195418.50	-1.526e-04	2.506e-02	-5.866e-02
195419.50	-6.730e-04	-8.611e-02	-6.970e-02
195420.50	1.843e-04	-1.392e-01	1.085e-01
195421.50	2.218e-03	-7.747e-02	3.629e-02
195422.50	2.198e-03	6.019e-02	-2.314e-01
195423.50	5.923e-03	-2.400e-02	-1.843e-01
195424.50	2.506e-03	-1.526e-01	1.142e-02
195425.50	-2.304e-03	3.725e-02	-3.389e-02
195426.50	-4.838e-03	1.498e-01	9.600e-02
195427.50	-1.862e-03	1.181e-01	3.984e-02
195428.50	5.203e-04	-1.632e-02	-4.358e-02
195429.50	2.563e-04	4.579e-02	-1.142e-01
195430.50	2.544e-04	2.822e-02	5.424e-02
195431.50	1.277e-03	-4.531e-02	6.595e-02
195432.50	3.648e-03	-1.853e-02	5.837e-02
195433.50	-1.181e-03	1.219e-01	4.099e-02
195434.50	-9.571e-04	7.814e-02	-7.382e-03
195435.50	1.190e-03	-1.795e-02	-7.670e-02
195436.50	-1.795e-03	2.870e-03	-3.898e-02
195437.50	-3.254e-04	-4.637e-02	2.966e-02
195438.50	2.880e-03	-8.170e-02	-7.747e-02
195439.50	-2.448e-03	5.856e-02	-1.171e-01
195440.50	-4.800e-03	4.445e-02	1.162e-01
195441.50	-1.651e-03	3.994e-03	1.094e-01
195442.50	-2.774e-03	1.258e-01	6.864e-02
195443.50	5.482e-04	1.248e-02	-3.936e-02
195444.50	-9.398e-04	-4.973e-02	-1.075e-02
195445.50	-3.850e-04	2.304e-02	-1.363e-02
195446.50	3.043e-04	-1.498e-02	3.677e-02
195447.50	1.574e-03	-8.554e-02	-5.520e-02
195448.50	1.882e-03	-8.131e-02	-4.714e-02
195449.50	-1.018e-04	7.440e-02	4.358e-02
195450.50	3.782e-04	4.339e-02	-2.218e-02
195451.50	1.814e-03	4.618e-02	7.987e-02
195452.50	-5.674e-03	9.552e-03	1.210e-02
195453.50	-1.354e-03	-4.406e-02	1.181e-01
195454.50	-1.286e-03	1.978e-02	3.283e-03
195455.50	-4.627e-04	5.040e-02	-4.646e-02
195456.50	6.970e-04	1.853e-02	-4.963e-02
195457.50	1.690e-03	-7.190e-03	3.840e-02
195458.50	-2.851e-03	5.856e-02	-9.120e-03
195459.50	9.984e-04	1.862e-03	-9.590e-02
195460.50	2.976e-03	-3.082e-03	-8.035e-02
195461.50	-5.338e-04	8.285e-02	-7.142e-02
195462.50	4.186e-04	-1.210e-02	4.618e-02
195463.50	-2.074e-03	4.512e-02	7.574e-02
195464.50	-7.834e-04	6.346e-02	-6.979e-02
195465.50	1.930e-03	-9.082e-02	-2.026e-02
195466.50	-2.208e-03	1.094e-01	-9.139e-02
195467.50	2.630e-03	-6.826e-02	3.379e-02
195468.50	-2.573e-04	2.333e-02	3.696e-02
195469.50	-6.902e-04	4.954e-02	5.971e-02
195470.50	-6.874e-04	5.904e-02	-2.506e-02
195471.50	1.430e-03	-6.701e-02	1.046e-02
195472.50	-3.792e-04	-5.846e-03	6.413e-02
195473.50	8.794e-04	-6.643e-02	7.709e-03
195474.50	2.746e-04	5.338e-02	-6.662e-02
195475.50	-2.899e-03	3.024e-02	1.238e-01
195476.50	-2.630e-03	3.005e-02	4.656e-02
195477.50	2.131e-03	4.694e-02	-7.469e-03
195478.50	2.074e-02	-1.200e-01	1.373e-01
195479.50	4.829e-03	-3.437e-02	8.822e-02
195480.50	-6.470e-04	-8.573e-02	-1.094e-01
195481.50	4.704e-04	-2.659e-02	4.810e-02
195482.50	-5.674e-04	-8.938e-03	-8.899e-02
195483.50	1.536e-03	-1.910e-02	-6.941e-02
195484.50	9.283e-04	3.014e-02	-9.178e-02
195485.50	-4.387e-04	-4.032e-02	7.469e-02
195486.50	-8.371e-05	-4.157e-02	-4.243e-02
195487.50	3.907e-03	6.528e-03	-1.248e-01
195488.50	1.814e-03	-4.483e-03	3.331e-02
195489.50	-2.150e-03	2.122e-02	1.190e-02
195490.50	-6.970e-04	2.448e-02	1.411e-02
195491.50	1.162e-03	1.008e-01	-8.602e-03
195492.50	-1.325e-03	-4.378e-02	1.498e-03
195493.50	1.642e-03	-1.210e-01	2.842e-02
195494.50	-5.414e-03	-1.296e-02	5.875e-02
195495.50	1.085e-03	-3.590e-02	1.402e-02
195496.50	-3.178e-03	7.747e-02	7.430e-02
195497.50	-1.267e-02	9.581e-02	-7.200e-02
195498.50	-1.018e-02	1.382e-02	-5.472e-02
195499.50	-2.573e-03	1.891e-02	-8.304e-02
195500.50	8.016e-04	5.299e-02	3.062e-02
195501.50	4.272e-05	-6.682e-03	2.477e-02
195502.50	1.344e-03	-5.309e-02	-1.498e-02
195503.50	1.526e-03	1.632e-02	-3.955e-02
195504.50	2.429e-02	-1.162e-01	1.229e-01
195505.50	4.157e-03	-6.749e-02	3.130e-02
195506.50	-3.034e-03	5.098e-02	3.734e-03
195507.50	-9.888e-03	1.651e-01	-8.035e-02
195508.50	-8.659e-03	7.901e-02	-6.298e-02
195509.50	1.939e-03	-1.507e-02	1.296e-02
195510.50	-1.488e-03	-6.230e-03	-1.306e-02
195511.50	5.808e-04	3.130e-03	-4.339e-02
195512.50	3.072e-03	-1.200e-01	-3.610e-02
195513.50	5.386e-03	-1.248e-01	-5.174e-02
195514.50	-3.936e-03	9.494e-02	2.602e-02
195515.50	-3.360e-03	8.275e-02	-4.397e-02
195516.50	2.304e-04	-1.498e-03	3.005e-02
195517.50	1.642e-02	-3.792e-02	8.784e-03
195518.50	-1.219e-03	-1.968e-03	-1.008e-02
195519.50	1.056e-03	-1.133e-01	-3.955e-02
195520.50	8.918e-04	-6.288e-02	-1.594e-02
195521.50	-1.277e-03	2.054e-02	1.507e-02
195522.50	1.622e-03	2.237e-02	5.530e-02
195523.50	1.882e-03	-1.843e-03	-3.878e-02
195524.50	-1.805e-03	1.805e-02	4.589e-02
195525.50	3.379e-04	-4.042e-02	4.800e-02
195526.50	6.106e-04	-6.422e-02	4.646e-02
195527.50	-7.786e-04	7.757e-02	-5.520e-02
195528.50	-5.299e-04	8.746e-02	-1.795e-02
195529.50	2.947e-04	2.602e-02	-2.275e-02
195530.50	-9.149e-04	3.811e-02	7.066e-02
195531.50	-4.253e-04	-1.498e-02	5.386e-02
195532.50	2.803e-03	-1.680e-02	-5.117e-02
195533.50	-8.861e-03	8.707e-02	-5.635e-02
195534.50	-1.075e-03	5.376e-02	-3.917e-03
195535.50	6.816e-05	-3.946e-02	4.349e-02
195536.50	-4.224e-03	4.627e-02	2.602e-02
195537.50	3.504e-03	-8.102e-03	7.200e-02
195538.50	-7.219e-03	1.699e-02	4.426e-02
195539.50	1.450e-03	-3.005e-02	2.746e-02
195540.50	1.123e-03	-4.464e-02	-3.216e-02
195541.50	6.259e-04	9.139e-03	-5.165e-02
195542.50	-1.267e-04	1.507e-02	6.278e-02
195543.50	6.461e-03	-1.306e-01	-8.150e-02
195544.50	-1.498e-03	4.291e-02	-2.755e-02
195545.50	-1.450e-03	6.077e-02	-1.210e-02
195546.50	-2.448e-04	2.371e-02	-5.405e-02
195547.50	1.930e-02	-5.386e-02	2.563e-02
195548.50	-2.189e-04	2.006e-03	1.200e-02
195549.50	5.050e-04	-3.667e-02	4.973e-02
195550.50	1.891e-03	-1.574e-02	-3.907e-02
195551.50	-1.008e-03	2.400e-02	-1.037e-02
195552.50	-1.181e-03	4.541e-02	3.840e-02
195553.50	-1.987e-03	6.010e-02	5.856e-02
195554.50	4.099e-04	-5.866e-03	2.026e-03
195555.50	8.006e-04	-2.602e-02	4.061e-02
195556.50	1.171e-03	1.027e-02	-4.589e-02
195557.50	1.814e-03	4.416e-02	3.773e-02
195558.50	-3.955e-03	3.168e-03	-1.296e-02
195559.50	-3.322e-03	-4.339e-02	-3.437e-02
195560.50	-1.018e-03	3.984e-02	3.024e-02
195561.50	-1.670e-03	3.379e-02	-3.821e-02
195562.50	-1.699e-03	-4.810e-02	7.939e-03
195563.50	-5.242e-04	-5.933e-02	5.818e-02
195564.50	1.594e-02	-8.832e-02	-4.339e-02
195565.50	-1.114e-02	4.752e-02	-2.880e-02
195566.50	-2.592e-02	2.496e-02	-1.142e-01
195567.50	-1.699e-03	4.464e-02	4.099e-02
195568.50	1.258e-03	-6.595e-03	-3.446e-03
195569.50	1.766e-04	-1.805e-02	-4.022e-02
195570.50	3.216e-04	-1.594e-02	3.072e-02
195571.50	1.200e-03	-5.232e-02	3.322e-02
195572.50	1.248e-04	-1.757e-02	4.138e-02
195573.50	-1.046e-03	3.043e-02	-2.947e-02
195574.50	-1.046e-03	3.437e-02	3.782e-03
195575.50	-3.331e-05	2.976e-02	-6.643e-03
195576.50	-4.387e-04	2.208e-02	8.726e-03
195577.50	-1.306e-04	-3.178e-02	-7.930e-03
195578.50	-4.646e-04	1.114e-02	3.302e-02
195579.50	1.056e-03	-4.358e-02	-1.546e-02
195580.50	-5.856e-03	1.738e-02	-2.467e-02
195581.50	-6.173e-03	4.301e-02	1.555e-02
195582.50	1.210e-03	1.085e-03	-8.899e-03
195583.50	2.256e-03	-4.973e-02	-2.870e-02
195584.50	-5.357e-04	1.651e-02	1.872e-03
195585.50	-1.325e-03	-6.355e-03	-5.174e-02
195586.50	7.248e-04	4.627e-02	-7.152e-02
195587.50	-2.208e-03	5.683e-02	-5.962e-02
195588.50	-1.056e-03	4.522e-02	-3.398e-02
195589.50	-5.990e-04	-1.526e-02	6.547e-02
195590.50	-4.416e-04	1.190e-02	5.328e-02
195591.50	1.267e-03	-1.680e-02	6.547e-03
195592.50	-9.360e-04	6.922e-03	2.486e-02
195593.50	1.075e-03	2.419e-02	1.046e-02
195594.50	6.019e-05	-1.094e-02	-1.517e-02
195595.50	4.944e-04	-9.696e-03	2.582e-02
195596.50	1.363e-03	3.619e-02	-3.178e-02
195597.50	-2.534e-03	4.675e-02	4.022e-03
195598.50	1.046e-04	3.168e-02	1.344e-02
195599.50	-4.445e-04	-1.805e-02	1.277e-02
195600.50	6.835e-04	-4.378e-03	-6.451e-03
195601.50	-4.800e-04	-2.189e-02	1.555e-02
195602.50	-5.952e-04	-5.578e-03	-5.194e-02
195603.50	-5.059e-04	3.206e-02	-5.693e-02
195604.50	-8.592e-04	-2.410e-02	6.432e-02
195605.50	1.190e-04	-4.800e-04	1.469e-02
195606.50	1.200e-03	-3.946e-02	6.202e-03
195607.50	1.037e-03	-2.054e-02	2.208e-02
195608.50	-8.160e-04	4.445e-02	1.738e-02
195609.50	9.792e-04	-3.514e-02	3.600e-02
195610.50	1.574e-03	-3.370e-02	3.782e-02
195611.50	1.210e-03	-8.899e-04	-6.739e-05
195612.50	-3.235e-04	-7.853e-03	1.258e-03
195613.50	-4.579e-04	1.190e-02	8.218e-03
195614.50	-5.779e-04	3.120e-02	-3.888e-02
195615.50	1.488e-04	5.827e-03	2.381e-03
195616.50	-6.691e-04	-5.654e-03	3.811e-02
195617.50	-6.278e-04	1.834e-02	7.901e-03
195618.50	8.659e-04	-3.331e-02	-2.429e-03
195619.50	5.712e-04	-6.490e-03	-2.074e-03
195620.50	-5.069e-04	3.264e-02	-3.792e-02
195621.50	-1.469e-03	1.526e-02	1.469e-03
195622.50	-1.670e-03	3.706e-02	1.219e-02
195623.50	-1.440e-03	2.486e-02	3.446e-02
195624.50	-1.334e-03	3.859e-02	1.498e-02
195625.50	9.187e-04	-1.478e-02	-1.027e-02
195626.50	-6.298e-04	4.656e-04	-1.987e-02
195627.50	3.955e-04	-4.109e-02	4.454e-04
195628.50	1.085e-03	-2.861e-02	1.046e-02
195629.50	8.141e-05	3.341e-02	1.354e-02
195630.50	-2.573e-04	-6.682e-03	-9.091e-03
195631.50	-5.741e-05	-2.803e-02	-1.037e-02
195632.50	-7.200e-04	5.107e-02	-5.107e-02
195633.50	-9.206e-04	-2.899e-02	-1.325e-03
195634.50	3.744e-04	1.757e-02	4.493e-03
195635.50	-1.114e-03	-1.056e-02	1.642e-02
195636.50	7.344e-05	-1.104e-02	3.370e-04
