195038.50	0.000e+00	0.000e+00	0.000e+00
195039.50	0.000e+00	0.000e+00	0.000e+00
195040.50	0.000e+00	0.000e+00	0.000e+00
195041.50	0.000e+00	0.000e+00	0.000e+00
195042.50	0.000e+00	0.000e+00	0.000e+00
195043.50	0.000e+00	0.000e+00	0.000e+00
195044.50	0.000e+00	0.000e+00	0.000e+00
195045.50	0.000e+00	0.000e+00	0.000e+00
195046.50	0.000e+00	0.000e+00	0.000e+00
195047.50	0.000e+00	0.000e+00	0.000e+00
195048.50	0.000e+00	0.000e+00	0.000e+00
195049.50	0.000e+00	0.000e+00	0.000e+00
195050.50	0.000e+00	0.000e+00	0.000e+00
195051.50	0.000e+00	0.000e+00	0.000e+00
195052.50	0.000e+00	0.000e+00	0.000e+00
195053.50	0.000e+00	0.000e+00	0.000e+00
195054.50	0.000e+00	0.000e+00	0.000e+00
195055.50	0.000e+00	0.000e+00	0.000e+00
195056.50	0.000e+00	0.000e+00	0.000e+00
195057.50	0.000e+00	0.000e+00	0.000e+00
195058.50	0.000e+00	0.000e+00	0.000e+00
195059.50	0.000e+00	0.000e+00	0.000e+00
195060.50	0.000e+00	0.000e+00	0.000e+00
195061.50	0.000e+00	0.000e+00	0.000e+00
195062.50	0.000e+00	0.000e+00	0.000e+00
195063.50	0.000e+00	0.000e+00	0.000e+00
195064.50	0.000e+00	0.000e+00	0.000e+00
195065.50	0.000e+00	0.000e+00	0.000e+00
195066.50	0.000e+00	0.000e+00	0.000e+00
195067.50	0.000e+00	0.000e+00	0.000e+00
195068.50	0.000e+00	0.000e+00	0.000e+00
195069.50	0.000e+00	0.000e+00	0.000e+00
195070.50	0.000e+00	0.000e+00	0.000e+00
195071.50	0.000e+00	0.000e+00	0.000e+00
195072.50	0.000e+00	0.000e+00	0.000e+00
195073.50	0.000e+00	0.000e+00	0.000e+00
195074.50	0.000e+00	0.000e+00	0.000e+00
195075.50	0.000e+00	0.000e+00	0.000e+00
195076.50	0.000e+00	0.000e+00	0.000e+00
195077.50	0.000e+00	0.000e+00	0.000e+00
195078.50	0.000e+00	0.000e+00	0.000e+00
195079.50	0.000e+00	0.000e+00	0.000e+00
195080.50	0.000e+00	0.000e+00	0.000e+00
195081.50	0.000e+00	0.000e+00	0.000e+00
195082.50	0.000e+00	0.000e+00	0.000e+00
195083.50	0.000e+00	0.000e+00	0.000e+00
195084.50	0.000e+00	0.000e+00	0.000e+00
195085.50	0.000e+00	0.000e+00	0.000e+00
195086.50	0.000e+00	0.000e+00	0.000e+00
195087.50	0.000e+00	0.000e+00	0.000e+00
195088.50	0.000e+00	0.000e+00	0.000e+00
195089.50	0.000e+00	0.000e+00	0.000e+00
195090.50	0.000e+00	0.000e+00	0.000e+00
195091.50	0.000e+00	0.000e+00	0.000e+00
195092.50	0.000e+00	0.000e+00	0.000e+00
195093.50	0.000e+00	0.000e+00	0.000e+00
195094.50	0.000e+00	0.000e+00	0.000e+00
195095.50	0.000e+00	0.000e+00	0.000e+00
195096.50	0.000e+00	0.000e+00	0.000e+00
195097.50	0.000e+00	0.000e+00	0.000e+00
195098.50	0.000e+00	0.000e+00	0.000e+00
195099.50	0.000e+00	0.000e+00	0.000e+00
195100.50	0.000e+00	0.000e+00	0.000e+00
195101.50	0.000e+00	0.000e+00	0.000e+00
195102.50	0.000e+00	0.000e+00	0.000e+00
195103.50	0.000e+00	0.000e+00	0.000e+00
195104.50	0.000e+00	0.000e+00	0.000e+00
195105.50	0.000e+00	0.000e+00	0.000e+00
195106.50	0.000e+00	0.000e+00	0.000e+00
195107.50	0.000e+00	0.000e+00	0.000e+00
195108.50	0.000e+00	0.000e+00	0.000e+00
195109.50	0.000e+00	0.000e+00	0.000e+00
195110.50	0.000e+00	0.000e+00	0.000e+00
195111.50	0.000e+00	0.000e+00	0.000e+00
195112.50	0.000e+00	0.000e+00	0.000e+00
195113.50	0.000e+00	0.000e+00	0.000e+00
195114.50	0.000e+00	0.000e+00	0.000e+00
195115.50	0.000e+00	0.000e+00	0.000e+00
195116.50	0.000e+00	0.000e+00	0.000e+00
195117.50	0.000e+00	0.000e+00	0.000e+00
195118.50	0.000e+00	0.000e+00	0.000e+00
195119.50	0.000e+00	0.000e+00	0.000e+00
195120.50	0.000e+00	0.000e+00	0.000e+00
195121.50	0.000e+00	0.000e+00	0.000e+00
195122.50	0.000e+00	0.000e+00	0.000e+00
195123.50	0.000e+00	0.000e+00	0.000e+00
195124.50	0.000e+00	0.000e+00	0.000e+00
195125.50	0.000e+00	0.000e+00	0.000e+00
195126.50	0.000e+00	0.000e+00	0.000e+00
195127.50	0.000e+00	0.000e+00	0.000e+00
195128.50	0.000e+00	0.000e+00	0.000e+00
195129.50	0.000e+00	0.000e+00	0.000e+00
195130.50	0.000e+00	0.000e+00	0.000e+00
195131.50	0.000e+00	0.000e+00	0.000e+00
195132.50	0.000e+00	0.000e+00	0.000e+00
195133.50	0.000e+00	0.000e+00	0.000e+00
195134.50	0.000e+00	0.000e+00	0.000e+00
195135.50	0.000e+00	0.000e+00	0.000e+00
195136.50	0.000e+00	0.000e+00	0.000e+00
195137.50	0.000e+00	0.000e+00	0.000e+00
195138.50	0.000e+00	0.000e+00	0.000e+00
195139.50	0.000e+00	0.000e+00	0.000e+00
195140.50	0.000e+00	0.000e+00	0.000e+00
195141.50	0.000e+00	0.000e+00	0.000e+00
195142.50	0.000e+00	0.000e+00	0.000e+00
195143.50	0.000e+00	0.000e+00	0.000e+00
195144.50	0.000e+00	0.000e+00	0.000e+00
195145.50	0.000e+00	0.000e+00	0.000e+00
195146.50	0.000e+00	0.000e+00	0.000e+00
195147.50	0.000e+00	0.000e+00	0.000e+00
195148.50	0.000e+00	0.000e+00	0.000e+00
195149.50	0.000e+00	0.000e+00	0.000e+00
195150.50	0.000e+00	0.000e+00	0.000e+00
195151.50	0.000e+00	0.000e+00	0.000e+00
195152.50	0.000e+00	0.000e+00	0.000e+00
195153.50	0.000e+00	0.000e+00	0.000e+00
195154.50	0.000e+00	0.000e+00	0.000e+00
195155.50	0.000e+00	0.000e+00	0.000e+00
195156.50	0.000e+00	0.000e+00	0.000e+00
195157.50	0.000e+00	0.000e+00	0.000e+00
195158.50	0.000e+00	0.000e+00	0.000e+00
195159.50	0.000e+00	0.000e+00	0.000e+00
195160.50	0.000e+00	0.000e+00	0.000e+00
195161.50	0.000e+00	0.000e+00	0.000e+00
195162.50	0.000e+00	0.000e+00	0.000e+00
195163.50	0.000e+00	0.000e+00	0.000e+00
195164.50	0.000e+00	0.000e+00	0.000e+00
195165.50	0.000e+00	0.000e+00	0.000e+00
195166.50	0.000e+00	0.000e+00	0.000e+00
195167.50	0.000e+00	0.000e+00	0.000e+00
195168.50	0.000e+00	0.000e+00	0.000e+00
195169.50	0.000e+00	0.000e+00	0.000e+00
195170.50	-6.077e-05	9.485e-06	1.776e-03
195171.50	-3.062e-06	-1.296e-03	-3.053e-04
195172.50	1.027e-05	-2.170e-03	-5.501e-04
195173.50	-1.258e-04	-2.467e-03	4.147e-03
195174.50	2.141e-04	3.955e-04	-4.762e-03
195175.50	1.805e-04	8.170e-03	-1.430e-03
195176.50	-2.477e-04	2.381e-03	9.696e-03
195177.50	2.170e-05	-2.554e-03	-2.803e-03
195178.50	-1.622e-04	-3.696e-03	-2.371e-03
195179.50	8.294e-05	-4.291e-03	3.053e-03
195180.50	1.008e-04	-1.392e-03	-3.763e-03
195181.50	-2.688e-04	-2.765e-02	-9.792e-03
195182.50	1.411e-04	6.010e-03	-1.440e-03
195183.50	3.590e-04	4.906e-03	-5.952e-03
195184.50	3.379e-07	6.941e-03	4.042e-03
195185.50	1.325e-04	1.757e-03	-2.870e-03
195186.50	2.870e-03	-1.018e-01	-1.248e-01
195187.50	-8.342e-03	2.966e-03	3.158e-01
195188.50	5.453e-03	-1.642e-01	-3.082e-01
195189.50	-1.920e-02	-1.910e+00	-1.622e-01
195190.50	-1.651e-01	-1.526e+01	-5.184e-01
195191.50	-9.398e-01	-1.123e+02	-1.488e+01
195192.50	-3.427e+00	-3.686e+02	-2.458e+01
195193.50	-3.139e+00	-3.158e+02	-4.512e+00
195194.50	-4.157e+00	-4.570e+02	-1.843e+01
195195.50	-3.178e-01	-5.587e+01	-4.867e+00
195196.50	1.306e+00	1.248e+02	5.510e-01
195197.50	1.056e+00	1.200e+02	9.485e+00
195198.50	8.458e-01	9.984e+01	9.514e+00
195199.50	6.326e-01	7.968e+01	1.037e+01
195200.50	7.469e-01	7.286e+01	1.478e-01
195201.50	5.942e-01	6.528e+01	3.974e+00
195202.50	5.654e-01	5.971e+01	2.438e+00
195203.50	5.453e-01	5.357e+01	-4.406e-02
195204.50	3.994e-01	4.397e+01	2.486e+00
195205.50	3.984e-01	4.186e+01	1.699e+00
195206.50	4.493e-01	4.032e+01	-1.891e+00
195207.50	3.437e-01	3.331e+01	-9.888e-02
195208.50	3.062e-01	3.341e+01	1.718e+00
195209.50	2.064e-01	2.851e+01	3.984e+00
195210.50	2.640e-01	2.400e+01	-1.133e+00
195211.50	2.131e-01	2.736e+01	3.418e+00
195212.50	1.997e-01	2.256e+01	1.517e+00
195213.50	1.910e-01	2.122e+01	1.334e+00
195214.50	1.853e-01	2.064e+01	1.344e+00
195215.50	1.642e-01	1.680e+01	3.878e-01
195216.50	1.421e-01	1.680e+01	1.517e+00
195217.50	1.200e-01	1.382e+01	5.971e-01
195218.50	1.248e-01	1.469e+01	1.162e+00
195219.50	1.334e-01	1.392e+01	3.955e-01
195220.50	1.363e-01	1.392e+01	-1.430e-01
195221.50	1.469e-01	1.267e+01	-7.786e-01
195222.50	9.533e-02	1.066e+01	5.568e-01
195223.50	7.373e-02	1.008e+01	1.421e+00
195224.50	7.738e-02	1.018e+01	1.056e+00
195225.50	1.258e-01	1.094e+01	-9.082e-01
195226.50	1.142e-01	9.072e+00	-1.027e+00
195227.50	7.622e-02	8.150e+00	2.122e-01
195228.50	3.053e-02	7.306e+00	1.987e+00
195229.50	3.322e-02	7.584e+00	2.122e+00
195230.50	7.315e-02	5.578e+00	-7.046e-01
195231.50	3.456e-02	7.824e+00	1.997e+00
195232.50	7.392e-02	5.424e+00	-9.533e-01
195233.50	3.322e-02	4.954e+00	6.730e-01
195234.50	4.234e-02	5.654e+00	7.190e-01
195235.50	3.552e-02	4.138e+00	3.859e-01
195236.50	4.166e-02	5.002e+00	5.434e-01
195237.50	4.080e-02	4.992e+00	5.971e-01
195238.50	2.851e-02	3.456e+00	5.270e-02
195239.50	2.573e-02	3.878e+00	5.626e-01
195240.50	5.626e-02	4.032e+00	-8.928e-01
195241.50	1.862e-02	4.032e+00	1.056e+00
195242.50	3.619e-02	4.090e+00	3.062e-01
195243.50	1.968e-02	3.360e+00	5.702e-01
195244.50	4.032e-02	3.562e+00	-1.776e-01
195245.50	1.325e-02	2.246e+00	2.573e-01
195246.50	2.237e-02	1.709e+00	-3.014e-01
195247.50	1.958e-02	2.746e+00	2.333e-01
195248.50	2.928e-02	3.312e+00	3.101e-01
195249.50	2.554e-02	2.218e+00	-2.160e-01
195250.50	2.342e-02	2.122e+00	-1.632e-01
195251.50	1.805e-02	1.901e+00	-6.240e-02
195252.50	1.603e-02	3.139e+00	9.034e-01
195253.50	4.109e-03	1.114e+00	3.629e-01
195254.50	1.642e-02	1.978e+00	1.450e-01
195255.50	1.891e-02	1.891e+00	-1.958e-01
195256.50	1.853e-02	2.016e+00	7.536e-02
195257.50	1.747e-02	2.227e+00	2.688e-01
195258.50	5.213e-03	9.523e-01	4.454e-01
195259.50	1.517e-02	8.275e-01	-1.075e-01
195260.50	1.498e-02	1.478e+00	-1.853e-01
195261.50	2.006e-02	1.651e+00	-2.371e-01
195262.50	2.966e-03	9.254e-01	2.083e-01
195263.50	-5.818e-04	7.824e-01	-7.949e-03
195264.50	1.152e-02	1.574e+00	2.045e-01
195265.50	1.574e-02	1.286e+00	-1.104e-01
195266.50	2.016e-02	1.315e+00	-1.699e-01
195267.50	-8.899e-03	7.738e-01	7.152e-01
195268.50	1.133e-02	9.984e-01	-1.027e-01
195269.50	1.421e-02	1.152e+00	-5.146e-02
195270.50	3.370e-03	8.832e-01	1.901e-01
195271.50	2.170e-02	1.094e+00	-5.184e-01
195272.50	1.421e-02	1.123e+00	-1.526e-01
195273.50	1.882e-03	9.274e-01	3.878e-01
195274.50	5.482e-03	3.178e-01	-2.189e-01
195275.50	-3.149e-03	4.032e-01	2.170e-01
195276.50	6.106e-03	7.968e-01	8.506e-02
195277.50	1.094e-02	2.784e-01	6.154e-02
195278.50	-1.315e-04	7.757e-01	2.083e-01
195279.50	8.352e-04	5.482e-01	3.869e-01
195280.50	1.267e-02	7.085e-01	-3.139e-01
195281.50	9.418e-03	1.766e-01	-6.768e-01
195282.50	-1.008e-02	2.006e-01	4.176e-01
195283.50	5.270e-03	1.190e+00	3.725e-01
195284.50	7.162e-03	5.405e-01	-7.411e-02
195285.50	3.821e-03	5.664e-01	-5.280e-02
195286.50	-8.179e-03	9.792e-02	7.498e-02
195287.50	3.053e-03	6.874e-01	3.082e-01
195288.50	1.402e-02	4.253e-01	-3.437e-01
195289.50	6.086e-03	5.722e-01	-2.515e-02
195290.50	-1.891e-03	6.182e-01	4.310e-01
195291.50	-2.448e-04	6.480e-01	2.899e-01
195292.50	-7.162e-03	2.851e-02	1.114e-01
195293.50	-1.603e-03	3.984e-01	3.168e-01
195294.50	1.238e-02	4.570e-01	-3.782e-01
195295.50	1.152e-02	4.646e-01	-4.454e-01
195296.50	1.123e-02	-1.805e-02	-2.976e-01
195297.50	4.858e-02	8.794e-01	2.746e-01
195298.50	-1.315e-02	1.450e-01	-3.514e-01
195299.50	-3.792e-02	-3.110e-04	-6.586e-02
195300.50	-9.379e-03	8.986e-02	4.032e-01
195301.50	-4.733e-03	3.466e-01	2.266e-01
195302.50	-8.890e-03	-2.266e-01	3.062e-01
195303.50	1.171e-02	1.690e-01	-2.880e-02
195304.50	1.949e-02	4.531e-01	2.045e-02
195305.50	1.651e-02	2.189e-01	-1.315e-01
195306.50	2.179e-02	3.350e-01	-5.578e-01
195307.50	1.229e-02	3.398e-01	-1.469e-01
195308.50	-2.266e-02	3.158e-01	5.491e-02
195309.50	7.997e-03	3.014e-01	-2.102e-01
195310.50	-2.918e-04	2.016e-01	5.002e-02
195311.50	1.190e-02	3.523e-01	4.704e-02
195312.50	-6.586e-03	9.494e-02	3.149e-01
195313.50	-1.075e-02	-1.267e-01	3.629e-01
195314.50	-4.128e-03	3.878e-02	2.285e-01
195315.50	-1.334e-03	9.005e-02	1.306e-01
195316.50	1.459e-03	5.856e-02	-2.323e-01
195317.50	3.418e-03	2.371e-01	-2.371e-01
195318.50	-3.370e-03	5.866e-02	1.786e-01
195319.50	9.254e-03	5.789e-01	7.469e-02
195320.50	9.082e-03	2.554e-01	-2.534e-01
195321.50	3.926e-03	-9.322e-02	-1.142e-01
195322.50	7.373e-03	2.035e-01	2.189e-01
195323.50	-1.536e-03	1.699e-01	2.026e-02
195324.50	-5.501e-03	1.142e-01	-2.688e-02
195325.50	-1.046e-02	-1.594e-01	-1.210e-01
195326.50	-3.869e-03	1.066e-01	2.093e-01
195327.50	-4.570e-03	-2.774e-01	-2.678e-02
195328.50	2.918e-03	1.699e-02	-6.499e-02
195329.50	1.181e-03	2.400e-01	1.008e-01
195330.50	5.846e-03	2.918e-01	-1.901e-01
195331.50	1.315e-03	1.901e-01	-1.142e-02
195332.50	3.619e-03	3.178e-01	6.739e-02
195333.50	5.501e-03	2.573e-01	-8.208e-02
195334.50	1.402e-03	-1.046e-01	-1.901e-01
195335.50	-3.091e-03	-1.210e-02	6.970e-02
195336.50	-4.867e-05	1.709e-01	-3.571e-02
195337.50	-5.434e-03	1.334e-01	2.045e-01
195338.50	-3.408e-04	6.518e-02	2.237e-02
195339.50	3.504e-03	2.246e-01	-7.056e-02
195340.50	-2.515e-03	1.152e-01	7.229e-02
195341.50	-3.763e-03	-7.104e-02	3.418e-03
195342.50	-3.629e-03	1.296e-01	1.853e-01
195343.50	1.584e-04	1.498e-01	-9.533e-02
195344.50	-3.994e-03	1.382e-01	6.528e-02
195345.50	3.389e-03	-6.000e-02	-1.517e-01
195346.50	-4.214e-03	-1.478e-01	1.834e-01
195347.50	6.499e-03	1.344e-01	-1.421e-03
195348.50	-2.083e-03	4.723e-02	9.792e-02
195349.50	1.747e-03	4.771e-02	-6.538e-02
195350.50	-5.587e-03	7.536e-03	2.448e-01
195351.50	5.453e-04	-4.560e-02	-1.334e-02
195352.50	8.544e-04	1.277e-01	3.312e-02
195353.50	4.963e-04	-1.680e-01	-1.488e-01
195354.50	-2.582e-03	-4.042e-02	1.354e-01
195355.50	3.158e-03	1.056e-01	-1.344e-02
195356.50	3.034e-03	1.728e-01	-8.534e-02
195357.50	-3.427e-03	2.006e-01	1.987e-01
195358.50	1.325e-03	1.440e-01	-4.464e-02
195359.50	1.997e-03	4.742e-02	-1.008e-01
195360.50	1.670e-04	-5.875e-02	-1.555e-03
195361.50	3.974e-03	1.901e-02	-4.627e-02
195362.50	2.640e-04	7.526e-02	1.315e-01
195363.50	-1.565e-03	5.366e-02	6.163e-02
195364.50	-3.878e-03	-5.597e-02	1.162e-01
195365.50	5.722e-03	1.536e-01	-1.373e-01
195366.50	-3.917e-05	2.659e-02	-2.611e-02
195367.50	8.880e-04	-7.670e-02	-3.878e-02
195368.50	-3.110e-03	6.730e-02	1.834e-01
195369.50	3.648e-03	3.677e-02	-1.978e-01
195370.50	-2.189e-04	8.496e-02	-2.006e-02
195371.50	-3.677e-03	5.693e-03	1.037e-01
195372.50	-2.304e-03	-2.045e-01	-4.282e-03
195373.50	5.309e-03	1.123e-01	-1.757e-02
195374.50	-9.581e-04	9.264e-02	1.056e-02
195375.50	1.882e-03	1.382e-01	6.826e-02
195376.50	1.382e-03	5.846e-02	-2.976e-02
195377.50	2.170e-03	-6.931e-02	-8.986e-02
195378.50	1.075e-03	1.699e-01	5.299e-02
195379.50	-3.811e-03	5.011e-02	1.824e-01
195380.50	-9.005e-03	-2.563e-01	1.459e-01
195381.50	2.909e-03	6.941e-02	6.998e-03
195382.50	3.744e-03	2.573e-01	-5.875e-02
195383.50	2.448e-03	2.928e-01	-2.275e-02
195384.50	-6.451e-03	-1.075e-01	4.445e-02
195385.50	-1.651e-03	1.440e-02	-2.026e-02
195386.50	-1.766e-03	6.394e-02	1.190e-01
195387.50	-1.286e-03	-1.373e-02	-1.181e-01
195388.50	-8.544e-04	-8.496e-02	3.638e-02
195389.50	2.438e-03	2.122e-01	-3.091e-02
195390.50	4.541e-03	-5.606e-02	-9.600e-02
195391.50	1.075e-03	1.363e-01	4.541e-02
195392.50	-5.165e-04	8.486e-03	2.995e-02
195393.50	-6.451e-03	-1.718e-01	1.277e-01
195394.50	-2.237e-03	1.267e-01	1.699e-01
195395.50	7.450e-03	1.008e-01	-2.371e-01
195396.50	-4.214e-03	3.514e-02	6.058e-02
195397.50	3.763e-03	-3.907e-02	-8.928e-02
195398.50	-1.757e-04	-1.747e-01	-2.074e-02
195399.50	-2.352e-03	1.085e-01	7.661e-02
195400.50	1.459e-03	2.400e-01	7.574e-02
195401.50	-9.984e-04	-1.824e-01	-1.747e-02
195402.50	-4.512e-03	-7.133e-02	5.712e-02
195403.50	1.584e-03	5.424e-02	-7.190e-02
195404.50	3.197e-03	8.726e-02	3.149e-02
195405.50	-1.325e-03	6.653e-03	1.229e-01
195406.50	-3.514e-03	-1.834e-01	1.123e-01
195407.50	1.642e-03	-1.584e-01	-1.296e-01
195408.50	5.376e-03	2.102e-01	-1.162e-01
195409.50	2.285e-03	1.190e-01	-3.581e-02
195410.50	-2.813e-05	-4.301e-02	-1.661e-02
195411.50	-4.406e-03	3.005e-02	2.074e-01
195412.50	-2.957e-03	-1.392e-02	9.984e-02
195413.50	-1.450e-03	-1.690e-02	-3.994e-02
195414.50	2.477e-03	-3.504e-02	-1.987e-01
195415.50	4.224e-03	2.842e-02	-3.379e-02
195416.50	-1.267e-03	-1.008e-01	3.590e-02
195417.50	-1.152e-03	-1.363e-02	-1.142e-02
195418.50	-1.718e-03	5.443e-02	5.568e-03
195419.50	1.469e-03	5.779e-02	4.531e-02
195420.50	-1.066e-03	3.648e-02	4.205e-02
195421.50	3.178e-03	2.544e-02	-1.344e-01
195422.50	1.344e-03	9.168e-02	-5.069e-02
195423.50	8.698e-04	-1.776e-02	-4.867e-02
195424.50	-1.171e-03	2.966e-02	1.046e-01
195425.50	-2.333e-03	-1.181e-01	6.451e-02
195426.50	-1.046e-03	-6.787e-02	2.035e-02
195427.50	3.475e-04	5.568e-02	-1.872e-02
195428.50	1.632e-03	4.800e-02	-6.806e-02
195429.50	9.398e-05	1.296e-02	-6.230e-02
195430.50	-3.821e-03	-4.186e-02	1.315e-01
195431.50	2.947e-04	-2.189e-02	-4.282e-02
195432.50	-4.330e-04	9.485e-02	6.643e-02
195433.50	1.891e-03	8.832e-02	3.360e-02
195434.50	-9.792e-05	-5.558e-03	-2.755e-02
195435.50	-9.792e-04	7.162e-02	4.099e-02
195436.50	-2.112e-04	-1.469e-01	-8.035e-02
195437.50	1.853e-03	-6.221e-02	-8.659e-02
195438.50	1.613e-04	-7.642e-02	-3.821e-02
195439.50	-4.118e-03	-1.469e-02	6.845e-02
195440.50	2.304e-03	8.333e-02	-1.690e-02
195441.50	-2.246e-03	-8.102e-02	-7.171e-03
195442.50	3.619e-04	-1.526e-03	-4.214e-03
195443.50	2.429e-03	1.046e-01	6.835e-03
195444.50	1.968e-02	4.454e-02	-1.267e-01
195445.50	2.534e-02	-8.179e-02	-1.603e-01
195446.50	2.381e-02	-1.594e-01	-2.035e-01
195447.50	-4.042e-02	6.173e-01	1.104e-01
195448.50	7.958e-03	-4.637e-01	1.267e-01
195449.50	-3.850e-02	-1.325e-01	2.707e-01
195450.50	1.114e-02	5.117e-02	-1.248e-01
195451.50	-3.658e-03	-3.610e-02	1.066e-01
195452.50	1.382e-03	-3.187e-02	-1.210e-02
195453.50	2.150e-03	1.440e-02	-7.133e-02
195454.50	2.381e-03	1.949e-01	-2.861e-02
195455.50	4.186e-03	9.226e-02	-1.325e-01
195456.50	-7.075e-04	2.285e-02	9.360e-02
195457.50	-2.410e-03	-3.360e-02	7.670e-02
195458.50	-2.611e-03	-2.842e-02	9.024e-02
195459.50	1.507e-03	1.690e-02	-4.771e-02
195460.50	-2.016e-03	-1.046e-01	1.930e-02
195461.50	-2.554e-03	1.114e-01	3.331e-02
195462.50	-2.266e-03	-6.384e-02	8.314e-03
195463.50	3.379e-04	-4.310e-02	-5.280e-02
195464.50	9.984e-04	7.277e-03	-5.731e-02
195465.50	2.544e-03	5.558e-02	-8.246e-02
195466.50	5.309e-04	-3.590e-02	-9.581e-03
195467.50	-4.186e-04	3.446e-02	9.466e-02
195468.50	-1.027e-03	-2.477e-02	-3.418e-02
195469.50	-2.131e-03	4.368e-02	9.533e-02
195470.50	-1.037e-03	6.960e-02	4.262e-02
195471.50	-1.930e-03	-5.683e-02	-2.966e-02
195472.50	1.411e-03	1.622e-02	-6.288e-02
195473.50	-2.170e-03	-5.578e-03	8.006e-04
195474.50	-1.613e-03	-3.398e-02	4.003e-02
195475.50	-8.957e-05	8.122e-02	-2.362e-03
195476.50	6.509e-04	3.610e-02	2.966e-02
195477.50	9.792e-04	6.288e-02	3.418e-02
195478.50	1.450e-03	-1.258e-02	9.561e-03
195479.50	9.446e-03	1.123e-01	-8.429e-02
195480.50	2.179e-03	-1.344e-03	2.045e-02
195481.50	-1.181e-02	-9.494e-02	5.789e-02
195482.50	-1.718e-03	-2.842e-02	-5.923e-04
195483.50	-1.814e-03	-6.643e-02	-3.600e-02
195484.50	-4.262e-03	4.282e-02	-6.173e-02
195485.50	-1.056e-02	-5.002e-02	6.192e-02
195486.50	-1.018e-03	9.792e-02	1.373e-01
195487.50	2.170e-03	4.877e-02	3.965e-02
195488.50	5.866e-04	-3.398e-02	-4.944e-02
195489.50	-2.227e-03	3.917e-02	8.938e-02
195490.50	8.410e-04	-7.901e-02	-6.950e-02
195491.50	-2.352e-03	-7.133e-02	1.315e-02
195492.50	-3.610e-05	-3.139e-02	4.051e-02
195493.50	2.554e-03	-8.659e-03	-7.546e-02
195494.50	5.088e-04	-2.237e-02	-5.213e-02
195495.50	-2.045e-03	-5.654e-02	3.590e-02
195496.50	1.584e-03	1.162e-01	2.218e-03
195497.50	1.382e-02	6.749e-02	-7.939e-02
195498.50	5.952e-02	1.930e-01	5.242e-02
195499.50	1.027e-02	-4.522e-02	7.843e-02
195500.50	2.150e-02	1.430e-01	3.648e-02
195501.50	-1.430e-02	1.459e-02	-8.832e-02
195502.50	-8.822e-02	-2.160e-01	-8.419e-02
195503.50	-2.333e-03	-5.626e-03	1.507e-02
195504.50	1.018e-03	-1.747e-02	-5.088e-02
195505.50	-1.334e-03	-7.670e-02	5.251e-02
195506.50	9.341e-04	9.197e-02	-4.637e-02
195507.50	-1.066e-03	1.334e-02	3.734e-02
195508.50	3.206e-03	6.202e-02	-6.154e-02
195509.50	-5.155e-04	-1.402e-02	5.280e-02
195510.50	-3.082e-03	-5.635e-02	8.419e-02
195511.50	8.458e-04	1.728e-02	5.174e-03
195512.50	2.390e-03	-1.200e-02	-2.006e-02
195513.50	6.365e-04	7.469e-03	3.763e-03
195514.50	-1.862e-04	-7.440e-02	-5.731e-02
195515.50	7.056e-04	4.310e-02	-6.326e-03
195516.50	-6.192e-04	1.939e-02	-2.534e-03
195517.50	6.662e-04	6.442e-03	2.640e-03
195518.50	3.792e-04	-6.442e-02	-8.688e-02
195519.50	-5.827e-04	1.296e-01	-7.622e-04
195520.50	6.336e-05	-3.091e-02	-1.498e-02
195521.50	-4.224e-04	7.008e-02	3.206e-02
195522.50	-2.342e-04	4.694e-03	4.157e-02
195523.50	6.394e-04	3.581e-02	-2.112e-02
195524.50	1.133e-03	-2.093e-02	-2.995e-02
195525.50	-1.824e-03	-6.403e-02	2.410e-02
195526.50	-2.861e-03	-1.613e-02	6.470e-02
195527.50	1.622e-03	-1.171e-02	-7.546e-02
195528.50	3.581e-03	4.128e-03	2.026e-02
195529.50	-1.123e-03	7.046e-02	1.834e-02
195530.50	2.515e-03	2.659e-02	-1.498e-02
195531.50	3.149e-04	4.685e-02	5.318e-02
195532.50	-1.421e-03	-7.699e-02	3.341e-02
195533.50	-5.194e-04	-6.624e-02	-4.406e-02
195534.50	1.805e-03	3.504e-02	-1.306e-01
195535.50	3.072e-03	6.211e-02	-1.872e-02
195536.50	3.331e-03	2.410e-02	-4.906e-02
195537.50	2.880e-03	-3.485e-03	-4.080e-02
195538.50	-5.808e-04	-3.139e-02	6.077e-02
195539.50	-1.248e-03	-4.224e-02	9.984e-03
195540.50	-2.112e-03	5.693e-04	5.866e-02
195541.50	4.819e-04	-1.574e-02	-6.096e-02
195542.50	-4.378e-03	-6.269e-02	6.038e-03
195543.50	-5.261e-03	7.114e-02	1.286e-01
195544.50	9.696e-04	8.458e-03	-5.270e-02
195545.50	1.382e-04	-5.280e-03	6.768e-03
195546.50	3.274e-04	9.158e-02	1.392e-02
195547.50	3.398e-03	3.360e-02	-6.403e-02
195548.50	-2.861e-03	-3.965e-02	5.501e-03
195549.50	1.728e-03	-4.397e-02	-9.350e-02
195550.50	-3.754e-03	-7.114e-02	7.834e-02
195551.50	-1.459e-03	-2.400e-02	1.152e-02
195552.50	1.786e-04	-2.170e-02	4.330e-02
195553.50	5.462e-04	3.792e-02	4.003e-03
195554.50	-1.488e-03	2.381e-02	1.997e-02
195555.50	1.680e-03	2.112e-02	2.227e-02
195556.50	3.005e-03	1.402e-02	-2.822e-02
195557.50	6.317e-03	1.200e-02	-1.344e-01
195558.50	-2.362e-03	-3.869e-02	5.011e-02
195559.50	-1.574e-03	-6.730e-03	-1.171e-02
195560.50	-4.080e-03	-3.293e-02	8.304e-02
195561.50	-1.046e-03	-4.781e-02	-7.997e-03
195562.50	-6.509e-04	-8.784e-02	-8.698e-03
195563.50	-1.171e-04	-1.507e-02	2.266e-02
195564.50	3.898e-04	1.008e-02	-5.616e-02
195565.50	-1.939e-03	-7.210e-03	3.206e-02
195566.50	-1.526e-03	-3.302e-02	1.421e-02
195567.50	-2.026e-05	1.430e-02	1.997e-02
195568.50	1.546e-04	4.243e-02	7.171e-02
195569.50	1.142e-03	1.766e-02	-3.283e-02
195570.50	-5.040e-04	-3.754e-02	-1.757e-03
195571.50	-1.133e-03	-2.534e-02	7.046e-03
195572.50	5.242e-03	5.923e-02	-5.587e-02
195573.50	2.544e-03	7.997e-02	-5.405e-02
195574.50	-2.352e-05	6.826e-02	1.363e-02
195575.50	4.080e-04	-1.210e-02	-3.043e-02
195576.50	4.253e-04	1.037e-02	-1.142e-02
195577.50	-1.190e-03	-2.419e-02	4.118e-02
195578.50	1.834e-03	7.248e-02	5.760e-02
195579.50	-3.504e-03	4.042e-03	-2.995e-02
195580.50	-1.709e-03	-4.829e-02	6.605e-02
195581.50	-1.814e-04	1.411e-02	-1.670e-03
195582.50	-1.488e-04	5.270e-03	-7.728e-02
195583.50	1.440e-03	-1.469e-02	8.496e-03
195584.50	3.168e-03	2.448e-02	-3.974e-02
195585.50	2.256e-03	7.229e-02	7.373e-02
195586.50	1.066e-04	-1.757e-02	-2.016e-02
195587.50	1.930e-03	2.045e-02	5.270e-03
195588.50	4.330e-03	5.376e-02	5.261e-02
195589.50	-2.074e-03	-5.894e-02	-2.755e-02
195590.50	-1.766e-03	-2.285e-03	2.890e-02
195591.50	-1.363e-03	-5.510e-02	-1.296e-02
195592.50	2.035e-03	-3.053e-02	-7.776e-02
195593.50	2.362e-03	1.277e-02	4.339e-02
195594.50	-2.534e-03	-5.962e-02	8.774e-03
195595.50	1.766e-03	5.357e-02	-4.867e-03
195596.50	-4.877e-04	3.398e-02	1.190e-02
195597.50	-5.856e-04	-5.770e-02	9.283e-03
195598.50	1.555e-03	2.285e-02	-6.566e-03
195599.50	-2.198e-04	1.478e-02	9.600e-03
195600.50	4.915e-04	9.600e-02	6.019e-03
195601.50	7.334e-04	9.302e-03	-2.899e-03
195602.50	-1.171e-03	-7.046e-04	1.421e-02
195603.50	-2.208e-03	-1.094e-02	5.376e-02
195604.50	5.770e-03	3.043e-02	-4.166e-02
195605.50	-1.622e-03	1.978e-03	-2.659e-02
195606.50	9.005e-04	-1.334e-02	-3.341e-02
195607.50	1.363e-03	-2.861e-02	-4.416e-02
195608.50	-6.115e-04	-1.709e-02	-5.270e-02
195609.50	2.275e-03	4.714e-02	-3.437e-02
195610.50	-1.661e-03	-1.776e-02	2.544e-02
195611.50	-3.600e-03	-3.341e-02	3.370e-02
195612.50	1.200e-03	-5.962e-03	-5.414e-03
195613.50	2.496e-03	-3.590e-02	-2.515e-02
195614.50	3.965e-03	-1.238e-02	-4.416e-02
195615.50	-1.142e-02	-4.493e-02	3.523e-02
195616.50	7.603e-03	4.896e-02	1.430e-02
195617.50	5.962e-03	5.443e-02	6.384e-02
195618.50	-1.594e-02	-1.267e-01	4.349e-02
195619.50	-2.534e-03	-1.190e-02	1.354e-02
195620.50	-3.379e-03	3.744e-03	3.926e-02
195621.50	1.008e-03	1.392e-02	-5.155e-03
195622.50	-6.394e-05	-1.238e-02	3.274e-02
195623.50	-5.011e-03	-8.035e-03	4.118e-02
195624.50	6.403e-04	3.850e-03	-1.546e-02
195625.50	8.496e-03	-3.456e-02	-6.835e-02
195626.50	4.349e-03	-1.344e-02	6.278e-03
195627.50	1.094e-03	6.211e-02	-6.048e-02
195628.50	-1.238e-03	1.142e-02	2.400e-02
195629.50	8.285e-03	4.387e-02	-1.027e-02
195630.50	2.861e-03	-1.018e-02	-2.909e-02
195631.50	-1.296e-04	-2.861e-02	-9.245e-03
195632.50	2.726e-03	3.830e-02	-5.808e-04
195633.50	6.298e-04	1.075e-02	5.779e-04
195634.50	5.520e-04	2.419e-02	-1.978e-02
195635.50	1.181e-04	3.034e-03	-1.728e-02
195636.50	-7.277e-04	3.590e-03	1.171e-02
