195038.50	0.000e+00	0.000e+00	0.000e+00
195039.50	0.000e+00	0.000e+00	0.000e+00
195040.50	0.000e+00	0.000e+00	0.000e+00
195041.50	0.000e+00	0.000e+00	0.000e+00
195042.50	0.000e+00	0.000e+00	0.000e+00
195043.50	0.000e+00	0.000e+00	0.000e+00
195044.50	0.000e+00	0.000e+00	0.000e+00
195045.50	0.000e+00	0.000e+00	0.000e+00
195046.50	0.000e+00	0.000e+00	0.000e+00
195047.50	0.000e+00	0.000e+00	0.000e+00
195048.50	0.000e+00	0.000e+00	0.000e+00
195049.50	0.000e+00	0.000e+00	0.000e+00
195050.50	0.000e+00	0.000e+00	0.000e+00
195051.50	0.000e+00	0.000e+00	0.000e+00
195052.50	0.000e+00	0.000e+00	0.000e+00
195053.50	0.000e+00	0.000e+00	0.000e+00
195054.50	0.000e+00	0.000e+00	0.000e+00
195055.50	0.000e+00	0.000e+00	0.000e+00
195056.50	0.000e+00	0.000e+00	0.000e+00
195057.50	0.000e+00	0.000e+00	0.000e+00
195058.50	0.000e+00	0.000e+00	0.000e+00
195059.50	0.000e+00	0.000e+00	0.000e+00
195060.50	0.000e+00	0.000e+00	0.000e+00
195061.50	0.000e+00	0.000e+00	0.000e+00
195062.50	0.000e+00	0.000e+00	0.000e+00
195063.50	0.000e+00	0.000e+00	0.000e+00
195064.50	0.000e+00	0.000e+00	0.000e+00
195065.50	0.000e+00	0.000e+00	0.000e+00
195066.50	0.000e+00	0.000e+00	0.000e+00
195067.50	0.000e+00	0.000e+00	0.000e+00
195068.50	0.000e+00	0.000e+00	0.000e+00
195069.50	0.000e+00	0.000e+00	0.000e+00
195070.50	0.000e+00	0.000e+00	0.000e+00
195071.50	0.000e+00	0.000e+00	0.000e+00
195072.50	0.000e+00	0.000e+00	0.000e+00
195073.50	0.000e+00	0.000e+00	0.000e+00
195074.50	0.000e+00	0.000e+00	0.000e+00
195075.50	0.000e+00	0.000e+00	0.000e+00
195076.50	0.000e+00	0.000e+00	0.000e+00
195077.50	0.000e+00	0.000e+00	0.000e+00
195078.50	0.000e+00	0.000e+00	0.000e+00
195079.50	0.000e+00	0.000e+00	0.000e+00
195080.50	0.000e+00	0.000e+00	0.000e+00
195081.50	0.000e+00	0.000e+00	0.000e+00
195082.50	0.000e+00	0.000e+00	0.000e+00
195083.50	0.000e+00	0.000e+00	0.000e+00
195084.50	0.000e+00	0.000e+00	0.000e+00
195085.50	0.000e+00	0.000e+00	0.000e+00
195086.50	0.000e+00	0.000e+00	0.000e+00
195087.50	0.000e+00	0.000e+00	0.000e+00
195088.50	0.000e+00	0.000e+00	0.000e+00
195089.50	0.000e+00	0.000e+00	0.000e+00
195090.50	0.000e+00	0.000e+00	0.000e+00
195091.50	0.000e+00	0.000e+00	0.000e+00
195092.50	0.000e+00	0.000e+00	0.000e+00
195093.50	0.000e+00	0.000e+00	0.000e+00
195094.50	0.000e+00	0.000e+00	0.000e+00
195095.50	0.000e+00	0.000e+00	0.000e+00
195096.50	0.000e+00	0.000e+00	0.000e+00
195097.50	0.000e+00	0.000e+00	0.000e+00
195098.50	0.000e+00	0.000e+00	0.000e+00
195099.50	0.000e+00	0.000e+00	0.000e+00
195100.50	0.000e+00	0.000e+00	0.000e+00
195101.50	0.000e+00	0.000e+00	0.000e+00
195102.50	0.000e+00	0.000e+00	0.000e+00
195103.50	0.000e+00	0.000e+00	0.000e+00
195104.50	0.000e+00	0.000e+00	0.000e+00
195105.50	0.000e+00	0.000e+00	0.000e+00
195106.50	0.000e+00	0.000e+00	0.000e+00
195107.50	0.000e+00	0.000e+00	0.000e+00
195108.50	0.000e+00	0.000e+00	0.000e+00
195109.50	0.000e+00	0.000e+00	0.000e+00
195110.50	0.000e+00	0.000e+00	0.000e+00
195111.50	0.000e+00	0.000e+00	0.000e+00
195112.50	0.000e+00	0.000e+00	0.000e+00
195113.50	0.000e+00	0.000e+00	0.000e+00
195114.50	0.000e+00	0.000e+00	0.000e+00
195115.50	0.000e+00	0.000e+00	0.000e+00
195116.50	0.000e+00	0.000e+00	0.000e+00
195117.50	0.000e+00	0.000e+00	0.000e+00
195118.50	0.000e+00	0.000e+00	0.000e+00
195119.50	0.000e+00	0.000e+00	0.000e+00
195120.50	0.000e+00	0.000e+00	0.000e+00
195121.50	0.000e+00	0.000e+00	0.000e+00
195122.50	0.000e+00	0.000e+00	0.000e+00
195123.50	0.000e+00	0.000e+00	0.000e+00
195124.50	0.000e+00	0.000e+00	0.000e+00
195125.50	0.000e+00	0.000e+00	0.000e+00
195126.50	0.000e+00	0.000e+00	0.000e+00
195127.50	0.000e+00	0.000e+00	0.000e+00
195128.50	0.000e+00	0.000e+00	0.000e+00
195129.50	0.000e+00	0.000e+00	0.000e+00
195130.50	0.000e+00	0.000e+00	0.000e+00
195131.50	0.000e+00	0.000e+00	0.000e+00
195132.50	0.000e+00	0.000e+00	0.000e+00
195133.50	0.000e+00	0.000e+00	0.000e+00
195134.50	0.000e+00	0.000e+00	0.000e+00
195135.50	0.000e+00	0.000e+00	0.000e+00
195136.50	0.000e+00	0.000e+00	0.000e+00
195137.50	0.000e+00	0.000e+00	0.000e+00
195138.50	0.000e+00	0.000e+00	0.000e+00
195139.50	0.000e+00	0.000e+00	0.000e+00
195140.50	0.000e+00	0.000e+00	0.000e+00
195141.50	0.000e+00	0.000e+00	0.000e+00
195142.50	0.000e+00	0.000e+00	0.000e+00
195143.50	0.000e+00	0.000e+00	0.000e+00
195144.50	0.000e+00	0.000e+00	0.000e+00
195145.50	0.000e+00	0.000e+00	0.000e+00
195146.50	0.000e+00	0.000e+00	0.000e+00
195147.50	0.000e+00	0.000e+00	0.000e+00
195148.50	0.000e+00	0.000e+00	0.000e+00
195149.50	0.000e+00	0.000e+00	0.000e+00
195150.50	0.000e+00	0.000e+00	0.000e+00
195151.50	0.000e+00	0.000e+00	0.000e+00
195152.50	0.000e+00	0.000e+00	0.000e+00
195153.50	0.000e+00	0.000e+00	0.000e+00
195154.50	0.000e+00	0.000e+00	0.000e+00
195155.50	0.000e+00	0.000e+00	0.000e+00
195156.50	0.000e+00	0.000e+00	0.000e+00
195157.50	0.000e+00	0.000e+00	0.000e+00
195158.50	0.000e+00	0.000e+00	0.000e+00
195159.50	0.000e+00	0.000e+00	0.000e+00
195160.50	0.000e+00	0.000e+00	0.000e+00
195161.50	0.000e+00	0.000e+00	0.000e+00
195162.50	0.000e+00	0.000e+00	0.000e+00
195163.50	0.000e+00	0.000e+00	0.000e+00
195164.50	0.000e+00	0.000e+00	0.000e+00
195165.50	0.000e+00	0.000e+00	0.000e+00
195166.50	0.000e+00	0.000e+00	0.000e+00
195167.50	0.000e+00	0.000e+00	0.000e+00
195168.50	0.000e+00	0.000e+00	0.000e+00
195169.50	0.000e+00	0.000e+00	0.000e+00
195170.50	0.000e+00	0.000e+00	0.000e+00
195171.50	0.000e+00	0.000e+00	0.000e+00
195172.50	0.000e+00	0.000e+00	0.000e+00
195173.50	-3.024e-07	7.507e-05	-5.462e-05
195174.50	-1.699e-06	-2.890e-04	-7.046e-05
195175.50	3.974e-06	-1.594e-06	6.365e-04
195176.50	-1.997e-05	5.107e-04	-9.888e-04
195177.50	1.632e-05	-9.216e-04	5.645e-05
195178.50	-7.478e-05	-1.642e-02	7.901e-02
195179.50	2.803e-05	3.130e-03	8.323e-03
195180.50	2.688e-04	2.189e-02	-2.218e-02
195181.50	3.024e-05	3.331e-03	-5.578e-03
195182.50	-4.483e-05	-6.019e-03	8.083e-04
195183.50	-4.752e-04	-6.154e-02	4.915e-03
195184.50	4.762e-04	5.318e-02	1.958e-03
195185.50	4.733e-05	4.378e-03	-2.246e-02
195186.50	-1.046e-04	2.890e-03	-4.166e-02
195187.50	-1.104e-03	-9.888e-02	5.069e-02
195188.50	7.440e-04	3.571e-02	3.850e-02
195189.50	1.661e-04	6.038e-02	-5.578e-02
195190.50	5.261e-04	-1.690e-01	2.083e-01
195191.50	-1.930e-02	-1.594e+00	2.947e-02
195192.50	-1.248e-01	-1.142e+01	2.006e+00
195193.50	-7.574e-01	-6.979e+01	7.872e+00
195194.50	-2.803e+00	-2.650e+02	2.074e+01
195195.50	-3.360e+00	-3.283e+02	2.170e+01
195196.50	-3.763e+00	-3.802e+02	3.322e+01
195197.50	-2.390e+00	-2.525e+02	2.198e+00
195198.50	6.912e-01	5.990e+01	-1.565e+01
195199.50	1.229e+00	1.181e+02	-1.430e+01
195200.50	1.056e+00	1.027e+02	-2.534e+00
195201.50	9.216e-01	9.072e+01	-9.696e+00
195202.50	8.150e-01	8.102e+01	-8.707e+00
195203.50	7.152e-01	7.104e+01	-6.125e+00
195204.50	5.683e-01	5.568e+01	8.419e-01
195205.50	5.520e-01	5.472e+01	-3.840e+00
195206.50	4.637e-01	4.560e+01	-8.870e-01
195207.50	4.656e-01	4.637e+01	-4.186e+00
195208.50	4.502e-01	4.349e+01	-3.283e+00
195209.50	3.648e-01	3.590e+01	-8.266e-01
195210.50	3.091e-01	3.082e+01	1.037e+00
195211.50	2.938e-01	2.995e+01	-4.618e+00
195212.50	2.842e-01	2.880e+01	-1.901e+00
195213.50	2.669e-01	2.592e+01	-1.411e+00
195214.50	2.074e-01	2.131e+01	-2.102e+00
195215.50	2.218e-01	2.208e+01	2.880e-01
195216.50	2.035e-01	2.045e+01	1.411e+00
195217.50	1.747e-01	1.814e+01	-3.274e+00
195218.50	2.064e-01	1.978e+01	-5.942e-01
195219.50	1.402e-01	1.411e+01	-1.046e+00
195220.50	1.661e-01	1.670e+01	-3.619e-01
195221.50	1.488e-01	1.440e+01	2.506e-01
195222.50	1.085e-01	1.123e+01	-1.354e+00
195223.50	1.104e-01	1.152e+01	4.061e-01
195224.50	9.696e-02	9.792e+00	-1.325e+00
195225.50	1.171e-01	1.200e+01	-8.112e-01
195226.50	1.075e-01	1.066e+01	8.477e-01
195227.50	9.043e-02	8.928e+00	1.027e+00
195228.50	1.046e-01	1.046e+01	-5.606e-01
195229.50	9.168e-02	9.600e+00	-1.142e+00
195230.50	7.939e-02	7.728e+00	-1.430e+00
195231.50	4.666e-02	6.691e+00	-2.006e-01
195232.50	8.678e-02	7.219e+00	-3.005e-01
195233.50	7.027e-02	6.758e+00	-4.982e-01
195234.50	5.750e-02	5.597e+00	1.152e+00
195235.50	5.674e-02	5.981e+00	1.066e-01
195236.50	4.426e-02	4.819e+00	-1.373e-01
195237.50	6.336e-02	5.818e+00	1.219e+00
195238.50	3.888e-02	4.109e+00	-6.691e-01
195239.50	3.878e-02	4.445e+00	-5.299e-01
195240.50	3.379e-02	3.600e+00	-7.421e-02
195241.50	3.955e-02	4.320e+00	1.690e-01
195242.50	4.992e-02	3.850e+00	6.864e-01
195243.50	4.723e-02	4.214e+00	1.229e-01
195244.50	4.426e-02	4.531e+00	-2.371e-01
195245.50	2.592e-02	3.053e+00	-1.987e-02
195246.50	2.400e-02	2.544e+00	6.125e-01
195247.50	3.888e-02	3.581e+00	8.237e-02
195248.50	2.918e-02	3.274e+00	-5.098e-01
195249.50	2.477e-02	2.880e+00	-3.082e-01
195250.50	1.613e-02	2.246e+00	-3.542e-01
195251.50	2.851e-02	3.053e+00	-6.173e-02
195252.50	2.246e-02	2.083e+00	-5.549e-01
195253.50	2.429e-02	2.429e+00	-1.037e-01
195254.50	1.411e-02	1.891e+00	-8.870e-02
195255.50	1.718e-02	1.690e+00	7.939e-01
195256.50	2.573e-02	2.698e+00	-3.322e-01
195257.50	1.930e-02	1.958e+00	-7.632e-02
195258.50	1.834e-02	2.150e+00	-8.736e-01
195259.50	2.102e-02	1.670e+00	6.048e-01
195260.50	1.978e-02	1.747e+00	6.595e-01
195261.50	-1.056e-04	5.443e-01	-4.099e-01
195262.50	1.181e-02	1.622e+00	-1.104e-01
195263.50	1.574e-02	1.507e+00	-6.922e-02
195264.50	1.248e-02	1.440e+00	-6.518e-01
195265.50	1.094e-02	1.046e+00	7.584e-01
195266.50	1.363e-02	9.696e-01	3.264e-01
195267.50	1.267e-02	1.334e+00	-3.245e-01
195268.50	1.267e-02	1.008e+00	-2.688e-01
195269.50	8.294e-03	1.123e+00	-1.718e-01
195270.50	7.037e-03	7.411e-01	-2.150e-01
195271.50	8.602e-03	1.018e+00	4.214e-02
195272.50	6.720e-03	8.851e-01	1.200e-01
195273.50	1.094e-03	-8.275e-02	-3.062e-02
195274.50	5.568e-03	6.941e-01	9.101e-02
195275.50	1.459e-02	1.402e+00	1.411e-01
195276.50	1.555e-02	1.536e+00	-1.133e-01
195277.50	7.574e-03	9.120e-01	-6.442e-01
195278.50	3.850e-03	5.626e-01	6.173e-02
195279.50	4.848e-03	5.174e-01	-2.035e-01
195280.50	4.781e-03	4.915e-01	1.949e-02
195281.50	1.286e-03	4.051e-01	3.437e-01
195282.50	9.984e-03	8.678e-01	-4.790e-02
195283.50	3.149e-03	3.302e-01	6.710e-03
195284.50	1.814e-03	5.779e-01	3.082e-02
195285.50	6.461e-03	5.731e-01	-1.152e-01
195286.50	1.728e-03	4.406e-01	-2.227e-01
195287.50	6.086e-03	6.835e-01	-6.278e-03
195288.50	5.491e-03	5.376e-01	5.021e-01
195289.50	6.346e-05	-7.325e-03	1.104e-01
195290.50	3.110e-03	3.581e-01	-6.739e-02
195291.50	8.554e-03	7.248e-01	-3.302e-01
195292.50	2.150e-03	2.602e-01	-3.706e-01
195293.50	7.142e-03	8.275e-01	1.277e-01
195294.50	-3.504e-03	3.293e-01	4.800e-02
195295.50	3.821e-03	3.456e-01	-5.443e-02
195296.50	1.315e-03	3.283e-01	-2.602e-01
195297.50	5.126e-03	3.187e-01	-1.786e-01
195298.50	4.224e-03	3.331e-01	-1.267e-01
195299.50	4.800e-03	6.269e-01	-1.382e-01
195300.50	8.170e-03	5.875e-01	-1.008e-01
195301.50	3.302e-03	2.016e-01	4.157e-02
195302.50	-1.382e-03	-6.250e-02	-1.171e-02
195303.50	1.104e-02	3.667e-01	2.150e-01
195304.50	1.498e-03	1.632e-01	1.526e-01
195305.50	1.699e-03	3.648e-01	5.501e-02
195306.50	1.104e-03	2.899e-01	1.325e-01
195307.50	-3.782e-03	-1.094e-01	-1.824e-01
195308.50	-3.216e-03	-2.237e-02	-1.651e-01
195309.50	1.094e-03	3.725e-01	9.888e-02
195310.50	2.323e-03	3.533e-01	-1.200e-02
195311.50	1.834e-03	1.958e-01	-2.093e-01
195312.50	-1.661e-03	-1.536e-02	1.670e-02
195313.50	2.880e-03	1.392e-01	-1.661e-01
195314.50	-3.811e-03	1.162e-01	6.240e-02
195315.50	1.939e-03	4.646e-01	-3.043e-02
195316.50	-5.904e-04	-5.107e-02	-3.686e-01
195317.50	-2.563e-03	-1.344e-02	1.046e-01
195318.50	9.101e-03	4.205e-01	4.234e-01
195319.50	3.984e-03	3.811e-01	-4.656e-02
195320.50	2.842e-03	-1.162e-02	2.141e-02
195321.50	4.013e-03	2.544e-01	-8.755e-05
195322.50	-1.027e-03	6.710e-02	-1.488e-01
195323.50	1.229e-04	-2.822e-03	4.166e-01
195324.50	9.494e-04	1.498e-01	-3.091e-01
195325.50	3.888e-03	3.427e-01	3.840e-03
195326.50	-4.426e-03	-2.611e-01	7.104e-02
195327.50	-1.872e-03	-6.355e-02	3.638e-01
195328.50	5.683e-03	2.189e-01	-1.229e-01
195329.50	5.597e-03	1.642e-01	3.571e-01
195330.50	-9.571e-05	1.622e-01	-1.354e-01
195331.50	-1.843e-03	7.123e-02	-3.187e-01
195332.50	-2.045e-03	-4.349e-02	-8.275e-02
195333.50	4.042e-03	1.536e-01	2.074e-01
195334.50	5.818e-03	2.803e-01	1.603e-02
195335.50	-8.563e-04	1.843e-01	-2.390e-01
195336.50	4.099e-03	3.024e-01	2.323e-01
195337.50	4.138e-04	6.835e-02	3.139e-02
195338.50	1.891e-03	1.853e-01	-1.373e-02
195339.50	2.294e-03	1.114e-01	1.997e-02
195340.50	-3.773e-03	-1.296e-01	1.296e-02
195341.50	1.114e-03	1.123e-01	1.939e-01
195342.50	8.726e-04	1.517e-01	1.056e-01
195343.50	1.546e-04	1.546e-01	-1.008e-01
195344.50	-1.786e-03	-1.075e-01	-1.603e-01
195345.50	-4.224e-04	7.229e-02	2.064e-01
195346.50	-1.555e-03	2.851e-02	-9.062e-02
195347.50	1.046e-03	8.026e-02	-1.171e-01
195348.50	-1.094e-03	5.194e-02	-3.216e-01
195349.50	-5.760e-03	-2.851e-01	-1.958e-02
195350.50	-9.696e-04	2.496e-01	-4.061e-02
195351.50	-2.438e-03	-1.910e-01	-4.992e-02
195352.50	2.707e-04	1.690e-01	-6.211e-02
195353.50	1.142e-03	3.350e-02	9.984e-02
195354.50	-5.088e-04	-1.123e-01	-2.016e-02
195355.50	-1.872e-03	-2.026e-01	-1.162e-01
195356.50	1.430e-03	2.707e-01	-2.179e-01
195357.50	1.517e-03	2.707e-01	1.382e-01
195358.50	3.494e-03	2.650e-03	8.170e-02
195359.50	9.283e-04	1.795e-01	-1.085e-01
195360.50	-1.565e-04	-4.618e-02	5.299e-04
195361.50	2.045e-03	7.738e-02	5.654e-03
195362.50	-6.672e-04	1.171e-01	-2.102e-01
195363.50	-3.101e-04	1.382e-01	-2.246e-02
195364.50	1.709e-03	8.736e-02	8.179e-02
195365.50	2.141e-03	1.382e-01	2.525e-01
195366.50	2.275e-03	4.214e-02	1.882e-01
195367.50	3.245e-03	2.112e-01	-1.354e-01
195368.50	-3.139e-03	3.389e-02	-1.920e-01
195369.50	-2.899e-03	-1.296e-01	-6.662e-02
195370.50	-1.478e-03	-7.594e-02	1.574e-01
195371.50	5.702e-03	2.227e-01	6.230e-04
195372.50	-2.342e-03	-1.219e-01	-4.819e-02
195373.50	-5.040e-03	1.651e-01	2.045e-01
195374.50	3.408e-03	1.968e-01	1.094e-01
195375.50	8.880e-04	-1.632e-01	3.331e-01
195376.50	1.402e-03	-1.824e-02	2.822e-02
195377.50	3.120e-04	2.102e-01	-1.565e-01
195378.50	-1.229e-03	-1.469e-02	-4.262e-02
195379.50	-5.098e-04	1.690e-01	1.229e-03
195380.50	-4.742e-03	-2.352e-01	-7.018e-02
195381.50	2.429e-03	5.894e-02	-1.450e-02
195382.50	-1.488e-03	-1.565e-01	1.296e-01
195383.50	-1.075e-03	1.498e-02	2.429e-02
195384.50	4.118e-03	4.330e-02	-7.718e-02
195385.50	3.734e-04	3.254e-02	-1.382e-01
195386.50	-2.534e-03	1.325e-01	-2.957e-02
195387.50	-4.704e-04	7.882e-02	8.227e-02
195388.50	1.670e-03	1.344e-01	6.106e-02
195389.50	-8.333e-04	-1.248e-02	1.382e-01
195390.50	-6.077e-04	-1.056e-01	1.709e-01
195391.50	2.458e-03	-2.150e-03	-1.517e-01
195392.50	-7.728e-03	7.440e-02	5.904e-02
195393.50	-2.938e-03	8.160e-02	9.034e-02
195394.50	4.790e-03	6.538e-02	3.360e-02
195395.50	1.210e-03	7.978e-02	-7.277e-02
195396.50	-1.334e-04	-2.400e-02	9.072e-03
195397.50	-2.870e-03	-1.114e-01	7.958e-02
195398.50	1.843e-03	9.312e-02	-1.219e-01
195399.50	7.680e-04	1.037e-01	-2.371e-02
195400.50	2.851e-03	9.696e-02	1.718e-01
195401.50	-4.637e-03	-1.296e-01	3.370e-02
195402.50	-6.691e-04	-4.982e-02	7.104e-02
195403.50	9.984e-04	3.696e-02	2.544e-02
195404.50	2.294e-03	6.634e-02	-1.632e-01
195405.50	3.062e-03	1.094e-01	-1.104e-03
195406.50	5.309e-05	3.168e-02	-5.002e-02
195407.50	9.696e-04	-5.587e-02	9.792e-02
195408.50	-3.379e-04	-9.245e-02	-1.085e-01
195409.50	2.227e-04	8.218e-02	-1.354e-01
195410.50	-2.141e-03	2.986e-02	4.714e-03
195411.50	-1.392e-04	3.917e-02	1.910e-02
195412.50	4.675e-04	-4.022e-02	5.155e-02
195413.50	1.526e-03	6.701e-02	8.640e-02
195414.50	1.891e-03	4.445e-03	-9.600e-02
195415.50	6.374e-03	2.928e-02	-7.776e-02
195416.50	-1.862e-03	-9.696e-02	-7.958e-02
195417.50	-2.746e-03	-7.968e-02	1.056e-02
195418.50	-2.237e-03	-8.256e-02	4.944e-03
195419.50	-2.458e-03	-5.741e-02	-6.806e-02
195420.50	2.726e-03	1.325e-01	3.888e-02
195421.50	-2.131e-03	-4.310e-02	-2.131e-02
195422.50	-4.694e-04	-4.685e-02	1.104e-01
195423.50	8.131e-04	3.139e-02	4.310e-02
195424.50	3.264e-03	4.925e-02	-1.795e-01
195425.50	2.717e-03	1.622e-01	1.872e-02
195426.50	-3.283e-04	2.861e-03	1.152e-01
195427.50	-4.435e-03	-6.970e-02	1.382e-01
195428.50	-1.104e-03	-1.546e-01	1.910e-02
195429.50	8.323e-04	7.421e-02	-5.971e-03
195430.50	2.822e-03	1.613e-01	1.430e-01
195431.50	-4.195e-03	-1.718e-01	-6.298e-02
195432.50	-1.488e-03	3.389e-02	-1.315e-01
195433.50	3.168e-04	3.552e-02	-1.133e-01
195434.50	-1.901e-03	-2.496e-02	-1.162e-01
195435.50	-8.880e-04	1.690e-03	-1.488e-02
195436.50	1.469e-03	8.198e-02	-2.342e-02
195437.50	2.227e-03	1.037e-01	-2.102e-03
195438.50	-5.251e-04	-3.792e-02	7.104e-02
195439.50	3.427e-04	5.674e-02	-1.440e-02
195440.50	-5.395e-04	-1.085e-02	-5.597e-02
195441.50	5.616e-03	6.336e-02	9.504e-02
195442.50	5.059e-03	1.248e-02	7.882e-02
195443.50	1.622e-03	-1.498e-02	-3.120e-02
195444.50	6.221e-04	5.722e-02	7.603e-03
195445.50	2.602e-03	-4.013e-04	1.622e-03
195446.50	4.944e-03	1.498e-01	-1.085e-01
195447.50	-8.458e-03	-1.142e-02	-2.266e-02
195448.50	-6.442e-04	-1.853e-02	-3.379e-03
195449.50	3.331e-04	-3.706e-02	5.798e-02
195450.50	-4.253e-03	-8.822e-02	-4.483e-02
195451.50	2.928e-03	-1.171e-01	4.685e-02
195452.50	1.066e-03	-8.035e-02	-7.104e-04
195453.50	-1.814e-04	3.120e-02	1.536e-02
195454.50	4.032e-04	1.334e-01	-5.050e-02
195455.50	-1.027e-03	1.766e-02	-1.018e-01
195456.50	1.642e-03	-5.261e-02	-1.824e-02
195457.50	-1.046e-03	-4.819e-02	-1.997e-02
195458.50	-1.190e-04	4.896e-02	-9.984e-03
195459.50	-3.149e-03	-4.176e-02	2.851e-02
195460.50	-3.504e-03	-7.968e-02	-1.382e-02
195461.50	-4.992e-03	-4.925e-02	5.798e-02
195462.50	-3.072e-04	3.466e-02	-1.267e-04
195463.50	-1.603e-03	-3.504e-02	1.882e-02
195464.50	8.794e-03	3.984e-02	3.946e-02
195465.50	2.189e-03	7.306e-02	6.106e-02
195466.50	5.338e-03	9.792e-03	-4.272e-02
195467.50	3.360e-04	1.594e-02	-9.792e-02
195468.50	-2.621e-03	-2.650e-02	3.523e-02
195469.50	3.965e-03	-4.646e-02	7.219e-02
195470.50	-1.181e-02	-4.070e-02	-1.363e-01
195471.50	1.018e-04	-5.741e-02	-5.078e-02
195472.50	1.142e-02	4.320e-02	7.949e-02
195473.50	-3.648e-04	1.046e-01	-6.845e-02
195474.50	-5.318e-03	4.762e-02	3.446e-04
195475.50	4.128e-04	3.264e-02	1.469e-02
195476.50	-4.090e-03	1.891e-02	-5.587e-03
195477.50	-5.174e-03	-5.002e-02	-4.426e-02
195478.50	-2.266e-03	-9.264e-02	4.589e-02
195479.50	-8.592e-04	3.149e-02	5.213e-02
195480.50	1.498e-02	1.949e-01	2.592e-02
195481.50	-8.621e-04	-1.286e-02	-4.426e-02
195482.50	-1.565e-04	2.227e-02	4.934e-03
195483.50	-1.286e-03	2.765e-03	4.781e-02
195484.50	4.474e-04	4.704e-02	7.229e-02
195485.50	3.638e-03	8.467e-02	-5.856e-02
195486.50	3.619e-03	-3.293e-02	6.566e-03
195487.50	-1.056e-03	-4.272e-02	-1.133e-01
195488.50	1.478e-03	-9.101e-03	5.837e-02
195489.50	3.782e-03	1.440e-02	-3.811e-02
195490.50	3.283e-03	9.139e-02	7.786e-02
195491.50	-8.899e-04	-1.488e-02	-8.602e-02
195492.50	2.506e-04	4.301e-02	9.149e-03
195493.50	-2.458e-04	-2.669e-02	1.968e-02
195494.50	1.392e-03	3.859e-02	-5.597e-02
195495.50	1.008e-03	7.344e-02	-9.187e-02
195496.50	-2.611e-03	-1.258e-01	7.805e-02
195497.50	2.621e-03	-5.520e-02	3.264e-02
195498.50	2.755e-03	1.075e-01	4.877e-02
195499.50	5.242e-04	9.120e-02	3.946e-02
195500.50	-8.035e-04	-6.778e-03	-9.792e-02
195501.50	-4.454e-03	-5.798e-03	-3.283e-03
195502.50	2.717e-04	3.840e-02	-6.134e-02
195503.50	1.622e-04	-3.245e-02	-1.382e-02
195504.50	1.488e-03	-4.445e-02	6.365e-02
195505.50	1.354e-04	-3.024e-02	7.670e-02
195506.50	-1.037e-03	-3.350e-03	-2.371e-02
195507.50	-9.600e-04	-8.266e-02	4.205e-02
195508.50	1.776e-03	-1.805e-02	6.595e-02
195509.50	1.162e-03	7.891e-02	-4.080e-02
195510.50	-2.160e-03	-3.005e-02	-4.051e-02
195511.50	1.267e-03	4.973e-02	3.283e-02
195512.50	2.333e-03	4.819e-02	1.363e-02
195513.50	-6.115e-04	2.678e-02	-8.160e-02
195514.50	-7.210e-04	1.478e-02	-5.645e-02
195515.50	2.333e-03	-4.147e-02	4.541e-02
195516.50	-3.283e-03	-1.862e-02	-8.515e-02
195517.50	-1.037e-03	-1.651e-02	5.194e-02
195518.50	4.262e-04	1.757e-02	-3.802e-02
195519.50	-2.208e-03	1.757e-02	-1.459e-01
195520.50	-1.411e-03	7.949e-02	-5.184e-02
195521.50	-2.266e-03	-1.565e-02	1.258e-01
195522.50	-8.947e-04	-1.085e-02	1.152e-02
195523.50	-4.973e-04	1.718e-02	-4.435e-02
195524.50	2.995e-04	-4.656e-02	-2.909e-02
195525.50	1.162e-03	-6.557e-02	4.915e-02
195526.50	1.334e-03	-5.011e-05	1.142e-01
195527.50	-6.211e-04	7.142e-02	-1.402e-03
195528.50	-3.283e-04	5.578e-02	1.181e-02
195529.50	-6.259e-04	-3.734e-02	-1.718e-03
195530.50	1.421e-03	5.030e-02	-5.002e-02
195531.50	-1.440e-03	-1.325e-01	2.275e-02
195532.50	8.342e-04	-1.075e-01	1.363e-02
195533.50	-4.896e-04	-4.483e-02	-6.288e-03
195534.50	5.030e-05	6.442e-02	-5.654e-02
195535.50	7.642e-04	6.768e-02	-3.629e-02
195536.50	-2.160e-03	-3.245e-02	4.954e-04
195537.50	-1.027e-03	7.478e-03	-4.474e-02
195538.50	-3.677e-03	-6.355e-02	1.018e-02
195539.50	1.152e-03	1.066e-01	3.197e-02
195540.50	-9.600e-04	-1.632e-01	5.030e-02
195541.50	7.354e-04	2.246e-03	3.494e-02
195542.50	4.061e-04	5.818e-03	-4.205e-03
195543.50	-2.362e-04	1.882e-02	1.536e-02
195544.50	-3.341e-04	9.206e-03	-3.494e-02
195545.50	-1.690e-03	-9.552e-02	-4.474e-02
195546.50	-7.891e-04	5.866e-02	1.056e-01
195547.50	2.314e-02	5.539e-02	1.123e-01
195548.50	-9.792e-03	1.498e-01	-1.488e-01
195549.50	-1.574e-02	-3.456e-02	-1.075e-01
195550.50	-6.058e-03	-6.893e-03	-1.046e-01
195551.50	1.834e-03	-1.104e-02	6.173e-03
195552.50	-2.064e-03	-2.170e-02	9.888e-02
195553.50	-5.798e-04	-2.189e-02	3.389e-02
195554.50	3.725e-03	3.446e-03	7.565e-02
195555.50	-4.397e-03	-4.666e-02	9.600e-02
195556.50	9.552e-03	5.405e-02	1.354e-03
195557.50	-1.056e-04	2.294e-02	-1.613e-02
195558.50	2.678e-04	2.429e-02	-1.584e-02
195559.50	1.363e-04	5.011e-02	1.056e-03
195560.50	1.718e-04	-1.440e-02	2.611e-02
195561.50	-6.538e-04	-4.406e-02	-7.238e-02
195562.50	-4.080e-04	1.834e-02	6.317e-02
195563.50	-1.555e-03	-4.234e-02	5.875e-02
195564.50	-3.130e-04	2.256e-02	-4.790e-03
195565.50	3.101e-04	3.245e-02	-1.824e-02
195566.50	-5.520e-04	-1.027e-02	-1.776e-02
195567.50	3.619e-04	2.064e-03	-4.291e-02
195568.50	1.142e-03	-1.018e-02	4.080e-02
195569.50	-8.611e-04	-4.310e-02	-4.838e-02
195570.50	6.470e-04	1.584e-02	-5.952e-02
195571.50	2.899e-04	-2.602e-02	3.686e-03
195572.50	1.440e-04	-1.718e-02	5.818e-02
195573.50	1.507e-03	-2.314e-02	7.574e-02
195574.50	3.994e-03	-4.262e-02	3.082e-02
195575.50	2.074e-04	1.440e-02	-4.330e-02
195576.50	-9.542e-04	-3.341e-02	-2.045e-02
195577.50	-4.022e-05	-3.466e-03	3.418e-02
195578.50	-7.968e-04	-1.421e-02	-4.358e-02
195579.50	-1.920e-03	4.262e-03	-1.651e-02
195580.50	2.189e-04	2.851e-02	-8.266e-03
195581.50	1.651e-03	3.667e-02	4.829e-02
195582.50	6.048e-04	6.067e-03	1.747e-02
195583.50	-3.274e-04	6.134e-02	-2.083e-02
195584.50	-1.834e-03	4.387e-02	3.658e-03
195585.50	4.618e-04	1.392e-02	3.792e-02
195586.50	-1.018e-03	4.541e-02	6.461e-03
195587.50	-2.995e-04	3.283e-04	-1.642e-02
195588.50	2.602e-04	-1.152e-03	-3.110e-02
195589.50	3.485e-04	-1.776e-02	-4.138e-02
195590.50	1.354e-03	-1.219e-02	-1.498e-02
195591.50	6.115e-03	1.056e-02	1.939e-02
195592.50	2.064e-02	-4.982e-02	6.998e-02
195593.50	1.402e-04	1.872e-03	-4.282e-03
195594.50	-5.030e-04	9.561e-03	5.923e-02
195595.50	-5.232e-04	-1.459e-02	-6.518e-02
195596.50	1.200e-03	-2.544e-02	-5.328e-02
195597.50	-4.944e-04	2.438e-02	-2.054e-02
195598.50	2.448e-04	1.766e-02	1.603e-02
195599.50	-1.066e-04	-3.053e-02	-5.568e-02
195600.50	1.066e-03	3.485e-02	4.723e-02
195601.50	1.325e-03	-3.110e-02	3.322e-02
195602.50	-1.315e-03	-2.496e-02	4.224e-02
195603.50	-6.758e-03	-4.454e-02	-5.549e-02
195604.50	1.555e-04	-1.056e-02	1.334e-02
195605.50	1.402e-03	-1.334e-02	2.112e-03
195606.50	7.891e-04	1.200e-02	3.754e-02
195607.50	-2.323e-05	-1.862e-02	3.600e-03
195608.50	-4.032e-03	-3.514e-02	1.949e-03
195609.50	-3.091e-03	1.642e-02	1.219e-02
195610.50	-8.429e-04	-6.010e-02	4.973e-02
195611.50	-1.046e-02	-1.690e-02	-6.230e-03
195612.50	-1.603e-02	-2.659e-02	-5.702e-02
195613.50	4.214e-04	-1.699e-02	7.382e-02
195614.50	-3.926e-04	-1.728e-02	-3.312e-03
195615.50	2.045e-04	7.526e-02	-4.646e-03
195616.50	5.261e-07	4.070e-02	-8.131e-05
195617.50	-1.286e-03	-2.976e-02	4.099e-02
195618.50	2.573e-02	3.917e-02	6.874e-02
195619.50	7.930e-03	1.555e-02	-1.997e-02
195620.50	-1.267e-02	-6.259e-02	6.134e-02
195621.50	-9.984e-03	-3.533e-02	-1.373e-01
195622.50	-1.248e-02	-2.208e-02	-4.291e-02
195623.50	1.286e-03	1.210e-02	9.600e-03
195624.50	5.808e-04	2.870e-02	-2.170e-02
195625.50	-6.288e-04	4.406e-02	-1.603e-03
195626.50	-5.366e-04	-3.811e-03	-4.022e-03
195627.50	-9.475e-04	-3.427e-02	-2.669e-02
195628.50	-1.190e-03	-6.134e-02	-5.885e-03
195629.50	2.256e-04	3.264e-02	3.475e-03
195630.50	-2.006e-04	2.851e-02	-8.938e-04
195631.50	-6.413e-04	-1.066e-02	-6.250e-02
195632.50	-3.590e-04	-6.970e-03	-2.170e-02
195633.50	-3.264e-04	-1.075e-03	-9.888e-03
195634.50	5.136e-04	1.248e-02	1.133e-02
195635.50	8.621e-04	-1.171e-02	2.102e-02
195636.50	-8.832e-04	-3.216e-02	3.072e-02
