195038.50	0.000e+00	0.000e+00	0.000e+00
195039.50	0.000e+00	0.000e+00	0.000e+00
195040.50	0.000e+00	0.000e+00	0.000e+00
195041.50	0.000e+00	0.000e+00	0.000e+00
195042.50	0.000e+00	0.000e+00	0.000e+00
195043.50	0.000e+00	0.000e+00	0.000e+00
195044.50	0.000e+00	0.000e+00	0.000e+00
195045.50	0.000e+00	0.000e+00	0.000e+00
195046.50	0.000e+00	0.000e+00	0.000e+00
195047.50	0.000e+00	0.000e+00	0.000e+00
195048.50	0.000e+00	0.000e+00	0.000e+00
195049.50	0.000e+00	0.000e+00	0.000e+00
195050.50	0.000e+00	0.000e+00	0.000e+00
195051.50	0.000e+00	0.000e+00	0.000e+00
195052.50	0.000e+00	0.000e+00	0.000e+00
195053.50	0.000e+00	0.000e+00	0.000e+00
195054.50	0.000e+00	0.000e+00	0.000e+00
195055.50	0.000e+00	0.000e+00	0.000e+00
195056.50	0.000e+00	0.000e+00	0.000e+00
195057.50	0.000e+00	0.000e+00	0.000e+00
195058.50	0.000e+00	0.000e+00	0.000e+00
195059.50	0.000e+00	0.000e+00	0.000e+00
195060.50	0.000e+00	0.000e+00	0.000e+00
195061.50	0.000e+00	0.000e+00	0.000e+00
195062.50	0.000e+00	0.000e+00	0.000e+00
195063.50	0.000e+00	0.000e+00	0.000e+00
195064.50	0.000e+00	0.000e+00	0.000e+00
195065.50	0.000e+00	0.000e+00	0.000e+00
195066.50	0.000e+00	0.000e+00	0.000e+00
195067.50	0.000e+00	0.000e+00	0.000e+00
195068.50	0.000e+00	0.000e+00	0.000e+00
195069.50	0.000e+00	0.000e+00	0.000e+00
195070.50	0.000e+00	0.000e+00	0.000e+00
195071.50	0.000e+00	0.000e+00	0.000e+00
195072.50	0.000e+00	0.000e+00	0.000e+00
195073.50	0.000e+00	0.000e+00	0.000e+00
195074.50	0.000e+00	0.000e+00	0.000e+00
195075.50	0.000e+00	0.000e+00	0.000e+00
195076.50	0.000e+00	0.000e+00	0.000e+00
195077.50	0.000e+00	0.000e+00	0.000e+00
195078.50	0.000e+00	0.000e+00	0.000e+00
195079.50	0.000e+00	0.000e+00	0.000e+00
195080.50	0.000e+00	0.000e+00	0.000e+00
195081.50	0.000e+00	0.000e+00	0.000e+00
195082.50	0.000e+00	0.000e+00	0.000e+00
195083.50	0.000e+00	0.000e+00	0.000e+00
195084.50	0.000e+00	0.000e+00	0.000e+00
195085.50	0.000e+00	0.000e+00	0.000e+00
195086.50	0.000e+00	0.000e+00	0.000e+00
195087.50	0.000e+00	0.000e+00	0.000e+00
195088.50	0.000e+00	0.000e+00	0.000e+00
195089.50	0.000e+00	0.000e+00	0.000e+00
195090.50	0.000e+00	0.000e+00	0.000e+00
195091.50	0.000e+00	0.000e+00	0.000e+00
195092.50	0.000e+00	0.000e+00	0.000e+00
195093.50	0.000e+00	0.000e+00	0.000e+00
195094.50	0.000e+00	0.000e+00	0.000e+00
195095.50	0.000e+00	0.000e+00	0.000e+00
195096.50	0.000e+00	0.000e+00	0.000e+00
195097.50	0.000e+00	0.000e+00	0.000e+00
195098.50	0.000e+00	0.000e+00	0.000e+00
195099.50	0.000e+00	0.000e+00	0.000e+00
195100.50	0.000e+00	0.000e+00	0.000e+00
195101.50	0.000e+00	0.000e+00	0.000e+00
195102.50	0.000e+00	0.000e+00	0.000e+00
195103.50	0.000e+00	0.000e+00	0.000e+00
195104.50	0.000e+00	0.000e+00	0.000e+00
195105.50	0.000e+00	0.000e+00	0.000e+00
195106.50	0.000e+00	0.000e+00	0.000e+00
195107.50	0.000e+00	0.000e+00	0.000e+00
195108.50	0.000e+00	0.000e+00	0.000e+00
195109.50	0.000e+00	0.000e+00	0.000e+00
195110.50	0.000e+00	0.000e+00	0.000e+00
195111.50	0.000e+00	0.000e+00	0.000e+00
195112.50	0.000e+00	0.000e+00	0.000e+00
195113.50	0.000e+00	0.000e+00	0.000e+00
195114.50	0.000e+00	0.000e+00	0.000e+00
195115.50	0.000e+00	0.000e+00	0.000e+00
195116.50	0.000e+00	0.000e+00	0.000e+00
195117.50	0.000e+00	0.000e+00	0.000e+00
195118.50	0.000e+00	0.000e+00	0.000e+00
195119.50	0.000e+00	0.000e+00	0.000e+00
195120.50	0.000e+00	0.000e+00	0.000e+00
195121.50	0.000e+00	0.000e+00	0.000e+00
195122.50	0.000e+00	0.000e+00	0.000e+00
195123.50	0.000e+00	0.000e+00	0.000e+00
195124.50	0.000e+00	0.000e+00	0.000e+00
195125.50	0.000e+00	0.000e+00	0.000e+00
195126.50	0.000e+00	0.000e+00	0.000e+00
195127.50	0.000e+00	0.000e+00	0.000e+00
195128.50	0.000e+00	0.000e+00	0.000e+00
195129.50	0.000e+00	0.000e+00	0.000e+00
195130.50	0.000e+00	0.000e+00	0.000e+00
195131.50	0.000e+00	0.000e+00	0.000e+00
195132.50	0.000e+00	0.000e+00	0.000e+00
195133.50	0.000e+00	0.000e+00	0.000e+00
195134.50	0.000e+00	0.000e+00	0.000e+00
195135.50	0.000e+00	0.000e+00	0.000e+00
195136.50	0.000e+00	0.000e+00	0.000e+00
195137.50	0.000e+00	0.000e+00	0.000e+00
195138.50	0.000e+00	0.000e+00	0.000e+00
195139.50	0.000e+00	0.000e+00	0.000e+00
195140.50	0.000e+00	0.000e+00	0.000e+00
195141.50	0.000e+00	0.000e+00	0.000e+00
195142.50	0.000e+00	0.000e+00	0.000e+00
195143.50	0.000e+00	0.000e+00	0.000e+00
195144.50	0.000e+00	0.000e+00	0.000e+00
195145.50	0.000e+00	0.000e+00	0.000e+00
195146.50	0.000e+00	0.000e+00	0.000e+00
195147.50	0.000e+00	0.000e+00	0.000e+00
195148.50	0.000e+00	0.000e+00	0.000e+00
195149.50	0.000e+00	0.000e+00	0.000e+00
195150.50	0.000e+00	0.000e+00	0.000e+00
195151.50	0.000e+00	0.000e+00	0.000e+00
195152.50	0.000e+00	0.000e+00	0.000e+00
195153.50	0.000e+00	0.000e+00	0.000e+00
195154.50	0.000e+00	0.000e+00	0.000e+00
195155.50	0.000e+00	0.000e+00	0.000e+00
195156.50	0.000e+00	0.000e+00	0.000e+00
195157.50	0.000e+00	0.000e+00	0.000e+00
195158.50	0.000e+00	0.000e+00	0.000e+00
195159.50	0.000e+00	0.000e+00	0.000e+00
195160.50	0.000e+00	0.000e+00	0.000e+00
195161.50	0.000e+00	0.000e+00	0.000e+00
195162.50	0.000e+00	0.000e+00	0.000e+00
195163.50	0.000e+00	0.000e+00	0.000e+00
195164.50	0.000e+00	0.000e+00	0.000e+00
195165.50	0.000e+00	0.000e+00	0.000e+00
195166.50	-3.638e-07	4.003e-05	-3.427e-07
195167.50	-1.142e-05	4.906e-04	2.890e-04
195168.50	1.008e-05	-4.512e-04	-4.598e-04
195169.50	4.886e-06	-2.102e-04	-2.304e-04
195170.50	-5.184e-05	7.037e-04	1.584e-03
195171.50	6.586e-05	-1.699e-03	-3.830e-03
195172.50	3.206e-05	2.832e-03	-1.728e-03
195173.50	-4.522e-05	1.776e-03	1.757e-03
195174.50	-1.920e-04	-1.296e-02	-5.491e-03
195175.50	2.458e-03	8.083e-02	8.496e-02
195176.50	1.661e-03	-1.056e-02	5.414e-02
195177.50	-5.482e-03	2.266e-02	-2.083e-01
195178.50	-1.114e-03	-3.014e-02	-3.264e-02
195179.50	-1.603e-03	-3.197e-02	-4.781e-02
195180.50	2.573e-03	-8.688e-02	8.237e-02
195181.50	-1.123e-03	1.248e-01	-6.538e-02
195182.50	3.034e-04	2.784e-02	1.546e-02
195183.50	1.613e-03	1.939e-02	6.298e-02
195184.50	-1.718e-04	2.851e-03	4.435e-03
195185.50	3.600e-05	1.325e-03	-9.561e-03
195186.50	1.267e-03	2.179e-02	4.608e-02
195187.50	7.114e-05	-2.832e-03	6.778e-04
195188.50	5.386e-04	3.274e-02	-7.642e-03
195189.50	7.747e-04	-5.635e-02	-3.437e-02
195190.50	7.795e-05	6.365e-03	1.507e-02
195191.50	9.494e-03	-8.246e-01	4.579e-02
195192.50	1.507e-01	-1.248e+01	1.555e+00
195193.50	9.206e-01	-8.102e+01	4.099e+00
195194.50	3.235e+00	-2.966e+02	6.317e+00
195195.50	3.898e+00	-3.619e+02	3.187e+01
195196.50	4.301e+00	-4.176e+02	2.381e+01
195197.50	2.832e+00	-2.822e+02	2.074e+01
195198.50	-7.373e-01	6.902e+01	-3.821e+00
195199.50	-1.382e+00	1.354e+02	-2.371e+01
195200.50	-1.200e+00	1.190e+02	-6.000e+00
195201.50	-1.085e+00	1.056e+02	-6.806e+00
195202.50	-8.170e-01	8.074e+01	-3.792e+00
195203.50	-7.786e-01	7.603e+01	-2.832e+00
195204.50	-6.931e-01	6.634e+01	-7.229e+00
195205.50	-6.490e-01	6.240e+01	-5.741e+00
195206.50	-5.626e-01	5.395e+01	-1.142e+00
195207.50	-4.944e-01	4.704e+01	-2.150e+00
195208.50	-4.550e-01	4.320e+01	-2.323e+00
195209.50	-4.080e-01	3.888e+01	-2.563e-03
195210.50	-4.099e-01	3.850e+01	-3.658e+00
195211.50	-3.590e-01	3.341e+01	-4.493e+00
195212.50	-3.110e-01	2.918e+01	-1.843e+00
195213.50	-2.938e-01	2.794e+01	3.408e-01
195214.50	-2.822e-01	2.573e+01	-2.304e+00
195215.50	-2.659e-01	2.486e+01	-1.296e-01
195216.50	-2.141e-01	2.045e+01	-8.870e-01
195217.50	-2.122e-01	1.978e+01	-7.565e-01
195218.50	-1.987e-01	1.814e+01	-1.430e+00
195219.50	-2.026e-01	1.853e+01	-1.776e+00
195220.50	-1.949e-01	1.853e+01	2.419e+00
195221.50	-1.642e-01	1.517e+01	-1.402e+00
195222.50	-1.594e-01	1.440e+01	-8.861e-01
195223.50	-1.258e-01	1.171e+01	-1.632e-01
195224.50	-1.267e-01	1.181e+01	-6.403e-01
195225.50	-1.325e-01	1.248e+01	-1.987e+00
195226.50	-1.210e-01	1.094e+01	-1.181e+00
195227.50	-9.888e-02	9.034e+00	7.718e-01
195228.50	-9.552e-02	8.765e+00	-5.069e-01
195229.50	-1.046e-01	9.216e+00	-2.448e-01
195230.50	-8.755e-02	8.323e+00	-1.728e-01
195231.50	-9.091e-02	8.390e+00	-5.885e-02
195232.50	-1.018e-01	8.573e+00	-1.094e+00
195233.50	-7.411e-02	6.710e+00	1.210e+00
195234.50	-6.960e-02	6.547e+00	-6.672e-02
195235.50	-6.931e-02	6.298e+00	-1.267e-01
195236.50	-7.459e-02	6.874e+00	9.178e-02
195237.50	-7.382e-02	6.154e+00	-2.093e-01
195238.50	-5.136e-02	5.011e+00	1.066e+00
195239.50	-5.030e-02	4.963e+00	1.142e+00
195240.50	-4.762e-02	4.810e+00	-5.059e-01
195241.50	-5.050e-02	4.310e+00	1.891e-01
195242.50	-6.019e-02	5.405e+00	-5.424e-01
195243.50	-3.686e-02	3.437e+00	-8.285e-02
195244.50	-2.928e-02	2.765e+00	1.987e-02
195245.50	-5.491e-02	4.493e+00	-1.699e-01
195246.50	-4.474e-02	3.850e+00	-1.066e-01
195247.50	-3.571e-02	3.130e+00	3.034e-01
195248.50	-3.158e-02	2.794e+00	3.830e-01
195249.50	-4.387e-02	3.696e+00	-5.837e-01
195250.50	-2.611e-02	2.525e+00	4.301e-02
195251.50	-3.418e-02	2.659e+00	-1.181e+00
195252.50	-3.283e-02	3.274e+00	2.333e-02
195253.50	-2.266e-02	1.997e+00	-2.314e-01
195254.50	-2.851e-02	2.592e+00	7.709e-01
195255.50	-2.314e-02	1.978e+00	5.424e-01
195256.50	-2.006e-02	1.555e+00	2.390e-01
195257.50	-2.851e-02	2.371e+00	-5.981e-01
195258.50	-2.054e-02	2.074e+00	3.062e-01
195259.50	-2.045e-02	1.632e+00	-8.122e-02
195260.50	-2.621e-02	2.054e+00	-7.574e-01
195261.50	-1.728e-02	1.776e+00	2.419e-01
195262.50	-1.632e-02	1.382e+00	-7.526e-02
195263.50	-1.795e-02	1.450e+00	-2.755e-01
195264.50	-1.949e-03	4.541e-01	1.181e-01
195265.50	-2.208e-02	1.891e+00	-2.947e-02
195266.50	-2.640e-02	2.333e+00	-3.456e-02
195267.50	-1.584e-02	1.037e+00	-3.216e-02
195268.50	-1.430e-02	1.354e+00	-2.179e-01
195269.50	-1.152e-02	1.344e+00	1.210e-01
195270.50	-1.690e-02	1.286e+00	-7.747e-02
195271.50	-1.421e-02	6.394e-01	-7.738e-01
195272.50	-5.981e-03	4.195e-01	3.331e-01
195273.50	-1.834e-02	1.277e+00	1.834e-01
195274.50	-1.814e-02	1.027e+00	-5.645e-01
195275.50	-7.296e-03	7.718e-01	5.539e-02
195276.50	-9.696e-03	5.818e-01	-1.805e-01
195277.50	-1.411e-03	8.045e-01	-2.448e-02
195278.50	-9.590e-03	6.816e-01	-6.730e-02
195279.50	-7.219e-03	7.066e-01	2.976e-01
195280.50	-1.603e-03	5.866e-01	-1.670e-03
195281.50	-8.246e-03	8.784e-01	-2.189e-01
195282.50	-1.181e-02	8.525e-01	8.966e-02
195283.50	-7.613e-03	2.102e-01	-2.486e-01
195284.50	-9.792e-03	9.984e-01	5.443e-02
195285.50	-7.306e-03	8.448e-01	2.928e-01
195286.50	-2.784e-03	4.829e-01	-1.805e-01
195287.50	3.072e-02	5.942e-01	-7.363e-02
195288.50	-6.797e-03	2.074e-01	2.112e-01
195289.50	-2.323e-02	7.373e-01	-4.397e-01
195290.50	-1.757e-02	2.102e-01	-1.632e-01
195291.50	-5.443e-03	5.078e-01	-1.488e-01
195292.50	-5.405e-04	1.210e-01	-2.438e-01
195293.50	-7.190e-04	2.102e-01	5.242e-01
195294.50	-2.698e-03	1.718e-01	-6.499e-02
195295.50	-1.306e-02	7.709e-01	-1.469e-01
195296.50	-3.792e-03	4.214e-01	1.306e-01
195297.50	-1.334e-03	1.315e-01	6.672e-02
195298.50	-1.018e-02	3.005e-01	-5.117e-01
195299.50	-1.862e-02	4.637e-01	-8.448e-02
195300.50	-9.984e-03	4.224e-01	2.851e-02
195301.50	-5.366e-04	2.822e-01	4.867e-01
195302.50	-4.080e-04	4.666e-01	-1.258e-02
195303.50	1.306e-02	6.192e-01	1.603e-01
195304.50	2.467e-03	3.955e-02	7.075e-03
195305.50	-6.182e-03	4.723e-01	1.670e-02
195306.50	-8.899e-03	5.472e-01	4.618e-03
195307.50	-2.150e-03	-1.690e-01	5.357e-02
195308.50	-1.805e-03	2.275e-01	1.181e-01
195309.50	-1.354e-03	2.198e-01	-8.054e-02
195310.50	-9.331e-03	7.526e-01	-1.882e-01
195311.50	-9.168e-03	3.341e-02	-3.264e-01
195312.50	-6.298e-03	3.264e-01	9.293e-02
195313.50	-3.466e-03	2.160e-02	-2.256e-02
195314.50	7.114e-04	2.054e-02	-4.195e-02
195315.50	1.488e-03	3.994e-01	-1.171e-02
195316.50	3.917e-03	1.507e-01	7.210e-02
195317.50	1.056e-02	9.446e-02	1.757e-01
195318.50	-1.603e-02	1.027e-01	6.307e-02
195319.50	-9.350e-03	1.210e-01	-1.046e-01
195320.50	-1.690e-03	2.621e-01	-2.592e-02
195321.50	-6.182e-03	3.859e-01	9.792e-05
195322.50	-4.262e-03	-2.045e-01	-2.189e-01
195323.50	-1.853e-03	2.102e-01	-4.349e-01
195324.50	-5.136e-03	4.205e-01	1.642e-01
195325.50	-2.064e-03	1.152e-01	2.026e-01
195326.50	-7.728e-04	3.360e-02	7.334e-02
195327.50	-2.765e-04	3.062e-01	1.411e-01
195328.50	-3.744e-03	3.158e-01	-4.531e-01
195329.50	-1.450e-03	1.277e-01	8.813e-02
195330.50	3.590e-03	-1.392e-01	8.592e-02
195331.50	-2.006e-03	-8.083e-02	1.603e-02
195332.50	-3.254e-03	1.882e-01	-4.790e-02
195333.50	4.147e-04	2.122e-02	1.930e-01
195334.50	1.085e-02	1.680e-01	2.294e-01
195335.50	3.091e-04	-9.139e-02	-1.094e-01
195336.50	-4.915e-03	-2.736e-03	6.672e-02
195337.50	4.022e-03	2.323e-01	-2.189e-01
195338.50	-1.670e-02	2.218e-01	-1.085e-01
195339.50	-1.613e-02	1.536e-01	2.112e-01
195340.50	1.920e-03	9.370e-02	1.238e-02
195341.50	-4.646e-03	1.469e-01	8.650e-02
195342.50	-7.392e-04	-1.286e-01	-2.851e-01
195343.50	2.486e-03	-2.333e-02	-2.285e-02
195344.50	-5.875e-03	1.296e-01	-6.566e-02
195345.50	-5.261e-03	2.659e-01	3.389e-01
195346.50	-2.093e-03	1.565e-01	9.600e-02
195347.50	-3.658e-03	-3.773e-02	-9.888e-02
195348.50	4.416e-03	-1.248e-03	-1.046e-01
195349.50	2.659e-03	2.659e-01	-1.133e-01
195350.50	-3.850e-03	1.152e-01	-6.058e-02
195351.50	-1.037e-02	-2.496e-02	2.016e-01
195352.50	-6.221e-04	-3.331e-02	6.058e-02
195353.50	1.277e-02	-7.958e-02	5.520e-03
195354.50	-1.882e-04	1.853e-01	-2.323e-01
195355.50	1.680e-03	4.109e-01	-1.766e-02
195356.50	-6.739e-04	5.894e-02	-3.706e-02
195357.50	1.392e-02	2.064e-01	-1.805e-01
195358.50	-3.917e-03	7.248e-02	1.526e-02
195359.50	-1.306e-02	1.997e-04	-2.006e-01
195360.50	-4.502e-03	1.786e-02	6.614e-02
195361.50	-1.507e-02	2.054e-01	-1.382e-02
195362.50	3.763e-03	1.066e-01	1.910e-01
195363.50	-4.992e-05	4.694e-02	7.402e-02
195364.50	-1.066e-03	6.730e-02	-9.302e-02
195365.50	1.498e-03	-2.074e-01	5.712e-02
195366.50	-1.334e-03	-5.472e-03	7.795e-02
195367.50	1.738e-03	-4.205e-02	4.214e-02
195368.50	-3.187e-03	-1.882e-02	-4.099e-03
195369.50	6.269e-05	-7.805e-03	-1.680e-01
195370.50	-1.037e-03	2.170e-01	1.152e-01
195371.50	-7.325e-04	-8.986e-02	-2.621e-03
195372.50	-3.696e-04	2.083e-01	-2.381e-02
195373.50	3.965e-03	1.594e-01	1.670e-01
195374.50	6.874e-04	-1.891e-03	1.843e-01
195375.50	9.456e-04	-6.547e-03	3.139e-02
195376.50	-1.373e-03	9.590e-02	6.259e-02
195377.50	-5.664e-04	-7.603e-02	-1.286e-01
195378.50	-3.091e-03	1.526e-01	-5.078e-02
195379.50	-2.429e-04	1.296e-01	1.238e-01
195380.50	-2.035e-03	-6.950e-02	-2.227e-02
195381.50	-3.629e-03	9.792e-02	6.278e-02
195382.50	-1.392e-03	-3.955e-02	-1.104e-01
195383.50	6.154e-04	-3.811e-02	1.315e-01
195384.50	1.546e-03	-1.987e-02	-8.064e-02
195385.50	-1.546e-03	2.966e-01	-5.299e-02
195386.50	-2.506e-03	1.690e-01	-8.477e-02
195387.50	-2.410e-03	8.861e-02	-1.469e-01
195388.50	-1.469e-03	-5.702e-02	7.930e-02
195389.50	4.090e-04	-9.254e-02	1.930e-01
195390.50	2.198e-03	-1.085e-01	1.315e-01
195391.50	1.258e-02	-3.552e-02	-1.670e-02
195392.50	-1.488e-02	5.261e-02	-8.304e-02
195393.50	-1.085e-03	2.304e-01	1.056e-01
195394.50	-1.382e-03	7.450e-02	-3.504e-02
195395.50	1.027e-04	-1.046e-01	-1.430e-01
195396.50	3.350e-03	-5.702e-02	6.854e-02
195397.50	-6.989e-04	8.803e-02	-4.608e-02
195398.50	2.026e-04	8.477e-02	6.211e-02
195399.50	1.546e-05	2.304e-02	2.842e-02
195400.50	1.306e-03	2.774e-03	1.354e-01
195401.50	1.123e-03	-7.997e-02	7.978e-02
195402.50	-2.285e-03	8.842e-02	-7.181e-03
195403.50	-1.430e-03	5.261e-02	-3.974e-02
195404.50	-9.571e-04	1.373e-02	-1.056e-01
195405.50	1.978e-03	6.067e-03	3.264e-02
195406.50	-3.091e-04	-1.190e-01	-2.602e-02
195407.50	-1.402e-03	9.110e-02	-8.582e-03
195408.50	-1.728e-03	8.755e-02	7.805e-02
195409.50	1.987e-03	1.229e-02	4.090e-02
195410.50	-1.315e-03	9.235e-02	-5.395e-02
195411.50	-1.315e-03	-9.130e-02	-1.027e-01
195412.50	-3.696e-04	9.533e-02	-9.571e-02
195413.50	8.006e-04	-1.738e-02	-1.354e-02
195414.50	-9.792e-04	-2.582e-02	3.024e-02
195415.50	3.398e-03	-4.224e-02	2.458e-01
195416.50	-2.026e-03	8.275e-02	-5.827e-02
195417.50	-1.075e-03	9.888e-02	-1.738e-02
195418.50	5.347e-04	-1.066e-01	5.539e-02
195419.50	3.466e-03	-4.906e-02	-1.181e-01
195420.50	3.514e-03	-7.997e-03	3.120e-02
195421.50	1.363e-03	2.419e-01	-1.200e-01
195422.50	-1.718e-03	6.259e-03	-3.245e-02
195423.50	2.438e-04	8.822e-02	5.338e-02
195424.50	1.008e-03	-4.416e-02	-7.373e-02
195425.50	9.888e-04	3.677e-02	1.392e-03
195426.50	-8.957e-04	-1.498e-01	3.475e-02
195427.50	1.478e-03	-7.008e-03	9.264e-02
195428.50	4.637e-03	2.986e-02	-4.330e-02
195429.50	7.277e-04	-2.957e-02	-1.930e-02
195430.50	4.512e-03	-9.302e-02	-2.381e-02
195431.50	6.125e-03	-1.306e-01	6.125e-02
195432.50	-3.446e-03	5.530e-02	-1.613e-01
195433.50	1.037e-03	-4.090e-02	3.686e-02
195434.50	-3.686e-03	1.008e-01	9.792e-02
195435.50	-1.171e-02	1.718e-02	-8.611e-02
195436.50	-3.821e-04	8.026e-02	6.259e-02
195437.50	1.680e-03	-3.773e-02	4.493e-02
195438.50	-4.406e-03	9.696e-02	-1.296e-01
195439.50	-3.005e-03	-1.229e-04	-3.216e-02
195440.50	9.110e-03	1.008e-01	2.074e-01
195441.50	-1.315e-04	-5.683e-02	-1.094e-01
195442.50	-2.035e-03	3.706e-02	-1.248e-01
195443.50	-1.958e-03	3.168e-02	3.053e-02
195444.50	4.896e-03	-4.963e-02	-7.277e-02
195445.50	-6.518e-03	-9.475e-02	9.427e-02
195446.50	-5.443e-03	1.238e-02	1.680e-02
195447.50	1.440e-03	-3.053e-02	7.718e-02
195448.50	3.360e-04	9.888e-03	-2.006e-02
195449.50	1.315e-04	5.530e-02	5.539e-03
195450.50	4.157e-03	-5.674e-02	-1.354e-02
195451.50	4.483e-04	-2.822e-02	-7.776e-02
195452.50	1.104e-03	-1.142e-01	-6.144e-02
195453.50	5.770e-04	1.776e-02	-7.882e-03
195454.50	2.362e-03	3.302e-02	3.389e-02
195455.50	-2.554e-03	1.747e-02	1.171e-01
195456.50	-6.768e-03	1.075e-01	-6.653e-02
195457.50	-4.598e-03	-1.843e-02	-1.190e-02
195458.50	8.198e-03	3.725e-02	8.323e-02
195459.50	2.986e-03	3.542e-03	-6.230e-02
195460.50	-6.038e-04	9.206e-02	3.360e-03
195461.50	-2.016e-04	5.203e-02	-3.408e-02
195462.50	1.104e-03	6.710e-02	6.326e-02
195463.50	-1.354e-03	5.059e-03	-1.882e-02
195464.50	5.328e-04	1.200e-01	2.813e-02
195465.50	2.179e-03	1.824e-02	7.872e-02
195466.50	1.507e-02	-6.000e-03	1.670e-01
195467.50	-3.072e-02	-1.603e-01	-2.304e-01
195468.50	-2.534e-03	7.728e-02	-8.707e-02
195469.50	4.368e-03	6.912e-03	-8.026e-02
195470.50	7.190e-03	-2.640e-03	8.131e-02
195471.50	1.738e-04	-7.066e-02	4.118e-02
195472.50	1.488e-03	-1.363e-01	-1.094e-01
195473.50	-9.984e-04	7.066e-02	3.178e-02
195474.50	8.112e-04	-7.526e-03	8.035e-03
195475.50	3.110e-03	9.888e-02	2.765e-02
195476.50	-4.368e-03	6.989e-02	-3.754e-02
195477.50	2.842e-04	3.187e-02	-2.083e-02
195478.50	8.640e-04	-5.789e-02	6.010e-02
195479.50	7.123e-04	-4.464e-02	7.306e-02
195480.50	-2.429e-03	8.861e-02	-1.181e-01
195481.50	-4.886e-04	5.299e-02	4.838e-02
195482.50	1.421e-03	1.603e-02	5.616e-03
195483.50	-8.832e-04	-2.419e-02	-6.355e-02
195484.50	-5.885e-04	9.360e-02	6.509e-02
195485.50	-4.378e-04	-2.064e-02	-1.958e-02
195486.50	-8.026e-04	-1.709e-02	-9.984e-02
195487.50	6.067e-04	5.578e-02	1.978e-04
195488.50	-1.373e-03	6.682e-02	6.720e-02
195489.50	-2.611e-03	7.709e-04	1.037e-01
195490.50	1.978e-03	-6.202e-02	-1.238e-02
195491.50	1.574e-03	-1.277e-01	-2.227e-02
195492.50	1.200e-03	1.133e-02	-5.722e-03
195493.50	4.406e-04	-1.690e-02	-8.198e-02
195494.50	-1.238e-04	5.750e-02	-1.651e-02
195495.50	-1.891e-03	1.430e-01	-4.358e-02
195496.50	3.206e-03	-1.286e-01	-1.488e-02
195497.50	-7.094e-04	-2.342e-03	-1.738e-02
195498.50	2.957e-04	-6.557e-02	-8.362e-04
195499.50	8.909e-04	-1.075e-01	-4.781e-02
195500.50	1.450e-03	4.589e-02	-1.930e-02
195501.50	-2.976e-03	1.248e-02	-1.229e-01
195502.50	9.475e-04	-1.296e-02	4.848e-02
195503.50	3.254e-03	-7.123e-02	1.018e-01
195504.50	-7.094e-03	1.094e-01	-6.230e-05
195505.50	1.286e-04	1.709e-03	3.370e-02
195506.50	2.928e-04	-3.965e-02	-2.688e-03
195507.50	-1.075e-04	8.227e-02	-3.581e-03
195508.50	-1.421e-03	1.747e-02	2.563e-02
195509.50	-7.219e-04	-6.931e-02	2.150e-02
195510.50	5.530e-04	-3.581e-03	1.373e-01
195511.50	-1.104e-03	-1.421e-03	-1.574e-02
195512.50	-2.755e-03	8.342e-02	-1.805e-02
195513.50	-6.931e-04	4.157e-02	-2.995e-02
195514.50	1.757e-03	-1.066e-01	-3.686e-02
195515.50	-1.363e-03	3.226e-02	1.162e-02
195516.50	-3.302e-04	1.536e-03	8.035e-04
195517.50	1.546e-03	-5.366e-02	-2.294e-02
195518.50	-7.834e-04	2.909e-02	-2.131e-02
195519.50	-5.222e-04	1.200e-02	1.210e-02
195520.50	-3.341e-05	6.336e-02	6.566e-02
195521.50	2.131e-04	-4.378e-02	-7.344e-02
195522.50	1.526e-03	-1.680e-02	1.536e-02
195523.50	2.006e-03	-3.677e-02	3.245e-02
195524.50	1.219e-03	-4.032e-02	5.338e-02
195525.50	-6.547e-04	3.341e-02	5.837e-02
195526.50	-2.371e-03	1.258e-02	-7.997e-02
195527.50	-5.030e-04	7.958e-03	-5.770e-02
195528.50	-1.507e-03	4.147e-02	3.744e-02
195529.50	-1.181e-03	5.491e-02	-1.267e-02
195530.50	-1.478e-03	4.608e-02	-5.213e-02
195531.50	-7.037e-04	3.446e-03	-7.565e-02
195532.50	3.014e-03	-2.650e-02	9.600e-02
195533.50	3.821e-03	1.334e-02	4.867e-02
195534.50	-6.259e-04	4.963e-03	-2.429e-02
195535.50	-2.563e-03	5.078e-02	-3.590e-02
195536.50	6.518e-05	2.986e-02	3.696e-02
195537.50	-5.770e-04	3.379e-02	1.747e-03
195538.50	-1.296e-03	5.722e-02	-1.056e-02
195539.50	8.352e-04	-1.171e-01	1.210e-02
195540.50	1.546e-05	-6.826e-02	-7.546e-03
195541.50	2.640e-04	-2.486e-02	-7.363e-02
195542.50	-1.018e-03	-1.891e-02	5.357e-03
195543.50	8.486e-02	-2.755e-01	-1.171e-01
195544.50	6.067e-02	-1.056e-01	3.235e-01
195545.50	-3.024e-03	-1.085e-02	1.440e-02
195546.50	-3.955e-02	6.950e-02	1.949e-01
195547.50	-3.072e-02	1.891e-01	3.648e-02
195548.50	2.957e-02	-1.690e-01	-2.755e-01
195549.50	-2.506e-02	1.277e-01	8.275e-03
195550.50	-1.066e-02	7.334e-02	3.274e-02
195551.50	9.130e-04	-4.742e-02	7.517e-03
195552.50	7.306e-04	8.573e-03	-2.150e-02
195553.50	-7.459e-04	4.339e-02	-1.565e-02
195554.50	-1.882e-04	-1.171e-02	-3.965e-02
195555.50	-1.037e-02	2.419e-02	-1.843e-02
195556.50	-3.658e-02	-8.170e-03	-4.099e-02
195557.50	3.158e-03	-5.309e-02	6.259e-02
195558.50	4.771e-04	2.246e-02	-4.176e-02
195559.50	-3.053e-03	1.574e-02	-7.680e-02
195560.50	-6.010e-05	-7.834e-04	3.043e-02
195561.50	-3.264e-04	-2.064e-02	-2.544e-02
195562.50	6.182e-05	-2.640e-02	-1.363e-02
195563.50	-6.173e-05	9.561e-03	-5.021e-02
195564.50	3.139e-04	3.427e-02	6.787e-02
195565.50	-1.046e-03	-3.053e-02	3.955e-02
195566.50	-1.440e-03	-4.877e-02	-1.440e-02
195567.50	1.411e-03	-7.738e-03	-2.045e-02
195568.50	-2.794e-04	1.315e-02	-3.302e-02
195569.50	-2.237e-04	2.698e-02	-3.773e-02
195570.50	9.341e-05	5.251e-03	-7.843e-03
195571.50	-1.584e-04	-1.286e-02	-2.333e-02
195572.50	2.333e-03	-1.757e-02	-4.550e-05
195573.50	-2.352e-03	6.557e-03	6.384e-02
195574.50	-1.478e-03	-8.630e-03	5.626e-02
195575.50	-1.632e-03	-2.256e-02	5.232e-02
195576.50	-9.514e-04	8.861e-02	7.267e-02
195577.50	-1.776e-03	5.098e-02	9.446e-03
195578.50	7.219e-04	-2.381e-02	-2.170e-02
195579.50	-8.256e-04	4.896e-02	-6.115e-02
195580.50	-2.525e-04	-2.150e-02	-3.101e-02
195581.50	-2.141e-03	-8.947e-03	-2.342e-02
195582.50	-6.029e-04	3.552e-02	4.109e-02
195583.50	1.152e-03	6.259e-02	2.458e-02
195584.50	1.421e-03	-3.542e-02	-4.598e-02
195585.50	6.768e-04	-7.632e-02	-8.026e-03
195586.50	-1.075e-03	2.928e-02	2.976e-02
195587.50	-5.194e-04	6.509e-03	-3.456e-02
195588.50	6.566e-04	-2.352e-02	6.682e-03
195589.50	-1.920e-03	6.749e-02	-4.426e-02
195590.50	-2.410e-03	4.368e-02	7.142e-02
195591.50	1.142e-03	-7.286e-03	-3.667e-02
195592.50	3.994e-04	9.600e-03	3.235e-02
195593.50	9.888e-04	-2.957e-02	1.104e-02
195594.50	-1.056e-03	7.968e-03	-5.078e-02
195595.50	-1.296e-03	3.504e-02	-3.331e-02
195596.50	-2.880e-03	-1.046e-02	5.472e-02
195597.50	-4.166e-04	-3.101e-02	-3.389e-02
195598.50	1.498e-03	-3.206e-02	-1.075e-02
195599.50	-4.934e-04	2.419e-02	-1.584e-02
195600.50	-2.083e-04	-9.206e-03	1.978e-02
195601.50	-7.200e-04	4.800e-03	-3.245e-02
195602.50	8.976e-04	-1.459e-02	2.266e-02
195603.50	9.437e-04	-9.696e-04	4.099e-03
195604.50	1.210e-03	1.642e-02	-3.514e-02
195605.50	-3.974e-04	6.221e-02	-2.170e-02
195606.50	6.998e-05	4.829e-02	1.363e-02
195607.50	1.114e-03	-1.843e-02	3.187e-02
195608.50	1.181e-03	-4.704e-02	3.965e-02
195609.50	-9.984e-04	2.832e-02	4.051e-03
195610.50	-6.278e-05	1.430e-02	2.064e-02
195611.50	1.056e-03	-2.237e-02	7.162e-04
195612.50	5.434e-04	-4.733e-02	-5.482e-02
195613.50	-2.131e-06	1.104e-02	6.365e-02
195614.50	-1.085e-04	-5.434e-03	-2.419e-02
195615.50	-1.200e-04	1.690e-02	-1.037e-02
195616.50	-8.563e-04	-2.285e-02	2.486e-02
195617.50	-1.114e-03	2.438e-02	-1.123e-02
195618.50	5.251e-03	-5.501e-03	7.258e-02
195619.50	2.093e-02	-2.813e-02	8.160e-02
195620.50	-5.837e-04	2.208e-02	-3.197e-03
195621.50	4.032e-04	2.381e-02	3.101e-02
195622.50	-2.102e-03	2.774e-02	-4.838e-02
195623.50	3.466e-03	-1.987e-02	2.179e-02
195624.50	1.354e-03	-3.312e-02	5.414e-02
195625.50	-3.466e-04	1.968e-02	1.152e-02
195626.50	8.688e-04	-4.291e-02	1.805e-02
195627.50	-3.101e-03	-2.765e-02	-3.514e-02
195628.50	5.837e-04	2.362e-03	-5.616e-02
195629.50	1.517e-04	-4.426e-03	-3.850e-02
195630.50	3.130e-03	-2.045e-02	-2.400e-03
195631.50	1.507e-03	-1.229e-02	-1.910e-02
195632.50	-5.376e-05	-1.210e-02	-2.630e-02
195633.50	-4.579e-04	-1.882e-02	5.453e-03
195634.50	-1.027e-03	6.346e-02	2.477e-04
195635.50	-3.888e-04	2.477e-02	1.190e-02
195636.50	-1.267e-03	2.477e-02	-1.075e-02
