195038.50	0.000e+00	0.000e+00	0.000e+00
195039.50	0.000e+00	0.000e+00	0.000e+00
195040.50	0.000e+00	0.000e+00	0.000e+00
195041.50	0.000e+00	0.000e+00	0.000e+00
195042.50	0.000e+00	0.000e+00	0.000e+00
195043.50	0.000e+00	0.000e+00	0.000e+00
195044.50	0.000e+00	0.000e+00	0.000e+00
195045.50	0.000e+00	0.000e+00	0.000e+00
195046.50	0.000e+00	0.000e+00	0.000e+00
195047.50	0.000e+00	0.000e+00	0.000e+00
195048.50	0.000e+00	0.000e+00	0.000e+00
195049.50	0.000e+00	0.000e+00	0.000e+00
195050.50	0.000e+00	0.000e+00	0.000e+00
195051.50	0.000e+00	0.000e+00	0.000e+00
195052.50	0.000e+00	0.000e+00	0.000e+00
195053.50	0.000e+00	0.000e+00	0.000e+00
195054.50	0.000e+00	0.000e+00	0.000e+00
195055.50	0.000e+00	0.000e+00	0.000e+00
195056.50	0.000e+00	0.000e+00	0.000e+00
195057.50	0.000e+00	0.000e+00	0.000e+00
195058.50	0.000e+00	0.000e+00	0.000e+00
195059.50	0.000e+00	0.000e+00	0.000e+00
195060.50	0.000e+00	0.000e+00	0.000e+00
195061.50	0.000e+00	0.000e+00	0.000e+00
195062.50	0.000e+00	0.000e+00	0.000e+00
195063.50	0.000e+00	0.000e+00	0.000e+00
195064.50	0.000e+00	0.000e+00	0.000e+00
195065.50	0.000e+00	0.000e+00	0.000e+00
195066.50	0.000e+00	0.000e+00	0.000e+00
195067.50	0.000e+00	0.000e+00	0.000e+00
195068.50	0.000e+00	0.000e+00	0.000e+00
195069.50	0.000e+00	0.000e+00	0.000e+00
195070.50	0.000e+00	0.000e+00	0.000e+00
195071.50	0.000e+00	0.000e+00	0.000e+00
195072.50	0.000e+00	0.000e+00	0.000e+00
195073.50	0.000e+00	0.000e+00	0.000e+00
195074.50	0.000e+00	0.000e+00	0.000e+00
195075.50	0.000e+00	0.000e+00	0.000e+00
195076.50	0.000e+00	0.000e+00	0.000e+00
195077.50	0.000e+00	0.000e+00	0.000e+00
195078.50	0.000e+00	0.000e+00	0.000e+00
195079.50	0.000e+00	0.000e+00	0.000e+00
195080.50	0.000e+00	0.000e+00	0.000e+00
195081.50	0.000e+00	0.000e+00	0.000e+00
195082.50	0.000e+00	0.000e+00	0.000e+00
195083.50	0.000e+00	0.000e+00	0.000e+00
195084.50	0.000e+00	0.000e+00	0.000e+00
195085.50	0.000e+00	0.000e+00	0.000e+00
195086.50	0.000e+00	0.000e+00	0.000e+00
195087.50	0.000e+00	0.000e+00	0.000e+00
195088.50	0.000e+00	0.000e+00	0.000e+00
195089.50	0.000e+00	0.000e+00	0.000e+00
195090.50	0.000e+00	0.000e+00	0.000e+00
195091.50	0.000e+00	0.000e+00	0.000e+00
195092.50	0.000e+00	0.000e+00	0.000e+00
195093.50	0.000e+00	0.000e+00	0.000e+00
195094.50	0.000e+00	0.000e+00	0.000e+00
195095.50	0.000e+00	0.000e+00	0.000e+00
195096.50	0.000e+00	0.000e+00	0.000e+00
195097.50	0.000e+00	0.000e+00	0.000e+00
195098.50	0.000e+00	0.000e+00	0.000e+00
195099.50	0.000e+00	0.000e+00	0.000e+00
195100.50	0.000e+00	0.000e+00	0.000e+00
195101.50	0.000e+00	0.000e+00	0.000e+00
195102.50	0.000e+00	0.000e+00	0.000e+00
195103.50	0.000e+00	0.000e+00	0.000e+00
195104.50	0.000e+00	0.000e+00	0.000e+00
195105.50	0.000e+00	0.000e+00	0.000e+00
195106.50	0.000e+00	0.000e+00	0.000e+00
195107.50	0.000e+00	0.000e+00	0.000e+00
195108.50	0.000e+00	0.000e+00	0.000e+00
195109.50	0.000e+00	0.000e+00	0.000e+00
195110.50	0.000e+00	0.000e+00	0.000e+00
195111.50	0.000e+00	0.000e+00	0.000e+00
195112.50	0.000e+00	0.000e+00	0.000e+00
195113.50	0.000e+00	0.000e+00	0.000e+00
195114.50	0.000e+00	0.000e+00	0.000e+00
195115.50	0.000e+00	0.000e+00	0.000e+00
195116.50	0.000e+00	0.000e+00	0.000e+00
195117.50	0.000e+00	0.000e+00	0.000e+00
195118.50	0.000e+00	0.000e+00	0.000e+00
195119.50	0.000e+00	0.000e+00	0.000e+00
195120.50	0.000e+00	0.000e+00	0.000e+00
195121.50	0.000e+00	0.000e+00	0.000e+00
195122.50	0.000e+00	0.000e+00	0.000e+00
195123.50	0.000e+00	0.000e+00	0.000e+00
195124.50	0.000e+00	0.000e+00	0.000e+00
195125.50	0.000e+00	0.000e+00	0.000e+00
195126.50	0.000e+00	0.000e+00	0.000e+00
195127.50	0.000e+00	0.000e+00	0.000e+00
195128.50	0.000e+00	0.000e+00	0.000e+00
195129.50	0.000e+00	0.000e+00	0.000e+00
195130.50	0.000e+00	0.000e+00	0.000e+00
195131.50	0.000e+00	0.000e+00	0.000e+00
195132.50	0.000e+00	0.000e+00	0.000e+00
195133.50	0.000e+00	0.000e+00	0.000e+00
195134.50	0.000e+00	0.000e+00	0.000e+00
195135.50	0.000e+00	0.000e+00	0.000e+00
195136.50	0.000e+00	0.000e+00	0.000e+00
195137.50	0.000e+00	0.000e+00	0.000e+00
195138.50	0.000e+00	0.000e+00	0.000e+00
195139.50	0.000e+00	0.000e+00	0.000e+00
195140.50	0.000e+00	0.000e+00	0.000e+00
195141.50	0.000e+00	0.000e+00	0.000e+00
195142.50	0.000e+00	0.000e+00	0.000e+00
195143.50	0.000e+00	0.000e+00	0.000e+00
195144.50	0.000e+00	0.000e+00	0.000e+00
195145.50	0.000e+00	0.000e+00	0.000e+00
195146.50	0.000e+00	0.000e+00	0.000e+00
195147.50	0.000e+00	0.000e+00	0.000e+00
195148.50	0.000e+00	0.000e+00	0.000e+00
195149.50	0.000e+00	0.000e+00	0.000e+00
195150.50	0.000e+00	0.000e+00	0.000e+00
195151.50	0.000e+00	0.000e+00	0.000e+00
195152.50	0.000e+00	0.000e+00	0.000e+00
195153.50	0.000e+00	0.000e+00	0.000e+00
195154.50	0.000e+00	0.000e+00	0.000e+00
195155.50	0.000e+00	0.000e+00	0.000e+00
195156.50	0.000e+00	0.000e+00	0.000e+00
195157.50	0.000e+00	0.000e+00	0.000e+00
195158.50	0.000e+00	0.000e+00	0.000e+00
195159.50	0.000e+00	0.000e+00	0.000e+00
195160.50	0.000e+00	0.000e+00	0.000e+00
195161.50	0.000e+00	0.000e+00	0.000e+00
195162.50	0.000e+00	0.000e+00	0.000e+00
195163.50	0.000e+00	0.000e+00	0.000e+00
195164.50	0.000e+00	0.000e+00	0.000e+00
195165.50	0.000e+00	0.000e+00	0.000e+00
195166.50	0.000e+00	0.000e+00	0.000e+00
195167.50	0.000e+00	0.000e+00	0.000e+00
195168.50	0.000e+00	0.000e+00	0.000e+00
195169.50	0.000e+00	0.000e+00	0.000e+00
195170.50	0.000e+00	0.000e+00	0.000e+00
195171.50	0.000e+00	0.000e+00	0.000e+00
195172.50	0.000e+00	0.000e+00	0.000e+00
195173.50	0.000e+00	0.000e+00	0.000e+00
195174.50	0.000e+00	0.000e+00	0.000e+00
195175.50	0.000e+00	0.000e+00	0.000e+00
195176.50	0.000e+00	0.000e+00	0.000e+00
195177.50	0.000e+00	0.000e+00	0.000e+00
195178.50	0.000e+00	0.000e+00	0.000e+00
195179.50	0.000e+00	0.000e+00	0.000e+00
195180.50	0.000e+00	0.000e+00	0.000e+00
195181.50	0.000e+00	0.000e+00	0.000e+00
195182.50	0.000e+00	0.000e+00	0.000e+00
195183.50	2.640e-07	2.736e-05	-1.171e-06
195184.50	2.822e-08	-7.421e-05	1.450e-04
195185.50	3.648e-06	-2.554e-04	5.760e-04
195186.50	-1.939e-05	8.381e-04	-1.277e-03
195187.50	2.554e-04	-1.651e-02	9.792e-02
195188.50	3.014e-05	4.493e-03	-1.008e-02
195189.50	2.016e-04	2.170e-02	-2.822e-02
195190.50	-2.419e-04	-1.805e-02	-5.270e-03
195191.50	-3.562e-04	-4.176e-02	2.141e-02
195192.50	5.261e-04	4.800e-02	-1.901e-02
195193.50	7.795e-05	5.453e-03	-6.806e-03
195194.50	4.627e-05	3.053e-03	4.378e-03
195195.50	-2.784e-04	-1.651e-02	-1.526e-02
195196.50	-4.157e-04	-4.262e-02	3.552e-02
195197.50	5.213e-04	4.176e-02	-1.680e-02
195198.50	1.536e-04	8.938e-03	-2.218e-02
195199.50	-1.066e-03	-6.854e-02	9.418e-02
195200.50	-2.563e-02	-2.122e+00	6.019e-01
195201.50	-3.648e-01	-2.822e+01	3.072e+00
195202.50	-3.101e+00	-2.515e+02	3.571e+01
195203.50	-5.203e+00	-4.243e+02	2.784e+01
195204.50	-5.914e+00	-5.088e+02	5.194e+01
195205.50	-1.459e+00	-1.315e+02	-1.632e+01
195206.50	1.526e+00	1.258e+02	-2.458e+01
195207.50	1.517e+00	1.248e+02	-9.168e+00
195208.50	1.152e+00	9.504e+01	-7.334e+00
195209.50	1.027e+00	8.563e+01	-8.035e+00
195210.50	9.024e-01	7.680e+01	-1.142e+01
195211.50	8.237e-01	6.778e+01	-1.469e+00
195212.50	6.298e-01	5.213e+01	-2.746e+00
195213.50	6.653e-01	5.530e+01	-4.512e+00
195214.50	5.251e-01	4.349e+01	-1.882e+00
195215.50	5.318e-01	4.426e+01	-3.562e+00
195216.50	4.810e-01	4.109e+01	-5.712e+00
195217.50	4.445e-01	3.590e+01	-2.640e-01
195218.50	4.003e-01	3.197e+01	8.448e-01
195219.50	3.494e-01	2.995e+01	-7.901e-01
195220.50	2.707e-01	2.467e+01	-4.954e+00
195221.50	3.206e-01	2.573e+01	-2.352e+00
195222.50	2.880e-01	2.275e+01	-6.259e-01
195223.50	2.554e-01	2.150e+01	-2.342e-01
195224.50	2.112e-01	1.862e+01	-2.813e+00
195225.50	2.400e-01	1.939e+01	7.469e-02
195226.50	2.198e-01	1.824e+01	-7.411e-01
195227.50	2.016e-01	1.709e+01	-1.661e+00
195228.50	1.536e-01	1.363e+01	-7.459e-01
195229.50	1.565e-01	1.296e+01	-4.406e-01
195230.50	1.450e-01	1.229e+01	-6.096e-01
195231.50	1.325e-01	1.094e+01	-2.016e-01
195232.50	1.450e-01	1.210e+01	-9.792e-01
195233.50	1.210e-01	1.056e+01	-1.306e+00
195234.50	1.133e-01	9.197e+00	1.171e+00
195235.50	1.373e-01	1.133e+01	2.496e-01
195236.50	1.085e-01	9.254e+00	-5.107e-01
195237.50	1.008e-01	8.342e+00	-6.182e-01
195238.50	9.984e-02	8.611e+00	-7.978e-01
195239.50	7.104e-02	6.586e+00	-1.334e+00
195240.50	8.957e-02	7.344e+00	7.920e-01
195241.50	7.056e-02	6.115e+00	-8.784e-01
195242.50	6.941e-02	6.134e+00	8.371e-02
195243.50	6.259e-02	5.117e+00	5.155e-01
195244.50	7.402e-02	5.722e+00	2.640e-01
195245.50	5.818e-02	4.339e+00	4.723e-02
195246.50	5.232e-02	4.742e+00	-6.355e-01
195247.50	5.136e-02	4.742e+00	-5.962e-01
195248.50	5.261e-02	3.859e+00	7.613e-01
195249.50	4.387e-02	3.821e+00	5.885e-01
195250.50	4.819e-02	4.262e+00	-3.514e-01
195251.50	5.376e-02	4.550e+00	-2.650e-01
195252.50	4.205e-02	3.283e+00	3.917e-01
195253.50	4.118e-02	3.283e+00	7.325e-01
195254.50	4.790e-02	3.802e+00	-1.190e-01
195255.50	2.573e-02	2.928e+00	-1.018e+00
195256.50	3.264e-02	2.410e+00	9.571e-01
195257.50	3.638e-02	3.101e+00	-5.030e-01
195258.50	2.362e-02	2.294e+00	-6.739e-01
195259.50	3.341e-02	2.966e+00	-1.094e-01
195260.50	2.554e-02	2.227e+00	-2.822e-01
195261.50	2.717e-02	2.275e+00	2.438e-01
195262.50	2.784e-02	2.573e+00	-3.859e-01
195263.50	1.978e-02	1.920e+00	-3.360e-01
195264.50	2.131e-02	1.834e+00	-1.277e-01
195265.50	2.122e-02	1.795e+00	2.746e-01
195266.50	3.293e-02	2.342e+00	-2.438e-01
195267.50	7.526e-03	1.171e+00	-5.376e-01
195268.50	2.150e-02	1.920e+00	5.981e-02
195269.50	2.698e-02	1.795e+00	9.523e-01
195270.50	1.430e-02	1.104e+00	2.467e-01
195271.50	7.680e-03	1.037e+00	-4.339e-01
195272.50	1.690e-02	1.094e+00	1.315e-01
195273.50	1.210e-02	1.325e+00	-8.035e-01
195274.50	1.699e-02	1.267e+00	1.373e-01
195275.50	1.267e-02	9.590e-01	3.600e-01
195276.50	1.382e-02	1.296e+00	-7.930e-01
195277.50	9.216e-03	9.130e-01	4.493e-01
195278.50	5.136e-03	6.288e-01	3.283e-01
195279.50	1.248e-02	8.870e-01	1.123e-01
195280.50	5.424e-03	7.834e-01	-3.754e-01
195281.50	1.123e-02	9.456e-01	1.738e-01
195282.50	1.286e-02	9.283e-01	3.293e-02
195283.50	2.918e-03	6.192e-01	-4.099e-01
195284.50	8.746e-03	9.024e-01	-2.506e-01
195285.50	3.341e-03	4.243e-01	5.952e-02
195286.50	1.104e-02	1.027e+00	-3.427e-01
195287.50	1.382e-02	8.938e-01	-1.219e-01
195288.50	6.989e-03	8.611e-01	-7.411e-02
195289.50	3.658e-03	3.725e-01	6.259e-02
195290.50	-9.494e-03	2.496e-01	-7.133e-02
195291.50	9.466e-03	9.264e-01	1.776e-01
195292.50	3.504e-02	9.216e-01	1.171e-01
195293.50	6.221e-03	6.509e-01	-5.933e-02
195294.50	3.043e-03	1.872e-01	1.891e-01
195295.50	2.371e-04	2.314e-01	-4.099e-01
195296.50	7.910e-04	2.141e-01	7.891e-02
195297.50	1.018e-02	8.525e-01	-1.373e-02
195298.50	6.768e-04	2.304e-01	-8.486e-02
195299.50	5.395e-03	4.301e-01	2.947e-01
195300.50	6.547e-03	5.578e-01	-2.102e-01
195301.50	2.899e-03	3.130e-01	-1.392e-01
195302.50	-7.306e-04	1.574e-01	2.410e-02
195303.50	1.046e-02	6.931e-01	-5.194e-02
195304.50	4.627e-03	5.434e-01	7.651e-02
195305.50	3.744e-03	3.984e-01	-4.483e-01
195306.50	1.757e-03	2.784e-01	4.022e-02
195307.50	1.747e-03	3.398e-01	-2.602e-02
195308.50	1.805e-03	2.678e-01	-3.120e-01
195309.50	-4.819e-04	7.411e-02	2.218e-01
195310.50	3.475e-03	2.026e-01	-1.968e-01
195311.50	2.112e-03	1.354e-01	-3.197e-01
195312.50	3.322e-03	2.861e-01	1.987e-01
195313.50	3.398e-03	3.072e-01	2.803e-01
195314.50	4.954e-03	4.349e-01	1.373e-01
195315.50	-1.306e-03	1.459e-01	-1.056e-01
195316.50	1.152e-03	2.275e-01	-7.574e-02
195317.50	3.878e-03	2.640e-01	-8.515e-02
195318.50	2.179e-03	1.142e-02	5.952e-02
195319.50	3.907e-03	3.197e-01	-2.294e-02
195320.50	2.227e-03	3.658e-01	-3.235e-01
195321.50	-1.901e-03	2.966e-04	9.408e-02
195322.50	2.179e-04	1.728e-01	-8.189e-02
195323.50	-3.763e-04	-1.862e-02	5.405e-02
195324.50	3.821e-03	7.670e-03	2.064e-02
195325.50	2.218e-03	3.792e-01	-1.334e-01
195326.50	3.773e-05	2.170e-02	-3.178e-02
195327.50	4.003e-03	2.438e-01	1.056e-01
195328.50	2.736e-03	7.267e-03	8.467e-02
195329.50	-1.459e-03	2.381e-01	-1.114e-02
195330.50	2.957e-03	1.843e-01	-7.018e-04
195331.50	4.243e-03	2.266e-01	1.709e-01
195332.50	2.400e-03	1.901e-01	2.083e-01
195333.50	-4.435e-03	-2.016e-01	-8.899e-02
195334.50	1.824e-03	2.419e-01	5.462e-02
195335.50	9.888e-04	1.037e-01	-8.717e-02
195336.50	3.898e-05	1.997e-01	-2.525e-01
195337.50	-2.323e-04	-1.229e-01	1.363e-01
195338.50	1.824e-03	1.939e-02	1.363e-04
195339.50	1.546e-03	6.288e-02	3.350e-01
195340.50	5.088e-03	2.563e-01	6.989e-02
195341.50	2.525e-03	3.350e-01	-2.189e-01
195342.50	-4.829e-03	-2.198e-01	7.104e-02
195343.50	3.504e-03	2.611e-01	5.011e-02
195344.50	5.616e-03	2.054e-01	-1.411e-01
195345.50	-1.027e-04	8.861e-02	-7.018e-02
195346.50	-1.306e-03	7.094e-02	2.314e-01
195347.50	2.966e-03	2.285e-01	5.731e-02
195348.50	-5.184e-03	4.867e-02	-1.891e-01
195349.50	-6.086e-04	2.621e-02	-2.237e-01
195350.50	2.755e-03	-2.880e-02	1.939e-01
195351.50	5.914e-03	4.944e-01	-2.227e-02
195352.50	6.336e-04	-8.746e-02	2.486e-01
195353.50	7.440e-04	8.563e-02	1.766e-01
195354.50	2.621e-03	2.554e-01	-1.622e-01
195355.50	1.661e-03	-1.882e-02	-7.210e-02
195356.50	-6.000e-03	-2.938e-01	5.107e-03
195357.50	-3.360e-03	-1.200e-01	-1.632e-01
195358.50	3.024e-03	1.574e-01	-2.496e-01
195359.50	-5.683e-03	-2.650e-01	-1.910e-01
195360.50	3.005e-03	-9.341e-04	2.016e-01
195361.50	1.997e-03	1.171e-01	4.291e-02
195362.50	-3.533e-03	-5.328e-02	-1.882e-01
195363.50	3.571e-03	1.555e-01	4.109e-02
195364.50	8.938e-03	4.003e-01	8.717e-02
195365.50	7.094e-04	1.402e-01	1.373e-01
195366.50	-2.611e-03	-4.723e-02	-2.122e-01
195367.50	5.654e-04	-4.694e-02	8.554e-03
195368.50	-6.672e-04	6.989e-02	-2.602e-01
195369.50	-8.035e-04	4.915e-02	1.286e-01
195370.50	-2.026e-03	1.210e-01	5.146e-02
195371.50	1.939e-03	2.611e-01	-9.984e-02
195372.50	3.994e-03	8.093e-02	-7.882e-02
195373.50	-4.406e-03	-9.888e-02	1.920e-01
195374.50	-5.808e-03	-1.440e-01	1.450e-01
195375.50	8.179e-03	1.075e-01	-1.507e-01
195376.50	2.669e-05	1.171e-01	-1.344e-01
195377.50	4.992e-03	2.102e-01	1.085e-01
195378.50	-5.126e-04	6.326e-02	2.131e-01
195379.50	-2.813e-03	-6.086e-02	-2.765e-02
195380.50	-3.389e-04	1.834e-02	2.093e-02
195381.50	2.554e-04	-6.768e-03	1.219e-01
195382.50	1.738e-03	1.181e-01	2.160e-02
195383.50	-1.478e-03	3.542e-02	-5.885e-02
195384.50	2.045e-03	1.430e-01	-8.006e-02
195385.50	3.782e-03	5.760e-02	2.371e-01
195386.50	-6.211e-04	-8.515e-02	-1.008e-01
195387.50	2.256e-03	5.741e-02	6.355e-02
195388.50	-1.123e-03	6.317e-02	3.130e-02
195389.50	-4.051e-03	-2.016e-01	-5.962e-02
195390.50	-3.744e-04	3.878e-02	2.333e-03
195391.50	-5.875e-04	-3.331e-02	6.528e-02
195392.50	1.056e-03	1.622e-01	-8.074e-02
195393.50	9.475e-04	6.134e-02	-1.459e-02
195394.50	-1.037e-03	-1.574e-01	1.507e-01
195395.50	-1.181e-03	-4.128e-03	-5.443e-03
195396.50	-1.805e-03	7.757e-02	-1.584e-01
195397.50	7.200e-04	7.085e-02	9.984e-02
195398.50	3.859e-03	1.210e-01	1.200e-01
195399.50	5.741e-04	2.592e-02	1.075e-01
195400.50	-2.352e-03	-2.006e-02	-5.501e-02
195401.50	-1.949e-03	-8.458e-02	-9.888e-02
195402.50	1.450e-03	-2.707e-02	-1.315e-01
195403.50	-9.792e-04	-1.574e-02	3.226e-02
195404.50	8.659e-04	1.277e-01	2.074e-01
195405.50	4.301e-03	1.325e-01	1.862e-01
195406.50	2.122e-03	1.325e-01	6.586e-02
195407.50	-8.237e-04	-4.934e-02	-1.018e-01
195408.50	-2.976e-03	-1.181e-01	-1.469e-01
195409.50	1.190e-03	8.736e-02	4.915e-02
195410.50	2.976e-03	1.392e-01	2.410e-02
195411.50	5.338e-04	9.082e-04	-2.669e-02
195412.50	-9.494e-04	-4.896e-02	3.226e-02
195413.50	2.544e-04	7.142e-02	-8.717e-02
195414.50	2.381e-03	6.250e-02	-9.226e-03
195415.50	-6.586e-04	9.360e-02	3.379e-02
195416.50	1.440e-03	9.264e-03	9.888e-02
195417.50	-1.027e-03	2.458e-02	4.147e-03
195418.50	-5.318e-03	-9.264e-02	-1.450e-01
195419.50	1.210e-03	1.190e-01	-2.477e-02
195420.50	-8.429e-04	-4.522e-02	-3.235e-02
195421.50	-1.248e-03	-4.368e-02	-4.656e-02
195422.50	-6.326e-03	-3.878e-02	-7.517e-02
195423.50	-2.899e-03	-1.133e-01	-6.518e-02
195424.50	4.867e-04	-8.467e-02	5.904e-02
195425.50	2.506e-03	7.853e-03	3.504e-02
195426.50	-2.141e-03	-6.432e-02	-2.755e-02
195427.50	-6.682e-04	1.603e-03	-1.210e-01
195428.50	6.202e-03	2.064e-02	7.277e-02
195429.50	-1.680e-04	-1.325e-02	1.440e-02
195430.50	2.064e-03	1.344e-01	-5.030e-02
195431.50	-5.059e-04	-8.122e-02	-9.187e-04
195432.50	5.558e-03	6.250e-02	1.200e-01
195433.50	3.245e-03	1.584e-02	1.882e-01
195434.50	-2.333e-03	-9.264e-02	1.334e-03
195435.50	8.150e-04	1.747e-02	-9.984e-02
195436.50	1.459e-03	1.248e-01	-7.651e-02
195437.50	3.245e-05	6.067e-02	9.984e-02
195438.50	1.594e-03	1.027e-01	8.640e-02
195439.50	-3.466e-03	-1.565e-02	-2.294e-02
195440.50	-2.381e-03	-9.696e-03	2.563e-02
195441.50	2.928e-03	1.795e-02	-6.077e-02
195442.50	3.763e-03	-9.552e-03	-1.594e-02
195443.50	5.827e-04	1.258e-01	-6.134e-02
195444.50	-9.888e-04	4.282e-02	-9.590e-02
195445.50	-1.862e-03	-1.123e-01	-6.240e-02
195446.50	-3.437e-03	-1.286e-01	-5.693e-02
195447.50	-3.187e-03	-7.238e-02	4.531e-02
195448.50	2.611e-03	1.450e-01	-1.133e-02
195449.50	1.363e-03	6.336e-02	-5.866e-02
195450.50	-1.478e-04	1.027e-03	6.115e-02
195451.50	9.456e-04	3.523e-02	-5.846e-02
195452.50	-1.382e-03	-3.446e-02	-6.038e-02
195453.50	5.328e-04	2.957e-02	5.702e-02
195454.50	-9.341e-05	-2.093e-02	-5.136e-02
195455.50	-1.219e-03	1.152e-01	5.222e-02
195456.50	-2.054e-03	-2.784e-02	7.210e-02
195457.50	-6.989e-04	-7.978e-02	1.296e-01
195458.50	1.315e-03	2.976e-02	-1.085e-01
195459.50	-6.538e-04	-1.123e-02	-8.986e-02
195460.50	2.918e-03	1.018e-01	7.219e-02
195461.50	4.435e-03	-4.003e-03	6.192e-05
195462.50	-8.275e-04	-1.123e-01	-2.294e-02
195463.50	1.018e-03	-2.698e-04	4.013e-02
195464.50	3.504e-05	-3.302e-02	-3.802e-03
195465.50	-4.829e-03	-4.378e-02	-7.565e-03
195466.50	-4.435e-03	-6.394e-02	1.373e-02
195467.50	-8.333e-04	-5.914e-02	-1.114e-02
195468.50	-2.458e-03	-2.390e-02	-3.264e-02
195469.50	-2.035e-03	-1.037e-02	-2.534e-02
195470.50	-5.174e-04	3.466e-02	-1.267e-02
195471.50	-1.834e-03	-1.181e-01	-1.325e-01
195472.50	8.966e-04	7.690e-02	-8.496e-02
195473.50	-1.411e-03	1.248e-02	5.050e-02
195474.50	8.093e-04	3.302e-02	4.291e-02
195475.50	2.554e-03	1.814e-02	2.237e-02
195476.50	-6.643e-04	-8.938e-03	2.448e-02
195477.50	-2.621e-04	-2.362e-02	9.600e-02
195478.50	-1.258e-04	-4.541e-02	-2.467e-02
195479.50	-6.557e-04	-2.563e-02	-5.462e-02
195480.50	2.477e-04	1.373e-01	-1.594e-01
195481.50	1.622e-03	1.094e-02	9.360e-02
195482.50	9.792e-04	1.085e-01	-1.267e-02
195483.50	-2.198e-03	-4.608e-02	-2.736e-02
195484.50	1.066e-03	5.837e-02	-5.232e-02
195485.50	3.082e-04	5.798e-02	-9.600e-04
195486.50	1.786e-03	7.584e-02	9.312e-02
195487.50	6.941e-03	5.290e-02	1.411e-01
195488.50	3.523e-03	4.032e-02	1.056e-01
195489.50	-8.813e-03	-4.810e-02	-1.238e-01
195490.50	1.546e-03	6.125e-02	2.506e-02
195491.50	1.363e-03	1.114e-04	-1.584e-02
195492.50	-1.968e-03	-6.960e-03	-4.042e-02
195493.50	8.890e-05	3.821e-05	-6.528e-02
195494.50	1.286e-03	-7.987e-02	5.280e-02
195495.50	-4.474e-04	5.453e-02	5.395e-02
195496.50	-9.590e-04	4.915e-02	-6.557e-02
195497.50	-5.885e-04	-1.411e-02	-1.632e-02
195498.50	-1.440e-03	-6.134e-02	3.331e-02
195499.50	1.238e-03	-1.517e-02	-2.650e-02
195500.50	4.963e-03	4.493e-02	3.562e-02
195501.50	1.162e-03	-8.851e-03	3.965e-02
195502.50	-3.120e-03	-2.208e-02	-9.696e-02
195503.50	3.130e-03	1.594e-01	-9.888e-03
195504.50	-1.718e-03	-3.571e-02	5.386e-02
195505.50	1.402e-03	2.342e-02	-5.741e-02
195506.50	-6.394e-04	2.515e-02	5.002e-03
195507.50	-2.237e-03	-6.221e-02	-6.365e-02
195508.50	1.152e-03	9.014e-02	8.602e-02
195509.50	1.027e-02	-1.421e-02	8.467e-02
195510.50	-2.803e-03	-3.456e-02	1.709e-02
195511.50	-1.757e-03	8.928e-03	-9.888e-02
195512.50	4.646e-04	-1.728e-03	-5.299e-02
195513.50	3.197e-04	-7.344e-02	1.411e-03
195514.50	1.690e-04	-5.126e-02	2.237e-02
195515.50	-3.552e-03	-4.992e-02	-6.778e-02
195516.50	-4.925e-05	2.602e-02	-4.579e-02
195517.50	-9.274e-04	-6.154e-02	1.574e-02
195518.50	1.152e-03	-1.613e-02	2.851e-02
195519.50	-2.995e-04	-2.890e-02	-5.990e-03
195520.50	1.382e-04	1.008e-01	-1.306e-02
195521.50	1.181e-03	2.736e-02	-6.643e-03
195522.50	7.958e-05	2.861e-02	2.371e-02
195523.50	-9.398e-04	-3.178e-02	7.248e-02
195524.50	-1.718e-04	2.515e-02	2.314e-02
195525.50	2.448e-03	5.357e-02	-1.949e-03
195526.50	-3.168e-04	-4.934e-02	5.078e-03
195527.50	3.264e-03	8.016e-02	-1.651e-02
195528.50	2.467e-03	-3.878e-02	3.571e-02
195529.50	2.726e-03	6.086e-02	-1.296e-02
195530.50	-1.910e-03	9.379e-03	-3.062e-03
195531.50	-1.622e-03	-1.574e-02	-5.299e-02
195532.50	-2.266e-03	-6.346e-02	2.352e-02
195533.50	-6.346e-03	-1.229e-02	-1.248e-01
195534.50	1.430e-04	-3.331e-03	-3.427e-02
195535.50	7.968e-04	1.747e-02	-6.979e-03
195536.50	4.138e-04	6.845e-02	1.008e-01
195537.50	-1.123e-02	-2.794e-03	1.651e-02
195538.50	-3.331e-03	3.974e-02	-3.024e-03
195539.50	-3.235e-04	-4.790e-02	-4.675e-02
195540.50	-3.542e-03	-6.077e-02	4.387e-02
195541.50	-1.066e-03	2.794e-02	2.717e-02
195542.50	5.366e-03	1.968e-03	-1.018e-01
195543.50	-5.674e-03	-5.040e-02	-4.579e-02
195544.50	-2.822e-03	-2.198e-02	-8.602e-02
195545.50	9.600e-04	-4.781e-02	4.157e-02
195546.50	2.016e-02	1.296e-01	7.430e-02
195547.50	-9.427e-03	2.381e-02	-8.640e-02
195548.50	-8.995e-03	-9.696e-02	4.003e-02
195549.50	1.536e-03	4.320e-02	7.958e-03
195550.50	-6.682e-03	-1.440e-01	1.267e-01
195551.50	-4.550e-03	-4.646e-02	2.592e-02
195552.50	9.168e-04	9.888e-02	-8.218e-02
195553.50	-3.744e-03	2.342e-02	3.562e-02
195554.50	2.928e-03	-2.957e-02	-8.650e-03
195555.50	1.162e-02	9.120e-02	-5.856e-02
195556.50	5.520e-04	3.043e-02	6.989e-02
195557.50	6.912e-04	3.024e-02	1.056e-02
195558.50	1.536e-04	-2.774e-02	-1.987e-02
195559.50	5.405e-04	-2.842e-02	1.776e-02
195560.50	6.662e-03	8.736e-02	-1.459e-02
195561.50	-1.469e-03	5.395e-03	-1.066e-01
195562.50	-2.189e-03	-9.178e-02	-3.706e-03
195563.50	2.150e-04	-4.522e-02	-9.072e-03
195564.50	6.403e-03	1.200e-02	8.170e-02
195565.50	-1.152e-04	3.917e-02	-2.774e-02
195566.50	-8.822e-04	4.522e-02	1.517e-01
195567.50	-1.872e-05	-4.666e-02	8.784e-03
195568.50	5.107e-04	1.776e-02	-4.032e-03
195569.50	-2.045e-04	-4.186e-02	2.938e-03
195570.50	2.842e-04	2.400e-02	-7.037e-02
195571.50	-5.846e-04	-3.274e-02	3.398e-02
195572.50	-2.054e-03	-5.376e-02	-2.285e-02
195573.50	2.122e-03	-1.939e-02	-1.565e-02
195574.50	9.571e-04	-1.296e-02	-5.194e-02
195575.50	2.035e-04	-3.792e-02	-2.880e-02
195576.50	2.352e-03	1.862e-02	2.083e-02
195577.50	3.734e-04	3.936e-02	-1.718e-02
195578.50	1.037e-03	2.304e-02	5.098e-02
195579.50	2.458e-04	3.734e-02	2.179e-02
195580.50	-9.034e-04	-4.435e-02	-3.062e-02
195581.50	1.181e-03	1.546e-02	-8.755e-03
195582.50	1.085e-03	2.074e-04	1.469e-02
195583.50	2.563e-04	5.539e-02	2.131e-02
195584.50	4.550e-04	-1.574e-04	5.558e-02
195585.50	2.141e-03	2.861e-02	1.133e-02
195586.50	7.056e-04	5.194e-02	4.570e-02
195587.50	-1.325e-03	7.901e-02	-9.581e-02
195588.50	-1.546e-03	-2.189e-04	-2.966e-02
195589.50	-5.203e-04	1.709e-02	-5.405e-03
195590.50	-1.517e-03	-5.030e-02	1.795e-02
195591.50	-1.094e-03	-3.542e-02	2.333e-02
195592.50	-5.213e-05	-2.266e-02	-6.182e-05
195593.50	2.227e-04	5.059e-02	-6.893e-02
195594.50	1.133e-03	-1.133e-02	2.496e-02
195595.50	-6.317e-04	-2.621e-03	-1.430e-02
195596.50	-6.374e-04	-2.784e-02	4.714e-03
195597.50	-1.152e-03	3.264e-02	2.611e-02
195598.50	4.234e-03	6.730e-02	4.819e-02
195599.50	2.832e-03	1.075e-02	1.478e-02
195600.50	-1.162e-03	-9.408e-03	-5.194e-02
195601.50	-2.592e-03	-5.606e-02	-3.734e-02
195602.50	-4.838e-03	-5.146e-02	3.706e-03
195603.50	1.037e-04	1.286e-02	-3.014e-02
195604.50	1.574e-03	2.534e-02	1.488e-02
195605.50	-1.085e-03	1.459e-02	-4.483e-03
195606.50	-1.862e-03	-7.958e-02	5.328e-02
195607.50	-8.842e-04	-3.072e-02	-5.683e-02
195608.50	-1.325e-03	-5.722e-02	-1.008e-01
195609.50	8.371e-04	2.890e-02	-3.216e-03
195610.50	1.085e-03	3.542e-02	-6.067e-03
195611.50	-8.736e-04	2.419e-02	-4.838e-03
195612.50	-8.410e-04	-5.395e-02	8.995e-03
195613.50	1.853e-03	4.070e-03	4.080e-02
195614.50	9.398e-05	-4.301e-03	3.619e-02
195615.50	-7.315e-06	-3.629e-02	5.318e-02
195616.50	-3.926e-03	-2.227e-02	2.621e-03
195617.50	-9.984e-04	2.582e-03	4.195e-02
195618.50	9.130e-05	2.256e-02	-2.611e-02
195619.50	-3.446e-04	-3.072e-02	1.354e-02
195620.50	5.722e-04	3.178e-02	5.174e-02
195621.50	-5.904e-04	-1.382e-02	-4.051e-02
195622.50	2.842e-04	-1.411e-02	-2.650e-02
195623.50	1.728e-03	-1.123e-02	2.400e-02
195624.50	1.930e-04	-5.789e-02	4.416e-02
195625.50	-6.336e-04	-1.152e-02	2.419e-02
195626.50	1.190e-03	2.323e-02	6.106e-04
195627.50	1.181e-02	8.237e-02	3.437e-02
195628.50	-1.200e-03	-8.438e-03	-3.466e-02
195629.50	1.008e-03	-2.746e-02	1.133e-02
195630.50	-1.248e-03	2.400e-02	5.050e-02
195631.50	-7.699e-04	2.890e-02	2.429e-02
195632.50	-2.045e-03	3.504e-02	-4.176e-02
195633.50	-1.651e-03	-3.514e-02	-1.786e-02
195634.50	-6.470e-03	-2.333e-02	-4.358e-02
195635.50	-2.122e-03	-1.565e-02	-1.430e-02
195636.50	-5.386e-04	-6.883e-02	-3.648e-02
