195038.50	0.000e+00	0.000e+00	0.000e+00
195039.50	0.000e+00	0.000e+00	0.000e+00
195040.50	0.000e+00	0.000e+00	0.000e+00
195041.50	0.000e+00	0.000e+00	0.000e+00
195042.50	0.000e+00	0.000e+00	0.000e+00
195043.50	0.000e+00	0.000e+00	0.000e+00
195044.50	0.000e+00	0.000e+00	0.000e+00
195045.50	0.000e+00	0.000e+00	0.000e+00
195046.50	0.000e+00	0.000e+00	0.000e+00
195047.50	0.000e+00	0.000e+00	0.000e+00
195048.50	0.000e+00	0.000e+00	0.000e+00
195049.50	0.000e+00	0.000e+00	0.000e+00
195050.50	0.000e+00	0.000e+00	0.000e+00
195051.50	0.000e+00	0.000e+00	0.000e+00
195052.50	0.000e+00	0.000e+00	0.000e+00
195053.50	0.000e+00	0.000e+00	0.000e+00
195054.50	0.000e+00	0.000e+00	0.000e+00
195055.50	0.000e+00	0.000e+00	0.000e+00
195056.50	0.000e+00	0.000e+00	0.000e+00
195057.50	0.000e+00	0.000e+00	0.000e+00
195058.50	0.000e+00	0.000e+00	0.000e+00
195059.50	0.000e+00	0.000e+00	0.000e+00
195060.50	0.000e+00	0.000e+00	0.000e+00
195061.50	0.000e+00	0.000e+00	0.000e+00
195062.50	0.000e+00	0.000e+00	0.000e+00
195063.50	0.000e+00	0.000e+00	0.000e+00
195064.50	0.000e+00	0.000e+00	0.000e+00
195065.50	0.000e+00	0.000e+00	0.000e+00
195066.50	0.000e+00	0.000e+00	0.000e+00
195067.50	0.000e+00	0.000e+00	0.000e+00
195068.50	0.000e+00	0.000e+00	0.000e+00
195069.50	0.000e+00	0.000e+00	0.000e+00
195070.50	0.000e+00	0.000e+00	0.000e+00
195071.50	0.000e+00	0.000e+00	0.000e+00
195072.50	0.000e+00	0.000e+00	0.000e+00
195073.50	0.000e+00	0.000e+00	0.000e+00
195074.50	0.000e+00	0.000e+00	0.000e+00
195075.50	0.000e+00	0.000e+00	0.000e+00
195076.50	0.000e+00	0.000e+00	0.000e+00
195077.50	0.000e+00	0.000e+00	0.000e+00
195078.50	0.000e+00	0.000e+00	0.000e+00
195079.50	0.000e+00	0.000e+00	0.000e+00
195080.50	0.000e+00	0.000e+00	0.000e+00
195081.50	0.000e+00	0.000e+00	0.000e+00
195082.50	0.000e+00	0.000e+00	0.000e+00
195083.50	0.000e+00	0.000e+00	0.000e+00
195084.50	0.000e+00	0.000e+00	0.000e+00
195085.50	0.000e+00	0.000e+00	0.000e+00
195086.50	0.000e+00	0.000e+00	0.000e+00
195087.50	0.000e+00	0.000e+00	0.000e+00
195088.50	0.000e+00	0.000e+00	0.000e+00
195089.50	0.000e+00	0.000e+00	0.000e+00
195090.50	0.000e+00	0.000e+00	0.000e+00
195091.50	0.000e+00	0.000e+00	0.000e+00
195092.50	0.000e+00	0.000e+00	0.000e+00
195093.50	0.000e+00	0.000e+00	0.000e+00
195094.50	0.000e+00	0.000e+00	0.000e+00
195095.50	0.000e+00	0.000e+00	0.000e+00
195096.50	0.000e+00	0.000e+00	0.000e+00
195097.50	0.000e+00	0.000e+00	0.000e+00
195098.50	0.000e+00	0.000e+00	0.000e+00
195099.50	0.000e+00	0.000e+00	0.000e+00
195100.50	0.000e+00	0.000e+00	0.000e+00
195101.50	0.000e+00	0.000e+00	0.000e+00
195102.50	0.000e+00	0.000e+00	0.000e+00
195103.50	0.000e+00	0.000e+00	0.000e+00
195104.50	0.000e+00	0.000e+00	0.000e+00
195105.50	0.000e+00	0.000e+00	0.000e+00
195106.50	0.000e+00	0.000e+00	0.000e+00
195107.50	0.000e+00	0.000e+00	0.000e+00
195108.50	0.000e+00	0.000e+00	0.000e+00
195109.50	0.000e+00	0.000e+00	0.000e+00
195110.50	0.000e+00	0.000e+00	0.000e+00
195111.50	0.000e+00	0.000e+00	0.000e+00
195112.50	0.000e+00	0.000e+00	0.000e+00
195113.50	0.000e+00	0.000e+00	0.000e+00
195114.50	0.000e+00	0.000e+00	0.000e+00
195115.50	0.000e+00	0.000e+00	0.000e+00
195116.50	0.000e+00	0.000e+00	0.000e+00
195117.50	0.000e+00	0.000e+00	0.000e+00
195118.50	0.000e+00	0.000e+00	0.000e+00
195119.50	0.000e+00	0.000e+00	0.000e+00
195120.50	0.000e+00	0.000e+00	0.000e+00
195121.50	0.000e+00	0.000e+00	0.000e+00
195122.50	0.000e+00	0.000e+00	0.000e+00
195123.50	0.000e+00	0.000e+00	0.000e+00
195124.50	0.000e+00	0.000e+00	0.000e+00
195125.50	0.000e+00	0.000e+00	0.000e+00
195126.50	0.000e+00	0.000e+00	0.000e+00
195127.50	0.000e+00	0.000e+00	0.000e+00
195128.50	0.000e+00	0.000e+00	0.000e+00
195129.50	0.000e+00	0.000e+00	0.000e+00
195130.50	0.000e+00	0.000e+00	0.000e+00
195131.50	0.000e+00	0.000e+00	0.000e+00
195132.50	0.000e+00	0.000e+00	0.000e+00
195133.50	0.000e+00	0.000e+00	0.000e+00
195134.50	0.000e+00	0.000e+00	0.000e+00
195135.50	0.000e+00	0.000e+00	0.000e+00
195136.50	0.000e+00	0.000e+00	0.000e+00
195137.50	0.000e+00	0.000e+00	0.000e+00
195138.50	0.000e+00	0.000e+00	0.000e+00
195139.50	0.000e+00	0.000e+00	0.000e+00
195140.50	0.000e+00	0.000e+00	0.000e+00
195141.50	0.000e+00	0.000e+00	0.000e+00
195142.50	0.000e+00	0.000e+00	0.000e+00
195143.50	0.000e+00	0.000e+00	0.000e+00
195144.50	0.000e+00	0.000e+00	0.000e+00
195145.50	0.000e+00	0.000e+00	0.000e+00
195146.50	0.000e+00	0.000e+00	0.000e+00
195147.50	0.000e+00	0.000e+00	0.000e+00
195148.50	0.000e+00	0.000e+00	0.000e+00
195149.50	0.000e+00	0.000e+00	0.000e+00
195150.50	0.000e+00	0.000e+00	0.000e+00
195151.50	0.000e+00	0.000e+00	0.000e+00
195152.50	0.000e+00	0.000e+00	0.000e+00
195153.50	0.000e+00	0.000e+00	0.000e+00
195154.50	0.000e+00	0.000e+00	0.000e+00
195155.50	0.000e+00	0.000e+00	0.000e+00
195156.50	0.000e+00	0.000e+00	0.000e+00
195157.50	0.000e+00	0.000e+00	0.000e+00
195158.50	0.000e+00	0.000e+00	0.000e+00
195159.50	0.000e+00	0.000e+00	0.000e+00
195160.50	0.000e+00	0.000e+00	0.000e+00
195161.50	0.000e+00	0.000e+00	0.000e+00
195162.50	0.000e+00	0.000e+00	0.000e+00
195163.50	0.000e+00	0.000e+00	0.000e+00
195164.50	0.000e+00	0.000e+00	0.000e+00
195165.50	0.000e+00	0.000e+00	0.000e+00
195166.50	0.000e+00	0.000e+00	0.000e+00
195167.50	0.000e+00	0.000e+00	0.000e+00
195168.50	0.000e+00	0.000e+00	0.000e+00
195169.50	0.000e+00	0.000e+00	0.000e+00
195170.50	0.000e+00	0.000e+00	0.000e+00
195171.50	0.000e+00	0.000e+00	0.000e+00
195172.50	0.000e+00	0.000e+00	0.000e+00
195173.50	0.000e+00	0.000e+00	0.000e+00
195174.50	0.000e+00	0.000e+00	0.000e+00
195175.50	0.000e+00	0.000e+00	0.000e+00
195176.50	0.000e+00	0.000e+00	0.000e+00
195177.50	0.000e+00	0.000e+00	0.000e+00
195178.50	0.000e+00	0.000e+00	0.000e+00
195179.50	-1.114e-04	7.690e-03	-4.867e-03
195180.50	1.680e-04	-2.851e-04	8.544e-03
195181.50	8.938e-05	-6.989e-03	1.776e-03
195182.50	-2.630e-05	-4.349e-03	2.400e-04
195183.50	1.258e-04	-2.467e-03	1.997e-03
195184.50	6.864e-05	4.349e-03	-6.557e-04
195185.50	-2.736e-04	3.379e-03	-5.981e-03
195186.50	-1.229e-04	2.851e-03	-1.910e-03
195187.50	-1.728e-04	5.808e-03	-6.144e-03
195188.50	1.622e-04	-1.085e-02	4.858e-03
195189.50	-2.602e-04	6.931e-03	-1.469e-02
195190.50	-1.037e-04	-1.219e-02	-7.382e-03
195191.50	2.995e-04	-5.789e-03	1.469e-02
195192.50	4.762e-04	-1.267e-02	3.187e-02
195193.50	5.011e-04	1.968e-03	3.792e-02
195194.50	5.414e-05	-8.122e-03	3.101e-03
195195.50	-7.469e-05	-1.382e-02	6.538e-03
195196.50	1.488e-05	4.147e-02	-1.123e-02
195197.50	-7.958e-05	-2.189e-03	-9.984e-04
195198.50	-1.133e-04	6.528e-03	-2.102e-02
195199.50	4.378e-04	-8.083e-02	3.408e-02
195200.50	1.152e-03	-3.110e-01	9.235e-02
195201.50	8.928e-03	-6.163e+00	1.018e+00
195202.50	1.248e-01	-8.371e+01	1.152e+01
195203.50	4.195e-01	-4.349e+02	4.070e+01
195204.50	3.821e-01	-3.811e+02	3.830e+01
195205.50	6.240e-01	-5.078e+02	6.720e+01
195206.50	-1.373e-01	1.776e+01	-2.131e+01
195207.50	-1.910e-01	1.574e+02	-2.794e+01
195208.50	-9.475e-02	1.200e+02	-1.325e+01
195209.50	-1.162e-01	9.792e+01	-1.430e+01
195210.50	-7.133e-02	8.938e+01	-9.504e+00
195211.50	-5.386e-02	7.123e+01	-6.490e+00
195212.50	-3.888e-02	6.778e+01	-4.291e+00
195213.50	-9.696e-02	5.846e+01	-1.075e+01
195214.50	-2.659e-02	5.453e+01	-3.130e+00
195215.50	-4.080e-02	4.867e+01	-4.128e+00
195216.50	-2.371e-02	4.416e+01	-1.901e+00
195217.50	-3.466e-02	4.080e+01	-2.832e+00
195218.50	-4.368e-02	3.494e+01	-4.454e+00
195219.50	-1.565e-02	3.053e+01	-1.334e+00
195220.50	-4.205e-02	3.302e+01	-3.955e+00
195221.50	-5.424e-02	2.707e+01	-4.752e+00
195222.50	-1.776e-02	2.563e+01	-1.882e+00
195223.50	-4.003e-03	2.323e+01	-4.138e-01
195224.50	-3.494e-02	1.939e+01	-3.274e+00
195225.50	-9.043e-03	2.266e+01	-1.670e-02
195226.50	-1.747e-02	1.949e+01	-8.928e-01
195227.50	-4.109e-02	1.786e+01	-3.149e+00
195228.50	-7.718e-03	1.709e+01	-4.714e-01
195229.50	2.842e-03	1.296e+01	8.784e-01
195230.50	-1.181e-02	1.306e+01	-7.411e-01
195231.50	-1.517e-02	1.363e+01	-1.382e+00
195232.50	-1.354e-02	1.334e+01	-7.622e-01
195233.50	-1.306e-02	1.181e+01	-1.075e+00
195234.50	-2.352e-02	9.984e+00	-2.054e+00
195235.50	-1.574e-03	1.075e+01	4.483e-02
195236.50	-1.603e-02	9.427e+00	-1.152e+00
195237.50	-1.718e-02	8.784e+00	-7.738e-01
195238.50	-3.638e-03	9.984e+00	-3.629e-01
195239.50	-1.747e-03	7.354e+00	-1.190e-01
195240.50	-1.056e-02	6.557e+00	-6.374e-01
195241.50	-2.141e-02	6.922e+00	-1.430e+00
195242.50	-5.030e-03	8.064e+00	-5.856e-02
195243.50	-9.984e-03	6.173e+00	-3.629e-01
195244.50	9.475e-03	5.904e+00	1.104e+00
195245.50	2.544e-03	5.126e+00	4.752e-01
195246.50	-7.910e-03	4.531e+00	-3.715e-01
195247.50	-8.342e-03	4.550e+00	-3.034e-01
195248.50	4.704e-03	5.050e+00	4.397e-01
195249.50	-4.330e-03	4.915e+00	2.429e-01
195250.50	7.066e-03	4.416e+00	5.011e-01
195251.50	-1.277e-03	4.819e+00	-2.150e-02
195252.50	-4.234e-03	3.389e+00	-3.341e-01
195253.50	5.146e-03	3.773e+00	6.010e-01
195254.50	-1.392e-02	3.648e+00	-8.774e-01
195255.50	-2.093e-03	4.166e+00	2.275e-02
195256.50	-1.104e-02	2.515e+00	-8.016e-01
195257.50	-9.379e-03	2.611e+00	-3.456e-01
195258.50	-8.179e-03	2.813e+00	-9.984e-01
195259.50	-2.419e-03	2.822e+00	3.562e-01
195260.50	1.920e-03	2.371e+00	5.136e-01
195261.50	-5.347e-03	2.448e+00	-7.978e-01
195262.50	-3.744e-03	2.160e+00	-3.331e-01
195263.50	1.517e-03	2.045e+00	5.328e-01
195264.50	-3.446e-04	2.294e+00	2.400e-01
195265.50	-8.006e-03	2.458e+00	-7.853e-01
195266.50	4.234e-03	1.651e+00	4.608e-01
195267.50	1.603e-03	2.179e+00	9.792e-02
195268.50	-4.560e-03	2.333e+00	-4.762e-01
195269.50	-1.344e-05	7.306e-01	-9.696e-02
195270.50	-7.334e-03	1.430e+00	-4.195e-01
195271.50	-2.458e-03	1.680e+00	3.398e-02
195272.50	6.173e-04	1.594e+00	3.706e-01
195273.50	-9.466e-03	1.181e+00	-8.198e-01
195274.50	-1.402e-03	1.603e+00	-1.094e-01
195275.50	-6.614e-03	1.123e+00	-2.890e-02
195276.50	-1.296e-03	1.382e+00	-1.402e-01
195277.50	1.824e-03	8.026e-01	-1.402e-01
195278.50	1.027e-03	1.546e+00	2.803e-01
195279.50	-8.333e-03	1.027e+00	-2.074e-01
195280.50	-2.314e-03	1.094e+00	-1.267e-01
195281.50	4.973e-03	8.515e-01	5.222e-01
195282.50	8.602e-04	8.112e-01	2.486e-01
195283.50	-4.704e-03	1.008e+00	-2.611e-01
195284.50	-8.659e-03	8.995e-01	-5.021e-01
195285.50	1.853e-03	7.373e-01	1.814e-01
195286.50	-2.294e-03	6.250e-01	-1.104e-01
195287.50	-2.880e-03	8.371e-01	-2.717e-01
195288.50	-2.563e-03	3.398e-01	-2.515e-01
195289.50	3.091e-03	4.042e-01	-1.037e-01
195290.50	-4.954e-03	3.187e-01	-3.926e-01
195291.50	-6.298e-03	5.414e-01	-1.363e-01
195292.50	-3.629e-03	-3.226e-02	-2.064e-01
195293.50	6.691e-03	8.064e-01	3.504e-01
195294.50	-2.621e-03	6.710e-01	-2.410e-01
195295.50	2.333e-04	4.272e-01	4.858e-03
195296.50	2.755e-03	3.946e-01	-3.322e-01
195297.50	5.098e-04	7.901e-01	4.445e-01
195298.50	-1.910e-03	4.128e-01	-1.286e-01
195299.50	-3.418e-03	3.475e-01	-3.667e-02
195300.50	2.035e-03	4.118e-01	4.406e-01
195301.50	-3.504e-03	8.064e-01	-5.482e-01
195302.50	-4.877e-03	3.082e-01	-8.323e-02
195303.50	-1.440e-03	2.861e-01	-7.296e-02
195304.50	6.787e-03	1.066e+00	1.910e-01
195305.50	2.016e-03	4.464e-01	2.880e-01
195306.50	1.210e-03	4.406e-01	1.325e-01
195307.50	-1.008e-02	5.002e-01	-3.379e-01
195308.50	-4.646e-03	2.438e-01	-3.149e-01
195309.50	-1.382e-03	4.867e-01	-5.491e-03
195310.50	2.678e-03	2.179e-01	2.045e-01
195311.50	-4.080e-03	2.851e-01	-1.546e-01
195312.50	-1.584e-03	2.880e-01	9.888e-02
195313.50	1.795e-04	-3.120e-01	-1.872e-01
195314.50	2.678e-03	3.120e-02	-1.661e-02
195315.50	4.118e-03	4.253e-01	1.699e-01
195316.50	6.874e-03	9.082e-02	2.746e-02
195317.50	-6.509e-03	6.182e-01	-2.381e-01
195318.50	-1.478e-03	1.056e-01	-4.195e-02
195319.50	-4.262e-03	3.062e-01	-2.794e-01
195320.50	8.659e-04	1.901e-01	-1.171e-01
195321.50	3.168e-03	2.496e-01	1.613e-01
195322.50	2.333e-04	-1.440e-01	8.909e-02
195323.50	-2.880e-03	4.483e-01	-1.843e-01
195324.50	-5.299e-04	-6.221e-03	1.123e-01
195325.50	-1.440e-04	2.429e-01	1.238e-01
195326.50	-2.314e-03	1.584e-01	-2.342e-01
195327.50	-5.750e-03	1.632e-02	7.766e-02
195328.50	7.133e-04	2.515e-01	2.726e-01
195329.50	-7.882e-03	2.573e-01	-2.429e-01
195330.50	8.352e-03	1.901e-01	-2.227e-01
195331.50	-6.576e-03	6.845e-02	-1.142e-01
195332.50	-9.600e-04	1.978e-01	4.157e-02
195333.50	-4.512e-03	1.795e-01	-5.818e-02
195334.50	1.978e-03	2.026e-01	-1.142e-02
195335.50	1.430e-02	1.181e-01	3.254e-01
195336.50	-1.411e-02	1.584e-01	-1.114e-01
195337.50	-4.032e-04	-6.874e-02	1.747e-01
195338.50	-6.566e-03	9.418e-02	-1.325e-01
195339.50	-9.072e-04	3.408e-03	-2.947e-01
195340.50	1.459e-02	3.734e-01	1.901e-01
195341.50	-5.011e-03	-1.373e-02	1.882e-01
195342.50	-2.122e-03	-8.294e-02	-1.786e-02
195343.50	2.179e-03	3.994e-01	3.226e-03
195344.50	3.139e-03	1.670e-01	-1.958e-02
195345.50	-1.699e-03	3.235e-02	2.074e-01
195346.50	-1.248e-04	-7.162e-02	3.763e-02
195347.50	-1.901e-04	9.187e-02	-2.006e-01
195348.50	3.091e-03	1.939e-01	5.021e-02
195349.50	1.824e-03	-3.475e-02	9.283e-02
195350.50	1.430e-03	-5.146e-02	2.179e-02
195351.50	1.402e-03	1.171e-01	-6.634e-02
195352.50	-3.043e-05	3.619e-01	2.170e-02
195353.50	2.467e-03	5.866e-02	1.286e-01
195354.50	5.376e-02	-4.550e-01	1.229e-01
195355.50	-3.062e-02	1.786e-01	2.016e-01
195356.50	-2.544e-02	3.283e-01	-1.162e-01
195357.50	1.334e-02	2.371e-02	5.693e-02
195358.50	1.901e-02	-1.613e-02	-8.765e-02
195359.50	-1.574e-02	3.110e-01	-1.430e-01
195360.50	-5.933e-03	1.181e-01	-1.594e-01
195361.50	-3.043e-03	1.757e-01	-1.574e-01
195362.50	-4.675e-03	1.334e-01	-2.851e-02
195363.50	-1.248e-03	2.496e-01	-2.160e-01
195364.50	-2.362e-03	-1.805e-01	-1.555e-01
195365.50	5.165e-03	4.550e-02	7.008e-02
195366.50	-1.421e-03	9.984e-02	-6.317e-02
195367.50	-2.774e-03	7.094e-03	1.392e-01
195368.50	7.114e-04	-7.190e-02	-2.122e-02
195369.50	3.101e-03	-1.910e-01	1.267e-02
195370.50	-5.453e-04	2.054e-01	1.680e-01
195371.50	-3.379e-04	-5.194e-02	-1.171e-01
195372.50	-7.171e-03	1.277e-01	-1.594e-01
195373.50	-1.238e-03	1.258e-01	-4.896e-03
195374.50	-1.939e-03	-2.093e-01	-2.688e-02
195375.50	-1.248e-03	2.496e-02	-1.315e-01
195376.50	1.478e-03	1.181e-01	7.718e-02
195377.50	1.037e-03	1.987e-01	9.053e-02
195378.50	1.027e-02	3.110e-01	1.046e-01
195379.50	-2.112e-03	2.400e-02	-1.334e-01
195380.50	-6.355e-03	8.304e-02	1.565e-02
195381.50	-5.155e-03	-1.565e-01	1.392e-01
195382.50	8.688e-04	1.411e-01	1.747e-01
195383.50	-5.290e-04	8.170e-02	-4.579e-02
195384.50	1.469e-03	-8.102e-02	1.594e-01
195385.50	-2.736e-03	-3.542e-03	-8.966e-02
195386.50	-1.411e-03	-6.470e-02	-8.563e-02
195387.50	2.179e-03	-5.491e-02	8.822e-02
195388.50	-5.827e-04	5.798e-02	1.104e-01
195389.50	2.026e-03	1.555e-01	9.350e-02
195390.50	-1.056e-03	1.104e-01	-4.637e-02
195391.50	-1.968e-03	1.632e-01	-1.546e-01
195392.50	-1.834e-03	-9.485e-02	-4.195e-02
195393.50	1.190e-03	5.280e-02	9.110e-02
195394.50	1.037e-03	2.026e-01	1.584e-01
195395.50	-2.842e-03	-2.707e-02	-3.062e-02
195396.50	2.064e-03	-2.438e-02	-4.186e-02
195397.50	4.560e-03	1.747e-01	1.747e-01
195398.50	5.318e-04	1.363e-01	2.765e-02
195399.50	-7.661e-04	-1.344e-01	2.314e-02
195400.50	-1.238e-04	-3.427e-02	-1.699e-01
195401.50	-1.661e-03	1.181e-01	3.235e-02
195402.50	-6.922e-04	-3.101e-02	8.630e-02
195403.50	-2.266e-03	9.600e-02	-2.006e-01
195404.50	1.075e-03	-3.283e-02	5.606e-02
195405.50	5.424e-04	-1.978e-01	7.594e-02
195406.50	6.394e-04	1.507e-03	-1.440e-02
195407.50	2.093e-03	1.392e-01	8.390e-02
195408.50	-3.379e-03	8.400e-02	-1.306e-01
195409.50	2.746e-03	-1.392e-02	3.283e-02
195410.50	-3.984e-03	7.046e-03	-1.680e-01
195411.50	3.610e-03	4.445e-02	1.795e-01
195412.50	4.205e-04	-6.557e-02	-2.083e-02
195413.50	1.536e-03	-2.064e-02	9.350e-02
195414.50	5.069e-04	-2.246e-02	8.506e-02
195415.50	1.027e-04	3.725e-02	-9.600e-03
195416.50	4.685e-04	8.938e-02	-4.234e-02
195417.50	-1.123e-03	3.446e-02	-5.952e-02
195418.50	-1.997e-03	3.878e-02	-2.890e-02
195419.50	-1.814e-03	-6.403e-02	8.400e-02
195420.50	-4.646e-03	1.546e-01	-1.248e-01
195421.50	-1.786e-03	-6.739e-02	-1.142e-01
195422.50	-1.402e-03	-7.315e-02	-8.688e-02
195423.50	-1.200e-03	-5.923e-02	2.707e-02
195424.50	1.190e-03	4.819e-02	-2.314e-02
195425.50	1.747e-03	-1.507e-01	-1.680e-02
195426.50	1.430e-03	1.008e-02	1.008e-01
195427.50	1.882e-03	1.133e-01	1.037e-01
195428.50	-2.141e-03	6.480e-02	6.912e-03
195429.50	-6.067e-04	-1.891e-01	8.323e-03
195430.50	-1.018e-03	3.562e-02	-8.573e-02
195431.50	-2.736e-04	4.704e-02	3.101e-02
195432.50	3.158e-03	3.245e-02	6.518e-02
195433.50	-1.901e-04	-5.088e-02	-3.120e-02
195434.50	-1.901e-03	1.027e-02	-9.792e-02
195435.50	-2.122e-03	1.123e-01	-1.949e-01
195436.50	-6.067e-03	8.400e-02	-8.006e-02
195437.50	5.011e-03	6.086e-02	1.008e-01
195438.50	-3.782e-03	-2.995e-02	4.742e-02
195439.50	-3.677e-03	7.805e-03	4.675e-03
195440.50	-2.717e-04	-1.517e-02	3.763e-02
195441.50	4.560e-04	-8.678e-02	5.933e-02
195442.50	-9.696e-04	-3.053e-02	-8.486e-02
195443.50	-1.488e-03	-7.968e-02	-9.888e-03
195444.50	2.294e-03	-2.573e-02	1.037e-01
195445.50	-1.046e-03	1.286e-01	-5.069e-02
195446.50	-7.853e-04	3.994e-02	-3.763e-02
195447.50	1.517e-03	-5.462e-04	3.965e-02
195448.50	-4.013e-04	-5.280e-03	-9.888e-02
195449.50	1.046e-03	1.536e-02	2.947e-02
195450.50	2.131e-03	-2.755e-02	1.200e-01
195451.50	5.299e-03	-1.229e-02	3.984e-02
195452.50	-3.418e-03	-1.325e-01	-2.419e-04
195453.50	-2.544e-03	-7.296e-02	-1.046e-01
195454.50	-9.494e-04	1.872e-02	-3.235e-02
195455.50	1.987e-04	-3.446e-02	1.651e-02
195456.50	4.944e-04	7.210e-02	-2.486e-04
195457.50	9.437e-04	7.488e-02	1.200e-01
195458.50	-2.515e-03	-3.254e-02	-5.798e-02
195459.50	-1.603e-04	1.123e-01	3.600e-02
195460.50	-1.382e-03	1.747e-01	-1.008e-01
195461.50	-3.379e-04	2.688e-02	-2.506e-02
195462.50	-3.658e-04	-1.469e-02	-7.565e-02
195463.50	5.942e-04	-1.786e-03	3.581e-02
195464.50	2.026e-03	9.888e-02	1.968e-02
195465.50	1.008e-04	7.373e-02	7.056e-02
195466.50	-1.958e-03	-1.718e-03	2.467e-02
195467.50	1.008e-03	-4.099e-02	-2.928e-02
195468.50	-2.765e-03	-1.123e-01	-2.986e-02
195469.50	-1.219e-03	1.171e-01	-1.046e-01
195470.50	5.904e-04	-7.373e-02	-8.928e-04
195471.50	-1.757e-03	-1.920e-02	-1.085e-01
195472.50	-5.251e-04	9.792e-03	9.792e-02
195473.50	5.626e-04	6.480e-02	-4.118e-02
195474.50	2.054e-03	-5.510e-02	1.056e-02
195475.50	-1.613e-03	-7.632e-03	1.296e-02
195476.50	9.696e-04	-4.147e-02	3.178e-02
195477.50	-3.600e-04	3.254e-02	3.350e-02
195478.50	-3.667e-03	7.114e-02	3.264e-02
195479.50	-1.507e-03	-1.171e-01	-7.709e-02
195480.50	1.555e-03	-8.486e-02	3.043e-02
195481.50	1.018e-03	-4.925e-02	-4.694e-02
195482.50	2.506e-03	7.190e-02	-5.030e-02
195483.50	6.797e-05	6.365e-02	-7.181e-03
195484.50	-6.739e-04	5.693e-02	1.123e-02
195485.50	-9.888e-04	-8.448e-03	-4.003e-02
195486.50	8.861e-04	7.459e-02	6.326e-02
195487.50	-7.085e-04	4.685e-02	9.600e-02
195488.50	3.254e-04	-1.094e-02	-7.325e-02
195489.50	2.736e-03	-4.819e-02	5.395e-02
195490.50	-2.074e-03	1.373e-01	-6.518e-02
195491.50	1.910e-03	2.448e-02	6.211e-02
195492.50	1.498e-03	1.776e-03	-4.694e-02
195493.50	-1.373e-03	1.334e-01	-1.027e-01
195494.50	-3.034e-04	-4.109e-02	3.763e-02
195495.50	-2.237e-03	-2.592e-02	-1.651e-02
195496.50	-2.381e-03	-1.997e-02	-1.056e-01
195497.50	1.987e-05	1.642e-02	-8.832e-03
195498.50	-1.632e-03	6.922e-02	1.056e-01
195499.50	2.851e-04	9.398e-03	-5.779e-02
195500.50	5.693e-04	-3.034e-02	5.213e-02
195501.50	2.208e-03	2.698e-02	-3.178e-03
195502.50	3.638e-04	1.622e-02	6.461e-02
195503.50	-1.162e-04	-1.267e-02	3.120e-02
195504.50	-1.075e-03	-6.634e-02	-3.850e-02
195505.50	3.331e-05	9.792e-02	-5.731e-02
195506.50	1.757e-04	-6.778e-02	5.184e-02
195507.50	-3.408e-04	-7.747e-03	6.394e-02
195508.50	3.782e-04	-2.429e-02	1.037e-02
195509.50	-4.934e-04	-5.232e-02	-1.027e-01
195510.50	7.901e-04	-1.219e-02	-2.083e-02
195511.50	-1.411e-03	4.138e-02	-4.176e-02
195512.50	2.064e-04	7.968e-02	-3.552e-02
195513.50	-8.784e-05	-1.315e-03	1.382e-01
195514.50	2.554e-04	-6.326e-02	5.002e-02
195515.50	-5.530e-04	2.102e-02	-4.061e-02
195516.50	3.994e-03	-1.517e-02	5.914e-02
195517.50	1.171e-02	-2.189e-02	-3.466e-02
195518.50	-1.402e-03	6.509e-02	-9.120e-02
195519.50	2.074e-03	-7.978e-03	-4.627e-02
195520.50	-2.899e-03	-1.286e-02	-5.798e-02
195521.50	-1.728e-04	-2.285e-02	7.152e-02
195522.50	-1.747e-03	-7.805e-02	-2.323e-02
195523.50	4.954e-04	7.738e-02	4.637e-02
195524.50	7.258e-04	5.904e-02	-1.459e-02
195525.50	5.011e-04	3.024e-02	-3.782e-02
195526.50	-4.762e-04	3.389e-02	1.997e-02
195527.50	-2.390e-03	-2.707e-02	-2.294e-02
195528.50	6.038e-05	1.536e-04	1.066e-02
195529.50	1.882e-03	-1.210e-01	-1.181e-02
195530.50	5.904e-04	4.128e-02	-4.022e-02
195531.50	1.997e-04	-8.102e-02	-1.392e-02
195532.50	-4.147e-04	-2.150e-02	-9.475e-03
195533.50	1.872e-03	-4.186e-02	7.498e-02
195534.50	1.267e-03	-2.141e-02	4.214e-02
195535.50	-1.622e-04	6.950e-02	2.803e-02
195536.50	-7.459e-04	2.986e-02	-6.778e-03
195537.50	2.333e-04	3.101e-02	2.563e-02
195538.50	-9.984e-04	-2.458e-02	-7.834e-02
195539.50	8.419e-03	-8.496e-02	1.882e-01
195540.50	-2.880e-03	-3.005e-02	-6.269e-02
195541.50	-2.515e-03	4.378e-02	3.485e-03
195542.50	-1.603e-03	4.848e-02	-6.528e-02
195543.50	-2.784e-03	-4.262e-03	-7.699e-03
195544.50	8.870e-03	1.162e-02	5.078e-02
195545.50	-3.859e-04	1.142e-02	1.718e-02
195546.50	-1.373e-03	4.464e-02	-4.243e-02
195547.50	-1.018e-03	-1.555e-02	-4.387e-02
195548.50	-2.400e-03	8.602e-02	-6.086e-02
195549.50	8.995e-04	-1.286e-02	3.802e-02
195550.50	-9.523e-04	-1.910e-02	-2.765e-03
195551.50	-3.014e-03	2.861e-02	-1.123e-02
195552.50	-6.288e-04	-9.226e-03	1.603e-02
195553.50	-6.259e-04	-5.683e-02	-6.000e-02
195554.50	2.525e-04	-5.741e-02	3.878e-02
195555.50	-9.168e-03	-4.675e-03	7.066e-03
195556.50	-3.072e-03	2.698e-02	-1.402e-02
195557.50	4.531e-04	5.616e-02	2.832e-02
195558.50	1.085e-04	-1.987e-02	5.011e-02
195559.50	-7.930e-04	-4.474e-02	-3.696e-02
195560.50	-1.814e-04	-5.722e-02	1.373e-02
195561.50	1.546e-03	4.358e-02	3.811e-02
195562.50	6.000e-04	9.331e-02	5.818e-02
195563.50	-9.254e-04	1.642e-02	3.994e-02
195564.50	9.101e-04	-1.363e-02	-1.843e-02
195565.50	-2.294e-04	4.858e-02	5.856e-02
195566.50	4.646e-04	-8.506e-02	-5.040e-02
195567.50	-3.466e-04	1.085e-02	5.453e-03
195568.50	8.544e-04	1.008e-02	-5.280e-02
195569.50	-1.306e-04	-1.718e-02	-2.669e-02
195570.50	-8.150e-04	-1.440e-04	-3.254e-02
195571.50	-1.085e-03	6.211e-02	-3.552e-04
195572.50	-6.374e-04	7.834e-02	-7.757e-03
195573.50	-3.859e-04	-4.982e-02	-1.286e-02
195574.50	6.202e-04	2.410e-02	4.982e-02
195575.50	-1.363e-03	3.600e-03	-5.232e-02
195576.50	-2.122e-03	1.162e-02	-6.115e-02
195577.50	-1.584e-03	6.970e-03	-9.418e-02
195578.50	-7.056e-03	7.450e-03	-7.536e-02
195579.50	-4.214e-03	-2.477e-02	-2.256e-03
195580.50	3.034e-03	-6.970e-02	2.554e-02
195581.50	2.390e-03	2.477e-02	4.416e-02
195582.50	1.363e-03	-1.920e-02	6.029e-02
195583.50	-1.968e-05	-3.053e-02	4.224e-02
195584.50	-8.688e-04	-1.210e-02	-2.717e-02
195585.50	3.600e-04	-9.888e-03	-4.704e-02
195586.50	7.709e-03	-6.787e-02	-2.957e-02
195587.50	2.448e-04	-2.054e-02	2.726e-02
195588.50	2.246e-04	4.541e-02	7.651e-02
195589.50	1.968e-04	-8.189e-03	3.034e-02
195590.50	4.061e-04	-1.546e-02	-1.027e-03
195591.50	2.246e-03	3.235e-02	6.624e-02
195592.50	8.717e-05	-4.454e-02	2.458e-02
195593.50	-1.238e-03	3.658e-02	-2.419e-02
195594.50	-4.070e-03	2.054e-02	-2.064e-02
195595.50	1.219e-04	-1.776e-02	-2.832e-02
195596.50	1.613e-04	-5.904e-02	-4.214e-02
195597.50	1.123e-03	-5.597e-03	3.754e-02
195598.50	2.227e-03	1.075e-02	4.992e-02
195599.50	3.658e-05	-1.008e-02	5.990e-03
195600.50	-6.230e-04	4.051e-02	5.770e-03
195601.50	-1.085e-04	3.494e-02	6.499e-02
195602.50	-3.110e-04	4.022e-02	-4.013e-03
195603.50	6.643e-04	2.573e-02	-4.848e-02
195604.50	-1.238e-03	4.205e-03	-3.782e-02
195605.50	-7.968e-04	3.974e-02	7.315e-03
195606.50	-3.734e-04	-2.611e-02	-3.523e-03
195607.50	-2.467e-05	-3.802e-02	1.296e-02
195608.50	-4.819e-05	-1.402e-02	-4.272e-02
195609.50	-4.234e-05	1.594e-02	-1.824e-02
195610.50	1.200e-03	-3.869e-03	6.346e-03
195611.50	-6.499e-07	-4.224e-02	6.499e-03
195612.50	1.853e-04	-2.813e-02	-5.299e-03
195613.50	2.362e-03	-1.853e-02	2.006e-02
195614.50	-2.918e-03	-8.467e-03	-1.277e-03
195615.50	-7.594e-03	1.181e-02	1.757e-02
195616.50	2.045e-03	4.666e-02	7.987e-02
195617.50	2.179e-04	1.766e-03	-2.899e-02
195618.50	1.258e-03	5.078e-02	8.026e-03
195619.50	-2.006e-04	2.717e-02	-5.568e-02
195620.50	-9.091e-04	-5.501e-02	-4.742e-02
195621.50	-6.461e-04	-3.360e-02	-1.757e-02
195622.50	9.130e-04	-8.544e-03	6.778e-02
195623.50	3.034e-04	1.584e-04	5.683e-03
195624.50	-7.930e-04	1.142e-02	-1.123e-02
195625.50	-3.350e-04	2.582e-02	-9.696e-03
195626.50	-9.792e-04	1.910e-02	6.202e-03
195627.50	-8.640e-05	4.992e-02	1.354e-03
195628.50	-1.075e-03	-2.938e-02	-5.318e-02
195629.50	6.682e-04	2.678e-02	-1.978e-02
195630.50	-2.621e-03	-6.806e-04	-1.699e-02
195631.50	-6.595e-03	-4.656e-02	-3.494e-02
195632.50	-2.016e-03	-4.493e-04	-3.542e-02
195633.50	-1.488e-03	8.640e-03	1.238e-02
195634.50	-4.435e-04	4.598e-02	1.363e-02
195635.50	2.227e-03	6.394e-02	2.765e-02
195636.50	5.818e-04	-4.618e-02	-5.434e-03
