195038.50	0.000e+00	0.000e+00	0.000e+00
195039.50	0.000e+00	0.000e+00	0.000e+00
195040.50	0.000e+00	0.000e+00	0.000e+00
195041.50	0.000e+00	0.000e+00	0.000e+00
195042.50	0.000e+00	0.000e+00	0.000e+00
195043.50	0.000e+00	0.000e+00	0.000e+00
195044.50	0.000e+00	0.000e+00	0.000e+00
195045.50	0.000e+00	0.000e+00	0.000e+00
195046.50	0.000e+00	0.000e+00	0.000e+00
195047.50	0.000e+00	0.000e+00	0.000e+00
195048.50	0.000e+00	0.000e+00	0.000e+00
195049.50	0.000e+00	0.000e+00	0.000e+00
195050.50	0.000e+00	0.000e+00	0.000e+00
195051.50	0.000e+00	0.000e+00	0.000e+00
195052.50	0.000e+00	0.000e+00	0.000e+00
195053.50	0.000e+00	0.000e+00	0.000e+00
195054.50	0.000e+00	0.000e+00	0.000e+00
195055.50	0.000e+00	0.000e+00	0.000e+00
195056.50	0.000e+00	0.000e+00	0.000e+00
195057.50	0.000e+00	0.000e+00	0.000e+00
195058.50	0.000e+00	0.000e+00	0.000e+00
195059.50	0.000e+00	0.000e+00	0.000e+00
195060.50	0.000e+00	0.000e+00	0.000e+00
195061.50	0.000e+00	0.000e+00	0.000e+00
195062.50	0.000e+00	0.000e+00	0.000e+00
195063.50	0.000e+00	0.000e+00	0.000e+00
195064.50	0.000e+00	0.000e+00	0.000e+00
195065.50	0.000e+00	0.000e+00	0.000e+00
195066.50	0.000e+00	0.000e+00	0.000e+00
195067.50	0.000e+00	0.000e+00	0.000e+00
195068.50	0.000e+00	0.000e+00	0.000e+00
195069.50	0.000e+00	0.000e+00	0.000e+00
195070.50	0.000e+00	0.000e+00	0.000e+00
195071.50	0.000e+00	0.000e+00	0.000e+00
195072.50	0.000e+00	0.000e+00	0.000e+00
195073.50	0.000e+00	0.000e+00	0.000e+00
195074.50	0.000e+00	0.000e+00	0.000e+00
195075.50	0.000e+00	0.000e+00	0.000e+00
195076.50	0.000e+00	0.000e+00	0.000e+00
195077.50	0.000e+00	0.000e+00	0.000e+00
195078.50	0.000e+00	0.000e+00	0.000e+00
195079.50	0.000e+00	0.000e+00	0.000e+00
195080.50	0.000e+00	0.000e+00	0.000e+00
195081.50	0.000e+00	0.000e+00	0.000e+00
195082.50	0.000e+00	0.000e+00	0.000e+00
195083.50	0.000e+00	0.000e+00	0.000e+00
195084.50	0.000e+00	0.000e+00	0.000e+00
195085.50	0.000e+00	0.000e+00	0.000e+00
195086.50	0.000e+00	0.000e+00	0.000e+00
195087.50	0.000e+00	0.000e+00	0.000e+00
195088.50	0.000e+00	0.000e+00	0.000e+00
195089.50	0.000e+00	0.000e+00	0.000e+00
195090.50	0.000e+00	0.000e+00	0.000e+00
195091.50	0.000e+00	0.000e+00	0.000e+00
195092.50	0.000e+00	0.000e+00	0.000e+00
195093.50	0.000e+00	0.000e+00	0.000e+00
195094.50	0.000e+00	0.000e+00	0.000e+00
195095.50	0.000e+00	0.000e+00	0.000e+00
195096.50	0.000e+00	0.000e+00	0.000e+00
195097.50	0.000e+00	0.000e+00	0.000e+00
195098.50	0.000e+00	0.000e+00	0.000e+00
195099.50	0.000e+00	0.000e+00	0.000e+00
195100.50	0.000e+00	0.000e+00	0.000e+00
195101.50	0.000e+00	0.000e+00	0.000e+00
195102.50	0.000e+00	0.000e+00	0.000e+00
195103.50	0.000e+00	0.000e+00	0.000e+00
195104.50	0.000e+00	0.000e+00	0.000e+00
195105.50	0.000e+00	0.000e+00	0.000e+00
195106.50	0.000e+00	0.000e+00	0.000e+00
195107.50	0.000e+00	0.000e+00	0.000e+00
195108.50	0.000e+00	0.000e+00	0.000e+00
195109.50	0.000e+00	0.000e+00	0.000e+00
195110.50	0.000e+00	0.000e+00	0.000e+00
195111.50	0.000e+00	0.000e+00	0.000e+00
195112.50	0.000e+00	0.000e+00	0.000e+00
195113.50	0.000e+00	0.000e+00	0.000e+00
195114.50	0.000e+00	0.000e+00	0.000e+00
195115.50	0.000e+00	0.000e+00	0.000e+00
195116.50	0.000e+00	0.000e+00	0.000e+00
195117.50	0.000e+00	0.000e+00	0.000e+00
195118.50	0.000e+00	0.000e+00	0.000e+00
195119.50	0.000e+00	0.000e+00	0.000e+00
195120.50	0.000e+00	0.000e+00	0.000e+00
195121.50	0.000e+00	0.000e+00	0.000e+00
195122.50	0.000e+00	0.000e+00	0.000e+00
195123.50	0.000e+00	0.000e+00	0.000e+00
195124.50	0.000e+00	0.000e+00	0.000e+00
195125.50	0.000e+00	0.000e+00	0.000e+00
195126.50	0.000e+00	0.000e+00	0.000e+00
195127.50	0.000e+00	0.000e+00	0.000e+00
195128.50	0.000e+00	0.000e+00	0.000e+00
195129.50	0.000e+00	0.000e+00	0.000e+00
195130.50	0.000e+00	0.000e+00	0.000e+00
195131.50	0.000e+00	0.000e+00	0.000e+00
195132.50	0.000e+00	0.000e+00	0.000e+00
195133.50	0.000e+00	0.000e+00	0.000e+00
195134.50	0.000e+00	0.000e+00	0.000e+00
195135.50	0.000e+00	0.000e+00	0.000e+00
195136.50	0.000e+00	0.000e+00	0.000e+00
195137.50	0.000e+00	0.000e+00	0.000e+00
195138.50	0.000e+00	0.000e+00	0.000e+00
195139.50	0.000e+00	0.000e+00	0.000e+00
195140.50	8.352e-06	-1.997e-03	-5.952e-03
195141.50	3.706e-06	-1.498e-03	-2.294e-03
195142.50	5.434e-06	-5.674e-04	-2.266e-04
195143.50	2.410e-06	-1.046e-03	-1.421e-03
195144.50	4.656e-04	1.094e-02	-4.032e-04
195145.50	-5.194e-04	-3.485e-02	-1.037e-02
195146.50	2.899e-04	3.254e-02	1.680e-02
195147.50	7.114e-04	-2.563e-02	-6.538e-02
195148.50	-6.058e-04	-1.690e-02	3.341e-02
195149.50	2.736e-04	1.594e-02	4.704e-02
195150.50	-1.987e-04	2.150e-02	-4.464e-03
195151.50	-2.755e-03	-3.859e-02	-3.984e-02
195152.50	1.680e-03	4.618e-03	-7.056e-03
195153.50	3.062e-04	-9.696e-03	-9.341e-03
195154.50	-1.277e-05	6.307e-03	-6.086e-03
195155.50	3.043e-04	-8.246e-03	-6.038e-03
195156.50	3.149e-05	-8.342e-03	6.374e-03
195157.50	9.072e-04	2.630e-02	5.549e-03
195158.50	1.056e-03	-5.414e-03	-1.238e-02
195159.50	-6.240e-05	1.498e-02	-8.275e-03
195160.50	3.034e-05	-2.083e-02	-2.746e-02
195161.50	-6.048e-04	6.970e-02	3.197e-02
195162.50	-2.534e-03	-5.942e-03	1.142e-01
195163.50	-7.450e-04	-1.267e-01	1.037e-01
195164.50	1.987e-04	4.608e-02	3.120e-02
195165.50	-8.170e-04	-7.315e-03	1.546e-01
195166.50	1.094e-03	9.792e-03	-1.210e-01
195167.50	6.614e-04	1.603e-02	-1.037e-01
195168.50	-1.421e-03	-6.048e-02	7.824e-02
195169.50	-4.742e-04	-4.992e-01	-3.610e-02
195170.50	-1.469e-03	-2.410e-01	2.189e-01
195171.50	-1.642e-03	-1.200e+00	-1.152e-01
195172.50	-1.392e-02	-5.539e+00	1.651e-01
195173.50	-4.848e-02	-1.805e+01	1.210e+00
195174.50	-1.066e-01	-4.752e+01	5.107e-01
195175.50	-2.390e-01	-1.123e+02	3.869e-01
195176.50	-4.579e-01	-2.112e+02	4.368e+00
195177.50	-5.194e-01	-2.515e+02	4.205e+00
195178.50	-3.744e-01	-1.795e+02	7.632e+00
195179.50	-5.933e-01	-2.947e+02	7.555e+00
195180.50	-1.450e-01	-1.181e+02	-3.389e+00
195181.50	1.104e-01	2.266e+01	-3.072e+00
195182.50	2.688e-01	9.139e+01	-7.805e+00
195183.50	2.026e-01	9.888e+01	1.805e+00
195184.50	2.285e-01	9.408e+01	-3.725e+00
195185.50	2.198e-01	8.342e+01	-7.114e+00
195186.50	1.411e-01	6.614e+01	-1.334e+00
195187.50	1.085e-01	6.288e+01	2.602e+00
195188.50	7.728e-02	5.203e+01	3.101e+00
195189.50	1.296e-01	4.790e+01	-4.099e+00
195190.50	8.899e-02	4.502e+01	-3.533e-02
195191.50	1.037e-01	4.032e+01	-4.080e+00
195192.50	7.594e-02	3.830e+01	-7.670e-01
195193.50	6.653e-02	3.235e+01	-6.634e-01
195194.50	5.002e-02	2.851e+01	6.192e-01
195195.50	5.453e-02	2.659e+01	-8.582e-01
195196.50	5.270e-02	2.640e+01	-5.194e-01
195197.50	3.350e-02	2.333e+01	4.157e-01
195198.50	3.610e-02	2.179e+01	8.966e-01
195199.50	3.341e-02	2.045e+01	7.238e-01
195200.50	3.110e-02	1.699e+01	-2.035e-02
195201.50	3.245e-02	1.594e+01	-1.133e+00
195202.50	2.256e-02	1.315e+01	3.178e-01
195203.50	3.216e-02	1.507e+01	-1.469e+00
195204.50	1.834e-02	1.430e+01	8.323e-01
195205.50	1.776e-02	1.296e+01	5.520e-01
195206.50	1.939e-02	1.354e+01	1.037e+00
195207.50	1.738e-02	1.200e+01	7.834e-01
195208.50	2.429e-02	1.123e+01	-1.267e+00
195209.50	1.901e-02	9.984e+00	-9.792e-01
195210.50	2.602e-02	9.984e+00	-1.325e+00
195211.50	2.496e-02	8.074e+00	-1.555e+00
195212.50	4.944e-03	8.419e+00	3.792e-01
195213.50	3.648e-03	8.112e+00	1.430e+00
195214.50	8.640e-03	7.094e+00	5.722e-01
195215.50	1.430e-02	6.634e+00	-2.995e-01
195216.50	5.366e-03	6.528e+00	2.678e-01
195217.50	7.680e-03	5.491e+00	2.083e-02
195218.50	1.075e-02	6.067e+00	3.062e-02
195219.50	-1.872e-03	5.424e+00	1.325e+00
195220.50	1.037e-03	5.414e+00	1.286e+00
195221.50	4.310e-03	4.550e+00	4.685e-01
195222.50	5.309e-03	4.310e+00	-2.314e-01
195223.50	1.085e-02	5.117e+00	-5.866e-01
195224.50	7.949e-03	3.581e+00	1.747e-01
195225.50	2.506e-03	4.416e+00	7.104e-01
195226.50	2.592e-03	3.658e+00	-2.774e-01
195227.50	1.094e-04	2.016e+00	-3.053e-01
195228.50	9.389e-03	3.638e+00	-7.286e-01
195229.50	3.638e-03	3.888e+00	-1.786e-01
195230.50	2.544e-03	3.763e+00	9.235e-01
195231.50	5.155e-03	2.314e+00	-1.949e-01
195232.50	-7.632e-03	3.101e+00	8.227e-01
195233.50	-1.613e-03	2.563e+00	3.715e-01
195234.50	-2.774e-03	2.285e+00	4.810e-01
195235.50	6.806e-03	2.544e+00	-7.555e-02
195236.50	1.939e-03	2.285e+00	2.890e-02
195237.50	4.435e-03	2.246e+00	-1.008e+00
195238.50	7.142e-03	2.314e+00	-5.098e-01
195239.50	-8.294e-04	1.901e+00	-9.561e-02
195240.50	3.610e-02	1.382e+00	3.581e-01
195241.50	-7.958e-03	1.786e+00	4.579e-01
195242.50	-6.086e-03	1.843e+00	-4.445e-01
195243.50	1.114e-03	7.488e-01	-5.434e-03
195244.50	5.549e-03	1.882e+00	1.642e-01
195245.50	1.238e-02	1.699e+00	-1.622e-02
195246.50	-4.435e-03	1.325e+00	3.302e-01
195247.50	-7.517e-03	1.027e+00	-8.890e-02
195248.50	-1.075e-03	1.459e+00	2.822e-01
195249.50	8.630e-04	1.027e+00	-3.648e-01
195250.50	7.699e-03	1.498e+00	-6.221e-01
195251.50	5.270e-04	1.459e+00	4.675e-02
195252.50	2.496e-04	8.515e-01	-8.150e-02
195253.50	5.933e-04	3.456e-01	-8.688e-02
195254.50	7.882e-04	1.190e+00	2.410e-01
195255.50	2.390e-03	9.216e-01	-1.488e-01
195256.50	4.714e-05	8.813e-01	7.786e-02
195257.50	1.085e-03	6.192e-01	-6.778e-02
195258.50	1.939e-03	3.370e-01	-1.517e-01
195259.50	-2.208e-03	1.027e+00	5.136e-01
195260.50	1.565e-02	3.792e-01	1.555e-01
195261.50	7.478e-03	1.008e+00	-2.266e-02
195262.50	3.130e-04	1.018e+00	5.856e-02
195263.50	3.715e-03	2.554e-01	-1.411e-01
195264.50	2.573e-03	8.304e-01	1.920e-01
195265.50	1.930e-03	8.630e-01	-9.091e-02
195266.50	-4.733e-03	5.942e-02	-2.342e-01
195267.50	-8.035e-03	-7.018e-02	-8.342e-02
195268.50	-1.546e-02	1.267e+00	2.083e-01
195269.50	2.640e-03	4.550e-01	-4.349e-03
195270.50	6.970e-03	3.101e-01	2.083e-01
195271.50	2.477e-02	5.318e-01	-4.157e-02
195272.50	-1.632e-02	5.914e-01	-7.632e-02
195273.50	-2.064e-02	8.765e-01	-3.456e-01
195274.50	2.083e-03	4.589e-01	-1.718e-01
195275.50	-2.285e-03	1.872e-01	8.928e-01
195276.50	-1.430e-03	5.232e-01	-1.882e-01
195277.50	8.678e-03	3.254e-01	-4.214e-01
195278.50	3.274e-03	6.730e-02	-6.826e-01
195279.50	-1.037e-02	1.776e-02	5.357e-01
195280.50	-4.291e-03	2.083e-01	-1.565e-01
195281.50	3.571e-02	1.171e+00	-1.843e-01
195282.50	1.018e-02	-9.984e-02	4.243e-01
195283.50	7.834e-03	3.706e-01	-1.104e-02
195284.50	1.853e-03	2.179e-01	-2.746e-01
195285.50	2.957e-03	4.589e-01	4.032e-01
195286.50	-1.901e-02	-4.013e-02	-8.237e-02
195287.50	-1.104e-02	3.082e-01	-7.498e-02
195288.50	5.741e-03	1.200e-01	-1.046e-02
195289.50	9.888e-04	4.608e-01	-1.498e-01
195290.50	-9.302e-04	1.594e-01	-4.454e-02
195291.50	1.421e-02	8.515e-01	-2.246e-01
195292.50	4.301e-03	1.450e-01	-1.334e-01
195293.50	-7.171e-03	-2.458e-01	2.611e-01
195294.50	1.987e-03	2.573e-01	-9.984e-02
195295.50	-2.899e-03	1.181e-01	3.485e-01
195296.50	1.574e-04	2.602e-01	3.955e-02
195297.50	3.859e-03	2.918e-01	-2.362e-01
195298.50	-2.045e-03	2.736e-01	-3.744e-02
195299.50	-3.389e-03	2.054e-01	1.526e-01
195300.50	6.077e-03	1.709e-01	-1.997e-01
195301.50	4.666e-03	4.013e-01	-7.939e-02
195302.50	2.438e-03	4.128e-01	1.046e-01
195303.50	-8.371e-03	-3.072e-01	1.978e-01
195304.50	-1.085e-02	2.362e-01	1.555e-01
195305.50	-5.645e-03	2.438e-01	-5.309e-02
195306.50	2.688e-03	1.546e-01	-2.208e-01
195307.50	-1.670e-03	-2.083e-01	-8.938e-02
195308.50	-1.229e-03	-4.483e-02	9.984e-02
195309.50	1.066e-03	2.880e-01	1.613e-01
195310.50	-7.670e-04	1.910e-01	2.746e-02
195311.50	-2.342e-03	-2.755e-02	1.757e-01
195312.50	1.229e-03	3.926e-01	2.438e-01
195313.50	-7.056e-04	-1.786e-01	8.419e-02
195314.50	-1.085e-03	-6.288e-02	1.334e-02
195315.50	-2.333e-03	2.131e-01	2.371e-01
195316.50	3.302e-03	2.045e-01	-2.928e-01
195317.50	3.254e-03	2.208e-01	-3.293e-01
195318.50	-8.304e-03	1.181e-02	-5.405e-03
195319.50	4.061e-03	2.237e-01	2.890e-04
195320.50	4.042e-03	-8.083e-02	-8.928e-02
195321.50	2.467e-03	-1.210e-01	5.376e-02
195322.50	-1.018e-03	2.314e-01	-2.592e-01
195323.50	-1.939e-03	2.371e-01	-9.984e-02
195324.50	-1.315e-03	2.371e-01	-2.006e-02
195325.50	-1.315e-02	-1.306e-01	-4.810e-02
195326.50	7.411e-03	1.286e-01	-7.872e-02
195327.50	3.139e-03	-1.661e-03	8.899e-02
195328.50	-2.006e-03	1.104e-01	9.139e-02
195329.50	1.354e-03	1.709e-01	-1.162e-01
195330.50	-1.114e-03	5.568e-02	7.824e-02
195331.50	-1.757e-03	-2.102e-02	1.766e-01
195332.50	8.957e-04	-3.850e-02	2.064e-01
195333.50	7.306e-04	5.357e-02	-1.344e-01
195334.50	-2.870e-03	6.614e-02	7.123e-02
195335.50	2.832e-03	2.544e-01	-4.301e-02
195336.50	-3.216e-03	-1.594e-01	3.850e-02
195337.50	-7.968e-03	5.885e-03	2.698e-02
195338.50	-2.026e-03	3.370e-01	2.304e-02
195339.50	6.010e-04	3.494e-02	-6.250e-02
195340.50	4.157e-03	-8.026e-02	-9.187e-02
195341.50	8.611e-04	7.757e-02	-1.670e-01
195342.50	-1.037e-04	6.653e-02	-6.509e-03
195343.50	-2.035e-03	-1.882e-02	2.410e-01
195344.50	1.603e-03	1.930e-02	-2.093e-01
195345.50	1.363e-03	5.654e-02	1.430e-01
195346.50	1.094e-02	8.016e-02	-2.467e-01
195347.50	-5.885e-04	3.235e-02	-9.984e-02
195348.50	-4.166e-03	5.088e-02	5.290e-02
195349.50	-1.498e-03	1.824e-01	9.398e-02
195350.50	6.269e-05	1.661e-01	4.282e-02
195351.50	1.430e-02	-3.792e-01	-2.054e-01
195352.50	1.392e-02	-1.651e-01	1.632e-01
195353.50	-1.210e-02	9.005e-02	1.440e-01
195354.50	-2.026e-02	1.344e-01	1.334e-01
195355.50	-6.614e-03	-2.621e-02	-3.005e-02
195356.50	1.440e-04	1.565e-01	6.278e-02
195357.50	-2.160e-04	-3.082e-02	1.344e-01
195358.50	3.034e-03	1.200e-01	-5.818e-03
195359.50	-1.277e-03	9.888e-02	-6.125e-02
195360.50	1.805e-03	1.354e-01	-4.195e-03
195361.50	5.136e-03	3.456e-02	1.382e-01
195362.50	-2.016e-03	-3.600e-02	1.066e-01
195363.50	-3.446e-04	1.786e-02	-1.210e-02
195364.50	4.522e-04	1.824e-01	3.062e-02
195365.50	1.277e-03	1.747e-01	1.786e-01
195366.50	1.267e-04	3.187e-02	-1.315e-01
195367.50	-9.005e-04	7.728e-02	1.162e-01
195368.50	1.517e-03	-1.594e-02	4.378e-02
195369.50	-1.814e-03	6.067e-02	4.253e-02
195370.50	-9.437e-04	-5.549e-02	-3.418e-02
195371.50	-4.973e-03	-1.450e-01	-1.843e-02
195372.50	-1.507e-03	-3.830e-02	2.006e-02
195373.50	-3.811e-04	2.496e-01	-9.888e-02
195374.50	6.710e-04	3.610e-02	-8.237e-02
195375.50	4.858e-04	-7.651e-02	6.326e-02
195376.50	-2.813e-03	-2.774e-02	1.210e-01
195377.50	-6.470e-04	4.003e-02	-3.254e-02
195378.50	2.074e-03	1.872e-02	-1.555e-01
195379.50	2.976e-04	1.862e-01	4.493e-02
195380.50	5.578e-04	-8.822e-02	3.466e-02
195381.50	-6.067e-04	-1.699e-02	1.181e-01
195382.50	1.238e-02	5.530e-02	-1.968e-02
195383.50	1.123e-02	7.565e-02	9.149e-02
195384.50	3.869e-03	5.722e-02	-9.418e-02
195385.50	8.189e-05	4.042e-02	-3.821e-02
195386.50	1.603e-02	3.283e-02	-1.891e-02
195387.50	2.582e-02	1.498e-01	-1.805e-01
195388.50	-1.296e-01	-5.626e-01	3.302e-01
195389.50	2.755e-02	1.459e-01	1.450e-01
195390.50	-8.467e-04	-1.229e-01	1.075e-01
195391.50	-6.845e-03	3.926e-02	-5.462e-02
195392.50	-5.760e-04	3.715e-02	6.749e-02
195393.50	5.875e-03	-8.947e-02	-5.664e-02
195394.50	1.766e-02	1.190e-01	-1.872e-01
195395.50	1.238e-02	1.997e-01	4.810e-02
195396.50	-3.773e-03	7.478e-02	2.371e-02
195397.50	-7.056e-03	5.117e-03	-8.371e-02
195398.50	3.130e-03	-7.229e-02	-5.846e-02
195399.50	3.331e-03	-7.920e-02	7.622e-02
195400.50	-1.210e-03	6.442e-02	-5.635e-02
195401.50	-3.235e-04	-5.386e-03	-5.011e-02
195402.50	-1.920e-04	-2.851e-02	1.862e-02
195403.50	-2.045e-03	2.640e-02	6.662e-02
195404.50	-5.357e-04	-6.912e-03	-9.187e-02
195405.50	3.638e-03	-4.541e-02	-1.104e-01
195406.50	1.920e-03	-4.099e-02	9.187e-02
195407.50	-4.214e-04	-3.658e-03	-9.379e-02
195408.50	3.053e-03	-5.203e-02	6.950e-02
195409.50	9.475e-04	2.976e-02	-2.419e-02
195410.50	9.331e-04	-5.251e-02	-5.126e-02
195411.50	1.728e-03	1.354e-01	-2.554e-02
195412.50	1.085e-04	4.867e-02	6.586e-02
195413.50	6.557e-04	-3.888e-02	2.429e-02
195414.50	2.314e-04	-2.890e-02	-3.562e-02
195415.50	1.229e-03	8.246e-03	9.437e-02
195416.50	-1.008e-03	7.565e-02	-1.651e-02
195417.50	7.603e-04	3.475e-02	4.963e-04
195418.50	-1.286e-04	-1.238e-01	-1.248e-01
195419.50	4.618e-04	1.219e-01	5.453e-02
195420.50	-3.571e-04	6.864e-02	2.650e-02
195421.50	-2.371e-03	1.402e-01	-1.795e-02
195422.50	1.920e-03	-1.411e-01	-8.717e-02
195423.50	-3.898e-04	-9.264e-02	1.450e-02
195424.50	2.208e-04	9.494e-02	-1.325e-01
195425.50	-2.400e-04	-1.392e-02	-7.738e-03
195426.50	-4.243e-03	5.424e-02	-2.707e-02
195427.50	-2.640e-03	-1.142e-01	-3.840e-04
195428.50	-2.141e-03	-5.184e-04	1.018e-01
195429.50	1.344e-04	2.592e-02	8.275e-04
195430.50	-4.253e-03	-2.736e-02	3.053e-02
195431.50	3.648e-03	3.581e-02	4.262e-02
195432.50	-2.064e-03	6.826e-02	-1.747e-02
195433.50	-7.267e-03	2.784e-03	-1.786e-04
195434.50	-7.968e-03	-1.411e-02	3.629e-03
195435.50	1.104e-03	2.198e-02	-6.835e-02
195436.50	-2.803e-03	3.254e-02	6.086e-02
195437.50	-1.238e-03	8.630e-02	-1.210e-02
195438.50	1.786e-03	-5.059e-02	-1.469e-02
195439.50	1.085e-02	3.926e-02	-7.344e-02
195440.50	4.646e-03	7.968e-02	-5.674e-03
195441.50	-2.659e-03	-8.746e-02	7.344e-02
195442.50	2.237e-03	3.427e-02	2.198e-02
195443.50	-2.285e-04	3.398e-02	2.602e-02
195444.50	3.120e-03	-5.002e-02	6.374e-02
195445.50	-5.021e-04	-1.344e-01	-6.874e-02
195446.50	1.229e-03	-4.627e-02	-1.190e-01
195447.50	3.389e-04	2.294e-01	1.306e-02
195448.50	-1.411e-03	-1.258e-02	1.843e-03
195449.50	-1.133e-03	4.474e-02	2.362e-02
195450.50	1.354e-03	-3.667e-02	1.478e-02
195451.50	3.101e-03	-8.650e-02	-2.026e-02
195452.50	-5.126e-04	7.872e-03	5.702e-02
195453.50	8.179e-06	1.123e-01	2.506e-02
195454.50	1.421e-03	1.046e-01	3.552e-02
195455.50	3.091e-03	-3.552e-02	-1.402e-01
195456.50	-1.834e-03	-3.062e-02	-1.325e-02
195457.50	-2.448e-03	3.878e-02	3.811e-02
195458.50	-1.094e-03	1.142e-02	-2.054e-02
195459.50	3.053e-03	-1.200e-01	-1.786e-01
195460.50	-1.891e-03	-4.291e-02	6.797e-02
195461.50	2.323e-04	6.874e-03	1.123e-01
195462.50	5.059e-04	6.086e-02	2.093e-02
195463.50	5.962e-04	-9.792e-02	-3.408e-02
195464.50	-8.400e-04	-4.157e-02	1.181e-02
195465.50	-2.390e-03	4.954e-03	-8.899e-02
195466.50	6.931e-04	5.818e-02	-8.448e-02
195467.50	-4.051e-03	4.003e-03	5.462e-02
195468.50	7.488e-04	7.238e-02	9.379e-02
195469.50	3.418e-04	1.142e-01	-4.675e-02
195470.50	7.517e-03	2.381e-02	-5.376e-03
195471.50	5.933e-03	4.214e-02	-9.053e-03
195472.50	3.360e-03	-7.718e-02	4.752e-02
195473.50	-1.536e-04	3.792e-03	3.821e-02
195474.50	-1.738e-03	-3.888e-02	4.051e-02
195475.50	-1.286e-04	-1.699e-02	-6.451e-02
195476.50	-3.264e-03	-3.274e-02	-2.170e-02
195477.50	7.642e-04	6.643e-03	2.035e-02
195478.50	-4.598e-04	-6.442e-03	3.600e-03
195479.50	-4.723e-03	2.554e-02	-4.781e-02
195480.50	-4.272e-03	5.213e-02	3.830e-02
195481.50	-7.757e-04	8.726e-02	8.803e-02
195482.50	1.219e-03	1.094e-02	-6.557e-02
195483.50	1.805e-03	4.282e-02	5.357e-02
195484.50	3.734e-04	4.003e-02	7.603e-02
195485.50	9.408e-04	-1.776e-02	-1.094e-02
195486.50	1.613e-03	6.739e-02	3.571e-02
195487.50	9.571e-04	1.181e-02	-2.918e-02
195488.50	-3.120e-04	-2.995e-02	3.206e-02
195489.50	1.258e-04	3.149e-02	-4.186e-02
195490.50	7.978e-04	-7.027e-02	-6.672e-02
195491.50	-3.053e-04	1.142e-01	-2.160e-02
195492.50	-1.421e-03	6.250e-02	5.549e-02
195493.50	-6.691e-04	2.275e-02	-7.085e-02
195494.50	-1.133e-03	2.746e-03	-4.896e-02
195495.50	1.008e-03	-8.602e-04	-2.285e-02
195496.50	9.888e-03	-1.104e-02	6.566e-02
195497.50	5.654e-02	2.717e-02	2.112e-01
195498.50	-2.045e-03	-6.240e-02	3.878e-02
195499.50	-1.114e-02	-1.123e-01	-4.954e-02
195500.50	-1.277e-03	-5.491e-02	4.272e-02
195501.50	-2.554e-03	-1.920e-02	-1.027e-01
195502.50	6.826e-03	4.320e-02	2.582e-02
195503.50	-5.174e-03	-3.475e-02	-8.131e-02
195504.50	-6.413e-02	-2.083e-02	-1.843e-01
195505.50	-1.344e-03	6.874e-02	4.147e-02
195506.50	4.848e-04	1.037e-02	-1.882e-02
195507.50	1.920e-02	8.544e-02	-9.696e-03
195508.50	-6.595e-06	2.842e-02	9.600e-03
195509.50	4.646e-06	-9.178e-02	-2.918e-02
195510.50	-9.792e-03	9.398e-03	4.522e-03
195511.50	1.056e-02	-6.365e-02	-3.082e-02
195512.50	3.360e-03	1.085e-02	-2.141e-02
195513.50	-2.304e-02	-1.325e-01	7.661e-02
195514.50	-1.229e-02	-7.709e-02	1.766e-03
195515.50	-2.602e-04	4.762e-02	-5.069e-02
195516.50	-1.565e-03	-1.066e-02	1.171e-02
195517.50	5.050e-04	4.598e-03	-7.776e-02
195518.50	-8.582e-04	1.229e-02	-7.248e-03
195519.50	-1.786e-03	-5.654e-02	8.621e-02
195520.50	8.400e-04	3.379e-02	-3.360e-02
195521.50	-7.939e-04	3.706e-02	-5.050e-02
195522.50	3.206e-03	7.306e-02	3.389e-02
195523.50	-1.152e-03	-7.066e-02	1.402e-01
195524.50	-1.526e-03	-6.902e-02	-2.189e-02
195525.50	7.766e-05	-1.728e-02	3.936e-02
195526.50	3.514e-04	-3.619e-02	-2.842e-03
195527.50	-2.170e-03	-3.091e-02	3.206e-03
195528.50	2.352e-03	4.003e-02	-2.064e-02
195529.50	7.574e-04	-5.741e-03	4.272e-02
195530.50	1.440e-03	-1.392e-02	-3.034e-02
195531.50	6.912e-03	7.440e-02	-1.258e-01
195532.50	-3.658e-03	-4.522e-02	-2.534e-02
195533.50	-1.814e-03	4.291e-02	-1.718e-02
195534.50	-9.091e-04	-3.197e-02	-1.766e-03
195535.50	-1.795e-03	-8.198e-03	-7.094e-03
195536.50	2.256e-03	-4.051e-02	4.944e-02
195537.50	6.730e-03	4.128e-02	8.064e-02
195538.50	7.219e-03	1.642e-03	-7.142e-03
195539.50	3.053e-03	-1.248e-02	9.024e-02
195540.50	1.670e-06	-4.310e-02	2.957e-02
195541.50	-1.046e-03	1.075e-02	-8.342e-02
195542.50	-4.627e-03	-3.562e-03	-8.995e-02
195543.50	-1.181e-02	4.387e-02	-3.437e-02
195544.50	-9.101e-04	8.957e-02	3.350e-02
195545.50	2.016e-03	9.053e-02	4.618e-02
195546.50	-4.800e-03	-4.675e-02	-4.973e-02
195547.50	-1.229e-03	1.920e-02	-9.571e-03
195548.50	-1.824e-03	2.141e-02	6.970e-02
195549.50	1.382e-03	-5.251e-02	6.163e-02
195550.50	2.486e-03	3.869e-02	-8.784e-02
195551.50	2.803e-04	-9.197e-03	-7.258e-02
195552.50	1.190e-03	-2.976e-02	2.602e-02
195553.50	8.669e-04	3.811e-02	5.482e-02
195554.50	-2.035e-03	1.930e-02	-4.109e-02
195555.50	-6.720e-03	-2.573e-02	-5.309e-02
195556.50	7.181e-03	-4.080e-02	7.104e-02
195557.50	8.371e-04	-1.402e-02	1.709e-02
195558.50	6.586e-04	-2.736e-02	-1.315e-02
195559.50	2.006e-02	1.526e-01	6.691e-02
195560.50	-9.379e-03	2.102e-02	2.294e-02
195561.50	7.181e-03	7.440e-02	2.227e-02
195562.50	-5.981e-05	-4.205e-02	-1.661e-02
195563.50	-8.947e-04	-2.669e-02	-6.202e-02
195564.50	-8.659e-04	-7.661e-02	8.410e-02
195565.50	2.621e-03	6.989e-02	-3.206e-02
195566.50	-3.955e-03	-1.238e-02	-2.400e-02
195567.50	1.056e-02	3.245e-02	5.146e-02
195568.50	-3.302e-04	9.888e-03	-2.611e-02
195569.50	1.018e-04	6.730e-02	-3.696e-03
195570.50	-1.488e-03	2.534e-02	1.219e-02
195571.50	-6.922e-04	-4.090e-02	2.698e-03
195572.50	9.696e-04	1.046e-02	1.949e-02
195573.50	2.813e-04	2.918e-02	-1.872e-02
195574.50	-3.898e-05	-3.984e-02	-4.982e-02
195575.50	-4.685e-03	-8.611e-02	-1.142e-02
195576.50	-2.074e-03	-8.486e-03	3.802e-02
195577.50	-4.464e-03	-5.942e-02	-8.928e-02
195578.50	-5.405e-05	-3.418e-02	-1.267e-02
195579.50	-5.136e-04	-3.686e-03	-1.997e-03
195580.50	3.610e-04	-3.946e-02	-6.230e-03
195581.50	6.662e-04	-6.182e-04	4.147e-02
195582.50	-9.600e-04	-1.430e-02	7.162e-02
195583.50	-8.938e-03	-1.354e-02	-4.493e-02
195584.50	-4.829e-03	-1.306e-02	4.291e-03
195585.50	-5.126e-03	8.918e-02	4.522e-02
195586.50	9.542e-03	1.066e-02	-1.709e-02
195587.50	1.123e-03	5.472e-02	2.227e-02
195588.50	4.800e-04	1.402e-02	1.498e-02
195589.50	1.680e-04	-5.107e-03	2.774e-02
195590.50	2.822e-04	-1.891e-02	-7.133e-02
195591.50	-1.901e-03	-6.739e-02	3.130e-02
195592.50	-3.072e-03	3.466e-02	2.227e-02
195593.50	-1.891e-05	-3.667e-02	-7.776e-02
195594.50	8.611e-04	-1.738e-02	-7.910e-03
195595.50	-1.555e-03	1.786e-02	-5.952e-03
195596.50	1.373e-03	3.235e-02	4.032e-02
195597.50	1.162e-03	4.454e-02	-5.683e-03
195598.50	5.395e-04	-2.064e-02	9.888e-03
195599.50	1.306e-03	2.995e-02	3.408e-02
195600.50	8.266e-04	-2.592e-02	-1.421e-02
195601.50	6.029e-04	-2.813e-02	3.446e-02
195602.50	2.419e-03	3.763e-03	1.949e-02
195603.50	-4.829e-04	5.971e-03	-3.562e-02
195604.50	-8.534e-04	-6.086e-02	-5.309e-02
195605.50	7.296e-05	-4.061e-02	6.509e-02
195606.50	1.795e-04	2.314e-02	-3.197e-03
195607.50	-6.557e-04	1.747e-02	-3.226e-02
195608.50	5.539e-04	5.146e-02	-5.184e-02
195609.50	-9.312e-04	-6.605e-03	3.629e-02
195610.50	-3.514e-04	2.074e-02	-3.811e-02
195611.50	2.573e-04	-2.285e-02	-3.552e-02
195612.50	-9.418e-04	3.869e-02	8.467e-03
195613.50	3.350e-04	4.474e-02	-1.152e-02
195614.50	6.019e-04	1.440e-03	1.594e-02
195615.50	2.227e-04	1.411e-03	-3.062e-02
195616.50	-1.536e-04	8.237e-02	2.918e-02
195617.50	2.669e-04	-2.957e-02	2.294e-02
195618.50	-1.402e-03	-5.741e-02	-8.640e-03
195619.50	1.094e-03	-1.459e-02	-4.522e-03
195620.50	1.094e-02	2.899e-02	1.728e-02
195621.50	4.637e-03	1.872e-02	1.651e-02
195622.50	-1.747e-02	-1.210e-01	3.754e-02
195623.50	-1.526e-04	-3.072e-02	-4.282e-02
195624.50	1.325e-02	-4.445e-02	-2.966e-03
195625.50	4.061e-03	2.112e-02	6.250e-02
195626.50	-7.363e-05	2.045e-02	1.584e-02
195627.50	-1.622e-04	1.123e-03	2.381e-03
195628.50	8.026e-04	4.666e-03	9.130e-03
195629.50	5.520e-04	2.237e-02	9.696e-03
195630.50	-6.346e-04	-5.184e-02	-3.149e-02
195631.50	6.048e-04	-3.744e-02	-1.133e-02
195632.50	-6.298e-04	3.024e-02	3.571e-02
195633.50	6.528e-04	6.192e-02	-3.082e-03
195634.50	2.938e-04	1.555e-02	1.459e-02
195635.50	2.074e-04	-7.421e-03	-1.046e-02
195636.50	1.469e-03	4.042e-02	-1.930e-02
