195038.50	0.000e+00	0.000e+00	0.000e+00
195039.50	0.000e+00	0.000e+00	0.000e+00
195040.50	0.000e+00	0.000e+00	0.000e+00
195041.50	0.000e+00	0.000e+00	0.000e+00
195042.50	0.000e+00	0.000e+00	0.000e+00
195043.50	0.000e+00	0.000e+00	0.000e+00
195044.50	0.000e+00	0.000e+00	0.000e+00
195045.50	0.000e+00	0.000e+00	0.000e+00
195046.50	0.000e+00	0.000e+00	0.000e+00
195047.50	0.000e+00	0.000e+00	0.000e+00
195048.50	0.000e+00	0.000e+00	0.000e+00
195049.50	0.000e+00	0.000e+00	0.000e+00
195050.50	0.000e+00	0.000e+00	0.000e+00
195051.50	0.000e+00	0.000e+00	0.000e+00
195052.50	0.000e+00	0.000e+00	0.000e+00
195053.50	0.000e+00	0.000e+00	0.000e+00
195054.50	0.000e+00	0.000e+00	0.000e+00
195055.50	0.000e+00	0.000e+00	0.000e+00
195056.50	0.000e+00	0.000e+00	0.000e+00
195057.50	0.000e+00	0.000e+00	0.000e+00
195058.50	0.000e+00	0.000e+00	0.000e+00
195059.50	0.000e+00	0.000e+00	0.000e+00
195060.50	0.000e+00	0.000e+00	0.000e+00
195061.50	0.000e+00	0.000e+00	0.000e+00
195062.50	0.000e+00	0.000e+00	0.000e+00
195063.50	0.000e+00	0.000e+00	0.000e+00
195064.50	0.000e+00	0.000e+00	0.000e+00
195065.50	0.000e+00	0.000e+00	0.000e+00
195066.50	0.000e+00	0.000e+00	0.000e+00
195067.50	0.000e+00	0.000e+00	0.000e+00
195068.50	0.000e+00	0.000e+00	0.000e+00
195069.50	0.000e+00	0.000e+00	0.000e+00
195070.50	0.000e+00	0.000e+00	0.000e+00
195071.50	0.000e+00	0.000e+00	0.000e+00
195072.50	0.000e+00	0.000e+00	0.000e+00
195073.50	0.000e+00	0.000e+00	0.000e+00
195074.50	0.000e+00	0.000e+00	0.000e+00
195075.50	0.000e+00	0.000e+00	0.000e+00
195076.50	0.000e+00	0.000e+00	0.000e+00
195077.50	0.000e+00	0.000e+00	0.000e+00
195078.50	0.000e+00	0.000e+00	0.000e+00
195079.50	0.000e+00	0.000e+00	0.000e+00
195080.50	0.000e+00	0.000e+00	0.000e+00
195081.50	0.000e+00	0.000e+00	0.000e+00
195082.50	0.000e+00	0.000e+00	0.000e+00
195083.50	0.000e+00	0.000e+00	0.000e+00
195084.50	0.000e+00	0.000e+00	0.000e+00
195085.50	0.000e+00	0.000e+00	0.000e+00
195086.50	0.000e+00	0.000e+00	0.000e+00
195087.50	0.000e+00	0.000e+00	0.000e+00
195088.50	0.000e+00	0.000e+00	0.000e+00
195089.50	0.000e+00	0.000e+00	0.000e+00
195090.50	0.000e+00	0.000e+00	0.000e+00
195091.50	0.000e+00	0.000e+00	0.000e+00
195092.50	0.000e+00	0.000e+00	0.000e+00
195093.50	0.000e+00	0.000e+00	0.000e+00
195094.50	0.000e+00	0.000e+00	0.000e+00
195095.50	0.000e+00	0.000e+00	0.000e+00
195096.50	0.000e+00	0.000e+00	0.000e+00
195097.50	0.000e+00	0.000e+00	0.000e+00
195098.50	0.000e+00	0.000e+00	0.000e+00
195099.50	0.000e+00	0.000e+00	0.000e+00
195100.50	0.000e+00	0.000e+00	0.000e+00
195101.50	0.000e+00	0.000e+00	0.000e+00
195102.50	0.000e+00	0.000e+00	0.000e+00
195103.50	0.000e+00	0.000e+00	0.000e+00
195104.50	0.000e+00	0.000e+00	0.000e+00
195105.50	0.000e+00	0.000e+00	0.000e+00
195106.50	0.000e+00	0.000e+00	0.000e+00
195107.50	0.000e+00	0.000e+00	0.000e+00
195108.50	0.000e+00	0.000e+00	0.000e+00
195109.50	0.000e+00	0.000e+00	0.000e+00
195110.50	0.000e+00	0.000e+00	0.000e+00
195111.50	0.000e+00	0.000e+00	0.000e+00
195112.50	0.000e+00	0.000e+00	0.000e+00
195113.50	0.000e+00	0.000e+00	0.000e+00
195114.50	0.000e+00	0.000e+00	0.000e+00
195115.50	0.000e+00	0.000e+00	0.000e+00
195116.50	0.000e+00	0.000e+00	0.000e+00
195117.50	0.000e+00	0.000e+00	0.000e+00
195118.50	0.000e+00	0.000e+00	0.000e+00
195119.50	0.000e+00	0.000e+00	0.000e+00
195120.50	0.000e+00	0.000e+00	0.000e+00
195121.50	0.000e+00	0.000e+00	0.000e+00
195122.50	0.000e+00	0.000e+00	0.000e+00
195123.50	0.000e+00	0.000e+00	0.000e+00
195124.50	0.000e+00	0.000e+00	0.000e+00
195125.50	0.000e+00	0.000e+00	0.000e+00
195126.50	0.000e+00	0.000e+00	0.000e+00
195127.50	0.000e+00	0.000e+00	0.000e+00
195128.50	0.000e+00	0.000e+00	0.000e+00
195129.50	0.000e+00	0.000e+00	0.000e+00
195130.50	0.000e+00	0.000e+00	0.000e+00
195131.50	0.000e+00	0.000e+00	0.000e+00
195132.50	0.000e+00	0.000e+00	0.000e+00
195133.50	0.000e+00	0.000e+00	0.000e+00
195134.50	0.000e+00	0.000e+00	0.000e+00
195135.50	0.000e+00	0.000e+00	0.000e+00
195136.50	0.000e+00	0.000e+00	0.000e+00
195137.50	0.000e+00	0.000e+00	0.000e+00
195138.50	0.000e+00	0.000e+00	0.000e+00
195139.50	0.000e+00	0.000e+00	0.000e+00
195140.50	0.000e+00	0.000e+00	0.000e+00
195141.50	0.000e+00	0.000e+00	0.000e+00
195142.50	0.000e+00	0.000e+00	0.000e+00
195143.50	0.000e+00	0.000e+00	0.000e+00
195144.50	0.000e+00	0.000e+00	0.000e+00
195145.50	0.000e+00	0.000e+00	0.000e+00
195146.50	0.000e+00	0.000e+00	0.000e+00
195147.50	0.000e+00	0.000e+00	0.000e+00
195148.50	0.000e+00	0.000e+00	0.000e+00
195149.50	0.000e+00	0.000e+00	0.000e+00
195150.50	0.000e+00	0.000e+00	0.000e+00
195151.50	0.000e+00	0.000e+00	0.000e+00
195152.50	0.000e+00	0.000e+00	0.000e+00
195153.50	0.000e+00	0.000e+00	0.000e+00
195154.50	0.000e+00	0.000e+00	0.000e+00
195155.50	0.000e+00	0.000e+00	0.000e+00
195156.50	0.000e+00	0.000e+00	0.000e+00
195157.50	0.000e+00	0.000e+00	0.000e+00
195158.50	0.000e+00	0.000e+00	0.000e+00
195159.50	0.000e+00	0.000e+00	0.000e+00
195160.50	0.000e+00	0.000e+00	0.000e+00
195161.50	0.000e+00	0.000e+00	0.000e+00
195162.50	0.000e+00	0.000e+00	0.000e+00
195163.50	0.000e+00	0.000e+00	0.000e+00
195164.50	0.000e+00	0.000e+00	0.000e+00
195165.50	0.000e+00	0.000e+00	0.000e+00
195166.50	0.000e+00	0.000e+00	0.000e+00
195167.50	0.000e+00	0.000e+00	0.000e+00
195168.50	0.000e+00	0.000e+00	0.000e+00
195169.50	0.000e+00	0.000e+00	0.000e+00
195170.50	0.000e+00	0.000e+00	0.000e+00
195171.50	0.000e+00	0.000e+00	0.000e+00
195172.50	0.000e+00	0.000e+00	0.000e+00
195173.50	0.000e+00	0.000e+00	0.000e+00
195174.50	0.000e+00	0.000e+00	0.000e+00
195175.50	0.000e+00	0.000e+00	0.000e+00
195176.50	0.000e+00	0.000e+00	0.000e+00
195177.50	0.000e+00	0.000e+00	0.000e+00
195178.50	0.000e+00	0.000e+00	0.000e+00
195179.50	0.000e+00	0.000e+00	0.000e+00
195180.50	0.000e+00	0.000e+00	0.000e+00
195181.50	0.000e+00	0.000e+00	0.000e+00
195182.50	0.000e+00	0.000e+00	0.000e+00
195183.50	0.000e+00	0.000e+00	0.000e+00
195184.50	0.000e+00	0.000e+00	0.000e+00
195185.50	0.000e+00	0.000e+00	0.000e+00
195186.50	0.000e+00	0.000e+00	0.000e+00
195187.50	0.000e+00	0.000e+00	0.000e+00
195188.50	0.000e+00	0.000e+00	0.000e+00
195189.50	0.000e+00	0.000e+00	0.000e+00
195190.50	0.000e+00	0.000e+00	0.000e+00
195191.50	0.000e+00	0.000e+00	0.000e+00
195192.50	0.000e+00	0.000e+00	0.000e+00
195193.50	0.000e+00	0.000e+00	0.000e+00
195194.50	0.000e+00	0.000e+00	0.000e+00
195195.50	0.000e+00	0.000e+00	0.000e+00
195196.50	0.000e+00	0.000e+00	0.000e+00
195197.50	-1.632e-05	1.440e-04	5.414e-04
195198.50	7.882e-04	-3.418e-02	-2.726e-02
195199.50	1.344e-03	-1.306e-02	-4.176e-02
195200.50	-2.458e-04	3.331e-02	1.325e-02
195201.50	-6.211e-04	-1.546e-02	1.958e-02
195202.50	-2.870e-04	8.141e-03	5.434e-03
195203.50	-7.296e-04	-2.458e-02	2.131e-02
195204.50	-2.074e-03	-6.845e-03	7.421e-02
195205.50	9.264e-03	-4.128e-03	-3.216e-01
195206.50	-2.256e-02	-2.352e+00	7.766e-01
195207.50	1.632e-01	-2.496e+01	-5.405e+00
195208.50	1.709e+00	-5.021e+02	-5.616e+01
195209.50	2.832e+00	-1.008e+03	-9.590e+01
195210.50	-7.210e-02	6.269e+01	4.704e+00
195211.50	-7.488e-01	1.699e+02	2.726e+01
195212.50	-1.978e-01	1.238e+02	8.054e+00
195213.50	-3.331e-01	1.056e+02	1.229e+01
195214.50	-3.533e-01	8.918e+01	1.238e+01
195215.50	-4.022e-01	7.670e+01	1.392e+01
195216.50	-2.285e-01	7.219e+01	7.891e+00
195217.50	-2.371e-01	6.422e+01	8.131e+00
195218.50	-1.632e-02	5.712e+01	4.886e-01
195219.50	-1.603e-01	5.155e+01	5.443e+00
195220.50	-9.504e-02	4.234e+01	3.245e+00
195221.50	4.464e-02	4.128e+01	-1.728e+00
195222.50	-1.498e-01	4.070e+01	4.781e+00
195223.50	1.517e-03	3.715e+01	-2.150e-01
195224.50	-1.142e-01	2.909e+01	3.936e+00
195225.50	-3.312e-02	2.899e+01	8.803e-01
195226.50	-1.306e-01	2.851e+01	4.224e+00
195227.50	-6.365e-02	2.611e+01	2.064e+00
195228.50	-9.312e-02	2.342e+01	3.034e+00
195229.50	-8.794e-02	1.958e+01	2.717e+00
195230.50	-4.176e-02	1.862e+01	1.210e+00
195231.50	-4.637e-02	1.766e+01	1.411e+00
195232.50	-7.642e-02	1.718e+01	2.352e+00
195233.50	-8.467e-02	1.536e+01	2.554e+00
195234.50	9.792e-03	1.613e+01	-5.856e-01
195235.50	-9.418e-02	1.382e+01	2.986e+00
195236.50	6.624e-03	1.363e+01	-2.582e-01
195237.50	-2.688e-02	1.344e+01	5.654e-01
195238.50	-2.678e-02	1.248e+01	1.075e+00
195239.50	-1.555e-02	1.085e+01	5.299e-01
195240.50	-9.590e-02	9.110e+00	3.101e+00
195241.50	1.949e-03	9.072e+00	-2.650e-01
195242.50	-2.093e-02	7.728e+00	5.222e-01
195243.50	-9.888e-03	9.466e+00	2.803e-01
195244.50	-6.384e-03	7.133e+00	1.574e-01
195245.50	-2.630e-02	6.691e+00	7.411e-01
195246.50	-2.842e-02	7.632e+00	8.160e-01
195247.50	-4.550e-02	6.442e+00	1.469e+00
195248.50	-4.243e-02	5.750e+00	1.219e+00
195249.50	-4.320e-02	6.326e+00	1.277e+00
195250.50	-2.938e-02	5.280e+00	7.901e-01
195251.50	-9.696e-03	4.925e+00	3.226e-01
195252.50	-2.131e-02	4.579e+00	6.730e-01
195253.50	-2.717e-02	5.443e+00	7.190e-01
195254.50	1.565e-02	4.358e+00	-7.123e-01
195255.50	-3.782e-03	4.214e+00	4.205e-02
195256.50	-1.786e-02	3.638e+00	4.214e-01
195257.50	-4.166e-02	3.926e+00	1.258e+00
195258.50	3.725e-03	2.774e+00	-1.574e-01
195259.50	-1.325e-02	3.696e+00	4.637e-01
195260.50	-2.467e-02	4.061e+00	6.547e-01
195261.50	-1.094e-02	3.130e+00	2.352e-01
195262.50	-2.688e-02	2.813e+00	8.880e-01
195263.50	6.374e-03	2.602e+00	-2.448e-01
195264.50	-1.382e-03	2.006e+00	-3.840e-02
195265.50	-3.648e-03	2.198e+00	4.243e-02
195266.50	-3.082e-02	2.189e+00	9.178e-01
195267.50	1.757e-02	1.546e+00	-6.624e-01
195268.50	-1.075e-02	2.170e+00	4.186e-01
195269.50	-7.478e-03	2.285e+00	2.765e-01
195270.50	-3.917e-03	2.093e+00	-7.152e-02
195271.50	-1.814e-02	1.939e+00	4.416e-01
195272.50	-3.946e-03	1.824e+00	1.248e-01
195273.50	7.315e-03	1.882e+00	-3.408e-01
195274.50	-1.046e-02	1.344e+00	2.458e-01
195275.50	-1.354e-02	1.690e+00	5.472e-01
195276.50	-1.421e-02	2.054e+00	3.542e-01
195277.50	-2.592e-02	1.526e+00	8.170e-01
195278.50	-4.848e-03	1.123e+00	1.037e-01
195279.50	5.914e-03	9.197e-01	-1.574e-01
195280.50	-1.690e-03	1.066e+00	-1.498e-02
195281.50	3.888e-03	1.392e+00	-1.066e-01
195282.50	-2.736e-02	1.699e+00	8.141e-01
195283.50	-6.547e-03	6.624e-01	1.469e-01
195284.50	-4.205e-03	1.296e+00	1.843e-01
195285.50	9.984e-03	9.984e-01	-2.611e-01
195286.50	1.027e-02	7.267e-01	-4.128e-01
195287.50	4.666e-03	4.838e-01	-2.448e-01
195288.50	-1.085e-02	1.104e+00	3.322e-01
195289.50	-8.592e-03	7.843e-01	2.909e-01
195290.50	5.338e-03	1.066e+00	-1.891e-01
195291.50	-4.493e-03	7.334e-01	1.402e-01
195292.50	8.352e-04	9.206e-01	3.360e-02
195293.50	-1.488e-02	6.096e-01	2.918e-01
195294.50	-6.557e-03	1.152e+00	2.256e-01
195295.50	-3.475e-03	2.928e-01	5.328e-02
195296.50	-1.123e-02	-2.582e-02	3.082e-01
195297.50	7.574e-03	9.888e-01	-2.525e-01
195298.50	-4.272e-04	6.058e-01	-3.696e-02
195299.50	-5.837e-03	-1.603e-01	1.210e-01
195300.50	1.776e-02	4.157e-01	-5.491e-01
195301.50	-1.344e-02	5.405e-01	3.811e-01
195302.50	-1.286e-02	6.749e-01	4.608e-01
195303.50	1.344e-02	3.139e-01	-4.445e-01
195304.50	5.414e-04	6.259e-01	1.776e-01
195305.50	-7.363e-05	5.126e-01	-2.150e-02
195306.50	-5.866e-03	2.102e-01	2.352e-02
195307.50	-8.554e-03	9.274e-01	2.323e-01
195308.50	-3.216e-03	1.018e-01	4.493e-02
195309.50	-4.301e-04	1.814e-01	6.240e-02
195310.50	-3.610e-04	2.141e-01	-1.555e-02
195311.50	3.773e-03	5.866e-01	-1.814e-01
195312.50	1.382e-03	4.147e-01	-6.422e-03
195313.50	-3.658e-03	1.114e-01	9.197e-02
195314.50	-2.448e-03	1.027e-01	3.917e-02
195315.50	-1.517e-02	3.667e-01	4.598e-01
195316.50	1.008e-02	3.178e-01	-2.765e-01
195317.50	-2.650e-03	7.555e-01	1.440e-01
195318.50	-1.277e-02	2.458e-01	3.158e-01
195319.50	-4.694e-03	2.074e-01	1.190e-01
195320.50	1.344e-03	4.157e-01	-3.456e-02
195321.50	4.454e-03	-7.843e-02	-1.286e-01
195322.50	-8.573e-04	3.619e-01	8.774e-02
195323.50	7.766e-04	3.994e-01	-1.834e-01
195324.50	5.866e-04	2.218e-01	-4.819e-02
195325.50	9.792e-03	3.734e-02	-2.640e-01
195326.50	-7.114e-03	-5.923e-03	2.352e-01
195327.50	-2.304e-03	5.011e-01	-2.611e-03
195328.50	-5.328e-03	8.755e-02	1.277e-01
195329.50	-5.290e-03	-3.696e-02	2.160e-01
195330.50	-7.690e-03	1.603e-01	2.102e-01
195331.50	6.883e-03	2.064e-01	-2.150e-01
195332.50	9.389e-03	2.170e-01	-3.331e-01
195333.50	-5.357e-03	-7.229e-02	3.936e-02
195334.50	4.646e-03	8.938e-02	-2.035e-02
195335.50	-1.018e-02	1.632e-01	2.544e-01
195336.50	-3.206e-03	5.280e-01	1.315e-02
195337.50	3.254e-03	1.133e-01	-9.984e-02
195338.50	2.765e-03	3.350e-01	-1.018e-01
195339.50	1.056e-02	-2.237e-01	-3.562e-01
195340.50	-2.515e-03	5.501e-04	8.650e-02
195341.50	1.987e-03	1.123e-02	-6.672e-02
195342.50	1.056e-03	2.371e-01	-5.568e-02
195343.50	-3.485e-03	-3.139e-02	1.680e-01
195344.50	-3.974e-04	-2.141e-02	2.006e-02
195345.50	-4.694e-03	1.853e-01	1.046e-01
195346.50	-7.930e-03	3.648e-01	2.246e-01
195347.50	-1.162e-02	1.670e-01	2.602e-01
195348.50	-8.285e-03	4.464e-01	2.832e-01
195349.50	-1.958e-03	2.381e-01	3.648e-03
195350.50	5.347e-03	-6.317e-02	-1.958e-01
195351.50	2.237e-03	1.776e-01	2.170e-03
195352.50	-2.909e-03	-1.075e-01	1.411e-01
195353.50	2.093e-03	1.584e-01	-3.878e-02
195354.50	-6.998e-04	1.363e-01	3.082e-02
195355.50	-6.970e-03	9.523e-02	1.430e-01
195356.50	7.027e-03	2.390e-01	-2.861e-01
195357.50	5.539e-03	1.421e-03	-1.699e-01
195358.50	-7.027e-03	1.142e-01	2.890e-01
195359.50	4.522e-03	-8.390e-03	-1.488e-01
195360.50	-7.296e-04	1.056e-01	6.144e-02
195361.50	3.466e-03	3.965e-02	-1.104e-01
195362.50	-1.085e-03	1.392e-01	-3.552e-02
195363.50	-4.406e-03	5.338e-02	2.890e-02
195364.50	-8.995e-04	1.248e-01	6.365e-02
195365.50	1.824e-04	-4.234e-02	-5.770e-02
195366.50	-3.082e-03	-1.920e-01	1.843e-01
195367.50	-1.805e-03	1.910e-01	7.478e-02
195368.50	-2.342e-03	1.315e-01	9.514e-02
195369.50	-4.224e-03	8.995e-02	1.181e-01
195370.50	-3.302e-05	2.822e-02	2.198e-02
195371.50	-2.870e-03	1.363e-01	3.168e-02
195372.50	-1.363e-03	4.042e-02	-2.832e-03
195373.50	-7.478e-04	1.248e-01	-2.496e-02
195374.50	-4.378e-03	6.048e-03	9.197e-02
195375.50	2.083e-03	9.408e-03	-2.861e-02
195376.50	6.154e-03	1.459e-01	-2.035e-01
195377.50	-9.485e-03	1.469e-01	2.458e-01
195378.50	-5.635e-03	-5.386e-02	1.910e-01
195379.50	4.387e-03	1.411e-01	-1.382e-01
195380.50	-8.736e-04	-1.344e-01	8.429e-02
195381.50	-2.899e-03	1.133e-01	1.450e-01
195382.50	-3.504e-04	1.018e-01	1.805e-02
195383.50	1.920e-03	1.853e-02	-2.131e-02
195384.50	-3.226e-03	1.123e-01	6.634e-02
195385.50	4.349e-03	-2.544e-01	-1.594e-01
195386.50	9.888e-03	5.194e-02	-2.784e-01
195387.50	-1.622e-03	-7.142e-03	7.421e-03
195388.50	-1.997e-03	-4.877e-02	8.890e-02
195389.50	-4.733e-03	-5.357e-04	1.824e-01
195390.50	-2.438e-03	-1.978e-01	7.584e-02
195391.50	5.088e-02	-3.475e-02	-2.947e-01
195392.50	3.379e-03	1.306e-01	-2.592e-02
195393.50	-7.488e-03	2.045e-01	1.891e-01
195394.50	-1.114e-02	-1.469e-01	-1.382e-01
195395.50	-1.152e-02	1.824e-01	1.277e-01
195396.50	-4.234e-03	8.093e-03	5.184e-03
195397.50	-1.622e-02	1.382e-01	1.344e-01
195398.50	-7.603e-03	-4.541e-02	2.419e-01
195399.50	4.032e-03	-1.056e-02	-1.296e-01
195400.50	5.923e-03	8.909e-02	-1.325e-01
195401.50	-1.824e-03	-1.123e-01	8.333e-02
195402.50	-4.320e-03	-1.363e-02	1.104e-01
195403.50	3.926e-03	7.325e-02	-5.635e-02
195404.50	1.997e-03	1.162e-01	-9.600e-02
195405.50	2.861e-03	1.421e-01	-9.792e-02
195406.50	-4.886e-03	4.550e-02	1.344e-01
195407.50	1.718e-02	2.467e-01	-1.613e-01
195408.50	7.190e-03	5.117e-02	-1.411e-01
195409.50	7.219e-03	1.478e-01	-2.170e-02
195410.50	-5.712e-04	1.507e-01	1.632e-01
195411.50	-1.786e-02	-1.421e-01	4.992e-03
195412.50	-8.275e-03	-1.373e-03	1.094e-01
195413.50	8.899e-03	-1.776e-01	-1.190e-01
195414.50	7.757e-04	4.762e-03	-7.478e-02
195415.50	2.515e-03	4.138e-02	6.490e-02
195416.50	2.525e-02	3.254e-01	-8.477e-02
195417.50	-3.350e-02	1.690e-01	2.102e-01
195418.50	-5.088e-03	-1.488e-01	9.398e-02
195419.50	1.536e-02	-4.426e-02	-8.573e-02
195420.50	-1.277e-02	-2.390e-03	1.853e-01
195421.50	-1.430e-02	-1.066e-01	1.008e-01
195422.50	-1.027e-02	4.790e-02	1.546e-01
195423.50	4.838e-03	-5.318e-02	-8.486e-02
195424.50	4.157e-04	1.056e-01	-8.496e-02
195425.50	-1.651e-04	6.259e-02	-7.824e-02
195426.50	3.053e-03	-1.008e-02	-1.603e-01
195427.50	3.274e-03	1.776e-03	-9.696e-02
195428.50	1.152e-03	-7.978e-02	-4.992e-03
195429.50	-1.334e-03	-4.637e-02	1.027e-01
195430.50	-1.507e-04	7.440e-03	-6.355e-02
195431.50	-4.954e-03	-1.094e-01	1.325e-01
195432.50	5.885e-03	-1.354e-01	-8.774e-02
195433.50	-4.166e-04	1.200e-02	1.430e-02
195434.50	2.880e-03	9.696e-02	-5.357e-02
195435.50	-3.398e-03	1.114e-02	4.128e-02
195436.50	-1.066e-03	2.112e-02	1.814e-03
195437.50	1.622e-03	6.787e-02	-5.203e-02
195438.50	-8.554e-03	-2.774e-02	8.006e-02
195439.50	-3.120e-03	-1.891e-02	6.413e-02
195440.50	-4.877e-04	1.450e-03	2.275e-02
195441.50	-4.435e-03	3.533e-02	1.152e-01
195442.50	-3.254e-03	3.024e-02	9.696e-02
195443.50	2.294e-04	-3.869e-03	5.501e-02
195444.50	-2.314e-03	1.229e-02	-1.891e-02
195445.50	-9.888e-04	-3.878e-02	4.330e-02
195446.50	1.373e-03	6.643e-02	8.515e-03
195447.50	-2.035e-03	2.957e-03	3.590e-03
195448.50	1.382e-03	1.843e-01	-4.694e-02
195449.50	1.066e-02	5.952e-02	-9.792e-02
195450.50	-7.056e-03	-4.320e-02	8.755e-02
195451.50	2.083e-03	-1.056e-01	-8.448e-02
195452.50	2.486e-03	2.189e-02	8.323e-03
195453.50	-2.947e-03	3.926e-02	8.083e-02
195454.50	2.026e-03	-9.600e-02	-8.918e-02
195455.50	9.427e-04	9.984e-02	-4.541e-03
195456.50	-1.910e-03	-1.488e-04	2.870e-02
195457.50	5.942e-04	1.104e-01	6.432e-03
195458.50	-2.698e-03	-6.922e-02	7.853e-02
195459.50	2.122e-04	-6.643e-02	-3.427e-02
195460.50	1.565e-03	-3.946e-02	-3.062e-02
195461.50	2.880e-03	-5.011e-02	7.613e-03
195462.50	7.776e-04	-1.757e-02	-1.018e-02
195463.50	-1.411e-03	4.051e-02	4.781e-02
195464.50	-5.366e-04	1.075e-01	1.046e-02
195465.50	-3.965e-03	2.179e-02	8.774e-02
195466.50	1.488e-03	-9.120e-02	-6.672e-02
195467.50	1.738e-03	-6.221e-04	-3.658e-02
195468.50	4.291e-03	8.966e-02	-9.888e-02
195469.50	-3.773e-03	-2.822e-02	7.142e-02
195470.50	7.603e-03	1.104e-01	-2.218e-02
195471.50	5.357e-03	-3.802e-03	-1.219e-01
195472.50	-1.286e-02	-3.514e-02	6.576e-02
195473.50	1.114e-03	5.568e-02	-2.880e-02
195474.50	1.315e-03	-3.456e-02	-2.563e-02
195475.50	1.402e-03	-9.571e-02	-6.336e-02
195476.50	-2.333e-04	-4.435e-02	-3.245e-02
195477.50	3.053e-03	4.925e-02	-7.718e-02
195478.50	-6.701e-04	2.870e-02	3.600e-02
195479.50	-4.368e-03	1.958e-02	9.408e-02
195480.50	-1.507e-03	2.688e-02	3.072e-02
195481.50	1.949e-03	-9.984e-02	-2.285e-02
195482.50	-5.539e-04	1.142e-01	1.930e-02
195483.50	-2.947e-03	8.198e-02	5.376e-02
195484.50	-3.312e-03	-7.632e-02	3.667e-02
195485.50	-7.507e-04	4.397e-02	1.238e-02
195486.50	1.843e-03	-3.802e-02	2.851e-02
195487.50	5.990e-05	3.878e-02	2.774e-02
195488.50	9.600e-04	-2.390e-02	-6.749e-02
195489.50	1.315e-03	5.318e-02	-2.736e-02
195490.50	-5.558e-03	5.213e-02	1.123e-01
195491.50	1.766e-03	2.438e-02	2.170e-02
195492.50	2.438e-03	1.958e-02	-1.258e-01
195493.50	1.997e-03	-7.258e-02	3.955e-02
195494.50	-1.219e-03	-5.338e-02	7.459e-02
195495.50	3.408e-03	2.554e-02	-1.085e-01
195496.50	1.469e-03	1.450e-02	-2.486e-02
195497.50	2.093e-03	3.360e-02	-5.702e-02
195498.50	5.434e-04	6.269e-02	-6.874e-03
195499.50	9.091e-04	-2.122e-02	1.344e-02
195500.50	-2.717e-03	-3.389e-02	8.112e-02
195501.50	7.411e-04	-4.838e-02	-6.883e-02
195502.50	-7.066e-05	-5.021e-02	9.984e-02
195503.50	3.629e-03	-9.888e-02	-2.352e-02
195504.50	-9.888e-05	5.261e-02	-2.016e-03
195505.50	-2.918e-03	3.302e-02	3.946e-02
195506.50	-2.650e-03	-2.390e-02	1.027e-01
195507.50	1.363e-03	4.867e-02	-6.077e-02
195508.50	-4.992e-04	8.381e-02	3.552e-02
195509.50	1.066e-04	-2.429e-02	-2.467e-02
195510.50	7.248e-03	1.114e-01	-1.728e-01
195511.50	-3.821e-03	-4.742e-02	1.248e-01
195512.50	3.619e-03	-3.773e-02	-1.142e-01
195513.50	2.515e-04	-6.643e-02	-7.488e-02
195514.50	-3.946e-03	-6.634e-02	4.426e-02
195515.50	2.102e-03	-6.787e-02	-5.587e-02
195516.50	1.488e-03	-2.870e-02	-1.162e-01
195517.50	-1.094e-03	6.288e-02	7.651e-02
195518.50	1.171e-03	1.747e-02	-1.526e-02
195519.50	6.758e-06	3.907e-03	-2.390e-02
195520.50	-2.717e-03	5.702e-02	6.768e-02
195521.50	-1.363e-03	-3.312e-02	2.602e-02
195522.50	-3.274e-03	-1.181e-02	1.046e-01
195523.50	-2.486e-04	1.277e-02	6.163e-02
195524.50	-1.133e-03	-2.726e-02	1.315e-02
195525.50	3.946e-03	2.266e-02	-1.238e-01
195526.50	-5.414e-04	4.560e-02	-5.462e-03
195527.50	-1.267e-03	-8.246e-03	-2.256e-02
195528.50	-2.026e-04	8.035e-02	1.651e-03
195529.50	-1.258e-03	7.181e-02	2.006e-02
195530.50	1.104e-03	-6.672e-03	3.312e-02
195531.50	-8.410e-04	1.296e-02	1.949e-02
195532.50	-4.992e-04	-2.122e-03	-1.363e-02
195533.50	1.930e-03	-1.526e-02	-7.382e-02
195534.50	2.410e-04	-2.659e-02	-3.158e-02
195535.50	-2.371e-03	-1.498e-02	1.133e-02
195536.50	2.621e-03	-6.816e-02	-2.352e-02
195537.50	1.536e-03	4.378e-02	-3.226e-02
195538.50	-1.670e-03	2.323e-02	4.598e-02
195539.50	-2.323e-03	1.507e-02	1.037e-01
195540.50	-7.325e-06	7.421e-02	8.477e-03
195541.50	2.275e-03	-1.766e-02	-5.078e-02
195542.50	-1.354e-03	-1.066e-01	2.294e-02
195543.50	3.043e-03	-2.227e-02	-5.971e-02
195544.50	7.949e-03	5.712e-02	-8.131e-02
195545.50	3.821e-03	3.648e-02	-5.222e-02
195546.50	-3.331e-03	2.822e-02	1.123e-01
195547.50	1.190e-03	-2.256e-02	4.234e-02
195548.50	-1.114e-04	2.861e-04	-4.262e-02
195549.50	4.224e-04	-1.373e-02	-4.627e-03
195550.50	-6.384e-03	-1.066e-01	4.502e-02
195551.50	1.824e-02	5.261e-02	-8.707e-02
195552.50	7.450e-02	-3.955e-03	-1.584e-01
195553.50	1.738e-02	-1.238e-02	-2.112e-02
195554.50	8.582e-03	2.160e-02	-3.965e-02
195555.50	-2.467e-02	1.181e-01	4.483e-02
195556.50	-8.131e-02	-2.698e-02	2.131e-01
195557.50	-9.792e-04	-3.552e-02	3.283e-02
195558.50	2.026e-03	5.338e-02	4.166e-02
195559.50	-1.978e-02	-1.008e-02	1.018e-01
195560.50	-4.771e-03	-1.277e-01	1.853e-02
195561.50	9.370e-03	1.440e-02	-9.322e-02
195562.50	-2.544e-03	5.942e-02	5.069e-02
195563.50	-2.938e-03	-3.782e-02	3.523e-02
195564.50	1.814e-03	-1.344e-02	-8.314e-02
195565.50	7.642e-04	4.704e-02	-3.475e-02
195566.50	-3.014e-03	-3.744e-02	6.278e-02
195567.50	2.390e-03	2.477e-03	-4.157e-02
195568.50	2.467e-02	1.978e-01	-8.160e-02
195569.50	-1.200e-02	4.570e-03	-3.245e-03
195570.50	2.438e-03	2.333e-02	-6.979e-02
195571.50	2.554e-04	-7.507e-02	4.483e-03
195572.50	-1.094e-03	-2.774e-02	2.170e-02
195573.50	-1.267e-03	6.710e-03	4.531e-02
195574.50	-4.243e-03	2.976e-02	1.037e-01
195575.50	2.035e-03	-3.178e-03	-8.170e-02
195576.50	1.325e-03	-6.192e-02	-4.186e-02
195577.50	-3.341e-03	-1.603e-02	-1.997e-02
195578.50	-1.421e-02	2.141e-03	1.814e-01
195579.50	-1.027e-03	1.114e-02	6.432e-03
195580.50	3.533e-04	-3.082e-02	-3.590e-03
195581.50	4.003e-03	-1.757e-02	-6.413e-02
195582.50	-1.757e-05	-7.584e-02	5.424e-02
195583.50	-1.930e-03	-3.840e-02	6.749e-02
195584.50	-1.315e-03	-2.419e-02	1.402e-02
195585.50	4.963e-04	2.410e-02	-2.678e-02
195586.50	3.629e-04	-5.270e-02	7.277e-03
195587.50	1.421e-03	9.072e-02	-2.842e-02
195588.50	2.755e-03	4.570e-03	-5.434e-02
195589.50	-1.949e-04	-4.982e-02	2.928e-02
195590.50	-1.354e-03	2.112e-02	3.091e-02
195591.50	-3.043e-03	-4.925e-02	2.659e-02
195592.50	8.563e-04	7.344e-02	-9.101e-02
195593.50	-1.699e-03	-3.379e-02	1.853e-02
195594.50	4.310e-05	4.598e-02	1.411e-02
195595.50	5.952e-04	3.600e-02	-1.190e-02
195596.50	1.190e-03	-3.446e-02	-4.627e-02
195597.50	1.373e-03	2.995e-02	-2.198e-02
195598.50	4.157e-04	5.434e-02	-1.382e-02
195599.50	2.054e-03	7.757e-02	-7.709e-02
195600.50	-7.190e-03	-1.843e-02	1.718e-01
195601.50	-1.882e-03	6.413e-02	4.790e-02
195602.50	1.594e-03	2.342e-02	-5.664e-02
195603.50	1.958e-03	7.814e-04	-1.997e-02
195604.50	-1.200e-03	5.299e-03	-5.261e-02
195605.50	-9.552e-04	-6.778e-03	2.515e-03
195606.50	1.546e-04	-1.248e-02	2.400e-02
195607.50	1.344e-03	-2.342e-02	-4.013e-02
195608.50	1.085e-03	4.157e-03	-1.882e-02
195609.50	1.229e-03	5.098e-02	-3.427e-02
195610.50	8.717e-04	2.342e-02	-4.474e-02
195611.50	3.955e-04	1.104e-03	1.709e-02
195612.50	4.051e-04	3.408e-03	1.930e-02
195613.50	7.498e-04	-1.661e-02	8.870e-03
195614.50	-7.114e-04	-1.459e-02	1.238e-02
195615.50	-3.139e-03	2.698e-02	8.045e-02
195616.50	1.978e-04	-7.306e-02	-3.936e-03
195617.50	2.880e-04	-1.862e-02	-1.834e-02
195618.50	-1.277e-04	-3.638e-02	1.085e-02
195619.50	1.690e-04	1.920e-02	-1.392e-03
195620.50	-4.454e-04	1.450e-02	5.174e-02
195621.50	1.824e-03	2.458e-02	-5.386e-02
195622.50	8.986e-04	3.926e-02	-4.147e-02
195623.50	-1.306e-04	-1.526e-02	4.272e-03
195624.50	-1.421e-03	-3.398e-02	4.877e-02
195625.50	-4.982e-06	-2.765e-02	-2.909e-02
195626.50	2.611e-03	-6.470e-02	9.206e-03
195627.50	2.035e-03	-4.829e-02	-3.398e-02
195628.50	-1.709e-03	-1.066e-02	3.350e-03
195629.50	-1.123e-03	-3.514e-03	-6.950e-03
195630.50	6.134e-04	6.211e-02	-1.210e-02
195631.50	-6.461e-04	3.917e-02	1.594e-02
195632.50	-1.354e-03	-2.285e-02	2.890e-02
195633.50	8.410e-03	3.610e-03	-4.368e-02
195634.50	-8.016e-04	-6.125e-02	1.181e-02
195635.50	-1.440e-03	5.539e-02	1.594e-03
195636.50	2.016e-03	3.312e-02	-1.699e-02
