195038.50	0.000e+00	0.000e+00	0.000e+00
195039.50	0.000e+00	0.000e+00	0.000e+00
195040.50	0.000e+00	0.000e+00	0.000e+00
195041.50	0.000e+00	0.000e+00	0.000e+00
195042.50	0.000e+00	0.000e+00	0.000e+00
195043.50	0.000e+00	0.000e+00	0.000e+00
195044.50	0.000e+00	0.000e+00	0.000e+00
195045.50	0.000e+00	0.000e+00	0.000e+00
195046.50	0.000e+00	0.000e+00	0.000e+00
195047.50	0.000e+00	0.000e+00	0.000e+00
195048.50	0.000e+00	0.000e+00	0.000e+00
195049.50	0.000e+00	0.000e+00	0.000e+00
195050.50	0.000e+00	0.000e+00	0.000e+00
195051.50	0.000e+00	0.000e+00	0.000e+00
195052.50	0.000e+00	0.000e+00	0.000e+00
195053.50	0.000e+00	0.000e+00	0.000e+00
195054.50	0.000e+00	0.000e+00	0.000e+00
195055.50	0.000e+00	0.000e+00	0.000e+00
195056.50	0.000e+00	0.000e+00	0.000e+00
195057.50	0.000e+00	0.000e+00	0.000e+00
195058.50	0.000e+00	0.000e+00	0.000e+00
195059.50	0.000e+00	0.000e+00	0.000e+00
195060.50	0.000e+00	0.000e+00	0.000e+00
195061.50	0.000e+00	0.000e+00	0.000e+00
195062.50	0.000e+00	0.000e+00	0.000e+00
195063.50	0.000e+00	0.000e+00	0.000e+00
195064.50	0.000e+00	0.000e+00	0.000e+00
195065.50	0.000e+00	0.000e+00	0.000e+00
195066.50	0.000e+00	0.000e+00	0.000e+00
195067.50	0.000e+00	0.000e+00	0.000e+00
195068.50	0.000e+00	0.000e+00	0.000e+00
195069.50	0.000e+00	0.000e+00	0.000e+00
195070.50	0.000e+00	0.000e+00	0.000e+00
195071.50	0.000e+00	0.000e+00	0.000e+00
195072.50	0.000e+00	0.000e+00	0.000e+00
195073.50	0.000e+00	0.000e+00	0.000e+00
195074.50	0.000e+00	0.000e+00	0.000e+00
195075.50	0.000e+00	0.000e+00	0.000e+00
195076.50	0.000e+00	0.000e+00	0.000e+00
195077.50	0.000e+00	0.000e+00	0.000e+00
195078.50	0.000e+00	0.000e+00	0.000e+00
195079.50	0.000e+00	0.000e+00	0.000e+00
195080.50	0.000e+00	0.000e+00	0.000e+00
195081.50	0.000e+00	0.000e+00	0.000e+00
195082.50	0.000e+00	0.000e+00	0.000e+00
195083.50	0.000e+00	0.000e+00	0.000e+00
195084.50	0.000e+00	0.000e+00	0.000e+00
195085.50	0.000e+00	0.000e+00	0.000e+00
195086.50	0.000e+00	0.000e+00	0.000e+00
195087.50	0.000e+00	0.000e+00	0.000e+00
195088.50	0.000e+00	0.000e+00	0.000e+00
195089.50	0.000e+00	0.000e+00	0.000e+00
195090.50	0.000e+00	0.000e+00	0.000e+00
195091.50	0.000e+00	0.000e+00	0.000e+00
195092.50	0.000e+00	0.000e+00	0.000e+00
195093.50	0.000e+00	0.000e+00	0.000e+00
195094.50	0.000e+00	0.000e+00	0.000e+00
195095.50	0.000e+00	0.000e+00	0.000e+00
195096.50	0.000e+00	0.000e+00	0.000e+00
195097.50	0.000e+00	0.000e+00	0.000e+00
195098.50	0.000e+00	0.000e+00	0.000e+00
195099.50	0.000e+00	0.000e+00	0.000e+00
195100.50	0.000e+00	0.000e+00	0.000e+00
195101.50	0.000e+00	0.000e+00	0.000e+00
195102.50	0.000e+00	0.000e+00	0.000e+00
195103.50	0.000e+00	0.000e+00	0.000e+00
195104.50	0.000e+00	0.000e+00	0.000e+00
195105.50	0.000e+00	0.000e+00	0.000e+00
195106.50	0.000e+00	0.000e+00	0.000e+00
195107.50	0.000e+00	0.000e+00	0.000e+00
195108.50	0.000e+00	0.000e+00	0.000e+00
195109.50	0.000e+00	0.000e+00	0.000e+00
195110.50	0.000e+00	0.000e+00	0.000e+00
195111.50	0.000e+00	0.000e+00	0.000e+00
195112.50	0.000e+00	0.000e+00	0.000e+00
195113.50	0.000e+00	0.000e+00	0.000e+00
195114.50	0.000e+00	0.000e+00	0.000e+00
195115.50	0.000e+00	0.000e+00	0.000e+00
195116.50	0.000e+00	0.000e+00	0.000e+00
195117.50	0.000e+00	0.000e+00	0.000e+00
195118.50	0.000e+00	0.000e+00	0.000e+00
195119.50	0.000e+00	0.000e+00	0.000e+00
195120.50	0.000e+00	0.000e+00	0.000e+00
195121.50	0.000e+00	0.000e+00	0.000e+00
195122.50	0.000e+00	0.000e+00	0.000e+00
195123.50	0.000e+00	0.000e+00	0.000e+00
195124.50	0.000e+00	0.000e+00	0.000e+00
195125.50	0.000e+00	0.000e+00	0.000e+00
195126.50	0.000e+00	0.000e+00	0.000e+00
195127.50	0.000e+00	0.000e+00	0.000e+00
195128.50	0.000e+00	0.000e+00	0.000e+00
195129.50	0.000e+00	0.000e+00	0.000e+00
195130.50	0.000e+00	0.000e+00	0.000e+00
195131.50	0.000e+00	0.000e+00	0.000e+00
195132.50	0.000e+00	0.000e+00	0.000e+00
195133.50	0.000e+00	0.000e+00	0.000e+00
195134.50	0.000e+00	0.000e+00	0.000e+00
195135.50	0.000e+00	0.000e+00	0.000e+00
195136.50	0.000e+00	0.000e+00	0.000e+00
195137.50	0.000e+00	0.000e+00	0.000e+00
195138.50	0.000e+00	0.000e+00	0.000e+00
195139.50	0.000e+00	0.000e+00	0.000e+00
195140.50	0.000e+00	0.000e+00	0.000e+00
195141.50	0.000e+00	0.000e+00	0.000e+00
195142.50	0.000e+00	0.000e+00	0.000e+00
195143.50	0.000e+00	0.000e+00	0.000e+00
195144.50	0.000e+00	0.000e+00	0.000e+00
195145.50	0.000e+00	0.000e+00	0.000e+00
195146.50	0.000e+00	0.000e+00	0.000e+00
195147.50	0.000e+00	0.000e+00	0.000e+00
195148.50	0.000e+00	0.000e+00	0.000e+00
195149.50	0.000e+00	0.000e+00	0.000e+00
195150.50	0.000e+00	0.000e+00	0.000e+00
195151.50	0.000e+00	0.000e+00	0.000e+00
195152.50	0.000e+00	0.000e+00	0.000e+00
195153.50	0.000e+00	0.000e+00	0.000e+00
195154.50	0.000e+00	0.000e+00	0.000e+00
195155.50	0.000e+00	0.000e+00	0.000e+00
195156.50	0.000e+00	0.000e+00	0.000e+00
195157.50	0.000e+00	0.000e+00	0.000e+00
195158.50	0.000e+00	0.000e+00	0.000e+00
195159.50	0.000e+00	0.000e+00	0.000e+00
195160.50	0.000e+00	0.000e+00	0.000e+00
195161.50	0.000e+00	0.000e+00	0.000e+00
195162.50	0.000e+00	0.000e+00	0.000e+00
195163.50	0.000e+00	0.000e+00	0.000e+00
195164.50	0.000e+00	0.000e+00	0.000e+00
195165.50	0.000e+00	0.000e+00	0.000e+00
195166.50	0.000e+00	0.000e+00	0.000e+00
195167.50	0.000e+00	0.000e+00	0.000e+00
195168.50	0.000e+00	0.000e+00	0.000e+00
195169.50	0.000e+00	0.000e+00	0.000e+00
195170.50	0.000e+00	0.000e+00	0.000e+00
195171.50	0.000e+00	0.000e+00	0.000e+00
195172.50	0.000e+00	0.000e+00	0.000e+00
195173.50	0.000e+00	0.000e+00	0.000e+00
195174.50	0.000e+00	0.000e+00	0.000e+00
195175.50	0.000e+00	0.000e+00	0.000e+00
195176.50	0.000e+00	0.000e+00	0.000e+00
195177.50	0.000e+00	0.000e+00	0.000e+00
195178.50	0.000e+00	0.000e+00	0.000e+00
195179.50	0.000e+00	0.000e+00	0.000e+00
195180.50	0.000e+00	0.000e+00	0.000e+00
195181.50	0.000e+00	0.000e+00	0.000e+00
195182.50	0.000e+00	0.000e+00	0.000e+00
195183.50	0.000e+00	0.000e+00	0.000e+00
195184.50	0.000e+00	0.000e+00	0.000e+00
195185.50	0.000e+00	0.000e+00	0.000e+00
195186.50	0.000e+00	0.000e+00	0.000e+00
195187.50	0.000e+00	0.000e+00	0.000e+00
195188.50	0.000e+00	0.000e+00	0.000e+00
195189.50	0.000e+00	0.000e+00	0.000e+00
195190.50	0.000e+00	0.000e+00	0.000e+00
195191.50	0.000e+00	0.000e+00	0.000e+00
195192.50	0.000e+00	0.000e+00	0.000e+00
195193.50	0.000e+00	0.000e+00	0.000e+00
195194.50	-3.082e-08	5.664e-07	5.539e-06
195195.50	-2.822e-07	5.184e-06	5.078e-05
195196.50	2.035e-06	3.706e-05	-2.400e-04
195197.50	1.056e-05	7.094e-05	2.448e-04
195198.50	5.050e-04	-1.018e-02	8.083e-02
195199.50	-9.514e-07	-9.034e-04	-1.776e-03
195200.50	1.536e-04	1.920e-02	-2.160e-02
195201.50	-8.947e-04	-7.200e-02	2.045e-02
195202.50	7.728e-04	5.539e-02	-1.286e-02
195203.50	4.637e-05	4.320e-03	-3.782e-03
195204.50	8.726e-05	7.219e-03	-6.720e-03
195205.50	-3.053e-04	-1.795e-02	-3.590e-03
195206.50	1.786e-04	1.478e-02	-5.530e-03
195207.50	-5.731e-04	-5.578e-02	4.070e-02
195208.50	4.858e-04	2.611e-02	4.560e-03
195209.50	5.789e-04	-2.160e-02	1.363e-01
195210.50	-3.418e-02	-2.650e+00	7.622e-01
195211.50	-5.558e-01	-3.888e+01	4.205e+00
195212.50	-6.653e+00	-4.762e+02	6.998e+01
195213.50	-9.504e+00	-6.998e+02	8.074e+01
195214.50	-2.323e+00	-1.642e+02	-3.744e+01
195215.50	2.083e+00	1.536e+02	-2.410e+01
195216.50	1.805e+00	1.286e+02	-1.162e+01
195217.50	1.315e+00	9.398e+01	-9.561e+00
195218.50	1.181e+00	8.496e+01	-9.053e+00
195219.50	9.984e-01	7.373e+01	-1.152e+01
195220.50	9.888e-01	6.979e+01	-2.400e+00
195221.50	7.306e-01	5.261e+01	-4.224e+00
195222.50	7.411e-01	5.347e+01	-4.954e+00
195223.50	6.835e-01	4.858e+01	-2.794e+00
195224.50	5.818e-01	4.234e+01	-3.658e+00
195225.50	5.328e-01	3.869e+01	-3.619e+00
195226.50	5.251e-01	3.888e+01	-5.779e+00
195227.50	4.387e-01	3.034e+01	4.406e-01
195228.50	4.656e-01	3.206e+01	5.942e-01
195229.50	3.638e-01	2.650e+01	-2.352e+00
195230.50	3.245e-01	2.419e+01	-4.310e+00
195231.50	3.053e-01	2.218e+01	-9.274e-01
195232.50	2.995e-01	2.218e+01	-2.928e+00
195233.50	2.717e-01	1.939e+01	-1.334e+00
195234.50	2.842e-01	2.016e+01	-9.466e-02
195235.50	2.563e-01	1.834e+01	-1.114e+00
195236.50	2.342e-01	1.670e+01	-6.787e-01
195237.50	2.054e-01	1.517e+01	-1.670e+00
195238.50	1.709e-01	1.248e+01	-4.186e-01
195239.50	1.642e-01	1.219e+01	-1.123e+00
195240.50	1.526e-01	1.142e+01	-1.526e+00
195241.50	1.594e-01	1.094e+01	6.240e-01
195242.50	1.382e-01	1.075e+01	-1.248e+00
195243.50	1.728e-01	1.200e+01	-4.253e-01
195244.50	1.315e-01	8.890e+00	1.286e+00
195245.50	1.344e-01	1.008e+01	-1.325e+00
195246.50	1.267e-01	9.005e+00	-1.286e-01
195247.50	9.398e-02	7.085e+00	-6.557e-01
195248.50	1.229e-01	8.890e+00	-1.094e+00
195249.50	1.008e-01	7.315e+00	1.152e-01
195250.50	6.586e-02	5.011e+00	-1.181e-01
195251.50	7.786e-02	5.750e+00	-3.168e-01
195252.50	8.083e-02	5.568e+00	-4.013e-01
195253.50	7.459e-02	5.578e+00	-4.416e-01
195254.50	6.970e-02	4.723e+00	4.666e-01
195255.50	6.970e-02	4.915e+00	-2.918e-01
195256.50	6.202e-02	4.224e+00	2.832e-01
195257.50	6.643e-02	5.088e+00	-7.123e-01
195258.50	5.107e-02	3.590e+00	3.974e-01
195259.50	6.288e-02	3.907e+00	5.510e-01
195260.50	5.126e-02	3.811e+00	2.323e-02
195261.50	6.134e-02	4.310e+00	1.507e-01
195262.50	5.021e-02	3.830e+00	2.698e-02
195263.50	4.378e-02	3.245e+00	-4.454e-01
195264.50	4.061e-02	2.726e+00	-3.850e-02
195265.50	3.571e-02	2.650e+00	-3.389e-01
195266.50	4.502e-02	2.995e+00	6.778e-01
195267.50	3.264e-02	2.582e+00	-5.674e-01
195268.50	3.590e-02	2.678e+00	-3.840e-02
195269.50	3.341e-02	2.688e+00	-1.402e-01
195270.50	3.216e-02	2.448e+00	-6.835e-02
195271.50	3.446e-02	2.246e+00	3.226e-01
195272.50	1.805e-02	1.930e+00	-1.171e+00
195273.50	1.056e-02	1.267e+00	-4.694e-01
195274.50	3.235e-02	2.621e+00	-4.598e-01
195275.50	3.178e-02	1.910e+00	1.430e-01
195276.50	2.794e-02	1.690e+00	2.438e-01
195277.50	2.054e-02	1.555e+00	-5.770e-02
195278.50	2.803e-02	2.102e+00	1.574e-01
195279.50	1.584e-02	1.200e+00	-4.070e-02
195280.50	1.094e-02	7.814e-01	-1.142e-02
195281.50	1.670e-02	1.200e+00	-2.419e-01
195282.50	2.074e-02	1.123e+00	7.882e-01
195283.50	1.661e-02	1.277e+00	-5.098e-01
195284.50	1.286e-02	1.210e+00	-4.502e-01
195285.50	1.373e-02	1.142e+00	-1.862e-01
195286.50	9.792e-03	7.219e-01	-4.464e-02
195287.50	2.141e-02	1.402e+00	5.731e-01
195288.50	1.459e-02	6.125e-01	6.902e-01
195289.50	1.661e-02	1.440e+00	-3.955e-01
195290.50	3.370e-04	7.210e-02	-5.981e-02
195291.50	1.229e-02	9.053e-01	-2.150e-01
195292.50	7.766e-03	8.275e-01	-2.179e-01
195293.50	9.389e-03	4.944e-01	2.669e-01
195294.50	1.238e-02	9.792e-01	-9.005e-02
195295.50	6.528e-03	5.962e-01	-3.446e-01
195296.50	3.302e-03	5.453e-01	-5.395e-01
195297.50	1.363e-02	1.104e+00	-2.544e-01
195298.50	8.189e-03	5.626e-01	1.594e-01
195299.50	8.477e-03	8.650e-01	-2.429e-01
195300.50	1.037e-02	6.096e-01	2.640e-01
195301.50	2.304e-03	3.187e-01	1.910e-01
195302.50	8.755e-03	4.560e-01	-2.496e-01
195303.50	1.690e-02	1.142e+00	-2.064e-02
195304.50	5.088e-03	3.869e-01	1.459e-01
195305.50	-3.581e-03	7.238e-02	-2.141e-01
195306.50	3.878e-03	4.944e-01	-1.382e-01
195307.50	1.114e-02	5.789e-01	2.342e-01
195308.50	6.115e-03	3.542e-01	-1.056e-01
195309.50	2.486e-03	4.387e-01	-2.861e-01
195310.50	1.142e-02	7.027e-01	-4.483e-02
195311.50	1.536e-03	1.411e-01	-6.144e-02
195312.50	3.034e-03	2.880e-01	6.634e-02
195313.50	2.237e-03	3.130e-01	-1.834e-02
195314.50	6.691e-03	3.302e-01	1.795e-01
195315.50	6.605e-03	4.416e-01	-2.246e-01
195316.50	3.101e-03	2.755e-01	-1.344e-01
195317.50	-2.554e-03	-9.043e-02	7.085e-02
195318.50	3.024e-03	2.832e-01	-6.240e-02
195319.50	7.939e-04	2.630e-01	-2.218e-02
195320.50	7.229e-03	4.742e-01	-4.138e-02
195321.50	7.152e-03	3.274e-01	1.824e-01
195322.50	5.520e-03	4.493e-01	-1.594e-01
195323.50	2.784e-03	1.930e-01	-1.334e-02
195324.50	1.440e-03	1.786e-01	-1.757e-01
195325.50	3.926e-03	2.534e-01	-1.862e-01
195326.50	-2.630e-03	4.934e-03	-1.104e-01
195327.50	-1.008e-03	1.325e-01	-1.248e-01
195328.50	5.885e-03	4.522e-01	-5.818e-02
195329.50	9.888e-03	3.974e-01	2.131e-01
195330.50	4.733e-03	7.219e-02	3.312e-01
195331.50	3.264e-03	2.698e-01	7.219e-02
195332.50	-7.680e-03	-1.738e-01	-1.306e-01
195333.50	2.966e-04	1.210e-01	-5.155e-02
195334.50	-4.339e-03	-1.469e-01	-2.045e-01
195335.50	4.560e-03	1.718e-01	5.270e-02
195336.50	3.082e-03	3.034e-01	-5.491e-02
195337.50	-2.755e-03	-1.306e-01	1.200e-01
195338.50	4.234e-03	3.648e-01	6.221e-03
195339.50	2.544e-03	1.190e-01	2.131e-02
195340.50	2.208e-03	1.555e-01	6.250e-02
195341.50	3.850e-03	2.074e-01	2.333e-01
195342.50	-2.822e-03	-2.170e-02	-1.507e-01
195343.50	3.946e-03	4.368e-01	-4.810e-01
195344.50	2.458e-03	1.315e-01	6.461e-02
195345.50	2.381e-03	9.984e-02	1.373e-01
195346.50	2.957e-04	1.661e-01	-4.291e-02
195347.50	7.104e-03	2.131e-01	6.826e-02
195348.50	-4.118e-03	-2.707e-01	2.909e-01
195349.50	-1.123e-03	-1.037e-01	-2.237e-02
195350.50	-2.179e-03	-1.200e-01	-2.333e-01
195351.50	1.536e-02	5.069e-01	2.074e-01
195352.50	-1.104e-02	2.026e-01	-1.046e-01
195353.50	8.688e-03	1.699e-01	1.238e-01
195354.50	1.574e-02	1.258e-01	2.659e-01
195355.50	1.258e-03	1.229e-01	-2.765e-01
195356.50	6.682e-03	2.198e-01	5.021e-02
195357.50	-1.670e-03	1.594e-01	7.968e-02
195358.50	-2.006e-03	1.018e-02	1.382e-01
195359.50	3.610e-03	2.842e-01	-4.157e-03
195360.50	-7.018e-03	-1.171e-01	-4.637e-02
195361.50	-6.086e-03	-8.141e-02	-2.352e-01
195362.50	5.366e-03	3.216e-01	-2.938e-02
195363.50	4.579e-03	1.382e-01	-1.949e-01
195364.50	-3.302e-03	-2.659e-01	2.890e-01
195365.50	-2.976e-03	-5.136e-02	9.149e-02
195366.50	1.757e-03	4.704e-02	1.008e-01
195367.50	1.440e-03	2.746e-02	-7.843e-02
195368.50	-1.843e-03	7.411e-02	-7.248e-02
195369.50	-5.530e-03	-2.016e-01	-2.506e-01
195370.50	3.437e-03	1.987e-01	1.056e-02
195371.50	-1.594e-03	6.586e-02	-1.325e-01
195372.50	2.294e-03	6.864e-02	4.426e-02
195373.50	-5.414e-03	-1.027e-01	6.432e-02
195374.50	7.229e-04	5.213e-02	-8.582e-02
195375.50	9.792e-04	3.619e-02	-7.056e-02
195376.50	-1.440e-04	1.968e-01	1.728e-01
195377.50	-1.478e-03	4.147e-02	2.006e-01
195378.50	2.410e-03	9.984e-02	-1.325e-01
195379.50	4.224e-03	1.642e-01	2.515e-02
195380.50	1.872e-03	1.632e-01	-1.450e-01
195381.50	-8.650e-03	-1.574e-01	-1.853e-01
195382.50	1.152e-03	2.477e-02	3.120e-02
195383.50	-2.006e-03	1.565e-02	3.264e-02
195384.50	4.378e-03	7.786e-02	7.075e-02
195385.50	-3.024e-04	-4.032e-02	-1.094e-01
195386.50	1.987e-04	8.294e-03	1.286e-01
195387.50	1.882e-03	2.102e-01	-1.315e-01
195388.50	3.091e-03	1.459e-01	1.507e-01
195389.50	6.566e-04	3.802e-03	2.640e-02
195390.50	3.398e-03	1.104e-01	2.112e-02
195391.50	-5.002e-03	-1.862e-01	-1.382e-01
195392.50	3.926e-03	2.496e-01	7.046e-02
195393.50	-5.414e-04	7.690e-02	1.709e-02
195394.50	-1.248e-03	-1.402e-02	2.112e-01
195395.50	5.664e-03	1.536e-01	-4.963e-02
195396.50	-4.349e-05	-1.219e-02	-4.445e-02
195397.50	-4.646e-03	-2.054e-01	1.286e-02
195398.50	5.885e-04	3.696e-02	-5.482e-03
195399.50	-4.838e-04	1.018e-01	-2.976e-02
195400.50	5.750e-04	-3.802e-02	-4.781e-02
195401.50	2.410e-03	1.622e-02	1.632e-01
195402.50	1.373e-03	3.389e-02	-8.429e-02
195403.50	-1.680e-03	-7.286e-03	9.696e-02
195404.50	7.190e-04	6.768e-02	2.890e-02
195405.50	-2.678e-03	-8.573e-02	7.133e-02
195406.50	1.738e-03	3.178e-02	1.901e-01
195407.50	1.622e-03	5.443e-02	-1.603e-01
195408.50	8.774e-04	3.965e-03	-9.984e-02
195409.50	-8.928e-04	-8.045e-02	2.400e-02
195410.50	-1.411e-03	1.555e-02	6.000e-02
195411.50	2.688e-03	1.930e-01	-7.142e-03
195412.50	-1.603e-04	-7.114e-02	8.266e-02
195413.50	-3.014e-03	-1.277e-01	-1.075e-01
195414.50	7.190e-03	9.600e-02	1.046e-01
195415.50	4.512e-04	1.334e-01	-6.874e-02
195416.50	-1.603e-03	8.506e-02	-3.024e-02
195417.50	1.075e-03	7.200e-03	8.515e-02
195418.50	4.416e-03	1.843e-01	6.336e-02
195419.50	7.354e-04	-3.418e-03	2.755e-02
195420.50	-1.363e-03	-6.758e-02	-5.587e-03
195421.50	-3.869e-03	-6.701e-02	-1.334e-01
195422.50	3.485e-03	7.507e-02	9.504e-02
195423.50	9.034e-04	7.402e-02	8.323e-03
195424.50	9.245e-04	2.352e-02	-5.069e-02
195425.50	3.408e-03	2.256e-01	-2.573e-02
195426.50	-1.229e-03	8.035e-03	7.968e-02
195427.50	3.072e-03	4.378e-02	5.856e-02
195428.50	-3.158e-03	-7.728e-02	-4.550e-02
195429.50	2.458e-04	-1.622e-02	5.261e-03
195430.50	7.805e-04	9.571e-02	-9.427e-02
195431.50	-3.120e-03	-1.027e-01	-8.746e-02
195432.50	-2.813e-03	-7.286e-02	-1.094e-01
195433.50	-8.938e-04	-1.046e-01	-9.178e-02
195434.50	-8.813e-04	-6.682e-02	-3.974e-02
195435.50	1.411e-04	-7.651e-02	2.122e-01
195436.50	6.730e-04	-4.157e-02	-3.034e-03
195437.50	-2.294e-03	-1.997e-02	-4.531e-02
195438.50	1.229e-04	2.362e-03	-1.094e-02
195439.50	-3.034e-03	-1.142e-01	-3.062e-02
195440.50	-8.765e-05	6.883e-02	8.170e-02
195441.50	-3.062e-04	-1.248e-02	2.400e-02
195442.50	2.112e-03	1.354e-02	-3.878e-03
195443.50	4.589e-04	-1.594e-02	2.976e-02
195444.50	3.120e-03	1.574e-01	-8.198e-03
195445.50	-1.709e-04	1.200e-01	-3.629e-02
195446.50	3.600e-03	5.952e-02	5.251e-02
195447.50	-1.853e-03	-6.970e-02	-3.293e-02
195448.50	-1.718e-03	-1.382e-02	-8.899e-02
195449.50	2.141e-03	3.523e-02	-1.872e-02
195450.50	8.035e-04	-6.624e-02	6.470e-02
195451.50	2.794e-03	1.584e-01	-1.094e-01
195452.50	3.206e-04	1.786e-01	2.678e-02
195453.50	2.678e-04	1.670e-02	1.421e-01
195454.50	1.277e-03	1.037e-02	9.245e-02
195455.50	8.064e-04	7.555e-02	-1.680e-02
195456.50	-1.248e-03	-7.162e-02	-4.867e-02
195457.50	-3.571e-04	-6.739e-02	-7.114e-02
195458.50	-4.282e-03	-1.267e-01	-1.027e-01
195459.50	1.440e-03	7.949e-02	1.210e-01
195460.50	8.678e-04	-5.338e-02	-1.027e-01
195461.50	7.728e-03	5.837e-03	-5.616e-02
195462.50	-3.965e-03	7.574e-02	-1.642e-01
195463.50	-5.021e-03	-1.306e-01	8.458e-02
195464.50	9.600e-04	1.910e-02	1.344e-01
195465.50	-2.362e-03	-8.371e-02	-6.144e-02
195466.50	-4.090e-03	3.110e-02	-8.698e-02
195467.50	-1.565e-03	9.792e-02	7.546e-02
195468.50	6.298e-03	3.936e-02	4.608e-02
195469.50	-1.718e-03	-4.416e-04	-5.395e-02
195470.50	2.870e-03	3.331e-02	6.787e-03
195471.50	-1.690e-03	-1.651e-02	-5.347e-02
195472.50	-9.120e-04	-1.670e-02	-2.832e-02
195473.50	-7.978e-04	-3.485e-02	8.784e-02
195474.50	-3.485e-04	-2.650e-02	-8.246e-04
195475.50	9.043e-04	-7.930e-03	1.354e-01
195476.50	2.093e-03	-2.227e-02	-8.458e-02
195477.50	6.058e-04	-1.565e-02	-3.974e-02
195478.50	-2.218e-03	-1.392e-02	6.019e-02
195479.50	-1.555e-03	5.366e-02	-1.469e-01
195480.50	-9.888e-04	-4.963e-02	-5.760e-03
195481.50	-7.594e-04	-1.094e-01	5.606e-02
195482.50	-1.411e-03	-3.648e-02	4.243e-02
195483.50	7.238e-04	1.037e-02	-2.698e-02
195484.50	2.333e-03	9.888e-02	-7.747e-02
195485.50	4.790e-04	-1.402e-02	-7.680e-02
195486.50	-4.301e-03	-4.810e-02	-1.958e-02
195487.50	-2.102e-03	2.765e-03	-4.608e-02
195488.50	5.722e-04	6.240e-02	-8.918e-03
195489.50	5.722e-04	3.370e-02	9.475e-02
195490.50	3.197e-03	3.130e-02	8.362e-02
195491.50	-4.522e-04	3.888e-02	-1.670e-01
195492.50	1.565e-04	7.258e-02	-1.104e-02
195493.50	4.186e-03	8.227e-02	1.027e-01
195494.50	1.738e-03	3.926e-02	1.296e-02
195495.50	2.880e-03	1.315e-01	9.888e-02
195496.50	-3.322e-03	-1.507e-02	-1.181e-01
195497.50	-1.622e-03	-9.504e-02	3.926e-02
195498.50	1.085e-03	8.362e-02	5.856e-03
195499.50	-7.882e-04	-2.630e-03	1.594e-02
195500.50	-1.459e-03	-5.405e-02	-9.101e-02
195501.50	5.626e-04	1.027e-02	1.219e-01
195502.50	2.314e-04	-7.814e-05	5.309e-02
195503.50	1.498e-03	1.238e-01	6.029e-03
195504.50	3.744e-03	6.269e-02	9.302e-03
195505.50	5.078e-03	-7.814e-03	1.594e-02
195506.50	3.590e-04	-4.982e-02	-2.640e-02
195507.50	5.578e-04	-6.787e-02	-4.166e-02
195508.50	1.267e-03	1.037e-02	-3.926e-02
195509.50	-1.382e-02	-1.565e-01	-1.853e-02
195510.50	4.051e-04	1.354e-01	2.179e-02
195511.50	1.325e-03	6.144e-02	6.298e-02
195512.50	-1.622e-03	-6.422e-02	-1.478e-02
195513.50	1.526e-03	3.485e-02	-1.315e-02
195514.50	-4.675e-04	2.275e-03	-6.902e-02
195515.50	9.206e-04	2.054e-02	1.315e-02
195516.50	1.008e-03	4.138e-02	1.142e-02
195517.50	-4.387e-04	2.659e-02	-8.054e-03
195518.50	-2.006e-03	-7.056e-02	-7.632e-02
195519.50	5.568e-04	-3.936e-02	-9.888e-03
195520.50	-1.382e-03	-3.648e-02	7.670e-03
195521.50	-2.938e-04	1.334e-03	-1.478e-02
195522.50	-2.227e-03	4.109e-02	-7.805e-02
195523.50	-8.650e-04	-8.794e-03	-5.568e-02
195524.50	2.851e-03	1.901e-02	9.283e-03
195525.50	-1.104e-04	-5.338e-02	8.582e-02
195526.50	-5.424e-04	-1.190e-01	5.126e-02
195527.50	-6.538e-04	-1.872e-02	2.179e-02
195528.50	-1.555e-03	-1.939e-02	-3.322e-02
195529.50	-1.334e-04	1.411e-02	-1.584e-02
195530.50	8.074e-04	4.531e-02	1.939e-02
195531.50	-9.389e-05	6.874e-03	3.763e-02
195532.50	8.890e-04	3.562e-02	6.134e-04
195533.50	-2.102e-03	-1.075e-01	9.062e-03
195534.50	7.670e-03	1.574e-01	8.016e-03
195535.50	-7.786e-04	1.229e-02	-7.478e-02
195536.50	-2.131e-03	-3.821e-02	1.872e-02
195537.50	1.142e-03	9.005e-02	-2.630e-02
195538.50	-2.035e-03	7.670e-02	-8.611e-02
195539.50	-2.429e-03	6.490e-02	-8.736e-03
195540.50	4.435e-03	-3.859e-02	7.555e-02
195541.50	2.506e-03	-3.821e-02	9.600e-02
195542.50	7.824e-05	-5.549e-02	4.042e-02
195543.50	8.314e-04	4.426e-02	-3.456e-02
195544.50	-2.515e-03	4.435e-03	-1.613e-01
195545.50	1.238e-03	6.422e-03	2.803e-02
195546.50	2.746e-04	-2.525e-03	8.304e-02
195547.50	-1.824e-03	-1.114e-02	-1.632e-02
195548.50	-2.582e-03	-6.624e-02	-1.171e-02
195549.50	-3.101e-03	-6.115e-02	-3.370e-02
195550.50	-6.202e-04	2.880e-02	-2.842e-03
195551.50	1.574e-03	3.139e-02	9.792e-02
195552.50	-2.170e-04	1.824e-02	-8.429e-02
195553.50	6.605e-04	4.733e-02	4.406e-03
195554.50	3.024e-03	6.730e-02	1.363e-01
195555.50	-3.552e-04	2.784e-02	-8.266e-02
195556.50	-1.075e-03	-6.768e-02	1.872e-02
195557.50	-2.621e-03	-4.013e-02	-1.114e-02
195558.50	-3.418e-03	-1.920e-02	-7.728e-02
195559.50	-9.792e-04	-4.224e-02	-7.181e-02
195560.50	1.469e-04	4.579e-02	-4.858e-02
195561.50	2.054e-03	6.230e-02	2.554e-02
195562.50	1.632e-03	-6.979e-03	8.266e-02
195563.50	-6.787e-04	-4.867e-02	-2.131e-03
195564.50	-1.930e-03	-5.453e-02	4.742e-02
195565.50	-4.301e-03	-1.526e-02	-2.112e-02
195566.50	3.955e-05	-1.642e-03	3.821e-02
195567.50	-7.488e-04	-1.325e-03	4.733e-03
195568.50	3.581e-03	-1.027e-03	1.805e-02
195569.50	3.034e-03	5.002e-02	4.560e-02
195570.50	7.622e-04	4.109e-02	-1.728e-02
195571.50	5.654e-04	-7.027e-03	3.667e-02
195572.50	4.742e-04	5.059e-02	1.171e-02
195573.50	1.987e-03	4.118e-03	4.675e-02
195574.50	-1.498e-03	-3.091e-02	-1.498e-02
195575.50	2.678e-04	2.467e-02	-6.451e-02
195576.50	-4.944e-03	-1.190e-01	-4.330e-02
195577.50	-7.027e-04	-7.958e-02	-2.400e-02
195578.50	-1.315e-05	-5.088e-02	-3.110e-03
195579.50	-8.179e-04	-8.342e-02	1.498e-02
195580.50	-1.651e-04	4.214e-02	1.987e-02
195581.50	6.374e-05	-1.690e-02	-8.640e-03
195582.50	2.458e-03	3.782e-02	7.920e-02
195583.50	-9.888e-04	2.947e-02	-5.885e-02
195584.50	3.168e-04	-3.562e-03	-2.083e-04
195585.50	-1.296e-03	-7.766e-03	-6.365e-02
195586.50	4.714e-03	5.040e-02	-2.400e-02
195587.50	3.053e-03	-6.480e-03	2.074e-03
195588.50	-2.333e-04	-4.838e-02	2.630e-02
195589.50	1.162e-03	7.114e-02	-1.162e-01
195590.50	-2.813e-03	-6.979e-02	7.699e-02
195591.50	-3.053e-04	6.595e-02	-2.141e-02
195592.50	-5.587e-05	6.826e-02	-7.056e-02
195593.50	5.318e-04	2.794e-02	-3.830e-04
195594.50	1.421e-03	3.110e-02	6.854e-02
195595.50	2.198e-03	5.184e-02	4.906e-02
195596.50	-2.573e-04	4.272e-03	2.563e-02
195597.50	1.488e-03	5.030e-02	2.678e-02
195598.50	5.923e-04	-9.149e-02	3.408e-02
195599.50	-1.882e-03	-2.102e-02	-4.339e-02
195600.50	-3.082e-03	-4.973e-03	-4.714e-02
195601.50	2.813e-04	3.629e-02	-9.600e-03
195602.50	2.352e-03	4.886e-02	-1.219e-02
195603.50	-3.350e-03	-3.350e-02	7.920e-03
195604.50	2.266e-04	1.450e-02	1.968e-02
195605.50	-3.744e-04	1.258e-04	-3.456e-02
195606.50	-1.306e-03	-1.814e-02	1.853e-02
195607.50	-2.947e-04	-1.018e-02	-3.293e-02
195608.50	-1.046e-03	-7.594e-02	4.358e-02
195609.50	9.590e-04	-2.621e-02	-2.755e-02
195610.50	2.467e-03	3.005e-02	5.222e-02
195611.50	3.648e-03	2.410e-02	5.021e-02
195612.50	2.150e-03	4.243e-02	1.795e-02
195613.50	1.882e-03	-3.437e-02	8.890e-03
195614.50	-1.690e-03	1.651e-02	2.784e-02
195615.50	-5.462e-03	-7.795e-03	-3.504e-02
195616.50	-5.606e-04	-3.216e-02	2.083e-02
195617.50	-1.526e-03	-1.814e-02	-3.226e-02
195618.50	-1.786e-03	-2.112e-02	-4.752e-02
195619.50	4.262e-04	1.094e-03	1.190e-02
195620.50	-7.440e-04	-3.082e-03	9.120e-03
195621.50	-4.694e-05	-3.859e-02	-2.534e-02
195622.50	1.162e-03	8.736e-03	-9.024e-02
195623.50	5.050e-04	1.930e-02	5.270e-02
195624.50	-2.765e-03	1.680e-03	4.426e-03
195625.50	2.006e-03	-1.594e-04	6.077e-02
195626.50	1.632e-03	-1.584e-02	-7.997e-03
195627.50	-6.672e-03	-7.402e-02	2.304e-03
195628.50	-4.416e-03	-4.090e-02	-3.379e-02
195629.50	1.354e-03	2.218e-02	-1.632e-03
195630.50	1.478e-02	4.550e-02	6.442e-02
195631.50	1.008e-02	5.866e-02	-3.341e-02
195632.50	-2.083e-02	-5.539e-02	-8.381e-02
195633.50	2.986e-03	7.354e-02	2.909e-02
195634.50	7.930e-06	-2.093e-02	-2.851e-03
195635.50	-7.997e-03	-1.066e-01	1.536e-03
195636.50	-3.235e-03	-9.158e-03	-1.507e-03
