195038.50	0.000e+00	0.000e+00	0.000e+00
195039.50	0.000e+00	0.000e+00	0.000e+00
195040.50	0.000e+00	0.000e+00	0.000e+00
195041.50	0.000e+00	0.000e+00	0.000e+00
195042.50	0.000e+00	0.000e+00	0.000e+00
195043.50	0.000e+00	0.000e+00	0.000e+00
195044.50	0.000e+00	0.000e+00	0.000e+00
195045.50	0.000e+00	0.000e+00	0.000e+00
195046.50	0.000e+00	0.000e+00	0.000e+00
195047.50	0.000e+00	0.000e+00	0.000e+00
195048.50	0.000e+00	0.000e+00	0.000e+00
195049.50	0.000e+00	0.000e+00	0.000e+00
195050.50	0.000e+00	0.000e+00	0.000e+00
195051.50	0.000e+00	0.000e+00	0.000e+00
195052.50	0.000e+00	0.000e+00	0.000e+00
195053.50	0.000e+00	0.000e+00	0.000e+00
195054.50	0.000e+00	0.000e+00	0.000e+00
195055.50	0.000e+00	0.000e+00	0.000e+00
195056.50	0.000e+00	0.000e+00	0.000e+00
195057.50	0.000e+00	0.000e+00	0.000e+00
195058.50	0.000e+00	0.000e+00	0.000e+00
195059.50	0.000e+00	0.000e+00	0.000e+00
195060.50	0.000e+00	0.000e+00	0.000e+00
195061.50	0.000e+00	0.000e+00	0.000e+00
195062.50	0.000e+00	0.000e+00	0.000e+00
195063.50	0.000e+00	0.000e+00	0.000e+00
195064.50	0.000e+00	0.000e+00	0.000e+00
195065.50	0.000e+00	0.000e+00	0.000e+00
195066.50	0.000e+00	0.000e+00	0.000e+00
195067.50	0.000e+00	0.000e+00	0.000e+00
195068.50	0.000e+00	0.000e+00	0.000e+00
195069.50	0.000e+00	0.000e+00	0.000e+00
195070.50	0.000e+00	0.000e+00	0.000e+00
195071.50	0.000e+00	0.000e+00	0.000e+00
195072.50	0.000e+00	0.000e+00	0.000e+00
195073.50	0.000e+00	0.000e+00	0.000e+00
195074.50	0.000e+00	0.000e+00	0.000e+00
195075.50	0.000e+00	0.000e+00	0.000e+00
195076.50	0.000e+00	0.000e+00	0.000e+00
195077.50	0.000e+00	0.000e+00	0.000e+00
195078.50	0.000e+00	0.000e+00	0.000e+00
195079.50	0.000e+00	0.000e+00	0.000e+00
195080.50	0.000e+00	0.000e+00	0.000e+00
195081.50	0.000e+00	0.000e+00	0.000e+00
195082.50	0.000e+00	0.000e+00	0.000e+00
195083.50	0.000e+00	0.000e+00	0.000e+00
195084.50	0.000e+00	0.000e+00	0.000e+00
195085.50	0.000e+00	0.000e+00	0.000e+00
195086.50	0.000e+00	0.000e+00	0.000e+00
195087.50	0.000e+00	0.000e+00	0.000e+00
195088.50	0.000e+00	0.000e+00	0.000e+00
195089.50	0.000e+00	0.000e+00	0.000e+00
195090.50	0.000e+00	0.000e+00	0.000e+00
195091.50	0.000e+00	0.000e+00	0.000e+00
195092.50	0.000e+00	0.000e+00	0.000e+00
195093.50	0.000e+00	0.000e+00	0.000e+00
195094.50	0.000e+00	0.000e+00	0.000e+00
195095.50	0.000e+00	0.000e+00	0.000e+00
195096.50	0.000e+00	0.000e+00	0.000e+00
195097.50	0.000e+00	0.000e+00	0.000e+00
195098.50	0.000e+00	0.000e+00	0.000e+00
195099.50	0.000e+00	0.000e+00	0.000e+00
195100.50	0.000e+00	0.000e+00	0.000e+00
195101.50	0.000e+00	0.000e+00	0.000e+00
195102.50	0.000e+00	0.000e+00	0.000e+00
195103.50	0.000e+00	0.000e+00	0.000e+00
195104.50	0.000e+00	0.000e+00	0.000e+00
195105.50	0.000e+00	0.000e+00	0.000e+00
195106.50	0.000e+00	0.000e+00	0.000e+00
195107.50	0.000e+00	0.000e+00	0.000e+00
195108.50	0.000e+00	0.000e+00	0.000e+00
195109.50	0.000e+00	0.000e+00	0.000e+00
195110.50	0.000e+00	0.000e+00	0.000e+00
195111.50	0.000e+00	0.000e+00	0.000e+00
195112.50	0.000e+00	0.000e+00	0.000e+00
195113.50	0.000e+00	0.000e+00	0.000e+00
195114.50	0.000e+00	0.000e+00	0.000e+00
195115.50	0.000e+00	0.000e+00	0.000e+00
195116.50	0.000e+00	0.000e+00	0.000e+00
195117.50	0.000e+00	0.000e+00	0.000e+00
195118.50	0.000e+00	0.000e+00	0.000e+00
195119.50	0.000e+00	0.000e+00	0.000e+00
195120.50	0.000e+00	0.000e+00	0.000e+00
195121.50	0.000e+00	0.000e+00	0.000e+00
195122.50	0.000e+00	0.000e+00	0.000e+00
195123.50	0.000e+00	0.000e+00	0.000e+00
195124.50	0.000e+00	0.000e+00	0.000e+00
195125.50	0.000e+00	0.000e+00	0.000e+00
195126.50	0.000e+00	0.000e+00	0.000e+00
195127.50	0.000e+00	0.000e+00	0.000e+00
195128.50	0.000e+00	0.000e+00	0.000e+00
195129.50	0.000e+00	0.000e+00	0.000e+00
195130.50	0.000e+00	0.000e+00	0.000e+00
195131.50	0.000e+00	0.000e+00	0.000e+00
195132.50	0.000e+00	0.000e+00	0.000e+00
195133.50	0.000e+00	0.000e+00	0.000e+00
195134.50	0.000e+00	0.000e+00	0.000e+00
195135.50	0.000e+00	0.000e+00	0.000e+00
195136.50	0.000e+00	0.000e+00	0.000e+00
195137.50	0.000e+00	0.000e+00	0.000e+00
195138.50	0.000e+00	0.000e+00	0.000e+00
195139.50	0.000e+00	0.000e+00	0.000e+00
195140.50	0.000e+00	0.000e+00	0.000e+00
195141.50	0.000e+00	0.000e+00	0.000e+00
195142.50	0.000e+00	0.000e+00	0.000e+00
195143.50	0.000e+00	0.000e+00	0.000e+00
195144.50	0.000e+00	0.000e+00	0.000e+00
195145.50	0.000e+00	0.000e+00	0.000e+00
195146.50	0.000e+00	0.000e+00	0.000e+00
195147.50	0.000e+00	0.000e+00	0.000e+00
195148.50	0.000e+00	0.000e+00	0.000e+00
195149.50	0.000e+00	0.000e+00	0.000e+00
195150.50	0.000e+00	0.000e+00	0.000e+00
195151.50	0.000e+00	0.000e+00	0.000e+00
195152.50	0.000e+00	0.000e+00	0.000e+00
195153.50	0.000e+00	0.000e+00	0.000e+00
195154.50	0.000e+00	0.000e+00	0.000e+00
195155.50	0.000e+00	0.000e+00	0.000e+00
195156.50	0.000e+00	0.000e+00	0.000e+00
195157.50	0.000e+00	0.000e+00	0.000e+00
195158.50	0.000e+00	0.000e+00	0.000e+00
195159.50	0.000e+00	0.000e+00	0.000e+00
195160.50	0.000e+00	0.000e+00	0.000e+00
195161.50	0.000e+00	0.000e+00	0.000e+00
195162.50	0.000e+00	0.000e+00	0.000e+00
195163.50	0.000e+00	0.000e+00	0.000e+00
195164.50	0.000e+00	0.000e+00	0.000e+00
195165.50	0.000e+00	0.000e+00	0.000e+00
195166.50	0.000e+00	0.000e+00	0.000e+00
195167.50	0.000e+00	0.000e+00	0.000e+00
195168.50	0.000e+00	0.000e+00	0.000e+00
195169.50	0.000e+00	0.000e+00	0.000e+00
195170.50	0.000e+00	0.000e+00	0.000e+00
195171.50	0.000e+00	0.000e+00	0.000e+00
195172.50	0.000e+00	0.000e+00	0.000e+00
195173.50	0.000e+00	0.000e+00	0.000e+00
195174.50	0.000e+00	0.000e+00	0.000e+00
195175.50	0.000e+00	0.000e+00	0.000e+00
195176.50	0.000e+00	0.000e+00	0.000e+00
195177.50	0.000e+00	0.000e+00	0.000e+00
195178.50	0.000e+00	0.000e+00	0.000e+00
195179.50	0.000e+00	0.000e+00	0.000e+00
195180.50	0.000e+00	0.000e+00	0.000e+00
195181.50	0.000e+00	0.000e+00	0.000e+00
195182.50	0.000e+00	0.000e+00	0.000e+00
195183.50	3.398e-06	-1.670e-04	1.344e-04
195184.50	8.371e-06	-5.635e-04	1.603e-04
195185.50	1.411e-06	-4.675e-04	2.659e-06
195186.50	-7.190e-06	3.120e-04	-2.957e-04
195187.50	-4.656e-06	6.182e-04	-2.323e-04
195188.50	2.458e-06	-2.026e-04	-1.190e-04
195189.50	-8.506e-07	1.459e-04	2.438e-04
195190.50	-1.862e-06	1.642e-04	1.411e-04
195191.50	9.398e-06	-6.067e-04	-5.722e-04
195192.50	-1.162e-07	3.859e-04	-5.712e-04
195193.50	-6.384e-06	9.696e-04	-3.811e-04
195194.50	-3.418e-06	8.112e-04	6.797e-04
195195.50	2.621e-05	-5.779e-04	-3.456e-04
195196.50	-3.139e-05	-1.162e-03	9.360e-04
195197.50	1.622e-05	-3.197e-03	-1.392e-03
195198.50	4.330e-04	-3.158e-02	-9.590e-03
195199.50	-6.528e-04	3.408e-02	-1.382e-02
195200.50	-8.736e-06	5.894e-03	9.350e-03
195201.50	5.808e-04	-1.795e-02	2.678e-02
195202.50	-1.325e-04	4.848e-03	-5.021e-03
195203.50	-1.661e-04	2.122e-03	9.561e-04
195204.50	4.570e-04	-1.824e-02	1.142e-02
195205.50	2.986e-04	-9.590e-03	1.152e-02
195206.50	-3.542e-04	2.150e-02	-1.133e-02
195207.50	6.163e-04	-1.018e-01	-3.331e-02
195208.50	1.968e-03	2.333e-02	1.939e-01
195209.50	2.842e-03	-2.688e-01	-9.552e-02
195210.50	4.080e-02	-2.582e+00	2.880e-01
195211.50	7.190e-01	-4.608e+01	3.456e+00
195212.50	8.333e+00	-5.462e+02	1.642e+01
195213.50	1.229e+01	-8.227e+02	8.150e+01
195214.50	2.822e+00	-1.949e+02	3.398e+01
195215.50	-3.024e+00	2.064e+02	-2.832e+01
195216.50	-2.189e+00	1.498e+02	-1.766e+01
195217.50	-1.642e+00	1.104e+02	-1.392e+01
195218.50	-1.402e+00	9.494e+01	-7.382e+00
195219.50	-1.325e+00	8.928e+01	-8.477e+00
195220.50	-1.152e+00	7.805e+01	-3.562e+00
195221.50	-9.360e-01	6.365e+01	-6.096e+00
195222.50	-8.966e-01	5.952e+01	-5.261e+00
195223.50	-8.400e-01	5.654e+01	-3.782e+00
195224.50	-7.171e-01	4.906e+01	-9.370e-01
195225.50	-6.883e-01	4.445e+01	-6.278e+00
195226.50	-5.875e-01	3.850e+01	-3.869e+00
195227.50	-5.539e-01	3.686e+01	-2.976e+00
195228.50	-5.347e-01	3.600e+01	-7.747e-01
195229.50	-5.146e-01	3.264e+01	-4.906e+00
195230.50	-4.042e-01	2.736e+01	1.104e-01
195231.50	-4.138e-01	2.726e+01	-2.102e+00
195232.50	-3.514e-01	2.333e+01	-2.006e+00
195233.50	-3.139e-01	2.160e+01	1.699e-02
195234.50	-3.158e-01	2.054e+01	-2.304e+00
195235.50	-3.139e-01	1.997e+01	-1.651e+00
195236.50	-3.130e-01	2.045e+01	4.963e-02
195237.50	-2.515e-01	1.661e+01	-2.429e-01
195238.50	-2.544e-01	1.728e+01	-5.414e-01
195239.50	-2.170e-01	1.392e+01	-1.968e+00
195240.50	-1.958e-01	1.210e+01	-1.642e+00
195241.50	-2.218e-01	1.382e+01	-2.304e+00
195242.50	-1.690e-01	1.094e+01	-9.245e-01
195243.50	-1.555e-01	1.094e+01	3.370e-01
195244.50	-1.642e-01	1.056e+01	-3.773e-01
195245.50	-1.354e-01	9.418e+00	4.963e-01
195246.50	-1.344e-01	8.429e+00	-7.450e-01
195247.50	-1.248e-01	8.986e+00	1.018e+00
195248.50	-1.114e-01	6.998e+00	-1.507e+00
195249.50	-1.546e-01	9.888e+00	-3.149e-01
195250.50	-1.229e-01	7.882e+00	-1.382e-01
195251.50	-1.114e-01	7.056e+00	-9.600e-01
195252.50	-1.066e-01	6.787e+00	-4.243e-02
195253.50	-6.787e-02	4.685e+00	3.754e-01
195254.50	-9.197e-02	6.442e+00	9.168e-01
195255.50	-9.696e-02	6.144e+00	-4.771e-01
195256.50	-9.120e-02	5.741e+00	-3.725e-01
195257.50	-7.411e-02	4.992e+00	9.197e-01
195258.50	-6.451e-02	4.541e+00	8.112e-02
195259.50	-8.698e-02	5.654e+00	2.554e-01
195260.50	-7.066e-02	4.166e+00	-1.306e+00
195261.50	-4.339e-02	2.928e+00	1.402e-01
195262.50	-4.579e-02	2.861e+00	-3.926e-01
195263.50	-5.491e-02	3.840e+00	5.645e-01
195264.50	-7.171e-02	4.262e+00	-4.378e-01
195265.50	-5.318e-02	3.773e+00	5.232e-01
195266.50	-3.312e-02	2.246e+00	-3.024e-01
195267.50	-5.414e-02	3.302e+00	-9.888e-04
195268.50	-5.866e-02	3.955e+00	-3.149e-02
195269.50	-4.704e-02	2.496e+00	-5.558e-01
195270.50	-1.661e-02	1.229e+00	6.413e-01
195271.50	-4.090e-02	2.419e+00	-4.858e-01
195272.50	-3.917e-02	2.218e+00	-3.955e-01
195273.50	-4.109e-02	2.976e+00	1.574e-01
195274.50	-3.341e-02	2.122e+00	-6.778e-02
195275.50	-3.120e-02	1.536e+00	-8.851e-01
195276.50	-2.602e-02	1.699e+00	2.141e-02
195277.50	-1.901e-02	1.690e+00	8.995e-01
195278.50	-3.043e-02	1.757e+00	-4.282e-01
195279.50	-3.792e-02	2.285e+00	-1.651e-01
195280.50	-2.477e-02	1.747e+00	-7.392e-03
195281.50	-2.218e-02	1.171e+00	-7.296e-01
195282.50	-2.659e-02	1.613e+00	1.037e-01
195283.50	-2.256e-02	1.344e+00	7.286e-02
195284.50	-1.920e-02	1.507e+00	4.090e-01
195285.50	-1.622e-02	1.210e+00	2.544e-01
195286.50	-2.054e-02	1.123e+00	-4.646e-01
195287.50	-1.373e-02	7.987e-01	-6.326e-02
195288.50	-2.093e-02	1.238e+00	9.110e-02
195289.50	-1.565e-02	9.984e-01	-2.429e-02
195290.50	-1.123e-02	5.962e-01	-6.682e-01
195291.50	-2.160e-02	9.158e-01	-4.310e-01
195292.50	-1.805e-02	9.984e-01	2.890e-01
195293.50	-1.238e-02	9.696e-01	-1.776e-01
195294.50	-1.901e-02	1.229e+00	3.542e-02
195295.50	-1.152e-02	9.370e-01	1.411e-01
195296.50	-1.085e-02	5.347e-01	-2.688e-01
195297.50	-1.018e-02	4.022e-01	-3.830e-01
195298.50	-1.334e-02	7.056e-01	1.190e-01
195299.50	-1.670e-02	9.331e-01	-4.886e-01
195300.50	-1.536e-02	9.062e-01	6.634e-02
195301.50	-1.306e-02	9.600e-01	1.814e-01
195302.50	-1.315e-02	5.002e-01	-2.218e-01
195303.50	-4.694e-03	1.517e-01	-2.179e-01
195304.50	-6.893e-03	6.643e-01	5.760e-01
195305.50	-1.085e-02	7.344e-01	-1.882e-02
195306.50	-1.018e-02	6.557e-01	2.198e-01
195307.50	-9.178e-03	4.704e-01	-1.258e-01
195308.50	-5.558e-03	4.032e-01	-2.813e-01
195309.50	-1.027e-02	2.582e-01	-6.874e-01
195310.50	-8.333e-03	5.232e-01	9.206e-02
195311.50	-7.200e-04	-3.917e-02	-1.248e-01
195312.50	-5.318e-03	3.254e-01	1.296e-01
195313.50	-8.198e-03	5.376e-01	2.266e-01
195314.50	-2.486e-03	2.938e-01	-1.901e-02
195315.50	-5.798e-03	2.592e-01	-8.294e-03
195316.50	-6.269e-03	3.158e-01	1.056e-01
195317.50	-9.600e-03	4.483e-01	-6.000e-01
195318.50	-1.517e-02	6.221e-01	-3.427e-01
195319.50	-2.093e-03	3.610e-01	2.573e-01
195320.50	-5.462e-03	4.906e-01	1.488e-01
195321.50	-5.683e-03	4.570e-01	2.150e-01
195322.50	6.086e-05	1.498e-01	1.891e-01
195323.50	-4.944e-03	4.426e-01	8.707e-02
195324.50	-8.035e-03	2.938e-01	2.602e-02
195325.50	1.210e-03	1.296e-01	-1.152e-02
195326.50	-7.642e-03	4.819e-01	8.458e-02
195327.50	2.189e-03	-1.766e-01	7.354e-03
195328.50	-5.280e-03	2.726e-01	-3.802e-02
195329.50	-7.603e-03	3.888e-02	1.286e-01
195330.50	3.514e-04	1.171e-01	-2.016e-01
195331.50	-1.258e-02	6.115e-01	-2.966e-01
195332.50	-8.170e-03	3.830e-01	-2.150e-01
195333.50	2.227e-03	-8.016e-02	-4.272e-03
195334.50	2.419e-03	-1.037e-01	1.229e-01
195335.50	1.728e-03	6.173e-02	4.291e-01
195336.50	-1.085e-02	6.221e-01	-7.027e-02
195337.50	-6.941e-03	3.859e-01	-5.597e-01
195338.50	2.160e-03	-2.170e-01	5.578e-02
195339.50	4.176e-03	-3.936e-02	2.563e-01
195340.50	-4.147e-03	3.101e-01	1.440e-01
195341.50	9.696e-04	7.085e-02	1.536e-01
195342.50	-5.578e-03	2.429e-01	-1.056e-01
195343.50	-5.664e-03	1.987e-01	-1.488e-01
195344.50	-2.285e-03	1.891e-01	-8.621e-02
195345.50	-4.234e-03	2.112e-01	9.984e-03
195346.50	-2.976e-03	-8.342e-03	2.410e-01
195347.50	-4.262e-03	2.909e-01	-1.910e-01
195348.50	-4.589e-03	1.843e-01	-1.363e-01
195349.50	-8.630e-04	-3.811e-02	-1.738e-01
195350.50	-5.213e-03	3.427e-01	9.984e-02
195351.50	-2.371e-03	8.602e-02	-4.944e-02
195352.50	-6.326e-03	1.968e-01	-3.024e-01
195353.50	8.410e-04	-7.392e-02	-1.430e-02
195354.50	3.734e-03	-1.555e-02	1.133e-01
195355.50	6.077e-03	-5.443e-02	3.754e-01
195356.50	-9.120e-03	3.014e-01	-7.229e-02
195357.50	-2.410e-03	1.238e-01	-2.102e-02
195358.50	2.275e-03	-6.307e-02	1.661e-01
195359.50	6.259e-04	-1.632e-01	7.258e-03
195360.50	-2.611e-03	8.563e-03	4.810e-02
195361.50	-7.315e-03	3.312e-01	-1.248e-01
195362.50	-3.907e-03	9.206e-02	-1.286e-01
195363.50	-8.266e-04	1.296e-01	1.872e-01
195364.50	-2.890e-03	2.410e-01	-1.190e-01
195365.50	2.477e-03	-8.659e-02	1.411e-01
195366.50	1.853e-03	-9.206e-02	-1.306e-01
195367.50	-1.546e-03	1.824e-01	-1.306e-01
195368.50	-1.200e-03	1.104e-01	9.888e-02
195369.50	-9.427e-03	1.757e-01	-1.930e-01
195370.50	-3.197e-03	4.224e-02	-1.008e-01
195371.50	-2.842e-03	3.216e-01	7.661e-02
195372.50	1.507e-03	5.328e-02	1.440e-02
195373.50	-3.005e-04	-7.114e-02	-9.312e-02
195374.50	-1.834e-03	1.843e-01	3.082e-02
195375.50	2.573e-03	-1.210e-01	-7.891e-02
195376.50	-1.661e-04	-1.603e-02	9.792e-03
195377.50	-5.683e-03	1.238e-01	1.152e-01
195378.50	-3.485e-03	1.258e-02	-5.558e-03
195379.50	-3.542e-03	1.853e-01	3.850e-02
195380.50	-1.152e-03	-2.784e-02	-1.766e-02
195381.50	-6.960e-03	2.880e-01	-6.643e-02
195382.50	-3.331e-03	2.371e-01	-9.888e-02
195383.50	5.232e-03	-1.171e-01	2.323e-01
195384.50	-2.122e-03	-2.006e-02	-9.984e-02
195385.50	-3.072e-03	1.690e-01	2.467e-02
195386.50	2.909e-03	3.514e-02	3.360e-02
195387.50	-2.198e-03	1.709e-02	1.190e-01
195388.50	-2.774e-03	-1.526e-01	-3.264e-01
195389.50	-3.274e-03	3.110e-01	1.968e-01
195390.50	-2.736e-03	2.179e-01	-5.827e-02
195391.50	3.802e-03	-1.920e-01	7.795e-02
195392.50	-4.723e-03	3.658e-02	1.296e-01
195393.50	-2.035e-03	-1.517e-02	4.733e-02
195394.50	7.190e-04	-6.442e-02	1.171e-01
195395.50	-5.722e-04	9.418e-02	4.368e-02
195396.50	-3.850e-03	1.027e-01	-1.171e-01
195397.50	-2.112e-03	1.709e-01	-7.939e-02
195398.50	-1.690e-03	1.402e-01	-8.918e-02
195399.50	-1.670e-03	1.526e-02	8.342e-02
195400.50	-2.534e-03	-3.840e-02	2.678e-02
195401.50	-2.419e-03	5.626e-02	1.258e-01
195402.50	1.555e-02	-1.555e-02	2.726e-02
195403.50	-8.016e-03	-6.250e-02	-4.483e-02
195404.50	2.467e-03	-1.795e-02	-6.173e-02
195405.50	5.971e-03	9.264e-02	8.938e-02
195406.50	3.043e-04	5.136e-02	2.688e-02
195407.50	-1.104e-02	-1.085e-02	-6.749e-02
195408.50	2.102e-03	-1.613e-01	-7.584e-02
195409.50	1.651e-03	6.672e-02	1.661e-01
195410.50	4.752e-03	2.064e-01	1.690e-01
195411.50	-3.571e-03	1.594e-01	-6.816e-02
195412.50	-1.594e-04	-1.162e-01	-1.661e-01
195413.50	-1.421e-03	7.162e-02	-2.275e-02
195414.50	-2.371e-03	3.514e-02	1.037e-01
195415.50	1.075e-03	2.323e-02	6.902e-02
195416.50	-1.901e-03	-1.526e-02	-8.765e-02
195417.50	-1.210e-03	1.565e-01	-3.293e-02
195418.50	-3.638e-03	2.314e-02	-1.507e-01
195419.50	-2.198e-03	-1.584e-02	-1.555e-01
195420.50	5.606e-04	2.851e-02	-8.448e-02
195421.50	1.411e-03	6.653e-02	6.374e-02
195422.50	-3.264e-03	1.344e-01	5.194e-02
195423.50	1.910e-02	5.405e-02	9.043e-02
195424.50	6.826e-03	-1.085e-01	7.402e-02
195425.50	2.861e-03	7.968e-03	1.392e-02
195426.50	7.018e-02	-1.690e-01	1.958e-01
195427.50	-7.469e-02	5.693e-02	-2.678e-01
195428.50	-3.379e-03	7.862e-02	1.190e-01
195429.50	3.514e-03	-1.056e-01	1.546e-01
195430.50	9.034e-04	-4.963e-02	1.843e-02
195431.50	-5.530e-03	4.483e-02	-1.085e-01
195432.50	-2.342e-03	9.274e-02	-1.421e-02
195433.50	9.792e-05	-2.304e-03	-1.037e-01
195434.50	-3.514e-03	5.309e-02	-1.430e-01
195435.50	-8.525e-03	9.792e-02	-4.464e-02
195436.50	6.355e-03	-6.230e-02	1.373e-01
195437.50	3.485e-03	-2.774e-02	1.344e-01
195438.50	-6.173e-03	3.053e-02	-3.821e-03
195439.50	-8.650e-04	-2.630e-02	-3.158e-03
195440.50	-7.334e-03	-4.406e-02	-4.858e-02
195441.50	-1.690e-03	-5.376e-02	-6.662e-02
195442.50	2.419e-03	2.554e-02	1.546e-01
195443.50	7.565e-03	1.027e-01	1.181e-01
195444.50	7.690e-03	2.333e-02	5.981e-02
195445.50	-8.275e-04	2.102e-03	-1.584e-01
195446.50	9.696e-04	-5.942e-02	-1.690e-03
195447.50	3.706e-05	3.744e-02	1.891e-02
195448.50	1.104e-03	1.402e-01	-6.067e-02
195449.50	-1.843e-03	-8.563e-02	-1.958e-03
195450.50	7.843e-03	3.677e-02	4.560e-03
195451.50	-1.546e-02	-5.069e-02	-7.670e-02
195452.50	-6.634e-03	6.605e-02	-9.696e-02
195453.50	-1.699e-02	1.219e-01	-1.066e-01
195454.50	-1.171e-04	-7.978e-03	-2.285e-02
195455.50	-1.930e-03	-3.024e-02	-2.995e-02
195456.50	-1.181e-02	-5.357e-02	-1.354e-01
195457.50	8.582e-03	-4.022e-02	7.315e-02
195458.50	-2.938e-03	9.600e-02	9.600e-02
195459.50	2.333e-02	-3.072e-01	3.850e-02
195460.50	1.824e-02	5.674e-02	6.067e-02
195461.50	3.283e-03	-9.034e-02	1.133e-01
195462.50	1.565e-03	1.325e-02	5.146e-02
195463.50	-3.178e-03	1.094e-01	5.453e-02
195464.50	6.998e-03	1.325e-01	1.594e-02
195465.50	3.514e-02	-2.179e-02	1.536e-01
195466.50	-4.685e-02	1.133e-01	-2.621e-01
195467.50	-1.498e-03	3.648e-02	-2.678e-02
195468.50	3.475e-03	7.075e-02	6.413e-02
195469.50	1.834e-03	-4.886e-02	1.661e-02
195470.50	1.661e-03	-2.342e-02	-8.054e-02
195471.50	2.102e-03	-9.888e-02	5.530e-02
195472.50	-1.354e-03	3.139e-02	6.950e-02
195473.50	2.563e-03	-1.037e-02	7.901e-02
195474.50	-1.594e-04	2.102e-02	-2.285e-03
195475.50	-8.496e-04	4.800e-02	-4.358e-02
195476.50	2.390e-03	1.459e-02	-1.046e-02
195477.50	1.450e-03	7.882e-03	7.200e-02
195478.50	3.744e-03	-4.598e-03	-1.085e-01
195479.50	-1.334e-02	9.984e-02	-5.875e-02
195480.50	9.696e-03	1.315e-01	8.774e-02
195481.50	-3.427e-03	6.787e-02	-9.005e-02
195482.50	-3.715e-03	9.533e-02	6.528e-02
195483.50	5.482e-04	-8.390e-02	1.450e-03
195484.50	-5.722e-03	-1.498e-01	-1.334e-01
195485.50	-7.930e-04	-5.693e-02	2.592e-02
195486.50	-1.027e-03	4.618e-02	-2.928e-03
195487.50	-1.402e-03	2.803e-02	-1.882e-02
195488.50	7.018e-04	-1.008e-02	-3.542e-02
195489.50	-1.469e-03	8.573e-02	1.594e-02
195490.50	6.509e-05	-3.437e-02	7.613e-03
195491.50	9.696e-04	4.762e-03	1.642e-02
195492.50	-2.266e-03	2.410e-02	-1.795e-02
195493.50	-1.594e-03	1.142e-01	3.360e-02
195494.50	-1.613e-03	9.696e-02	1.027e-02
195495.50	-8.746e-04	-3.168e-02	-7.104e-02
195496.50	6.346e-03	-7.507e-02	2.323e-02
195497.50	-1.382e-03	5.021e-02	3.341e-02
195498.50	-3.610e-03	1.315e-01	-9.696e-02
195499.50	5.731e-04	-2.227e-03	-2.102e-02
195500.50	3.677e-03	-3.629e-02	8.573e-02
195501.50	1.411e-03	-4.032e-02	-6.643e-03
195502.50	1.680e-03	2.141e-02	7.440e-02
195503.50	-3.034e-03	1.181e-01	-8.227e-02
195504.50	-1.613e-03	-5.568e-02	-7.910e-02
195505.50	-4.579e-03	-1.805e-02	1.402e-02
195506.50	3.792e-03	-3.494e-02	5.597e-02
195507.50	1.114e-03	3.504e-03	1.517e-03
195508.50	6.298e-04	-3.341e-02	6.557e-02
195509.50	7.277e-04	-9.696e-02	-2.842e-02
195510.50	-7.680e-04	-1.382e-02	-1.622e-02
195511.50	-1.248e-03	-2.640e-02	-5.674e-02
195512.50	-8.410e-04	6.547e-02	-7.853e-02
195513.50	9.600e-04	-7.046e-02	-1.958e-02
195514.50	-1.267e-03	-2.160e-02	-6.710e-02
195515.50	2.534e-04	-3.427e-02	3.149e-02
195516.50	-7.219e-04	6.086e-02	1.248e-02
195517.50	1.910e-02	5.309e-02	3.744e-02
195518.50	-8.707e-03	-6.269e-02	-3.850e-02
195519.50	-5.798e-03	-1.747e-02	1.258e-02
195520.50	-3.878e-03	4.454e-02	9.888e-02
195521.50	-4.291e-03	4.762e-02	-5.261e-02
195522.50	2.947e-03	-4.944e-02	3.485e-03
195523.50	-1.642e-03	-3.158e-02	2.064e-03
195524.50	-2.918e-03	-4.867e-02	-2.813e-02
195525.50	2.314e-03	1.843e-02	8.938e-02
195526.50	-5.587e-03	3.677e-02	-9.696e-02
195527.50	2.093e-04	5.069e-02	-3.350e-02
195528.50	1.834e-03	-7.920e-02	2.938e-02
195529.50	-9.984e-04	-6.259e-03	4.042e-02
195530.50	-1.843e-03	1.805e-02	-5.232e-02
195531.50	3.245e-04	-3.446e-03	-6.067e-02
195532.50	-6.480e-04	3.360e-02	3.792e-02
195533.50	1.795e-03	-3.504e-04	1.181e-02
195534.50	-1.392e-03	6.893e-03	2.688e-02
195535.50	4.531e-04	2.352e-02	-4.704e-02
195536.50	-1.325e-03	-3.907e-02	6.403e-02
195537.50	-6.010e-03	6.902e-02	-1.066e-02
195538.50	7.776e-04	3.936e-02	-2.256e-02
195539.50	4.944e-04	-1.382e-03	7.670e-02
195540.50	1.699e-03	-3.101e-02	-3.101e-02
195541.50	3.936e-04	2.352e-02	5.098e-05
195542.50	5.808e-03	-7.094e-02	8.803e-03
195543.50	4.378e-03	-1.210e-02	-7.190e-03
195544.50	-1.699e-03	5.626e-02	-1.786e-02
195545.50	-9.485e-04	3.552e-03	6.067e-02
195546.50	1.939e-03	5.491e-02	1.814e-02
195547.50	2.928e-03	1.690e-02	-2.102e-02
195548.50	-8.016e-03	-1.123e-02	-2.352e-02
195549.50	-8.842e-03	-5.165e-02	-1.114e-01
195550.50	1.594e-02	-9.005e-02	1.200e-01
195551.50	-7.402e-04	4.406e-02	1.171e-02
195552.50	-2.717e-03	5.078e-02	3.427e-02
195553.50	-5.357e-04	2.371e-02	3.562e-02
195554.50	3.917e-04	-5.030e-02	-7.795e-02
195555.50	-1.814e-03	5.107e-02	-3.773e-02
195556.50	-4.013e-03	4.704e-02	-5.818e-02
195557.50	3.091e-04	-7.690e-02	4.512e-02
195558.50	-2.160e-03	-5.981e-03	-6.883e-02
195559.50	-1.478e-03	5.827e-02	2.765e-03
195560.50	-3.379e-03	1.834e-02	-6.259e-02
195561.50	-2.112e-03	-3.341e-03	-8.986e-02
195562.50	8.678e-04	-3.619e-03	5.597e-02
195563.50	1.910e-04	1.123e-02	5.328e-02
195564.50	1.008e-03	-7.325e-03	-1.402e-02
195565.50	-1.613e-05	-3.926e-02	1.142e-02
195566.50	1.008e-03	-2.957e-02	7.440e-02
195567.50	4.022e-04	2.966e-02	4.445e-02
195568.50	-6.288e-04	3.763e-02	-1.891e-02
195569.50	-4.262e-04	2.592e-02	1.642e-02
195570.50	-1.114e-03	1.306e-02	1.104e-02
195571.50	1.853e-03	-3.946e-02	7.997e-03
195572.50	6.067e-04	3.974e-02	-5.338e-02
195573.50	-2.179e-03	2.659e-02	-2.362e-02
195574.50	-5.357e-04	-2.390e-02	-1.488e-02
195575.50	7.546e-04	1.757e-02	2.256e-02
195576.50	1.776e-04	-2.102e-02	-1.814e-02
195577.50	3.216e-04	-5.597e-02	-2.640e-02
195578.50	2.717e-03	-5.568e-02	1.152e-02
195579.50	5.078e-04	1.411e-03	1.786e-02
195580.50	-1.651e-03	3.619e-02	2.582e-02
195581.50	-1.622e-03	3.485e-02	-2.621e-02
195582.50	-4.915e-04	-2.573e-02	-5.491e-02
195583.50	1.402e-03	-2.947e-02	8.784e-03
195584.50	4.061e-03	-8.765e-02	1.334e-03
195585.50	1.642e-03	-5.482e-02	2.112e-02
195586.50	8.803e-04	4.589e-03	5.885e-02
195587.50	-3.283e-04	1.670e-02	-7.853e-03
195588.50	-5.990e-04	4.291e-02	1.354e-02
195589.50	-6.787e-04	-2.112e-02	-6.845e-02
195590.50	-1.200e-03	1.066e-02	-5.990e-02
195591.50	1.018e-04	-6.989e-02	-3.638e-03
195592.50	-5.702e-03	5.434e-02	-3.523e-02
195593.50	-1.373e-03	7.190e-02	9.418e-02
195594.50	-1.411e-03	7.056e-02	1.459e-02
195595.50	1.421e-03	2.371e-02	2.630e-03
195596.50	1.594e-03	-3.360e-02	-3.014e-02
195597.50	-8.842e-03	5.280e-02	3.446e-03
195598.50	2.506e-06	4.896e-02	1.094e-02
195599.50	2.707e-03	3.830e-03	9.226e-02
195600.50	-3.744e-04	9.696e-03	-2.285e-02
195601.50	4.666e-04	-4.176e-02	-1.728e-02
195602.50	-1.642e-04	-1.114e-03	-5.827e-02
195603.50	-1.056e-03	4.435e-02	3.696e-02
195604.50	-6.989e-05	1.440e-02	6.029e-02
195605.50	-3.782e-04	1.411e-02	2.486e-02
195606.50	-7.872e-04	-4.483e-02	-2.246e-02
195607.50	-1.037e-03	-6.538e-02	-9.360e-02
195608.50	-2.678e-04	2.890e-02	-1.459e-02
195609.50	1.949e-03	-6.211e-02	-2.438e-02
195610.50	1.325e-03	-1.661e-02	-3.091e-02
195611.50	-1.286e-03	3.610e-02	-1.651e-02
195612.50	-7.574e-04	2.381e-02	3.840e-02
195613.50	4.867e-03	-2.304e-02	5.366e-02
195614.50	3.773e-03	-5.501e-02	2.918e-02
195615.50	4.589e-03	-4.973e-02	-2.909e-02
195616.50	-1.114e-03	4.416e-02	-6.394e-03
195617.50	-1.430e-03	3.331e-02	-4.205e-02
195618.50	1.046e-03	-5.779e-04	6.912e-02
195619.50	-4.541e-04	1.920e-02	9.168e-03
195620.50	-1.229e-03	-1.008e-02	-3.139e-02
195621.50	6.086e-04	1.382e-02	5.251e-02
195622.50	4.253e-04	-1.968e-02	-2.294e-03
195623.50	-6.970e-04	4.877e-02	5.923e-02
195624.50	-1.248e-03	3.821e-02	-4.925e-02
195625.50	8.438e-04	9.408e-03	7.133e-03
195626.50	1.037e-03	-4.954e-02	-3.562e-02
195627.50	-1.162e-03	5.069e-03	-4.282e-02
195628.50	-1.181e-05	-2.218e-04	-2.650e-02
195629.50	-1.862e-03	7.546e-02	2.467e-02
195630.50	-2.006e-04	3.149e-03	3.082e-02
195631.50	8.093e-04	-3.888e-02	-6.250e-03
195632.50	4.099e-04	-5.731e-02	1.718e-02
195633.50	-1.085e-03	2.429e-02	3.350e-02
195634.50	1.411e-05	1.517e-02	4.570e-03
195635.50	1.680e-03	-2.765e-02	1.834e-02
195636.50	-1.037e-03	2.726e-02	1.786e-02
