195038.50	0.000e+00	0.000e+00	0.000e+00
195039.50	0.000e+00	0.000e+00	0.000e+00
195040.50	0.000e+00	0.000e+00	0.000e+00
195041.50	0.000e+00	0.000e+00	0.000e+00
195042.50	0.000e+00	0.000e+00	0.000e+00
195043.50	0.000e+00	0.000e+00	0.000e+00
195044.50	0.000e+00	0.000e+00	0.000e+00
195045.50	0.000e+00	0.000e+00	0.000e+00
195046.50	0.000e+00	0.000e+00	0.000e+00
195047.50	0.000e+00	0.000e+00	0.000e+00
195048.50	0.000e+00	0.000e+00	0.000e+00
195049.50	0.000e+00	0.000e+00	0.000e+00
195050.50	0.000e+00	0.000e+00	0.000e+00
195051.50	0.000e+00	0.000e+00	0.000e+00
195052.50	0.000e+00	0.000e+00	0.000e+00
195053.50	0.000e+00	0.000e+00	0.000e+00
195054.50	0.000e+00	0.000e+00	0.000e+00
195055.50	0.000e+00	0.000e+00	0.000e+00
195056.50	0.000e+00	0.000e+00	0.000e+00
195057.50	0.000e+00	0.000e+00	0.000e+00
195058.50	0.000e+00	0.000e+00	0.000e+00
195059.50	0.000e+00	0.000e+00	0.000e+00
195060.50	0.000e+00	0.000e+00	0.000e+00
195061.50	0.000e+00	0.000e+00	0.000e+00
195062.50	0.000e+00	0.000e+00	0.000e+00
195063.50	0.000e+00	0.000e+00	0.000e+00
195064.50	0.000e+00	0.000e+00	0.000e+00
195065.50	0.000e+00	0.000e+00	0.000e+00
195066.50	0.000e+00	0.000e+00	0.000e+00
195067.50	0.000e+00	0.000e+00	0.000e+00
195068.50	0.000e+00	0.000e+00	0.000e+00
195069.50	0.000e+00	0.000e+00	0.000e+00
195070.50	0.000e+00	0.000e+00	0.000e+00
195071.50	0.000e+00	0.000e+00	0.000e+00
195072.50	0.000e+00	0.000e+00	0.000e+00
195073.50	0.000e+00	0.000e+00	0.000e+00
195074.50	0.000e+00	0.000e+00	0.000e+00
195075.50	0.000e+00	0.000e+00	0.000e+00
195076.50	0.000e+00	0.000e+00	0.000e+00
195077.50	0.000e+00	0.000e+00	0.000e+00
195078.50	0.000e+00	0.000e+00	0.000e+00
195079.50	0.000e+00	0.000e+00	0.000e+00
195080.50	0.000e+00	0.000e+00	0.000e+00
195081.50	0.000e+00	0.000e+00	0.000e+00
195082.50	0.000e+00	0.000e+00	0.000e+00
195083.50	0.000e+00	0.000e+00	0.000e+00
195084.50	0.000e+00	0.000e+00	0.000e+00
195085.50	0.000e+00	0.000e+00	0.000e+00
195086.50	0.000e+00	0.000e+00	0.000e+00
195087.50	0.000e+00	0.000e+00	0.000e+00
195088.50	0.000e+00	0.000e+00	0.000e+00
195089.50	0.000e+00	0.000e+00	0.000e+00
195090.50	0.000e+00	0.000e+00	0.000e+00
195091.50	0.000e+00	0.000e+00	0.000e+00
195092.50	0.000e+00	0.000e+00	0.000e+00
195093.50	0.000e+00	0.000e+00	0.000e+00
195094.50	0.000e+00	0.000e+00	0.000e+00
195095.50	0.000e+00	0.000e+00	0.000e+00
195096.50	0.000e+00	0.000e+00	0.000e+00
195097.50	0.000e+00	0.000e+00	0.000e+00
195098.50	0.000e+00	0.000e+00	0.000e+00
195099.50	0.000e+00	0.000e+00	0.000e+00
195100.50	0.000e+00	0.000e+00	0.000e+00
195101.50	0.000e+00	0.000e+00	0.000e+00
195102.50	0.000e+00	0.000e+00	0.000e+00
195103.50	0.000e+00	0.000e+00	0.000e+00
195104.50	0.000e+00	0.000e+00	0.000e+00
195105.50	0.000e+00	0.000e+00	0.000e+00
195106.50	0.000e+00	0.000e+00	0.000e+00
195107.50	0.000e+00	0.000e+00	0.000e+00
195108.50	0.000e+00	0.000e+00	0.000e+00
195109.50	0.000e+00	0.000e+00	0.000e+00
195110.50	0.000e+00	0.000e+00	0.000e+00
195111.50	0.000e+00	0.000e+00	0.000e+00
195112.50	0.000e+00	0.000e+00	0.000e+00
195113.50	0.000e+00	0.000e+00	0.000e+00
195114.50	0.000e+00	0.000e+00	0.000e+00
195115.50	0.000e+00	0.000e+00	0.000e+00
195116.50	0.000e+00	0.000e+00	0.000e+00
195117.50	0.000e+00	0.000e+00	0.000e+00
195118.50	0.000e+00	0.000e+00	0.000e+00
195119.50	0.000e+00	0.000e+00	0.000e+00
195120.50	0.000e+00	0.000e+00	0.000e+00
195121.50	0.000e+00	0.000e+00	0.000e+00
195122.50	0.000e+00	0.000e+00	0.000e+00
195123.50	0.000e+00	0.000e+00	0.000e+00
195124.50	0.000e+00	0.000e+00	0.000e+00
195125.50	0.000e+00	0.000e+00	0.000e+00
195126.50	0.000e+00	0.000e+00	0.000e+00
195127.50	0.000e+00	0.000e+00	0.000e+00
195128.50	0.000e+00	0.000e+00	0.000e+00
195129.50	0.000e+00	0.000e+00	0.000e+00
195130.50	0.000e+00	0.000e+00	0.000e+00
195131.50	0.000e+00	0.000e+00	0.000e+00
195132.50	0.000e+00	0.000e+00	0.000e+00
195133.50	0.000e+00	0.000e+00	0.000e+00
195134.50	0.000e+00	0.000e+00	0.000e+00
195135.50	0.000e+00	0.000e+00	0.000e+00
195136.50	0.000e+00	0.000e+00	0.000e+00
195137.50	0.000e+00	0.000e+00	0.000e+00
195138.50	0.000e+00	0.000e+00	0.000e+00
195139.50	0.000e+00	0.000e+00	0.000e+00
195140.50	0.000e+00	0.000e+00	0.000e+00
195141.50	-1.718e-04	1.018e-02	1.661e-03
195142.50	6.413e-04	-1.430e-02	4.013e-03
195143.50	1.277e-03	-1.478e-02	2.410e-02
195144.50	5.155e-05	-4.282e-02	-8.294e-04
195145.50	-1.066e-04	6.240e-02	-1.267e-02
195146.50	-1.910e-04	-2.112e-02	-1.517e-03
195147.50	-3.696e-04	-8.381e-03	-1.920e-02
195148.50	1.085e-04	3.581e-03	-1.526e-02
195149.50	7.200e-04	-2.890e-02	-3.974e-02
195150.50	-1.440e-04	-3.696e-04	9.418e-03
195151.50	-1.133e-04	-3.360e-03	1.690e-02
195152.50	1.171e-04	-1.862e-02	-7.200e-05
195153.50	1.056e-03	2.813e-02	-9.005e-03
195154.50	2.861e-05	2.611e-03	7.987e-03
195155.50	5.587e-06	-6.634e-04	-1.133e-02
195156.50	-8.918e-05	1.296e-02	1.574e-03
195157.50	1.363e-04	-1.392e-02	-7.776e-03
195158.50	-3.082e-04	1.661e-02	-5.059e-03
195159.50	-3.485e-04	2.909e-02	-1.670e-02
195160.50	-1.238e-04	-8.237e-03	3.216e-03
195161.50	2.160e-04	-3.110e-02	-1.430e-02
195162.50	-6.538e-05	5.155e-03	1.181e-03
195163.50	-1.238e-03	-1.373e-01	-5.510e-03
195164.50	-3.187e-03	1.786e-01	3.773e-01
195165.50	1.651e-03	-4.070e-02	-8.352e-02
195166.50	-1.622e-04	4.253e-03	1.162e-01
195167.50	5.837e-04	-9.178e-02	-1.824e-01
195168.50	-3.898e-04	1.526e-01	-1.651e-02
195169.50	1.987e-04	-4.090e-01	5.088e-02
195170.50	1.718e-04	-5.558e-01	6.528e-02
195171.50	-1.171e-04	-8.496e-01	1.066e-01
195172.50	-1.325e-03	-5.299e+00	2.688e-01
195173.50	-9.360e-03	-1.642e+01	1.651e+00
195174.50	6.768e-03	-4.416e+01	-6.355e-01
195175.50	2.650e-03	-1.046e+02	1.085e+00
195176.50	-5.741e-03	-2.054e+02	4.656e+00
195177.50	-7.670e-03	-2.602e+02	7.392e+00
195178.50	3.994e-03	-1.670e+02	6.211e+00
195179.50	-1.757e-02	-3.034e+02	1.075e+01
195180.50	7.171e-02	-1.363e+02	-3.206e+00
195181.50	4.666e-02	6.182e+00	-1.987e+00
195182.50	8.218e-02	9.226e+01	-9.149e+00
195183.50	9.792e-03	9.888e+01	1.315e+00
195184.50	3.370e-02	9.888e+01	-3.610e+00
195185.50	5.875e-02	8.093e+01	-9.408e+00
195186.50	4.166e-03	7.018e+01	-3.485e-01
195187.50	-1.104e-02	6.442e+01	1.190e+00
195188.50	-2.842e-02	5.261e+01	3.686e+00
195189.50	1.603e-02	4.963e+01	-3.590e+00
195190.50	3.523e-03	4.666e+01	-1.325e+00
195191.50	2.467e-02	3.936e+01	-4.541e+00
195192.50	-1.027e-02	4.013e+01	1.450e-01
195193.50	-1.699e-03	3.408e+01	-1.133e+00
195194.50	-1.219e-02	2.717e+01	6.547e-01
195195.50	6.739e-03	2.851e+01	-1.536e+00
195196.50	2.170e-03	2.573e+01	-1.306e+00
195197.50	-2.170e-02	2.256e+01	2.256e+00
195198.50	-2.832e-03	2.419e+01	-5.578e-01
195199.50	-8.006e-03	2.026e+01	5.002e-01
195200.50	7.862e-04	1.747e+01	-8.429e-01
195201.50	-9.696e-03	1.565e+01	3.696e-01
195202.50	-1.478e-03	1.411e+01	-6.710e-01
195203.50	1.613e-03	1.459e+01	-1.210e+00
195204.50	-9.302e-03	1.536e+01	5.482e-01
195205.50	-9.091e-03	1.296e+01	8.803e-01
195206.50	-1.018e-02	1.325e+01	1.258e+00
195207.50	-8.122e-03	1.258e+01	3.581e-01
195208.50	6.240e-03	1.037e+01	-1.421e+00
195209.50	-6.758e-03	1.085e+01	2.688e-02
195210.50	2.870e-03	1.018e+01	-1.622e+00
195211.50	7.968e-03	8.083e+00	-1.949e+00
195212.50	-5.491e-03	7.949e+00	3.974e-01
195213.50	-1.008e-02	8.698e+00	2.362e-01
195214.50	-1.085e-02	6.806e+00	7.699e-01
195215.50	-1.574e-03	7.498e+00	2.688e-01
195216.50	-4.963e-03	5.885e+00	-1.094e-01
195217.50	-2.832e-03	6.230e+00	2.448e-01
195218.50	-8.554e-03	5.731e+00	5.107e-01
195219.50	-9.158e-03	5.539e+00	1.142e+00
195220.50	-9.600e-03	5.702e+00	1.238e+00
195221.50	-4.234e-03	4.464e+00	3.936e-01
195222.50	-4.934e-03	4.234e+00	5.117e-01
195223.50	-4.502e-03	4.954e+00	-8.170e-01
195224.50	-4.474e-03	5.011e+00	1.267e-01
195225.50	4.925e-03	3.907e+00	-3.888e-01
195226.50	-1.958e-03	2.438e+00	-1.862e-01
195227.50	2.640e-03	3.264e+00	-5.011e-01
195228.50	-3.821e-03	2.966e+00	3.590e-01
195229.50	-4.954e-04	4.301e+00	-4.291e-01
195230.50	-3.043e-03	3.965e+00	3.427e-01
195231.50	-7.738e-03	2.909e+00	3.408e-01
195232.50	-3.043e-03	2.630e+00	1.142e-01
195233.50	-6.374e-03	2.765e+00	8.880e-01
195234.50	-3.043e-03	2.294e+00	5.290e-01
195235.50	-2.736e-03	2.525e+00	3.110e-01
195236.50	2.419e-03	2.083e+00	-4.330e-01
195237.50	9.696e-03	2.150e+00	-6.096e-01
195238.50	-7.872e-04	1.891e+00	-7.680e-01
195239.50	5.568e-04	2.198e+00	1.709e-01
195240.50	-3.398e-03	1.958e+00	3.418e-03
195241.50	3.408e-04	1.373e+00	-1.229e-01
195242.50	-4.512e-03	1.171e+00	3.216e-01
195243.50	-2.045e-03	1.565e+00	2.256e-03
195244.50	-6.298e-03	1.805e+00	3.149e-02
195245.50	-2.410e-03	1.958e+00	-2.842e-01
195246.50	-3.859e-03	1.392e+00	6.288e-01
195247.50	-8.074e-03	1.104e+00	3.091e-01
195248.50	1.382e-02	1.651e+00	-1.248e+00
195249.50	-7.555e-03	1.181e+00	-1.574e-01
195250.50	-9.283e-03	1.258e+00	4.406e-01
195251.50	-3.158e-03	6.730e-01	-2.794e-02
195252.50	9.888e-03	1.344e+00	-1.046e-01
195253.50	-1.709e-03	1.709e+00	-1.555e-01
195254.50	-2.141e-03	-1.277e-01	-4.282e-01
195255.50	5.654e-03	1.056e+00	1.613e-01
195256.50	-4.157e-03	7.277e-01	2.774e-01
195257.50	4.070e-04	9.274e-01	-6.336e-02
195258.50	2.477e-03	1.066e+00	2.381e-01
195259.50	-9.792e-04	4.214e-01	2.150e-02
195260.50	1.939e-03	7.642e-01	-3.648e-01
195261.50	-6.029e-04	6.010e-01	1.891e-01
195262.50	-3.235e-03	4.714e-01	1.085e-01
195263.50	-2.784e-03	8.957e-01	3.360e-01
195264.50	-7.037e-04	6.307e-01	-3.110e-01
195265.50	-3.350e-03	3.610e-01	-2.630e-01
195266.50	7.133e-05	7.430e-01	-1.152e-01
195267.50	-2.928e-03	8.083e-01	8.141e-02
195268.50	1.114e-03	3.110e-01	1.469e-01
195269.50	-3.456e-03	2.333e-01	-2.534e-01
195270.50	-2.851e-03	3.139e-01	2.938e-01
195271.50	1.613e-03	3.418e-01	-3.418e-02
195272.50	3.341e-03	1.315e+00	2.429e-02
195273.50	-3.658e-03	3.869e-01	2.688e-01
195274.50	2.400e-03	3.629e-01	-2.237e-01
195275.50	1.421e-02	5.530e-01	2.429e-01
195276.50	-8.304e-03	3.830e-01	3.187e-02
195277.50	6.154e-03	1.526e-01	-7.018e-02
195278.50	1.075e-03	2.832e-01	-3.014e-01
195279.50	5.510e-03	1.776e-01	-5.866e-02
195280.50	4.934e-03	5.779e-01	-1.997e-01
195281.50	-1.997e-03	5.539e-01	-6.902e-02
195282.50	-2.112e-03	1.978e-01	-3.763e-02
195283.50	-7.392e-03	3.485e-01	-1.642e-01
195284.50	-1.248e-02	-2.045e-02	2.669e-01
195285.50	-9.494e-03	3.235e-01	1.709e-01
195286.50	3.571e-03	3.360e-01	2.314e-01
195287.50	3.254e-03	4.454e-01	-2.371e-01
195288.50	2.074e-02	6.096e-02	1.939e-01
195289.50	-3.245e-03	4.205e-01	-1.507e-01
195290.50	-1.728e-02	4.877e-01	-9.427e-02
195291.50	-4.982e-04	-2.563e-01	-6.144e-02
195292.50	2.179e-03	2.314e-01	5.472e-02
195293.50	1.046e-03	3.590e-01	-3.638e-01
195294.50	-3.763e-03	3.206e-01	4.003e-01
195295.50	3.446e-03	3.235e-01	-3.552e-01
195296.50	-1.306e-04	7.834e-02	1.238e-01
195297.50	-9.600e-03	-4.733e-02	1.056e-01
195298.50	-8.352e-04	4.426e-02	-5.837e-03
195299.50	1.363e-03	3.485e-01	-3.312e-01
195300.50	-1.027e-02	7.027e-01	-5.386e-02
195301.50	2.899e-02	1.181e-01	2.938e-01
195302.50	5.683e-03	1.133e-01	3.168e-01
195303.50	-4.886e-03	3.283e-01	-3.120e-02
195304.50	8.477e-03	2.160e-01	2.371e-02
195305.50	5.981e-03	-4.925e-01	-3.091e-02
195306.50	-4.176e-03	-2.083e-02	1.018e-01
195307.50	-1.430e-02	4.454e-01	-2.554e-01
195308.50	1.824e-03	2.755e-01	3.398e-02
195309.50	-2.621e-03	-5.789e-02	1.440e-01
195310.50	-2.746e-03	1.786e-01	-1.066e-01
195311.50	-1.622e-02	8.870e-02	4.570e-01
195312.50	-1.997e-03	-1.296e-01	-5.578e-02
195313.50	-2.966e-03	8.294e-02	9.696e-02
195314.50	-1.296e-03	1.238e-01	4.282e-01
195315.50	-6.845e-04	1.258e-01	1.094e-01
195316.50	-1.046e-03	1.546e-01	-3.869e-02
195317.50	1.862e-04	4.598e-01	-4.378e-01
195318.50	-3.878e-04	-5.770e-02	-2.131e-01
195319.50	-1.891e-04	1.978e-01	-4.752e-01
195320.50	2.410e-04	1.872e-01	8.304e-02
195321.50	-1.018e-03	-5.002e-02	2.179e-01
195322.50	5.846e-03	7.152e-02	1.133e-01
195323.50	-7.248e-03	-6.278e-02	1.315e-01
195324.50	-1.901e-02	1.603e-01	4.253e-02
195325.50	2.669e-02	-1.488e-02	-1.344e-01
195326.50	4.666e-03	1.805e-01	-4.061e-01
195327.50	3.091e-02	2.976e-01	-9.792e-02
195328.50	-5.261e-02	-3.830e-01	-3.523e-02
195329.50	-3.370e-02	-1.104e-01	1.488e-01
195330.50	1.718e-02	2.074e-01	2.170e-01
195331.50	-7.392e-03	9.427e-02	-1.997e-01
195332.50	1.306e-02	1.718e-01	4.042e-02
195333.50	-1.210e-02	2.477e-01	5.386e-02
195334.50	2.122e-03	-1.478e-01	-2.486e-02
195335.50	7.363e-03	-1.651e-02	2.266e-01
195336.50	1.392e-02	7.872e-02	4.118e-02
195337.50	5.242e-03	1.526e-01	-2.285e-02
195338.50	1.786e-03	1.315e-01	4.406e-02
195339.50	1.382e-03	1.325e-01	-6.115e-02
195340.50	3.005e-03	1.210e-01	-2.506e-02
195341.50	-3.178e-03	-3.869e-02	1.248e-02
195342.50	4.618e-04	-1.142e-01	-7.363e-02
195343.50	1.008e-03	1.296e-02	-3.120e-01
195344.50	1.872e-03	9.475e-03	8.438e-02
195345.50	7.891e-03	2.918e-01	-3.686e-02
195346.50	-2.755e-03	-7.603e-02	3.187e-02
195347.50	-1.392e-03	5.059e-03	8.333e-03
195348.50	-2.803e-03	-3.197e-02	-5.126e-02
195349.50	-2.880e-03	7.517e-02	-8.976e-03
195350.50	-7.440e-03	3.293e-02	7.862e-02
195351.50	7.402e-03	1.267e-01	-3.581e-02
195352.50	-1.757e-04	-6.778e-03	7.862e-02
195353.50	-9.600e-04	1.171e-01	8.477e-02
195354.50	1.142e-03	-8.467e-02	-7.421e-02
195355.50	3.206e-03	2.131e-01	2.112e-02
195356.50	6.643e-04	8.870e-02	9.418e-02
195357.50	-7.978e-03	-1.546e-01	2.534e-02
195358.50	-3.590e-03	1.094e-01	-2.592e-02
195359.50	2.746e-03	1.008e-01	-5.914e-02
195360.50	-2.093e-03	6.058e-03	2.957e-01
195361.50	-4.973e-03	1.363e-01	-7.478e-02
195362.50	-6.058e-04	7.450e-03	1.315e-01
195363.50	-1.613e-02	-7.834e-02	7.373e-02
195364.50	-5.184e-04	1.882e-01	1.517e-02
195365.50	1.315e-02	2.438e-01	9.792e-02
195366.50	-2.419e-04	5.482e-02	-1.114e-01
195367.50	9.561e-03	8.410e-02	5.568e-02
195368.50	1.085e-03	-1.632e-02	9.792e-02
195369.50	-1.104e-03	-9.072e-02	6.595e-02
195370.50	6.547e-05	-3.888e-02	7.104e-02
195371.50	3.514e-04	1.507e-01	3.494e-03
195372.50	3.850e-03	-1.104e-01	-3.130e-02
195373.50	6.941e-03	-6.758e-02	-2.246e-01
195374.50	5.261e-02	-3.523e-01	-2.621e-01
195375.50	-5.078e-02	2.362e-01	4.685e-01
195376.50	2.525e-02	-1.037e-01	-3.427e-01
195377.50	-1.853e-02	1.402e-01	7.315e-02
195378.50	-1.920e-03	8.016e-02	1.469e-01
195379.50	2.102e-03	1.046e-01	2.765e-02
195380.50	-2.678e-03	1.114e-03	1.258e-01
195381.50	-1.728e-03	-1.680e-02	-5.136e-02
195382.50	2.746e-05	8.198e-02	2.189e-02
195383.50	2.928e-03	-1.267e-01	-1.776e-01
195384.50	-6.672e-04	1.488e-01	2.131e-02
195385.50	-1.027e-03	-4.502e-02	-9.696e-02
195386.50	-6.595e-03	1.315e-01	3.216e-01
195387.50	-4.118e-03	-7.814e-02	8.928e-02
195388.50	-3.350e-03	-1.546e-01	-8.429e-02
195389.50	8.602e-04	1.066e-01	1.910e-02
195390.50	-4.301e-04	-2.957e-02	4.762e-02
195391.50	-9.245e-04	-4.963e-02	-4.282e-02
195392.50	9.437e-04	2.016e-01	1.536e-02
195393.50	1.766e-03	1.786e-01	1.277e-01
195394.50	1.190e-02	1.277e-01	-2.314e-02
195395.50	-5.050e-03	-1.027e-01	1.219e-02
195396.50	7.997e-04	-1.910e-02	-5.760e-02
195397.50	1.632e-03	2.640e-02	-5.674e-02
195398.50	-1.190e-03	-2.381e-02	-1.786e-02
195399.50	4.771e-04	-1.517e-02	-7.997e-02
195400.50	-1.843e-04	-1.027e-01	-1.066e-01
195401.50	-4.090e-04	3.878e-02	-1.104e-02
195402.50	2.458e-03	-6.058e-03	3.341e-02
195403.50	-3.101e-03	6.960e-02	9.696e-02
195404.50	1.565e-04	-4.886e-02	-6.710e-02
195405.50	-1.632e-03	-6.269e-02	8.362e-02
195406.50	-3.158e-03	7.718e-02	-9.696e-03
195407.50	-3.264e-04	-1.978e-03	-2.362e-01
195408.50	2.016e-03	-1.123e-01	-4.138e-02
195409.50	2.131e-03	7.853e-02	3.734e-02
195410.50	2.986e-04	5.078e-03	5.827e-03
195411.50	-1.286e-03	8.150e-03	1.469e-01
195412.50	-2.602e-03	-8.525e-02	8.362e-05
195413.50	1.267e-03	2.621e-02	-5.731e-02
195414.50	9.283e-04	-3.725e-03	-8.976e-02
195415.50	1.642e-03	3.350e-02	-6.144e-02
195416.50	3.821e-04	4.992e-02	8.448e-02
195417.50	2.333e-03	1.382e-02	-2.746e-02
195418.50	7.613e-04	8.803e-02	1.075e-01
195419.50	-1.862e-03	3.072e-02	9.062e-02
195420.50	-2.294e-03	-3.734e-02	-1.325e-01
195421.50	1.315e-03	-1.862e-02	-4.790e-02
195422.50	2.794e-03	-7.555e-02	-3.408e-02
195423.50	7.430e-03	-9.696e-03	-4.195e-02
195424.50	1.632e-02	1.603e-01	5.059e-02
195425.50	-3.533e-03	-1.200e-02	-9.168e-03
195426.50	-8.275e-04	-5.280e-02	-1.267e-01
195427.50	1.306e-02	-1.968e-02	5.520e-03
195428.50	-6.931e-03	-1.162e-01	1.613e-01
195429.50	-2.986e-02	-1.334e-01	9.888e-02
195430.50	-2.765e-03	1.190e-01	7.267e-03
195431.50	-3.917e-03	-3.523e-02	-4.205e-02
195432.50	-9.888e-04	-1.795e-02	-9.533e-02
195433.50	-1.046e-02	6.211e-02	-1.037e-01
195434.50	1.805e-04	2.870e-02	3.014e-02
195435.50	-1.046e-03	8.678e-02	1.757e-02
195436.50	6.086e-03	1.018e-01	-2.112e-02
195437.50	-1.152e-02	-8.064e-02	6.221e-02
195438.50	1.565e-03	6.499e-03	2.410e-02
195439.50	-4.234e-03	3.542e-02	-9.792e-02
195440.50	-2.016e-04	4.282e-02	-7.776e-02
195441.50	9.792e-04	-3.341e-02	1.862e-01
195442.50	-2.208e-05	4.550e-02	-4.166e-02
195443.50	-1.862e-03	4.829e-03	4.771e-03
195444.50	-8.640e-06	-3.101e-02	7.680e-03
195445.50	-3.130e-03	-7.882e-02	-1.421e-01
195446.50	-4.234e-03	-6.250e-02	7.382e-03
195447.50	-1.853e-03	4.051e-02	6.864e-02
195448.50	5.174e-04	-2.304e-02	-6.365e-02
195449.50	-3.312e-04	1.306e-01	1.526e-03
195450.50	3.082e-03	-3.398e-02	-6.672e-02
195451.50	-4.733e-04	2.755e-02	2.573e-02
195452.50	-2.045e-03	2.947e-02	1.085e-01
195453.50	1.133e-03	1.162e-01	2.669e-03
195454.50	-4.099e-04	1.901e-02	6.134e-02
195455.50	2.189e-03	-7.613e-02	-6.173e-03
195456.50	2.755e-03	-1.162e-01	-7.277e-02
195457.50	-6.816e-04	6.240e-02	-4.752e-02
195458.50	1.066e-04	5.405e-02	4.330e-02
195459.50	-1.258e-03	2.870e-02	-1.488e-02
195460.50	2.218e-03	-1.882e-02	-8.045e-02
195461.50	4.166e-04	6.096e-02	-1.555e-02
195462.50	6.960e-04	7.786e-02	-7.478e-02
195463.50	3.994e-04	-8.995e-02	-3.898e-03
195464.50	-4.186e-03	-5.530e-02	5.462e-02
195465.50	-2.544e-04	-1.411e-03	6.931e-02
195466.50	-8.112e-03	8.554e-03	2.304e-02
195467.50	4.848e-03	1.210e-01	-1.603e-02
195468.50	1.421e-03	-8.170e-02	-9.504e-02
195469.50	2.448e-03	2.726e-02	6.701e-02
195470.50	9.696e-03	-9.984e-04	1.824e-02
195471.50	-1.517e-03	-1.565e-02	-1.766e-02
195472.50	-3.168e-03	-2.995e-02	-1.536e-01
195473.50	5.184e-03	4.666e-02	1.766e-02
195474.50	-1.738e-02	1.392e-01	3.946e-02
195475.50	-9.302e-03	-1.123e-01	4.896e-03
195476.50	-2.419e-03	-3.965e-02	3.754e-02
195477.50	-9.888e-04	-8.726e-02	6.922e-02
195478.50	5.654e-03	-3.350e-02	-6.778e-02
195479.50	9.600e-04	8.189e-03	3.859e-02
195480.50	-4.694e-04	-7.488e-02	3.514e-02
195481.50	-8.630e-04	1.181e-01	4.550e-02
195482.50	-1.891e-03	1.123e-02	2.659e-02
195483.50	1.142e-02	1.152e-01	4.080e-03
195484.50	5.290e-04	6.557e-02	-6.019e-02
195485.50	-2.256e-03	1.200e-01	1.133e-01
195486.50	9.082e-05	-5.242e-02	1.939e-02
195487.50	1.171e-02	1.594e-02	-6.125e-02
195488.50	4.877e-03	7.008e-03	-3.408e-02
195489.50	8.995e-04	1.296e-02	-1.200e-01
195490.50	2.938e-04	1.056e-01	2.083e-02
195491.50	3.734e-04	1.094e-01	1.085e-01
195492.50	2.458e-02	3.418e-02	6.758e-02
195493.50	-1.104e-03	-2.506e-02	-5.376e-02
195494.50	-1.757e-03	-3.754e-02	-7.757e-02
195495.50	-1.056e-02	4.109e-02	-4.954e-02
195496.50	1.440e-03	-2.333e-03	1.546e-02
195497.50	-2.410e-03	1.565e-02	2.294e-02
195498.50	-3.408e-03	-3.437e-02	-1.901e-02
195499.50	-1.267e-02	-2.755e-02	-3.158e-02
195500.50	3.504e-03	-1.718e-02	4.781e-02
195501.50	4.051e-04	-7.968e-02	2.918e-02
195502.50	-1.757e-04	1.594e-02	-3.907e-02
195503.50	-1.046e-03	-2.323e-02	-7.776e-03
195504.50	4.435e-04	1.680e-02	-5.318e-03
195505.50	-5.549e-03	9.139e-03	4.032e-02
195506.50	9.082e-03	-1.162e-02	1.037e-01
195507.50	-6.787e-04	-4.742e-02	-1.210e-01
195508.50	-5.952e-04	-1.584e-04	2.678e-02
195509.50	8.400e-04	1.670e-02	-1.094e-01
195510.50	8.736e-04	6.010e-02	1.920e-02
195511.50	8.746e-05	-2.678e-02	3.571e-02
195512.50	2.266e-04	1.296e-02	7.498e-02
195513.50	2.035e-03	3.571e-02	3.744e-02
195514.50	-1.776e-03	-1.728e-02	-1.670e-01
195515.50	-5.702e-03	-1.181e-01	-4.579e-02
195516.50	-9.696e-05	1.805e-02	-6.749e-02
195517.50	4.752e-04	-1.008e-01	1.056e-01
195518.50	1.450e-02	5.990e-02	8.995e-03
195519.50	-6.278e-03	-6.701e-03	-2.534e-02
195520.50	-1.037e-03	2.842e-02	2.640e-02
195521.50	-1.152e-03	1.776e-02	-3.370e-02
195522.50	-1.133e-03	-2.659e-02	4.406e-02
195523.50	-8.170e-04	-7.248e-02	4.963e-02
195524.50	-3.850e-04	9.514e-02	-2.074e-02
195525.50	-8.026e-03	-7.517e-02	6.106e-02
195526.50	-3.571e-03	-8.861e-02	-4.474e-02
195527.50	8.957e-03	-1.075e-02	5.002e-02
195528.50	1.690e-02	-7.891e-05	4.954e-02
195529.50	5.136e-02	-5.539e-02	1.344e-01
195530.50	-1.526e-02	4.214e-02	-2.986e-02
195531.50	5.462e-04	-6.768e-02	-3.638e-02
195532.50	2.102e-02	1.037e-01	8.717e-03
195533.50	-2.026e-02	-7.834e-02	-5.981e-02
195534.50	3.341e-03	-2.093e-03	4.637e-02
195535.50	6.365e-03	4.973e-02	-4.531e-02
195536.50	-4.762e-02	-1.171e-02	-1.805e-01
195537.50	-2.736e-02	4.742e-02	-9.331e-02
195538.50	-7.402e-04	3.629e-02	3.322e-03
195539.50	-1.642e-04	-2.698e-02	4.272e-02
195540.50	8.294e-04	2.458e-02	6.288e-02
195541.50	-1.891e-03	-1.862e-02	4.723e-03
195542.50	5.808e-04	-1.622e-02	-1.306e-02
195543.50	-7.027e-04	-5.530e-03	2.650e-02
195544.50	2.189e-03	-1.181e-02	-4.138e-02
195545.50	-1.459e-03	-1.555e-03	-2.458e-02
195546.50	-1.066e-03	-2.976e-02	-2.150e-02
195547.50	-2.486e-04	8.659e-02	4.733e-02
195548.50	2.803e-04	1.574e-02	1.104e-02
195549.50	2.054e-04	2.198e-02	3.821e-02
195550.50	-3.744e-04	-1.776e-02	1.152e-02
195551.50	-2.102e-04	9.571e-03	-3.504e-02
195552.50	-1.219e-03	3.485e-02	-3.648e-02
195553.50	-4.166e-04	-2.314e-02	4.474e-02
195554.50	-1.498e-03	1.661e-02	2.179e-02
195555.50	-6.470e-04	1.632e-02	1.066e-02
195556.50	5.616e-04	3.773e-02	1.142e-02
195557.50	-1.027e-03	-1.632e-02	1.114e-02
195558.50	-6.403e-04	-5.693e-02	-1.613e-02
195559.50	1.718e-03	4.378e-02	2.054e-02
195560.50	4.368e-03	2.717e-02	-1.286e-02
195561.50	7.814e-04	2.429e-02	4.291e-02
195562.50	7.690e-04	1.968e-02	1.891e-02
195563.50	-3.062e-04	-4.608e-03	3.005e-02
195564.50	-3.322e-04	4.454e-02	2.400e-02
195565.50	-1.171e-03	-1.930e-02	-1.373e-02
195566.50	-6.864e-05	1.584e-02	9.888e-03
195567.50	-3.168e-04	-9.312e-03	-4.061e-03
195568.50	-2.016e-04	-1.757e-02	2.179e-02
195569.50	-1.027e-03	5.443e-03	-6.701e-02
195570.50	6.758e-04	-4.042e-02	-1.238e-02
195571.50	8.314e-03	4.387e-03	3.360e-02
195572.50	3.494e-03	3.283e-02	4.464e-02
195573.50	2.938e-03	5.549e-05	2.966e-03
195574.50	-1.613e-03	-4.627e-02	-5.155e-02
195575.50	-1.930e-03	-2.506e-02	1.930e-02
195576.50	-1.824e-03	-1.536e-02	-8.141e-02
195577.50	2.400e-03	1.930e-03	-1.037e-02
195578.50	2.957e-03	-5.712e-02	-2.832e-02
195579.50	-5.664e-03	5.981e-03	-6.710e-02
195580.50	-3.302e-03	3.840e-02	-3.226e-02
195581.50	-4.570e-03	-8.141e-04	-2.285e-03
195582.50	-5.050e-04	7.267e-03	2.736e-02
195583.50	8.688e-04	1.277e-02	-2.006e-02
195584.50	2.803e-04	3.466e-02	2.726e-02
195585.50	-1.382e-04	-7.354e-02	1.094e-01
195586.50	3.187e-04	2.957e-02	6.067e-02
195587.50	-6.125e-04	1.709e-02	4.310e-02
195588.50	4.877e-04	1.776e-02	-5.789e-02
195589.50	-3.629e-04	1.872e-02	-3.590e-02
195590.50	3.638e-04	-3.590e-02	3.600e-02
195591.50	-3.312e-05	-3.859e-03	-3.110e-02
195592.50	4.714e-05	5.846e-03	2.851e-03
195593.50	5.040e-04	3.197e-03	-1.978e-02
195594.50	-1.843e-03	4.675e-02	-2.909e-03
195595.50	-6.000e-04	-4.186e-03	-2.016e-02
195596.50	-1.066e-03	-6.077e-03	6.250e-02
195597.50	2.554e-03	-1.325e-02	-8.726e-03
195598.50	2.112e-04	-2.928e-02	-1.584e-02
195599.50	4.570e-03	9.696e-03	2.390e-02
195600.50	2.150e-03	8.650e-03	1.795e-02
195601.50	-1.104e-03	9.485e-03	-1.594e-02
195602.50	5.405e-04	2.246e-02	8.861e-03
195603.50	1.334e-03	2.880e-03	-1.718e-03
195604.50	8.227e-04	-1.651e-02	-2.506e-04
195605.50	-9.984e-05	-4.186e-02	-1.238e-02
195606.50	1.123e-03	9.696e-04	-6.576e-02
195607.50	-2.026e-03	2.842e-04	3.619e-02
195608.50	-6.346e-04	-5.558e-03	-9.984e-03
195609.50	-4.243e-04	3.725e-02	7.546e-03
195610.50	1.786e-03	3.293e-02	5.472e-02
195611.50	9.984e-04	4.973e-02	1.901e-03
195612.50	-2.381e-04	-4.704e-02	-3.091e-02
195613.50	8.323e-04	1.258e-02	-3.994e-02
195614.50	-3.370e-04	-1.603e-02	1.190e-02
195615.50	1.027e-04	6.672e-02	-9.494e-03
195616.50	-1.133e-03	1.709e-02	1.018e-02
195617.50	1.162e-04	1.699e-02	8.707e-03
195618.50	-1.066e-03	-6.154e-02	2.438e-02
195619.50	-3.552e-04	-4.829e-02	-2.602e-02
195620.50	7.910e-05	-3.715e-05	4.733e-03
195621.50	-6.240e-04	-3.389e-03	-2.381e-03
195622.50	-7.814e-04	-3.110e-02	6.787e-03
195623.50	2.026e-04	1.536e-02	1.421e-02
195624.50	4.426e-04	-3.542e-03	4.387e-03
195625.50	6.365e-05	3.158e-02	2.467e-02
195626.50	7.574e-04	-1.450e-02	7.968e-03
195627.50	9.984e-04	2.563e-03	5.654e-03
195628.50	5.539e-04	-7.478e-03	-1.219e-02
195629.50	2.755e-04	-1.037e-02	-1.872e-02
195630.50	1.267e-03	6.845e-03	-4.032e-02
195631.50	-8.467e-04	6.010e-02	3.869e-02
195632.50	-3.619e-04	-4.426e-03	2.986e-02
195633.50	1.142e-03	-5.011e-02	1.565e-02
195634.50	-2.640e-04	2.698e-02	-3.696e-02
195635.50	-3.754e-04	-3.389e-03	1.171e-02
195636.50	-2.400e-04	-4.570e-02	3.360e-03
