195038.50	0.000e+00	0.000e+00	0.000e+00
195039.50	0.000e+00	0.000e+00	0.000e+00
195040.50	0.000e+00	0.000e+00	0.000e+00
195041.50	0.000e+00	0.000e+00	0.000e+00
195042.50	0.000e+00	0.000e+00	0.000e+00
195043.50	0.000e+00	0.000e+00	0.000e+00
195044.50	0.000e+00	0.000e+00	0.000e+00
195045.50	0.000e+00	0.000e+00	0.000e+00
195046.50	0.000e+00	0.000e+00	0.000e+00
195047.50	0.000e+00	0.000e+00	0.000e+00
195048.50	0.000e+00	0.000e+00	0.000e+00
195049.50	0.000e+00	0.000e+00	0.000e+00
195050.50	0.000e+00	0.000e+00	0.000e+00
195051.50	0.000e+00	0.000e+00	0.000e+00
195052.50	0.000e+00	0.000e+00	0.000e+00
195053.50	0.000e+00	0.000e+00	0.000e+00
195054.50	0.000e+00	0.000e+00	0.000e+00
195055.50	0.000e+00	0.000e+00	0.000e+00
195056.50	0.000e+00	0.000e+00	0.000e+00
195057.50	0.000e+00	0.000e+00	0.000e+00
195058.50	0.000e+00	0.000e+00	0.000e+00
195059.50	0.000e+00	0.000e+00	0.000e+00
195060.50	0.000e+00	0.000e+00	0.000e+00
195061.50	0.000e+00	0.000e+00	0.000e+00
195062.50	0.000e+00	0.000e+00	0.000e+00
195063.50	0.000e+00	0.000e+00	0.000e+00
195064.50	0.000e+00	0.000e+00	0.000e+00
195065.50	0.000e+00	0.000e+00	0.000e+00
195066.50	0.000e+00	0.000e+00	0.000e+00
195067.50	0.000e+00	0.000e+00	0.000e+00
195068.50	0.000e+00	0.000e+00	0.000e+00
195069.50	0.000e+00	0.000e+00	0.000e+00
195070.50	0.000e+00	0.000e+00	0.000e+00
195071.50	0.000e+00	0.000e+00	0.000e+00
195072.50	0.000e+00	0.000e+00	0.000e+00
195073.50	0.000e+00	0.000e+00	0.000e+00
195074.50	0.000e+00	0.000e+00	0.000e+00
195075.50	0.000e+00	0.000e+00	0.000e+00
195076.50	0.000e+00	0.000e+00	0.000e+00
195077.50	0.000e+00	0.000e+00	0.000e+00
195078.50	0.000e+00	0.000e+00	0.000e+00
195079.50	0.000e+00	0.000e+00	0.000e+00
195080.50	0.000e+00	0.000e+00	0.000e+00
195081.50	0.000e+00	0.000e+00	0.000e+00
195082.50	0.000e+00	0.000e+00	0.000e+00
195083.50	0.000e+00	0.000e+00	0.000e+00
195084.50	0.000e+00	0.000e+00	0.000e+00
195085.50	0.000e+00	0.000e+00	0.000e+00
195086.50	0.000e+00	0.000e+00	0.000e+00
195087.50	0.000e+00	0.000e+00	0.000e+00
195088.50	0.000e+00	0.000e+00	0.000e+00
195089.50	0.000e+00	0.000e+00	0.000e+00
195090.50	0.000e+00	0.000e+00	0.000e+00
195091.50	0.000e+00	0.000e+00	0.000e+00
195092.50	0.000e+00	0.000e+00	0.000e+00
195093.50	0.000e+00	0.000e+00	0.000e+00
195094.50	0.000e+00	0.000e+00	0.000e+00
195095.50	0.000e+00	0.000e+00	0.000e+00
195096.50	0.000e+00	0.000e+00	0.000e+00
195097.50	0.000e+00	0.000e+00	0.000e+00
195098.50	0.000e+00	0.000e+00	0.000e+00
195099.50	0.000e+00	0.000e+00	0.000e+00
195100.50	0.000e+00	0.000e+00	0.000e+00
195101.50	0.000e+00	0.000e+00	0.000e+00
195102.50	0.000e+00	0.000e+00	0.000e+00
195103.50	0.000e+00	0.000e+00	0.000e+00
195104.50	0.000e+00	0.000e+00	0.000e+00
195105.50	0.000e+00	0.000e+00	0.000e+00
195106.50	0.000e+00	0.000e+00	0.000e+00
195107.50	0.000e+00	0.000e+00	0.000e+00
195108.50	0.000e+00	0.000e+00	0.000e+00
195109.50	0.000e+00	0.000e+00	0.000e+00
195110.50	0.000e+00	0.000e+00	0.000e+00
195111.50	0.000e+00	0.000e+00	0.000e+00
195112.50	0.000e+00	0.000e+00	0.000e+00
195113.50	0.000e+00	0.000e+00	0.000e+00
195114.50	0.000e+00	0.000e+00	0.000e+00
195115.50	0.000e+00	0.000e+00	0.000e+00
195116.50	0.000e+00	0.000e+00	0.000e+00
195117.50	0.000e+00	0.000e+00	0.000e+00
195118.50	0.000e+00	0.000e+00	0.000e+00
195119.50	0.000e+00	0.000e+00	0.000e+00
195120.50	0.000e+00	0.000e+00	0.000e+00
195121.50	0.000e+00	0.000e+00	0.000e+00
195122.50	0.000e+00	0.000e+00	0.000e+00
195123.50	0.000e+00	0.000e+00	0.000e+00
195124.50	0.000e+00	0.000e+00	0.000e+00
195125.50	0.000e+00	0.000e+00	0.000e+00
195126.50	0.000e+00	0.000e+00	0.000e+00
195127.50	0.000e+00	0.000e+00	0.000e+00
195128.50	0.000e+00	0.000e+00	0.000e+00
195129.50	0.000e+00	0.000e+00	0.000e+00
195130.50	0.000e+00	0.000e+00	0.000e+00
195131.50	0.000e+00	0.000e+00	0.000e+00
195132.50	0.000e+00	0.000e+00	0.000e+00
195133.50	0.000e+00	0.000e+00	0.000e+00
195134.50	0.000e+00	0.000e+00	0.000e+00
195135.50	0.000e+00	0.000e+00	0.000e+00
195136.50	0.000e+00	0.000e+00	0.000e+00
195137.50	0.000e+00	0.000e+00	0.000e+00
195138.50	0.000e+00	0.000e+00	0.000e+00
195139.50	0.000e+00	0.000e+00	0.000e+00
195140.50	0.000e+00	0.000e+00	0.000e+00
195141.50	0.000e+00	0.000e+00	0.000e+00
195142.50	0.000e+00	0.000e+00	0.000e+00
195143.50	0.000e+00	0.000e+00	0.000e+00
195144.50	0.000e+00	0.000e+00	0.000e+00
195145.50	0.000e+00	0.000e+00	0.000e+00
195146.50	0.000e+00	0.000e+00	0.000e+00
195147.50	0.000e+00	0.000e+00	0.000e+00
195148.50	0.000e+00	0.000e+00	0.000e+00
195149.50	0.000e+00	0.000e+00	0.000e+00
195150.50	0.000e+00	0.000e+00	0.000e+00
195151.50	0.000e+00	0.000e+00	0.000e+00
195152.50	0.000e+00	0.000e+00	0.000e+00
195153.50	0.000e+00	0.000e+00	0.000e+00
195154.50	0.000e+00	0.000e+00	0.000e+00
195155.50	0.000e+00	0.000e+00	0.000e+00
195156.50	0.000e+00	0.000e+00	0.000e+00
195157.50	0.000e+00	0.000e+00	0.000e+00
195158.50	0.000e+00	0.000e+00	0.000e+00
195159.50	0.000e+00	0.000e+00	0.000e+00
195160.50	0.000e+00	0.000e+00	0.000e+00
195161.50	0.000e+00	0.000e+00	0.000e+00
195162.50	0.000e+00	0.000e+00	0.000e+00
195163.50	0.000e+00	0.000e+00	0.000e+00
195164.50	0.000e+00	0.000e+00	0.000e+00
195165.50	0.000e+00	0.000e+00	0.000e+00
195166.50	0.000e+00	0.000e+00	0.000e+00
195167.50	0.000e+00	0.000e+00	0.000e+00
195168.50	0.000e+00	0.000e+00	0.000e+00
195169.50	0.000e+00	0.000e+00	0.000e+00
195170.50	0.000e+00	0.000e+00	0.000e+00
195171.50	0.000e+00	0.000e+00	0.000e+00
195172.50	0.000e+00	0.000e+00	0.000e+00
195173.50	0.000e+00	0.000e+00	0.000e+00
195174.50	0.000e+00	0.000e+00	0.000e+00
195175.50	0.000e+00	0.000e+00	0.000e+00
195176.50	0.000e+00	0.000e+00	0.000e+00
195177.50	0.000e+00	0.000e+00	0.000e+00
195178.50	0.000e+00	0.000e+00	0.000e+00
195179.50	0.000e+00	0.000e+00	0.000e+00
195180.50	0.000e+00	0.000e+00	0.000e+00
195181.50	0.000e+00	0.000e+00	0.000e+00
195182.50	0.000e+00	0.000e+00	0.000e+00
195183.50	0.000e+00	0.000e+00	0.000e+00
195184.50	0.000e+00	0.000e+00	0.000e+00
195185.50	0.000e+00	0.000e+00	0.000e+00
195186.50	0.000e+00	0.000e+00	0.000e+00
195187.50	0.000e+00	0.000e+00	0.000e+00
195188.50	0.000e+00	0.000e+00	0.000e+00
195189.50	0.000e+00	0.000e+00	0.000e+00
195190.50	0.000e+00	0.000e+00	0.000e+00
195191.50	0.000e+00	0.000e+00	0.000e+00
195192.50	0.000e+00	0.000e+00	0.000e+00
195193.50	0.000e+00	0.000e+00	0.000e+00
195194.50	0.000e+00	0.000e+00	0.000e+00
195195.50	-1.037e-05	1.046e-03	1.805e-04
195196.50	8.918e-06	-8.861e-04	-2.592e-04
195197.50	3.754e-06	-5.299e-05	-3.600e-04
195198.50	1.171e-05	4.090e-04	1.670e-04
195199.50	-1.613e-05	2.986e-04	-7.517e-04
195200.50	-5.875e-06	-1.152e-04	-6.125e-04
195201.50	-1.930e-08	2.179e-04	5.165e-04
195202.50	1.037e-05	-3.370e-04	8.947e-04
195203.50	2.074e-05	-5.818e-04	2.746e-04
195204.50	1.920e-05	-1.718e-03	5.530e-04
195205.50	-2.544e-05	8.294e-04	-1.891e-04
195206.50	-1.114e-05	5.472e-04	4.550e-05
195207.50	-8.083e-06	5.568e-04	-4.339e-04
195208.50	3.120e-05	3.446e-04	-1.843e-03
195209.50	7.814e-06	1.373e-03	-1.238e-03
195210.50	-5.635e-05	-2.131e-03	1.382e-03
195211.50	6.134e-04	-3.552e-02	-2.419e-03
195212.50	-6.605e-04	2.102e-02	-1.766e-02
195213.50	-3.360e-04	2.304e-02	6.653e-03
195214.50	7.814e-04	-2.093e-02	2.534e-02
195215.50	-7.920e-05	1.142e-03	-1.277e-03
195216.50	4.925e-04	-1.891e-02	1.075e-02
195217.50	3.226e-04	-1.277e-02	5.395e-03
195218.50	1.910e-03	-1.334e-01	4.579e-03
195219.50	1.574e-03	6.720e-02	1.757e-01
195220.50	4.272e-03	-3.379e-01	-1.238e-01
195221.50	6.979e-02	-4.070e+00	2.170e-01
195222.50	8.170e-01	-4.714e+01	2.966e+00
195223.50	1.306e+01	-7.786e+02	8.333e-01
195224.50	1.632e+01	-9.130e+02	1.786e+02
195225.50	-3.994e+00	2.304e+02	-5.002e+01
195226.50	-2.842e+00	1.690e+02	-1.642e+01
195227.50	-2.208e+00	1.258e+02	-2.458e+01
195228.50	-1.651e+00	9.888e+01	-6.682e+00
195229.50	-1.651e+00	9.696e+01	-9.984e+00
195230.50	-1.440e+00	8.362e+01	-7.757e+00
195231.50	-1.210e+00	6.979e+01	-8.842e+00
195232.50	-1.094e+00	6.518e+01	-2.323e+00
195233.50	-9.600e-01	5.798e+01	-1.094e+00
195234.50	-9.427e-01	5.270e+01	-8.179e+00
195235.50	-8.083e-01	4.666e+01	-4.051e+00
195236.50	-7.526e-01	4.406e+01	-2.208e+00
195237.50	-7.008e-01	3.830e+01	-7.421e+00
195238.50	-5.789e-01	3.389e+01	-1.594e+00
195239.50	-6.096e-01	3.590e+01	-3.590e-01
195240.50	-5.923e-01	3.274e+01	-4.810e+00
195241.50	-5.040e-01	2.813e+01	-4.310e+00
195242.50	-4.291e-01	2.592e+01	8.602e-01
195243.50	-3.869e-01	2.246e+01	-1.114e+00
195244.50	-3.994e-01	2.218e+01	-3.264e+00
195245.50	-3.197e-01	1.997e+01	1.325e+00
195246.50	-3.408e-01	1.853e+01	-2.611e+00
195247.50	-3.466e-01	1.958e+01	-1.258e+00
195248.50	-3.158e-01	1.853e+01	-2.938e-01
195249.50	-2.880e-01	1.632e+01	-5.232e-01
195250.50	-2.582e-01	1.373e+01	-3.322e+00
195251.50	-2.256e-01	1.306e+01	-9.168e-01
195252.50	-2.333e-01	1.325e+01	-9.158e-01
195253.50	-1.757e-01	9.178e+00	-1.862e+00
195254.50	-1.949e-01	1.123e+01	2.294e-01
195255.50	-2.150e-01	1.181e+01	-4.109e-01
195256.50	-1.517e-01	9.600e+00	7.142e-01
195257.50	-1.507e-01	7.757e+00	-1.056e+00
195258.50	-1.651e-01	8.842e+00	-8.870e-01
195259.50	-1.306e-01	8.218e+00	9.984e-01
195260.50	-1.574e-01	8.419e+00	-1.670e+00
195261.50	-1.459e-01	8.419e+00	-3.744e-01
195262.50	-1.210e-01	6.634e+00	1.085e-01
195263.50	-1.104e-01	6.509e+00	-2.467e-01
195264.50	-1.171e-01	6.259e+00	-8.381e-01
195265.50	-1.094e-01	5.846e+00	2.381e-01
195266.50	-9.696e-02	6.067e+00	4.723e-01
195267.50	-7.574e-02	5.040e+00	2.016e-01
195268.50	-6.134e-02	4.022e+00	4.512e-01
195269.50	-1.162e-01	6.490e+00	1.219e-01
195270.50	-7.757e-02	4.157e+00	-2.275e-01
195271.50	-7.315e-02	4.042e+00	-2.611e-01
195272.50	-6.854e-02	3.878e+00	-8.957e-01
195273.50	-6.221e-02	3.485e+00	-2.112e-01
195274.50	-5.952e-02	3.581e+00	4.579e-01
195275.50	-7.277e-02	4.051e+00	1.046e-01
195276.50	-5.702e-02	3.264e+00	-4.176e-01
195277.50	-4.550e-02	2.602e+00	-1.190e-01
195278.50	-5.050e-02	3.149e+00	1.085e-01
195279.50	-5.462e-02	3.187e+00	4.829e-01
195280.50	-4.694e-02	2.602e+00	2.554e-02
195281.50	-5.318e-02	2.707e+00	-2.669e-01
195282.50	-4.310e-02	2.227e+00	-5.213e-01
195283.50	-2.717e-02	1.661e+00	-3.754e-02
195284.50	-4.589e-02	2.333e+00	-6.173e-01
195285.50	-5.587e-02	2.938e+00	-5.338e-01
195286.50	-2.333e-02	1.123e+00	-4.099e-01
195287.50	-2.611e-02	1.690e+00	5.386e-01
195288.50	-3.072e-02	1.709e+00	-2.150e-01
195289.50	-2.938e-02	1.824e+00	2.909e-02
195290.50	-2.227e-02	1.363e+00	5.789e-01
195291.50	-4.637e-02	2.400e+00	-5.232e-01
195292.50	-2.621e-02	1.402e+00	-1.498e-01
195293.50	-3.926e-02	2.189e+00	2.122e-01
195294.50	-2.746e-02	1.546e+00	-1.085e-01
195295.50	-1.843e-02	8.861e-01	-2.813e-01
195296.50	-2.006e-02	1.056e+00	1.632e-01
195297.50	-1.210e-02	7.603e-01	1.901e-02
195298.50	-2.371e-02	1.248e+00	2.650e-02
195299.50	-1.574e-02	9.792e-01	-2.506e-01
195300.50	-2.678e-02	9.984e-01	-4.781e-01
195301.50	-2.122e-02	1.114e+00	-1.651e-01
195302.50	-6.797e-03	6.221e-01	3.619e-01
195303.50	-2.179e-02	1.066e+00	-3.734e-01
195304.50	-2.688e-02	1.248e+00	-5.645e-01
195305.50	-2.006e-02	1.190e+00	-1.104e-01
195306.50	-1.325e-02	5.549e-01	-4.541e-02
195307.50	-5.165e-03	5.376e-01	1.882e-01
195308.50	-1.306e-02	6.557e-01	1.123e-01
195309.50	-1.584e-02	9.072e-01	1.008e-02
195310.50	-1.565e-02	8.822e-01	-1.853e-01
195311.50	-1.181e-02	2.160e-01	-6.115e-01
195312.50	-9.418e-03	5.242e-01	3.802e-01
195313.50	-1.498e-02	7.027e-01	-3.091e-01
195314.50	-1.075e-02	7.584e-01	1.920e-01
195315.50	-1.622e-02	5.251e-01	-1.056e-01
195316.50	-1.498e-02	7.536e-01	-2.899e-01
195317.50	-1.766e-02	9.696e-01	-1.008e-01
195318.50	-1.210e-02	7.795e-01	2.554e-01
195319.50	-2.640e-03	2.995e-01	4.013e-01
195320.50	-5.990e-03	1.114e-01	-2.342e-01
195321.50	-2.870e-03	-9.283e-02	-3.936e-01
195322.50	-4.080e-03	2.381e-01	-3.427e-01
195323.50	-1.210e-02	6.528e-01	1.613e-01
195324.50	-1.229e-02	6.067e-01	-4.118e-02
195325.50	-1.008e-02	4.838e-01	-3.024e-01
195326.50	4.771e-03	-5.069e-04	3.072e-01
195327.50	-5.971e-03	3.475e-01	3.312e-02
195328.50	-1.776e-02	7.325e-01	-4.541e-02
195329.50	-1.373e-03	2.438e-01	-5.971e-02
195330.50	-1.027e-02	4.330e-01	-2.102e-01
195331.50	-1.210e-02	4.176e-01	-3.840e-02
195332.50	-6.998e-03	4.426e-01	2.218e-02
195333.50	-4.877e-03	4.598e-01	1.651e-01
195334.50	-4.752e-03	3.398e-01	2.122e-01
195335.50	-1.162e-03	6.010e-02	1.699e-01
195336.50	-3.571e-03	4.598e-02	-8.131e-02
195337.50	-6.086e-03	5.299e-01	7.824e-03
195338.50	9.158e-06	8.525e-02	-4.109e-02
195339.50	6.806e-04	1.229e-01	2.198e-03
195340.50	7.546e-04	-5.750e-02	4.378e-02
195341.50	-1.603e-02	6.672e-01	-2.333e-01
195342.50	-1.757e-03	-5.626e-03	6.797e-02
195343.50	5.030e-04	-4.310e-02	7.795e-02
195344.50	-6.682e-03	9.696e-02	-2.467e-01
195345.50	-8.141e-03	4.886e-01	-2.323e-01
195346.50	-5.846e-04	2.774e-02	-1.747e-01
195347.50	-1.795e-03	1.085e-01	4.637e-01
195348.50	-6.624e-03	3.053e-01	-8.736e-02
195349.50	-3.245e-03	1.574e-01	-1.747e-01
195350.50	1.622e-03	1.997e-01	2.995e-01
195351.50	-4.330e-03	1.901e-01	7.853e-02
195352.50	-1.402e-02	5.645e-01	-3.264e-01
195353.50	6.192e-03	-7.728e-02	2.112e-01
195354.50	-1.747e-03	2.246e-03	3.178e-02
195355.50	-3.926e-03	1.786e-01	-4.541e-02
195356.50	8.477e-04	-4.579e-02	9.350e-02
195357.50	-3.715e-03	1.258e-01	-9.984e-02
195358.50	-6.374e-03	3.590e-01	-6.307e-02
195359.50	-7.459e-03	2.448e-01	7.690e-02
195360.50	-1.037e-02	3.715e-01	-3.158e-01
195361.50	3.504e-03	-6.211e-02	2.726e-02
195362.50	-3.638e-03	1.056e-01	-1.296e-01
195363.50	5.942e-04	-1.286e-01	-1.526e-01
195364.50	-8.803e-04	1.142e-01	1.046e-01
195365.50	-2.458e-03	1.997e-01	5.712e-02
195366.50	6.374e-06	-2.275e-02	6.029e-02
195367.50	-3.782e-03	1.987e-01	1.997e-01
195368.50	-1.488e-03	5.261e-02	3.427e-02
195369.50	-1.315e-03	1.498e-01	9.792e-02
195370.50	-2.141e-03	-4.666e-02	-5.568e-02
195371.50	-9.370e-04	1.267e-01	3.619e-02
195372.50	-2.832e-03	1.555e-01	-1.718e-01
195373.50	2.938e-03	-2.429e-01	-6.346e-02
195374.50	-1.594e-03	9.082e-02	-9.322e-03
195375.50	-2.880e-03	2.381e-01	4.176e-02
195376.50	-2.429e-03	1.046e-01	-1.286e-01
195377.50	1.594e-03	6.883e-02	1.277e-01
195378.50	-4.253e-03	7.066e-02	-8.909e-02
195379.50	-4.522e-03	1.680e-01	-5.414e-02
195380.50	3.302e-04	3.926e-02	-3.341e-02
195381.50	-4.608e-03	1.536e-01	1.267e-02
195382.50	9.043e-04	1.450e-01	8.582e-02
195383.50	-4.339e-03	4.762e-02	-1.824e-01
195384.50	1.402e-03	-6.442e-02	1.958e-01
195385.50	-9.389e-04	6.096e-02	3.562e-02
195386.50	-1.939e-03	-7.594e-02	-6.912e-02
195387.50	-4.598e-03	1.277e-01	-1.306e-01
195388.50	4.742e-04	-2.371e-02	1.171e-01
195389.50	-1.939e-03	1.488e-02	-8.438e-02
195390.50	-7.507e-03	2.832e-01	-1.478e-01
195391.50	-4.560e-04	1.066e-01	2.093e-01
195392.50	-7.190e-04	8.870e-02	-1.536e-01
195393.50	-1.046e-03	1.939e-01	4.896e-02
195394.50	-5.309e-03	3.293e-01	2.774e-02
195395.50	-2.371e-03	1.085e-01	5.741e-02
195396.50	-1.373e-03	-1.795e-01	-7.306e-02
195397.50	-7.229e-04	-4.666e-02	-7.690e-02
195398.50	1.824e-03	2.294e-02	7.162e-02
195399.50	1.882e-03	-3.734e-02	7.622e-02
195400.50	-2.352e-03	6.960e-02	-8.419e-02
195401.50	-2.717e-03	2.688e-01	1.459e-01
195402.50	-7.469e-04	-1.430e-02	1.354e-01
195403.50	-3.120e-03	1.210e-01	-3.802e-02
195404.50	-4.666e-04	2.573e-02	-1.171e-01
195405.50	4.070e-03	-7.536e-02	1.603e-01
195406.50	-1.142e-03	5.558e-02	1.162e-01
195407.50	-5.309e-03	1.469e-01	-1.018e-01
195408.50	2.304e-03	-4.781e-02	-1.056e-01
195409.50	1.382e-03	2.995e-02	8.342e-02
195410.50	-1.680e-04	3.715e-02	7.872e-02
195411.50	5.059e-04	3.869e-02	5.126e-02
195412.50	-6.221e-04	2.746e-02	2.794e-02
195413.50	2.285e-03	-9.206e-02	1.171e-01
195414.50	-4.358e-03	7.114e-02	-1.114e-01
195415.50	8.189e-04	-7.075e-02	-2.803e-02
195416.50	-2.832e-03	6.374e-02	-8.813e-02
195417.50	-8.515e-05	3.312e-02	1.622e-01
195418.50	-4.522e-03	1.574e-01	-1.411e-01
195419.50	-2.928e-03	9.792e-02	-1.075e-01
195420.50	-8.218e-04	1.037e-01	3.773e-02
195421.50	2.736e-03	1.373e-02	1.958e-01
195422.50	2.112e-03	3.898e-02	5.779e-02
195423.50	-1.056e-03	-2.323e-02	-6.874e-02
195424.50	-5.981e-03	9.792e-03	5.088e-03
195425.50	2.400e-03	-1.843e-01	7.286e-02
195426.50	-2.602e-03	6.000e-02	-4.762e-02
195427.50	-6.480e-04	1.555e-01	-1.210e-01
195428.50	-2.112e-03	6.278e-02	-1.267e-01
195429.50	-2.976e-04	4.051e-02	-1.210e-01
195430.50	-2.544e-03	1.027e-01	-7.277e-02
195431.50	-4.598e-03	1.430e-01	-7.728e-02
195432.50	-1.603e-03	1.248e-01	-3.811e-02
195433.50	-2.237e-03	-3.677e-03	-1.133e-01
195434.50	-3.139e-03	-4.790e-02	5.030e-03
195435.50	1.248e-03	-1.056e-01	6.547e-02
195436.50	-1.402e-04	1.238e-02	1.296e-01
195437.50	-1.190e-03	-1.546e-02	8.390e-02
195438.50	-4.541e-04	3.168e-02	-8.995e-02
195439.50	1.478e-03	1.046e-01	2.266e-01
195440.50	9.072e-04	1.786e-02	1.392e-01
195441.50	2.141e-03	-1.066e-01	-3.418e-03
195442.50	9.984e-04	-5.088e-02	-7.536e-02
195443.50	-1.478e-03	7.037e-02	-8.630e-02
195444.50	4.925e-04	1.814e-02	-3.917e-02
195445.50	-1.488e-03	-6.106e-02	-4.090e-02
195446.50	-4.819e-03	1.296e-02	1.200e-02
195447.50	-1.469e-03	8.995e-02	3.619e-02
195448.50	1.651e-03	8.563e-02	1.162e-01
195449.50	-1.987e-03	1.114e-01	1.699e-02
195450.50	2.650e-03	-2.294e-01	-4.483e-02
195451.50	-4.195e-03	-6.442e-02	5.395e-04
195452.50	-6.566e-03	1.613e-01	-2.784e-02
195453.50	1.546e-03	-5.549e-03	-3.408e-02
195454.50	-6.250e-05	4.752e-02	4.032e-03
195455.50	-1.181e-03	3.062e-02	-1.133e-01
195456.50	2.842e-03	1.901e-02	8.534e-02
195457.50	3.466e-03	-1.325e-01	-4.474e-02
195458.50	9.888e-04	8.035e-02	-4.512e-03
195459.50	1.296e-03	-6.874e-02	1.354e-01
195460.50	-1.728e-05	4.896e-02	8.918e-02
195461.50	1.373e-02	8.237e-03	5.731e-03
195462.50	-4.512e-03	-8.246e-02	-6.106e-02
195463.50	3.178e-05	2.477e-02	3.168e-02
195464.50	7.056e-04	1.181e-02	-4.877e-02
195465.50	2.582e-03	-7.536e-02	-9.888e-02
195466.50	-8.131e-03	2.246e-02	-2.698e-02
195467.50	-7.507e-03	-7.786e-02	-1.920e-01
195468.50	-2.410e-04	1.824e-02	5.299e-02
195469.50	-5.558e-04	-2.947e-02	-3.830e-02
195470.50	1.517e-03	1.574e-01	7.930e-02
195471.50	-5.126e-04	-1.190e-02	-2.400e-02
195472.50	-5.174e-03	2.275e-02	-4.954e-02
195473.50	3.254e-04	-3.994e-02	6.730e-02
195474.50	2.074e-03	-9.254e-02	5.674e-02
195475.50	1.008e-03	2.650e-02	-9.408e-02
195476.50	2.880e-04	2.784e-02	4.435e-02
195477.50	3.658e-03	-1.642e-02	3.965e-02
195478.50	1.354e-03	3.283e-02	7.565e-02
195479.50	-2.035e-03	4.138e-02	-3.082e-02
195480.50	-8.390e-04	-2.611e-02	1.478e-02
195481.50	-1.978e-03	1.018e-01	2.160e-02
195482.50	-8.918e-06	8.582e-03	-3.802e-02
195483.50	-6.326e-04	5.232e-02	-4.445e-02
195484.50	-1.094e-03	7.373e-02	-1.200e-03
195485.50	-8.438e-04	7.219e-02	-6.192e-02
195486.50	1.738e-03	-6.749e-02	1.862e-01
195487.50	-2.784e-04	4.714e-03	-2.083e-02
195488.50	2.592e-03	-4.301e-02	-9.600e-03
195489.50	1.872e-03	-6.221e-02	8.698e-02
195490.50	-9.322e-03	1.507e-01	-3.773e-02
195491.50	7.133e-03	2.496e-02	5.299e-02
195492.50	-2.218e-04	-4.022e-02	-1.133e-01
195493.50	1.219e-03	-1.037e-01	-2.419e-02
195494.50	-2.947e-03	3.610e-03	-1.613e-02
195495.50	-2.563e-03	3.754e-02	-1.306e-01
195496.50	-5.386e-03	1.085e-01	4.531e-02
195497.50	9.696e-03	-3.581e-03	1.584e-01
195498.50	6.298e-04	-8.688e-02	3.341e-02
195499.50	2.227e-04	-7.162e-02	-1.104e-01
195500.50	-9.283e-04	7.190e-02	-4.982e-02
195501.50	-1.200e-03	-1.229e-03	-8.496e-02
195502.50	-2.275e-03	6.874e-02	4.771e-02
195503.50	2.669e-03	8.102e-02	1.018e-01
195504.50	-1.613e-03	6.768e-02	-1.190e-02
195505.50	-2.160e-03	8.870e-02	-6.624e-04
195506.50	1.507e-03	-1.699e-02	-7.939e-03
195507.50	6.950e-04	-3.955e-02	-8.630e-02
195508.50	-6.432e-03	8.544e-02	5.885e-02
195509.50	2.534e-03	-1.430e-03	2.650e-02
195510.50	1.315e-03	4.070e-02	-9.542e-03
195511.50	8.909e-04	-4.973e-02	3.005e-02
195512.50	-4.118e-03	3.840e-02	-1.037e-02
195513.50	-2.275e-05	1.181e-03	4.627e-02
195514.50	-1.786e-03	2.189e-01	-6.970e-02
195515.50	-6.221e-03	-9.984e-03	-1.344e-01
195516.50	-1.949e-04	-1.210e-01	-8.842e-02
195517.50	1.642e-02	-3.043e-01	1.622e-01
195518.50	1.402e-03	5.395e-02	-5.098e-03
195519.50	4.560e-04	4.195e-02	2.371e-02
195520.50	-8.794e-04	-2.256e-03	3.091e-02
195521.50	3.456e-02	-1.104e-01	1.814e-01
195522.50	-1.824e-03	-6.509e-02	-3.187e-02
195523.50	4.109e-04	-2.074e-03	-8.333e-02
195524.50	7.306e-03	-5.914e-02	5.270e-02
195525.50	1.526e-02	5.107e-02	1.526e-03
195526.50	3.504e-02	7.478e-02	1.507e-02
195527.50	-3.878e-02	3.955e-02	-1.786e-01
195528.50	-1.853e-02	-1.171e-01	-1.027e-01
195529.50	-1.382e-03	-5.030e-02	-5.414e-02
195530.50	-2.582e-04	6.288e-02	-3.283e-02
195531.50	-3.994e-04	5.213e-02	8.602e-02
195532.50	-2.890e-04	4.906e-02	1.027e-01
195533.50	-5.923e-03	1.094e-02	4.138e-02
195534.50	2.294e-04	-8.602e-02	6.643e-02
195535.50	-9.561e-03	-3.302e-02	1.949e-02
195536.50	8.611e-03	6.134e-02	-7.248e-03
195537.50	-2.554e-03	-4.685e-02	-8.986e-02
195538.50	-4.598e-03	1.987e-02	-7.930e-02
195539.50	2.707e-03	-6.029e-02	4.694e-02
195540.50	1.536e-03	-1.766e-02	6.403e-02
195541.50	-7.680e-04	8.275e-04	2.419e-02
195542.50	-2.602e-03	4.099e-02	-2.726e-02
195543.50	-4.003e-03	1.882e-02	3.494e-02
195544.50	-3.322e-03	8.093e-02	-1.402e-02
195545.50	-3.254e-04	5.290e-02	1.498e-02
195546.50	-2.054e-03	3.869e-02	-2.045e-02
195547.50	-3.187e-04	2.698e-02	-6.077e-02
195548.50	1.229e-03	-5.635e-03	8.611e-02
195549.50	1.891e-03	5.280e-03	-9.533e-03
195550.50	1.373e-03	-4.867e-02	-6.854e-02
195551.50	-2.861e-03	4.512e-02	-7.622e-03
195552.50	3.072e-04	7.094e-03	9.283e-03
195553.50	1.757e-03	-3.792e-02	1.632e-02
195554.50	-2.160e-03	1.133e-02	-1.392e-01
195555.50	3.994e-04	-1.478e-02	7.411e-05
195556.50	-1.987e-03	2.006e-02	-7.478e-03
195557.50	-5.232e-03	8.016e-02	-1.238e-02
195558.50	-1.334e-03	-2.477e-02	4.378e-02
195559.50	-1.440e-02	7.747e-02	-4.714e-02
195560.50	2.486e-03	-2.765e-02	8.419e-02
195561.50	-1.526e-03	7.584e-02	7.949e-02
195562.50	-4.522e-04	-6.422e-02	4.214e-02
195563.50	2.352e-03	-9.331e-02	-1.987e-04
195564.50	8.966e-04	3.187e-02	-1.133e-02
195565.50	2.755e-05	1.632e-02	3.274e-02
195566.50	-4.646e-04	3.696e-02	-2.947e-02
195567.50	-6.902e-03	6.902e-02	-5.107e-02
195568.50	-1.642e-03	-2.467e-02	-1.046e-01
195569.50	9.130e-04	-1.526e-02	-1.478e-03
195570.50	-3.283e-03	3.091e-02	1.296e-02
195571.50	-5.760e-03	6.259e-02	-4.109e-02
195572.50	-4.042e-04	-5.098e-02	-6.230e-02
195573.50	-4.848e-04	-3.053e-02	-1.824e-02
195574.50	1.757e-02	-2.870e-01	-5.866e-02
195575.50	1.344e-02	1.286e-01	5.770e-02
195576.50	-1.536e-03	3.763e-02	4.032e-02
195577.50	8.266e-03	-1.402e-02	1.066e-02
195578.50	3.542e-02	8.371e-02	1.517e-01
195579.50	-1.142e-02	1.738e-02	-1.920e-02
195580.50	-3.658e-02	1.219e-02	-9.984e-02
195581.50	3.821e-03	-1.814e-02	-5.174e-03
195582.50	2.861e-03	4.243e-02	2.467e-02
195583.50	6.922e-04	-3.197e-02	5.462e-02
195584.50	-4.714e-04	3.408e-02	7.286e-02
195585.50	-1.603e-03	1.286e-03	-7.037e-02
195586.50	-5.712e-05	-1.574e-02	-1.334e-02
195587.50	6.864e-04	-6.970e-02	-7.978e-02
195588.50	-1.162e-03	9.389e-02	6.000e-02
195589.50	2.045e-03	4.445e-03	5.280e-02
195590.50	3.168e-03	-6.442e-02	4.022e-02
195591.50	-1.027e-03	1.027e-02	1.968e-03
195592.50	3.120e-04	-2.131e-02	-6.134e-02
195593.50	3.715e-04	-4.867e-03	-5.030e-02
195594.50	-1.392e-03	3.446e-02	-4.157e-02
195595.50	5.309e-04	-3.802e-02	-2.256e-02
195596.50	-3.994e-05	1.862e-02	-2.314e-02
195597.50	2.285e-04	2.218e-02	4.061e-02
195598.50	6.797e-04	-1.565e-02	3.830e-02
195599.50	7.891e-03	5.597e-04	6.701e-02
195600.50	-1.248e-02	1.018e-01	-8.294e-02
195601.50	-5.952e-03	-1.354e-02	-2.285e-02
195602.50	5.674e-03	-1.200e-01	2.246e-02
195603.50	8.611e-03	-5.866e-02	6.038e-02
195604.50	6.470e-04	2.074e-03	1.018e-01
195605.50	-1.248e-03	3.254e-02	-2.122e-02
195606.50	-3.907e-03	7.690e-02	-1.027e-01
195607.50	2.074e-03	4.387e-02	-2.198e-02
195608.50	5.750e-03	-5.126e-02	3.514e-02
195609.50	-3.139e-03	2.774e-02	-4.234e-02
195610.50	-7.277e-04	-1.507e-02	1.699e-03
195611.50	-3.370e-04	1.565e-02	4.224e-02
195612.50	-2.026e-04	-3.235e-02	5.328e-02
195613.50	2.640e-03	-5.309e-04	3.341e-02
195614.50	-1.853e-03	4.723e-02	-2.698e-03
195615.50	1.066e-03	1.344e-02	2.947e-02
195616.50	1.354e-02	-3.542e-02	5.779e-03
195617.50	5.616e-03	1.901e-03	6.451e-02
195618.50	-2.093e-02	4.320e-03	-1.277e-01
195619.50	-1.210e-03	2.237e-02	-3.254e-02
195620.50	4.397e-04	-4.925e-02	3.619e-02
195621.50	-2.918e-03	7.075e-02	-9.408e-02
195622.50	-1.632e-03	3.869e-02	3.331e-02
195623.50	-4.963e-04	-3.494e-02	-1.853e-02
195624.50	1.171e-03	-2.621e-02	1.603e-02
195625.50	-2.160e-03	6.307e-02	1.536e-02
195626.50	-1.584e-03	3.859e-02	-1.344e-02
195627.50	7.162e-04	-3.667e-02	-2.131e-02
195628.50	1.142e-03	-4.646e-02	1.373e-02
195629.50	4.579e-04	1.430e-02	2.064e-02
195630.50	6.413e-04	8.573e-04	-1.478e-02
195631.50	8.602e-05	2.102e-02	4.406e-03
195632.50	-5.299e-04	1.181e-02	2.006e-02
195633.50	4.128e-04	-3.331e-02	9.888e-03
195634.50	-3.091e-03	-4.646e-02	-1.603e-02
195635.50	2.323e-04	-1.459e-02	-1.517e-02
195636.50	5.462e-04	2.650e-02	4.426e-03
