195038.50	0.000e+00	0.000e+00	0.000e+00
195039.50	0.000e+00	0.000e+00	0.000e+00
195040.50	0.000e+00	0.000e+00	0.000e+00
195041.50	0.000e+00	0.000e+00	0.000e+00
195042.50	0.000e+00	0.000e+00	0.000e+00
195043.50	0.000e+00	0.000e+00	0.000e+00
195044.50	0.000e+00	0.000e+00	0.000e+00
195045.50	0.000e+00	0.000e+00	0.000e+00
195046.50	0.000e+00	0.000e+00	0.000e+00
195047.50	0.000e+00	0.000e+00	0.000e+00
195048.50	0.000e+00	0.000e+00	0.000e+00
195049.50	0.000e+00	0.000e+00	0.000e+00
195050.50	0.000e+00	0.000e+00	0.000e+00
195051.50	0.000e+00	0.000e+00	0.000e+00
195052.50	0.000e+00	0.000e+00	0.000e+00
195053.50	0.000e+00	0.000e+00	0.000e+00
195054.50	0.000e+00	0.000e+00	0.000e+00
195055.50	0.000e+00	0.000e+00	0.000e+00
195056.50	0.000e+00	0.000e+00	0.000e+00
195057.50	0.000e+00	0.000e+00	0.000e+00
195058.50	0.000e+00	0.000e+00	0.000e+00
195059.50	0.000e+00	0.000e+00	0.000e+00
195060.50	0.000e+00	0.000e+00	0.000e+00
195061.50	0.000e+00	0.000e+00	0.000e+00
195062.50	0.000e+00	0.000e+00	0.000e+00
195063.50	0.000e+00	0.000e+00	0.000e+00
195064.50	0.000e+00	0.000e+00	0.000e+00
195065.50	0.000e+00	0.000e+00	0.000e+00
195066.50	0.000e+00	0.000e+00	0.000e+00
195067.50	0.000e+00	0.000e+00	0.000e+00
195068.50	0.000e+00	0.000e+00	0.000e+00
195069.50	0.000e+00	0.000e+00	0.000e+00
195070.50	0.000e+00	0.000e+00	0.000e+00
195071.50	0.000e+00	0.000e+00	0.000e+00
195072.50	0.000e+00	0.000e+00	0.000e+00
195073.50	0.000e+00	0.000e+00	0.000e+00
195074.50	0.000e+00	0.000e+00	0.000e+00
195075.50	0.000e+00	0.000e+00	0.000e+00
195076.50	0.000e+00	0.000e+00	0.000e+00
195077.50	0.000e+00	0.000e+00	0.000e+00
195078.50	0.000e+00	0.000e+00	0.000e+00
195079.50	0.000e+00	0.000e+00	0.000e+00
195080.50	0.000e+00	0.000e+00	0.000e+00
195081.50	0.000e+00	0.000e+00	0.000e+00
195082.50	0.000e+00	0.000e+00	0.000e+00
195083.50	0.000e+00	0.000e+00	0.000e+00
195084.50	0.000e+00	0.000e+00	0.000e+00
195085.50	0.000e+00	0.000e+00	0.000e+00
195086.50	0.000e+00	0.000e+00	0.000e+00
195087.50	0.000e+00	0.000e+00	0.000e+00
195088.50	0.000e+00	0.000e+00	0.000e+00
195089.50	0.000e+00	0.000e+00	0.000e+00
195090.50	0.000e+00	0.000e+00	0.000e+00
195091.50	0.000e+00	0.000e+00	0.000e+00
195092.50	0.000e+00	0.000e+00	0.000e+00
195093.50	0.000e+00	0.000e+00	0.000e+00
195094.50	0.000e+00	0.000e+00	0.000e+00
195095.50	0.000e+00	0.000e+00	0.000e+00
195096.50	0.000e+00	0.000e+00	0.000e+00
195097.50	0.000e+00	0.000e+00	0.000e+00
195098.50	0.000e+00	0.000e+00	0.000e+00
195099.50	0.000e+00	0.000e+00	0.000e+00
195100.50	0.000e+00	0.000e+00	0.000e+00
195101.50	0.000e+00	0.000e+00	0.000e+00
195102.50	0.000e+00	0.000e+00	0.000e+00
195103.50	0.000e+00	0.000e+00	0.000e+00
195104.50	0.000e+00	0.000e+00	0.000e+00
195105.50	0.000e+00	0.000e+00	0.000e+00
195106.50	0.000e+00	0.000e+00	0.000e+00
195107.50	0.000e+00	0.000e+00	0.000e+00
195108.50	0.000e+00	0.000e+00	0.000e+00
195109.50	0.000e+00	0.000e+00	0.000e+00
195110.50	0.000e+00	0.000e+00	0.000e+00
195111.50	0.000e+00	0.000e+00	0.000e+00
195112.50	0.000e+00	0.000e+00	0.000e+00
195113.50	0.000e+00	0.000e+00	0.000e+00
195114.50	0.000e+00	0.000e+00	0.000e+00
195115.50	0.000e+00	0.000e+00	0.000e+00
195116.50	0.000e+00	0.000e+00	0.000e+00
195117.50	0.000e+00	0.000e+00	0.000e+00
195118.50	0.000e+00	0.000e+00	0.000e+00
195119.50	0.000e+00	0.000e+00	0.000e+00
195120.50	0.000e+00	0.000e+00	0.000e+00
195121.50	0.000e+00	0.000e+00	0.000e+00
195122.50	0.000e+00	0.000e+00	0.000e+00
195123.50	0.000e+00	0.000e+00	0.000e+00
195124.50	0.000e+00	0.000e+00	0.000e+00
195125.50	0.000e+00	0.000e+00	0.000e+00
195126.50	0.000e+00	0.000e+00	0.000e+00
195127.50	0.000e+00	0.000e+00	0.000e+00
195128.50	0.000e+00	0.000e+00	0.000e+00
195129.50	0.000e+00	0.000e+00	0.000e+00
195130.50	0.000e+00	0.000e+00	0.000e+00
195131.50	0.000e+00	0.000e+00	0.000e+00
195132.50	0.000e+00	0.000e+00	0.000e+00
195133.50	0.000e+00	0.000e+00	0.000e+00
195134.50	0.000e+00	0.000e+00	0.000e+00
195135.50	0.000e+00	0.000e+00	0.000e+00
195136.50	0.000e+00	0.000e+00	0.000e+00
195137.50	0.000e+00	0.000e+00	0.000e+00
195138.50	0.000e+00	0.000e+00	0.000e+00
195139.50	0.000e+00	0.000e+00	0.000e+00
195140.50	0.000e+00	0.000e+00	0.000e+00
195141.50	0.000e+00	0.000e+00	0.000e+00
195142.50	0.000e+00	0.000e+00	0.000e+00
195143.50	0.000e+00	0.000e+00	0.000e+00
195144.50	0.000e+00	0.000e+00	0.000e+00
195145.50	0.000e+00	0.000e+00	0.000e+00
195146.50	0.000e+00	0.000e+00	0.000e+00
195147.50	0.000e+00	0.000e+00	0.000e+00
195148.50	0.000e+00	0.000e+00	0.000e+00
195149.50	0.000e+00	0.000e+00	0.000e+00
195150.50	0.000e+00	0.000e+00	0.000e+00
195151.50	0.000e+00	0.000e+00	0.000e+00
195152.50	0.000e+00	0.000e+00	0.000e+00
195153.50	0.000e+00	0.000e+00	0.000e+00
195154.50	0.000e+00	0.000e+00	0.000e+00
195155.50	0.000e+00	0.000e+00	0.000e+00
195156.50	0.000e+00	0.000e+00	0.000e+00
195157.50	0.000e+00	0.000e+00	0.000e+00
195158.50	0.000e+00	0.000e+00	0.000e+00
195159.50	0.000e+00	0.000e+00	0.000e+00
195160.50	0.000e+00	0.000e+00	0.000e+00
195161.50	0.000e+00	0.000e+00	0.000e+00
195162.50	0.000e+00	0.000e+00	0.000e+00
195163.50	0.000e+00	0.000e+00	0.000e+00
195164.50	0.000e+00	0.000e+00	0.000e+00
195165.50	0.000e+00	0.000e+00	0.000e+00
195166.50	0.000e+00	0.000e+00	0.000e+00
195167.50	0.000e+00	0.000e+00	0.000e+00
195168.50	0.000e+00	0.000e+00	0.000e+00
195169.50	0.000e+00	0.000e+00	0.000e+00
195170.50	0.000e+00	0.000e+00	0.000e+00
195171.50	0.000e+00	0.000e+00	0.000e+00
195172.50	0.000e+00	0.000e+00	0.000e+00
195173.50	0.000e+00	0.000e+00	0.000e+00
195174.50	0.000e+00	0.000e+00	0.000e+00
195175.50	0.000e+00	0.000e+00	0.000e+00
195176.50	0.000e+00	0.000e+00	0.000e+00
195177.50	0.000e+00	0.000e+00	0.000e+00
195178.50	0.000e+00	0.000e+00	0.000e+00
195179.50	0.000e+00	0.000e+00	0.000e+00
195180.50	0.000e+00	0.000e+00	0.000e+00
195181.50	0.000e+00	0.000e+00	0.000e+00
195182.50	0.000e+00	0.000e+00	0.000e+00
195183.50	0.000e+00	0.000e+00	0.000e+00
195184.50	0.000e+00	0.000e+00	0.000e+00
195185.50	0.000e+00	0.000e+00	0.000e+00
195186.50	0.000e+00	0.000e+00	0.000e+00
195187.50	0.000e+00	0.000e+00	0.000e+00
195188.50	0.000e+00	0.000e+00	0.000e+00
195189.50	0.000e+00	0.000e+00	0.000e+00
195190.50	0.000e+00	0.000e+00	0.000e+00
195191.50	0.000e+00	0.000e+00	0.000e+00
195192.50	0.000e+00	0.000e+00	0.000e+00
195193.50	0.000e+00	0.000e+00	0.000e+00
195194.50	0.000e+00	0.000e+00	0.000e+00
195195.50	0.000e+00	0.000e+00	0.000e+00
195196.50	0.000e+00	0.000e+00	0.000e+00
195197.50	0.000e+00	0.000e+00	0.000e+00
195198.50	0.000e+00	0.000e+00	0.000e+00
195199.50	0.000e+00	0.000e+00	0.000e+00
195200.50	0.000e+00	0.000e+00	0.000e+00
195201.50	0.000e+00	0.000e+00	0.000e+00
195202.50	0.000e+00	0.000e+00	0.000e+00
195203.50	0.000e+00	0.000e+00	0.000e+00
195204.50	0.000e+00	0.000e+00	0.000e+00
195205.50	0.000e+00	0.000e+00	0.000e+00
195206.50	0.000e+00	0.000e+00	0.000e+00
195207.50	0.000e+00	0.000e+00	0.000e+00
195208.50	0.000e+00	0.000e+00	0.000e+00
195209.50	0.000e+00	0.000e+00	0.000e+00
195210.50	0.000e+00	0.000e+00	0.000e+00
195211.50	0.000e+00	0.000e+00	0.000e+00
195212.50	0.000e+00	0.000e+00	0.000e+00
195213.50	0.000e+00	0.000e+00	0.000e+00
195214.50	0.000e+00	0.000e+00	0.000e+00
195215.50	0.000e+00	0.000e+00	0.000e+00
195216.50	2.160e-05	-1.968e-03	-3.715e-04
195217.50	-3.322e-05	-1.075e-03	1.651e-03
195218.50	5.386e-05	-1.930e-03	-2.083e-03
195219.50	-1.315e-05	4.234e-03	-4.589e-04
195220.50	-4.550e-05	-6.653e-04	2.544e-03
195221.50	-1.709e-05	1.939e-04	2.016e-04
195222.50	5.616e-04	-9.024e-03	-1.882e-02
195223.50	2.899e-05	-1.430e-02	-1.344e-03
195224.50	5.645e-04	1.814e-02	-1.718e-02
195225.50	-1.373e-03	-5.299e-03	4.003e-02
195226.50	2.208e-03	-5.626e-02	-6.010e-02
195227.50	5.501e-03	-3.734e-01	-1.546e-01
195228.50	-4.205e-03	-7.219e+00	1.104e-01
195229.50	9.984e-01	-2.064e+02	-2.909e+01
195230.50	4.224e+00	-8.611e+02	-1.210e+02
195231.50	1.507e+00	-2.995e+02	-3.898e+01
195232.50	-3.456e-01	6.499e+01	1.267e+01
195233.50	-7.114e-01	9.984e+01	2.150e+01
195234.50	-4.301e-01	8.448e+01	1.306e+01
195235.50	-4.944e-01	9.389e+01	1.450e+01
195236.50	-5.530e-01	8.534e+01	1.613e+01
195237.50	-4.138e-01	7.123e+01	1.200e+01
195238.50	-3.514e-01	6.557e+01	9.984e+00
195239.50	-3.504e-01	5.789e+01	9.888e+00
195240.50	-1.584e-01	5.520e+01	4.406e+00
195241.50	-6.048e-02	4.829e+01	1.987e+00
195242.50	-2.515e-01	4.214e+01	6.720e+00
195243.50	1.008e-03	4.320e+01	1.238e-01
195244.50	-4.205e-02	3.514e+01	8.621e-01
195245.50	-1.248e-01	3.408e+01	3.360e+00
195246.50	-2.026e-01	3.494e+01	5.635e+00
195247.50	-1.142e-01	2.784e+01	3.101e+00
195248.50	-1.142e-01	2.208e+01	3.149e+00
195249.50	-9.062e-02	2.390e+01	2.515e+00
195250.50	-1.066e-01	2.189e+01	3.034e+00
195251.50	-5.539e-02	2.314e+01	1.267e+00
195252.50	-5.798e-02	1.795e+01	1.622e+00
195253.50	-9.984e-02	1.632e+01	2.467e+00
195254.50	-5.395e-02	1.939e+01	1.296e+00
195255.50	-6.682e-02	1.459e+01	1.632e+00
195256.50	-1.805e-01	1.440e+01	4.838e+00
195257.50	-1.613e-02	1.363e+01	3.907e-01
195258.50	-7.008e-02	1.594e+01	1.805e+00
195259.50	-5.174e-02	1.229e+01	1.411e+00
195260.50	-3.024e-02	9.792e+00	8.832e-01
195261.50	-7.354e-02	1.123e+01	1.891e+00
195262.50	-5.760e-02	1.104e+01	1.469e+00
195263.50	-1.498e-03	9.571e+00	3.600e-02
195264.50	-1.018e-01	8.794e+00	2.554e+00
195265.50	-2.333e-02	6.528e+00	5.366e-01
195266.50	-3.226e-02	6.835e+00	7.498e-01
195267.50	-1.766e-03	7.680e+00	1.018e-01
195268.50	-2.803e-02	7.536e+00	7.411e-01
195269.50	-1.430e-02	6.250e+00	3.696e-01
195270.50	-6.125e-02	5.962e+00	1.526e+00
195271.50	5.117e-03	5.472e+00	-2.112e-01
195272.50	-2.592e-02	4.858e+00	5.942e-01
195273.50	-5.558e-03	4.867e+00	2.314e-02
195274.50	-8.352e-02	5.501e+00	2.170e+00
195275.50	-5.472e-02	5.347e+00	1.440e+00
195276.50	5.779e-03	4.195e+00	-1.843e-01
195277.50	-3.350e-02	3.821e+00	9.110e-01
195278.50	-1.834e-02	3.667e+00	4.118e-01
195279.50	1.699e-02	2.947e+00	-5.203e-01
195280.50	-2.717e-02	4.224e+00	7.258e-01
195281.50	-3.130e-02	3.850e+00	7.843e-01
195282.50	-3.936e-02	3.629e+00	1.018e+00
195283.50	9.072e-04	3.408e+00	-1.507e-01
195284.50	6.173e-03	1.997e+00	-2.208e-01
195285.50	-4.032e-02	2.726e+00	1.133e+00
195286.50	-1.757e-02	2.890e+00	4.176e-01
195287.50	2.659e-03	1.574e+00	-2.582e-01
195288.50	-2.957e-02	2.218e+00	7.594e-01
195289.50	-5.654e-03	1.642e+00	9.888e-02
195290.50	-1.219e-02	2.755e+00	3.245e-01
195291.50	8.458e-03	1.402e+00	-2.563e-01
195292.50	9.984e-03	1.440e+00	-3.590e-01
195293.50	-1.373e-02	1.824e+00	3.168e-01
195294.50	-1.843e-04	1.987e+00	3.274e-02
195295.50	-6.403e-03	1.613e+00	1.901e-01
195296.50	-1.939e-02	1.488e+00	5.174e-01
195297.50	-1.229e-02	2.256e+00	3.398e-01
195298.50	-2.659e-02	1.843e+00	5.885e-01
195299.50	-1.546e-02	1.440e+00	3.830e-01
195300.50	2.669e-04	1.814e+00	-1.728e-02
195301.50	-8.784e-03	1.133e+00	1.277e-01
195302.50	-7.795e-03	1.862e+00	1.450e-01
195303.50	-2.669e-02	6.547e-01	8.832e-01
195304.50	-2.976e-02	1.402e+00	7.622e-01
195305.50	1.450e-03	9.187e-01	-1.277e-01
195306.50	-7.478e-04	8.304e-01	2.074e-02
195307.50	5.155e-03	1.066e+00	-1.795e-01
195308.50	1.306e-02	9.696e-01	-4.253e-01
195309.50	-2.515e-02	6.038e-01	6.720e-01
195310.50	-3.283e-03	4.694e-01	1.133e-01
195311.50	-4.867e-03	7.594e-01	2.669e-02
195312.50	4.406e-04	1.094e+00	2.842e-03
195313.50	2.486e-03	1.162e+00	-1.891e-02
195314.50	3.734e-03	1.066e+00	-8.947e-02
195315.50	-5.434e-03	4.272e-01	7.459e-02
195316.50	9.485e-03	4.675e-01	-2.266e-01
195317.50	6.758e-03	3.619e-01	-1.872e-01
195318.50	-5.482e-03	9.062e-01	2.054e-01
195319.50	3.187e-03	6.442e-01	-1.843e-01
195320.50	-5.434e-03	2.515e-01	1.037e-01
195321.50	-1.507e-02	4.349e-01	4.262e-01
195322.50	-4.272e-03	7.555e-01	6.730e-02
195323.50	-8.045e-03	4.445e-01	2.131e-01
195324.50	-1.651e-02	1.910e-01	3.494e-01
195325.50	4.157e-03	2.054e-02	-1.354e-01
195326.50	-6.797e-03	4.598e-01	1.786e-01
195327.50	1.939e-02	6.250e-01	-4.608e-01
195328.50	-8.813e-03	4.771e-01	2.842e-01
195329.50	-2.448e-03	2.986e-01	6.106e-02
195330.50	-1.363e-02	7.142e-01	3.398e-01
195331.50	7.104e-03	4.128e-01	-2.314e-01
195332.50	8.717e-04	6.038e-01	-8.582e-02
195333.50	9.792e-03	-2.496e-02	-2.016e-01
195334.50	-5.222e-03	3.091e-01	1.190e-01
195335.50	-5.885e-03	6.346e-01	-5.702e-02
195336.50	-2.390e-02	-1.315e-01	5.731e-01
195337.50	-8.294e-03	5.846e-01	3.024e-01
195338.50	-1.651e-03	4.387e-02	1.008e-01
195339.50	-5.770e-03	2.669e-01	1.066e-01
195340.50	6.749e-03	2.832e-01	-2.093e-01
195341.50	-1.200e-03	6.058e-01	5.453e-03
195342.50	1.574e-02	1.661e-01	6.000e-02
195343.50	-6.576e-03	2.957e-01	2.266e-02
195344.50	-1.363e-03	4.339e-01	-1.450e-02
195345.50	-6.192e-03	-2.554e-02	1.526e-01
195346.50	9.696e-04	3.437e-01	-7.507e-02
195347.50	-9.696e-03	9.466e-02	1.910e-01
195348.50	5.386e-03	-2.170e-02	-1.786e-01
195349.50	5.146e-04	4.915e-02	-2.554e-02
195350.50	3.754e-03	5.107e-01	-1.200e-01
195351.50	4.234e-03	1.565e-01	-1.056e-01
195352.50	1.430e-02	2.227e-01	-3.792e-01
195353.50	-9.792e-03	7.373e-02	2.064e-01
195354.50	6.029e-03	3.850e-01	-2.275e-01
195355.50	-1.930e-02	-8.496e-02	4.934e-01
195356.50	-4.982e-03	-1.536e-01	1.469e-01
195357.50	-7.613e-04	4.099e-01	-3.782e-03
195358.50	-2.198e-03	-4.742e-02	-3.619e-02
195359.50	9.888e-03	2.371e-01	-3.955e-01
195360.50	-4.963e-03	-1.574e-01	2.208e-01
195361.50	-3.293e-04	1.766e-01	-4.397e-02
195362.50	-6.298e-03	-1.392e-01	1.354e-01
195363.50	-2.294e-03	2.822e-01	7.085e-02
195364.50	-8.323e-03	3.552e-01	2.966e-01
195365.50	7.123e-05	3.658e-01	-1.238e-02
195366.50	-5.683e-03	5.933e-02	1.056e-01
195367.50	-3.110e-03	7.738e-02	1.718e-01
195368.50	6.192e-03	4.550e-01	-1.450e-01
195369.50	3.955e-03	-1.632e-02	-1.565e-01
195370.50	-1.613e-02	-2.189e-01	4.570e-01
195371.50	2.400e-03	2.554e-01	5.376e-02
195372.50	9.446e-03	1.373e-01	-1.152e-01
195373.50	-4.925e-03	2.563e-01	-3.274e-03
195374.50	-9.331e-03	2.074e-02	2.045e-01
195375.50	-2.390e-03	2.227e-01	-1.229e-01
195376.50	2.170e-03	3.197e-01	-3.955e-02
195377.50	5.789e-03	6.134e-02	-1.507e-01
195378.50	7.219e-05	1.853e-01	-5.856e-02
195379.50	5.338e-03	-8.141e-02	-1.622e-01
195380.50	-1.104e-02	-1.181e-01	2.266e-01
195381.50	2.371e-03	3.062e-01	-2.122e-02
195382.50	-2.784e-04	1.200e-01	3.341e-02
195383.50	4.128e-03	-1.066e-01	-1.450e-01
195384.50	-1.402e-02	-1.430e-02	4.003e-01
195385.50	7.517e-03	4.512e-02	-1.949e-01
195386.50	8.563e-03	2.006e-01	-2.400e-01
195387.50	-4.061e-03	1.594e-01	9.235e-02
195388.50	-5.520e-04	9.475e-02	4.272e-02
195389.50	5.693e-04	7.690e-02	2.227e-02
195390.50	-3.341e-03	-2.141e-01	1.162e-01
195391.50	-6.595e-03	-7.997e-02	1.901e-01
195392.50	-3.101e-03	8.736e-02	3.974e-02
195393.50	-5.885e-03	1.344e-01	1.018e-01
195394.50	-6.173e-03	1.354e-01	1.978e-01
195395.50	5.712e-04	5.798e-02	-5.933e-03
195396.50	-3.523e-03	-6.317e-02	6.470e-02
195397.50	4.810e-05	2.650e-01	1.075e-02
195398.50	-1.958e-03	3.821e-02	-3.043e-02
195399.50	1.238e-03	-3.907e-02	-1.642e-02
195400.50	-2.054e-03	2.630e-01	6.048e-02
195401.50	1.248e-04	-1.114e-01	-4.022e-02
195402.50	8.410e-03	9.792e-02	-1.526e-01
195403.50	-6.922e-03	6.317e-02	1.344e-01
195404.50	-5.626e-03	-8.794e-02	1.603e-01
195405.50	-3.274e-03	8.918e-02	9.792e-02
195406.50	-1.728e-03	1.709e-01	-5.280e-02
195407.50	1.939e-03	-1.728e-01	-5.251e-02
195408.50	-9.370e-04	1.469e-01	8.352e-03
195409.50	-7.363e-03	-4.982e-02	1.459e-01
195410.50	8.784e-03	-4.368e-02	-1.094e-01
195411.50	2.438e-03	3.312e-02	-5.741e-02
195412.50	2.083e-03	7.171e-02	-2.832e-02
195413.50	-7.382e-03	2.016e-01	1.738e-01
195414.50	-7.056e-03	-7.037e-02	1.392e-01
195415.50	5.098e-03	-3.331e-03	-6.864e-02
195416.50	-2.054e-03	-5.491e-02	3.840e-02
195417.50	-2.726e-03	-3.667e-02	4.992e-02
195418.50	1.920e-04	7.642e-02	2.774e-02
195419.50	-1.094e-02	-3.715e-02	2.256e-01
195420.50	4.637e-03	1.181e-01	-1.046e-01
195421.50	1.075e-02	1.536e-02	-3.389e-01
195422.50	2.544e-03	1.891e-01	-9.130e-02
195423.50	-1.968e-03	3.830e-02	3.235e-02
195424.50	-4.666e-03	5.222e-02	1.536e-01
195425.50	4.358e-03	-6.922e-02	-1.315e-01
195426.50	-1.718e-03	3.850e-02	-1.632e-02
195427.50	-3.197e-04	4.829e-02	1.594e-02
195428.50	2.784e-03	6.480e-02	-8.362e-03
195429.50	3.878e-03	1.661e-01	-8.285e-02
195430.50	-5.779e-03	-2.650e-02	1.162e-01
195431.50	-2.237e-03	1.142e-01	8.362e-03
195432.50	-1.210e-03	5.155e-02	3.840e-02
195433.50	5.405e-03	-1.219e-01	-3.850e-02
195434.50	1.411e-03	6.326e-02	-3.331e-02
195435.50	-2.429e-03	6.989e-03	9.168e-02
195436.50	-3.178e-03	4.224e-03	7.949e-02
195437.50	-2.918e-03	-5.827e-02	1.411e-02
195438.50	-2.448e-04	2.179e-02	4.042e-03
195439.50	-4.694e-03	8.554e-02	1.114e-01
195440.50	7.488e-04	-2.774e-02	-3.878e-02
195441.50	-6.374e-04	-5.750e-02	-1.747e-02
195442.50	1.008e-03	-1.517e-01	-3.475e-02
195443.50	3.264e-03	-4.618e-02	-9.600e-02
195444.50	1.757e-04	2.083e-01	2.986e-02
195445.50	5.232e-03	1.344e-01	-1.200e-01
195446.50	-2.208e-03	1.507e-01	6.096e-02
195447.50	1.997e-03	1.661e-03	-2.928e-02
195448.50	1.939e-03	-7.046e-02	-1.229e-02
195449.50	-4.925e-03	1.382e-01	1.286e-01
195450.50	-2.477e-03	-4.109e-02	5.366e-02
195451.50	4.733e-03	1.334e-01	-9.600e-02
195452.50	-6.115e-03	-1.325e-01	1.075e-01
195453.50	-6.192e-03	-9.494e-02	1.354e-01
195454.50	5.510e-04	6.960e-03	-8.285e-03
195455.50	6.557e-03	3.782e-03	-1.795e-01
195456.50	-3.898e-03	5.328e-02	7.133e-02
195457.50	-2.333e-03	-5.674e-04	2.515e-02
195458.50	4.637e-03	-1.987e-02	-1.114e-01
195459.50	4.061e-03	-8.362e-02	-8.765e-02
195460.50	3.082e-03	1.219e-01	-5.539e-02
195461.50	-3.091e-03	-1.805e-02	8.602e-02
195462.50	-9.984e-04	-4.694e-02	2.592e-02
195463.50	-1.555e-03	5.443e-02	3.715e-03
195464.50	1.229e-03	-1.872e-01	-7.133e-02
195465.50	4.752e-03	-1.200e-01	-6.989e-02
195466.50	-6.326e-03	-9.341e-02	1.526e-01
195467.50	-5.203e-03	7.373e-02	8.842e-02
195468.50	-9.984e-04	1.949e-01	3.379e-02
195469.50	9.264e-04	2.525e-02	-5.712e-02
195470.50	-4.397e-03	-4.646e-02	1.517e-01
195471.50	-2.928e-05	1.728e-01	4.906e-02
195472.50	-2.621e-03	1.094e-01	5.203e-02
195473.50	4.973e-03	-4.656e-03	-9.792e-02
195474.50	3.043e-03	3.984e-02	-5.309e-02
195475.50	-5.741e-03	-6.912e-02	1.296e-01
195476.50	-4.579e-03	1.066e-01	1.238e-01
195477.50	-7.114e-03	7.738e-02	9.792e-02
195478.50	-5.712e-03	-7.181e-02	6.854e-02
195479.50	-1.334e-03	-5.722e-02	-1.958e-03
195480.50	2.150e-03	3.475e-02	-1.219e-01
195481.50	5.462e-03	1.315e-02	-9.226e-02
195482.50	2.803e-03	5.472e-03	6.691e-03
195483.50	2.112e-03	-1.258e-01	-8.304e-02
195484.50	6.096e-04	-8.861e-02	-7.296e-03
195485.50	4.925e-03	-2.832e-02	-1.056e-01
195486.50	3.389e-04	-5.155e-02	2.534e-02
195487.50	-7.421e-04	-9.360e-03	3.850e-02
195488.50	2.131e-03	8.784e-02	-7.709e-02
195489.50	-1.901e-03	9.014e-03	6.365e-02
195490.50	6.950e-04	5.894e-02	2.506e-03
195491.50	5.798e-03	5.011e-02	-1.027e-01
195492.50	3.734e-03	4.541e-02	-1.402e-02
195493.50	-1.066e-02	-1.315e-04	1.402e-01
195494.50	-5.414e-04	8.592e-02	2.544e-02
195495.50	-7.027e-04	3.101e-02	6.509e-02
195496.50	5.568e-03	-1.738e-01	-1.200e-01
195497.50	2.563e-03	1.181e-02	-3.936e-02
195498.50	-3.782e-03	-4.474e-02	6.432e-02
195499.50	-2.256e-03	2.630e-02	-3.619e-03
195500.50	-1.603e-03	4.099e-02	-4.320e-03
195501.50	4.579e-03	-2.698e-02	-6.960e-02
195502.50	-4.858e-03	9.072e-02	4.234e-02
195503.50	-1.728e-03	7.709e-03	1.469e-02
195504.50	2.822e-04	2.966e-02	-1.210e-02
195505.50	9.696e-04	1.402e-02	2.640e-02
195506.50	7.603e-04	1.315e-02	-3.677e-02
195507.50	-7.958e-04	2.333e-02	1.603e-02
195508.50	5.443e-04	-7.430e-02	3.053e-02
195509.50	4.541e-03	4.282e-04	-2.141e-02
195510.50	-3.600e-03	7.171e-03	5.818e-02
195511.50	-3.955e-03	-7.978e-02	8.496e-02
195512.50	6.010e-03	9.696e-02	-1.392e-01
195513.50	1.574e-03	2.419e-02	-8.227e-02
195514.50	-1.718e-03	8.592e-03	5.434e-03
195515.50	-1.430e-03	6.336e-02	4.032e-02
195516.50	-2.563e-03	1.373e-02	3.456e-02
195517.50	2.515e-03	-1.027e-01	-4.982e-02
195518.50	-1.459e-03	4.618e-02	6.518e-02
195519.50	9.792e-04	8.026e-02	8.208e-04
195520.50	-2.150e-03	1.402e-01	9.590e-02
195521.50	-6.326e-04	-3.946e-02	1.277e-02
195522.50	-2.150e-03	-1.267e-01	9.600e-03
195523.50	4.454e-03	-8.534e-02	-1.440e-01
195524.50	2.755e-03	-6.509e-02	1.526e-02
195525.50	-3.600e-03	3.341e-02	1.210e-02
195526.50	-2.390e-03	2.131e-03	4.819e-02
195527.50	3.187e-03	-5.299e-02	-9.274e-02
195528.50	-4.186e-04	3.216e-02	-3.466e-03
195529.50	2.794e-03	3.446e-02	-6.682e-02
195530.50	-3.053e-03	6.096e-02	5.395e-02
195531.50	-1.325e-03	6.125e-02	4.637e-02
195532.50	-6.038e-04	-7.546e-02	2.256e-02
195533.50	-1.373e-03	-1.085e-01	1.085e-02
195534.50	6.586e-04	-3.197e-02	-3.466e-02
195535.50	2.314e-04	3.312e-02	2.150e-02
195536.50	3.840e-04	5.645e-02	-1.459e-02
195537.50	-1.891e-03	-6.019e-02	2.410e-02
195538.50	-5.222e-03	1.046e-02	9.274e-02
195539.50	-1.286e-03	-6.019e-02	3.370e-02
195540.50	1.430e-02	8.246e-02	-1.066e-01
195541.50	-1.123e-02	1.354e-02	7.373e-02
195542.50	5.184e-03	4.195e-02	-1.037e-01
195543.50	3.370e-03	7.517e-03	-4.704e-02
195544.50	4.243e-03	-7.200e-02	-6.845e-02
195545.50	1.622e-04	-5.155e-02	-1.862e-02
195546.50	-8.054e-04	1.354e-01	5.136e-02
195547.50	-2.611e-03	-6.806e-02	2.947e-02
195548.50	2.669e-04	-3.677e-02	3.197e-02
195549.50	2.563e-03	4.195e-02	-5.741e-02
195550.50	-1.258e-03	3.850e-03	-4.627e-03
195551.50	-3.850e-03	-4.051e-03	9.494e-02
195552.50	7.594e-04	6.461e-02	6.288e-03
195553.50	3.178e-03	7.037e-02	-1.910e-02
195554.50	3.792e-03	1.210e-02	-9.600e-02
195555.50	6.883e-04	-4.454e-02	-1.238e-02
195556.50	2.842e-04	4.838e-02	5.578e-02
195557.50	-3.187e-03	8.774e-02	-2.842e-03
195558.50	2.246e-03	-5.952e-02	-4.656e-02
195559.50	3.139e-03	5.453e-02	-5.376e-02
195560.50	1.728e-03	7.901e-02	-1.162e-02
195561.50	6.259e-03	-6.202e-02	-4.618e-02
195562.50	-1.757e-03	-2.131e-02	-2.400e-02
195563.50	-1.008e-02	-1.507e-01	2.938e-02
195564.50	2.410e-03	6.058e-02	-5.088e-02
195565.50	8.611e-04	-1.498e-02	1.805e-03
195566.50	-1.411e-03	-1.027e-01	7.872e-02
195567.50	3.014e-03	-7.613e-02	-4.954e-02
195568.50	-2.323e-03	-4.368e-02	7.574e-02
195569.50	-5.021e-03	-2.842e-02	8.198e-02
195570.50	-6.970e-04	6.211e-02	2.582e-02
195571.50	1.181e-03	-3.994e-03	-4.330e-02
195572.50	7.517e-04	6.010e-02	-3.686e-02
195573.50	2.678e-04	-1.987e-02	5.242e-02
195574.50	-3.600e-03	1.008e-01	9.523e-02
195575.50	-9.360e-04	-1.699e-02	1.613e-02
195576.50	-3.091e-03	-8.275e-03	1.555e-02
195577.50	-2.736e-03	2.995e-02	-3.197e-03
195578.50	-2.026e-03	-1.354e-02	2.746e-02
195579.50	8.266e-04	-3.677e-02	4.406e-02
195580.50	4.099e-03	-2.899e-02	-6.442e-02
195581.50	-4.186e-04	-1.958e-02	2.026e-02
195582.50	4.397e-03	3.571e-02	-1.056e-01
195583.50	-5.578e-04	3.792e-02	-1.430e-02
195584.50	-1.738e-03	1.795e-02	4.109e-02
195585.50	-1.968e-03	-5.386e-02	4.522e-02
195586.50	1.642e-03	1.411e-02	-3.062e-02
195587.50	-6.518e-06	-1.152e-01	1.181e-03
195588.50	1.181e-04	6.499e-02	-1.402e-03
195589.50	-2.400e-03	1.430e-02	4.166e-02
195590.50	1.267e-03	-3.994e-02	-3.725e-02
195591.50	-7.910e-04	3.466e-02	-8.602e-03
195592.50	6.336e-04	7.680e-02	1.882e-03
195593.50	1.411e-03	3.322e-03	-5.117e-02
195594.50	1.651e-03	-1.699e-03	-4.099e-03
195595.50	8.198e-04	2.016e-03	2.179e-02
195596.50	-4.819e-03	9.984e-02	6.211e-02
195597.50	-1.296e-03	2.477e-02	-2.285e-02
195598.50	4.944e-03	-8.544e-02	-2.688e-02
195599.50	-5.414e-04	6.614e-02	-5.270e-02
195600.50	2.688e-04	4.771e-02	7.450e-03
195601.50	-1.133e-03	1.008e-02	3.398e-03
195602.50	1.843e-03	-5.942e-02	-5.405e-02
195603.50	-3.514e-05	-5.990e-02	-7.478e-03
195604.50	2.650e-04	-2.438e-02	4.416e-03
195605.50	3.245e-02	-3.110e-02	-1.267e-01
195606.50	1.306e-02	4.224e-02	1.757e-02
195607.50	2.736e-03	6.941e-02	-3.024e-02
195608.50	-1.373e-03	-1.392e-02	2.093e-02
195609.50	7.651e-04	-6.019e-02	-3.725e-02
195610.50	-1.430e-03	-4.061e-02	8.112e-03
195611.50	-2.813e-03	2.784e-02	7.094e-02
195612.50	-5.146e-03	-8.342e-04	5.837e-02
195613.50	1.421e-03	-5.270e-02	5.328e-02
195614.50	-3.888e-02	4.954e-02	8.016e-02
195615.50	-2.256e-03	5.165e-02	-6.989e-03
195616.50	3.926e-02	-5.280e-02	-1.344e-01
195617.50	-6.278e-03	-6.144e-03	2.458e-02
195618.50	-3.082e-02	7.997e-03	9.110e-02
195619.50	3.571e-03	-2.851e-02	-8.736e-02
195620.50	3.533e-03	2.966e-02	-7.594e-02
195621.50	-1.517e-04	5.165e-02	4.474e-02
195622.50	-2.304e-03	3.178e-02	2.803e-02
195623.50	-3.264e-04	2.006e-02	-9.197e-03
195624.50	3.821e-04	-1.834e-02	2.438e-02
195625.50	-2.438e-03	1.603e-02	7.152e-02
195626.50	2.640e-04	-4.790e-02	-2.381e-02
195627.50	1.037e-03	-2.707e-02	-4.714e-02
195628.50	-8.947e-04	2.861e-02	1.555e-02
195629.50	1.402e-03	-4.368e-02	-3.168e-03
195630.50	7.382e-04	3.110e-02	4.099e-03
195631.50	-2.285e-03	8.179e-02	3.120e-02
195632.50	-1.344e-03	-7.555e-05	1.651e-02
195633.50	7.008e-04	5.549e-02	-5.510e-02
195634.50	4.502e-03	3.571e-02	-8.755e-02
195635.50	-1.766e-03	-4.675e-02	-3.091e-03
195636.50	-2.438e-03	-3.696e-02	5.366e-02
