195038.50	0.000e+00	0.000e+00	0.000e+00
195039.50	0.000e+00	0.000e+00	0.000e+00
195040.50	0.000e+00	0.000e+00	0.000e+00
195041.50	0.000e+00	0.000e+00	0.000e+00
195042.50	0.000e+00	0.000e+00	0.000e+00
195043.50	0.000e+00	0.000e+00	0.000e+00
195044.50	0.000e+00	0.000e+00	0.000e+00
195045.50	0.000e+00	0.000e+00	0.000e+00
195046.50	0.000e+00	0.000e+00	0.000e+00
195047.50	0.000e+00	0.000e+00	0.000e+00
195048.50	0.000e+00	0.000e+00	0.000e+00
195049.50	0.000e+00	0.000e+00	0.000e+00
195050.50	0.000e+00	0.000e+00	0.000e+00
195051.50	0.000e+00	0.000e+00	0.000e+00
195052.50	0.000e+00	0.000e+00	0.000e+00
195053.50	0.000e+00	0.000e+00	0.000e+00
195054.50	0.000e+00	0.000e+00	0.000e+00
195055.50	0.000e+00	0.000e+00	0.000e+00
195056.50	0.000e+00	0.000e+00	0.000e+00
195057.50	0.000e+00	0.000e+00	0.000e+00
195058.50	0.000e+00	0.000e+00	0.000e+00
195059.50	0.000e+00	0.000e+00	0.000e+00
195060.50	0.000e+00	0.000e+00	0.000e+00
195061.50	0.000e+00	0.000e+00	0.000e+00
195062.50	0.000e+00	0.000e+00	0.000e+00
195063.50	0.000e+00	0.000e+00	0.000e+00
195064.50	0.000e+00	0.000e+00	0.000e+00
195065.50	0.000e+00	0.000e+00	0.000e+00
195066.50	0.000e+00	0.000e+00	0.000e+00
195067.50	0.000e+00	0.000e+00	0.000e+00
195068.50	0.000e+00	0.000e+00	0.000e+00
195069.50	0.000e+00	0.000e+00	0.000e+00
195070.50	0.000e+00	0.000e+00	0.000e+00
195071.50	0.000e+00	0.000e+00	0.000e+00
195072.50	0.000e+00	0.000e+00	0.000e+00
195073.50	0.000e+00	0.000e+00	0.000e+00
195074.50	0.000e+00	0.000e+00	0.000e+00
195075.50	0.000e+00	0.000e+00	0.000e+00
195076.50	0.000e+00	0.000e+00	0.000e+00
195077.50	0.000e+00	0.000e+00	0.000e+00
195078.50	0.000e+00	0.000e+00	0.000e+00
195079.50	0.000e+00	0.000e+00	0.000e+00
195080.50	0.000e+00	0.000e+00	0.000e+00
195081.50	0.000e+00	0.000e+00	0.000e+00
195082.50	0.000e+00	0.000e+00	0.000e+00
195083.50	0.000e+00	0.000e+00	0.000e+00
195084.50	0.000e+00	0.000e+00	0.000e+00
195085.50	0.000e+00	0.000e+00	0.000e+00
195086.50	0.000e+00	0.000e+00	0.000e+00
195087.50	0.000e+00	0.000e+00	0.000e+00
195088.50	0.000e+00	0.000e+00	0.000e+00
195089.50	0.000e+00	0.000e+00	0.000e+00
195090.50	0.000e+00	0.000e+00	0.000e+00
195091.50	0.000e+00	0.000e+00	0.000e+00
195092.50	0.000e+00	0.000e+00	0.000e+00
195093.50	0.000e+00	0.000e+00	0.000e+00
195094.50	0.000e+00	0.000e+00	0.000e+00
195095.50	0.000e+00	0.000e+00	0.000e+00
195096.50	0.000e+00	0.000e+00	0.000e+00
195097.50	0.000e+00	0.000e+00	0.000e+00
195098.50	0.000e+00	0.000e+00	0.000e+00
195099.50	0.000e+00	0.000e+00	0.000e+00
195100.50	0.000e+00	0.000e+00	0.000e+00
195101.50	0.000e+00	0.000e+00	0.000e+00
195102.50	0.000e+00	0.000e+00	0.000e+00
195103.50	0.000e+00	0.000e+00	0.000e+00
195104.50	0.000e+00	0.000e+00	0.000e+00
195105.50	0.000e+00	0.000e+00	0.000e+00
195106.50	0.000e+00	0.000e+00	0.000e+00
195107.50	0.000e+00	0.000e+00	0.000e+00
195108.50	0.000e+00	0.000e+00	0.000e+00
195109.50	0.000e+00	0.000e+00	0.000e+00
195110.50	0.000e+00	0.000e+00	0.000e+00
195111.50	0.000e+00	0.000e+00	0.000e+00
195112.50	0.000e+00	0.000e+00	0.000e+00
195113.50	0.000e+00	0.000e+00	0.000e+00
195114.50	0.000e+00	0.000e+00	0.000e+00
195115.50	0.000e+00	0.000e+00	0.000e+00
195116.50	0.000e+00	0.000e+00	0.000e+00
195117.50	0.000e+00	0.000e+00	0.000e+00
195118.50	0.000e+00	0.000e+00	0.000e+00
195119.50	0.000e+00	0.000e+00	0.000e+00
195120.50	0.000e+00	0.000e+00	0.000e+00
195121.50	0.000e+00	0.000e+00	0.000e+00
195122.50	0.000e+00	0.000e+00	0.000e+00
195123.50	0.000e+00	0.000e+00	0.000e+00
195124.50	0.000e+00	0.000e+00	0.000e+00
195125.50	0.000e+00	0.000e+00	0.000e+00
195126.50	0.000e+00	0.000e+00	0.000e+00
195127.50	0.000e+00	0.000e+00	0.000e+00
195128.50	0.000e+00	0.000e+00	0.000e+00
195129.50	0.000e+00	0.000e+00	0.000e+00
195130.50	0.000e+00	0.000e+00	0.000e+00
195131.50	0.000e+00	0.000e+00	0.000e+00
195132.50	0.000e+00	0.000e+00	0.000e+00
195133.50	0.000e+00	0.000e+00	0.000e+00
195134.50	0.000e+00	0.000e+00	0.000e+00
195135.50	0.000e+00	0.000e+00	0.000e+00
195136.50	0.000e+00	0.000e+00	0.000e+00
195137.50	0.000e+00	0.000e+00	0.000e+00
195138.50	0.000e+00	0.000e+00	0.000e+00
195139.50	0.000e+00	0.000e+00	0.000e+00
195140.50	0.000e+00	0.000e+00	0.000e+00
195141.50	0.000e+00	0.000e+00	0.000e+00
195142.50	0.000e+00	0.000e+00	0.000e+00
195143.50	0.000e+00	0.000e+00	0.000e+00
195144.50	0.000e+00	0.000e+00	0.000e+00
195145.50	0.000e+00	0.000e+00	0.000e+00
195146.50	0.000e+00	0.000e+00	0.000e+00
195147.50	0.000e+00	0.000e+00	0.000e+00
195148.50	0.000e+00	0.000e+00	0.000e+00
195149.50	0.000e+00	0.000e+00	0.000e+00
195150.50	0.000e+00	0.000e+00	0.000e+00
195151.50	0.000e+00	0.000e+00	0.000e+00
195152.50	0.000e+00	0.000e+00	0.000e+00
195153.50	0.000e+00	0.000e+00	0.000e+00
195154.50	0.000e+00	0.000e+00	0.000e+00
195155.50	0.000e+00	0.000e+00	0.000e+00
195156.50	0.000e+00	0.000e+00	0.000e+00
195157.50	0.000e+00	0.000e+00	0.000e+00
195158.50	0.000e+00	0.000e+00	0.000e+00
195159.50	0.000e+00	0.000e+00	0.000e+00
195160.50	0.000e+00	0.000e+00	0.000e+00
195161.50	0.000e+00	0.000e+00	0.000e+00
195162.50	0.000e+00	0.000e+00	0.000e+00
195163.50	0.000e+00	0.000e+00	0.000e+00
195164.50	0.000e+00	0.000e+00	0.000e+00
195165.50	0.000e+00	0.000e+00	0.000e+00
195166.50	0.000e+00	0.000e+00	0.000e+00
195167.50	0.000e+00	0.000e+00	0.000e+00
195168.50	0.000e+00	0.000e+00	0.000e+00
195169.50	0.000e+00	0.000e+00	0.000e+00
195170.50	0.000e+00	0.000e+00	0.000e+00
195171.50	0.000e+00	0.000e+00	0.000e+00
195172.50	0.000e+00	0.000e+00	0.000e+00
195173.50	0.000e+00	0.000e+00	0.000e+00
195174.50	0.000e+00	0.000e+00	0.000e+00
195175.50	0.000e+00	0.000e+00	0.000e+00
195176.50	0.000e+00	0.000e+00	0.000e+00
195177.50	0.000e+00	0.000e+00	0.000e+00
195178.50	0.000e+00	0.000e+00	0.000e+00
195179.50	0.000e+00	0.000e+00	0.000e+00
195180.50	0.000e+00	0.000e+00	0.000e+00
195181.50	0.000e+00	0.000e+00	0.000e+00
195182.50	0.000e+00	0.000e+00	0.000e+00
195183.50	0.000e+00	0.000e+00	0.000e+00
195184.50	0.000e+00	0.000e+00	0.000e+00
195185.50	0.000e+00	0.000e+00	0.000e+00
195186.50	0.000e+00	0.000e+00	0.000e+00
195187.50	0.000e+00	0.000e+00	0.000e+00
195188.50	0.000e+00	0.000e+00	0.000e+00
195189.50	0.000e+00	0.000e+00	0.000e+00
195190.50	0.000e+00	0.000e+00	0.000e+00
195191.50	0.000e+00	0.000e+00	0.000e+00
195192.50	0.000e+00	0.000e+00	0.000e+00
195193.50	0.000e+00	0.000e+00	0.000e+00
195194.50	0.000e+00	0.000e+00	0.000e+00
195195.50	0.000e+00	0.000e+00	0.000e+00
195196.50	0.000e+00	0.000e+00	0.000e+00
195197.50	0.000e+00	0.000e+00	0.000e+00
195198.50	0.000e+00	0.000e+00	0.000e+00
195199.50	0.000e+00	0.000e+00	0.000e+00
195200.50	0.000e+00	0.000e+00	0.000e+00
195201.50	0.000e+00	0.000e+00	0.000e+00
195202.50	0.000e+00	0.000e+00	0.000e+00
195203.50	0.000e+00	0.000e+00	0.000e+00
195204.50	0.000e+00	0.000e+00	0.000e+00
195205.50	0.000e+00	0.000e+00	0.000e+00
195206.50	0.000e+00	0.000e+00	0.000e+00
195207.50	0.000e+00	0.000e+00	0.000e+00
195208.50	0.000e+00	0.000e+00	0.000e+00
195209.50	0.000e+00	0.000e+00	0.000e+00
195210.50	0.000e+00	0.000e+00	0.000e+00
195211.50	-1.958e-06	-2.582e-04	-5.059e-04
195212.50	3.043e-05	-8.160e-05	-2.160e-03
195213.50	-1.267e-04	-3.629e-03	1.622e-03
195214.50	7.968e-05	3.350e-03	7.882e-04
195215.50	-2.208e-05	-4.771e-04	6.374e-04
195216.50	-1.872e-05	-8.928e-04	-1.795e-04
195217.50	6.806e-06	-3.302e-04	-7.056e-04
195218.50	1.238e-05	-2.582e-04	-7.248e-04
195219.50	-2.496e-05	2.525e-04	1.094e-03
195220.50	-2.650e-04	-1.651e-02	-4.598e-04
195221.50	2.765e-05	-4.282e-02	-2.726e-02
195222.50	4.445e-04	3.706e-02	6.931e-03
195223.50	-2.784e-04	2.995e-03	1.085e-02
195224.50	7.488e-05	1.411e-03	-1.152e-03
195225.50	8.122e-05	-3.562e-03	-9.350e-04
195226.50	1.728e-04	-8.448e-02	-5.318e-02
195227.50	-7.478e-04	-1.536e-01	-8.467e-02
195228.50	5.357e-04	-5.904e-01	-4.320e-01
195229.50	-1.210e-01	-1.094e+01	-2.803e+00
195230.50	-2.352e+00	-2.275e+02	-6.230e+01
195231.50	-1.210e+01	-8.131e+02	-1.027e+02
195232.50	-4.666e+00	-1.930e+02	3.398e+01
195233.50	7.776e-01	5.837e+01	7.997e+00
195234.50	1.142e+00	9.341e+01	2.074e+01
195235.50	1.267e+00	8.486e+01	1.114e+01
195236.50	1.238e+00	7.651e+01	6.624e+00
195237.50	1.037e+00	7.546e+01	1.354e+01
195238.50	9.043e-01	6.336e+01	1.018e+01
195239.50	8.006e-01	5.568e+01	8.602e+00
195240.50	1.037e+00	5.482e+01	-3.667e-01
195241.50	9.456e-01	4.944e+01	-8.678e-01
195242.50	6.778e-01	4.224e+01	3.994e+00
195243.50	6.989e-01	4.253e+01	3.245e+00
195244.50	6.710e-01	4.061e+01	3.005e+00
195245.50	4.166e-01	2.813e+01	3.965e+00
195246.50	4.963e-01	3.139e+01	3.149e+00
195247.50	4.589e-01	2.870e+01	2.678e+00
195248.50	3.629e-01	2.525e+01	3.936e+00
195249.50	4.109e-01	2.160e+01	-3.994e-01
195250.50	3.283e-01	1.949e+01	1.190e+00
195251.50	3.629e-01	2.208e+01	1.574e+00
195252.50	3.725e-01	1.901e+01	-7.219e-01
195253.50	3.475e-01	1.987e+01	7.603e-01
195254.50	1.958e-01	1.738e+01	4.349e+00
195255.50	2.246e-01	1.488e+01	1.690e+00
195256.50	2.314e-01	1.430e+01	9.072e-01
195257.50	1.574e-01	1.219e+01	2.390e+00
195258.50	1.910e-01	1.219e+01	1.248e+00
195259.50	1.997e-01	1.114e+01	2.582e-01
195260.50	1.238e-01	9.696e+00	1.930e+00
195261.50	1.891e-01	1.066e+01	2.784e-01
195262.50	2.093e-01	1.152e+01	3.091e-02
195263.50	2.218e-01	1.162e+01	-1.478e-01
195264.50	1.200e-01	8.342e+00	1.104e+00
195265.50	1.382e-01	7.766e+00	4.339e-01
195266.50	1.238e-01	7.632e+00	4.502e-01
195267.50	1.459e-01	7.306e+00	-2.362e-01
195268.50	7.056e-02	6.163e+00	1.517e+00
195269.50	1.027e-01	6.979e+00	1.008e+00
195270.50	7.296e-02	5.578e+00	1.066e+00
195271.50	9.370e-02	6.134e+00	6.019e-01
195272.50	4.291e-02	4.810e+00	1.488e+00
195273.50	5.520e-02	4.464e+00	1.056e+00
195274.50	4.781e-02	5.107e+00	1.517e+00
195275.50	7.229e-02	4.022e+00	7.997e-02
195276.50	9.696e-02	4.022e+00	-9.158e-01
195277.50	7.910e-02	4.205e+00	-1.027e-01
195278.50	6.336e-02	2.861e+00	-3.475e-01
195279.50	1.690e-02	2.832e+00	1.248e+00
195280.50	6.058e-02	3.446e+00	7.325e-02
195281.50	6.086e-02	4.339e+00	6.864e-01
195282.50	7.152e-02	3.888e+00	-3.686e-02
195283.50	4.618e-02	2.227e+00	-2.390e-01
195284.50	3.792e-02	2.918e+00	5.107e-01
195285.50	2.794e-02	2.477e+00	6.394e-01
195286.50	4.051e-02	2.726e+00	2.352e-01
195287.50	5.184e-02	2.093e+00	-4.349e-01
195288.50	2.438e-02	2.285e+00	5.549e-01
195289.50	2.880e-02	1.469e+00	-1.680e-01
195290.50	5.587e-02	2.170e+00	-4.790e-01
195291.50	1.594e-02	1.651e+00	6.106e-01
195292.50	2.006e-02	1.498e+00	1.901e-01
195293.50	4.042e-02	2.054e+00	-1.814e-01
195294.50	-1.094e-02	1.517e+00	1.421e+00
195295.50	1.958e-02	1.718e+00	2.630e-01
195296.50	1.440e-02	1.056e+00	1.776e-01
195297.50	1.027e-02	1.680e+00	7.478e-01
195298.50	2.352e-02	1.920e+00	5.021e-01
195299.50	3.062e-02	1.930e+00	1.200e-01
195300.50	2.861e-02	1.344e+00	-1.824e-01
195301.50	7.546e-03	5.155e-01	1.018e-01
195302.50	3.811e-02	1.421e+00	-4.368e-01
195303.50	1.363e-02	7.190e-01	1.056e-01
195304.50	3.936e-02	1.498e+00	-3.485e-01
195305.50	9.206e-03	1.210e+00	5.760e-01
195306.50	2.189e-02	7.507e-01	-2.198e-01
195307.50	6.163e-03	5.443e-01	7.699e-03
195308.50	2.054e-02	9.792e-01	-1.430e-01
195309.50	5.923e-03	7.546e-01	3.130e-01
195310.50	1.795e-02	9.245e-01	-1.728e-01
195311.50	1.574e-02	1.190e+00	2.957e-01
195312.50	6.941e-03	2.736e-01	-7.190e-02
195313.50	9.581e-03	7.037e-01	8.083e-02
195314.50	1.229e-02	7.546e-01	1.738e-01
195315.50	9.216e-03	2.851e-01	-2.333e-01
195316.50	1.930e-02	1.133e+00	6.134e-02
195317.50	1.123e-02	9.043e-01	1.728e-01
195318.50	2.563e-03	5.174e-01	2.592e-01
195319.50	2.093e-02	5.453e-01	-2.899e-01
195320.50	1.210e-03	7.258e-01	3.859e-01
195321.50	-4.070e-03	2.995e-01	2.640e-01
195322.50	7.939e-03	3.053e-01	-1.862e-01
195323.50	1.402e-02	8.419e-01	2.458e-02
195324.50	9.091e-03	3.619e-01	-4.387e-02
195325.50	9.398e-03	6.182e-01	7.334e-02
195326.50	1.786e-03	5.491e-01	2.160e-01
195327.50	5.280e-03	3.283e-01	5.309e-02
195328.50	5.261e-03	1.507e-01	1.238e-03
195329.50	5.338e-03	3.494e-01	-4.310e-02
195330.50	5.962e-03	4.349e-01	-8.198e-02
195331.50	-9.571e-04	2.554e-01	2.170e-01
195332.50	1.248e-02	3.226e-01	-1.843e-01
195333.50	1.891e-02	6.134e-01	-3.398e-01
195334.50	-9.600e-04	3.917e-01	3.715e-01
195335.50	-1.766e-02	3.264e-01	7.123e-01
195336.50	-7.507e-03	2.563e-01	3.734e-01
195337.50	2.352e-02	4.051e-01	-4.810e-01
195338.50	8.976e-03	3.389e-01	-1.440e-01
195339.50	1.766e-02	1.939e-01	-4.118e-01
195340.50	-1.603e-02	-3.754e-02	4.982e-01
195341.50	9.206e-04	2.611e-01	9.101e-02
195342.50	-5.309e-04	8.630e-02	5.616e-02
195343.50	1.094e-02	3.533e-01	-6.413e-02
195344.50	7.229e-03	8.851e-02	-1.738e-01
195345.50	-5.674e-03	8.371e-02	1.709e-01
195346.50	1.094e-02	2.429e-01	-1.824e-01
195347.50	1.987e-02	7.978e-01	-1.872e-01
195348.50	4.867e-03	-2.688e-01	-3.984e-01
195349.50	5.981e-03	1.670e-01	9.504e-03
195350.50	8.928e-06	1.526e-01	2.928e-02
195351.50	-6.653e-03	1.258e-01	2.554e-01
195352.50	-1.181e-02	-4.752e-02	3.600e-01
195353.50	1.114e-02	2.525e-01	-2.141e-01
195354.50	1.987e-03	5.885e-02	-9.984e-02
195355.50	-1.248e-03	4.109e-01	3.350e-01
195356.50	5.395e-03	2.054e-01	-5.424e-02
195357.50	2.861e-03	1.565e-01	7.018e-03
195358.50	9.600e-03	4.090e-01	-9.514e-02
195359.50	3.946e-03	6.221e-02	-9.600e-02
195360.50	-7.517e-03	8.880e-02	1.824e-01
195361.50	5.366e-03	1.450e-01	-5.146e-02
195362.50	-6.595e-03	-1.421e-01	8.170e-02
195363.50	-2.774e-03	7.478e-02	1.910e-01
195364.50	2.774e-03	1.296e-01	-6.826e-03
195365.50	7.814e-03	3.293e-02	-2.256e-01
195366.50	1.402e-03	1.507e-01	5.059e-02
195367.50	8.611e-03	3.235e-01	-2.688e-02
195368.50	3.206e-03	2.506e-01	5.434e-02
195369.50	-1.325e-03	6.403e-02	-3.965e-04
195370.50	-1.642e-04	-7.949e-03	-1.190e-01
195371.50	4.819e-03	-1.670e-01	-2.314e-01
195372.50	-1.930e-03	1.507e-03	-1.402e-02
195373.50	-7.930e-03	-2.966e-02	3.062e-01
195374.50	2.698e-03	8.256e-02	-2.246e-02
195375.50	-2.621e-03	1.123e-01	1.402e-01
195376.50	3.590e-03	1.738e-01	-4.234e-02
195377.50	4.656e-03	3.974e-01	8.813e-02
195378.50	-9.264e-03	-7.123e-02	2.880e-01
195379.50	1.488e-03	-1.488e-01	-1.469e-01
195380.50	8.016e-03	2.880e-01	-1.027e-01
195381.50	-2.611e-03	-6.154e-03	6.845e-02
195382.50	-3.283e-03	1.085e-01	2.093e-01
195383.50	-1.574e-03	-3.149e-02	-8.650e-02
195384.50	7.997e-03	1.690e-01	-1.738e-01
195385.50	9.072e-04	1.075e-01	8.189e-02
195386.50	-6.758e-03	-4.253e-02	2.074e-01
195387.50	1.354e-03	1.786e-01	7.987e-02
195388.50	7.536e-03	2.074e-01	-9.792e-02
195389.50	5.578e-04	-5.530e-02	-1.766e-02
195390.50	-7.709e-03	2.918e-02	2.400e-01
195391.50	-5.453e-04	1.853e-01	9.792e-02
195392.50	-2.083e-04	-6.134e-02	-9.600e-02
195393.50	8.563e-03	9.226e-02	-1.920e-01
195394.50	-3.494e-03	1.008e-04	8.842e-02
195395.50	2.736e-03	-1.594e-01	-2.333e-01
195396.50	1.651e-03	8.678e-02	-1.402e-03
195397.50	-1.200e-02	-1.402e-01	2.851e-01
195398.50	-2.054e-03	2.870e-01	2.198e-01
195399.50	-2.074e-03	1.498e-02	1.046e-01
195400.50	4.320e-03	1.229e-01	-7.834e-02
195401.50	2.832e-03	-1.133e-01	-2.304e-01
195402.50	-9.792e-05	-7.488e-02	-5.366e-03
195403.50	2.429e-03	4.771e-02	-2.285e-03
195404.50	4.032e-03	1.200e-01	-1.354e-02
195405.50	-1.978e-03	1.200e-01	1.853e-01
195406.50	-3.686e-03	5.088e-03	7.958e-02
195407.50	3.312e-03	9.437e-02	-4.915e-02
195408.50	2.813e-03	1.085e-01	-1.181e-01
195409.50	-3.456e-03	1.738e-02	1.488e-01
195410.50	2.189e-03	-6.979e-02	-8.026e-02
195411.50	2.870e-03	4.944e-02	3.446e-02
195412.50	-3.533e-03	2.285e-02	1.344e-01
195413.50	-2.246e-03	-9.600e-02	2.803e-02
195414.50	1.219e-03	2.448e-02	4.032e-02
195415.50	2.582e-03	3.533e-02	-2.371e-03
195416.50	-1.267e-04	-1.498e-01	-1.632e-01
195417.50	4.963e-03	9.984e-02	-5.645e-02
195418.50	-2.304e-03	-5.395e-02	3.168e-02
195419.50	-1.027e-02	-5.741e-02	2.323e-01
195420.50	5.472e-04	1.872e-01	3.043e-02
195421.50	1.008e-02	3.686e-01	-6.691e-02
195422.50	3.658e-03	6.883e-02	4.147e-03
195423.50	-3.926e-03	-8.438e-02	6.605e-02
195424.50	-2.966e-03	2.400e-02	1.334e-01
195425.50	-2.448e-03	4.310e-02	8.477e-03
195426.50	-3.418e-04	1.306e-01	6.941e-02
195427.50	-7.421e-03	-1.939e-01	8.045e-02
195428.50	2.323e-03	8.294e-02	1.258e-02
195429.50	8.448e-03	3.178e-02	-2.189e-01
195430.50	1.555e-03	-1.258e-01	-1.747e-01
195431.50	-6.816e-03	4.752e-02	1.459e-01
195432.50	2.880e-03	1.392e-01	5.366e-02
195433.50	1.046e-03	1.219e-02	-4.982e-02
195434.50	3.610e-03	9.581e-02	2.093e-02
195435.50	9.014e-04	5.011e-02	4.282e-02
195436.50	4.474e-03	1.478e-01	-2.256e-02
195437.50	-3.178e-03	-4.570e-03	8.573e-02
195438.50	2.074e-03	-5.683e-02	-1.430e-01
195439.50	6.816e-03	1.114e-01	-1.142e-01
195440.50	-4.109e-03	1.565e-02	7.872e-02
195441.50	-2.842e-03	-1.690e-01	-4.099e-02
195442.50	5.789e-03	5.414e-02	-1.814e-01
195443.50	2.419e-03	-2.016e-03	-6.163e-02
195444.50	-9.888e-04	2.333e-03	5.846e-02
195445.50	-8.362e-03	-2.275e-02	1.565e-01
195446.50	-6.125e-03	-8.227e-02	1.709e-01
195447.50	-6.672e-03	-1.373e-01	-1.795e-02
195448.50	3.984e-03	-7.651e-02	-1.114e-01
195449.50	5.165e-03	7.008e-02	-2.832e-03
195450.50	-4.502e-03	3.658e-02	7.546e-02
195451.50	5.587e-03	8.064e-04	-1.056e-01
195452.50	-9.235e-03	-3.264e-02	1.450e-01
195453.50	-3.005e-03	-9.984e-02	2.189e-02
195454.50	3.494e-03	8.045e-02	-1.814e-02
195455.50	3.610e-03	2.102e-01	9.561e-02
195456.50	-1.267e-03	-1.987e-02	-7.450e-03
195457.50	-3.571e-03	-7.075e-02	6.154e-02
195458.50	6.058e-03	2.150e-02	-1.757e-01
195459.50	3.581e-03	-1.651e-02	-9.101e-02
195460.50	5.165e-03	1.162e-01	-1.123e-01
195461.50	2.794e-03	3.514e-02	2.525e-02
195462.50	-2.179e-03	2.880e-03	5.520e-02
195463.50	-2.486e-03	1.037e-01	1.392e-01
195464.50	9.792e-04	-3.571e-02	-1.027e-01
195465.50	2.294e-03	-4.282e-03	-7.027e-02
195466.50	-2.688e-04	7.901e-02	3.562e-02
195467.50	-3.341e-03	-7.699e-02	5.443e-02
195468.50	4.176e-03	-1.757e-02	-9.984e-02
195469.50	7.373e-04	2.323e-02	-1.152e-02
195470.50	-8.554e-04	9.523e-02	4.896e-02
195471.50	5.280e-04	4.224e-03	1.632e-02
195472.50	-6.960e-03	-6.288e-02	2.064e-01
195473.50	1.546e-03	-7.987e-02	-1.670e-01
195474.50	3.552e-03	4.646e-02	-1.526e-02
195475.50	2.237e-03	4.474e-02	-4.320e-02
195476.50	-1.133e-03	8.947e-02	6.038e-02
195477.50	-6.634e-04	-1.210e-02	-9.792e-04
195478.50	-1.392e-03	-5.750e-02	-8.534e-03
195479.50	-1.277e-03	8.602e-02	1.075e-01
195480.50	5.309e-04	-4.109e-02	-2.256e-02
195481.50	-3.571e-04	9.072e-02	2.582e-02
195482.50	8.582e-04	3.869e-02	8.957e-03
195483.50	-4.118e-03	-1.325e-01	-8.208e-03
195484.50	1.104e-04	1.680e-02	-1.402e-02
195485.50	6.288e-04	-9.984e-03	-2.544e-02
195486.50	-6.691e-03	-5.722e-02	1.910e-01
195487.50	1.085e-04	-7.757e-02	-2.419e-02
195488.50	2.611e-03	-4.243e-04	-3.840e-02
195489.50	-3.437e-03	-4.080e-02	5.549e-02
195490.50	-1.354e-03	7.334e-02	1.622e-02
195491.50	-3.610e-03	-1.555e-01	-3.418e-02
195492.50	6.355e-03	1.421e-02	-1.498e-01
195493.50	9.984e-04	9.888e-03	-9.888e-03
195494.50	6.538e-04	4.906e-03	-2.870e-02
195495.50	-4.502e-05	9.322e-02	9.600e-02
195496.50	-5.088e-03	-4.531e-02	-2.746e-02
195497.50	-1.901e-03	1.757e-02	5.347e-02
195498.50	1.363e-03	5.894e-02	4.541e-02
195499.50	1.776e-03	2.131e-02	-9.696e-02
195500.50	-1.862e-03	3.907e-02	6.691e-02
195501.50	3.130e-03	6.326e-02	-6.634e-02
195502.50	-5.328e-04	-6.422e-02	-7.747e-02
195503.50	-1.805e-03	-2.659e-02	3.389e-02
195504.50	-1.440e-03	-5.366e-02	3.014e-02
195505.50	2.035e-03	-3.110e-02	-6.874e-02
195506.50	-6.547e-04	6.662e-03	2.822e-02
195507.50	-3.418e-03	4.166e-03	9.024e-02
195508.50	3.869e-03	1.517e-01	-8.861e-02
195509.50	-4.618e-04	1.325e-02	2.611e-02
195510.50	3.130e-03	-4.368e-02	-4.070e-02
195511.50	-2.102e-03	3.754e-02	8.928e-02
195512.50	-2.381e-03	-7.757e-02	4.080e-02
195513.50	1.296e-03	1.718e-03	-1.555e-02
195514.50	-2.890e-03	-6.691e-02	8.890e-02
195515.50	1.306e-02	7.248e-02	2.141e-02
195516.50	1.066e-02	1.277e-01	-7.440e-02
195517.50	-7.046e-03	-2.429e-02	-5.712e-02
195518.50	2.573e-03	2.198e-02	-7.392e-03
195519.50	9.302e-04	-1.642e-04	-1.574e-02
195520.50	1.565e-03	2.995e-02	9.600e-04
195521.50	1.939e-03	-7.306e-02	2.131e-02
195522.50	-8.496e-04	5.366e-03	-7.805e-02
195523.50	-2.429e-04	9.024e-02	-2.227e-02
195524.50	4.541e-03	4.666e-02	-9.590e-02
195525.50	4.896e-04	-2.784e-02	-2.726e-02
195526.50	-9.533e-05	-1.104e-02	-3.130e-02
195527.50	-3.216e-03	1.968e-03	9.216e-02
195528.50	-3.197e-05	-3.821e-02	-6.058e-02
195529.50	-1.325e-03	-2.189e-02	2.256e-02
195530.50	3.715e-05	1.642e-02	3.706e-02
195531.50	-7.603e-03	-1.075e-01	5.626e-03
195532.50	-3.542e-03	-1.834e-02	1.008e-02
195533.50	7.862e-05	7.565e-03	-2.813e-02
195534.50	3.494e-03	4.243e-02	-8.410e-02
195535.50	1.037e-03	-7.114e-02	-6.221e-02
195536.50	9.504e-05	5.549e-03	2.045e-02
195537.50	-4.051e-04	-7.680e-02	-9.542e-03
195538.50	5.107e-04	-1.594e-02	5.462e-02
195539.50	-2.362e-03	5.741e-02	8.534e-02
195540.50	-6.278e-04	1.094e-01	7.872e-02
195541.50	3.715e-04	5.789e-02	8.237e-03
195542.50	-1.603e-03	-3.283e-02	2.237e-03
195543.50	-5.818e-04	-4.032e-03	-1.210e-02
195544.50	-5.366e-03	-2.582e-02	1.555e-01
195545.50	-1.104e-03	6.144e-02	8.813e-02
195546.50	-1.613e-03	-2.736e-02	-1.834e-02
195547.50	5.712e-03	1.930e-02	-1.334e-01
195548.50	3.130e-04	4.022e-02	4.915e-02
195549.50	-3.907e-03	6.048e-02	6.250e-02
195550.50	4.291e-03	5.827e-02	-5.568e-02
195551.50	2.438e-03	8.170e-04	-3.744e-03
195552.50	6.614e-05	1.555e-02	5.174e-02
195553.50	-4.186e-03	-4.339e-02	8.054e-02
195554.50	8.016e-04	-8.880e-02	-6.518e-02
195555.50	1.046e-03	-6.576e-02	-7.469e-02
195556.50	1.450e-03	3.926e-02	-6.115e-02
195557.50	1.382e-04	1.930e-03	6.048e-03
195558.50	5.472e-04	-1.795e-01	-3.830e-02
195559.50	5.222e-03	-2.669e-02	-1.325e-01
195560.50	1.085e-03	1.027e-01	2.448e-02
195561.50	-6.230e-03	2.419e-02	1.555e-01
195562.50	1.747e-03	1.344e-01	-2.381e-02
195563.50	1.296e-03	-6.538e-02	-3.226e-02
195564.50	-3.312e-04	-9.187e-03	-1.680e-02
195565.50	-4.915e-03	-4.560e-02	6.442e-02
195566.50	2.602e-03	-1.728e-03	-5.645e-02
195567.50	5.414e-03	5.050e-02	-6.115e-02
195568.50	-8.544e-03	-8.256e-03	1.114e-01
195569.50	4.205e-04	-1.344e-02	2.294e-03
195570.50	-8.112e-03	-2.966e-02	2.323e-02
195571.50	1.123e-03	7.670e-02	5.261e-02
195572.50	8.525e-03	5.981e-02	-4.598e-02
195573.50	5.376e-04	-1.546e-02	-3.562e-02
195574.50	-1.757e-03	-1.152e-01	-6.134e-02
195575.50	-2.448e-04	5.165e-02	5.501e-03
195576.50	1.046e-03	4.752e-02	1.920e-02
195577.50	-2.515e-03	-3.264e-02	4.915e-03
195578.50	-1.296e-03	6.278e-02	5.184e-02
195579.50	-8.582e-04	-1.363e-02	1.814e-02
195580.50	-2.938e-03	-4.810e-02	4.435e-02
195581.50	1.248e-04	2.803e-02	1.834e-02
195582.50	8.707e-04	-3.754e-03	-3.302e-02
195583.50	2.486e-03	8.314e-03	-9.062e-02
195584.50	3.946e-03	1.008e-01	-1.094e-02
195585.50	-2.630e-04	-3.053e-02	-1.469e-02
195586.50	9.561e-05	-2.198e-02	-3.283e-02
195587.50	-1.862e-03	-1.747e-02	4.819e-02
195588.50	-1.402e-03	1.421e-02	2.698e-02
195589.50	1.104e-03	-1.373e-02	-3.139e-02
195590.50	2.602e-03	4.387e-02	-2.112e-02
195591.50	5.366e-03	8.093e-02	4.387e-03
195592.50	-5.722e-03	-2.458e-02	-8.083e-03
195593.50	-2.390e-04	-4.051e-02	-9.696e-02
195594.50	7.872e-04	3.360e-02	-2.726e-02
195595.50	1.594e-03	4.243e-02	1.210e-04
195596.50	-4.416e-03	-5.962e-03	1.219e-01
195597.50	-1.440e-03	-4.186e-02	-8.717e-03
195598.50	1.162e-03	-3.350e-02	-4.128e-02
195599.50	-1.536e-03	-5.674e-02	2.429e-02
195600.50	-1.229e-03	7.363e-03	3.773e-02
195601.50	1.594e-03	-2.803e-03	-6.058e-03
195602.50	-2.026e-03	5.232e-02	2.602e-02
195603.50	-4.013e-04	4.358e-02	3.312e-02
195604.50	2.390e-03	-6.182e-02	-6.576e-02
195605.50	-3.245e-04	-2.179e-02	-5.203e-02
195606.50	-5.942e-03	-5.376e-02	3.024e-02
195607.50	-1.325e-03	2.275e-02	4.128e-02
195608.50	-7.613e-04	-3.830e-02	1.114e-02
195609.50	3.658e-03	2.880e-02	-4.723e-02
195610.50	4.262e-03	-9.043e-03	-8.496e-02
195611.50	2.218e-05	2.784e-02	-2.333e-02
195612.50	-3.917e-03	-2.851e-02	4.608e-02
195613.50	-1.834e-03	1.411e-03	7.440e-02
195614.50	3.619e-02	2.822e-02	-2.198e-01
195615.50	9.322e-04	-8.237e-03	-1.901e-02
195616.50	3.072e-02	1.238e-01	-1.786e-01
195617.50	-5.952e-03	-7.469e-02	9.360e-02
195618.50	3.245e-04	-3.312e-03	4.848e-03
195619.50	9.456e-03	2.659e-01	-7.709e-02
195620.50	-3.802e-02	-1.037e-02	1.402e-01
195621.50	-2.602e-03	-5.482e-02	3.226e-02
195622.50	4.435e-02	-3.053e-01	-2.486e-01
195623.50	-5.299e-02	-2.083e-01	2.870e-01
195624.50	-1.258e-02	-1.728e-02	6.029e-02
195625.50	-8.352e-04	-4.301e-03	4.061e-02
195626.50	-1.930e-03	8.362e-02	1.834e-02
195627.50	-6.269e-04	-2.477e-02	3.408e-02
195628.50	8.918e-04	6.010e-02	-1.094e-02
195629.50	-8.246e-04	9.235e-03	4.128e-02
195630.50	-1.104e-03	-2.602e-03	2.304e-02
195631.50	-8.294e-04	2.074e-02	-7.498e-04
195632.50	-6.163e-03	5.549e-02	3.168e-02
195633.50	-3.658e-04	6.048e-02	2.765e-02
195634.50	-3.773e-04	-4.051e-02	-3.216e-02
195635.50	1.354e-03	-5.558e-03	-9.005e-03
195636.50	-7.920e-04	-2.275e-02	4.464e-03
