195038.50	0.000e+00	0.000e+00	0.000e+00
195039.50	0.000e+00	0.000e+00	0.000e+00
195040.50	0.000e+00	0.000e+00	0.000e+00
195041.50	0.000e+00	0.000e+00	0.000e+00
195042.50	0.000e+00	0.000e+00	0.000e+00
195043.50	0.000e+00	0.000e+00	0.000e+00
195044.50	0.000e+00	0.000e+00	0.000e+00
195045.50	0.000e+00	0.000e+00	0.000e+00
195046.50	0.000e+00	0.000e+00	0.000e+00
195047.50	0.000e+00	0.000e+00	0.000e+00
195048.50	0.000e+00	0.000e+00	0.000e+00
195049.50	0.000e+00	0.000e+00	0.000e+00
195050.50	0.000e+00	0.000e+00	0.000e+00
195051.50	0.000e+00	0.000e+00	0.000e+00
195052.50	0.000e+00	0.000e+00	0.000e+00
195053.50	0.000e+00	0.000e+00	0.000e+00
195054.50	0.000e+00	0.000e+00	0.000e+00
195055.50	0.000e+00	0.000e+00	0.000e+00
195056.50	0.000e+00	0.000e+00	0.000e+00
195057.50	0.000e+00	0.000e+00	0.000e+00
195058.50	0.000e+00	0.000e+00	0.000e+00
195059.50	0.000e+00	0.000e+00	0.000e+00
195060.50	0.000e+00	0.000e+00	0.000e+00
195061.50	0.000e+00	0.000e+00	0.000e+00
195062.50	0.000e+00	0.000e+00	0.000e+00
195063.50	0.000e+00	0.000e+00	0.000e+00
195064.50	0.000e+00	0.000e+00	0.000e+00
195065.50	0.000e+00	0.000e+00	0.000e+00
195066.50	0.000e+00	0.000e+00	0.000e+00
195067.50	0.000e+00	0.000e+00	0.000e+00
195068.50	0.000e+00	0.000e+00	0.000e+00
195069.50	0.000e+00	0.000e+00	0.000e+00
195070.50	0.000e+00	0.000e+00	0.000e+00
195071.50	0.000e+00	0.000e+00	0.000e+00
195072.50	0.000e+00	0.000e+00	0.000e+00
195073.50	0.000e+00	0.000e+00	0.000e+00
195074.50	0.000e+00	0.000e+00	0.000e+00
195075.50	0.000e+00	0.000e+00	0.000e+00
195076.50	0.000e+00	0.000e+00	0.000e+00
195077.50	0.000e+00	0.000e+00	0.000e+00
195078.50	0.000e+00	0.000e+00	0.000e+00
195079.50	0.000e+00	0.000e+00	0.000e+00
195080.50	0.000e+00	0.000e+00	0.000e+00
195081.50	0.000e+00	0.000e+00	0.000e+00
195082.50	0.000e+00	0.000e+00	0.000e+00
195083.50	0.000e+00	0.000e+00	0.000e+00
195084.50	0.000e+00	0.000e+00	0.000e+00
195085.50	0.000e+00	0.000e+00	0.000e+00
195086.50	0.000e+00	0.000e+00	0.000e+00
195087.50	0.000e+00	0.000e+00	0.000e+00
195088.50	0.000e+00	0.000e+00	0.000e+00
195089.50	0.000e+00	0.000e+00	0.000e+00
195090.50	0.000e+00	0.000e+00	0.000e+00
195091.50	0.000e+00	0.000e+00	0.000e+00
195092.50	0.000e+00	0.000e+00	0.000e+00
195093.50	0.000e+00	0.000e+00	0.000e+00
195094.50	0.000e+00	0.000e+00	0.000e+00
195095.50	0.000e+00	0.000e+00	0.000e+00
195096.50	0.000e+00	0.000e+00	0.000e+00
195097.50	0.000e+00	0.000e+00	0.000e+00
195098.50	0.000e+00	0.000e+00	0.000e+00
195099.50	0.000e+00	0.000e+00	0.000e+00
195100.50	0.000e+00	0.000e+00	0.000e+00
195101.50	0.000e+00	0.000e+00	0.000e+00
195102.50	0.000e+00	0.000e+00	0.000e+00
195103.50	0.000e+00	0.000e+00	0.000e+00
195104.50	0.000e+00	0.000e+00	0.000e+00
195105.50	0.000e+00	0.000e+00	0.000e+00
195106.50	0.000e+00	0.000e+00	0.000e+00
195107.50	0.000e+00	0.000e+00	0.000e+00
195108.50	0.000e+00	0.000e+00	0.000e+00
195109.50	0.000e+00	0.000e+00	0.000e+00
195110.50	0.000e+00	0.000e+00	0.000e+00
195111.50	0.000e+00	0.000e+00	0.000e+00
195112.50	0.000e+00	0.000e+00	0.000e+00
195113.50	0.000e+00	0.000e+00	0.000e+00
195114.50	0.000e+00	0.000e+00	0.000e+00
195115.50	0.000e+00	0.000e+00	0.000e+00
195116.50	0.000e+00	0.000e+00	0.000e+00
195117.50	0.000e+00	0.000e+00	0.000e+00
195118.50	0.000e+00	0.000e+00	0.000e+00
195119.50	0.000e+00	0.000e+00	0.000e+00
195120.50	0.000e+00	0.000e+00	0.000e+00
195121.50	0.000e+00	0.000e+00	0.000e+00
195122.50	0.000e+00	0.000e+00	0.000e+00
195123.50	0.000e+00	0.000e+00	0.000e+00
195124.50	0.000e+00	0.000e+00	0.000e+00
195125.50	0.000e+00	0.000e+00	0.000e+00
195126.50	0.000e+00	0.000e+00	0.000e+00
195127.50	0.000e+00	0.000e+00	0.000e+00
195128.50	0.000e+00	0.000e+00	0.000e+00
195129.50	0.000e+00	0.000e+00	0.000e+00
195130.50	0.000e+00	0.000e+00	0.000e+00
195131.50	0.000e+00	0.000e+00	0.000e+00
195132.50	0.000e+00	0.000e+00	0.000e+00
195133.50	0.000e+00	0.000e+00	0.000e+00
195134.50	0.000e+00	0.000e+00	0.000e+00
195135.50	0.000e+00	0.000e+00	0.000e+00
195136.50	0.000e+00	0.000e+00	0.000e+00
195137.50	0.000e+00	0.000e+00	0.000e+00
195138.50	0.000e+00	0.000e+00	0.000e+00
195139.50	0.000e+00	0.000e+00	0.000e+00
195140.50	0.000e+00	0.000e+00	0.000e+00
195141.50	0.000e+00	0.000e+00	0.000e+00
195142.50	0.000e+00	0.000e+00	0.000e+00
195143.50	0.000e+00	0.000e+00	0.000e+00
195144.50	0.000e+00	0.000e+00	0.000e+00
195145.50	0.000e+00	0.000e+00	0.000e+00
195146.50	0.000e+00	0.000e+00	0.000e+00
195147.50	0.000e+00	0.000e+00	0.000e+00
195148.50	0.000e+00	0.000e+00	0.000e+00
195149.50	0.000e+00	0.000e+00	0.000e+00
195150.50	0.000e+00	0.000e+00	0.000e+00
195151.50	0.000e+00	0.000e+00	0.000e+00
195152.50	0.000e+00	0.000e+00	0.000e+00
195153.50	0.000e+00	0.000e+00	0.000e+00
195154.50	0.000e+00	0.000e+00	0.000e+00
195155.50	0.000e+00	0.000e+00	0.000e+00
195156.50	0.000e+00	0.000e+00	0.000e+00
195157.50	0.000e+00	0.000e+00	0.000e+00
195158.50	0.000e+00	0.000e+00	0.000e+00
195159.50	0.000e+00	0.000e+00	0.000e+00
195160.50	0.000e+00	0.000e+00	0.000e+00
195161.50	0.000e+00	0.000e+00	0.000e+00
195162.50	0.000e+00	0.000e+00	0.000e+00
195163.50	0.000e+00	0.000e+00	0.000e+00
195164.50	0.000e+00	0.000e+00	0.000e+00
195165.50	0.000e+00	0.000e+00	0.000e+00
195166.50	0.000e+00	0.000e+00	0.000e+00
195167.50	0.000e+00	0.000e+00	0.000e+00
195168.50	0.000e+00	0.000e+00	0.000e+00
195169.50	0.000e+00	0.000e+00	0.000e+00
195170.50	0.000e+00	0.000e+00	0.000e+00
195171.50	0.000e+00	0.000e+00	0.000e+00
195172.50	0.000e+00	0.000e+00	0.000e+00
195173.50	0.000e+00	0.000e+00	0.000e+00
195174.50	0.000e+00	0.000e+00	0.000e+00
195175.50	0.000e+00	0.000e+00	0.000e+00
195176.50	0.000e+00	0.000e+00	0.000e+00
195177.50	0.000e+00	0.000e+00	0.000e+00
195178.50	0.000e+00	0.000e+00	0.000e+00
195179.50	0.000e+00	0.000e+00	0.000e+00
195180.50	0.000e+00	0.000e+00	0.000e+00
195181.50	0.000e+00	0.000e+00	0.000e+00
195182.50	0.000e+00	0.000e+00	0.000e+00
195183.50	0.000e+00	0.000e+00	0.000e+00
195184.50	0.000e+00	0.000e+00	0.000e+00
195185.50	0.000e+00	0.000e+00	0.000e+00
195186.50	0.000e+00	0.000e+00	0.000e+00
195187.50	0.000e+00	0.000e+00	0.000e+00
195188.50	0.000e+00	0.000e+00	0.000e+00
195189.50	0.000e+00	0.000e+00	0.000e+00
195190.50	0.000e+00	0.000e+00	0.000e+00
195191.50	0.000e+00	0.000e+00	0.000e+00
195192.50	0.000e+00	0.000e+00	0.000e+00
195193.50	0.000e+00	0.000e+00	0.000e+00
195194.50	0.000e+00	0.000e+00	0.000e+00
195195.50	0.000e+00	0.000e+00	0.000e+00
195196.50	0.000e+00	0.000e+00	0.000e+00
195197.50	0.000e+00	0.000e+00	0.000e+00
195198.50	0.000e+00	0.000e+00	0.000e+00
195199.50	0.000e+00	0.000e+00	0.000e+00
195200.50	0.000e+00	0.000e+00	0.000e+00
195201.50	0.000e+00	0.000e+00	0.000e+00
195202.50	0.000e+00	0.000e+00	0.000e+00
195203.50	0.000e+00	0.000e+00	0.000e+00
195204.50	0.000e+00	0.000e+00	0.000e+00
195205.50	0.000e+00	0.000e+00	0.000e+00
195206.50	0.000e+00	0.000e+00	0.000e+00
195207.50	0.000e+00	0.000e+00	0.000e+00
195208.50	0.000e+00	0.000e+00	0.000e+00
195209.50	0.000e+00	0.000e+00	0.000e+00
195210.50	0.000e+00	0.000e+00	0.000e+00
195211.50	0.000e+00	0.000e+00	0.000e+00
195212.50	7.584e-07	8.400e-05	-1.325e-04
195213.50	-1.094e-07	2.582e-05	-7.334e-05
195214.50	-6.490e-07	-1.094e-04	2.054e-04
195215.50	8.237e-07	9.437e-06	6.490e-05
195216.50	-8.237e-07	-9.437e-06	-6.490e-05
195217.50	2.890e-07	4.608e-05	-1.546e-04
195218.50	4.992e-07	6.912e-05	-2.294e-04
195219.50	1.843e-06	-2.746e-05	4.022e-04
195220.50	4.915e-06	1.709e-04	2.813e-05
195221.50	1.997e-06	6.758e-05	8.861e-05
195222.50	-8.890e-06	-3.072e-04	-9.542e-05
195223.50	-1.718e-05	8.918e-04	-2.371e-03
195224.50	1.142e-04	-6.730e-03	1.526e-03
195225.50	-5.290e-05	-4.867e-03	-3.773e-03
195226.50	1.066e-04	1.334e-03	2.189e-03
195227.50	5.107e-04	-2.707e-03	3.370e-02
195228.50	-1.152e-04	-6.739e-02	8.659e-02
195229.50	-7.152e-04	9.984e-02	-8.266e-02
195230.50	2.122e-02	3.322e-01	6.288e-01
195231.50	-9.082e-03	-2.506e-01	-1.488e-01
195232.50	-1.027e-02	-4.061e-01	9.149e-02
195233.50	-7.219e-02	-3.686e+00	-5.750e-01
195234.50	-5.683e-01	-3.475e+01	6.509e+00
195235.50	-1.037e+01	-6.749e+02	1.862e+02
195236.50	-1.171e+01	-6.029e+02	-4.685e+01
195237.50	1.421e+00	9.014e+01	-1.613e+01
195238.50	1.536e+00	9.254e+01	-1.776e+01
195239.50	1.661e+00	9.696e+01	-1.469e+01
195240.50	1.536e+00	8.726e+01	-8.342e+00
195241.50	1.286e+00	7.238e+01	-6.854e+00
195242.50	1.162e+00	6.941e+01	-1.219e+01
195243.50	1.008e+00	5.770e+01	-5.990e+00
195244.50	9.082e-01	5.405e+01	-8.688e+00
195245.50	9.024e-01	5.030e+01	-3.936e+00
195246.50	7.037e-01	4.013e+01	-3.542e+00
195247.50	8.256e-01	4.502e+01	-1.757e+00
195248.50	6.605e-01	3.917e+01	-7.248e+00
195249.50	5.837e-01	3.398e+01	-3.955e+00
195250.50	5.472e-01	3.014e+01	-8.947e-01
195251.50	5.434e-01	2.909e+01	5.914e-03
195252.50	3.821e-01	2.410e+01	-6.077e+00
195253.50	4.051e-01	2.246e+01	-1.306e+00
195254.50	4.051e-01	2.342e+01	-3.341e+00
195255.50	3.629e-01	2.131e+01	-2.659e+00
195256.50	3.658e-01	1.920e+01	5.050e-01
195257.50	3.466e-01	1.920e+01	-2.899e-01
195258.50	2.707e-01	1.603e+01	-2.333e+00
195259.50	2.938e-01	1.728e+01	-2.400e+00
195260.50	2.266e-01	1.354e+01	-2.208e+00
195261.50	2.362e-01	1.315e+01	-7.392e-01
195262.50	2.362e-01	1.315e+01	-4.771e-01
195263.50	2.093e-01	1.152e+01	-3.600e-01
195264.50	1.536e-01	9.888e+00	-2.006e+00
195265.50	2.275e-01	1.152e+01	1.373e+00
195266.50	1.738e-01	1.066e+01	-1.997e+00
195267.50	1.574e-01	8.909e+00	-3.475e-01
195268.50	1.814e-01	9.082e+00	1.018e+00
195269.50	1.373e-01	8.074e+00	-8.438e-01
195270.50	1.622e-01	8.774e+00	-3.197e-01
195271.50	1.334e-01	7.910e+00	-1.104e+00
195272.50	9.984e-02	5.962e+00	-8.938e-01
195273.50	1.075e-01	6.134e+00	-4.685e-01
195274.50	1.229e-01	6.691e+00	-3.936e-01
195275.50	8.314e-02	5.482e+00	-1.027e+00
195276.50	8.525e-02	4.714e+00	2.602e-01
195277.50	9.984e-02	5.040e+00	5.146e-01
195278.50	7.680e-02	4.282e+00	-5.664e-01
195279.50	8.803e-02	4.685e+00	-4.157e-02
195280.50	7.085e-02	4.003e+00	-3.091e-01
195281.50	7.939e-02	4.397e+00	1.987e-01
195282.50	6.509e-02	4.464e+00	-7.018e-01
195283.50	6.086e-02	3.322e+00	-4.320e-03
195284.50	5.203e-02	3.110e+00	-1.325e-01
195285.50	9.053e-02	4.090e+00	1.018e+00
195286.50	6.432e-02	3.523e+00	-3.187e-01
195287.50	4.560e-02	2.640e+00	-2.918e-01
195288.50	5.338e-02	3.274e+00	-1.987e-01
195289.50	4.214e-02	2.342e+00	3.984e-02
195290.50	4.147e-02	2.573e+00	-4.426e-01
195291.50	6.202e-02	3.245e+00	2.141e-01
195292.50	3.667e-02	2.237e+00	-1.286e-01
195293.50	3.120e-02	1.939e+00	-4.858e-01
195294.50	4.464e-02	2.410e+00	-2.390e-01
195295.50	3.322e-02	1.805e+00	2.256e-01
195296.50	2.659e-02	1.930e+00	-5.203e-01
195297.50	4.608e-02	2.688e+00	-1.622e-01
195298.50	3.062e-02	1.891e+00	-3.619e-01
195299.50	1.718e-02	1.267e+00	-9.888e-02
195300.50	2.246e-02	1.344e+00	-3.331e-02
195301.50	1.306e-02	7.987e-01	-3.456e-01
195302.50	2.179e-02	1.162e+00	-1.334e-01
195303.50	3.581e-02	1.949e+00	-3.475e-01
195304.50	1.488e-02	9.888e-01	-1.325e-01
195305.50	3.312e-02	1.853e+00	6.058e-02
195306.50	2.246e-02	6.883e-01	6.931e-01
195307.50	2.717e-02	1.325e+00	-1.315e-02
195308.50	1.766e-02	1.056e+00	-3.936e-02
195309.50	1.786e-02	1.402e+00	-5.443e-01
195310.50	8.794e-03	5.875e-01	-8.218e-02
195311.50	1.891e-02	8.208e-01	4.003e-01
195312.50	2.371e-02	1.037e+00	4.627e-01
195313.50	2.160e-02	1.027e+00	8.438e-02
195314.50	1.152e-02	7.229e-01	-4.454e-01
195315.50	1.930e-02	9.475e-01	2.851e-01
195316.50	8.928e-03	5.808e-01	-4.272e-01
195317.50	3.072e-03	3.514e-01	-5.846e-02
195318.50	8.822e-03	6.835e-01	-8.467e-02
195319.50	8.294e-03	3.446e-01	3.658e-01
195320.50	7.210e-03	6.950e-01	-5.338e-01
195321.50	1.190e-02	9.418e-01	-1.882e-01
195322.50	1.430e-02	6.816e-01	3.264e-01
195323.50	1.574e-02	1.027e+00	-4.550e-01
195324.50	1.613e-02	9.888e-01	-4.550e-01
195325.50	-4.723e-03	2.717e-01	-5.462e-01
195326.50	3.686e-03	1.507e-01	-6.528e-02
195327.50	1.056e-02	5.242e-01	1.670e-01
195328.50	1.709e-02	6.394e-01	2.621e-01
195329.50	7.373e-03	4.906e-01	-6.586e-02
195330.50	9.235e-03	6.202e-01	-1.392e-01
195331.50	3.494e-03	1.507e-01	-4.704e-03
195332.50	1.440e-02	5.107e-01	1.363e-01
195333.50	7.546e-03	2.774e-01	4.714e-02
195334.50	2.698e-03	2.026e-01	-3.024e-01
195335.50	1.267e-03	5.261e-01	-3.494e-01
195336.50	1.027e-02	5.136e-01	2.314e-01
195337.50	-4.992e-04	3.552e-02	3.917e-02
195338.50	1.517e-03	-7.344e-02	3.542e-01
195339.50	1.142e-02	3.590e-01	5.347e-02
195340.50	8.707e-03	5.981e-01	-1.450e-01
195341.50	-3.293e-03	3.667e-02	-1.142e-01
195342.50	-2.342e-04	1.411e-02	1.181e-02
195343.50	-5.914e-03	2.275e-02	-3.053e-01
195344.50	7.210e-03	5.098e-01	-2.314e-01
195345.50	8.986e-03	4.723e-01	-6.864e-02
195346.50	2.131e-03	1.651e-01	1.267e-02
195347.50	1.200e-02	7.219e-01	-6.230e-02
195348.50	3.514e-03	1.478e-01	-1.392e-01
195349.50	7.190e-03	3.571e-01	1.709e-01
195350.50	2.813e-03	1.411e-01	4.915e-03
195351.50	8.698e-03	4.234e-01	1.824e-01
195352.50	1.469e-03	1.382e-01	-7.690e-03
195353.50	-5.155e-03	-4.099e-02	-1.757e-01
195354.50	2.534e-04	-1.757e-02	8.726e-02
195355.50	9.235e-04	1.632e-01	-2.640e-02
195356.50	2.304e-03	1.901e-01	-5.357e-02
195357.50	7.450e-03	2.986e-01	2.630e-01
195358.50	6.346e-03	2.218e-01	2.371e-01
195359.50	-2.074e-03	-3.494e-02	-1.018e-01
195360.50	2.179e-03	1.968e-01	-2.813e-01
195361.50	-1.766e-03	-1.133e-02	3.082e-02
195362.50	2.352e-03	2.035e-01	-2.342e-01
195363.50	-1.085e-03	8.899e-02	-1.680e-01
195364.50	2.515e-03	1.382e-01	1.133e-01
195365.50	-5.395e-03	-8.227e-02	-2.506e-01
195366.50	3.341e-03	1.526e-01	1.450e-01
195367.50	-4.915e-03	-4.214e-02	-2.909e-01
195368.50	4.147e-05	1.181e-01	-2.400e-01
195369.50	4.042e-03	8.141e-02	2.650e-01
195370.50	2.966e-03	1.738e-01	4.598e-02
195371.50	5.846e-03	2.093e-01	1.536e-01
195372.50	-1.411e-03	1.757e-02	-1.430e-01
195373.50	6.000e-03	7.958e-02	3.110e-01
195374.50	4.877e-03	2.102e-01	2.640e-02
195375.50	7.094e-04	5.088e-02	-4.867e-02
195376.50	9.456e-03	5.491e-01	-9.494e-03
195377.50	3.955e-04	9.398e-02	-2.371e-02
195378.50	-1.978e-03	-1.584e-01	5.011e-02
195379.50	1.334e-03	5.952e-03	1.709e-04
195380.50	4.022e-03	2.362e-01	2.870e-02
195381.50	1.786e-03	7.613e-02	-2.314e-02
195382.50	4.858e-03	1.325e-01	8.909e-03
195383.50	2.573e-03	1.632e-01	-1.104e-02
195384.50	1.123e-03	1.344e-02	6.490e-02
195385.50	1.958e-03	-2.832e-02	2.832e-01
195386.50	5.606e-03	5.213e-02	1.843e-01
195387.50	1.267e-03	6.240e-02	-2.218e-02
195388.50	-2.218e-03	-1.142e-02	-3.706e-01
195389.50	2.707e-03	4.214e-02	1.181e-01
195390.50	-7.882e-03	-7.037e-02	1.085e-01
195391.50	2.899e-03	7.814e-02	7.872e-02
195392.50	-2.150e-03	1.066e-01	-1.296e-01
195393.50	-3.456e-03	-1.229e-01	5.597e-02
195394.50	3.082e-03	9.888e-02	-9.226e-02
195395.50	4.061e-04	7.594e-02	-2.189e-01
195396.50	9.005e-03	3.043e-01	1.229e-01
195397.50	-3.581e-03	-7.805e-02	1.219e-01
195398.50	-4.368e-03	-4.714e-02	-2.602e-01
195399.50	2.688e-03	1.862e-01	-1.296e-01
195400.50	-3.331e-03	-9.696e-02	4.570e-02
195401.50	3.062e-03	2.170e-01	8.966e-02
195402.50	-4.723e-03	-1.526e-01	-1.690e-02
195403.50	3.610e-03	9.197e-02	-6.566e-02
195404.50	5.386e-03	1.958e-01	1.584e-02
195405.50	3.139e-03	6.787e-02	9.322e-02
195406.50	2.256e-03	8.093e-02	2.246e-02
195407.50	9.178e-04	5.328e-02	-1.949e-02
195408.50	-2.909e-03	-1.997e-01	1.018e-01
195409.50	-5.280e-03	-1.584e-02	-4.915e-02
195410.50	-2.333e-03	-7.075e-02	6.720e-02
195411.50	1.459e-03	1.075e-01	5.405e-02
195412.50	3.149e-04	1.594e-01	-1.498e-01
195413.50	5.453e-03	1.382e-01	-1.229e-02
195414.50	-1.114e-03	1.507e-01	-2.352e-01
195415.50	5.213e-03	1.008e-01	2.275e-01
195416.50	2.256e-03	5.664e-02	2.333e-03
195417.50	-1.699e-03	1.661e-02	-8.429e-02
195418.50	1.181e-03	4.157e-02	-1.344e-02
195419.50	-4.214e-03	-1.862e-01	-1.546e-01
195420.50	-1.440e-03	-1.920e-02	-6.029e-02
195421.50	1.190e-03	-2.842e-02	2.438e-01
195422.50	1.747e-03	4.032e-02	2.074e-03
195423.50	1.037e-02	3.024e-01	1.267e-01
195424.50	-1.430e-04	-2.659e-01	7.872e-02
195425.50	-4.138e-03	-3.504e-02	-1.786e-01
195426.50	-7.814e-03	-8.112e-02	-1.046e-01
195427.50	1.267e-04	6.701e-02	4.416e-02
195428.50	3.398e-03	7.104e-02	-1.670e-01
195429.50	-2.678e-03	-1.315e-01	1.757e-01
195430.50	-1.526e-03	4.445e-02	7.046e-02
195431.50	-1.056e-03	7.776e-02	-8.131e-02
195432.50	-8.170e-06	2.150e-02	1.891e-02
195433.50	3.360e-03	1.574e-01	7.718e-02
195434.50	8.045e-03	1.622e-01	2.285e-01
195435.50	1.440e-04	-7.805e-03	6.038e-02
195436.50	1.642e-04	2.909e-02	4.330e-02
195437.50	-1.046e-03	4.042e-02	-1.459e-01
195438.50	1.210e-03	3.043e-02	-2.160e-02
195439.50	-2.698e-03	-3.878e-02	-1.229e-01
195440.50	-1.987e-03	-6.778e-02	5.549e-02
195441.50	-1.661e-03	-1.296e-01	7.450e-02
195442.50	1.997e-03	1.728e-02	8.198e-02
195443.50	-8.822e-04	-1.651e-02	-9.984e-02
195444.50	-7.123e-04	5.395e-02	-1.200e-01
195445.50	-4.195e-04	4.781e-02	-1.872e-02
195446.50	3.830e-03	1.978e-01	-9.197e-02
195447.50	3.274e-03	1.363e-01	2.448e-02
195448.50	5.184e-03	1.325e-01	7.968e-02
195449.50	3.696e-03	1.392e-01	-4.042e-02
195450.50	-1.066e-03	-5.376e-02	5.760e-02
195451.50	-3.552e-03	-1.114e-01	-1.085e-01
195452.50	2.294e-03	-6.653e-02	1.315e-01
195453.50	1.421e-04	-5.645e-02	6.710e-03
195454.50	-1.526e-03	-1.229e-01	2.218e-02
195455.50	2.362e-03	6.077e-02	5.462e-02
195456.50	4.214e-03	1.555e-01	2.966e-02
195457.50	-5.818e-04	-5.558e-02	1.133e-01
195458.50	-5.990e-03	-8.438e-03	-9.379e-02
195459.50	-1.037e-03	-2.275e-02	2.438e-02
195460.50	8.246e-04	5.779e-02	-1.334e-01
195461.50	-1.142e-03	-1.027e-01	6.634e-03
195462.50	-2.285e-03	-9.590e-02	1.056e-01
195463.50	-3.802e-03	-1.229e-01	-2.035e-03
195464.50	-2.122e-03	-8.813e-02	-7.603e-02
195465.50	-2.170e-03	-1.526e-02	3.072e-02
195466.50	6.442e-03	1.891e-01	-7.670e-02
195467.50	-3.283e-04	1.200e-01	-4.483e-02
195468.50	-3.427e-03	-6.365e-02	-2.822e-03
195469.50	-3.216e-03	-2.918e-02	-1.421e-04
195470.50	5.338e-03	2.064e-01	-3.830e-02
195471.50	-2.419e-04	-5.616e-02	7.488e-02
195472.50	2.314e-03	1.171e-01	-2.150e-02
195473.50	6.326e-03	1.238e-01	-2.774e-02
195474.50	-5.261e-03	-1.315e-01	-5.501e-02
195475.50	-1.306e-03	-1.939e-03	-1.392e-02
195476.50	-7.901e-04	-2.208e-02	5.827e-02
195477.50	-2.554e-04	5.117e-03	-9.792e-02
195478.50	1.229e-03	4.733e-02	-4.358e-02
195479.50	1.238e-04	-4.752e-02	8.611e-02
195480.50	1.872e-03	9.696e-02	2.035e-02
195481.50	2.122e-03	1.037e-01	-5.731e-02
195482.50	1.910e-04	-3.821e-02	1.162e-01
195483.50	-1.267e-04	-2.256e-02	4.262e-03
195484.50	-5.136e-04	-5.731e-02	-2.611e-02
195485.50	4.877e-03	1.066e-01	-2.755e-02
195486.50	-3.005e-03	-9.888e-02	-1.075e-01
195487.50	-2.822e-03	3.782e-02	-3.178e-02
195488.50	1.411e-03	3.437e-02	1.757e-01
195489.50	7.690e-04	-9.984e-03	1.248e-03
195490.50	-1.594e-04	-1.277e-02	-1.344e-02
195491.50	-2.218e-03	-1.037e-01	-4.992e-02
195492.50	-3.110e-03	-1.027e-01	-6.662e-02
195493.50	-1.968e-03	-2.045e-02	-2.554e-02
195494.50	-1.603e-03	-8.870e-03	3.139e-02
195495.50	-4.896e-04	6.144e-03	-3.955e-02
195496.50	-3.917e-03	-4.349e-02	3.763e-04
195497.50	1.152e-03	1.526e-01	-1.344e-01
195498.50	2.141e-03	2.160e-02	4.349e-02
195499.50	1.037e-03	-4.752e-02	6.989e-02
195500.50	5.923e-04	-7.642e-02	-1.248e-02
195501.50	1.680e-03	3.504e-02	3.830e-03
195502.50	1.123e-03	1.046e-01	-1.152e-03
195503.50	-8.362e-05	3.706e-02	-1.056e-03
195504.50	-8.784e-04	-7.478e-03	-4.512e-02
195505.50	2.026e-03	3.878e-02	3.907e-02
195506.50	7.181e-06	-7.094e-03	6.883e-02
195507.50	-1.344e-03	-7.123e-02	6.960e-02
195508.50	4.426e-04	1.219e-01	-9.034e-02
195509.50	7.018e-03	-3.888e-02	-4.906e-02
195510.50	-1.459e-03	1.190e-01	-1.642e-01
195511.50	-3.418e-04	-4.445e-02	4.310e-02
195512.50	2.813e-03	9.696e-02	3.418e-02
195513.50	-4.646e-04	-3.715e-02	-1.584e-02
195514.50	5.933e-04	-4.224e-02	1.709e-02
195515.50	2.419e-03	-7.402e-02	1.008e-02
195516.50	-5.366e-03	-1.171e-01	6.269e-02
195517.50	1.114e-03	6.154e-02	3.178e-03
195518.50	-4.301e-04	-3.629e-03	-9.245e-02
195519.50	2.064e-03	9.792e-02	3.158e-02
195520.50	-3.091e-04	-8.659e-03	1.037e-01
195521.50	-2.045e-03	-5.386e-03	-1.478e-02
195522.50	-1.536e-03	1.114e-02	-9.561e-02
195523.50	1.805e-03	8.755e-02	1.910e-02
195524.50	2.198e-03	1.344e-02	3.715e-02
195525.50	9.888e-04	1.910e-02	-3.936e-02
195526.50	6.547e-04	3.773e-02	3.389e-02
195527.50	-5.645e-03	2.256e-02	-6.989e-02
195528.50	8.064e-04	-4.646e-03	-3.821e-02
195529.50	1.987e-03	3.370e-02	5.453e-02
195530.50	2.822e-03	4.378e-02	2.947e-02
195531.50	-2.573e-03	-1.162e-01	4.867e-02
195532.50	1.574e-03	7.315e-02	9.888e-02
195533.50	6.749e-04	5.933e-02	-2.285e-02
195534.50	-9.034e-04	-1.546e-02	5.424e-02
195535.50	-2.131e-03	-4.685e-02	-6.883e-02
195536.50	-3.715e-03	-4.435e-02	-7.210e-02
195537.50	-2.314e-03	-1.085e-01	-1.056e-02
195538.50	-4.445e-03	-1.229e-01	-1.949e-02
195539.50	-1.334e-03	-4.550e-02	-1.094e-02
195540.50	1.709e-03	7.805e-02	-3.734e-03
195541.50	1.498e-03	-4.896e-02	-2.064e-02
195542.50	3.427e-03	1.133e-01	2.150e-02
195543.50	7.382e-04	6.269e-02	3.782e-02
195544.50	-5.856e-04	-4.685e-04	2.170e-02
195545.50	1.018e-03	6.442e-03	-3.581e-02
195546.50	-2.227e-04	-3.110e-02	-5.002e-02
195547.50	-1.411e-03	2.688e-02	-3.658e-02
195548.50	-2.054e-06	5.443e-02	7.651e-03
195549.50	-1.709e-03	-1.354e-02	-4.896e-02
195550.50	3.658e-04	-7.987e-03	-5.482e-02
195551.50	3.581e-04	7.171e-03	1.066e-02
195552.50	-8.573e-04	-4.147e-02	1.152e-02
195553.50	-6.576e-05	6.154e-03	-5.184e-02
195554.50	-6.816e-04	-6.374e-02	2.400e-02
195555.50	-1.526e-03	-6.470e-02	-1.824e-02
195556.50	-3.821e-04	1.008e-01	-6.797e-02
195557.50	-5.530e-03	-1.728e-02	2.794e-02
195558.50	4.733e-04	3.466e-02	-4.109e-02
195559.50	6.509e-04	-2.880e-02	7.584e-03
195560.50	5.520e-04	-2.323e-02	8.448e-02
195561.50	-2.736e-03	-4.291e-02	2.131e-02
195562.50	4.301e-03	2.688e-02	6.922e-02
195563.50	-3.283e-04	-3.245e-02	7.344e-03
195564.50	1.987e-03	3.197e-02	-1.862e-02
195565.50	-4.618e-04	3.514e-02	-1.085e-01
195566.50	1.622e-03	3.235e-02	3.725e-02
195567.50	-1.757e-03	-3.754e-02	3.485e-03
195568.50	4.723e-03	1.277e-01	7.613e-02
195569.50	4.838e-03	1.267e-01	4.243e-02
195570.50	-2.189e-03	2.352e-02	-2.390e-02
195571.50	1.152e-04	3.389e-02	4.800e-02
195572.50	-4.944e-04	-4.838e-02	-3.523e-02
195573.50	-2.813e-03	-6.806e-02	-1.008e-01
195574.50	2.986e-03	-1.565e-02	1.075e-02
195575.50	3.091e-03	5.482e-02	-2.256e-02
195576.50	8.400e-04	1.920e-02	1.056e-01
195577.50	2.390e-03	1.632e-03	2.678e-02
195578.50	-1.987e-03	7.690e-03	-3.456e-02
195579.50	-6.029e-04	2.362e-02	-6.182e-02
195580.50	-1.229e-03	2.198e-04	2.736e-02
195581.50	1.958e-04	5.443e-02	-2.093e-02
195582.50	-4.291e-04	-3.360e-02	4.694e-02
195583.50	1.536e-03	8.976e-05	-4.416e-02
195584.50	-3.494e-03	-5.386e-02	4.771e-03
195585.50	-6.768e-04	3.158e-02	1.901e-02
195586.50	-2.592e-03	-7.805e-02	-5.088e-02
195587.50	-1.315e-03	-2.938e-02	2.496e-03
195588.50	-5.453e-04	-4.733e-02	-7.805e-03
195589.50	1.968e-03	6.864e-02	-1.651e-02
195590.50	1.392e-03	1.373e-02	-1.171e-02
195591.50	7.901e-05	-1.430e-02	3.955e-02
195592.50	-2.698e-03	-2.650e-02	-4.109e-02
195593.50	-6.346e-04	3.274e-02	-4.618e-03
195594.50	-1.334e-03	-7.219e-02	4.877e-03
195595.50	4.656e-04	-6.163e-02	3.226e-02
195596.50	-3.312e-05	-1.248e-02	2.381e-02
195597.50	-3.408e-05	-1.997e-02	1.402e-02
195598.50	-5.107e-04	-1.066e-02	-3.571e-02
195599.50	-1.296e-03	2.064e-03	-3.379e-02
195600.50	1.344e-03	-8.986e-03	4.435e-02
195601.50	1.603e-03	2.611e-02	7.373e-02
195602.50	2.093e-03	-2.371e-02	4.330e-03
195603.50	1.910e-03	-5.088e-02	5.798e-02
195604.50	-2.112e-03	1.219e-02	-9.696e-03
195605.50	6.221e-03	6.029e-02	6.019e-02
195606.50	4.042e-04	-2.256e-02	6.682e-03
195607.50	1.363e-03	7.958e-02	-4.080e-02
195608.50	2.592e-03	1.075e-02	2.650e-02
195609.50	2.390e-03	-1.632e-02	-4.637e-02
195610.50	-1.248e-02	-8.323e-02	-3.437e-02
195611.50	-3.072e-03	2.515e-03	5.117e-02
195612.50	2.678e-04	1.766e-02	-2.909e-03
195613.50	-8.736e-04	-3.437e-02	-7.680e-02
195614.50	-1.382e-03	-7.901e-03	-5.981e-02
195615.50	1.728e-03	4.176e-02	4.493e-03
195616.50	1.008e-03	8.966e-03	3.686e-02
195617.50	4.080e-04	2.285e-02	-5.923e-02
195618.50	9.389e-04	7.680e-04	-1.824e-02
195619.50	-3.734e-03	-3.629e-02	-9.696e-02
195620.50	-1.411e-03	-2.995e-02	-4.090e-02
195621.50	9.984e-04	3.235e-02	-4.042e-02
195622.50	3.590e-04	1.603e-02	2.525e-02
195623.50	3.840e-05	8.880e-03	2.784e-02
195624.50	-5.606e-04	-1.939e-02	2.438e-02
195625.50	2.899e-03	3.763e-02	7.296e-02
195626.50	7.939e-04	6.538e-03	-2.554e-02
195627.50	7.085e-04	7.123e-02	1.392e-02
195628.50	1.795e-03	5.117e-02	2.966e-02
195629.50	1.296e-04	-1.325e-02	3.302e-02
195630.50	1.094e-03	1.354e-02	7.450e-02
195631.50	-6.912e-04	-2.544e-02	4.224e-02
195632.50	-1.642e-03	-2.582e-02	-5.923e-03
195633.50	-4.848e-04	-1.123e-02	-6.864e-02
195634.50	-4.723e-04	1.584e-02	-1.114e-02
195635.50	7.843e-05	-7.526e-03	-1.104e-02
195636.50	1.690e-03	1.565e-02	6.854e-02
