195038.50	0.000e+00	0.000e+00	0.000e+00
195039.50	0.000e+00	0.000e+00	0.000e+00
195040.50	0.000e+00	0.000e+00	0.000e+00
195041.50	0.000e+00	0.000e+00	0.000e+00
195042.50	0.000e+00	0.000e+00	0.000e+00
195043.50	0.000e+00	0.000e+00	0.000e+00
195044.50	0.000e+00	0.000e+00	0.000e+00
195045.50	0.000e+00	0.000e+00	0.000e+00
195046.50	0.000e+00	0.000e+00	0.000e+00
195047.50	0.000e+00	0.000e+00	0.000e+00
195048.50	0.000e+00	0.000e+00	0.000e+00
195049.50	0.000e+00	0.000e+00	0.000e+00
195050.50	0.000e+00	0.000e+00	0.000e+00
195051.50	0.000e+00	0.000e+00	0.000e+00
195052.50	0.000e+00	0.000e+00	0.000e+00
195053.50	0.000e+00	0.000e+00	0.000e+00
195054.50	0.000e+00	0.000e+00	0.000e+00
195055.50	0.000e+00	0.000e+00	0.000e+00
195056.50	0.000e+00	0.000e+00	0.000e+00
195057.50	0.000e+00	0.000e+00	0.000e+00
195058.50	0.000e+00	0.000e+00	0.000e+00
195059.50	0.000e+00	0.000e+00	0.000e+00
195060.50	0.000e+00	0.000e+00	0.000e+00
195061.50	0.000e+00	0.000e+00	0.000e+00
195062.50	0.000e+00	0.000e+00	0.000e+00
195063.50	0.000e+00	0.000e+00	0.000e+00
195064.50	0.000e+00	0.000e+00	0.000e+00
195065.50	0.000e+00	0.000e+00	0.000e+00
195066.50	0.000e+00	0.000e+00	0.000e+00
195067.50	0.000e+00	0.000e+00	0.000e+00
195068.50	0.000e+00	0.000e+00	0.000e+00
195069.50	0.000e+00	0.000e+00	0.000e+00
195070.50	0.000e+00	0.000e+00	0.000e+00
195071.50	0.000e+00	0.000e+00	0.000e+00
195072.50	0.000e+00	0.000e+00	0.000e+00
195073.50	0.000e+00	0.000e+00	0.000e+00
195074.50	0.000e+00	0.000e+00	0.000e+00
195075.50	0.000e+00	0.000e+00	0.000e+00
195076.50	0.000e+00	0.000e+00	0.000e+00
195077.50	0.000e+00	0.000e+00	0.000e+00
195078.50	0.000e+00	0.000e+00	0.000e+00
195079.50	0.000e+00	0.000e+00	0.000e+00
195080.50	0.000e+00	0.000e+00	0.000e+00
195081.50	0.000e+00	0.000e+00	0.000e+00
195082.50	0.000e+00	0.000e+00	0.000e+00
195083.50	0.000e+00	0.000e+00	0.000e+00
195084.50	0.000e+00	0.000e+00	0.000e+00
195085.50	0.000e+00	0.000e+00	0.000e+00
195086.50	0.000e+00	0.000e+00	0.000e+00
195087.50	0.000e+00	0.000e+00	0.000e+00
195088.50	0.000e+00	0.000e+00	0.000e+00
195089.50	0.000e+00	0.000e+00	0.000e+00
195090.50	0.000e+00	0.000e+00	0.000e+00
195091.50	0.000e+00	0.000e+00	0.000e+00
195092.50	0.000e+00	0.000e+00	0.000e+00
195093.50	0.000e+00	0.000e+00	0.000e+00
195094.50	0.000e+00	0.000e+00	0.000e+00
195095.50	0.000e+00	0.000e+00	0.000e+00
195096.50	0.000e+00	0.000e+00	0.000e+00
195097.50	0.000e+00	0.000e+00	0.000e+00
195098.50	0.000e+00	0.000e+00	0.000e+00
195099.50	0.000e+00	0.000e+00	0.000e+00
195100.50	0.000e+00	0.000e+00	0.000e+00
195101.50	0.000e+00	0.000e+00	0.000e+00
195102.50	0.000e+00	0.000e+00	0.000e+00
195103.50	0.000e+00	0.000e+00	0.000e+00
195104.50	0.000e+00	0.000e+00	0.000e+00
195105.50	0.000e+00	0.000e+00	0.000e+00
195106.50	0.000e+00	0.000e+00	0.000e+00
195107.50	0.000e+00	0.000e+00	0.000e+00
195108.50	0.000e+00	0.000e+00	0.000e+00
195109.50	0.000e+00	0.000e+00	0.000e+00
195110.50	0.000e+00	0.000e+00	0.000e+00
195111.50	0.000e+00	0.000e+00	0.000e+00
195112.50	0.000e+00	0.000e+00	0.000e+00
195113.50	0.000e+00	0.000e+00	0.000e+00
195114.50	0.000e+00	0.000e+00	0.000e+00
195115.50	0.000e+00	0.000e+00	0.000e+00
195116.50	0.000e+00	0.000e+00	0.000e+00
195117.50	0.000e+00	0.000e+00	0.000e+00
195118.50	0.000e+00	0.000e+00	0.000e+00
195119.50	0.000e+00	0.000e+00	0.000e+00
195120.50	0.000e+00	0.000e+00	0.000e+00
195121.50	0.000e+00	0.000e+00	0.000e+00
195122.50	0.000e+00	0.000e+00	0.000e+00
195123.50	0.000e+00	0.000e+00	0.000e+00
195124.50	0.000e+00	0.000e+00	0.000e+00
195125.50	0.000e+00	0.000e+00	0.000e+00
195126.50	0.000e+00	0.000e+00	0.000e+00
195127.50	0.000e+00	0.000e+00	0.000e+00
195128.50	0.000e+00	0.000e+00	0.000e+00
195129.50	0.000e+00	0.000e+00	0.000e+00
195130.50	0.000e+00	0.000e+00	0.000e+00
195131.50	0.000e+00	0.000e+00	0.000e+00
195132.50	0.000e+00	0.000e+00	0.000e+00
195133.50	0.000e+00	0.000e+00	0.000e+00
195134.50	0.000e+00	0.000e+00	0.000e+00
195135.50	0.000e+00	0.000e+00	0.000e+00
195136.50	0.000e+00	0.000e+00	0.000e+00
195137.50	0.000e+00	0.000e+00	0.000e+00
195138.50	0.000e+00	0.000e+00	0.000e+00
195139.50	0.000e+00	0.000e+00	0.000e+00
195140.50	0.000e+00	0.000e+00	0.000e+00
195141.50	0.000e+00	0.000e+00	0.000e+00
195142.50	1.190e-04	-4.675e-03	-5.184e-03
195143.50	-6.403e-06	-3.274e-03	2.429e-03
195144.50	4.656e-05	4.166e-03	1.373e-03
195145.50	2.400e-04	3.466e-03	-9.792e-03
195146.50	4.138e-04	-2.467e-02	-2.669e-03
195147.50	4.022e-04	-2.640e-02	5.098e-03
195148.50	-9.178e-04	5.386e-02	6.490e-03
195149.50	-6.096e-04	3.149e-02	2.314e-02
195150.50	1.219e-04	2.842e-04	-8.832e-03
195151.50	1.728e-05	2.486e-03	-1.018e-02
195152.50	2.477e-04	-1.834e-02	-2.438e-03
195153.50	-2.726e-07	-7.613e-03	3.254e-03
195154.50	-1.238e-03	3.936e-02	1.613e-02
195155.50	2.794e-03	-7.565e-02	-5.270e-02
195156.50	1.325e-03	-2.198e-02	-3.715e-02
195157.50	-9.120e-04	2.256e-02	1.238e-02
195158.50	1.181e-04	-5.626e-03	2.640e-02
195159.50	-8.400e-05	1.411e-02	-1.478e-02
195160.50	2.563e-05	-3.840e-03	2.112e-02
195161.50	1.872e-04	-2.947e-04	-1.286e-02
195162.50	-4.685e-05	-1.210e-02	6.787e-03
195163.50	5.702e-04	-1.344e-01	9.696e-03
195164.50	-9.187e-05	-3.994e-02	3.888e-02
195165.50	-8.746e-04	6.269e-02	1.344e-01
195166.50	4.541e-05	-4.742e-03	3.955e-02
195167.50	-1.517e-04	2.736e-02	-2.160e-02
195168.50	1.661e-03	9.984e-02	-2.294e-01
195169.50	1.008e-03	-2.448e-01	-5.597e-02
195170.50	1.229e-03	-7.094e-01	2.410e-01
195171.50	3.130e-03	-1.286e+00	4.224e-02
195172.50	1.008e-02	-5.875e+00	5.904e-01
195173.50	2.842e-02	-1.776e+01	1.306e+00
195174.50	1.181e-01	-4.896e+01	-6.374e-01
195175.50	2.659e-01	-1.142e+02	-8.362e-01
195176.50	4.522e-01	-2.189e+02	6.547e+00
195177.50	5.251e-01	-2.496e+02	5.242e+00
195178.50	3.754e-01	-1.882e+02	6.605e+00
195179.50	6.010e-01	-2.986e+02	6.970e+00
195180.50	3.014e-01	-1.190e+02	-4.090e+00
195181.50	-1.306e-02	1.728e+01	2.669e-01
195182.50	-1.200e-01	9.984e+01	-9.302e+00
195183.50	-1.978e-01	1.008e+02	2.016e+00
195184.50	-1.632e-01	9.696e+01	-3.658e+00
195185.50	-1.066e-01	8.016e+01	-7.910e+00
195186.50	-1.373e-01	6.989e+01	-3.187e-02
195187.50	-1.507e-01	6.480e+01	1.757e+00
195188.50	-1.181e-01	5.069e+01	1.382e+00
195189.50	-1.037e-01	5.261e+01	-1.747e+00
195190.50	-8.294e-02	4.570e+01	-1.766e+00
195191.50	-6.595e-02	3.974e+01	-3.302e+00
195192.50	-7.200e-02	3.840e+01	-1.882e+00
195193.50	-9.158e-02	3.379e+01	1.046e+00
195194.50	-6.250e-02	3.034e+01	-7.978e-01
195195.50	-5.338e-02	2.640e+01	-1.075e+00
195196.50	-5.827e-02	2.678e+01	1.171e-01
195197.50	-6.787e-02	2.294e+01	1.680e+00
195198.50	-5.184e-02	2.266e+01	5.232e-01
195199.50	-4.310e-02	1.968e+01	-8.947e-01
195200.50	-4.176e-02	1.747e+01	-5.213e-01
195201.50	-4.406e-02	1.642e+01	5.242e-01
195202.50	-3.101e-02	1.507e+01	-7.987e-01
195203.50	-2.438e-02	1.421e+01	-1.373e+00
195204.50	-4.128e-02	1.440e+01	6.211e-01
195205.50	-4.464e-02	1.507e+01	2.006e+00
195206.50	-4.147e-02	1.258e+01	5.069e-01
195207.50	-2.822e-02	1.219e+01	3.130e-01
195208.50	-1.238e-02	1.046e+01	-1.699e+00
195209.50	-2.909e-02	1.094e+01	-2.083e-01
195210.50	-2.218e-02	9.235e+00	-4.992e-01
195211.50	-1.949e-02	9.139e+00	-9.888e-01
195212.50	-8.246e-03	7.546e+00	-1.171e+00
195213.50	-2.246e-02	7.085e+00	4.320e-01
195214.50	-3.024e-02	8.784e+00	9.792e-01
195215.50	-1.200e-02	6.701e+00	-7.037e-01
195216.50	-2.102e-02	6.365e+00	8.496e-01
195217.50	-1.344e-02	6.499e+00	4.368e-01
195218.50	-1.824e-02	6.154e+00	6.720e-01
195219.50	-2.371e-02	5.232e+00	1.718e+00
195220.50	-1.555e-02	5.453e+00	5.117e-01
195221.50	-1.632e-02	4.550e+00	5.587e-01
195222.50	-2.160e-02	4.301e+00	5.184e-01
195223.50	-7.229e-03	4.771e+00	-9.533e-01
195224.50	-1.296e-02	4.579e+00	-2.102e-01
195225.50	-1.690e-02	4.282e+00	-8.294e-01
195226.50	-1.411e-02	2.602e+00	-3.043e-01
195227.50	-7.920e-03	2.678e+00	4.282e-01
195228.50	-9.696e-04	4.262e+00	2.515e-01
195229.50	-8.592e-03	3.187e+00	2.592e-02
195230.50	-8.736e-03	3.437e+00	2.870e-02
195231.50	-1.325e-02	3.850e+00	6.461e-01
195232.50	-1.344e-02	3.187e+00	2.352e-01
195233.50	-9.446e-04	3.110e+00	-4.426e-01
195234.50	-1.152e-02	2.218e+00	8.141e-01
195235.50	-4.781e-03	1.718e+00	4.618e-01
195236.50	-9.168e-03	2.717e+00	1.891e-01
195237.50	-1.469e-03	1.526e+00	-4.896e-01
195238.50	-3.965e-03	1.306e+00	-5.136e-01
195239.50	-6.806e-03	2.890e+00	-4.762e-01
195240.50	-4.138e-03	1.459e+00	1.459e-02
195241.50	-4.992e-03	1.142e+00	1.008e-01
195242.50	-7.085e-03	1.939e+00	2.131e-01
195243.50	-5.741e-05	1.757e+00	1.622e-01
195244.50	-5.683e-03	1.526e+00	8.419e-02
195245.50	-9.283e-03	1.843e+00	-7.411e-02
195246.50	-4.109e-03	1.690e+00	-2.861e-01
195247.50	-6.106e-03	1.162e+00	-5.059e-02
195248.50	-1.718e-04	1.430e+00	9.178e-03
195249.50	1.498e-03	1.344e+00	-7.123e-01
195250.50	-5.616e-03	1.210e+00	2.458e-01
195251.50	-1.056e-02	1.517e+00	1.574e-01
195252.50	-9.984e-03	3.418e-01	2.573e-01
195253.50	3.341e-03	4.666e-01	-6.662e-01
195254.50	-4.982e-03	1.200e+00	3.101e-01
195255.50	2.131e-03	9.984e-01	-2.122e-01
195256.50	-1.123e-02	8.899e-01	5.971e-01
195257.50	-7.411e-03	8.842e-01	-2.352e-01
195258.50	-8.794e-04	8.899e-01	2.544e-02
195259.50	-2.131e-03	9.139e-01	-4.877e-01
195260.50	7.603e-03	8.698e-01	2.563e-01
195261.50	4.493e-03	5.635e-01	-8.179e-02
195262.50	-2.736e-03	7.498e-03	8.208e-01
195263.50	9.235e-04	5.376e-01	-3.523e-01
195264.50	-4.022e-04	5.059e-01	-3.101e-01
195265.50	3.984e-03	1.056e+00	2.861e-02
195266.50	1.286e-02	9.984e-01	3.370e-01
195267.50	1.786e-02	2.957e-01	-6.106e-02
195268.50	2.390e-02	4.982e-01	-3.360e-01
195269.50	-5.520e-02	2.093e-01	3.216e-02
195270.50	-2.765e-02	-1.968e-01	8.112e-01
195271.50	1.392e-02	9.984e-01	-2.784e-01
195272.50	-2.179e-03	5.923e-01	-3.178e-01
195273.50	-1.046e-02	3.994e-01	4.550e-03
195274.50	-9.792e-03	6.566e-01	3.283e-01
195275.50	-1.843e-02	2.832e-01	-2.957e-01
195276.50	-1.037e-03	3.600e-01	1.997e-01
195277.50	8.515e-03	7.200e-01	-5.155e-02
195278.50	2.861e-02	7.046e-01	6.528e-02
195279.50	1.834e-02	1.901e-01	-1.738e-01
195280.50	-2.160e-02	1.862e-01	-5.395e-01
195281.50	-1.056e-02	3.763e-01	-1.085e-01
195282.50	6.307e-03	2.218e-02	-2.227e-01
195283.50	-3.466e-03	2.438e-01	1.190e-01
195284.50	-2.352e-03	1.171e-01	1.824e-01
195285.50	-2.621e-03	6.701e-01	1.651e-01
195286.50	-5.088e-03	4.301e-01	4.243e-01
195287.50	1.622e-03	1.987e-01	-2.323e-01
195288.50	-9.696e-04	3.187e-01	1.757e-01
195289.50	-6.019e-03	1.594e-01	-1.728e-01
195290.50	-1.219e-02	1.171e-01	-3.446e-01
195291.50	2.323e-02	1.123e-01	6.528e-01
195292.50	-1.248e-03	5.395e-01	-1.133e-01
195293.50	3.888e-03	-8.304e-02	-9.792e-02
195294.50	-8.611e-03	1.450e-01	-2.448e-02
195295.50	7.709e-03	2.342e-01	1.104e-01
195296.50	4.205e-03	5.626e-02	1.488e-01
195297.50	-3.629e-03	2.573e-01	-3.206e-01
195298.50	1.306e-03	3.370e-01	-9.792e-02
195299.50	-4.915e-04	3.139e-01	-1.200e-01
195300.50	-1.056e-03	4.310e-01	2.064e-01
195301.50	-9.888e-04	2.006e-01	-9.072e-02
195302.50	-3.562e-03	2.352e-01	-1.363e-02
195303.50	-4.368e-03	1.843e-01	2.102e-01
195304.50	-3.610e-04	3.235e-04	-1.248e-01
195305.50	-3.350e-03	1.056e-01	1.258e-01
195306.50	4.656e-04	2.851e-01	-1.325e-01
195307.50	-5.664e-03	5.990e-02	1.373e-01
195308.50	1.776e-03	-1.478e-01	-2.602e-02
195309.50	1.478e-03	1.219e-01	-1.642e-01
195310.50	1.978e-03	-6.259e-03	2.006e-01
195311.50	-1.133e-02	2.784e-01	1.075e-01
195312.50	-1.181e-02	8.477e-03	9.696e-02
195313.50	-4.205e-04	3.638e-01	1.805e-01
195314.50	4.435e-04	-1.181e-01	2.621e-01
195315.50	1.939e-03	3.034e-02	-9.888e-02
195316.50	9.792e-04	3.130e-01	-3.274e-01
195317.50	-6.240e-03	6.134e-02	-1.363e-01
195318.50	-4.819e-03	2.966e-02	-9.024e-02
195319.50	-4.243e-03	2.064e-03	2.438e-02
195320.50	4.080e-03	3.149e-01	1.555e-01
195321.50	6.259e-03	1.920e-01	7.094e-02
195322.50	6.730e-03	-9.600e-02	-1.354e-01
195323.50	2.170e-03	-4.061e-02	-1.978e-02
195324.50	-6.509e-03	9.168e-02	5.126e-02
195325.50	-1.536e-03	9.600e-04	2.390e-02
195326.50	-2.736e-03	1.373e-01	-2.822e-01
195327.50	-5.971e-03	3.446e-01	-1.526e-01
195328.50	4.838e-03	-7.094e-02	-1.344e-01
195329.50	7.104e-04	2.064e-01	1.574e-01
195330.50	-1.162e-03	-2.150e-01	-6.346e-02
195331.50	-2.371e-03	3.302e-01	-7.843e-02
195332.50	-1.978e-03	2.534e-01	1.162e-02
195333.50	-2.525e-03	-3.226e-02	1.709e-01
195334.50	-2.640e-03	4.426e-02	4.406e-02
195335.50	-5.117e-03	4.944e-02	2.515e-01
195336.50	3.811e-03	-7.037e-02	-5.155e-02
195337.50	1.786e-03	3.226e-02	2.506e-02
195338.50	-2.659e-03	2.986e-01	1.632e-01
195339.50	2.054e-03	-8.458e-02	-1.094e-01
195340.50	1.478e-03	8.275e-02	-2.928e-01
195341.50	2.131e-04	1.670e-02	-1.219e-01
195342.50	-2.419e-03	-1.862e-01	5.443e-02
195343.50	2.765e-04	1.776e-01	7.651e-02
195344.50	-1.094e-03	-7.488e-02	-8.918e-03
195345.50	-2.573e-03	2.429e-02	1.286e-01
195346.50	5.088e-04	1.402e-01	-7.094e-02
195347.50	8.870e-03	2.304e-01	1.594e-02
195348.50	8.746e-03	1.363e-01	3.734e-02
195349.50	-2.275e-03	8.131e-02	-1.190e-01
195350.50	5.827e-03	-5.626e-02	-9.283e-02
195351.50	2.208e-03	3.648e-02	-1.056e-01
195352.50	-2.506e-02	-1.219e-02	6.691e-02
195353.50	-1.651e-03	1.987e-01	1.901e-01
195354.50	-1.123e-03	-1.171e-02	-6.230e-02
195355.50	-3.014e-03	-1.306e-02	-3.638e-02
195356.50	5.242e-03	-2.122e-01	7.306e-02
195357.50	2.323e-04	1.613e-03	6.278e-02
195358.50	-8.429e-03	1.920e-01	1.478e-01
195359.50	-2.582e-03	4.858e-02	1.315e-01
195360.50	7.008e-04	2.784e-01	-1.526e-01
195361.50	1.680e-03	3.562e-02	-3.350e-02
195362.50	-1.094e-04	-7.920e-02	2.650e-01
195363.50	-1.450e-03	4.090e-02	-1.834e-02
195364.50	-1.834e-03	5.674e-02	2.266e-02
195365.50	-1.459e-03	1.315e-01	1.027e-01
195366.50	-4.598e-04	3.878e-02	5.923e-02
195367.50	-1.142e-03	7.709e-02	-1.238e-01
195368.50	-1.949e-03	-3.590e-02	-2.678e-02
195369.50	-3.283e-03	8.294e-02	2.054e-01
195370.50	-3.216e-04	-1.027e-01	9.888e-02
195371.50	-8.496e-04	8.832e-02	-1.219e-01
195372.50	4.397e-03	6.259e-04	1.325e-02
195373.50	-6.518e-03	-1.546e-01	-7.382e-03
195374.50	1.229e-04	6.701e-02	3.283e-03
195375.50	-7.114e-03	1.344e-02	-1.008e-01
195376.50	4.070e-03	2.074e-01	-9.571e-02
195377.50	-1.824e-03	1.862e-02	-1.094e-02
195378.50	-8.198e-04	-3.178e-02	3.389e-02
195379.50	1.066e-03	-1.315e-01	-5.203e-02
195380.50	5.414e-04	3.984e-02	7.728e-02
195381.50	-1.152e-03	-5.136e-02	1.584e-01
195382.50	-5.616e-04	3.398e-02	-1.306e-01
195383.50	5.520e-04	5.558e-02	1.430e-01
195384.50	-8.170e-04	8.026e-03	1.555e-02
195385.50	-2.448e-03	-1.949e-02	-1.978e-01
195386.50	2.592e-03	4.656e-02	9.331e-02
195387.50	4.666e-03	-1.181e-01	6.758e-04
195388.50	-2.544e-03	2.093e-01	-1.382e-02
195389.50	-3.446e-03	6.058e-04	1.709e-01
195390.50	-2.842e-03	1.450e-01	6.835e-02
195391.50	-7.949e-03	1.075e-02	-1.104e-02
195392.50	-1.018e-03	4.502e-02	1.171e-03
195393.50	2.400e-04	2.870e-02	4.032e-02
195394.50	1.882e-03	-1.651e-01	3.552e-02
195395.50	-5.722e-03	3.504e-02	-6.883e-02
195396.50	-9.504e-03	4.186e-02	9.600e-02
195397.50	-2.765e-03	-5.021e-02	-2.131e-01
195398.50	4.061e-05	-4.522e-02	-7.459e-02
195399.50	-4.042e-03	7.190e-02	1.181e-01
195400.50	-9.312e-04	6.115e-02	2.179e-02
195401.50	7.728e-03	2.160e-02	-9.466e-02
195402.50	4.493e-03	-1.171e-01	-1.546e-01
195403.50	2.899e-03	-9.792e-03	2.554e-02
195404.50	-1.642e-02	-2.822e-02	-5.846e-02
195405.50	-1.325e-03	-9.120e-03	-6.538e-02
195406.50	1.747e-02	1.344e-01	1.958e-01
195407.50	3.658e-03	7.094e-02	1.210e-01
195408.50	3.514e-05	4.051e-02	7.574e-03
195409.50	6.269e-06	-3.302e-02	-8.899e-02
195410.50	7.622e-03	-2.534e-02	-1.584e-01
195411.50	-2.765e-06	5.971e-02	-1.632e-02
195412.50	5.933e-03	5.376e-02	4.627e-02
195413.50	1.507e-02	5.664e-03	4.973e-02
195414.50	5.222e-02	-3.014e-01	-3.043e-01
195415.50	-1.306e-02	-1.162e-01	3.120e-01
195416.50	-3.341e-02	1.613e-01	-3.014e-02
195417.50	-1.622e-02	6.557e-03	2.198e-02
195418.50	2.342e-03	1.440e-02	3.936e-02
195419.50	-8.294e-03	1.258e-01	5.338e-03
195420.50	-4.138e-03	6.854e-03	-3.158e-05
195421.50	6.317e-03	-2.026e-02	-5.242e-02
195422.50	7.133e-04	-1.258e-01	-2.563e-02
195423.50	-8.371e-04	-1.450e-01	-2.938e-02
195424.50	4.838e-03	1.104e-01	-1.536e-01
195425.50	2.102e-03	-4.330e-02	4.128e-02
195426.50	3.629e-03	-1.344e-02	-1.901e-01
195427.50	-8.602e-04	2.160e-03	4.378e-02
195428.50	-1.056e-03	6.970e-02	2.246e-01
195429.50	8.621e-03	-1.373e-01	2.237e-02
195430.50	2.496e-03	-1.123e-02	-1.402e-01
195431.50	2.227e-03	-4.886e-02	2.803e-02
195432.50	-9.696e-04	3.629e-02	3.053e-04
195433.50	-8.102e-04	4.061e-02	-1.056e-03
195434.50	-1.181e-03	-2.045e-02	-8.141e-02
195435.50	-1.104e-03	1.094e-01	6.403e-02
195436.50	-1.056e-03	9.149e-02	6.010e-02
195437.50	-2.947e-03	4.109e-02	1.757e-02
195438.50	3.446e-04	6.422e-02	6.931e-02
195439.50	1.344e-02	1.670e-01	1.949e-02
195440.50	-1.757e-02	-2.074e-01	2.208e-02
195441.50	-6.307e-05	-3.706e-02	-1.248e-02
195442.50	-1.949e-04	-2.285e-02	1.910e-02
195443.50	3.014e-03	4.502e-02	-6.144e-02
195444.50	1.459e-03	4.512e-02	-6.394e-02
195445.50	1.968e-03	1.027e-01	3.130e-02
195446.50	1.738e-03	-7.123e-02	1.862e-02
195447.50	-1.987e-03	-1.238e-02	-3.389e-02
195448.50	5.203e-04	-1.085e-02	1.066e-01
195449.50	-4.570e-03	-3.398e-02	1.056e-01
195450.50	5.136e-03	1.373e-01	-1.872e-02
195451.50	2.534e-03	-3.197e-02	-1.142e-02
195452.50	-6.922e-04	7.642e-02	4.675e-02
195453.50	2.774e-03	-1.507e-02	-1.162e-01
195454.50	2.467e-03	4.848e-02	9.984e-03
195455.50	-7.910e-04	2.803e-02	-1.526e-02
195456.50	-3.398e-03	2.333e-02	-4.954e-02
195457.50	-3.840e-04	5.117e-02	-3.571e-02
195458.50	3.898e-04	-1.334e-02	-6.326e-03
195459.50	1.190e-03	8.486e-02	-1.104e-01
195460.50	8.429e-04	-8.198e-02	6.010e-02
195461.50	4.637e-03	-7.334e-02	2.746e-02
195462.50	-2.957e-03	3.302e-04	-6.749e-02
195463.50	-6.854e-03	5.242e-02	-2.813e-03
195464.50	2.611e-03	1.210e-01	3.302e-03
195465.50	4.474e-03	-7.930e-02	-9.696e-03
195466.50	1.325e-02	3.792e-02	3.226e-02
195467.50	-7.853e-03	-3.341e-02	-7.421e-02
195468.50	-2.246e-03	2.275e-02	-3.283e-02
195469.50	-2.515e-03	8.179e-02	5.914e-02
195470.50	-1.603e-03	-2.160e-02	-2.947e-02
195471.50	7.402e-04	-2.554e-02	3.715e-02
195472.50	-8.602e-03	-8.909e-02	6.413e-02
195473.50	-5.731e-03	-9.600e-02	1.046e-05
195474.50	-3.638e-04	1.613e-02	-5.616e-03
195475.50	-1.085e-03	-1.085e-02	-7.766e-03
195476.50	1.642e-04	-6.902e-02	-2.026e-02
195477.50	-7.248e-04	5.472e-02	-2.851e-02
195478.50	1.430e-03	1.181e-01	3.590e-02
195479.50	-1.411e-03	8.669e-02	7.834e-02
195480.50	-1.536e-03	-2.496e-03	-8.314e-03
195481.50	3.139e-03	-3.254e-02	-3.792e-02
195482.50	2.198e-04	2.054e-02	1.757e-02
195483.50	-1.718e-03	-3.830e-02	3.830e-03
195484.50	7.306e-04	3.533e-03	4.858e-02
195485.50	-2.621e-03	2.918e-03	-3.600e-02
195486.50	2.170e-02	3.350e-02	7.354e-02
195487.50	4.320e-02	-3.360e-03	1.171e-01
195488.50	-3.859e-03	-2.506e-02	-1.114e-02
195489.50	-2.707e-03	9.552e-02	3.302e-03
195490.50	6.538e-04	-5.952e-02	-6.163e-02
195491.50	2.429e-04	-4.704e-02	-1.219e-02
195492.50	6.518e-03	1.248e-01	-3.120e-02
195493.50	6.739e-03	1.181e-02	1.027e-02
195494.50	-6.058e-02	7.498e-02	-1.862e-01
195495.50	-1.315e-02	-2.256e-02	-5.683e-02
195496.50	-5.328e-04	1.258e-01	-6.643e-02
195497.50	-3.773e-04	-3.677e-02	-7.642e-03
195498.50	-6.576e-04	-3.552e-02	5.290e-02
195499.50	6.461e-04	-7.843e-02	-4.138e-02
195500.50	-2.006e-03	5.818e-02	1.738e-03
195501.50	9.149e-04	4.416e-02	3.466e-02
195502.50	-2.285e-04	3.446e-02	2.170e-02
195503.50	-1.094e-03	-5.069e-02	1.536e-02
195504.50	1.402e-04	9.888e-02	1.555e-02
195505.50	-1.747e-04	-4.349e-02	4.022e-02
195506.50	1.123e-03	-2.438e-02	2.381e-02
195507.50	1.363e-04	3.965e-03	-8.525e-03
195508.50	-2.784e-04	-7.286e-02	-3.082e-02
195509.50	1.363e-03	-1.248e-01	1.267e-02
195510.50	1.334e-03	5.280e-02	-1.622e-03
195511.50	-9.514e-04	6.384e-02	9.005e-02
195512.50	-4.368e-04	-4.291e-02	-6.163e-02
195513.50	-8.131e-04	2.227e-02	-5.904e-03
195514.50	1.795e-03	-2.995e-02	-5.530e-03
195515.50	6.192e-03	3.600e-02	-1.354e-01
195516.50	4.042e-04	2.938e-02	-1.843e-02
195517.50	1.296e-03	2.304e-02	-8.429e-02
195518.50	-2.698e-03	4.944e-02	7.718e-02
195519.50	-3.542e-03	-1.248e-01	1.056e-01
195520.50	-1.450e-03	-9.091e-02	-3.840e-02
195521.50	-1.325e-03	-4.368e-02	-3.130e-03
195522.50	4.944e-04	1.200e-02	5.750e-02
195523.50	-5.654e-04	-5.818e-02	-7.104e-03
195524.50	4.954e-04	-6.653e-03	-3.302e-02
195525.50	1.296e-03	3.504e-02	-9.984e-03
195526.50	-1.882e-04	-1.334e-02	2.016e-02
195527.50	-4.992e-03	-4.771e-02	9.696e-02
195528.50	-1.296e-04	-4.512e-03	-3.504e-02
195529.50	8.381e-04	3.293e-02	-6.211e-03
195530.50	9.888e-04	-4.781e-02	4.838e-02
195531.50	-1.603e-04	-2.899e-03	4.272e-02
195532.50	1.056e-03	8.496e-02	-7.123e-02
195533.50	-1.382e-04	-3.005e-02	-6.230e-02
195534.50	5.309e-04	4.128e-02	-4.982e-02
195535.50	4.493e-04	9.312e-03	5.510e-02
195536.50	1.315e-03	6.701e-03	4.368e-02
195537.50	-2.582e-04	3.283e-02	-4.243e-03
195538.50	1.306e-03	-5.741e-02	3.283e-02
195539.50	9.792e-04	-3.110e-02	-7.152e-02
195540.50	-6.470e-04	8.275e-02	-4.531e-02
195541.50	-1.114e-03	1.363e-02	2.150e-02
195542.50	4.886e-04	-3.792e-02	3.149e-02
195543.50	3.235e-04	-3.005e-02	-8.064e-02
195544.50	-3.254e-04	2.448e-02	-2.314e-02
195545.50	1.642e-04	7.094e-02	2.189e-02
195546.50	7.258e-04	-7.450e-02	-3.456e-02
195547.50	-2.755e-04	-9.168e-03	1.027e-01
195548.50	1.325e-04	1.238e-02	1.738e-02
195549.50	-7.046e-04	2.794e-02	-6.538e-02
195550.50	-3.696e-04	2.083e-02	-1.536e-02
195551.50	8.842e-04	3.504e-02	2.477e-02
195552.50	-1.334e-03	1.315e-03	4.061e-02
195553.50	-8.112e-04	-2.054e-02	-8.784e-03
195554.50	-2.534e-04	1.968e-02	1.075e-02
195555.50	-3.456e-04	1.459e-02	-4.349e-02
195556.50	9.370e-05	4.070e-03	-1.277e-02
195557.50	-1.027e-03	-5.568e-02	2.438e-02
195558.50	-3.629e-04	7.248e-02	6.019e-02
195559.50	-1.882e-04	1.834e-02	5.002e-02
195560.50	5.558e-04	2.698e-02	-2.765e-02
195561.50	2.496e-04	8.938e-02	4.416e-02
195562.50	7.546e-04	-1.526e-02	2.102e-02
195563.50	-8.640e-04	-9.034e-02	1.507e-02
195564.50	2.755e-04	-2.438e-02	-5.270e-02
195565.50	-7.334e-04	3.725e-02	6.365e-02
195566.50	1.363e-04	5.818e-03	-7.430e-03
195567.50	-3.859e-04	5.683e-02	8.429e-03
195568.50	6.403e-04	3.830e-02	-5.136e-02
195569.50	9.245e-04	5.088e-02	-3.178e-02
195570.50	1.488e-03	-1.411e-02	1.814e-02
195571.50	-4.406e-04	-3.754e-02	9.322e-03
195572.50	-3.187e-04	-1.872e-02	1.536e-02
195573.50	4.838e-04	-6.096e-02	1.670e-03
195574.50	-2.362e-07	2.909e-03	-3.322e-03
195575.50	-5.626e-04	-3.418e-02	-1.421e-02
195576.50	-4.627e-04	-5.203e-02	-6.538e-02
195577.50	1.008e-03	-4.877e-02	-6.326e-02
195578.50	5.299e-04	-7.872e-03	-2.707e-03
195579.50	9.552e-04	2.995e-02	-2.880e-02
195580.50	7.344e-02	2.102e-01	-2.822e-02
195581.50	1.267e-03	1.843e-02	4.109e-02
195582.50	-1.834e-03	-9.888e-03	3.043e-02
195583.50	-2.227e-02	-5.549e-02	9.245e-02
195584.50	9.571e-04	-7.805e-03	-1.968e-02
195585.50	1.162e-03	-1.344e-02	4.493e-02
195586.50	-9.792e-04	9.139e-03	5.434e-02
195587.50	-1.738e-03	-1.440e-02	2.736e-02
195588.50	-1.142e-03	2.765e-02	5.779e-03
195589.50	-5.885e-04	3.245e-02	2.957e-02
195590.50	-9.350e-04	-2.486e-02	8.218e-03
195591.50	-1.296e-02	-7.430e-02	-4.080e-02
195592.50	-3.590e-02	-6.269e-02	-6.845e-02
195593.50	-3.091e-04	-9.984e-03	1.046e-02
195594.50	-7.834e-05	2.803e-02	5.261e-02
195595.50	1.075e-03	-5.184e-02	-4.176e-02
195596.50	-1.613e-04	2.707e-02	-1.296e-02
195597.50	9.331e-07	7.354e-02	-2.179e-02
195598.50	4.627e-04	2.986e-02	-8.400e-03
195599.50	-7.699e-04	1.171e-02	7.891e-02
195600.50	2.438e-04	-4.061e-03	-2.966e-02
195601.50	-2.266e-04	-3.629e-02	-1.315e-02
195602.50	2.419e-04	-2.294e-02	-3.763e-02
195603.50	-2.986e-04	2.122e-02	-2.342e-02
195604.50	1.718e-04	4.618e-04	-4.829e-02
195605.50	2.938e-03	-5.818e-03	1.114e-02
195606.50	6.576e-03	9.696e-03	-1.037e-02
195607.50	3.514e-03	-2.592e-02	-2.362e-02
195608.50	-1.286e-03	2.150e-02	2.179e-02
195609.50	-1.008e-03	-1.354e-02	1.507e-02
195610.50	-5.808e-04	-3.005e-02	4.579e-03
195611.50	4.282e-04	-9.792e-03	3.782e-02
195612.50	-2.621e-03	1.066e-02	-1.104e-02
195613.50	-1.181e-03	4.042e-02	2.170e-02
195614.50	-4.790e-03	3.005e-03	-4.483e-04
195615.50	-7.046e-04	-1.824e-02	1.728e-02
195616.50	-5.837e-04	-1.286e-02	-2.438e-02
195617.50	1.987e-03	1.949e-02	-1.814e-02
195618.50	-1.373e-04	5.568e-03	2.390e-02
195619.50	-8.064e-04	7.939e-03	-3.427e-02
195620.50	1.238e-03	2.227e-02	-6.010e-03
195621.50	1.450e-03	6.787e-05	1.018e-03
195622.50	4.637e-04	-6.528e-03	4.819e-02
195623.50	2.918e-04	-2.438e-02	4.474e-03
195624.50	1.968e-04	-1.229e-02	1.296e-02
195625.50	1.430e-04	1.296e-02	-2.102e-02
195626.50	-7.133e-04	7.814e-02	1.258e-02
195627.50	8.890e-06	2.064e-02	1.459e-02
195628.50	7.997e-04	-4.646e-02	3.168e-02
195629.50	-6.989e-04	3.984e-02	2.506e-02
195630.50	4.733e-04	-6.662e-03	-3.600e-02
195631.50	7.123e-04	-2.112e-02	-8.458e-02
195632.50	6.797e-04	-4.426e-02	-3.619e-02
195633.50	-1.872e-04	-3.370e-02	5.856e-02
195634.50	4.752e-04	2.611e-02	-1.046e-02
195635.50	1.248e-03	-3.926e-03	-4.982e-03
195636.50	-1.469e-03	-2.016e-02	3.418e-02
