195038.50	0.000e+00	0.000e+00	0.000e+00
195039.50	0.000e+00	0.000e+00	0.000e+00
195040.50	0.000e+00	0.000e+00	0.000e+00
195041.50	0.000e+00	0.000e+00	0.000e+00
195042.50	0.000e+00	0.000e+00	0.000e+00
195043.50	0.000e+00	0.000e+00	0.000e+00
195044.50	0.000e+00	0.000e+00	0.000e+00
195045.50	0.000e+00	0.000e+00	0.000e+00
195046.50	0.000e+00	0.000e+00	0.000e+00
195047.50	0.000e+00	0.000e+00	0.000e+00
195048.50	0.000e+00	0.000e+00	0.000e+00
195049.50	0.000e+00	0.000e+00	0.000e+00
195050.50	0.000e+00	0.000e+00	0.000e+00
195051.50	0.000e+00	0.000e+00	0.000e+00
195052.50	0.000e+00	0.000e+00	0.000e+00
195053.50	0.000e+00	0.000e+00	0.000e+00
195054.50	0.000e+00	0.000e+00	0.000e+00
195055.50	0.000e+00	0.000e+00	0.000e+00
195056.50	0.000e+00	0.000e+00	0.000e+00
195057.50	0.000e+00	0.000e+00	0.000e+00
195058.50	0.000e+00	0.000e+00	0.000e+00
195059.50	0.000e+00	0.000e+00	0.000e+00
195060.50	0.000e+00	0.000e+00	0.000e+00
195061.50	0.000e+00	0.000e+00	0.000e+00
195062.50	0.000e+00	0.000e+00	0.000e+00
195063.50	0.000e+00	0.000e+00	0.000e+00
195064.50	0.000e+00	0.000e+00	0.000e+00
195065.50	0.000e+00	0.000e+00	0.000e+00
195066.50	0.000e+00	0.000e+00	0.000e+00
195067.50	0.000e+00	0.000e+00	0.000e+00
195068.50	0.000e+00	0.000e+00	0.000e+00
195069.50	0.000e+00	0.000e+00	0.000e+00
195070.50	0.000e+00	0.000e+00	0.000e+00
195071.50	0.000e+00	0.000e+00	0.000e+00
195072.50	0.000e+00	0.000e+00	0.000e+00
195073.50	0.000e+00	0.000e+00	0.000e+00
195074.50	0.000e+00	0.000e+00	0.000e+00
195075.50	0.000e+00	0.000e+00	0.000e+00
195076.50	0.000e+00	0.000e+00	0.000e+00
195077.50	0.000e+00	0.000e+00	0.000e+00
195078.50	0.000e+00	0.000e+00	0.000e+00
195079.50	0.000e+00	0.000e+00	0.000e+00
195080.50	0.000e+00	0.000e+00	0.000e+00
195081.50	0.000e+00	0.000e+00	0.000e+00
195082.50	0.000e+00	0.000e+00	0.000e+00
195083.50	0.000e+00	0.000e+00	0.000e+00
195084.50	0.000e+00	0.000e+00	0.000e+00
195085.50	0.000e+00	0.000e+00	0.000e+00
195086.50	0.000e+00	0.000e+00	0.000e+00
195087.50	0.000e+00	0.000e+00	0.000e+00
195088.50	0.000e+00	0.000e+00	0.000e+00
195089.50	0.000e+00	0.000e+00	0.000e+00
195090.50	0.000e+00	0.000e+00	0.000e+00
195091.50	0.000e+00	0.000e+00	0.000e+00
195092.50	0.000e+00	0.000e+00	0.000e+00
195093.50	0.000e+00	0.000e+00	0.000e+00
195094.50	0.000e+00	0.000e+00	0.000e+00
195095.50	0.000e+00	0.000e+00	0.000e+00
195096.50	0.000e+00	0.000e+00	0.000e+00
195097.50	0.000e+00	0.000e+00	0.000e+00
195098.50	0.000e+00	0.000e+00	0.000e+00
195099.50	0.000e+00	0.000e+00	0.000e+00
195100.50	0.000e+00	0.000e+00	0.000e+00
195101.50	0.000e+00	0.000e+00	0.000e+00
195102.50	0.000e+00	0.000e+00	0.000e+00
195103.50	0.000e+00	0.000e+00	0.000e+00
195104.50	0.000e+00	0.000e+00	0.000e+00
195105.50	0.000e+00	0.000e+00	0.000e+00
195106.50	0.000e+00	0.000e+00	0.000e+00
195107.50	0.000e+00	0.000e+00	0.000e+00
195108.50	0.000e+00	0.000e+00	0.000e+00
195109.50	0.000e+00	0.000e+00	0.000e+00
195110.50	0.000e+00	0.000e+00	0.000e+00
195111.50	0.000e+00	0.000e+00	0.000e+00
195112.50	0.000e+00	0.000e+00	0.000e+00
195113.50	0.000e+00	0.000e+00	0.000e+00
195114.50	0.000e+00	0.000e+00	0.000e+00
195115.50	0.000e+00	0.000e+00	0.000e+00
195116.50	0.000e+00	0.000e+00	0.000e+00
195117.50	0.000e+00	0.000e+00	0.000e+00
195118.50	0.000e+00	0.000e+00	0.000e+00
195119.50	0.000e+00	0.000e+00	0.000e+00
195120.50	0.000e+00	0.000e+00	0.000e+00
195121.50	0.000e+00	0.000e+00	0.000e+00
195122.50	0.000e+00	0.000e+00	0.000e+00
195123.50	0.000e+00	0.000e+00	0.000e+00
195124.50	0.000e+00	0.000e+00	0.000e+00
195125.50	0.000e+00	0.000e+00	0.000e+00
195126.50	0.000e+00	0.000e+00	0.000e+00
195127.50	0.000e+00	0.000e+00	0.000e+00
195128.50	0.000e+00	0.000e+00	0.000e+00
195129.50	0.000e+00	0.000e+00	0.000e+00
195130.50	0.000e+00	0.000e+00	0.000e+00
195131.50	0.000e+00	0.000e+00	0.000e+00
195132.50	0.000e+00	0.000e+00	0.000e+00
195133.50	0.000e+00	0.000e+00	0.000e+00
195134.50	0.000e+00	0.000e+00	0.000e+00
195135.50	0.000e+00	0.000e+00	0.000e+00
195136.50	0.000e+00	0.000e+00	0.000e+00
195137.50	0.000e+00	0.000e+00	0.000e+00
195138.50	0.000e+00	0.000e+00	0.000e+00
195139.50	0.000e+00	0.000e+00	0.000e+00
195140.50	0.000e+00	0.000e+00	0.000e+00
195141.50	0.000e+00	0.000e+00	0.000e+00
195142.50	0.000e+00	0.000e+00	0.000e+00
195143.50	0.000e+00	0.000e+00	0.000e+00
195144.50	0.000e+00	0.000e+00	0.000e+00
195145.50	0.000e+00	0.000e+00	0.000e+00
195146.50	0.000e+00	0.000e+00	0.000e+00
195147.50	0.000e+00	0.000e+00	0.000e+00
195148.50	0.000e+00	0.000e+00	0.000e+00
195149.50	0.000e+00	0.000e+00	0.000e+00
195150.50	0.000e+00	0.000e+00	0.000e+00
195151.50	0.000e+00	0.000e+00	0.000e+00
195152.50	0.000e+00	0.000e+00	0.000e+00
195153.50	0.000e+00	0.000e+00	0.000e+00
195154.50	0.000e+00	0.000e+00	0.000e+00
195155.50	0.000e+00	0.000e+00	0.000e+00
195156.50	0.000e+00	0.000e+00	0.000e+00
195157.50	0.000e+00	0.000e+00	0.000e+00
195158.50	0.000e+00	0.000e+00	0.000e+00
195159.50	0.000e+00	0.000e+00	0.000e+00
195160.50	0.000e+00	0.000e+00	0.000e+00
195161.50	0.000e+00	0.000e+00	0.000e+00
195162.50	0.000e+00	0.000e+00	0.000e+00
195163.50	0.000e+00	0.000e+00	0.000e+00
195164.50	0.000e+00	0.000e+00	0.000e+00
195165.50	0.000e+00	0.000e+00	0.000e+00
195166.50	0.000e+00	0.000e+00	0.000e+00
195167.50	0.000e+00	0.000e+00	0.000e+00
195168.50	0.000e+00	0.000e+00	0.000e+00
195169.50	0.000e+00	0.000e+00	0.000e+00
195170.50	0.000e+00	0.000e+00	0.000e+00
195171.50	0.000e+00	0.000e+00	0.000e+00
195172.50	0.000e+00	0.000e+00	0.000e+00
195173.50	0.000e+00	0.000e+00	0.000e+00
195174.50	0.000e+00	0.000e+00	0.000e+00
195175.50	0.000e+00	0.000e+00	0.000e+00
195176.50	0.000e+00	0.000e+00	0.000e+00
195177.50	0.000e+00	0.000e+00	0.000e+00
195178.50	0.000e+00	0.000e+00	0.000e+00
195179.50	0.000e+00	0.000e+00	0.000e+00
195180.50	0.000e+00	0.000e+00	0.000e+00
195181.50	0.000e+00	0.000e+00	0.000e+00
195182.50	0.000e+00	0.000e+00	0.000e+00
195183.50	0.000e+00	0.000e+00	0.000e+00
195184.50	0.000e+00	0.000e+00	0.000e+00
195185.50	0.000e+00	0.000e+00	0.000e+00
195186.50	0.000e+00	0.000e+00	0.000e+00
195187.50	0.000e+00	0.000e+00	0.000e+00
195188.50	0.000e+00	0.000e+00	0.000e+00
195189.50	0.000e+00	0.000e+00	0.000e+00
195190.50	0.000e+00	0.000e+00	0.000e+00
195191.50	0.000e+00	0.000e+00	0.000e+00
195192.50	0.000e+00	0.000e+00	0.000e+00
195193.50	0.000e+00	0.000e+00	0.000e+00
195194.50	0.000e+00	0.000e+00	0.000e+00
195195.50	0.000e+00	0.000e+00	0.000e+00
195196.50	0.000e+00	0.000e+00	0.000e+00
195197.50	0.000e+00	0.000e+00	0.000e+00
195198.50	0.000e+00	0.000e+00	0.000e+00
195199.50	0.000e+00	0.000e+00	0.000e+00
195200.50	0.000e+00	0.000e+00	0.000e+00
195201.50	0.000e+00	0.000e+00	0.000e+00
195202.50	0.000e+00	0.000e+00	0.000e+00
195203.50	0.000e+00	0.000e+00	0.000e+00
195204.50	0.000e+00	0.000e+00	0.000e+00
195205.50	0.000e+00	0.000e+00	0.000e+00
195206.50	0.000e+00	0.000e+00	0.000e+00
195207.50	0.000e+00	0.000e+00	0.000e+00
195208.50	0.000e+00	0.000e+00	0.000e+00
195209.50	0.000e+00	0.000e+00	0.000e+00
195210.50	0.000e+00	0.000e+00	0.000e+00
195211.50	0.000e+00	0.000e+00	0.000e+00
195212.50	0.000e+00	0.000e+00	0.000e+00
195213.50	0.000e+00	0.000e+00	0.000e+00
195214.50	0.000e+00	0.000e+00	0.000e+00
195215.50	0.000e+00	0.000e+00	0.000e+00
195216.50	0.000e+00	0.000e+00	0.000e+00
195217.50	0.000e+00	0.000e+00	0.000e+00
195218.50	0.000e+00	0.000e+00	0.000e+00
195219.50	0.000e+00	0.000e+00	0.000e+00
195220.50	0.000e+00	0.000e+00	0.000e+00
195221.50	0.000e+00	0.000e+00	0.000e+00
195222.50	0.000e+00	0.000e+00	0.000e+00
195223.50	0.000e+00	0.000e+00	0.000e+00
195224.50	0.000e+00	0.000e+00	0.000e+00
195225.50	0.000e+00	0.000e+00	0.000e+00
195226.50	0.000e+00	0.000e+00	0.000e+00
195227.50	0.000e+00	0.000e+00	0.000e+00
195228.50	-2.150e-05	-5.933e-04	-3.610e-04
195229.50	-1.363e-04	-3.782e-03	-2.189e-03
195230.50	-6.019e-05	6.067e-04	-1.162e-03
195231.50	2.640e-04	4.195e-03	4.819e-03
195232.50	-5.674e-05	-5.894e-04	-1.642e-03
195233.50	-8.467e-04	-5.213e-02	-6.403e-03
195234.50	1.114e-03	1.747e-02	-2.630e-02
195235.50	-1.939e-04	1.248e-02	1.555e-02
195236.50	-1.661e-04	2.227e-03	6.653e-03
195237.50	-3.082e-04	-2.592e-02	-4.454e-03
195238.50	2.390e-03	-2.054e-02	-9.888e-02
195239.50	5.472e-04	-8.774e-02	-7.978e-02
195240.50	-8.669e-04	-9.101e-02	-3.629e-02
195241.50	-6.288e-02	-7.440e+00	-2.803e+00
195242.50	-1.306e+00	-1.094e+02	-2.822e+01
195243.50	-4.320e+00	-3.216e+02	-7.142e+01
195244.50	-8.246e+00	-4.694e+02	-4.589e+01
195245.50	-4.138e+00	-1.824e+02	8.784e+00
195246.50	-2.582e-01	2.870e+00	6.970e+00
195247.50	4.080e-01	4.176e+01	1.334e+01
195248.50	9.034e-01	6.816e+01	1.574e+01
195249.50	1.277e+00	6.883e+01	4.570e+00
195250.50	7.430e-01	6.134e+01	1.747e+01
195251.50	9.984e-01	6.192e+01	9.552e+00
195252.50	8.851e-01	5.597e+01	9.322e+00
195253.50	9.888e-01	4.723e+01	-4.339e-01
195254.50	1.027e+00	5.213e+01	1.766e+00
195255.50	8.054e-01	4.464e+01	4.176e+00
195256.50	7.229e-01	3.898e+01	2.822e+00
195257.50	7.363e-01	3.677e+01	1.037e+00
195258.50	5.222e-01	3.226e+01	4.886e+00
195259.50	4.886e-01	3.101e+01	5.002e+00
195260.50	4.560e-01	2.842e+01	4.589e+00
195261.50	3.725e-01	2.333e+01	3.725e+00
195262.50	4.896e-01	2.333e+01	-1.066e-01
195263.50	4.301e-01	1.978e+01	-7.402e-01
195264.50	3.754e-01	2.150e+01	2.074e+00
195265.50	3.677e-01	1.997e+01	1.469e+00
195266.50	3.715e-01	1.834e+01	2.371e-01
195267.50	2.861e-01	1.574e+01	1.334e+00
195268.50	2.986e-01	1.651e+01	1.488e+00
195269.50	2.314e-01	1.584e+01	3.005e+00
195270.50	1.613e-01	1.190e+01	2.573e+00
195271.50	1.306e-01	1.123e+01	3.168e+00
195272.50	2.170e-01	1.123e+01	4.349e-01
195273.50	2.035e-01	9.888e+00	-9.360e-02
195274.50	1.910e-01	1.056e+01	8.237e-01
195275.50	2.083e-01	1.066e+01	3.427e-01
195276.50	2.438e-01	1.094e+01	-5.040e-01
195277.50	1.498e-01	7.574e+00	2.314e-01
195278.50	1.008e-01	8.237e+00	2.218e+00
195279.50	1.440e-01	8.458e+00	1.114e+00
195280.50	1.104e-01	7.421e+00	1.459e+00
195281.50	1.306e-01	6.576e+00	1.834e-01
195282.50	1.258e-01	6.365e+00	3.869e-01
195283.50	1.219e-01	5.750e+00	-1.632e-01
195284.50	5.866e-02	5.645e+00	1.920e+00
195285.50	1.056e-01	6.173e+00	6.538e-01
195286.50	8.650e-02	5.213e+00	6.730e-01
195287.50	2.966e-02	4.176e+00	1.680e+00
195288.50	8.141e-02	3.888e+00	-9.264e-03
195289.50	9.600e-02	4.272e+00	-3.830e-01
195290.50	5.818e-02	3.264e+00	2.122e-01
195291.50	3.149e-02	3.523e+00	1.421e+00
195292.50	6.595e-02	2.899e+00	-2.506e-01
195293.50	7.536e-02	3.754e+00	1.229e-01
195294.50	7.238e-02	3.571e+00	-9.120e-03
195295.50	5.098e-02	2.986e+00	1.526e-01
195296.50	5.040e-02	3.235e+00	4.243e-01
195297.50	5.885e-02	2.899e+00	8.506e-02
195298.50	3.850e-02	2.842e+00	6.893e-01
195299.50	4.618e-02	2.371e+00	2.986e-02
195300.50	2.419e-02	1.546e+00	1.325e-01
195301.50	5.290e-02	2.323e+00	-7.008e-02
195302.50	4.368e-02	2.544e+00	1.766e-01
195303.50	2.515e-02	1.718e+00	4.080e-01
195304.50	3.370e-02	1.296e+00	-4.128e-01
195305.50	2.467e-02	2.256e+00	7.488e-01
195306.50	2.045e-02	1.997e+00	7.162e-01
195307.50	3.946e-02	1.517e+00	-3.331e-01
195308.50	1.267e-02	1.315e+00	4.464e-01
195309.50	1.085e-02	9.600e-01	4.310e-01
195310.50	1.834e-02	1.632e+00	4.579e-01
195311.50	1.018e-02	1.699e+00	6.816e-01
195312.50	2.467e-02	1.920e+00	5.520e-01
195313.50	1.075e-02	9.600e-01	3.274e-01
195314.50	2.131e-02	6.317e-01	-2.621e-01
195315.50	2.371e-02	1.718e+00	3.418e-01
195316.50	3.542e-02	1.190e+00	-4.598e-01
195317.50	1.440e-02	7.795e-01	1.661e-01
195318.50	4.013e-02	1.104e+00	-5.702e-01
195319.50	1.526e-02	1.075e+00	2.400e-01
195320.50	1.891e-02	1.411e+00	2.803e-01
195321.50	1.930e-02	9.418e-01	5.347e-03
195322.50	1.517e-02	4.224e-01	-1.824e-01
195323.50	2.256e-02	8.323e-01	-2.170e-02
195324.50	-5.846e-03	3.763e-01	4.262e-01
195325.50	2.266e-02	8.256e-01	-2.688e-01
195326.50	2.822e-02	9.437e-01	-2.659e-01
195327.50	1.853e-02	1.046e+00	8.746e-02
195328.50	1.104e-02	5.213e-01	1.814e-01
195329.50	-3.226e-03	3.360e-01	2.074e-01
195330.50	1.162e-02	6.019e-01	4.627e-02
195331.50	1.219e-02	9.561e-01	2.218e-01
195332.50	7.190e-03	6.250e-01	1.814e-01
195333.50	9.341e-03	5.971e-01	-3.427e-02
195334.50	1.997e-02	5.501e-01	-1.949e-01
195335.50	1.066e-02	3.667e-01	-8.736e-02
195336.50	-2.006e-03	4.205e-01	2.621e-01
195337.50	-2.026e-03	7.747e-01	5.280e-01
195338.50	1.075e-02	2.842e-01	-8.506e-02
195339.50	1.296e-02	5.568e-01	-7.190e-02
195340.50	1.056e-02	4.368e-01	-2.035e-02
195341.50	2.160e-02	6.730e-01	-1.958e-01
195342.50	-5.837e-04	1.075e-01	2.419e-02
195343.50	5.645e-04	2.304e-01	8.112e-02
195344.50	-5.376e-03	1.757e-01	1.978e-01
195345.50	8.957e-03	7.171e-01	1.968e-01
195346.50	4.013e-03	4.339e-01	1.114e-01
195347.50	2.045e-02	6.979e-01	-2.006e-01
195348.50	1.296e-02	7.334e-02	-3.187e-01
195349.50	-1.728e-02	1.411e-01	6.106e-01
195350.50	1.018e-03	1.421e-01	1.027e-01
195351.50	1.747e-03	1.709e-01	5.885e-02
195352.50	3.149e-03	3.581e-01	1.555e-01
195353.50	1.517e-02	4.877e-01	-1.920e-01
195354.50	-1.171e-02	-2.899e-01	1.498e-01
195355.50	4.790e-03	3.418e-01	8.371e-02
195356.50	1.430e-02	4.003e-01	-1.440e-01
195357.50	-7.949e-03	-1.555e-01	-2.170e-02
195358.50	4.589e-03	1.171e-02	-5.722e-02
195359.50	1.171e-02	6.605e-01	1.123e-01
195360.50	1.219e-02	3.658e-01	-2.016e-01
195361.50	9.984e-03	1.594e-01	-2.880e-01
195362.50	1.056e-02	3.293e-01	-1.056e-01
195363.50	1.219e-02	3.360e-01	-1.344e-01
195364.50	-6.614e-03	1.046e-02	2.256e-01
195365.50	-6.240e-03	-1.622e-01	-1.834e-03
195366.50	6.893e-03	3.907e-02	-1.344e-01
195367.50	1.987e-03	3.360e-01	1.651e-01
195368.50	-8.237e-03	-1.690e-01	5.386e-02
195369.50	5.347e-03	3.677e-01	9.418e-02
195370.50	5.338e-03	2.822e-01	-3.658e-02
195371.50	-2.938e-03	1.027e-01	1.258e-01
195372.50	1.430e-03	2.131e-01	1.238e-01
195373.50	-4.570e-03	1.843e-01	2.486e-01
195374.50	1.142e-02	6.960e-02	-2.726e-01
195375.50	-2.669e-04	1.517e-01	1.075e-01
195376.50	3.638e-03	7.776e-03	-1.930e-01
195377.50	-1.066e-02	7.546e-02	3.005e-01
195378.50	2.429e-03	-8.611e-02	-1.286e-01
195379.50	7.766e-03	2.486e-01	-7.085e-02
195380.50	6.096e-03	2.035e-01	-1.258e-01
195381.50	5.722e-03	3.936e-02	-1.008e-01
195382.50	-9.494e-03	-1.286e-01	2.122e-01
195383.50	3.283e-03	2.035e-01	1.152e-02
195384.50	-1.613e-03	7.027e-02	8.640e-02
195385.50	1.123e-02	2.582e-01	-2.832e-02
195386.50	-5.462e-03	-1.066e-01	5.597e-02
195387.50	5.232e-03	7.882e-02	-1.210e-01
195388.50	-6.835e-04	7.066e-02	7.728e-02
195389.50	5.914e-03	2.246e-02	-1.354e-01
195390.50	2.918e-03	1.853e-01	6.950e-02
195391.50	-8.736e-03	9.005e-03	1.747e-01
195392.50	-6.960e-03	1.219e-01	2.458e-01
195393.50	9.984e-03	1.277e-01	-2.707e-01
195394.50	4.099e-03	2.525e-01	1.219e-02
195395.50	-1.190e-02	-9.984e-02	1.939e-01
195396.50	-5.770e-03	-3.158e-02	1.680e-01
195397.50	3.715e-03	1.152e-01	1.776e-02
195398.50	-7.267e-03	-5.405e-02	2.803e-01
195399.50	1.546e-02	3.139e-01	-2.630e-01
195400.50	2.870e-03	1.229e-02	-1.248e-01
195401.50	5.395e-03	1.574e-01	-1.210e-01
195402.50	-6.192e-03	-2.112e-02	2.246e-01
195403.50	-4.723e-03	1.622e-02	1.882e-01
195404.50	9.302e-03	2.410e-01	-1.526e-01
195405.50	-4.416e-04	-7.334e-02	-4.109e-02
195406.50	4.330e-03	-7.056e-02	-1.814e-01
195407.50	-5.088e-03	-3.754e-02	1.277e-01
195408.50	9.360e-03	3.370e-01	-2.582e-02
195409.50	6.586e-05	5.606e-02	-3.082e-02
195410.50	-8.035e-03	2.294e-02	2.246e-01
195411.50	4.858e-04	-7.162e-02	-8.861e-02
195412.50	1.344e-03	1.507e-02	2.842e-03
195413.50	-3.706e-03	4.003e-02	1.286e-01
195414.50	-1.411e-03	5.030e-02	5.568e-02
195415.50	-5.136e-03	1.594e-03	1.718e-01
195416.50	-4.387e-03	-6.941e-02	7.642e-02
195417.50	4.810e-03	4.262e-02	-1.507e-01
195418.50	6.922e-03	4.531e-03	-1.574e-01
195419.50	-6.499e-03	-7.104e-02	1.018e-01
195420.50	-1.824e-03	7.747e-02	6.931e-02
195421.50	8.362e-04	1.622e-01	7.392e-02
195422.50	6.653e-03	4.099e-02	-6.346e-02
195423.50	-2.803e-04	4.464e-03	5.050e-02
195424.50	5.050e-03	-1.152e-02	-1.277e-01
195425.50	-5.923e-03	-2.880e-02	1.613e-01
195426.50	-4.291e-03	8.496e-03	1.133e-01
195427.50	-4.819e-04	6.586e-02	7.210e-02
195428.50	6.480e-04	8.381e-02	1.421e-02
195429.50	4.570e-03	5.933e-02	-7.200e-02
195430.50	2.179e-03	3.379e-02	-1.373e-02
195431.50	-5.030e-03	-1.162e-01	2.122e-02
195432.50	2.851e-03	1.056e-01	-6.576e-02
195433.50	-1.546e-03	-7.776e-02	7.478e-02
195434.50	-2.698e-03	-4.704e-02	2.602e-02
195435.50	-6.931e-03	-1.286e-01	4.147e-02
195436.50	1.526e-03	1.603e-01	7.690e-02
195437.50	-6.451e-04	2.256e-01	1.507e-01
195438.50	2.323e-03	2.093e-01	7.642e-02
195439.50	2.947e-03	6.826e-02	3.120e-02
195440.50	3.389e-03	1.709e-03	-1.421e-01
195441.50	4.742e-03	2.333e-02	-1.325e-01
195442.50	-5.165e-03	-9.274e-02	8.851e-02
195443.50	3.706e-04	-1.238e-01	-6.979e-02
195444.50	4.771e-03	1.440e-01	-6.835e-02
195445.50	5.059e-04	-2.890e-02	-5.098e-02
195446.50	-1.382e-03	-4.982e-02	1.690e-02
195447.50	1.709e-03	9.792e-02	9.600e-03
195448.50	4.541e-03	2.352e-01	3.898e-02
195449.50	-2.794e-03	-8.813e-02	-1.728e-02
195450.50	-1.094e-03	-6.557e-03	6.922e-02
195451.50	4.051e-03	1.968e-01	6.941e-02
195452.50	1.306e-03	4.522e-02	-2.246e-02
195453.50	5.203e-03	-9.696e-02	-2.189e-01
195454.50	3.494e-03	6.970e-02	-1.997e-02
195455.50	-6.269e-03	3.696e-02	2.035e-01
195456.50	-3.139e-03	-1.152e-01	-4.608e-02
195457.50	2.995e-03	2.707e-02	-1.008e-01
195458.50	2.698e-03	-6.902e-02	-1.459e-01
195459.50	-3.446e-04	-7.066e-02	-3.926e-02
195460.50	-5.136e-03	-8.659e-02	4.502e-02
195461.50	6.125e-03	7.958e-02	-1.075e-01
195462.50	-8.035e-03	-9.888e-02	1.862e-01
195463.50	-3.571e-03	-3.437e-02	2.333e-02
195464.50	-1.018e-02	-2.064e-01	1.018e-01
195465.50	9.696e-04	8.890e-02	-7.709e-02
195466.50	4.253e-03	1.238e-01	-6.634e-02
195467.50	-3.149e-03	4.253e-02	1.642e-01
195468.50	-9.984e-04	2.611e-02	9.370e-02
195469.50	2.976e-03	1.910e-03	-5.174e-02
195470.50	-4.138e-04	-3.994e-02	4.128e-03
195471.50	1.939e-04	1.286e-01	5.866e-02
195472.50	3.619e-05	2.477e-02	-1.565e-03
195473.50	2.966e-03	5.674e-02	-5.414e-02
195474.50	-2.390e-03	9.552e-02	1.066e-01
195475.50	1.440e-03	6.000e-02	-7.498e-03
195476.50	1.046e-03	-1.037e-02	-3.869e-02
195477.50	8.400e-03	-4.598e-02	-2.592e-01
195478.50	-1.536e-03	-1.488e-01	-2.515e-02
195479.50	4.368e-03	9.168e-02	-1.075e-02
195480.50	7.075e-05	7.037e-03	1.094e-02
195481.50	-3.686e-04	3.274e-02	3.782e-03
195482.50	-4.685e-03	-4.790e-02	5.558e-02
195483.50	1.373e-03	1.306e-01	2.016e-02
195484.50	5.539e-04	9.456e-02	8.131e-02
195485.50	-4.291e-03	-8.861e-02	7.786e-02
195486.50	1.872e-03	4.646e-02	-3.677e-03
195487.50	6.989e-05	1.325e-02	1.152e-02
195488.50	-4.915e-03	-1.526e-01	4.790e-02
195489.50	1.603e-03	9.178e-02	1.248e-03
195490.50	-2.045e-03	-1.181e-01	-3.840e-02
195491.50	9.888e-04	8.986e-02	-8.678e-03
195492.50	-4.090e-03	-4.416e-02	-9.888e-03
195493.50	5.962e-03	9.408e-02	8.419e-03
195494.50	4.560e-03	3.581e-02	-4.771e-02
195495.50	-4.618e-03	-1.306e-01	3.437e-02
195496.50	4.733e-03	1.363e-02	-1.507e-01
195497.50	-7.152e-05	4.109e-02	-3.408e-02
195498.50	-7.085e-03	-5.866e-02	8.880e-02
195499.50	-3.648e-03	6.528e-02	7.315e-02
195500.50	-5.549e-03	-8.390e-02	1.277e-01
195501.50	-3.619e-03	-6.278e-02	6.230e-02
195502.50	1.488e-03	5.174e-02	9.792e-04
195503.50	-1.738e-03	-1.862e-02	7.200e-02
195504.50	9.187e-03	2.688e-02	-1.459e-01
195505.50	2.573e-03	6.134e-02	-1.258e-02
195506.50	7.440e-04	4.502e-02	3.110e-02
195507.50	-2.822e-04	-7.315e-03	-2.986e-02
195508.50	-3.840e-03	-7.046e-02	4.675e-02
195509.50	7.277e-04	-9.984e-02	-5.088e-02
195510.50	1.738e-03	-1.018e-01	-9.984e-02
195511.50	3.158e-03	2.045e-02	-4.022e-02
195512.50	4.502e-03	2.227e-01	2.410e-02
195513.50	-4.714e-04	8.467e-02	9.514e-02
195514.50	-9.533e-05	4.963e-02	4.483e-02
195515.50	4.915e-03	3.254e-02	-8.026e-02
195516.50	1.709e-03	-1.210e-02	-5.530e-02
195517.50	-4.118e-03	-1.498e-01	-3.638e-02
195518.50	-5.866e-03	-2.851e-02	5.222e-02
195519.50	-2.688e-03	3.850e-02	9.024e-02
195520.50	-6.883e-04	-1.190e-02	1.075e-02
195521.50	-2.938e-03	-4.867e-02	7.594e-02
195522.50	3.024e-03	-1.363e-02	-8.448e-02
195523.50	5.309e-03	8.054e-02	-6.374e-02
195524.50	-4.205e-03	4.109e-02	5.002e-02
195525.50	-8.400e-04	6.749e-02	6.355e-02
195526.50	-2.563e-05	4.099e-02	4.512e-02
195527.50	1.056e-04	-3.216e-02	-4.483e-02
195528.50	2.582e-04	-2.582e-02	-7.824e-02
195529.50	-1.459e-03	-3.312e-02	7.306e-02
195530.50	-3.994e-04	-1.027e-01	-4.493e-02
195531.50	-2.323e-03	-8.227e-02	6.902e-03
195532.50	-7.862e-04	1.661e-02	-6.029e-04
195533.50	-1.181e-03	1.987e-02	3.984e-03
195534.50	-7.200e-04	-1.699e-02	2.554e-02
195535.50	3.926e-03	6.422e-02	-2.429e-02
195536.50	3.370e-03	8.083e-02	-4.819e-03
195537.50	3.859e-03	2.870e-02	-6.038e-02
195538.50	1.075e-03	3.802e-02	-2.371e-02
195539.50	1.411e-03	2.006e-02	-2.227e-02
195540.50	3.370e-03	1.162e-01	-5.626e-02
195541.50	8.832e-04	6.854e-02	-1.046e-02
195542.50	-5.059e-04	2.410e-02	4.022e-02
195543.50	-1.334e-04	-4.723e-02	-2.208e-02
195544.50	1.834e-03	-1.286e-01	-1.411e-01
195545.50	-1.901e-03	-1.325e-01	6.749e-03
195546.50	-7.334e-04	4.502e-02	8.918e-02
195547.50	2.064e-03	-3.542e-02	-5.338e-02
195548.50	-7.008e-03	-5.770e-02	1.862e-01
195549.50	1.190e-03	8.150e-02	-9.696e-03
195550.50	-6.029e-05	-9.984e-03	-1.939e-02
195551.50	1.430e-04	1.891e-02	-1.939e-02
195552.50	-5.990e-04	-2.285e-03	1.066e-02
195553.50	-4.195e-03	-5.654e-02	2.899e-02
195554.50	-3.485e-03	-6.528e-02	1.258e-02
195555.50	3.638e-03	3.158e-02	-7.478e-02
195556.50	-1.258e-03	6.240e-02	3.658e-02
195557.50	-1.930e-03	4.166e-02	1.037e-01
195558.50	-3.427e-04	3.043e-02	7.210e-02
195559.50	-2.822e-03	-1.190e-01	5.674e-03
195560.50	2.342e-03	7.373e-02	-1.306e-02
195561.50	1.872e-03	3.600e-02	-9.792e-02
195562.50	-1.373e-03	-5.222e-02	1.152e-02
195563.50	8.160e-04	-1.162e-03	3.283e-03
195564.50	1.747e-03	9.456e-02	8.112e-02
195565.50	1.690e-04	-6.278e-02	7.546e-02
195566.50	-1.853e-03	-8.842e-03	-4.301e-02
195567.50	1.450e-03	-1.718e-02	-8.429e-02
195568.50	-9.072e-04	-2.064e-02	4.032e-02
195569.50	1.709e-03	-1.526e-02	-6.134e-02
195570.50	-3.062e-03	-5.597e-02	1.498e-03
195571.50	-3.283e-03	1.930e-02	6.422e-02
195572.50	5.011e-04	6.173e-02	-5.952e-03
195573.50	9.888e-04	-3.955e-02	-3.110e-02
195574.50	2.611e-03	-1.507e-02	-4.378e-02
195575.50	1.229e-03	7.795e-02	8.400e-03
195576.50	4.109e-03	1.142e-01	5.674e-03
195577.50	-4.512e-04	-4.733e-02	5.098e-03
195578.50	-3.322e-03	1.978e-02	-4.474e-02
195579.50	-9.350e-04	3.552e-02	2.026e-02
195580.50	1.210e-03	-7.229e-03	3.062e-02
195581.50	-1.152e-03	7.430e-03	8.707e-03
195582.50	-1.056e-04	-3.696e-02	-1.162e-02
195583.50	-1.469e-03	-1.114e-01	-4.205e-02
195584.50	1.066e-03	8.342e-02	-3.926e-02
195585.50	-9.053e-04	4.282e-03	3.120e-02
195586.50	-2.189e-03	-2.534e-02	5.654e-02
195587.50	6.298e-04	8.534e-02	3.005e-02
195588.50	2.774e-03	2.016e-02	-1.315e-02
195589.50	1.690e-03	4.166e-03	-1.891e-02
195590.50	1.517e-03	-4.080e-03	-8.112e-02
195591.50	2.390e-03	5.510e-02	-7.411e-02
195592.50	-1.632e-04	-3.302e-02	-4.003e-02
195593.50	-1.872e-03	-5.443e-02	8.275e-05
195594.50	-2.342e-03	-4.877e-02	2.582e-02
195595.50	3.091e-03	3.350e-02	-3.965e-02
195596.50	-3.571e-03	2.995e-02	1.498e-01
195597.50	-2.371e-03	-2.534e-02	4.157e-02
195598.50	1.325e-03	2.074e-02	-1.670e-02
195599.50	-9.370e-04	-7.123e-02	-3.782e-02
195600.50	2.957e-04	-1.968e-03	2.093e-02
195601.50	1.248e-03	4.099e-02	-7.613e-02
195602.50	2.102e-02	1.306e-01	-2.995e-02
195603.50	6.586e-03	3.053e-03	-6.288e-02
195604.50	-7.613e-03	-2.966e-02	-1.152e-02
195605.50	1.286e-03	9.504e-02	5.779e-02
195606.50	1.824e-03	1.238e-02	2.314e-04
195607.50	2.602e-03	9.331e-03	-6.787e-02
195608.50	-2.621e-04	9.792e-03	2.794e-02
195609.50	-1.440e-03	-7.133e-03	1.526e-02
195610.50	-4.810e-03	5.962e-03	2.515e-02
195611.50	3.658e-03	4.886e-02	-6.557e-02
195612.50	1.718e-03	1.565e-02	9.312e-03
195613.50	-6.538e-04	-8.602e-04	-7.459e-03
195614.50	3.158e-03	2.995e-02	1.219e-02
195615.50	-7.046e-03	-9.542e-02	4.973e-02
195616.50	-6.106e-03	-2.995e-02	7.066e-02
195617.50	8.506e-04	-5.664e-03	-2.563e-02
195618.50	2.131e-03	-6.845e-02	-9.178e-02
195619.50	-2.890e-03	-3.024e-02	-2.995e-03
195620.50	-6.490e-03	-3.706e-02	-6.374e-03
195621.50	2.122e-03	2.717e-02	-1.930e-02
195622.50	4.214e-03	-2.669e-02	-6.576e-02
195623.50	-5.299e-03	-6.960e-02	5.338e-02
195624.50	-3.734e-03	-4.589e-02	3.869e-02
195625.50	5.280e-03	3.350e-02	-4.512e-02
195626.50	-6.134e-03	-4.128e-02	3.869e-02
195627.50	1.046e-04	3.773e-02	7.440e-02
195628.50	-4.051e-03	-6.230e-03	8.899e-02
195629.50	1.507e-03	1.354e-02	-9.341e-03
195630.50	4.195e-03	9.187e-02	-3.926e-02
195631.50	1.181e-03	-4.800e-03	-2.083e-02
195632.50	1.776e-05	-3.552e-02	-2.102e-02
195633.50	-2.093e-03	-5.366e-02	-1.766e-02
195634.50	1.344e-03	3.418e-02	-2.621e-03
195635.50	5.779e-04	8.170e-03	-2.006e-02
195636.50	2.314e-03	-2.669e-02	-1.296e-01
