195038.50	0.000e+00	0.000e+00	0.000e+00
195039.50	0.000e+00	0.000e+00	0.000e+00
195040.50	0.000e+00	0.000e+00	0.000e+00
195041.50	0.000e+00	0.000e+00	0.000e+00
195042.50	0.000e+00	0.000e+00	0.000e+00
195043.50	0.000e+00	0.000e+00	0.000e+00
195044.50	0.000e+00	0.000e+00	0.000e+00
195045.50	0.000e+00	0.000e+00	0.000e+00
195046.50	0.000e+00	0.000e+00	0.000e+00
195047.50	0.000e+00	0.000e+00	0.000e+00
195048.50	0.000e+00	0.000e+00	0.000e+00
195049.50	0.000e+00	0.000e+00	0.000e+00
195050.50	0.000e+00	0.000e+00	0.000e+00
195051.50	0.000e+00	0.000e+00	0.000e+00
195052.50	0.000e+00	0.000e+00	0.000e+00
195053.50	0.000e+00	0.000e+00	0.000e+00
195054.50	0.000e+00	0.000e+00	0.000e+00
195055.50	0.000e+00	0.000e+00	0.000e+00
195056.50	0.000e+00	0.000e+00	0.000e+00
195057.50	0.000e+00	0.000e+00	0.000e+00
195058.50	0.000e+00	0.000e+00	0.000e+00
195059.50	0.000e+00	0.000e+00	0.000e+00
195060.50	0.000e+00	0.000e+00	0.000e+00
195061.50	0.000e+00	0.000e+00	0.000e+00
195062.50	0.000e+00	0.000e+00	0.000e+00
195063.50	0.000e+00	0.000e+00	0.000e+00
195064.50	0.000e+00	0.000e+00	0.000e+00
195065.50	0.000e+00	0.000e+00	0.000e+00
195066.50	0.000e+00	0.000e+00	0.000e+00
195067.50	0.000e+00	0.000e+00	0.000e+00
195068.50	0.000e+00	0.000e+00	0.000e+00
195069.50	0.000e+00	0.000e+00	0.000e+00
195070.50	0.000e+00	0.000e+00	0.000e+00
195071.50	0.000e+00	0.000e+00	0.000e+00
195072.50	0.000e+00	0.000e+00	0.000e+00
195073.50	0.000e+00	0.000e+00	0.000e+00
195074.50	0.000e+00	0.000e+00	0.000e+00
195075.50	0.000e+00	0.000e+00	0.000e+00
195076.50	0.000e+00	0.000e+00	0.000e+00
195077.50	0.000e+00	0.000e+00	0.000e+00
195078.50	0.000e+00	0.000e+00	0.000e+00
195079.50	0.000e+00	0.000e+00	0.000e+00
195080.50	0.000e+00	0.000e+00	0.000e+00
195081.50	0.000e+00	0.000e+00	0.000e+00
195082.50	0.000e+00	0.000e+00	0.000e+00
195083.50	0.000e+00	0.000e+00	0.000e+00
195084.50	0.000e+00	0.000e+00	0.000e+00
195085.50	0.000e+00	0.000e+00	0.000e+00
195086.50	0.000e+00	0.000e+00	0.000e+00
195087.50	0.000e+00	0.000e+00	0.000e+00
195088.50	0.000e+00	0.000e+00	0.000e+00
195089.50	0.000e+00	0.000e+00	0.000e+00
195090.50	0.000e+00	0.000e+00	0.000e+00
195091.50	0.000e+00	0.000e+00	0.000e+00
195092.50	0.000e+00	0.000e+00	0.000e+00
195093.50	0.000e+00	0.000e+00	0.000e+00
195094.50	0.000e+00	0.000e+00	0.000e+00
195095.50	0.000e+00	0.000e+00	0.000e+00
195096.50	0.000e+00	0.000e+00	0.000e+00
195097.50	0.000e+00	0.000e+00	0.000e+00
195098.50	0.000e+00	0.000e+00	0.000e+00
195099.50	0.000e+00	0.000e+00	0.000e+00
195100.50	0.000e+00	0.000e+00	0.000e+00
195101.50	0.000e+00	0.000e+00	0.000e+00
195102.50	0.000e+00	0.000e+00	0.000e+00
195103.50	0.000e+00	0.000e+00	0.000e+00
195104.50	0.000e+00	0.000e+00	0.000e+00
195105.50	0.000e+00	0.000e+00	0.000e+00
195106.50	0.000e+00	0.000e+00	0.000e+00
195107.50	0.000e+00	0.000e+00	0.000e+00
195108.50	0.000e+00	0.000e+00	0.000e+00
195109.50	0.000e+00	0.000e+00	0.000e+00
195110.50	0.000e+00	0.000e+00	0.000e+00
195111.50	0.000e+00	0.000e+00	0.000e+00
195112.50	0.000e+00	0.000e+00	0.000e+00
195113.50	0.000e+00	0.000e+00	0.000e+00
195114.50	0.000e+00	0.000e+00	0.000e+00
195115.50	0.000e+00	0.000e+00	0.000e+00
195116.50	0.000e+00	0.000e+00	0.000e+00
195117.50	0.000e+00	0.000e+00	0.000e+00
195118.50	0.000e+00	0.000e+00	0.000e+00
195119.50	0.000e+00	0.000e+00	0.000e+00
195120.50	0.000e+00	0.000e+00	0.000e+00
195121.50	0.000e+00	0.000e+00	0.000e+00
195122.50	0.000e+00	0.000e+00	0.000e+00
195123.50	0.000e+00	0.000e+00	0.000e+00
195124.50	0.000e+00	0.000e+00	0.000e+00
195125.50	0.000e+00	0.000e+00	0.000e+00
195126.50	0.000e+00	0.000e+00	0.000e+00
195127.50	0.000e+00	0.000e+00	0.000e+00
195128.50	0.000e+00	0.000e+00	0.000e+00
195129.50	0.000e+00	0.000e+00	0.000e+00
195130.50	0.000e+00	0.000e+00	0.000e+00
195131.50	0.000e+00	0.000e+00	0.000e+00
195132.50	0.000e+00	0.000e+00	0.000e+00
195133.50	0.000e+00	0.000e+00	0.000e+00
195134.50	0.000e+00	0.000e+00	0.000e+00
195135.50	0.000e+00	0.000e+00	0.000e+00
195136.50	0.000e+00	0.000e+00	0.000e+00
195137.50	0.000e+00	0.000e+00	0.000e+00
195138.50	0.000e+00	0.000e+00	0.000e+00
195139.50	0.000e+00	0.000e+00	0.000e+00
195140.50	0.000e+00	0.000e+00	0.000e+00
195141.50	0.000e+00	0.000e+00	0.000e+00
195142.50	0.000e+00	0.000e+00	0.000e+00
195143.50	0.000e+00	0.000e+00	0.000e+00
195144.50	0.000e+00	0.000e+00	0.000e+00
195145.50	0.000e+00	0.000e+00	0.000e+00
195146.50	0.000e+00	0.000e+00	0.000e+00
195147.50	0.000e+00	0.000e+00	0.000e+00
195148.50	0.000e+00	0.000e+00	0.000e+00
195149.50	0.000e+00	0.000e+00	0.000e+00
195150.50	0.000e+00	0.000e+00	0.000e+00
195151.50	0.000e+00	0.000e+00	0.000e+00
195152.50	0.000e+00	0.000e+00	0.000e+00
195153.50	0.000e+00	0.000e+00	0.000e+00
195154.50	0.000e+00	0.000e+00	0.000e+00
195155.50	0.000e+00	0.000e+00	0.000e+00
195156.50	0.000e+00	0.000e+00	0.000e+00
195157.50	0.000e+00	0.000e+00	0.000e+00
195158.50	0.000e+00	0.000e+00	0.000e+00
195159.50	0.000e+00	0.000e+00	0.000e+00
195160.50	0.000e+00	0.000e+00	0.000e+00
195161.50	0.000e+00	0.000e+00	0.000e+00
195162.50	0.000e+00	0.000e+00	0.000e+00
195163.50	0.000e+00	0.000e+00	0.000e+00
195164.50	0.000e+00	0.000e+00	0.000e+00
195165.50	0.000e+00	0.000e+00	0.000e+00
195166.50	0.000e+00	0.000e+00	0.000e+00
195167.50	0.000e+00	0.000e+00	0.000e+00
195168.50	0.000e+00	0.000e+00	0.000e+00
195169.50	0.000e+00	0.000e+00	0.000e+00
195170.50	0.000e+00	0.000e+00	0.000e+00
195171.50	0.000e+00	0.000e+00	0.000e+00
195172.50	0.000e+00	0.000e+00	0.000e+00
195173.50	0.000e+00	0.000e+00	0.000e+00
195174.50	0.000e+00	0.000e+00	0.000e+00
195175.50	0.000e+00	0.000e+00	0.000e+00
195176.50	0.000e+00	0.000e+00	0.000e+00
195177.50	0.000e+00	0.000e+00	0.000e+00
195178.50	0.000e+00	0.000e+00	0.000e+00
195179.50	0.000e+00	0.000e+00	0.000e+00
195180.50	0.000e+00	0.000e+00	0.000e+00
195181.50	0.000e+00	0.000e+00	0.000e+00
195182.50	0.000e+00	0.000e+00	0.000e+00
195183.50	0.000e+00	0.000e+00	0.000e+00
195184.50	0.000e+00	0.000e+00	0.000e+00
195185.50	0.000e+00	0.000e+00	0.000e+00
195186.50	0.000e+00	0.000e+00	0.000e+00
195187.50	0.000e+00	0.000e+00	0.000e+00
195188.50	0.000e+00	0.000e+00	0.000e+00
195189.50	0.000e+00	0.000e+00	0.000e+00
195190.50	0.000e+00	0.000e+00	0.000e+00
195191.50	0.000e+00	0.000e+00	0.000e+00
195192.50	0.000e+00	0.000e+00	0.000e+00
195193.50	0.000e+00	0.000e+00	0.000e+00
195194.50	0.000e+00	0.000e+00	0.000e+00
195195.50	0.000e+00	0.000e+00	0.000e+00
195196.50	0.000e+00	0.000e+00	0.000e+00
195197.50	0.000e+00	0.000e+00	0.000e+00
195198.50	0.000e+00	0.000e+00	0.000e+00
195199.50	0.000e+00	0.000e+00	0.000e+00
195200.50	0.000e+00	0.000e+00	0.000e+00
195201.50	0.000e+00	0.000e+00	0.000e+00
195202.50	0.000e+00	0.000e+00	0.000e+00
195203.50	0.000e+00	0.000e+00	0.000e+00
195204.50	0.000e+00	0.000e+00	0.000e+00
195205.50	0.000e+00	0.000e+00	0.000e+00
195206.50	0.000e+00	0.000e+00	0.000e+00
195207.50	0.000e+00	0.000e+00	0.000e+00
195208.50	0.000e+00	0.000e+00	0.000e+00
195209.50	0.000e+00	0.000e+00	0.000e+00
195210.50	0.000e+00	0.000e+00	0.000e+00
195211.50	0.000e+00	0.000e+00	0.000e+00
195212.50	0.000e+00	0.000e+00	0.000e+00
195213.50	0.000e+00	0.000e+00	0.000e+00
195214.50	0.000e+00	0.000e+00	0.000e+00
195215.50	0.000e+00	0.000e+00	0.000e+00
195216.50	0.000e+00	0.000e+00	0.000e+00
195217.50	0.000e+00	0.000e+00	0.000e+00
195218.50	0.000e+00	0.000e+00	0.000e+00
195219.50	0.000e+00	0.000e+00	0.000e+00
195220.50	0.000e+00	0.000e+00	0.000e+00
195221.50	0.000e+00	0.000e+00	0.000e+00
195222.50	0.000e+00	0.000e+00	0.000e+00
195223.50	0.000e+00	0.000e+00	0.000e+00
195224.50	0.000e+00	0.000e+00	0.000e+00
195225.50	0.000e+00	0.000e+00	0.000e+00
195226.50	0.000e+00	0.000e+00	0.000e+00
195227.50	0.000e+00	0.000e+00	0.000e+00
195228.50	0.000e+00	0.000e+00	0.000e+00
195229.50	0.000e+00	0.000e+00	0.000e+00
195230.50	0.000e+00	0.000e+00	0.000e+00
195231.50	0.000e+00	0.000e+00	0.000e+00
195232.50	-8.688e-06	5.462e-04	-5.971e-04
195233.50	3.850e-05	2.630e-03	1.517e-03
195234.50	-9.254e-06	-1.430e-03	-7.210e-05
195235.50	3.043e-05	1.334e-03	1.344e-03
195236.50	4.214e-06	1.286e-03	-1.171e-03
195237.50	-3.658e-05	-4.618e-03	-7.258e-04
195238.50	2.045e-05	-3.274e-04	8.323e-04
195239.50	1.901e-05	-1.613e-03	1.834e-03
195240.50	2.093e-05	2.074e-03	1.238e-03
195241.50	-1.306e-05	1.037e-03	-1.200e-03
195242.50	-3.619e-04	-2.496e-03	-1.546e-02
195243.50	-2.899e-04	-5.299e-03	-1.632e-02
195244.50	9.101e-04	1.901e-03	4.003e-02
195245.50	1.546e-05	-1.354e-01	1.219e-02
195246.50	6.720e-04	-1.891e-01	4.253e-02
195247.50	1.075e-02	-2.275e+00	4.944e-01
195248.50	7.901e-02	-4.819e+01	4.157e+00
195249.50	1.440e+00	-4.032e+02	7.363e+01
195250.50	2.630e+00	-6.960e+02	1.258e+02
195251.50	1.632e-01	-1.450e+02	3.773e-01
195252.50	-1.776e-01	5.040e+01	-1.402e+01
195253.50	-2.659e-01	8.477e+01	-1.536e+01
195254.50	-3.830e-01	8.083e+01	-1.939e+01
195255.50	-3.725e-01	7.651e+01	-1.901e+01
195256.50	-2.650e-01	8.093e+01	-1.373e+01
195257.50	-2.966e-01	7.517e+01	-1.440e+01
195258.50	-6.288e-02	5.606e+01	-3.533e+00
195259.50	-2.227e-01	5.741e+01	-1.018e+01
195260.50	-1.968e-01	5.414e+01	-9.408e+00
195261.50	-1.411e-01	4.502e+01	-6.720e+00
195262.50	-5.078e-02	3.878e+01	-2.246e+00
195263.50	-1.488e-01	3.888e+01	-6.902e+00
195264.50	-1.814e-01	3.734e+01	-8.362e+00
195265.50	-1.411e-01	2.880e+01	-6.653e+00
195266.50	-9.792e-02	3.024e+01	-4.589e+00
195267.50	-1.037e-01	3.206e+01	-4.493e+00
195268.50	-8.208e-02	2.678e+01	-3.859e+00
195269.50	-6.614e-02	2.477e+01	-2.928e+00
195270.50	-6.576e-02	2.064e+01	-2.717e+00
195271.50	-2.016e-02	1.949e+01	-8.112e-01
195272.50	-4.704e-02	1.670e+01	-1.642e+00
195273.50	-5.597e-02	1.709e+01	-2.390e+00
195274.50	2.237e-03	1.843e+01	1.200e-02
195275.50	-3.485e-02	1.469e+01	-1.478e+00
195276.50	-1.046e-02	1.334e+01	-4.694e-01
195277.50	-3.466e-02	1.286e+01	-1.210e+00
195278.50	-4.416e-02	1.248e+01	-1.728e+00
195279.50	-2.947e-02	1.152e+01	-1.008e+00
195280.50	-3.754e-02	1.171e+01	-1.622e+00
195281.50	-5.501e-02	1.075e+01	-2.554e+00
195282.50	-4.320e-02	1.123e+01	-1.757e+00
195283.50	-3.850e-02	1.056e+01	-1.670e+00
195284.50	-4.992e-02	8.390e+00	-1.862e+00
195285.50	-2.611e-02	7.613e+00	-8.621e-01
195286.50	-4.886e-03	6.470e+00	-2.966e-01
195287.50	-2.966e-02	8.198e+00	-1.142e+00
195288.50	-1.085e-03	7.901e+00	-4.618e-02
195289.50	-1.046e-03	5.722e+00	1.277e-01
195290.50	-2.794e-02	4.934e+00	-1.075e+00
195291.50	-3.072e-02	5.674e+00	-1.402e+00
195292.50	-1.824e-02	5.213e+00	-4.627e-01
195293.50	9.888e-04	4.733e+00	1.258e-01
195294.50	-1.046e-02	5.098e+00	-2.160e-01
195295.50	-5.856e-03	5.914e+00	-7.066e-02
195296.50	5.616e-03	4.656e+00	3.408e-01
195297.50	1.018e-02	3.389e+00	5.549e-01
195298.50	-8.400e-03	4.339e+00	-1.382e-01
195299.50	-6.250e-03	2.957e+00	-6.317e-01
195300.50	-2.918e-03	3.302e+00	-2.650e-02
195301.50	-3.206e-02	3.101e+00	-1.210e+00
195302.50	5.251e-03	3.418e+00	2.486e-01
195303.50	1.258e-02	3.706e+00	7.142e-01
195304.50	-2.573e-02	3.571e+00	-1.133e+00
195305.50	1.603e-03	3.216e+00	3.014e-01
195306.50	-1.219e-02	2.198e+00	-5.674e-01
195307.50	-5.683e-03	2.659e+00	-1.747e-01
195308.50	-2.390e-02	2.237e+00	-7.853e-01
195309.50	-1.334e-02	2.467e+00	-5.424e-01
195310.50	-7.738e-03	2.371e+00	-2.131e-01
195311.50	-2.237e-03	1.651e+00	-3.370e-02
195312.50	-2.333e-04	2.506e+00	-9.888e-02
195313.50	-1.200e-02	2.179e+00	-5.338e-01
195314.50	1.286e-02	1.123e+00	3.245e-01
195315.50	5.194e-03	2.323e+00	4.483e-01
195316.50	-2.189e-02	1.354e+00	-6.614e-01
195317.50	-3.149e-03	1.517e+00	-1.862e-02
195318.50	-6.730e-03	1.142e+00	-2.064e-01
195319.50	-9.350e-03	1.392e+00	-3.677e-01
195320.50	-1.008e-02	1.440e+00	-4.243e-01
195321.50	-1.152e-02	1.459e+00	-3.715e-01
195322.50	-2.189e-02	8.851e-01	-8.448e-01
195323.50	1.594e-03	1.373e+00	9.888e-02
195324.50	1.210e-02	1.824e+00	3.994e-01
195325.50	-4.378e-03	9.091e-01	-1.680e-01
195326.50	-1.200e-02	3.053e-01	-6.701e-01
195327.50	-7.344e-03	7.488e-01	-1.546e-01
195328.50	1.747e-02	9.984e-01	7.747e-01
195329.50	-8.285e-03	9.696e-01	-3.005e-01
195330.50	-3.427e-03	1.037e+00	-2.035e-01
195331.50	-1.219e-02	9.024e-01	-4.166e-01
195332.50	2.890e-03	8.563e-01	-7.296e-03
195333.50	2.026e-03	1.565e-01	2.333e-01
195334.50	-7.056e-03	5.904e-01	-2.467e-01
195335.50	3.389e-03	6.432e-01	1.718e-01
195336.50	-1.430e-02	7.104e-01	-5.578e-01
195337.50	6.787e-03	5.654e-01	2.755e-01
195338.50	5.261e-03	9.696e-01	2.208e-01
195339.50	3.158e-04	7.603e-01	4.858e-02
195340.50	-1.344e-02	6.950e-01	-5.760e-01
195341.50	-9.446e-03	4.195e-01	-3.158e-01
195342.50	-4.963e-03	3.542e-01	-8.314e-02
195343.50	-4.675e-03	1.997e-01	-1.670e-01
195344.50	1.008e-03	6.480e-01	-2.621e-02
195345.50	-1.114e-02	3.533e-01	-4.771e-01
195346.50	-8.150e-03	4.598e-01	-3.178e-01
195347.50	3.984e-03	6.394e-01	2.938e-01
195348.50	-1.421e-03	4.195e-01	6.422e-03
195349.50	6.307e-03	5.059e-01	1.651e-01
195350.50	-5.059e-03	1.766e-01	-1.920e-01
195351.50	-5.213e-03	3.600e-01	-1.642e-01
195352.50	-1.795e-03	6.067e-01	-1.334e-01
195353.50	6.864e-03	2.554e-01	3.312e-01
195354.50	3.542e-04	1.507e-01	6.557e-02
195355.50	-2.832e-03	4.560e-01	-5.808e-02
195356.50	9.696e-04	4.339e-01	-5.414e-02
195357.50	2.448e-03	7.968e-01	1.162e-01
195358.50	-2.304e-03	3.696e-01	-7.622e-02
195359.50	-4.426e-03	2.400e-01	-8.870e-02
195360.50	-2.803e-03	-1.872e-01	-4.003e-02
195361.50	7.632e-04	2.928e-01	2.659e-02
195362.50	-6.605e-03	1.651e-01	-3.696e-01
195363.50	-2.506e-03	1.824e-01	-6.538e-02
195364.50	-4.310e-03	1.632e-01	-1.834e-01
195365.50	3.754e-03	2.717e-01	1.910e-01
195366.50	1.450e-03	-1.238e-01	-4.282e-02
195367.50	-8.256e-03	3.302e-01	-1.843e-01
195368.50	-4.138e-03	2.352e-01	-5.520e-02
195369.50	4.973e-03	4.301e-01	7.603e-02
195370.50	-6.355e-04	2.448e-01	-3.706e-02
195371.50	-4.013e-03	-4.483e-03	-1.459e-01
195372.50	8.678e-04	9.600e-02	9.187e-02
195373.50	-5.798e-03	4.118e-02	-1.786e-01
195374.50	1.632e-03	3.581e-01	1.325e-01
195375.50	-4.205e-03	5.750e-02	-2.256e-01
195376.50	6.624e-03	3.053e-01	1.814e-01
195377.50	-5.635e-03	3.667e-02	-9.696e-02
195378.50	3.187e-03	3.139e-02	7.046e-02
195379.50	1.363e-03	-2.678e-01	9.696e-03
195380.50	-4.406e-03	3.696e-01	-1.286e-01
195381.50	1.699e-03	5.914e-01	1.094e-01
195382.50	1.978e-04	-1.709e-01	5.914e-02
195383.50	-4.195e-03	2.870e-01	-1.526e-01
195384.50	-3.475e-03	3.379e-02	-6.096e-03
195385.50	-2.765e-03	-1.152e-01	-1.603e-01
195386.50	1.507e-03	-2.275e-03	4.061e-03
195387.50	-4.493e-03	2.256e-01	-1.555e-01
195388.50	6.317e-05	3.552e-01	2.006e-02
195389.50	3.206e-03	2.390e-01	1.200e-01
195390.50	2.179e-03	3.744e-04	8.131e-02
195391.50	1.613e-04	1.450e-01	4.579e-02
195392.50	-4.166e-03	-6.086e-02	-8.083e-02
195393.50	1.037e-03	1.450e-01	1.190e-01
195394.50	-5.290e-03	3.322e-01	-2.659e-01
195395.50	2.333e-03	1.507e-01	2.842e-02
195396.50	3.907e-03	5.011e-02	9.984e-02
195397.50	1.891e-05	1.488e-01	2.995e-02
195398.50	-3.619e-03	9.696e-02	-8.630e-02
195399.50	3.398e-03	-1.075e-01	7.411e-02
195400.50	-1.190e-03	1.200e-01	-4.003e-02
195401.50	-1.430e-03	8.966e-02	4.723e-02
195402.50	-7.603e-04	-3.302e-02	6.259e-02
195403.50	-5.482e-03	1.555e-02	-2.054e-01
195404.50	1.709e-03	2.976e-01	4.934e-02
195405.50	-6.259e-04	2.438e-01	-2.938e-02
195406.50	-2.496e-03	-1.738e-01	2.102e-02
195407.50	4.070e-03	-2.870e-02	2.218e-01
195408.50	-2.544e-03	1.939e-01	-1.661e-01
195409.50	1.920e-03	2.563e-01	8.198e-02
195410.50	-2.390e-03	-2.746e-02	1.747e-02
195411.50	3.187e-03	2.198e-01	1.277e-01
195412.50	1.075e-03	-1.584e-01	9.984e-02
195413.50	-2.342e-03	-1.306e-01	-4.531e-02
195414.50	1.354e-03	1.555e-01	4.339e-03
195415.50	-1.584e-03	1.123e-01	-7.171e-02
195416.50	-2.294e-03	7.210e-02	-2.035e-01
195417.50	2.314e-03	-1.997e-01	9.341e-02
195418.50	3.686e-03	-9.341e-02	2.227e-01
195419.50	-1.027e-02	2.688e-01	-3.149e-01
195420.50	-6.941e-04	5.904e-02	3.418e-02
195421.50	6.643e-04	1.037e-01	-7.066e-04
195422.50	-3.197e-03	3.360e-02	-1.190e-01
195423.50	6.019e-04	5.645e-02	-6.960e-03
195424.50	-3.744e-03	-3.274e-04	-1.670e-01
195425.50	1.920e-03	7.094e-02	7.238e-02
195426.50	3.168e-03	6.883e-02	9.888e-02
195427.50	-1.027e-03	2.563e-01	-6.422e-02
195428.50	-7.306e-03	1.296e-01	-2.477e-01
195429.50	-7.344e-04	1.690e-03	-8.986e-02
195430.50	-7.670e-04	-5.606e-02	-1.478e-02
195431.50	4.358e-03	-6.835e-02	1.373e-01
195432.50	4.666e-03	7.306e-02	1.306e-01
195433.50	2.640e-03	1.565e-01	1.286e-01
195434.50	3.542e-03	1.104e-01	2.035e-01
195435.50	-3.638e-03	3.725e-02	-2.304e-01
195436.50	2.467e-03	-1.267e-01	8.352e-02
195437.50	-3.552e-03	1.200e-02	-1.056e-01
195438.50	-1.536e-03	1.344e-01	2.035e-03
195439.50	2.016e-03	1.190e-02	2.198e-02
195440.50	1.104e-03	-4.493e-02	-1.430e-02
195441.50	-6.730e-05	-5.904e-02	2.035e-02
195442.50	-5.933e-03	1.642e-01	-1.210e-01
195443.50	-5.453e-03	-1.594e-02	-1.766e-01
195444.50	3.293e-03	7.469e-02	6.518e-02
195445.50	-2.659e-03	2.918e-02	-6.134e-02
195446.50	-8.419e-05	1.498e-01	-6.259e-02
195447.50	-2.141e-03	1.459e-02	1.142e-02
195448.50	9.494e-04	2.208e-02	4.195e-02
195449.50	1.142e-03	3.926e-02	2.448e-02
195450.50	1.910e-03	4.685e-03	5.328e-02
195451.50	3.293e-03	-6.682e-02	1.392e-01
195452.50	-4.762e-03	3.821e-02	-1.402e-01
195453.50	5.654e-04	7.642e-02	8.304e-02
195454.50	1.277e-03	-3.283e-03	2.054e-02
195455.50	2.141e-03	7.382e-02	5.933e-02
195456.50	2.275e-03	9.197e-05	7.786e-02
195457.50	6.624e-03	1.546e-01	9.408e-02
195458.50	-1.267e-04	-1.373e-02	6.854e-02
195459.50	-2.554e-03	-3.571e-03	-1.901e-01
195460.50	3.274e-03	1.123e-01	7.440e-02
195461.50	-1.046e-02	-1.699e-01	-1.344e-01
195462.50	2.458e-03	1.402e-02	6.144e-02
195463.50	-2.794e-03	-9.494e-02	-1.248e-01
195464.50	-1.488e-03	1.536e-01	-9.533e-02
195465.50	-4.282e-04	5.933e-02	1.776e-02
195466.50	3.840e-03	1.805e-02	5.856e-02
195467.50	-1.238e-03	-3.629e-02	-4.762e-02
195468.50	-1.344e-04	-2.947e-02	1.373e-02
195469.50	1.843e-03	-4.742e-02	9.984e-02
195470.50	1.459e-03	1.248e-01	1.526e-03
195471.50	4.954e-04	-8.698e-02	-1.939e-02
195472.50	1.027e-02	1.469e-02	1.603e-01
195473.50	4.608e-02	-2.611e-01	3.754e-01
195474.50	2.419e-03	5.050e-02	4.819e-02
195475.50	-1.843e-02	8.477e-02	-1.104e-01
195476.50	-5.347e-03	-4.003e-02	3.782e-02
195477.50	-4.685e-03	6.950e-03	-8.419e-02
195478.50	-1.334e-02	1.862e-01	-5.213e-02
195479.50	-2.947e-03	6.874e-03	-5.962e-03
195480.50	9.072e-03	2.371e-01	7.056e-02
195481.50	1.910e-02	-2.294e-01	-5.702e-02
195482.50	-1.200e-02	-4.627e-02	-1.171e-01
195483.50	-1.651e-02	-2.131e-02	-1.315e-01
195484.50	7.478e-04	-1.632e-02	5.126e-02
195485.50	-2.352e-03	-1.190e-01	-6.029e-02
195486.50	-1.709e-03	1.450e-02	-2.986e-02
195487.50	4.330e-03	9.456e-02	1.661e-01
195488.50	6.403e-04	-4.877e-02	-4.646e-02
195489.50	-2.717e-03	-1.094e-01	-9.696e-02
195490.50	6.211e-04	-1.997e-02	2.006e-02
195491.50	9.312e-04	4.435e-02	3.053e-02
195492.50	2.208e-03	4.550e-02	9.984e-02
195493.50	-2.611e-03	-7.114e-02	-2.160e-02
195494.50	-4.435e-04	1.114e-01	-1.901e-02
195495.50	-2.928e-03	5.040e-02	-5.222e-02
195496.50	-4.694e-03	-2.429e-04	-1.430e-01
195497.50	-3.178e-03	-8.582e-02	-6.058e-02
195498.50	9.542e-04	6.365e-02	6.154e-02
195499.50	2.544e-03	-1.248e-02	4.426e-02
195500.50	-1.824e-03	-7.459e-02	-1.344e-01
195501.50	-5.635e-03	7.565e-02	-1.786e-01
195502.50	1.718e-03	1.171e-01	3.264e-02
195503.50	-2.515e-03	-2.179e-01	-7.046e-02
195504.50	2.515e-03	-1.958e-02	8.602e-02
195505.50	2.026e-03	-3.946e-04	9.427e-02
195506.50	2.506e-03	6.384e-02	1.027e-01
195507.50	-1.997e-03	4.608e-02	-2.045e-02
195508.50	-2.870e-03	-6.192e-02	-5.357e-02
195509.50	4.080e-04	6.048e-02	-8.659e-03
195510.50	-1.200e-03	8.707e-02	-4.790e-04
195511.50	1.200e-03	-6.115e-02	1.238e-02
195512.50	-1.277e-03	7.968e-02	-4.368e-02
195513.50	7.651e-04	-9.571e-03	5.501e-02
195514.50	5.213e-04	1.373e-02	-4.416e-02
195515.50	-2.582e-04	1.142e-02	-3.216e-02
195516.50	1.286e-03	-7.738e-03	6.250e-04
195517.50	-9.696e-04	1.862e-01	-5.059e-02
195518.50	-9.485e-04	5.722e-02	-6.624e-02
195519.50	-5.366e-05	3.034e-02	-2.832e-02
195520.50	1.296e-03	1.046e-01	1.450e-02
195521.50	3.130e-03	-6.720e-02	1.171e-01
195522.50	-4.368e-03	-7.152e-02	-1.027e-01
195523.50	-1.344e-03	-2.218e-02	4.848e-02
195524.50	-4.032e-04	-4.368e-04	-8.794e-02
195525.50	8.333e-04	1.872e-01	1.958e-02
195526.50	-2.678e-04	8.218e-02	3.178e-03
195527.50	-5.328e-04	-5.443e-02	-1.670e-02
195528.50	1.114e-03	-6.288e-02	8.832e-02
195529.50	1.162e-03	-2.659e-02	5.779e-02
195530.50	6.221e-04	-4.358e-02	-1.450e-02
195531.50	-2.928e-03	-1.382e-03	-8.909e-02
195532.50	3.514e-04	-2.813e-02	4.109e-02
195533.50	-2.669e-03	4.973e-02	-4.867e-02
195534.50	-1.363e-03	3.101e-02	-3.763e-02
195535.50	-2.592e-04	-4.522e-03	-4.483e-03
195536.50	-1.421e-03	6.557e-02	-6.768e-02
195537.50	3.446e-03	2.659e-03	8.650e-02
195538.50	-1.382e-03	4.589e-02	1.344e-02
195539.50	-3.677e-03	-1.334e-02	-9.984e-02
195540.50	-2.563e-03	-7.027e-02	-6.941e-03
195541.50	-7.133e-04	-3.898e-02	-6.797e-03
195542.50	2.966e-05	-8.141e-02	1.402e-03
195543.50	2.890e-03	6.835e-02	9.034e-02
195544.50	-1.046e-04	-1.267e-01	3.398e-02
195545.50	3.053e-03	9.120e-02	5.990e-02
195546.50	2.563e-03	2.918e-02	8.698e-02
195547.50	-9.101e-04	-2.381e-02	-3.667e-02
195548.50	8.909e-04	2.419e-02	1.286e-03
195549.50	1.344e-03	-2.246e-03	-2.477e-02
195550.50	3.821e-05	-2.534e-02	-2.275e-02
195551.50	-1.066e-03	8.496e-03	-5.184e-02
195552.50	-1.891e-03	2.899e-02	1.354e-02
195553.50	-2.803e-03	-1.315e-02	-7.382e-02
195554.50	-7.757e-04	-1.046e-02	1.133e-02
195555.50	4.934e-05	5.030e-02	1.651e-03
195556.50	1.661e-03	-3.677e-02	5.280e-02
195557.50	2.045e-04	3.869e-02	-8.438e-02
195558.50	6.864e-03	1.594e-01	1.238e-03
195559.50	5.933e-03	-3.254e-02	9.696e-02
195560.50	-2.006e-03	-4.262e-03	4.128e-03
195561.50	-1.123e-03	-6.768e-02	2.131e-02
195562.50	-1.920e-03	6.912e-02	-4.675e-02
195563.50	-1.920e-03	-7.037e-02	-4.819e-02
195564.50	-3.677e-03	4.627e-03	-1.075e-01
195565.50	-5.328e-04	3.754e-02	-3.168e-02
195566.50	6.355e-05	-1.574e-02	7.392e-03
195567.50	4.675e-04	-2.803e-03	1.699e-02
195568.50	1.814e-03	-2.429e-02	1.046e-01
195569.50	-2.534e-04	-1.248e-01	1.325e-02
195570.50	5.923e-04	6.576e-02	-2.400e-02
195571.50	1.632e-03	-2.794e-02	3.485e-02
195572.50	-1.805e-03	1.219e-02	-1.517e-02
195573.50	-6.758e-03	1.536e-01	-4.579e-02
195574.50	3.254e-03	-2.899e-02	7.238e-02
195575.50	-1.402e-03	-7.565e-02	1.642e-02
195576.50	1.306e-05	4.733e-02	1.152e-02
195577.50	2.410e-03	-1.594e-02	3.725e-02
195578.50	-1.690e-03	5.078e-02	-1.622e-02
195579.50	-3.744e-04	-5.616e-03	-2.899e-03
195580.50	2.371e-03	-2.256e-02	1.190e-02
195581.50	1.498e-03	-7.450e-02	4.282e-03
195582.50	-4.723e-03	2.602e-02	-8.352e-02
195583.50	-6.221e-03	-4.752e-03	-3.955e-02
195584.50	6.691e-04	4.790e-02	6.384e-02
195585.50	-6.192e-04	-4.042e-02	-3.014e-02
195586.50	-1.699e-03	1.286e-01	-1.200e-02
195587.50	-3.408e-03	-2.112e-02	-6.989e-02
195588.50	3.946e-03	-1.277e-02	2.698e-02
195589.50	-2.515e-03	7.258e-02	-9.101e-02
195590.50	3.466e-04	-5.002e-02	3.283e-02
195591.50	-1.334e-03	3.014e-03	3.024e-03
195592.50	-5.597e-04	4.378e-02	1.814e-02
195593.50	4.186e-03	1.642e-02	2.563e-02
195594.50	-5.203e-03	3.235e-03	-1.171e-01
195595.50	-3.475e-03	4.589e-02	1.142e-02
195596.50	-1.978e-04	7.862e-03	3.427e-03
195597.50	3.226e-03	-2.122e-02	3.638e-02
195598.50	2.102e-02	2.314e-02	1.181e-01
195599.50	-1.997e-02	3.466e-02	-1.277e-01
195600.50	-1.094e-02	-1.056e-02	-8.640e-02
195601.50	1.690e-03	4.541e-03	6.038e-02
195602.50	-8.150e-04	-8.659e-02	2.957e-02
195603.50	-5.894e-03	-5.395e-02	-1.085e-02
195604.50	-7.661e-03	-1.507e-02	-7.152e-02
195605.50	1.709e-02	7.142e-02	8.611e-02
195606.50	7.258e-03	-2.928e-02	5.242e-02
195607.50	2.035e-04	-9.984e-03	9.984e-03
195608.50	-3.120e-03	2.736e-02	-4.810e-02
195609.50	-2.371e-03	-3.322e-02	-7.555e-02
195610.50	9.072e-04	-1.766e-02	2.006e-02
195611.50	4.963e-03	5.261e-02	3.206e-02
195612.50	2.726e-03	2.784e-02	4.627e-02
195613.50	-1.478e-03	1.008e-02	-8.995e-02
195614.50	-2.851e-04	6.230e-02	-3.667e-02
195615.50	1.306e-02	-2.995e-02	1.315e-01
195616.50	1.459e-02	8.400e-02	7.133e-02
195617.50	2.506e-03	-5.290e-02	-1.805e-02
195618.50	-8.659e-03	4.253e-02	2.112e-02
195619.50	-4.195e-03	-1.066e-01	-3.254e-02
195620.50	2.016e-03	-5.021e-02	-2.054e-02
195621.50	-9.984e-04	-9.792e-03	-3.840e-02
195622.50	3.974e-03	6.797e-02	4.493e-02
195623.50	5.597e-04	-1.373e-02	2.582e-02
195624.50	1.402e-03	3.773e-02	-7.574e-03
195625.50	4.675e-04	4.262e-02	-1.200e-02
195626.50	-4.944e-03	-1.315e-02	-3.226e-02
195627.50	-5.232e-04	4.781e-02	2.573e-02
195628.50	3.091e-03	-6.394e-02	9.446e-03
195629.50	1.171e-03	2.774e-02	-5.194e-03
195630.50	-2.237e-03	-1.738e-02	-1.661e-02
195631.50	-1.718e-03	2.400e-02	4.320e-03
195632.50	1.517e-03	-4.963e-03	2.170e-02
195633.50	-8.947e-04	6.182e-03	-2.784e-02
195634.50	3.744e-04	-1.430e-02	3.917e-03
195635.50	-1.075e-03	1.037e-03	7.853e-03
195636.50	-1.978e-03	-1.738e-02	9.984e-04
