195038.50	0.000e+00	0.000e+00	0.000e+00
195039.50	0.000e+00	0.000e+00	0.000e+00
195040.50	0.000e+00	0.000e+00	0.000e+00
195041.50	0.000e+00	0.000e+00	0.000e+00
195042.50	0.000e+00	0.000e+00	0.000e+00
195043.50	0.000e+00	0.000e+00	0.000e+00
195044.50	0.000e+00	0.000e+00	0.000e+00
195045.50	0.000e+00	0.000e+00	0.000e+00
195046.50	0.000e+00	0.000e+00	0.000e+00
195047.50	0.000e+00	0.000e+00	0.000e+00
195048.50	0.000e+00	0.000e+00	0.000e+00
195049.50	0.000e+00	0.000e+00	0.000e+00
195050.50	0.000e+00	0.000e+00	0.000e+00
195051.50	0.000e+00	0.000e+00	0.000e+00
195052.50	0.000e+00	0.000e+00	0.000e+00
195053.50	0.000e+00	0.000e+00	0.000e+00
195054.50	0.000e+00	0.000e+00	0.000e+00
195055.50	0.000e+00	0.000e+00	0.000e+00
195056.50	0.000e+00	0.000e+00	0.000e+00
195057.50	0.000e+00	0.000e+00	0.000e+00
195058.50	0.000e+00	0.000e+00	0.000e+00
195059.50	0.000e+00	0.000e+00	0.000e+00
195060.50	0.000e+00	0.000e+00	0.000e+00
195061.50	0.000e+00	0.000e+00	0.000e+00
195062.50	0.000e+00	0.000e+00	0.000e+00
195063.50	0.000e+00	0.000e+00	0.000e+00
195064.50	0.000e+00	0.000e+00	0.000e+00
195065.50	0.000e+00	0.000e+00	0.000e+00
195066.50	0.000e+00	0.000e+00	0.000e+00
195067.50	0.000e+00	0.000e+00	0.000e+00
195068.50	0.000e+00	0.000e+00	0.000e+00
195069.50	0.000e+00	0.000e+00	0.000e+00
195070.50	0.000e+00	0.000e+00	0.000e+00
195071.50	0.000e+00	0.000e+00	0.000e+00
195072.50	0.000e+00	0.000e+00	0.000e+00
195073.50	0.000e+00	0.000e+00	0.000e+00
195074.50	0.000e+00	0.000e+00	0.000e+00
195075.50	0.000e+00	0.000e+00	0.000e+00
195076.50	0.000e+00	0.000e+00	0.000e+00
195077.50	0.000e+00	0.000e+00	0.000e+00
195078.50	0.000e+00	0.000e+00	0.000e+00
195079.50	0.000e+00	0.000e+00	0.000e+00
195080.50	0.000e+00	0.000e+00	0.000e+00
195081.50	0.000e+00	0.000e+00	0.000e+00
195082.50	0.000e+00	0.000e+00	0.000e+00
195083.50	0.000e+00	0.000e+00	0.000e+00
195084.50	0.000e+00	0.000e+00	0.000e+00
195085.50	0.000e+00	0.000e+00	0.000e+00
195086.50	0.000e+00	0.000e+00	0.000e+00
195087.50	0.000e+00	0.000e+00	0.000e+00
195088.50	0.000e+00	0.000e+00	0.000e+00
195089.50	0.000e+00	0.000e+00	0.000e+00
195090.50	0.000e+00	0.000e+00	0.000e+00
195091.50	0.000e+00	0.000e+00	0.000e+00
195092.50	0.000e+00	0.000e+00	0.000e+00
195093.50	0.000e+00	0.000e+00	0.000e+00
195094.50	0.000e+00	0.000e+00	0.000e+00
195095.50	0.000e+00	0.000e+00	0.000e+00
195096.50	0.000e+00	0.000e+00	0.000e+00
195097.50	0.000e+00	0.000e+00	0.000e+00
195098.50	0.000e+00	0.000e+00	0.000e+00
195099.50	0.000e+00	0.000e+00	0.000e+00
195100.50	0.000e+00	0.000e+00	0.000e+00
195101.50	0.000e+00	0.000e+00	0.000e+00
195102.50	0.000e+00	0.000e+00	0.000e+00
195103.50	0.000e+00	0.000e+00	0.000e+00
195104.50	0.000e+00	0.000e+00	0.000e+00
195105.50	0.000e+00	0.000e+00	0.000e+00
195106.50	0.000e+00	0.000e+00	0.000e+00
195107.50	0.000e+00	0.000e+00	0.000e+00
195108.50	0.000e+00	0.000e+00	0.000e+00
195109.50	0.000e+00	0.000e+00	0.000e+00
195110.50	0.000e+00	0.000e+00	0.000e+00
195111.50	0.000e+00	0.000e+00	0.000e+00
195112.50	0.000e+00	0.000e+00	0.000e+00
195113.50	0.000e+00	0.000e+00	0.000e+00
195114.50	0.000e+00	0.000e+00	0.000e+00
195115.50	0.000e+00	0.000e+00	0.000e+00
195116.50	0.000e+00	0.000e+00	0.000e+00
195117.50	0.000e+00	0.000e+00	0.000e+00
195118.50	0.000e+00	0.000e+00	0.000e+00
195119.50	0.000e+00	0.000e+00	0.000e+00
195120.50	0.000e+00	0.000e+00	0.000e+00
195121.50	0.000e+00	0.000e+00	0.000e+00
195122.50	0.000e+00	0.000e+00	0.000e+00
195123.50	0.000e+00	0.000e+00	0.000e+00
195124.50	0.000e+00	0.000e+00	0.000e+00
195125.50	0.000e+00	0.000e+00	0.000e+00
195126.50	0.000e+00	0.000e+00	0.000e+00
195127.50	0.000e+00	0.000e+00	0.000e+00
195128.50	0.000e+00	0.000e+00	0.000e+00
195129.50	0.000e+00	0.000e+00	0.000e+00
195130.50	0.000e+00	0.000e+00	0.000e+00
195131.50	0.000e+00	0.000e+00	0.000e+00
195132.50	0.000e+00	0.000e+00	0.000e+00
195133.50	0.000e+00	0.000e+00	0.000e+00
195134.50	0.000e+00	0.000e+00	0.000e+00
195135.50	0.000e+00	0.000e+00	0.000e+00
195136.50	0.000e+00	0.000e+00	0.000e+00
195137.50	0.000e+00	0.000e+00	0.000e+00
195138.50	0.000e+00	0.000e+00	0.000e+00
195139.50	0.000e+00	0.000e+00	0.000e+00
195140.50	0.000e+00	0.000e+00	0.000e+00
195141.50	0.000e+00	0.000e+00	0.000e+00
195142.50	0.000e+00	0.000e+00	0.000e+00
195143.50	0.000e+00	0.000e+00	0.000e+00
195144.50	0.000e+00	0.000e+00	0.000e+00
195145.50	0.000e+00	0.000e+00	0.000e+00
195146.50	0.000e+00	0.000e+00	0.000e+00
195147.50	0.000e+00	0.000e+00	0.000e+00
195148.50	0.000e+00	0.000e+00	0.000e+00
195149.50	0.000e+00	0.000e+00	0.000e+00
195150.50	0.000e+00	0.000e+00	0.000e+00
195151.50	0.000e+00	0.000e+00	0.000e+00
195152.50	0.000e+00	0.000e+00	0.000e+00
195153.50	0.000e+00	0.000e+00	0.000e+00
195154.50	0.000e+00	0.000e+00	0.000e+00
195155.50	0.000e+00	0.000e+00	0.000e+00
195156.50	0.000e+00	0.000e+00	0.000e+00
195157.50	0.000e+00	0.000e+00	0.000e+00
195158.50	0.000e+00	0.000e+00	0.000e+00
195159.50	0.000e+00	0.000e+00	0.000e+00
195160.50	0.000e+00	0.000e+00	0.000e+00
195161.50	0.000e+00	0.000e+00	0.000e+00
195162.50	0.000e+00	0.000e+00	0.000e+00
195163.50	0.000e+00	0.000e+00	0.000e+00
195164.50	0.000e+00	0.000e+00	0.000e+00
195165.50	0.000e+00	0.000e+00	0.000e+00
195166.50	0.000e+00	0.000e+00	0.000e+00
195167.50	0.000e+00	0.000e+00	0.000e+00
195168.50	0.000e+00	0.000e+00	0.000e+00
195169.50	0.000e+00	0.000e+00	0.000e+00
195170.50	0.000e+00	0.000e+00	0.000e+00
195171.50	0.000e+00	0.000e+00	0.000e+00
195172.50	0.000e+00	0.000e+00	0.000e+00
195173.50	0.000e+00	0.000e+00	0.000e+00
195174.50	0.000e+00	0.000e+00	0.000e+00
195175.50	0.000e+00	0.000e+00	0.000e+00
195176.50	0.000e+00	0.000e+00	0.000e+00
195177.50	0.000e+00	0.000e+00	0.000e+00
195178.50	0.000e+00	0.000e+00	0.000e+00
195179.50	0.000e+00	0.000e+00	0.000e+00
195180.50	0.000e+00	0.000e+00	0.000e+00
195181.50	0.000e+00	0.000e+00	0.000e+00
195182.50	0.000e+00	0.000e+00	0.000e+00
195183.50	0.000e+00	0.000e+00	0.000e+00
195184.50	0.000e+00	0.000e+00	0.000e+00
195185.50	0.000e+00	0.000e+00	0.000e+00
195186.50	0.000e+00	0.000e+00	0.000e+00
195187.50	0.000e+00	0.000e+00	0.000e+00
195188.50	0.000e+00	0.000e+00	0.000e+00
195189.50	0.000e+00	0.000e+00	0.000e+00
195190.50	0.000e+00	0.000e+00	0.000e+00
195191.50	0.000e+00	0.000e+00	0.000e+00
195192.50	0.000e+00	0.000e+00	0.000e+00
195193.50	0.000e+00	0.000e+00	0.000e+00
195194.50	0.000e+00	0.000e+00	0.000e+00
195195.50	0.000e+00	0.000e+00	0.000e+00
195196.50	0.000e+00	0.000e+00	0.000e+00
195197.50	0.000e+00	0.000e+00	0.000e+00
195198.50	0.000e+00	0.000e+00	0.000e+00
195199.50	0.000e+00	0.000e+00	0.000e+00
195200.50	0.000e+00	0.000e+00	0.000e+00
195201.50	0.000e+00	0.000e+00	0.000e+00
195202.50	0.000e+00	0.000e+00	0.000e+00
195203.50	0.000e+00	0.000e+00	0.000e+00
195204.50	0.000e+00	0.000e+00	0.000e+00
195205.50	0.000e+00	0.000e+00	0.000e+00
195206.50	0.000e+00	0.000e+00	0.000e+00
195207.50	0.000e+00	0.000e+00	0.000e+00
195208.50	0.000e+00	0.000e+00	0.000e+00
195209.50	0.000e+00	0.000e+00	0.000e+00
195210.50	0.000e+00	0.000e+00	0.000e+00
195211.50	0.000e+00	0.000e+00	0.000e+00
195212.50	0.000e+00	0.000e+00	0.000e+00
195213.50	0.000e+00	0.000e+00	0.000e+00
195214.50	0.000e+00	0.000e+00	0.000e+00
195215.50	0.000e+00	0.000e+00	0.000e+00
195216.50	0.000e+00	0.000e+00	0.000e+00
195217.50	0.000e+00	0.000e+00	0.000e+00
195218.50	0.000e+00	0.000e+00	0.000e+00
195219.50	0.000e+00	0.000e+00	0.000e+00
195220.50	0.000e+00	0.000e+00	0.000e+00
195221.50	0.000e+00	0.000e+00	0.000e+00
195222.50	0.000e+00	0.000e+00	0.000e+00
195223.50	0.000e+00	0.000e+00	0.000e+00
195224.50	0.000e+00	0.000e+00	0.000e+00
195225.50	0.000e+00	0.000e+00	0.000e+00
195226.50	0.000e+00	0.000e+00	0.000e+00
195227.50	0.000e+00	0.000e+00	0.000e+00
195228.50	0.000e+00	0.000e+00	0.000e+00
195229.50	0.000e+00	0.000e+00	0.000e+00
195230.50	0.000e+00	0.000e+00	0.000e+00
195231.50	0.000e+00	0.000e+00	0.000e+00
195232.50	6.970e-06	-8.880e-04	1.354e-04
195233.50	2.467e-05	2.611e-03	-2.938e-04
195234.50	-9.082e-06	-1.334e-03	-1.853e-04
195235.50	-7.411e-05	-4.848e-04	2.534e-03
195236.50	1.709e-04	-7.027e-04	-6.509e-03
195237.50	1.325e-04	9.072e-03	-1.027e-03
195238.50	-1.949e-04	2.611e-03	8.726e-03
195239.50	-8.323e-05	-5.251e-03	2.323e-03
195240.50	5.261e-05	-1.344e-03	5.616e-06
195241.50	-1.200e-04	-3.408e-03	1.315e-03
195242.50	4.752e-05	2.678e-03	-1.978e-03
195243.50	-2.467e-05	5.270e-04	1.152e-03
195244.50	-3.638e-06	-8.986e-04	3.005e-04
195245.50	-2.131e-05	-1.219e-03	2.266e-04
195246.50	6.384e-04	-1.219e-03	-1.766e-02
195247.50	-2.160e-04	-1.690e-02	7.690e-03
195248.50	1.027e-03	-8.842e-03	-3.485e-02
195249.50	-3.859e-05	1.152e-02	-1.766e-03
195250.50	-5.405e-04	1.795e-02	1.536e-02
195251.50	1.709e-03	-5.674e-03	-4.541e-02
195252.50	-2.189e-03	-2.496e-01	5.933e-02
195253.50	4.637e-02	-1.133e+01	-1.210e+00
195254.50	4.666e-01	-6.557e+01	-1.210e+01
195255.50	1.046e+00	-1.517e+02	-2.640e+01
195256.50	2.208e+00	-2.611e+02	-5.482e+01
195257.50	1.459e+00	-3.101e+02	-3.437e+01
195258.50	1.574e+00	-2.400e+02	-3.658e+01
195259.50	6.768e-01	-4.598e+01	-1.440e+01
195260.50	-2.717e-01	-4.666e+00	8.582e+00
195261.50	-3.562e-01	3.571e+01	9.888e+00
195262.50	-2.362e-01	5.338e+01	6.768e+00
195263.50	-4.963e-01	5.856e+01	1.286e+01
195264.50	-5.731e-01	5.952e+01	1.411e+01
195265.50	-5.510e-01	5.856e+01	1.363e+01
195266.50	-3.562e-01	5.549e+01	8.736e+00
195267.50	-3.350e-01	5.798e+01	8.189e+00
195268.50	-4.512e-01	4.589e+01	1.094e+01
195269.50	-1.949e-01	4.752e+01	4.474e+00
195270.50	-8.429e-02	3.830e+01	1.939e+00
195271.50	1.939e-02	3.859e+01	-6.240e-01
195272.50	-2.074e-01	3.408e+01	4.829e+00
195273.50	-2.534e-01	3.571e+01	6.230e+00
195274.50	-1.334e-01	2.842e+01	3.101e+00
195275.50	-1.286e-01	2.698e+01	2.851e+00
195276.50	-3.446e-01	2.275e+01	8.285e+00
195277.50	-1.008e-01	1.901e+01	2.362e+00
195278.50	-1.958e-01	2.314e+01	4.531e+00
195279.50	-1.584e-02	2.170e+01	4.243e-01
195280.50	3.859e-02	2.141e+01	-9.542e-01
195281.50	-8.141e-02	1.421e+01	1.853e+00
195282.50	-1.411e-01	1.603e+01	3.149e+00
195283.50	-8.563e-02	1.478e+01	2.074e+00
195284.50	-6.461e-02	1.517e+01	1.373e+00
195285.50	-9.475e-02	1.325e+01	2.189e+00
195286.50	-1.402e-01	1.267e+01	3.245e+00
195287.50	-1.382e-01	1.085e+01	3.158e+00
195288.50	-9.696e-02	1.152e+01	2.189e+00
195289.50	-1.008e-01	1.114e+01	2.294e+00
195290.50	-3.437e-02	1.104e+01	7.795e-01
195291.50	5.414e-03	9.062e+00	-2.064e-01
195292.50	-4.138e-02	7.565e+00	9.072e-01
195293.50	-7.392e-02	8.342e+00	1.622e+00
195294.50	-3.389e-02	7.440e+00	7.075e-01
195295.50	-5.050e-02	6.403e+00	1.142e+00
195296.50	-5.088e-02	6.192e+00	1.037e+00
195297.50	-5.366e-02	6.922e+00	1.219e+00
195298.50	-3.005e-02	5.587e+00	6.538e-01
195299.50	-1.978e-02	4.906e+00	3.686e-01
195300.50	-1.008e-03	4.819e+00	-4.752e-02
195301.50	-4.694e-02	7.018e+00	1.190e+00
195302.50	-5.366e-02	5.069e+00	1.181e+00
195303.50	-5.328e-02	3.744e+00	1.152e+00
195304.50	-4.426e-03	4.262e+00	5.808e-02
195305.50	-3.370e-02	3.590e+00	7.363e-01
195306.50	-3.053e-02	3.830e+00	7.037e-01
195307.50	-7.478e-03	4.003e+00	5.405e-02
195308.50	-6.922e-02	3.542e+00	1.478e+00
195309.50	2.736e-04	2.794e+00	3.110e-02
195310.50	-1.085e-02	2.726e+00	2.275e-01
195311.50	-3.082e-02	2.534e+00	6.614e-01
195312.50	-1.286e-02	2.909e+00	2.890e-01
195313.50	-1.997e-02	3.216e+00	4.483e-01
195314.50	2.083e-03	3.091e+00	-1.219e-01
195315.50	-4.003e-02	1.805e+00	8.045e-01
195316.50	-1.584e-02	2.678e+00	3.139e-01
195317.50	-1.824e-02	1.987e+00	3.850e-01
195318.50	-2.976e-02	1.171e+00	6.346e-01
195319.50	1.238e-02	2.419e+00	-3.120e-01
195320.50	-1.805e-02	2.419e+00	4.061e-01
195321.50	-2.246e-02	2.026e+00	5.194e-01
195322.50	-1.219e-03	7.046e-01	1.622e-02
195323.50	9.130e-03	1.219e+00	-2.026e-01
195324.50	-2.592e-02	1.747e+00	5.635e-01
195325.50	-3.101e-03	1.162e+00	5.290e-02
195326.50	-2.026e-02	2.045e+00	4.675e-01
195327.50	-1.565e-02	1.430e+00	4.493e-01
195328.50	-2.026e-03	1.574e+00	5.002e-04
195329.50	-1.939e-02	1.258e+00	4.138e-01
195330.50	-2.448e-02	1.296e+00	4.973e-01
195331.50	1.181e-04	1.238e+00	6.518e-02
195332.50	-2.650e-02	1.718e+00	5.443e-01
195333.50	-5.136e-03	9.696e-01	6.365e-02
195334.50	-1.152e-02	1.267e+00	3.014e-01
195335.50	-1.181e-02	7.085e-01	1.987e-01
195336.50	-9.533e-03	5.357e-01	1.526e-01
195337.50	-5.837e-03	9.446e-01	1.037e-01
195338.50	1.066e-02	8.486e-01	-2.630e-01
195339.50	-2.294e-02	1.277e+00	5.846e-01
195340.50	2.266e-02	6.528e-01	-5.136e-01
195341.50	-2.592e-02	7.258e-01	5.654e-01
195342.50	-3.302e-02	1.162e+00	7.622e-01
195343.50	1.421e-02	6.019e-01	-4.042e-01
195344.50	1.574e-02	3.120e-01	-3.754e-01
195345.50	7.901e-03	5.117e-01	-1.430e-01
195346.50	2.275e-03	1.699e-01	-1.066e-01
195347.50	-8.390e-03	7.229e-01	1.824e-01
195348.50	-5.606e-03	6.067e-01	7.315e-02
195349.50	1.094e-03	5.674e-01	-7.843e-02
195350.50	2.160e-02	2.131e-01	-4.128e-01
195351.50	5.078e-03	4.464e-01	-9.226e-02
195352.50	-1.920e-02	7.344e-01	4.339e-01
195353.50	-4.176e-02	4.570e-01	8.899e-01
195354.50	-1.373e-02	2.794e-02	2.784e-01
195355.50	2.659e-03	7.862e-01	-9.053e-02
195356.50	-5.933e-03	2.122e-01	1.478e-01
195357.50	3.782e-04	3.370e-01	-6.624e-03
195358.50	1.229e-02	6.816e-01	-3.072e-01
195359.50	1.171e-02	5.933e-01	-3.005e-01
195360.50	-1.277e-02	2.304e-01	3.226e-01
195361.50	-1.248e-02	9.792e-02	3.485e-01
195362.50	8.275e-03	6.662e-01	-1.776e-01
195363.50	-8.726e-03	-4.147e-02	2.026e-01
195364.50	-1.661e-02	2.304e-01	3.811e-01
195365.50	7.546e-03	5.021e-01	-1.690e-01
195366.50	-1.872e-02	3.053e-01	3.571e-01
195367.50	-8.294e-03	4.934e-02	1.699e-01
195368.50	1.085e-02	5.434e-01	-2.554e-01
195369.50	-1.114e-02	4.109e-01	1.978e-01
195370.50	-7.766e-04	2.160e-01	-1.469e-02
195371.50	1.229e-02	1.978e-01	-2.237e-01
195372.50	8.333e-03	2.371e-01	-2.141e-01
195373.50	-4.397e-03	-6.749e-02	9.235e-03
195374.50	2.266e-04	8.122e-02	-4.454e-02
195375.50	3.139e-03	3.648e-01	-6.125e-02
195376.50	-6.826e-03	1.795e-01	1.526e-01
195377.50	4.186e-03	1.286e-01	-4.368e-02
195378.50	-1.469e-02	2.928e-01	2.496e-01
195379.50	6.778e-03	2.294e-01	-1.171e-01
195380.50	-2.333e-03	3.811e-01	-8.218e-03
195381.50	-1.238e-02	3.322e-01	2.467e-01
195382.50	1.373e-02	-4.963e-02	-3.043e-01
195383.50	-1.248e-02	2.006e-01	2.755e-01
195384.50	1.872e-03	-1.910e-02	-8.573e-02
195385.50	3.936e-03	7.469e-02	-5.558e-02
195386.50	-4.128e-03	1.680e-01	1.171e-01
195387.50	-2.160e-03	2.842e-01	4.387e-02
195388.50	-5.770e-03	-1.709e-02	1.325e-01
195389.50	-1.238e-02	-1.229e-01	2.467e-01
195390.50	-2.102e-03	2.400e-01	7.219e-02
195391.50	-1.478e-03	2.698e-01	7.440e-02
195392.50	-2.035e-03	1.114e-01	6.067e-02
195393.50	-1.814e-03	1.114e-01	4.099e-02
195394.50	7.699e-03	2.995e-01	-1.747e-01
195395.50	-1.114e-02	1.392e-01	1.872e-01
195396.50	-5.069e-03	-8.410e-02	1.114e-01
195397.50	6.950e-03	6.346e-02	-1.661e-01
195398.50	3.130e-03	3.802e-01	-4.531e-02
195399.50	2.611e-03	2.928e-01	-7.930e-02
195400.50	3.965e-03	1.200e-01	-1.450e-01
195401.50	-1.546e-02	-1.219e-01	3.677e-01
195402.50	-9.293e-03	1.642e-01	1.354e-01
195403.50	-4.118e-03	-1.776e-02	1.258e-01
195404.50	2.333e-03	2.794e-01	-5.184e-02
195405.50	4.483e-03	-2.150e-02	-8.563e-02
195406.50	3.379e-03	1.306e-01	-6.250e-02
195407.50	7.104e-03	2.506e-01	-1.229e-01
195408.50	1.382e-03	-2.774e-01	-4.435e-02
195409.50	2.909e-03	5.539e-02	-1.037e-01
195410.50	-5.674e-03	2.323e-01	7.949e-02
195411.50	-1.498e-02	1.430e-01	3.139e-01
195412.50	4.858e-03	7.190e-02	-1.008e-01
195413.50	-5.434e-03	-2.573e-03	1.315e-01
195414.50	3.187e-03	2.822e-01	-4.272e-02
195415.50	7.546e-04	-1.709e-03	-3.485e-02
195416.50	3.158e-03	4.762e-02	-8.352e-02
195417.50	-4.819e-03	8.160e-02	1.421e-01
195418.50	-1.008e-02	1.171e-01	2.352e-01
195419.50	-5.117e-03	-1.459e-01	8.698e-02
195420.50	-4.896e-03	7.949e-02	8.323e-02
195421.50	-8.822e-03	-1.306e-01	1.987e-01
195422.50	3.350e-03	8.170e-03	2.333e-03
195423.50	1.066e-02	2.189e-01	-2.419e-01
195424.50	-8.323e-03	2.650e-02	1.805e-01
195425.50	1.277e-02	6.864e-02	-3.178e-01
195426.50	-1.075e-02	1.238e-01	2.160e-01
195427.50	-8.784e-04	1.344e-01	-9.168e-03
195428.50	8.342e-03	-9.888e-02	-1.450e-01
195429.50	-4.330e-03	-1.267e-01	1.152e-01
195430.50	-6.883e-03	3.235e-01	1.814e-01
195431.50	6.288e-03	5.194e-02	-1.776e-01
195432.50	-4.234e-03	-1.046e-01	5.462e-02
195433.50	2.678e-04	4.694e-02	-1.997e-02
195434.50	-7.267e-03	3.014e-02	2.045e-01
195435.50	-1.450e-02	-5.616e-03	2.266e-01
195436.50	7.248e-03	9.206e-02	-1.094e-01
195437.50	-6.787e-04	1.795e-02	5.366e-02
195438.50	-1.229e-02	1.805e-01	2.486e-01
195439.50	-8.131e-03	3.898e-02	2.179e-01
195440.50	-4.800e-05	2.131e-01	6.691e-03
195441.50	8.275e-03	1.834e-02	-2.054e-01
195442.50	5.712e-03	-9.178e-02	-1.373e-01
195443.50	8.592e-03	1.114e-02	-1.526e-01
195444.50	2.592e-03	-4.387e-02	-9.792e-02
195445.50	-4.195e-03	3.408e-02	9.101e-02
195446.50	-1.133e-03	2.054e-01	-1.738e-03
195447.50	1.862e-03	2.822e-02	-3.485e-02
195448.50	6.067e-03	4.454e-02	-1.075e-01
195449.50	4.877e-03	-1.238e-01	-1.200e-01
195450.50	1.210e-03	-6.125e-02	-2.899e-02
195451.50	-6.202e-03	8.102e-02	1.248e-01
195452.50	-2.803e-03	1.632e-01	-5.712e-03
195453.50	-8.064e-03	2.650e-01	1.488e-01
195454.50	6.557e-03	-1.075e-01	-8.102e-02
195455.50	3.638e-04	2.554e-03	-9.216e-03
195456.50	1.450e-03	-1.632e-01	-3.571e-02
195457.50	-8.429e-03	-1.344e-01	1.382e-01
195458.50	-4.128e-03	2.976e-02	8.150e-02
195459.50	3.533e-04	1.594e-01	7.584e-02
195460.50	-4.310e-04	1.248e-01	-1.114e-02
195461.50	-8.160e-03	-4.339e-04	1.037e-01
195462.50	1.488e-03	-5.837e-02	-2.938e-02
195463.50	5.290e-03	1.498e-01	-1.181e-01
195464.50	-2.074e-05	1.738e-01	3.293e-03
195465.50	-8.698e-04	-1.238e-01	8.170e-03
195466.50	6.902e-03	4.032e-03	-1.469e-01
195467.50	1.786e-03	5.328e-02	-3.686e-02
195468.50	-5.837e-03	6.298e-02	1.046e-01
195469.50	-4.224e-03	-6.787e-02	9.696e-02
195470.50	5.866e-04	-3.005e-02	1.565e-02
195471.50	-1.738e-03	-2.592e-02	4.090e-02
195472.50	3.888e-04	1.334e-03	-2.717e-02
195473.50	6.653e-05	-2.179e-02	1.046e-02
195474.50	-1.565e-02	-2.563e-02	2.323e-01
195475.50	-3.562e-04	-6.739e-02	-2.640e-02
195476.50	5.616e-03	6.134e-02	-9.600e-02
195477.50	4.714e-04	1.824e-01	-1.306e-02
195478.50	5.107e-03	7.411e-02	-1.037e-01
195479.50	1.699e-04	-1.267e-04	2.966e-02
195480.50	1.315e-03	2.688e-02	-1.459e-02
195481.50	1.277e-03	-4.166e-02	-5.875e-02
195482.50	-3.677e-03	-6.634e-02	9.341e-02
195483.50	-3.830e-03	-1.133e-01	5.770e-02
195484.50	3.245e-03	2.054e-01	-8.390e-02
195485.50	3.955e-03	1.171e-01	-4.253e-02
195486.50	-5.539e-03	-3.226e-02	1.075e-01
195487.50	-4.109e-03	3.034e-02	7.632e-02
195488.50	2.582e-03	-1.834e-01	-4.790e-02
195489.50	1.594e-02	1.814e-02	-1.229e-01
195490.50	8.870e-03	-1.123e-02	3.523e-02
195491.50	-8.986e-03	4.349e-02	1.277e-02
195492.50	4.176e-03	4.550e-02	-6.144e-02
195493.50	-5.818e-04	-8.822e-03	2.045e-02
195494.50	-5.942e-03	-1.402e-02	1.200e-01
195495.50	5.395e-03	-3.802e-02	-1.258e-01
195496.50	5.942e-04	2.198e-03	2.227e-02
195497.50	-4.339e-03	-8.342e-02	6.739e-02
195498.50	-4.406e-03	-1.517e-01	3.178e-02
195499.50	2.429e-03	6.096e-02	-4.550e-02
195500.50	-3.859e-03	-1.210e-02	1.123e-01
195501.50	3.600e-05	1.085e-01	1.354e-02
195502.50	-5.050e-04	6.202e-02	2.966e-03
195503.50	6.845e-03	-2.611e-02	-5.482e-02
195504.50	-4.042e-03	7.862e-02	2.851e-02
195505.50	1.978e-03	8.045e-02	-6.605e-02
195506.50	4.896e-03	5.635e-02	-1.181e-01
195507.50	-8.813e-03	1.046e-01	5.827e-02
195508.50	-7.882e-04	4.080e-02	-2.794e-02
195509.50	-3.350e-03	-7.104e-02	2.928e-03
195510.50	-7.344e-03	-8.093e-02	1.142e-01
195511.50	-5.328e-04	-3.763e-02	5.222e-02
195512.50	-5.443e-03	-1.181e-01	1.229e-01
195513.50	-2.141e-03	4.464e-03	3.734e-02
195514.50	-3.350e-03	6.336e-02	8.122e-02
195515.50	-1.421e-03	-6.288e-02	5.261e-02
195516.50	1.219e-03	1.104e-01	1.104e-02
195517.50	3.648e-03	-1.968e-02	-8.304e-02
195518.50	3.936e-03	4.675e-03	-7.824e-02
195519.50	-1.238e-03	6.960e-02	2.458e-02
195520.50	-2.083e-03	-1.123e-01	3.168e-03
195521.50	-5.107e-04	6.710e-02	-3.504e-02
195522.50	-4.253e-03	8.314e-02	5.750e-02
195523.50	-1.536e-03	5.731e-02	7.555e-03
195524.50	1.056e-03	2.707e-02	-6.077e-03
195525.50	-1.238e-03	-3.965e-02	6.048e-02
195526.50	-2.544e-03	1.584e-02	5.366e-02
195527.50	-1.622e-03	4.675e-02	6.749e-02
195528.50	-5.530e-04	-7.277e-02	6.960e-03
195529.50	2.650e-03	5.722e-02	-6.547e-02
195530.50	5.981e-03	2.678e-02	-1.027e-01
195531.50	2.544e-03	-6.096e-03	-4.685e-02
195532.50	3.667e-03	-8.294e-02	-8.736e-02
195533.50	1.738e-03	-6.307e-02	-7.930e-02
195534.50	-2.534e-04	-2.112e-03	2.208e-02
195535.50	1.056e-03	-1.526e-01	-8.688e-02
195536.50	-8.438e-04	7.190e-02	1.296e-02
195537.50	-3.696e-03	8.390e-02	9.014e-02
195538.50	-2.160e-03	6.086e-02	2.294e-02
195539.50	1.392e-03	4.762e-02	-3.658e-02
195540.50	2.650e-03	4.781e-02	-5.165e-02
195541.50	-5.827e-04	-3.936e-02	1.450e-02
195542.50	-8.410e-03	7.728e-02	1.709e-01
195543.50	-4.339e-03	9.792e-02	8.678e-02
195544.50	2.688e-03	-6.413e-02	4.042e-03
195545.50	2.275e-03	-6.883e-02	-5.683e-02
195546.50	-6.125e-04	-8.314e-02	6.595e-03
195547.50	-4.253e-04	4.608e-02	2.314e-02
195548.50	8.736e-04	4.781e-02	4.694e-03
195549.50	4.502e-03	-5.818e-02	-8.842e-02
195550.50	5.808e-03	1.219e-02	-1.306e-01
195551.50	-1.411e-03	3.091e-02	3.984e-02
195552.50	1.334e-03	-3.101e-02	-5.136e-02
195553.50	-2.707e-03	-1.171e-02	6.797e-02
195554.50	3.619e-03	1.632e-02	-4.426e-02
195555.50	1.680e-03	-8.822e-02	-3.878e-02
195556.50	-2.256e-03	7.200e-02	4.138e-02
195557.50	-1.344e-03	9.581e-02	2.237e-02
195558.50	-6.038e-03	2.851e-02	1.200e-01
195559.50	-9.792e-04	-3.619e-02	6.566e-03
195560.50	-1.795e-04	-4.771e-02	9.466e-03
195561.50	-9.600e-04	-5.462e-02	2.448e-02
195562.50	3.619e-03	-4.368e-02	-6.019e-02
195563.50	-1.373e-03	1.939e-03	7.670e-03
195564.50	1.853e-03	-2.381e-02	-3.734e-02
195565.50	-2.323e-03	4.138e-02	6.067e-02
195566.50	-1.382e-03	-7.085e-02	2.746e-02
195567.50	-3.974e-03	1.478e-01	2.678e-02
195568.50	4.234e-03	-4.742e-02	-6.605e-02
195569.50	-1.814e-03	2.026e-02	3.936e-02
195570.50	-1.680e-03	-1.872e-03	2.813e-02
195571.50	-7.200e-04	-4.416e-03	2.141e-02
195572.50	2.611e-03	1.843e-02	-6.422e-02
195573.50	-2.083e-03	2.218e-02	3.130e-02
195574.50	-2.246e-03	-1.018e-01	9.542e-03
195575.50	8.314e-04	-1.210e-02	1.622e-02
195576.50	-8.659e-04	1.104e-02	2.957e-03
195577.50	5.203e-03	6.365e-02	-9.062e-02
195578.50	2.726e-03	9.792e-02	-2.832e-02
195579.50	3.312e-03	-4.090e-02	-7.402e-02
195580.50	2.160e-03	-3.850e-02	-1.478e-02
195581.50	7.469e-03	-1.229e-01	-9.312e-02
195582.50	2.246e-03	3.926e-03	-3.139e-02
195583.50	-1.142e-03	3.120e-02	2.861e-02
195584.50	7.930e-04	-5.424e-03	-3.677e-02
195585.50	-3.005e-03	-2.285e-02	5.885e-02
195586.50	-8.678e-04	-1.344e-03	6.662e-02
195587.50	-2.275e-03	5.098e-02	-1.258e-02
195588.50	-4.474e-03	1.075e-02	5.270e-02
195589.50	-3.619e-03	7.066e-02	9.254e-02
195590.50	3.494e-03	-4.042e-02	-1.574e-02
195591.50	4.685e-03	1.910e-03	-7.306e-02
195592.50	-5.232e-03	7.632e-02	-5.981e-03
195593.50	1.306e-03	2.314e-02	-2.083e-02
195594.50	3.206e-03	4.934e-03	-6.797e-02
195595.50	-7.853e-04	-3.120e-02	-6.029e-03
195596.50	-2.515e-03	1.133e-02	6.298e-02
195597.50	2.822e-03	2.458e-02	-3.178e-02
195598.50	-8.688e-03	-6.701e-03	8.035e-02
195599.50	4.454e-04	-2.870e-02	7.478e-03
195600.50	3.168e-03	2.429e-02	-1.037e-02
195601.50	1.123e-03	-1.104e-02	4.752e-03
195602.50	-1.248e-04	9.792e-03	1.862e-02
195603.50	-1.267e-03	-2.554e-02	1.853e-02
195604.50	-7.949e-04	2.448e-02	-5.328e-02
195605.50	4.195e-03	3.427e-02	-7.555e-02
195606.50	-3.926e-03	-6.134e-02	6.144e-02
195607.50	8.064e-04	-1.190e-01	-3.322e-02
195608.50	1.718e-03	2.237e-02	-4.320e-02
195609.50	-9.696e-04	-5.299e-02	7.267e-03
195610.50	-1.622e-03	2.717e-02	6.624e-02
195611.50	-4.147e-03	2.592e-02	7.680e-02
195612.50	3.091e-04	3.322e-03	1.478e-02
195613.50	1.142e-04	-2.573e-02	-7.104e-02
195614.50	1.382e-03	7.517e-02	-2.630e-02
195615.50	-1.094e-03	-1.277e-02	5.491e-03
195616.50	8.246e-04	-1.555e-02	-5.885e-03
195617.50	1.795e-05	1.152e-02	8.678e-03
195618.50	1.085e-03	-4.906e-02	-4.099e-03
195619.50	-4.109e-04	3.206e-02	-1.018e-02
195620.50	-1.507e-03	-1.690e-02	-1.603e-03
195621.50	-1.104e-03	-4.147e-02	8.832e-03
195622.50	-2.554e-03	5.808e-02	6.067e-02
195623.50	3.562e-04	-2.947e-02	-2.486e-02
195624.50	1.709e-03	4.762e-02	-4.781e-03
195625.50	-1.709e-03	5.242e-02	3.552e-02
195626.50	-1.786e-03	2.515e-02	1.632e-02
195627.50	-3.581e-03	-2.650e-02	5.952e-02
195628.50	-4.954e-03	-5.674e-03	7.939e-02
195629.50	4.330e-04	-1.699e-02	-1.488e-02
195630.50	9.792e-04	9.456e-03	-3.437e-02
195631.50	5.357e-03	1.181e-01	-4.934e-02
195632.50	1.008e-02	4.848e-02	-1.142e-01
195633.50	-7.171e-03	1.027e-02	3.926e-02
195634.50	-1.142e-03	1.824e-02	1.382e-02
195635.50	-1.037e-03	-2.381e-02	3.427e-03
195636.50	9.533e-04	2.112e-02	-1.325e-02
