195038.50	0.000e+00	0.000e+00	0.000e+00
195039.50	0.000e+00	0.000e+00	0.000e+00
195040.50	0.000e+00	0.000e+00	0.000e+00
195041.50	0.000e+00	0.000e+00	0.000e+00
195042.50	0.000e+00	0.000e+00	0.000e+00
195043.50	0.000e+00	0.000e+00	0.000e+00
195044.50	0.000e+00	0.000e+00	0.000e+00
195045.50	0.000e+00	0.000e+00	0.000e+00
195046.50	0.000e+00	0.000e+00	0.000e+00
195047.50	0.000e+00	0.000e+00	0.000e+00
195048.50	0.000e+00	0.000e+00	0.000e+00
195049.50	0.000e+00	0.000e+00	0.000e+00
195050.50	0.000e+00	0.000e+00	0.000e+00
195051.50	0.000e+00	0.000e+00	0.000e+00
195052.50	0.000e+00	0.000e+00	0.000e+00
195053.50	0.000e+00	0.000e+00	0.000e+00
195054.50	0.000e+00	0.000e+00	0.000e+00
195055.50	0.000e+00	0.000e+00	0.000e+00
195056.50	0.000e+00	0.000e+00	0.000e+00
195057.50	0.000e+00	0.000e+00	0.000e+00
195058.50	0.000e+00	0.000e+00	0.000e+00
195059.50	0.000e+00	0.000e+00	0.000e+00
195060.50	0.000e+00	0.000e+00	0.000e+00
195061.50	0.000e+00	0.000e+00	0.000e+00
195062.50	0.000e+00	0.000e+00	0.000e+00
195063.50	0.000e+00	0.000e+00	0.000e+00
195064.50	0.000e+00	0.000e+00	0.000e+00
195065.50	0.000e+00	0.000e+00	0.000e+00
195066.50	0.000e+00	0.000e+00	0.000e+00
195067.50	0.000e+00	0.000e+00	0.000e+00
195068.50	0.000e+00	0.000e+00	0.000e+00
195069.50	0.000e+00	0.000e+00	0.000e+00
195070.50	0.000e+00	0.000e+00	0.000e+00
195071.50	0.000e+00	0.000e+00	0.000e+00
195072.50	0.000e+00	0.000e+00	0.000e+00
195073.50	0.000e+00	0.000e+00	0.000e+00
195074.50	0.000e+00	0.000e+00	0.000e+00
195075.50	0.000e+00	0.000e+00	0.000e+00
195076.50	0.000e+00	0.000e+00	0.000e+00
195077.50	0.000e+00	0.000e+00	0.000e+00
195078.50	0.000e+00	0.000e+00	0.000e+00
195079.50	0.000e+00	0.000e+00	0.000e+00
195080.50	0.000e+00	0.000e+00	0.000e+00
195081.50	0.000e+00	0.000e+00	0.000e+00
195082.50	0.000e+00	0.000e+00	0.000e+00
195083.50	0.000e+00	0.000e+00	0.000e+00
195084.50	0.000e+00	0.000e+00	0.000e+00
195085.50	0.000e+00	0.000e+00	0.000e+00
195086.50	0.000e+00	0.000e+00	0.000e+00
195087.50	0.000e+00	0.000e+00	0.000e+00
195088.50	0.000e+00	0.000e+00	0.000e+00
195089.50	0.000e+00	0.000e+00	0.000e+00
195090.50	0.000e+00	0.000e+00	0.000e+00
195091.50	0.000e+00	0.000e+00	0.000e+00
195092.50	0.000e+00	0.000e+00	0.000e+00
195093.50	0.000e+00	0.000e+00	0.000e+00
195094.50	0.000e+00	0.000e+00	0.000e+00
195095.50	0.000e+00	0.000e+00	0.000e+00
195096.50	0.000e+00	0.000e+00	0.000e+00
195097.50	0.000e+00	0.000e+00	0.000e+00
195098.50	0.000e+00	0.000e+00	0.000e+00
195099.50	0.000e+00	0.000e+00	0.000e+00
195100.50	0.000e+00	0.000e+00	0.000e+00
195101.50	0.000e+00	0.000e+00	0.000e+00
195102.50	0.000e+00	0.000e+00	0.000e+00
195103.50	0.000e+00	0.000e+00	0.000e+00
195104.50	0.000e+00	0.000e+00	0.000e+00
195105.50	0.000e+00	0.000e+00	0.000e+00
195106.50	0.000e+00	0.000e+00	0.000e+00
195107.50	0.000e+00	0.000e+00	0.000e+00
195108.50	0.000e+00	0.000e+00	0.000e+00
195109.50	0.000e+00	0.000e+00	0.000e+00
195110.50	0.000e+00	0.000e+00	0.000e+00
195111.50	0.000e+00	0.000e+00	0.000e+00
195112.50	0.000e+00	0.000e+00	0.000e+00
195113.50	0.000e+00	0.000e+00	0.000e+00
195114.50	0.000e+00	0.000e+00	0.000e+00
195115.50	0.000e+00	0.000e+00	0.000e+00
195116.50	0.000e+00	0.000e+00	0.000e+00
195117.50	0.000e+00	0.000e+00	0.000e+00
195118.50	0.000e+00	0.000e+00	0.000e+00
195119.50	0.000e+00	0.000e+00	0.000e+00
195120.50	0.000e+00	0.000e+00	0.000e+00
195121.50	0.000e+00	0.000e+00	0.000e+00
195122.50	0.000e+00	0.000e+00	0.000e+00
195123.50	0.000e+00	0.000e+00	0.000e+00
195124.50	0.000e+00	0.000e+00	0.000e+00
195125.50	0.000e+00	0.000e+00	0.000e+00
195126.50	0.000e+00	0.000e+00	0.000e+00
195127.50	0.000e+00	0.000e+00	0.000e+00
195128.50	0.000e+00	0.000e+00	0.000e+00
195129.50	0.000e+00	0.000e+00	0.000e+00
195130.50	0.000e+00	0.000e+00	0.000e+00
195131.50	0.000e+00	0.000e+00	0.000e+00
195132.50	0.000e+00	0.000e+00	0.000e+00
195133.50	0.000e+00	0.000e+00	0.000e+00
195134.50	0.000e+00	0.000e+00	0.000e+00
195135.50	0.000e+00	0.000e+00	0.000e+00
195136.50	0.000e+00	0.000e+00	0.000e+00
195137.50	0.000e+00	0.000e+00	0.000e+00
195138.50	0.000e+00	0.000e+00	0.000e+00
195139.50	0.000e+00	0.000e+00	0.000e+00
195140.50	0.000e+00	0.000e+00	0.000e+00
195141.50	0.000e+00	0.000e+00	0.000e+00
195142.50	0.000e+00	0.000e+00	0.000e+00
195143.50	0.000e+00	0.000e+00	0.000e+00
195144.50	0.000e+00	0.000e+00	0.000e+00
195145.50	0.000e+00	0.000e+00	0.000e+00
195146.50	0.000e+00	0.000e+00	0.000e+00
195147.50	0.000e+00	0.000e+00	0.000e+00
195148.50	0.000e+00	0.000e+00	0.000e+00
195149.50	0.000e+00	0.000e+00	0.000e+00
195150.50	0.000e+00	0.000e+00	0.000e+00
195151.50	0.000e+00	0.000e+00	0.000e+00
195152.50	0.000e+00	0.000e+00	0.000e+00
195153.50	0.000e+00	0.000e+00	0.000e+00
195154.50	0.000e+00	0.000e+00	0.000e+00
195155.50	0.000e+00	0.000e+00	0.000e+00
195156.50	0.000e+00	0.000e+00	0.000e+00
195157.50	0.000e+00	0.000e+00	0.000e+00
195158.50	0.000e+00	0.000e+00	0.000e+00
195159.50	0.000e+00	0.000e+00	0.000e+00
195160.50	0.000e+00	0.000e+00	0.000e+00
195161.50	0.000e+00	0.000e+00	0.000e+00
195162.50	0.000e+00	0.000e+00	0.000e+00
195163.50	0.000e+00	0.000e+00	0.000e+00
195164.50	0.000e+00	0.000e+00	0.000e+00
195165.50	0.000e+00	0.000e+00	0.000e+00
195166.50	0.000e+00	0.000e+00	0.000e+00
195167.50	0.000e+00	0.000e+00	0.000e+00
195168.50	0.000e+00	0.000e+00	0.000e+00
195169.50	0.000e+00	0.000e+00	0.000e+00
195170.50	0.000e+00	0.000e+00	0.000e+00
195171.50	0.000e+00	0.000e+00	0.000e+00
195172.50	0.000e+00	0.000e+00	0.000e+00
195173.50	0.000e+00	0.000e+00	0.000e+00
195174.50	0.000e+00	0.000e+00	0.000e+00
195175.50	0.000e+00	0.000e+00	0.000e+00
195176.50	0.000e+00	0.000e+00	0.000e+00
195177.50	0.000e+00	0.000e+00	0.000e+00
195178.50	0.000e+00	0.000e+00	0.000e+00
195179.50	0.000e+00	0.000e+00	0.000e+00
195180.50	0.000e+00	0.000e+00	0.000e+00
195181.50	0.000e+00	0.000e+00	0.000e+00
195182.50	0.000e+00	0.000e+00	0.000e+00
195183.50	0.000e+00	0.000e+00	0.000e+00
195184.50	0.000e+00	0.000e+00	0.000e+00
195185.50	0.000e+00	0.000e+00	0.000e+00
195186.50	0.000e+00	0.000e+00	0.000e+00
195187.50	0.000e+00	0.000e+00	0.000e+00
195188.50	0.000e+00	0.000e+00	0.000e+00
195189.50	0.000e+00	0.000e+00	0.000e+00
195190.50	0.000e+00	0.000e+00	0.000e+00
195191.50	0.000e+00	0.000e+00	0.000e+00
195192.50	0.000e+00	0.000e+00	0.000e+00
195193.50	0.000e+00	0.000e+00	0.000e+00
195194.50	0.000e+00	0.000e+00	0.000e+00
195195.50	0.000e+00	0.000e+00	0.000e+00
195196.50	0.000e+00	0.000e+00	0.000e+00
195197.50	0.000e+00	0.000e+00	0.000e+00
195198.50	0.000e+00	0.000e+00	0.000e+00
195199.50	0.000e+00	0.000e+00	0.000e+00
195200.50	0.000e+00	0.000e+00	0.000e+00
195201.50	0.000e+00	0.000e+00	0.000e+00
195202.50	0.000e+00	0.000e+00	0.000e+00
195203.50	0.000e+00	0.000e+00	0.000e+00
195204.50	0.000e+00	0.000e+00	0.000e+00
195205.50	0.000e+00	0.000e+00	0.000e+00
195206.50	0.000e+00	0.000e+00	0.000e+00
195207.50	0.000e+00	0.000e+00	0.000e+00
195208.50	0.000e+00	0.000e+00	0.000e+00
195209.50	0.000e+00	0.000e+00	0.000e+00
195210.50	0.000e+00	0.000e+00	0.000e+00
195211.50	0.000e+00	0.000e+00	0.000e+00
195212.50	0.000e+00	0.000e+00	0.000e+00
195213.50	0.000e+00	0.000e+00	0.000e+00
195214.50	0.000e+00	0.000e+00	0.000e+00
195215.50	0.000e+00	0.000e+00	0.000e+00
195216.50	0.000e+00	0.000e+00	0.000e+00
195217.50	0.000e+00	0.000e+00	0.000e+00
195218.50	0.000e+00	0.000e+00	0.000e+00
195219.50	0.000e+00	0.000e+00	0.000e+00
195220.50	0.000e+00	0.000e+00	0.000e+00
195221.50	0.000e+00	0.000e+00	0.000e+00
195222.50	0.000e+00	0.000e+00	0.000e+00
195223.50	0.000e+00	0.000e+00	0.000e+00
195224.50	0.000e+00	0.000e+00	0.000e+00
195225.50	0.000e+00	0.000e+00	0.000e+00
195226.50	0.000e+00	0.000e+00	0.000e+00
195227.50	0.000e+00	0.000e+00	0.000e+00
195228.50	0.000e+00	0.000e+00	0.000e+00
195229.50	0.000e+00	0.000e+00	0.000e+00
195230.50	0.000e+00	0.000e+00	0.000e+00
195231.50	0.000e+00	0.000e+00	0.000e+00
195232.50	0.000e+00	0.000e+00	0.000e+00
195233.50	0.000e+00	0.000e+00	0.000e+00
195234.50	0.000e+00	0.000e+00	0.000e+00
195235.50	0.000e+00	0.000e+00	0.000e+00
195236.50	0.000e+00	0.000e+00	0.000e+00
195237.50	0.000e+00	0.000e+00	0.000e+00
195238.50	0.000e+00	0.000e+00	0.000e+00
195239.50	0.000e+00	0.000e+00	0.000e+00
195240.50	0.000e+00	0.000e+00	0.000e+00
195241.50	0.000e+00	0.000e+00	0.000e+00
195242.50	0.000e+00	0.000e+00	0.000e+00
195243.50	0.000e+00	0.000e+00	0.000e+00
195244.50	2.237e-06	8.669e-05	1.738e-05
195245.50	3.523e-06	1.037e-04	-6.701e-05
195246.50	-3.744e-06	-1.190e-04	4.570e-05
195247.50	-1.622e-06	-5.501e-05	8.285e-06
195248.50	-2.026e-06	-3.782e-05	9.888e-05
195249.50	-4.656e-05	-1.142e-03	1.152e-03
195250.50	-3.571e-05	-1.018e-03	6.883e-05
195251.50	-4.848e-05	-1.296e-03	8.928e-04
195252.50	-6.624e-05	-2.563e-03	-3.178e-03
195253.50	-4.099e-04	-1.459e-02	-6.941e-03
195254.50	-8.333e-04	-2.093e-02	3.235e-02
195255.50	8.189e-05	-1.901e-02	-8.016e-02
195256.50	-1.507e-02	-5.376e-01	-1.373e-01
195257.50	-1.978e-01	-6.682e+00	4.608e-01
195258.50	-1.690e+00	-5.770e+01	-2.554e+00
195259.50	-4.493e+00	-1.478e+02	-2.525e-01
195260.50	-7.651e+00	-2.419e+02	1.200e+01
195261.50	-9.792e+00	-3.091e+02	-1.382e+01
195262.50	-5.059e+00	-1.536e+02	-5.357e+00
195263.50	-9.245e-01	-2.246e+01	2.515e+00
195264.50	6.173e-01	2.410e+01	4.195e+00
195265.50	9.283e-01	3.312e+01	4.358e+00
195266.50	1.363e+00	4.464e+01	1.238e+00
195267.50	1.747e+00	5.338e+01	-5.424e+00
195268.50	1.613e+00	5.155e+01	3.245e+00
195269.50	1.613e+00	5.098e+01	2.554e+00
195270.50	1.421e+00	4.330e+01	-5.750e+00
195271.50	1.440e+00	4.349e+01	-2.842e+00
195272.50	1.286e+00	4.022e+01	1.440e+00
195273.50	1.094e+00	3.494e+01	2.362e+00
195274.50	9.984e-01	3.139e+01	7.862e-01
195275.50	9.552e-01	2.986e+01	1.882e+00
195276.50	9.696e-01	2.957e+01	-1.411e+00
195277.50	8.352e-01	2.592e+01	-4.877e-02
195278.50	7.392e-01	2.227e+01	-3.024e+00
195279.50	7.651e-01	2.390e+01	1.872e+00
195280.50	7.507e-01	2.323e+01	-1.478e-01
195281.50	5.875e-01	1.862e+01	8.333e-01
195282.50	6.586e-01	1.920e+01	-4.531e+00
195283.50	5.798e-01	1.795e+01	3.686e-01
195284.50	4.762e-01	1.507e+01	3.130e-01
195285.50	5.587e-01	1.709e+01	-3.341e-01
195286.50	4.637e-01	1.440e+01	-7.469e-02
195287.50	3.274e-01	1.056e+01	1.344e+00
195288.50	3.571e-01	1.094e+01	-1.219e+00
195289.50	3.552e-01	1.114e+01	8.227e-01
195290.50	3.235e-01	9.888e+00	-6.490e-01
195291.50	3.072e-01	9.888e+00	8.323e-01
195292.50	2.918e-01	9.408e+00	8.314e-01
195293.50	2.486e-01	7.574e+00	5.136e-02
195294.50	2.381e-01	7.440e+00	1.008e-02
195295.50	2.074e-01	6.902e+00	1.459e+00
195296.50	2.458e-01	7.526e+00	-1.315e-03
195297.50	2.448e-01	7.738e+00	4.013e-01
195298.50	2.429e-01	7.450e+00	-4.013e-01
195299.50	1.910e-01	5.962e+00	4.349e-01
195300.50	2.016e-01	6.125e+00	-5.635e-01
195301.50	1.824e-01	5.616e+00	-3.293e-01
195302.50	1.507e-01	4.819e+00	2.765e-01
195303.50	1.584e-01	5.050e+00	4.301e-01
195304.50	1.411e-01	4.512e+00	3.514e-02
195305.50	1.488e-01	4.522e+00	7.267e-02
195306.50	1.680e-01	5.117e+00	-5.981e-01
195307.50	1.200e-01	3.821e+00	3.235e-01
195308.50	9.792e-02	3.053e+00	-2.918e-01
195309.50	8.880e-02	2.966e+00	4.195e-01
195310.50	9.888e-02	3.235e+00	5.568e-01
195311.50	1.363e-01	3.907e+00	-7.027e-01
195312.50	9.792e-02	2.918e+00	-1.382e-01
195313.50	7.469e-02	2.429e+00	1.238e-01
195314.50	7.008e-02	2.477e+00	6.979e-01
195315.50	8.986e-02	2.803e+00	2.371e-02
195316.50	6.749e-02	2.102e+00	9.888e-02
195317.50	5.962e-02	1.930e+00	-1.968e-01
195318.50	5.846e-02	1.891e+00	3.379e-01
195319.50	9.024e-02	2.563e+00	-4.358e-01
195320.50	5.731e-02	1.728e+00	-3.024e-01
195321.50	5.155e-02	1.565e+00	1.210e-01
195322.50	7.210e-02	2.198e+00	1.152e-01
195323.50	3.523e-02	1.478e+00	8.208e-01
195324.50	4.656e-02	1.277e+00	-3.379e-01
195325.50	6.490e-02	2.170e+00	7.037e-01
195326.50	4.474e-02	1.152e+00	-5.290e-01
195327.50	4.291e-02	1.574e+00	2.822e-01
195328.50	3.706e-02	1.104e+00	7.958e-02
195329.50	3.936e-02	1.190e+00	-1.786e-01
195330.50	2.102e-02	8.650e-01	3.898e-01
195331.50	5.242e-02	1.594e+00	-3.552e-02
195332.50	3.264e-02	1.162e+00	5.491e-01
195333.50	1.843e-02	6.758e-01	2.525e-01
195334.50	1.738e-02	4.243e-01	-5.126e-01
195335.50	4.906e-02	1.373e+00	-3.091e-01
195336.50	5.414e-02	1.690e+00	3.178e-01
195337.50	5.136e-03	2.669e-01	1.747e-01
195338.50	2.266e-02	5.722e-01	-7.094e-01
195339.50	4.070e-02	1.248e+00	3.379e-01
195340.50	3.418e-02	9.888e-01	-2.890e-01
195341.50	2.726e-02	9.398e-01	2.170e-01
195342.50	8.496e-03	4.186e-01	3.562e-01
195343.50	2.621e-02	8.429e-01	2.026e-01
195344.50	1.824e-02	6.797e-01	-1.526e-01
195345.50	3.293e-02	9.888e-01	-6.787e-02
195346.50	2.410e-02	6.221e-01	-4.954e-01
195347.50	2.016e-02	6.019e-01	1.066e-01
195348.50	4.224e-04	1.104e-01	2.995e-01
195349.50	1.766e-02	7.718e-01	5.069e-01
195350.50	1.344e-02	3.408e-01	-3.082e-01
195351.50	2.544e-02	6.144e-01	-3.446e-01
195352.50	1.651e-02	5.846e-01	3.235e-01
195353.50	2.246e-02	6.998e-01	-1.574e-01
195354.50	3.667e-02	1.037e+00	-4.608e-02
195355.50	1.085e-02	3.091e-01	-1.872e-01
195356.50	1.776e-02	5.251e-01	-2.006e-01
195357.50	9.283e-04	3.658e-02	-2.362e-02
195358.50	1.699e-02	5.702e-01	-6.701e-02
195359.50	1.987e-02	3.734e-01	-3.283e-01
195360.50	-2.611e-03	7.018e-02	2.285e-01
195361.50	3.216e-03	1.056e-01	-3.101e-01
195362.50	8.899e-03	2.448e-01	-1.853e-02
195363.50	2.304e-02	6.624e-01	-6.499e-02
195364.50	1.075e-02	2.717e-01	7.757e-02
195365.50	2.150e-02	6.874e-01	6.048e-02
195366.50	1.104e-02	3.398e-01	-1.450e-01
195367.50	2.371e-02	4.195e-01	-7.603e-02
195368.50	4.963e-02	7.728e-01	-2.928e-01
195369.50	2.016e-02	4.157e-01	3.101e-01
195370.50	-1.747e-02	-3.792e-02	1.978e-01
195371.50	-6.067e-03	1.718e-01	1.651e-01
195372.50	-1.382e-02	-2.266e-01	7.286e-02
195373.50	3.322e-03	5.789e-02	8.275e-02
195374.50	-6.518e-04	6.413e-03	1.766e-01
195375.50	8.189e-03	2.755e-01	5.616e-03
195376.50	-1.085e-02	-3.878e-02	-4.387e-02
195377.50	-3.917e-02	-1.805e-01	3.274e-01
195378.50	2.669e-02	3.629e-01	-1.507e-01
195379.50	2.496e-02	7.440e-01	-5.078e-02
195380.50	-2.016e-03	2.966e-02	-2.035e-02
195381.50	2.246e-03	-7.670e-03	-1.987e-01
195382.50	1.229e-02	2.371e-01	-1.008e-01
195383.50	-2.650e-03	-3.475e-02	6.739e-02
195384.50	6.029e-03	1.939e-01	1.747e-02
195385.50	5.146e-03	1.459e-01	4.781e-02
195386.50	6.950e-03	1.661e-01	-1.555e-01
195387.50	3.168e-03	1.440e-01	7.296e-03
195388.50	8.544e-03	2.227e-01	9.110e-02
195389.50	7.680e-03	2.726e-01	8.688e-03
195390.50	2.390e-03	9.984e-02	-4.186e-02
195391.50	-4.858e-03	-1.171e-01	-5.933e-02
195392.50	2.822e-03	1.354e-01	-6.173e-02
195393.50	-8.525e-04	3.840e-02	1.181e-01
195394.50	3.101e-03	2.208e-01	2.083e-01
195395.50	-1.363e-03	-7.411e-02	1.229e-01
195396.50	3.974e-03	1.114e-01	6.691e-02
195397.50	-4.685e-03	-7.066e-02	9.888e-02
195398.50	2.141e-02	4.858e-01	-2.813e-01
195399.50	-5.866e-03	-1.555e-01	8.429e-02
195400.50	-1.181e-03	-1.258e-01	2.918e-02
195401.50	2.419e-03	5.990e-02	-7.334e-02
195402.50	-7.210e-03	-1.978e-01	-3.341e-01
195403.50	1.402e-02	3.197e-01	2.861e-02
195404.50	4.166e-03	1.920e-01	7.315e-02
195405.50	1.104e-02	3.206e-01	7.238e-02
195406.50	-4.714e-03	-1.037e-01	5.338e-02
195407.50	5.674e-03	1.219e-01	-1.440e-01
195408.50	1.594e-03	-4.915e-02	-1.690e-01
195409.50	1.709e-03	6.432e-03	-2.880e-02
195410.50	1.229e-02	1.843e-01	1.123e-02
195411.50	7.027e-03	2.880e-01	3.110e-01
195412.50	-4.032e-03	-3.542e-02	1.286e-01
195413.50	-5.299e-03	-1.488e-01	5.443e-02
195414.50	3.389e-03	1.066e-01	-1.411e-01
195415.50	1.526e-04	2.832e-02	1.546e-01
195416.50	2.650e-03	1.142e-01	2.467e-02
195417.50	-3.850e-03	-8.304e-03	-1.747e-02
195418.50	3.130e-03	1.181e-01	4.973e-02
195419.50	4.195e-03	8.851e-02	4.397e-02
195420.50	5.088e-03	2.074e-01	8.515e-02
195421.50	-2.995e-03	-3.053e-02	-1.267e-01
195422.50	-2.640e-03	-1.766e-02	-2.227e-02
195423.50	7.114e-03	1.210e-01	-2.611e-03
195424.50	7.334e-03	1.373e-01	-1.949e-01
195425.50	2.611e-03	1.344e-01	9.696e-02
195426.50	-6.701e-03	-9.427e-02	1.478e-01
195427.50	3.322e-03	2.582e-02	-1.094e-01
195428.50	4.128e-03	6.749e-02	-8.563e-02
195429.50	-2.246e-03	4.877e-02	2.198e-01
195430.50	-6.710e-03	-1.997e-01	9.600e-02
195431.50	-3.533e-04	-5.434e-02	-8.621e-02
195432.50	5.520e-03	1.488e-01	-1.738e-01
195433.50	-5.722e-03	-2.054e-01	-2.659e-01
195434.50	-2.582e-03	-4.262e-02	3.216e-03
195435.50	3.130e-03	9.014e-02	-4.982e-02
195436.50	8.842e-03	2.544e-01	6.326e-02
195437.50	-1.258e-03	8.400e-03	1.277e-01
195438.50	1.507e-03	7.306e-02	1.776e-01
195439.50	5.712e-03	1.277e-01	-1.190e-01
195440.50	-3.686e-03	-1.018e-01	6.701e-02
195441.50	3.331e-03	9.149e-02	9.494e-02
195442.50	1.565e-03	7.411e-02	-1.200e-01
195443.50	-2.698e-03	-6.326e-02	1.958e-01
195444.50	-9.197e-04	-1.834e-02	-2.880e-03
195445.50	-2.976e-03	-9.552e-02	8.688e-02
195446.50	3.158e-04	3.322e-02	-3.197e-03
195447.50	-8.573e-04	-2.890e-02	-1.229e-01
195448.50	1.546e-03	3.139e-02	-3.744e-02
195449.50	5.021e-03	1.987e-01	1.459e-01
195450.50	-1.680e-03	-9.696e-02	3.034e-02
195451.50	-1.210e-03	-1.027e-01	1.968e-02
195452.50	9.408e-04	5.299e-02	-2.054e-02
195453.50	3.658e-03	6.912e-02	1.574e-03
195454.50	-1.075e-03	-3.418e-04	-7.363e-02
195455.50	4.666e-03	1.747e-01	1.795e-02
195456.50	3.062e-03	6.902e-02	5.606e-03
195457.50	9.043e-05	-5.405e-03	-2.016e-02
195458.50	-2.333e-03	4.896e-02	1.286e-01
195459.50	1.210e-03	2.141e-02	-5.558e-02
195460.50	6.605e-04	3.168e-02	-6.173e-02
195461.50	1.402e-03	4.675e-02	-1.325e-02
195462.50	4.992e-03	1.210e-01	9.389e-03
195463.50	-3.821e-03	-9.792e-02	3.830e-02
195464.50	-8.064e-03	-1.728e-01	1.728e-01
195465.50	1.766e-03	7.843e-02	4.915e-02
195466.50	2.371e-03	5.558e-02	-2.333e-02
195467.50	3.130e-03	3.667e-02	-1.382e-01
195468.50	5.309e-03	1.632e-01	1.037e-01
195469.50	-7.008e-03	-8.832e-02	1.824e-01
195470.50	-7.901e-04	9.408e-03	2.448e-02
195471.50	6.394e-03	1.421e-01	-1.248e-01
195472.50	4.090e-03	1.133e-01	1.747e-02
195473.50	-6.605e-03	-1.882e-01	7.075e-02
195474.50	4.061e-03	1.334e-01	9.283e-02
195475.50	2.582e-03	6.442e-03	-6.307e-02
195476.50	-1.978e-03	-5.414e-02	9.235e-02
195477.50	-3.043e-03	-2.170e-02	1.642e-02
195478.50	2.755e-03	1.008e-01	9.360e-03
195479.50	3.859e-03	9.005e-02	-1.171e-01
195480.50	1.786e-03	-1.632e-02	-1.258e-01
195481.50	-3.763e-04	-2.304e-02	5.981e-02
195482.50	-5.050e-03	-8.678e-02	-8.525e-03
195483.50	2.323e-03	-4.214e-02	-1.584e-01
195484.50	5.510e-03	1.546e-01	7.862e-02
195485.50	1.786e-03	1.738e-02	-5.117e-02
195486.50	-2.170e-03	-7.123e-02	-6.317e-02
195487.50	-9.888e-04	-2.074e-02	-4.147e-02
195488.50	1.440e-03	1.738e-02	1.920e-02
195489.50	-2.621e-03	-5.923e-02	-6.950e-03
195490.50	-1.181e-03	-4.867e-02	-3.014e-03
195491.50	2.554e-04	-1.843e-02	-9.072e-02
195492.50	-6.538e-04	5.184e-02	7.133e-02
195493.50	2.813e-03	8.746e-02	9.696e-03
195494.50	1.632e-03	5.645e-02	-1.296e-02
195495.50	2.698e-03	6.989e-02	8.285e-02
195496.50	-1.075e-03	-3.485e-02	-4.186e-02
195497.50	-3.139e-03	-5.798e-02	-6.221e-02
195498.50	1.238e-03	-1.306e-03	-9.984e-02
195499.50	3.734e-03	1.075e-01	-6.614e-02
195500.50	-3.802e-03	-6.950e-02	1.018e-01
195501.50	3.178e-04	1.536e-02	4.368e-02
195502.50	4.838e-03	6.586e-02	-7.690e-02
195503.50	2.966e-03	4.282e-02	-3.936e-02
195504.50	-2.093e-03	-6.019e-02	-1.066e-02
195505.50	3.821e-03	3.206e-02	-3.821e-02
195506.50	1.469e-03	4.483e-02	-4.224e-02
195507.50	-5.318e-03	-5.875e-02	1.210e-01
195508.50	-1.690e-03	-2.986e-03	6.221e-02
195509.50	1.526e-03	6.691e-02	3.792e-02
195510.50	1.075e-03	4.042e-02	-2.880e-02
195511.50	1.882e-03	2.746e-02	5.203e-02
195512.50	7.555e-04	7.181e-02	8.822e-02
195513.50	8.112e-04	4.685e-02	-9.370e-02
195514.50	-3.581e-03	-6.182e-02	1.277e-02
195515.50	-2.400e-03	-6.067e-02	1.008e-01
195516.50	2.467e-03	4.109e-02	-3.878e-02
195517.50	-2.093e-03	-4.454e-02	-2.947e-04
195518.50	-3.706e-03	-9.571e-02	7.200e-02
195519.50	-3.648e-03	-1.075e-01	-9.264e-03
195520.50	2.266e-03	5.194e-02	-1.978e-02
195521.50	-4.790e-03	-8.467e-02	2.534e-02
195522.50	2.438e-04	-3.907e-02	4.013e-02
195523.50	1.094e-03	2.486e-02	-1.123e-01
195524.50	2.054e-03	4.195e-03	-2.755e-02
195525.50	-1.190e-03	-1.008e-01	-1.421e-01
195526.50	3.024e-03	5.827e-03	-1.306e-01
195527.50	-2.784e-03	1.296e-02	2.650e-02
195528.50	5.770e-04	-1.267e-02	-1.267e-01
195529.50	-6.413e-03	-1.363e-01	1.315e-01
195530.50	-1.459e-04	2.669e-02	6.950e-02
195531.50	3.302e-03	9.485e-02	1.219e-01
195532.50	1.776e-03	1.738e-02	8.976e-03
195533.50	-5.520e-04	-5.693e-02	-2.381e-01
195534.50	-3.677e-03	-3.878e-02	1.363e-02
195535.50	3.725e-03	9.158e-02	1.248e-01
195536.50	-4.925e-04	1.181e-02	-3.072e-02
195537.50	-4.022e-03	-9.446e-02	-2.294e-02
195538.50	6.749e-04	6.019e-02	2.803e-03
195539.50	2.611e-03	6.586e-02	4.973e-02
195540.50	1.690e-04	-2.371e-02	-1.968e-02
195541.50	2.026e-03	7.930e-02	3.821e-02
195542.50	-1.997e-03	-1.258e-02	-1.200e-02
195543.50	2.832e-03	3.331e-02	-7.402e-02
195544.50	4.051e-03	7.594e-02	-3.552e-02
195545.50	2.342e-03	3.456e-02	-3.629e-02
195546.50	-1.402e-03	-2.352e-02	8.122e-02
195547.50	-2.131e-03	-6.230e-02	1.123e-01
195548.50	-9.792e-04	-2.006e-03	7.680e-02
195549.50	-1.200e-04	9.398e-03	1.008e-02
195550.50	-9.792e-04	-5.280e-02	-2.381e-02
195551.50	9.984e-04	3.427e-02	4.262e-02
195552.50	3.763e-04	4.963e-03	-9.283e-02
195553.50	-1.190e-03	-5.357e-02	-3.562e-02
195554.50	1.421e-03	2.045e-02	-1.018e-01
195555.50	4.224e-03	6.106e-02	4.397e-03
195556.50	8.659e-03	4.253e-02	-8.554e-03
195557.50	-5.270e-03	-1.997e-03	-2.208e-02
195558.50	-1.584e-03	-3.494e-02	2.285e-02
195559.50	5.194e-03	1.430e-01	-4.723e-02
195560.50	-4.954e-04	4.714e-02	2.102e-03
195561.50	-2.573e-03	-5.222e-02	-3.542e-02
195562.50	-2.035e-03	-7.190e-02	-5.875e-02
195563.50	9.696e-04	2.285e-02	3.197e-03
195564.50	-1.181e-03	3.101e-02	7.738e-02
195565.50	-1.267e-03	-4.128e-02	-1.027e-01
195566.50	-4.848e-03	-1.133e-01	8.707e-02
195567.50	-1.286e-03	-6.106e-02	8.582e-02
195568.50	1.603e-03	-4.723e-03	2.515e-02
195569.50	2.698e-03	3.763e-02	-9.235e-02
195570.50	9.696e-04	5.597e-02	1.046e-01
195571.50	5.309e-03	1.354e-01	4.291e-02
195572.50	-3.043e-03	-8.045e-02	-2.842e-02
195573.50	-3.456e-03	-5.616e-02	7.344e-04
195574.50	-9.466e-04	-3.514e-02	-4.646e-02
195575.50	-2.275e-04	4.176e-03	1.622e-02
195576.50	1.085e-03	4.186e-02	-8.496e-02
195577.50	-3.408e-03	-5.693e-02	5.462e-02
195578.50	-1.267e-03	1.709e-02	8.458e-02
195579.50	2.438e-03	4.608e-02	-1.219e-03
195580.50	1.085e-03	1.882e-02	-6.029e-02
195581.50	-6.230e-04	4.867e-02	5.011e-02
195582.50	8.362e-04	3.264e-02	1.939e-02
195583.50	3.686e-03	-1.181e-02	3.485e-02
195584.50	1.411e-04	-3.082e-02	-1.651e-02
195585.50	1.392e-04	-4.598e-04	-1.814e-02
195586.50	1.565e-03	3.792e-02	-2.371e-02
195587.50	9.302e-03	1.181e-01	-4.733e-03
195588.50	4.301e-03	-4.666e-02	-1.373e-02
195589.50	-3.446e-04	-3.725e-02	6.259e-03
195590.50	-1.392e-03	5.702e-02	3.014e-02
195591.50	-4.704e-04	3.302e-02	3.043e-02
195592.50	1.622e-02	9.696e-02	6.288e-04
195593.50	9.005e-03	3.130e-02	-7.440e-02
195594.50	3.360e-02	6.653e-02	9.523e-02
195595.50	-3.821e-02	1.142e-01	-9.984e-02
195596.50	-2.294e-02	-8.275e-02	4.080e-02
195597.50	-5.098e-03	-6.432e-02	-8.160e-03
195598.50	-8.813e-03	-9.792e-02	1.459e-04
195599.50	2.381e-03	-1.171e-02	-1.037e-01
195600.50	3.302e-03	1.363e-02	1.958e-02
195601.50	-4.589e-03	-1.094e-01	-8.611e-02
195602.50	-3.130e-03	-6.653e-02	-1.248e-02
195603.50	1.440e-03	3.773e-02	3.955e-02
195604.50	3.475e-04	1.584e-02	7.536e-03
195605.50	-1.258e-04	6.250e-04	-4.522e-02
195606.50	-1.344e-03	1.219e-03	3.773e-02
195607.50	6.134e-04	2.314e-02	1.978e-02
195608.50	2.890e-03	-1.430e-02	3.072e-03
195609.50	2.803e-03	4.310e-02	1.411e-02
195610.50	3.955e-04	-4.493e-03	-4.435e-02
195611.50	-8.698e-04	-2.467e-02	-4.358e-02
195612.50	-1.037e-03	-1.306e-02	1.632e-02
195613.50	-2.410e-03	8.918e-03	1.114e-01
195614.50	-8.822e-04	-3.235e-02	5.491e-02
195615.50	-7.987e-03	-8.534e-02	7.200e-03
195616.50	-1.555e-03	-3.859e-02	-5.539e-05
195617.50	1.786e-03	3.629e-02	5.414e-02
195618.50	-2.035e-03	9.523e-03	1.162e-01
195619.50	6.365e-03	8.726e-02	-3.658e-02
195620.50	5.885e-03	7.325e-02	-5.299e-02
195621.50	-6.451e-04	-3.254e-02	-9.024e-02
195622.50	-3.456e-04	-9.360e-04	-9.322e-03
195623.50	2.314e-03	3.859e-02	-4.426e-02
195624.50	-1.622e-05	-1.094e-02	3.216e-02
195625.50	4.589e-04	8.237e-02	1.056e-01
195626.50	1.834e-03	-5.664e-03	-2.189e-02
195627.50	-7.920e-04	-4.963e-02	-1.968e-02
195628.50	-1.507e-03	-7.594e-02	-1.344e-02
195629.50	-1.286e-04	-1.776e-03	-3.715e-03
195630.50	-2.458e-03	-3.149e-02	6.403e-02
195631.50	5.779e-05	-5.539e-03	-2.122e-02
195632.50	-5.462e-04	-5.366e-02	-4.080e-02
195633.50	1.709e-03	3.619e-02	1.277e-02
195634.50	3.629e-03	3.370e-02	1.536e-02
195635.50	-8.275e-03	-1.594e-01	-4.349e-02
195636.50	8.467e-04	2.813e-02	-3.754e-02
