195038.50	0.000e+00	0.000e+00	0.000e+00
195039.50	0.000e+00	0.000e+00	0.000e+00
195040.50	0.000e+00	0.000e+00	0.000e+00
195041.50	0.000e+00	0.000e+00	0.000e+00
195042.50	0.000e+00	0.000e+00	0.000e+00
195043.50	0.000e+00	0.000e+00	0.000e+00
195044.50	0.000e+00	0.000e+00	0.000e+00
195045.50	0.000e+00	0.000e+00	0.000e+00
195046.50	0.000e+00	0.000e+00	0.000e+00
195047.50	0.000e+00	0.000e+00	0.000e+00
195048.50	0.000e+00	0.000e+00	0.000e+00
195049.50	0.000e+00	0.000e+00	0.000e+00
195050.50	0.000e+00	0.000e+00	0.000e+00
195051.50	0.000e+00	0.000e+00	0.000e+00
195052.50	0.000e+00	0.000e+00	0.000e+00
195053.50	0.000e+00	0.000e+00	0.000e+00
195054.50	0.000e+00	0.000e+00	0.000e+00
195055.50	0.000e+00	0.000e+00	0.000e+00
195056.50	0.000e+00	0.000e+00	0.000e+00
195057.50	0.000e+00	0.000e+00	0.000e+00
195058.50	0.000e+00	0.000e+00	0.000e+00
195059.50	0.000e+00	0.000e+00	0.000e+00
195060.50	0.000e+00	0.000e+00	0.000e+00
195061.50	0.000e+00	0.000e+00	0.000e+00
195062.50	0.000e+00	0.000e+00	0.000e+00
195063.50	0.000e+00	0.000e+00	0.000e+00
195064.50	0.000e+00	0.000e+00	0.000e+00
195065.50	0.000e+00	0.000e+00	0.000e+00
195066.50	0.000e+00	0.000e+00	0.000e+00
195067.50	0.000e+00	0.000e+00	0.000e+00
195068.50	0.000e+00	0.000e+00	0.000e+00
195069.50	0.000e+00	0.000e+00	0.000e+00
195070.50	0.000e+00	0.000e+00	0.000e+00
195071.50	0.000e+00	0.000e+00	0.000e+00
195072.50	0.000e+00	0.000e+00	0.000e+00
195073.50	0.000e+00	0.000e+00	0.000e+00
195074.50	0.000e+00	0.000e+00	0.000e+00
195075.50	0.000e+00	0.000e+00	0.000e+00
195076.50	0.000e+00	0.000e+00	0.000e+00
195077.50	0.000e+00	0.000e+00	0.000e+00
195078.50	0.000e+00	0.000e+00	0.000e+00
195079.50	0.000e+00	0.000e+00	0.000e+00
195080.50	0.000e+00	0.000e+00	0.000e+00
195081.50	0.000e+00	0.000e+00	0.000e+00
195082.50	0.000e+00	0.000e+00	0.000e+00
195083.50	0.000e+00	0.000e+00	0.000e+00
195084.50	0.000e+00	0.000e+00	0.000e+00
195085.50	0.000e+00	0.000e+00	0.000e+00
195086.50	0.000e+00	0.000e+00	0.000e+00
195087.50	0.000e+00	0.000e+00	0.000e+00
195088.50	0.000e+00	0.000e+00	0.000e+00
195089.50	0.000e+00	0.000e+00	0.000e+00
195090.50	0.000e+00	0.000e+00	0.000e+00
195091.50	0.000e+00	0.000e+00	0.000e+00
195092.50	0.000e+00	0.000e+00	0.000e+00
195093.50	0.000e+00	0.000e+00	0.000e+00
195094.50	0.000e+00	0.000e+00	0.000e+00
195095.50	0.000e+00	0.000e+00	0.000e+00
195096.50	0.000e+00	0.000e+00	0.000e+00
195097.50	0.000e+00	0.000e+00	0.000e+00
195098.50	0.000e+00	0.000e+00	0.000e+00
195099.50	0.000e+00	0.000e+00	0.000e+00
195100.50	0.000e+00	0.000e+00	0.000e+00
195101.50	0.000e+00	0.000e+00	0.000e+00
195102.50	0.000e+00	0.000e+00	0.000e+00
195103.50	0.000e+00	0.000e+00	0.000e+00
195104.50	0.000e+00	0.000e+00	0.000e+00
195105.50	0.000e+00	0.000e+00	0.000e+00
195106.50	0.000e+00	0.000e+00	0.000e+00
195107.50	0.000e+00	0.000e+00	0.000e+00
195108.50	0.000e+00	0.000e+00	0.000e+00
195109.50	0.000e+00	0.000e+00	0.000e+00
195110.50	0.000e+00	0.000e+00	0.000e+00
195111.50	0.000e+00	0.000e+00	0.000e+00
195112.50	0.000e+00	0.000e+00	0.000e+00
195113.50	0.000e+00	0.000e+00	0.000e+00
195114.50	0.000e+00	0.000e+00	0.000e+00
195115.50	0.000e+00	0.000e+00	0.000e+00
195116.50	0.000e+00	0.000e+00	0.000e+00
195117.50	0.000e+00	0.000e+00	0.000e+00
195118.50	0.000e+00	0.000e+00	0.000e+00
195119.50	0.000e+00	0.000e+00	0.000e+00
195120.50	0.000e+00	0.000e+00	0.000e+00
195121.50	0.000e+00	0.000e+00	0.000e+00
195122.50	0.000e+00	0.000e+00	0.000e+00
195123.50	0.000e+00	0.000e+00	0.000e+00
195124.50	0.000e+00	0.000e+00	0.000e+00
195125.50	0.000e+00	0.000e+00	0.000e+00
195126.50	0.000e+00	0.000e+00	0.000e+00
195127.50	0.000e+00	0.000e+00	0.000e+00
195128.50	0.000e+00	0.000e+00	0.000e+00
195129.50	0.000e+00	0.000e+00	0.000e+00
195130.50	0.000e+00	0.000e+00	0.000e+00
195131.50	0.000e+00	0.000e+00	0.000e+00
195132.50	0.000e+00	0.000e+00	0.000e+00
195133.50	0.000e+00	0.000e+00	0.000e+00
195134.50	0.000e+00	0.000e+00	0.000e+00
195135.50	0.000e+00	0.000e+00	0.000e+00
195136.50	0.000e+00	0.000e+00	0.000e+00
195137.50	0.000e+00	0.000e+00	0.000e+00
195138.50	0.000e+00	0.000e+00	0.000e+00
195139.50	0.000e+00	0.000e+00	0.000e+00
195140.50	0.000e+00	0.000e+00	0.000e+00
195141.50	0.000e+00	0.000e+00	0.000e+00
195142.50	0.000e+00	0.000e+00	0.000e+00
195143.50	0.000e+00	0.000e+00	0.000e+00
195144.50	0.000e+00	0.000e+00	0.000e+00
195145.50	0.000e+00	0.000e+00	0.000e+00
195146.50	0.000e+00	0.000e+00	0.000e+00
195147.50	0.000e+00	0.000e+00	0.000e+00
195148.50	0.000e+00	0.000e+00	0.000e+00
195149.50	0.000e+00	0.000e+00	0.000e+00
195150.50	0.000e+00	0.000e+00	0.000e+00
195151.50	0.000e+00	0.000e+00	0.000e+00
195152.50	0.000e+00	0.000e+00	0.000e+00
195153.50	0.000e+00	0.000e+00	0.000e+00
195154.50	0.000e+00	0.000e+00	0.000e+00
195155.50	0.000e+00	0.000e+00	0.000e+00
195156.50	0.000e+00	0.000e+00	0.000e+00
195157.50	0.000e+00	0.000e+00	0.000e+00
195158.50	0.000e+00	0.000e+00	0.000e+00
195159.50	0.000e+00	0.000e+00	0.000e+00
195160.50	0.000e+00	0.000e+00	0.000e+00
195161.50	0.000e+00	0.000e+00	0.000e+00
195162.50	0.000e+00	0.000e+00	0.000e+00
195163.50	0.000e+00	0.000e+00	0.000e+00
195164.50	0.000e+00	0.000e+00	0.000e+00
195165.50	0.000e+00	0.000e+00	0.000e+00
195166.50	0.000e+00	0.000e+00	0.000e+00
195167.50	0.000e+00	0.000e+00	0.000e+00
195168.50	0.000e+00	0.000e+00	0.000e+00
195169.50	0.000e+00	0.000e+00	0.000e+00
195170.50	0.000e+00	0.000e+00	0.000e+00
195171.50	0.000e+00	0.000e+00	0.000e+00
195172.50	0.000e+00	0.000e+00	0.000e+00
195173.50	0.000e+00	0.000e+00	0.000e+00
195174.50	0.000e+00	0.000e+00	0.000e+00
195175.50	0.000e+00	0.000e+00	0.000e+00
195176.50	0.000e+00	0.000e+00	0.000e+00
195177.50	0.000e+00	0.000e+00	0.000e+00
195178.50	0.000e+00	0.000e+00	0.000e+00
195179.50	0.000e+00	0.000e+00	0.000e+00
195180.50	0.000e+00	0.000e+00	0.000e+00
195181.50	0.000e+00	0.000e+00	0.000e+00
195182.50	0.000e+00	0.000e+00	0.000e+00
195183.50	0.000e+00	0.000e+00	0.000e+00
195184.50	0.000e+00	0.000e+00	0.000e+00
195185.50	0.000e+00	0.000e+00	0.000e+00
195186.50	0.000e+00	0.000e+00	0.000e+00
195187.50	0.000e+00	0.000e+00	0.000e+00
195188.50	0.000e+00	0.000e+00	0.000e+00
195189.50	0.000e+00	0.000e+00	0.000e+00
195190.50	0.000e+00	0.000e+00	0.000e+00
195191.50	0.000e+00	0.000e+00	0.000e+00
195192.50	0.000e+00	0.000e+00	0.000e+00
195193.50	0.000e+00	0.000e+00	0.000e+00
195194.50	0.000e+00	0.000e+00	0.000e+00
195195.50	0.000e+00	0.000e+00	0.000e+00
195196.50	0.000e+00	0.000e+00	0.000e+00
195197.50	0.000e+00	0.000e+00	0.000e+00
195198.50	0.000e+00	0.000e+00	0.000e+00
195199.50	0.000e+00	0.000e+00	0.000e+00
195200.50	0.000e+00	0.000e+00	0.000e+00
195201.50	0.000e+00	0.000e+00	0.000e+00
195202.50	0.000e+00	0.000e+00	0.000e+00
195203.50	0.000e+00	0.000e+00	0.000e+00
195204.50	0.000e+00	0.000e+00	0.000e+00
195205.50	0.000e+00	0.000e+00	0.000e+00
195206.50	0.000e+00	0.000e+00	0.000e+00
195207.50	0.000e+00	0.000e+00	0.000e+00
195208.50	0.000e+00	0.000e+00	0.000e+00
195209.50	0.000e+00	0.000e+00	0.000e+00
195210.50	0.000e+00	0.000e+00	0.000e+00
195211.50	0.000e+00	0.000e+00	0.000e+00
195212.50	0.000e+00	0.000e+00	0.000e+00
195213.50	0.000e+00	0.000e+00	0.000e+00
195214.50	0.000e+00	0.000e+00	0.000e+00
195215.50	0.000e+00	0.000e+00	0.000e+00
195216.50	0.000e+00	0.000e+00	0.000e+00
195217.50	0.000e+00	0.000e+00	0.000e+00
195218.50	0.000e+00	0.000e+00	0.000e+00
195219.50	0.000e+00	0.000e+00	0.000e+00
195220.50	0.000e+00	0.000e+00	0.000e+00
195221.50	0.000e+00	0.000e+00	0.000e+00
195222.50	0.000e+00	0.000e+00	0.000e+00
195223.50	0.000e+00	0.000e+00	0.000e+00
195224.50	0.000e+00	0.000e+00	0.000e+00
195225.50	0.000e+00	0.000e+00	0.000e+00
195226.50	0.000e+00	0.000e+00	0.000e+00
195227.50	0.000e+00	0.000e+00	0.000e+00
195228.50	0.000e+00	0.000e+00	0.000e+00
195229.50	0.000e+00	0.000e+00	0.000e+00
195230.50	0.000e+00	0.000e+00	0.000e+00
195231.50	0.000e+00	0.000e+00	0.000e+00
195232.50	0.000e+00	0.000e+00	0.000e+00
195233.50	0.000e+00	0.000e+00	0.000e+00
195234.50	0.000e+00	0.000e+00	0.000e+00
195235.50	0.000e+00	0.000e+00	0.000e+00
195236.50	0.000e+00	0.000e+00	0.000e+00
195237.50	0.000e+00	0.000e+00	0.000e+00
195238.50	0.000e+00	0.000e+00	0.000e+00
195239.50	0.000e+00	0.000e+00	0.000e+00
195240.50	0.000e+00	0.000e+00	0.000e+00
195241.50	0.000e+00	0.000e+00	0.000e+00
195242.50	0.000e+00	0.000e+00	0.000e+00
195243.50	0.000e+00	0.000e+00	0.000e+00
195244.50	0.000e+00	0.000e+00	0.000e+00
195245.50	0.000e+00	0.000e+00	0.000e+00
195246.50	0.000e+00	0.000e+00	0.000e+00
195247.50	0.000e+00	0.000e+00	0.000e+00
195248.50	0.000e+00	0.000e+00	0.000e+00
195249.50	0.000e+00	0.000e+00	0.000e+00
195250.50	0.000e+00	0.000e+00	0.000e+00
195251.50	0.000e+00	0.000e+00	0.000e+00
195252.50	0.000e+00	0.000e+00	0.000e+00
195253.50	0.000e+00	0.000e+00	0.000e+00
195254.50	8.496e-06	1.747e-04	1.968e-04
195255.50	-1.478e-06	-6.374e-05	-2.707e-04
195256.50	4.531e-04	4.426e-03	3.158e-02
195257.50	-1.200e-03	-1.642e-02	-5.626e-02
195258.50	-1.104e-03	-1.171e-01	8.822e-02
195259.50	-4.618e-03	-3.974e-01	2.678e-01
195260.50	-1.325e-01	-7.834e+00	2.448e+00
195261.50	-1.210e+00	-6.787e+01	1.690e+01
195262.50	-3.360e+00	-1.872e+02	5.146e+01
195263.50	-6.029e+00	-3.091e+02	5.837e+01
195264.50	-7.296e+00	-3.398e+02	2.851e+01
195265.50	-2.419e+00	-9.110e+01	-1.776e+01
195266.50	-5.328e-01	-6.883e+00	-1.910e+01
195267.50	7.843e-01	3.514e+01	2.083e+00
195268.50	1.104e+00	5.587e+01	-8.026e+00
195269.50	9.005e-01	5.011e+01	-1.354e+01
195270.50	1.190e+00	6.106e+01	-1.440e+01
195271.50	1.094e+00	5.338e+01	-7.613e+00
195272.50	1.200e+00	5.222e+01	5.510e-01
195273.50	9.696e-01	4.781e+01	-8.045e+00
195274.50	8.602e-01	4.147e+01	-5.770e+00
195275.50	9.197e-01	4.522e+01	-8.496e+00
195276.50	7.315e-01	3.715e+01	-7.411e+00
195277.50	6.614e-01	3.331e+01	-6.461e+00
195278.50	7.210e-01	3.274e+01	-1.978e+00
195279.50	6.240e-01	2.755e+01	-1.498e-01
195280.50	5.779e-01	2.582e+01	-9.888e-01
195281.50	4.550e-01	2.333e+01	-5.424e+00
195282.50	5.021e-01	2.342e+01	-2.986e+00
195283.50	4.224e-01	2.093e+01	-2.851e+00
195284.50	3.715e-01	1.814e+01	-2.717e+00
195285.50	4.406e-01	1.987e+01	-1.094e+00
195286.50	3.782e-01	1.814e+01	-1.757e+00
195287.50	3.014e-01	1.517e+01	-2.448e+00
195288.50	3.398e-01	1.478e+01	2.477e-01
195289.50	2.832e-01	1.373e+01	-2.218e+00
195290.50	2.602e-01	1.258e+01	-1.574e+00
195291.50	2.726e-01	1.286e+01	-1.162e+00
195292.50	2.544e-01	1.181e+01	-3.149e-01
195293.50	2.227e-01	1.114e+01	-2.362e+00
195294.50	2.208e-01	1.008e+01	-3.936e-01
195295.50	2.141e-01	9.005e+00	5.462e-01
195296.50	1.805e-01	8.563e+00	-7.027e-01
195297.50	1.430e-01	7.075e+00	-9.504e-01
195298.50	1.786e-01	8.832e+00	-1.517e+00
195299.50	1.843e-01	7.478e+00	5.443e-01
195300.50	1.622e-01	7.306e+00	-1.296e-01
195301.50	1.392e-01	7.517e+00	-1.747e+00
195302.50	1.488e-01	6.662e+00	-4.464e-01
195303.50	1.238e-01	6.144e+00	-1.056e+00
195304.50	1.536e-01	6.230e+00	6.806e-01
195305.50	7.594e-02	4.061e+00	-6.950e-01
195306.50	1.018e-01	4.531e+00	4.090e-01
195307.50	1.046e-01	4.915e+00	-2.592e-01
195308.50	7.430e-02	3.552e+00	-7.142e-01
195309.50	6.413e-02	3.850e+00	-1.296e+00
195310.50	1.210e-01	5.434e+00	2.371e-01
195311.50	7.171e-02	2.957e+00	2.928e-01
195312.50	8.640e-02	3.408e+00	2.630e-01
195313.50	8.141e-02	3.821e+00	-2.976e-01
195314.50	6.096e-02	3.139e+00	-5.165e-01
195315.50	5.098e-02	2.525e+00	-4.646e-01
195316.50	6.643e-02	2.947e+00	-6.874e-02
195317.50	6.230e-02	2.899e+00	8.774e-02
195318.50	6.854e-02	2.909e+00	4.771e-02
195319.50	5.328e-02	2.534e+00	-3.427e-01
195320.50	6.221e-02	2.515e+00	3.389e-01
195321.50	5.990e-02	2.784e+00	-2.774e-02
195322.50	5.482e-02	2.621e+00	-4.061e-01
195323.50	3.331e-02	1.882e+00	-7.738e-01
195324.50	3.446e-02	2.150e+00	-7.910e-01
195325.50	3.638e-02	1.402e+00	4.570e-01
195326.50	3.917e-02	1.574e+00	2.093e-01
195327.50	3.773e-02	1.517e+00	3.043e-01
195328.50	3.619e-02	1.824e+00	-3.802e-01
195329.50	2.832e-02	1.325e+00	-8.102e-03
195330.50	5.184e-02	2.160e+00	2.448e-02
195331.50	1.718e-02	1.363e+00	-6.922e-01
195332.50	1.661e-03	4.118e-01	-6.058e-01
195333.50	2.563e-02	1.411e+00	-3.110e-01
195334.50	2.784e-02	1.142e+00	1.123e-02
195335.50	3.043e-02	1.546e+00	-1.315e-01
195336.50	3.398e-02	1.469e+00	2.122e-01
195337.50	1.603e-02	6.950e-01	-3.350e-02
195338.50	1.872e-02	7.344e-01	6.211e-02
195339.50	1.978e-02	1.018e+00	-2.410e-01
195340.50	1.958e-02	7.862e-01	2.534e-01
195341.50	6.259e-03	5.203e-01	-2.362e-01
195342.50	2.006e-02	9.168e-01	9.792e-02
195343.50	2.150e-02	1.200e+00	-4.762e-01
195344.50	3.254e-02	1.306e+00	8.736e-02
195345.50	1.104e-02	6.230e-01	-2.189e-01
195346.50	2.054e-02	7.680e-01	3.677e-01
195347.50	2.563e-02	1.046e+00	7.008e-02
195348.50	2.496e-02	8.266e-01	3.878e-01
195349.50	9.888e-03	3.754e-01	2.371e-01
195350.50	2.563e-03	3.475e-01	-4.464e-01
195351.50	7.325e-03	7.728e-01	-5.789e-01
195352.50	6.029e-03	3.437e-01	-2.400e-01
195353.50	6.384e-03	4.656e-01	-2.122e-01
195354.50	2.006e-02	1.008e+00	-9.888e-02
195355.50	1.104e-02	3.821e-01	8.669e-03
195356.50	-6.768e-03	1.085e-01	-4.051e-01
195357.50	4.234e-03	2.563e-01	-6.355e-02
195358.50	1.286e-02	4.109e-01	6.413e-02
195359.50	1.056e-02	6.394e-01	-3.725e-01
195360.50	2.083e-02	7.334e-01	7.411e-02
195361.50	1.037e-02	2.083e-01	3.725e-01
195362.50	-2.227e-03	2.218e-01	-2.928e-01
195363.50	6.077e-03	2.179e-01	-2.208e-02
195364.50	1.094e-02	2.525e-01	4.531e-01
195365.50	6.922e-03	4.502e-01	-2.458e-01
195366.50	5.357e-03	4.512e-01	-2.198e-01
195367.50	1.056e-02	4.762e-01	-2.266e-01
195368.50	-6.048e-03	-1.430e-01	-2.045e-01
195369.50	3.552e-03	2.179e-01	8.083e-02
195370.50	9.072e-03	3.446e-01	2.419e-03
195371.50	2.150e-02	4.685e-01	7.632e-02
195372.50	-6.922e-03	-1.373e-01	-1.814e-01
195373.50	1.738e-02	5.894e-01	2.602e-01
195374.50	8.150e-03	5.366e-01	-2.486e-01
195375.50	4.166e-03	2.448e-01	1.930e-01
195376.50	-1.085e-02	1.421e-01	-2.122e-01
195377.50	1.094e-03	9.082e-02	2.842e-03
195378.50	2.717e-03	7.642e-02	8.573e-02
195379.50	1.651e-03	-1.824e-02	2.342e-01
195380.50	1.133e-02	4.205e-01	4.550e-03
195381.50	1.738e-02	8.083e-01	-7.680e-02
195382.50	1.766e-03	2.986e-01	-2.467e-01
195383.50	1.296e-03	5.750e-02	-3.206e-02
195384.50	-7.219e-03	-1.248e-01	-7.238e-02
195385.50	6.326e-03	2.486e-01	-2.544e-02
195386.50	6.643e-03	1.315e-01	2.285e-01
195387.50	3.907e-03	2.458e-01	-1.056e-01
195388.50	4.925e-03	1.027e-01	9.600e-02
195389.50	3.322e-03	1.478e-02	1.373e-01
195390.50	-3.034e-03	9.696e-02	-1.325e-01
195391.50	-4.934e-03	-2.342e-02	-2.342e-01
195392.50	4.800e-03	2.842e-01	2.371e-03
195393.50	-2.582e-03	3.446e-02	-1.507e-01
195394.50	9.533e-03	3.466e-01	-7.354e-02
195395.50	-7.133e-03	-2.246e-01	-2.064e-01
195396.50	-8.266e-04	-3.648e-03	1.469e-01
195397.50	-6.730e-03	-1.997e-01	-7.027e-03
195398.50	5.251e-03	3.773e-01	-1.882e-01
195399.50	-1.459e-03	2.928e-02	-1.469e-01
195400.50	5.030e-03	1.891e-01	3.821e-02
195401.50	-3.360e-04	1.920e-02	-5.635e-02
195402.50	5.923e-03	2.938e-01	-1.459e-01
195403.50	6.826e-03	3.725e-01	-9.427e-02
195404.50	1.037e-02	3.072e-01	3.062e-01
195405.50	-4.512e-03	-1.613e-01	1.747e-02
195406.50	3.552e-03	1.402e-01	5.722e-02
195407.50	-8.275e-03	-3.782e-01	9.408e-03
195408.50	8.438e-03	2.429e-01	1.066e-01
195409.50	-5.213e-04	6.355e-02	-7.219e-02
195410.50	9.149e-03	2.563e-01	-2.640e-03
195411.50	7.910e-03	1.315e-01	6.144e-02
195412.50	6.797e-03	7.872e-02	1.286e-01
195413.50	1.411e-03	7.354e-03	-8.755e-04
195414.50	-1.632e-02	-3.744e-01	3.302e-02
195415.50	3.053e-03	6.029e-02	5.510e-02
195416.50	-2.794e-04	1.920e-02	1.622e-01
195417.50	1.728e-02	4.445e-01	2.678e-01
195418.50	7.632e-04	1.526e-02	-1.690e-01
195419.50	2.102e-05	1.267e-01	-8.938e-02
195420.50	-2.486e-03	3.494e-02	-1.114e-02
195421.50	5.069e-03	1.094e-01	2.755e-01
195422.50	9.139e-04	7.373e-02	-4.166e-02
195423.50	1.162e-02	2.544e-01	1.421e-01
195424.50	6.259e-04	1.613e-01	2.707e-02
195425.50	-3.197e-03	-6.960e-02	6.538e-02
195426.50	2.717e-03	8.016e-02	9.984e-04
195427.50	-5.952e-03	-8.112e-02	-3.802e-01
195428.50	-1.766e-03	-1.421e-01	-7.517e-03
195429.50	1.296e-03	1.354e-01	2.275e-02
195430.50	-2.026e-03	1.219e-01	-1.718e-01
195431.50	2.458e-03	7.258e-02	1.546e-02
195432.50	-5.818e-03	-2.899e-01	7.642e-02
195433.50	-7.219e-03	-2.304e-01	-7.123e-02
195434.50	2.074e-03	2.122e-01	-1.949e-01
195435.50	-7.766e-04	1.373e-01	-1.325e-01
195436.50	1.085e-02	3.216e-01	2.986e-01
195437.50	2.362e-03	1.142e-01	1.066e-01
195438.50	2.947e-04	1.555e-02	-1.334e-02
195439.50	-2.534e-03	-6.048e-02	-7.766e-02
195440.50	2.112e-03	2.458e-02	4.090e-02
195441.50	-1.747e-03	1.085e-02	-8.496e-02
195442.50	5.242e-04	-9.792e-02	1.536e-01
195443.50	7.056e-04	-3.235e-02	-7.334e-02
195444.50	-2.582e-03	5.309e-02	-1.574e-01
195445.50	-1.306e-03	3.917e-03	-9.571e-02
195446.50	-9.696e-04	-2.486e-02	6.739e-02
195447.50	1.853e-03	9.466e-02	1.334e-01
195448.50	-4.445e-03	-1.450e-01	-4.301e-02
195449.50	-4.022e-03	-1.478e-01	-2.784e-02
195450.50	7.690e-03	2.938e-01	-3.802e-02
195451.50	4.493e-03	2.515e-01	-8.947e-02
195452.50	1.949e-04	-3.389e-02	8.928e-02
195453.50	-7.603e-04	-1.766e-02	-6.307e-02
195454.50	-3.965e-03	-6.912e-02	-8.093e-02
195455.50	-5.309e-03	-1.450e-01	-8.419e-02
195456.50	4.982e-03	1.306e-01	1.085e-01
195457.50	4.819e-03	5.558e-02	1.459e-01
195458.50	-2.582e-03	-5.011e-02	-2.352e-02
195459.50	2.563e-03	1.354e-01	-8.554e-02
195460.50	1.018e-03	4.560e-02	-1.325e-02
195461.50	2.189e-03	5.539e-02	5.059e-02
195462.50	-9.043e-04	5.587e-03	-7.286e-02
195463.50	-3.110e-03	-1.594e-01	-2.410e-02
195464.50	-6.029e-03	-1.046e-01	-3.552e-02
195465.50	3.466e-03	1.469e-02	-1.094e-03
195466.50	2.160e-03	8.189e-02	2.304e-02
195467.50	-7.690e-04	1.248e-02	-3.350e-02
195468.50	4.723e-03	6.854e-02	1.843e-01
195469.50	6.326e-03	1.824e-01	1.421e-01
195470.50	2.842e-03	1.392e-01	1.469e-02
195471.50	-9.283e-04	6.029e-03	-1.114e-01
195472.50	-2.198e-04	4.877e-02	-2.266e-02
195473.50	-1.200e-03	1.574e-02	-8.928e-02
195474.50	5.184e-04	-1.392e-02	3.552e-02
195475.50	-1.296e-03	-8.237e-02	-6.701e-02
195476.50	6.499e-04	5.414e-02	-1.805e-02
195477.50	-2.813e-03	-1.133e-01	-3.149e-02
195478.50	7.680e-04	9.216e-02	2.525e-04
195479.50	7.661e-04	6.010e-02	-4.675e-02
195480.50	3.792e-03	6.480e-02	3.907e-02
195481.50	5.453e-03	2.150e-01	1.181e-03
195482.50	-1.824e-06	-4.800e-02	6.317e-02
195483.50	1.642e-03	7.766e-02	-6.634e-02
195484.50	2.256e-05	2.966e-02	2.083e-02
195485.50	-2.208e-03	-5.424e-02	8.045e-02
195486.50	1.392e-03	-3.974e-02	1.018e-01
195487.50	-2.717e-03	-1.546e-01	3.514e-02
195488.50	-3.053e-03	-4.493e-02	-3.734e-02
195489.50	5.126e-03	5.155e-02	1.997e-01
195490.50	2.122e-03	-2.390e-02	1.210e-01
195491.50	6.384e-03	1.824e-01	6.230e-02
195492.50	-1.872e-04	6.451e-02	-1.296e-01
195493.50	-4.963e-03	-1.498e-01	-3.158e-02
195494.50	-2.870e-03	-3.792e-02	-2.563e-02
195495.50	1.229e-04	-1.565e-02	1.373e-01
195496.50	-3.955e-04	-2.563e-02	-4.291e-02
195497.50	-3.965e-04	1.046e-01	-1.853e-01
195498.50	1.104e-03	3.715e-02	-8.102e-04
195499.50	-2.640e-03	-9.293e-02	-3.312e-02
195500.50	-1.085e-03	2.227e-04	-6.182e-02
195501.50	2.909e-04	1.603e-02	-4.426e-02
195502.50	-1.123e-03	-6.269e-02	-2.659e-02
195503.50	6.557e-05	3.149e-02	-4.166e-02
195504.50	2.602e-03	2.573e-02	2.266e-02
195505.50	-3.677e-04	1.363e-02	-8.189e-02
195506.50	-1.670e-03	-3.005e-02	-9.302e-03
195507.50	3.638e-03	2.074e-02	7.978e-02
195508.50	-4.397e-04	-2.150e-02	2.832e-02
195509.50	3.053e-03	8.650e-02	6.365e-02
195510.50	1.882e-03	4.694e-02	7.229e-02
195511.50	-3.187e-04	5.472e-02	-3.686e-03
195512.50	2.458e-04	1.786e-02	-2.813e-02
195513.50	-1.930e-03	3.043e-02	-2.093e-01
195514.50	-6.614e-03	-8.947e-02	-8.304e-02
195515.50	-2.179e-03	-3.562e-02	-6.758e-03
195516.50	2.592e-04	3.101e-02	-1.027e-01
195517.50	9.283e-05	4.310e-02	1.382e-01
195518.50	4.022e-03	7.613e-02	7.373e-02
195519.50	-2.938e-03	-8.602e-02	-4.166e-02
195520.50	-1.229e-03	-1.123e-01	2.717e-02
195521.50	-2.477e-03	-2.237e-02	-2.342e-02
195522.50	-1.690e-03	8.851e-03	-2.160e-02
195523.50	4.051e-03	6.470e-03	1.277e-01
195524.50	-1.162e-03	9.888e-04	-5.213e-02
195525.50	-8.659e-04	3.696e-02	-4.714e-03
195526.50	-1.805e-05	4.070e-02	-5.366e-02
195527.50	-1.805e-04	1.920e-02	-3.149e-02
195528.50	1.162e-03	4.234e-02	-1.373e-02
195529.50	5.818e-03	3.485e-02	1.219e-01
195530.50	-3.859e-03	-5.040e-02	-6.019e-02
195531.50	-1.882e-03	1.066e-02	-1.046e-01
195532.50	-4.445e-03	-3.859e-02	-1.738e-01
195533.50	4.675e-04	2.995e-02	-4.426e-02
195534.50	3.763e-03	1.037e-01	6.048e-02
195535.50	-8.928e-04	-6.230e-02	5.558e-02
195536.50	-5.712e-04	3.552e-02	-4.810e-02
195537.50	2.650e-03	6.000e-02	5.866e-02
195538.50	1.661e-03	1.814e-03	6.115e-02
195539.50	-6.346e-05	5.856e-02	-6.326e-02
195540.50	-8.995e-04	4.666e-03	-2.333e-02
195541.50	-3.715e-03	-1.238e-01	5.290e-03
195542.50	-8.314e-04	4.061e-02	-4.406e-02
195543.50	2.333e-03	3.494e-02	1.248e-01
195544.50	-1.114e-03	-2.506e-02	3.466e-02
195545.50	-1.930e-03	-3.936e-02	-6.422e-03
195546.50	-6.634e-04	-3.696e-02	3.293e-02
195547.50	-2.150e-03	-1.402e-02	-4.205e-02
195548.50	3.725e-03	1.584e-01	-2.957e-02
195549.50	1.008e-03	6.672e-02	-1.229e-01
195550.50	2.918e-03	-2.323e-02	3.542e-02
195551.50	-1.536e-03	-2.448e-02	-6.845e-02
195552.50	-2.400e-03	-9.475e-02	-3.235e-04
195553.50	-3.446e-03	-5.568e-02	-7.901e-03
195554.50	-7.334e-04	-6.653e-02	2.227e-02
195555.50	1.805e-03	-1.507e-02	8.314e-02
195556.50	1.142e-03	5.232e-02	-8.746e-02
195557.50	6.499e-03	1.651e-02	2.122e-01
195558.50	3.869e-04	-4.099e-02	-4.694e-02
195559.50	-6.989e-03	-5.338e-02	-9.034e-02
195560.50	1.469e-03	4.906e-02	-2.640e-02
195561.50	1.190e-03	5.539e-02	5.789e-02
195562.50	1.363e-03	9.571e-03	1.421e-02
195563.50	5.568e-03	7.757e-02	6.854e-02
195564.50	2.957e-03	5.722e-02	-1.613e-02
195565.50	-4.349e-03	-1.152e-01	2.064e-02
195566.50	-9.888e-04	-1.459e-02	-4.234e-02
195567.50	2.630e-04	3.322e-03	-2.026e-02
195568.50	5.866e-04	1.776e-02	-1.181e-03
195569.50	1.824e-03	5.030e-02	4.310e-02
195570.50	4.550e-04	-2.938e-02	4.262e-02
195571.50	2.131e-05	-7.190e-03	-3.283e-02
195572.50	-1.450e-03	4.339e-02	-5.472e-02
195573.50	5.616e-04	3.139e-02	-2.429e-02
195574.50	3.408e-03	1.114e-01	-1.382e-01
195575.50	-3.792e-03	-9.245e-02	5.693e-02
195576.50	-2.678e-03	-7.680e-02	-9.274e-03
195577.50	7.306e-04	3.590e-02	8.227e-03
195578.50	1.910e-03	6.701e-02	5.674e-02
195579.50	-3.610e-03	-1.075e-01	-3.917e-02
195580.50	1.027e-03	-5.760e-03	3.494e-02
195581.50	-1.968e-04	6.509e-02	-2.467e-02
195582.50	-6.422e-04	2.717e-02	-6.634e-02
195583.50	2.285e-03	1.699e-02	9.158e-02
195584.50	5.616e-04	2.554e-02	-1.229e-02
195585.50	1.968e-03	-1.478e-02	1.171e-02
195586.50	-2.054e-03	3.581e-02	-1.440e-02
195587.50	-1.805e-03	-4.483e-02	-1.056e-02
195588.50	-2.333e-03	-3.475e-02	-7.258e-02
195589.50	-3.725e-03	-7.642e-02	-5.069e-03
195590.50	-6.624e-05	2.141e-02	-2.832e-02
195591.50	2.650e-03	5.050e-02	3.101e-02
195592.50	-2.698e-03	-4.598e-02	-4.762e-02
195593.50	8.746e-04	5.587e-02	8.150e-04
195594.50	2.525e-03	7.114e-02	3.158e-02
195595.50	1.594e-03	2.006e-02	6.672e-02
195596.50	6.864e-04	4.694e-02	-4.176e-02
195597.50	-3.466e-03	-1.344e-01	-5.501e-02
195598.50	-1.248e-03	-2.054e-02	2.333e-02
195599.50	8.294e-04	-2.102e-03	4.483e-02
195600.50	1.834e-03	9.245e-02	7.440e-04
195601.50	1.286e-03	5.904e-02	1.546e-03
195602.50	1.238e-04	-2.986e-02	4.282e-02
195603.50	-8.170e-04	-3.475e-02	-4.810e-02
195604.50	1.066e-03	7.507e-03	2.582e-02
195605.50	3.494e-03	1.334e-01	1.642e-02
195606.50	-7.642e-04	-3.418e-02	2.784e-02
195607.50	1.488e-03	-4.752e-03	2.256e-02
195608.50	-9.216e-04	-6.797e-03	-8.237e-02
195609.50	2.131e-03	1.997e-02	8.141e-02
195610.50	-3.350e-03	-7.315e-02	-1.718e-02
195611.50	6.096e-04	3.667e-02	-2.419e-03
195612.50	-3.734e-04	-6.922e-02	2.314e-02
195613.50	-9.331e-04	-1.488e-02	2.285e-02
195614.50	1.450e-03	1.738e-02	6.259e-03
195615.50	7.344e-04	6.346e-02	-7.027e-03
195616.50	-1.738e-04	7.075e-02	-3.341e-02
195617.50	-1.872e-03	-4.157e-02	-7.382e-02
195618.50	-2.342e-03	-4.579e-02	-4.090e-02
195619.50	-1.363e-03	-5.280e-02	-3.187e-02
195620.50	-7.190e-04	-3.494e-02	-3.264e-03
195621.50	8.640e-04	4.070e-02	1.930e-02
195622.50	1.670e-03	-3.869e-02	8.995e-02
195623.50	-2.621e-03	-3.965e-02	-1.277e-02
195624.50	-1.392e-03	3.034e-02	-4.723e-02
195625.50	1.046e-03	1.488e-02	1.296e-02
195626.50	2.006e-04	2.112e-02	-2.285e-02
195627.50	4.838e-04	-5.299e-02	3.206e-03
195628.50	1.603e-04	-1.670e-02	4.877e-02
195629.50	4.877e-04	-2.678e-02	2.851e-02
195630.50	-8.266e-04	1.430e-02	-4.301e-02
195631.50	-1.238e-03	-2.774e-02	-7.152e-03
195632.50	-6.547e-04	1.488e-02	-8.458e-03
195633.50	-3.648e-04	-2.861e-02	1.344e-02
195634.50	1.824e-03	-2.506e-02	4.051e-02
195635.50	-9.168e-04	-5.472e-02	2.323e-02
195636.50	1.344e-03	2.774e-02	-1.853e-02
