195038.50	0.000e+00	0.000e+00	0.000e+00
195039.50	0.000e+00	0.000e+00	0.000e+00
195040.50	0.000e+00	0.000e+00	0.000e+00
195041.50	0.000e+00	0.000e+00	0.000e+00
195042.50	0.000e+00	0.000e+00	0.000e+00
195043.50	0.000e+00	0.000e+00	0.000e+00
195044.50	0.000e+00	0.000e+00	0.000e+00
195045.50	0.000e+00	0.000e+00	0.000e+00
195046.50	0.000e+00	0.000e+00	0.000e+00
195047.50	0.000e+00	0.000e+00	0.000e+00
195048.50	0.000e+00	0.000e+00	0.000e+00
195049.50	0.000e+00	0.000e+00	0.000e+00
195050.50	0.000e+00	0.000e+00	0.000e+00
195051.50	0.000e+00	0.000e+00	0.000e+00
195052.50	0.000e+00	0.000e+00	0.000e+00
195053.50	0.000e+00	0.000e+00	0.000e+00
195054.50	0.000e+00	0.000e+00	0.000e+00
195055.50	0.000e+00	0.000e+00	0.000e+00
195056.50	0.000e+00	0.000e+00	0.000e+00
195057.50	0.000e+00	0.000e+00	0.000e+00
195058.50	0.000e+00	0.000e+00	0.000e+00
195059.50	0.000e+00	0.000e+00	0.000e+00
195060.50	0.000e+00	0.000e+00	0.000e+00
195061.50	0.000e+00	0.000e+00	0.000e+00
195062.50	0.000e+00	0.000e+00	0.000e+00
195063.50	0.000e+00	0.000e+00	0.000e+00
195064.50	0.000e+00	0.000e+00	0.000e+00
195065.50	0.000e+00	0.000e+00	0.000e+00
195066.50	0.000e+00	0.000e+00	0.000e+00
195067.50	0.000e+00	0.000e+00	0.000e+00
195068.50	0.000e+00	0.000e+00	0.000e+00
195069.50	0.000e+00	0.000e+00	0.000e+00
195070.50	0.000e+00	0.000e+00	0.000e+00
195071.50	0.000e+00	0.000e+00	0.000e+00
195072.50	0.000e+00	0.000e+00	0.000e+00
195073.50	0.000e+00	0.000e+00	0.000e+00
195074.50	0.000e+00	0.000e+00	0.000e+00
195075.50	0.000e+00	0.000e+00	0.000e+00
195076.50	0.000e+00	0.000e+00	0.000e+00
195077.50	0.000e+00	0.000e+00	0.000e+00
195078.50	0.000e+00	0.000e+00	0.000e+00
195079.50	0.000e+00	0.000e+00	0.000e+00
195080.50	0.000e+00	0.000e+00	0.000e+00
195081.50	0.000e+00	0.000e+00	0.000e+00
195082.50	0.000e+00	0.000e+00	0.000e+00
195083.50	0.000e+00	0.000e+00	0.000e+00
195084.50	0.000e+00	0.000e+00	0.000e+00
195085.50	0.000e+00	0.000e+00	0.000e+00
195086.50	0.000e+00	0.000e+00	0.000e+00
195087.50	0.000e+00	0.000e+00	0.000e+00
195088.50	0.000e+00	0.000e+00	0.000e+00
195089.50	0.000e+00	0.000e+00	0.000e+00
195090.50	0.000e+00	0.000e+00	0.000e+00
195091.50	0.000e+00	0.000e+00	0.000e+00
195092.50	0.000e+00	0.000e+00	0.000e+00
195093.50	0.000e+00	0.000e+00	0.000e+00
195094.50	0.000e+00	0.000e+00	0.000e+00
195095.50	0.000e+00	0.000e+00	0.000e+00
195096.50	0.000e+00	0.000e+00	0.000e+00
195097.50	0.000e+00	0.000e+00	0.000e+00
195098.50	0.000e+00	0.000e+00	0.000e+00
195099.50	0.000e+00	0.000e+00	0.000e+00
195100.50	0.000e+00	0.000e+00	0.000e+00
195101.50	0.000e+00	0.000e+00	0.000e+00
195102.50	0.000e+00	0.000e+00	0.000e+00
195103.50	0.000e+00	0.000e+00	0.000e+00
195104.50	0.000e+00	0.000e+00	0.000e+00
195105.50	0.000e+00	0.000e+00	0.000e+00
195106.50	0.000e+00	0.000e+00	0.000e+00
195107.50	0.000e+00	0.000e+00	0.000e+00
195108.50	0.000e+00	0.000e+00	0.000e+00
195109.50	0.000e+00	0.000e+00	0.000e+00
195110.50	0.000e+00	0.000e+00	0.000e+00
195111.50	0.000e+00	0.000e+00	0.000e+00
195112.50	0.000e+00	0.000e+00	0.000e+00
195113.50	0.000e+00	0.000e+00	0.000e+00
195114.50	0.000e+00	0.000e+00	0.000e+00
195115.50	0.000e+00	0.000e+00	0.000e+00
195116.50	0.000e+00	0.000e+00	0.000e+00
195117.50	0.000e+00	0.000e+00	0.000e+00
195118.50	0.000e+00	0.000e+00	0.000e+00
195119.50	0.000e+00	0.000e+00	0.000e+00
195120.50	0.000e+00	0.000e+00	0.000e+00
195121.50	0.000e+00	0.000e+00	0.000e+00
195122.50	0.000e+00	0.000e+00	0.000e+00
195123.50	0.000e+00	0.000e+00	0.000e+00
195124.50	0.000e+00	0.000e+00	0.000e+00
195125.50	0.000e+00	0.000e+00	0.000e+00
195126.50	0.000e+00	0.000e+00	0.000e+00
195127.50	0.000e+00	0.000e+00	0.000e+00
195128.50	0.000e+00	0.000e+00	0.000e+00
195129.50	0.000e+00	0.000e+00	0.000e+00
195130.50	0.000e+00	0.000e+00	0.000e+00
195131.50	0.000e+00	0.000e+00	0.000e+00
195132.50	0.000e+00	0.000e+00	0.000e+00
195133.50	0.000e+00	0.000e+00	0.000e+00
195134.50	0.000e+00	0.000e+00	0.000e+00
195135.50	0.000e+00	0.000e+00	0.000e+00
195136.50	0.000e+00	0.000e+00	0.000e+00
195137.50	0.000e+00	0.000e+00	0.000e+00
195138.50	0.000e+00	0.000e+00	0.000e+00
195139.50	0.000e+00	0.000e+00	0.000e+00
195140.50	0.000e+00	0.000e+00	0.000e+00
195141.50	0.000e+00	0.000e+00	0.000e+00
195142.50	0.000e+00	0.000e+00	0.000e+00
195143.50	0.000e+00	0.000e+00	0.000e+00
195144.50	0.000e+00	0.000e+00	0.000e+00
195145.50	0.000e+00	0.000e+00	0.000e+00
195146.50	0.000e+00	0.000e+00	0.000e+00
195147.50	0.000e+00	0.000e+00	0.000e+00
195148.50	0.000e+00	0.000e+00	0.000e+00
195149.50	0.000e+00	0.000e+00	0.000e+00
195150.50	0.000e+00	0.000e+00	0.000e+00
195151.50	0.000e+00	0.000e+00	0.000e+00
195152.50	0.000e+00	0.000e+00	0.000e+00
195153.50	0.000e+00	0.000e+00	0.000e+00
195154.50	0.000e+00	0.000e+00	0.000e+00
195155.50	0.000e+00	0.000e+00	0.000e+00
195156.50	0.000e+00	0.000e+00	0.000e+00
195157.50	0.000e+00	0.000e+00	0.000e+00
195158.50	0.000e+00	0.000e+00	0.000e+00
195159.50	0.000e+00	0.000e+00	0.000e+00
195160.50	0.000e+00	0.000e+00	0.000e+00
195161.50	0.000e+00	0.000e+00	0.000e+00
195162.50	0.000e+00	0.000e+00	0.000e+00
195163.50	0.000e+00	0.000e+00	0.000e+00
195164.50	0.000e+00	0.000e+00	0.000e+00
195165.50	0.000e+00	0.000e+00	0.000e+00
195166.50	0.000e+00	0.000e+00	0.000e+00
195167.50	0.000e+00	0.000e+00	0.000e+00
195168.50	0.000e+00	0.000e+00	0.000e+00
195169.50	0.000e+00	0.000e+00	0.000e+00
195170.50	0.000e+00	0.000e+00	0.000e+00
195171.50	0.000e+00	0.000e+00	0.000e+00
195172.50	0.000e+00	0.000e+00	0.000e+00
195173.50	0.000e+00	0.000e+00	0.000e+00
195174.50	0.000e+00	0.000e+00	0.000e+00
195175.50	0.000e+00	0.000e+00	0.000e+00
195176.50	0.000e+00	0.000e+00	0.000e+00
195177.50	0.000e+00	0.000e+00	0.000e+00
195178.50	0.000e+00	0.000e+00	0.000e+00
195179.50	0.000e+00	0.000e+00	0.000e+00
195180.50	0.000e+00	0.000e+00	0.000e+00
195181.50	0.000e+00	0.000e+00	0.000e+00
195182.50	0.000e+00	0.000e+00	0.000e+00
195183.50	0.000e+00	0.000e+00	0.000e+00
195184.50	0.000e+00	0.000e+00	0.000e+00
195185.50	0.000e+00	0.000e+00	0.000e+00
195186.50	0.000e+00	0.000e+00	0.000e+00
195187.50	0.000e+00	0.000e+00	0.000e+00
195188.50	0.000e+00	0.000e+00	0.000e+00
195189.50	0.000e+00	0.000e+00	0.000e+00
195190.50	0.000e+00	0.000e+00	0.000e+00
195191.50	0.000e+00	0.000e+00	0.000e+00
195192.50	0.000e+00	0.000e+00	0.000e+00
195193.50	0.000e+00	0.000e+00	0.000e+00
195194.50	0.000e+00	0.000e+00	0.000e+00
195195.50	0.000e+00	0.000e+00	0.000e+00
195196.50	0.000e+00	0.000e+00	0.000e+00
195197.50	0.000e+00	0.000e+00	0.000e+00
195198.50	0.000e+00	0.000e+00	0.000e+00
195199.50	0.000e+00	0.000e+00	0.000e+00
195200.50	0.000e+00	0.000e+00	0.000e+00
195201.50	0.000e+00	0.000e+00	0.000e+00
195202.50	0.000e+00	0.000e+00	0.000e+00
195203.50	0.000e+00	0.000e+00	0.000e+00
195204.50	0.000e+00	0.000e+00	0.000e+00
195205.50	0.000e+00	0.000e+00	0.000e+00
195206.50	0.000e+00	0.000e+00	0.000e+00
195207.50	0.000e+00	0.000e+00	0.000e+00
195208.50	0.000e+00	0.000e+00	0.000e+00
195209.50	0.000e+00	0.000e+00	0.000e+00
195210.50	0.000e+00	0.000e+00	0.000e+00
195211.50	0.000e+00	0.000e+00	0.000e+00
195212.50	0.000e+00	0.000e+00	0.000e+00
195213.50	0.000e+00	0.000e+00	0.000e+00
195214.50	0.000e+00	0.000e+00	0.000e+00
195215.50	0.000e+00	0.000e+00	0.000e+00
195216.50	0.000e+00	0.000e+00	0.000e+00
195217.50	0.000e+00	0.000e+00	0.000e+00
195218.50	0.000e+00	0.000e+00	0.000e+00
195219.50	0.000e+00	0.000e+00	0.000e+00
195220.50	0.000e+00	0.000e+00	0.000e+00
195221.50	0.000e+00	0.000e+00	0.000e+00
195222.50	0.000e+00	0.000e+00	0.000e+00
195223.50	0.000e+00	0.000e+00	0.000e+00
195224.50	0.000e+00	0.000e+00	0.000e+00
195225.50	0.000e+00	0.000e+00	0.000e+00
195226.50	0.000e+00	0.000e+00	0.000e+00
195227.50	0.000e+00	0.000e+00	0.000e+00
195228.50	0.000e+00	0.000e+00	0.000e+00
195229.50	0.000e+00	0.000e+00	0.000e+00
195230.50	0.000e+00	0.000e+00	0.000e+00
195231.50	0.000e+00	0.000e+00	0.000e+00
195232.50	0.000e+00	0.000e+00	0.000e+00
195233.50	0.000e+00	0.000e+00	0.000e+00
195234.50	0.000e+00	0.000e+00	0.000e+00
195235.50	0.000e+00	0.000e+00	0.000e+00
195236.50	0.000e+00	0.000e+00	0.000e+00
195237.50	0.000e+00	0.000e+00	0.000e+00
195238.50	0.000e+00	0.000e+00	0.000e+00
195239.50	0.000e+00	0.000e+00	0.000e+00
195240.50	0.000e+00	0.000e+00	0.000e+00
195241.50	0.000e+00	0.000e+00	0.000e+00
195242.50	0.000e+00	0.000e+00	0.000e+00
195243.50	0.000e+00	0.000e+00	0.000e+00
195244.50	0.000e+00	0.000e+00	0.000e+00
195245.50	0.000e+00	0.000e+00	0.000e+00
195246.50	0.000e+00	0.000e+00	0.000e+00
195247.50	0.000e+00	0.000e+00	0.000e+00
195248.50	0.000e+00	0.000e+00	0.000e+00
195249.50	0.000e+00	0.000e+00	0.000e+00
195250.50	0.000e+00	0.000e+00	0.000e+00
195251.50	0.000e+00	0.000e+00	0.000e+00
195252.50	0.000e+00	0.000e+00	0.000e+00
195253.50	0.000e+00	0.000e+00	0.000e+00
195254.50	0.000e+00	0.000e+00	0.000e+00
195255.50	0.000e+00	0.000e+00	0.000e+00
195256.50	0.000e+00	0.000e+00	0.000e+00
195257.50	0.000e+00	0.000e+00	0.000e+00
195258.50	-7.843e-06	2.582e-04	-1.104e-04
195259.50	1.862e-05	-4.493e-04	-4.771e-04
195260.50	1.910e-05	-8.688e-04	4.886e-04
195261.50	-1.594e-04	3.821e-03	5.952e-04
195262.50	9.446e-05	-1.709e-03	-4.214e-04
195263.50	1.037e-04	-2.813e-03	8.275e-04
195264.50	2.707e-05	-8.179e-04	-1.805e-03
195265.50	1.142e-04	-1.968e-04	-5.232e-03
195266.50	1.574e-05	1.363e-03	-3.792e-03
195267.50	-1.968e-04	3.331e-03	2.822e-03
195268.50	-3.053e-04	1.296e-02	-1.546e-02
195269.50	2.256e-04	-1.526e-02	4.243e-02
195270.50	-7.152e-04	7.382e-02	-1.930e-01
195271.50	9.168e-02	-2.832e+00	-2.774e-01
195272.50	7.450e-01	-2.390e+01	2.093e+00
195273.50	2.294e+00	-6.864e+01	-6.480e+00
195274.50	4.502e+00	-1.363e+02	5.021e+00
195275.50	7.478e+00	-2.227e+02	9.120e+00
195276.50	8.362e+00	-2.419e+02	6.374e+00
195277.50	9.696e+00	-2.698e+02	-9.130e+00
195278.50	6.086e+00	-1.651e+02	7.056e-01
195279.50	1.613e+00	-3.725e+01	-3.523e-01
195280.50	4.051e-01	-2.573e+00	-4.358e+00
195281.50	-8.563e-01	2.938e+01	3.744e+00
195282.50	-1.421e+00	4.646e+01	-7.056e+00
195283.50	-2.035e+00	5.990e+01	1.718e+00
195284.50	-2.112e+00	6.230e+01	-2.890e-02
195285.50	-2.246e+00	6.470e+01	1.536e+00
195286.50	-1.920e+00	5.578e+01	-2.342e+00
195287.50	-2.064e+00	5.741e+01	5.971e+00
195288.50	-1.776e+00	5.011e+01	5.789e-01
195289.50	-1.584e+00	4.656e+01	-5.165e+00
195290.50	-1.603e+00	4.608e+01	-3.850e+00
195291.50	-1.440e+00	3.955e+01	4.368e+00
195292.50	-1.229e+00	3.562e+01	-4.243e+00
195293.50	-1.334e+00	3.782e+01	-2.611e+00
195294.50	-1.238e+00	3.427e+01	1.421e+00
195295.50	-9.984e-01	2.794e+01	1.123e+00
195296.50	-9.360e-01	2.736e+01	-3.523e+00
195297.50	-9.389e-01	2.554e+01	2.678e+00
195298.50	-9.792e-01	2.717e+01	3.389e-01
195299.50	-7.718e-01	2.170e+01	8.275e-03
195300.50	-6.461e-01	1.805e+01	-6.288e-01
195301.50	-7.478e-01	2.083e+01	-1.056e+00
195302.50	-6.029e-01	1.699e+01	-9.370e-02
195303.50	-6.077e-01	1.747e+01	-1.910e+00
195304.50	-5.827e-01	1.594e+01	1.315e+00
195305.50	-4.963e-01	1.421e+01	-1.901e+00
195306.50	-5.309e-01	1.450e+01	3.389e-01
195307.50	-5.021e-01	1.363e+01	9.600e-01
195308.50	-3.974e-01	1.056e+01	1.699e+00
195309.50	-4.896e-01	1.296e+01	2.218e+00
195310.50	-3.859e-01	1.075e+01	-2.458e-01
195311.50	-3.946e-01	1.104e+01	-5.549e-01
195312.50	-3.638e-01	1.018e+01	-6.922e-01
195313.50	-3.331e-01	9.341e+00	-1.152e+00
195314.50	-2.640e-01	7.344e+00	-1.862e-01
195315.50	-2.755e-01	7.373e+00	8.198e-01
195316.50	-2.544e-01	7.018e+00	3.504e-02
195317.50	-2.803e-01	7.709e+00	3.533e-01
195318.50	-2.448e-01	6.662e+00	4.838e-01
195319.50	-2.093e-01	6.038e+00	-1.114e+00
195320.50	-1.565e-01	4.186e+00	7.968e-01
195321.50	-2.496e-01	6.605e+00	6.125e-01
195322.50	-2.755e-01	7.286e+00	6.634e-01
195323.50	-1.738e-01	4.685e+00	7.814e-01
195324.50	-1.786e-01	4.954e+00	4.435e-03
195325.50	-1.824e-01	5.030e+00	-3.485e-01
195326.50	-1.517e-01	4.224e+00	-6.874e-01
195327.50	-1.248e-01	3.494e+00	-1.123e-01
195328.50	-1.459e-01	3.974e+00	7.728e-01
195329.50	-1.594e-01	4.301e+00	1.622e-01
195330.50	-1.325e-01	3.850e+00	-1.037e+00
195331.50	-1.162e-01	3.034e+00	-1.056e-01
195332.50	-9.984e-02	2.822e+00	2.554e-01
195333.50	-1.402e-01	3.802e+00	-3.149e-02
195334.50	-1.296e-01	3.494e+00	5.856e-01
195335.50	-9.984e-02	2.630e+00	5.078e-01
195336.50	-1.142e-01	2.995e+00	4.752e-01
195337.50	-9.466e-02	2.515e+00	1.786e-01
195338.50	-1.066e-01	3.024e+00	-4.061e-01
195339.50	-8.256e-02	2.102e+00	2.794e-01
195340.50	-6.182e-02	1.766e+00	4.512e-02
195341.50	-7.315e-02	1.747e+00	3.427e-01
195342.50	-8.659e-02	2.218e+00	1.440e-01
195343.50	-5.798e-02	1.709e+00	-1.824e-02
195344.50	-6.970e-02	1.786e+00	6.125e-02
195345.50	-6.346e-02	1.718e+00	-1.075e-01
195346.50	-6.586e-02	1.882e+00	-4.099e-01
195347.50	-6.432e-02	1.757e+00	-1.613e-01
195348.50	-7.488e-02	1.987e+00	-1.670e-01
195349.50	-5.558e-02	1.363e+00	6.758e-01
195350.50	-2.736e-02	7.056e-01	4.829e-01
195351.50	-5.213e-02	1.430e+00	3.946e-01
195352.50	-3.437e-02	1.075e+00	-7.354e-01
195353.50	-5.539e-02	1.402e+00	2.419e-01
195354.50	-4.771e-02	1.181e+00	9.168e-02
195355.50	-4.675e-02	1.258e+00	-9.984e-02
195356.50	-6.288e-02	1.661e+00	-1.267e-01
195357.50	-2.842e-02	7.930e-01	-1.661e-01
195358.50	-4.493e-02	9.984e-01	1.277e-01
195359.50	-4.262e-02	1.190e+00	8.630e-02
195360.50	-3.130e-02	9.533e-01	-2.870e-01
195361.50	-4.118e-02	1.056e+00	2.525e-01
195362.50	-2.189e-02	4.570e-01	4.272e-01
195363.50	-2.266e-02	5.856e-01	2.275e-01
195364.50	-4.243e-02	1.296e+00	-4.896e-01
195365.50	-2.093e-02	5.674e-01	-2.813e-01
195366.50	-2.246e-02	7.382e-01	-2.947e-01
195367.50	-3.437e-02	8.458e-01	1.709e-01
195368.50	-1.738e-02	5.357e-01	-1.142e-01
195369.50	-2.669e-02	7.440e-01	-7.450e-02
195370.50	-2.880e-02	7.277e-01	-1.805e-01
195371.50	-2.880e-02	7.219e-01	1.968e-01
195372.50	-1.037e-02	3.840e-01	-2.794e-01
195373.50	-1.056e-02	2.794e-01	-1.162e-02
195374.50	-1.325e-02	2.198e-01	5.942e-01
195375.50	-2.285e-02	7.267e-01	-2.342e-01
195376.50	-2.256e-03	1.200e-01	-1.968e-01
195377.50	-2.630e-02	6.653e-01	-1.344e-01
195378.50	-2.554e-02	5.856e-01	5.587e-02
195379.50	-2.314e-02	6.442e-01	-5.549e-01
195380.50	5.155e-05	9.581e-02	-3.754e-02
195381.50	-2.035e-02	4.282e-01	1.594e-01
195382.50	-2.506e-02	6.883e-01	-2.966e-01
195383.50	-2.112e-02	5.808e-01	4.109e-02
195384.50	-2.227e-02	5.443e-01	9.034e-02
195385.50	-4.608e-03	2.112e-01	1.622e-02
195386.50	-2.448e-02	4.157e-01	3.264e-01
195387.50	-1.267e-02	3.302e-01	2.890e-01
195388.50	-1.584e-03	2.006e-01	-1.085e-01
195389.50	-8.285e-03	2.851e-01	1.286e-01
195390.50	-2.851e-02	7.306e-01	4.858e-02
195391.50	-8.640e-03	1.363e-01	2.035e-01
195392.50	1.133e-02	-2.218e-01	-3.744e-01
195393.50	-2.122e-02	5.040e-01	7.603e-02
195394.50	-1.430e-02	4.234e-01	-4.061e-02
195395.50	-6.960e-03	2.131e-01	-3.370e-01
195396.50	-1.968e-02	5.050e-01	3.120e-02
195397.50	-1.315e-02	3.005e-01	2.765e-02
195398.50	-1.094e-02	1.930e-01	1.670e-01
195399.50	2.400e-03	-7.142e-02	2.515e-02
195400.50	-1.200e-02	2.678e-01	2.362e-01
195401.50	-1.248e-02	3.302e-01	-2.131e-01
195402.50	-1.142e-03	1.363e-01	-3.216e-02
195403.50	-8.602e-03	2.381e-01	-6.864e-02
195404.50	-4.560e-03	8.362e-02	2.045e-01
195405.50	-1.853e-02	3.936e-01	3.446e-01
195406.50	-2.122e-03	1.286e-01	-4.435e-01
195407.50	-3.264e-03	-1.450e-02	9.696e-02
195408.50	-1.651e-03	2.515e-02	2.045e-01
195409.50	-2.659e-03	1.123e-01	-8.381e-02
195410.50	-1.306e-02	2.218e-01	3.264e-02
195411.50	-1.306e-02	3.638e-01	-1.507e-02
195412.50	3.254e-03	-6.912e-02	-5.059e-02
195413.50	-7.056e-03	2.285e-01	-1.757e-01
195414.50	-1.306e-02	3.283e-01	1.219e-01
195415.50	-4.954e-03	5.434e-02	2.861e-01
195416.50	-9.398e-03	2.112e-01	1.574e-01
195417.50	-1.440e-03	1.814e-01	-2.592e-01
195418.50	4.925e-03	-6.163e-02	-1.219e-01
195419.50	-8.246e-03	6.835e-02	2.755e-01
195420.50	-1.219e-02	3.024e-01	8.717e-02
195421.50	-7.728e-03	1.949e-01	1.210e-01
195422.50	-4.522e-03	5.414e-02	1.757e-01
195423.50	3.734e-03	-1.334e-01	-2.765e-02
195424.50	1.152e-03	4.426e-02	3.072e-02
195425.50	-3.235e-03	1.968e-01	-3.533e-01
195426.50	-2.102e-02	5.232e-01	2.227e-02
195427.50	-1.094e-02	2.678e-01	2.736e-02
195428.50	-1.133e-02	2.870e-01	-4.224e-02
195429.50	1.834e-03	-4.282e-02	-2.822e-02
195430.50	1.133e-03	-6.499e-02	2.784e-01
195431.50	-1.133e-02	2.342e-01	1.306e-01
195432.50	-1.248e-03	-1.661e-02	4.963e-02
195433.50	-5.818e-03	1.507e-01	-1.670e-01
195434.50	-7.843e-03	1.987e-01	2.870e-02
195435.50	-7.853e-03	3.005e-01	-1.766e-01
195436.50	5.050e-03	-1.430e-01	-1.018e-01
195437.50	4.214e-03	-1.152e-01	3.571e-03
195438.50	-4.435e-03	1.018e-01	1.862e-02
195439.50	-2.986e-04	-2.256e-02	1.814e-01
195440.50	-2.150e-03	6.701e-02	1.008e-01
195441.50	3.091e-03	-4.550e-02	-6.557e-02
195442.50	4.838e-03	-1.171e-01	-3.331e-01
195443.50	-5.914e-03	1.440e-01	1.046e-01
195444.50	-4.368e-03	1.392e-01	-2.170e-01
195445.50	1.507e-03	-4.454e-02	1.085e-01
195446.50	-4.886e-04	4.541e-03	-1.123e-01
195447.50	-6.019e-04	-5.674e-03	1.670e-02
195448.50	9.984e-03	-2.131e-01	-1.814e-02
195449.50	-5.098e-03	1.373e-01	2.986e-02
195450.50	-1.258e-02	2.678e-01	1.507e-01
195451.50	-4.368e-03	5.712e-02	2.909e-01
195452.50	-5.568e-03	1.325e-01	-1.402e-01
195453.50	1.718e-03	2.736e-03	4.368e-02
195454.50	-7.133e-03	2.026e-01	4.464e-02
195455.50	-1.210e-02	3.043e-01	-3.014e-02
195456.50	-6.029e-03	6.547e-02	1.709e-01
195457.50	-2.621e-03	1.018e-01	-1.056e-01
195458.50	2.304e-03	-3.859e-02	-7.018e-02
195459.50	2.237e-03	-1.018e-01	3.926e-02
195460.50	-4.877e-03	1.306e-01	1.421e-01
195461.50	-6.106e-03	1.526e-01	-1.661e-02
195462.50	-6.355e-04	7.786e-02	-1.411e-01
195463.50	-6.432e-03	1.229e-01	1.718e-01
195464.50	-2.938e-03	3.130e-02	1.094e-01
195465.50	5.424e-03	-4.704e-03	-2.602e-01
195466.50	-3.466e-04	4.406e-03	1.824e-01
195467.50	-9.552e-04	-7.670e-03	-3.254e-02
195468.50	-3.014e-03	3.158e-02	9.581e-02
195469.50	-3.235e-03	4.195e-02	-3.466e-02
195470.50	-2.323e-03	1.622e-02	-1.421e-01
195471.50	-1.421e-03	4.502e-02	6.662e-02
195472.50	-3.917e-03	1.210e-01	7.181e-02
195473.50	-1.056e-02	2.237e-01	3.466e-02
195474.50	-5.136e-03	1.286e-01	-2.400e-02
195475.50	-1.901e-04	4.128e-02	8.986e-02
195476.50	5.654e-04	-3.648e-02	1.526e-01
195477.50	8.659e-03	-2.592e-01	-1.267e-01
195478.50	-4.339e-04	-6.413e-03	-1.018e-01
195479.50	-3.830e-03	8.506e-02	8.563e-04
195480.50	-1.853e-03	6.950e-02	5.222e-02
195481.50	1.421e-03	-2.208e-02	-1.478e-03
195482.50	2.045e-03	-5.088e-02	-1.306e-01
195483.50	-3.974e-03	3.130e-02	-1.037e-01
195484.50	1.027e-03	-1.930e-02	-4.339e-02
195485.50	-4.358e-03	9.561e-02	-7.853e-02
195486.50	5.683e-03	-9.696e-02	-6.211e-02
195487.50	-3.878e-03	1.171e-01	-1.200e-01
195488.50	2.006e-03	3.379e-02	-5.146e-02
195489.50	-7.008e-03	1.056e-01	1.075e-01
195490.50	3.658e-03	-9.984e-02	2.822e-02
195491.50	-6.547e-03	1.075e-02	3.331e-01
195492.50	-4.426e-03	8.563e-02	3.917e-02
195493.50	2.592e-03	7.200e-02	-1.498e-02
195494.50	-4.070e-03	-1.181e-02	-1.114e-01
195495.50	-6.586e-03	8.726e-02	1.258e-01
195496.50	1.363e-03	6.518e-02	-1.123e-01
195497.50	9.514e-03	5.059e-02	-3.782e-02
195498.50	-4.022e-03	5.462e-02	-2.141e-02
195499.50	1.469e-03	-1.066e-01	1.622e-01
195500.50	-2.880e-03	1.133e-01	-1.037e-01
195501.50	-3.072e-02	1.574e-01	-4.848e-02
195502.50	-1.526e-02	2.909e-02	-6.202e-02
195503.50	2.352e-02	-1.354e-01	-4.042e-02
195504.50	1.373e-02	-4.704e-02	5.309e-02
195505.50	5.107e-03	-1.162e-01	-1.824e-02
195506.50	-2.496e-03	-3.370e-04	1.152e-01
195507.50	-1.546e-02	1.085e-01	4.618e-02
195508.50	1.718e-02	-8.899e-02	-6.461e-03
195509.50	-3.322e-03	1.718e-01	9.984e-02
195510.50	-8.256e-04	4.790e-02	1.411e-02
195511.50	1.930e-02	-8.131e-02	-3.331e-02
195512.50	-1.805e-04	-2.784e-02	4.925e-02
195513.50	-8.294e-04	-8.246e-03	1.757e-03
195514.50	-9.418e-03	7.786e-03	2.342e-02
195515.50	-1.613e-03	8.141e-02	-5.203e-02
195516.50	-5.885e-03	6.307e-02	-2.486e-02
195517.50	-1.498e-03	6.941e-02	-2.986e-02
195518.50	-7.526e-03	1.680e-01	-1.190e-01
195519.50	-9.600e-04	2.746e-02	1.344e-01
195520.50	-3.091e-04	-2.189e-02	-1.200e-01
195521.50	2.227e-03	-4.656e-02	-2.842e-04
195522.50	1.882e-03	1.814e-02	-8.669e-02
195523.50	4.982e-04	6.470e-03	2.016e-02
195524.50	1.363e-02	-1.248e-01	-2.592e-02
195525.50	-1.450e-03	1.229e-01	-3.629e-02
195526.50	-1.200e-03	9.696e-02	-9.350e-02
195527.50	1.344e-03	-9.322e-02	3.341e-02
195528.50	-5.165e-04	-1.267e-02	2.842e-02
195529.50	-2.813e-03	5.808e-02	-2.554e-02
195530.50	-1.853e-03	9.283e-02	-1.843e-01
195531.50	-6.970e-03	9.792e-02	1.853e-01
195532.50	-1.094e-03	-1.661e-02	1.152e-01
195533.50	-3.600e-03	-7.382e-03	7.642e-02
195534.50	-9.792e-04	-5.174e-02	1.104e-01
195535.50	3.571e-03	-6.902e-02	-6.163e-03
195536.50	-2.045e-03	8.477e-03	4.358e-02
195537.50	-6.192e-03	9.446e-02	7.142e-02
195538.50	-2.976e-03	-1.382e-01	-4.685e-02
195539.50	-2.678e-03	6.010e-02	-3.014e-02
195540.50	5.827e-03	-3.840e-02	7.661e-02
195541.50	-3.283e-03	1.939e-02	-3.187e-02
195542.50	-5.616e-03	1.075e-01	5.030e-02
195543.50	4.157e-04	3.600e-02	-8.467e-02
195544.50	2.208e-02	-6.787e-02	-1.411e-01
195545.50	-3.725e-02	9.264e-02	1.373e-01
195546.50	1.258e-02	1.862e-02	-2.909e-01
195547.50	2.141e-02	-1.843e-01	5.789e-02
195548.50	-1.354e-03	2.592e-02	-7.661e-02
195549.50	4.330e-04	3.178e-02	2.198e-02
195550.50	1.133e-02	-8.688e-02	7.632e-02
195551.50	-1.248e-03	2.486e-02	8.045e-02
195552.50	-8.678e-03	1.075e-01	5.722e-02
195553.50	1.670e-03	-1.805e-02	-3.485e-02
195554.50	-3.869e-03	2.506e-02	-1.267e-02
195555.50	-7.814e-03	6.499e-02	-9.254e-03
195556.50	-2.602e-03	3.283e-02	4.646e-02
195557.50	-2.227e-03	1.632e-02	-3.792e-02
195558.50	-8.525e-03	1.181e-01	-1.325e-01
195559.50	1.152e-03	-2.266e-02	1.373e-01
195560.50	7.286e-04	-2.630e-02	8.554e-02
195561.50	1.814e-03	-1.766e-02	-5.232e-02
195562.50	-2.083e-03	1.766e-02	-6.605e-02
195563.50	-3.734e-03	-3.936e-02	3.062e-03
195564.50	2.592e-02	-1.661e-01	-9.043e-02
195565.50	-1.536e-02	5.549e-02	-9.523e-02
195566.50	-2.803e-02	1.315e-01	-3.466e-02
195567.50	6.096e-03	-9.792e-02	1.469e-02
195568.50	-6.691e-03	8.813e-02	7.171e-02
195569.50	-7.507e-03	8.035e-02	6.960e-02
195570.50	-8.832e-03	6.902e-02	-4.522e-03
195571.50	-4.070e-03	6.346e-02	8.803e-02
195572.50	5.635e-04	-3.686e-02	6.547e-03
195573.50	-1.670e-04	1.757e-02	5.875e-02
195574.50	-1.747e-03	7.411e-02	-1.853e-02
195575.50	6.394e-04	8.064e-02	-1.901e-02
195576.50	6.710e-03	-1.219e-01	4.195e-02
195577.50	9.446e-03	-1.075e-01	-1.142e-01
195578.50	5.731e-04	-4.291e-02	-7.171e-03
195579.50	9.888e-03	-2.467e-02	2.083e-02
195580.50	-7.382e-04	6.960e-03	-4.858e-02
195581.50	2.746e-03	-9.120e-04	3.466e-02
195582.50	1.651e-02	-5.011e-02	1.862e-01
195583.50	1.171e-02	-1.613e-01	-7.085e-02
195584.50	2.486e-03	-3.600e-02	-8.189e-02
195585.50	1.354e-03	3.600e-02	-1.920e-02
195586.50	-1.094e-03	-8.179e-03	3.715e-02
195587.50	-7.642e-04	2.870e-02	-3.101e-02
195588.50	6.365e-03	-1.037e-01	-9.082e-02
195589.50	-5.357e-04	-4.570e-03	2.275e-03
195590.50	-6.298e-03	1.325e-01	9.792e-02
195591.50	1.757e-02	-5.232e-03	2.938e-02
195592.50	3.974e-03	-6.864e-03	8.381e-02
195593.50	-2.266e-02	8.650e-02	-3.629e-02
195594.50	-9.245e-03	6.653e-02	4.704e-02
195595.50	9.274e-04	1.334e-03	-5.578e-02
195596.50	-4.224e-03	1.162e-02	-1.488e-02
195597.50	-3.571e-03	1.776e-02	-2.122e-03
195598.50	1.603e-03	-4.080e-02	-2.237e-02
195599.50	1.104e-03	-1.152e-02	-3.686e-02
195600.50	-3.619e-04	-2.179e-02	-1.056e-02
195601.50	-2.861e-03	5.568e-03	5.424e-02
195602.50	2.621e-04	-2.419e-02	3.456e-02
195603.50	1.363e-03	1.853e-03	4.330e-02
195604.50	2.726e-04	4.262e-02	2.458e-02
195605.50	-5.482e-03	1.258e-01	-3.667e-02
195606.50	1.306e-03	-5.530e-03	-3.101e-02
195607.50	-8.275e-05	-7.910e-03	-8.534e-04
195608.50	5.693e-04	-1.958e-02	-4.877e-02
195609.50	-2.256e-04	-7.440e-03	-2.765e-02
195610.50	-8.928e-04	1.421e-02	-1.766e-03
195611.50	1.459e-04	-4.771e-03	-2.592e-02
195612.50	1.536e-04	-9.312e-03	-6.288e-02
195613.50	-2.707e-03	-2.630e-02	-7.699e-02
195614.50	-2.246e-03	4.570e-02	4.637e-02
195615.50	5.616e-03	-5.971e-02	-2.813e-02
195616.50	1.354e-03	-3.254e-02	3.994e-03
195617.50	6.384e-04	-2.736e-03	3.667e-02
195618.50	-9.034e-05	6.605e-03	-6.365e-03
195619.50	1.507e-03	-6.365e-02	-2.995e-02
195620.50	-7.171e-04	-4.656e-03	1.690e-02
195621.50	3.734e-03	-5.030e-02	-1.450e-02
195622.50	-1.670e-03	3.494e-02	-7.459e-02
195623.50	-2.640e-03	4.656e-02	8.918e-02
195624.50	-2.602e-03	7.430e-02	-4.099e-03
195625.50	1.075e-04	-1.939e-02	8.899e-02
195626.50	2.784e-03	-6.317e-02	1.718e-02
195627.50	1.018e-03	-2.198e-02	-5.808e-02
195628.50	-2.496e-04	-6.154e-02	-1.920e-02
195629.50	-9.264e-04	-1.018e-02	5.366e-03
195630.50	-1.843e-03	1.853e-02	1.862e-02
195631.50	-1.632e-03	3.907e-02	1.747e-02
195632.50	5.568e-04	-1.594e-02	-1.642e-02
195633.50	1.843e-03	-5.530e-02	-1.411e-02
195634.50	-1.786e-04	2.534e-02	5.405e-02
195635.50	-1.334e-04	6.605e-02	6.394e-02
195636.50	-2.467e-02	2.362e-01	-1.469e-01
