195038.50	0.000e+00	0.000e+00	0.000e+00
195039.50	0.000e+00	0.000e+00	0.000e+00
195040.50	0.000e+00	0.000e+00	0.000e+00
195041.50	0.000e+00	0.000e+00	0.000e+00
195042.50	0.000e+00	0.000e+00	0.000e+00
195043.50	0.000e+00	0.000e+00	0.000e+00
195044.50	0.000e+00	0.000e+00	0.000e+00
195045.50	0.000e+00	0.000e+00	0.000e+00
195046.50	0.000e+00	0.000e+00	0.000e+00
195047.50	0.000e+00	0.000e+00	0.000e+00
195048.50	0.000e+00	0.000e+00	0.000e+00
195049.50	0.000e+00	0.000e+00	0.000e+00
195050.50	0.000e+00	0.000e+00	0.000e+00
195051.50	0.000e+00	0.000e+00	0.000e+00
195052.50	0.000e+00	0.000e+00	0.000e+00
195053.50	0.000e+00	0.000e+00	0.000e+00
195054.50	0.000e+00	0.000e+00	0.000e+00
195055.50	0.000e+00	0.000e+00	0.000e+00
195056.50	0.000e+00	0.000e+00	0.000e+00
195057.50	0.000e+00	0.000e+00	0.000e+00
195058.50	0.000e+00	0.000e+00	0.000e+00
195059.50	0.000e+00	0.000e+00	0.000e+00
195060.50	0.000e+00	0.000e+00	0.000e+00
195061.50	0.000e+00	0.000e+00	0.000e+00
195062.50	0.000e+00	0.000e+00	0.000e+00
195063.50	0.000e+00	0.000e+00	0.000e+00
195064.50	0.000e+00	0.000e+00	0.000e+00
195065.50	0.000e+00	0.000e+00	0.000e+00
195066.50	0.000e+00	0.000e+00	0.000e+00
195067.50	0.000e+00	0.000e+00	0.000e+00
195068.50	0.000e+00	0.000e+00	0.000e+00
195069.50	0.000e+00	0.000e+00	0.000e+00
195070.50	0.000e+00	0.000e+00	0.000e+00
195071.50	0.000e+00	0.000e+00	0.000e+00
195072.50	0.000e+00	0.000e+00	0.000e+00
195073.50	0.000e+00	0.000e+00	0.000e+00
195074.50	0.000e+00	0.000e+00	0.000e+00
195075.50	0.000e+00	0.000e+00	0.000e+00
195076.50	0.000e+00	0.000e+00	0.000e+00
195077.50	0.000e+00	0.000e+00	0.000e+00
195078.50	0.000e+00	0.000e+00	0.000e+00
195079.50	0.000e+00	0.000e+00	0.000e+00
195080.50	0.000e+00	0.000e+00	0.000e+00
195081.50	0.000e+00	0.000e+00	0.000e+00
195082.50	0.000e+00	0.000e+00	0.000e+00
195083.50	0.000e+00	0.000e+00	0.000e+00
195084.50	0.000e+00	0.000e+00	0.000e+00
195085.50	0.000e+00	0.000e+00	0.000e+00
195086.50	0.000e+00	0.000e+00	0.000e+00
195087.50	0.000e+00	0.000e+00	0.000e+00
195088.50	0.000e+00	0.000e+00	0.000e+00
195089.50	0.000e+00	0.000e+00	0.000e+00
195090.50	0.000e+00	0.000e+00	0.000e+00
195091.50	0.000e+00	0.000e+00	0.000e+00
195092.50	0.000e+00	0.000e+00	0.000e+00
195093.50	0.000e+00	0.000e+00	0.000e+00
195094.50	0.000e+00	0.000e+00	0.000e+00
195095.50	0.000e+00	0.000e+00	0.000e+00
195096.50	0.000e+00	0.000e+00	0.000e+00
195097.50	0.000e+00	0.000e+00	0.000e+00
195098.50	0.000e+00	0.000e+00	0.000e+00
195099.50	0.000e+00	0.000e+00	0.000e+00
195100.50	0.000e+00	0.000e+00	0.000e+00
195101.50	0.000e+00	0.000e+00	0.000e+00
195102.50	0.000e+00	0.000e+00	0.000e+00
195103.50	0.000e+00	0.000e+00	0.000e+00
195104.50	0.000e+00	0.000e+00	0.000e+00
195105.50	0.000e+00	0.000e+00	0.000e+00
195106.50	0.000e+00	0.000e+00	0.000e+00
195107.50	0.000e+00	0.000e+00	0.000e+00
195108.50	0.000e+00	0.000e+00	0.000e+00
195109.50	0.000e+00	0.000e+00	0.000e+00
195110.50	0.000e+00	0.000e+00	0.000e+00
195111.50	0.000e+00	0.000e+00	0.000e+00
195112.50	0.000e+00	0.000e+00	0.000e+00
195113.50	0.000e+00	0.000e+00	0.000e+00
195114.50	0.000e+00	0.000e+00	0.000e+00
195115.50	0.000e+00	0.000e+00	0.000e+00
195116.50	0.000e+00	0.000e+00	0.000e+00
195117.50	0.000e+00	0.000e+00	0.000e+00
195118.50	0.000e+00	0.000e+00	0.000e+00
195119.50	0.000e+00	0.000e+00	0.000e+00
195120.50	0.000e+00	0.000e+00	0.000e+00
195121.50	0.000e+00	0.000e+00	0.000e+00
195122.50	0.000e+00	0.000e+00	0.000e+00
195123.50	0.000e+00	0.000e+00	0.000e+00
195124.50	0.000e+00	0.000e+00	0.000e+00
195125.50	0.000e+00	0.000e+00	0.000e+00
195126.50	0.000e+00	0.000e+00	0.000e+00
195127.50	0.000e+00	0.000e+00	0.000e+00
195128.50	0.000e+00	0.000e+00	0.000e+00
195129.50	0.000e+00	0.000e+00	0.000e+00
195130.50	0.000e+00	0.000e+00	0.000e+00
195131.50	0.000e+00	0.000e+00	0.000e+00
195132.50	0.000e+00	0.000e+00	0.000e+00
195133.50	0.000e+00	0.000e+00	0.000e+00
195134.50	0.000e+00	0.000e+00	0.000e+00
195135.50	0.000e+00	0.000e+00	0.000e+00
195136.50	0.000e+00	0.000e+00	0.000e+00
195137.50	0.000e+00	0.000e+00	0.000e+00
195138.50	0.000e+00	0.000e+00	0.000e+00
195139.50	0.000e+00	0.000e+00	0.000e+00
195140.50	0.000e+00	0.000e+00	0.000e+00
195141.50	0.000e+00	0.000e+00	0.000e+00
195142.50	0.000e+00	0.000e+00	0.000e+00
195143.50	0.000e+00	0.000e+00	0.000e+00
195144.50	0.000e+00	0.000e+00	0.000e+00
195145.50	0.000e+00	0.000e+00	0.000e+00
195146.50	0.000e+00	0.000e+00	0.000e+00
195147.50	0.000e+00	0.000e+00	0.000e+00
195148.50	0.000e+00	0.000e+00	0.000e+00
195149.50	0.000e+00	0.000e+00	0.000e+00
195150.50	0.000e+00	0.000e+00	0.000e+00
195151.50	0.000e+00	0.000e+00	0.000e+00
195152.50	0.000e+00	0.000e+00	0.000e+00
195153.50	0.000e+00	0.000e+00	0.000e+00
195154.50	0.000e+00	0.000e+00	0.000e+00
195155.50	0.000e+00	0.000e+00	0.000e+00
195156.50	0.000e+00	0.000e+00	0.000e+00
195157.50	0.000e+00	0.000e+00	0.000e+00
195158.50	0.000e+00	0.000e+00	0.000e+00
195159.50	0.000e+00	0.000e+00	0.000e+00
195160.50	0.000e+00	0.000e+00	0.000e+00
195161.50	0.000e+00	0.000e+00	0.000e+00
195162.50	0.000e+00	0.000e+00	0.000e+00
195163.50	0.000e+00	0.000e+00	0.000e+00
195164.50	0.000e+00	0.000e+00	0.000e+00
195165.50	0.000e+00	0.000e+00	0.000e+00
195166.50	0.000e+00	0.000e+00	0.000e+00
195167.50	0.000e+00	0.000e+00	0.000e+00
195168.50	0.000e+00	0.000e+00	0.000e+00
195169.50	0.000e+00	0.000e+00	0.000e+00
195170.50	0.000e+00	0.000e+00	0.000e+00
195171.50	0.000e+00	0.000e+00	0.000e+00
195172.50	0.000e+00	0.000e+00	0.000e+00
195173.50	0.000e+00	0.000e+00	0.000e+00
195174.50	0.000e+00	0.000e+00	0.000e+00
195175.50	0.000e+00	0.000e+00	0.000e+00
195176.50	0.000e+00	0.000e+00	0.000e+00
195177.50	0.000e+00	0.000e+00	0.000e+00
195178.50	0.000e+00	0.000e+00	0.000e+00
195179.50	0.000e+00	0.000e+00	0.000e+00
195180.50	0.000e+00	0.000e+00	0.000e+00
195181.50	0.000e+00	0.000e+00	0.000e+00
195182.50	0.000e+00	0.000e+00	0.000e+00
195183.50	0.000e+00	0.000e+00	0.000e+00
195184.50	0.000e+00	0.000e+00	0.000e+00
195185.50	0.000e+00	0.000e+00	0.000e+00
195186.50	0.000e+00	0.000e+00	0.000e+00
195187.50	0.000e+00	0.000e+00	0.000e+00
195188.50	0.000e+00	0.000e+00	0.000e+00
195189.50	0.000e+00	0.000e+00	0.000e+00
195190.50	0.000e+00	0.000e+00	0.000e+00
195191.50	0.000e+00	0.000e+00	0.000e+00
195192.50	0.000e+00	0.000e+00	0.000e+00
195193.50	0.000e+00	0.000e+00	0.000e+00
195194.50	0.000e+00	0.000e+00	0.000e+00
195195.50	0.000e+00	0.000e+00	0.000e+00
195196.50	0.000e+00	0.000e+00	0.000e+00
195197.50	0.000e+00	0.000e+00	0.000e+00
195198.50	0.000e+00	0.000e+00	0.000e+00
195199.50	0.000e+00	0.000e+00	0.000e+00
195200.50	0.000e+00	0.000e+00	0.000e+00
195201.50	0.000e+00	0.000e+00	0.000e+00
195202.50	0.000e+00	0.000e+00	0.000e+00
195203.50	0.000e+00	0.000e+00	0.000e+00
195204.50	0.000e+00	0.000e+00	0.000e+00
195205.50	0.000e+00	0.000e+00	0.000e+00
195206.50	0.000e+00	0.000e+00	0.000e+00
195207.50	0.000e+00	0.000e+00	0.000e+00
195208.50	0.000e+00	0.000e+00	0.000e+00
195209.50	0.000e+00	0.000e+00	0.000e+00
195210.50	0.000e+00	0.000e+00	0.000e+00
195211.50	0.000e+00	0.000e+00	0.000e+00
195212.50	0.000e+00	0.000e+00	0.000e+00
195213.50	0.000e+00	0.000e+00	0.000e+00
195214.50	0.000e+00	0.000e+00	0.000e+00
195215.50	0.000e+00	0.000e+00	0.000e+00
195216.50	0.000e+00	0.000e+00	0.000e+00
195217.50	0.000e+00	0.000e+00	0.000e+00
195218.50	0.000e+00	0.000e+00	0.000e+00
195219.50	0.000e+00	0.000e+00	0.000e+00
195220.50	0.000e+00	0.000e+00	0.000e+00
195221.50	0.000e+00	0.000e+00	0.000e+00
195222.50	0.000e+00	0.000e+00	0.000e+00
195223.50	0.000e+00	0.000e+00	0.000e+00
195224.50	0.000e+00	0.000e+00	0.000e+00
195225.50	0.000e+00	0.000e+00	0.000e+00
195226.50	0.000e+00	0.000e+00	0.000e+00
195227.50	0.000e+00	0.000e+00	0.000e+00
195228.50	0.000e+00	0.000e+00	0.000e+00
195229.50	0.000e+00	0.000e+00	0.000e+00
195230.50	0.000e+00	0.000e+00	0.000e+00
195231.50	0.000e+00	0.000e+00	0.000e+00
195232.50	0.000e+00	0.000e+00	0.000e+00
195233.50	0.000e+00	0.000e+00	0.000e+00
195234.50	0.000e+00	0.000e+00	0.000e+00
195235.50	0.000e+00	0.000e+00	0.000e+00
195236.50	0.000e+00	0.000e+00	0.000e+00
195237.50	0.000e+00	0.000e+00	0.000e+00
195238.50	0.000e+00	0.000e+00	0.000e+00
195239.50	0.000e+00	0.000e+00	0.000e+00
195240.50	0.000e+00	0.000e+00	0.000e+00
195241.50	0.000e+00	0.000e+00	0.000e+00
195242.50	0.000e+00	0.000e+00	0.000e+00
195243.50	0.000e+00	0.000e+00	0.000e+00
195244.50	0.000e+00	0.000e+00	0.000e+00
195245.50	0.000e+00	0.000e+00	0.000e+00
195246.50	0.000e+00	0.000e+00	0.000e+00
195247.50	0.000e+00	0.000e+00	0.000e+00
195248.50	0.000e+00	0.000e+00	0.000e+00
195249.50	0.000e+00	0.000e+00	0.000e+00
195250.50	0.000e+00	0.000e+00	0.000e+00
195251.50	0.000e+00	0.000e+00	0.000e+00
195252.50	0.000e+00	0.000e+00	0.000e+00
195253.50	0.000e+00	0.000e+00	0.000e+00
195254.50	0.000e+00	0.000e+00	0.000e+00
195255.50	0.000e+00	0.000e+00	0.000e+00
195256.50	0.000e+00	0.000e+00	0.000e+00
195257.50	0.000e+00	0.000e+00	0.000e+00
195258.50	0.000e+00	0.000e+00	0.000e+00
195259.50	0.000e+00	0.000e+00	0.000e+00
195260.50	-6.970e-06	1.440e-05	-2.986e-04
195261.50	-4.003e-05	2.755e-04	-1.325e-03
195262.50	-2.765e-05	1.008e-05	6.605e-05
195263.50	7.094e-05	-1.075e-03	1.018e-03
195264.50	4.762e-05	-1.267e-03	-1.987e-04
195265.50	-2.774e-05	-3.715e-06	-1.027e-03
195266.50	-6.634e-05	1.286e-03	-1.162e-03
195267.50	7.315e-05	-1.440e-03	1.786e-03
195268.50	-4.032e-05	4.013e-03	3.235e-03
195269.50	7.651e-05	-4.790e-03	-3.005e-03
195270.50	3.734e-05	-2.794e-03	-2.045e-03
195271.50	4.022e-05	-4.090e-04	1.565e-03
195272.50	-8.938e-04	3.101e-02	-1.670e-02
195273.50	-7.104e-04	4.426e-02	2.035e-02
195274.50	4.186e-03	-7.018e-01	-8.678e-01
195275.50	3.101e-01	-1.421e+01	-5.808e-01
195276.50	1.238e+00	-5.357e+01	1.229e+00
195277.50	2.995e+00	-1.219e+02	8.966e+00
195278.50	5.616e+00	-2.179e+02	2.640e+01
195279.50	6.864e+00	-2.563e+02	3.667e+01
195280.50	7.526e+00	-2.899e+02	1.478e+01
195281.50	4.877e+00	-1.622e+02	3.706e+01
195282.50	1.133e+00	-3.120e+01	6.787e+00
195283.50	1.478e-01	2.074e+00	-1.094e+00
195284.50	-8.544e-01	3.370e+01	-1.114e+01
195285.50	-1.219e+00	5.136e+01	-3.379e+00
195286.50	-1.594e+00	6.317e+01	-5.856e+00
195287.50	-1.613e+00	6.106e+01	-9.514e+00
195288.50	-1.517e+00	5.789e+01	-7.478e+00
195289.50	-1.709e+00	6.403e+01	-7.747e+00
195290.50	-1.402e+00	5.165e+01	-7.498e+00
195291.50	-1.430e+00	5.251e+01	-6.826e+00
195292.50	-1.114e+00	4.195e+01	-4.454e+00
195293.50	-1.123e+00	4.358e+01	-2.506e+00
195294.50	-1.008e+00	3.782e+01	-3.466e+00
195295.50	-9.984e-01	3.686e+01	-4.474e+00
195296.50	-9.274e-01	3.206e+01	-7.085e+00
195297.50	-7.978e-01	3.005e+01	-2.390e+00
195298.50	-8.064e-01	3.034e+01	-2.266e+00
195299.50	-7.046e-01	2.563e+01	-3.389e+00
195300.50	-6.730e-01	2.410e+01	-4.195e+00
195301.50	-7.008e-01	2.496e+01	-3.648e+00
195302.50	-5.587e-01	2.189e+01	-1.488e-01
195303.50	-5.856e-01	2.112e+01	-2.621e+00
195304.50	-5.184e-01	1.786e+01	-3.629e+00
195305.50	-4.234e-01	1.565e+01	-1.430e+00
195306.50	-4.320e-01	1.613e+01	-1.229e+00
195307.50	-4.022e-01	1.536e+01	-3.696e-01
195308.50	-4.262e-01	1.536e+01	-2.074e+00
195309.50	-3.494e-01	1.344e+01	-5.194e-01
195310.50	-3.034e-01	1.190e+01	1.066e-01
195311.50	-3.523e-01	1.229e+01	-1.939e+00
195312.50	-2.918e-01	1.046e+01	-1.728e+00
195313.50	-2.381e-01	9.110e+00	-2.362e-02
195314.50	-2.957e-01	1.094e+01	-7.853e-01
195315.50	-2.371e-01	9.043e+00	-5.827e-01
195316.50	-2.544e-01	9.226e+00	-1.094e+00
195317.50	-1.930e-01	8.179e+00	1.210e+00
195318.50	-2.150e-01	7.642e+00	-9.600e-01
195319.50	-2.035e-01	7.248e+00	-1.114e+00
195320.50	-2.227e-01	7.718e+00	-1.152e+00
195321.50	-1.882e-01	6.067e+00	-1.853e+00
195322.50	-1.853e-01	6.278e+00	-1.094e+00
195323.50	-1.430e-01	5.962e+00	7.766e-01
195324.50	-1.498e-01	5.558e+00	-4.138e-01
195325.50	-1.267e-01	4.838e+00	-1.056e-01
195326.50	-1.315e-01	5.261e+00	1.018e-01
195327.50	-1.142e-01	4.973e+00	7.690e-01
195328.50	-1.363e-01	4.992e+00	-3.120e-01
195329.50	-1.478e-01	4.742e+00	-1.354e+00
195330.50	-8.525e-02	3.312e+00	2.112e-01
195331.50	-9.408e-02	3.523e+00	-1.517e-01
195332.50	-1.421e-01	5.395e+00	4.944e-02
195333.50	-1.037e-01	3.312e+00	-9.437e-01
195334.50	-7.565e-02	2.890e+00	3.398e-02
195335.50	-8.573e-02	2.995e+00	-6.566e-01
195336.50	-4.416e-02	2.170e+00	4.829e-01
195337.50	-9.600e-02	3.754e+00	-1.738e-01
195338.50	-5.808e-02	2.275e+00	2.035e-01
195339.50	-5.798e-02	2.246e+00	-2.467e-01
195340.50	-6.394e-02	2.083e+00	-5.587e-01
195341.50	-7.565e-02	2.688e+00	-4.454e-01
195342.50	-6.634e-02	2.304e+00	-4.070e-01
195343.50	-5.837e-02	2.035e+00	-4.627e-02
195344.50	-6.509e-02	2.390e+00	-5.098e-02
195345.50	-6.576e-02	2.026e+00	-5.299e-01
195346.50	-4.666e-02	1.546e+00	-3.821e-01
195347.50	-3.043e-02	1.555e+00	4.445e-01
195348.50	-4.253e-02	1.613e+00	-2.534e-03
195349.50	-5.702e-02	1.258e+00	-1.085e+00
195350.50	-3.811e-02	1.680e+00	3.888e-01
195351.50	-2.371e-02	9.888e-01	1.008e-01
195352.50	-3.590e-02	1.680e+00	4.406e-01
195353.50	-6.163e-02	2.198e+00	-4.042e-01
195354.50	-4.742e-02	1.469e+00	-3.005e-01
195355.50	-2.803e-02	9.187e-01	-3.168e-01
195356.50	-3.360e-02	1.056e+00	-2.544e-01
195357.50	-4.445e-02	1.104e+00	-9.360e-01
195358.50	-3.302e-02	1.574e+00	6.979e-01
195359.50	-2.170e-02	7.555e-01	-9.696e-03
195360.50	-1.459e-02	8.938e-01	2.928e-01
195361.50	-3.485e-02	1.123e+00	-2.976e-01
195362.50	-2.189e-02	8.784e-01	1.565e-01
195363.50	-2.112e-02	6.691e-01	-1.824e-01
195364.50	-2.880e-02	6.931e-01	-6.490e-01
195365.50	-3.101e-02	1.018e+00	-1.488e-01
195366.50	-2.016e-02	6.298e-01	-3.850e-03
195367.50	-1.219e-02	6.000e-01	1.987e-01
195368.50	-2.026e-02	1.200e+00	4.675e-01
195369.50	-1.565e-02	5.174e-01	-5.731e-02
195370.50	-2.755e-02	7.344e-01	-4.810e-01
195371.50	2.304e-03	-1.018e-01	-4.714e-03
195372.50	-2.362e-02	6.192e-01	-4.176e-01
195373.50	-2.755e-02	1.037e+00	1.181e-01
195374.50	-2.256e-02	5.645e-01	-5.443e-01
195375.50	-1.814e-02	5.462e-01	-2.218e-01
195376.50	-1.603e-02	5.597e-01	8.093e-02
195377.50	-1.286e-02	5.510e-01	-3.014e-02
195378.50	-1.670e-02	4.435e-01	-2.131e-01
195379.50	-6.797e-03	2.496e-01	9.005e-02
195380.50	-2.582e-02	9.600e-01	1.555e-01
195381.50	-2.170e-02	6.490e-01	-2.170e-01
195382.50	-9.888e-03	4.099e-01	3.178e-02
195383.50	-2.266e-02	5.990e-01	-3.341e-01
195384.50	-2.083e-02	6.826e-01	-6.480e-02
195385.50	-1.133e-02	4.560e-01	4.723e-02
195386.50	-3.456e-03	1.469e-01	5.712e-02
195387.50	-9.571e-04	2.630e-01	3.158e-01
195388.50	-1.075e-02	2.026e-01	-2.698e-01
195389.50	-1.488e-02	3.802e-01	-1.354e-01
195390.50	-1.920e-02	4.819e-01	-4.195e-01
195391.50	5.040e-03	1.411e-01	4.262e-01
195392.50	-8.102e-03	4.138e-01	6.691e-02
195393.50	-1.334e-02	2.746e-01	-2.371e-01
195394.50	-7.930e-03	3.005e-01	7.200e-02
195395.50	-8.314e-03	1.190e-01	-2.362e-01
195396.50	-1.574e-02	3.302e-01	-3.475e-01
195397.50	-4.790e-03	1.613e-01	5.290e-02
195398.50	-2.736e-03	-1.085e-01	-3.283e-01
195399.50	-1.162e-02	4.982e-01	1.075e-01
195400.50	6.768e-03	1.363e-02	3.504e-01
195401.50	-1.594e-03	1.536e-01	1.075e-01
195402.50	-5.146e-03	2.774e-01	9.101e-02
195403.50	-8.054e-03	2.688e-01	3.206e-02
195404.50	-4.310e-03	1.584e-01	-6.912e-02
195405.50	3.648e-03	-1.344e-01	1.795e-01
195406.50	-1.238e-02	3.053e-01	-1.718e-01
195407.50	-5.482e-03	1.354e-01	-1.114e-01
195408.50	-3.552e-03	2.582e-01	1.181e-01
195409.50	-1.296e-03	1.488e-01	-3.907e-03
195410.50	-4.819e-03	-5.693e-02	-4.397e-01
195411.50	-8.352e-03	2.304e-01	7.834e-02
195412.50	-1.958e-02	6.192e-01	1.027e-02
195413.50	-4.646e-03	3.149e-01	2.160e-01
195414.50	6.355e-03	-1.075e-01	1.661e-01
195415.50	-1.085e-04	4.253e-02	-2.352e-02
195416.50	-1.690e-03	2.890e-02	7.046e-02
195417.50	-5.011e-03	1.546e-01	-4.454e-02
195418.50	-9.888e-03	1.680e-01	-2.083e-01
195419.50	3.034e-04	2.842e-02	5.098e-02
195420.50	-1.373e-02	2.755e-01	-3.120e-01
195421.50	-6.490e-03	1.219e-01	-1.200e-01
195422.50	-1.210e-02	3.005e-01	-1.498e-01
195423.50	-3.466e-03	1.747e-02	-2.458e-01
195424.50	5.501e-04	1.018e-01	2.640e-01
195425.50	9.245e-04	9.274e-02	2.093e-01
195426.50	2.880e-03	-3.005e-02	2.496e-03
195427.50	1.334e-03	2.822e-02	9.696e-02
195428.50	-8.899e-03	2.352e-01	-1.594e-01
195429.50	-4.205e-03	1.008e-01	-1.805e-02
195430.50	-1.219e-02	2.515e-01	-2.275e-01
195431.50	-2.342e-03	5.040e-02	5.098e-04
195432.50	1.229e-03	3.667e-02	1.296e-01
195433.50	4.838e-05	-2.611e-02	1.008e-01
195434.50	-1.056e-02	1.037e-01	-2.707e-01
195435.50	-5.050e-03	2.765e-01	1.354e-01
195436.50	4.570e-03	-8.400e-02	-1.478e-02
195437.50	8.746e-04	5.213e-02	-1.853e-02
195438.50	-2.438e-03	-1.392e-03	-1.190e-03
195439.50	4.214e-03	-3.696e-02	1.632e-01
195440.50	-5.405e-03	1.699e-01	-5.971e-02
195441.50	8.554e-05	2.170e-01	2.496e-01
195442.50	4.262e-03	1.171e-01	2.486e-01
195443.50	1.402e-03	-2.112e-02	1.430e-02
195444.50	-4.838e-03	1.315e-02	-2.765e-01
195445.50	-1.075e-04	1.104e-01	-9.331e-03
195446.50	-7.392e-03	1.354e-01	-1.718e-01
195447.50	-5.558e-03	2.198e-01	1.162e-02
195448.50	-9.466e-03	2.851e-01	-1.181e-01
195449.50	-3.658e-03	1.181e-01	9.792e-02
195450.50	-4.454e-03	1.555e-01	9.091e-02
195451.50	1.133e-02	-3.014e-01	3.274e-02
195452.50	-1.814e-03	2.035e-01	8.899e-02
195453.50	-3.187e-03	5.040e-02	-5.395e-02
195454.50	-3.350e-03	1.325e-01	9.792e-02
195455.50	-6.278e-03	1.046e-01	-9.984e-02
195456.50	-4.618e-03	-1.776e-02	-1.997e-01
195457.50	4.915e-03	-1.402e-01	2.093e-02
195458.50	3.149e-03	-7.882e-02	1.046e-01
195459.50	-4.646e-03	1.882e-01	1.306e-02
195460.50	-1.008e-03	1.834e-01	1.325e-01
195461.50	-2.918e-03	1.075e-01	6.691e-02
195462.50	-8.630e-03	8.506e-02	-3.312e-01
195463.50	4.109e-03	-2.851e-02	1.642e-01
195464.50	4.262e-03	-2.726e-02	1.517e-01
195465.50	-4.618e-03	6.643e-02	-1.027e-01
195466.50	-5.290e-03	3.245e-02	-2.026e-01
195467.50	-4.070e-03	1.968e-02	-1.037e-01
195468.50	-4.435e-03	9.792e-02	-7.382e-02
195469.50	-2.448e-03	1.814e-01	1.286e-01
195470.50	2.150e-03	4.291e-02	1.200e-01
195471.50	3.706e-03	-9.792e-02	3.370e-03
195472.50	5.606e-03	-1.066e-01	4.003e-02
195473.50	-3.446e-03	2.045e-01	4.128e-02
195474.50	-8.237e-04	-9.552e-03	-4.358e-02
195475.50	-3.408e-03	8.726e-02	-5.414e-02
195476.50	-3.811e-03	1.987e-02	-1.104e-01
195477.50	-3.024e-03	4.358e-02	4.435e-02
195478.50	-5.357e-04	8.966e-02	8.486e-02
195479.50	1.651e-03	-3.120e-02	5.462e-02
195480.50	-4.598e-03	7.402e-02	-1.133e-01
195481.50	1.978e-03	-5.376e-02	-2.880e-02
195482.50	2.131e-03	5.270e-02	4.646e-02
195483.50	-5.453e-03	-3.005e-03	-2.650e-01
195484.50	-3.898e-03	1.171e-01	-3.955e-03
195485.50	-1.738e-04	7.382e-02	1.805e-01
195486.50	2.938e-04	6.086e-02	1.747e-01
195487.50	4.896e-03	-8.534e-02	4.435e-02
195488.50	-2.429e-03	-2.794e-03	-1.536e-01
195489.50	-4.963e-03	-1.018e-01	-1.824e-01
195490.50	-2.794e-04	-7.613e-02	-1.690e-02
195491.50	7.594e-03	1.219e-02	-1.152e-02
195492.50	-3.600e-03	1.210e-01	-2.074e-02
195493.50	-2.371e-03	1.046e-01	4.877e-02
195494.50	1.488e-03	-1.469e-02	1.363e-01
195495.50	-9.514e-04	8.563e-02	8.746e-02
195496.50	-4.550e-03	6.269e-02	-1.584e-01
195497.50	1.152e-03	1.075e-02	-6.499e-03
195498.50	1.027e-03	1.450e-02	7.296e-02
195499.50	-4.598e-03	9.331e-02	-3.936e-03
195500.50	-2.419e-04	4.272e-02	2.390e-02
195501.50	3.168e-03	-1.075e-01	-5.942e-02
195502.50	6.528e-04	-5.712e-02	-3.370e-02
195503.50	-7.267e-03	1.728e-01	-1.622e-01
195504.50	2.160e-03	6.720e-03	1.440e-01
195505.50	-2.083e-03	1.171e-02	-5.107e-02
195506.50	-8.275e-04	-1.190e-01	5.069e-02
195507.50	-1.930e-03	-2.861e-02	-5.664e-02
195508.50	-2.688e-03	-7.258e-04	-4.704e-02
195509.50	-8.381e-03	1.354e-01	-3.264e-02
195510.50	1.056e-02	-3.878e-02	3.226e-02
195511.50	-4.694e-06	-8.323e-02	-1.018e-01
195512.50	-6.432e-03	1.008e-01	1.056e-01
195513.50	6.816e-03	-2.861e-02	1.094e-01
195514.50	-8.544e-03	2.429e-01	1.747e-01
195515.50	-3.226e-02	4.042e-02	-2.112e-01
195516.50	1.757e-02	8.822e-02	1.219e-01
195517.50	-1.862e-03	9.216e-02	7.584e-02
195518.50	-4.589e-02	5.376e-04	-3.869e-01
195519.50	5.626e-02	-2.237e-01	1.795e-01
195520.50	-1.997e-02	-1.075e-01	-1.382e-01
195521.50	9.888e-03	-2.035e-02	1.968e-02
195522.50	-2.909e-03	3.197e-02	-1.114e-02
195523.50	-1.142e-03	1.286e-01	-1.430e-02
195524.50	5.808e-03	6.768e-02	3.542e-02
195525.50	1.920e-03	1.930e-02	-2.016e-02
195526.50	3.859e-03	3.552e-02	8.947e-02
195527.50	-2.054e-03	3.226e-02	-3.571e-02
195528.50	4.138e-03	-5.078e-02	1.805e-02
195529.50	-7.219e-03	1.142e-01	-8.822e-02
195530.50	8.813e-03	-1.008e-01	8.150e-02
195531.50	-2.419e-04	4.733e-02	7.085e-02
195532.50	-1.152e-03	1.056e-01	7.344e-02
195533.50	1.258e-03	-8.947e-02	-9.888e-02
195534.50	-8.045e-04	-3.168e-02	-1.190e-01
195535.50	8.851e-04	-1.296e-02	3.158e-02
195536.50	-2.813e-04	-4.166e-02	7.536e-02
195537.50	-3.408e-04	-6.874e-02	-1.814e-02
195538.50	-1.594e-03	3.840e-02	-1.939e-02
195539.50	1.949e-03	8.688e-02	7.661e-02
195540.50	-4.368e-03	5.002e-02	-3.494e-02
195541.50	1.574e-04	1.766e-02	8.861e-02
195542.50	1.699e-03	4.877e-02	-7.181e-05
195543.50	1.200e-03	3.101e-02	4.771e-02
195544.50	9.984e-04	-5.578e-02	2.275e-02
195545.50	1.834e-03	-4.694e-02	-4.598e-02
195546.50	-7.334e-04	-5.626e-02	-7.344e-02
195547.50	9.984e-04	-5.165e-02	4.358e-02
195548.50	-3.562e-05	-2.784e-03	-3.322e-03
195549.50	-5.376e-03	1.728e-01	5.251e-02
195550.50	1.190e-03	-9.082e-02	-7.046e-02
195551.50	-6.893e-04	-2.525e-02	-6.634e-02
195552.50	3.206e-03	-1.805e-02	1.421e-01
195553.50	1.162e-03	6.854e-02	1.440e-02
195554.50	4.349e-03	-1.248e-01	-1.421e-01
195555.50	4.042e-04	-4.272e-02	-3.542e-02
195556.50	5.395e-04	6.922e-02	5.990e-02
195557.50	-1.978e-03	5.174e-02	4.848e-02
195558.50	-1.862e-04	-2.419e-03	-4.090e-02
195559.50	-1.373e-03	2.746e-03	-7.517e-02
195560.50	-9.696e-04	-5.587e-02	4.387e-02
195561.50	5.366e-04	-3.350e-02	7.286e-02
195562.50	-2.458e-03	1.526e-02	-9.696e-03
195563.50	2.861e-03	-2.160e-02	6.701e-02
195564.50	-5.117e-03	8.534e-02	-8.141e-02
195565.50	-2.726e-03	4.627e-02	-5.405e-02
195566.50	-1.776e-03	-5.203e-02	-1.210e-01
195567.50	-1.843e-03	4.723e-02	1.037e-02
195568.50	-9.523e-04	3.542e-02	3.168e-02
195569.50	-2.045e-04	1.344e-02	-5.664e-03
195570.50	-1.066e-03	2.102e-02	-3.235e-02
195571.50	3.130e-03	-2.189e-02	8.669e-02
195572.50	-2.160e-03	6.989e-02	5.424e-02
195573.50	-8.054e-05	2.448e-02	2.573e-02
195574.50	-8.093e-04	-2.582e-02	-9.379e-02
195575.50	-8.698e-04	1.075e-01	5.174e-02
195576.50	-3.926e-03	3.677e-02	-7.766e-02
195577.50	-3.926e-04	-2.573e-03	1.114e-02
195578.50	8.179e-04	-1.728e-02	3.638e-02
195579.50	-1.891e-03	3.235e-02	1.344e-02
195580.50	-2.640e-03	2.822e-02	-5.530e-02
195581.50	-6.643e-04	-1.891e-02	-3.178e-02
195582.50	4.838e-03	-8.131e-02	-3.120e-03
195583.50	3.802e-04	2.381e-02	-4.166e-02
195584.50	4.378e-03	-8.150e-02	6.538e-02
195585.50	-2.861e-05	-9.408e-03	4.598e-02
195586.50	-1.613e-03	2.688e-02	-5.280e-02
195587.50	-2.237e-03	4.176e-02	-6.250e-02
195588.50	2.150e-04	-2.650e-02	2.410e-03
195589.50	-3.072e-03	5.338e-03	-5.098e-02
195590.50	-2.544e-03	7.344e-02	-4.838e-02
195591.50	-6.586e-04	7.162e-02	3.802e-02
195592.50	3.101e-03	-4.253e-02	5.328e-02
195593.50	9.984e-04	2.861e-02	1.440e-02
195594.50	-7.229e-04	2.179e-02	1.469e-02
195595.50	2.150e-03	-8.131e-02	-5.750e-03
195596.50	1.632e-03	-9.494e-02	-4.733e-02
195597.50	-1.277e-03	4.656e-02	1.824e-02
195598.50	-3.235e-04	3.341e-02	3.859e-02
195599.50	-2.054e-03	-2.083e-02	-2.861e-02
195600.50	-6.374e-04	5.693e-03	1.114e-02
195601.50	3.562e-03	-6.518e-02	3.840e-02
195602.50	7.507e-04	-1.997e-02	-1.229e-02
195603.50	-1.296e-04	-8.765e-03	-8.064e-03
195604.50	-7.949e-04	2.592e-02	-3.091e-02
195605.50	-2.122e-03	6.230e-02	-1.488e-02
195606.50	-2.707e-03	4.224e-02	2.659e-02
195607.50	5.923e-04	8.746e-03	1.795e-02
195608.50	1.517e-03	-1.997e-02	1.882e-02
195609.50	4.925e-03	-5.155e-02	-8.784e-04
195610.50	-4.954e-04	4.733e-02	2.890e-02
195611.50	2.390e-03	3.408e-02	7.920e-02
195612.50	1.920e-03	-1.286e-02	5.050e-02
195613.50	-3.706e-03	-4.483e-02	-7.949e-02
195614.50	-6.115e-04	1.440e-02	1.306e-02
195615.50	-1.920e-03	9.427e-02	-5.779e-02
195616.50	-4.070e-03	3.504e-02	-5.434e-02
195617.50	-4.598e-03	1.488e-02	-2.909e-02
195618.50	1.440e-03	-3.485e-02	-1.555e-02
195619.50	2.256e-03	-5.338e-02	1.507e-02
195620.50	1.075e-03	-1.949e-02	-3.773e-03
195621.50	1.814e-03	-4.858e-02	4.032e-02
195622.50	1.757e-03	-3.994e-02	-2.304e-02
195623.50	-3.379e-03	5.712e-02	-7.152e-02
195624.50	-1.142e-03	3.456e-02	2.746e-02
195625.50	-1.018e-04	2.314e-02	2.390e-02
195626.50	1.747e-03	-3.427e-02	3.926e-02
195627.50	3.110e-03	-7.075e-02	4.435e-02
195628.50	-2.218e-03	4.752e-02	-6.211e-02
195629.50	-1.018e-03	2.141e-02	-8.093e-03
195630.50	2.150e-04	-1.056e-02	1.018e-02
195631.50	-7.574e-04	-2.688e-02	-5.021e-02
195632.50	-2.947e-04	3.763e-02	-2.755e-02
195633.50	2.448e-03	-4.032e-04	5.530e-02
195634.50	-3.005e-03	6.384e-02	8.237e-03
195635.50	-1.133e-03	3.437e-02	1.354e-02
195636.50	1.094e-03	-3.811e-02	-2.141e-02
