195038.50	0.000e+00	0.000e+00	0.000e+00
195039.50	0.000e+00	0.000e+00	0.000e+00
195040.50	0.000e+00	0.000e+00	0.000e+00
195041.50	0.000e+00	0.000e+00	0.000e+00
195042.50	0.000e+00	0.000e+00	0.000e+00
195043.50	0.000e+00	0.000e+00	0.000e+00
195044.50	0.000e+00	0.000e+00	0.000e+00
195045.50	0.000e+00	0.000e+00	0.000e+00
195046.50	0.000e+00	0.000e+00	0.000e+00
195047.50	0.000e+00	0.000e+00	0.000e+00
195048.50	0.000e+00	0.000e+00	0.000e+00
195049.50	0.000e+00	0.000e+00	0.000e+00
195050.50	0.000e+00	0.000e+00	0.000e+00
195051.50	0.000e+00	0.000e+00	0.000e+00
195052.50	0.000e+00	0.000e+00	0.000e+00
195053.50	0.000e+00	0.000e+00	0.000e+00
195054.50	0.000e+00	0.000e+00	0.000e+00
195055.50	0.000e+00	0.000e+00	0.000e+00
195056.50	0.000e+00	0.000e+00	0.000e+00
195057.50	0.000e+00	0.000e+00	0.000e+00
195058.50	0.000e+00	0.000e+00	0.000e+00
195059.50	0.000e+00	0.000e+00	0.000e+00
195060.50	0.000e+00	0.000e+00	0.000e+00
195061.50	0.000e+00	0.000e+00	0.000e+00
195062.50	0.000e+00	0.000e+00	0.000e+00
195063.50	0.000e+00	0.000e+00	0.000e+00
195064.50	0.000e+00	0.000e+00	0.000e+00
195065.50	0.000e+00	0.000e+00	0.000e+00
195066.50	0.000e+00	0.000e+00	0.000e+00
195067.50	0.000e+00	0.000e+00	0.000e+00
195068.50	0.000e+00	0.000e+00	0.000e+00
195069.50	0.000e+00	0.000e+00	0.000e+00
195070.50	0.000e+00	0.000e+00	0.000e+00
195071.50	0.000e+00	0.000e+00	0.000e+00
195072.50	0.000e+00	0.000e+00	0.000e+00
195073.50	0.000e+00	0.000e+00	0.000e+00
195074.50	0.000e+00	0.000e+00	0.000e+00
195075.50	0.000e+00	0.000e+00	0.000e+00
195076.50	0.000e+00	0.000e+00	0.000e+00
195077.50	0.000e+00	0.000e+00	0.000e+00
195078.50	0.000e+00	0.000e+00	0.000e+00
195079.50	0.000e+00	0.000e+00	0.000e+00
195080.50	0.000e+00	0.000e+00	0.000e+00
195081.50	0.000e+00	0.000e+00	0.000e+00
195082.50	0.000e+00	0.000e+00	0.000e+00
195083.50	0.000e+00	0.000e+00	0.000e+00
195084.50	0.000e+00	0.000e+00	0.000e+00
195085.50	0.000e+00	0.000e+00	0.000e+00
195086.50	0.000e+00	0.000e+00	0.000e+00
195087.50	0.000e+00	0.000e+00	0.000e+00
195088.50	0.000e+00	0.000e+00	0.000e+00
195089.50	0.000e+00	0.000e+00	0.000e+00
195090.50	0.000e+00	0.000e+00	0.000e+00
195091.50	0.000e+00	0.000e+00	0.000e+00
195092.50	0.000e+00	0.000e+00	0.000e+00
195093.50	0.000e+00	0.000e+00	0.000e+00
195094.50	0.000e+00	0.000e+00	0.000e+00
195095.50	0.000e+00	0.000e+00	0.000e+00
195096.50	0.000e+00	0.000e+00	0.000e+00
195097.50	0.000e+00	0.000e+00	0.000e+00
195098.50	0.000e+00	0.000e+00	0.000e+00
195099.50	0.000e+00	0.000e+00	0.000e+00
195100.50	0.000e+00	0.000e+00	0.000e+00
195101.50	0.000e+00	0.000e+00	0.000e+00
195102.50	0.000e+00	0.000e+00	0.000e+00
195103.50	0.000e+00	0.000e+00	0.000e+00
195104.50	0.000e+00	0.000e+00	0.000e+00
195105.50	0.000e+00	0.000e+00	0.000e+00
195106.50	0.000e+00	0.000e+00	0.000e+00
195107.50	0.000e+00	0.000e+00	0.000e+00
195108.50	0.000e+00	0.000e+00	0.000e+00
195109.50	0.000e+00	0.000e+00	0.000e+00
195110.50	0.000e+00	0.000e+00	0.000e+00
195111.50	0.000e+00	0.000e+00	0.000e+00
195112.50	0.000e+00	0.000e+00	0.000e+00
195113.50	0.000e+00	0.000e+00	0.000e+00
195114.50	0.000e+00	0.000e+00	0.000e+00
195115.50	0.000e+00	0.000e+00	0.000e+00
195116.50	0.000e+00	0.000e+00	0.000e+00
195117.50	0.000e+00	0.000e+00	0.000e+00
195118.50	0.000e+00	0.000e+00	0.000e+00
195119.50	0.000e+00	0.000e+00	0.000e+00
195120.50	0.000e+00	0.000e+00	0.000e+00
195121.50	0.000e+00	0.000e+00	0.000e+00
195122.50	0.000e+00	0.000e+00	0.000e+00
195123.50	0.000e+00	0.000e+00	0.000e+00
195124.50	0.000e+00	0.000e+00	0.000e+00
195125.50	0.000e+00	0.000e+00	0.000e+00
195126.50	0.000e+00	0.000e+00	0.000e+00
195127.50	0.000e+00	0.000e+00	0.000e+00
195128.50	0.000e+00	0.000e+00	0.000e+00
195129.50	0.000e+00	0.000e+00	0.000e+00
195130.50	0.000e+00	0.000e+00	0.000e+00
195131.50	0.000e+00	0.000e+00	0.000e+00
195132.50	0.000e+00	0.000e+00	0.000e+00
195133.50	0.000e+00	0.000e+00	0.000e+00
195134.50	0.000e+00	0.000e+00	0.000e+00
195135.50	0.000e+00	0.000e+00	0.000e+00
195136.50	0.000e+00	0.000e+00	0.000e+00
195137.50	0.000e+00	0.000e+00	0.000e+00
195138.50	0.000e+00	0.000e+00	0.000e+00
195139.50	0.000e+00	0.000e+00	0.000e+00
195140.50	0.000e+00	0.000e+00	0.000e+00
195141.50	0.000e+00	0.000e+00	0.000e+00
195142.50	0.000e+00	0.000e+00	0.000e+00
195143.50	0.000e+00	0.000e+00	0.000e+00
195144.50	0.000e+00	0.000e+00	0.000e+00
195145.50	0.000e+00	0.000e+00	0.000e+00
195146.50	0.000e+00	0.000e+00	0.000e+00
195147.50	0.000e+00	0.000e+00	0.000e+00
195148.50	0.000e+00	0.000e+00	0.000e+00
195149.50	0.000e+00	0.000e+00	0.000e+00
195150.50	0.000e+00	0.000e+00	0.000e+00
195151.50	0.000e+00	0.000e+00	0.000e+00
195152.50	0.000e+00	0.000e+00	0.000e+00
195153.50	0.000e+00	0.000e+00	0.000e+00
195154.50	0.000e+00	0.000e+00	0.000e+00
195155.50	0.000e+00	0.000e+00	0.000e+00
195156.50	0.000e+00	0.000e+00	0.000e+00
195157.50	0.000e+00	0.000e+00	0.000e+00
195158.50	0.000e+00	0.000e+00	0.000e+00
195159.50	0.000e+00	0.000e+00	0.000e+00
195160.50	0.000e+00	0.000e+00	0.000e+00
195161.50	0.000e+00	0.000e+00	0.000e+00
195162.50	0.000e+00	0.000e+00	0.000e+00
195163.50	0.000e+00	0.000e+00	0.000e+00
195164.50	0.000e+00	0.000e+00	0.000e+00
195165.50	0.000e+00	0.000e+00	0.000e+00
195166.50	0.000e+00	0.000e+00	0.000e+00
195167.50	0.000e+00	0.000e+00	0.000e+00
195168.50	0.000e+00	0.000e+00	0.000e+00
195169.50	0.000e+00	0.000e+00	0.000e+00
195170.50	0.000e+00	0.000e+00	0.000e+00
195171.50	0.000e+00	0.000e+00	0.000e+00
195172.50	0.000e+00	0.000e+00	0.000e+00
195173.50	0.000e+00	0.000e+00	0.000e+00
195174.50	0.000e+00	0.000e+00	0.000e+00
195175.50	0.000e+00	0.000e+00	0.000e+00
195176.50	0.000e+00	0.000e+00	0.000e+00
195177.50	0.000e+00	0.000e+00	0.000e+00
195178.50	0.000e+00	0.000e+00	0.000e+00
195179.50	0.000e+00	0.000e+00	0.000e+00
195180.50	0.000e+00	0.000e+00	0.000e+00
195181.50	0.000e+00	0.000e+00	0.000e+00
195182.50	0.000e+00	0.000e+00	0.000e+00
195183.50	0.000e+00	0.000e+00	0.000e+00
195184.50	0.000e+00	0.000e+00	0.000e+00
195185.50	0.000e+00	0.000e+00	0.000e+00
195186.50	0.000e+00	0.000e+00	0.000e+00
195187.50	0.000e+00	0.000e+00	0.000e+00
195188.50	0.000e+00	0.000e+00	0.000e+00
195189.50	0.000e+00	0.000e+00	0.000e+00
195190.50	0.000e+00	0.000e+00	0.000e+00
195191.50	0.000e+00	0.000e+00	0.000e+00
195192.50	0.000e+00	0.000e+00	0.000e+00
195193.50	0.000e+00	0.000e+00	0.000e+00
195194.50	0.000e+00	0.000e+00	0.000e+00
195195.50	0.000e+00	0.000e+00	0.000e+00
195196.50	0.000e+00	0.000e+00	0.000e+00
195197.50	0.000e+00	0.000e+00	0.000e+00
195198.50	0.000e+00	0.000e+00	0.000e+00
195199.50	0.000e+00	0.000e+00	0.000e+00
195200.50	0.000e+00	0.000e+00	0.000e+00
195201.50	0.000e+00	0.000e+00	0.000e+00
195202.50	0.000e+00	0.000e+00	0.000e+00
195203.50	0.000e+00	0.000e+00	0.000e+00
195204.50	0.000e+00	0.000e+00	0.000e+00
195205.50	0.000e+00	0.000e+00	0.000e+00
195206.50	0.000e+00	0.000e+00	0.000e+00
195207.50	0.000e+00	0.000e+00	0.000e+00
195208.50	0.000e+00	0.000e+00	0.000e+00
195209.50	0.000e+00	0.000e+00	0.000e+00
195210.50	0.000e+00	0.000e+00	0.000e+00
195211.50	0.000e+00	0.000e+00	0.000e+00
195212.50	0.000e+00	0.000e+00	0.000e+00
195213.50	0.000e+00	0.000e+00	0.000e+00
195214.50	0.000e+00	0.000e+00	0.000e+00
195215.50	0.000e+00	0.000e+00	0.000e+00
195216.50	0.000e+00	0.000e+00	0.000e+00
195217.50	0.000e+00	0.000e+00	0.000e+00
195218.50	0.000e+00	0.000e+00	0.000e+00
195219.50	0.000e+00	0.000e+00	0.000e+00
195220.50	0.000e+00	0.000e+00	0.000e+00
195221.50	0.000e+00	0.000e+00	0.000e+00
195222.50	0.000e+00	0.000e+00	0.000e+00
195223.50	0.000e+00	0.000e+00	0.000e+00
195224.50	0.000e+00	0.000e+00	0.000e+00
195225.50	0.000e+00	0.000e+00	0.000e+00
195226.50	0.000e+00	0.000e+00	0.000e+00
195227.50	0.000e+00	0.000e+00	0.000e+00
195228.50	0.000e+00	0.000e+00	0.000e+00
195229.50	0.000e+00	0.000e+00	0.000e+00
195230.50	0.000e+00	0.000e+00	0.000e+00
195231.50	0.000e+00	0.000e+00	0.000e+00
195232.50	0.000e+00	0.000e+00	0.000e+00
195233.50	0.000e+00	0.000e+00	0.000e+00
195234.50	0.000e+00	0.000e+00	0.000e+00
195235.50	0.000e+00	0.000e+00	0.000e+00
195236.50	0.000e+00	0.000e+00	0.000e+00
195237.50	0.000e+00	0.000e+00	0.000e+00
195238.50	0.000e+00	0.000e+00	0.000e+00
195239.50	0.000e+00	0.000e+00	0.000e+00
195240.50	0.000e+00	0.000e+00	0.000e+00
195241.50	0.000e+00	0.000e+00	0.000e+00
195242.50	0.000e+00	0.000e+00	0.000e+00
195243.50	0.000e+00	0.000e+00	0.000e+00
195244.50	0.000e+00	0.000e+00	0.000e+00
195245.50	0.000e+00	0.000e+00	0.000e+00
195246.50	0.000e+00	0.000e+00	0.000e+00
195247.50	0.000e+00	0.000e+00	0.000e+00
195248.50	0.000e+00	0.000e+00	0.000e+00
195249.50	0.000e+00	0.000e+00	0.000e+00
195250.50	0.000e+00	0.000e+00	0.000e+00
195251.50	0.000e+00	0.000e+00	0.000e+00
195252.50	0.000e+00	0.000e+00	0.000e+00
195253.50	0.000e+00	0.000e+00	0.000e+00
195254.50	0.000e+00	0.000e+00	0.000e+00
195255.50	0.000e+00	0.000e+00	0.000e+00
195256.50	0.000e+00	0.000e+00	0.000e+00
195257.50	0.000e+00	0.000e+00	0.000e+00
195258.50	0.000e+00	0.000e+00	0.000e+00
195259.50	0.000e+00	0.000e+00	0.000e+00
195260.50	0.000e+00	0.000e+00	0.000e+00
195261.50	0.000e+00	0.000e+00	0.000e+00
195262.50	0.000e+00	0.000e+00	0.000e+00
195263.50	0.000e+00	0.000e+00	0.000e+00
195264.50	2.851e-05	-8.045e-04	-4.387e-04
195265.50	1.094e-04	-6.019e-04	-2.035e-03
195266.50	-1.766e-04	2.861e-03	3.139e-03
195267.50	2.515e-05	-4.973e-04	-1.526e-04
195268.50	-5.453e-05	-1.680e-03	8.352e-04
195269.50	-8.006e-05	-5.213e-04	1.718e-03
195270.50	3.514e-04	4.848e-04	-5.232e-03
195271.50	3.178e-04	3.341e-03	-4.243e-03
195272.50	2.870e-04	6.038e-03	-4.128e-03
195273.50	-7.162e-04	1.306e-03	1.162e-02
195274.50	-4.234e-04	-4.531e-04	5.971e-03
195275.50	-1.546e-04	-6.950e-03	1.296e-03
195276.50	1.680e-04	6.749e-04	-2.150e-03
195277.50	1.181e-03	-1.142e-02	-2.707e-02
195278.50	-5.664e-04	-1.027e-02	1.219e-02
195279.50	1.238e-03	1.056e-02	-2.390e-02
195280.50	1.824e-03	-1.430e-03	-4.397e-02
195281.50	-1.459e-02	-2.707e-02	3.446e-01
195282.50	7.018e-03	-3.850e+00	-1.613e-01
195283.50	1.354e-01	-1.469e+01	-3.120e+00
195284.50	3.322e-01	-3.245e+01	-7.555e+00
195285.50	5.904e-01	-4.944e+01	-1.325e+01
195286.50	6.374e-01	-8.323e+01	-1.411e+01
195287.50	1.363e+00	-1.190e+02	-2.957e+01
195288.50	1.210e+00	-1.440e+02	-2.573e+01
195289.50	9.792e-01	-1.402e+02	-2.026e+01
195290.50	1.210e+00	-1.555e+02	-2.496e+01
195291.50	1.104e+00	-1.133e+02	-2.227e+01
195292.50	1.738e-01	-3.062e+01	-2.150e+00
195293.50	1.910e-01	-2.006e+01	-2.842e+00
195294.50	-2.486e-01	3.648e+00	6.461e+00
195295.50	-1.718e-01	1.853e+01	4.685e+00
195296.50	-1.402e-01	2.525e+01	3.955e+00
195297.50	-1.795e-01	3.283e+01	4.378e+00
195298.50	-5.309e-01	3.523e+01	1.162e+01
195299.50	-4.598e-01	4.109e+01	1.008e+01
195300.50	-5.232e-01	4.550e+01	1.114e+01
195301.50	-2.477e-01	4.061e+01	5.357e+00
195302.50	-2.813e-01	4.032e+01	5.952e+00
195303.50	-2.890e-01	4.406e+01	6.086e+00
195304.50	-1.133e-01	3.446e+01	2.352e+00
195305.50	-2.467e-01	3.274e+01	5.194e+00
195306.50	-2.371e-01	3.264e+01	4.838e+00
195307.50	-3.542e-01	2.765e+01	7.162e+00
195308.50	-1.296e-01	2.573e+01	2.746e+00
195309.50	-2.707e-01	2.390e+01	5.664e+00
195310.50	-1.920e-01	2.304e+01	3.946e+00
195311.50	-2.266e-01	2.323e+01	4.637e+00
195312.50	-2.026e-01	2.064e+01	4.128e+00
195313.50	-1.555e-01	1.805e+01	3.168e+00
195314.50	-9.696e-02	1.699e+01	1.910e+00
195315.50	1.949e-02	1.632e+01	-3.898e-01
195316.50	-7.181e-02	1.517e+01	1.555e+00
195317.50	-2.189e-01	1.469e+01	4.493e+00
195318.50	-7.795e-02	1.363e+01	1.574e+00
195319.50	-6.451e-02	1.315e+01	1.296e+00
195320.50	-6.672e-02	1.171e+01	1.411e+00
195321.50	-1.622e-01	1.152e+01	3.216e+00
195322.50	-1.354e-01	1.037e+01	2.717e+00
195323.50	-7.392e-02	9.792e+00	1.411e+00
195324.50	-1.171e-01	8.976e+00	2.371e+00
195325.50	8.957e-03	8.784e+00	-2.362e-01
195326.50	-9.158e-02	7.459e+00	1.747e+00
195327.50	-8.938e-02	8.419e+00	1.834e+00
195328.50	-3.581e-02	7.382e+00	7.459e-01
195329.50	-5.693e-02	6.336e+00	1.037e+00
195330.50	-1.018e-01	6.835e+00	2.045e+00
195331.50	3.178e-05	6.048e+00	-7.920e-02
195332.50	-7.152e-02	6.269e+00	1.392e+00
195333.50	-8.458e-02	4.253e+00	1.718e+00
195334.50	-8.611e-02	5.453e+00	1.651e+00
195335.50	2.630e-02	6.067e+00	-5.990e-01
195336.50	-6.730e-05	4.166e+00	-6.499e-02
195337.50	-3.658e-02	4.550e+00	7.200e-01
195338.50	-6.221e-02	4.819e+00	1.296e+00
195339.50	-3.235e-02	3.120e+00	5.376e-01
195340.50	3.888e-04	3.302e+00	1.738e-02
195341.50	-2.736e-02	3.898e+00	4.512e-01
195342.50	-4.474e-02	2.650e+00	9.696e-01
195343.50	-4.646e-02	3.293e+00	9.254e-01
195344.50	-3.283e-02	2.976e+00	6.125e-01
195345.50	-2.131e-02	2.947e+00	3.610e-01
195346.50	-8.563e-03	2.515e+00	1.334e-01
195347.50	-8.544e-03	1.680e+00	8.534e-02
195348.50	-5.942e-02	2.880e+00	1.219e+00
195349.50	9.168e-03	2.678e+00	-1.459e-01
195350.50	-4.886e-02	2.179e+00	9.072e-01
195351.50	-6.403e-03	2.630e+00	1.046e-01
195352.50	-2.189e-02	1.805e+00	4.397e-01
195353.50	-3.792e-02	1.786e+00	7.594e-01
195354.50	-4.397e-02	1.853e+00	7.747e-01
195355.50	-1.094e-02	1.680e+00	1.440e-01
195356.50	9.600e-03	1.296e+00	-1.690e-01
195357.50	-1.757e-02	1.939e+00	4.224e-01
195358.50	-1.718e-02	2.045e+00	2.717e-01
195359.50	-5.462e-02	1.037e+00	1.066e+00
195360.50	-1.162e-03	1.584e+00	8.016e-02
195361.50	-9.888e-03	1.104e+00	1.171e-01
195362.50	-1.450e-02	1.104e+00	3.485e-01
195363.50	-1.056e-03	1.450e+00	8.006e-03
195364.50	-1.094e-02	8.342e-01	1.939e-01
195365.50	-2.822e-03	1.248e+00	6.566e-02
195366.50	1.920e-02	1.277e+00	-3.917e-01
195367.50	-3.811e-02	1.315e+00	7.152e-01
195368.50	3.245e-03	8.880e-01	2.803e-02
195369.50	5.933e-03	1.056e+00	-1.478e-01
195370.50	-3.658e-02	8.525e-01	7.094e-01
195371.50	-7.853e-03	9.984e-01	1.584e-01
195372.50	-2.342e-02	1.094e+00	4.186e-01
195373.50	-2.803e-02	8.419e-01	5.558e-01
195374.50	-7.997e-04	6.317e-01	-1.805e-02
195375.50	-1.776e-02	9.888e-02	2.918e-01
195376.50	-6.806e-03	1.181e+00	1.171e-01
195377.50	-2.026e-03	9.178e-01	1.939e-02
195378.50	9.331e-03	5.539e-01	-1.987e-01
195379.50	-6.950e-03	1.037e+00	1.114e-01
195380.50	1.738e-03	2.371e-01	-1.776e-02
195381.50	1.622e-02	3.418e-01	-3.187e-01
195382.50	-2.755e-03	4.080e-01	5.645e-03
195383.50	-2.131e-02	5.923e-01	4.685e-01
195384.50	-1.766e-02	3.859e-01	3.427e-01
195385.50	1.786e-02	8.189e-01	-4.310e-01
195386.50	8.803e-03	3.341e-01	-1.325e-01
195387.50	1.699e-02	3.331e-01	-2.918e-01
195388.50	9.888e-03	4.474e-01	-2.419e-01
195389.50	-3.840e-02	2.362e-01	7.536e-01
195390.50	-2.285e-02	7.277e-01	4.339e-01
195391.50	-9.466e-03	-1.382e-02	2.112e-01
195392.50	-1.056e-02	3.283e-01	2.333e-01
195393.50	-4.944e-03	1.219e-02	1.037e-01
195394.50	1.498e-03	5.520e-01	-5.136e-02
195395.50	-8.150e-03	3.427e-01	1.373e-01
195396.50	-1.056e-03	5.923e-01	1.440e-03
195397.50	1.258e-02	4.147e-01	-2.410e-01
195398.50	-2.746e-03	5.098e-01	6.000e-02
195399.50	-1.142e-02	2.112e-02	2.323e-01
195400.50	-8.890e-03	3.974e-01	1.546e-01
195401.50	1.824e-02	2.083e-01	-4.291e-01
195402.50	1.565e-03	1.258e-01	-7.162e-02
195403.50	-1.680e-02	2.448e-01	3.408e-01
195404.50	3.082e-03	-1.718e-02	-1.200e-01
195405.50	7.334e-03	7.824e-02	-1.555e-01
195406.50	-5.664e-03	7.373e-01	1.008e-01
195407.50	-2.237e-02	3.936e-01	4.397e-01
195408.50	2.323e-02	2.611e-01	-4.214e-01
195409.50	-1.181e-02	3.226e-02	2.611e-01
195410.50	3.264e-03	-2.870e-01	-9.696e-02
195411.50	3.571e-03	3.725e-01	-5.712e-02
195412.50	3.590e-03	-1.430e-02	-7.411e-02
195413.50	-2.352e-02	2.342e-01	4.723e-01
195414.50	-2.554e-02	2.294e-01	5.213e-01
195415.50	5.299e-03	7.354e-01	-3.341e-02
195416.50	1.651e-02	2.381e-01	-3.850e-01
195417.50	-1.210e-02	9.466e-02	1.536e-01
195418.50	-1.747e-03	5.587e-02	-3.101e-02
195419.50	-1.286e-02	1.248e-01	2.899e-01
195420.50	-9.792e-05	2.400e-01	4.080e-03
195421.50	9.158e-05	1.968e-01	2.093e-02
195422.50	-2.966e-03	-9.466e-02	3.149e-02
195423.50	2.256e-03	5.626e-01	-3.840e-02
195424.50	1.037e-02	-6.442e-02	-1.805e-01
195425.50	-4.858e-04	-1.536e-01	-1.507e-02
195426.50	7.382e-04	7.152e-02	-1.622e-02
195427.50	-1.123e-02	3.418e-01	1.613e-01
195428.50	-1.258e-02	7.421e-02	2.678e-01
195429.50	1.008e-03	-2.554e-02	-4.387e-02
195430.50	1.738e-02	2.294e-01	-3.619e-01
195431.50	-2.112e-02	1.978e-01	3.994e-01
195432.50	-4.560e-03	2.986e-01	8.755e-02
195433.50	7.891e-03	4.992e-02	-1.334e-01
195434.50	-1.037e-02	1.661e-01	1.507e-01
195435.50	-2.755e-03	-1.181e-01	8.851e-02
195436.50	-8.381e-03	3.331e-01	2.035e-01
195437.50	1.987e-03	-7.786e-02	-3.274e-02
195438.50	-7.286e-03	3.677e-01	1.085e-01
195439.50	-9.696e-03	-1.910e-01	1.709e-01
195440.50	5.366e-03	-1.325e-03	-1.286e-01
195441.50	-1.738e-03	-2.707e-02	-7.402e-03
195442.50	1.094e-02	1.277e-01	-2.141e-01
195443.50	4.003e-03	1.978e-01	-5.741e-02
195444.50	-1.306e-02	4.598e-02	2.976e-01
195445.50	-8.573e-03	1.603e-01	1.584e-01
195446.50	4.042e-04	9.110e-03	-2.774e-02
195447.50	6.413e-03	4.368e-02	-1.181e-01
195448.50	1.334e-02	2.006e-01	-2.544e-01
195449.50	-3.197e-03	-6.480e-03	1.018e-01
195450.50	-7.478e-03	3.686e-02	9.235e-02
195451.50	6.941e-03	8.256e-02	-1.219e-01
195452.50	-5.530e-03	4.282e-02	1.382e-01
195453.50	8.275e-04	1.565e-01	-3.341e-02
195454.50	-1.104e-02	4.771e-02	2.179e-01
195455.50	-9.322e-03	2.851e-01	1.930e-01
195456.50	-1.018e-02	-2.314e-02	1.987e-01
195457.50	1.632e-06	-1.642e-01	3.734e-02
195458.50	1.920e-03	-8.122e-02	-1.853e-02
195459.50	-3.494e-03	3.926e-02	6.384e-02
195460.50	-4.099e-03	6.624e-02	6.230e-02
195461.50	1.546e-02	4.138e-02	-2.890e-01
195462.50	-4.474e-03	5.779e-02	7.123e-02
195463.50	-5.098e-05	4.282e-01	-5.424e-03
195464.50	4.522e-04	1.334e-01	-1.210e-02
195465.50	-8.976e-03	-1.603e-01	1.430e-01
195466.50	8.410e-04	-1.142e-01	1.123e-02
195467.50	9.696e-03	-1.123e-01	-1.574e-01
195468.50	-7.306e-03	6.662e-02	1.267e-01
195469.50	-5.107e-03	1.613e-01	9.888e-02
195470.50	-5.462e-03	1.642e-01	9.014e-02
195471.50	4.493e-03	1.133e-01	-8.909e-02
195472.50	4.934e-03	1.421e-01	-1.219e-01
195473.50	1.718e-04	6.960e-02	-6.307e-02
195474.50	-1.670e-02	2.918e-02	3.427e-01
195475.50	4.493e-03	-7.450e-02	-7.718e-02
195476.50	8.208e-04	-7.277e-03	-9.888e-03
195477.50	4.464e-04	1.142e-02	-1.363e-02
195478.50	9.696e-03	5.645e-02	-2.006e-01
195479.50	3.072e-03	8.285e-02	-6.134e-02
195480.50	-7.661e-03	-4.531e-02	1.786e-01
195481.50	-2.909e-03	2.400e-02	7.699e-02
195482.50	1.018e-02	-3.888e-02	-2.870e-01
195483.50	2.189e-03	-5.002e-02	-6.029e-02
195484.50	-1.901e-04	8.554e-02	-7.046e-03
195485.50	-8.314e-03	6.490e-02	1.661e-01
195486.50	-4.790e-03	6.922e-02	1.104e-01
195487.50	-2.880e-03	-4.416e-02	4.579e-02
195488.50	-8.390e-04	-1.162e-01	-1.027e-02
195489.50	-4.589e-03	2.458e-01	8.947e-02
195490.50	-5.578e-03	-6.509e-02	1.411e-01
195491.50	7.142e-03	-7.882e-02	-1.171e-01
195492.50	1.162e-02	9.696e-02	-2.515e-01
195493.50	-5.117e-03	6.326e-02	1.027e-01
195494.50	-2.947e-03	-1.478e-02	4.992e-02
195495.50	-5.155e-03	-6.778e-03	8.352e-02
195496.50	-1.738e-03	1.766e-01	2.352e-02
195497.50	-1.286e-02	-5.462e-02	2.525e-01
195498.50	5.683e-03	-1.104e-01	-6.998e-02
195499.50	2.448e-03	5.491e-02	-6.701e-02
195500.50	-1.690e-03	1.699e-01	6.720e-02
195501.50	1.219e-03	-7.104e-02	-3.014e-02
195502.50	3.235e-03	4.618e-02	-1.277e-01
195503.50	-3.562e-03	2.323e-01	3.802e-02
195504.50	1.843e-03	-1.459e-01	-2.362e-02
195505.50	6.566e-03	-2.333e-02	-1.123e-01
195506.50	1.584e-03	1.882e-02	-2.458e-02
195507.50	-6.115e-03	-9.696e-03	1.277e-01
195508.50	-2.736e-03	2.842e-02	7.738e-02
195509.50	-5.309e-03	2.938e-02	1.142e-01
195510.50	3.456e-03	3.686e-06	-8.909e-02
195511.50	-2.976e-03	5.674e-03	2.554e-02
195512.50	3.110e-03	-9.235e-02	-4.848e-02
195513.50	2.813e-03	-3.216e-03	-5.808e-02
195514.50	-3.926e-03	1.142e-01	8.515e-02
195515.50	-1.584e-03	6.269e-02	2.976e-02
195516.50	-6.374e-03	-3.725e-02	1.027e-01
195517.50	5.971e-03	7.296e-02	-1.008e-01
195518.50	7.709e-03	-2.419e-02	-9.504e-02
195519.50	-9.322e-03	3.322e-03	1.642e-01
195520.50	-9.053e-03	-5.146e-02	1.238e-01
195521.50	-3.178e-03	-7.018e-02	2.554e-02
195522.50	6.403e-03	8.237e-02	-1.027e-01
195523.50	-9.034e-03	2.582e-02	1.814e-01
195524.50	-3.984e-03	-6.010e-02	3.168e-03
195525.50	7.488e-03	1.757e-02	-3.754e-02
195526.50	1.584e-03	2.746e-02	-5.395e-02
195527.50	1.536e-03	-4.061e-02	-5.731e-02
195528.50	7.603e-03	7.210e-02	-1.142e-01
195529.50	8.285e-04	1.555e-02	2.256e-03
195530.50	-3.389e-04	-4.454e-02	-6.278e-03
195531.50	-1.776e-03	8.650e-03	1.334e-02
195532.50	7.046e-03	-2.621e-02	-1.306e-01
195533.50	-4.301e-03	2.995e-02	8.736e-02
195534.50	-9.254e-04	2.525e-02	1.632e-02
195535.50	3.389e-03	4.234e-02	-7.018e-02
195536.50	-1.421e-03	6.134e-02	1.853e-02
195537.50	-7.469e-04	1.008e-01	1.910e-03
195538.50	-1.315e-03	-1.267e-02	5.165e-02
195539.50	-7.104e-03	-5.155e-02	1.008e-01
195540.50	-2.746e-03	-2.803e-02	4.234e-02
195541.50	-5.933e-04	-5.146e-03	3.379e-02
195542.50	-6.643e-04	-7.920e-02	3.139e-02
195543.50	9.178e-03	7.872e-02	-1.478e-01
195544.50	4.771e-03	-5.088e-02	-5.942e-02
195545.50	-6.806e-03	-1.574e-01	9.552e-02
195546.50	-4.858e-03	1.690e-01	7.306e-02
195547.50	-2.064e-03	-7.613e-02	2.861e-02
195548.50	3.725e-03	-1.382e-02	-9.072e-02
195549.50	7.190e-03	-1.152e-02	-8.822e-02
195550.50	-8.640e-03	1.824e-01	2.064e-01
195551.50	-4.147e-03	2.477e-02	7.382e-02
195552.50	-3.763e-03	7.306e-03	3.840e-02
195553.50	-2.746e-04	1.411e-02	-8.794e-03
195554.50	3.446e-03	4.282e-02	-7.200e-02
195555.50	1.210e-05	6.288e-02	3.158e-02
195556.50	-3.062e-03	-9.072e-02	-4.214e-03
195557.50	-3.034e-03	9.178e-02	6.182e-02
195558.50	2.160e-03	3.158e-03	-5.760e-02
195559.50	4.157e-04	-9.254e-02	3.715e-02
195560.50	-3.264e-03	7.382e-02	7.862e-02
195561.50	5.280e-05	-6.000e-02	1.075e-02
195562.50	1.133e-03	-3.514e-02	-6.288e-02
195563.50	-1.315e-03	-7.075e-02	6.000e-02
195564.50	-2.592e-03	-4.714e-03	2.966e-02
195565.50	1.555e-03	7.478e-03	-7.008e-02
195566.50	3.254e-04	3.494e-02	-3.562e-02
195567.50	2.419e-04	1.978e-03	-3.456e-02
195568.50	-6.960e-04	2.122e-02	-3.965e-04
195569.50	-2.496e-03	1.152e-01	7.382e-02
195570.50	5.558e-04	-3.178e-02	1.114e-02
195571.50	2.304e-03	-5.203e-02	-4.378e-02
195572.50	3.398e-03	-5.050e-03	-4.550e-02
195573.50	3.850e-03	-4.416e-02	-6.163e-02
195574.50	-2.362e-03	5.280e-02	3.283e-02
195575.50	-6.422e-04	-1.066e-02	-3.658e-02
195576.50	3.120e-03	3.187e-02	-3.456e-02
195577.50	6.499e-04	9.696e-02	-2.582e-02
195578.50	1.901e-03	-2.746e-02	-8.918e-03
195579.50	-2.045e-03	7.805e-02	3.446e-02
195580.50	-7.104e-05	5.290e-02	1.680e-02
195581.50	1.517e-03	-1.085e-01	-1.997e-02
195582.50	-2.813e-03	4.032e-02	4.080e-02
195583.50	5.587e-05	1.162e-03	1.930e-02
195584.50	-1.123e-03	2.669e-02	2.352e-02
195585.50	1.901e-03	1.037e-02	-5.405e-02
195586.50	4.051e-04	-8.525e-02	7.210e-03
195587.50	-4.272e-03	-9.888e-02	7.123e-02
195588.50	1.565e-03	-3.274e-02	-5.933e-03
195589.50	5.770e-04	3.341e-02	-1.200e-02
195590.50	-8.698e-04	9.504e-03	-5.242e-03
195591.50	2.035e-03	4.963e-02	-3.053e-02
195592.50	2.899e-03	1.027e-02	-5.136e-02
195593.50	1.498e-03	7.296e-02	-3.283e-02
195594.50	8.515e-04	-3.830e-02	-2.976e-02
195595.50	-3.312e-03	-1.027e-02	9.149e-02
195596.50	1.555e-03	-3.360e-02	-2.064e-02
195597.50	2.726e-03	3.216e-02	-6.778e-02
195598.50	-4.138e-03	-2.323e-02	7.008e-02
195599.50	4.128e-04	-6.653e-02	2.429e-02
195600.50	6.240e-04	-3.350e-02	-1.709e-02
195601.50	-2.899e-03	2.438e-02	3.907e-02
195602.50	-1.104e-04	3.917e-02	1.747e-02
195603.50	1.238e-03	-6.413e-02	-3.667e-02
195604.50	-5.242e-03	5.251e-02	9.888e-02
195605.50	2.074e-03	-5.069e-02	-3.648e-02
195606.50	1.354e-03	-4.982e-02	-4.742e-02
195607.50	3.907e-04	-5.366e-02	-2.237e-02
195608.50	-2.506e-03	-1.632e-02	1.622e-02
195609.50	-4.138e-03	9.696e-02	9.600e-02
195610.50	-3.178e-03	2.755e-02	6.403e-02
195611.50	-1.354e-04	5.117e-02	-3.466e-02
195612.50	-3.024e-03	3.110e-02	5.184e-02
195613.50	5.664e-04	4.858e-02	-9.792e-03
195614.50	1.200e-03	-1.258e-01	1.238e-03
195615.50	-7.891e-04	-1.632e-02	1.555e-02
195616.50	-8.784e-04	1.027e-01	2.813e-02
195617.50	-5.779e-04	-3.446e-02	4.733e-02
195618.50	3.475e-03	-1.507e-02	-8.650e-02
195619.50	-3.571e-03	-4.330e-02	4.915e-02
195620.50	2.400e-03	3.206e-02	-1.344e-02
195621.50	4.090e-03	6.854e-02	-6.950e-02
195622.50	5.491e-03	-3.043e-02	-1.162e-01
195623.50	3.072e-03	-1.690e-02	-4.109e-02
195624.50	1.699e-04	9.552e-02	-9.888e-03
195625.50	6.710e-04	3.158e-02	-2.890e-02
195626.50	4.301e-03	4.944e-02	-5.549e-02
195627.50	-2.314e-03	-7.910e-02	6.374e-02
195628.50	7.248e-03	-8.813e-02	-6.538e-02
195629.50	-4.656e-03	-4.483e-02	9.350e-02
195630.50	-4.589e-03	7.286e-02	8.314e-03
195631.50	2.083e-03	2.304e-02	-5.366e-02
195632.50	4.128e-03	-5.405e-02	-3.005e-02
195633.50	-6.710e-03	-5.338e-04	1.968e-02
195634.50	-3.667e-03	1.219e-01	-4.138e-03
195635.50	-4.838e-03	6.058e-02	6.326e-02
195636.50	3.110e-03	-6.058e-02	5.376e-03
