195038.50	0.000e+00	0.000e+00	0.000e+00
195039.50	0.000e+00	0.000e+00	0.000e+00
195040.50	0.000e+00	0.000e+00	0.000e+00
195041.50	0.000e+00	0.000e+00	0.000e+00
195042.50	0.000e+00	0.000e+00	0.000e+00
195043.50	0.000e+00	0.000e+00	0.000e+00
195044.50	0.000e+00	0.000e+00	0.000e+00
195045.50	0.000e+00	0.000e+00	0.000e+00
195046.50	0.000e+00	0.000e+00	0.000e+00
195047.50	0.000e+00	0.000e+00	0.000e+00
195048.50	0.000e+00	0.000e+00	0.000e+00
195049.50	0.000e+00	0.000e+00	0.000e+00
195050.50	0.000e+00	0.000e+00	0.000e+00
195051.50	0.000e+00	0.000e+00	0.000e+00
195052.50	0.000e+00	0.000e+00	0.000e+00
195053.50	0.000e+00	0.000e+00	0.000e+00
195054.50	0.000e+00	0.000e+00	0.000e+00
195055.50	0.000e+00	0.000e+00	0.000e+00
195056.50	0.000e+00	0.000e+00	0.000e+00
195057.50	0.000e+00	0.000e+00	0.000e+00
195058.50	0.000e+00	0.000e+00	0.000e+00
195059.50	0.000e+00	0.000e+00	0.000e+00
195060.50	0.000e+00	0.000e+00	0.000e+00
195061.50	0.000e+00	0.000e+00	0.000e+00
195062.50	0.000e+00	0.000e+00	0.000e+00
195063.50	0.000e+00	0.000e+00	0.000e+00
195064.50	0.000e+00	0.000e+00	0.000e+00
195065.50	0.000e+00	0.000e+00	0.000e+00
195066.50	0.000e+00	0.000e+00	0.000e+00
195067.50	0.000e+00	0.000e+00	0.000e+00
195068.50	0.000e+00	0.000e+00	0.000e+00
195069.50	0.000e+00	0.000e+00	0.000e+00
195070.50	0.000e+00	0.000e+00	0.000e+00
195071.50	0.000e+00	0.000e+00	0.000e+00
195072.50	0.000e+00	0.000e+00	0.000e+00
195073.50	0.000e+00	0.000e+00	0.000e+00
195074.50	0.000e+00	0.000e+00	0.000e+00
195075.50	0.000e+00	0.000e+00	0.000e+00
195076.50	0.000e+00	0.000e+00	0.000e+00
195077.50	0.000e+00	0.000e+00	0.000e+00
195078.50	0.000e+00	0.000e+00	0.000e+00
195079.50	0.000e+00	0.000e+00	0.000e+00
195080.50	0.000e+00	0.000e+00	0.000e+00
195081.50	0.000e+00	0.000e+00	0.000e+00
195082.50	0.000e+00	0.000e+00	0.000e+00
195083.50	0.000e+00	0.000e+00	0.000e+00
195084.50	0.000e+00	0.000e+00	0.000e+00
195085.50	0.000e+00	0.000e+00	0.000e+00
195086.50	0.000e+00	0.000e+00	0.000e+00
195087.50	0.000e+00	0.000e+00	0.000e+00
195088.50	0.000e+00	0.000e+00	0.000e+00
195089.50	0.000e+00	0.000e+00	0.000e+00
195090.50	0.000e+00	0.000e+00	0.000e+00
195091.50	0.000e+00	0.000e+00	0.000e+00
195092.50	0.000e+00	0.000e+00	0.000e+00
195093.50	0.000e+00	0.000e+00	0.000e+00
195094.50	0.000e+00	0.000e+00	0.000e+00
195095.50	0.000e+00	0.000e+00	0.000e+00
195096.50	0.000e+00	0.000e+00	0.000e+00
195097.50	0.000e+00	0.000e+00	0.000e+00
195098.50	0.000e+00	0.000e+00	0.000e+00
195099.50	0.000e+00	0.000e+00	0.000e+00
195100.50	0.000e+00	0.000e+00	0.000e+00
195101.50	0.000e+00	0.000e+00	0.000e+00
195102.50	0.000e+00	0.000e+00	0.000e+00
195103.50	0.000e+00	0.000e+00	0.000e+00
195104.50	0.000e+00	0.000e+00	0.000e+00
195105.50	0.000e+00	0.000e+00	0.000e+00
195106.50	0.000e+00	0.000e+00	0.000e+00
195107.50	0.000e+00	0.000e+00	0.000e+00
195108.50	0.000e+00	0.000e+00	0.000e+00
195109.50	0.000e+00	0.000e+00	0.000e+00
195110.50	0.000e+00	0.000e+00	0.000e+00
195111.50	0.000e+00	0.000e+00	0.000e+00
195112.50	0.000e+00	0.000e+00	0.000e+00
195113.50	0.000e+00	0.000e+00	0.000e+00
195114.50	0.000e+00	0.000e+00	0.000e+00
195115.50	0.000e+00	0.000e+00	0.000e+00
195116.50	0.000e+00	0.000e+00	0.000e+00
195117.50	0.000e+00	0.000e+00	0.000e+00
195118.50	0.000e+00	0.000e+00	0.000e+00
195119.50	0.000e+00	0.000e+00	0.000e+00
195120.50	0.000e+00	0.000e+00	0.000e+00
195121.50	0.000e+00	0.000e+00	0.000e+00
195122.50	0.000e+00	0.000e+00	0.000e+00
195123.50	0.000e+00	0.000e+00	0.000e+00
195124.50	0.000e+00	0.000e+00	0.000e+00
195125.50	0.000e+00	0.000e+00	0.000e+00
195126.50	0.000e+00	0.000e+00	0.000e+00
195127.50	0.000e+00	0.000e+00	0.000e+00
195128.50	0.000e+00	0.000e+00	0.000e+00
195129.50	0.000e+00	0.000e+00	0.000e+00
195130.50	0.000e+00	0.000e+00	0.000e+00
195131.50	0.000e+00	0.000e+00	0.000e+00
195132.50	0.000e+00	0.000e+00	0.000e+00
195133.50	0.000e+00	0.000e+00	0.000e+00
195134.50	0.000e+00	0.000e+00	0.000e+00
195135.50	0.000e+00	0.000e+00	0.000e+00
195136.50	0.000e+00	0.000e+00	0.000e+00
195137.50	0.000e+00	0.000e+00	0.000e+00
195138.50	0.000e+00	0.000e+00	0.000e+00
195139.50	0.000e+00	0.000e+00	0.000e+00
195140.50	0.000e+00	0.000e+00	0.000e+00
195141.50	0.000e+00	0.000e+00	0.000e+00
195142.50	0.000e+00	0.000e+00	0.000e+00
195143.50	0.000e+00	0.000e+00	0.000e+00
195144.50	0.000e+00	0.000e+00	0.000e+00
195145.50	0.000e+00	0.000e+00	0.000e+00
195146.50	0.000e+00	0.000e+00	0.000e+00
195147.50	0.000e+00	0.000e+00	0.000e+00
195148.50	0.000e+00	0.000e+00	0.000e+00
195149.50	0.000e+00	0.000e+00	0.000e+00
195150.50	0.000e+00	0.000e+00	0.000e+00
195151.50	0.000e+00	0.000e+00	0.000e+00
195152.50	0.000e+00	0.000e+00	0.000e+00
195153.50	0.000e+00	0.000e+00	0.000e+00
195154.50	0.000e+00	0.000e+00	0.000e+00
195155.50	0.000e+00	0.000e+00	0.000e+00
195156.50	0.000e+00	0.000e+00	0.000e+00
195157.50	0.000e+00	0.000e+00	0.000e+00
195158.50	0.000e+00	0.000e+00	0.000e+00
195159.50	0.000e+00	0.000e+00	0.000e+00
195160.50	0.000e+00	0.000e+00	0.000e+00
195161.50	0.000e+00	0.000e+00	0.000e+00
195162.50	0.000e+00	0.000e+00	0.000e+00
195163.50	0.000e+00	0.000e+00	0.000e+00
195164.50	0.000e+00	0.000e+00	0.000e+00
195165.50	0.000e+00	0.000e+00	0.000e+00
195166.50	0.000e+00	0.000e+00	0.000e+00
195167.50	0.000e+00	0.000e+00	0.000e+00
195168.50	0.000e+00	0.000e+00	0.000e+00
195169.50	0.000e+00	0.000e+00	0.000e+00
195170.50	0.000e+00	0.000e+00	0.000e+00
195171.50	0.000e+00	0.000e+00	0.000e+00
195172.50	0.000e+00	0.000e+00	0.000e+00
195173.50	0.000e+00	0.000e+00	0.000e+00
195174.50	0.000e+00	0.000e+00	0.000e+00
195175.50	0.000e+00	0.000e+00	0.000e+00
195176.50	0.000e+00	0.000e+00	0.000e+00
195177.50	0.000e+00	0.000e+00	0.000e+00
195178.50	0.000e+00	0.000e+00	0.000e+00
195179.50	0.000e+00	0.000e+00	0.000e+00
195180.50	0.000e+00	0.000e+00	0.000e+00
195181.50	0.000e+00	0.000e+00	0.000e+00
195182.50	0.000e+00	0.000e+00	0.000e+00
195183.50	0.000e+00	0.000e+00	0.000e+00
195184.50	0.000e+00	0.000e+00	0.000e+00
195185.50	0.000e+00	0.000e+00	0.000e+00
195186.50	0.000e+00	0.000e+00	0.000e+00
195187.50	0.000e+00	0.000e+00	0.000e+00
195188.50	0.000e+00	0.000e+00	0.000e+00
195189.50	0.000e+00	0.000e+00	0.000e+00
195190.50	0.000e+00	0.000e+00	0.000e+00
195191.50	0.000e+00	0.000e+00	0.000e+00
195192.50	0.000e+00	0.000e+00	0.000e+00
195193.50	0.000e+00	0.000e+00	0.000e+00
195194.50	0.000e+00	0.000e+00	0.000e+00
195195.50	0.000e+00	0.000e+00	0.000e+00
195196.50	0.000e+00	0.000e+00	0.000e+00
195197.50	0.000e+00	0.000e+00	0.000e+00
195198.50	0.000e+00	0.000e+00	0.000e+00
195199.50	0.000e+00	0.000e+00	0.000e+00
195200.50	0.000e+00	0.000e+00	0.000e+00
195201.50	0.000e+00	0.000e+00	0.000e+00
195202.50	0.000e+00	0.000e+00	0.000e+00
195203.50	0.000e+00	0.000e+00	0.000e+00
195204.50	0.000e+00	0.000e+00	0.000e+00
195205.50	0.000e+00	0.000e+00	0.000e+00
195206.50	0.000e+00	0.000e+00	0.000e+00
195207.50	0.000e+00	0.000e+00	0.000e+00
195208.50	0.000e+00	0.000e+00	0.000e+00
195209.50	0.000e+00	0.000e+00	0.000e+00
195210.50	0.000e+00	0.000e+00	0.000e+00
195211.50	0.000e+00	0.000e+00	0.000e+00
195212.50	0.000e+00	0.000e+00	0.000e+00
195213.50	0.000e+00	0.000e+00	0.000e+00
195214.50	0.000e+00	0.000e+00	0.000e+00
195215.50	0.000e+00	0.000e+00	0.000e+00
195216.50	0.000e+00	0.000e+00	0.000e+00
195217.50	0.000e+00	0.000e+00	0.000e+00
195218.50	0.000e+00	0.000e+00	0.000e+00
195219.50	0.000e+00	0.000e+00	0.000e+00
195220.50	0.000e+00	0.000e+00	0.000e+00
195221.50	0.000e+00	0.000e+00	0.000e+00
195222.50	0.000e+00	0.000e+00	0.000e+00
195223.50	0.000e+00	0.000e+00	0.000e+00
195224.50	0.000e+00	0.000e+00	0.000e+00
195225.50	0.000e+00	0.000e+00	0.000e+00
195226.50	0.000e+00	0.000e+00	0.000e+00
195227.50	0.000e+00	0.000e+00	0.000e+00
195228.50	0.000e+00	0.000e+00	0.000e+00
195229.50	0.000e+00	0.000e+00	0.000e+00
195230.50	0.000e+00	0.000e+00	0.000e+00
195231.50	0.000e+00	0.000e+00	0.000e+00
195232.50	0.000e+00	0.000e+00	0.000e+00
195233.50	0.000e+00	0.000e+00	0.000e+00
195234.50	0.000e+00	0.000e+00	0.000e+00
195235.50	0.000e+00	0.000e+00	0.000e+00
195236.50	0.000e+00	0.000e+00	0.000e+00
195237.50	0.000e+00	0.000e+00	0.000e+00
195238.50	0.000e+00	0.000e+00	0.000e+00
195239.50	0.000e+00	0.000e+00	0.000e+00
195240.50	0.000e+00	0.000e+00	0.000e+00
195241.50	0.000e+00	0.000e+00	0.000e+00
195242.50	0.000e+00	0.000e+00	0.000e+00
195243.50	0.000e+00	0.000e+00	0.000e+00
195244.50	0.000e+00	0.000e+00	0.000e+00
195245.50	0.000e+00	0.000e+00	0.000e+00
195246.50	0.000e+00	0.000e+00	0.000e+00
195247.50	0.000e+00	0.000e+00	0.000e+00
195248.50	0.000e+00	0.000e+00	0.000e+00
195249.50	0.000e+00	0.000e+00	0.000e+00
195250.50	0.000e+00	0.000e+00	0.000e+00
195251.50	0.000e+00	0.000e+00	0.000e+00
195252.50	0.000e+00	0.000e+00	0.000e+00
195253.50	0.000e+00	0.000e+00	0.000e+00
195254.50	0.000e+00	0.000e+00	0.000e+00
195255.50	0.000e+00	0.000e+00	0.000e+00
195256.50	0.000e+00	0.000e+00	0.000e+00
195257.50	0.000e+00	0.000e+00	0.000e+00
195258.50	0.000e+00	0.000e+00	0.000e+00
195259.50	0.000e+00	0.000e+00	0.000e+00
195260.50	0.000e+00	0.000e+00	0.000e+00
195261.50	0.000e+00	0.000e+00	0.000e+00
195262.50	0.000e+00	0.000e+00	0.000e+00
195263.50	0.000e+00	0.000e+00	0.000e+00
195264.50	0.000e+00	0.000e+00	0.000e+00
195265.50	0.000e+00	0.000e+00	0.000e+00
195266.50	-2.726e-04	-2.525e-03	6.922e-03
195267.50	-3.706e-04	-6.941e-03	7.277e-03
195268.50	-3.226e-04	2.486e-03	1.037e-02
195269.50	3.197e-04	-7.286e-04	-9.984e-03
195270.50	7.901e-05	1.699e-03	-1.651e-03
195271.50	5.702e-05	-3.898e-03	-3.965e-03
195272.50	3.533e-05	1.123e-03	-5.261e-04
195273.50	2.208e-05	1.152e-03	-8.016e-05
195274.50	-1.123e-04	-9.888e-03	-3.974e-03
195275.50	2.016e-04	7.603e-03	1.133e-05
195276.50	1.056e-05	-1.363e-04	-4.483e-04
195277.50	1.306e-04	2.122e-03	-2.726e-03
195278.50	9.149e-04	1.363e-02	-1.766e-02
195279.50	1.229e-03	-4.877e-02	-6.806e-02
195280.50	5.568e-04	1.910e-02	-3.514e-03
195281.50	-3.456e-03	-6.096e-02	5.798e-02
195282.50	-5.251e-03	-2.861e-01	-4.570e-02
195283.50	-3.878e-02	-1.603e+00	1.478e-02
195284.50	-5.424e-02	-6.662e+00	-3.226e+00
195285.50	-3.418e-01	-2.227e+01	-6.125e+00
195286.50	-3.926e-01	-3.456e+01	-1.382e+01
195287.50	-1.210e+00	-6.739e+01	-1.430e+01
195288.50	-1.613e+00	-9.696e+01	-2.496e+01
195289.50	-2.093e+00	-1.114e+02	-2.275e+01
195290.50	-2.966e+00	-1.334e+02	-1.507e+01
195291.50	-2.544e+00	-1.286e+02	-2.448e+01
195292.50	-3.379e+00	-1.277e+02	-2.083e+00
195293.50	-9.370e-01	-4.291e+01	-7.901e+00
195294.50	-7.699e-01	-1.718e+01	6.941e+00
195295.50	-5.299e-01	-7.680e+00	7.315e+00
195296.50	1.958e-01	1.229e+01	2.218e+00
195297.50	3.226e-01	2.736e+01	1.008e+01
195298.50	4.704e-01	2.803e+01	6.720e+00
195299.50	3.869e-01	3.024e+01	1.104e+01
195300.50	6.758e-01	3.370e+01	5.702e+00
195301.50	1.056e+00	4.003e+01	5.520e-01
195302.50	6.634e-01	3.418e+01	6.451e+00
195303.50	7.142e-01	3.514e+01	6.106e+00
195304.50	7.680e-01	3.283e+01	3.178e+00
195305.50	7.133e-01	3.264e+01	5.021e+00
195306.50	5.213e-01	3.024e+01	7.968e+00
195307.50	7.392e-01	2.986e+01	2.054e+00
195308.50	5.386e-01	2.381e+01	3.043e+00
195309.50	5.933e-01	2.525e+01	2.736e+00
195310.50	5.453e-01	2.093e+01	3.216e-01
195311.50	4.378e-01	2.112e+01	3.907e+00
195312.50	4.397e-01	2.131e+01	3.638e+00
195313.50	4.867e-01	1.728e+01	-6.797e-01
195314.50	3.677e-01	1.603e+01	1.862e+00
195315.50	3.418e-01	1.421e+01	1.037e+00
195316.50	3.235e-01	1.680e+01	3.648e+00
195317.50	3.139e-01	1.507e+01	2.717e+00
195318.50	2.294e-01	1.306e+01	3.389e+00
195319.50	3.235e-01	1.210e+01	6.672e-02
195320.50	2.986e-01	1.306e+01	1.699e+00
195321.50	3.254e-01	1.181e+01	3.888e-02
195322.50	1.565e-01	6.576e+00	5.606e-01
195323.50	1.843e-01	8.304e+00	9.360e-01
195324.50	1.786e-01	7.987e+00	8.544e-01
195325.50	2.150e-01	9.504e+00	1.162e+00
195326.50	1.392e-01	7.085e+00	1.286e+00
195327.50	1.565e-01	7.277e+00	1.123e+00
195328.50	1.757e-01	7.430e+00	7.440e-01
195329.50	1.507e-01	7.709e+00	1.670e+00
195330.50	1.181e-01	6.499e+00	1.594e+00
195331.50	8.832e-02	5.232e+00	1.325e+00
195332.50	1.488e-01	5.798e+00	3.216e-01
195333.50	1.440e-01	5.021e+00	-2.573e-01
195334.50	1.421e-01	5.568e+00	2.054e-01
195335.50	8.400e-02	4.272e+00	7.402e-01
195336.50	9.792e-02	5.914e+00	1.709e+00
195337.50	1.008e-01	3.878e+00	1.565e-01
195338.50	5.520e-02	2.707e+00	4.032e-01
195339.50	1.152e-01	3.715e+00	-3.264e-01
195340.50	8.870e-02	3.427e+00	1.450e-01
195341.50	-1.498e-03	2.496e+00	1.795e+00
195342.50	7.843e-02	2.966e+00	1.104e-01
195343.50	1.190e-01	3.350e+00	-7.910e-01
195344.50	9.053e-02	3.485e+00	2.054e-01
195345.50	3.053e-03	2.074e+00	1.325e+00
195346.50	4.118e-02	2.102e+00	3.677e-01
195347.50	5.366e-02	3.082e+00	7.008e-01
195348.50	5.376e-02	2.419e+00	2.621e-01
195349.50	6.845e-02	2.371e+00	-1.402e-01
195350.50	5.539e-02	1.930e+00	-9.600e-02
195351.50	1.555e-02	9.398e-01	1.661e-01
195352.50	5.376e-02	2.246e+00	2.218e-01
195353.50	5.501e-02	1.891e+00	-6.134e-03
195354.50	6.173e-02	2.160e+00	-1.843e-02
195355.50	3.158e-02	1.661e+00	4.186e-01
195356.50	-4.608e-03	9.427e-01	6.950e-01
195357.50	3.245e-02	1.584e+00	3.437e-01
195358.50	-7.594e-03	1.037e+00	9.062e-01
195359.50	4.406e-02	1.469e+00	-1.056e-01
195360.50	5.002e-04	5.942e-01	3.062e-01
195361.50	4.675e-02	1.795e+00	4.541e-02
195362.50	3.782e-03	1.018e+00	6.634e-01
195363.50	2.477e-02	1.056e+00	1.949e-01
195364.50	3.955e-03	7.997e-01	4.685e-01
195365.50	2.938e-02	1.402e+00	1.219e-01
195366.50	2.227e-02	1.334e+00	3.792e-01
195367.50	2.774e-02	1.344e+00	2.458e-01
195368.50	1.738e-02	6.432e-01	-1.642e-02
195369.50	3.427e-02	1.344e+00	-5.184e-02
195370.50	3.706e-02	9.552e-01	-2.400e-01
195371.50	4.464e-02	1.162e+00	-3.360e-01
195372.50	3.955e-03	6.643e-01	4.061e-01
195373.50	1.190e-02	2.698e-01	-4.685e-02
195374.50	9.696e-03	5.174e-02	-2.323e-01
195375.50	2.515e-02	1.498e+00	4.109e-01
195376.50	3.302e-02	7.613e-01	-3.139e-01
195377.50	8.986e-03	2.774e-01	-1.315e-01
195378.50	1.152e-02	4.963e-01	-3.197e-02
195379.50	6.451e-04	9.398e-01	6.211e-01
195380.50	2.880e-02	6.970e-01	-1.738e-01
195381.50	1.997e-03	5.030e-01	2.467e-01
195382.50	4.733e-03	2.582e-01	1.046e-01
195383.50	3.014e-03	3.504e-01	1.325e-01
195384.50	2.333e-02	5.232e-01	-1.718e-01
195385.50	1.459e-02	5.722e-01	6.557e-02
195386.50	1.776e-02	1.066e+00	2.726e-01
195387.50	2.554e-04	7.690e-01	5.165e-01
195388.50	1.008e-02	2.410e-01	-1.162e-01
195389.50	1.315e-02	3.725e-01	-9.571e-02
195390.50	1.018e-02	3.792e-01	-2.880e-02
195391.50	-4.214e-03	6.826e-02	1.786e-01
195392.50	9.206e-03	3.341e-01	-2.880e-02
195393.50	6.461e-03	1.440e-01	-4.464e-02
195394.50	1.238e-02	4.714e-01	2.198e-02
195395.50	1.987e-02	5.904e-01	-5.146e-02
195396.50	3.235e-03	5.942e-02	1.382e-02
195397.50	1.056e-02	3.312e-01	-2.640e-02
195398.50	4.646e-03	2.227e-01	4.109e-02
195399.50	-1.238e-03	-8.141e-02	-7.382e-02
195400.50	5.328e-03	1.613e-01	-1.286e-01
195401.50	2.938e-03	7.315e-01	3.878e-01
195402.50	1.325e-02	4.262e-01	-9.984e-02
195403.50	2.928e-03	-6.768e-02	-6.835e-02
195404.50	1.862e-03	4.070e-01	2.928e-01
195405.50	1.728e-02	4.464e-01	-1.344e-01
195406.50	-2.794e-03	1.248e-01	1.306e-01
195407.50	5.328e-03	3.139e-01	4.896e-02
195408.50	7.670e-03	-3.034e-02	-3.226e-01
195409.50	-1.171e-02	-1.450e-01	1.661e-01
195410.50	1.200e-02	3.341e-01	-6.269e-02
195411.50	-4.829e-03	1.622e-01	2.035e-01
195412.50	-1.488e-03	9.418e-02	6.221e-02
195413.50	8.122e-03	-8.851e-02	-2.976e-01
195414.50	1.133e-02	3.859e-01	4.819e-02
195415.50	-4.445e-03	3.187e-01	3.158e-01
195416.50	3.034e-04	2.765e-02	8.246e-03
195417.50	1.786e-02	4.934e-01	-1.987e-02
195418.50	1.229e-02	3.130e-01	-3.206e-03
195419.50	1.747e-02	-1.872e-01	-6.413e-01
195420.50	1.075e-03	1.277e-01	7.594e-02
195421.50	-7.094e-03	-4.435e-02	1.958e-01
195422.50	1.018e-04	1.267e-01	1.248e-01
195423.50	5.597e-03	3.533e-01	1.949e-01
195424.50	-4.051e-03	5.280e-02	8.506e-02
195425.50	1.728e-03	2.976e-01	1.200e-01
195426.50	-8.294e-03	-8.592e-02	1.757e-01
195427.50	4.656e-03	1.018e-01	-7.469e-02
195428.50	8.832e-03	3.389e-01	-2.227e-02
195429.50	9.322e-03	2.726e-03	-2.976e-01
195430.50	-3.504e-03	-1.536e-02	1.114e-01
195431.50	-5.357e-03	8.006e-02	1.430e-01
195432.50	5.251e-03	1.171e-01	-9.456e-02
195433.50	8.304e-03	-2.870e-02	-2.650e-01
195434.50	-2.256e-02	-2.803e-01	3.888e-01
195435.50	2.870e-03	3.005e-01	1.872e-01
195436.50	1.728e-02	3.264e-01	-1.997e-01
195437.50	-3.331e-03	-2.765e-02	7.046e-02
195438.50	2.544e-03	2.554e-01	9.792e-02
195439.50	-4.406e-03	2.534e-01	2.544e-01
195440.50	-6.230e-03	-9.984e-02	-1.930e-02
195441.50	9.379e-03	4.550e-02	-1.891e-01
195442.50	6.413e-03	2.266e-01	5.846e-02
195443.50	-2.698e-03	-7.056e-02	1.786e-02
195444.50	-6.845e-03	-1.094e-01	7.258e-02
195445.50	-5.952e-03	-7.430e-02	9.494e-02
195446.50	8.938e-03	7.219e-02	-1.757e-01
195447.50	-2.083e-03	-1.488e-01	-9.888e-02
195448.50	-9.792e-03	-7.258e-03	2.390e-01
195449.50	7.901e-03	2.314e-01	7.920e-02
195450.50	-1.162e-02	-3.245e-02	2.534e-01
195451.50	8.746e-03	2.256e-01	-1.056e-01
195452.50	1.075e-02	2.131e-01	-7.478e-02
195453.50	-5.894e-03	6.480e-02	1.344e-01
195454.50	-2.256e-03	-1.786e-01	-1.229e-01
195455.50	-1.728e-03	-2.122e-02	-1.306e-02
195456.50	1.853e-03	2.544e-01	1.382e-01
195457.50	5.779e-03	5.510e-02	-7.430e-02
195458.50	-4.243e-03	2.074e-01	3.005e-01
195459.50	5.165e-03	-7.968e-02	-2.035e-01
195460.50	2.592e-03	2.832e-01	1.526e-01
195461.50	-4.358e-03	-4.867e-03	2.371e-02
195462.50	4.387e-03	-6.058e-02	-1.430e-01
195463.50	3.638e-03	-4.560e-02	-1.498e-01
195464.50	-1.219e-03	-1.661e-01	-7.536e-02
195465.50	-5.011e-03	-3.389e-02	1.277e-01
195466.50	3.581e-03	2.390e-02	-1.210e-02
195467.50	9.600e-03	1.440e-01	-6.902e-02
195468.50	-1.421e-03	-5.146e-02	-2.650e-02
195469.50	-2.477e-03	1.651e-01	1.699e-01
195470.50	4.579e-03	7.526e-03	-1.334e-01
195471.50	-1.200e-02	-1.594e-01	1.910e-01
195472.50	-7.296e-04	3.706e-02	4.042e-02
195473.50	-5.011e-03	2.909e-03	1.382e-01
195474.50	1.296e-03	-1.478e-02	-7.622e-02
195475.50	3.168e-03	1.027e-01	-9.600e-03
195476.50	-9.792e-04	5.558e-02	1.670e-02
195477.50	-2.938e-03	-8.314e-02	1.565e-03
195478.50	1.862e-03	2.102e-01	8.966e-02
195479.50	5.232e-03	3.917e-02	-2.582e-02
195480.50	-9.581e-03	-1.238e-01	1.056e-01
195481.50	-5.280e-03	9.792e-03	1.565e-01
195482.50	-7.882e-03	-8.227e-02	1.488e-01
195483.50	2.976e-03	1.949e-01	6.826e-02
195484.50	3.811e-03	2.602e-01	1.046e-01
195485.50	1.181e-02	1.622e-01	-1.459e-01
195486.50	-8.333e-03	-1.402e-01	1.229e-01
195487.50	3.667e-03	1.603e-01	2.554e-02
195488.50	5.309e-03	2.429e-02	-1.402e-01
195489.50	-3.533e-03	-2.074e-01	-8.717e-02
195490.50	-1.843e-03	-9.389e-02	2.467e-03
195491.50	-4.474e-04	1.565e-01	1.066e-01
195492.50	7.690e-03	2.650e-02	-2.054e-01
195493.50	2.074e-03	2.189e-02	-4.944e-02
195494.50	2.333e-03	5.597e-02	4.886e-02
195495.50	-3.216e-04	-1.037e-01	-7.603e-02
195496.50	2.246e-04	3.312e-02	3.274e-03
195497.50	9.888e-05	-8.851e-03	-2.774e-02
195498.50	-7.987e-04	5.117e-03	-1.930e-04
195499.50	1.046e-02	6.365e-02	-2.074e-01
195500.50	2.429e-03	1.238e-01	4.886e-02
195501.50	-9.533e-03	-2.851e-01	2.208e-02
195502.50	4.291e-04	1.402e-03	-6.576e-03
195503.50	-4.474e-03	-1.142e-01	4.502e-02
195504.50	-5.011e-04	1.334e-01	6.115e-02
195505.50	-2.064e-03	-6.653e-03	2.179e-02
195506.50	4.378e-03	7.968e-02	-4.339e-02
195507.50	2.198e-03	4.022e-02	-9.696e-02
195508.50	3.418e-03	6.720e-02	-2.621e-02
195509.50	-4.080e-03	-7.152e-02	2.362e-02
195510.50	3.955e-03	4.474e-02	-6.672e-02
195511.50	5.875e-03	2.333e-02	-1.411e-01
195512.50	4.637e-03	9.590e-02	-2.467e-02
195513.50	-4.262e-03	-4.704e-02	8.314e-02
195514.50	6.672e-03	1.382e-01	-5.002e-02
195515.50	-4.762e-03	7.930e-02	2.093e-01
195516.50	3.034e-03	6.394e-02	2.352e-02
195517.50	-2.179e-03	-1.075e-01	-1.066e-01
195518.50	-7.229e-04	-1.075e-01	-4.694e-02
195519.50	-5.107e-03	1.382e-02	1.219e-01
195520.50	-3.197e-03	6.586e-03	7.248e-02
195521.50	-1.901e-03	7.670e-02	1.018e-01
195522.50	-4.944e-03	-1.882e-02	1.536e-01
195523.50	-5.290e-03	-8.822e-02	1.027e-01
195524.50	4.358e-03	-3.389e-02	-8.803e-02
195525.50	7.555e-03	8.323e-02	-1.613e-01
195526.50	-5.846e-03	4.358e-02	1.450e-01
195527.50	-6.931e-03	1.747e-02	1.594e-01
195528.50	2.381e-03	1.594e-02	-2.342e-02
195529.50	2.813e-04	-1.891e-02	-6.202e-02
195530.50	-4.003e-03	-1.133e-01	-2.496e-02
195531.50	5.837e-03	6.595e-02	-9.984e-02
195532.50	7.190e-03	1.709e-01	-5.270e-02
195533.50	-3.629e-03	1.296e-02	6.662e-02
195534.50	8.102e-04	-6.979e-02	-7.680e-02
195535.50	-1.968e-04	-4.829e-02	-4.512e-02
195536.50	-6.010e-03	2.861e-03	1.181e-01
195537.50	-1.440e-03	6.682e-02	8.918e-02
195538.50	5.222e-03	5.472e-03	-1.142e-01
195539.50	5.837e-03	5.472e-02	-7.786e-02
195540.50	4.848e-04	1.699e-02	3.811e-02
195541.50	-2.467e-03	5.789e-02	8.995e-02
195542.50	7.795e-03	3.706e-02	-2.083e-01
195543.50	-2.630e-03	-6.682e-02	2.544e-03
195544.50	-1.661e-04	8.150e-02	6.384e-02
195545.50	-1.843e-03	1.104e-03	7.747e-02
195546.50	-1.718e-03	-1.258e-01	-5.558e-02
195547.50	9.245e-04	-1.661e-02	-8.544e-03
195548.50	3.504e-03	-1.315e-02	-9.888e-02
195549.50	-9.792e-03	-1.584e-01	1.258e-01
195550.50	3.571e-03	8.294e-03	-1.181e-01
195551.50	5.693e-03	1.046e-01	-3.994e-02
195552.50	-5.050e-03	-4.291e-03	1.594e-01
195553.50	-4.522e-03	-5.693e-02	2.352e-02
195554.50	3.629e-03	1.478e-01	1.565e-02
195555.50	-5.030e-03	-2.918e-02	8.544e-02
195556.50	-8.986e-04	-2.064e-02	-4.435e-02
195557.50	-4.368e-03	-2.179e-02	9.600e-02
195558.50	5.453e-03	-1.133e-01	-1.325e-01
195559.50	-1.574e-02	-3.946e-02	1.891e-01
195560.50	-2.342e-03	1.210e-01	1.565e-01
195561.50	1.027e-02	3.456e-02	-8.304e-02
195562.50	3.677e-03	8.448e-02	-6.010e-02
195563.50	-7.949e-04	-5.261e-02	-7.430e-02
195564.50	-5.453e-03	-7.373e-02	7.987e-02
195565.50	4.291e-03	1.584e-02	-8.237e-02
195566.50	9.561e-03	1.622e-01	-7.075e-02
195567.50	-5.040e-04	-4.963e-02	1.286e-02
195568.50	-5.280e-03	-1.546e-01	2.582e-02
195569.50	1.440e-03	1.987e-02	-4.848e-02
195570.50	5.261e-03	3.523e-02	-8.832e-02
195571.50	-1.805e-03	-2.419e-02	3.686e-02
195572.50	1.459e-03	1.018e-01	6.989e-02
195573.50	-5.837e-04	4.819e-02	5.626e-02
195574.50	6.202e-04	-8.592e-02	-1.027e-01
195575.50	-6.528e-05	6.413e-02	3.034e-02
195576.50	-4.848e-03	7.517e-02	1.555e-01
195577.50	4.051e-05	-9.561e-02	-1.430e-01
195578.50	-7.469e-04	-1.834e-02	-1.354e-02
195579.50	-1.152e-03	-1.171e-02	1.171e-02
195580.50	2.467e-04	3.197e-02	1.757e-02
195581.50	1.987e-03	4.387e-02	-1.795e-02
195582.50	8.045e-04	-8.534e-02	-1.056e-01
195583.50	-2.198e-03	-7.632e-02	-5.232e-03
195584.50	2.986e-03	-3.427e-02	-3.130e-02
195585.50	-3.206e-03	-7.891e-02	4.176e-02
195586.50	-3.062e-03	-3.350e-02	2.995e-02
195587.50	1.267e-03	7.133e-02	5.587e-02
195588.50	-4.646e-03	-2.074e-02	6.787e-02
195589.50	3.034e-03	6.874e-02	-3.562e-02
195590.50	5.021e-04	7.229e-02	5.117e-02
195591.50	3.158e-03	2.592e-02	-5.549e-03
195592.50	4.973e-03	1.219e-01	-4.704e-02
195593.50	4.579e-04	3.821e-03	-3.619e-02
195594.50	-3.658e-03	9.984e-03	9.350e-02
195595.50	5.386e-04	-2.064e-02	-1.094e-03
195596.50	-6.163e-04	-5.059e-02	-4.570e-02
195597.50	2.093e-04	5.971e-02	5.232e-02
195598.50	-3.158e-03	-6.173e-02	4.416e-03
195599.50	-3.158e-03	-1.046e-01	1.133e-02
195600.50	-3.965e-03	1.046e-03	1.238e-01
195601.50	-1.517e-03	9.696e-02	1.123e-01
195602.50	2.160e-03	3.418e-02	8.947e-03
195603.50	3.955e-03	9.792e-03	-9.888e-02
195604.50	-1.027e-03	-5.971e-02	-2.160e-02
195605.50	4.186e-03	9.888e-02	-1.680e-02
195606.50	-1.142e-03	-1.872e-02	2.832e-03
195607.50	1.536e-03	7.651e-06	-7.325e-02
195608.50	4.166e-03	1.238e-03	-5.232e-02
195609.50	-2.880e-03	-2.381e-02	6.154e-02
195610.50	-4.618e-03	-1.056e-01	3.475e-02
195611.50	3.187e-03	8.410e-02	-6.288e-02
195612.50	1.181e-03	-4.128e-02	-8.486e-02
195613.50	-1.651e-03	3.907e-02	7.949e-02
195614.50	-2.074e-03	-1.104e-02	2.938e-02
195615.50	-1.123e-03	-4.954e-03	8.266e-03
195616.50	1.632e-03	4.445e-02	-3.571e-02
195617.50	5.232e-04	-5.270e-03	-6.163e-03
195618.50	-1.958e-03	-3.590e-02	-9.533e-03
195619.50	1.421e-03	1.104e-01	2.870e-02
195620.50	1.507e-03	7.027e-02	3.398e-02
195621.50	-1.546e-03	-1.997e-02	3.158e-03
195622.50	2.525e-03	5.626e-02	-1.853e-02
195623.50	1.296e-04	-1.786e-03	4.963e-04
195624.50	2.986e-03	1.210e-02	-5.510e-02
195625.50	2.256e-03	4.272e-02	-4.973e-02
195626.50	-4.608e-04	-3.878e-02	4.291e-03
195627.50	-2.765e-03	-1.930e-02	5.453e-02
195628.50	-3.120e-03	-4.157e-02	4.022e-02
195629.50	3.168e-03	1.478e-02	-5.885e-02
195630.50	-7.814e-04	-6.787e-02	-3.197e-02
195631.50	-1.978e-03	-3.120e-02	2.966e-02
195632.50	1.171e-03	-3.763e-02	-6.922e-02
195633.50	-1.277e-03	1.421e-03	2.371e-02
195634.50	2.362e-03	3.398e-02	-6.941e-03
195635.50	9.696e-04	9.888e-03	-4.118e-02
195636.50	-2.342e-04	3.312e-02	1.363e-02
