1.950385e+05 -0.000000e+00 -0.000000e+00 0.000000e+00
1.950395e+05 -0.000000e+00 -0.000000e+00 0.000000e+00
1.950405e+05 -0.000000e+00 -0.000000e+00 0.000000e+00
1.950415e+05 -0.000000e+00 -0.000000e+00 0.000000e+00
1.950425e+05 -0.000000e+00 -0.000000e+00 0.000000e+00
1.950435e+05 -0.000000e+00 -0.000000e+00 0.000000e+00
1.950445e+05 -0.000000e+00 -0.000000e+00 0.000000e+00
1.950455e+05 -0.000000e+00 -0.000000e+00 0.000000e+00
1.950465e+05 -0.000000e+00 -0.000000e+00 0.000000e+00
1.950475e+05 -0.000000e+00 -0.000000e+00 0.000000e+00
1.950485e+05 -0.000000e+00 -0.000000e+00 0.000000e+00
1.950495e+05 -0.000000e+00 -0.000000e+00 0.000000e+00
1.950505e+05 -0.000000e+00 -0.000000e+00 0.000000e+00
1.950515e+05 -0.000000e+00 -0.000000e+00 0.000000e+00
1.950525e+05 -0.000000e+00 -0.000000e+00 0.000000e+00
1.950535e+05 -0.000000e+00 -0.000000e+00 0.000000e+00
1.950545e+05 -0.000000e+00 -0.000000e+00 0.000000e+00
1.950555e+05 -0.000000e+00 -0.000000e+00 0.000000e+00
1.950565e+05 -0.000000e+00 -0.000000e+00 0.000000e+00
1.950575e+05 -0.000000e+00 -0.000000e+00 0.000000e+00
1.950585e+05 -0.000000e+00 -0.000000e+00 0.000000e+00
1.950595e+05 -0.000000e+00 -0.000000e+00 0.000000e+00
1.950605e+05 -0.000000e+00 -0.000000e+00 0.000000e+00
1.950615e+05 -0.000000e+00 -0.000000e+00 0.000000e+00
1.950625e+05 -0.000000e+00 -0.000000e+00 0.000000e+00
1.950635e+05 -0.000000e+00 -0.000000e+00 0.000000e+00
1.950645e+05 -0.000000e+00 -0.000000e+00 0.000000e+00
1.950655e+05 -0.000000e+00 -0.000000e+00 0.000000e+00
1.950665e+05 -0.000000e+00 -0.000000e+00 0.000000e+00
1.950675e+05 -0.000000e+00 -0.000000e+00 0.000000e+00
1.950685e+05 -0.000000e+00 -0.000000e+00 0.000000e+00
1.950695e+05 -0.000000e+00 -0.000000e+00 0.000000e+00
1.950705e+05 -0.000000e+00 -0.000000e+00 0.000000e+00
1.950715e+05 -0.000000e+00 -0.000000e+00 0.000000e+00
1.950725e+05 -0.000000e+00 -0.000000e+00 0.000000e+00
1.950735e+05 -0.000000e+00 -0.000000e+00 0.000000e+00
1.950745e+05 -0.000000e+00 -0.000000e+00 0.000000e+00
1.950755e+05 -0.000000e+00 -0.000000e+00 0.000000e+00
1.950765e+05 -0.000000e+00 -0.000000e+00 0.000000e+00
1.950775e+05 -0.000000e+00 -0.000000e+00 0.000000e+00
1.950785e+05 -0.000000e+00 -0.000000e+00 0.000000e+00
1.950795e+05 -0.000000e+00 -0.000000e+00 0.000000e+00
1.950805e+05 -0.000000e+00 -0.000000e+00 0.000000e+00
1.950815e+05 -0.000000e+00 -0.000000e+00 0.000000e+00
1.950825e+05 -0.000000e+00 -0.000000e+00 0.000000e+00
1.950835e+05 -0.000000e+00 -0.000000e+00 0.000000e+00
1.950845e+05 -0.000000e+00 -0.000000e+00 0.000000e+00
1.950855e+05 -0.000000e+00 -0.000000e+00 0.000000e+00
1.950865e+05 -0.000000e+00 -0.000000e+00 0.000000e+00
1.950875e+05 -0.000000e+00 -0.000000e+00 0.000000e+00
1.950885e+05 -0.000000e+00 -0.000000e+00 0.000000e+00
1.950895e+05 -0.000000e+00 -0.000000e+00 0.000000e+00
1.950905e+05 -0.000000e+00 -0.000000e+00 0.000000e+00
1.950915e+05 -0.000000e+00 -0.000000e+00 0.000000e+00
1.950925e+05 -0.000000e+00 -0.000000e+00 0.000000e+00
1.950935e+05 -0.000000e+00 -0.000000e+00 0.000000e+00
1.950945e+05 -0.000000e+00 -0.000000e+00 0.000000e+00
1.950955e+05 -0.000000e+00 -0.000000e+00 0.000000e+00
1.950965e+05 -0.000000e+00 -0.000000e+00 0.000000e+00
1.950975e+05 -0.000000e+00 -0.000000e+00 0.000000e+00
1.950985e+05 -0.000000e+00 -0.000000e+00 0.000000e+00
1.950995e+05 -0.000000e+00 -0.000000e+00 0.000000e+00
1.951005e+05 -0.000000e+00 -0.000000e+00 0.000000e+00
1.951015e+05 -0.000000e+00 -0.000000e+00 0.000000e+00
1.951025e+05 -0.000000e+00 -0.000000e+00 0.000000e+00
1.951035e+05 -0.000000e+00 -0.000000e+00 0.000000e+00
1.951045e+05 -0.000000e+00 -0.000000e+00 0.000000e+00
1.951055e+05 -0.000000e+00 -0.000000e+00 0.000000e+00
1.951065e+05 -0.000000e+00 -0.000000e+00 0.000000e+00
1.951075e+05 -0.000000e+00 -0.000000e+00 0.000000e+00
1.951085e+05 -0.000000e+00 -0.000000e+00 0.000000e+00
1.951095e+05 -0.000000e+00 -0.000000e+00 0.000000e+00
1.951105e+05 -0.000000e+00 -0.000000e+00 0.000000e+00
1.951115e+05 -0.000000e+00 -0.000000e+00 0.000000e+00
1.951125e+05 -0.000000e+00 -0.000000e+00 0.000000e+00
1.951135e+05 -0.000000e+00 -0.000000e+00 0.000000e+00
1.951145e+05 -0.000000e+00 -0.000000e+00 0.000000e+00
1.951155e+05 -0.000000e+00 -0.000000e+00 0.000000e+00
1.951165e+05 -0.000000e+00 -0.000000e+00 0.000000e+00
1.951175e+05 -0.000000e+00 -0.000000e+00 0.000000e+00
1.951185e+05 -0.000000e+00 -0.000000e+00 0.000000e+00
1.951195e+05 -0.000000e+00 -0.000000e+00 0.000000e+00
1.951205e+05 -0.000000e+00 -0.000000e+00 0.000000e+00
1.951215e+05 -0.000000e+00 -0.000000e+00 0.000000e+00
1.951225e+05 -0.000000e+00 -0.000000e+00 0.000000e+00
1.951235e+05 -0.000000e+00 -0.000000e+00 0.000000e+00
1.951245e+05 -0.000000e+00 -0.000000e+00 0.000000e+00
1.951255e+05 -0.000000e+00 -0.000000e+00 0.000000e+00
1.951265e+05 -0.000000e+00 -0.000000e+00 0.000000e+00
1.951275e+05 -0.000000e+00 -0.000000e+00 0.000000e+00
1.951285e+05 -0.000000e+00 -0.000000e+00 0.000000e+00
1.951295e+05 -0.000000e+00 -0.000000e+00 0.000000e+00
1.951305e+05 -0.000000e+00 -0.000000e+00 0.000000e+00
1.951315e+05 -0.000000e+00 -0.000000e+00 0.000000e+00
1.951325e+05 -0.000000e+00 -0.000000e+00 0.000000e+00
1.951335e+05 -0.000000e+00 -0.000000e+00 0.000000e+00
1.951345e+05 -0.000000e+00 -0.000000e+00 0.000000e+00
1.951355e+05 -0.000000e+00 -0.000000e+00 0.000000e+00
1.951365e+05 -0.000000e+00 -0.000000e+00 0.000000e+00
1.951375e+05 -0.000000e+00 -0.000000e+00 0.000000e+00
1.951385e+05 -0.000000e+00 -0.000000e+00 0.000000e+00
1.951395e+05 -0.000000e+00 -0.000000e+00 0.000000e+00
1.951405e+05 -0.000000e+00 -0.000000e+00 0.000000e+00
1.951415e+05 -0.000000e+00 -0.000000e+00 0.000000e+00
1.951425e+05 -0.000000e+00 -0.000000e+00 0.000000e+00
1.951435e+05 -0.000000e+00 -0.000000e+00 0.000000e+00
1.951445e+05 -0.000000e+00 -0.000000e+00 0.000000e+00
1.951455e+05 -0.000000e+00 -0.000000e+00 0.000000e+00
1.951465e+05 -0.000000e+00 -0.000000e+00 0.000000e+00
1.951475e+05 -0.000000e+00 -0.000000e+00 0.000000e+00
1.951485e+05 -0.000000e+00 -0.000000e+00 0.000000e+00
1.951495e+05 -0.000000e+00 -0.000000e+00 0.000000e+00
1.951505e+05 -0.000000e+00 -0.000000e+00 0.000000e+00
1.951515e+05 7.770000e-06 -1.130000e-03 -9.540000e-04
1.951525e+05 1.120000e-04 -2.260000e-03 -3.390000e-03
1.951535e+05 1.380000e-04 1.470000e-03 -2.070000e-03
1.951545e+05 2.250000e-04 -1.140000e-03 -5.080000e-03
1.951555e+05 5.060000e-05 4.460000e-03 -2.520000e-03
1.951565e+05 -2.270000e-04 4.080000e-04 5.820000e-03
1.951575e+05 3.450000e-04 -6.300000e-03 -4.550000e-03
1.951585e+05 4.530000e-05 3.020000e-03 -5.290000e-03
1.951595e+05 -1.660000e-04 -2.280000e-03 6.090000e-03
1.951605e+05 -2.120000e-04 5.470000e-03 7.950000e-03
1.951615e+05 -1.780000e-05 8.030000e-03 1.020000e-03
1.951625e+05 3.080000e-04 -1.790000e-02 -1.090000e-02
1.951635e+05 -2.270000e-04 2.220000e-02 1.620000e-02
1.951645e+05 5.820000e-04 -1.720000e-02 -2.060000e-02
1.951655e+05 2.380000e-03 -2.360000e-01 -1.210000e-01
1.951665e+05 -6.210000e-03 2.110000e-01 3.110000e-01
1.951675e+05 -1.360000e-04 -9.430000e-02 -2.250000e-02
1.951685e+05 2.560000e-03 -8.000000e-02 -1.270000e-01
1.951695e+05 6.970000e-04 1.010000e-01 -7.500000e-02
1.951705e+05 9.460000e-04 -5.500000e-02 3.000000e-02
1.951715e+05 9.460000e-04 -3.630000e-01 -4.980000e-02
1.951725e+05 -1.060000e-04 -8.180000e-01 -4.500000e-02
1.951735e+05 -1.140000e-02 -2.340000e+00 7.230000e-01
1.951745e+05 -3.810000e-03 -1.020000e+01 2.320000e-01
1.951755e+05 5.510000e-02 -3.770000e+01 -3.500000e+00
1.951765e+05 4.100000e-02 -9.300000e+01 -2.040000e+00
1.951775e+05 1.090000e-01 -2.010000e+02 -5.760000e+00
1.951785e+05 1.190000e-01 -3.060000e+02 -6.500000e+00
1.951795e+05 1.080000e-03 -1.840000e+02 2.950000e+00
1.951805e+05 1.970000e-01 -3.460000e+02 -9.020000e+00
1.951815e+05 1.850000e-01 -1.560000e+02 -9.670000e+00
1.951825e+05 5.620000e-02 3.400000e+01 -1.710000e+00
1.951835e+05 -9.170000e-02 1.040000e+02 8.430000e+00
1.951845e+05 1.240000e-02 1.090000e+02 6.480000e-01
1.951855e+05 -9.330000e-03 9.890000e+01 1.120000e+00
1.951865e+05 -3.710000e-02 8.320000e+01 2.680000e+00
1.951875e+05 5.320000e-02 7.270000e+01 -3.500000e+00
1.951885e+05 -5.780000e-02 6.630000e+01 3.900000e+00
1.951895e+05 -4.970000e-02 6.080000e+01 3.580000e+00
1.951905e+05 -1.990000e-02 4.700000e+01 9.580000e-01
1.951915e+05 1.570000e-02 4.660000e+01 -1.170000e+00
1.951925e+05 4.560000e-02 4.480000e+01 -4.380000e+00
1.951935e+05 -4.160000e-02 3.890000e+01 2.830000e+00
1.951945e+05 1.060000e-02 3.580000e+01 -9.370000e-01
1.951955e+05 4.970000e-03 3.230000e+01 -9.500000e-01
1.951965e+05 -6.600000e-02 2.890000e+01 4.180000e+00
1.951975e+05 -2.030000e-02 2.620000e+01 1.210000e+00
1.951985e+05 -1.100000e-02 2.600000e+01 5.490000e-01
1.951995e+05 -6.430000e-02 2.340000e+01 3.570000e+00
1.952005e+05 -3.780000e-02 2.060000e+01 2.310000e+00
1.952015e+05 1.240000e-02 1.760000e+01 -1.230000e+00
1.952025e+05 3.410000e-04 1.640000e+01 -5.720000e-01
1.952035e+05 2.860000e-03 1.610000e+01 -3.270000e-01
1.952045e+05 1.460000e-02 1.440000e+01 -1.700000e+00
1.952055e+05 -4.000000e-02 1.570000e+01 2.330000e+00
1.952065e+05 -6.940000e-03 1.420000e+01 6.260000e-01
1.952075e+05 -2.990000e-02 1.320000e+01 1.540000e+00
1.952085e+05 6.840000e-03 1.370000e+01 4.470000e-01
1.952095e+05 1.910000e-02 1.270000e+01 -7.740000e-01
1.952105e+05 -3.120000e-02 1.120000e+01 -6.110000e-01
1.952115e+05 9.450000e-03 9.330000e+00 -9.410000e-01
1.952125e+05 -1.330000e-02 7.840000e+00 7.500000e-01
1.952135e+05 -1.550000e-02 9.170000e+00 6.920000e-01
1.952145e+05 5.160000e-03 8.080000e+00 -6.740000e-01
1.952155e+05 -3.910000e-02 7.840000e+00 2.310000e+00
1.952165e+05 -1.450000e-02 6.190000e+00 6.440000e-01
1.952175e+05 -1.820000e-03 7.800000e+00 -2.390000e-02
1.952185e+05 -6.540000e-03 7.260000e+00 5.330000e-01
1.952195e+05 -1.250000e-02 5.870000e+00 5.250000e-01
1.952205e+05 -1.800000e-02 5.400000e+00 5.670000e-01
1.952215e+05 -3.560000e-03 6.360000e+00 1.050000e-01
1.952225e+05 -1.710000e-02 5.280000e+00 9.860000e-01
1.952235e+05 -1.230000e-02 4.900000e+00 1.760000e-01
1.952245e+05 -1.300000e-02 4.440000e+00 5.860000e-01
1.952255e+05 8.610000e-03 3.270000e+00 -4.470000e-01
1.952265e+05 -5.710000e-03 3.360000e+00 3.940000e-01
1.952275e+05 -1.520000e-02 3.850000e+00 4.380000e-01
1.952285e+05 -4.880000e-03 2.900000e+00 9.470000e-02
1.952295e+05 2.550000e-03 4.340000e+00 -2.060000e-01
1.952305e+05 2.140000e-03 4.840000e+00 -3.860000e-02
1.952315e+05 -7.410000e-03 3.100000e+00 4.970000e-01
1.952325e+05 -4.790000e-03 3.820000e+00 -7.630000e-02
1.952335e+05 -4.750000e-04 2.130000e+00 -4.800000e-01
1.952345e+05 -6.710000e-03 2.290000e+00 6.660000e-01
1.952355e+05 -7.770000e-03 2.440000e+00 2.840000e-01
1.952365e+05 -4.690000e-03 3.170000e+00 1.360000e-01
1.952375e+05 -1.340000e-02 2.800000e+00 6.130000e-01
1.952385e+05 1.080000e-02 2.220000e+00 -5.560000e-01
1.952395e+05 -1.230000e-02 1.680000e+00 5.300000e-01
1.952405e+05 -1.720000e-02 1.790000e+00 7.150000e-01
1.952415e+05 -2.020000e-03 1.330000e+00 1.970000e-01
1.952425e+05 8.970000e-03 2.480000e+00 -5.140000e-01
1.952435e+05 5.970000e-03 1.920000e+00 -3.710000e-01
1.952445e+05 -4.670000e-03 1.280000e+00 9.410000e-02
1.952455e+05 1.470000e-03 1.830000e+00 -1.910000e-01
1.952465e+05 -5.110000e-03 1.420000e+00 1.760000e-01
1.952475e+05 7.080000e-03 1.380000e+00 -5.150000e-01
1.952485e+05 -7.590000e-03 1.430000e+00 2.880000e-01
1.952495e+05 -4.850000e-03 1.440000e+00 2.490000e-01
1.952505e+05 -2.350000e-03 9.230000e-01 -2.440000e-01
1.952515e+05 9.420000e-03 1.410000e+00 -3.330000e-01
1.952525e+05 1.790000e-04 1.460000e+00 -2.670000e-02
1.952535e+05 -8.710000e-03 9.920000e-01 1.610000e-01
1.952545e+05 -2.920000e-03 7.320000e-01 3.930000e-01
1.952555e+05 2.310000e-03 1.050000e+00 -8.850000e-02
1.952565e+05 3.880000e-03 1.220000e+00 -2.680000e-01
1.952575e+05 -6.690000e-03 8.830000e-01 4.270000e-01
1.952585e+05 -9.850000e-03 3.790000e-01 4.830000e-01
1.952595e+05 2.260000e-03 8.010000e-01 -2.540000e-01
1.952605e+05 -8.630000e-03 1.070000e+00 2.540000e-01
1.952615e+05 -1.210000e-03 1.400000e+00 -9.160000e-02
1.952625e+05 3.810000e-03 9.060000e-01 3.080000e-03
1.952635e+05 -1.150000e-02 3.810000e-01 8.760000e-01
1.952645e+05 2.740000e-03 5.450000e-01 -1.640000e-01
1.952655e+05 6.430000e-03 4.780000e-01 -3.280000e-01
1.952665e+05 7.270000e-03 9.340000e-01 -5.750000e-01
1.952675e+05 -3.590000e-03 1.180000e-01 1.050000e-01
1.952685e+05 7.090000e-04 6.010000e-01 -9.180000e-02
1.952695e+05 -2.490000e-03 5.080000e-01 8.640000e-02
1.952705e+05 2.470000e-03 8.020000e-01 -2.540000e-01
1.952715e+05 -7.400000e-03 2.920000e-01 2.970000e-01
1.952725e+05 -1.280000e-03 2.550000e-01 -1.860000e-01
1.952735e+05 6.650000e-03 8.650000e-01 -2.980000e-01
1.952745e+05 -8.530000e-03 5.890000e-01 4.390000e-01
1.952755e+05 -9.780000e-03 2.920000e-01 4.930000e-01
1.952765e+05 6.430000e-05 2.730000e-01 -1.070000e-01
1.952775e+05 2.090000e-03 3.470000e-01 -2.200000e-01
1.952785e+05 1.680000e-03 4.910000e-01 3.290000e-02
1.952795e+05 2.370000e-03 7.160000e-01 -1.360000e-01
1.952805e+05 -3.050000e-03 5.600000e-01 7.800000e-02
1.952815e+05 -5.520000e-03 1.970000e-02 3.030000e-01
1.952825e+05 7.520000e-04 3.020000e-01 -1.450000e-02
1.952835e+05 -2.290000e-03 3.500000e-01 1.350000e-01
1.952845e+05 -6.000000e-03 -1.820000e-02 2.460000e-01
1.952855e+05 6.040000e-03 1.570000e-01 -4.050000e-01
1.952865e+05 9.450000e-03 6.660000e-01 -6.150000e-01
1.952875e+05 -2.890000e-03 2.480000e-01 2.850000e-02
1.952885e+05 -5.490000e-03 4.130000e-01 2.850000e-01
1.952895e+05 3.480000e-03 3.290000e-01 -1.600000e-01
1.952905e+05 2.640000e-03 1.040000e-01 -7.240000e-04
1.952915e+05 -7.430000e-03 5.530000e-01 1.830000e-01
1.952925e+05 2.950000e-03 -1.890000e-02 -1.830000e-01
1.952935e+05 -9.220000e-04 2.990000e-01 4.920000e-02
1.952945e+05 -9.570000e-04 3.620000e-01 -1.240000e-01
1.952955e+05 -6.640000e-03 3.930000e-01 4.850000e-01
1.952965e+05 -7.210000e-04 -2.530000e-01 -2.800000e-02
1.952975e+05 -6.650000e-04 5.420000e-02 8.110000e-02
1.952985e+05 1.080000e-03 9.230000e-02 1.270000e-01
1.952995e+05 -3.020000e-03 1.910000e-01 -8.320000e-02
1.953005e+05 1.990000e-03 3.050000e-01 -6.930000e-02
1.953015e+05 4.400000e-03 2.140000e-01 -2.160000e-01
1.953025e+05 -1.880000e-03 3.690000e-02 -1.400000e-01
1.953035e+05 1.430000e-03 3.210000e-01 1.410000e-01
1.953045e+05 -1.870000e-03 1.630000e-01 1.700000e-01
1.953055e+05 -4.780000e-03 2.340000e-02 -1.040000e-02
1.953065e+05 1.870000e-03 4.140000e-01 -4.480000e-02
1.953075e+05 -2.100000e-03 1.510000e-01 3.860000e-02
1.953085e+05 -3.800000e-03 1.970000e-01 1.850000e-01
1.953095e+05 2.560000e-03 2.220000e-01 2.110000e-03
1.953105e+05 -3.730000e-04 4.790000e-02 -2.900000e-02
1.953115e+05 6.780000e-03 4.340000e-01 4.780000e-02
1.953125e+05 4.010000e-03 -1.450000e-01 -1.690000e-01
1.953135e+05 -3.350000e-03 4.050000e-01 1.050000e-01
1.953145e+05 -9.100000e-04 4.220000e-01 1.050000e-01
1.953155e+05 -1.240000e-03 2.800000e-02 1.430000e-01
1.953165e+05 4.980000e-03 -1.250000e-01 -2.280000e-01
1.953175e+05 -2.920000e-03 2.670000e-02 6.450000e-02
1.953185e+05 -2.590000e-03 2.520000e-02 -5.170000e-02
1.953195e+05 -4.500000e-03 -2.540000e-01 4.620000e-02
1.953205e+05 3.470000e-03 -1.700000e-01 -8.580000e-02
1.953215e+05 -8.100000e-04 2.740000e-01 -1.830000e-01
1.953225e+05 -8.270000e-03 3.820000e-01 7.090000e-02
1.953235e+05 4.810000e-03 1.980000e-01 -1.380000e-02
1.953245e+05 -2.260000e-03 1.590000e-01 2.780000e-01
1.953255e+05 2.780000e-04 -4.960000e-02 2.090000e-01
1.953265e+05 1.550000e-02 1.010000e-01 -4.630000e-01
1.953275e+05 -1.510000e-02 -8.530000e-02 1.320000e-01
1.953285e+05 -1.010000e-02 1.510000e-01 1.760000e-01
1.953295e+05 -5.820000e-04 9.670000e-02 -7.680000e-02
1.953305e+05 3.280000e-03 1.570000e-01 1.160000e-01
1.953315e+05 1.070000e-02 1.260000e-01 -2.490000e-02
1.953325e+05 -1.890000e-02 -5.250000e-02 -1.360000e-01
1.953335e+05 1.080000e-02 2.840000e-02 -8.980000e-02
1.953345e+05 2.370000e-03 -1.450000e-02 9.050000e-02
1.953355e+05 5.540000e-04 4.450000e-01 -2.920000e-02
1.953365e+05 -3.600000e-03 1.110000e-01 -4.710000e-02
1.953375e+05 -3.250000e-03 -1.750000e-01 -1.700000e-02
1.953385e+05 9.550000e-03 1.200000e-01 -1.020000e-02
1.953395e+05 -4.060000e-03 8.690000e-02 1.560000e-01
1.953405e+05 -1.190000e-03 1.230000e-01 2.900000e-02
1.953415e+05 1.300000e-03 2.100000e-01 -3.250000e-02
1.953425e+05 -2.770000e-03 -9.420000e-02 1.210000e-01
1.953435e+05 5.510000e-03 1.650000e-01 -1.970000e-01
1.953445e+05 -1.470000e-03 3.050000e-02 -3.310000e-02
1.953455e+05 -5.440000e-03 1.150000e-02 6.620000e-02
1.953465e+05 -1.460000e-03 -3.660000e-04 -2.930000e-02
1.953475e+05 -6.140000e-04 7.650000e-02 -1.170000e-02
1.953485e+05 3.590000e-03 -1.540000e-01 4.000000e-02
1.953495e+05 3.020000e-03 1.590000e-01 4.660000e-02
1.953505e+05 -6.460000e-04 8.730000e-02 1.190000e-01
1.953515e+05 1.230000e-03 -7.060000e-02 -1.560000e-02
1.953525e+05 -1.060000e-03 1.100000e-03 1.340000e-01
1.953535e+05 1.590000e-03 1.810000e-02 -8.210000e-02
1.953545e+05 3.500000e-03 2.140000e-03 -7.330000e-02
1.953555e+05 2.970000e-03 1.200000e-01 5.290000e-02
1.953565e+05 2.780000e-03 2.240000e-02 -1.440000e-01
1.953575e+05 2.150000e-02 1.890000e-01 1.090000e-01
1.953585e+05 3.950000e-03 -1.280000e-01 -7.190000e-02
1.953595e+05 2.460000e-04 2.390000e-01 -2.930000e-02
1.953605e+05 -5.260000e-03 5.590000e-02 2.650000e-03
1.953615e+05 -1.260000e-02 9.480000e-02 5.550000e-02
1.953625e+05 -1.120000e-02 -1.520000e-01 4.800000e-02
1.953635e+05 4.870000e-02 3.130000e-01 6.730000e-02
1.953645e+05 -1.130000e-03 -3.110000e-02 9.470000e-02
1.953655e+05 -7.170000e-02 -4.350000e-01 -1.130000e-01
1.953665e+05 -4.070000e-02 3.630000e-02 2.620000e-01
1.953675e+05 5.560000e-03 7.640000e-02 1.040000e-01
1.953685e+05 1.030000e-02 2.130000e-01 2.410000e-02
1.953695e+05 7.060000e-03 -1.640000e-01 -1.380000e-01
1.953705e+05 -2.260000e-03 1.620000e-01 5.980000e-02
1.953715e+05 1.170000e-02 1.060000e-01 2.550000e-02
1.953725e+05 2.160000e-02 1.990000e-01 -1.380000e-02
1.953735e+05 -6.440000e-03 3.230000e-02 2.240000e-01
1.953745e+05 2.680000e-03 6.620000e-02 -1.030000e-01
1.953755e+05 -9.670000e-04 -2.970000e-02 5.490000e-02
1.953765e+05 2.810000e-03 -1.480000e-01 -8.420000e-02
1.953775e+05 -1.650000e-04 -1.540000e-02 -8.840000e-02
1.953785e+05 -2.710000e-03 1.620000e-01 1.900000e-01
1.953795e+05 2.430000e-04 3.040000e-02 5.360000e-02
1.953805e+05 -2.360000e-03 7.330000e-02 3.980000e-02
1.953815e+05 1.860000e-03 6.710000e-02 -1.240000e-01
1.953825e+05 -5.850000e-04 1.660000e-01 -2.210000e-02
1.953835e+05 -1.610000e-03 1.610000e-02 2.830000e-02
1.953845e+05 3.700000e-03 -4.360000e-02 -1.680000e-01
1.953855e+05 1.190000e-03 -4.300000e-02 3.410000e-03
1.953865e+05 1.240000e-03 -9.030000e-02 -3.190000e-02
1.953875e+05 -2.190000e-03 3.460000e-02 1.380000e-01
1.953885e+05 -1.970000e-03 1.100000e-01 -5.300000e-02
1.953895e+05 -9.840000e-04 -1.290000e-02 5.120000e-02
1.953905e+05 -3.590000e-04 7.610000e-03 -3.900000e-03
1.953915e+05 -1.740000e-03 7.980000e-02 4.840000e-02
1.953925e+05 -1.270000e-03 -7.500000e-02 4.560000e-02
1.953935e+05 6.310000e-04 -8.130000e-02 5.930000e-02
1.953945e+05 2.620000e-04 -4.230000e-02 -5.770000e-02
1.953955e+05 -2.570000e-04 9.170000e-02 -3.880000e-02
1.953965e+05 -1.820000e-03 -5.940000e-02 -6.100000e-02
1.953975e+05 9.050000e-03 5.830000e-02 -4.950000e-02
1.953985e+05 1.200000e-03 1.490000e-01 1.740000e-02
1.953995e+05 -7.260000e-04 8.230000e-02 9.590000e-02
1.954005e+05 -2.780000e-03 7.290000e-02 -2.330000e-03
1.954015e+05 -8.390000e-04 -3.700000e-02 1.140000e-01
1.954025e+05 -3.700000e-03 -1.020000e-01 1.050000e-01
1.954035e+05 -8.640000e-03 -3.840000e-02 1.420000e-01
1.954045e+05 -2.090000e-03 6.510000e-02 7.190000e-02
1.954055e+05 -1.010000e-04 -1.840000e-01 -1.280000e-01
1.954065e+05 -4.040000e-03 9.110000e-02 -2.290000e-02
1.954075e+05 -4.930000e-04 4.440000e-02 -2.570000e-02
1.954085e+05 3.400000e-04 -4.170000e-02 -1.310000e-01
1.954095e+05 2.290000e-03 7.990000e-02 -8.990000e-03
1.954105e+05 -2.390000e-03 -1.540000e-02 -1.240000e-02
1.954115e+05 6.900000e-04 9.960000e-02 -1.610000e-01
1.954125e+05 -4.130000e-04 -6.120000e-02 2.380000e-01
1.954135e+05 -1.380000e-02 -8.210000e-02 2.570000e-01
1.954145e+05 -2.960000e-03 -9.090000e-02 -3.410000e-02
1.954155e+05 -7.730000e-03 8.110000e-02 -3.380000e-02
1.954165e+05 7.370000e-03 1.340000e-01 -1.260000e-01
1.954175e+05 3.260000e-03 1.510000e-02 -1.900000e-01
1.954185e+05 2.820000e-03 -1.030000e-01 -1.080000e-01
1.954195e+05 1.010000e-03 -1.240000e-01 8.570000e-02
1.954205e+05 -2.810000e-03 -6.480000e-02 1.750000e-01
1.954215e+05 -1.430000e-05 8.490000e-02 -4.550000e-03
1.954225e+05 5.900000e-03 -4.600000e-02 2.010000e-02
1.954235e+05 -6.400000e-04 2.690000e-02 -1.030000e-02
1.954245e+05 1.110000e-03 -5.750000e-02 -6.230000e-02
1.954255e+05 2.240000e-03 6.800000e-02 -6.340000e-02
1.954265e+05 -1.510000e-03 1.020000e-01 -4.090000e-02
1.954275e+05 -2.030000e-03 2.290000e-02 3.090000e-02
1.954285e+05 -3.540000e-03 -4.050000e-02 -3.360000e-02
1.954295e+05 2.360000e-03 -4.350000e-02 -6.900000e-02
1.954305e+05 1.780000e-03 9.730000e-02 6.320000e-02
1.954315e+05 1.470000e-03 -8.900000e-03 -1.630000e-02
1.954325e+05 -2.670000e-03 9.010000e-02 -6.840000e-02
1.954335e+05 -4.890000e-03 7.440000e-02 3.220000e-02
1.954345e+05 8.810000e-05 -4.520000e-04 -2.690000e-02
1.954355e+05 5.250000e-04 2.940000e-02 5.880000e-02
1.954365e+05 4.780000e-03 1.980000e-03 6.110000e-02
1.954375e+05 -5.170000e-04 -1.170000e-01 -4.660000e-02
1.954385e+05 -5.320000e-03 2.190000e-02 8.330000e-02
1.954395e+05 3.620000e-03 2.500000e-03 8.550000e-02
1.954405e+05 2.020000e-03 4.940000e-02 -1.060000e-01
1.954415e+05 -5.040000e-04 7.250000e-03 1.420000e-02
1.954425e+05 -8.950000e-03 -6.070000e-02 2.170000e-02
1.954435e+05 2.420000e-03 -3.130000e-02 -9.910000e-02
1.954445e+05 9.140000e-04 -7.180000e-03 -1.520000e-01
1.954455e+05 3.580000e-03 4.040000e-02 -1.630000e-02
1.954465e+05 2.360000e-03 2.250000e-02 1.040000e-02
1.954475e+05 -1.600000e-03 3.950000e-02 -5.300000e-02
1.954485e+05 -8.110000e-04 -6.130000e-02 8.120000e-02
1.954495e+05 -5.110000e-03 1.130000e-01 6.730000e-02
1.954505e+05 1.820000e-02 -1.710000e-02 -8.240000e-02
1.954515e+05 -1.940000e-03 -3.430000e-02 -2.570000e-02
1.954525e+05 5.660000e-03 -8.820000e-02 -7.250000e-02
1.954535e+05 -1.200000e-03 1.860000e-02 -1.070000e-01
1.954545e+05 -2.030000e-03 -8.390000e-02 2.000000e-01
1.954555e+05 -2.460000e-03 3.000000e-02 6.580000e-02
1.954565e+05 -2.020000e-03 1.370000e-01 -3.360000e-02
1.954575e+05 1.790000e-03 -1.460000e-01 3.290000e-02
1.954585e+05 -9.820000e-04 1.520000e-02 -5.730000e-02
1.954595e+05 3.170000e-04 3.320000e-02 6.540000e-02
1.954605e+05 6.870000e-03 5.970000e-02 -1.000000e-01
1.954615e+05 -9.310000e-03 -5.380000e-02 8.400000e-02
1.954625e+05 -5.470000e-03 -6.530000e-03 1.330000e-01
1.954635e+05 9.150000e-04 3.320000e-02 -3.050000e-02
1.954645e+05 1.410000e-03 3.860000e-02 1.980000e-02
1.954655e+05 -6.510000e-03 1.930000e-01 -2.290000e-02
1.954665e+05 -1.560000e-02 7.230000e-02 -1.150000e-02
1.954675e+05 -2.530000e-03 -1.190000e-01 2.860000e-02
1.954685e+05 1.890000e-02 -1.010000e-01 -3.250000e-03
1.954695e+05 -1.160000e-02 -6.570000e-02 -1.720000e-02
1.954705e+05 2.950000e-04 8.650000e-02 -7.550000e-03
1.954715e+05 1.840000e-02 1.020000e-01 1.370000e-02
1.954725e+05 8.210000e-03 -1.510000e-01 -1.040000e-01
1.954735e+05 6.410000e-03 -6.870000e-03 -1.670000e-01
1.954745e+05 -3.220000e-03 7.270000e-02 1.000000e-01
1.954755e+05 1.570000e-02 5.480000e-02 -7.990000e-02
1.954765e+05 2.980000e-02 -2.360000e-01 -1.220000e-01
1.954775e+05 2.450000e-02 -2.070000e-01 -1.050000e-01
1.954785e+05 -2.300000e-02 1.550000e-01 6.780000e-02
1.954795e+05 -3.060000e-02 -1.300000e-01 3.590000e-01
1.954805e+05 -1.540000e-02 7.010000e-02 1.490000e-01
1.954815e+05 -8.130000e-03 -7.150000e-02 -4.190000e-02
1.954825e+05 -2.500000e-04 8.790000e-02 -1.590000e-02
1.954835e+05 -4.500000e-03 6.520000e-03 -7.840000e-02
1.954845e+05 -4.390000e-03 -1.020000e-01 -8.020000e-03
1.954855e+05 -3.810000e-03 4.130000e-02 2.680000e-02
1.954865e+05 4.320000e-03 1.720000e-01 -7.610000e-02
1.954875e+05 1.120000e-02 1.050000e-01 1.230000e-02
1.954885e+05 -1.520000e-03 6.940000e-03 -2.010000e-02
1.954895e+05 -4.010000e-03 -4.780000e-02 -1.170000e-02
1.954905e+05 -1.880000e-02 -8.660000e-02 1.390000e-02
1.954915e+05 1.780000e-03 -9.700000e-02 -4.110000e-02
1.954925e+05 3.920000e-03 5.650000e-02 8.450000e-02
1.954935e+05 -3.030000e-03 4.430000e-02 4.520000e-02
1.954945e+05 2.780000e-03 5.600000e-02 4.230000e-02
1.954955e+05 6.950000e-03 1.290000e-01 4.390000e-02
1.954965e+05 2.650000e-03 -4.870000e-02 -2.060000e-02
1.954975e+05 -4.670000e-03 -1.200000e-02 -4.720000e-02
1.954985e+05 -4.260000e-04 1.570000e-02 1.000000e-02
1.954995e+05 3.170000e-04 -1.020000e-01 -4.230000e-02
1.955005e+05 8.410000e-03 -3.610000e-02 8.990000e-03
1.955015e+05 1.670000e-03 5.950000e-02 -5.500000e-02
1.955025e+05 1.620000e-03 3.380000e-02 -2.030000e-02
1.955035e+05 9.000000e-04 -9.980000e-02 4.770000e-02
1.955045e+05 3.590000e-02 1.220000e-01 -1.800000e-01
1.955055e+05 4.500000e-03 1.090000e-01 1.700000e-02
1.955065e+05 -1.190000e-03 8.170000e-03 -1.850000e-02
1.955075e+05 -5.310000e-03 5.340000e-02 2.860000e-03
1.955085e+05 -5.980000e-03 -3.730000e-02 1.260000e-02
1.955095e+05 8.360000e-03 4.840000e-02 1.550000e-02
1.955105e+05 -1.920000e-03 2.670000e-02 2.190000e-02
1.955115e+05 3.600000e-04 -4.380000e-02 -1.570000e-01
1.955125e+05 -3.590000e-02 -1.020000e-01 6.480000e-02
1.955135e+05 1.250000e-03 9.450000e-03 8.620000e-05
1.955145e+05 6.230000e-04 7.670000e-03 1.780000e-02
1.955155e+05 -5.420000e-04 -4.400000e-02 5.700000e-02
1.955165e+05 -5.040000e-04 3.220000e-02 -4.860000e-03
1.955175e+05 -6.530000e-04 5.140000e-03 1.960000e-02
1.955185e+05 1.540000e-03 1.630000e-02 1.150000e-02
1.955195e+05 2.110000e-03 -5.200000e-02 -4.170000e-02
1.955205e+05 -6.500000e-04 -4.990000e-02 3.270000e-02
1.955215e+05 -1.570000e-03 5.050000e-03 4.600000e-02
1.955225e+05 -8.560000e-03 -2.110000e-02 -4.930000e-02
1.955235e+05 4.050000e-03 2.190000e-03 3.140000e-02
1.955245e+05 2.420000e-03 -3.290000e-02 3.170000e-02
1.955255e+05 9.570000e-04 1.010000e-02 -7.140000e-02
1.955265e+05 1.730000e-04 -8.210000e-02 4.520000e-02
1.955275e+05 -8.080000e-04 2.800000e-02 6.530000e-02
1.955285e+05 -3.690000e-03 3.400000e-02 -5.230000e-03
1.955295e+05 1.150000e-04 -2.010000e-02 -2.150000e-03
1.955305e+05 2.160000e-03 -1.610000e-02 -5.590000e-02
1.955315e+05 -5.520000e-03 1.060000e-02 2.680000e-02
1.955325e+05 -2.010000e-03 -2.290000e-02 2.250000e-02
1.955335e+05 7.800000e-05 6.780000e-02 5.410000e-02
1.955345e+05 3.700000e-06 1.330000e-02 -3.570000e-03
1.955355e+05 8.410000e-04 -4.380000e-02 8.970000e-03
1.955365e+05 1.530000e-03 -2.210000e-02 -5.750000e-02
1.955375e+05 -1.450000e-03 2.020000e-02 1.710000e-03
1.955385e+05 -3.170000e-03 -8.310000e-04 -1.110000e-02
1.955395e+05 7.700000e-04 2.860000e-02 -6.990000e-02
1.955405e+05 8.720000e-04 -9.720000e-03 -6.020000e-04
1.955415e+05 -1.820000e-03 2.580000e-02 3.340000e-02
1.955425e+05 1.580000e-03 2.850000e-02 6.040000e-03
1.955435e+05 7.900000e-04 1.030000e-02 -1.550000e-02
1.955445e+05 3.020000e-04 -2.710000e-02 4.800000e-03
1.955455e+05 -1.200000e-03 6.450000e-02 -3.430000e-02
1.955465e+05 -1.430000e-03 3.600000e-02 3.840000e-03
1.955475e+05 1.150000e-04 -2.870000e-02 -3.720000e-02
1.955485e+05 4.240000e-04 -4.020000e-02 -1.820000e-02
1.955495e+05 2.320000e-02 1.680000e-01 -7.790000e-02
1.955505e+05 -3.190000e-03 3.240000e-03 -5.400000e-02
1.955515e+05 -1.130000e-02 -4.650000e-02 6.810000e-02
1.955525e+05 2.700000e-04 5.020000e-02 -1.640000e-02
1.955535e+05 -3.440000e-04 -5.640000e-02 -9.020000e-03
1.955545e+05 -1.700000e-04 1.240000e-02 6.380000e-02
1.955555e+05 9.210000e-04 -1.700000e-03 6.540000e-03
1.955565e+05 -7.000000e-04 2.700000e-02 4.000000e-02
1.955575e+05 -2.160000e-03 -2.960000e-02 1.340000e-02
1.955585e+05 -2.070000e-03 -5.630000e-02 3.180000e-02
1.955595e+05 9.050000e-04 -1.480000e-02 -1.090000e-02
1.955605e+05 -1.890000e-03 -1.660000e-03 3.130000e-02
1.955615e+05 -6.580000e-03 2.950000e-02 1.720000e-02
1.955625e+05 4.030000e-04 2.550000e-02 -3.960000e-02
1.955635e+05 -5.310000e-04 -1.250000e-02 -2.350000e-02
1.955645e+05 -1.420000e-03 4.480000e-02 5.390000e-02
1.955655e+05 3.640000e-04 3.610000e-02 -4.100000e-03
1.955665e+05 8.260000e-04 -4.960000e-02 -3.490000e-02
1.955675e+05 -3.610000e-06 4.710000e-02 3.460000e-02
1.955685e+05 7.930000e-03 -2.590000e-03 -4.410000e-02
1.955695e+05 -2.440000e-03 4.730000e-02 7.510000e-03
1.955705e+05 -1.540000e-03 -2.370000e-02 6.100000e-02
1.955715e+05 1.150000e-03 -5.550000e-03 1.900000e-02
1.955725e+05 -3.800000e-03 5.130000e-02 1.610000e-02
1.955735e+05 -2.850000e-04 -2.230000e-02 -3.480000e-02
1.955745e+05 2.280000e-03 -1.660000e-02 9.000000e-03
1.955755e+05 1.080000e-03 -1.710000e-02 2.750000e-03
1.955765e+05 -2.110000e-03 2.420000e-03 -6.850000e-03
1.955775e+05 -7.380000e-04 3.360000e-02 3.640000e-02
1.955785e+05 -6.960000e-04 3.340000e-02 -2.670000e-02
1.955795e+05 3.530000e-04 -4.560000e-02 -3.750000e-03
1.955805e+05 -1.950000e-03 1.210000e-02 4.720000e-03
1.955815e+05 1.940000e-03 5.350000e-03 2.360000e-02
1.955825e+05 3.370000e-04 2.110000e-03 -1.940000e-02
1.955835e+05 8.020000e-05 -8.090000e-02 -2.220000e-02
1.955845e+05 -1.200000e-03 -1.100000e-02 2.620000e-02
1.955855e+05 -2.230000e-04 -1.330000e-02 -1.790000e-03
1.955865e+05 -1.250000e-03 -9.340000e-03 5.190000e-02
1.955875e+05 -6.820000e-04 -3.570000e-04 -2.980000e-02
1.955885e+05 9.640000e-04 -3.520000e-02 -2.860000e-03
1.955895e+05 -2.210000e-04 -3.770000e-03 -1.940000e-02
1.955905e+05 -2.970000e-04 7.840000e-02 1.350000e-02
1.955915e+05 9.210000e-04 -1.920000e-02 -4.860000e-02
1.955925e+05 2.210000e-03 -4.070000e-02 -1.460000e-02
1.955935e+05 3.190000e-03 7.540000e-03 3.970000e-02
1.955945e+05 8.360000e-04 1.110000e-03 -1.840000e-02
1.955955e+05 6.690000e-04 7.220000e-02 3.200000e-02
1.955965e+05 -1.080000e-03 -8.760000e-03 6.140000e-03
1.955975e+05 -2.310000e-04 3.340000e-03 4.180000e-03
1.955985e+05 -1.040000e-03 6.030000e-02 3.090000e-02
1.955995e+05 -4.570000e-04 -7.280000e-02 -5.620000e-02
1.956005e+05 -2.640000e-03 7.880000e-02 -3.090000e-02
1.956015e+05 -5.160000e-04 -2.290000e-03 1.370000e-03
1.956025e+05 2.250000e-03 -1.830000e-02 9.680000e-03
1.956035e+05 1.770000e-03 3.330000e-02 2.350000e-02
1.956045e+05 4.490000e-04 -1.090000e-02 3.370000e-02
1.956055e+05 4.760000e-03 -7.120000e-03 9.790000e-03
1.956065e+05 2.030000e-03 -5.390000e-02 -5.970000e-02
1.956075e+05 -2.680000e-03 -3.930000e-02 4.390000e-02
1.956085e+05 -5.150000e-03 -3.600000e-02 3.500000e-02
1.956095e+05 -3.330000e-05 5.520000e-02 2.870000e-02
1.956105e+05 -1.330000e-03 2.420000e-02 -1.060000e-02
1.956115e+05 1.680000e-03 6.550000e-02 -2.080000e-02
1.956125e+05 3.020000e-03 1.520000e-02 -2.670000e-02
1.956135e+05 1.810000e-03 1.220000e-02 -4.990000e-02
1.956145e+05 -2.220000e-04 -5.280000e-02 -2.600000e-02
1.956155e+05 -3.590000e-04 -4.820000e-02 7.990000e-03
1.956165e+05 6.720000e-04 -2.550000e-02 -5.780000e-02
1.956175e+05 1.960000e-04 4.950000e-02 1.680000e-02
1.956185e+05 -4.050000e-03 -3.720000e-02 4.470000e-02
1.956195e+05 5.190000e-04 -3.990000e-02 -1.960000e-02
1.956205e+05 -1.200000e-05 8.480000e-03 -4.270000e-03
1.956215e+05 -2.910000e-04 2.980000e-02 3.680000e-02
1.956225e+05 -7.750000e-04 1.860000e-02 1.260000e-02
1.956235e+05 1.890000e-04 -3.160000e-02 -4.250000e-02
1.956245e+05 2.290000e-03 3.180000e-02 -2.530000e-02
1.956255e+05 -4.830000e-04 -1.170000e-02 -1.200000e-02
1.956265e+05 3.520000e-04 3.870000e-02 7.540000e-03
1.956275e+05 8.780000e-04 1.100000e-02 1.120000e-02
1.956285e+05 -1.910000e-04 -4.030000e-02 -2.080000e-02
1.956295e+05 9.460000e-04 8.640000e-03 9.810000e-03
1.956305e+05 -3.530000e-04 5.090000e-02 3.620000e-02
1.956315e+05 -2.330000e-03 3.380000e-03 9.340000e-02
1.956325e+05 -5.090000e-04 -2.530000e-02 2.660000e-02
1.956335e+05 -3.680000e-04 -2.530000e-02 -2.760000e-02
1.956345e+05 1.190000e-04 3.950000e-02 -3.300000e-02
1.956355e+05 6.120000e-04 -1.070000e-02 -1.900000e-02
1.956365e+05 -6.580000e-04 -7.290000e-03 2.250000e-02
